 
        ______________________________________
       |                                      |
       |          ===================         |
       |             xTB for sTDA             |
       |          ===================         |
       |               S. Grimme              |
       |        Universitaet Bonn, MCTC       |
       |         2015-19, Version 1.0         |
       |     Wed Apr  3 09:14:55 CEST 2019    |
       |______________________________________|
 
        This code comes without any warranty
        for non-commercial, academia use only.
        Preliminary test version.
        Cite this work as:
        S. Grimme  &  C. Bannwarth, JCP 145 (2016) 054103
        if GBSA is used additionally:
        P. Shushkov, F. März, C. Bannwarth, S. Grimme, unpublished.
 
        with help from
        P. Shushkov, G. Brandenburg, S. Dohm, J. Pisarek,
        F. März, M. Checinski, S. Ehrlich, S. Spicher, 
        P. Pracht, E. Caldeweyher, S. Ehlert, and C. Bannwarth.
 
        usage        :
        xtb4stda <coord_file> [options]
        where <coord_file> is a valid file of TM)
        (*coord, Bohr) or xmol (*xyz, Angstroem)
        format.

        options:
        -chrg <int>   : molecular charge
        -uhf  <int>   : # of unpaired electrons(=2*S)
        -nox          : skip second, extended part in sTDA-xTB
        -pop          : do population analysis
                      : (default for -nox)
        -mowr <real>  : cut MO write above (def.3 Eh)
        -molden       : write formatted molden file
        -parx <file>  : read parameters for sTDA-xTB
                        calc (def:~/.param_stda2.xtb)
        -parv <file>  : read parameters for vTB part in
                        sTDA-xTB (def: ~/.param_stda1.xtb)
        -xtemp <real> : el. temp for xTB (def. 0 K)
        -etemp <real> : el. temp for GFN (def. 300 K)
        -fod          : calculate the FOD and write
                        molden.input file with
                        appropriate occupations
                        for plotting. Def. T=12500 K
 
        -acc <real>   : xTB accuracy (def. 1.0)
        -gbsa [string1] [string2]
                        use GBSA implicit solvent
                        for solvent [string1] and
                        solvation state [string2]=
                        reference, bar1M (default=1M)
        additional GFN/opt/MD/siman options read from
        $XTB4STDAHOME/.xtb4stdarc or $set in input
 
       spin and charge state information can be on:
       <.CHRG> (charge) and <.UHF> (=nalpha-nbeta)
       -uhf and -chrg override the file info.
       useful machine settings:
       setenv MKL_NUM_THREADS <NCORE_ON_YOUR_MACHINE>
       setenv OMP_STACKSIZE 500m
       limit stacksize unlimited
 
       total energies in Eh, gaps/HL energies in eV
       please read REVISION and HOWTO files carefully
 =============================
  # OMP threads =          48
 =============================
 
 xtb4stdahome directory:/home/penavora/Exe_xtb_crest/
 
 
 name of molecule           :
 comment line               :
 number of atoms            :   103
 number of electrons        :   304
 charge                     :  0
 spin                       : 0.0
 first test random number   :  0.7068
 
 -----------------------------------------
      charge density (VTB) calculation
 -----------------------------------------
 
      method parameters     
 k(s)        :  1.8000
 k(p)        :  2.8350
 k(d)        :  2.0860
 k(f)        :  2.0000
 Tscal       :  0.3300
 Gscal       :  0.3910
 fpol        :  1.0000
 Zcnf        :  0.6500
 Zqf         :  0.0000
 kcn         :  0.3000
 kEN1        : -0.5900
 wllscal     :  2.6000
 
     -------------------------
     ! NO SOLVENT MODEL USED !
     -------------------------
 
 doing EN charges ...
 sum q :  0.4440892D-15
 point charge moment (au)
     X       Y       Z   
  -0.0235  -0.5724   0.0231  total (Debye):    1.457
 
            Z      q(EN)   CN      Cart. coordinates
     1  O   6.0  -0.232   1.027     0.17723     8.46209     4.27444
     2  S   6.0   0.576   4.376     0.03203     6.98691     1.99261
     3  O   6.0  -0.232   1.027    -0.00695     8.29116    -0.39463
     4  C   4.0  -0.050   3.183    -2.69072     4.97333     2.18719
     5  C   4.0  -0.080   3.231    -3.81589     4.54122     4.50266
     6  C   4.0  -0.072   3.191    -5.87720     2.94364     4.64934
     7  C   4.0  -0.005   3.227    -6.82454     1.77978     2.48172
     8  C   4.0  -0.004   3.230    -9.03152     0.10083     2.63371
     9  C   4.0  -0.073   3.191    -9.24981    -1.63748     4.60501
    10  C   4.0  -0.067   3.156   -11.30554    -3.24161     4.78946
    11  C   4.0  -0.004   3.340   -13.18906    -3.09130     2.97707
    12  C   4.0   0.003   3.408   -12.98254    -1.33954     0.99742
    13  C   4.0  -0.066   3.204   -10.92978     0.24088     0.80390
    14  C   4.0  -0.055   4.350   -15.24838    -1.50174    -0.72533
    15  C   4.0   0.002   3.411   -16.68071     0.95692    -0.94766
    16  C   4.0  -0.066   3.160   -17.76079     2.37214     0.95099
    17  C   4.0  -0.073   3.150   -19.00437     4.58928     0.30059
    18  C   4.0  -0.073   3.148   -19.15593     5.35949    -2.19966
    19  C   4.0  -0.069   3.158   -18.07081     3.93933    -4.11357
    20  C   4.0  -0.004   3.340   -16.82644     1.72579    -3.47917
    21  C   4.0  -0.004   3.340   -15.52265    -0.13150    -5.03039
    22  C   4.0  -0.069   3.158   -15.12907    -0.25311    -7.61515
    23  C   4.0  -0.073   3.148   -13.79046    -2.28425    -8.58505
    24  C   4.0  -0.073   3.150   -12.85960    -4.15967    -7.00906
    25  C   4.0  -0.066   3.160   -13.24804    -4.05146    -4.41599
    26  C   4.0   0.002   3.409   -14.57966    -2.03581    -3.44692
    27  C   4.0   0.002   3.411   -16.76800    -3.58022     0.50278
    28  C   4.0  -0.066   3.160   -19.05499    -4.56932    -0.24990
    29  C   4.0  -0.073   3.150   -20.11923    -6.48777     1.18943
    30  C   4.0  -0.073   3.148   -18.91032    -7.38723     3.33405
    31  C   4.0  -0.069   3.158   -16.60959    -6.39709     4.09640
    32  C   4.0  -0.004   3.340   -15.53576    -4.48286     2.66931
    33  C   4.0  -0.072   3.191    -5.65887     2.24804     0.16279
    34  C   4.0  -0.080   3.233    -3.58858     3.83342     0.01638
    35  C   4.0  -0.050   3.182     2.60084     4.77038     1.96870
    36  C   4.0  -0.080   3.229     3.87787     4.28227    -0.25432
    37  C   4.0  -0.072   3.192     5.83913     2.55638    -0.25639
    38  C   4.0  -0.005   3.226     6.51695     1.29933     1.95965
    39  C   4.0  -0.004   3.229     8.61009    -0.52568     1.95704
    40  C   4.0  -0.073   3.191     8.40594    -2.79221     3.29014
    41  C   4.0  -0.067   3.156    10.34536    -4.54486     3.30916
    42  C   4.0  -0.004   3.340    12.53860    -4.01396     1.98140
    43  C   4.0   0.003   3.408    12.75614    -1.73357     0.64625
    44  C   4.0  -0.066   3.204    10.82222     0.00059     0.61477
    45  C   4.0  -0.055   4.350    15.29313    -1.56461    -0.64347
    46  C   4.0   0.002   3.410    16.81771     0.71987     0.13142
    47  C   4.0  -0.066   3.160    17.58785     1.41189     2.51940
    48  C   4.0  -0.073   3.150    18.99772     3.60866     2.78772
    49  C   4.0  -0.073   3.148    19.61603     5.07016     0.70229
    50  C   4.0  -0.069   3.158    18.84314     4.37888    -1.70231
    51  C   4.0  -0.004   3.340    17.43566     2.19032    -1.98466
    52  C   4.0  -0.004   3.340    16.37164     0.99345    -4.21870
    53  C   4.0  -0.069   3.158    16.43803     1.67920    -6.74382
    54  C   4.0  -0.073   3.148    15.23128     0.14652    -8.49102
    55  C   4.0  -0.073   3.150    13.98044    -2.02938    -7.73707
    56  C   4.0  -0.066   3.160    13.90653    -2.72954    -5.20911
    57  C   4.0   0.002   3.410    15.10558    -1.21030    -3.46867
    58  C   4.0   0.002   3.411    16.49837    -4.03675     0.11316
    59  C   4.0  -0.066   3.160    18.85490    -4.94424    -0.51804
    60  C   4.0  -0.073   3.150    19.57618    -7.29227     0.40455
    61  C   4.0  -0.073   3.148    17.96389    -8.69156     1.92519
    62  C   4.0  -0.069   3.158    15.59229    -7.78463     2.56391
    63  C   4.0  -0.004   3.340    14.85941    -5.44316     1.65044
    64  C   4.0  -0.072   3.191     5.18954     1.81358     4.18002
    65  C   4.0  -0.080   3.234     3.23743     3.54786     4.18680
    66  H   1.0   0.076   1.007    -3.08305     5.50048     6.14561
    67  H   1.0   0.075   1.005    -6.79580     2.62926     6.44403
    68  H   1.0   0.075   1.005    -7.75442    -1.75734     5.98945
    69  H   1.0   0.074   1.004   -11.43434    -4.58517     6.31989
    70  H   1.0   0.076   1.006   -10.80669     1.60510    -0.70952
    71  H   1.0   0.075   1.005   -17.64307     1.76998     2.89833
    72  H   1.0   0.074   1.004   -19.86418     5.72750     1.76017
    73  H   1.0   0.074   1.004   -20.13356     7.09149    -2.65968
    74  H   1.0   0.074   1.004   -18.19364     4.54751    -6.05761
    75  H   1.0   0.074   1.004   -15.84989     1.20264    -8.85020
    76  H   1.0   0.074   1.004   -13.46688    -2.41037   -10.59679
    77  H   1.0   0.074   1.004   -11.82109    -5.72467    -7.80800
    78  H   1.0   0.075   1.005   -12.52535    -5.51317    -3.18702
    79  H   1.0   0.075   1.005   -19.99643    -3.86725    -1.91973
    80  H   1.0   0.074   1.004   -21.91174    -7.28898     0.63243
    81  H   1.0   0.074   1.004   -19.77659    -8.88030     4.42387
    82  H   1.0   0.074   1.004   -15.67501    -7.10315     5.76755
    83  H   1.0   0.075   1.005    -6.36806     1.33830    -1.52065
    84  H   1.0   0.076   1.007    -2.67355     4.23194    -1.76113
    85  H   1.0   0.076   1.007     3.32933     5.28757    -1.94099
    86  H   1.0   0.075   1.005     6.83916     2.15255    -1.98881
    87  H   1.0   0.075   1.005     6.67352    -3.20063     4.28974
    88  H   1.0   0.074   1.004    10.14642    -6.29521     4.33909
    89  H   1.0   0.076   1.006    11.02482     1.76455    -0.39211
    90  H   1.0   0.075   1.005    17.10690     0.27152     4.14323
    91  H   1.0   0.074   1.004    19.62076     4.18553     4.64360
    92  H   1.0   0.074   1.004    20.71550     6.77106     0.95790
    93  H   1.0   0.074   1.004    19.32928     5.52332    -3.32038
    94  H   1.0   0.074   1.004    17.40903     3.37193    -7.34040
    95  H   1.0   0.074   1.004    15.26439     0.65209   -10.46861
    96  H   1.0   0.074   1.004    13.05313    -3.19458    -9.13288
    97  H   1.0   0.075   1.005    12.93363    -4.42534    -4.62005
    98  H   1.0   0.075   1.005    20.11006    -3.85331    -1.70209
    99  H   1.0   0.074   1.004    21.41624    -8.03824    -0.06765
   100  H   1.0   0.074   1.004    18.56769   -10.51361     2.62016
   101  H   1.0   0.074   1.004    14.34313    -8.88068     3.74840
   102  H   1.0   0.075   1.005     5.72927     0.88228     5.91345
   103  H   1.0   0.076   1.007     2.22362     3.99995     5.89654
 
  Z AO/shell   Hii/eV     exponent
  1     Sat Feb 20 21:38:01 CET 2016    EN: 2.327 GAM: 0.473  GM3: 0.0000
     1s    -13.751157    1.051071
  6     Sat Feb 20 21:38:01 CET 2016    EN: 2.731 GAM: 0.422  GM3: 0.0000
     2s    -19.378245    2.021003
     2p    -11.993376    1.497917
  8     Sat Feb 20 21:38:01 CET 2016    EN: 3.700 GAM: 0.587  GM3: 0.0000
     2s    -21.648843    2.110798
     2p    -17.239740    2.329048
 16     Sat Feb 20 23:13:41 CET 2016    EN: 1.915 GAM: 0.389  GM3: 0.0000
     3s    -22.000000    2.671470
     3p    -15.834192    1.836978
     3d     -2.593599    1.836978
 
 dipole moment of classical point charges (au)
     X       Y       Z   
  -0.0235  -0.5724   0.0231  total (Debye):    1.457

 
 Nbf   :          304
 T(el) :   300.0
 calculating S/T integrals ...
 cpu time for ints    2.81885300000000     
 Nao   :          303
 making H0...
 making H1...
 cpu time for H      0.271418000000000     
 solving ...
 cpu time for diag    1.03174400000000     
 
 gap (eV)           :   3.078
 Koopmans IP (eV)   :  13.869
 Eel (Eh)           :  -238.737996
 T,E(Fermi),NFOD :    300.000   -12.330  0.000000
 T,E(Fermi),NFOD :    300.000   -12.330  0.000000
 Nfod               :  0.0000
 Nfod/Nel           :  0.0000

          eigenvalues
 #    :         140        141        142        143        144        145        146        147
 occ. :        2.000      2.000      2.000      2.000      2.000      2.000      2.000      2.000
 eps  :       -15.581    -15.564    -15.455    -15.331    -15.321    -15.317    -15.316    -15.287
 #    :         148        149        150        151        152        153        154        155
 occ. :        2.000      2.000      2.000      2.000      2.000      0.000      0.000      0.000
 eps  :       -15.225    -14.247    -14.235    -13.917    -13.870    -10.792     -7.969     -7.620
 #    :         156        157        158        159        160        161        162        163
 occ. :        0.000      0.000      0.000      0.000      0.000      0.000      0.000      0.000
 eps  :        -7.263     -7.261     -6.904     -6.698     -6.609     -6.240     -5.909     -5.906
                            1  SCC done.
 making H1...
 cpu time for H       1.21139600000000     
 solving ...
 cpu time for diag   0.510763000000000     
 
 gap (eV)           :   3.290
 Koopmans IP (eV)   :  13.847
 Eel (Eh)           :  -237.810834
 T,E(Fermi),NFOD :    300.000   -12.201  0.000000
 T,E(Fermi),NFOD :    300.000   -12.201  0.000000
 Nfod               :  0.0000
 Nfod/Nel           :  0.0000

          eigenvalues
 #    :         140        141        142        143        144        145        146        147
 occ. :        2.000      2.000      2.000      2.000      2.000      2.000      2.000      2.000
 eps  :       -15.327    -15.278    -15.272    -15.243    -15.238    -15.213    -15.202    -15.119
 #    :         148        149        150        151        152        153        154        155
 occ. :        2.000      2.000      2.000      2.000      2.000      0.000      0.000      0.000
 eps  :       -14.837    -14.169    -14.156    -13.882    -13.848    -10.557     -7.960     -7.610
 #    :         156        157        158        159        160        161        162        163
 occ. :        0.000      0.000      0.000      0.000      0.000      0.000      0.000      0.000
 eps  :        -7.175     -7.170     -6.831     -6.707     -6.602     -6.161     -5.842     -5.833
                            2  SCC done.
 
 
 Mulliken/CM5 charges    n(s)   n(p)   n(d)   
    1 O  -0.3430 -0.3947   1.675  4.668  0.000
    2 S   0.4130  0.4645   1.527  3.186  0.874
    3 O  -0.3420 -0.3943   1.674  4.668  0.000
    4 C  -0.0022  0.0037   1.215  2.788  0.000
    5 C  -0.0121 -0.0636   1.137  2.875  0.000
    6 C  -0.0281 -0.0815   1.143  2.885  0.000
    7 C   0.0111  0.0019   1.168  2.821  0.000
    8 C  -0.0018 -0.0108   1.166  2.835  0.000
    9 C  -0.0385 -0.0919   1.140  2.899  0.000
   10 C  -0.0325 -0.0856   1.138  2.895  0.000
   11 C  -0.0117 -0.0163   1.171  2.840  0.000
   12 C  -0.0087 -0.0132   1.192  2.816  0.000
   13 C  -0.0353 -0.0854   1.143  2.892  0.000
   14 C   0.0095  0.0071   1.207  2.784  0.000
   15 C  -0.0118 -0.0163   1.193  2.819  0.000
   16 C  -0.0332 -0.0860   1.139  2.894  0.000
   17 C  -0.0339 -0.0901   1.136  2.898  0.000
   18 C  -0.0344 -0.0905   1.135  2.899  0.000
   19 C  -0.0345 -0.0876   1.138  2.896  0.000
   20 C  -0.0137 -0.0184   1.172  2.842  0.000
   21 C  -0.0133 -0.0179   1.172  2.841  0.000
   22 C  -0.0346 -0.0878   1.138  2.896  0.000
   23 C  -0.0349 -0.0911   1.135  2.900  0.000
   24 C  -0.0351 -0.0912   1.136  2.899  0.000
   25 C  -0.0340 -0.0868   1.139  2.895  0.000
   26 C  -0.0120 -0.0166   1.193  2.819  0.000
   27 C  -0.0100 -0.0146   1.193  2.817  0.000
   28 C  -0.0323 -0.0852   1.139  2.894  0.000
   29 C  -0.0332 -0.0894   1.136  2.897  0.000
   30 C  -0.0349 -0.0911   1.135  2.900  0.000
   31 C  -0.0347 -0.0878   1.138  2.896  0.000
   32 C  -0.0134 -0.0180   1.171  2.842  0.000
   33 C  -0.0276 -0.0809   1.143  2.885  0.000
   34 C  -0.0130 -0.0645   1.137  2.876  0.000
   35 C  -0.0021  0.0038   1.214  2.788  0.000
   36 C  -0.0105 -0.0619   1.137  2.873  0.000
   37 C  -0.0267 -0.0801   1.143  2.884  0.000
   38 C   0.0111  0.0019   1.168  2.821  0.000
   39 C  -0.0018 -0.0108   1.166  2.835  0.000
   40 C  -0.0387 -0.0921   1.140  2.899  0.000
   41 C  -0.0327 -0.0857   1.138  2.895  0.000
   42 C  -0.0117 -0.0163   1.171  2.840  0.000
   43 C  -0.0087 -0.0132   1.192  2.816  0.000
   44 C  -0.0351 -0.0852   1.143  2.892  0.000
   45 C   0.0095  0.0071   1.207  2.784  0.000
   46 C  -0.0117 -0.0163   1.193  2.819  0.000
   47 C  -0.0333 -0.0861   1.139  2.895  0.000
   48 C  -0.0340 -0.0902   1.136  2.898  0.000
   49 C  -0.0344 -0.0906   1.135  2.899  0.000
   50 C  -0.0344 -0.0876   1.138  2.896  0.000
   51 C  -0.0136 -0.0182   1.172  2.842  0.000
   52 C  -0.0133 -0.0180   1.172  2.842  0.000
   53 C  -0.0346 -0.0877   1.138  2.896  0.000
   54 C  -0.0348 -0.0910   1.135  2.900  0.000
   55 C  -0.0349 -0.0911   1.136  2.899  0.000
   56 C  -0.0340 -0.0868   1.139  2.895  0.000
   57 C  -0.0121 -0.0166   1.193  2.819  0.000
   58 C  -0.0099 -0.0145   1.193  2.817  0.000
   59 C  -0.0323 -0.0851   1.139  2.894  0.000
   60 C  -0.0332 -0.0894   1.136  2.897  0.000
   61 C  -0.0349 -0.0911   1.135  2.900  0.000
   62 C  -0.0348 -0.0879   1.138  2.896  0.000
   63 C  -0.0134 -0.0180   1.171  2.842  0.000
   64 C  -0.0288 -0.0823   1.143  2.886  0.000
   65 C  -0.0147 -0.0663   1.137  2.878  0.000
   66 H   0.0511  0.1129   0.949  0.000  0.000
   67 H   0.0473  0.1056   0.953  0.000  0.000
   68 H   0.0416  0.0999   0.958  0.000  0.000
   69 H   0.0431  0.1003   0.957  0.000  0.000
   70 H   0.0422  0.1019   0.958  0.000  0.000
   71 H   0.0402  0.0981   0.960  0.000  0.000
   72 H   0.0413  0.0978   0.959  0.000  0.000
   73 H   0.0413  0.0978   0.959  0.000  0.000
   74 H   0.0400  0.0973   0.960  0.000  0.000
   75 H   0.0403  0.0975   0.960  0.000  0.000
   76 H   0.0411  0.0976   0.959  0.000  0.000
   77 H   0.0409  0.0975   0.959  0.000  0.000
   78 H   0.0401  0.0979   0.960  0.000  0.000
   79 H   0.0409  0.0988   0.959  0.000  0.000
   80 H   0.0413  0.0978   0.959  0.000  0.000
   81 H   0.0411  0.0976   0.959  0.000  0.000
   82 H   0.0396  0.0968   0.960  0.000  0.000
   83 H   0.0480  0.1063   0.952  0.000  0.000
   84 H   0.0496  0.1106   0.950  0.000  0.000
   85 H   0.0515  0.1135   0.948  0.000  0.000
   86 H   0.0484  0.1067   0.952  0.000  0.000
   87 H   0.0415  0.0998   0.958  0.000  0.000
   88 H   0.0430  0.1003   0.957  0.000  0.000
   89 H   0.0424  0.1020   0.958  0.000  0.000
   90 H   0.0402  0.0980   0.960  0.000  0.000
   91 H   0.0412  0.0977   0.959  0.000  0.000
   92 H   0.0412  0.0978   0.959  0.000  0.000
   93 H   0.0401  0.0973   0.960  0.000  0.000
   94 H   0.0402  0.0975   0.960  0.000  0.000
   95 H   0.0411  0.0976   0.959  0.000  0.000
   96 H   0.0410  0.0975   0.959  0.000  0.000
   97 H   0.0401  0.0979   0.960  0.000  0.000
   98 H   0.0409  0.0988   0.959  0.000  0.000
   99 H   0.0413  0.0978   0.959  0.000  0.000
  100 H   0.0411  0.0976   0.959  0.000  0.000
  101 H   0.0396  0.0968   0.960  0.000  0.000
  102 H   0.0469  0.1052   0.953  0.000  0.000
  103 H   0.0487  0.1095   0.951  0.000  0.000
 Hirshfeld charges for QMDFF written to <charges>
 
 Loewdin charges    n(s)   n(p)   n(d)
    1 O  -0.3004   1.645  4.656  0.000
    2 S   0.3111   1.500  3.182  1.007
    3 O  -0.2993   1.644  4.655  0.000
    4 C   0.0170   1.170  2.813  0.000
    5 C  -0.0074   1.084  2.924  0.000
    6 C  -0.0226   1.090  2.933  0.000
    7 C   0.0168   1.124  2.859  0.000
    8 C   0.0041   1.123  2.873  0.000
    9 C  -0.0338   1.087  2.947  0.000
   10 C  -0.0273   1.084  2.943  0.000
   11 C  -0.0091   1.129  2.880  0.000
   12 C  -0.0063   1.152  2.854  0.000
   13 C  -0.0334   1.091  2.942  0.000
   14 C   0.0143   1.166  2.820  0.000
   15 C  -0.0095   1.153  2.857  0.000
   16 C  -0.0283   1.085  2.943  0.000
   17 C  -0.0262   1.082  2.944  0.000
   18 C  -0.0267   1.081  2.946  0.000
   19 C  -0.0297   1.085  2.945  0.000
   20 C  -0.0110   1.129  2.882  0.000
   21 C  -0.0105   1.129  2.881  0.000
   22 C  -0.0298   1.085  2.945  0.000
   23 C  -0.0272   1.081  2.947  0.000
   24 C  -0.0274   1.082  2.946  0.000
   25 C  -0.0290   1.085  2.944  0.000
   26 C  -0.0097   1.152  2.857  0.000
   27 C  -0.0078   1.153  2.855  0.000
   28 C  -0.0275   1.085  2.942  0.000
   29 C  -0.0255   1.082  2.944  0.000
   30 C  -0.0272   1.081  2.947  0.000
   31 C  -0.0299   1.085  2.945  0.000
   32 C  -0.0105   1.129  2.882  0.000
   33 C  -0.0222   1.090  2.933  0.000
   34 C  -0.0081   1.083  2.925  0.000
   35 C   0.0170   1.170  2.813  0.000
   36 C  -0.0058   1.084  2.922  0.000
   37 C  -0.0213   1.090  2.932  0.000
   38 C   0.0168   1.124  2.859  0.000
   39 C   0.0041   1.123  2.873  0.000
   40 C  -0.0340   1.087  2.947  0.000
   41 C  -0.0274   1.084  2.943  0.000
   42 C  -0.0091   1.129  2.880  0.000
   43 C  -0.0062   1.152  2.854  0.000
   44 C  -0.0332   1.091  2.942  0.000
   45 C   0.0143   1.166  2.820  0.000
   46 C  -0.0094   1.152  2.857  0.000
   47 C  -0.0284   1.085  2.943  0.000
   48 C  -0.0263   1.082  2.945  0.000
   49 C  -0.0267   1.081  2.946  0.000
   50 C  -0.0296   1.085  2.945  0.000
   51 C  -0.0108   1.129  2.882  0.000
   52 C  -0.0106   1.129  2.881  0.000
   53 C  -0.0297   1.085  2.945  0.000
   54 C  -0.0271   1.081  2.946  0.000
   55 C  -0.0272   1.082  2.945  0.000
   56 C  -0.0290   1.085  2.944  0.000
   57 C  -0.0098   1.153  2.857  0.000
   58 C  -0.0077   1.153  2.855  0.000
   59 C  -0.0274   1.085  2.942  0.000
   60 C  -0.0255   1.082  2.944  0.000
   61 C  -0.0272   1.081  2.947  0.000
   62 C  -0.0300   1.085  2.945  0.000
   63 C  -0.0105   1.129  2.882  0.000
   64 C  -0.0235   1.090  2.934  0.000
   65 C  -0.0099   1.083  2.926  0.000
   66 H   0.0412   0.959  0.000  0.000
   67 H   0.0388   0.961  0.000  0.000
   68 H   0.0340   0.966  0.000  0.000
   69 H   0.0350   0.965  0.000  0.000
   70 H   0.0338   0.966  0.000  0.000
   71 H   0.0320   0.968  0.000  0.000
   72 H   0.0336   0.966  0.000  0.000
   73 H   0.0336   0.966  0.000  0.000
   74 H   0.0322   0.968  0.000  0.000
   75 H   0.0324   0.968  0.000  0.000
   76 H   0.0334   0.967  0.000  0.000
   77 H   0.0333   0.967  0.000  0.000
   78 H   0.0318   0.968  0.000  0.000
   79 H   0.0325   0.967  0.000  0.000
   80 H   0.0336   0.966  0.000  0.000
   81 H   0.0334   0.967  0.000  0.000
   82 H   0.0318   0.968  0.000  0.000
   83 H   0.0394   0.961  0.000  0.000
   84 H   0.0400   0.960  0.000  0.000
   85 H   0.0415   0.958  0.000  0.000
   86 H   0.0397   0.960  0.000  0.000
   87 H   0.0340   0.966  0.000  0.000
   88 H   0.0349   0.965  0.000  0.000
   89 H   0.0339   0.966  0.000  0.000
   90 H   0.0319   0.968  0.000  0.000
   91 H   0.0335   0.966  0.000  0.000
   92 H   0.0336   0.966  0.000  0.000
   93 H   0.0322   0.968  0.000  0.000
   94 H   0.0323   0.968  0.000  0.000
   95 H   0.0335   0.967  0.000  0.000
   96 H   0.0333   0.967  0.000  0.000
   97 H   0.0318   0.968  0.000  0.000
   98 H   0.0325   0.967  0.000  0.000
   99 H   0.0336   0.966  0.000  0.000
  100 H   0.0334   0.967  0.000  0.000
  101 H   0.0318   0.968  0.000  0.000
  102 H   0.0385   0.962  0.000  0.000
  103 H   0.0393   0.961  0.000  0.000
 
 Wiberg/Mayer (AO) data. WBOs > 0.1 written file <wbo>
 largest (>0.05) Wiberg bond orders for each atom
           total WBO             WBO to atom ...
     1  O   2.069    S    2 1.765    O    3 0.118    C    4 0.066    C   35 0.066
     2  S   5.180    O    3 1.766    O    1 1.765    C    4 0.752    C   35 0.751
     3  O   2.070    S    2 1.766    O    1 0.118    C   35 0.066    C    4 0.066
     4  C   3.906    C    5 1.406    C   34 1.405    S    2 0.752    C    7 0.101    O    3 0.066    O    1 0.066
     5  C   3.969    C    6 1.431    C    4 1.406    H   66 0.944    C   33 0.107
     6  C   3.966    C    5 1.431    C    7 1.371    H   67 0.941    C   34 0.107
     7  C   3.954    C    6 1.371    C   33 1.370    C    8 1.003    C    4 0.101
     8  C   3.933    C    9 1.372    C   13 1.350    C    7 1.003    C   11 0.095
     9  C   3.967    C   10 1.444    C    8 1.372    H   68 0.944    C   12 0.099
    10  C   3.957    C    9 1.444    C   11 1.373    H   69 0.943    C   13 0.094
    11  C   3.950    C   10 1.373    C   12 1.299    C   32 1.040    C    8 0.095
    12  C   3.942    C   13 1.446    C   11 1.299    C   14 0.927    C    9 0.099
    13  C   3.967    C   12 1.446    C    8 1.350    H   70 0.945    C   10 0.094
    14  C   3.931    C   26 0.927    C   27 0.927    C   12 0.927    C   15 0.926
    15  C   3.944    C   16 1.433    C   20 1.308    C   14 0.926    C   18 0.105
    16  C   3.971    C   15 1.433    C   17 1.410    H   71 0.946    C   19 0.101
    17  C   3.954    C   18 1.433    C   16 1.410    H   72 0.946    C   20 0.101
    18  C   3.971    C   17 1.433    C   19 1.431    H   73 0.945    C   15 0.105
    19  C   3.960    C   18 1.431    C   20 1.380    H   74 0.945    C   16 0.101
    20  C   3.955    C   19 1.380    C   15 1.308    C   21 1.036    C   17 0.101
    21  C   3.955    C   22 1.380    C   26 1.307    C   20 1.036    C   24 0.101
    22  C   3.960    C   23 1.431    C   21 1.380    H   75 0.945    C   25 0.101
    23  C   3.971    C   24 1.433    C   22 1.431    H   76 0.945    C   26 0.105
    24  C   3.954    C   23 1.433    C   25 1.410    H   77 0.946    C   21 0.101
    25  C   3.971    C   26 1.433    C   24 1.410    H   78 0.946    C   22 0.101
    26  C   3.944    C   25 1.433    C   21 1.307    C   14 0.927    C   23 0.105
    27  C   3.942    C   28 1.433    C   32 1.306    C   14 0.927    C   30 0.105
    28  C   3.971    C   27 1.433    C   29 1.410    H   79 0.946    C   31 0.100
    29  C   3.952    C   30 1.431    C   28 1.410    H   80 0.946    C   32 0.101
    30  C   3.971    C   31 1.432    C   29 1.431    H   81 0.945    C   27 0.105
    31  C   3.958    C   30 1.432    C   32 1.378    H   82 0.945    C   28 0.100
    32  C   3.954    C   31 1.378    C   27 1.306    C   11 1.040    C   29 0.101
    33  C   3.966    C   34 1.432    C    7 1.370    H   83 0.941    C    5 0.107
    34  C   3.970    C   33 1.432    C    4 1.405    H   84 0.945    C    6 0.107
    35  C   3.906    C   36 1.407    C   65 1.404    S    2 0.751    C   38 0.101    O    3 0.066    O    1 0.066
    36  C   3.969    C   37 1.430    C   35 1.407    H   85 0.943    C   64 0.106
    37  C   3.966    C   36 1.430    C   38 1.372    H   86 0.941    C   65 0.107
    38  C   3.954    C   37 1.372    C   64 1.369    C   39 1.004    C   35 0.101
    39  C   3.933    C   40 1.372    C   44 1.350    C   38 1.004    C   42 0.095
    40  C   3.967    C   41 1.444    C   39 1.372    H   87 0.944    C   43 0.099
    41  C   3.957    C   40 1.444    C   42 1.373    H   88 0.943    C   44 0.094
    42  C   3.950    C   41 1.373    C   43 1.299    C   63 1.040    C   39 0.095
    43  C   3.942    C   44 1.447    C   42 1.299    C   45 0.927    C   40 0.099
    44  C   3.967    C   43 1.447    C   39 1.350    H   89 0.945    C   41 0.094
    45  C   3.931    C   58 0.927    C   57 0.927    C   46 0.927    C   43 0.927
    46  C   3.944    C   47 1.433    C   51 1.308    C   45 0.927    C   49 0.105
    47  C   3.971    C   46 1.433    C   48 1.410    H   90 0.946    C   50 0.101
    48  C   3.954    C   49 1.433    C   47 1.410    H   91 0.946    C   51 0.101
    49  C   3.971    C   48 1.433    C   50 1.431    H   92 0.945    C   46 0.105
    50  C   3.960    C   49 1.431    C   51 1.380    H   93 0.945    C   47 0.101
    51  C   3.955    C   50 1.380    C   46 1.308    C   52 1.036    C   48 0.101
    52  C   3.955    C   53 1.380    C   57 1.308    C   51 1.036    C   55 0.101
    53  C   3.960    C   54 1.431    C   52 1.380    H   94 0.945    C   56 0.101
    54  C   3.971    C   55 1.433    C   53 1.431    H   95 0.945    C   57 0.105
    55  C   3.954    C   54 1.433    C   56 1.410    H   96 0.946    C   52 0.101
    56  C   3.971    C   57 1.433    C   55 1.410    H   97 0.946    C   53 0.101
    57  C   3.944    C   56 1.433    C   52 1.308    C   45 0.927    C   54 0.105
    58  C   3.942    C   59 1.433    C   63 1.305    C   45 0.927    C   61 0.105
    59  C   3.971    C   58 1.433    C   60 1.410    H   98 0.946    C   62 0.100
    60  C   3.952    C   61 1.431    C   59 1.410    H   99 0.946    C   63 0.101
    61  C   3.971    C   62 1.432    C   60 1.431    H  100 0.945    C   58 0.105
    62  C   3.958    C   61 1.432    C   63 1.378    H  101 0.945    C   59 0.100
    63  C   3.953    C   62 1.378    C   58 1.305    C   42 1.040    C   60 0.101
    64  C   3.966    C   65 1.433    C   38 1.369    H  102 0.941    C   36 0.106
    65  C   3.970    C   64 1.433    C   35 1.404    H  103 0.945    C   37 0.107
    66  H   0.996    C    5 0.944
    67  H   0.994    C    6 0.941
    68  H   0.994    C    9 0.944
    69  H   0.995    C   10 0.943
    70  H   0.997    C   13 0.945
    71  H   0.997    C   16 0.946
    72  H   0.997    C   17 0.946
    73  H   0.994    C   18 0.945
    74  H   0.997    C   19 0.945
    75  H   0.997    C   22 0.945
    76  H   0.994    C   23 0.945
    77  H   0.997    C   24 0.946
    78  H   0.997    C   25 0.946
    79  H   0.997    C   28 0.946
    80  H   0.997    C   29 0.946
    81  H   0.994    C   30 0.945
    82  H   0.997    C   31 0.945
    83  H   0.994    C   33 0.941
    84  H   0.996    C   34 0.945
    85  H   0.996    C   36 0.943
    86  H   0.994    C   37 0.941
    87  H   0.994    C   40 0.944
    88  H   0.995    C   41 0.943
    89  H   0.997    C   44 0.945
    90  H   0.997    C   47 0.946
    91  H   0.997    C   48 0.946
    92  H   0.994    C   49 0.945
    93  H   0.997    C   50 0.945
    94  H   0.997    C   53 0.945
    95  H   0.994    C   54 0.945
    96  H   0.997    C   55 0.946
    97  H   0.997    C   56 0.946
    98  H   0.997    C   59 0.946
    99  H   0.997    C   60 0.946
   100  H   0.994    C   61 0.945
   101  H   0.997    C   62 0.945
   102  H   0.994    C   64 0.941
   103  H   0.996    C   65 0.945
 
 --------------------------------------------
          xTB calculation for sTDA...
 --------------------------------------------
 
 reading parameter file /home/penavora/Exe_xtb_crest/.param_stda2.xtb
 
      method parameters     
 k(s)        :  1.6000
 k(p)        :  2.1800
 k(d)        :  1.9500
 k(f)        :  2.0000
 k(R-V)      :  2.2750
 k(R-R)      :  1.7650
 Tscal       :  0.2580
 Gscal       :  1.0000
 fpol        :  1.0000
 Zcnf        :  0.3430
 Zqf         :  0.0000
 kcn         :  2.7000
 Ryd Hsplit  :  0.7000
 lshift(virt):  3.1000
 lshift(OS)  :  0.2000
 wllscaling  :  2.6000
 
 mowrcut     : 3.000
 
  Z AO/shell   Hii/eV     exponent
  1     Sun Feb 14 09:53:25 CET 2016    EN: 2.327 GAM: 0.473  GM3: 0.0000
     1s    -14.339618    1.220000
     2sp    -3.348946    0.600000
  6     Sun Feb 14 09:53:25 CET 2016    EN: 2.731 GAM: 0.422  GM3: 0.0000
     2s    -22.009312    1.565095
     2p    -13.020408    1.596905
     3sp    -3.914040    0.824500
  8     Sun Feb 14 09:53:25 CET 2016    EN: 3.700 GAM: 0.587  GM3: 0.0000
     2s    -33.859000    2.418661
     2p    -22.175911    1.973969
     3sp    -4.259392    1.013700
 16     Sun Feb 21 16:35:57 CET 2016    EN: 1.915 GAM: 0.200  GM3: 0.0000
     3s    -17.898811    2.619580
     3p    -15.317401    1.798798
     4sp    -4.455139    0.843200
 
 Nbf   :          710
 T(el) :     0.0
 calculating S/T integrals ...
 cpu time for ints    5.71617600000000     
 Nao   :          710
 making H0...
 making H1...
 cpu time for H      1.418199999999992E-002
 solving ...
 cpu time for diag   0.970943999999999     
 
 gap (eV)           :   7.758
 Koopmans IP (eV)   :  15.000
 Eel (Eh)           :  -261.477537

          eigenvalues
 #    :         140        141        142        143        144        145        146        147
 occ. :        2.000      2.000      2.000      2.000      2.000      2.000      2.000      2.000
 eps  :       -16.274    -16.234    -16.107    -16.101    -16.060    -16.054    -16.009    -16.005
 #    :         148        149        150        151        152        153        154        155
 occ. :        2.000      2.000      2.000      2.000      2.000      0.000      0.000      0.000
 eps  :       -15.618    -15.234    -15.223    -15.024    -15.001     -7.242     -7.195     -6.864
 #    :         156        157        158        159        160        161        162        163
 occ. :        0.000      0.000      0.000      0.000      0.000      0.000      0.000      0.000
 eps  :        -6.858     -6.089     -6.070     -6.026     -5.997     -5.987     -5.948     -5.919
                            1  SCC done.
 writing mo output ...
 molden style : F
 
speedup 16.74
cpu  time for all   13.93 s
wall time for all    0.83 s
