  32
 Etot=         -58.5296529955
 N          6.0037863166        1.9874622933       -0.0002408309
 C          5.0147831617        1.4094238296       -0.0001080409
 C          3.7836216076        0.7114134137        0.0000061760
 C          2.5939188119        1.4057064556        0.0000394679
 C          1.3722966642        0.7136684127        0.0000621092
 N          0.2186033201        1.4295622925        0.0000811541
 C         -0.8769732007        0.7282312591        0.0000585094
 C         -0.8769735348       -0.7282299039        0.0000211588
 N          0.2186027376       -1.4295609742        0.0000148472
 C          1.3722959515       -0.7136668516        0.0000389653
 C          2.5939172147       -1.4057056128        0.0000379145
 C          3.7836204459       -0.7114131740        0.0000262823
 C          5.0147753574       -1.4094305557        0.0000511192
 N          6.0037458855       -1.9874693604        0.0000891567
 C         -2.2587976390       -1.1768382198       -0.0000175660
 C         -2.8901570934       -2.3960560679       -0.0000616188
 C         -4.2970703387       -2.4160663215       -0.0000917323
 C         -5.0589873471       -1.2712492823       -0.0000825199
 C         -4.4412634386        0.0000009631       -0.0000274004
 C         -5.0589869844        1.2712514003       -0.0000101529
 C         -4.2970696883        2.4160682850        0.0000290013
 C         -2.8901564058        2.3960576744        0.0000554655
 C         -2.2587972880        1.1768396438        0.0000455240
 C         -3.0438553313        0.0000007917        0.0000027730
 H          2.5783055327        2.4849270534        0.0000335392
 H          2.5783027629       -2.4849263099        0.0000437894
 H         -2.3301657207       -3.3181241901       -0.0000632607
 H         -4.7934470395       -3.3756464970       -0.0001336231
 H         -6.1373081692       -1.3372603767       -0.0001319030
 H         -6.1373078289        1.3372627873       -0.0000299733
 H         -4.7934461416        3.3756486157        0.0000551521
 H         -2.3301647263        3.3181256464        0.0001010374
  32
 Etot=         -58.5296529575
 N          6.0037171777        1.9874204800       -0.0002396268
 C          5.0148464412        1.4094661193       -0.0001074681
 C          3.7836320497        0.7114087096        0.0000044020
 C          2.5939106499        1.4057081710        0.0000390738
 C          1.3723072663        0.7136607913        0.0000618935
 N          0.2185918958        1.4295659443        0.0000804682
 C         -0.8769720712        0.7282477372        0.0000583422
 C         -0.8769726385       -0.7282462565        0.0000201412
 N          0.2185916637       -1.4295644828        0.0000155555
 C          1.3723060553       -0.7136593181        0.0000393571
 C          2.5939098421       -1.4057065980        0.0000384324
 C          3.7836248106       -0.7114061978        0.0000270002
 C          5.0147494440       -1.4094206074        0.0000506544
 N          6.0037726917       -1.9874832585        0.0000887631
 C         -2.2587954982       -1.1768355811       -0.0000161918
 C         -2.8901547430       -2.3960535981       -0.0000597470
 C         -4.2970718949       -2.4160677886       -0.0000928530
 C         -5.0589893278       -1.2712495481       -0.0000833586
 C         -4.4412585216        0.0000009971       -0.0000286799
 C         -5.0589889835        1.2712517197       -0.0000105957
 C         -4.2970712429        2.4160697236        0.0000305741
 C         -2.8901540899        2.3960551906        0.0000576863
 C         -2.2587951978        1.1768371016        0.0000456541
 C         -3.0438563057        0.0000008537        0.0000018173
 H          2.5783046214        2.4849269341        0.0000334681
 H          2.5783020159       -2.4849260472        0.0000436563
 H         -2.3301664412       -3.3181251373       -0.0000641234
 H         -4.7934459457       -3.3756475834       -0.0001334895
 H         -6.1373078671       -1.3372589014       -0.0001305363
 H         -6.1373074884        1.3372613115       -0.0000298181
 H         -4.7934450412        3.3756496746        0.0000540804
 H         -2.3301654728        3.3181265650        0.0000999882
  32
 Etot=         -58.5296529962
 N          6.0037329121        1.9874495620       -0.0001745648
 C          5.0147866246        1.4094409882       -0.0001093679
 C          3.7836254832        0.7114133343       -0.0000111017
 C          2.5939154369        1.4057061324        0.0000227213
 C          1.3723007310        0.7136674956        0.0000518746
 N          0.2185990101        1.4295685380        0.0000676029
 C         -0.8769717298        0.7282410487        0.0000533235
 C         -0.8769725029       -0.7282376000        0.0000230540
 N          0.2185981328       -1.4295659871        0.0000244913
 C          1.3722999759       -0.7136622837        0.0000424040
 C          2.5939140604       -1.4057017420        0.0000441907
 C          3.7836313433       -0.7114121180        0.0000241341
 C          5.0147662836       -1.4094352685        0.0000418656
 N          6.0037678660       -1.9874922617        0.0000674782
 C         -2.2587935607       -1.1768367229       -0.0000094376
 C         -2.8901543960       -2.3960534936       -0.0000516890
 C         -4.2970688752       -2.4160674588       -0.0000964626
 C         -5.0589851566       -1.2712475876       -0.0000884618
 C         -4.4412555821        0.0000014788       -0.0000363542
 C         -5.0589852094        1.2712503932       -0.0000109307
 C         -4.2970698505        2.4160700981        0.0000413448
 C         -2.8901540324        2.3960564540        0.0000717668
 C         -2.2587941905        1.1768395458        0.0000515342
 C         -3.0438508485        0.0000017138       -0.0000002520
 H          2.5782961548        2.4849266579        0.0000179251
 H          2.5782955052       -2.4849226914        0.0000504902
 H         -2.3301672259       -3.3181248523       -0.0000716284
 H         -4.7934397092       -3.3756510415       -0.0001322983
 H         -6.1373059449       -1.3372494721       -0.0001070512
 H         -6.1373057662        1.3372523314       -0.0000324078
 H         -4.7934394600        3.3756537578        0.0000397358
 H         -2.3301676254        3.3181281709        0.0000905912
