 
        ______________________________________
       |                                      |
       |          ===================         |
       |             xTB for sTDA             |
       |          ===================         |
       |               S. Grimme              |
       |        Universitaet Bonn, MCTC       |
       |         2015-19, Version 1.0         |
       |     Wed Apr  3 09:14:55 CEST 2019    |
       |______________________________________|
 
        This code comes without any warranty
        for non-commercial, academia use only.
        Preliminary test version.
        Cite this work as:
        S. Grimme  &  C. Bannwarth, JCP 145 (2016) 054103
        if GBSA is used additionally:
        P. Shushkov, F. März, C. Bannwarth, S. Grimme, unpublished.
 
        with help from
        P. Shushkov, G. Brandenburg, S. Dohm, J. Pisarek,
        F. März, M. Checinski, S. Ehrlich, S. Spicher, 
        P. Pracht, E. Caldeweyher, S. Ehlert, and C. Bannwarth.
 
        usage        :
        xtb4stda <coord_file> [options]
        where <coord_file> is a valid file of TM)
        (*coord, Bohr) or xmol (*xyz, Angstroem)
        format.

        options:
        -chrg <int>   : molecular charge
        -uhf  <int>   : # of unpaired electrons(=2*S)
        -nox          : skip second, extended part in sTDA-xTB
        -pop          : do population analysis
                      : (default for -nox)
        -mowr <real>  : cut MO write above (def.3 Eh)
        -molden       : write formatted molden file
        -parx <file>  : read parameters for sTDA-xTB
                        calc (def:~/.param_stda2.xtb)
        -parv <file>  : read parameters for vTB part in
                        sTDA-xTB (def: ~/.param_stda1.xtb)
        -xtemp <real> : el. temp for xTB (def. 0 K)
        -etemp <real> : el. temp for GFN (def. 300 K)
        -fod          : calculate the FOD and write
                        molden.input file with
                        appropriate occupations
                        for plotting. Def. T=12500 K
 
        -acc <real>   : xTB accuracy (def. 1.0)
        -gbsa [string1] [string2]
                        use GBSA implicit solvent
                        for solvent [string1] and
                        solvation state [string2]=
                        reference, bar1M (default=1M)
        additional GFN/opt/MD/siman options read from
        $XTB4STDAHOME/.xtb4stdarc or $set in input
 
       spin and charge state information can be on:
       <.CHRG> (charge) and <.UHF> (=nalpha-nbeta)
       -uhf and -chrg override the file info.
       useful machine settings:
       setenv MKL_NUM_THREADS <NCORE_ON_YOUR_MACHINE>
       setenv OMP_STACKSIZE 500m
       limit stacksize unlimited
 
       total energies in Eh, gaps/HL energies in eV
       please read REVISION and HOWTO files carefully
 =============================
  # OMP threads =          48
 =============================
 
 xtb4stdahome directory:/home/penavora/Exe_xtb_crest/
 
 argument            1 :--gbsa
 argument            2 :toluene
 
 name of molecule           :
 comment line               :
 number of atoms            :    78
 number of electrons        :   234
 charge                     :  0
 spin                       : 0.0
 first test random number   :  0.6406
 
 -----------------------------------------
      charge density (VTB) calculation
 -----------------------------------------
 
      method parameters     
 k(s)        :  1.8000
 k(p)        :  2.8350
 k(d)        :  2.0860
 k(f)        :  2.0000
 Tscal       :  0.3300
 Gscal       :  0.3910
 fpol        :  1.0000
 Zcnf        :  0.6500
 Zqf         :  0.0000
 kcn         :  0.3000
 kEN1        : -0.5900
 wllscal     :  2.6000
 
 Solvent             : toluene
 GBSA parameter file : /home/penavora/Exe_xtb_crest/.param_gbsa_toluene
 Gsolv ref. state (COSMO-RS): gsolv [1 M gas/solution]
 temperature (mdtemp)       :    298.150000000000     
 dielectric constant        :    7.00000000000000     
 rho                        :   0.867000000000000     
 mass                       :    92.1400000000000     
 surface tension            :    15.5689470637553     
 probe radius               :   0.641644990000000     
 vdW radii scaling          :    1.00000000000000     
 Gshift (Eh)                :   4.228772547061559E-003
 c1                         :    1.59772343000000     
 soset                      :   0.281999450000000     
 HB correction              :  F
 
 doing EN charges ...
 sum q : -0.1887379D-14
 point charge moment (au)
     X       Y       Z   
   0.1370  -0.2057  -0.1158  total (Debye):    0.694
 
            Z      q(EN)   CN      Cart. coordinates
     1  N   5.0  -0.452   3.084   -12.87916    -6.39941     0.15298
     2  C   4.0   0.101   3.155   -10.44233    -5.67666     0.69898
     3  C   4.0  -0.070   3.175    -8.43778    -7.39362     0.46818
     4  C   4.0  -0.071   3.173    -5.99615    -6.61464     0.86837
     5  C   4.0   0.057   3.177    -5.35958    -4.12125     1.51037
     6  C   4.0   0.069   3.274    -7.40756    -2.44150     1.78742
     7  C   4.0  -0.066   3.211    -9.89088    -3.20567     1.38277
     8  O   6.0  -0.159   2.113    -7.18423     0.03602     2.47525
     9  C   4.0   0.073   3.267    -4.92295     1.05699     3.11959
    10  C   4.0  -0.066   3.204    -4.92523     3.55088     3.91515
    11  C   4.0   0.101   3.163    -2.66247     4.70442     4.62133
    12  N   5.0  -0.454   3.089    -2.66347     7.14336     5.51881
    13  C   4.0  -0.066   3.203    -0.41348     3.32987     4.52857
    14  C   4.0   0.073   3.269    -0.44272     0.85011     3.69802
    15  C   4.0   0.063   3.243    -2.68554    -0.35339     2.96388
    16  B   3.0  -0.185   3.198    -2.68598    -3.05418     1.97028
    17  C   4.0   0.056   3.176     0.00351    -4.10703     1.50675
    18  C   4.0  -0.071   3.174     0.66089    -6.30074     0.17062
    19  C   4.0  -0.069   3.177     3.11562    -6.91869    -0.42009
    20  C   4.0   0.096   3.202     5.10603    -5.36624     0.37733
    21  N   5.0  -0.386   3.171     7.53462    -5.81362    -0.49289
    22  C   4.0   0.095   3.219     9.52970    -4.10775    -0.56289
    23  C   4.0  -0.069   3.181    11.95826    -4.95136    -0.14313
    24  C   4.0  -0.071   3.135    13.99694    -3.26506    -0.05423
    25  C   4.0  -0.072   3.170    13.61411    -0.72073    -0.27846
    26  C   4.0  -0.004   3.248    11.16881     0.22908    -0.77278
    27  C   4.0  -0.071   3.217    10.66577     2.82555    -0.94633
    28  C   4.0  -0.004   3.241     8.25184     3.74549    -1.34494
    29  C   4.0  -0.071   3.160     7.72925     6.40333    -1.26046
    30  C   4.0  -0.071   3.163     5.35811     7.29324    -1.50400
    31  C   4.0  -0.004   3.239     3.24832     5.63850    -1.90375
    32  C   4.0  -0.071   3.217     0.81851     6.57334    -1.98315
    33  C   4.0  -0.004   3.242    -1.28912     4.99675    -2.36081
    34  C   4.0  -0.071   3.213    -3.76382     5.90675    -2.40641
    35  C   4.0  -0.005   3.247    -5.80769     4.31249    -2.83337
    36  C   4.0  -0.072   3.172    -8.33436     5.21071    -2.89335
    37  C   4.0  -0.072   3.136   -10.29611     3.61208    -3.34836
    38  C   4.0  -0.072   3.138    -9.85502     1.01508    -3.77758
    39  C   4.0  -0.072   3.178    -7.46314     0.07490    -3.72330
    40  C   4.0  -0.005   3.251    -5.36498     1.67379    -3.24380
    41  C   4.0  -0.071   3.222    -2.90516     0.75739    -3.16512
    42  C   4.0  -0.004   3.249    -0.85239     2.35183    -2.72620
    43  C   4.0  -0.072   3.224     1.64142     1.42818    -2.61878
    44  C   4.0  -0.003   3.257     3.68799     2.97678    -2.19021
    45  C   4.0  -0.003   3.263     6.24359     2.02324    -1.86513
    46  C   4.0  -0.073   3.243     6.78196    -0.53042    -1.87806
    47  C   4.0  -0.002   3.285     9.12602    -1.49013    -1.09847
    48  C   4.0  -0.067   3.229     4.54276    -3.33107     1.93806
    49  C   4.0   0.068   3.279     2.04515    -2.63236     2.36813
    50  O   6.0  -0.158   2.112     1.80856    -0.38068     3.60993
    51  H   1.0   0.172   1.007   -13.25288    -8.26487     0.21177
    52  H   1.0   0.172   1.007   -14.26994    -5.27972     0.81262
    53  H   1.0   0.074   1.004    -8.83943    -9.33496    -0.02344
    54  H   1.0   0.076   1.006    -4.49951    -7.99051     0.71696
    55  H   1.0   0.076   1.005   -11.38139    -1.83124     1.61541
    56  H   1.0   0.076   1.005    -6.68224     4.58325     3.98390
    57  H   1.0   0.172   1.007    -0.99184     8.05252     5.51504
    58  H   1.0   0.172   1.007    -4.17002     8.21558     5.07033
    59  H   1.0   0.076   1.005     1.35437     4.19105     5.06928
    60  H   1.0   0.076   1.006    -0.83250    -7.49980    -0.52679
    61  H   1.0   0.075   1.005     3.52009    -8.56167    -1.56458
    62  H   1.0   0.172   1.015     7.98777    -7.63809    -0.82430
    63  H   1.0   0.074   1.005    12.29074    -6.94056     0.18521
    64  H   1.0   0.074   1.004    15.87100    -4.00130     0.28303
    65  H   1.0   0.075   1.005    15.16307     0.59365    -0.08326
    66  H   1.0   0.075   1.005    12.20782     4.14160    -0.68599
    67  H   1.0   0.074   1.005     9.29871     7.67228    -0.94363
    68  H   1.0   0.074   1.005     4.97687     9.29735    -1.38704
    69  H   1.0   0.075   1.005     0.50872     8.57966    -1.74031
    70  H   1.0   0.075   1.005    -4.09560     7.90293    -2.11628
    71  H   1.0   0.074   1.005    -8.66299     7.20137    -2.57021
    72  H   1.0   0.074   1.004   -12.21382     4.31343    -3.38906
    73  H   1.0   0.074   1.004   -11.43978    -0.21902    -4.14179
    74  H   1.0   0.075   1.005    -7.11282    -1.91291    -4.03349
    75  H   1.0   0.076   1.006    -2.57397    -1.23975    -3.44297
    76  H   1.0   0.077   1.008     1.87827    -0.58269    -2.86301
    77  H   1.0   0.080   1.011     5.34654    -1.85256    -2.44406
    78  H   1.0   0.078   1.008     6.01607    -2.14353     2.69361
 
  Z AO/shell   Hii/eV     exponent
  1     Sat Feb 20 21:38:01 CET 2016    EN: 2.327 GAM: 0.473  GM3: 0.0000
     1s    -13.751157    1.051071
  5     Sat Feb 20 21:38:01 CET 2016    EN: 3.405 GAM: 0.339  GM3: 0.0000
     2s    -17.927409    2.170332
     2p     -8.538581    1.400095
  6     Sat Feb 20 21:38:01 CET 2016    EN: 2.731 GAM: 0.422  GM3: 0.0000
     2s    -19.378245    2.021003
     2p    -11.993376    1.497917
  7     Sat Feb 20 21:38:01 CET 2016    EN: 3.573 GAM: 0.504  GM3: 0.0000
     2s    -21.576984    2.275442
     2p    -16.125120    2.056788
  8     Sat Feb 20 21:38:01 CET 2016    EN: 3.700 GAM: 0.587  GM3: 0.0000
     2s    -21.648843    2.110798
     2p    -17.239740    2.329048
 
 dipole moment of classical point charges (au)
     X       Y       Z   
   0.1370  -0.2057  -0.1158  total (Debye):    0.694

 
 Nbf   :          228
 T(el) :   300.0
 calculating S/T integrals ...
 cpu time for ints    2.44113700000000     
 Nao   :          228
 making H0...
 making H1...
 cpu time for H      0.320189000000000     
 solving ...
 cpu time for diag   0.764248000000000     
 
 gap (eV)           :   3.863
 Koopmans IP (eV)   :  12.936
 Eel (Eh)           :  -184.215230
 T,E(Fermi),NFOD :    300.000   -11.004  0.000000
 T,E(Fermi),NFOD :    300.000   -11.004  0.000000
 Nfod               :  0.0000
 Nfod/Nel           :  0.0000

          eigenvalues
 #    :         105        106        107        108        109        110        111        112
 occ. :        2.000      2.000      2.000      2.000      2.000      2.000      2.000      2.000
 eps  :       -16.607    -16.060    -15.856    -15.633    -15.172    -14.804    -14.755    -14.499
 #    :         113        114        115        116        117        118        119        120
 occ. :        2.000      2.000      2.000      2.000      2.000      0.000      0.000      0.000
 eps  :       -14.079    -13.876    -13.812    -13.051    -12.937     -9.074     -8.799     -8.622
 #    :         121        122        123        124        125        126        127        128
 occ. :        0.000      0.000      0.000      0.000      0.000      0.000      0.000      0.000
 eps  :        -8.142     -6.541     -6.470     -5.918     -5.558     -5.489     -5.416     -5.294
                            1  SCC done.
 making H1...
 cpu time for H      0.944245000000000     
 solving ...
 cpu time for diag   0.349687000000000     
 
 gap (eV)           :   3.827
 Koopmans IP (eV)   :  12.727
 Eel (Eh)           :  -182.371079
 T,E(Fermi),NFOD :    300.000   -10.813  0.000000
 T,E(Fermi),NFOD :    300.000   -10.813  0.000000
 Nfod               :  0.0000
 Nfod/Nel           :  0.0000

          eigenvalues
 #    :         105        106        107        108        109        110        111        112
 occ. :        2.000      2.000      2.000      2.000      2.000      2.000      2.000      2.000
 eps  :       -16.175    -15.848    -15.718    -15.437    -15.020    -14.647    -14.494    -13.867
 #    :         113        114        115        116        117        118        119        120
 occ. :        2.000      2.000      2.000      2.000      2.000      0.000      0.000      0.000
 eps  :       -13.705    -13.469    -13.217    -12.791    -12.728     -8.901     -8.417     -8.262
 #    :         121        122        123        124        125        126        127        128
 occ. :        0.000      0.000      0.000      0.000      0.000      0.000      0.000      0.000
 eps  :        -7.969     -6.418     -6.343     -5.769     -5.392     -5.293     -5.171     -5.000
                            2  SCC done.
 
 
 Mulliken/CM5 charges    n(s)   n(p)   n(d)   
    1 N  -0.1713 -0.6271   1.200  3.972  0.000
    2 C   0.0509  0.1031   1.177  2.772  0.000
    3 C  -0.0637 -0.1125   1.132  2.932  0.000
    4 C  -0.0431 -0.0919   1.146  2.897  0.000
    5 C  -0.0965 -0.0337   1.226  2.871  0.000
    6 C   0.0950  0.1215   1.167  2.738  0.000
    7 C  -0.0787 -0.1217   1.130  2.949  0.000
    8 O  -0.1015 -0.1682   1.436  4.665  0.000
    9 C   0.0961  0.1234   1.158  2.746  0.000
   10 C  -0.0876 -0.1304   1.125  2.963  0.000
   11 C   0.0525  0.1052   1.174  2.774  0.000
   12 N  -0.1734 -0.6300   1.199  3.974  0.000
   13 C  -0.0875 -0.1303   1.124  2.963  0.000
   14 C   0.0936  0.1207   1.159  2.747  0.000
   15 C  -0.0980 -0.0257   1.219  2.879  0.000
   16 B  -0.0086 -0.2480   1.189  1.820  0.000
   17 C  -0.0912 -0.0294   1.228  2.863  0.000
   18 C  -0.0408 -0.0899   1.146  2.895  0.000
   19 C  -0.0557 -0.1046   1.133  2.923  0.000
   20 C   0.0624  0.1157   1.176  2.761  0.000
   21 N  -0.1306 -0.4837   1.186  3.945  0.000
   22 C   0.0492  0.1053   1.181  2.770  0.000
   23 C  -0.0614 -0.1098   1.135  2.927  0.000
   24 C  -0.0337 -0.0896   1.137  2.897  0.000
   25 C  -0.0591 -0.1128   1.138  2.921  0.000
   26 C  -0.0019 -0.0092   1.165  2.837  0.000
   27 C  -0.0536 -0.1043   1.146  2.908  0.000
   28 C  -0.0033 -0.0107   1.165  2.838  0.000
   29 C  -0.0395 -0.0931   1.142  2.898  0.000
   30 C  -0.0393 -0.0930   1.142  2.897  0.000
   31 C   0.0008 -0.0067   1.164  2.835  0.000
   32 C  -0.0525 -0.1032   1.147  2.906  0.000
   33 C   0.0073 -0.0001   1.161  2.832  0.000
   34 C  -0.0544 -0.1051   1.147  2.908  0.000
   35 C   0.0042 -0.0033   1.163  2.833  0.000
   36 C  -0.0432 -0.0969   1.142  2.901  0.000
   37 C  -0.0357 -0.0919   1.137  2.899  0.000
   38 C  -0.0382 -0.0945   1.137  2.902  0.000
   39 C  -0.0381 -0.0917   1.141  2.897  0.000
   40 C   0.0094  0.0022   1.161  2.829  0.000
   41 C  -0.0423 -0.0925   1.145  2.897  0.000
   42 C   0.0126  0.0051   1.160  2.827  0.000
   43 C  -0.0477 -0.0986   1.144  2.904  0.000
   44 C   0.0030 -0.0018   1.169  2.828  0.000
   45 C  -0.0013 -0.0062   1.169  2.833  0.000
   46 C  -0.0487 -0.0990   1.149  2.900  0.000
   47 C   0.0012  0.0004   1.164  2.835  0.000
   48 C  -0.0629 -0.1065   1.132  2.931  0.000
   49 C   0.0934  0.1195   1.167  2.740  0.000
   50 O  -0.1076 -0.1740   1.438  4.669  0.000
   51 H   0.1263  0.3171   0.874  0.000  0.000
   52 H   0.1244  0.3153   0.876  0.000  0.000
   53 H   0.0397  0.0993   0.960  0.000  0.000
   54 H   0.0503  0.1098   0.950  0.000  0.000
   55 H   0.0293  0.0933   0.971  0.000  0.000
   56 H   0.0302  0.0935   0.970  0.000  0.000
   57 H   0.1255  0.3166   0.875  0.000  0.000
   58 H   0.1262  0.3173   0.874  0.000  0.000
   59 H   0.0288  0.0920   0.971  0.000  0.000
   60 H   0.0523  0.1118   0.948  0.000  0.000
   61 H   0.0427  0.1023   0.957  0.000  0.000
   62 H   0.1443  0.3397   0.856  0.000  0.000
   63 H   0.0397  0.0996   0.960  0.000  0.000
   64 H   0.0491  0.1056   0.951  0.000  0.000
   65 H   0.0404  0.0977   0.960  0.000  0.000
   66 H   0.0397  0.0979   0.960  0.000  0.000
   67 H   0.0439  0.1013   0.956  0.000  0.000
   68 H   0.0444  0.1019   0.956  0.000  0.000
   69 H   0.0389  0.0972   0.961  0.000  0.000
   70 H   0.0369  0.0953   0.963  0.000  0.000
   71 H   0.0387  0.0960   0.961  0.000  0.000
   72 H   0.0425  0.0989   0.957  0.000  0.000
   73 H   0.0406  0.0975   0.959  0.000  0.000
   74 H   0.0347  0.0935   0.965  0.000  0.000
   75 H   0.0328  0.0930   0.967  0.000  0.000
   76 H   0.0385  0.1003   0.961  0.000  0.000
   77 H   0.0485  0.1167   0.951  0.000  0.000
   78 H   0.0317  0.0990   0.968  0.000  0.000
 Hirshfeld charges for QMDFF written to <charges>
 
 Loewdin charges    n(s)   n(p)   n(d)
    1 N  -0.1338   1.138  3.995  0.000
    2 C   0.0551   1.137  2.807  0.000
    3 C  -0.0631   1.080  2.983  0.000
    4 C  -0.0325   1.091  2.941  0.000
    5 C  -0.0831   1.178  2.905  0.000
    6 C   0.0867   1.131  2.782  0.000
    7 C  -0.0837   1.081  3.003  0.000
    8 O  -0.0573   1.394  4.663  0.000
    9 C   0.0886   1.122  2.789  0.000
   10 C  -0.0942   1.076  3.018  0.000
   11 C   0.0582   1.134  2.808  0.000
   12 N  -0.1359   1.138  3.998  0.000
   13 C  -0.0942   1.076  3.018  0.000
   14 C   0.0864   1.123  2.791  0.000
   15 C  -0.0905   1.173  2.918  0.000
   16 B  -0.0776   1.165  1.912  0.000
   17 C  -0.0777   1.180  2.897  0.000
   18 C  -0.0305   1.091  2.940  0.000
   19 C  -0.0545   1.081  2.973  0.000
   20 C   0.0644   1.138  2.798  0.000
   21 N  -0.0902   1.135  3.955  0.000
   22 C   0.0468   1.144  2.809  0.000
   23 C  -0.0600   1.083  2.977  0.000
   24 C  -0.0235   1.081  2.943  0.000
   25 C  -0.0556   1.085  2.971  0.000
   26 C   0.0041   1.121  2.875  0.000
   27 C  -0.0511   1.094  2.957  0.000
   28 C   0.0018   1.121  2.877  0.000
   29 C  -0.0334   1.088  2.945  0.000
   30 C  -0.0332   1.088  2.945  0.000
   31 C   0.0058   1.121  2.874  0.000
   32 C  -0.0497   1.095  2.955  0.000
   33 C   0.0121   1.117  2.871  0.000
   34 C  -0.0517   1.095  2.956  0.000
   35 C   0.0088   1.119  2.872  0.000
   36 C  -0.0375   1.089  2.948  0.000
   37 C  -0.0278   1.082  2.946  0.000
   38 C  -0.0303   1.082  2.949  0.000
   39 C  -0.0332   1.088  2.945  0.000
   40 C   0.0132   1.118  2.869  0.000
   41 C  -0.0409   1.094  2.947  0.000
   42 C   0.0169   1.116  2.867  0.000
   43 C  -0.0471   1.093  2.954  0.000
   44 C   0.0056   1.127  2.868  0.000
   45 C   0.0009   1.126  2.873  0.000
   46 C  -0.0476   1.097  2.950  0.000
   47 C   0.0010   1.122  2.877  0.000
   48 C  -0.0685   1.083  2.986  0.000
   49 C   0.0852   1.131  2.783  0.000
   50 O  -0.0637   1.396  4.667  0.000
   51 H   0.1107   0.889  0.000  0.000
   52 H   0.1090   0.891  0.000  0.000
   53 H   0.0325   0.967  0.000  0.000
   54 H   0.0426   0.957  0.000  0.000
   55 H   0.0229   0.977  0.000  0.000
   56 H   0.0241   0.976  0.000  0.000
   57 H   0.1099   0.890  0.000  0.000
   58 H   0.1105   0.889  0.000  0.000
   59 H   0.0230   0.977  0.000  0.000
   60 H   0.0444   0.956  0.000  0.000
   61 H   0.0349   0.965  0.000  0.000
   62 H   0.1243   0.876  0.000  0.000
   63 H   0.0324   0.968  0.000  0.000
   64 H   0.0404   0.960  0.000  0.000
   65 H   0.0330   0.967  0.000  0.000
   66 H   0.0322   0.968  0.000  0.000
   67 H   0.0357   0.964  0.000  0.000
   68 H   0.0362   0.964  0.000  0.000
   69 H   0.0314   0.969  0.000  0.000
   70 H   0.0296   0.970  0.000  0.000
   71 H   0.0310   0.969  0.000  0.000
   72 H   0.0345   0.965  0.000  0.000
   73 H   0.0330   0.967  0.000  0.000
   74 H   0.0278   0.972  0.000  0.000
   75 H   0.0266   0.973  0.000  0.000
   76 H   0.0329   0.967  0.000  0.000
   77 H   0.0415   0.959  0.000  0.000
   78 H   0.0250   0.975  0.000  0.000
 
 Wiberg/Mayer (AO) data. WBOs > 0.1 written file <wbo>
 largest (>0.05) Wiberg bond orders for each atom
           total WBO             WBO to atom ...
     1  N   3.211    C    2 1.103    H   52 0.966    H   51 0.966    C    7 0.054
     2  C   3.937    C    7 1.375    C    3 1.304    N    1 1.103    C    5 0.083
     3  C   3.964    C    4 1.495    C    2 1.304    H   53 0.943    C    6 0.084
     4  C   3.965    C    3 1.495    C    5 1.341    H   54 0.938    C    7 0.094
     5  C   3.912    C    4 1.341    C    6 1.303    B   16 0.988    C    2 0.083
     6  C   3.919    C    7 1.384    C    5 1.303    O    8 1.035    C    3 0.084
     7  C   3.963    C    6 1.384    C    2 1.375    H   55 0.945    C    4 0.094    N    1 0.054
     8  O   2.372    C    9 1.045    C    6 1.035
     9  C   3.924    C   10 1.403    C   15 1.288    O    8 1.045    C   13 0.083
    10  C   3.958    C    9 1.403    C   11 1.347    H   56 0.945    C   14 0.084
    11  C   3.939    C   10 1.347    C   13 1.343    N   12 1.101    C   15 0.074
    12  N   3.206    C   11 1.101    H   57 0.966    H   58 0.966
    13  C   3.958    C   14 1.407    C   11 1.343    H   59 0.945    C    9 0.083
    14  C   3.924    C   13 1.407    C   15 1.288    O   50 1.040    C   10 0.084
    15  C   3.911    C   14 1.288    C    9 1.288    B   16 1.032    C   11 0.074
    16  B   3.375    C   15 1.032    C    5 0.988    C   17 0.977
    17  C   3.908    C   18 1.348    C   49 1.307    B   16 0.977    C   20 0.087
    18  C   3.962    C   19 1.483    C   17 1.348    H   60 0.937    C   48 0.096
    19  C   3.961    C   18 1.483    C   20 1.321    H   61 0.943    C   49 0.085
    20  C   3.930    C   48 1.371    C   19 1.321    N   21 1.053    C   17 0.087
    21  N   3.330    C   20 1.053    C   22 1.042    H   62 0.947
    22  C   3.929    C   23 1.485    C   47 1.183    N   21 1.042    C   25 0.105
    23  C   3.954    C   22 1.485    C   24 1.312    H   63 0.944    C   26 0.054
    24  C   3.962    C   25 1.552    C   23 1.312    H   64 0.943    C   47 0.053
    25  C   3.957    C   24 1.552    C   26 1.239    H   65 0.943    C   22 0.105
    26  C   3.953    C   27 1.297    C   25 1.239    C   47 1.199    C   23 0.054
    27  C   3.947    C   28 1.427    C   26 1.297    H   66 0.941    C   46 0.107    C   30 0.065
    28  C   3.955    C   27 1.427    C   45 1.183    C   29 1.132    C   47 0.051
    29  C   3.947    C   30 1.706    C   28 1.132    H   67 0.941    C   32 0.071
    30  C   3.954    C   29 1.706    C   31 1.134    H   68 0.941    C   27 0.065
    31  C   3.946    C   32 1.460    C   44 1.148    C   30 1.134
    32  C   3.940    C   31 1.460    C   33 1.261    H   69 0.941    C   43 0.110    C   29 0.071
    33  C   3.955    C   34 1.335    C   32 1.261    C   42 1.145
    34  C   3.953    C   35 1.374    C   33 1.335    H   70 0.942    C   41 0.130    C   37 0.055
    35  C   3.953    C   34 1.374    C   36 1.209    C   40 1.156
    36  C   3.963    C   37 1.604    C   35 1.209    H   71 0.944    C   39 0.116
    37  C   3.958    C   36 1.604    C   38 1.257    H   72 0.946    C   34 0.055
    38  C   3.958    C   39 1.603    C   37 1.257    H   73 0.946    C   41 0.055
    39  C   3.964    C   38 1.603    C   40 1.209    H   74 0.944    C   36 0.116
    40  C   3.951    C   41 1.372    C   39 1.209    C   35 1.156
    41  C   3.964    C   40 1.372    C   42 1.338    H   75 0.941    C   34 0.130    C   38 0.055
    42  C   3.956    C   41 1.338    C   43 1.255    C   33 1.145
    43  C   3.956    C   44 1.481    C   42 1.255    H   76 0.938    C   32 0.110
    44  C   3.941    C   43 1.481    C   31 1.148    C   45 1.078
    45  C   3.952    C   46 1.441    C   28 1.183    C   44 1.078
    46  C   3.963    C   45 1.441    C   47 1.300    H   77 0.934    C   27 0.107
    47  C   3.951    C   46 1.300    C   26 1.199    C   22 1.183    C   24 0.053    C   28 0.051
    48  C   3.964    C   49 1.382    C   20 1.371    H   78 0.943    C   18 0.096
    49  C   3.917    C   48 1.382    C   17 1.307    O   50 1.031    C   19 0.085
    50  O   2.361    C   14 1.040    C   49 1.031
    51  H   0.983    N    1 0.966
    52  H   0.983    N    1 0.966
    53  H   0.996    C    3 0.943
    54  H   0.997    C    4 0.938
    55  H   0.997    C    7 0.945
    56  H   0.997    C   10 0.945
    57  H   0.983    N   12 0.966
    58  H   0.983    N   12 0.966
    59  H   0.997    C   13 0.945
    60  H   0.996    C   18 0.937
    61  H   0.995    C   19 0.943
    62  H   0.977    N   21 0.947
    63  H   0.996    C   23 0.944
    64  H   0.994    C   24 0.943
    65  H   0.997    C   25 0.943
    66  H   0.995    C   27 0.941
    67  H   0.993    C   29 0.941
    68  H   0.993    C   30 0.941
    69  H   0.995    C   32 0.941
    70  H   0.995    C   34 0.942
    71  H   0.997    C   36 0.944
    72  H   0.996    C   37 0.946
    73  H   0.996    C   38 0.946
    74  H   0.997    C   39 0.944
    75  H   0.996    C   41 0.941
    76  H   0.995    C   43 0.938
    77  H   0.995    C   46 0.934
    78  H   0.997    C   48 0.943
 
 --------------------------------------------
          xTB calculation for sTDA...
 --------------------------------------------
 
 reading parameter file /home/penavora/Exe_xtb_crest/.param_stda2.xtb
 
      method parameters     
 k(s)        :  1.6000
 k(p)        :  2.1800
 k(d)        :  1.9500
 k(f)        :  2.0000
 k(R-V)      :  2.2750
 k(R-R)      :  1.7650
 Tscal       :  0.2580
 Gscal       :  1.0000
 fpol        :  1.0000
 Zcnf        :  0.3430
 Zqf         :  0.0000
 kcn         :  2.7000
 Ryd Hsplit  :  0.7000
 lshift(virt):  3.1000
 lshift(OS)  :  0.2000
 wllscaling  :  2.6000
 
 mowrcut     : 3.000
 
  Z AO/shell   Hii/eV     exponent
  1     Sun Feb 14 09:53:25 CET 2016    EN: 2.327 GAM: 0.473  GM3: 0.0000
     1s    -14.339618    1.220000
     2sp    -3.348946    0.600000
  5     Sun Feb 21 12:17:47 CET 2016    EN: 3.405 GAM: 0.339  GM3: 0.0000
     2s    -11.906683    1.287851
     2p    -10.782319    1.444987
     3sp    -5.346133    0.718700
  6     Sun Feb 14 09:53:25 CET 2016    EN: 2.731 GAM: 0.422  GM3: 0.0000
     2s    -22.009312    1.565095
     2p    -13.020408    1.596905
     3sp    -3.914040    0.824500
  7     Sun Feb 14 09:53:25 CET 2016    EN: 3.573 GAM: 0.504  GM3: 0.0000
     2s    -25.722000    2.064844
     2p    -18.684912    1.801692
     3sp    -4.344791    0.921400
  8     Sun Feb 14 09:53:25 CET 2016    EN: 3.700 GAM: 0.587  GM3: 0.0000
     2s    -33.859000    2.418661
     2p    -22.175911    1.973969
     3sp    -4.259392    1.013700
 
 Nbf   :          540
 T(el) :     0.0
 calculating S/T integrals ...
 cpu time for ints    7.72970800000000     
 Nao   :          540
 making H0...
 making H1...
 cpu time for H      0.804444999999999     
 solving ...
 cpu time for diag   0.944043000000001     
 
 gap (eV)           :   5.847
 Koopmans IP (eV)   :  13.842
 Eel (Eh)           :  -202.768404

          eigenvalues
 #    :         105        106        107        108        109        110        111        112
 occ. :        2.000      2.000      2.000      2.000      2.000      2.000      2.000      2.000
 eps  :       -17.138    -16.593    -16.402    -16.203    -15.858    -15.537    -15.473    -15.039
 #    :         113        114        115        116        117        118        119        120
 occ. :        2.000      2.000      2.000      2.000      2.000      0.000      0.000      0.000
 eps  :       -14.714    -14.531    -14.356    -13.964    -13.843     -7.996     -7.545     -7.025
 #    :         121        122        123        124        125        126        127        128
 occ. :        0.000      0.000      0.000      0.000      0.000      0.000      0.000      0.000
 eps  :        -6.345     -5.946     -5.780     -5.609     -5.452     -5.320     -5.237     -4.942
                            1  SCC done.
 writing mo output ...
 molden style : F
 
speedup 20.63
cpu  time for all   16.02 s
wall time for all    0.78 s
