  85
 Etot=         -99.2069385230
 C          0.0336380727        4.5768093068        1.4842484025
 C         -0.7666488925        4.2180741403        0.2253296114
 C         -2.0071241852        5.1042328430        0.1250155775
 C         -1.0787104945        2.7427621487        0.2181672034
 C         -2.2607069794        2.2042141823        0.5065488480
 C         -2.5007487120        0.7694052003        0.4445019273
 C         -3.8116511098        0.3706982815        1.1043157713
 C         -4.9872514597        0.4472343012        0.1241599133
 C         -3.8084769863       -0.9750133520        1.8287562189
 C         -1.6290575164       -0.0401420158       -0.1891118494
 C         -1.9815420924       -1.4460757766       -0.4985359838
 C         -2.8941652248       -1.7279522584       -1.5126469062
 C         -3.2346668612       -3.0325566350       -1.8229348796
 C         -2.6722394272       -4.0848842449       -1.1206821312
 C         -1.7829870293       -3.8185969291       -0.0939858416
 C         -1.4463212066       -2.5125921931        0.2147425978
 C         -0.2952969712        0.4880403079       -0.7156076466
 C         -0.3076637037        0.6997308911       -2.2590561836
 C         -1.4277524859        1.6411767839       -2.7050982357
 C         -0.3644666145       -0.5777272051       -3.0998267641
 P          1.0524797639       -0.8520349623       -0.3552299263
 C          2.6202113282       -0.2272749409       -1.2130442970
 C          3.1683940970        1.1997555103       -1.0414776975
 C          4.6931013093        1.2336068399       -1.2049640300
 C          5.1259160516        0.2954839038       -2.3260729903
 C          4.8463843851       -1.1645670400       -1.9410563741
 C          3.7088359801       -1.2658234302       -0.9193864566
 C          1.3601506615       -0.7289464193        1.5181817409
 C          1.7340181224       -2.1419729750        1.9909623285
 C          1.4235965440       -2.2998738312        3.4834334203
 C          1.6775335557       -0.9867017360        4.2347385499
 C          2.7953373935       -0.2085385787        3.5499797345
 C          2.3822045331        0.2376244372        2.1344803917
 C          0.0729848643        1.8119757667       -0.0266429115
 H         -0.5402242010        4.3307246737        2.3755714270
 H          0.2558202193        5.6418654702        1.4984207031
 H          0.9733341494        4.0311211822        1.5153300911
 H         -0.1312477902        4.4273512395       -0.6460871520
 H         -2.6190650921        4.8156477834       -0.7270256743
 H         -2.6087097064        5.0331251684        1.0281661965
 H         -1.7096166871        6.1434812398       -0.0010266122
 H         -3.1117047650        2.8179479582        0.7597430217
 H         -3.9879681912        1.1341980358        1.8745539852
 H         -4.9707486353        1.3872621314       -0.4244331590
 H         -5.9293648420        0.3808548661        0.6657439740
 H         -4.9454487196       -0.3733040029       -0.5864671044
 H         -4.6754958230       -1.0310212962        2.4857121673
 H         -2.9128117996       -1.0815016723        2.4365080478
 H         -3.8581326996       -1.8077237966        1.1344052039
 H         -3.3432748480       -0.9156820452       -2.0668133964
 H         -3.9436852542       -3.2278957846       -2.6157857522
 H         -2.9352048457       -5.1041556711       -1.3647886302
 H         -1.3557967667       -4.6320552154        0.4754981391
 H         -0.7970588781       -2.3131466514        1.0510682759
 H          0.6414459262        1.1956317161       -2.4940095356
 H         -1.4260934387        1.7227342857       -3.7909421527
 H         -2.3966917925        1.2632900627       -2.3893029839
 H         -1.3003499178        2.6349327439       -2.2858556263
 H          0.2574669452       -1.3637426591       -2.6741362808
 H         -0.0095843385       -0.3655642578       -4.1077634742
 H         -1.3766836343       -0.9589694057       -3.1730433705
 H          2.3590148331       -0.3624149909       -2.2712745606
 H          2.9088642957        1.6218019917       -0.0731820869
 H          2.7284637267        1.8423601552       -1.8084853623
 H          5.1853177223        0.9366850012       -0.2765769546
 H          5.0066662350        2.2564851510       -1.4264064579
 H          4.5735889532        0.5570507768       -3.2315963205
 H          6.1877860538        0.4285257382       -2.5419112307
 H          4.5870525939       -1.7326434465       -2.8367904308
 H          5.7446312886       -1.6183075149       -1.5161629988
 H          3.2753083008       -2.2695433221       -0.9524620910
 H          4.1034443906       -1.1187825100        0.0861778586
 H          0.3615489064       -0.4954606031        1.9148875058
 H          1.2039299309       -2.9051556210        1.4170209614
 H          2.7985135982       -2.3015869517        1.8121557438
 H          0.3820890183       -2.6011352604        3.6184276310
 H          2.0490981910       -3.0937102328        3.8975266223
 H          0.7725007560       -0.3750715632        4.2480209208
 H          1.9446362247       -1.1941499539        5.2728571577
 H          3.6823385325       -0.8438885795        3.5015611319
 H          3.0586576983        0.6708685411        4.1418387640
 H          3.2795070461        0.2842848796        1.5204119586
 H          1.9665476537        1.2452051009        2.1964158656
 H          0.4977790881        1.5904922889        0.9542419421
 H          0.8359627466        2.3237209188       -0.6112556400
  85
 Etot=         -99.2071278344
 C          0.0338982298        4.5753499726        1.4824296933
 C         -0.7652513823        4.2158272872        0.2235962190
 C         -2.0053686910        5.1017581527        0.1248505662
 C         -1.0771069463        2.7410621501        0.2180451163
 C         -2.2596233991        2.2046807683        0.5064914756
 C         -2.4980885641        0.7704845704        0.4437939653
 C         -3.8078963304        0.3716617693        1.1031303724
 C         -4.9819027974        0.4444674679        0.1219594112
 C         -3.8028892638       -0.9759575521        1.8225391114
 C         -1.6265528810       -0.0385789595       -0.1892241471
 C         -1.9792693815       -1.4436328235       -0.4977713454
 C         -2.8919222602       -1.7245230622       -1.5116913884
 C         -3.2338651444       -3.0288814822       -1.8209447969
 C         -2.6723410401       -4.0814020440       -1.1184083081
 C         -1.7826202853       -3.8151345440       -0.0920701567
 C         -1.4440434726       -2.5095936789        0.2160797440
 C         -0.2925790824        0.4886557448       -0.7139239790
 C         -0.3044663814        0.7007353836       -2.2560661183
 C         -1.4273060209        1.6394442082       -2.6990505444
 C         -0.3650954851       -0.5789216011       -3.0914814003
 P          1.0483160450       -0.8590537643       -0.3586009719
 C          2.6151069193       -0.2279262555       -1.2137316931
 C          3.1633271179        1.1984026793       -1.0393199098
 C          4.6879124907        1.2320680071       -1.2019248822
 C          5.1216597607        0.2955593335       -2.3235231826
 C          4.8428793162       -1.1639135988       -1.9381191934
 C          3.7048313863       -1.2634867041       -0.9172196082
 C          1.3550815869       -0.7272607744        1.5146509553
 C          1.7314518410       -2.1390262428        1.9869566028
 C          1.4224108371       -2.2985128761        3.4791418417
 C          1.6770525335       -0.9855575238        4.2295264838
 C          2.7942786940       -0.2086206818        3.5431079602
 C          2.3797424060        0.2381026164        2.1282609959
 C          0.0758656258        1.8124630285       -0.0255545245
 H         -0.5409736774        4.3297155825        2.3728126138
 H          0.2566704219        5.6399852423        1.4977580532
 H          0.9730304912        4.0287186688        1.5146178434
 H         -0.1303275516        4.4260693312       -0.6464361543
 H         -2.6170147814        4.8127083815       -0.7268202570
 H         -2.6060446414        5.0289570781        1.0279765441
 H         -1.7095930117        6.1413114185       -0.0005217356
 H         -3.1103491619        2.8185942017        0.7574720367
 H         -3.9865603826        1.1335604609        1.8723677074
 H         -4.9662477449        1.3843789224       -0.4264304830
 H         -5.9249497937        0.3766334284        0.6614704543
 H         -4.9349043713       -0.3763289971       -0.5869150207
 H         -4.6708356483       -1.0365362917        2.4779359696
 H         -2.9079579610       -1.0808005414        2.4310501829
 H         -3.8472350991       -1.8029907396        1.1230788046
 H         -3.3404025838       -0.9126528724       -2.0653334392
 H         -3.9426633759       -3.2249352822       -2.6135640906
 H         -2.9352974448       -5.1002879846       -1.3627052575
 H         -1.3552478356       -4.6293018367        0.4761984005
 H         -0.7930746652       -2.3110450926        1.0499546877
 H          0.6429497526        1.1952311413       -2.4935173590
 H         -1.4286258578        1.7233022437       -3.7850576626
 H         -2.3922333361        1.2572216650       -2.3802486396
 H         -1.3006140714        2.6311268706       -2.2769023080
 H          0.2577153169       -1.3598783063       -2.6606835148
 H         -0.0138423938       -0.3723416308       -4.1023515267
 H         -1.3774004324       -0.9587410052       -3.1564557434
 H          2.3581052286       -0.3621137228       -2.2716161428
 H          2.9045831341        1.6181119314       -0.0709484932
 H          2.7262204064        1.8417340449       -1.8064606927
 H          5.1795072456        0.9321275183       -0.2751763140
 H          5.0041015129        2.2542125248       -1.4223902512
 H          4.5687007791        0.5566828852       -3.2279336709
 H          6.1830476146        0.4289763336       -2.5397219274
 H          4.5852514107       -1.7314721034       -2.8341959045
 H          5.7417650376       -1.6162883995       -1.5139974685
 H          3.2728486368       -2.2671094611       -0.9500990550
 H          4.0993755897       -1.1130145895        0.0862659197
 H          0.3586853990       -0.4952829306        1.9145010367
 H          1.2004811495       -2.9017463904        1.4151137725
 H          2.7954208768       -2.2964633722        1.8104202208
 H          0.3811743709       -2.5986522356        3.6158708357
 H          2.0475471656       -3.0916345864        3.8942613816
 H          0.7729962496       -0.3741118933        4.2413586678
 H          1.9440940630       -1.1922464910        5.2674659310
 H          3.6786846705       -0.8462270029        3.4944664755
 H          3.0597273563        0.6688406341        4.1367619207
 H          3.2759846162        0.2815857111        1.5143204505
 H          1.9659754909        1.2458345119        2.1927442945
 H          0.4984858399        1.5912937453        0.9554571306
 H          0.8373010829        2.3251367251       -0.6102711984
  85
 Etot=         -99.2071986536
 C          0.0356115738        4.5731642100        1.4807084120
 C         -0.7628360215        4.2140312587        0.2217021153
 C         -2.0033864880        5.0988130815        0.1241173929
 C         -1.0751177054        2.7398710575        0.2176047053
 C         -2.2586564571        2.2063280586        0.5060345257
 C         -2.4957519497        0.7725266838        0.4433326695
 C         -3.8041083545        0.3719495056        1.1016762542
 C         -4.9752608671        0.4408113549        0.1174883172
 C         -3.7949992280       -0.9782849983        1.8153977206
 C         -1.6246201176       -0.0360979206       -0.1894940023
 C         -1.9772863981       -1.4405437168       -0.4966024978
 C         -2.8908856645       -1.7204346667       -1.5095557832
 C         -3.2338580700       -3.0245780320       -1.8179605783
 C         -2.6726125410       -4.0772110920       -1.1153642103
 C         -1.7816145728       -3.8109323503       -0.0900325561
 C         -1.4411192914       -2.5058632799        0.2174461340
 C         -0.2917611603        0.4906538621       -0.7146748827
 C         -0.3032786560        0.7019867635       -2.2555076775
 C         -1.4290370290        1.6390364681       -2.6928676741
 C         -0.3672879928       -0.5805396820       -3.0854595184
 P          1.0479413676       -0.8537119995       -0.3569083721
 C          2.6131915795       -0.2280007932       -1.2154205391
 C          3.1580175254        1.1985041862       -1.0377395868
 C          4.6825456608        1.2311189101       -1.1975836176
 C          5.1162759394        0.2958953234       -2.3202551927
 C          4.8396457540       -1.1638844411       -1.9349162398
 C          3.7016358608       -1.2627604639       -0.9145437213
 C          1.3514273343       -0.7265427960        1.5151879877
 C          1.7285832991       -2.1385045258        1.9843472849
 C          1.4202991039       -2.2978890244        3.4762165125
 C          1.6763610189       -0.9839809227        4.2242946811
 C          2.7949472407       -0.2097571896        3.5368315582
 C          2.3786909923        0.2383771381        2.1234080213
 C          0.0783900694        1.8127305770       -0.0251822948
 H         -0.5407557796        4.3283053716        2.3701049173
 H          0.2596046149        5.6372878553        1.4967644156
 H          0.9739010557        4.0250767442        1.5142169157
 H         -0.1285850862        4.4247610201       -0.6473640066
 H         -2.6149125457        4.8094250402       -0.7273073261
 H         -2.6029263674        5.0239401323        1.0274608316
 H         -1.7093643621        6.1387072991       -0.0003438217
 H         -3.1087144297        2.8205666052        0.7554474714
 H         -3.9857202235        1.1317175624        1.8704153465
 H         -4.9610607349        1.3804674781       -0.4312031701
 H         -5.9197912010        0.3701713704        0.6537356181
 H         -4.9212331950       -0.3803978074       -0.5893341791
 H         -4.6643070570       -1.0462814430        2.4681259794
 H         -2.9010959643       -1.0811346000        2.4254129712
 H         -3.8324301582       -1.7988179184        1.1098157656
 H         -3.3381360875       -0.9088390205       -2.0632263973
 H         -3.9426306410       -3.2214855913       -2.6101876609
 H         -2.9366755029       -5.0956776803       -1.3587151686
 H         -1.3552099914       -4.6257905553        0.4779906238
 H         -0.7914403168       -2.3080561265        1.0513160878
 H          0.6424539347        1.1954827597       -2.4951817267
 H         -1.4345341796        1.7266513937       -3.7787191379
 H         -2.3892664298        1.2509802895       -2.3703734883
 H         -1.3031034844        2.6282357195       -2.2665159726
 H          0.2575553012       -1.3571878725       -2.6522221113
 H         -0.0217028551       -0.3801641830       -4.0996952506
 H         -1.3794224770       -0.9594021100       -3.1404401791
 H          2.3582593664       -0.3619736930       -2.2725162852
 H          2.8985374592        1.6150738946       -0.0693499211
 H          2.7230100661        1.8422525334       -1.8049097507
 H          5.1722596516        0.9277407171       -0.2717691066
 H          5.0006122894        2.2529928343       -1.4157497533
 H          4.5617674996        0.5565063523       -3.2232196740
 H          6.1769141241        0.4307048331       -2.5375133606
 H          4.5831485150       -1.7316713801       -2.8308545656
 H          5.7388001718       -1.6148004330       -1.5105204307
 H          3.2707968947       -2.2663907649       -0.9458136580
 H          4.0957075700       -1.1075863291        0.0869018659
 H          0.3568768530       -0.4937816576        1.9158337145
 H          1.1970032831       -2.9004157780        1.4135680003
 H          2.7918926107       -2.2933043748        1.8088686037
 H          0.3790133359       -2.5965523323        3.6140525216
 H          2.0448856212       -3.0907936820        3.8917053616
 H          0.7735960393       -0.3718440155        4.2333750475
 H          1.9426368153       -1.1887937526        5.2624031899
 H          3.6764125374       -0.8501882249        3.4862306954
 H          3.0635401362        0.6664304663        4.1307574706
 H          3.2726839728        0.2777198022        1.5078652600
 H          1.9673381238        1.2464974090        2.1897821021
 H          0.4990991015        1.5914408710        0.9556930147
 H          0.8382874379        2.3265008408       -0.6096416471
  85
 Etot=         -99.2072159790
 C          0.0371048945        4.5729811015        1.4805436328
 C         -0.7617412682        4.2148091745        0.2214207587
 C         -2.0027232401        5.0990435524        0.1237681881
 C         -1.0742006874        2.7406450077        0.2175592694
 C         -2.2579241717        2.2073189129        0.5060203186
 C         -2.4944246025        0.7732533442        0.4437342075
 C         -3.8029054376        0.3710984516        1.1009203007
 C         -4.9728691529        0.4390199198        0.1149040051
 C         -3.7923098722       -0.9798023822        1.8137866753
 C         -1.6231124926       -0.0353339990       -0.1892164524
 C         -1.9757931745       -1.4397459999       -0.4965583635
 C         -2.8902113146       -1.7193942364       -1.5089339520
 C         -3.2340736372       -3.0234547033       -1.8166871188
 C         -2.6728938460       -4.0760726705       -1.1139278852
 C         -1.7810490427       -3.8099025852       -0.0892492198
 C         -1.4396302360       -2.5049575521        0.2176334090
 C         -0.2901411041        0.4907126417       -0.7145629860
 C         -0.3038014409        0.7021954521       -2.2553971820
 C         -1.4305613782        1.6391542489       -2.6911247286
 C         -0.3683056094       -0.5809451664       -3.0847286541
 P          1.0457334938       -0.8570065224       -0.3583884967
 C          2.6113721043       -0.2283598381       -1.2135216436
 C          3.1563503028        1.1984487077       -1.0366459389
 C          4.6810394493        1.2314712795       -1.1954655496
 C          5.1144047868        0.2964955173       -2.3187574011
 C          4.8384339430       -1.1635966805       -1.9333737264
 C          3.7002889392       -1.2629313392       -0.9130765357
 C          1.3517185354       -0.7262104549        1.5127529460
 C          1.7275275563       -2.1382796800        1.9831826763
 C          1.4190537851       -2.2969044315        3.4752879618
 C          1.6761331349       -0.9828662119        4.2231376455
 C          2.7961143181       -0.2105351323        3.5354218633
 C          2.3793555169        0.2377417739        2.1221528105
 C          0.0790212191        1.8131943152       -0.0249769754
 H         -0.5396539976        4.3284561342        2.3698852708
 H          0.2621774123        5.6368969898        1.4964596775
 H          0.9748736996        4.0239898318        1.5140799839
 H         -0.1276171873        4.4252032682       -0.6479342410
 H         -2.6141624310        4.8094231213       -0.7277507816
 H         -2.6021378785        5.0235639312        1.0272079475
 H         -1.7090696747        6.1390579659       -0.0005449303
 H         -3.1080970014        2.8213480507        0.7552838868
 H         -3.9860185888        1.1302497570        1.8700219300
 H         -4.9590391565        1.3785425053       -0.4341421700
 H         -5.9182114827        0.3670963959        0.6495388650
 H         -4.9165755536       -0.3822752386       -0.5915844432
 H         -4.6621861367       -1.0505929713        2.4652627717
 H         -2.8988453228       -1.0818374018        2.4247037029
 H         -3.8275570003       -1.7994798216        1.1072427679
 H         -3.3375108991       -0.9076036057       -2.0624431898
 H         -3.9438159419       -3.2203641409       -2.6080941448
 H         -2.9380292584       -5.0944706057       -1.3563529507
 H         -1.3550843857       -4.6248873861        0.4789720550
 H         -0.7900519017       -2.3071225402        1.0516160183
 H          0.6416418809        1.1959012857       -2.4963319307
 H         -1.4375754691        1.7282835239       -3.7767327320
 H         -2.3901160683        1.2497830931       -2.3679906687
 H         -1.3049827029        2.6279877096       -2.2637420462
 H          0.2582985717       -1.3569855215       -2.6526106857
 H         -0.0252934830       -0.3813882603       -4.0997912608
 H         -1.3801527913       -0.9606354173       -3.1372720226
 H          2.3566851688       -0.3624571628       -2.2707173664
 H          2.8957842748        1.6151572597       -0.0686419171
 H          2.7214168520        1.8418895781       -1.8041522068
 H          5.1698573505        0.9274308612       -0.2693260206
 H          4.9992743072        2.2535168536       -1.4125342206
 H          4.5588151317        0.5568736819       -3.2212317514
 H          6.1747993076        0.4319348803       -2.5368832109
 H          4.5819961210       -1.7317757999       -2.8291667915
 H          5.7376154678       -1.6142408554       -1.5085678380
 H          3.2695581202       -2.2666661816       -0.9437584967
 H          4.0942571148       -1.1075168648        0.0884263642
 H          0.3572417931       -0.4923823032        1.9131246646
 H          1.1960349347       -2.9000806832        1.4121221214
 H          2.7907133118       -2.2936129876        1.8073662624
 H          0.3775189441       -2.5949544569        3.6131539483
 H          2.0431387689       -3.0903401971        3.8906404382
 H          0.7739532193       -0.3696890070        4.2310054572
 H          1.9416258091       -1.1871060036        5.2615478396
 H          3.6766803583       -0.8522399506        3.4838838985
 H          3.0664420744        0.6654310328        4.1288610042
 H          3.2729206225        0.2765756234        1.5060122314
 H          1.9687449081        1.2461476066        2.1884037826
 H          0.4995755010        1.5920402692        0.9559766697
 H          0.8388240836        2.3272267531       -0.6092540108
