  118
 Etot=        -187.4522341170
 C          6.5872639233       -4.0790304740        2.2064433505
 C          6.3111806368       -3.8652872964        0.8660991057
 C          6.7782301471       -2.7276715139        0.2314530314
 C          7.5255753982       -1.7993263321        0.9461485304
 N          7.9665494623       -0.6197929992        0.3074918633
 C          7.1370032696        0.3470040493       -0.2130872363
 C          5.6837747151        0.2908427812       -0.1659063698
 C          4.9896948254       -0.1708792890        0.9510920873
 C          3.6098770281       -0.2217327449        0.9420051849
 C          2.8879947663        0.1933600503       -0.1739412255
 C          1.4123520208        0.1123272955       -0.1833627169
 C          0.6457846488        1.2869113166       -0.1781983581
 C          1.2477034523        2.5726766753       -0.1329688253
 C          0.4950263058        3.7063373583       -0.1560272089
 C         -0.9101305071        3.6250437198       -0.2311227685
 C         -1.5274830506        2.4122721987       -0.2496965103
 C         -0.7817582102        1.2043081455       -0.2002587981
 C         -1.4081589916       -0.0508487235       -0.1888077167
 C         -2.8836617102       -0.1341119893       -0.1848720026
 C         -3.6106470559        0.2798528534        0.9280817797
 C         -4.9900526436        0.2185403354        0.9348567239
 C         -5.6786167378       -0.2525423907       -0.1816529353
 C         -7.1309106295       -0.3283501455       -0.2276640692
 N         -7.7867063427       -1.3237491684       -0.7729076461
 C         -9.1057364691       -1.0373468313       -0.6070960845
 C        -10.2257975299       -1.8266180210       -0.9983530254
 C        -10.0994526645       -3.0613950150       -1.6255408586
 C        -11.2272228018       -3.7903691565       -1.9635780694
 C        -12.4860337949       -3.2965367258       -1.6836247447
 C        -12.6506036050       -2.0560260630       -1.0599762209
 C        -13.9447217015       -1.5293076102       -0.7775591120
 C        -14.0919512457       -0.3170249826       -0.1978445935
 C        -12.9621683287        0.4770566827        0.1594207416
 C        -13.1227272332        1.7414049867        0.7336000314
 C        -12.0243539812        2.5115840558        1.0523227668
 C        -10.7427245978        2.0339821409        0.8352523083
 C        -10.5339062247        0.7667770842        0.2935859374
 C        -11.6588321406       -0.0251027080       -0.0816741539
 C        -11.5075107777       -1.2972933812       -0.7039246475
 C         -9.2556808266        0.1850683555        0.0492052629
 N         -7.9742486630        0.6240146009        0.2972296387
 C         -7.5492874986        1.8123757997        0.9304992274
 C         -7.8183561057        2.0215650170        2.2797364907
 C         -7.3657185503        3.1737352289        2.8969113407
 C         -6.6418763035        4.1117407808        2.1776757175
 C         -6.3710033558        3.8986340375        0.8361596319
 C         -6.8225678507        2.7511427174        0.2081443330
 C         -4.9507957252       -0.6945830850       -1.2866548303
 C         -3.5723676129       -0.6332074107       -1.2883621427
 C         -0.6416634228       -1.2254817495       -0.1765761492
 C         -1.2438137289       -2.5110671371       -0.1287376972
 C         -0.4912168213       -3.6448835819       -0.1450746132
 C          0.9141121297       -3.5638857153       -0.2163727692
 C          1.5314996828       -2.3511810330       -0.2370439897
 C          0.7858749648       -1.1429423676       -0.1935251882
 C          3.5823443577        0.6866181704       -1.2764915341
 C          4.9612158735        0.7378621830       -1.2723288648
 N          7.8070451161        1.3323586503       -0.7591167473
 C          9.1219064391        1.0242093990       -0.5983967819
 C         10.2536812756        1.7953769926       -0.9921955689
 C         10.1460680952        3.0337254642       -1.6158220178
 C         11.2847219205        3.7446829133       -1.9557270920
 C         12.5360414926        3.2289153082       -1.6818566337
 C         12.6818607993        1.9838603183       -1.0626203144
 C         13.9679430835        1.4340962801       -0.7875012126
 C         14.0969023723        0.2173016086       -0.2129122193
 C         12.9552188146       -0.5584333428        0.1467548034
 C         13.0964434140       -1.8276213574        0.7153179796
 C         11.9863568622       -2.5798156979        1.0364162556
 C         10.7122310100       -2.0789497112        0.8277492464
 C         10.5230319775       -0.8061956887        0.2919215152
 C         11.6597061236       -0.0327890963       -0.0862766894
 C         11.5274260143        1.2436886997       -0.7040788843
 C          9.2540200493       -0.2016170246        0.0553131347
 C          7.8004424590       -2.0093533024        2.2940916243
 C          7.3324711021       -3.1518314201        2.9177936488
 H          6.2209879459       -4.9673018228        2.6982331458
 H          5.7309283251       -4.5856582898        0.3096401307
 H          6.5674289163       -2.5499686895       -0.8130147795
 H          5.5254375626       -0.4760679485        1.8371486791
 H          3.0801146767       -0.5807010688        1.8126524946
 H          2.3242489216        2.6365365272       -0.0784522599
 H          0.9692126893        4.6764908705       -0.1217745180
 H         -1.4915900859        4.5348114005       -0.2691650546
 H         -2.6042361620        2.3511185858       -0.3040894389
 H         -3.0851491396        0.6445351333        1.7989336757
 H         -5.5295028874        0.5214359394        1.8194131668
 H         -9.1079987311       -3.4330955044       -1.8348307558
 H        -11.1207238429       -4.7503231341       -2.4481353668
 H        -13.3644665414       -3.8675425373       -1.9494578552
 H        -14.8067120897       -2.1231173657       -1.0473980535
 H        -15.0752661045        0.0830428111        0.0061811005
 H        -14.1210165103        2.1134236997        0.9142800439
 H        -12.1580109337        3.4965575549        1.4759317890
 H         -9.8998494232        2.6588557024        1.0831312565
 H         -8.3797950876        1.2812844378        2.8316160009
 H         -7.5764194450        3.3354162149        3.9434080733
 H         -6.2880099320        5.0078446861        2.6643222782
 H         -5.8071118014        4.6272233574        0.2736082067
 H         -6.6157039373        2.5738171528       -0.8371812051
 H         -5.4873643737       -1.0795591022       -2.1405088129
 H         -3.0172782623       -0.9646301295       -2.1541122118
 H         -2.3205163730       -2.5748171787       -0.0775633536
 H         -0.9656291998       -4.6148412037       -0.1086438204
 H          1.4956869046       -4.4737530422       -0.2498955354
 H          2.6082986052       -2.2903043538       -0.2888810260
 H          3.0314708845        1.0200394146       -2.1441593563
 H          5.5021640568        1.1167389314       -2.1261577866
 H          9.1603811226        3.4226863230       -1.8208621454
 H         11.1924627236        4.7077779509       -2.4369640984
 H         13.4230310810        3.7857419785       -1.9493369938
 H         14.8388475005        2.0139520576       -1.0590810746
 H         15.0740892517       -0.2003793101       -0.0148452412
 H         14.0889647364       -2.2176608781        0.8896481188
 H         12.1047924209       -3.5686724960        1.4554543620
 H          9.8597521764       -2.6899680635        1.0773874739
 H          8.3785230509       -1.2773295086        2.8397636711
 H          7.5476834290       -3.3141570480        3.9632716063
  118
 Etot=        -187.4522951672
 C          6.5869171836       -4.0765334774        2.2058749476
 C          6.3095805876       -3.8619946485        0.8661927152
 C          6.7768943116       -2.7248962824        0.2316080263
 C          7.5262250984       -1.7976479313        0.9453793623
 N          7.9664552978       -0.6197008967        0.3074423558
 C          7.1364102303        0.3466684078       -0.2141559208
 C          5.6833498188        0.2892290165       -0.1667403890
 C          4.9893930837       -0.1752186311        0.9490872006
 C          3.6096725705       -0.2247097875        0.9402385152
 C          2.8877885633        0.1930784603       -0.1742506464
 C          1.4124791513        0.1123612636       -0.1833034295
 C          0.6457254611        1.2863536002       -0.1786559910
 C          1.2478516835        2.5716054536       -0.1345525477
 C          0.4949566127        3.7048937299       -0.1568880463
 C         -0.9101085465        3.6235209256       -0.2298813475
 C         -1.5276316797        2.4110456434       -0.2476661539
 C         -0.7816235381        1.2036242176       -0.1997846729
 C         -1.4082093288       -0.0509983643       -0.1887393157
 C         -2.8834071206       -0.1339560733       -0.1850774195
 C         -3.6103913312        0.2827926754        0.9264021386
 C         -4.9897271730        0.2228344864        0.9329710942
 C         -5.6781953903       -0.2509706251       -0.1823297195
 C         -7.1303060560       -0.3280319114       -0.2285508737
 N         -7.7860003897       -1.3225479607       -0.7733565554
 C         -9.1044962103       -1.0373881728       -0.6065711659
 C        -10.2247604709       -1.8261680539       -0.9977655371
 C        -10.0982066861       -3.0602460023       -1.6251935629
 C        -11.2258882526       -3.7890084029       -1.9630934647
 C        -12.4845859356       -3.2952985951       -1.6835080371
 C        -12.6490246180       -2.0551760502       -1.0597822666
 C        -13.9429160428       -1.5285580137       -0.7778849656
 C        -14.0902604263       -0.3165911850       -0.1980383656
 C        -12.9606388354        0.4769371526        0.1596457182
 C        -13.1212563490        1.7409394125        0.7337100689
 C        -12.0231404083        2.5109535728        1.0527059569
 C        -10.7414968342        2.0334088328        0.8367872149
 C        -10.5330153311        0.7664140140        0.2950103604
 C        -11.6576126578       -0.0252327630       -0.0807609727
 C        -11.5061703261       -1.2969186413       -0.7033416626
 C         -9.2551377606        0.1848428977        0.0502409765
 N         -7.9741673606        0.6239266604        0.2972463856
 C         -7.5500362775        1.8107122947        0.9298066709
 C         -7.8201038132        2.0205685447        2.2785887557
 C         -7.3670270318        3.1721803957        2.8957759619
 C         -6.6415088425        4.1091424368        2.1773408675
 C         -6.3694497466        3.8953786515        0.8364613727
 C         -6.8213100193        2.7484496078        0.2084337516
 C         -4.9504505559       -0.6949798089       -1.2861806496
 C         -3.5721511318       -0.6343604189       -1.2875695675
 C         -0.6414944656       -1.2250392008       -0.1770422565
 C         -1.2438399995       -2.5101133458       -0.1304072267
 C         -0.4910143929       -3.6435452250       -0.1460765403
 C          0.9142343721       -3.5624666052       -0.2151287780
 C          1.5318463139       -2.3500730324       -0.2348999593
 C          0.7858637205       -1.1423889661       -0.1930386476
 C          3.5821072613        0.6876495539       -1.2758400006
 C          4.9608602078        0.7380178629       -1.2720777767
 N          7.8063580639        1.3311284086       -0.7597502088
 C          9.1206866465        1.0242588089       -0.5979187657
 C         10.2526313956        1.7949757976       -0.9915770886
 C         10.1447153341        3.0326512082       -1.6153842205
 C         11.2832845610        3.7433425852       -1.9553000020
 C         12.5345019479        3.2276883550       -1.6818576856
 C         12.6802487268        1.9830480848       -1.0624996856
 C         13.9661213621        1.4334279336       -0.7878769834
 C         14.0952207047        0.2170065292       -0.2130251050
 C         12.9537157520       -0.5581816389        0.1470959051
 C         13.0950158299       -1.8269853657        0.7156325295
 C         11.9851956263       -2.5789968317        1.0370750222
 C         10.7110521970       -2.0782364366        0.8295098910
 C         10.5221706603       -0.8057506878        0.2934514561
 C         11.6585057309       -0.0325927970       -0.0853292112
 C         11.5260793644        1.2433524045       -0.7035220189
 C          9.2534901047       -0.2013776594        0.0563295103
 C          7.8019872582       -2.0083973126        2.2928856452
 C          7.3335197450       -3.1502938393        2.9165550799
 H          6.2211864764       -4.9651119890        2.6975402968
 H          5.7297217386       -4.5829946853        0.3100265568
 H          6.5655058698       -2.5470051683       -0.8124618141
 H          5.5246872292       -0.4810920434        1.8351512980
 H          3.0792132234       -0.5837389296        1.8104689003
 H          2.3242421824        2.6351019732       -0.0798807261
 H          0.9686384085        4.6750008127       -0.1227663879
 H         -1.4914642094        4.5331844479       -0.2679530785
 H         -2.6044961448        2.3495748258       -0.3008851590
 H         -3.0841770270        0.6474170627        1.7968846872
 H         -5.5287410342        0.5267488388        1.8174259948
 H         -9.1070459179       -3.4314763028       -1.8343148719
 H        -11.1197534936       -4.7488420635       -2.4476002467
 H        -13.3631567688       -3.8660249904       -1.9494905324
 H        -14.8049338242       -2.1225388595       -1.0471886705
 H        -15.0735368344        0.0834541840        0.0060866098
 H        -14.1195178241        2.1131965256        0.9137513649
 H        -12.1572247206        3.4960782016        1.4756216230
 H         -9.8989868258        2.6598079062        1.0827736095
 H         -8.3832528386        1.2813469765        2.8298285046
 H         -7.5779539288        3.3347400823        3.9420677142
 H         -6.2881918205        5.0055274937        2.6638875835
 H         -5.8059050263        4.6245846729        0.2742558581
 H         -6.6139086722        2.5710317469       -0.8365222912
 H         -5.4870718406       -1.0817548173       -2.1386486952
 H         -3.0163793214       -0.9667731232       -2.1524529725
 H         -2.3203866597       -2.5735008499       -0.0791014472
 H         -0.9649292617       -4.6134562331       -0.1098285364
 H          1.4956878197       -4.4722459448       -0.2485852359
 H          2.6088405066       -2.2889671215       -0.2851075290
 H          3.0304837912        1.0220626830       -2.1426049210
 H          5.5018512338        1.1190593258       -2.1243755794
 H          9.1592621227        3.4211600784       -1.8200391664
 H         11.1914566901        4.7062423070       -2.4366335670
 H         13.4216080048        3.7842640086       -1.9494856867
 H         14.8370345319        2.0134759591       -1.0589317027
 H         15.0723757324       -0.2006524999       -0.0148772383
 H         14.0874984143       -2.2173074880        0.8892494932
 H         12.1040847531       -3.5680550487        1.4553204403
 H          9.8589128196       -2.6907809550        1.0772495558
 H          8.3817104442       -1.2774853263        2.8379788933
 H          7.5489275035       -3.3135398924        3.9618270087
  118
 Etot=        -187.4523326228
 C          6.5860602996       -4.0734603297        2.2054972147
 C          6.3064978500       -3.8577394067        0.8665718630
 C          6.7738349310       -2.7210413349        0.2320905027
 C          7.5265276693       -1.7954388809        0.9445465676
 N          7.9657882500       -0.6194364227        0.3073497679
 C          7.1350510612        0.3463185333       -0.2161120969
 C          5.6823598081        0.2872089285       -0.1680910731
 C          4.9888383917       -0.1815002593        0.9462043303
 C          3.6092823153       -0.2296756825        0.9375484129
 C          2.8872902279        0.1925905514       -0.1749620028
 C          1.4125189965        0.1123672614       -0.1833438845
 C          0.6456244887        1.2859781018       -0.1793807377
 C          1.2480484853        2.5708188716       -0.1365208614
 C          0.4949170496        3.7038329541       -0.1578967815
 C         -0.9101049914        3.6223630815       -0.2281166904
 C         -1.5278396355        2.4101179757       -0.2446480269
 C         -0.7814799529        1.2031111403       -0.1988425488
 C         -1.4081027513       -0.0512394937       -0.1887773040
 C         -2.8828170736       -0.1335852909       -0.1856951777
 C         -3.6098932082        0.2876845624        0.9238163788
 C         -4.9891033534        0.2292157226        0.9302034484
 C         -5.6772032501       -0.2490063426       -0.1834201812
 C         -7.1289326098       -0.3276766733       -0.2302398109
 N         -7.7847124070       -1.3214166362       -0.7743629033
 C         -9.1025400338       -1.0378186523       -0.6061672851
 C        -10.2230939345       -1.8259294480       -0.9971863123
 C        -10.0961283793       -3.0593652420       -1.6250170617
 C        -11.2237919383       -3.7877964703       -1.9630486849
 C        -12.4823894440       -3.2940512740       -1.6837391797
 C        -12.6467524214       -2.0543363918       -1.0595324587
 C        -13.9404684947       -1.5278263150       -0.7779842764
 C        -14.0879755213       -0.3160775913       -0.1979266663
 C        -12.9584232527        0.4768559359        0.1603215163
 C        -13.1189868725        1.7407140974        0.7341579853
 C        -12.0209892590        2.5106334156        1.0531480112
 C        -10.7392851253        2.0331435413        0.8380170130
 C        -10.5312711520        0.7660086649        0.2966614664
 C        -11.6556496448       -0.0254550757       -0.0793321192
 C        -11.5041050606       -1.2966257443       -0.7024532137
 C         -9.2538561127        0.1841189240        0.0517305392
 N         -7.9735210368        0.6236935188        0.2972595207
 C         -7.5505030163        1.8085311291        0.9291551069
 C         -7.8232707678        2.0198360265        2.2772089577
 C         -7.3694643135        3.1706178571        2.8946711910
 C         -6.6409136940        4.1060072556        2.1774052676
 C         -6.3665942952        3.8912676259        0.8372560550
 C         -6.8184984211        2.7448286365        0.2091742459
 C         -4.9495301737       -0.6971139425       -1.2854364178
 C         -3.5713967732       -0.6370247107       -1.2866737937
 C         -0.6412044366       -1.2249116145       -0.1777839472
 C         -1.2438217784       -2.5095961146       -0.1325357725
 C         -0.4907273895       -3.6427265068       -0.1473323881
 C          0.9144895354       -3.5615275178       -0.2132564902
 C          1.5323426227       -2.3493710108       -0.2315531334
 C          0.7859269906       -1.1421279756       -0.1920196528
 C          3.5813265731        0.6902581945       -1.2750866556
 C          4.9599230609        0.7400028431       -1.2715978707
 N          7.8051003441        1.3299873444       -0.7610088078
 C          9.1187640694        1.0247173924       -0.5975852776
 C         10.2509558052        1.7948209699       -0.9909825815
 C         10.1424966360        3.0318963052       -1.6151022308
 C         11.2810307334        3.7421826460       -1.9553657934
 C         12.5321644573        3.2264797788       -1.6822993064
 C         12.6779304362        1.9823069794       -1.0623507533
 C         13.9636516123        1.4328603688       -0.7880431753
 C         14.0929455043        0.2167363165       -0.2128063730
 C         12.9515375310       -0.5578582076        0.1479580379
 C         13.0928080058       -1.8264529356        0.7164041419
 C         11.9831180902       -2.5783448056        1.0379506271
 C         10.7089010254       -2.0777017516        0.8311326694
 C         10.5204650272       -0.8051770477        0.2952858618
 C         11.6565680163       -0.0322200241       -0.0838105626
 C         11.5240107807        1.2431499607       -0.7026682878
 C          9.2522317776       -0.2006000101        0.0578137586
 C          7.8047952370       -2.0077815740        2.2913324538
 C          7.3354736350       -3.1488273049        2.9151715390
 H          6.2200904089       -4.9617951629        2.6973474032
 H          5.7243412434       -4.5778860746        0.3116035832
 H          6.5603538290       -2.5418847642       -0.8111947236
 H          5.5236330898       -0.4913969365        1.8311200057
 H          3.0780634932       -0.5913589478        1.8062867577
 H          2.3243906560        2.6337837221       -0.0835692850
 H          0.9680659298        4.6740122670       -0.1251087125
 H         -1.4914696351        4.5319566497       -0.2645641001
 H         -2.6048139303        2.3482907621       -0.2951762699
 H         -3.0829092195        0.6550669157        1.7927479174
 H         -5.5276071129        0.5374137552        1.8134467788
 H         -9.1050681755       -3.4298684953       -1.8340921778
 H        -11.1181340008       -4.7474540719       -2.4477380963
 H        -13.3611547047       -3.8642468694       -1.9500842674
 H        -14.8025209456       -2.1215010165       -1.0477575967
 H        -15.0711718798        0.0843038087        0.0057329137
 H        -14.1171822119        2.1133480992        0.9135162364
 H        -12.1554913603        3.4957471430        1.4758427804
 H         -9.8973213637        2.6605376094        1.0836656590
 H         -8.3893849272        1.2820703038        2.8272057020
 H         -7.5816202836        3.3345980693        3.9404854029
 H         -6.2869225573        5.0018714094        2.6643379849
 H         -5.8005239297        4.6196127791        0.2763785350
 H         -6.6086761623        2.5661455108       -0.8349418431
 H         -5.4863971896       -1.0868986741       -2.1359724732
 H         -3.0146113910       -0.9724729266       -2.1497371249
 H         -2.3203112081       -2.5724792662       -0.0830224251
 H         -0.9641010054       -4.6127254609       -0.1126333564
 H          1.4959373327       -4.4712455469       -0.2449951570
 H          2.6095050951       -2.2880109763       -0.2786860744
 H          3.0286058403        1.0273473295       -2.1401221259
 H          5.5011774082        1.1235460581       -2.1221975748
 H          9.1570641613        3.4196707201       -1.8194419926
 H         11.1897564283        4.7048571145       -2.4369797204
 H         13.4194233233        3.7825106818       -1.9504249980
 H         14.8345588793        2.0126143861       -1.0596382072
 H         15.0700211234       -0.2012042588       -0.0150502448
 H         14.0852110415       -2.2171335702        0.8893984105
 H         12.1024789351       -3.5673404656        1.4561119719
 H          9.8572985310       -2.6912007377        1.0786676042
 H          8.3873510724       -1.2784122622        2.8353105697
 H          7.5520767236       -3.3136359840        3.9599444744
