  95
 Etot=        -149.8353285020
 O         -6.8204979309        1.4815123686        2.1989499760
 C         -6.1913077846        0.9579590750        1.2933226490
 C         -4.7296192785        0.9083800630        1.2275848179
 C         -3.9924772929        1.5181005053        2.2313605032
 C         -2.6106733943        1.6065007936        2.1376829453
 C         -1.9290017636        1.0233135907        1.0831959518
 C         -0.5340788403        1.3890389997        0.8274059224
 C         -0.2089381739        1.9018507958       -0.4304410949
 C          1.0583026416        2.3582518085       -0.7058665281
 C          2.0673324597        2.2791881058        0.2587478326
 N          3.3589238527        2.7130605198       -0.0167206661
 C          4.1480940328        3.2461791394        1.0208996180
 C          3.6002443068        4.1453543342        1.9341501160
 C          4.3814770448        4.6695950021        2.9466178895
 C          5.7157383269        4.3122987971        3.0586750439
 C          6.2649130090        3.4210766820        2.1509005931
 C          5.4889157652        2.8869930563        1.1394927317
 C          3.8759122569        2.6945466903       -1.3195981570
 C          3.5355170535        1.6792649888       -2.2144499406
 C          4.0640742956        1.6687757206       -3.4908854719
 C          4.9423931211        2.6597408132       -3.8981277845
 C          5.2842236554        3.6704260353       -3.0143122391
 C          4.7548068884        3.6943210756       -1.7380912336
 C          1.7436272224        1.7618501246        1.5173462017
 C          0.4593227082        1.3501723259        1.8022646142
 C         -2.6412694214        0.2177408622        0.1513284415
 C         -1.9872119904       -0.6186672993       -0.7971833217
 C         -0.6072351823       -1.0733029713       -0.5839539704
 C         -0.2699352805       -1.6031964140        0.6635343779
 C          0.9523237501       -2.1985651713        0.8758535519
 C          1.8923156830       -2.2787799647       -0.1547722160
 N          3.1028832270       -2.9392770251        0.0461878067
 C          3.1590669382       -4.0886494877        0.8462536664
 C          2.1117568100       -5.0100562521        0.8473326313
 C          2.1807147360       -6.1408368353        1.6382836372
 C          3.2929319812       -6.3781213321        2.4300817308
 C          4.3397766024       -5.4703869987        2.4259143050
 C          4.2762782720       -4.3323015565        1.6449773919
 C          4.2723391447       -2.4898203106       -0.5866901396
 C          5.1519046230       -3.3985295695       -1.1737593669
 C          6.3051252610       -2.9497053126       -1.7884806839
 C          6.5939856271       -1.5949678913       -1.8320260147
 C          5.7233573018       -0.6899256025       -1.2477079919
 C          4.5717196712       -1.1297113457       -0.6233880995
 C          1.5762552416       -1.7092207286       -1.3906684778
 C          0.3403834489       -1.1328947429       -1.6032425436
 C         -2.7237149472       -1.1694271646       -1.8325236011
 C         -4.1020630146       -1.0137095326       -1.9035160975
 C         -4.7794533553       -0.3647115031       -0.8841826168
 C         -4.0586144667        0.2535162937        0.1660379088
 C         -6.2083239047       -0.2899585211       -0.8418548676
 N         -7.0493211793       -0.7694022868       -1.7135860877
 C         -8.3015375379       -0.4557628417       -1.2441193553
 C         -9.5498755092       -0.7320933643       -1.7878765785
 C        -10.6609991592       -0.2963774908       -1.0927607042
 C        -10.5454917217        0.3968065866        0.1114714607
 C         -9.3114023271        0.6827878158        0.6693276519
 C         -8.1968869025        0.2483409611       -0.0224067633
 N         -6.8347736068        0.3517578983        0.2261965461
 H         -4.5239993446        1.9834040460        3.0486556706
 H         -2.0633437009        2.1890760092        2.8634126757
 H         -0.9775851314        1.9775831214       -1.1855967324
 H          1.2728313521        2.7944254297       -1.6696192805
 H          2.5626201393        4.4316942741        1.8407341167
 H          3.9471508657        5.3683665614        3.6466681058
 H          6.3240550325        4.7270600701        3.8484059056
 H          7.3029452324        3.1341241817        2.2340884779
 H          5.9168352942        2.1897516141        0.4348242173
 H          2.8611227680        0.8959060265       -1.9041442046
 H          3.7951401171        0.8725534793       -4.1694000725
 H          5.3561227512        2.6452923032       -4.8952177511
 H          5.9627889884        4.4528173566       -3.3218583319
 H          5.0183771153        4.4916555801       -1.0586714612
 H          2.5104591084        1.6868191073        2.2740661486
 H          0.2318695669        0.9530605531        2.7803175167
 H         -0.9922479422       -1.5713195893        1.4661723955
 H          1.1866152444       -2.6207449137        1.8418385380
 H          1.2475128156       -4.8354467973        0.2230744478
 H          1.3633535113       -6.8472773226        1.6283298390
 H          3.3438654087       -7.2647535595        3.0440712782
 H          5.2103214641       -5.6455439459        3.0412994059
 H          5.0909457525       -3.6228993899        1.6492437914
 H          4.9227541967       -4.4539470913       -1.1448732467
 H          6.9781896727       -3.6618415925       -2.2433371999
 H          7.4933361937       -1.2464078668       -2.3171217541
 H          5.9436424562        0.3664952209       -1.2795620918
 H          3.8981823587       -0.4289390536       -0.1531325814
 H          2.2982293989       -1.7530579263       -2.1932147303
 H          0.1067395178       -0.7168112972       -2.5721908813
 H         -2.2214379201       -1.7802742271       -2.5675628040
 H         -4.6730413282       -1.4498907619       -2.7078909904
 H         -9.6339550598       -1.2684293008       -2.7196080985
 H        -11.6457129354       -0.4959294429       -1.4887532376
 H        -11.4401878347        0.7190183826        0.6227746454
 H         -9.2145984205        1.2183635873        1.6004512179
  95
 Etot=        -149.8354481330
 O         -6.8191447063        1.4810571578        2.1977705697
 C         -6.1932649527        0.9584249585        1.2941847932
 C         -4.7288595352        0.9085764673        1.2271955492
 C         -3.9926170813        1.5181847080        2.2294580095
 C         -2.6099842223        1.6061821802        2.1358367526
 C         -1.9287617789        1.0214232213        1.0834398506
 C         -0.5331107696        1.3853706820        0.8271974498
 C         -0.2083519478        1.8994273048       -0.4295972928
 C          1.0590986602        2.3550690243       -0.7056546621
 C          2.0678418751        2.2749846480        0.2583733705
 N          3.3589931075        2.7098527136       -0.0167002897
 C          4.1474919433        3.2435515166        1.0199728325
 C          3.5994197651        4.1420454152        1.9334750336
 C          4.3805944938        4.6669065690        2.9453281666
 C          5.7147513195        4.3104619453        3.0569541378
 C          6.2641465440        3.4199365027        2.1491100697
 C          5.4885423251        2.8855802232        1.1378204703
 C          3.8758476819        2.6911722651       -1.3186405294
 C          3.5350263863        1.6761263755       -2.2133955077
 C          4.0649236670        1.6653743875       -3.4889622941
 C          4.9429007565        2.6565032250       -3.8958959702
 C          5.2843501969        3.6670927225       -3.0123255146
 C          4.7552220058        3.6906295257       -1.7362986398
 C          1.7450912045        1.7559244885        1.5158249649
 C          0.4607356791        1.3439105738        1.8005916032
 C         -2.6411880119        0.2174151992        0.1515270708
 C         -1.9871168615       -0.6172595393       -0.7975166710
 C         -0.6067220873       -1.0706303214       -0.5839319634
 C         -0.2698150173       -1.6008029082        0.6630496544
 C          0.9527913810       -2.1949016840        0.8764401847
 C          1.8930566532       -2.2743888518       -0.1533333726
 N          3.1027303977       -2.9357829712        0.0473498460
 C          3.1586907533       -4.0856162079        0.8460749649
 C          2.1109289736       -5.0061584293        0.8478723071
 C          2.1804998004       -6.1378296811        1.6371904780
 C          3.2930908779       -6.3761209329        2.4275948695
 C          4.3399882362       -5.4689828148        2.4232731146
 C          4.2764955444       -4.3305496499        1.6431720008
 C          4.2712110261       -2.4864478569       -0.5852571044
 C          5.1508005524       -3.3955193578       -1.1713537451
 C          6.3034192876       -2.9469001292       -1.7865669923
 C          6.5911798564       -1.5922128957       -1.8321418588
 C          5.7202878008       -0.6865712342       -1.2493060077
 C          4.5693191673       -1.1260534308       -0.6236727393
 C          1.5779403834       -1.7041981926       -1.3887703728
 C          0.3419817526       -1.1280022358       -1.6016831907
 C         -2.7236747843       -1.1691313797       -1.8310327760
 C         -4.1026473399       -1.0133524896       -1.9019358445
 C         -4.7792621038       -0.3645320533       -0.8835624846
 C         -4.0579667441        0.2535282837        0.1663943156
 C         -6.2089154471       -0.2900194107       -0.8410690541
 N         -7.0489027488       -0.7697176121       -1.7127980850
 C         -8.3005199169       -0.4563025194       -1.2440489510
 C         -9.5486696233       -0.7324943847       -1.7879037961
 C        -10.6593906170       -0.2965406137       -1.0929615522
 C        -10.5437890231        0.3968979535        0.1111317834
 C         -9.3102619315        0.6827958461        0.6693668631
 C         -8.1960821280        0.2480846338       -0.0222907502
 N         -6.8352516136        0.3515984799        0.2265585775
 H         -4.5237135679        1.9827793877        3.0467401768
 H         -2.0620196076        2.1905087289        2.8601568141
 H         -0.9770658617        1.9740564969       -1.1846233265
 H          1.2744014713        2.7911484478       -1.6692391677
 H          2.5616257241        4.4274552308        1.8399992448
 H          3.9467120830        5.3661886611        3.6447061927
 H          6.3228646029        4.7255001236        3.8462049198
 H          7.3020935326        3.1335957128        2.2321746652
 H          5.9158979102        2.1870641501        0.4339164214
 H          2.8589476802        0.8939673830       -1.9041598936
 H          3.7955257471        0.8696290803       -4.1676835498
 H          5.3556626241        2.6429301728       -4.8930046542
 H          5.9617760819        4.4499310557       -3.3201944738
 H          5.0177195142        4.4881393408       -1.0567186899
 H          2.5118751426        1.6833828566        2.2727929730
 H          0.2323849027        0.9498024453        2.7798061940
 H         -0.9926347063       -1.5685639387        1.4649478205
 H          1.1869123160       -2.6185123268        1.8417306505
 H          1.2467984863       -4.8306712612        0.2238514050
 H          1.3631861628       -6.8438905590        1.6271755600
 H          3.3440838098       -7.2626660635        3.0410695502
 H          5.2102374733       -5.6443818371        3.0384578670
 H          5.0912197704       -3.6212449580        1.6470330453
 H          4.9218106587       -4.4508858885       -1.1411454129
 H          6.9765356499       -3.6589777944       -2.2408151491
 H          7.4904562153       -1.2441345730       -2.3170648693
 H          5.9412374514        0.3698835901       -1.2813586033
 H          3.8973605379       -0.4256591213       -0.1503569053
 H          2.3003898234       -1.7484911970       -2.1909975995
 H          0.1079869855       -0.7129850454       -2.5712748133
 H         -2.2209638593       -1.7814093605       -2.5651541913
 H         -4.6735037187       -1.4490146605       -2.7064157732
 H         -9.6327884740       -1.2687855786       -2.7192708593
 H        -11.6441848252       -0.4958719170       -1.4889380466
 H        -11.4387032003        0.7192329257        0.6218513490
 H         -9.2131138998        1.2181760193        1.5997383322
  95
 Etot=        -149.8355184809
 O         -6.8182997484        1.4813943313        2.1980787279
 C         -6.1959890779        0.9592648505        1.2957767909
 C         -4.7278766340        0.9089209381        1.2269466140
 C         -3.9930636012        1.5192410536        2.2275624628
 C         -2.6093910996        1.6072454191        2.1336955235
 C         -1.9289344666        1.0199870286        1.0838893616
 C         -0.5320292914        1.3812066979        0.8276770541
 C         -0.2078044911        1.8957522189       -0.4284649727
 C          1.0600404257        2.3495858465       -0.7054347784
 C          2.0684641465        2.2673007147        0.2580835579
 N          3.3593420141        2.7030660823       -0.0166278235
 C          4.1466957489        3.2376644799        1.0190461508
 C          3.5980152006        4.1356919123        1.9325009477
 C          4.3791119386        4.6621807466        2.9433059116
 C          5.7136057430        4.3074493012        3.0541820176
 C          6.2635212898        3.4171196019        2.1466953502
 C          5.4882049607        2.8812971761        1.1362572419
 C          3.8759129203        2.6842132450       -1.3176045932
 C          3.5339863261        1.6699362092       -2.2127651208
 C          4.0653346757        1.6591501684       -3.4875013651
 C          4.9436444802        2.6501414182       -3.8936977922
 C          5.2846268748        3.6606917059       -3.0101832782
 C          4.7556671673        3.6836068000       -1.7343435434
 C          1.7468952684        1.7467997791        1.5146621650
 C          0.4620688856        1.3361392223        1.7997936016
 C         -2.6413469767        0.2170816698        0.1517312736
 C         -1.9874795877       -0.6163708860       -0.7979500902
 C         -0.6063143162       -1.0673256563       -0.5840376352
 C         -0.2703314534       -1.5973744001        0.6628299814
 C          0.9529346413       -2.1890434077        0.8779616875
 C          1.8940411793       -2.2666324089       -0.1506947619
 N          3.1028776615       -2.9287583224        0.0500770992
 C          3.1581996394       -4.0796660925        0.8463942544
 C          2.1095759657       -4.9990123035        0.8484477126
 C          2.1796573136       -6.1322272399        1.6352876492
 C          3.2930742101       -6.3725852519        2.4236139303
 C          4.3405251795       -5.4663627379        2.4194298419
 C          4.2769455937       -4.3268199975        1.6412781888
 C          4.2703443926       -2.4794707178       -0.5819847447
 C          5.1498557227       -3.3890389265       -1.1672454828
 C          6.3015186341       -2.9406601623       -1.7837598163
 C          6.5875771453       -1.5858395758       -1.8322669032
 C          5.7169357784       -0.6796122257       -1.2500239533
 C          4.5672621367       -1.1187880738       -0.6219856549
 C          1.5804048671       -1.6957773743       -1.3859268550
 C          0.3439086115       -1.1211654154       -1.5999508170
 C         -2.7236528607       -1.1697022812       -1.8296306790
 C         -4.1033613423       -1.0138686730       -1.9005132721
 C         -4.7787801612       -0.3648383355       -0.8830812250
 C         -4.0573420979        0.2534717172        0.1667650243
 C         -6.2091757315       -0.2903095685       -0.8401748654
 N         -7.0481140271       -0.7703800883       -1.7118781620
 C         -8.2993254921       -0.4573664296       -1.2441285882
 C         -9.5473922715       -0.7333854036       -1.7880975554
 C        -10.6577307645       -0.2967983467       -1.0934371509
 C        -10.5421004107        0.3970833575        0.1104864560
 C         -9.3091172263        0.6828369319        0.6692397298
 C         -8.1951216782        0.2475319872       -0.0223447358
 N         -6.8354930226        0.3511986420        0.2269019865
 H         -4.5234168297        1.9846825975        3.0443562245
 H         -2.0607682859        2.1929690595        2.8567640169
 H         -0.9772610427        1.9715022899       -1.1825354020
 H          1.2761381098        2.7865468282       -1.6683815720
 H          2.5596502980        4.4189637800        1.8391743893
 H          3.9451108576        5.3611660409        3.6425887541
 H          6.3215169387        4.7233709764        3.8427403393
 H          7.3018277194        3.1325298520        2.2289960534
 H          5.9156400586        2.1834456135        0.4316479532
 H          2.8566239925        0.8887016691       -1.9045302765
 H          3.7966337593        0.8631139666       -4.1660521143
 H          5.3568921714        2.6366028734       -4.8902864541
 H          5.9617447577        4.4435585277       -3.3178801334
 H          5.0178271746        4.4804010824       -1.0538553406
 H          2.5148938096        1.6722854278        2.2701590726
 H          0.2344737948        0.9383654549        2.7778569793
 H         -0.9946592890       -1.5661353829        1.4632413992
 H          1.1873002176       -2.6131772989        1.8428655649
 H          1.2447979495       -4.8209938228        0.2261136516
 H          1.3619209735       -6.8374764037        1.6251695596
 H          3.3445249927       -7.2600693656        3.0352057683
 H          5.2114567508       -5.6434845307        3.0327509879
 H          5.0922915460       -3.6182487628        1.6440476285
 H          4.9211605171       -4.4443546476       -1.1346184516
 H          6.9751362312       -3.6528097531       -2.2366701222
 H          7.4857090579       -1.2380507143       -2.3189958485
 H          5.9368174329        0.3770511791       -1.2856621948
 H          3.8946097227       -0.4186067024       -0.1492540322
 H          2.3045477588       -1.7382473659       -2.1867970030
 H          0.1111058177       -0.7039654221       -2.5691565537
 H         -2.2203826761       -1.7828247089       -2.5631102732
 H         -4.6740112965       -1.4499359828       -2.7047114522
 H         -9.6314550636       -1.2698192718       -2.7191011496
 H        -11.6426190564       -0.4957468471       -1.4893506833
 H        -11.4373844715        0.7196895743        0.6203219104
 H         -9.2114736080        1.2182243785        1.5989455699
  95
 Etot=        -149.8355539647
 O         -6.8184942778        1.4820506559        2.1989262548
 C         -6.1974569700        0.9597385842        1.2965142854
 C         -4.7277338047        0.9094206279        1.2268489746
 C         -3.9936511171        1.5208824477        2.2267132487
 C         -2.6094333509        1.6084753820        2.1330037470
 C         -1.9294633054        1.0195686273        1.0843905917
 C         -0.5316581031        1.3784989198        0.8284010424
 C         -0.2080729052        1.8942773012       -0.4272963008
 C          1.0603024746        2.3459544083       -0.7049602789
 C          2.0689150132        2.2606466486        0.2580048722
 N          3.3598975017        2.6964702319       -0.0166979077
 C          4.1465121035        3.2317663907        1.0186708790
 C          3.5969566098        4.1292173723        1.9322126285
 C          4.3778859094        4.6573307825        2.9422459469
 C          5.7130208140        4.3046473575        3.0523328557
 C          6.2637621672        3.4146613881        2.1449551942
 C          5.4886512138        2.8772506362        1.1353081587
 C          3.8760208215        2.6778588753       -1.3175226860
 C          3.5332311278        1.6643196843       -2.2132606188
 C          4.0656137266        1.6533465147       -3.4875485302
 C          4.9448002948        2.6438372011       -3.8930471331
 C          5.2856929147        3.6542787962       -3.0093308568
 C          4.7563724417        3.6770179490       -1.7337050661
 C          1.7484122212        1.7378015486        1.5137685220
 C          0.4631508821        1.3285965626        1.7993447999
 C         -2.6418983560        0.2170217981        0.1518783043
 C         -1.9881137244       -0.6161426713       -0.7981912737
 C         -0.6063748242       -1.0651422214       -0.5839889176
 C         -0.2714280212       -1.5954689770        0.6629845795
 C          0.9526681859       -2.1846065784        0.8795176900
 C          1.8947412532       -2.2600897797       -0.1483612811
 N          3.1035129005       -2.9220388450        0.0529437592
 C          3.1581422259       -4.0740585405        0.8473311036
 C          2.1085400530       -4.9923131451        0.8492291936
 C          2.1786718936       -6.1269943285        1.6339217215
 C          3.2930409835       -6.3698315081        2.4201711909
 C          4.3413850207       -5.4645856256        2.4162556273
 C          4.2777441459       -4.3235870479        1.6403499891
 C          4.2705283620       -2.4727156936       -0.5791598721
 C          5.1502834870       -3.3825406001       -1.1637474131
 C          6.3010880543       -2.9342206111       -1.7817498929
 C          6.5856164278       -1.5791569262       -1.8328068662
 C          5.7149195624       -0.6727075448       -1.2510126352
 C          4.5663934190       -1.1118283971       -0.6209202068
 C          1.5823279190       -1.6883193575       -1.3834797866
 C          0.3453072426       -1.1152968397       -1.5985506916
 C         -2.7237571891       -1.1703193577       -1.8293342637
 C         -4.1038373001       -1.0150252268       -1.8999712883
 C         -4.7786658887       -0.3655728743       -0.8828452437
 C         -4.0575297504        0.2534003361        0.1669592596
 C         -6.2091687756       -0.2907836159       -0.8396885870
 N         -7.0477874641       -0.7711071759       -1.7113411167
 C         -8.2990640271       -0.4582043447       -1.2441834727
 C         -9.5471181795       -0.7341274645       -1.7882715478
 C        -10.6573525301       -0.2969812358       -1.0938833884
 C        -10.5418023217        0.3972556283        0.1099112808
 C         -9.3089965749        0.6828776380        0.6689549754
 C         -8.1949888323        0.2470518028       -0.0224747663
 N         -6.8355509356        0.3508373190        0.2270163026
 H         -4.5234427410        1.9875442251        3.0431484963
 H         -2.0606337009        2.1948235246        2.8554405229
 H         -0.9781305334        1.9715770140       -1.1806020552
 H          1.2770142465        2.7832116364       -1.6675902403
 H          2.5581210109        4.4108369636        1.8389278557
 H          3.9434789705        5.3562845267        3.6412944242
 H          6.3209014989        4.7220380726        3.8401085309
 H          7.3024643338        3.1314223435        2.2268772522
 H          5.9161829971        2.1793308443        0.4308482039
 H          2.8549110617        0.8837499607       -1.9056787633
 H          3.7968667544        0.8574616756       -4.1662739099
 H          5.3586564636        2.6301439970       -4.8893471220
 H          5.9629627636        4.4371104258       -3.3167239233
 H          5.0184582161        4.4732526221       -1.0525680324
 H          2.5173732866        1.6609576968        2.2680466573
 H          0.2354932095        0.9302274049        2.7771873484
 H         -0.9971345389       -1.5657302486        1.4622078926
 H          1.1873739644       -2.6083227790        1.8444947065
 H          1.2432108320       -4.8121605473        0.2282605641
 H          1.3602804663       -6.8314660225        1.6235506661
 H          3.3445959029       -7.2584563008        3.0300618329
 H          5.2129420204       -5.6434685184        3.0281550426
 H          5.0934337285       -3.6154311170        1.6432210039
 H          4.9216739146       -4.4378114109       -1.1297030882
 H          6.9748124914       -3.6464249931       -2.2343517705
 H          7.4827018149       -1.2312987641       -2.3213700550
 H          5.9342594273        0.3839723872       -1.2884561675
 H          3.8939856921       -0.4119764055       -0.1474171654
 H          2.3077606655       -1.7290658454       -2.1832404154
 H          0.1130266513       -0.6974384123       -2.5676429869
 H         -2.2202029636       -1.7835260975       -2.5625720479
 H         -4.6742883577       -1.4517971888       -2.7038946409
 H         -9.6310352487       -1.2708361453       -2.7191248302
 H        -11.6422628343       -0.4956602024       -1.4898101677
 H        -11.4373117145        0.7201581110        0.6191670336
 H         -9.2110808977        1.2184698231        1.5984931032
  95
 Etot=        -149.8356118299
 O         -6.8196068173        1.4829276953        2.1999688990
 C         -6.1993186388        0.9601606697        1.2968638974
 C         -4.7284640589        0.9104198873        1.2266894008
 C         -3.9951313470        1.5241236891        2.2256096028
 C         -2.6103703223        1.6107718485        2.1325194492
 C         -1.9308008170        1.0194260745        1.0853815348
 C         -0.5317000248        1.3750093759        0.8300387554
 C         -0.2091275624        1.8933293726       -0.4249085889
 C          1.0604379293        2.3405963681       -0.7037109863
 C          2.0698638191        2.2484404223        0.2578360363
 N          3.3614497310        2.6833132127       -0.0170495110
 C          4.1468808468        3.2199376929        1.0182474100
 C          3.5953853741        4.1162443470        1.9318911484
 C          4.3758162552        4.6476518863        2.9405918698
 C          5.7123165326        4.2993261486        3.0492904627
 C          6.2647842302        3.4097095186        2.1424293340
 C          5.4901597701        2.8689362490        1.1342779026
 C          3.8765021896        2.6656364167       -1.3181843204
 C          3.5315562410        1.6539488428       -2.2153039647
 C          4.0653166757        1.6426158208       -3.4890778130
 C          4.9468974230        2.6315581497       -3.8931944560
 C          5.2882592365        3.6414562888       -3.0088596532
 C          4.7581869477        3.6641105253       -1.7335840822
 C          1.7508618511        1.7212870264        1.5121728162
 C          0.4644919079        1.3161050766        1.7989888167
 C         -2.6432546610        0.2170666636        0.1523279317
 C         -1.9894346217       -0.6158814639       -0.7982922730
 C         -0.6068589268       -1.0619351907       -0.5836444552
 C         -0.2737112687       -1.5928968083        0.6635995715
 C          0.9522013579       -2.1769256826        0.8826002874
 C          1.8963762487       -2.2480001992       -0.1437907351
 N          3.1056308663       -2.9087747361        0.0590635953
 C          3.1587107785       -4.0631720266        0.8498381492
 C          2.1071231154       -4.9793007589        0.8508985897
 C          2.1767272776       -6.1167822155        1.6315986225
 C          3.2926915574       -6.3648509644        2.4140744304
 C          4.3429080020       -5.4615870345        2.4111688296
 C          4.2795134192       -4.3175025677        1.6398655285
 C          4.2722200506       -2.4595518078       -0.5736817525
 C          5.1522326075       -3.3696669244       -1.1577020978
 C          6.3013000962       -2.9213868490       -1.7789113578
 C          6.5833662210       -1.5659079505       -1.8342874499
 C          5.7129960401       -0.6593202242       -1.2522884868
 C          4.5666780871       -1.0984476674       -0.6182333711
 C          1.5856431559       -1.6750471808       -1.3788533656
 C          0.3473157483       -1.1056747337       -1.5960387834
 C         -2.7242060331       -1.1712930361       -1.8291204479
 C         -4.1046808350       -1.0174120782       -1.8991649624
 C         -4.7790418018       -0.3671798710       -0.8823099852
 C         -4.0586230158        0.2532239494        0.1673333367
 C         -6.2093710353       -0.2919885181       -0.8389507100
 N         -7.0478299657       -0.7727336853       -1.7105080627
 C         -8.2994425723       -0.4596355090       -1.2441432212
 C         -9.5474328863       -0.7353732506       -1.7885489144
 C        -10.6576623485       -0.2971958272       -1.0947784420
 C        -10.5423505954        0.3976707362        0.1087547859
 C         -9.3096696227        0.6829980960        0.6682192364
 C         -8.1956065791        0.2462046560       -0.0227234371
 N         -6.8359152880        0.3501355555        0.2271406765
 H         -4.5242045479        1.9930791966        3.0413214234
 H         -2.0615961091        2.1976611792        2.8543771613
 H         -0.9806008294        1.9753928275       -1.1762969478
 H          1.2778431426        2.7794295616       -1.6653991641
 H          2.5555444638        4.3944606428        1.8390883447
 H          3.9400966206        5.3460127037        3.6395231502
 H          6.3200606137        4.7199066112        3.8355933188
 H          7.3044897546        3.1296481585        2.2234603088
 H          5.9185419845        2.1715238129        0.4299292377
 H          2.8511958237        0.8747824011       -1.9088772967
 H          3.7959166742        0.8473645105       -4.1683557977
 H          5.3621694060        2.6172490453       -4.8889757616
 H          5.9665858636        4.4237753124       -3.3154382496
 H          5.0205868727        4.4593926058       -1.0514925091
 H          2.5218426261        1.6378408215        2.2637401999
 H          0.2373454324        0.9137212496        2.7752930126
 H         -1.0021009940       -1.5669185911        1.4605748370
 H          1.1871320961       -2.6000604817        1.8477525152
 H          1.2407745016       -4.7951520900        0.2324790633
 H          1.3566777142       -6.8194301470        1.6207742469
 H          3.3441155344       -7.2560295714        3.0203924493
 H          5.2158068436       -5.6445273766        3.0200888932
 H          5.0962273446       -3.6105615891        1.6433337798
 H          4.9243388202       -4.4249787275       -1.1206946278
 H          6.9753474911       -3.6338080091       -2.2307672673
 H          7.4783709996       -1.2177439272       -2.3265980059
 H          5.9308017024        0.3974278902       -1.2935636106
 H          3.8941578274       -0.3988849459       -0.1446532178
 H          2.3134311293       -1.7120487944       -2.1765646557
 H          0.1162584826       -0.6857107235       -2.5644665133
 H         -2.2202462519       -1.7840697697       -2.5622855328
 H         -4.6748190805       -1.4556051768       -2.7025555204
 H         -9.6310139281       -1.2726205632       -2.7192317730
 H        -11.6425458435       -0.4954279234       -1.4908958703
 H        -11.4381245845        0.7212269520        0.6171443556
 H         -9.2114678430        1.2190605630        1.5976696478
  95
 Etot=        -149.8356690853
 O         -6.8218468217        1.4835973128        2.1999541266
 C         -6.2010922231        0.9604152841        1.2962356411
 C         -4.7305440926        0.9117496379        1.2264060217
 C         -3.9974303207        1.5277313428        2.2244937240
 C         -2.6124844267        1.6131927624        2.1323524955
 C         -1.9328527615        1.0197119549        1.0863692049
 C         -0.5325820001        1.3719596462        0.8317722128
 C         -0.2109857299        1.8944379678       -0.4218189670
 C          1.0602215532        2.3361034198       -0.7018070843
 C          2.0711249425        2.2342620594        0.2573392858
 N          3.3639071726        2.6665136251       -0.0179078593
 C          4.1481815447        3.2047145965        1.0175995094
 C          3.5940036131        4.0991886686        1.9315554797
 C          4.3734932726        4.6345079772        2.9389548597
 C          5.7117190006        4.2920342523        3.0460630080
 C          6.2665433876        3.4031592390        2.1397700407
 C          5.4927848584        2.8582224418        1.1331744816
 C          3.8773180766        2.6505013738       -1.3198521988
 C          3.5287324497        1.6416918345       -2.2188914485
 C          4.0637022006        1.6296671934       -3.4922459955
 C          4.9492923203        2.6157680997       -3.8945844218
 C          5.2922555493        3.6244454772       -3.0092964076
 C          4.7613346243        3.6474286697       -1.7343763164
 C          1.7533683507        1.7015322448        1.5096867114
 C          0.4655308186        1.3018018364        1.7980766850
 C         -2.6453110937        0.2173481062        0.1530315692
 C         -1.9911635386       -0.6154332090       -0.7978225221
 C         -0.6077716295       -1.0585438846       -0.5826407493
 C         -0.2763662770       -1.5906014803        0.6647027678
 C          0.9519116732       -2.1683391112        0.8863943172
 C          1.8989031726       -2.2336622364       -0.1380055989
 N          3.1094046883       -2.8919069781        0.0672504767
 C          3.1606406745       -4.0495933840        0.8533756537
 C          2.1066090126       -4.9630802383        0.8528907924
 C          2.1748749083       -6.1039256914        1.6288055850
 C          3.2923568119       -6.3587589032        2.4070343474
 C          4.3449980340       -5.4581536111        2.4057082430
 C          4.2824247084       -4.3101105737        1.6402000955
 C          4.2756142595       -2.4428943293       -0.5669069223
 C          5.1557221351       -3.3530409298       -1.1510009299
 C          6.3025629801       -2.9046121977       -1.7762616906
 C          6.5821804548       -1.5487549488       -1.8360111163
 C          5.7125497884       -0.6423218240       -1.2527975193
 C          4.5688184991       -1.0816496550       -0.6141469885
 C          1.5893419410       -1.6598312576       -1.3729847781
 C          0.3491893334       -1.0952063573       -1.5926134897
 C         -2.7251880405       -1.1720266831       -1.8286227836
 C         -4.1058596160       -1.0199474104       -1.8979952846
 C         -4.7804037672       -0.3689739678       -0.8814060493
 C         -4.0607137193        0.2531338235        0.1678176726
 C         -6.2104174125       -0.2936905513       -0.8381689334
 N         -7.0488953237       -0.7750080333       -1.7095931223
 C         -8.3008899506       -0.4612274417       -1.2438778869
 C         -9.5487304950       -0.7367695929       -1.7887513041
 C        -10.6591130821       -0.2973705572       -1.0958809242
 C        -10.5441486016        0.3982867782        0.1072538088
 C         -9.3115008913        0.6833127877        0.6671182047
 C         -8.1973829001        0.2453899951       -0.0230130737
 N         -6.8371723209        0.3494067962        0.2272408579
 H         -4.5262340617        1.9991080606        3.0391414436
 H         -2.0639028682        2.2002295547        2.8540491785
 H         -0.9842103722        1.9834861098       -1.1706648093
 H          1.2781488405        2.7776052716       -1.6621172079
 H          2.5529375384        4.3732168625        1.8396692303
 H          3.9357065124        5.3316953034        3.6379055528
 H          6.3190200226        4.7165455113        3.8307638760
 H          7.3074782919        3.1271255399        2.2199614391
 H          5.9228487538        2.1615326882        0.4292475884
 H          2.8452462847        0.8647207426       -1.9139194798
 H          3.7925554901        0.8357288941       -4.1724443117
 H          5.3663393249        2.6003757330       -4.8897328789
 H          5.9728269447        4.4053908943       -3.3147039940
 H          5.0252323758        4.4414044453       -1.0513583733
 H          2.5265134004        1.6094236928        2.2581367499
 H          0.2386958656        0.8950648731        2.7725899887
 H         -1.0077469503       -1.5697197889        1.4591556354
 H          1.1866884746       -2.5910316184        1.8517568914
 H          1.2392113022       -4.7742910472        0.2373242059
 H          1.3525569939       -6.8040566764        1.6172256217
 H          3.3431125083       -7.2531717515        3.0088399539
 H          5.2192350361       -5.6463839668        3.0112673960
 H          5.1006124189       -3.6049051827        1.6452126487
 H          4.9289421091       -4.4084795739       -1.1113132288
 H          6.9763878193       -3.6171528116       -2.2283825085
 H          7.4746041449       -1.2000694530       -2.3328590145
 H          5.9288419867        0.4144729656       -1.2974965931
 H          3.8968448501       -0.3822738162       -0.1397073388
 H          2.3194986367       -1.6925483947       -2.1686302071
 H          0.1190403817       -0.6736150086       -2.5604386987
 H         -2.2207555783       -1.7839825265       -2.5619510132
 H         -4.6757761597       -1.4597636540       -2.7007064352
 H         -9.6319189655       -1.2746801135       -2.7192128586
 H        -11.6438972234       -0.4952280218       -1.4923883599
 H        -11.4400625838        0.7227152907        0.6148413768
 H         -9.2132616211        1.2200239443        1.5964518649
  95
 Etot=        -149.8357145362
 O         -6.8248644878        1.4842138659        2.1985814954
 C         -6.2027843944        0.9607371063        1.2949544710
 C         -4.7335086801        0.9131344081        1.2260113319
 C         -4.0001516228        1.5305524789        2.2235504089
 C         -2.6153711566        1.6150780410        2.1323521046
 C         -1.9352319588        1.0204039338        1.0870631531
 C         -0.5342390973        1.3704303632        0.8329885981
 C         -0.2131656482        1.8975843536       -0.4188501682
 C          1.0597062332        2.3339089785       -0.6997980912
 C          2.0723335852        2.2218909534        0.2563911443
 N          3.3667131017        2.6500355057       -0.0192410658
 C          4.1501328975        3.1896115836        1.0165393224
 C          3.5932024264        4.0818851383        1.9310261340
 C          4.3713996737        4.6205396402        2.9376478726
 C          5.7111787300        4.2838135624        3.0435022529
 C          6.2684313652        3.3961010968        2.1375393197
 C          5.4958684810        2.8474992913        1.1319341618
 C          3.8782990862        2.6359775046       -1.3221243829
 C          3.5247484920        1.6307315346       -2.2232660778
 C          4.0603684906        1.6177947971       -3.4963839470
 C          4.9510792928        2.6000474930       -3.8968865043
 C          5.2972070319        3.6066047923       -3.0103587304
 C          4.7658001668        3.6302806313       -1.7356212414
 C          1.7550244538        1.6841384220        1.5067119557
 C          0.4657272076        1.2900772755        1.7966132502
 C         -2.6475918325        0.2178568889        0.1538383428
 C         -1.9928733660       -0.6148180522       -0.7967632385
 C         -0.6088806703       -1.0558528089       -0.5810414394
 C         -0.2783399108       -1.5888471831        0.6662055717
 C          0.9521966842       -2.1607623451        0.8901060020
 C          1.9019326360       -2.2206514489       -0.1322499120
 N          3.1141416340       -2.8754395724        0.0756481711
 C          3.1639362536       -4.0366223023        0.8569421439
 C          2.1077850860       -4.9477452832        0.8544159588
 C          2.1742068599       -6.0916614923        1.6258975356
 C          3.2924984490       -6.3528265823        2.4008199766
 C          4.3473667208       -5.4548026428        2.4013546495
 C          4.2861337219       -4.3030660057        1.6412090485
 C          4.2798980909       -2.4266471486       -0.5603362977
 C          5.1594886570       -3.3364626181       -1.1458244342
 C          6.3041516691       -2.8876867250       -1.7748897709
 C          6.5824108507       -1.5316856767       -1.8370831799
 C          5.7141375985       -0.6257155449       -1.2512702969
 C          4.5726442033       -1.0653972276       -0.6087171385
 C          1.5924154085       -1.6469620574       -1.3672260721
 C          0.3503240014       -1.0871157645       -1.5889640225
 C         -2.7265838194       -1.1722625213       -1.8275742652
 C         -4.1072387245       -1.0216214464       -1.8965322381
 C         -4.7825466734       -0.3702079060       -0.8803029077
 C         -4.0632396655        0.2532850835        0.1683018705
 C         -6.2123871152       -0.2952912188       -0.8375549035
 N         -7.0508777460       -0.7772789916       -1.7088073543
 C         -8.3030792867       -0.4625772218       -1.2435217984
 C         -9.5507204815       -0.7380598914       -1.7888567364
 C        -10.6613688798       -0.2976010566       -1.0969598828
 C        -10.5467684905        0.3988979729        0.1056807815
 C         -9.3141324830        0.6838338679        0.6658431781
 C         -8.1999265418        0.2449618767       -0.0233543137
 N         -6.8393811537        0.3489899478        0.2272389761
 H         -4.5293907273        2.0033006605        3.0371936127
 H         -2.0669893099        2.2019372262        2.8542836946
 H         -0.9879703051        1.9942086030       -1.1651593586
 H          1.2777783604        2.7788685354       -1.6584967343
 H          2.5510230598        4.3519803464        1.8402556573
 H          3.9312472881        5.3160812083        3.6368174311
 H          6.3177136136        4.7118097432        3.8269752931
 H          7.3105395657        3.1241611546        2.2170025157
 H          5.9282694143        2.1518814180        0.4284517255
 H          2.8372970617        0.8566525813       -1.9198402758
 H          3.7860627782        0.8259837778       -4.1778485672
 H          5.3694401562        2.5835120714       -4.8915327456
 H          5.9809702495        4.3853222528       -3.3145104888
 H          5.0325897333        4.4226683228       -1.0518786371
 H          2.5298388719        1.5833678473        2.2524117498
 H          0.2391971146        0.8786844791        2.7691961435
 H         -1.0119937324       -1.5728520723        1.4586805431
 H          1.1864115257       -2.5833869799        1.8556206738
 H          1.2397475391       -4.7549636852        0.2410528000
 H          1.3496916781       -6.7892535604        1.6132612229
 H          3.3420642181       -7.2501092184        2.9985125759
 H          5.2224269570       -5.6480895809        3.0041797380
 H          5.1060120646       -3.5998381897        1.6482100924
 H          4.9340221916       -4.3921055757       -1.1046487427
 H          6.9772985324       -3.6001736536       -2.2281753592
 H          7.4725468726       -1.1824633075       -2.3377502465
 H          5.9294610594        0.4311081619       -1.2978773267
 H          3.9016278652       -0.3659881243       -0.1330913076
 H          2.3242327544       -1.6760412622       -2.1614452986
 H          0.1206351330       -0.6645917482       -2.5564118703
 H         -2.2217036888       -1.7835268451       -2.5610871086
 H         -4.6771066528       -1.4625358581       -2.6987177164
 H         -9.6336110399       -1.2766277358       -2.7190086350
 H        -11.6459993813       -0.4953285307       -1.4939479516
 H        -11.4426808826        0.7241684324        0.6127189293
 H         -9.2162055927        1.2212445908        1.5949140447
