  105
 Etot=        -141.0415200617
 C          1.3708452019        4.4761310162       -3.0434530511
 S         -0.3606586532        3.9371076955       -2.9040383973
 C         -0.1724185400        2.4998696395       -1.9026730692
 N         -1.2799752288        1.8425035830       -1.6585537369
 C         -1.1801147391        0.7478491629       -0.8277451673
 N         -2.3681154717        0.0916500264       -0.5250345311
 C         -3.5058495462        0.6800744496       -0.0404090041
 C         -3.7227182410        2.0247616963        0.2267130430
 C         -4.9512731300        2.4019389853        0.7185240635
 C         -5.9689474018        1.4636999564        0.9525014638
 C         -7.3033436841        1.9541170398        1.4936263532
 C         -7.0728836966        2.6384619970        2.8502936447
 C         -7.9037420292        2.9611264686        0.4999258702
 C         -8.3205410100        0.8271411355        1.6987193770
 C         -5.7310902694        0.1204550038        0.6832158589
 C         -4.5000457891       -0.3095422939        0.1899233347
 C         -3.9155428865       -1.5802955593       -0.2006048545
 C         -4.3218591665       -2.9296391243       -0.2389625547
 C         -5.6789370327       -3.3987883856        0.2630524711
 C         -5.8150897669       -3.0255678695        1.7491321388
 C         -5.8738386170       -4.9200535109        0.1841163398
 C         -6.7715483385       -2.7715753706       -0.6205263596
 C         -3.4229230493       -3.8465496267       -0.7765331156
 C         -2.1773550375       -3.4954809222       -1.2853881058
 C         -1.7505361632       -2.1856567934       -1.2343850086
 C         -2.6073300305       -1.2589430511       -0.6638325977
 C          0.0397618736        0.3774016992       -0.2540745838
 C          0.1187336551       -0.6202594912        0.8616808643
 C          1.1584866748        1.0972979008       -0.6822242552
 N          2.4452409903        0.8045957316       -0.2414076295
 C          3.0744616860       -0.4092797102       -0.3320910810
 C          2.6153683171       -1.5699063221       -0.9393661403
 C          3.4180101196       -2.6871182282       -0.9138399995
 C          4.6762134528       -2.6721532575       -0.2906392076
 C          5.4966728495       -3.9530817328       -0.2729928615
 C          4.6912622019       -5.0536332120        0.4355738164
 C          6.8330688218       -3.8000845385        0.4598948878
 C          5.7929583101       -4.3768022426       -1.7202749968
 C          5.1410210886       -1.4893549342        0.2691590661
 C          4.3702568271       -0.3263008259        0.2468673085
 C          4.5425224281        1.0502522806        0.6730844411
 C          5.5612796159        1.8214827348        1.2686045543
 C          6.9255949505        1.2526346974        1.6286988570
 C          6.7390022351        0.1627060641        2.6987862335
 C          7.8882098560        2.2888029482        2.2270218426
 C          7.5979318876        0.7315663643        0.3467576346
 C          5.2760261869        3.1609037391        1.5210015140
 C          4.0606646527        3.7615209817        1.2120735867
 C          3.0563310356        3.0307135418        0.6137529488
 C          3.3171395547        1.6977350572        0.3447585830
 N          1.0397500910        2.1862710173       -1.5205655656
 H          1.3879815022        5.2669631189       -3.7855343485
 H          1.7125788353        4.8442923360       -2.0816369313
 H          1.9746285890        3.6312920280       -3.3570534459
 H         -2.9448746787        2.7481290875        0.0356611254
 H         -5.1225046970        3.4465608242        0.9245553262
 H         -8.0196283077        2.9883712604        3.2561404063
 H         -6.4068361196        3.4917686005        2.7583188117
 H         -6.6322777394        1.9363727783        3.5556054842
 H         -8.0498174716        2.4905602637       -0.4704115916
 H         -8.8672814334        3.3127905901        0.8626439639
 H         -7.2563356690        3.8229797391        0.3647769740
 H         -9.2467805001        1.2470017278        2.0858354020
 H         -8.5474643339        0.3280651856        0.7597781262
 H         -7.9584965899        0.0972606582        2.4187366881
 H         -6.5185107328       -0.5866134162        0.8595690708
 H         -5.1931306848       -3.6924820166        2.3442233812
 H         -5.4904484914       -2.0122379782        1.9521150082
 H         -6.8462491591       -3.1419190693        2.0758754215
 H         -6.8570433572       -5.1635565558        0.5824342679
 H         -5.8338160804       -5.2788198687       -0.8418177257
 H         -5.1320930469       -5.4499769840        0.7775978391
 H         -6.8094888598       -3.2972382468       -1.5732339846
 H         -6.5752575615       -1.7279465042       -0.8368756689
 H         -7.7452854038       -2.8625897494       -0.1439576396
 H         -3.6939694965       -4.8867256782       -0.8285493933
 H         -1.5477878677       -4.2545195531       -1.7248690335
 H         -0.8007660250       -1.8778065892       -1.6445093426
 H         -0.7948982845       -0.5883733581        1.4539173485
 H          0.9624371288       -0.3896341271        1.5102362629
 H          0.2440316019       -1.6401652258        0.5008352595
 H          1.6581012632       -1.5829434532       -1.4387740244
 H          3.0622533046       -3.5864965861       -1.3910676869
 H          3.7545686371       -5.2558783153       -0.0762325526
 H          5.2676660219       -5.9757842637        0.4659779623
 H          4.4639021136       -4.7545037736        1.4570269627
 H          6.6806111403       -3.5120842089        1.4973219739
 H          7.3581034830       -4.7531962829        0.4508765011
 H          7.4678547712       -3.0656871380       -0.0297297324
 H          6.3948392164       -5.2830259604       -1.7274106623
 H          6.3426979931       -3.5924101032       -2.2370307272
 H          4.8784692734       -4.5720499526       -2.2735250112
 H          6.1154918157       -1.4806175407        0.7176089444
 H          5.8966040137       -0.4838761380        2.4834410658
 H          7.6399201361       -0.4405704969        2.7886535580
 H          6.5482564951        0.6333641529        3.6619010889
 H          8.8354117337        1.7972378110        2.4415998786
 H          8.0843271665        3.1015508827        1.5312808797
 H          7.5086442849        2.7002311914        3.1595579775
 H          6.9194149010        0.1553261253       -0.2706764585
 H          8.4626649532        0.1193409563        0.5941815866
 H          7.9398769041        1.5771612683       -0.2480080023
 H          6.0233189086        3.7840464301        1.9810942219
 H          3.9077162134        4.8046141941        1.4452791600
 H          2.1035164201        3.4653247179        0.3549863083
  105
 Etot=        -141.0416815966
 C          1.3688150895        4.4738739334       -3.0406439147
 S         -0.3623607091        3.9382100451       -2.9004258114
 C         -0.1736421416        2.5046211267       -1.8978075193
 N         -1.2795707543        1.8450386506       -1.6529430115
 C         -1.1811312278        0.7468463926       -0.8277380798
 N         -2.3680567373        0.0907799539       -0.5249338352
 C         -3.5051629202        0.6787185577       -0.0401464905
 C         -3.7226540033        2.0232162263        0.2251860847
 C         -4.9513043435        2.3997768199        0.7174563621
 C         -5.9673335565        1.4609610364        0.9519271663
 C         -7.3011422403        1.9522016487        1.4925490740
 C         -7.0726485663        2.6366267109        2.8486523400
 C         -7.9030108282        2.9587628964        0.5006077018
 C         -8.3175693428        0.8250880436        1.6975683444
 C         -5.7303664410        0.1181440265        0.6839850932
 C         -4.4988678155       -0.3108909301        0.1911502639
 C         -3.9140740655       -1.5804477489       -0.1991183715
 C         -4.3197923001       -2.9291403568       -0.2384452281
 C         -5.6771810052       -3.3965465098        0.2627335068
 C         -5.8152186607       -3.0202505444        1.7468852958
 C         -5.8737430913       -4.9170141875        0.1846999541
 C         -6.7693657954       -2.7672455037       -0.6180891562
 C         -3.4220258065       -3.8460150399       -0.7751480501
 C         -2.1759127550       -3.4945318412       -1.2829363962
 C         -1.7479642058       -2.1855984927       -1.2301069860
 C         -2.6055197429       -1.2588466876       -0.6613376748
 C          0.0402804914        0.3759098115       -0.2565045050
 C          0.1195454331       -0.6230951535        0.8563374062
 C          1.1597050587        1.0970491819       -0.6828036054
 N          2.4456819569        0.8047295047       -0.2419557175
 C          3.0736269426       -0.4092295624       -0.3298636178
 C          2.6136780008       -1.5701189031       -0.9349547608
 C          3.4177534681       -2.6863914356       -0.9109228613
 C          4.6759930129       -2.6697444645       -0.2893627583
 C          5.4961087042       -3.9503678389       -0.2727481325
 C          4.6928130859       -5.0516873404        0.4353696666
 C          6.8321473072       -3.7967041884        0.4597125793
 C          5.7929731657       -4.3755797661       -1.7185581920
 C          5.1416161795       -1.4880545443        0.2698550207
 C          4.3698659865       -0.3257578779        0.2476294098
 C          4.5417320678        1.0501941011        0.6728981896
 C          5.5596848800        1.8216338771        1.2681419843
 C          6.9230858678        1.2516742673        1.6279081591
 C          6.7363162612        0.1604862124        2.6954331923
 C          7.8865779311        2.2861624316        2.2263282982
 C          7.5940658053        0.7278663295        0.3474761003
 C          5.2753892946        3.1601459741        1.5204800794
 C          4.0601065131        3.7606241092        1.2107110353
 C          3.0565841256        3.0309527562        0.6108254819
 C          3.3166038597        1.6976547303        0.3433227161
 N          1.0385243299        2.1876783106       -1.5179100127
 H          1.3871327583        5.2647772452       -3.7825478336
 H          1.7127982034        4.8420886117       -2.0795981519
 H          1.9723064408        3.6291987125       -3.3550683854
 H         -2.9464320282        2.7467263324        0.0323120577
 H         -5.1242349016        3.4439249578        0.9233781572
 H         -8.0190740343        2.9866823461        3.2550559433
 H         -6.4065139473        3.4892287885        2.7553872888
 H         -6.6319252672        1.9349185868        3.5539159963
 H         -8.0487939186        2.4879485296       -0.4692839425
 H         -8.8665288628        3.3107327276        0.8630065432
 H         -7.2546946689        3.8194728069        0.3661519836
 H         -9.2443586953        1.2437771494        2.0846369048
 H         -8.5432057875        0.3255045355        0.7587065071
 H         -7.9546149528        0.0950425831        2.4169101548
 H         -6.5175794200       -0.5885439946        0.8601797226
 H         -5.1937897971       -3.6862220701        2.3433032233
 H         -5.4904765395       -2.0063398542        1.9437475057
 H         -6.8465216285       -3.1355178941        2.0743008886
 H         -6.8568644699       -5.1606495562        0.5831030773
 H         -5.8331799309       -5.2755237964       -0.8409441032
 H         -5.1317553947       -5.4464353010        0.7778148731
 H         -6.8072712504       -3.2918635606       -1.5710896813
 H         -6.5691411478       -1.7241264278       -0.8301285366
 H         -7.7437447494       -2.8575654881       -0.1421278266
 H         -3.6939201344       -4.8857591364       -0.8284556847
 H         -1.5474646044       -4.2538512207       -1.7232537834
 H         -0.7988317704       -1.8785344847       -1.6399321417
 H         -0.7947187520       -0.5914918442        1.4471098942
 H          0.9638843784       -0.3927032599        1.5036813595
 H          0.2442596999       -1.6408991544        0.4912301128
 H          1.6572999412       -1.5838418691       -1.4342820412
 H          3.0635200983       -3.5862449121       -1.3881328370
 H          3.7565838828       -5.2527707976       -0.0770239338
 H          5.2686121005       -5.9741811975        0.4660370858
 H          4.4650508870       -4.7523872191        1.4564376430
 H          6.6792462869       -3.5076670570        1.4967019193
 H          7.3580064172       -4.7493389083        0.4513419892
 H          7.4657956460       -3.0614699758       -0.0299380685
 H          6.3946020822       -5.2819431181       -1.7263490397
 H          6.3423515593       -3.5911387353       -2.2348986554
 H          4.8779567198       -4.5698452177       -2.2705232288
 H          6.1162089546       -1.4792635174        0.7170794646
 H          5.8938717770       -0.4839829988        2.4759747686
 H          7.6367392797       -0.4438495177        2.7859821796
 H          6.5451374321        0.6304414793        3.6586087856
 H          8.8337979827        1.7946230412        2.4406319015
 H          8.0820349312        3.0989940775        1.5309909306
 H          7.5069977307        2.6971373138        3.1587473392
 H          6.9126436563        0.1518522425       -0.2661448331
 H          8.4588123904        0.1149479426        0.5941979724
 H          7.9359661331        1.5728544034       -0.2476240476
 H          6.0228445482        3.7829711987        1.9805985136
 H          3.9079392078        4.8034346462        1.4441839317
 H          2.1045630400        3.4658854836        0.3520588163
  105
 Etot=        -141.0417693510
 C          1.3661663957        4.4727521935       -3.0358614953
 S         -0.3647785721        3.9429954463       -2.8914865478
 C         -0.1754564389        2.5110485161       -1.8925593988
 N         -1.2794179639        1.8494037119       -1.6446933495
 C         -1.1823011539        0.7461856728       -0.8274563408
 N         -2.3675947023        0.0901437710       -0.5250113020
 C         -3.5042782868        0.6780568076       -0.0405371509
 C         -3.7225187421        2.0226202074        0.2220034222
 C         -4.9512513026        2.3985844643        0.7151023251
 C         -5.9653602308        1.4589375467        0.9509317992
 C         -7.2991650006        1.9491142962        1.4915204220
 C         -7.0709609327        2.6333332535        2.8470695197
 C         -7.9015368787        2.9548713646        0.5001414248
 C         -8.3135337669        0.8202726619        1.6959638110
 C         -5.7292238306        0.1165516545        0.6846030996
 C         -4.4970639370       -0.3117900489        0.1923725500
 C         -3.9117107650       -1.5804342933       -0.1964668640
 C         -4.3171887416       -2.9286435242       -0.2367573496
 C         -5.6755436587       -3.3928254927        0.2634402124
 C         -5.8130476976       -3.0130385485        1.7462487239
 C         -5.8736897443       -4.9124603633        0.1860553096
 C         -6.7649831792       -2.7604230774       -0.6175957313
 C         -3.4207735547       -3.8458880454       -0.7727387705
 C         -2.1736184709       -3.4941674123       -1.2790387744
 C         -1.7446368719       -2.1860809289       -1.2252058237
 C         -2.6028180646       -1.2586654047       -0.6582494460
 C          0.0409964840        0.3734621316       -0.2599999434
 C          0.1211950745       -0.6293683869        0.8484206947
 C          1.1606109570        1.0968953813       -0.6837123154
 N          2.4455568157        0.8049210490       -0.2432787208
 C          3.0717472000       -0.4096329245       -0.3277176710
 C          2.6109291348       -1.5708989205       -0.9307528890
 C          3.4161805226       -2.6865402031       -0.9073432839
 C          4.6746656243       -2.6679985822       -0.2875541647
 C          5.4961080580       -3.9473358512       -0.2717455324
 C          4.6941901938       -5.0487416223        0.4364239766
 C          6.8318414375       -3.7908336361        0.4602929730
 C          5.7926800001       -4.3722378011       -1.7169892190
 C          5.1410010540       -1.4873459719        0.2710689015
 C          4.3681701854       -0.3256337570        0.2488703091
 C          4.5403577606        1.0500047411        0.6719162272
 C          5.5578267410        1.8214156668        1.2672250152
 C          6.9197453538        1.2488762745        1.6268555859
 C          6.7298007022        0.1571544436        2.6925816549
 C          7.8840833660        2.2816792071        2.2254219252
 C          7.5882032889        0.7238338290        0.3462119573
 C          5.2749683529        3.1593312657        1.5193668447
 C          4.0599212701        3.7601826775        1.2079444302
 C          3.0570662136        3.0318545759        0.6064056487
 C          3.3156692165        1.6978373874        0.3406019505
 N          1.0365935324        2.1895906653       -1.5146739214
 H          1.3861851058        5.2642726871       -3.7771727869
 H          1.7146402277        4.8393646374       -2.0756704615
 H          1.9671069159        3.6269972979       -3.3525983669
 H         -2.9478152689        2.7463285055        0.0270287516
 H         -5.1262790103        3.4421981396        0.9205086062
 H         -8.0173132827        2.9832961932        3.2534544186
 H         -6.4050725640        3.4857210213        2.7528859824
 H         -6.6302606846        1.9321209402        3.5526886218
 H         -8.0477425314        2.4840024339       -0.4694466574
 H         -8.8648201466        3.3066463812        0.8629443113
 H         -7.2530930004        3.8151522648        0.3660150259
 H         -9.2411835588        1.2368598760        2.0828851469
 H         -8.5375845434        0.3202896224        0.7569425828
 H         -7.9492261697        0.0904076350        2.4148658558
 H         -6.5162226173       -0.5893396130        0.8615768021
 H         -5.1936596865       -3.6781216681        2.3454373343
 H         -5.4867481511       -1.9992993390        1.9374288623
 H         -6.8448596474       -3.1251670291        2.0735604383
 H         -6.8568542488       -5.1553633892        0.5845427138
 H         -5.8330743632       -5.2708924211       -0.8394119075
 H         -5.1318212594       -5.4417960045        0.7791333162
 H         -6.8043911927       -3.2834483986       -1.5711259485
 H         -6.5602587914       -1.7181681399       -0.8260986427
 H         -7.7398818404       -2.8486212838       -0.1420275146
 H         -3.6934532223       -4.8851658396       -0.8275109627
 H         -1.5458087430       -4.2543295371       -1.7187086232
 H         -0.7956210621       -1.8803225279       -1.6343678591
 H         -0.7930571846       -0.5994174345        1.4386742154
 H          0.9661344330       -0.4009220556        1.4950240513
 H          0.2451510145       -1.6449014611        0.4784590420
 H          1.6548005877       -1.5859169654       -1.4289960261
 H          3.0631680987       -3.5873523909       -1.3832218607
 H          3.7583943684       -5.2497652919       -0.0763668490
 H          5.2702495626       -5.9709293480        0.4669396024
 H          4.4661822192       -4.7497770281        1.4574102168
 H          6.6784588504       -3.5006588682        1.4968911294
 H          7.3593137038       -4.7424129692        0.4528740235
 H          7.4639277801       -3.0546854010       -0.0299797186
 H          6.3937666278       -5.2788119609       -1.7249277051
 H          6.3422946531       -3.5882054347       -2.2332946381
 H          4.8773125211       -4.5659392971       -2.2681084783
 H          6.1159187119       -1.4786741574        0.7163627114
 H          5.8867896053       -0.4844306240        2.4692607155
 H          7.6290204188       -0.4492139570        2.7831060911
 H          6.5386213599        0.6252601084        3.6564661884
 H          8.8310178806        1.7894975028        2.4390562439
 H          8.0793927149        3.0947418252        1.5306006280
 H          7.5048273873        2.6920154261        3.1580920145
 H          6.9038051478        0.1492407011       -0.2643872174
 H          8.4517503789        0.1087535203        0.5923320617
 H          7.9316562783        1.5672736583       -0.2496756650
 H          6.0221747992        3.7815627162        1.9804745789
 H          3.9089147998        4.8029070632        1.4416114770
 H          2.1062874469        3.4677960160        0.3465139161
  105
 Etot=        -141.0418022529
 C          1.3648435791        4.4740238793       -3.0318947885
 S         -0.3666215531        3.9492155034       -2.8827645678
 C         -0.1769960792        2.5161064187       -1.8889341613
 N         -1.2798629896        1.8533327243       -1.6391082297
 C         -1.1824702449        0.7466109418       -0.8273838569
 N         -2.3667090391        0.0901488868       -0.5258801978
 C         -3.5035789992        0.6783158265       -0.0418881357
 C         -3.7223174254        2.0230727694        0.2190369894
 C         -4.9510301198        2.3987388475        0.7125956574
 C         -5.9640392913        1.4583464234        0.9498463049
 C         -7.2982860065        1.9468626768        1.4909032432
 C         -7.0700668969        2.6308758498        2.8464479987
 C         -7.9015756384        2.9520206562        0.4996044607
 C         -8.3113594250        0.8167679582        1.6952435681
 C         -5.7276088877        0.1160130554        0.6846342976
 C         -4.4953190426       -0.3120671180        0.1923153661
 C         -3.9093959432       -1.5805213449       -0.1951645557
 C         -4.3150169616       -2.9286442212       -0.2353619430
 C         -5.6743138661       -3.3902297935        0.2645071310
 C         -5.8113155911       -3.0085542640        1.7469658444
 C         -5.8748207623       -4.9093917509        0.1879235150
 C         -6.7616009608       -2.7557385111       -0.6178146011
 C         -3.4190475696       -3.8464454625       -0.7706498272
 C         -2.1712820177       -3.4948942802       -1.2762317125
 C         -1.7423301593       -2.1869150721       -1.2233785661
 C         -2.6005478246       -1.2587420283       -0.6572209266
 C          0.0415578141        0.3718543779       -0.2623191075
 C          0.1226963864       -0.6345128698        0.8431395431
 C          1.1603555199        1.0972050400       -0.6847259757
 N          2.4448774371        0.8054567021       -0.2450130089
 C          3.0700829306       -0.4097975131       -0.3274409498
 C          2.6090417395       -1.5714563351       -0.9295895726
 C          3.4143082059       -2.6871204504       -0.9052399801
 C          4.6731370538       -2.6674762980       -0.2862930472
 C          5.4962873183       -3.9457305929       -0.2705912740
 C          4.6957185827       -5.0476978605        0.4380308152
 C          6.8321407983       -3.7872656160        0.4609318464
 C          5.7927022032       -4.3699890095       -1.7159720025
 C          5.1395445386       -1.4867608404        0.2716240268
 C          4.3662962469       -0.3252782483        0.2492439304
 C          4.5389312908        1.0504600666        0.6706812172
 C          5.5563565939        1.8214783109        1.2665511015
 C          6.9172210437        1.2465759582        1.6262419654
 C          6.7245339610        0.1545844222        2.6912543090
 C          7.8830105730        2.2775292911        2.2252585122
 C          7.5843192790        0.7210441908        0.3449894197
 C          5.2744720555        3.1594726817        1.5183322290
 C          4.0599519523        3.7610067109        1.2051655572
 C          3.0572913218        3.0332864142        0.6028279065
 C          3.3148598185        1.6987415592        0.3379489884
 N          1.0351544869        2.1913670872       -1.5128986517
 H          1.3855820968        5.2662456831       -3.7725060942
 H          1.7176850015        4.8385407606       -2.0723832203
 H          1.9624277242        3.6267038335       -3.3512355786
 H         -2.9482241604        2.7470610467        0.0227831697
 H         -5.1271029032        3.4422477689        0.9172942508
 H         -8.0163817710        2.9806379534        3.2531096130
 H         -6.4042460237        3.4833185600        2.7521833891
 H         -6.6290201108        1.9296559331        3.5518814852
 H         -8.0477987716        2.4808539522       -0.4698545265
 H         -8.8649060189        3.3034479109        0.8626043678
 H         -7.2535676803        3.8125453938        0.3649887121
 H         -9.2396400252        1.2318793474        2.0820741648
 H         -8.5345100249        0.3166237597        0.7560608623
 H         -7.9460507770        0.0873561883        2.4141379307
 H         -6.5143574438       -0.5895626326        0.8626612074
 H         -5.1939461920       -3.6745023781        2.3471496799
 H         -5.4819490403       -1.9957877656        1.9370257453
 H         -6.8435574342       -3.1173618539        2.0742044772
 H         -6.8582487944       -5.1510360584        0.5864687419
 H         -5.8344756066       -5.2680624745       -0.8374842394
 H         -5.1334039578       -5.4392011777        0.7811633742
 H         -6.8015859422       -3.2788927427       -1.5711781775
 H         -6.5540477980       -1.7142706653       -0.8267685707
 H         -7.7371591545       -2.8413450811       -0.1430231231
 H         -3.6919449680       -4.8855829877       -0.8257851180
 H         -1.5434697811       -4.2556828796       -1.7148711332
 H         -0.7933432641       -1.8818327528       -1.6329726765
 H         -0.7910596205       -0.6064060231        1.4341539169
 H          0.9680667153       -0.4082462891        1.4897928330
 H          0.2462292061       -1.6490798531        0.4706460211
 H          1.6530434337       -1.5871775788       -1.4278725421
 H          3.0615457485       -3.5885839405       -1.3799389918
 H          3.7599404771       -5.2495272896       -0.0744824553
 H          5.2724888773       -5.9694248796        0.4686733146
 H          4.4676395044       -4.7485637844        1.4589619822
 H          6.6786128114       -3.4965211613        1.4973680678
 H          7.3609605629       -4.7380353475        0.4540397458
 H          7.4630507678       -3.0505967355       -0.0301281608
 H          6.3936778294       -5.2766346470       -1.7243814746
 H          6.3423561593       -3.5858080389       -2.2320521467
 H          4.8772444712       -4.5632441503       -2.2671254530
 H          6.1145036596       -1.4781160778        0.7163226229
 H          5.8800527813       -0.4846565667        2.4673335934
 H          7.6223190923       -0.4539956370        2.7817178584
 H          6.5340437169        0.6223479277        3.6553849634
 H          8.8295119272        1.7842691175        2.4382887785
 H          8.0787884592        3.0908261341        1.5308365544
 H          7.5042237922        2.6876225531        3.1582451226
 H          6.8984429666        0.1488784848       -0.2660130084
 H          8.4465085878        0.1036655940        0.5903104948
 H          7.9295855242        1.5640500543       -0.2503651382
 H          6.0214038811        3.7813169336        1.9803113456
 H          3.9096783591        4.8039179495        1.4385661632
 H          2.1071869693        3.4700232660        0.3417756712
