  59
 Etot=         -91.1064030713
 O         -2.6165174118       -0.0175254911       -2.3246167277
 P         -2.8878002996       -0.0513708876       -0.8736590052
 C         -2.4040315794       -1.6257086184       -0.0953347424
 C         -2.3750301747       -2.7541341373       -0.9031548730
 C         -2.0299682316       -3.9822891442       -0.3672473352
 C         -1.7165065691       -4.0827618906        0.9789409631
 C         -1.7402530768       -2.9559081201        1.7862801195
 C         -2.0814871880       -1.7261441424        1.2522349616
 C         -4.6481824865        0.1823626353       -0.4753799464
 C         -5.1692194556       -0.0725321256        0.7876535059
 C         -6.5178378935        0.1225340823        1.0242478391
 C         -7.3465534058        0.5690623806        0.0058025251
 C         -6.8285106952        0.8194505892       -1.2546681276
 C         -5.4795588368        0.6247047595       -1.4951589302
 C         -1.9530662192        1.2162578221        0.0469232802
 C         -2.5337784105        2.2115595959        0.8228789941
 C         -1.7121665028        3.1476738450        1.4369316051
 C         -0.3424499284        3.0850190912        1.2931608540
 C          0.2645716406        2.0728358069        0.5278181940
 C          1.7009527374        2.0172570391        0.3688475762
 C          2.4182523311        3.2079568756        0.1692230700
 C          3.7424322931        3.2088115732       -0.1630827110
 C          4.4705345386        1.9808787977       -0.2933017600
 C          5.8130743821        1.9585106335       -0.6590863531
 C          6.5080884089        0.7579958170       -0.7595800485
 C          5.8826721342       -0.4558206272       -0.4619736152
 C          6.5763947605       -1.6972849712       -0.5301927719
 C          5.9384277613       -2.8828928545       -0.2171567311
 C          4.6176512974       -2.8913520428        0.1793284178
 C          3.8766502480       -1.6756438468        0.2634123654
 C          2.5488479910       -1.6425568887        0.6880979674
 C          1.8435217329       -0.4433444095        0.7470744835
 C          2.4236971599        0.7605668952        0.3513679612
 C          3.7971809631        0.7623669086       -0.0137069649
 C          4.5166402863       -0.4540922948       -0.0728799348
 C         -0.5798921439        1.1497367400       -0.1039096416
 H         -2.6159581515       -2.6464561998       -1.9521133557
 H         -2.0054850887       -4.8589764057       -0.9979759194
 H         -1.4474626985       -5.0406032114        1.3996453536
 H         -1.4863844652       -3.0353041046        2.8334529961
 H         -2.0857303797       -0.8411654831        1.8738065986
 H         -4.5202006520       -0.4241189150        1.5761720935
 H         -6.9252465989       -0.0751134372        2.0050295681
 H         -8.3992911607        0.7188685693        0.1953120141
 H         -7.4737604337        1.1643531977       -2.0494253604
 H         -5.0504679920        0.8060365973       -2.4710621709
 H         -3.6067663786        2.2567180592        0.9378921335
 H         -2.1525110241        3.9284852079        2.0402772202
 H          0.2811264147        3.8026550731        1.8051205561
 H          1.8819551369        4.1452659994        0.2095987325
 H          4.2603625554        4.1357413118       -0.3591792689
 H          6.3193386326        2.8904585948       -0.8662746463
 H          7.5453827738        0.7591945624       -1.0612618592
 H          7.6146930585       -1.6939908998       -0.8262337422
 H          6.4847521212       -3.8137467145       -0.2771642671
 H          4.1230169746       -3.8165461785        0.4341152733
 H          2.0611713162       -2.5622105019        0.9764764740
 H          0.8317251693       -0.4543082910        1.1221240960
 H         -0.1700337862        0.3976969262       -0.7664011619
  59
 Etot=         -91.1065004375
 O         -2.6153646996       -0.0168918385       -2.3301740645
 P         -2.8855384227       -0.0505766954       -0.8818811459
 C         -2.4037451345       -1.6232087290       -0.0966178822
 C         -2.3754144434       -2.7522712467       -0.9024626511
 C         -2.0290252157       -3.9795634756       -0.3662308086
 C         -1.7125558957       -4.0787664800        0.9789638850
 C         -1.7340459660       -2.9510327250        1.7846542959
 C         -2.0780154726       -1.7222769826        1.2500590115
 C         -4.6451350328        0.1825051353       -0.4758771279
 C         -5.1654600596       -0.0715116452        0.7873444537
 C         -6.5139453623        0.1233765444        1.0248654703
 C         -7.3433035362        0.5694801105        0.0071420320
 C         -6.8258383222        0.8194241263       -1.2532477249
 C         -5.4773027953        0.6244831407       -1.4943555049
 C         -1.9521393873        1.2126924638        0.0473075253
 C         -2.5334353224        2.2076202570        0.8230054399
 C         -1.7129292173        3.1449241202        1.4364815874
 C         -0.3432278835        3.0833693850        1.2930591619
 C          0.2639359422        2.0706161373        0.5293669438
 C          1.6997935408        2.0161594505        0.3699659392
 C          2.4167713933        3.2066845834        0.1702586090
 C          3.7407459497        3.2076716696       -0.1621771351
 C          4.4685841359        1.9799773011       -0.2923460076
 C          5.8108582883        1.9578371090       -0.6580787235
 C          6.5056705450        0.7575670304       -0.7587566818
 C          5.8802398577       -0.4559386937       -0.4612809859
 C          6.5740865702       -1.6968782876       -0.5294299569
 C          5.9361885996       -2.8822554455       -0.2168361513
 C          4.6154454523       -2.8909094480        0.1789844926
 C          3.8741735693       -1.6757442751        0.2634489681
 C          2.5458777274       -1.6428643477        0.6867460733
 C          1.8403929544       -0.4439472745        0.7454721201
 C          2.4219459780        0.7597532217        0.3516966850
 C          3.7951749324        0.7616980773       -0.0130442723
 C          4.5144216037       -0.4544055870       -0.0722706391
 C         -0.5791393172        1.1462212062       -0.1016069963
 H         -2.6166659978       -2.6454480670       -1.9504460633
 H         -2.0058333331       -4.8571634009       -0.9954737852
 H         -1.4454803114       -5.0365667432        1.4009309812
 H         -1.4819668899       -3.0305846226        2.8323633044
 H         -2.0835427346       -0.8372651379        1.8715159300
 H         -4.5166345113       -0.4252626188        1.5751015403
 H         -6.9214866459       -0.0749659734        2.0055263547
 H         -8.3959459134        0.7188348398        0.1973803878
 H         -7.4720378246        1.1637123319       -2.0472696606
 H         -5.0489080294        0.8041180272       -2.4698822162
 H         -3.6065107278        2.2537668012        0.9363732846
 H         -2.1535607946        3.9264508807        2.0387781077
 H          0.2797185499        3.8020335497        1.8045707558
 H          1.8802448252        4.1438372984        0.2106426832
 H          4.2587352223        4.1344633828       -0.3583232221
 H          6.3169656644        2.8896969123       -0.8654266564
 H          7.5427819277        0.7586969880       -1.0606611884
 H          7.6123394497       -1.6934346652       -0.8251976572
 H          6.4825294742       -3.8128106170       -0.2768064384
 H          4.1209602006       -3.8161485364        0.4333290907
 H          2.0567015230       -2.5623767024        0.9738382994
 H          0.8281889430       -0.4554498880        1.1189351749
 H         -0.1683321191        0.3959612200       -0.7638814198
  59
 Etot=         -91.1065510292
 O         -2.6145252073       -0.0165424589       -2.3371023800
 P         -2.8825058561       -0.0498773096       -0.8920161544
 C         -2.4006277726       -1.6199842593       -0.0995704087
 C         -2.3739816450       -2.7508055312       -0.9024015019
 C         -2.0270947194       -3.9769369245       -0.3644223351
 C         -1.7072322680       -4.0729677551        0.9800049444
 C         -1.7266100254       -2.9432180040        1.7828497915
 C         -2.0721547856       -1.7158891873        1.2462714115
 C         -4.6410473064        0.1817723399       -0.4775523103
 C         -5.1590858886       -0.0715706661        0.7862770357
 C         -6.5069924971        0.1239569293        1.0259768803
 C         -7.3381003620        0.5701690166        0.0097626947
 C         -6.8227810426        0.8192804354       -1.2514503092
 C         -5.4749274560        0.6234886706       -1.4944177817
 C         -1.9519740176        1.2107636874        0.0446823291
 C         -2.5345205221        2.2042369073        0.8208847458
 C         -1.7155409848        3.1412736091        1.4364947500
 C         -0.3456336955        3.0811857139        1.2941987340
 C          0.2622896862        2.0684934009        0.5316706981
 C          1.6975659584        2.0147933369        0.3724642181
 C          2.4142166788        3.2052836888        0.1730422606
 C          3.7378685161        3.2063077442       -0.1599681320
 C          4.4652205248        1.9786247962       -0.2903656023
 C          5.8072116506        1.9567220618       -0.6563802960
 C          6.5018335785        0.7565524934       -0.7573382670
 C          5.8763627921       -0.4567998205       -0.4600511473
 C          6.5703999979       -1.6972893791       -0.5282053319
 C          5.9324478857       -2.8826442159       -0.2163985985
 C          4.6114829457       -2.8916146579        0.1782790900
 C          3.8699071747       -1.6769669044        0.2628961793
 C          2.5409782790       -1.6444574160        0.6840604589
 C          1.8356707623       -0.4456088550        0.7437094178
 C          2.4187417689        0.7582382598        0.3526185712
 C          3.7917423564        0.7603743297       -0.0116131735
 C          4.5106316890       -0.4555771999       -0.0713486347
 C         -0.5790743597        1.1444234716       -0.1015657956
 H         -2.6184632236       -2.6463161583       -1.9493014036
 H         -2.0057946029       -4.8563317458       -0.9910540901
 H         -1.4377461389       -5.0293454807        1.4035154287
 H         -1.4696830577       -3.0204027412        2.8296268168
 H         -2.0747901927       -0.8295436846        1.8658634849
 H         -4.5094241188       -0.4253532689        1.5734065771
 H         -6.9133555704       -0.0736597425        2.0073069319
 H         -8.3902782470        0.7197146030        0.2021322628
 H         -7.4706821323        1.1634504799       -2.0439945030
 H         -5.0475886340        0.8025640970       -2.4699209656
 H         -3.6076217063        2.2500692858        0.9334166765
 H         -2.1569185424        3.9227106542        2.0383323547
 H          0.2762206635        3.8012510941        1.8051146955
 H          1.8773731914        4.1422380187        0.2134937890
 H          4.2559366071        4.1329077570       -0.3564342699
 H          6.3131304738        2.8886083114       -0.8636256774
 H          7.5387949031        0.7575639813       -1.0594392902
 H          7.6087561030       -1.6934948579       -0.8232853399
 H          6.4788510068       -3.8129481222       -0.2762140847
 H          4.1169990155       -3.8169916383        0.4318310517
 H          2.0499062995       -2.5637932060        0.9691505807
 H          0.8235148704       -0.4579743346        1.1166420757
 H         -0.1662932994        0.3949995020       -0.7624733309
  59
 Etot=         -91.1065818754
 O         -2.6145859375       -0.0169436795       -2.3436112976
 P         -2.8801293152       -0.0497724426       -0.8998960828
 C         -2.3950168105       -1.6173874901       -0.1038858882
 C         -2.3723868696       -2.7511374794       -0.9028485730
 C         -2.0240612346       -3.9755916210       -0.3620030952
 C         -1.6983543316       -4.0665530411        0.9814842674
 C         -1.7142980849       -2.9337996153        1.7803441649
 C         -2.0614816530       -1.7082941383        1.2408387075
 C         -4.6377638300        0.1799152874       -0.4806019605
 C         -5.1520389720       -0.0721565419        0.7847060707
 C         -6.4990474133        0.1248585592        1.0278114302
 C         -7.3327211416        0.5711477113        0.0135840880
 C         -6.8208823779        0.8193187630       -1.2493209191
 C         -5.4739073969        0.6220934763       -1.4955893339
 C         -1.9530283580        1.2118025595        0.0390300263
 C         -2.5372411675        2.2029224576        0.8167840688
 C         -1.7197924043        3.1385891510        1.4363447031
 C         -0.3495446373        3.0796494124        1.2959766695
 C          0.2597743544        2.0680558994        0.5332743488
 C          1.6949201897        2.0139515952        0.3756985047
 C          2.4116122788        3.2044437599        0.1769861651
 C          3.7349991958        3.2051780540       -0.1567596608
 C          4.4616648303        1.9771478934       -0.2877627060
 C          5.8035144490        1.9551859956       -0.6541492386
 C          6.4978941030        0.7548811459       -0.7554792971
 C          5.8722221746       -0.4585003403       -0.4585539902
 C          6.5662921331       -1.6989396098       -0.5267941937
 C          5.9280036757       -2.8844508070       -0.2160933938
 C          4.6065752014       -2.8936097002        0.1771057503
 C          3.8649654290       -1.6790300222        0.2617971855
 C          2.5355656057       -1.6466657529        0.6812178732
 C          1.8309184611       -0.4474380974        0.7429585310
 C          2.4150608503        0.7568141184        0.3543647736
 C          3.7879352823        0.7587986457       -0.0097501457
 C          4.5063498585       -0.4573784590       -0.0704524997
 C         -0.5799932739        1.1454103694       -0.1040731075
 H         -2.6197359955       -2.6497960273       -1.9495176455
 H         -2.0053496417       -4.8573747728       -0.9853554976
 H         -1.4282587957       -5.0214673803        1.4078283707
 H         -1.4549382206       -3.0077411193        2.8267629295
 H         -2.0638520721       -0.8203651351        1.8582010991
 H         -4.5006891841       -0.4258803926        1.5705097693
 H         -6.9030090250       -0.0717173102        2.0103339502
 H         -8.3840978704        0.7218179123        0.2092063603
 H         -7.4708491395        1.1638783295       -2.0399982557
 H         -5.0484641463        0.8002968324       -2.4722013492
 H         -3.6104516814        2.2479108081        0.9281682049
 H         -2.1623131927        3.9181434637        2.0397095229
 H          0.2711975661        3.7988511406        1.8093212404
 H          1.8747242486        4.1413323015        0.2182505395
 H          4.2533031895        4.1315690820       -0.3534519005
 H          6.3093360222        2.8871343180       -0.8612842485
 H          7.5347820492        0.7557087373       -1.0577634907
 H          7.6049094623       -1.6948740652       -0.8209083434
 H          6.4744724679       -3.8147199961       -0.2755657624
 H          4.1118411703       -3.8191327412        0.4297354069
 H          2.0429207078       -2.5660201299        0.9636602129
 H          0.8186713097       -0.4606052200        1.1153843549
 H         -0.1651365908        0.3976484997       -0.7656415925
  59
 Etot=         -91.1066242314
 O         -2.6146748708       -0.0179365552       -2.3514585478
 P         -2.8781283011       -0.0501266749       -0.9076756714
 C         -2.3876775503       -1.6149490033       -0.1097017163
 C         -2.3696969823       -2.7524099481       -0.9038142682
 C         -2.0195537290       -3.9746325713       -0.3589217944
 C         -1.6869375653       -4.0591967993        0.9834794101
 C         -1.6985559061       -2.9227376060        1.7772341759
 C         -2.0481376975       -1.6995999631        1.2338890154
 C         -4.6349318065        0.1768612368       -0.4853985348
 C         -5.1440468106       -0.0733349523        0.7822515309
 C         -6.4897669563        0.1261190159        1.0304602514
 C         -7.3267446516        0.5729362910        0.0191149689
 C         -6.8198287829        0.8194214602       -1.2462967282
 C         -5.4741481447        0.6198373075       -1.4977014981
 C         -1.9549994836        1.2142588804        0.0309584220
 C         -2.5413013491        2.2024539158        0.8108447516
 C         -1.7255343540        3.1359349327        1.4358987157
 C         -0.3548331864        3.0776215239        1.2988365943
 C          0.2563573728        2.0685339376        0.5343265552
 C          1.6917037913        2.0133730296        0.3795408055
 C          2.4088995323        3.2038142791        0.1824501693
 C          3.7320507117        3.2039652733       -0.1521537411
 C          4.4577385909        1.9753714463       -0.2843470381
 C          5.7995203914        1.9530586027       -0.6510821451
 C          6.4935115963        0.7525125575       -0.7528478510
 C          5.8674097377       -0.4608945578       -0.4565324758
 C          6.5613281342       -1.7015067983       -0.5247674807
 C          5.9224003041       -2.8871656632       -0.2155850709
 C          4.6003123931       -2.8963599154        0.1755689361
 C          3.8589226040       -1.6815519787        0.2604315551
 C          2.5289840174       -1.6491176182        0.6779603439
 C          1.8252585450       -0.4492904211        0.7420852960
 C          2.4105517696        0.7554173292        0.3564250251
 C          3.7834830945        0.7569735139       -0.0074002372
 C          4.5012620012       -0.4596216595       -0.0693301521
 C         -0.5816742590        1.1482002330       -0.1086901143
 H         -2.6231476757       -2.6558065756       -1.9498347125
 H         -2.0054041991       -4.8596301463       -0.9779123233
 H         -1.4149620994       -5.0120930421        1.4131290358
 H         -1.4332341937       -2.9916984149        2.8225287886
 H         -2.0461294480       -0.8087425257        1.8470503975
 H         -4.4899626502       -0.4268847428        1.5658688456
 H         -6.8900118428       -0.0685904456        2.0148723711
 H         -8.3769752068        0.7256428785        0.2191850202
 H         -7.4724303274        1.1647585100       -2.0344878852
 H         -5.0516613551        0.7970956936       -2.4760803200
 H         -3.6147467238        2.2466697645        0.9200645365
 H         -2.1697077112        3.9129592676        2.0412869765
 H          0.2646424242        3.7947918514        1.8164623098
 H          1.8721749232        4.1407362900        0.2250704008
 H          4.2508098093        4.1300994895       -0.3488041545
 H          6.3054348210        2.8850250888       -0.8579628981
 H          7.5304212973        0.7530918717       -1.0550867018
 H          7.6003513245       -1.6973312880       -0.8175163400
 H          6.4688544701       -3.8175361124       -0.2746829582
 H          4.1050374258       -3.8220268527        0.4268010843
 H          2.0349523615       -2.5686178661        0.9573894372
 H          0.8126841077       -0.4630296128        1.1136925248
 H         -0.1645062310        0.4019979901       -0.7710190710
  59
 Etot=         -91.1066959550
 O         -2.6147465884       -0.0205730897       -2.3689575919
 P         -2.8747080923       -0.0512269352       -0.9238127755
 C         -2.3722703651       -1.6100941943       -0.1222610586
 C         -2.3653626918       -2.7556807206       -0.9053837264
 C         -2.0100164293       -3.9727382831       -0.3519320085
 C         -1.6611202554       -4.0436994203        0.9875382655
 C         -1.6617093240       -2.8992001086        1.7699236906
 C         -2.0167815695       -1.6812582795        1.2182798472
 C         -4.6299707166        0.1700013818       -0.4962995970
 C         -5.1278985784       -0.0761565055        0.7766257301
 C         -6.4706351636        0.1289222576        1.0366829009
 C         -7.3148115867        0.5772542001        0.0319555701
 C         -6.8188898009        0.8192529007       -1.2389947666
 C         -5.4761925982        0.6143382583       -1.5023358283
 C         -1.9593723956        1.2192703289        0.0133850180
 C         -2.5500306214        2.2019911826        0.7970437142
 C         -1.7377018674        3.1306222932        1.4338690899
 C         -0.3660597684        3.0728284073        1.3047817102
 C          0.2490054650        2.0697373710        0.5355660960
 C          1.6849887810        2.0125584738        0.3868665024
 C          2.4038396513        3.2027292029        0.1944558037
 C          3.7267060358        3.2014363790       -0.1413460820
 C          4.4500874926        1.9716338985       -0.2767205740
 C          5.7918145681        1.9481818694       -0.6438469607
 C          6.4846281217        0.7470154810       -0.7466382113
 C          5.8571989811       -0.4662331450       -0.4519810334
 C          6.5503560762       -1.7074234816       -0.5201061668
 C          5.9096257257       -2.8931248733       -0.2143968007
 C          4.5861493852       -2.9019692207        0.1723012813
 C          3.8456965743       -1.6864119839        0.2577372902
 C          2.5145864162       -1.6534649836        0.6713345009
 C          1.8128828860       -0.4523885993        0.7393685375
 C          2.4009689754        0.7529781405        0.3599753451
 C          3.7742680323        0.7533743335       -0.0025808413
 C          4.4904159518       -0.4641988890       -0.0669412465
 C         -0.5853618191        1.1543201554       -0.1191840319
 H         -2.6305392268       -2.6693508111       -1.9499463399
 H         -2.0040672929       -4.8641743674       -0.9619666932
 H         -1.3849306684       -4.9923846535        1.4238954735
 H         -1.3843747256       -2.9574950374        2.8128905708
 H         -2.0093211703       -0.7846164808        1.8229272137
 H         -4.4673016835       -0.4296708186        1.5548261623
 H         -6.8623091003       -0.0613721292        2.0254477440
 H         -8.3623871263        0.7353544777        0.2418532471
 H         -7.4773115270        1.1662427915       -2.0216707924
 H         -5.0609917723        0.7890548565       -2.4847346402
 H         -3.6240025405        2.2447553727        0.9014153716
 H         -2.1855146588        3.9021651157        2.0436381617
 H          0.2508166492        3.7850335282        1.8324184933
 H          1.8679402684        4.1399663425        0.2408143850
 H          4.2468745964        4.1270592881       -0.3366215366
 H          6.2984126884        2.8799980062       -0.8498403889
 H          7.5216751696        0.7468931464       -1.0484803754
 H          7.5902892529       -1.7034753566       -0.8097514579
 H          6.4557110652       -3.8238646476       -0.2728838585
 H          4.0893129383       -3.8277827565        0.4201443157
 H          2.0179705383       -2.5732716918        0.9449517512
 H          0.7993419497       -0.4665877254        1.1085856988
 H         -0.1638670105        0.4120329000       -0.7838182770
  59
 Etot=         -91.1067399453
 O         -2.6145814991       -0.0235096673       -2.3852472951
 P         -2.8724043219       -0.0523643383       -0.9386353612
 C         -2.3598044609       -1.6057419436       -0.1329347173
 C         -2.3611695561       -2.7581527465       -0.9060351819
 C         -1.9994346179       -3.9701452321       -0.3454212177
 C         -1.6350836003       -4.0292737914        0.9906437549
 C         -1.6266661671       -2.8779680265        1.7628155785
 C         -1.9892949573       -1.6652919867        1.2043845700
 C         -4.6264978493        0.1637444314       -0.5062919343
 C         -5.1144000250       -0.0789149788        0.7713434216
 C         -6.4541366709        0.1312389881        1.0427086389
 C         -7.3049325130        0.5812146026        0.0443446613
 C         -6.8192100195        0.8184980996       -1.2315096668
 C         -5.4794289358        0.6087224756       -1.5062202009
 C         -1.9632836489        1.2230460636       -0.0024186162
 C         -2.5576234119        2.2015794255        0.7837995217
 C         -1.7483265629        3.1260173236        1.4305676186
 C         -0.3759409212        3.0682639950        1.3089130356
 C          0.2423680018        2.0707191289        0.5353343161
 C          1.6789779867        2.0121597195        0.3922313844
 C          2.4000096494        3.2018666424        0.2057731031
 C          3.7229566431        3.1991251043       -0.1298807942
 C          4.4439708718        1.9682709909       -0.2690080101
 C          5.7857444515        1.9433913643       -0.6359853459
 C          6.4769523245        0.7414426703       -0.7401455774
 C          5.8477436459       -0.4714109845       -0.4476126827
 C          6.5395845822       -1.7133655140       -0.5158398495
 C          5.8966457317       -2.8987579902       -0.2135963068
 C          4.5720400741       -2.9067031639        0.1692475393
 C          3.8330324733       -1.6902435306        0.2555005427
 C          2.5008633658       -1.6563967877        0.6656144099
 C          1.8011020891       -0.4542774359        0.7358378026
 C          2.3922706972        0.7512735859        0.3620759792
 C          3.7661251999        0.7503761139        0.0016004494
 C          4.4803663958       -0.4681932706       -0.0647779151
 C         -0.5886958063        1.1596222863       -0.1293195796
 H         -2.6391389453       -2.6817103472       -1.9482313851
 H         -2.0017345345       -4.8673297810       -0.9471546934
 H         -1.3541361621       -4.9741215371        1.4323582636
 H         -1.3356220146       -2.9262067518        2.8027714638
 H         -1.9736717009       -0.7629237273        1.8004058736
 H         -4.4475820284       -0.4330860732        1.5439807250
 H         -6.8377530352       -0.0554499650        2.0353485369
 H         -8.3499305482        0.7446640985        0.2631509802
 H         -7.4830992565        1.1666886476       -2.0090408828
 H         -5.0716690188        0.7809621902       -2.4922262024
 H         -3.6320774647        2.2437954907        0.8832192840
 H         -2.1994136065        3.8932526213        2.0434053873
 H          0.2386369194        3.7757578617        1.8457126878
 H          1.8654343693        4.1396863081        0.2560748733
 H          4.2449885641        4.1243486423       -0.3220324339
 H          6.2936204940        2.8748387904       -0.8405048742
 H          7.5141815447        0.7404028396       -1.0413610885
 H          7.5803103862       -1.7101936191       -0.8026531873
 H          6.4418581098       -3.8300353007       -0.2719723453
 H          4.0733115407       -3.8324104995        0.4136929358
 H          2.0020053831       -2.5763262054        0.9346977713
 H          0.7864878860       -0.4680745273        1.1021973670
 H         -0.1638400194        0.4207223730       -0.7956293112
