  75
 Etot=        -135.7938177233
 C         -3.9560556754        5.7258939465       -1.5850143513
 C         -4.2490917142        5.0459965946       -0.2392358516
 C         -3.7066275554        5.9099592042        0.9090022563
 C         -5.7683322161        4.9370227911       -0.0775349433
 C         -3.5551734003        3.6938638334       -0.2062757503
 C         -2.1699785042        3.6210556016       -0.3185821861
 C         -1.5143508938        2.4115723377       -0.2661494957
 C         -2.2119814147        1.2172931222       -0.0787909245
 C         -3.6042098849        1.2554104873       -0.0392187581
 C         -4.2369013544        2.4929601315       -0.0919516141
 C         -4.4552896354        0.0020035441        0.0071875507
 C         -5.3415083187       -0.0303742764       -1.2523605415
 C         -5.3263371022        0.0369916698        1.2771254150
 C         -3.6080990423       -1.2543645827        0.0423577357
 C         -4.2379200185       -2.4892862811        0.1049333185
 C         -3.5579711176       -3.6962382122        0.2092068751
 C         -4.3371342438       -5.0010474924        0.2501657071
 C         -3.4212046384       -6.2255602228        0.3364672146
 C         -5.1795719167       -5.1239490983       -1.0282469341
 C         -5.2558182764       -4.9998383297        1.4812737487
 C         -2.1744196405       -3.6298371531        0.2998450312
 C         -1.5188027199       -2.4171385554        0.2382909156
 C         -2.2132491728       -1.2216045255        0.0626773620
 N         -1.5210471024       -0.0026769654       -0.0120143103
 C         -0.1338090541       -0.0027950690       -0.0117821693
 C          0.6086133368       -0.6673618395       -1.0030676507
 F         -0.0404403222       -1.2836555673       -2.0013026301
 C          1.9921158028       -0.6799407319       -0.9916289131
 F          2.6491687947       -1.2996734667       -1.9817809622
 C          2.7200299616       -0.0067912372       -0.0073177418
 C          4.1929388137       -0.0120866836       -0.0023808711
 C          4.9184819797        1.1799576087        0.0180792697
 F          4.2691579151        2.3458095815       -0.0020608168
 C          6.3086724942        1.1830692636        0.0265643855
 F          6.9787277826        2.3372637496        0.0400446113
 C          7.0030690648       -0.0237645112        0.0119951527
 F          8.3359881359       -0.0293418209        0.0192212936
 C          6.2989191194       -1.2248575400       -0.0100566342
 F          6.9594840922       -2.3846320581       -0.0161476093
 C          4.9088286716       -1.2101311665       -0.0160407577
 F          4.2494619142       -2.3704724900       -0.0025959633
 C          1.9909674173        0.6696558318        0.9739833400
 F          2.6467496725        1.2877407752        1.9660041067
 C          0.6074633032        0.6613055695        0.9807880955
 F         -0.0432302406        1.2796228433        1.9766861187
 H         -4.3095950219        5.1049166821       -2.4058791386
 H         -2.8911967749        5.8949024919       -1.7197947755
 H         -4.4623216264        6.6875454809       -1.6361827234
 H         -4.2048269276        6.8771593379        0.9175502712
 H         -3.8845845142        5.4209668115        1.8648666759
 H         -2.6381445102        6.0792024121        0.8078884014
 H         -6.0282713987        4.4657418938        0.8676106293
 H         -6.2041604844        5.9340713549       -0.0854572073
 H         -6.2110755287        4.3735860356       -0.8957266388
 H         -1.5802512875        4.5137580577       -0.4565396194
 H         -0.4416285539        2.4050770621       -0.3884410981
 H         -5.3114804042        2.5062254853       -0.0447720363
 H         -5.9754855322        0.8496117934       -1.3047911278
 H         -4.7177935518       -0.0592018969       -2.1440882850
 H         -5.9801591596       -0.9086447707       -1.2528286911
 H         -5.9673627799       -0.8375739310        1.3334396459
 H         -4.6919524962        0.0557857811        2.1615172860
 H         -5.9574349788        0.9206015782        1.2887579216
 H         -5.3149174625       -2.5082597220        0.0756405421
 H         -2.7491227633       -6.2716434973       -0.5175769932
 H         -4.0250404461       -7.1308766456        0.3386403582
 H         -2.8343978621       -6.2129737415        1.2521429867
 H         -5.7228238365       -6.0665872036       -1.0280423759
 H         -5.9020148289       -4.3167529707       -1.1085227553
 H         -4.5373756530       -5.0958628553       -1.9063806559
 H         -4.6687463466       -4.8768882019        2.3893567772
 H         -5.7963324570       -5.9418792703        1.5446989484
 H         -5.9827252535       -4.1939580796        1.4333611329
 H         -1.5787924259       -4.5181276129        0.4270498979
 H         -0.4443674240       -2.4149119652        0.3445446210
  75
 Etot=        -135.7938963142
 C         -3.9554441670        5.7240687830       -1.5842637283
 C         -4.2476947400        5.0438018590       -0.2390719364
 C         -3.7061631643        5.9081486181        0.9085976466
 C         -5.7665878066        4.9343519567       -0.0776483776
 C         -3.5541431155        3.6920177054       -0.2061263652
 C         -2.1692749877        3.6192074918       -0.3185730997
 C         -1.5135997291        2.4098363397       -0.2660829364
 C         -2.2113060432        1.2157458128       -0.0795029747
 C         -3.6031953834        1.2549290615       -0.0397024471
 C         -4.2363255048        2.4917483552       -0.0920101087
 C         -4.4535740002        0.0018577879        0.0071988220
 C         -5.3403064762       -0.0308091231       -1.2511003591
 C         -5.3249704134        0.0369326312        1.2760326543
 C         -3.6069211708       -1.2540682475        0.0428642208
 C         -4.2370981835       -2.4882979849        0.1051742060
 C         -3.5566377725       -3.6945485605        0.2094677996
 C         -4.3358840950       -4.9988133747        0.2501125283
 C         -3.4207766341       -6.2233219270        0.3365073341
 C         -5.1783877067       -5.1215242426       -1.0276926554
 C         -5.2550758929       -4.9976096966        1.4802624196
 C         -2.1733875509       -3.6280132428        0.2998183827
 C         -1.5177820615       -2.4154046711        0.2381032475
 C         -2.2124183300       -1.2201125193        0.0633961105
 N         -1.5214725184       -0.0026725761       -0.0119619181
 C         -0.1342911444       -0.0027999698       -0.0117333688
 C          0.6070898867       -0.6668119843       -1.0028414397
 F         -0.0432137084       -1.2814587363       -2.0001576857
 C          1.9910227237       -0.6791264815       -0.9919667940
 F          2.6481929572       -1.2958764255       -1.9817187698
 C          2.7181605030       -0.0068635133       -0.0072618065
 C          4.1909896567       -0.0121153232       -0.0022978903
 C          4.9158335957        1.1797968476        0.0174287210
 F          4.2653195419        2.3439325748       -0.0061122979
 C          6.3060337105        1.1831769746        0.0258485870
 F          6.9750355051        2.3361596935        0.0382299638
 C          7.0003119692       -0.0236696159        0.0117945391
 F          8.3316862824       -0.0291714643        0.0188979213
 C          6.2963564518       -1.2248143479       -0.0096202533
 F          6.9559502817       -2.3832769147       -0.0149146219
 C          4.9062641679       -1.2099553548       -0.0152684026
 F          4.2458793067       -2.3686518626        0.0018817356
 C          1.9898732166        0.6687925718        0.9743549765
 F          2.6457215520        1.2836111086        1.9661864278
 C          0.6059634842        0.6606501706        0.9806906966
 F         -0.0458590548        1.2776257748        1.9755536142
 H         -4.3092658417        5.1035998483       -2.4051902189
 H         -2.8906507682        5.8923649953       -1.7189449090
 H         -4.4611887027        6.6858466516       -1.6352415411
 H         -4.2037358413        6.8755255315        0.9164874851
 H         -3.8849221506        5.4195087984        1.8641820872
 H         -2.6377469974        6.0763433655        0.8076906306
 H         -6.0264457006        4.4627600694        0.8673441369
 H         -6.2032054630        5.9309002156       -0.0856617777
 H         -6.2093027665        4.3703648617       -0.8955283410
 H         -1.5801967149        4.5122478984       -0.4555098667
 H         -0.4413312652        2.4031733384       -0.3865881335
 H         -5.3105119499        2.5051547107       -0.0447401802
 H         -5.9745589963        0.8491585108       -1.3041993457
 H         -4.7160442434       -0.0591632873       -2.1420253944
 H         -5.9787682503       -0.9094375252       -1.2526091681
 H         -5.9655834362       -0.8381254426        1.3335391326
 H         -4.6899926926        0.0561655201        2.1595746368
 H         -5.9564786264        0.9204575729        1.2883347923
 H         -5.3136731241       -2.5076788289        0.0755375021
 H         -2.7488178223       -6.2689479599       -0.5173490984
 H         -4.0246026552       -7.1284586901        0.3383694315
 H         -2.8342860053       -6.2107205960        1.2522179234
 H         -5.7221517179       -6.0637226549       -1.0279358920
 H         -5.9004191201       -4.3138028773       -1.1083201456
 H         -4.5358905938       -5.0934843004       -1.9052018281
 H         -4.6682690165       -4.8752571544        2.3882921399
 H         -5.7965057331       -5.9389881381        1.5435707089
 H         -5.9813025051       -4.1908611879        1.4327447877
 H         -1.5782920340       -4.5165292967        0.4261518788
 H         -0.4438518968       -2.4129594028        0.3426393472
  75
 Etot=        -135.7939303298
 C         -3.9541327186        5.7214165019       -1.5839099451
 C         -4.2464048733        5.0413581923       -0.2390457270
 C         -3.7052416560        5.9054014108        0.9085311894
 C         -5.7649464732        4.9304424942       -0.0776589355
 C         -3.5528421209        3.6901897529       -0.2062435842
 C         -2.1681710330        3.6176360446       -0.3182754819
 C         -1.5124016900        2.4084611182       -0.2658919369
 C         -2.2102823646        1.2143093621       -0.0800724176
 C         -3.6020393356        1.2544717125       -0.0401608533
 C         -4.2356557497        2.4904689818       -0.0923094456
 C         -4.4519533138        0.0016792096        0.0072802421
 C         -5.3380049986       -0.0315198587       -1.2509055967
 C         -5.3224063986        0.0370234401        1.2761910196
 C         -3.6055717152       -1.2538322838        0.0433951705
 C         -4.2361665189       -2.4872677666        0.1055628080
 C         -3.5550463902       -3.6929134291        0.2098473205
 C         -4.3347403804       -4.9962877218        0.2501567081
 C         -3.4199742406       -6.2205763166        0.3366345089
 C         -5.1763453790       -5.1177573482       -1.0279628967
 C         -5.2540484030       -4.9940602326        1.4797927434
 C         -2.1720132210       -3.6265853497        0.2996604745
 C         -1.5163503923       -2.4141541452        0.2379283847
 C         -2.2112153968       -1.2188116804        0.0640266599
 N         -1.5219098511       -0.0026912634       -0.0118851868
 C         -0.1345110101       -0.0027681184       -0.0116629178
 C          0.6051594172       -0.6650072336       -1.0041742555
 F         -0.0469732747       -1.2773068156       -2.0007146564
 C          1.9894330581       -0.6773394637       -0.9938261536
 F          2.6471905633       -1.2908141903       -1.9830977446
 C          2.7150107852       -0.0069894852       -0.0071067682
 C          4.1877673015       -0.0121747589       -0.0021407473
 C          4.9115191015        1.1800289111        0.0151290270
 F          4.2592435061        2.3422811368       -0.0117213016
 C          6.3018000090        1.1837390790        0.0237616627
 F          6.9699038349        2.3355407502        0.0347762593
 C          6.9958484079       -0.0234878922        0.0114181503
 F          8.3258093469       -0.0288533367        0.0182365313
 C          6.2922829678       -1.2251142178       -0.0079991728
 F          6.9511526992       -2.3822455618       -0.0123971846
 C          4.9021000380       -1.2101760056       -0.0127892519
 F          4.2402400294       -2.3671191817        0.0079327221
 C          1.9882584349        0.6668551252        0.9764315331
 F          2.6446222825        1.2781633559        1.9679780447
 C          0.6040156486        0.6588076457        0.9822198099
 F         -0.0495042108        1.2737609588        1.9761847558
 H         -4.3087062755        5.1015402110       -2.4048798647
 H         -2.8892532027        5.8885834784       -1.7187949165
 H         -4.4589769703        6.6835551227       -1.6344569806
 H         -4.2016846658        6.8732267876        0.9153384779
 H         -3.8854714679        5.4174316441        1.8640210814
 H         -2.6366468043        6.0721508441        0.8084050158
 H         -6.0244082333        4.4583883716        0.8672743284
 H         -6.2027311207        5.9263285805       -0.0858072684
 H         -6.2071491875        4.3656779799       -0.8953812888
 H         -1.5798357819        4.5110721996       -0.4546417303
 H         -0.4405449053        2.4016846348       -0.3860626739
 H         -5.3094648650        2.5038182110       -0.0446184831
 H         -5.9730438773        0.8479879131       -1.3041289950
 H         -4.7136811010       -0.0592224627       -2.1416560790
 H         -5.9761680106       -0.9104608314       -1.2530240525
 H         -5.9624973411       -0.8384871132        1.3347118676
 H         -4.6871940125        0.0571725864        2.1594077562
 H         -5.9548446601        0.9199764745        1.2885399238
 H         -5.3123604328       -2.5069570420        0.0755934467
 H         -2.7478743107       -6.2657136919       -0.5169788044
 H         -4.0236992158       -7.1256232444        0.3381513333
 H         -2.8338100091       -6.2078609864        1.2524727322
 H         -5.7212334690       -6.0591650383       -1.0287237177
 H         -5.8976047864       -4.3092070323       -1.1087908219
 H         -4.5334818676       -5.0898823351       -1.9050188364
 H         -4.6676403006       -4.8728470376        2.3881170830
 H         -5.7972709021       -5.9343164504        1.5424631781
 H         -5.9789760306       -4.1859303486        1.4324324265
 H         -1.5775125377       -4.5154196815        0.4253579133
 H         -0.4428371705       -2.4116447654        0.3419574829
