  146
 Etot=        -190.3033987421
 C         -2.0866945541       -7.5331819449        1.6829047675
 C         -1.6797195860       -7.0223100908        0.2983836294
 C         -0.9736066294       -8.1635764676       -0.4468179751
 C         -2.9540395730       -6.6142898595       -0.4546906940
 C         -0.7501724046       -5.8216048347        0.3657029968
 C         -0.3033079061       -5.2765685569        1.5636744019
 C          0.5148684027       -4.1604459693        1.5853252300
 C          0.9108794996       -3.5629359774        0.3988058490
 N          1.6944221516       -2.3728032978        0.3959743321
 C          3.0646197889       -2.4619605283        0.5572364785
 C          3.6398221887       -3.7067252845        0.8327905973
 C          4.9895426010       -3.8308533631        1.0731388063
 C          5.8253071285       -2.7152387000        1.0758214947
 C          7.3139369376       -2.7898246817        1.3803287563
 C          7.6295572251       -1.8921722522        2.5850458856
 C          8.1004712627       -2.3052322440        0.1538173284
 C          7.7766326252       -4.2113146143        1.7113410554
 C          5.2480853645       -1.4963818449        0.7650050122
 C          3.8961798685       -1.3246581232        0.4541603660
 B          3.2515068837        0.0030908617        0.0010303860
 C          3.8935245739        1.3313655254       -0.4542621482
 C          5.2439449360        1.5039391738       -0.7710172996
 C          5.8194990292        2.7235121163       -1.0820870978
 C          7.3063916714        2.7986644686       -1.3948165244
 C          7.6128647826        1.9093979754       -2.6080987073
 C          7.7687901736        4.2220082035       -1.7181453524
 C          8.1003934758        2.3041514906       -0.1771154896
 C          4.9835428330        3.8389572076       -1.0732397385
 C          3.6348642651        3.7139923282       -0.8274807996
 C          3.0610769723        2.4684885953       -0.5523176128
 N          1.6914371000        2.3782639111       -0.3867877444
 C          0.9067149371        3.5675699134       -0.3855116465
 C          0.5102588692        4.1692125450       -1.5698057364
 C         -0.3091467062        5.2843528206       -1.5440302174
 C         -0.7569173309        5.8242703633       -0.3440813445
 C         -1.6882247594        7.0233557441       -0.2723394147
 C         -2.9641985813        6.6087096172        0.4742975057
 C         -0.9862769938        8.1612414456        0.4819050223
 C         -2.0916607354        7.5421098030       -1.6549608144
 C         -0.3326074194        5.2177315168        0.8362495340
 C          0.4861850652        4.1065076102        0.8226543952
 C          1.0117675140        1.1932448693       -0.2113373532
 C         -0.3817672620        1.1792969841       -0.2577795597
 C         -1.0659822868        0.0007874916        0.0034421518
 N         -2.4668706670       -0.0013540489        0.0006751909
 C         -3.2746096131       -0.9608100003       -0.5787914429
 C         -2.9512128657       -2.0905699951       -1.3169588128
 C         -3.9820092975       -2.8669391024       -1.8050397189
 C         -5.3340122877       -2.5596533195       -1.5999711596
 C         -6.3969959030       -3.4763049500       -2.1888393032
 C         -6.2449942677       -3.5042077613       -3.7163412951
 C         -6.2179028721       -4.8924963300       -1.6245939159
 C         -7.8193856877       -3.0131283673       -1.8617792617
 C         -5.6469031542       -1.4172015555       -0.8834430660
 C         -4.6291085942       -0.6191068791       -0.3777773112
 C         -4.6334708792        0.6085736586        0.3662916636
 C         -5.6571397733        1.4032222110        0.8654124643
 C         -5.3526887209        2.5473446723        1.5829067347
 C         -6.4226410378        3.4608734802        2.1639833065
 C         -6.2464237027        4.8763332727        1.5969850019
 C         -7.8413095345        2.9908336599        1.8305572196
 C         -6.2790580796        3.4933878023        3.6921981558
 C         -4.0030470013        2.8597550377        1.7956981918
 C         -2.9665009428        2.0868245877        1.3142802717
 C         -3.2813917698        0.9553354409        0.5750804828
 C         -0.3801567319       -1.1764319440        0.2663736816
 C          1.0133614144       -1.1886947392        0.2201326604
 C          1.7355427876        0.0026221904        0.0036755963
 C          0.4914357360       -4.1070840340       -0.8073817767
 C         -0.3260333564       -5.2193312822       -0.8168675494
 H         -2.7563355848       -8.3836135820        1.5720306269
 H         -1.2196986195       -7.8626827895        2.2508746356
 H         -2.6116522611       -6.7636467476        2.2441102925
 H         -0.0642911502       -8.4497092848        0.0778175697
 H         -0.7048187692       -7.8709599840       -1.4580998584
 H         -1.6260871247       -9.0320913548       -0.5052269930
 H         -3.6661176161       -7.4367602916       -0.4618263635
 H         -2.7342479708       -6.3473205876       -1.4846741924
 H         -3.4184697929       -5.7571702543        0.0286735575
 H         -0.5955177738       -5.7087068998        2.5064794120
 H          0.8425968883       -3.7417813719        2.5257074580
 H          3.0198305251       -4.5906999908        0.8663815351
 H          5.3783625605       -4.8154166441        1.2775004563
 H          7.0661118252       -2.2211143363        3.4558946611
 H          7.3717162652       -0.8555650456        2.3861153926
 H          8.6907517079       -1.9397759133        2.8217598617
 H          9.1704857801       -2.3725103488        0.3405880272
 H          7.8625724040       -1.2722969399       -0.0845956334
 H          7.8612868090       -2.9180023814       -0.7131572145
 H          7.2554838920       -4.5983084174        2.5841163208
 H          7.6117794846       -4.8823390762        0.8713027646
 H          8.8426103917       -4.2049813519        1.9313746193
 H          5.8627196291       -0.6113737507        0.7788068185
 H          5.8586358159        0.6190414081       -0.7895610395
 H          8.6727268579        1.9563418611       -2.8508349790
 H          7.0449591373        2.2460855093       -3.4730788977
 H          7.3536185374        0.8719793001       -2.4152107342
 H          7.2443909179        4.6153922462       -2.5860923276
 H          7.6078803629        4.8873450336       -0.8728244020
 H          8.8338310272        4.2163664987       -1.9426931465
 H          7.8643011093        1.2692385055        0.0543338412
 H          9.1692267272        2.3730944030       -0.3699553844
 H          7.8665335508        2.9098289402        0.6962676351
 H          5.3712921714        4.8240514480       -1.2770888068
 H          3.0145494235        4.5978964678       -0.8565550385
 H          0.8385631676        3.7545159048       -2.5117459147
 H         -0.6016641793        5.7197593050       -2.4852363646
 H         -2.7467851226        6.3340104206        1.5027747430
 H         -3.6769160352        7.4305913377        0.4857570935
 H         -3.4266462586        5.7549337764       -0.0168467074
 H         -1.6399437517        9.0287188308        0.5424634834
 H         -0.0752277427        8.4512219416       -0.0375795983
 H         -0.7211880819        7.8635350527        1.4926644062
 H         -2.6149909901        6.7757842745       -2.2220371260
 H         -2.7618006613        8.3917334726       -1.5409474579
 H         -1.2231774728        7.8750210569       -2.2186626485
 H         -0.6482163083        5.6102447518        1.7908127875
 H          0.7977032358        3.6411796380        1.7467221655
 H         -0.9386786484        2.0658506142       -0.5124863276
 H         -1.9259138643       -2.3584429085       -1.5209111327
 H         -3.7205563897       -3.7454512952       -2.3752569779
 H         -6.3562280858       -2.5009987521       -4.1226275470
 H         -7.0068823552       -4.1430804635       -4.1586175073
 H         -5.2700621865       -3.8830970697       -4.0101884573
 H         -5.2533678531       -5.3093578240       -1.8982696540
 H         -6.2868054753       -4.8756680111       -0.5388010837
 H         -6.9943044776       -5.5508310640       -2.0093021039
 H         -8.5361655609       -3.7065032076       -2.2977530587
 H         -7.9848307189       -2.9897933050       -0.7870895010
 H         -8.0144267228       -2.0262011983       -2.2747384900
 H         -6.6676541774       -1.1205201683       -0.7082996739
 H         -6.6757279330        1.1026979976        0.6843490632
 H         -6.3096613501        4.8563831927        0.5108921911
 H         -5.2849770512        5.2977604946        1.8745581585
 H         -7.0274801936        5.5324895927        1.9759544691
 H         -8.0340502258        2.0037762051        2.2442917192
 H         -8.5633505951        3.6817996186        2.2616522257
 H         -8.0012639748        2.9648844690        0.7550980300
 H         -7.0471416013        4.1287712535        4.1287527471
 H         -5.3080573052        3.8788805191        3.9904195232
 H         -6.3865316500        2.4905307735        4.1003554857
 H         -3.7482728472        3.7397529763        2.3666461551
 H         -1.9433705687        2.3587421047        1.5238033615
 H         -0.9360838142       -2.0636200734        0.5209983905
 H          0.8028400702       -3.6450977073       -1.7331658265
 H         -0.6407061047       -5.6160915471       -1.7699740281
