 
        ______________________________________
       |                                      |
       |          ===================         |
       |             xTB for sTDA             |
       |          ===================         |
       |               S. Grimme              |
       |        Universitaet Bonn, MCTC       |
       |         2015-19, Version 1.0         |
       |     Wed Apr  3 09:14:55 CEST 2019    |
       |______________________________________|
 
        This code comes without any warranty
        for non-commercial, academia use only.
        Preliminary test version.
        Cite this work as:
        S. Grimme  &  C. Bannwarth, JCP 145 (2016) 054103
        if GBSA is used additionally:
        P. Shushkov, F. März, C. Bannwarth, S. Grimme, unpublished.
 
        with help from
        P. Shushkov, G. Brandenburg, S. Dohm, J. Pisarek,
        F. März, M. Checinski, S. Ehrlich, S. Spicher, 
        P. Pracht, E. Caldeweyher, S. Ehlert, and C. Bannwarth.
 
        usage        :
        xtb4stda <coord_file> [options]
        where <coord_file> is a valid file of TM)
        (*coord, Bohr) or xmol (*xyz, Angstroem)
        format.

        options:
        -chrg <int>   : molecular charge
        -uhf  <int>   : # of unpaired electrons(=2*S)
        -nox          : skip second, extended part in sTDA-xTB
        -pop          : do population analysis
                      : (default for -nox)
        -mowr <real>  : cut MO write above (def.3 Eh)
        -molden       : write formatted molden file
        -parx <file>  : read parameters for sTDA-xTB
                        calc (def:~/.param_stda2.xtb)
        -parv <file>  : read parameters for vTB part in
                        sTDA-xTB (def: ~/.param_stda1.xtb)
        -xtemp <real> : el. temp for xTB (def. 0 K)
        -etemp <real> : el. temp for GFN (def. 300 K)
        -fod          : calculate the FOD and write
                        molden.input file with
                        appropriate occupations
                        for plotting. Def. T=12500 K
 
        -acc <real>   : xTB accuracy (def. 1.0)
        -gbsa [string1] [string2]
                        use GBSA implicit solvent
                        for solvent [string1] and
                        solvation state [string2]=
                        reference, bar1M (default=1M)
        additional GFN/opt/MD/siman options read from
        $XTB4STDAHOME/.xtb4stdarc or $set in input
 
       spin and charge state information can be on:
       <.CHRG> (charge) and <.UHF> (=nalpha-nbeta)
       -uhf and -chrg override the file info.
       useful machine settings:
       setenv MKL_NUM_THREADS <NCORE_ON_YOUR_MACHINE>
       setenv OMP_STACKSIZE 500m
       limit stacksize unlimited
 
       total energies in Eh, gaps/HL energies in eV
       please read REVISION and HOWTO files carefully
 =============================
  # OMP threads =          48
 =============================
 
 xtb4stdahome directory:/home/penavora/Exe_xtb_crest/
 
 
 name of molecule           :
 comment line               :
 number of atoms            :   108
 number of electrons        :   330
 charge                     :  0
 spin                       : 0.0
 first test random number   :  0.9505
 
 -----------------------------------------
      charge density (VTB) calculation
 -----------------------------------------
 
      method parameters     
 k(s)        :  1.8000
 k(p)        :  2.8350
 k(d)        :  2.0860
 k(f)        :  2.0000
 Tscal       :  0.3300
 Gscal       :  0.3910
 fpol        :  1.0000
 Zcnf        :  0.6500
 Zqf         :  0.0000
 kcn         :  0.3000
 kEN1        : -0.5900
 wllscal     :  2.6000
 
     -------------------------
     ! NO SOLVENT MODEL USED !
     -------------------------
 
 doing EN charges ...
 sum q :  0.2886580D-14
 point charge moment (au)
     X       Y       Z   
   0.7622  -0.5869  -0.0239  total (Debye):    2.446
 
            Z      q(EN)   CN      Cart. coordinates
     1  C   4.0  -0.073   3.148   -13.70119     3.28423    -2.60425
     2  C   4.0  -0.072   3.148   -13.69373     0.70238    -2.16391
     3  C   4.0  -0.072   3.198   -11.47825    -0.65684    -2.39442
     4  C   4.0   0.003   3.254    -9.24257     0.56623    -3.05888
     5  C   4.0   0.193   3.369    -6.87288    -0.85151    -3.13067
     6  N   5.0  -0.219   2.253    -4.73975     0.48656    -3.02529
     7  C   4.0   0.097   3.352    -2.54474    -0.69498    -2.82015
     8  C   4.0   0.003   3.273    -0.27042     0.79700    -2.25704
     9  C   4.0  -0.074   3.205     2.01593     0.23075    -3.42500
    10  C   4.0  -0.069   3.196     4.19648     1.51387    -2.80826
    11  C   4.0   0.092   3.253     4.14107     3.38986    -0.95913
    12  N   5.0  -0.323   3.315     6.38763     4.59813    -0.27116
    13  C   4.0   0.086   3.470     6.85312     7.15792    -0.57412
    14  C   4.0  -0.063   3.156     5.18008     9.11665    -1.03909
    15  C   4.0  -0.073   3.152     6.15795    11.52626    -1.28788
    16  C   4.0  -0.073   3.146     8.74245    11.98140    -1.10115
    17  C   4.0  -0.067   3.154    10.42261    10.02909    -0.68474
    18  C   4.0  -0.000   3.377     9.48136     7.59361    -0.42354
    19  C   4.0   0.001   3.375    10.64957     5.17540    -0.03515
    20  C   4.0  -0.067   3.158    13.17765     4.44691     0.11351
    21  C   4.0  -0.063   3.159    13.77373     1.93418     0.41829
    22  C   4.0   0.090   3.475    11.81626     0.19432     0.72233
    23  C   4.0   0.011   3.373     9.22542     0.86365     0.63953
    24  C   4.0   0.001   3.365     7.82469    -1.40624     1.17054
    25  C   4.0  -0.069   3.164     5.29951    -1.95309     1.66690
    26  C   4.0  -0.074   3.152     4.61836    -4.40968     2.21534
    27  C   4.0  -0.073   3.151     6.40885    -6.33332     2.32632
    28  C   4.0  -0.063   3.157     8.94088    -5.83109     1.95310
    29  C   4.0   0.089   3.477     9.63384    -3.36674     1.38633
    30  N   5.0  -0.326   3.320    12.02348    -2.37323     1.10879
    31  C   4.0   0.089   3.246    14.28453    -3.74796     1.28309
    32  C   4.0  -0.070   3.186    16.15854    -3.01618     2.97612
    33  C   4.0  -0.073   3.146    18.38042    -4.38222     3.13031
    34  C   4.0  -0.074   3.144    18.74210    -6.49065     1.62234
    35  C   4.0  -0.072   3.145    16.87119    -7.23063    -0.05158
    36  C   4.0  -0.070   3.187    14.65122    -5.86514    -0.23299
    37  C   4.0   0.094   3.474     8.67314     3.38784     0.09483
    38  C   4.0  -0.064   3.228     1.86305     4.01442     0.19043
    39  C   4.0   0.092   3.287    -0.33734     2.73296    -0.44070
    40  N   5.0  -0.324   3.331    -2.59887     3.37935     0.78548
    41  C   4.0   0.087   3.482    -3.83977     5.65536     0.44665
    42  C   4.0  -0.063   3.157    -2.98632     7.87884    -0.64194
    43  C   4.0  -0.073   3.152    -4.64302     9.89469    -0.75907
    44  C   4.0  -0.073   3.148    -7.10062     9.71070     0.16772
    45  C   4.0  -0.067   3.156    -7.97931     7.48825     1.21368
    46  C   4.0   0.001   3.380    -6.34325     5.44248     1.34634
    47  C   4.0   0.012   3.385    -6.62409     2.89066     2.20041
    48  C   4.0   0.062   3.524    -8.61227     1.40896     3.04642
    49  O   6.0  -0.153   2.117   -11.05670     2.11371     3.37132
    50  C   4.0   0.054   3.511   -12.32662    -0.01865     4.05029
    51  C   4.0  -0.062   3.140   -14.88717    -0.21478     4.52819
    52  C   4.0  -0.074   3.154   -15.80897    -2.57478     5.17615
    53  C   4.0  -0.073   3.147   -14.22301    -4.66754     5.34186
    54  C   4.0  -0.068   3.152   -11.66392    -4.46861     4.86869
    55  C   4.0  -0.000   3.348   -10.69566    -2.11879     4.21538
    56  C   4.0   0.002   3.343    -8.23577    -1.17039     3.56321
    57  C   4.0  -0.067   3.162    -5.84211    -2.26443     3.36097
    58  C   4.0  -0.062   3.174    -3.83867    -0.82722     2.52987
    59  C   4.0   0.090   3.501    -4.26944     1.68573     1.85056
    60  C   4.0  -0.081   3.294    -2.48676    -3.33218    -2.91617
    61  S   6.0   0.221   2.496     0.05974    -5.39875    -2.64466
    62  C   4.0  -0.088   3.273    -1.99430    -7.99701    -2.74105
    63  C   4.0  -0.078   3.200    -1.29178   -10.51618    -2.61605
    64  C   4.0  -0.073   3.151    -3.16717   -12.33005    -2.71459
    65  C   4.0  -0.073   3.145    -5.70251   -11.65293    -2.93260
    66  C   4.0  -0.068   3.166    -6.40419    -9.14649    -3.05822
    67  C   4.0  -0.014   3.411    -4.54149    -7.29289    -2.96519
    68  C   4.0   0.084   3.497    -4.83223    -4.59346    -3.05170
    69  N   5.0  -0.212   2.198    -7.00271    -3.35715    -3.12087
    70  C   4.0  -0.072   3.198    -9.26333     3.15861    -3.51379
    71  C   4.0  -0.072   3.148   -11.48793     4.50449    -3.28976
    72  H   1.0   0.074   1.004   -15.43362     4.34638    -2.40738
    73  H   1.0   0.074   1.005   -15.41593    -0.24867    -1.61773
    74  H   1.0   0.077   1.006   -11.43193    -2.66193    -2.02655
    75  H   1.0   0.076   1.010     2.07218    -1.20923    -4.86816
    76  H   1.0   0.077   1.006     5.95882     1.05875    -3.72574
    77  H   1.0   0.076   1.005     3.17668     8.78411    -1.21560
    78  H   1.0   0.074   1.004     4.88951    13.08609    -1.63803
    79  H   1.0   0.074   1.004     9.43569    13.89033    -1.30011
    80  H   1.0   0.075   1.004    12.42880    10.37952    -0.56632
    81  H   1.0   0.075   1.005    14.64944     5.84840    -0.04871
    82  H   1.0   0.076   1.005    15.71567     1.31410     0.43820
    83  H   1.0   0.078   1.008     3.89026    -0.48501     1.69276
    84  H   1.0   0.074   1.006     2.66270    -4.84718     2.59873
    85  H   1.0   0.074   1.005     5.81481    -8.23548     2.76607
    86  H   1.0   0.075   1.005    10.34527    -7.29882     2.14282
    87  H   1.0   0.076   1.005    15.85046    -1.39679     4.17869
    88  H   1.0   0.074   1.004    19.82983    -3.80643     4.44655
    89  H   1.0   0.074   1.004    20.47679    -7.55604     1.75328
    90  H   1.0   0.074   1.004    17.14720    -8.87174    -1.23300
    91  H   1.0   0.075   1.005    13.19987    -6.41350    -1.55879
    92  H   1.0   0.077   1.006     1.80900     5.43638     1.65264
    93  H   1.0   0.075   1.005    -1.10002     8.02939    -1.40315
    94  H   1.0   0.074   1.005    -4.01981    11.64960    -1.59494
    95  H   1.0   0.074   1.004    -8.33348    11.33251     0.04495
    96  H   1.0   0.075   1.005    -9.89023     7.31254     1.90259
    97  H   1.0   0.075   1.004   -16.10313     1.41445     4.39091
    98  H   1.0   0.074   1.004   -17.80059    -2.79812     5.55950
    99  H   1.0   0.074   1.004   -15.01644    -6.47804     5.85002
   100  H   1.0   0.075   1.004   -10.43874    -6.09470     4.99462
   101  H   1.0   0.075   1.005    -5.58173    -4.23267     3.82880
   102  H   1.0   0.076   1.006    -1.97300    -1.63705     2.35066
   103  H   1.0   0.075   1.006     0.67338   -11.03187    -2.44417
   104  H   1.0   0.074   1.004    -2.65694   -14.30337    -2.61948
   105  H   1.0   0.074   1.004    -7.12635   -13.11206    -3.00339
   106  H   1.0   0.075   1.005    -8.35385    -8.57712    -3.22666
   107  H   1.0   0.077   1.007    -7.52200     4.08800    -4.02333
   108  H   1.0   0.074   1.005   -11.49237     6.51662    -3.63264
 
  Z AO/shell   Hii/eV     exponent
  1     Sat Feb 20 21:38:01 CET 2016    EN: 2.327 GAM: 0.473  GM3: 0.0000
     1s    -13.751157    1.051071
  6     Sat Feb 20 21:38:01 CET 2016    EN: 2.731 GAM: 0.422  GM3: 0.0000
     2s    -19.378245    2.021003
     2p    -11.993376    1.497917
  7     Sat Feb 20 21:38:01 CET 2016    EN: 3.573 GAM: 0.504  GM3: 0.0000
     2s    -21.576984    2.275442
     2p    -16.125120    2.056788
  8     Sat Feb 20 21:38:01 CET 2016    EN: 3.700 GAM: 0.587  GM3: 0.0000
     2s    -21.648843    2.110798
     2p    -17.239740    2.329048
 16     Sat Feb 20 23:13:41 CET 2016    EN: 1.915 GAM: 0.389  GM3: 0.0000
     3s    -22.000000    2.671470
     3p    -15.834192    1.836978
     3d     -2.593599    1.836978
 
 dipole moment of classical point charges (au)
     X       Y       Z   
   0.7622  -0.5869  -0.0239  total (Debye):    2.446

 
 Nbf   :          327
 T(el) :   300.0
 calculating S/T integrals ...
 cpu time for ints    3.50765700000000     
 Nao   :          326
 making H0...
 making H1...
 cpu time for H      0.286831000000000     
 solving ...
 cpu time for diag    1.04511000000000     
 
 gap (eV)           :   4.210
 Koopmans IP (eV)   :  13.122
 Eel (Eh)           :  -259.832078
 T,E(Fermi),NFOD :    300.000   -11.017  0.000000
 T,E(Fermi),NFOD :    300.000   -11.017  0.000000
 Nfod               :  0.0000
 Nfod/Nel           :  0.0000

          eigenvalues
 #    :         153        154        155        156        157        158        159        160
 occ. :        2.000      2.000      2.000      2.000      2.000      2.000      2.000      2.000
 eps  :       -15.445    -15.412    -15.267    -14.870    -14.805    -14.756    -14.565    -14.387
 #    :         161        162        163        164        165        166        167        168
 occ. :        2.000      2.000      2.000      2.000      2.000      0.000      0.000      0.000
 eps  :       -13.870    -13.646    -13.301    -13.159    -13.123     -8.913     -8.176     -7.784
 #    :         169        170        171        172        173        174        175        176
 occ. :        0.000      0.000      0.000      0.000      0.000      0.000      0.000      0.000
 eps  :        -7.417     -7.050     -7.017     -6.607     -6.456     -6.377     -6.279     -6.055
                            1  SCC done.
 making H1...
 cpu time for H       1.26587200000000     
 solving ...
 cpu time for diag   0.825165999999999     
 
 gap (eV)           :   4.337
 Koopmans IP (eV)   :  12.974
 Eel (Eh)           :  -258.353766
 T,E(Fermi),NFOD :    300.000   -10.805  0.000000
 T,E(Fermi),NFOD :    300.000   -10.805  0.000000
 Nfod               :  0.0000
 Nfod/Nel           :  0.0000

          eigenvalues
 #    :         153        154        155        156        157        158        159        160
 occ. :        2.000      2.000      2.000      2.000      2.000      2.000      2.000      2.000
 eps  :       -15.209    -15.169    -14.728    -14.705    -14.671    -14.434    -14.287    -14.213
 #    :         161        162        163        164        165        166        167        168
 occ. :        2.000      2.000      2.000      2.000      2.000      0.000      0.000      0.000
 eps  :       -13.670    -13.461    -13.182    -13.009    -12.975     -8.637     -7.874     -7.472
 #    :         169        170        171        172        173        174        175        176
 occ. :        0.000      0.000      0.000      0.000      0.000      0.000      0.000      0.000
 eps  :        -7.306     -6.916     -6.856     -6.498     -6.346     -6.216     -6.125     -6.000
                            2  SCC done.
 
 
 Mulliken/CM5 charges    n(s)   n(p)   n(d)   
    1 C  -0.0352 -0.0915   1.139  2.896  0.000
    2 C  -0.0290 -0.0850   1.135  2.894  0.000
    3 C  -0.0278 -0.0784   1.142  2.886  0.000
    4 C   0.0264  0.0302   1.154  2.819  0.000
    5 C   0.0906  0.2419   1.206  2.704  0.000
    6 N  -0.2033 -0.3935   1.480  3.723  0.000
    7 C   0.0665  0.1474   1.192  2.742  0.000
    8 C   0.0078  0.0136   1.165  2.827  0.000
    9 C  -0.0264 -0.0786   1.140  2.886  0.000
   10 C  -0.0292 -0.0779   1.137  2.892  0.000
   11 C   0.0701  0.1258   1.171  2.759  0.000
   12 N  -0.0905 -0.3345   1.243  3.847  0.000
   13 C   0.0335  0.0959   1.182  2.784  0.000
   14 C  -0.0448 -0.0942   1.135  2.910  0.000
   15 C  -0.0411 -0.0972   1.134  2.907  0.000
   16 C  -0.0476 -0.1038   1.132  2.916  0.000
   17 C  -0.0387 -0.0915   1.137  2.902  0.000
   18 C  -0.0255 -0.0226   1.165  2.860  0.000
   19 C  -0.0392 -0.0361   1.162  2.877  0.000
   20 C  -0.0367 -0.0892   1.135  2.902  0.000
   21 C  -0.0533 -0.1022   1.130  2.924  0.000
   22 C   0.0345  0.0985   1.183  2.783  0.000
   23 C  -0.0338 -0.0238   1.165  2.869  0.000
   24 C  -0.0276 -0.0239   1.168  2.860  0.000
   25 C  -0.0441 -0.0970   1.141  2.903  0.000
   26 C  -0.0516 -0.1078   1.132  2.919  0.000
   27 C  -0.0418 -0.0978   1.134  2.907  0.000
   28 C  -0.0468 -0.0958   1.135  2.912  0.000
   29 C   0.0343  0.0980   1.183  2.783  0.000
   30 N  -0.0922 -0.3390   1.233  3.859  0.000
   31 C   0.0619  0.1170   1.171  2.767  0.000
   32 C  -0.0347 -0.0836   1.138  2.897  0.000
   33 C  -0.0295 -0.0856   1.136  2.894  0.000
   34 C  -0.0373 -0.0937   1.134  2.903  0.000
   35 C  -0.0297 -0.0858   1.136  2.894  0.000
   36 C  -0.0349 -0.0836   1.138  2.897  0.000
   37 C   0.0353  0.1017   1.187  2.778  0.000
   38 C  -0.0285 -0.0697   1.137  2.891  0.000
   39 C   0.0710  0.1311   1.176  2.753  0.000
   40 N  -0.0885 -0.3329   1.242  3.846  0.000
   41 C   0.0386  0.1018   1.182  2.780  0.000
   42 C  -0.0453 -0.0946   1.135  2.910  0.000
   43 C  -0.0423 -0.0984   1.134  2.908  0.000
   44 C  -0.0496 -0.1058   1.132  2.917  0.000
   45 C  -0.0367 -0.0896   1.138  2.899  0.000
   46 C  -0.0205 -0.0171   1.165  2.856  0.000
   47 C  -0.0259 -0.0169   1.161  2.865  0.000
   48 C   0.0691  0.0944   1.167  2.764  0.000
   49 O  -0.1035 -0.1678   1.483  4.620  0.000
   50 C   0.0646  0.0855   1.165  2.770  0.000
   51 C  -0.0402 -0.0918   1.134  2.906  0.000
   52 C  -0.0438 -0.0999   1.134  2.910  0.000
   53 C  -0.0455 -0.1017   1.132  2.913  0.000
   54 C  -0.0379 -0.0910   1.136  2.902  0.000
   55 C  -0.0203 -0.0223   1.167  2.854  0.000
   56 C  -0.0337 -0.0351   1.162  2.871  0.000
   57 C  -0.0336 -0.0856   1.133  2.900  0.000
   58 C  -0.0477 -0.0947   1.130  2.918  0.000
   59 C   0.0424  0.1095   1.181  2.776  0.000
   60 C  -0.0202  0.0039   1.186  2.835  0.000
   61 S   0.0619  0.0255   1.890  4.007  0.041
   62 C  -0.0125 -0.0032   1.176  2.837  0.000
   63 C  -0.0307 -0.0827   1.132  2.899  0.000
   64 C  -0.0343 -0.0904   1.140  2.894  0.000
   65 C  -0.0344 -0.0905   1.132  2.902  0.000
   66 C  -0.0212 -0.0732   1.142  2.879  0.000
   67 C  -0.0116 -0.0094   1.161  2.851  0.000
   68 C   0.0373  0.1187   1.191  2.772  0.000
   69 N  -0.2007 -0.3868   1.492  3.708  0.000
   70 C  -0.0272 -0.0780   1.142  2.885  0.000
   71 C  -0.0286 -0.0849   1.135  2.894  0.000
   72 H   0.0385  0.0950   0.961  0.000  0.000
   73 H   0.0392  0.0963   0.961  0.000  0.000
   74 H   0.0437  0.1076   0.956  0.000  0.000
   75 H   0.0536  0.1143   0.946  0.000  0.000
   76 H   0.0476  0.1098   0.952  0.000  0.000
   77 H   0.0419  0.1022   0.958  0.000  0.000
   78 H   0.0432  0.0998   0.957  0.000  0.000
   79 H   0.0403  0.0969   0.960  0.000  0.000
   80 H   0.0414  0.0986   0.959  0.000  0.000
   81 H   0.0516  0.1091   0.948  0.000  0.000
   82 H   0.0462  0.1068   0.954  0.000  0.000
   83 H   0.0465  0.1098   0.954  0.000  0.000
   84 H   0.0400  0.0977   0.960  0.000  0.000
   85 H   0.0422  0.0988   0.958  0.000  0.000
   86 H   0.0402  0.1003   0.960  0.000  0.000
   87 H   0.0403  0.1011   0.960  0.000  0.000
   88 H   0.0430  0.0995   0.957  0.000  0.000
   89 H   0.0400  0.0965   0.960  0.000  0.000
   90 H   0.0428  0.0993   0.957  0.000  0.000
   91 H   0.0394  0.1002   0.961  0.000  0.000
   92 H   0.0460  0.1108   0.954  0.000  0.000
   93 H   0.0399  0.1001   0.960  0.000  0.000
   94 H   0.0420  0.0986   0.958  0.000  0.000
   95 H   0.0391  0.0956   0.961  0.000  0.000
   96 H   0.0433  0.1023   0.957  0.000  0.000
   97 H   0.0390  0.0976   0.961  0.000  0.000
   98 H   0.0416  0.0982   0.958  0.000  0.000
   99 H   0.0399  0.0964   0.960  0.000  0.000
  100 H   0.0419  0.0990   0.958  0.000  0.000
  101 H   0.0503  0.1081   0.950  0.000  0.000
  102 H   0.0429  0.1050   0.957  0.000  0.000
  103 H   0.0430  0.1006   0.957  0.000  0.000
  104 H   0.0448  0.1014   0.955  0.000  0.000
  105 H   0.0431  0.0997   0.957  0.000  0.000
  106 H   0.0488  0.1080   0.951  0.000  0.000
  107 H   0.0451  0.1096   0.955  0.000  0.000
  108 H   0.0393  0.0963   0.961  0.000  0.000
 Hirshfeld charges for QMDFF written to <charges>
 
 Loewdin charges    n(s)   n(p)   n(d)
    1 C  -0.0267   1.084  2.943  0.000
    2 C  -0.0216   1.080  2.941  0.000
    3 C  -0.0218   1.088  2.933  0.000
    4 C   0.0272   1.112  2.861  0.000
    5 C   0.0788   1.177  2.745  0.000
    6 N  -0.1877   1.448  3.740  0.000
    7 C   0.0631   1.156  2.780  0.000
    8 C   0.0047   1.125  2.870  0.000
    9 C  -0.0182   1.086  2.932  0.000
   10 C  -0.0271   1.084  2.943  0.000
   11 C   0.0683   1.133  2.799  0.000
   12 N  -0.0489   1.201  3.848  0.000
   13 C   0.0273   1.147  2.825  0.000
   14 C  -0.0433   1.083  2.960  0.000
   15 C  -0.0331   1.079  2.954  0.000
   16 C  -0.0413   1.078  2.963  0.000
   17 C  -0.0334   1.083  2.950  0.000
   18 C  -0.0247   1.123  2.901  0.000
   19 C  -0.0405   1.121  2.919  0.000
   20 C  -0.0297   1.080  2.949  0.000
   21 C  -0.0523   1.078  2.975  0.000
   22 C   0.0290   1.148  2.823  0.000
   23 C  -0.0390   1.126  2.913  0.000
   24 C  -0.0272   1.127  2.901  0.000
   25 C  -0.0396   1.088  2.952  0.000
   26 C  -0.0457   1.078  2.967  0.000
   27 C  -0.0336   1.080  2.954  0.000
   28 C  -0.0447   1.082  2.962  0.000
   29 C   0.0279   1.148  2.824  0.000
   30 N  -0.0499   1.191  3.859  0.000
   31 C   0.0589   1.134  2.807  0.000
   32 C  -0.0321   1.085  2.947  0.000
   33 C  -0.0208   1.080  2.940  0.000
   34 C  -0.0308   1.080  2.951  0.000
   35 C  -0.0210   1.080  2.941  0.000
   36 C  -0.0323   1.085  2.947  0.000
   37 C   0.0271   1.153  2.820  0.000
   38 C  -0.0299   1.086  2.943  0.000
   39 C   0.0663   1.140  2.794  0.000
   40 N  -0.0476   1.201  3.847  0.000
   41 C   0.0323   1.147  2.821  0.000
   42 C  -0.0437   1.083  2.961  0.000
   43 C  -0.0342   1.080  2.955  0.000
   44 C  -0.0433   1.078  2.965  0.000
   45 C  -0.0311   1.084  2.947  0.000
   46 C  -0.0203   1.123  2.897  0.000
   47 C  -0.0320   1.122  2.910  0.000
   48 C   0.0549   1.135  2.811  0.000
   49 O  -0.0617   1.442  4.619  0.000
   50 C   0.0523   1.132  2.816  0.000
   51 C  -0.0378   1.081  2.956  0.000
   52 C  -0.0357   1.079  2.957  0.000
   53 C  -0.0389   1.078  2.961  0.000
   54 C  -0.0326   1.082  2.950  0.000
   55 C  -0.0197   1.125  2.895  0.000
   56 C  -0.0356   1.121  2.914  0.000
   57 C  -0.0270   1.079  2.948  0.000
   58 C  -0.0467   1.078  2.968  0.000
   59 C   0.0365   1.147  2.817  0.000
   60 C  -0.0036   1.143  2.861  0.000
   61 S   0.0239   1.877  4.005  0.095
   62 C   0.0143   1.129  2.857  0.000
   63 C  -0.0279   1.079  2.949  0.000
   64 C  -0.0250   1.085  2.940  0.000
   65 C  -0.0280   1.078  2.950  0.000
   66 C  -0.0143   1.088  2.927  0.000
   67 C  -0.0133   1.120  2.893  0.000
   68 C   0.0336   1.156  2.810  0.000
   69 N  -0.1843   1.460  3.725  0.000
   70 C  -0.0212   1.088  2.933  0.000
   71 C  -0.0211   1.080  2.941  0.000
   72 H   0.0309   0.969  0.000  0.000
   73 H   0.0316   0.968  0.000  0.000
   74 H   0.0346   0.965  0.000  0.000
   75 H   0.0448   0.955  0.000  0.000
   76 H   0.0388   0.961  0.000  0.000
   77 H   0.0347   0.965  0.000  0.000
   78 H   0.0355   0.964  0.000  0.000
   79 H   0.0331   0.967  0.000  0.000
   80 H   0.0335   0.967  0.000  0.000
   81 H   0.0431   0.957  0.000  0.000
   82 H   0.0386   0.961  0.000  0.000
   83 H   0.0383   0.962  0.000  0.000
   84 H   0.0332   0.967  0.000  0.000
   85 H   0.0347   0.965  0.000  0.000
   86 H   0.0325   0.967  0.000  0.000
   87 H   0.0323   0.968  0.000  0.000
   88 H   0.0349   0.965  0.000  0.000
   89 H   0.0325   0.967  0.000  0.000
   90 H   0.0347   0.965  0.000  0.000
   91 H   0.0314   0.969  0.000  0.000
   92 H   0.0371   0.963  0.000  0.000
   93 H   0.0329   0.967  0.000  0.000
   94 H   0.0345   0.965  0.000  0.000
   95 H   0.0320   0.968  0.000  0.000
   96 H   0.0350   0.965  0.000  0.000
   97 H   0.0309   0.969  0.000  0.000
   98 H   0.0340   0.966  0.000  0.000
   99 H   0.0327   0.967  0.000  0.000
  100 H   0.0339   0.966  0.000  0.000
  101 H   0.0420   0.958  0.000  0.000
  102 H   0.0356   0.964  0.000  0.000
  103 H   0.0345   0.965  0.000  0.000
  104 H   0.0365   0.963  0.000  0.000
  105 H   0.0353   0.965  0.000  0.000
  106 H   0.0390   0.961  0.000  0.000
  107 H   0.0358   0.964  0.000  0.000
  108 H   0.0317   0.968  0.000  0.000
 
 Wiberg/Mayer (AO) data. WBOs > 0.1 written file <wbo>
 largest (>0.05) Wiberg bond orders for each atom
           total WBO             WBO to atom ...
     1  C   3.967    C   71 1.422    C    2 1.421    H   72 0.948    C    4 0.101
     2  C   3.974    C    3 1.450    C    1 1.421    H   73 0.946    C   70 0.105
     3  C   3.970    C    2 1.450    C    4 1.358    H   74 0.946    C   71 0.105
     4  C   3.957    C   70 1.360    C    3 1.358    C    5 1.040    C    1 0.101
     5  C   3.920    N   69 1.372    N    6 1.330    C    4 1.040    C   60 0.067
     6  N   3.088    C    7 1.378    C    5 1.330    C   68 0.077    N   69 0.071
     7  C   3.931    N    6 1.378    C   60 1.311    C    8 1.005    N   69 0.087
     8  C   3.946    C    9 1.371    C   39 1.316    C    7 1.005    C   11 0.098
     9  C   3.968    C   10 1.451    C    8 1.371    H   75 0.937    C   38 0.099
    10  C   3.965    C    9 1.451    C   11 1.365    H   76 0.942    C   39 0.100
    11  C   3.925    C   38 1.382    C   10 1.365    N   12 0.978    C    8 0.098
    12  N   3.428    C   37 1.056    C   13 1.040    C   11 0.978
    13  C   3.923    C   14 1.379    C   18 1.266    N   12 1.040    C   16 0.092
    14  C   3.967    C   15 1.445    C   13 1.379    H   77 0.942    C   17 0.102
    15  C   3.953    C   14 1.445    C   16 1.399    H   78 0.945    C   18 0.091
    16  C   3.969    C   17 1.458    C   15 1.399    H   79 0.945    C   13 0.092
    17  C   3.959    C   16 1.458    C   18 1.353    H   80 0.945    C   14 0.102
    18  C   3.952    C   17 1.353    C   13 1.266    C   19 1.087    C   15 0.091
    19  C   3.946    C   20 1.325    C   37 1.283    C   18 1.087    C   22 0.072
    20  C   3.942    C   21 1.480    C   19 1.325    H   81 0.940    C   23 0.080
    21  C   3.961    C   20 1.480    C   22 1.337    H   82 0.940    C   37 0.082
    22  C   3.909    C   21 1.337    C   23 1.272    N   30 1.064    C   19 0.072
    23  C   3.945    C   37 1.297    C   22 1.272    C   24 1.093    C   20 0.080
    24  C   3.949    C   25 1.347    C   29 1.259    C   23 1.093    C   27 0.089
    25  C   3.960    C   26 1.461    C   24 1.347    H   83 0.939    C   28 0.102
    26  C   3.968    C   25 1.461    C   27 1.393    H   84 0.943    C   29 0.090
    27  C   3.953    C   28 1.452    C   26 1.393    H   85 0.945    C   24 0.089
    28  C   3.967    C   27 1.452    C   29 1.368    H   86 0.943    C   25 0.102
    29  C   3.927    C   28 1.368    C   24 1.259    N   30 1.060    C   26 0.090
    30  N   3.447    C   22 1.064    C   29 1.060    C   31 0.969
    31  C   3.932    C   36 1.387    C   32 1.387    N   30 0.969    C   34 0.109
    32  C   3.970    C   33 1.436    C   31 1.387    H   87 0.946    C   35 0.110
    33  C   3.974    C   32 1.436    C   34 1.428    H   88 0.945    C   36 0.110
    34  C   3.973    C   35 1.428    C   33 1.428    H   89 0.946    C   31 0.109
    35  C   3.974    C   36 1.436    C   34 1.428    H   90 0.945    C   32 0.110
    36  C   3.970    C   35 1.436    C   31 1.387    H   91 0.947    C   33 0.110
    37  C   3.913    C   23 1.297    C   19 1.283    N   12 1.056    C   21 0.082
    38  C   3.963    C   39 1.406    C   11 1.382    H   92 0.943    C    9 0.099
    39  C   3.927    C   38 1.406    C    8 1.316    N   40 0.971    C   10 0.100
    40  N   3.423    C   59 1.058    C   41 1.046    C   39 0.971
    41  C   3.927    C   42 1.375    C   46 1.263    N   40 1.046    C   44 0.092
    42  C   3.968    C   43 1.448    C   41 1.375    H   93 0.942    C   45 0.102
    43  C   3.953    C   42 1.448    C   44 1.396    H   94 0.945    C   46 0.090
    44  C   3.969    C   45 1.458    C   43 1.396    H   95 0.945    C   41 0.092
    45  C   3.961    C   44 1.458    C   46 1.353    H   96 0.944    C   42 0.102
    46  C   3.951    C   45 1.353    C   41 1.263    C   47 1.090    C   43 0.090
    47  C   3.949    C   48 1.314    C   59 1.274    C   46 1.090    C   57 0.080
    48  C   3.912    C   47 1.314    C   56 1.289    O   49 1.048    C   58 0.084
    49  O   2.358    C   48 1.048    C   50 1.040
    50  C   3.922    C   51 1.392    C   55 1.269    O   49 1.040    C   53 0.096
    51  C   3.970    C   52 1.439    C   50 1.392    H   97 0.946    C   54 0.101
    52  C   3.954    C   51 1.439    C   53 1.405    H   98 0.946    C   55 0.093
    53  C   3.972    C   54 1.454    C   52 1.405    H   99 0.945    C   50 0.096
    54  C   3.959    C   53 1.454    C   55 1.357    H  100 0.945    C   51 0.101
    55  C   3.955    C   54 1.357    C   50 1.269    C   56 1.082    C   52 0.093
    56  C   3.949    C   57 1.325    C   48 1.289    C   55 1.082    C   59 0.076
    57  C   3.943    C   58 1.480    C   56 1.325    H  101 0.941    C   47 0.080
    58  C   3.964    C   57 1.480    C   59 1.339    H  102 0.941    C   48 0.084
    59  C   3.910    C   58 1.339    C   47 1.274    N   40 1.058    C   56 0.076
    60  C   3.935    C    7 1.311    C   68 1.262    S   61 1.069    C    5 0.067
    61  S   2.441    C   60 1.069    C   62 1.056
    62  C   3.947    C   63 1.376    C   67 1.289    S   61 1.056    C   65 0.088
    63  C   3.971    C   64 1.457    C   62 1.376    H  103 0.946    C   66 0.106
    64  C   3.960    C   63 1.457    C   65 1.386    H  104 0.945    C   67 0.088
    65  C   3.971    C   66 1.474    C   64 1.386    H  105 0.945    C   62 0.088
    66  C   3.970    C   65 1.474    C   67 1.334    H  106 0.945    C   63 0.106
    67  C   3.955    C   66 1.334    C   62 1.289    C   68 1.095    C   64 0.088
    68  C   3.939    N   69 1.336    C   60 1.262    C   67 1.095    N    6 0.077
    69  N   3.091    C    5 1.372    C   68 1.336    C    7 0.087    N    6 0.071
    70  C   3.970    C   71 1.448    C    4 1.360    H  107 0.945    C    2 0.105
    71  C   3.974    C   70 1.448    C    1 1.422    H  108 0.946    C    3 0.105
    72  H   0.996    C    1 0.948
    73  H   0.997    C    2 0.946
    74  H   0.998    C    3 0.946
    75  H   0.995    C    9 0.937
    76  H   0.996    C   10 0.942
    77  H   0.997    C   14 0.942
    78  H   0.997    C   15 0.945
    79  H   0.997    C   16 0.945
    80  H   0.997    C   17 0.945
    81  H   0.993    C   20 0.940
    82  H   0.995    C   21 0.940
    83  H   0.997    C   25 0.939
    84  H   0.997    C   26 0.943
    85  H   0.997    C   27 0.945
    86  H   0.997    C   28 0.943
    87  H   0.998    C   32 0.946
    88  H   0.997    C   33 0.945
    89  H   0.998    C   34 0.946
    90  H   0.997    C   35 0.945
    91  H   0.998    C   36 0.947
    92  H   0.996    C   38 0.943
    93  H   0.997    C   42 0.942
    94  H   0.997    C   43 0.945
    95  H   0.997    C   44 0.945
    96  H   0.997    C   45 0.944
    97  H   0.997    C   51 0.946
    98  H   0.998    C   52 0.946
    99  H   0.997    C   53 0.945
   100  H   0.998    C   54 0.945
   101  H   0.995    C   57 0.941
   102  H   0.995    C   58 0.941
   103  H   0.997    C   63 0.946
   104  H   0.997    C   64 0.945
   105  H   0.994    C   65 0.945
   106  H   0.998    C   66 0.945
   107  H   0.998    C   70 0.945
   108  H   0.997    C   71 0.946
 
 --------------------------------------------
          xTB calculation for sTDA...
 --------------------------------------------
 
 reading parameter file /home/penavora/Exe_xtb_crest/.param_stda2.xtb
 
      method parameters     
 k(s)        :  1.6000
 k(p)        :  2.1800
 k(d)        :  1.9500
 k(f)        :  2.0000
 k(R-V)      :  2.2750
 k(R-R)      :  1.7650
 Tscal       :  0.2580
 Gscal       :  1.0000
 fpol        :  1.0000
 Zcnf        :  0.3430
 Zqf         :  0.0000
 kcn         :  2.7000
 Ryd Hsplit  :  0.7000
 lshift(virt):  3.1000
 lshift(OS)  :  0.2000
 wllscaling  :  2.6000
 
 mowrcut     : 3.000
 
  Z AO/shell   Hii/eV     exponent
  1     Sun Feb 14 09:53:25 CET 2016    EN: 2.327 GAM: 0.473  GM3: 0.0000
     1s    -14.339618    1.220000
     2sp    -3.348946    0.600000
  6     Sun Feb 14 09:53:25 CET 2016    EN: 2.731 GAM: 0.422  GM3: 0.0000
     2s    -22.009312    1.565095
     2p    -13.020408    1.596905
     3sp    -3.914040    0.824500
  7     Sun Feb 14 09:53:25 CET 2016    EN: 3.573 GAM: 0.504  GM3: 0.0000
     2s    -25.722000    2.064844
     2p    -18.684912    1.801692
     3sp    -4.344791    0.921400
  8     Sun Feb 14 09:53:25 CET 2016    EN: 3.700 GAM: 0.587  GM3: 0.0000
     2s    -33.859000    2.418661
     2p    -22.175911    1.973969
     3sp    -4.259392    1.013700
 16     Sun Feb 21 16:35:57 CET 2016    EN: 1.915 GAM: 0.200  GM3: 0.0000
     3s    -17.898811    2.619580
     3p    -15.317401    1.798798
     4sp    -4.455139    0.843200
 
 Nbf   :          753
 T(el) :     0.0
 calculating S/T integrals ...
 cpu time for ints    5.47432600000000     
 Nao   :          753
 making H0...
 making H1...
 cpu time for H      1.815000000000033E-002
 solving ...
 cpu time for diag    1.03850900000000     
 
 gap (eV)           :   6.565
 Koopmans IP (eV)   :  14.004
 Eel (Eh)           :  -285.933966

          eigenvalues
 #    :         153        154        155        156        157        158        159        160
 occ. :        2.000      2.000      2.000      2.000      2.000      2.000      2.000      2.000
 eps  :       -16.127    -15.970    -15.833    -15.753    -15.726    -15.694    -15.390    -15.329
 #    :         161        162        163        164        165        166        167        168
 occ. :        2.000      2.000      2.000      2.000      2.000      0.000      0.000      0.000
 eps  :       -14.764    -14.604    -14.237    -14.038    -14.006     -7.440     -6.913     -6.681
 #    :         169        170        171        172        173        174        175        176
 occ. :        0.000      0.000      0.000      0.000      0.000      0.000      0.000      0.000
 eps  :        -6.590     -6.405     -6.159     -6.155     -6.125     -6.077     -6.042     -5.790
                            1  SCC done.
 writing mo output ...
 molden style : F
 
speedup 13.83
cpu  time for all   14.94 s
wall time for all    1.08 s
