  79
 Etot=        -124.1881279358
 C         -5.7730487814       -2.6360205017       -3.5168397640
 C         -5.7954373137       -1.2642133991       -3.7200399703
 C         -5.8167140163       -0.3860803063       -2.6448534279
 C         -5.8149938303       -0.9094668875       -1.3705700277
 C         -5.7919858338       -2.2959811804       -1.1589452411
 C         -5.7708161598       -3.1659667224       -2.2365488106
 C         -5.7984248947       -2.5433581346        0.2739957265
 C         -5.7837383723       -3.7239098755        0.9984221397
 C         -5.7970673810       -3.6531027722        2.3821748939
 C         -5.8241795048       -2.4285064616        3.0327632225
 C         -5.8391138213       -1.2411534317        2.3134110348
 C         -5.8262901270       -1.3081059888        0.9375952894
 C         -5.8409461485       -0.1714939692       -0.0553901000
 C         -7.0366325507        0.7370433808        0.1013611556
 C         -8.3702531775        0.4127644469        0.0245800401
 C         -9.3102505556        1.4216026366        0.2067421634
 C         -8.9100726558        2.7272402252        0.4616498351
 C         -7.5703237707        3.0600811672        0.5407573405
 C         -6.6207519420        2.0589004942        0.3589254758
 C         -5.1841697789        2.0961053542        0.3778231134
 C         -4.2852510348        3.1452137125        0.5907637036
 C         -2.9396912674        2.8908674782        0.5504850111
 C         -2.4400671400        1.5895645652        0.2936695966
 C         -1.0496836160        1.3528356557        0.2513113223
 N         -0.1537672260        2.3548238929        0.4551359555
 C          1.1156306839        2.1504466421        0.4225028436
 C          1.7089856124        0.8800440963        0.1616923948
 C          3.1158286919        0.6383685676        0.1159995444
 C          4.0320126996        1.4963941880        0.7600216317
 C          5.3835859799        1.2630366783        0.7179112872
 C          5.8924958637        0.1564581923        0.0310222150
 N          7.2681199202       -0.0851245379       -0.0074931962
 C          8.2442601380        0.8433465416       -0.3100759516
 C          8.1137909095        2.1713592660       -0.6933406693
 C          9.2678842502        2.8799612726       -0.9690427493
 C         10.5248252354        2.2866960546       -0.8787578070
 C         10.6596874346        0.9570887183       -0.5265337566
 C          9.5153170093        0.2255286327       -0.2444473443
 C          9.2836750508       -1.1452623436        0.1204845510
 C         10.1226666959       -2.2254115697        0.3523281426
 C          9.5603330930       -3.4323235388        0.7227910579
 C          8.1825644004       -3.5623882633        0.8803636161
 C          7.3269658920       -2.5005446879        0.6557055922
 C          7.8831118096       -1.2933639522        0.2545388278
 C          5.0010517075       -0.7055905624       -0.6151871327
 C          3.6499106953       -0.4698717267       -0.5747360081
 C          0.7114773119       -0.1181657281       -0.0459702388
 N         -0.5525516105        0.1123197344        0.0038507643
 C         -3.3550280871        0.5291124784        0.0791847765
 C         -4.6914854913        0.7925667370        0.1262745610
 H         -5.7575392531       -3.2997101014       -4.3693782956
 H         -5.7969732016       -0.8744481675       -4.7274898005
 H         -5.8345255010        0.6825781114       -2.8022907083
 H         -5.7536230448       -4.2350160690       -2.0834946543
 H         -5.7626657930       -4.6801002790        0.4965969205
 H         -5.7863308393       -4.5638668155        2.9634858311
 H         -5.8340700338       -2.3984041509        4.1125129709
 H         -5.8602020672       -0.2867600698        2.8192261402
 H         -8.6813413053       -0.6029746036       -0.1731741041
 H        -10.3629094433        1.1871853996        0.1495880993
 H         -9.6596651311        3.4932794204        0.5996179293
 H         -7.2648808211        4.0768150510        0.7384941417
 H         -4.6515217860        4.1432470008        0.7824083299
 H         -2.2213030776        3.6811026407        0.7076776676
 H          1.7384968709        3.0260797939        0.5530530394
 H          3.6640475631        2.3398259732        1.3241055657
 H          6.0631160385        1.9164561779        1.2449231037
 H          7.1435875321        2.6345997471       -0.7876257934
 H          9.1927275297        3.9156056681       -1.2655088313
 H         11.4031528745        2.8747720400       -1.0988514346
 H         11.6326272441        0.4923239365       -0.4756593913
 H         11.1919798121       -2.1196692295        0.2494206235
 H         10.1953777185       -4.2863558908        0.9046583466
 H          7.7736172480       -4.5128110234        1.1894776495
 H          6.2629348893       -2.6061901921        0.8020991358
 H          5.3885227487       -1.5436746919       -1.1755110442
 H          2.9864961475       -1.1335093855       -1.1080247555
 H          0.9976272165       -1.1499856119       -0.2044520481
 H         -2.9737015752       -0.4627311771       -0.1106023335
  79
 Etot=        -124.1881732364
 C         -5.7729136894       -2.6360370892       -3.5169917163
 C         -5.7952065116       -1.2641759568       -3.7201097477
 C         -5.8163868696       -0.3861278120       -2.6448856013
 C         -5.8145534685       -0.9096676957       -1.3706566868
 C         -5.7917745141       -2.2962341032       -1.1590810215
 C         -5.7707420129       -3.1661258012       -2.2367707571
 C         -5.7982612743       -2.5436791039        0.2738177567
 C         -5.7838085579       -3.7242512787        0.9982295462
 C         -5.7971495990       -3.6534367488        2.3819704625
 C         -5.8241494277       -2.4288310352        3.0326267841
 C         -5.8388867864       -1.2414649496        2.3133351701
 C         -5.8258627782       -1.3084289183        0.9375167541
 C         -5.8399659954       -0.1718572996       -0.0554481539
 C         -7.0354551804        0.7367506546        0.1013390142
 C         -8.3690074911        0.4127117447        0.0246634656
 C         -9.3090545264        1.4217670875        0.2070444924
 C         -8.9086880910        2.7276895675        0.4620611321
 C         -7.5691874488        3.0606336998        0.5410935001
 C         -6.6190028981        2.0591134156        0.3590584855
 C         -5.1832724885        2.0960909006        0.3778275755
 C         -4.2836160626        3.1454768821        0.5907722125
 C         -2.9383325361        2.8909494348        0.5504246568
 C         -2.4383793528        1.5891482098        0.2934704374
 C         -1.0475542150        1.3523563179        0.2510834788
 N         -0.1548974267        2.3564609671        0.4555695333
 C          1.1148927688        2.1507892059        0.4231268646
 C          1.7079008635        0.8801359300        0.1617950530
 C          3.1138619015        0.6385868076        0.1162270704
 C          4.0313109397        1.4975899981        0.7595939237
 C          5.3825125385        1.2644612113        0.7170867176
 C          5.8917280704        0.1565430891        0.0311596653
 N          7.2672386331       -0.0849906073       -0.0073681211
 C          8.2434539018        0.8434442170       -0.3098898047
 C          8.1129867026        2.1715140913       -0.6933164212
 C          9.2670990160        2.8801032737       -0.9692111911
 C         10.5240830164        2.2868281408       -0.8789157788
 C         10.6590321857        0.9571276771       -0.5265345487
 C          9.5147227236        0.2256713915       -0.2443779267
 C          9.2831114544       -1.1451783954        0.1204002026
 C         10.1221448233       -2.2251868617        0.3522060816
 C          9.5597858933       -3.4321847793        0.7228673004
 C          8.1819949053       -3.5622905843        0.8805947305
 C          7.3263062122       -2.5004739210        0.6558572956
 C          7.8823780706       -1.2932087626        0.2545001665
 C          4.9996172475       -0.7067846983       -0.6139311964
 C          3.6488721724       -0.4710176278       -0.5738852231
 C          0.7105956447       -0.1184090092       -0.0466581873
 N         -0.5542248934        0.1109573163        0.0032530456
 C         -3.3538915517        0.5285149234        0.0789132584
 C         -4.6902011545        0.7919770823        0.1261157956
 H         -5.7573767015       -3.2996397133       -4.3695846030
 H         -5.7965754247       -0.8743259838       -4.7275202921
 H         -5.8340051365        0.6825463825       -2.8022406415
 H         -5.7536390690       -4.2351760990       -2.0838094151
 H         -5.7628153156       -4.6804198984        0.4963871800
 H         -5.7864910668       -4.5642006388        2.9632655039
 H         -5.8340111748       -2.3987519754        4.1123718431
 H         -5.8598245380       -0.2870857461        2.8191841118
 H         -8.6803158880       -0.6029536595       -0.1731093743
 H        -10.3617494885        1.1874252399        0.1499040072
 H         -9.6583703912        3.4936477761        0.6000343599
 H         -7.2639352026        4.0773790524        0.7388813811
 H         -4.6498291159        4.1435803134        0.7822563074
 H         -2.2198441422        3.6810289018        0.7073497653
 H          1.7379568927        3.0265749179        0.5533612780
 H          3.6635556344        2.3405227412        1.3244419359
 H          6.0620808415        1.9174090440        1.2447213701
 H          7.1427911980        2.6346531181       -0.7877177210
 H          9.1919562201        3.9156430704       -1.2659366734
 H         11.4024022266        2.8748192639       -1.0992428411
 H         11.6319769784        0.4923461641       -0.4758648771
 H         11.1914610578       -2.1194097883        0.2493444244
 H         10.1949082730       -4.2861268387        0.9048571348
 H          7.7731755635       -4.5126378592        1.1900065231
 H          6.2623456989       -2.6060505828        0.8025175612
 H          5.3872785040       -1.5443159604       -1.1750346227
 H          2.9858231156       -1.1341024312       -1.1081909010
 H          0.9969171966       -1.1504524546       -0.2047029069
 H         -2.9725460729       -0.4632487849       -0.1107504329
  79
 Etot=        -124.1882027527
 C         -5.7725072287       -2.6359852329       -3.5173864488
 C         -5.7943834361       -1.2640549730       -3.7203010035
 C         -5.8150496178       -0.3861722196       -2.6449613187
 C         -5.8130913715       -0.9099558974       -1.3708255122
 C         -5.7910211436       -2.2966034707       -1.1594234762
 C         -5.7704810819       -3.1663233717       -2.2372930687
 C         -5.7975920158       -2.5442219335        0.2733892620
 C         -5.7838582299       -3.7248963374        0.9976985262
 C         -5.7972983766       -3.6541949058        2.3814209136
 C         -5.8238832523       -2.4296355271        3.0322436365
 C         -5.8378566638       -1.2421792625        2.3131171414
 C         -5.8244688800       -1.3090112996        0.9372905120
 C         -5.8378287021       -0.1723056383       -0.0555323530
 C         -7.0329389876        0.7365247928        0.1014421382
 C         -8.3663688320        0.4129885983        0.0250084469
 C         -9.3063376114        1.4223094732        0.2077248167
 C         -8.9054407451        2.7284342910        0.4629333092
 C         -7.5663341225        3.0613284738        0.5417976825
 C         -6.6153934549        2.0594358298        0.3593746647
 C         -5.1811936370        2.0959754806        0.3778383703
 C         -4.2803318900        3.1455803584        0.5906349325
 C         -2.9356774640        2.8906978125        0.5500811757
 C         -2.4353967598        1.5883052204        0.2930340526
 C         -1.0437032611        1.3513719042        0.2506430895
 N         -0.1564792801        2.3592195036        0.4566076184
 C          1.1139060759        2.1513400834        0.4241841127
 C          1.7058665338        0.8802760946        0.1619207301
 C          3.1103643725        0.6390429198        0.1164590629
 C          4.0295693647        1.4991449662        0.7587054124
 C          5.3801656455        1.2663419681        0.7157682198
 C          5.8900391834        0.1566753482        0.0315607641
 N          7.2650721539       -0.0846760761       -0.0070196558
 C          8.2413708189        0.8438481317       -0.3093102984
 C          8.1109333492        2.1718670272       -0.6931495285
 C          9.2650406516        2.8803725838       -0.9695466708
 C         10.5220214689        2.2871210135       -0.8793394277
 C         10.6570442970        0.9573413087       -0.5267260712
 C          9.5128413800        0.2260911892       -0.2442539206
 C          9.2813147816       -1.1449045668        0.1202558496
 C         10.1204897307       -2.2246318720        0.3520611438
 C          9.5582551338       -3.4317494337        0.7230587792
 C          8.1805295251       -3.5619493157        0.8811169797
 C          7.3246398154       -2.5002669075        0.6561931677
 C          7.8804294542       -1.2929673927        0.2543400168
 C          4.9969212894       -0.7080742854       -0.6119246448
 C          3.6468298014       -0.4721937126       -0.5725549318
 C          0.7094123085       -0.1190977434       -0.0477015120
 N         -0.5567305894        0.1083098254        0.0018650990
 C         -3.3516498247        0.5276221766        0.0784831457
 C         -4.6875454679        0.7910643699        0.1258970224
 H         -5.7571620268       -3.2994150215       -4.3701083126
 H         -5.7958257996       -0.8740589838       -4.7276461575
 H         -5.8324814499        0.6825267375       -2.8021361012
 H         -5.7537918295       -4.2353988744       -2.0845318785
 H         -5.7633159930       -4.6810167161        0.4957654245
 H         -5.7870792373       -4.5650047684        2.9626413995
 H         -5.8340176523       -2.3996979395        4.1119828064
 H         -5.8586007605       -0.2878641481        2.8190846337
 H         -8.6781297953       -0.6025176285       -0.1728327972
 H        -10.3590706270        1.1882283645        0.1507998533
 H         -9.6552223376        3.4942498702        0.6011737286
 H         -7.2610402781        4.0779933578        0.7396898082
 H         -4.6465061972        4.1437211030        0.7819796155
 H         -2.2167502639        3.6803294986        0.7066325984
 H          1.7374644670        3.0269790449        0.5548062692
 H          3.6619428362        2.3426170769        1.3227225851
 H          6.0600403607        1.9200528407        1.2421333994
 H          7.1407367781        2.6348671759       -0.7877280261
 H          9.1899107823        3.9157646889       -1.2666732363
 H         11.4003455190        2.8749691285       -1.0999925734
 H         11.6300095030        0.4925860434       -0.4763216021
 H         11.1897900132       -2.1187999637        0.2491459031
 H         10.1935718150       -4.2855164662        0.9051462379
 H          7.7719629290       -4.5122152163        1.1910010374
 H          6.2607849745       -2.6057979070        0.8033430175
 H          5.3847478891       -1.5466298388       -1.1714500574
 H          2.9837638760       -1.1364341161       -1.1052825682
 H          0.9963223257       -1.1510977893       -0.2063764004
 H         -2.9701114725       -0.4639711533       -0.1111196285
