 
        ______________________________________
       |                                      |
       |          ===================         |
       |             xTB for sTDA             |
       |          ===================         |
       |               S. Grimme              |
       |        Universitaet Bonn, MCTC       |
       |         2015-19, Version 1.0         |
       |     Wed Apr  3 09:14:55 CEST 2019    |
       |______________________________________|
 
        This code comes without any warranty
        for non-commercial, academia use only.
        Preliminary test version.
        Cite this work as:
        S. Grimme  &  C. Bannwarth, JCP 145 (2016) 054103
        if GBSA is used additionally:
        P. Shushkov, F. März, C. Bannwarth, S. Grimme, unpublished.
 
        with help from
        P. Shushkov, G. Brandenburg, S. Dohm, J. Pisarek,
        F. März, M. Checinski, S. Ehrlich, S. Spicher, 
        P. Pracht, E. Caldeweyher, S. Ehlert, and C. Bannwarth.
 
        usage        :
        xtb4stda <coord_file> [options]
        where <coord_file> is a valid file of TM)
        (*coord, Bohr) or xmol (*xyz, Angstroem)
        format.

        options:
        -chrg <int>   : molecular charge
        -uhf  <int>   : # of unpaired electrons(=2*S)
        -nox          : skip second, extended part in sTDA-xTB
        -pop          : do population analysis
                      : (default for -nox)
        -mowr <real>  : cut MO write above (def.3 Eh)
        -molden       : write formatted molden file
        -parx <file>  : read parameters for sTDA-xTB
                        calc (def:~/.param_stda2.xtb)
        -parv <file>  : read parameters for vTB part in
                        sTDA-xTB (def: ~/.param_stda1.xtb)
        -xtemp <real> : el. temp for xTB (def. 0 K)
        -etemp <real> : el. temp for GFN (def. 300 K)
        -fod          : calculate the FOD and write
                        molden.input file with
                        appropriate occupations
                        for plotting. Def. T=12500 K
 
        -acc <real>   : xTB accuracy (def. 1.0)
        -gbsa [string1] [string2]
                        use GBSA implicit solvent
                        for solvent [string1] and
                        solvation state [string2]=
                        reference, bar1M (default=1M)
        additional GFN/opt/MD/siman options read from
        $XTB4STDAHOME/.xtb4stdarc or $set in input
 
       spin and charge state information can be on:
       <.CHRG> (charge) and <.UHF> (=nalpha-nbeta)
       -uhf and -chrg override the file info.
       useful machine settings:
       setenv MKL_NUM_THREADS <NCORE_ON_YOUR_MACHINE>
       setenv OMP_STACKSIZE 500m
       limit stacksize unlimited
 
       total energies in Eh, gaps/HL energies in eV
       please read REVISION and HOWTO files carefully
 =============================
  # OMP threads =          48
 =============================
 
 xtb4stdahome directory:/home/penavora/Exe_xtb_crest/
 
 argument            1 :--gbsa
 argument            2 :toluene
 
 name of molecule           :
 comment line               :
 number of atoms            :   102
 number of electrons        :   250
 charge                     :  0
 spin                       : 0.0
 first test random number   :  0.9298
 
 -----------------------------------------
      charge density (VTB) calculation
 -----------------------------------------
 
      method parameters     
 k(s)        :  1.8000
 k(p)        :  2.8350
 k(d)        :  2.0860
 k(f)        :  2.0000
 Tscal       :  0.3300
 Gscal       :  0.3910
 fpol        :  1.0000
 Zcnf        :  0.6500
 Zqf         :  0.0000
 kcn         :  0.3000
 kEN1        : -0.5900
 wllscal     :  2.6000
 
 Solvent             : toluene
 GBSA parameter file : /home/penavora/Exe_xtb_crest/.param_gbsa_toluene
 Gsolv ref. state (COSMO-RS): gsolv [1 M gas/solution]
 temperature (mdtemp)       :    298.150000000000     
 dielectric constant        :    7.00000000000000     
 rho                        :   0.867000000000000     
 mass                       :    92.1400000000000     
 surface tension            :    15.5689470637553     
 probe radius               :   0.641644990000000     
 vdW radii scaling          :    1.00000000000000     
 Gshift (Eh)                :   4.228772547061559E-003
 c1                         :    1.59772343000000     
 soset                      :   0.281999450000000     
 HB correction              :  F
 
 doing EN charges ...
 sum q :  0.9992007D-15
 point charge moment (au)
     X       Y       Z   
   0.0004   0.0995  -0.0039  total (Debye):    0.253
 
            Z      q(EN)   CN      Cart. coordinates
     1  C   4.0  -0.244   4.100    14.42147     7.55230    -3.73746
     2  C   4.0  -0.023   4.075    13.66429     7.01065    -0.99667
     3  C   4.0  -0.244   4.100    13.27556     9.55138     0.35213
     4  C   4.0  -0.244   4.100    15.82676     5.54566     0.27003
     5  C   4.0   0.005   3.246    11.25070     5.46131    -0.79855
     6  C   4.0  -0.072   3.195    10.29507     4.85092     1.57966
     7  C   4.0  -0.067   3.182     8.11268     3.44778     1.85833
     8  C   4.0   0.074   3.302     6.81690     2.60042    -0.26162
     9  N   5.0  -0.315   3.255     4.55236     1.15683    -0.00786
    10  C   4.0   0.098   3.303     4.75990    -1.42398     0.34758
    11  C   4.0  -0.067   3.193     7.16645    -2.50509     0.57854
    12  C   4.0  -0.071   3.192     7.45097    -5.03212     1.09776
    13  C   4.0   0.007   3.237     5.36265    -6.61056     1.44949
    14  C   4.0  -0.023   4.075     5.77818    -9.36773     2.15382
    15  C   4.0  -0.243   4.100     7.28775   -10.67195     0.04520
    16  C   4.0  -0.244   4.101     3.29729   -10.81462     2.50938
    17  C   4.0  -0.243   4.100     7.26271    -9.49564     4.64525
    18  C   4.0  -0.071   3.218     3.00419    -5.54174     1.11923
    19  C   4.0   0.058   3.200     2.61120    -2.99642     0.49807
    20  B   3.0  -0.185   3.208     0.00241    -1.78086     0.01599
    21  C   4.0   0.058   3.200    -2.60276    -3.00230    -0.47075
    22  C   4.0  -0.071   3.218    -2.98810    -5.54714    -1.09859
    23  C   4.0   0.007   3.237    -5.34297    -6.61998    -1.44082
    24  C   4.0  -0.023   4.075    -5.74996    -9.37428    -2.16079
    25  C   4.0  -0.243   4.101    -7.19744    -9.48793    -4.67464
    26  C   4.0  -0.243   4.100    -7.29083   -10.68743    -0.08059
    27  C   4.0  -0.244   4.101    -3.26538   -10.82191    -2.48618
    28  C   4.0  -0.071   3.192    -7.43611    -5.04691    -1.09366
    29  C   4.0  -0.067   3.194    -7.15884    -2.52057    -0.56709
    30  C   4.0   0.098   3.303    -4.75546    -1.43505    -0.32394
    31  N   5.0  -0.314   3.255    -4.55515     1.14544     0.03791
    32  C   4.0   0.074   3.302    -6.82454     2.58421     0.27616
    33  C   4.0  -0.067   3.184    -7.77915     3.14908     2.64826
    34  C   4.0  -0.072   3.186    -9.97085     4.55925     2.88760
    35  C   4.0   0.005   3.246   -11.26703     5.43769     0.77844
    36  C   4.0  -0.023   4.075   -13.68330     6.98519     0.95726
    37  C   4.0  -0.244   4.100   -14.48411     7.49327     3.69209
    38  C   4.0  -0.244   4.100   -13.27166     9.54186    -0.35415
    39  C   4.0  -0.244   4.100   -15.82620     5.53754    -0.36161
    40  C   4.0  -0.072   3.195   -10.27991     4.84761    -1.59202
    41  C   4.0  -0.067   3.182    -8.09345     3.44763    -1.85356
    42  C   4.0   0.101   3.302    -2.29658     2.44619     0.03414
    43  C   4.0  -0.068   3.188    -2.28321     5.08505     0.05995
    44  C   4.0  -0.070   3.146    -0.00780     6.36305     0.02932
    45  C   4.0  -0.068   3.188     2.27073     5.09083    -0.00846
    46  C   4.0   0.101   3.302     2.29053     2.45196     0.00489
    47  C   4.0   0.066   3.274    -0.00131     1.08863     0.01809
    48  C   4.0  -0.067   3.184     7.74071     3.18482    -2.64125
    49  C   4.0  -0.072   3.186     9.92780     4.59893    -2.89774
    50  H   1.0   0.082   0.999    12.95883     8.61790    -4.71216
    51  H   1.0   0.082   0.999    14.78680     5.80980    -4.76441
    52  H   1.0   0.082   1.000    16.14526     8.67335    -3.76058
    53  H   1.0   0.082   0.999    11.71019    10.57787    -0.50001
    54  H   1.0   0.083   1.000    12.86457     9.29006     2.34651
    55  H   1.0   0.082   0.999    14.97263    10.70079     0.19210
    56  H   1.0   0.083   0.999    15.43960     5.20776     2.25805
    57  H   1.0   0.082   0.999    17.57960     6.61047     0.12680
    58  H   1.0   0.082   0.999    16.09094     3.72691    -0.65342
    59  H   1.0   0.076   1.006    11.26176     5.47792     3.26260
    60  H   1.0   0.075   1.005     7.39834     2.99725     3.71765
    61  H   1.0   0.076   1.008     8.83238    -1.34313     0.37670
    62  H   1.0   0.075   1.006     9.34527    -5.77392     1.26886
    63  H   1.0   0.083   0.999     9.12568    -9.79240    -0.21303
    64  H   1.0   0.082   0.999     7.58211   -12.65515     0.50426
    65  H   1.0   0.082   0.999     6.26397   -10.55827    -1.73537
    66  H   1.0   0.082   0.999     2.15611    -9.97403     3.99849
    67  H   1.0   0.082   0.999     3.70578   -12.75990     3.03990
    68  H   1.0   0.083   1.000     2.21351   -10.84837     0.76402
    69  H   1.0   0.082   0.999     7.53438   -11.45425     5.21173
    70  H   1.0   0.082   0.999     6.23268    -8.52135     6.13574
    71  H   1.0   0.083   0.999     9.11073    -8.61873     4.46177
    72  H   1.0   0.079   1.009     1.34164    -6.68085     1.39015
    73  H   1.0   0.079   1.009    -1.32218    -6.68210    -1.36606
    74  H   1.0   0.082   0.999    -7.47819   -11.44362    -5.24671
    75  H   1.0   0.082   0.999    -6.13576    -8.52189    -6.14821
    76  H   1.0   0.083   0.999    -9.03939    -8.59300    -4.51864
    77  H   1.0   0.083   0.999    -9.13569    -9.81470     0.14919
    78  H   1.0   0.082   0.999    -6.29699   -10.57473     1.71695
    79  H   1.0   0.082   0.999    -7.57151   -12.67047    -0.54883
    80  H   1.0   0.082   0.999    -2.10415    -9.97985    -3.95883
    81  H   1.0   0.082   0.999    -3.66795   -12.76598    -3.02552
    82  H   1.0   0.083   1.000    -2.20484   -10.85890    -0.72657
    83  H   1.0   0.075   1.006    -9.32814    -5.79194    -1.27537
    84  H   1.0   0.076   1.008    -8.82779    -1.36204    -0.37012
    85  H   1.0   0.075   1.005    -6.79554     2.48174     4.30861
    86  H   1.0   0.076   1.006   -10.64951     4.95942     4.76508
    87  H   1.0   0.082   0.999   -14.86117     5.73796     4.69268
    88  H   1.0   0.082   0.999   -13.03947     8.55060     4.70196
    89  H   1.0   0.082   1.000   -16.21062     8.61032     3.70136
    90  H   1.0   0.082   0.999   -14.97244    10.68823    -0.21272
    91  H   1.0   0.082   0.999   -11.72338    10.55935     0.53908
    92  H   1.0   0.083   1.000   -12.82277     9.30381    -2.34330
    93  H   1.0   0.082   0.999   -16.10528     3.70728     0.53429
    94  H   1.0   0.083   0.999   -15.40870     5.22501    -2.34760
    95  H   1.0   0.082   0.999   -17.58070     6.60137    -0.23194
    96  H   1.0   0.076   1.006   -11.22447     5.48852    -3.28227
    97  H   1.0   0.075   1.005    -7.35437     3.01275    -3.70693
    98  H   1.0   0.077   1.007    -4.02923     6.13754     0.08172
    99  H   1.0   0.074   1.005    -0.01034     8.40636     0.03473
   100  H   1.0   0.077   1.007     4.01433     6.14748    -0.02536
   101  H   1.0   0.075   1.005     6.73625     2.52974    -4.29400
   102  H   1.0   0.076   1.006    10.58170     5.01460    -4.78061
 
  Z AO/shell   Hii/eV     exponent
  1     Sat Feb 20 21:38:01 CET 2016    EN: 2.327 GAM: 0.473  GM3: 0.0000
     1s    -13.751157    1.051071
  5     Sat Feb 20 21:38:01 CET 2016    EN: 3.405 GAM: 0.339  GM3: 0.0000
     2s    -17.927409    2.170332
     2p     -8.538581    1.400095
  6     Sat Feb 20 21:38:01 CET 2016    EN: 2.731 GAM: 0.422  GM3: 0.0000
     2s    -19.378245    2.021003
     2p    -11.993376    1.497917
  7     Sat Feb 20 21:38:01 CET 2016    EN: 3.573 GAM: 0.504  GM3: 0.0000
     2s    -21.576984    2.275442
     2p    -16.125120    2.056788
 
 dipole moment of classical point charges (au)
     X       Y       Z   
   0.0004   0.0995  -0.0039  total (Debye):    0.253

 
 Nbf   :          249
 T(el) :   300.0
 calculating S/T integrals ...
 cpu time for ints    2.06022800000000     
 Nao   :          249
 making H0...
 making H1...
 cpu time for H      0.344732000000000     
 solving ...
 cpu time for diag   0.790734000000000     
 
 gap (eV)           :   4.187
 Koopmans IP (eV)   :  12.710
 Eel (Eh)           :  -191.657899
 T,E(Fermi),NFOD :    300.000   -10.617  0.000000
 T,E(Fermi),NFOD :    300.000   -10.617  0.000000
 Nfod               :  0.0000
 Nfod/Nel           :  0.0000

          eigenvalues
 #    :         113        114        115        116        117        118        119        120
 occ. :        2.000      2.000      2.000      2.000      2.000      2.000      2.000      2.000
 eps  :       -16.917    -16.829    -16.512    -15.854    -15.408    -15.370    -15.336    -15.045
 #    :         121        122        123        124        125        126        127        128
 occ. :        2.000      2.000      2.000      2.000      2.000      0.000      0.000      0.000
 eps  :       -15.039    -14.844    -14.804    -13.646    -12.712     -8.524     -8.376     -6.366
 #    :         129        130        131        132        133        134        135        136
 occ. :        0.000      0.000      0.000      0.000      0.000      0.000      0.000      0.000
 eps  :        -6.360     -6.225     -6.010     -5.726     -5.573     -5.544     -5.490     -5.327
                            1  SCC done.
 making H1...
 cpu time for H       1.03618100000000     
 solving ...
 cpu time for diag   0.439150000000000     
 
 gap (eV)           :   4.313
 Koopmans IP (eV)   :  12.687
 Eel (Eh)           :  -191.944903
 T,E(Fermi),NFOD :    300.000   -10.531  0.000000
 T,E(Fermi),NFOD :    300.000   -10.531  0.000000
 Nfod               :  0.0000
 Nfod/Nel           :  0.0000

          eigenvalues
 #    :         113        114        115        116        117        118        119        120
 occ. :        2.000      2.000      2.000      2.000      2.000      2.000      2.000      2.000
 eps  :       -16.739    -16.734    -16.496    -15.674    -15.418    -15.400    -15.213    -15.033
 #    :         121        122        123        124        125        126        127        128
 occ. :        2.000      2.000      2.000      2.000      2.000      0.000      0.000      0.000
 eps  :       -14.957    -14.953    -14.923    -13.579    -12.688     -8.375     -8.263     -6.434
 #    :         129        130        131        132        133        134        135        136
 occ. :        0.000      0.000      0.000      0.000      0.000      0.000      0.000      0.000
 eps  :        -6.429     -6.293     -6.079     -5.824     -5.634     -5.566     -5.461     -5.264
                            2  SCC done.
 
 
 Mulliken/CM5 charges    n(s)   n(p)   n(d)   
    1 C  -0.0986 -0.2479   1.100  2.998  0.000
    2 C   0.0288 -0.0025   1.231  2.741  0.000
    3 C  -0.1000 -0.2484   1.103  2.997  0.000
    4 C  -0.0999 -0.2482   1.104  2.996  0.000
    5 C  -0.0049 -0.0173   1.189  2.816  0.000
    6 C  -0.0350 -0.0899   1.140  2.895  0.000
    7 C  -0.0301 -0.0800   1.140  2.891  0.000
    8 C   0.0606  0.1095   1.176  2.764  0.000
    9 N  -0.0824 -0.3232   1.232  3.851  0.000
   10 C   0.0646  0.1333   1.185  2.750  0.000
   11 C  -0.0562 -0.1038   1.138  2.919  0.000
   12 C  -0.0404 -0.0950   1.144  2.896  0.000
   13 C  -0.0164 -0.0284   1.185  2.831  0.000
   14 C   0.0313 -0.0000   1.231  2.738  0.000
   15 C  -0.1008 -0.2491   1.104  2.997  0.000
   16 C  -0.0990 -0.2485   1.100  2.999  0.000
   17 C  -0.1011 -0.2493   1.104  2.997  0.000
   18 C  -0.0513 -0.0986   1.150  2.902  0.000
   19 C  -0.0792 -0.0134   1.229  2.851  0.000
   20 B  -0.0102 -0.2478   1.188  1.822  0.000
   21 C  -0.0793 -0.0134   1.229  2.851  0.000
   22 C  -0.0513 -0.0987   1.150  2.902  0.000
   23 C  -0.0164 -0.0284   1.185  2.831  0.000
   24 C   0.0313 -0.0000   1.231  2.738  0.000
   25 C  -0.1011 -0.2493   1.104  2.997  0.000
   26 C  -0.1008 -0.2491   1.104  2.997  0.000
   27 C  -0.0990 -0.2485   1.100  2.999  0.000
   28 C  -0.0404 -0.0950   1.144  2.896  0.000
   29 C  -0.0562 -0.1038   1.138  2.919  0.000
   30 C   0.0646  0.1333   1.185  2.750  0.000
   31 N  -0.0824 -0.3232   1.232  3.851  0.000
   32 C   0.0607  0.1095   1.176  2.764  0.000
   33 C  -0.0308 -0.0799   1.139  2.892  0.000
   34 C  -0.0363 -0.0910   1.139  2.897  0.000
   35 C  -0.0049 -0.0172   1.189  2.816  0.000
   36 C   0.0288 -0.0025   1.231  2.741  0.000
   37 C  -0.0986 -0.2479   1.100  2.998  0.000
   38 C  -0.1000 -0.2484   1.103  2.997  0.000
   39 C  -0.0999 -0.2483   1.104  2.996  0.000
   40 C  -0.0350 -0.0899   1.140  2.895  0.000
   41 C  -0.0302 -0.0800   1.140  2.891  0.000
   42 C   0.0646  0.1342   1.185  2.751  0.000
   43 C  -0.0743 -0.1219   1.131  2.943  0.000
   44 C  -0.0324 -0.0880   1.139  2.894  0.000
   45 C  -0.0743 -0.1218   1.131  2.943  0.000
   46 C   0.0646  0.1342   1.185  2.751  0.000
   47 C  -0.0922 -0.0123   1.222  2.870  0.000
   48 C  -0.0308 -0.0799   1.139  2.892  0.000
   49 C  -0.0363 -0.0910   1.139  2.897  0.000
   50 H   0.0350  0.0887   0.965  0.000  0.000
   51 H   0.0351  0.0888   0.965  0.000  0.000
   52 H   0.0340  0.0874   0.966  0.000  0.000
   53 H   0.0321  0.0855   0.968  0.000  0.000
   54 H   0.0356  0.0895   0.964  0.000  0.000
   55 H   0.0323  0.0856   0.968  0.000  0.000
   56 H   0.0353  0.0892   0.965  0.000  0.000
   57 H   0.0322  0.0854   0.968  0.000  0.000
   58 H   0.0320  0.0854   0.968  0.000  0.000
   59 H   0.0450  0.1038   0.955  0.000  0.000
   60 H   0.0375  0.0977   0.963  0.000  0.000
   61 H   0.0404  0.1041   0.960  0.000  0.000
   62 H   0.0438  0.1024   0.956  0.000  0.000
   63 H   0.0346  0.0885   0.965  0.000  0.000
   64 H   0.0318  0.0849   0.968  0.000  0.000
   65 H   0.0308  0.0842   0.969  0.000  0.000
   66 H   0.0328  0.0865   0.967  0.000  0.000
   67 H   0.0332  0.0865   0.967  0.000  0.000
   68 H   0.0350  0.0890   0.965  0.000  0.000
   69 H   0.0317  0.0848   0.968  0.000  0.000
   70 H   0.0302  0.0836   0.970  0.000  0.000
   71 H   0.0349  0.0888   0.965  0.000  0.000
   72 H   0.0432  0.1062   0.957  0.000  0.000
   73 H   0.0432  0.1063   0.957  0.000  0.000
   74 H   0.0316  0.0848   0.968  0.000  0.000
   75 H   0.0302  0.0836   0.970  0.000  0.000
   76 H   0.0348  0.0887   0.965  0.000  0.000
   77 H   0.0347  0.0886   0.965  0.000  0.000
   78 H   0.0308  0.0842   0.969  0.000  0.000
   79 H   0.0318  0.0850   0.968  0.000  0.000
   80 H   0.0329  0.0866   0.967  0.000  0.000
   81 H   0.0332  0.0865   0.967  0.000  0.000
   82 H   0.0349  0.0889   0.965  0.000  0.000
   83 H   0.0439  0.1025   0.956  0.000  0.000
   84 H   0.0404  0.1040   0.960  0.000  0.000
   85 H   0.0365  0.0968   0.963  0.000  0.000
   86 H   0.0453  0.1046   0.955  0.000  0.000
   87 H   0.0351  0.0888   0.965  0.000  0.000
   88 H   0.0350  0.0887   0.965  0.000  0.000
   89 H   0.0340  0.0874   0.966  0.000  0.000
   90 H   0.0323  0.0856   0.968  0.000  0.000
   91 H   0.0321  0.0855   0.968  0.000  0.000
   92 H   0.0355  0.0895   0.964  0.000  0.000
   93 H   0.0320  0.0854   0.968  0.000  0.000
   94 H   0.0353  0.0893   0.965  0.000  0.000
   95 H   0.0322  0.0855   0.968  0.000  0.000
   96 H   0.0450  0.1038   0.955  0.000  0.000
   97 H   0.0375  0.0977   0.963  0.000  0.000
   98 H   0.0387  0.1019   0.961  0.000  0.000
   99 H   0.0504  0.1070   0.950  0.000  0.000
  100 H   0.0387  0.1018   0.961  0.000  0.000
  101 H   0.0365  0.0967   0.963  0.000  0.000
  102 H   0.0453  0.1046   0.955  0.000  0.000
 Hirshfeld charges for QMDFF written to <charges>
 
 Loewdin charges    n(s)   n(p)   n(d)
    1 C  -0.1038   1.029  3.074  0.000
    2 C   0.0425   1.189  2.768  0.000
    3 C  -0.1056   1.033  3.073  0.000
    4 C  -0.1054   1.033  3.073  0.000
    5 C  -0.0016   1.148  2.854  0.000
    6 C  -0.0299   1.087  2.943  0.000
    7 C  -0.0266   1.087  2.940  0.000
    8 C   0.0590   1.138  2.803  0.000
    9 N  -0.0411   1.189  3.852  0.000
   10 C   0.0608   1.149  2.790  0.000
   11 C  -0.0545   1.086  2.969  0.000
   12 C  -0.0333   1.090  2.943  0.000
   13 C  -0.0148   1.144  2.871  0.000
   14 C   0.0449   1.189  2.766  0.000
   15 C  -0.1065   1.033  3.073  0.000
   16 C  -0.1050   1.030  3.075  0.000
   17 C  -0.1068   1.034  3.073  0.000
   18 C  -0.0470   1.097  2.950  0.000
   19 C  -0.0628   1.180  2.883  0.000
   20 B  -0.0808   1.165  1.916  0.000
   21 C  -0.0629   1.180  2.883  0.000
   22 C  -0.0470   1.097  2.950  0.000
   23 C  -0.0148   1.144  2.871  0.000
   24 C   0.0449   1.189  2.766  0.000
   25 C  -0.1068   1.034  3.073  0.000
   26 C  -0.1065   1.033  3.073  0.000
   27 C  -0.1050   1.030  3.075  0.000
   28 C  -0.0333   1.090  2.943  0.000
   29 C  -0.0545   1.086  2.969  0.000
   30 C   0.0608   1.149  2.790  0.000
   31 N  -0.0411   1.190  3.852  0.000
   32 C   0.0591   1.138  2.803  0.000
   33 C  -0.0274   1.086  2.941  0.000
   34 C  -0.0316   1.086  2.946  0.000
   35 C  -0.0016   1.148  2.854  0.000
   36 C   0.0425   1.189  2.768  0.000
   37 C  -0.1038   1.029  3.074  0.000
   38 C  -0.1056   1.033  3.073  0.000
   39 C  -0.1055   1.033  3.073  0.000
   40 C  -0.0299   1.087  2.943  0.000
   41 C  -0.0266   1.087  2.940  0.000
   42 C   0.0625   1.148  2.790  0.000
   43 C  -0.0757   1.080  2.996  0.000
   44 C  -0.0197   1.082  2.938  0.000
   45 C  -0.0757   1.080  2.996  0.000
   46 C   0.0625   1.148  2.790  0.000
   47 C  -0.0807   1.175  2.905  0.000
   48 C  -0.0274   1.086  2.941  0.000
   49 C  -0.0316   1.086  2.946  0.000
   50 H   0.0352   0.965  0.000  0.000
   51 H   0.0353   0.965  0.000  0.000
   52 H   0.0344   0.966  0.000  0.000
   53 H   0.0322   0.968  0.000  0.000
   54 H   0.0360   0.964  0.000  0.000
   55 H   0.0327   0.967  0.000  0.000
   56 H   0.0356   0.964  0.000  0.000
   57 H   0.0326   0.967  0.000  0.000
   58 H   0.0322   0.968  0.000  0.000
   59 H   0.0379   0.962  0.000  0.000
   60 H   0.0298   0.970  0.000  0.000
   61 H   0.0330   0.967  0.000  0.000
   62 H   0.0370   0.963  0.000  0.000
   63 H   0.0351   0.965  0.000  0.000
   64 H   0.0322   0.968  0.000  0.000
   65 H   0.0312   0.969  0.000  0.000
   66 H   0.0334   0.967  0.000  0.000
   67 H   0.0337   0.966  0.000  0.000
   68 H   0.0357   0.964  0.000  0.000
   69 H   0.0321   0.968  0.000  0.000
   70 H   0.0307   0.969  0.000  0.000
   71 H   0.0353   0.965  0.000  0.000
   72 H   0.0376   0.962  0.000  0.000
   73 H   0.0377   0.962  0.000  0.000
   74 H   0.0321   0.968  0.000  0.000
   75 H   0.0307   0.969  0.000  0.000
   76 H   0.0352   0.965  0.000  0.000
   77 H   0.0352   0.965  0.000  0.000
   78 H   0.0312   0.969  0.000  0.000
   79 H   0.0322   0.968  0.000  0.000
   80 H   0.0335   0.967  0.000  0.000
   81 H   0.0337   0.966  0.000  0.000
   82 H   0.0357   0.964  0.000  0.000
   83 H   0.0371   0.963  0.000  0.000
   84 H   0.0330   0.967  0.000  0.000
   85 H   0.0289   0.971  0.000  0.000
   86 H   0.0380   0.962  0.000  0.000
   87 H   0.0353   0.965  0.000  0.000
   88 H   0.0352   0.965  0.000  0.000
   89 H   0.0344   0.966  0.000  0.000
   90 H   0.0327   0.967  0.000  0.000
   91 H   0.0322   0.968  0.000  0.000
   92 H   0.0359   0.964  0.000  0.000
   93 H   0.0322   0.968  0.000  0.000
   94 H   0.0357   0.964  0.000  0.000
   95 H   0.0326   0.967  0.000  0.000
   96 H   0.0379   0.962  0.000  0.000
   97 H   0.0297   0.970  0.000  0.000
   98 H   0.0319   0.968  0.000  0.000
   99 H   0.0418   0.958  0.000  0.000
  100 H   0.0318   0.968  0.000  0.000
  101 H   0.0289   0.971  0.000  0.000
  102 H   0.0380   0.962  0.000  0.000
 
 Wiberg/Mayer (AO) data. WBOs > 0.1 written file <wbo>
 largest (>0.05) Wiberg bond orders for each atom
           total WBO             WBO to atom ...
     1  C   3.982    H   52 0.978    H   50 0.978    H   51 0.978    C    2 0.977
     2  C   3.921    C    1 0.977    C    3 0.967    C    4 0.966    C    5 0.939
     3  C   3.981    H   53 0.978    H   55 0.978    H   54 0.976    C    2 0.967
     4  C   3.981    H   58 0.978    H   57 0.978    H   56 0.976    C    2 0.966
     5  C   3.948    C   49 1.400    C    6 1.385    C    2 0.939    C    8 0.110
     6  C   3.972    C    7 1.445    C    5 1.385    H   59 0.942    C   48 0.108
     7  C   3.970    C    6 1.445    C    8 1.383    H   60 0.946    C   49 0.108
     8  C   3.929    C   48 1.400    C    7 1.383    N    9 0.936    C    5 0.110
     9  N   3.441    C   46 1.067    C   10 1.063    C    8 0.936
    10  C   3.924    C   11 1.328    C   19 1.307    N    9 1.063    C   13 0.088
    11  C   3.964    C   12 1.485    C   10 1.328    H   61 0.938    C   18 0.103
    12  C   3.965    C   11 1.485    C   13 1.340    H   62 0.941    C   19 0.091
    13  C   3.941    C   18 1.434    C   12 1.340    C   14 0.936    C   10 0.088
    14  C   3.918    C   16 0.977    C   17 0.966    C   15 0.966    C   13 0.936
    15  C   3.980    H   65 0.978    H   64 0.978    H   63 0.976    C   14 0.966
    16  C   3.982    H   67 0.978    H   66 0.978    C   14 0.977    H   68 0.976
    17  C   3.979    H   70 0.978    H   69 0.978    H   71 0.976    C   14 0.966
    18  C   3.963    C   13 1.434    C   19 1.358    H   72 0.938    C   11 0.103
    19  C   3.910    C   18 1.358    C   10 1.307    B   20 0.979    C   12 0.091
    20  B   3.401    C   47 1.047    C   21 0.979    C   19 0.979
    21  C   3.910    C   22 1.358    C   30 1.307    B   20 0.979    C   28 0.091
    22  C   3.963    C   23 1.434    C   21 1.358    H   73 0.938    C   29 0.103
    23  C   3.941    C   22 1.434    C   28 1.340    C   24 0.936    C   30 0.088
    24  C   3.918    C   27 0.977    C   26 0.966    C   25 0.966    C   23 0.936
    25  C   3.979    H   75 0.978    H   74 0.978    H   76 0.976    C   24 0.966
    26  C   3.980    H   78 0.978    H   79 0.978    H   77 0.976    C   24 0.966
    27  C   3.982    H   81 0.978    H   80 0.978    C   24 0.977    H   82 0.976
    28  C   3.965    C   29 1.485    C   23 1.340    H   83 0.941    C   21 0.091
    29  C   3.964    C   28 1.485    C   30 1.328    H   84 0.938    C   22 0.103
    30  C   3.924    C   29 1.328    C   21 1.307    N   31 1.063    C   23 0.088
    31  N   3.441    C   42 1.067    C   30 1.063    C   32 0.936
    32  C   3.929    C   33 1.400    C   41 1.383    N   31 0.936    C   35 0.110
    33  C   3.969    C   34 1.429    C   32 1.400    H   85 0.946    C   40 0.108
    34  C   3.972    C   33 1.429    C   35 1.400    H   86 0.943    C   41 0.108
    35  C   3.948    C   34 1.400    C   40 1.385    C   36 0.939    C   32 0.110
    36  C   3.921    C   37 0.977    C   38 0.966    C   39 0.966    C   35 0.939
    37  C   3.982    H   89 0.978    H   88 0.978    H   87 0.978    C   36 0.977
    38  C   3.981    H   91 0.978    H   90 0.978    H   92 0.976    C   36 0.966
    39  C   3.981    H   93 0.978    H   95 0.978    H   94 0.976    C   36 0.966
    40  C   3.972    C   41 1.445    C   35 1.385    H   96 0.942    C   33 0.108
    41  C   3.970    C   40 1.445    C   32 1.383    H   97 0.946    C   34 0.108
    42  C   3.924    C   43 1.356    C   47 1.285    N   31 1.067    C   45 0.090
    43  C   3.959    C   44 1.433    C   42 1.356    H   98 0.940    C   46 0.090
    44  C   3.967    C   43 1.433    C   45 1.433    H   99 0.941    C   47 0.078
    45  C   3.960    C   44 1.433    C   46 1.356    H  100 0.940    C   42 0.090
    46  C   3.924    C   45 1.356    C   47 1.285    N    9 1.067    C   43 0.090
    47  C   3.909    C   46 1.285    C   42 1.285    B   20 1.047    C   44 0.078
    48  C   3.969    C   49 1.429    C    8 1.400    H  101 0.946    C    6 0.108
    49  C   3.972    C   48 1.429    C    5 1.400    H  102 0.943    C    7 0.108
    50  H   0.999    C    1 0.978
    51  H   0.999    C    1 0.978
    52  H   0.998    C    1 0.978
    53  H   0.999    C    3 0.978
    54  H   0.999    C    3 0.976
    55  H   0.997    C    3 0.978
    56  H   0.999    C    4 0.976
    57  H   0.997    C    4 0.978
    58  H   0.999    C    4 0.978
    59  H   0.997    C    6 0.942
    60  H   0.997    C    7 0.946
    61  H   0.995    C   11 0.938
    62  H   0.993    C   12 0.941
    63  H   0.999    C   15 0.976
    64  H   0.997    C   15 0.978
    65  H   0.999    C   15 0.978
    66  H   0.999    C   16 0.978
    67  H   0.998    C   16 0.978
    68  H   0.999    C   16 0.976
    69  H   0.997    C   17 0.978
    70  H   0.999    C   17 0.978
    71  H   0.999    C   17 0.976
    72  H   0.997    C   18 0.938
    73  H   0.997    C   22 0.938
    74  H   0.997    C   25 0.978
    75  H   0.999    C   25 0.978
    76  H   0.999    C   25 0.976
    77  H   0.999    C   26 0.976
    78  H   0.999    C   26 0.978
    79  H   0.997    C   26 0.978
    80  H   0.999    C   27 0.978
    81  H   0.998    C   27 0.978
    82  H   0.999    C   27 0.976
    83  H   0.993    C   28 0.941
    84  H   0.995    C   29 0.938
    85  H   0.997    C   33 0.946
    86  H   0.997    C   34 0.943
    87  H   0.999    C   37 0.978
    88  H   0.999    C   37 0.978
    89  H   0.998    C   37 0.978
    90  H   0.997    C   38 0.978
    91  H   0.999    C   38 0.978
    92  H   0.999    C   38 0.976
    93  H   0.999    C   39 0.978
    94  H   0.999    C   39 0.976
    95  H   0.997    C   39 0.978
    96  H   0.997    C   40 0.942
    97  H   0.997    C   41 0.946
    98  H   0.996    C   43 0.940
    99  H   0.992    C   44 0.941
   100  H   0.996    C   45 0.940
   101  H   0.997    C   48 0.946
   102  H   0.997    C   49 0.943
 
 --------------------------------------------
          xTB calculation for sTDA...
 --------------------------------------------
 
 reading parameter file /home/penavora/Exe_xtb_crest/.param_stda2.xtb
 
      method parameters     
 k(s)        :  1.6000
 k(p)        :  2.1800
 k(d)        :  1.9500
 k(f)        :  2.0000
 k(R-V)      :  2.2750
 k(R-R)      :  1.7650
 Tscal       :  0.2580
 Gscal       :  1.0000
 fpol        :  1.0000
 Zcnf        :  0.3430
 Zqf         :  0.0000
 kcn         :  2.7000
 Ryd Hsplit  :  0.7000
 lshift(virt):  3.1000
 lshift(OS)  :  0.2000
 wllscaling  :  2.6000
 
 mowrcut     : 3.000
 
  Z AO/shell   Hii/eV     exponent
  1     Sun Feb 14 09:53:25 CET 2016    EN: 2.327 GAM: 0.473  GM3: 0.0000
     1s    -14.339618    1.220000
     2sp    -3.348946    0.600000
  5     Sun Feb 21 12:17:47 CET 2016    EN: 3.405 GAM: 0.339  GM3: 0.0000
     2s    -11.906683    1.287851
     2p    -10.782319    1.444987
     3sp    -5.346133    0.718700
  6     Sun Feb 14 09:53:25 CET 2016    EN: 2.731 GAM: 0.422  GM3: 0.0000
     2s    -22.009312    1.565095
     2p    -13.020408    1.596905
     3sp    -3.914040    0.824500
  7     Sun Feb 14 09:53:25 CET 2016    EN: 3.573 GAM: 0.504  GM3: 0.0000
     2s    -25.722000    2.064844
     2p    -18.684912    1.801692
     3sp    -4.344791    0.921400
 
 Nbf   :          657
 T(el) :     0.0
 calculating S/T integrals ...
 cpu time for ints    7.83534700000000     
 Nao   :          657
 making H0...
 making H1...
 cpu time for H       1.31770600000000     
 solving ...
 cpu time for diag    2.53671600000000     
 
 gap (eV)           :   6.462
 Koopmans IP (eV)   :  13.381
 Eel (Eh)           :  -210.925873

          eigenvalues
 #    :         113        114        115        116        117        118        119        120
 occ. :        2.000      2.000      2.000      2.000      2.000      2.000      2.000      2.000
 eps  :       -17.338    -17.171    -17.100    -16.310    -16.207    -16.196    -15.858    -15.821
 #    :         121        122        123        124        125        126        127        128
 occ. :        2.000      2.000      2.000      2.000      2.000      0.000      0.000      0.000
 eps  :       -15.816    -15.687    -15.670    -14.370    -13.382     -6.920     -5.862     -5.843
 #    :         129        130        131        132        133        134        135        136
 occ. :        0.000      0.000      0.000      0.000      0.000      0.000      0.000      0.000
 eps  :        -5.842     -5.834     -5.674     -5.544     -5.433     -5.086     -5.030     -4.909
                            1  SCC done.
 writing mo output ...
 molden style : F
 
speedup 20.17
cpu  time for all   18.59 s
wall time for all    0.92 s
