  61
 Etot=         -75.8966298710
 C          4.7423645047       -3.5068091561       -0.0086101939
 C          3.5332396337       -2.6218458030        0.0081631705
 C          2.4967947716       -2.8222765112       -0.8916070755
 C          1.3745676797       -2.0098795749       -0.9000199487
 C          0.2932784207       -2.3026871139       -1.9014692974
 C          1.2617281862       -0.9381558128        0.0030610491
 B         -0.0002045951       -0.0019972295       -0.0001535117
 C          0.1801833603        1.5590079252       -0.0000525734
 C         -0.5317177647        2.3732833670        0.8970420646
 C         -1.4918333730        1.7854679580        1.8923452544
 C         -0.3594594999        3.7490026121        0.8894436720
 C          0.5003677487        4.3685565469       -0.0034101641
 C          0.6892104719        5.8550408736        0.0048177516
 C          1.1998178921        3.5683978645       -0.8943016509
 C          1.0582094498        2.1899523280       -0.8986154005
 C          1.8591509291        1.3979904148       -1.8932435351
 C         -1.4427694893       -0.6248869528       -0.0032912136
 C         -1.7979314866       -1.6422164006        0.9004283263
 C         -0.8117466295       -2.1755811748        1.9008519640
 C         -3.0771119044       -2.1733462575        0.8945953417
 C         -4.0416732095       -1.7385788809       -0.0031477339
 C         -5.4132107250       -2.3422436290        0.0027780359
 C         -3.6921778040       -0.7433988870       -0.9007627921
 C         -2.4233357868       -0.1830151883       -0.9067819128
 C         -2.1317002108        0.8985510868       -1.9083322372
 C          2.3167814486       -0.7331885300        0.9079178161
 C          2.2799213345        0.3869810903        1.9088189839
 C          3.4216584421       -1.5711748173        0.9044546576
 H          5.2951391778       -3.4291823187        0.9246613140
 H          4.4579826017       -4.5456633192       -0.1654458973
 H          5.4068261699       -3.2161747073       -0.8233038029
 H          2.5661235001       -3.6373096587       -1.5997003527
 H         -0.0410961139       -1.3986358363       -2.4039351937
 H         -0.5725726376       -2.7408557219       -1.4069750291
 H          0.6491976811       -3.0048595877       -2.6526874233
 H         -2.4087342141        1.4725437831        1.3945350456
 H         -1.0729654218        0.9114006950        2.3840363011
 H         -1.7503045128        2.5200471506        2.6524196382
 H         -0.9140761918        4.3546235537        1.5937928436
 H         -0.1640479295        6.3531828372        0.4594675779
 H          1.5793281810        6.1148611005        0.5794017570
 H          0.8223876916        6.2338047299       -1.0065735483
 H          1.8749320133        4.0333180530       -1.6003487632
 H          2.6741094205        0.8761359316       -1.3934328474
 H          1.2494536970        0.6489521693       -2.3918990041
 H          2.2867769972        2.0549683233       -2.6479765448
 H         -0.2799101259       -1.3725340821        2.4047595778
 H         -0.0686790058       -2.7988069585        1.4052655822
 H         -1.3183416435       -2.7793859316        2.6510646939
 H         -3.3323037950       -2.9495799441        1.6036795568
 H         -5.3667903275       -3.3868651300       -0.3054939652
 H         -5.8401882032       -2.3107671442        1.0042612885
 H         -6.0757823303       -1.8117485623       -0.6767927447
 H         -4.4279013034       -0.3905186145       -1.6111614914
 H         -2.0973051968        1.8700703571       -1.4169773574
 H         -1.1719992905        0.7449188553       -2.3947506504
 H         -2.9061808575        0.9300633677       -2.6720685061
 H          2.4629738740        1.3408906442        1.4159211394
 H          3.0445459504        0.2439658536        2.6697234080
 H          1.3120907553        0.4536161944        2.3989282479
 H          4.2176089415       -1.3981753634        1.6164733476
  61
 Etot=         -75.8966299047
 C          4.7423632832       -3.5068110990       -0.0086080492
 C          3.5332403442       -2.6218459975        0.0081647733
 C          2.4967934680       -2.8222856525       -0.8916014851
 C          1.3745642564       -2.0098736890       -0.9000155011
 C          0.2932759635       -2.3026849803       -1.9014748645
 C          1.2617294377       -0.9381615461        0.0030603024
 B         -0.0002012063       -0.0019938729       -0.0001511697
 C          0.1801760809        1.5590096974       -0.0000557365
 C         -0.5317161534        2.3732755228        0.8970428366
 C         -1.4918276424        1.7854689983        1.8923473142
 C         -0.3594525588        3.7490073646        0.8894463458
 C          0.5003706300        4.3685572952       -0.0034074794
 C          0.6892087085        5.8550426754        0.0048168728
 C          1.1998201835        3.5684000247       -0.8943035614
 C          1.0582011931        2.1899543919       -0.8986176884
 C          1.8591494476        1.3979870439       -1.8932532842
 C         -1.4427718852       -0.6248793723       -0.0032962852
 C         -1.7979350596       -1.6422099032        0.9004303317
 C         -0.8117419085       -2.1755808641        1.9008547231
 C         -3.0771055716       -2.1733541056        0.8945946868
 C         -4.0416738851       -1.7385774905       -0.0031577761
 C         -5.4132096330       -2.3422450788        0.0027765001
 C         -3.6921859256       -0.7434053038       -0.9007577685
 C         -2.4233216174       -0.1830128967       -0.9067826713
 C         -2.1316979756        0.8985468711       -1.9083310560
 C          2.3167760733       -0.7331864394        0.9079180555
 C          2.2799173467        0.3869786918        1.9088151213
 C          3.4216617498       -1.5711726782        0.9044513899
 H          5.2951375959       -3.4291846270        0.9246637798
 H          4.4579818023       -4.5456640329       -0.1654464818
 H          5.4068263201       -3.2161733357       -0.8233010562
 H          2.5661216985       -3.6373111759       -1.5996975450
 H         -0.0411001395       -1.3986427655       -2.4039280655
 H         -0.5725653938       -2.7408596151       -1.4069772198
 H          0.6491961536       -3.0048535868       -2.6526843630
 H         -2.4087260429        1.4725427056        1.3945423027
 H         -1.0729596778        0.9114021360        2.3840414898
 H         -1.7502985448        2.5200465588        2.6524231431
 H         -0.9140715853        4.3546238863        1.5937956572
 H         -0.1640513429        6.3531828103        0.4594660208
 H          1.5793246023        6.1148625863        0.5794040583
 H          0.8223886999        6.2338066571       -1.0065735385
 H          1.8749278766        4.0333191012       -1.6003533954
 H          2.6741012276        0.8761384650       -1.3934449590
 H          1.2494569577        0.6489620974       -2.3918948209
 H          2.2867673480        2.0549586380       -2.6479729872
 H         -0.2799109502       -1.3725376674        2.4047515846
 H         -0.0686805564       -2.7988069859        1.4052682799
 H         -1.3183376906       -2.7793778390        2.6510611994
 H         -3.3323018826       -2.9495799076        1.6036767322
 H         -5.3667897639       -3.3868643303       -0.3054970713
 H         -5.8401874306       -2.3107692328        1.0042604416
 H         -6.0757818033       -1.8117482946       -0.6767950389
 H         -4.4279009295       -0.3905185732       -1.6111636037
 H         -2.0973075116        1.8700729402       -1.4169798362
 H         -1.1720002299        0.7449215766       -2.3947516249
 H         -2.9061817477        0.9300625058       -2.6720712777
 H          2.4629746614        1.3408899363        1.4159266307
 H          3.0445430368        0.2439639030        2.6697292795
 H          1.3120902865        0.4536159985        2.3989283658
 H          4.2176071582       -1.3981772736        1.6164760872
