  59
 Etot=         -98.3401953499
 C          0.9406499210        3.8614652420        0.6340295501
 C          0.0861298771        2.9744958099        0.0062750004
 C          0.4844612912        1.6705755460       -0.2391682745
 C          1.7390078841        1.2370534549        0.1609882961
 C          2.6194036848        2.1549435752        0.7434789927
 C          2.2176349679        3.4578114136        0.9852818321
 O          3.9102525276        1.8107104803        1.0769569727
 C          4.4195741215        0.7384766803        0.3967832790
 C          5.7951432705        0.6288580816        0.2650084203
 C          6.3376698320       -0.4222202578       -0.4539304793
 C          5.5071432418       -1.3387285766       -1.0749943167
 C          4.1332158537       -1.2343537316       -0.9439525127
 C          3.5773211496       -0.2222547012       -0.1710651105
 N          2.1883427205       -0.0968034258        0.0169901876
 C          1.3839442856       -1.1853150146        0.2643142793
 C          1.9573643345       -2.4087288234        0.7219631681
 C          1.1391142892       -3.4589388301        0.9990778322
 C         -0.2615899771       -3.3309241647        0.8367357126
 C         -1.1775077288       -4.3601177801        1.1090133330
 C         -2.5231194308       -4.1454505678        0.9659148597
 C         -3.0001633110       -2.8992816095        0.5410217386
 C         -2.1311605803       -1.8738796177        0.2621392534
 N         -2.6147459251       -0.6123134577       -0.1651606689
 C         -2.3790755711       -0.2011729796       -1.4743462425
 C         -1.9036424204       -1.0732656448       -2.4443450024
 C         -1.6977366177       -0.6401587699       -3.7456642734
 C         -1.9685606292        0.6664246053       -4.0967494934
 C         -2.4570117911        1.5469543749       -3.1410178270
 C         -2.6675959657        1.1195748387       -1.8445778870
 O         -3.1688733009        2.0378067208       -0.9523302132
 C         -3.2513946517        1.6527772367        0.3653988682
 C         -3.6258134762        2.6163767251        1.2813366135
 C         -3.7267722046        2.2992239179        2.6288492376
 C         -3.4389637737        1.0176087505        3.0503270720
 C         -3.0580803402        0.0476680067        2.1350509105
 C         -2.9666077389        0.3461099391        0.7826478401
 C         -0.7331166621       -2.0648182135        0.4058179840
 N          0.0861636540       -1.0369225916        0.1295951482
 H          0.6261841622        4.8733147072        0.8375048611
 H         -0.8983094738        3.2933677913       -0.2970909229
 H         -0.1736256757        0.9752126517       -0.7271147910
 H          2.9160264292        4.1337212049        1.4527363731
 H          6.4194170697        1.3720130417        0.7345633754
 H          7.4089765386       -0.5111382063       -0.5439602793
 H          5.9257587322       -2.1394536469       -1.6647875425
 H          3.4814289305       -1.9419202945       -1.4339757901
 H          3.0206783990       -2.4789057271        0.8871482288
 H          1.5439285533       -4.3924086818        1.3651515392
 H         -0.8023076585       -5.3189887118        1.4371814474
 H         -3.2273860154       -4.9355069814        1.1783747856
 H         -4.0621400565       -2.7355335038        0.4318781989
 H         -1.6950066759       -2.0977162709       -2.1767257218
 H         -1.3257336838       -1.3367237605       -4.4817065384
 H         -1.8084642944        1.0085966876       -5.1071833056
 H         -2.6834610699        2.5721878266       -3.3872185751
 H         -3.8373433444        3.6114532672        0.9228442133
 H         -4.0250996339        3.0569676708        3.3362804255
 H         -3.5070038257        0.7590004159        4.0961261488
 H         -2.8278475783       -0.9511448584        2.4727341888
  59
 Etot=         -98.3401953804
 C          0.9406565482        3.8614691537        0.6340215288
 C          0.0861290378        2.9744967050        0.0062643609
 C          0.4844658720        1.6705731826       -0.2391771623
 C          1.7390130485        1.2370458768        0.1609874901
 C          2.6194106402        2.1549468438        0.7434792314
 C          2.2176317156        3.4578065017        0.9852728686
 O          3.9102374580        1.8107025724        1.0769554481
 C          4.4195694203        0.7384836219        0.3967952125
 C          5.7951429705        0.6288589378        0.2650220648
 C          6.3376735563       -0.4222170920       -0.4539188969
 C          5.5071503014       -1.3387287239       -1.0749899180
 C          4.1332155972       -1.2343442552       -0.9439495006
 C          3.5773234070       -0.2222569614       -0.1710626810
 N          2.1883441734       -0.0968048616        0.0169947273
 C          1.3839509098       -1.1853116522        0.2643102704
 C          1.9573635973       -2.4087332180        0.7219551596
 C          1.1391216958       -3.4589398108        0.9990674872
 C         -0.2615913230       -3.3309252362        0.8367305634
 C         -1.1775071307       -4.3601199766        1.1090064426
 C         -2.5231191200       -4.1454513927        0.9659103760
 C         -3.0001656011       -2.8992833718        0.5410227273
 C         -2.1311564843       -1.8738797715        0.2621400920
 N         -2.6147321717       -0.6123158832       -0.1651535229
 C         -2.3790824003       -0.2011695144       -1.4743501167
 C         -1.9036528206       -1.0732691902       -2.4443458842
 C         -1.6977485892       -0.6401568545       -3.7456662589
 C         -1.9685710348        0.6664227844       -4.0967452126
 C         -2.4570199824        1.5469521466       -3.1410215632
 C         -2.6676008338        1.1195704290       -1.8445757401
 O         -3.1688592074        2.0378168985       -0.9523273847
 C         -3.2513942157        1.6527758770        0.3654022593
 C         -3.6258133703        2.6163777325        1.2813452959
 C         -3.7267686156        2.2992236339        2.6288486395
 C         -3.4389607403        1.0176122496        3.0503298864
 C         -3.0580822167        0.0476686296        2.1350536200
 C         -2.9666136872        0.3461182219        0.7826582359
 C         -0.7331205792       -2.0648223706        0.4058155865
 N          0.0861685748       -1.0369149849        0.1295974458
 H          0.6261838468        4.8733138916        0.8374906636
 H         -0.8983014159        3.2933674793       -0.2971065796
 H         -0.1736199671        0.9752136536       -0.7271228345
 H          2.9160216019        4.1337212685        1.4527331807
 H          6.4194145999        1.3720121914        0.7345770918
 H          7.4089785936       -0.5111387665       -0.5439420307
 H          5.9257659362       -2.1394519040       -1.6647748012
 H          3.4814377068       -1.9419193629       -1.4339743626
 H          3.0206816660       -2.4789093842        0.8871433759
 H          1.5439303713       -4.3924117596        1.3651432504
 H         -0.8023061432       -5.3189909465        1.4371714151
 H         -3.2273854072       -4.9355072543        1.1783707549
 H         -4.0621385661       -2.7355318703        0.4318809417
 H         -1.6950141822       -2.0977165779       -2.1767256702
 H         -1.3257505914       -1.3367272898       -4.4817070186
 H         -1.8084818249        1.0085935315       -5.1071847038
 H         -2.6834686017        2.5721867227       -3.3872176516
 H         -3.8373364492        3.6114554533        0.9228483282
 H         -4.0250937496        3.0569695354        3.3362844160
 H         -3.5070030501        0.7590007007        4.0961284184
 H         -2.8278481354       -0.9511449262        2.4727350377
