  93
 Etot=        -145.0253816853
 C         -8.0236381648       -4.6576969714       -0.3069003284
 C         -8.3311594084       -3.3352950573       -0.5819772824
 C         -7.3634463102       -2.3546836624       -0.4720249587
 C         -6.0700124182       -2.6873686995       -0.0740415016
 C         -5.0176240262       -1.6904722837        0.0493518152
 N         -3.7122130256       -2.0474419803       -0.1034068114
 C         -2.9939355275       -0.9595349795        0.0105720198
 C         -1.5401834765       -0.8902782941       -0.0301863230
 C         -0.8697484032       -0.0952799943        0.8741608657
 C          0.5217159279       -0.0055659972        0.8603433985
 C          1.2741763332       -0.7112606656       -0.0490291008
 C          2.7421949295       -0.6146076919        0.0091856857
 C          3.3688198457        0.6261175015       -0.0710886745
 C          4.7417829118        0.7345312581        0.0077216779
 C          5.5305339749       -0.4031335864        0.1781896906
 N          6.9234164363       -0.2982085561        0.2564948580
 C          7.6003969482        0.6224251986       -0.5502490785
 C          8.7186281492        1.3015094948       -0.0663543667
 C          9.3868272703        2.2041726222       -0.8702801197
 C          8.9502672887        2.4526891690       -2.1613109130
 C          7.8366981219        1.7855942589       -2.6449042478
 C          7.1666930875        0.8747410528       -1.8518807859
 C          7.6359343682       -1.1159564638        1.1407056581
 C          8.8859120219       -1.6231533422        0.7863328468
 C          9.5868023545       -2.4244061039        1.6663480198
 C          9.0539186039       -2.7408562082        2.9052676553
 C          7.8100972863       -2.2447671259        3.2597801902
 C          7.1051335317       -1.4356494270        2.3903586376
 C          4.9057736881       -1.6470282687        0.2729203415
 C          3.5327834242       -1.7476505495        0.1897473049
 C          0.6188910669       -1.5296118768       -1.0084440537
 C          1.3361991401       -2.2185300850       -2.0104687797
 C          0.6944962906       -3.0076834805       -2.9228255406
 C         -0.6999105118       -3.1407500066       -2.8806680961
 C         -1.4286334939       -2.4631016389       -1.9437820236
 C         -0.7986173036       -1.6369877333       -0.9897977329
 N         -3.7962294571        0.1316347828        0.2398727861
 C         -3.3887601830        1.4675169179        0.3931951313
 C         -3.8140218687        2.2108898680        1.4902618921
 C         -3.3853405442        3.5132956727        1.6418404703
 C         -2.5340160033        4.0917785540        0.7090648008
 C         -2.1372582040        3.3556255426       -0.4134356491
 C         -2.5644001389        2.0446531631       -0.5625744440
 O         -1.3408202455        3.8900626352       -1.3900695519
 C         -1.2357338926        5.2953341321       -1.3207933548
 C         -1.0004883788        5.7351020319        0.1231564990
 O         -2.1024824454        5.3744194287        0.9260122392
 C         -5.0953975613       -0.3261678123        0.2747035808
 C         -6.2352279379        0.5489908311        0.5127078152
 C         -7.1907967101        0.2022493503        1.4673259370
 C         -8.2716465353        1.0289717409        1.7047799866
 C         -8.4132070545        2.2123987647        0.9978024837
 C         -7.4702032717        2.5620129929        0.0460352981
 C         -6.3871812507        1.7383434728       -0.1976549420
 C         -5.7634702116       -4.0234142889        0.1822228856
 C         -6.7343839520       -4.9989415565        0.0687025546
 H         -8.7845370515       -5.4198313019       -0.3927454918
 H         -9.3315481570       -3.0664241918       -0.8900146738
 H         -7.6075062552       -1.3295796336       -0.7079152605
 H         -1.4182624820        0.4500286387        1.6283720143
 H          1.0175599477        0.6095030192        1.5978499400
 H          2.7678030427        1.5138086864       -0.2065696322
 H          5.2152975694        1.7033175525       -0.0587449638
 H          9.0558824313        1.1173491512        0.9432334967
 H         10.2506253847        2.7238090012       -0.4821499873
 H          9.4739705748        3.1605679532       -2.7856646878
 H          7.4916064523        1.9685535182       -3.6520424919
 H          6.3049303589        0.3485572700       -2.2358138020
 H          9.2996541512       -1.3865937141       -0.1831009698
 H         10.5531338942       -2.8117688077        1.3783947344
 H          9.6036290622       -3.3696149659        3.5890669572
 H          7.3881775141       -2.4822653504        4.2253677705
 H          6.1396774409       -1.0423643162        2.6734858559
 H          5.5069930069       -2.5339726448        0.4098825461
 H          3.0607154664       -2.7156255578        0.2754930526
 H          2.4089631921       -2.1031951222       -2.0545418810
 H          1.2586574653       -3.5279672263       -3.6833838520
 H         -1.1970669507       -3.7728409924       -3.6017526290
 H         -2.5015994983       -2.5624960483       -1.9086017959
 H         -4.4640468971        1.7638748126        2.2257569938
 H         -3.6901617715        4.1039343689        2.4902980258
 H         -2.2417000771        1.4887943627       -1.4285009533
 H         -0.4002634043        5.5752802088       -1.9636834534
 H         -2.1598578643        5.7584297194       -1.6930668213
 H         -0.0878890242        5.2550063854        0.5024655663
 H         -0.9036648490        6.8189422057        0.1983477113
 H         -7.0755427280       -0.7199368024        2.0179792965
 H         -9.0055566973        0.7513368813        2.4470678200
 H         -9.2577678768        2.8584094887        1.1863953151
 H         -7.5799351373        3.4801642211       -0.5124459697
 H         -5.6617139989        2.0091330293       -0.9512931459
 H         -4.7535677901       -4.2736253459        0.4683752274
 H         -6.4871823549       -6.0307212656        0.2737418391
