  131
 Etot=        -177.6097569095
 C          0.3772076897        5.0435652771       -2.6500926755
 C         -0.7327949944        4.0230161683       -2.8759640028
 C         -1.0311776319        3.1710666319       -1.6395038447
 C          0.0729157129        2.1539323895       -1.3633972482
 C         -0.0518364191        1.3503886487       -0.0525444846
 C         -0.1546532402        2.2244993248        1.2147421409
 C          0.9520461755        3.2545598944        1.4211559397
 C          0.6660340202        4.1295218102        2.6406787988
 C          1.7700019643        5.1547185647        2.8688855998
 C          1.1108174990        0.3780156463        0.0049481900
 C          2.4613996848        0.6347379124       -0.0219082225
 C          3.3616718183       -0.4385079786        0.0218907789
 C          4.7472008309       -0.1846399427        0.0105958919
 C          5.9339069040        0.0458201285        0.0044709374
 C          7.3182541823        0.3053272817       -0.0016442335
 C          7.7818348421        1.6215925009        0.1063280713
 C          9.1346586892        1.8956052643        0.1114669902
 C         10.0308239787        0.8413695101        0.0059363056
 C          9.5722277199       -0.4810151482       -0.1088198172
 C          8.2258876228       -0.7559106298       -0.1156929786
 C         10.7337539390       -1.4408555346       -0.2566872767
 C         10.7139422804       -2.5480722452        0.8062279222
 C         10.6551329969       -1.9963520021        2.2297959521
 C         10.6521529444       -3.1191468215        3.2594919659
 C         10.6548790002       -2.0200530001       -1.6892619565
 C         11.8346032444       -2.8775102127       -2.1383522413
 C         11.5831934907       -3.4527666896       -3.5278224772
 C         11.9132091263       -0.5098903939       -0.0943904926
 C         13.2536432861       -0.8090255962       -0.0222119646
 C         14.1691990728        0.2414340878        0.1195624828
 C         15.5489265479       -0.0497844825        0.1894616722
 N         16.6689797319       -0.2920315582        0.2436711753
 C         13.7381317369        1.5680828455        0.1958021048
 C         12.3893804913        1.8629656545        0.1545246272
 C         11.4796628450        0.8241686157        0.0176091096
 C          2.8918873846       -1.7547608111        0.0722506621
 C          1.5366900264       -2.0148899820        0.0671872576
 C          0.6487102382       -0.9492085440        0.0291657399
 C         -0.7981861886       -0.9355771069       -0.0083282898
 C         -1.7072841637       -1.9838034318        0.0110710909
 C         -3.0568991195       -1.6972018550       -0.0107545380
 C         -3.5002207729       -0.3709561143       -0.0334404841
 C         -4.8806499436       -0.0907584169       -0.0401206801
 C         -6.0637933350        0.1570773220       -0.0524299900
 C         -7.4441407017        0.4372502802       -0.0648385034
 C         -7.8876028499        1.7581402362       -0.1910013186
 C         -9.2369224135        2.0431762545       -0.2283630685
 C        -10.1455546123        1.0000997264       -0.1168577390
 C         -9.7108319614       -0.3269136148        0.0415428910
 C         -8.3654952175       -0.6130982777        0.0424497590
 C        -10.8927159392       -1.2736710765        0.1266195037
 C        -10.7941791891       -2.2585999448       -1.0566306952
 C        -11.9146400467       -3.2868065144       -1.1867927758
 C        -11.6156883012       -4.2660099346       -2.3168640585
 C        -11.0094891269       -1.9536017932        1.5069665476
 C         -9.9080528481       -2.9441301649        1.8741823490
 C        -10.2122912567       -3.6137167625        3.2099250678
 C        -12.0546827952       -0.3093951365       -0.0105804120
 C        -13.4059571630       -0.5614275607        0.0452254394
 C        -14.2973729797        0.5102263650       -0.0893176073
 C        -15.6865286871        0.2612920522       -0.0485462439
 N        -16.8142130906        0.0529820476       -0.0163864945
 C        -13.8343271937        1.8174667637       -0.2571447883
 C        -12.4777082221        2.0731345144       -0.2776647428
 C        -11.5928434136        1.0115318383       -0.1496976949
 C         -2.5788233734        0.6849693974       -0.0463932076
 C         -1.2336329698        0.3999799798       -0.0573805407
 H          0.5004399817        5.6675086961       -3.5323832415
 H          1.3283331685        4.5565160134       -2.4498484635
 H          0.1351375248        5.6886200387       -1.8075846343
 H         -1.6436895918        4.5570295330       -3.1569256767
 H         -0.4640705817        3.3697951705       -3.7091925078
 H         -1.9709345715        2.6424144903       -1.8051291576
 H         -1.1587082273        3.8339238964       -0.7824404138
 H          0.1004766595        1.4360609795       -2.1887163885
 H          1.0368329559        2.6627974896       -1.3475880907
 H         -1.1162574248        2.7416262157        1.1927597903
 H         -0.1734595432        1.5515401526        2.0772667736
 H          1.9059616741        2.7480052584        1.5719315391
 H          1.0392623401        3.8961531597        0.5430860498
 H          0.5697764269        3.4962547152        3.5256402898
 H         -0.2859323232        4.6477501004        2.5011985000
 H          1.8699212180        5.8078093298        2.0042541886
 H          2.7236580868        4.6577955128        3.0338228446
 H          1.5490372861        5.7692151660        3.7384496482
 H          2.8531582786        1.6386552493       -0.0860136782
 H          7.0622977503        2.4230346898        0.1894991806
 H          9.4863563046        2.9129653159        0.1977871139
 H          7.8531943156       -1.7662619497       -0.2005436492
 H         11.6098447312       -3.1624638095        0.7039726795
 H          9.8469023883       -3.1893260772        0.6325416087
 H          9.7540949673       -1.3905513235        2.3495924355
 H         11.5160979906       -1.3464084463        2.4033094970
 H         11.5540129414       -3.7213859549        3.1717679814
 H          9.7911941349       -3.7683775104        3.1144662422
 H         10.6087862515       -2.7129101833        4.2670539382
 H          9.7408743221       -2.6153951684       -1.7552779791
 H         10.5504551963       -1.1825455460       -2.3852551061
 H         11.9915801728       -3.6992964948       -1.4380027994
 H         12.7414805979       -2.2718309256       -2.1655499968
 H         12.4311129817       -4.0520605955       -3.8505475532
 H         10.6970868532       -4.0840684164       -3.5275536196
 H         11.4332618294       -2.6536291693       -4.2505710691
 H         13.6163086499       -1.8253332493       -0.0569381956
 H         14.4703024889        2.3553320824        0.3008013657
 H         12.0514501465        2.8850827340        0.2351326275
 H          3.6054555951       -2.5652233377        0.1052151946
 H          1.1747075233       -3.0321642053        0.0876976091
 H         -1.3658055756       -3.0077117076        0.0472275594
 H         -3.7866559648       -2.4937398384       -0.0002880358
 H         -7.1576820031        2.5502399618       -0.2721258816
 H         -9.5786265035        3.0606743148       -0.3469656535
 H         -7.9949958934       -1.6243486436        0.1143680148
 H        -10.7551952187       -1.6659647676       -1.9755596826
 H         -9.8420626462       -2.7869146938       -0.9760027177
 H        -12.0256812468       -3.8441260082       -0.2556119817
 H        -12.8579240857       -2.7829110578       -1.3997382388
 H        -12.4226663009       -4.9876781914       -2.4190858430
 H        -11.5068989111       -3.7374552641       -3.2614903094
 H        -10.6931425503       -4.8090452208       -2.1215196490
 H        -11.0326901872       -1.1622792491        2.2622867409
 H        -11.9717385525       -2.4677995357        1.5515733064
 H         -8.9531008223       -2.4235065541        1.9507214153
 H         -9.8202865749       -3.7122852535        1.1045656632
 H        -10.2962297493       -2.8701161064        3.9995629974
 H        -11.1490685764       -4.1650231301        3.1597060364
 H         -9.4199464816       -4.3090603220        3.4770709222
 H        -13.7999289764       -1.5547031484        0.1979569160
 H        -14.5481814299        2.6217705084       -0.3584873991
 H        -12.1138926290        3.0835771502       -0.3871359134
 H         -2.9497672190        1.6986729056       -0.0381111017
  131
 Etot=        -177.6097569648
 C          0.3771985688        5.0435413571       -2.6502623281
 C         -0.7327933349        4.0229675327       -2.8759919784
 C         -1.0311264221        3.1711211656       -1.6394667446
 C          0.0729620142        2.1539797043       -1.3633224111
 C         -0.0519145993        1.3503498333       -0.0525363404
 C         -0.1547457037        2.2244244856        1.2147847586
 C          0.9516962287        3.2547215987        1.4212217318
 C          0.6658898091        4.1296309299        2.6408147272
 C          1.7701507755        5.1545352106        2.8690062982
 C          1.1107920653        0.3780364842        0.0050585207
 C          2.4613672940        0.6348308610       -0.0216669625
 C          3.3616658054       -0.4383672437        0.0220752368
 C          4.7471447452       -0.1843272117        0.0103946729
 C          5.9339222882        0.0458585452        0.0047187567
 C          7.3182994201        0.3052947643       -0.0014467936
 C          7.7818727478        1.6215852118        0.1062990110
 C          9.1346954349        1.8955904674        0.1112722226
 C         10.0308351798        0.8413271784        0.0057345912
 C          9.5722589778       -0.4810742444       -0.1089749270
 C          8.2259019893       -0.7559622550       -0.1157051556
 C         10.7337881956       -1.4409607034       -0.2566812527
 C         10.7138968289       -2.5480821453        0.8063512465
 C         10.6551385133       -1.9959811326        2.2298103833
 C         10.6522068748       -3.1187998351        3.2594937751
 C         10.6546775683       -2.0203530793       -1.6891719824
 C         11.8343593686       -2.8779253246       -2.1381950182
 C         11.5827190526       -3.4529519803       -3.5277417544
 C         11.9132466746       -0.5099135181       -0.0945557192
 C         13.2537107094       -0.8089549514       -0.0223183809
 C         14.1691801892        0.2415729358        0.1196004453
 C         15.5488924375       -0.0495686648        0.1898158121
 N         16.6689230855       -0.2917343791        0.2441191490
 C         13.7380570824        1.5682081139        0.1957649935
 C         12.3892932726        1.8630160747        0.1543443238
 C         11.4796663293        0.8241476960        0.0173795381
 C          2.8919967475       -1.7546629325        0.0722515413
 C          1.5368050995       -2.0148781264        0.0670465145
 C          0.6487631684       -0.9492241757        0.0290982366
 C         -0.7981593327       -0.9356622499       -0.0083915519
 C         -1.7072090973       -1.9839422254        0.0110314292
 C         -3.0568457404       -1.6973990507       -0.0109529197
 C         -3.5002095454       -0.3711730490       -0.0336695384
 C         -4.8806382472       -0.0909667212       -0.0404459823
 C         -6.0637572716        0.1569912548       -0.0527557644
 C         -7.4440661449        0.4373174122       -0.0649983441
 C         -7.8875129013        1.7582444494       -0.1907560097
 C         -9.2368469126        2.0432860543       -0.2277601131
 C        -10.1454633340        1.0001581251       -0.1165286537
 C         -9.7107315188       -0.3269082290        0.0414375467
 C         -8.3653920055       -0.6130649323        0.0422209774
 C        -10.8925794603       -1.2737079894        0.1266096156
 C        -10.7939665667       -2.2585917544       -1.0566869057
 C        -11.9145439591       -3.2866878361       -1.1868010714
 C        -11.6157293439       -4.2657106780       -2.3170589783
 C        -11.0093465736       -1.9536876173        1.5069417952
 C         -9.9078076815       -2.9441295861        1.8741215784
 C        -10.2122817851       -3.6138260093        3.2097610490
 C        -12.0545629100       -0.3094033376       -0.0104155485
 C        -13.4058419845       -0.5614431933        0.0454592042
 C        -14.2972738139        0.5101843101       -0.0891576508
 C        -15.6864334893        0.2612184399       -0.0480611777
 N        -16.8141732523        0.0530956993       -0.0165603725
 C        -13.8342474667        1.8174207761       -0.2570795312
 C        -12.4776248141        2.0731065468       -0.2776603511
 C        -11.5927473969        1.0115231944       -0.1496529047
 C         -2.5788792742        0.6848062062       -0.0465829409
 C         -1.2336681599        0.3998797663       -0.0575208963
 H          0.5004773549        5.6672873169       -3.5326799520
 H          1.3282919061        4.5564853691       -2.4498605665
 H          0.1350821790        5.6887566904       -1.8079045421
 H         -1.6436838476        4.5569632901       -3.1570245432
 H         -0.4640712525        3.3696527035       -3.7091301207
 H         -1.9708753011        2.6424461860       -1.8050578531
 H         -1.1586554117        3.8340625552       -0.7824772632
 H          0.1006272334        1.4361296036       -2.1886531919
 H          1.0368623697        2.6628958221       -1.3473902946
 H         -1.1163847720        2.7414608547        1.1928604220
 H         -0.1734486689        1.5514859675        2.0773191787
 H          1.9056370911        2.7481865677        1.5718182576
 H          1.0387174419        3.8963306875        0.5431557622
 H          0.5696168762        3.4962919414        3.5257098736
 H         -0.2860270032        4.6479917199        2.5013891956
 H          1.8700536555        5.8076398784        2.0043978783
 H          2.7237512550        4.6574220259        3.0337915803
 H          1.5494210730        5.7690199710        3.7386265379
 H          2.8530796750        1.6387669329       -0.0857795570
 H          7.0623275022        2.4230323674        0.1893684624
 H          9.4864045970        2.9129608061        0.1974278620
 H          7.8531602337       -1.7663078911       -0.2004042695
 H         11.6097410488       -3.1625795949        0.7040644264
 H          9.8467969350       -3.1892858454        0.6326959945
 H          9.7540827033       -1.3901764053        2.3496405827
 H         11.5161021317       -1.3460014915        2.4032797547
 H         11.5541380916       -3.7209851390        3.1720130774
 H          9.7913344991       -3.7681664229        3.1145690586
 H         10.6086806276       -2.7124226522        4.2669647528
 H          9.7406153925       -2.6156441589       -1.7550658768
 H         10.5502498533       -1.1829149864       -2.3852528383
 H         11.9912155143       -3.6997473786       -1.4378437829
 H         12.7413139826       -2.2723500319       -2.1653867932
 H         12.4305145458       -4.0524043287       -3.8504558605
 H         10.6965492681       -4.0841623449       -3.5275292119
 H         11.4329503795       -2.6538459145       -4.2505697329
 H         13.6164289429       -1.8252452603       -0.0569863316
 H         14.4701541767        2.3555135756        0.3008843588
 H         12.0512556019        2.8851018606        0.2349083455
 H          3.6056204076       -2.5650924206        0.1049608250
 H          1.1748773241       -3.0321721927        0.0874188072
 H         -1.3656793432       -3.0078357805        0.0470279794
 H         -3.7865557749       -2.4939858357       -0.0006366535
 H         -7.1576043895        2.5503437369       -0.2720277153
 H         -9.5785609856        3.0607414534       -0.3466540869
 H         -7.9948442440       -1.6242878965        0.1142319087
 H        -10.7549506536       -1.6659226264       -1.9755943582
 H         -9.8418748917       -2.7869764812       -0.9760633362
 H        -12.0255006528       -3.8440999986       -0.2556629374
 H        -12.8578107503       -2.7826986826       -1.3996077801
 H        -12.4226662385       -4.9874614206       -2.4189804399
 H        -11.5073340828       -3.7371752281       -3.2617478226
 H        -10.6930974330       -4.8087091608       -2.1220187151
 H        -11.0327183720       -1.1624028084        2.2622987836
 H        -11.9715286284       -2.4680374039        1.5514531819
 H         -8.9529385957       -2.4233896070        1.9509593059
 H         -9.8197465292       -3.7121770670        1.1044224186
 H        -10.2962719442       -2.8704236316        3.9995681728
 H        -11.1490740251       -4.1650728481        3.1593237794
 H         -9.4200740670       -4.3092958397        3.4768843161
 H        -13.7997935588       -1.5547400344        0.1980932171
 H        -14.5481044724        2.6217454405       -0.3582711168
 H        -12.1138234282        3.0835872003       -0.3868193622
 H         -2.9498761222        1.6984936936       -0.0383886620
