  93
 Etot=        -147.8871083144
 N          1.8585032372        6.0192455258       -1.0919545212
 C          1.7815682343        4.8936752360       -0.8727933466
 C          1.6890688992        3.5139052387       -0.5970583953
 C          0.4417086365        2.9203711557       -0.5061562786
 C          0.3374326316        1.5428965323       -0.2361345730
 C         -0.9110055264        0.8840183160       -0.1625741530
 N         -2.0729103917        1.5971557267       -0.2180182970
 C         -3.1899433216        0.9331252572       -0.1130582330
 N         -4.3726629401        1.6426237509       -0.1135075505
 C         -5.6272207492        1.1469712953       -0.4451033961
 C         -5.9989083827       -0.1151021922       -0.8848876157
 C         -7.3383629935       -0.3420010683       -1.1504323259
 C         -8.2876741605        0.6648629678       -1.0039794856
 C         -7.9196767675        1.9338309252       -0.5890037680
 C         -6.5840547393        2.1796134450       -0.3108140397
 C         -5.8684857428        3.3531994089        0.1207853464
 C         -6.2630060838        4.6483161464        0.4189231215
 C         -5.3003250919        5.5572546026        0.8250531444
 C         -3.9655683255        5.1811645138        0.9419527172
 C         -3.5521730856        3.8919231057        0.6536272807
 C         -4.5085531340        2.9825649871        0.2268196931
 N         -3.2881475877       -0.4086361362       -0.0145039207
 C         -2.1083694866       -1.0585529591       -0.0052886159
 N         -2.1437480959       -2.4350919252        0.0494486063
 C         -3.1780983108       -3.2167739132        0.5465957073
 C         -4.3759010023       -2.8373184211        1.1338863943
 C         -5.2368470799       -3.8367233722        1.5533070601
 C         -4.9103717080       -5.1822987801        1.4122029499
 C         -3.7056839245       -5.5667387109        0.8482204828
 C         -2.8312960182       -4.5813261629        0.4161191968
 C         -1.5255176509       -4.6203693330       -0.1916630895
 C         -0.6843179471       -5.6563981483       -0.5682218852
 C          0.5271550242       -5.3437049011       -1.1615009182
 C          0.8940396963       -4.0200563084       -1.3857228671
 C          0.0695211424       -2.9712591105       -1.0157028921
 C         -1.1357196146       -3.2781026317       -0.4016063397
 N         -0.9465083121       -0.4725728864       -0.0386304394
 C          1.5363465244        0.8119727415       -0.0406405420
 C          2.7720484525        1.4055959134       -0.1329606015
 Si         4.3336726365        0.3347708545        0.1010039679
 C          4.6318838698       -0.6600327421       -1.4853548324
 C          5.4540029666       -1.7851670850       -1.4640228453
 C          5.6893243665       -2.5190176853       -2.6126491086
 C          5.1003196240       -2.1415625107       -3.8088520958
 C          4.2768516668       -1.0282442204       -3.8473379020
 C          4.0473666763       -0.2961158350       -2.6954949397
 C          5.7893225227        1.4864440344        0.4844058939
 C          5.6691392715        2.4730541084        1.4607977841
 C          6.7277353268        3.3107782683        1.7622365009
 C          7.9306674977        3.1757953532        1.0878329317
 C          8.0662445935        2.2004785643        0.1139377991
 C          7.0032943535        1.3661020031       -0.1851231627
 C          4.0457953751       -0.8826368829        1.5297604463
 C          3.2489687168       -2.0101784754        1.3417651896
 C          3.0150021735       -2.9007913060        2.3735580870
 C          3.5823549250       -2.6819611104        3.6187318629
 C          4.3874224897       -1.5731248410        3.8204696251
 C          4.6132070309       -0.6824971785        2.7856909394
 C          2.8668198228        2.7665384627       -0.4219373931
 H         -0.4555209685        3.5020377695       -0.6580551271
 H         -5.2640526113       -0.8928719230       -1.0128356457
 H         -7.6477498456       -1.3202840696       -1.4860354734
 H         -9.3226353953        0.4540375217       -1.2265660081
 H         -8.6535713001        2.7176536518       -0.4839396696
 H         -7.2987714749        4.9386998689        0.3360315172
 H         -5.5868201795        6.5705402682        1.0622711768
 H         -3.2353051528        5.9059837287        1.2692657841
 H         -2.5205900397        3.5965340188        0.7560209323
 H         -4.6264168273       -1.7960510647        1.2542109814
 H         -6.1779597216       -3.5624213753        2.0055579509
 H         -5.6046592555       -5.9344031501        1.7549655769
 H         -3.4482120447       -6.6096730079        0.7474809866
 H         -0.9725478776       -6.6831273035       -0.4042304666
 H          1.1949115721       -6.1357620102       -1.4646297315
 H          1.8376866726       -3.8041680691       -1.8640160116
 H          0.3496526093       -1.9464897556       -1.2003700360
 H          1.4399217856       -0.2354471656        0.1980947905
 H          5.9111560293       -2.0859358827       -0.5321317468
 H          6.3314509065       -3.3875070065       -2.5763476587
 H          5.2805846865       -2.7137611943       -4.7074666972
 H          3.8126122383       -0.7300570140       -4.7768564989
 H          3.4017171656        0.5703410012       -2.7324944182
 H          4.7308150846        2.5888818951        1.9856554781
 H          6.6139981823        4.0719596950        2.5211401560
 H          8.7572248413        3.8321169390        1.3186520151
 H          9.0016393528        2.0921900202       -0.4162122450
 H          7.1135329606        0.6111059840       -0.9497704773
 H          2.8119946226       -2.1981420241        0.3715091099
 H          2.3903156541       -3.7670410511        2.2072500113
 H          3.3999300657       -3.3754831097        4.4269516409
 H          4.8396267822       -1.4017514614        4.7869455785
 H          5.2460316233        0.1771696608        2.9506513826
 H          3.8249008273        3.2534229604       -0.5109042307
  93
 Etot=        -147.8872017343
 N          1.8629860121        6.0181327560       -1.0914338034
 C          1.7821486056        4.8936372785       -0.8721535385
 C          1.6880331608        3.5134743907       -0.5968243711
 C          0.4406726559        2.9205173582       -0.5060969017
 C          0.3367343363        1.5434442608       -0.2368091718
 C         -0.9110577453        0.8848416018       -0.1624038002
 N         -2.0739031003        1.5957749290       -0.2152970104
 C         -3.1909217047        0.9331671869       -0.1117537494
 N         -4.3731946882        1.6420756938       -0.1128314107
 C         -5.6269544369        1.1459496699       -0.4443767429
 C         -5.9981577619       -0.1163593607       -0.8839014895
 C         -7.3374529525       -0.3426420246       -1.1491018005
 C         -8.2864144459        0.6642072638       -1.0027174668
 C         -7.9186935085        1.9329954366       -0.5874886163
 C         -6.5834933722        2.1788226793       -0.3099491424
 C         -5.8678508298        3.3523273005        0.1208738541
 C         -6.2617300359        4.6473893389        0.4177696665
 C         -5.2985725180        5.5558812111        0.8235674614
 C         -3.9640432665        5.1796523758        0.9402314939
 C         -3.5506597555        3.8905037607        0.6527844183
 C         -4.5080207786        2.9817380667        0.2270055783
 N         -3.2886494400       -0.4091408753       -0.0139079938
 C         -2.1083886454       -1.0590116233       -0.0058862161
 N         -2.1433900568       -2.4347789198        0.0496263323
 C         -3.1781594306       -3.2160003769        0.5454938055
 C         -4.3766360828       -2.8363117617        1.1309183759
 C         -5.2363985808       -3.8359382001        1.5510247645
 C         -4.9096105568       -5.1812127503        1.4102434099
 C         -3.7048264422       -5.5655494518        0.8473748983
 C         -2.8305288085       -4.5802817026        0.4155694950
 C         -1.5243379852       -4.6188300104       -0.1905653986
 C         -0.6823730440       -5.6538920854       -0.5668985724
 C          0.5299791480       -5.3403349965       -1.1571370595
 C          0.8979202673       -4.0164808753       -1.3781931223
 C          0.0723303995       -2.9684144431       -1.0096266366
 C         -1.1340831865       -3.2766322874       -0.3990294638
 N         -0.9481946642       -0.4715623633       -0.0406761751
 C          1.5335795422        0.8113669695       -0.0422303348
 C          2.7696904189        1.4052816444       -0.1341182206
 Si         4.3302621364        0.3377186144        0.1009265561
 C          4.6315585485       -0.6580441645       -1.4838344265
 C          5.4524362219       -1.7832583234       -1.4620048349
 C          5.6866482578       -2.5181123311       -2.6099838456
 C          5.0978007206       -2.1410647562       -3.8059012912
 C          4.2749216082       -1.0278913405       -3.8444548337
 C          4.0462896673       -0.2953537418       -2.6930555308
 C          5.7891100219        1.4832578792        0.4853885463
 C          5.6692002476        2.4701357350        1.4606998755
 C          6.7271714368        3.3084821729        1.7611779206
 C          7.9296493536        3.1737941502        1.0868104959
 C          8.0647335886        2.1989757130        0.1128311068
 C          7.0022816376        1.3636615042       -0.1844169204
 C          4.0471502233       -0.8838387423        1.5257994056
 C          3.2499902300       -2.0105717791        1.3372588210
 C          3.0146943122       -2.9005380631        2.3688988064
 C          3.5814444550       -2.6820255551        3.6140752720
 C          4.3860445524       -1.5733640852        3.8164074665
 C          4.6128902727       -0.6832974799        2.7817705285
 C          2.8651075328        2.7663051343       -0.4217486461
 H         -0.4562055745        3.5017148251       -0.6578987631
 H         -5.2633346780       -0.8938816449       -1.0151997867
 H         -7.6473801247       -1.3203325034       -1.4858329544
 H         -9.3214447212        0.4537281656       -1.2261166228
 H         -8.6526562157        2.7172702947       -0.4831479705
 H         -7.2977615468        4.9379833011        0.3346168292
 H         -5.5852811556        6.5691684119        1.0612524529
 H         -3.2343372418        5.9047687186        1.2675492040
 H         -2.5193192628        3.5948125542        0.7563779682
 H         -4.6268885009       -1.7951125391        1.2537770265
 H         -6.1773084759       -3.5624907534        2.0041140708
 H         -5.6036256277       -5.9335998837        1.7534546143
 H         -3.4468544260       -6.6087429042        0.7474554177
 H         -0.9712851448       -6.6811592428       -0.4054889804
 H          1.1972384749       -6.1324555990       -1.4619611822
 H          1.8418028704       -3.8001985500       -1.8569760368
 H          0.3509029327       -1.9437407379       -1.1965474866
 H          1.4368210620       -0.2351224542        0.2004081148
 H          5.9093253351       -2.0845106219       -0.5298276069
 H          6.3291496095       -3.3864058629       -2.5738885717
 H          5.2788681720       -2.7131714828       -4.7043163867
 H          3.8113548853       -0.7301276705       -4.7740981068
 H          3.4013183276        0.5711106337       -2.7295990421
 H          4.7310014946        2.5860963530        1.9850538086
 H          6.6140336796        4.0698959808        2.5196747196
 H          8.7566387881        3.8292250728        1.3180478328
 H          8.9999383653        2.0914775428       -0.4177995264
 H          7.1119552593        0.6087779487       -0.9494992456
 H          2.8148819380       -2.1996649420        0.3662113564
 H          2.3890809505       -3.7658475548        2.2018405157
 H          3.3986862592       -3.3749486242        4.4225597685
 H          4.8368201071       -1.4014703939        4.7835099275
 H          5.2441297274        0.1776695519        2.9476683663
 H          3.8235938888        3.2526959573       -0.5088582558
  93
 Etot=        -147.8872621130
 N          1.8688199576        6.0186963237       -1.0905062449
 C          1.7848725451        4.8944590739       -0.8715068746
 C          1.6869850427        3.5139267056       -0.5962000424
 C          0.4393834367        2.9219119765       -0.5063658470
 C          0.3362266779        1.5450920412       -0.2373544654
 C         -0.9108620288        0.8867986554       -0.1622559829
 N         -2.0752900879        1.5942151080       -0.2114063000
 C         -3.1923937459        0.9332287709       -0.1103470023
 N         -4.3741309342        1.6409998471       -0.1120145528
 C         -5.6269156533        1.1442783237       -0.4433792038
 C         -5.9973194216       -0.1180101078       -0.8835431073
 C         -7.3366341190       -0.3437490105       -1.1480449975
 C         -8.2854391259        0.6628749559       -1.0009307126
 C         -7.9180267833        1.9316472403       -0.5856431520
 C         -6.5831535531        2.1774969431       -0.3086071573
 C         -5.8672740459        3.3509602960        0.1213502591
 C         -6.2600292666        4.6463754105        0.4164246920
 C         -5.2958604522        5.5542840304        0.8211890130
 C         -3.9616648442        5.1774911876        0.9378256551
 C         -3.5487260130        3.8880260854        0.6520549160
 C         -4.5075481476        2.9802222541        0.2276445778
 N         -3.2894461161       -0.4098855270       -0.0126267305
 C         -2.1081518233       -1.0592724337       -0.0056696883
 N         -2.1424680545       -2.4338807842        0.0506420126
 C         -3.1780251767       -3.2148734907        0.5439864990
 C         -4.3772718359       -2.8351193585        1.1275085684
 C         -5.2360698073       -3.8352629861        1.5473975513
 C         -4.9085430980       -5.1802425752        1.4069468784
 C         -3.7032958096       -5.5642285226        0.8455847966
 C         -2.8291484312       -4.5788138570        0.4141963921
 C         -1.5216661312       -4.6163609282       -0.1885349518
 C         -0.6779136176       -5.6498890859       -0.5644549952
 C          0.5361981064       -5.3345558976       -1.1495321405
 C          0.9050460270       -4.0102232244       -1.3662313086
 C          0.0771039413       -2.9634230310       -1.0002458271
 C         -1.1312558439       -3.2740094882       -0.3950489119
 N         -0.9502542129       -0.4694077111       -0.0434615050
 C          1.5305985683        0.8116873087       -0.0421581285
 C          2.7675664105        1.4054066320       -0.1339186952
 Si         4.3264769702        0.3409297147        0.1004517893
 C          4.6291665408       -0.6558380461       -1.4824645599
 C          5.4489331719       -1.7809116971       -1.4591447502
 C          5.6824678927       -2.5169517959       -2.6062611097
 C          5.0937346842       -2.1406123715       -3.8022409278
 C          4.2714607572       -1.0273587155       -3.8417408978
 C          4.0437421044       -0.2939332362       -2.6910667668
 C          5.7878431484        1.4808278206        0.4849907830
 C          5.6691208356        2.4671970223        1.4604615912
 C          6.7272919992        3.3048633586        1.7607252884
 C          7.9291379352        3.1698846592        1.0857965965
 C          8.0631505226        2.1954384803        0.1114636904
 C          7.0003291244        1.3605871423       -0.1847286798
 C          4.0458508721       -0.8842281451        1.5208400722
 C          3.2510316176       -2.0116732183        1.3295247864
 C          3.0141939461       -2.9019017914        2.3602766927
 C          3.5787792649       -2.6836302961        3.6062624347
 C          4.3825955416       -1.5749577471        3.8104888369
 C          4.6095702089       -0.6839127302        2.7770722808
 C          2.8630742757        2.7666028559       -0.4208325057
 H         -0.4573420850        3.5024881099       -0.6582052296
 H         -5.2628801827       -0.8957250269       -1.0168893240
 H         -7.6474487695       -1.3211169891       -1.4848987849
 H         -9.3206389546        0.4524305587       -1.2241636657
 H         -8.6521401323        2.7161460599       -0.4814354248
 H         -7.2960827250        4.9376317303        0.3324624693
 H         -5.5822866135        6.5679586855        1.0580615195
 H         -3.2322540285        5.9032720369        1.2639676810
 H         -2.5176573945        3.5918494743        0.7563996628
 H         -4.6286213248       -1.7941553328        1.2508939739
 H         -6.1776371176       -3.5631067838        1.9998930022
 H         -5.6022844179       -5.9330315750        1.7502295526
 H         -3.4443245133       -6.6075588180        0.7469443894
 H         -0.9674097969       -6.6778968610       -0.4070006648
 H          1.2044456105       -6.1262317283       -1.4539297941
 H          1.8517016165       -3.7928966026       -1.8400101256
 H          0.3550960657       -1.9385176686       -1.1861340364
 H          1.4337764821       -0.2346117819        0.2009929096
 H          5.9060228146       -2.0817043060       -0.5265908693
 H          6.3241069227       -3.3859187813       -2.5695903092
 H          5.2743925070       -2.7141114030       -4.6997390333
 H          3.8077320774       -0.7311091920       -4.7715121864
 H          3.3993067381        0.5725938127       -2.7270616400
 H          4.7312966882        2.5830466405        1.9850658256
 H          6.6152759425        4.0667842036        2.5186862101
 H          8.7564592184        3.8250401066        1.3160888438
 H          8.9978426282        2.0887351558       -0.4202088744
 H          7.1092640841        0.6047243891       -0.9492615824
 H          2.8181970202       -2.2010139722        0.3573421012
 H          2.3879317635       -3.7662889680        2.1912473545
 H          3.3953391813       -3.3762204196        4.4147078357
 H          4.8322186138       -1.4034930887        4.7782302848
 H          5.2410924342        0.1769973941        2.9436391943
 H          3.8221568792        3.2519074792       -0.5066239117
  93
 Etot=        -147.8873001655
 N          1.8780047306        6.0207269522       -1.0903563649
 C          1.7861754546        4.8972449334       -0.8705891193
 C          1.6858090906        3.5165471071       -0.5958684367
 C          0.4380343160        2.9250015379       -0.5067126132
 C          0.3359414185        1.5480535891       -0.2373741831
 C         -0.9106659496        0.8896374080       -0.1621063616
 N         -2.0765252332        1.5939491981       -0.2085598193
 C         -3.1936205523        0.9332840949       -0.1097077390
 N         -4.3752326477        1.6398100253       -0.1117495347
 C         -5.6276981822        1.1427147191       -0.4423947256
 C         -5.9976110665       -0.1193938763       -0.8832749735
 C         -7.3371165392       -0.3450925631       -1.1471221535
 C         -8.2860320491        0.6612639108       -0.9989638173
 C         -7.9187502623        1.9302067255       -0.5838593599
 C         -6.5837917074        2.1762039915       -0.3072641183
 C         -5.8675356697        3.3498095052        0.1219380963
 C         -6.2589945633        4.6460672194        0.4152250301
 C         -5.2936215410        5.5536521736        0.8181584313
 C         -3.9597131960        5.1760394350        0.9350800668
 C         -3.5478400468        3.8857876913        0.6513263958
 C         -4.5078477480        2.9787654764        0.2281118588
 N         -3.2900412385       -0.4103504387       -0.0112069622
 C         -2.1075061485       -1.0586133818       -0.0044416996
 N         -2.1408240096       -2.4324017988        0.0527033736
 C         -3.1775382190       -3.2140778618        0.5423456152
 C         -4.3778678394       -2.8349356243        1.1239532689
 C         -5.2364471039       -3.8357860301        1.5425687040
 C         -4.9074455828       -5.1805418338        1.4029551999
 C         -3.7011659836       -5.5637450938        0.8433061364
 C         -2.8271555553       -4.5777070830        0.4126433352
 C         -1.5178452078       -4.6139957889       -0.1861945113
 C         -0.6716210487       -5.6460559893       -0.5610815467
 C          0.5452850395       -5.3286336879       -1.1392303501
 C          0.9147963313       -4.0036962148       -1.3511455992
 C          0.0836408765       -2.9582955546       -0.9885251699
 C         -1.1273491577       -3.2711958344       -0.3898320264
 N         -0.9511914029       -0.4665408956       -0.0454152598
 C          1.5293072758        0.8141378322       -0.0416659090
 C          2.7668201266        1.4075103778       -0.1331151230
 Si         4.3242222269        0.3430812952        0.0994805192
 C          4.6256973408       -0.6538305592       -1.4827483101
 C          5.4446387684       -1.7792082465       -1.4575537301
 C          5.6769468030       -2.5171515057       -2.6036436378
 C          5.0877305046       -2.1418987004       -3.7998512164
 C          4.2662586239       -1.0279819235       -3.8410057489
 C          4.0397115764       -0.2928079434       -2.6912921771
 C          5.7868033966        1.4799121602        0.4843017240
 C          5.6696308316        2.4658774230        1.4605388304
 C          6.7289232140        3.3019547632        1.7608024436
 C          7.9301127361        3.1659312510        1.0846747876
 C          8.0628362154        2.1912026308        0.1102667138
 C          6.9989656235        1.3576710321       -0.1854728927
 C          4.0432158073       -0.8844972007        1.5167364082
 C          3.2503196967       -2.0125439697        1.3217193510
 C          3.0126153877       -2.9047273673        2.3506111732
 C          3.5746442589       -2.6875027418        3.5979202886
 C          4.3779507061       -1.5789047379        3.8052094519
 C          4.6056806523       -0.6859789488        2.7736347545
 C          2.8614308538        2.7689837906       -0.4198881333
 H         -0.4590188964        3.5048202800       -0.6591265474
 H         -5.2634516175       -0.8971776270       -1.0172844925
 H         -7.6483103749       -1.3222137879       -1.4844450798
 H         -9.3213186989        0.4505690606       -1.2214462098
 H         -8.6529772279        2.7145289685       -0.4792665589
 H         -7.2947233667        4.9382187949        0.3307736587
 H         -5.5791519685        6.5679266327        1.0534061873
 H         -3.2299796048        5.9021107866        1.2599857028
 H         -2.5171013588        3.5887655460        0.7562113142
 H         -4.6305153151       -1.7943130176        1.2469608369
 H         -6.1788649693       -3.5647348297        1.9940429082
 H         -5.6009665856       -5.9337513723        1.7457120395
 H         -3.4412104193       -6.6068885277        0.7453055321
 H         -0.9610027385       -6.6746307643       -0.4071015200
 H          1.2154198481       -6.1193249297       -1.4419837942
 H          1.8640603054       -3.7850071321       -1.8191442884
 H          0.3612780201       -1.9328927765       -1.1719479426
 H          1.4329780488       -0.2321361732        0.2014704858
 H          5.9014978572       -2.0790548985       -0.5245312833
 H          6.3178489478       -3.3866057762       -2.5660683834
 H          5.2679458223       -2.7168987757       -4.6964310257
 H          3.8027780850       -0.7327810122       -4.7712225202
 H          3.3962793006        0.5745221647       -2.7273726855
 H          4.7319878484        2.5823147233        1.9854620475
 H          6.6187984293        4.0632525762        2.5196653127
 H          8.7584154632        3.8199292262        1.3145884613
 H          8.9973313024        2.0835137283       -0.4214997884
 H          7.1061588258        0.6019735110       -0.9505260969
 H          2.8207483755       -2.2013613875        0.3479968174
 H          2.3884249402       -3.7699734410        2.1781767415
 H          3.3904605174       -3.3809761881        4.4054007270
 H          4.8259736526       -1.4085696354        4.7738547830
 H          5.2343337982        0.1766009261        2.9425854584
 H          3.8209405005        3.2534992251       -0.5049641472
