  45
 Etot=         -74.2436431389
 O         -4.0024946350        1.1127706396        2.0801894934
 S         -3.5784660320        1.2330981507        0.6950383523
 O         -3.9414854066        2.4567914989       -0.0001115230
 C         -4.2190232499       -0.1602987661       -0.2193744522
 C         -4.4697121508       -1.3519718374        0.4447163201
 C         -4.8632287429       -2.4616250445       -0.2796867478
 C         -4.9926614881       -2.3803180126       -1.6602625202
 C         -4.7345270734       -1.1836869119       -2.3171514984
 C         -4.3410999241       -0.0706569417       -1.5981366894
 C         -1.8394300011        0.9990440633        0.5935659766
 C         -1.1985076652        0.1295345025        1.5005073403
 C          0.1173794602       -0.1836419396        1.3385718223
 C          0.8634052597        0.3740492152        0.2580523876
 N          2.1961465232        0.0738237835        0.1008077273
 C          2.7597563587       -1.1818723522        0.2332662963
 C          2.1436008247       -2.4049265820        0.4607654140
 C          2.9451891906       -3.5372868907        0.5260675751
 C          4.3274179459       -3.4485281286        0.3527392885
 C          4.9486611669       -2.2364197666        0.0846679762
 C          4.1673639785       -1.0905791985        0.0059471217
 C          4.4445795241        0.2812777900       -0.2884290810
 C          5.6027037580        0.9871269318       -0.5879649557
 C          5.5163531906        2.3600094929       -0.7741818525
 C          4.3021832638        3.0376751614       -0.6518325643
 C          3.1289808452        2.3530976277       -0.3619348410
 C          3.1975651502        0.9747359079       -0.2119421786
 C          0.2030797818        1.2514613462       -0.6517580954
 C         -1.1207866137        1.5332342876       -0.4961086505
 H         -4.3720209024       -1.3765065281        1.5189839534
 H         -5.0717735835       -3.3902773455        0.2303127875
 H         -5.2986941293       -3.2484110620       -2.2240790816
 H         -4.8427456154       -1.1205909402       -3.3896249152
 H         -4.1453453081        0.8769194288       -2.0755473923
 H         -1.7727368363       -0.2399707227        2.3350766071
 H          0.6338905763       -0.7856278951        2.0701990085
 H          1.0723881747       -2.4828079052        0.5603733923
 H          2.4904705349       -4.4992420987        0.7017775175
 H          4.9225784010       -4.3476076096        0.4113123319
 H          6.0155283797       -2.1850521467       -0.0664632165
 H          6.5509316167        0.4787121679       -0.6659561400
 H          6.4100847587        2.9215658253       -1.0019242326
 H          4.2747383052        4.1091088576       -0.7718704751
 H          2.1997565680        2.8856067365       -0.2340897413
 H          0.7474166604        1.6209214821       -1.5069896380
 H         -1.6505961836        2.1740470838       -1.1828018685
  45
 Etot=         -74.2438985164
 O         -4.0041556666        1.1164469774        2.0814117901
 S         -3.5821335793        1.2395677803        0.6992449011
 O         -3.9426423871        2.4598632034        0.0034739182
 C         -4.2105157478       -0.1609404663       -0.2197152372
 C         -4.4625372112       -1.3511443943        0.4441707092
 C         -4.8606607259       -2.4597639314       -0.2797494176
 C         -4.9911920369       -2.3781080195       -1.6593478793
 C         -4.7326481195       -1.1823517067       -2.3158784343
 C         -4.3343835524       -0.0705686491       -1.5971354624
 C         -1.8418306484        0.9935327361        0.5901568074
 C         -1.2016397515        0.1236742048        1.4957337769
 C          0.1153283349       -0.1865295730        1.3362003097
 C          0.8619236470        0.3733270579        0.2578862181
 N          2.1942988077        0.0739768853        0.1008919733
 C          2.7586460755       -1.1818387280        0.2342574593
 C          2.1434800359       -2.4038582726        0.4615959852
 C          2.9453805382       -3.5369011165        0.5262226140
 C          4.3276445946       -3.4474214400        0.3532874989
 C          4.9484396812       -2.2360797420        0.0861419771
 C          4.1664489215       -1.0892838130        0.0065391680
 C          4.4428822082        0.2806066787       -0.2888246789
 C          5.6017912503        0.9872883384       -0.5889551736
 C          5.5153358602        2.3593222889       -0.7744997238
 C          4.3014563623        3.0372774802       -0.6515692274
 C          3.1275168989        2.3521269876       -0.3625935623
 C          3.1960112765        0.9750519551       -0.2129394373
 C          0.2018816786        1.2503080625       -0.6515759253
 C         -1.1234817906        1.5270425004       -0.4985562133
 H         -4.3670140214       -1.3756739661        1.5182790716
 H         -5.0713360735       -3.3881511270        0.2299287236
 H         -5.2988234418       -3.2458390779       -2.2230962287
 H         -4.8435086799       -1.1190176695       -3.3880938494
 H         -4.1412501432        0.8770766553       -2.0747184911
 H         -1.7741846993       -0.2430107983        2.3322650014
 H          0.6339636758       -0.7859647325        2.0688034387
 H          1.0718925524       -2.4820808044        0.5607093445
 H          2.4908122303       -4.4988090662        0.7014915714
 H          4.9228562765       -4.3462599241        0.4123382971
 H          6.0153731050       -2.1841163792       -0.0647490247
 H          6.5498448782        0.4784273131       -0.6673586998
 H          6.4088866508        2.9207565840       -1.0026256289
 H          4.2740561933        4.1084958315       -0.7713686281
 H          2.1980955491        2.8846588489       -0.2341770965
 H          0.7487194967        1.6224514697       -1.5044250489
 H         -1.6522138476        2.1691389129       -1.1843611471
  45
 Etot=         -74.2440644076
 O         -4.0059884270        1.1215476456        2.0837171798
 S         -3.5875334869        1.2505441861        0.7067662786
 O         -3.9433444619        2.4647379351        0.0093264399
 C         -4.1989232241       -0.1601836641       -0.2193475828
 C         -4.4523580228       -1.3485848668        0.4449832743
 C         -4.8536618456       -2.4565827786       -0.2788665981
 C         -4.9866142235       -2.3736780000       -1.6576380461
 C         -4.7272197358       -1.1786793490       -2.3141090014
 C         -4.3256724078       -0.0676393909       -1.5952491349
 C         -1.8453872171        0.9840870294        0.5845714479
 C         -1.2069447213        0.1146090997        1.4894665789
 C          0.1119623865       -0.1906820490        1.3333588427
 C          0.8595367277        0.3722701888        0.2580854799
 N          2.1913207892        0.0741110614        0.1008584487
 C          2.7565982640       -1.1820987738        0.2356654747
 C          2.1425539645       -2.4030182305        0.4627481806
 C          2.9449592395       -3.5369547140        0.5276272885
 C          4.3273632957       -3.4457557205        0.3554491546
 C          4.9476444968       -2.2353135902        0.0889463288
 C          4.1648415679       -1.0871400373        0.0072451942
 C          4.4399352438        0.2794812802       -0.2901170922
 C          5.5996707875        0.9877475358       -0.5912805318
 C          5.5128122487        2.3588331799       -0.7759947593
 C          4.2995495348        3.0376626680       -0.6518512244
 C          3.1248737319        2.3514150474       -0.3635248634
 C          3.1933603894        0.9757155392       -0.2150650140
 C          0.1998583183        1.2482672463       -0.6516196308
 C         -1.1278502328        1.5178705382       -0.5021686388
 H         -4.3557091690       -1.3749605729        1.5187233408
 H         -5.0673358788       -3.3844936304        0.2304640132
 H         -5.3000632676       -3.2398220038       -2.2209967383
 H         -4.8415862249       -1.1146663640       -3.3859307174
 H         -4.1301484498        0.8785216114       -2.0743621343
 H         -1.7795265373       -0.2559248987        2.3240655548
 H          0.6327023952       -0.7891505855        2.0655049988
 H          1.0706341923       -2.4822769560        0.5611497971
 H          2.4905762108       -4.4988584641        0.7018231490
 H          4.9226646526       -4.3445021189        0.4145978234
 H          6.0147689213       -2.1816364940       -0.0602862187
 H          6.5471712704        0.4778561234       -0.6702308982
 H          6.4062177198        2.9203988609       -1.0042415326
 H          4.2721287215        4.1087428021       -0.7704005302
 H          2.1953990901        2.8842613900       -0.2349111255
 H          0.7497035575        1.6235407931       -1.5013671099
 H         -1.6561255275        2.1570868459       -1.1908688068
  45
 Etot=         -74.2440762410
 O         -4.0046180463        1.1210700714        2.0848035431
 S         -3.5871752458        1.2520631905        0.7081834644
 O         -3.9413084018        2.4657725467        0.0099189174
 C         -4.1995264836       -0.1580207472       -0.2183855223
 C         -4.4512082029       -1.3470845236        0.4460125965
 C         -4.8508133194       -2.4553288149       -0.2782660700
 C         -4.9850128502       -2.3716119219       -1.6571967052
 C         -4.7244760841       -1.1765722734       -2.3138291526
 C         -4.3242803615       -0.0652794541       -1.5946955157
 C         -1.8455344116        0.9822438738        0.5837968187
 C         -1.2083473988        0.1115278216        1.4883316213
 C          0.1108231669       -0.1930715391        1.3323150999
 C          0.8588098313        0.3714458338        0.2581044735
 N          2.1907717006        0.0737444734        0.1008285248
 C          2.7561272028       -1.1823748232        0.2357643715
 C          2.1419606353       -2.4035853618        0.4628245420
 C          2.9444830918       -3.5372925287        0.5285625580
 C          4.3269360459       -3.4456450870        0.3568759121
 C          4.9472174571       -2.2350510920        0.0901150451
 C          4.1644510730       -1.0870420028        0.0074124111
 C          4.4391972716        0.2795086000       -0.2906617950
 C          5.5985473241        0.9881283894       -0.5922117221
 C          5.5114042504        2.3593452523       -0.7768007214
 C          4.2981615618        3.0381607890       -0.6523096504
 C          3.1237528569        2.3516070793       -0.3637558393
 C          3.1925394831        0.9756430815       -0.2155950557
 C          0.1989750230        1.2461350898       -0.6528914262
 C         -1.1287431352        1.5159194709       -0.5032975744
 H         -4.3536831880       -1.3742434445        1.5197705325
 H         -5.0619998870       -3.3839077733        0.2307530483
 H         -5.2971335583       -3.2379330261       -2.2208262806
 H         -4.8376209278       -1.1125090179       -3.3857158459
 H         -4.1304033922        0.8813396505       -2.0738336476
 H         -1.7813128239       -0.2610093313        2.3219261709
 H          0.6311090763       -0.7919924925        2.0642199353
 H          1.0701575125       -2.4834035562        0.5606985120
 H          2.4901944783       -4.4991945216        0.7030616819
 H          4.9224605259       -4.3443261312        0.4168389193
 H          6.0143849902       -2.1808274778       -0.0583752520
 H          6.5458942432        0.4780966100       -0.6714796060
 H          6.4046833802        2.9211016538       -1.0055873362
 H          4.2704684110        4.1093068881       -0.7706240164
 H          2.1944505057        2.8846219261       -0.2353503604
 H          0.7484964674        1.6215714454       -1.5025013345
 H         -1.6564451924        2.1556585595       -1.1922119304
