  74
 Etot=        -116.0749192611
 C         -7.2454275474        2.5129607098        0.6568452400
 C         -6.4172881295        1.8612038298       -0.4656139163
 C         -7.0043222940        2.2246812821       -1.8416606754
 C         -6.4721429483        0.3545115088       -0.2992947446
 C         -7.6983431744       -0.2942924977       -0.3575773658
 C         -7.8092918836       -1.6667362613       -0.2363766315
 C         -6.6651883578       -2.4248696641       -0.0655846495
 C         -5.4344015753       -1.8061957381       -0.0024291889
 C         -5.3228518535       -0.4164785095       -0.1009924223
 N         -4.0707652074        0.1793767177       -0.0260200642
 C         -2.9333962037       -0.6367135052        0.2020108829
 C         -2.6855073747       -1.1403914428        1.4756196333
 C         -1.5760361085       -1.9373360783        1.6953687089
 C         -0.7270648054       -2.2232611707        0.6443509063
 S          0.7362285235       -3.2339897201        0.9207335528
 O          0.7263964569       -3.6682476826        2.2931486677
 O          0.7999736207       -4.2348385214       -0.1118460812
 C          2.0671526391       -2.0632915407        0.6741804505
 C          2.2590965005       -1.0808868282        1.6396439859
 C          3.2567451392       -0.1383846545        1.4942102329
 C          4.0566087546       -0.2105539116        0.3579693340
 C          3.8371846383       -1.1966499306       -0.6385272639
 C          2.8287141823       -2.1348916465       -0.4714431527
 C          4.8047274470       -0.9549079077       -1.6706184476
 C          5.0960959422       -1.5860406670       -2.8735875040
 C          6.1373842002       -1.0989347016       -3.6369968094
 C          6.8916123041       -0.0075459205       -3.2093889090
 C          6.6203793773        0.6361843228       -2.0174150232
 C          5.5610004132        0.1644994185       -1.2554538642
 N          5.0948631764        0.6015664142       -0.0294416577
 C          5.6202869571        1.6753642924        0.7098514919
 C          5.9939963225        1.4906810445        2.0371240925
 C          6.5115391393        2.5495967129        2.7602448837
 C          6.6680956798        3.7908473899        2.1659122187
 C          6.2999580353        3.9737544974        0.8433586501
 C          5.7726782714        2.9233203005        0.1145711559
 C         -0.9603438137       -1.7277925660       -0.6247109386
 C         -2.0693419642       -0.9331645324       -0.8495163257
 C         -3.9012342342        1.5493561049       -0.1610163796
 C         -2.6229943711        2.1039161768       -0.0469554544
 C         -2.4235291898        3.4616643786       -0.1830739336
 C         -3.4996554621        4.2948776167       -0.4282891503
 C         -4.7674599511        3.7511900068       -0.5186709823
 C         -4.9974477466        2.3886777999       -0.3851963212
 H         -7.2471125349        3.5951298669        0.5603642353
 H         -8.2749814385        2.1671345354        0.6299762432
 H         -6.8218992899        2.2554379782        1.6258602139
 H         -6.4162768906        1.7576475595       -2.6295077051
 H         -6.9934734283        3.2998832898       -1.9970999871
 H         -8.0304955730        1.8792526173       -1.9297659771
 H         -8.5980313983        0.2841535452       -0.5034820786
 H         -8.7788128897       -2.1384456158       -0.2835874754
 H         -6.7263678050       -3.4996210768        0.0159587767
 H         -4.5460658144       -2.4066541607        0.1190500496
 H         -3.3677476693       -0.9073732572        2.2794101006
 H         -1.3556255491       -2.3512648570        2.6669208628
 H          1.6207368386       -1.0843000388        2.5088983434
 H          3.4066958845        0.6318149311        2.2348918892
 H          2.6357103880       -2.9136791059       -1.1916350414
 H          4.5211678036       -2.4410358698       -3.1940625547
 H          6.3818367168       -1.5725709364       -4.5757403456
 H          7.7099080871        0.3404224080       -3.8220050003
 H          7.2209448195        1.4697102169       -1.6863361300
 H          5.8897632218        0.5155610526        2.4888928418
 H          6.8016138988        2.4020058476        3.7897260401
 H          7.0768095815        4.6137821930        2.7322378748
 H          6.4173780142        4.9409406097        0.3778674861
 H          5.4663603707        3.0654233212       -0.9110412218
 H         -0.2819579578       -1.9831726790       -1.4235471641
 H         -2.2766727503       -0.5365424479       -1.8321090468
 H         -1.7785799280        1.4628293174        0.1560552139
 H         -1.4260348504        3.8656232491       -0.0935865998
 H         -3.3566702655        5.3588187382       -0.5396298338
 H         -5.6003104493        4.4145178065       -0.6963112474
  74
 Etot=        -116.0749198150
 C         -7.2456917920        2.5134471699        0.6566537180
 C         -6.4171595610        1.8613644588       -0.4653283753
 C         -7.0036621986        2.2244257804       -1.8417118415
 C         -6.4720247154        0.3547044897       -0.2987947292
 C         -7.6982361380       -0.2940929014       -0.3570167039
 C         -7.8091766293       -1.6665422381       -0.2359590612
 C         -6.6650673705       -2.4247022599       -0.0653363297
 C         -5.4342834265       -1.8060266707       -0.0021271853
 C         -5.3227356160       -0.4163115440       -0.1006303202
 N         -4.0706482378        0.1795077518       -0.0257716363
 C         -2.9332920430       -0.6366867469        0.2018865280
 C         -2.6850839615       -1.1403949146        1.4754077738
 C         -1.5757001603       -1.9375603227        1.6947697046
 C         -0.7271243996       -2.2236892105        0.6435087970
 S          0.7360814475       -3.2344038471        0.9200512267
 O          0.7257185226       -3.6686782178        2.2925200264
 O          0.8001837792       -4.2350772595       -0.1128018841
 C          2.0671858542       -2.0638825434        0.6741565332
 C          2.2591131934       -1.0816957647        1.6398529307
 C          3.2567705273       -0.1391551877        1.4946389422
 C          4.0567104723       -0.2110993358        0.3584450456
 C          3.8374002990       -1.1970810544       -0.6381836765
 C          2.8288977987       -2.1353152639       -0.4713497211
 C          4.8049464532       -0.9551452891       -1.6702033438
 C          5.0962875609       -1.5860141020       -2.8732978256
 C          6.1372980105       -1.0985053861       -3.6368126619
 C          6.8913470678       -0.0070333867       -3.2091451993
 C          6.6202236324        0.6363507727       -2.0169713740
 C          5.5610416444        0.1643231275       -1.2549569738
 N          5.0948654760        0.6011942603       -0.0289159194
 C          5.6200290853        1.6752596846        0.7101266002
 C          5.9934447131        1.4911537790        2.0375441325
 C          6.5109648563        2.5503877227        2.7602099408
 C          6.6678490189        3.7913082589        2.1652906773
 C          6.2999450780        3.9736386101        0.8426024044
 C          5.7726097495        2.9229129813        0.1143013266
 C         -0.9607337315       -1.7281949836       -0.6255014626
 C         -2.0696501300       -0.9333321948       -0.8499194625
 C         -3.9011188571        1.5494811474       -0.1607193131
 C         -2.6228440272        2.1039805942       -0.0469514897
 C         -2.4233657510        3.4617065414       -0.1831558693
 C         -3.4994984245        4.2949676441       -0.4281507381
 C         -4.7673457750        3.7513406458       -0.5182207507
 C         -4.9973399890        2.3888392627       -0.3846885722
 H         -7.2473502692        3.5955948610        0.5599036564
 H         -8.2752447927        2.1676409174        0.6293899353
 H         -6.8226240279        2.2561434772        1.6259189091
 H         -6.4153241178        1.7570923484       -2.6291721011
 H         -6.9926639507        3.2995699158       -1.9975028324
 H         -8.0298236597        1.8789979620       -1.9301144134
 H         -8.5979120002        0.2843833515       -0.5028719902
 H         -8.7786852209       -2.1382716243       -0.2833334986
 H         -6.7262221899       -3.4994577025        0.0160895315
 H         -4.5459608495       -2.4064959511        0.1193673673
 H         -3.3669583973       -0.9071497375        2.2794396667
 H         -1.3549822381       -2.3515136746        2.6662374968
 H          1.6207066726       -1.0852456030        2.5090639696
 H          3.4066353805        0.6309138574        2.2354582720
 H          2.6359279800       -2.9139561572       -1.1917055533
 H          4.5214209515       -2.4410019645       -3.1938706825
 H          6.3815555935       -1.5717692159       -4.5757797460
 H          7.7093820230        0.3413207287       -3.8218831852
 H          7.2207072130        1.4698901234       -1.6858189750
 H          5.8891403037        0.5162595504        2.4897468913
 H          6.8006735363        2.4032996517        3.7898448666
 H          7.0763490077        4.6145303376        2.7313306703
 H          6.4173020053        4.9406412638        0.3767360845
 H          5.4663085388        3.0646023993       -0.9113594149
 H         -0.2827397879       -1.9837423982       -1.4246054703
 H         -2.2772863509       -0.5367542115       -1.8324621729
 H         -1.7784084456        1.4628358471        0.1557644434
 H         -1.4258268575        3.8656095575       -0.0940447972
 H         -3.3565145204        5.3589039050       -0.5394616757
 H         -5.6002201679        4.4147180915       -0.6955401466
