  78
 Etot=        -128.3799448263
 C         10.0291552271        2.6574671921        2.5227342765
 C          8.6561799248        2.5359655003        2.5954495050
 C          7.9849026636        1.6504736602        1.7654310688
 C          8.6766897693        0.8776340138        0.8405786555
 C         10.0730519652        0.9887796723        0.7944597229
 C         10.7376825331        1.8732400641        1.6231883951
 O         10.8469174203        0.2266676118       -0.0513271686
 C         10.1952872155       -0.6655586938       -0.8721380104
 C         10.9803247419       -1.4216659275       -1.7223903812
 C         10.3949070126       -2.3238331422       -2.5997359503
 C          9.0207547702       -2.4500317650       -2.6276249905
 C          8.2292067658       -1.6944379113       -1.7755166649
 C          8.8007455556       -0.8062751588       -0.8722777951
 N          8.0324175497       -0.0280976960       -0.0044225981
 C          6.6251110826       -0.1555777181        0.0174771408
 C          6.0365591970       -1.3417808264        0.4458770737
 C          4.6622217480       -1.4728408216        0.4610743062
 C          3.8428915055       -0.4218044648        0.0479054252
 C          2.3782039209       -0.5189996746        0.0455894032
 C          1.7124905400       -1.7721747582        0.0205705092
 C          0.3481304190       -1.8152186027        0.0222447886
 C         -0.3767891780       -0.6019343625        0.0411576760
 N         -1.7179470739       -0.6185061645        0.0461752083
 C         -2.3783681840        0.5212625039        0.0447476521
 C         -3.8430406252        0.4236025953        0.0465339942
 C         -4.6632005286        1.4751437739        0.4567811098
 C         -6.0374609509        1.3431900634        0.4413979704
 C         -6.6251287934        0.1555062889        0.0159311236
 N         -8.0323707560        0.0268588862       -0.0055546049
 C         -8.6760077014       -0.8756571840        0.8433411017
 C         -7.9835049285       -1.6453251396        1.7702982397
 C         -8.6542087061       -2.5274584542        2.6043486586
 C        -10.0272958069       -2.6487775292        2.5334997783
 C        -10.7364852180       -1.8677878413        1.6316566311
 C        -10.0724354312       -0.9867018968        0.7988861340
 O        -10.8469155458       -0.2278006159       -0.0492378415
 C        -10.1958543491        0.6611911589       -0.8740099057
 C        -10.9814335193        1.4141801678       -1.7265168854
 C        -10.3965509417        2.3129841772       -2.6076736402
 C         -9.0224091034        2.4389975832       -2.6370082983
 C         -8.2303125852        1.6865048194       -1.7826694104
 C         -8.8013065227        0.8017833106       -0.8757261536
 C         -5.8147925866       -0.9044716581       -0.3838176885
 C         -4.4430285255       -0.7689376628       -0.3652929444
 C         -1.7126459558        1.7744461197        0.0206312264
 C         -0.3482669840        1.8175211836        0.0230842289
 C          0.3767358648        0.6042859855        0.0416809025
 N          1.7179264318        0.6208370951        0.0472904226
 C          4.4436883482        0.7694163760       -0.3664858749
 C          5.8155567983        0.9039750100       -0.3850298389
 H         10.5568456801        3.3464140061        3.1634145073
 H          8.0922751857        3.1265424354        3.3011696371
 H          6.9132858539        1.5546818415        1.8417569439
 H         11.8126580261        1.9307129067        1.5518835493
 H         12.0499831951       -1.2856844069       -1.6863420470
 H         11.0162809685       -2.9107127154       -3.2577701671
 H          8.5491696166       -3.1347360401       -3.3158876046
 H          7.1557990415       -1.7910493576       -1.8173804984
 H          6.6647520945       -2.1573233482        0.7730577653
 H          4.2323786159       -2.3923888620        0.8267017491
 H          2.2843418524       -2.6853662515       -0.0217186619
 H         -0.1967227403       -2.7473451733        0.0014718597
 H         -4.2341742825        2.3959132317        0.8202622699
 H         -6.6662764226        2.1592401191        0.7661334393
 H         -6.9117748745       -1.5496208217        1.8451260186
 H         -8.0897549573       -3.1156025793        3.3116642987
 H        -10.5545600902       -3.3350889538        3.1773515341
 H        -11.8115424092       -1.9252721873        1.5616019873
 H        -12.0510842307        1.2784827839       -1.6891640411
 H        -11.0183582309        2.8974885321       -3.2674109964
 H         -8.5512694180        3.1211294234       -3.3281249524
 H         -7.1569217359        1.7828946415       -1.8255290453
 H         -6.2697828096       -1.8275442013       -0.7117000747
 H         -3.8066370311       -1.5816570490       -0.6778992849
 H         -2.2843930650        2.6877055087       -0.0214613268
 H          0.1965180909        2.7497042388        0.0031050552
 H          3.8079046341        1.5817750415       -0.6812633927
 H          6.2712567973        1.8259401703       -0.7150590057
  78
 Etot=        -128.3799906877
 C         10.0278384559        2.6566395397        2.5210559593
 C          8.6550883712        2.5359258986        2.5936212092
 C          7.9834459915        1.6508543875        1.7637160526
 C          8.6752598932        0.8780080839        0.8394887453
 C         10.0715282538        0.9881431475        0.7932658705
 C         10.7360640530        1.8726842430        1.6215415290
 O         10.8441407201        0.2262527253       -0.0510880679
 C         10.1937622679       -0.6653084855       -0.8706639961
 C         10.9787532676       -1.4211059304       -1.7207650213
 C         10.3937415959       -2.3232195363       -2.5978856541
 C          9.0199491280       -2.4497750843       -2.6261892682
 C          8.2280469423       -1.6948191744       -1.7740713281
 C          8.7994389043       -0.8066301879       -0.8713627285
 N          8.0310311503       -0.0279287056       -0.0047228877
 C          6.6244723700       -0.1553499119        0.0173441741
 C          6.0359562469       -1.3414157160        0.4451757305
 C          4.6616588169       -1.4721706080        0.4611354266
 C          3.8419213301       -0.4216503542        0.0484590831
 C          2.3772641321       -0.5187399689        0.0453418735
 C          1.7115807094       -1.7716369641        0.0205501651
 C          0.3473467767       -1.8146048764        0.0219775319
 C         -0.3772298820       -0.6016673074        0.0405817617
 N         -1.7178778709       -0.6182341917        0.0451862143
 C         -2.3774330014        0.5209797709        0.0444642182
 C         -3.8420769361        0.4234365591        0.0470411004
 C         -4.6626295134        1.4744794118        0.4567777269
 C         -6.0368488733        1.3428311179        0.4406679189
 C         -6.6244928284        0.1552835118        0.0157999850
 N         -8.0309870269        0.0267191200       -0.0058283211
 C         -8.6745823960       -0.8760033372        0.8422800348
 C         -7.9820548767       -1.6456751340        1.7686144024
 C         -8.6531224695       -2.5274448219        2.6024935542
 C        -10.0259819694       -2.6479859713        2.5317822895
 C        -10.7348703809       -1.8672692409        1.6299700842
 C        -10.0709131554       -0.9860681391        0.7976858475
 O        -10.8441367295       -0.2273485812       -0.0489770901
 C        -10.1943252757        0.6610017972       -0.8724909109
 C        -10.9798543594        1.4136497095       -1.7248773608
 C        -10.3953757175        2.3124022726       -2.6058070307
 C         -9.0215951972        2.4387750914       -2.6355532495
 C         -8.2291447296        1.6869597029       -1.7811700130
 C         -8.7999962293        0.8022077435       -0.8747594931
 C         -5.8136807958       -0.9044922517       -0.3827459599
 C         -4.4419783638       -0.7689093138       -0.3642742961
 C         -1.7117304615        1.7738811458        0.0205566490
 C         -0.3474805572        1.8168768102        0.0227221929
 C          0.3771735198        0.6039884935        0.0410450512
 N          1.7178507487        0.6205375977        0.0462082702
 C          4.4426203265        0.7693824249       -0.3654156287
 C          5.8144238944        0.9039977554       -0.3839339867
 H         10.5552606583        3.3454057424        3.1619203063
 H          8.0915833482        3.1262709065        3.2997151073
 H          6.9118090483        1.5547620446        1.8406073586
 H         11.8106306345        1.9298301675        1.5507334588
 H         12.0479436639       -1.2851286708       -1.6848342471
 H         11.0149114426       -2.9099023739       -3.2560660536
 H          8.5487817696       -3.1343751383       -3.3147097136
 H          7.1544932959       -1.7910329074       -1.8168420740
 H          6.6646888025       -2.1567785265        0.7719740567
 H          4.2318507164       -2.3922040989        0.8262781543
 H          2.2837327589       -2.6850795099       -0.0218695346
 H         -0.1977050359       -2.7463713615        0.0013538315
 H         -4.2336259584        2.3957196609        0.8197963690
 H         -6.6661944401        2.1586726095        0.7650938248
 H         -6.9103093457       -1.5496322215        1.8440457071
 H         -8.0890757586       -3.1153378679        3.3102003044
 H        -10.5529764890       -3.3341236327        3.1758106283
 H        -11.8095141767       -1.9244591185        1.5603734978
 H        -12.0490348941        1.2779360259       -1.6876639005
 H        -11.0169725712        2.8966543842       -3.2657450102
 H         -8.5508749051        3.1207616960       -3.3269668469
 H         -7.1556049498        1.7829267100       -1.8249581558
 H         -6.2692774626       -1.8272128036       -0.7107172183
 H         -3.8049886845       -1.5814539368       -0.6758250525
 H         -2.2837715128        2.6873973658       -0.0216197281
 H          0.1975120540        2.7486964697        0.0029064033
 H          3.8062365344        1.5815446787       -0.6792042966
 H          6.2707090114        1.8255615157       -0.7142003373
