 
        ______________________________________
       |                                      |
       |          ===================         |
       |             xTB for sTDA             |
       |          ===================         |
       |               S. Grimme              |
       |        Universitaet Bonn, MCTC       |
       |         2015-19, Version 1.0         |
       |     Wed Apr  3 09:14:55 CEST 2019    |
       |______________________________________|
 
        This code comes without any warranty
        for non-commercial, academia use only.
        Preliminary test version.
        Cite this work as:
        S. Grimme  &  C. Bannwarth, JCP 145 (2016) 054103
        if GBSA is used additionally:
        P. Shushkov, F. März, C. Bannwarth, S. Grimme, unpublished.
 
        with help from
        P. Shushkov, G. Brandenburg, S. Dohm, J. Pisarek,
        F. März, M. Checinski, S. Ehrlich, S. Spicher, 
        P. Pracht, E. Caldeweyher, S. Ehlert, and C. Bannwarth.
 
        usage        :
        xtb4stda <coord_file> [options]
        where <coord_file> is a valid file of TM)
        (*coord, Bohr) or xmol (*xyz, Angstroem)
        format.

        options:
        -chrg <int>   : molecular charge
        -uhf  <int>   : # of unpaired electrons(=2*S)
        -nox          : skip second, extended part in sTDA-xTB
        -pop          : do population analysis
                      : (default for -nox)
        -mowr <real>  : cut MO write above (def.3 Eh)
        -molden       : write formatted molden file
        -parx <file>  : read parameters for sTDA-xTB
                        calc (def:~/.param_stda2.xtb)
        -parv <file>  : read parameters for vTB part in
                        sTDA-xTB (def: ~/.param_stda1.xtb)
        -xtemp <real> : el. temp for xTB (def. 0 K)
        -etemp <real> : el. temp for GFN (def. 300 K)
        -fod          : calculate the FOD and write
                        molden.input file with
                        appropriate occupations
                        for plotting. Def. T=12500 K
 
        -acc <real>   : xTB accuracy (def. 1.0)
        -gbsa [string1] [string2]
                        use GBSA implicit solvent
                        for solvent [string1] and
                        solvation state [string2]=
                        reference, bar1M (default=1M)
        additional GFN/opt/MD/siman options read from
        $XTB4STDAHOME/.xtb4stdarc or $set in input
 
       spin and charge state information can be on:
       <.CHRG> (charge) and <.UHF> (=nalpha-nbeta)
       -uhf and -chrg override the file info.
       useful machine settings:
       setenv MKL_NUM_THREADS <NCORE_ON_YOUR_MACHINE>
       setenv OMP_STACKSIZE 500m
       limit stacksize unlimited
 
       total energies in Eh, gaps/HL energies in eV
       please read REVISION and HOWTO files carefully
 =============================
  # OMP threads =          48
 =============================
 
 xtb4stdahome directory:/home/penavora/Exe_xtb_crest/
 
 argument            1 :--gbsa
 argument            2 :toluene
 
 name of molecule           :
 comment line               :
 number of atoms            :    95
 number of electrons        :   276
 charge                     :  0
 spin                       : 0.0
 first test random number   :  0.8370
 
 -----------------------------------------
      charge density (VTB) calculation
 -----------------------------------------
 
      method parameters     
 k(s)        :  1.8000
 k(p)        :  2.8350
 k(d)        :  2.0860
 k(f)        :  2.0000
 Tscal       :  0.3300
 Gscal       :  0.3910
 fpol        :  1.0000
 Zcnf        :  0.6500
 Zqf         :  0.0000
 kcn         :  0.3000
 kEN1        : -0.5900
 wllscal     :  2.6000
 
 Solvent             : toluene
 GBSA parameter file : /home/penavora/Exe_xtb_crest/.param_gbsa_toluene
 Gsolv ref. state (COSMO-RS): gsolv [1 M gas/solution]
 temperature (mdtemp)       :    298.150000000000     
 dielectric constant        :    7.00000000000000     
 rho                        :   0.867000000000000     
 mass                       :    92.1400000000000     
 surface tension            :    15.5689470637553     
 probe radius               :   0.641644990000000     
 vdW radii scaling          :    1.00000000000000     
 Gshift (Eh)                :   4.228772547061559E-003
 c1                         :    1.59772343000000     
 soset                      :   0.281999450000000     
 HB correction              :  F
 
 doing EN charges ...
 sum q : -0.3330669D-15
 point charge moment (au)
     X       Y       Z   
  -0.1993  -0.1808   0.3328  total (Debye):    1.088
 
            Z      q(EN)   CN      Cart. coordinates
     1  C   4.0  -0.074   3.144    -4.19915    -6.95458     7.38886
     2  C   4.0  -0.073   3.146    -4.46481    -4.70822     6.06902
     3  C   4.0  -0.070   3.189    -4.83679    -4.73699     3.48319
     4  C   4.0   0.088   3.245    -4.91931    -7.03220     2.20429
     5  N   5.0  -0.320   3.336    -5.31659    -7.07439    -0.42564
     6  C   4.0   0.194   3.582    -4.07059    -5.70753    -2.26223
     7  C   4.0   0.008   3.219    -1.85767    -4.14860    -1.77930
     8  C   4.0  -0.071   3.188    -0.03100    -4.80468     0.00105
     9  C   4.0  -0.072   3.187     2.01351    -3.23855     0.42649
    10  C   4.0  -0.005   3.238     2.27396    -0.97689    -0.89061
    11  C   4.0  -0.003   3.263     4.37594     0.76987    -0.34507
    12  C   4.0  -0.068   3.229     6.84883    -0.10114    -0.41627
    13  C   4.0   0.091   3.240     8.86495     1.53530    -0.01091
    14  N   5.0  -0.323   3.314    11.35368     0.62601    -0.08306
    15  C   4.0   0.088   3.469    13.31361     1.64449    -1.47283
    16  C   4.0  -0.063   3.154    13.30122     3.65743    -3.15449
    17  C   4.0  -0.073   3.151    15.54406     4.26765    -4.34464
    18  C   4.0  -0.073   3.145    17.75438     2.90826    -3.89458
    19  C   4.0  -0.067   3.152    17.76795     0.87393    -2.26057
    20  C   4.0  -0.000   3.373    15.53517     0.22198    -1.04340
    21  C   4.0  -0.000   3.373    14.86434    -1.74715     0.70034
    22  C   4.0  -0.067   3.152    16.21314    -3.69098     1.83781
    23  C   4.0  -0.073   3.145    14.96915    -5.27165     3.49997
    24  C   4.0  -0.073   3.151    12.41976    -4.91521     4.05593
    25  C   4.0  -0.063   3.155    11.03871    -2.99571     2.94822
    26  C   4.0   0.088   3.469    12.26597    -1.42983     1.23930
    27  C   4.0  -0.068   3.183     8.39486     4.08100     0.45778
    28  C   4.0  -0.071   3.186     5.93671     4.95470     0.53147
    29  C   4.0  -0.004   3.262     3.90466     3.32973     0.16150
    30  C   4.0  -0.005   3.236     1.29199     4.26853     0.35582
    31  C   4.0  -0.072   3.187     0.49390     6.35712    -1.02964
    32  C   4.0  -0.068   3.182    -2.00274     7.12138    -0.97502
    33  C   4.0   0.090   3.244    -3.74111     5.82549     0.51144
    34  N   5.0  -0.324   3.315    -6.30967     6.48211     0.48595
    35  C   4.0   0.089   3.467    -7.32056     8.85533     0.86282
    36  C   4.0  -0.063   3.153    -6.11317    11.11225     1.43520
    37  C   4.0  -0.073   3.151    -7.59462    13.23591     1.77219
    38  C   4.0  -0.073   3.145   -10.21823    13.12934     1.56392
    39  C   4.0  -0.067   3.152   -11.43264    10.88194     1.03121
    40  C   4.0  -0.000   3.373    -9.98467     8.72020     0.68168
    41  C   4.0  -0.000   3.371   -10.59080     6.12807     0.14761
    42  C   4.0  -0.067   3.152   -12.84016     4.84080    -0.27359
    43  C   4.0  -0.073   3.145   -12.74270     2.28691    -0.80111
    44  C   4.0  -0.073   3.151   -10.43875     1.01736    -0.94112
    45  C   4.0  -0.063   3.156    -8.17753     2.25543    -0.52818
    46  C   4.0   0.088   3.474    -8.26629     4.81361     0.04699
    47  C   4.0  -0.068   3.189    -2.92726     3.81660     2.00377
    48  C   4.0  -0.073   3.199    -0.44129     3.04213     1.91361
    49  C   4.0  -0.072   3.196     0.50153    -0.38105    -2.74667
    50  C   4.0  -0.072   3.195    -1.52835    -1.94931    -3.19598
    51  N   5.0  -0.195   2.245    -5.05626    -5.99734    -4.50909
    52  C   4.0   0.074   3.525    -7.04830    -7.61927    -4.21528
    53  C   4.0  -0.062   3.148    -8.75303    -8.56184    -5.98113
    54  C   4.0  -0.073   3.149   -10.61954   -10.16543    -5.12428
    55  C   4.0  -0.073   3.153   -10.82314   -10.81834    -2.57433
    56  C   4.0  -0.062   3.146    -9.15153    -9.90710    -0.79013
    57  C   4.0   0.097   3.479    -7.24844    -8.32341    -1.64340
    58  C   4.0  -0.069   3.185    -4.65446    -9.28824     3.52467
    59  C   4.0  -0.073   3.146    -4.29893    -9.23884     6.11508
    60  H   1.0   0.074   1.004    -3.91765    -6.92450     9.40906
    61  H   1.0   0.074   1.004    -4.39915    -2.92590     7.05948
    62  H   1.0   0.076   1.006    -5.06496    -2.99914     2.43920
    63  H   1.0   0.076   1.006    -0.19625    -6.54992     1.04624
    64  H   1.0   0.075   1.005     3.39991    -3.75378     1.83345
    65  H   1.0   0.077   1.006     7.21440    -2.06047    -0.85576
    66  H   1.0   0.075   1.005    11.59315     4.70384    -3.54051
    67  H   1.0   0.074   1.004    15.58426     5.83006    -5.65831
    68  H   1.0   0.074   1.004    19.47229     3.44971    -4.85537
    69  H   1.0   0.074   1.004    19.47419    -0.19745    -1.93529
    70  H   1.0   0.074   1.004    18.19623    -3.94893     1.43137
    71  H   1.0   0.074   1.004    15.98321    -6.79787     4.39990
    72  H   1.0   0.074   1.004    11.50564    -6.16412     5.38765
    73  H   1.0   0.075   1.005     9.07419    -2.71206     3.41731
    74  H   1.0   0.076   1.005     9.95450     5.35149     0.79624
    75  H   1.0   0.075   1.005     5.57578     6.92234     0.93672
    76  H   1.0   0.075   1.005     1.82425     7.33902    -2.22692
    77  H   1.0   0.075   1.005    -2.62746     8.68773    -2.12416
    78  H   1.0   0.075   1.005    -4.08452    11.20565     1.62949
    79  H   1.0   0.074   1.004    -6.70089    15.01778     2.21350
    80  H   1.0   0.074   1.004   -11.31057    14.83196     1.83760
    81  H   1.0   0.074   1.004   -13.46698    10.79706     0.89414
    82  H   1.0   0.074   1.004   -14.62563     5.82613    -0.19920
    83  H   1.0   0.074   1.004   -14.47077     1.25207    -1.13257
    84  H   1.0   0.074   1.004   -10.42216    -0.97428    -1.39595
    85  H   1.0   0.075   1.005    -6.39626     1.26994    -0.67743
    86  H   1.0   0.076   1.006    -4.26253     2.87342     3.22456
    87  H   1.0   0.076   1.006     0.17478     1.47694     3.06830
    88  H   1.0   0.076   1.006     0.72717     1.32491    -3.84251
    89  H   1.0   0.076   1.006    -2.90645    -1.49370    -4.62877
    90  H   1.0   0.075   1.004    -8.60346    -8.03463    -7.94463
    91  H   1.0   0.074   1.004   -11.97169   -10.93092    -6.44822
    92  H   1.0   0.074   1.004   -12.32833   -12.06527    -1.98677
    93  H   1.0   0.075   1.004    -9.32724   -10.39893     1.18258
    94  H   1.0   0.075   1.005    -4.70638   -11.06074     2.51342
    95  H   1.0   0.074   1.004    -4.09232   -10.99329     7.13623
 
  Z AO/shell   Hii/eV     exponent
  1     Sat Feb 20 21:38:01 CET 2016    EN: 2.327 GAM: 0.473  GM3: 0.0000
     1s    -13.751157    1.051071
  6     Sat Feb 20 21:38:01 CET 2016    EN: 2.731 GAM: 0.422  GM3: 0.0000
     2s    -19.378245    2.021003
     2p    -11.993376    1.497917
  7     Sat Feb 20 21:38:01 CET 2016    EN: 3.573 GAM: 0.504  GM3: 0.0000
     2s    -21.576984    2.275442
     2p    -16.125120    2.056788
 
 dipole moment of classical point charges (au)
     X       Y       Z   
  -0.1993  -0.1808   0.3328  total (Debye):    1.088

 
 Nbf   :          272
 T(el) :   300.0
 calculating S/T integrals ...
 cpu time for ints    2.58525700000000     
 Nao   :          272
 making H0...
 making H1...
 cpu time for H      0.411763000000000     
 solving ...
 cpu time for diag   0.919888000000000     
 
 gap (eV)           :   4.984
 Koopmans IP (eV)   :  13.042
 Eel (Eh)           :  -215.505641
 T,E(Fermi),NFOD :    300.000   -10.550  0.000000
 T,E(Fermi),NFOD :    300.000   -10.550  0.000000
 Nfod               :  0.0000
 Nfod/Nel           :  0.0000

          eigenvalues
 #    :         126        127        128        129        130        131        132        133
 occ. :        2.000      2.000      2.000      2.000      2.000      2.000      2.000      2.000
 eps  :       -15.441    -15.432    -15.344    -15.287    -15.186    -14.958    -14.479    -14.269
 #    :         134        135        136        137        138        139        140        141
 occ. :        2.000      2.000      2.000      2.000      2.000      0.000      0.000      0.000
 eps  :       -13.966    -13.953    -13.669    -13.279    -13.043     -8.059     -6.808     -6.762
 #    :         142        143        144        145        146        147        148        149
 occ. :        0.000      0.000      0.000      0.000      0.000      0.000      0.000      0.000
 eps  :        -6.453     -6.251     -5.980     -5.669     -5.520     -5.389     -5.298     -5.236
                            1  SCC done.
 making H1...
 cpu time for H       1.16800600000000     
 solving ...
 cpu time for diag   0.409631000000000     
 
 gap (eV)           :   4.911
 Koopmans IP (eV)   :  13.100
 Eel (Eh)           :  -216.086312
 T,E(Fermi),NFOD :    300.000   -10.644  0.000000
 T,E(Fermi),NFOD :    300.000   -10.644  0.000000
 Nfod               :  0.0000
 Nfod/Nel           :  0.0000

          eigenvalues
 #    :         126        127        128        129        130        131        132        133
 occ. :        2.000      2.000      2.000      2.000      2.000      2.000      2.000      2.000
 eps  :       -15.438    -15.427    -15.368    -15.338    -15.281    -15.069    -14.575    -14.187
 #    :         134        135        136        137        138        139        140        141
 occ. :        2.000      2.000      2.000      2.000      2.000      0.000      0.000      0.000
 eps  :       -13.983    -13.919    -13.898    -13.311    -13.101     -8.189     -6.812     -6.710
 #    :         142        143        144        145        146        147        148        149
 occ. :        0.000      0.000      0.000      0.000      0.000      0.000      0.000      0.000
 eps  :        -6.615     -6.385     -6.216     -5.804     -5.653     -5.558     -5.429     -5.239
                            2  SCC done.
 
 
 Mulliken/CM5 charges    n(s)   n(p)   n(d)   
    1 C  -0.0261 -0.0825   1.135  2.891  0.000
    2 C  -0.0203 -0.0765   1.136  2.885  0.000
    3 C  -0.0366 -0.0851   1.138  2.898  0.000
    4 C   0.0504  0.1049   1.174  2.776  0.000
    5 N  -0.0850 -0.3245   1.259  3.826  0.000
    6 C   0.0908  0.2372   1.225  2.684  0.000
    7 C   0.0180  0.0191   1.156  2.826  0.000
    8 C  -0.0339 -0.0859   1.144  2.890  0.000
    9 C  -0.0212 -0.0750   1.140  2.882  0.000
   10 C   0.0086 -0.0007   1.171  2.821  0.000
   11 C  -0.0001 -0.0061   1.170  2.830  0.000
   12 C  -0.0346 -0.0801   1.141  2.894  0.000
   13 C   0.0606  0.1163   1.171  2.768  0.000
   14 N  -0.0933 -0.3382   1.234  3.859  0.000
   15 C   0.0376  0.1008   1.183  2.780  0.000
   16 C  -0.0435 -0.0928   1.135  2.908  0.000
   17 C  -0.0415 -0.0974   1.136  2.906  0.000
   18 C  -0.0518 -0.1079   1.132  2.919  0.000
   19 C  -0.0423 -0.0951   1.139  2.904  0.000
   20 C  -0.0283 -0.0254   1.165  2.863  0.000
   21 C  -0.0290 -0.0261   1.165  2.864  0.000
   22 C  -0.0424 -0.0952   1.139  2.904  0.000
   23 C  -0.0513 -0.1074   1.132  2.919  0.000
   24 C  -0.0401 -0.0960   1.136  2.904  0.000
   25 C  -0.0432 -0.0925   1.135  2.908  0.000
   26 C   0.0363  0.0995   1.183  2.781  0.000
   27 C  -0.0280 -0.0766   1.136  2.892  0.000
   28 C  -0.0231 -0.0761   1.139  2.884  0.000
   29 C  -0.0052 -0.0114   1.170  2.835  0.000
   30 C  -0.0044 -0.0136   1.166  2.838  0.000
   31 C  -0.0276 -0.0811   1.140  2.888  0.000
   32 C  -0.0324 -0.0811   1.137  2.896  0.000
   33 C   0.0552  0.1106   1.171  2.773  0.000
   34 N  -0.0933 -0.3387   1.234  3.859  0.000
   35 C   0.0382  0.1016   1.183  2.779  0.000
   36 C  -0.0426 -0.0918   1.135  2.908  0.000
   37 C  -0.0400 -0.0959   1.136  2.904  0.000
   38 C  -0.0514 -0.1075   1.132  2.919  0.000
   39 C  -0.0421 -0.0948   1.139  2.903  0.000
   40 C  -0.0293 -0.0264   1.165  2.864  0.000
   41 C  -0.0269 -0.0240   1.165  2.862  0.000
   42 C  -0.0412 -0.0940   1.139  2.903  0.000
   43 C  -0.0525 -0.1086   1.132  2.920  0.000
   44 C  -0.0441 -0.1000   1.135  2.909  0.000
   45 C  -0.0452 -0.0945   1.135  2.910  0.000
   46 C   0.0387  0.1019   1.183  2.779  0.000
   47 C  -0.0343 -0.0830   1.137  2.897  0.000
   48 C  -0.0309 -0.0840   1.141  2.890  0.000
   49 C  -0.0234 -0.0765   1.139  2.884  0.000
   50 C  -0.0265 -0.0780   1.140  2.887  0.000
   51 N  -0.2672 -0.4433   1.535  3.732  0.000
   52 C  -0.0044  0.0698   1.179  2.826  0.000
   53 C  -0.0477 -0.0962   1.136  2.911  0.000
   54 C  -0.0531 -0.1089   1.134  2.919  0.000
   55 C  -0.0409 -0.0968   1.134  2.907  0.000
   56 C  -0.0437 -0.0928   1.138  2.906  0.000
   57 C   0.0313  0.1026   1.184  2.785  0.000
   58 C  -0.0337 -0.0825   1.137  2.896  0.000
   59 C  -0.0208 -0.0770   1.136  2.885  0.000
   60 H   0.0450  0.1015   0.955  0.000  0.000
   61 H   0.0484  0.1051   0.952  0.000  0.000
   62 H   0.0391  0.1009   0.961  0.000  0.000
   63 H   0.0464  0.1081   0.954  0.000  0.000
   64 H   0.0476  0.1057   0.952  0.000  0.000
   65 H   0.0403  0.1028   0.960  0.000  0.000
   66 H   0.0421  0.1020   0.958  0.000  0.000
   67 H   0.0449  0.1015   0.955  0.000  0.000
   68 H   0.0407  0.0972   0.959  0.000  0.000
   69 H   0.0410  0.0982   0.959  0.000  0.000
   70 H   0.0408  0.0979   0.959  0.000  0.000
   71 H   0.0409  0.0973   0.959  0.000  0.000
   72 H   0.0460  0.1025   0.954  0.000  0.000
   73 H   0.0430  0.1030   0.957  0.000  0.000
   74 H   0.0435  0.1045   0.956  0.000  0.000
   75 H   0.0489  0.1070   0.951  0.000  0.000
   76 H   0.0451  0.1031   0.955  0.000  0.000
   77 H   0.0405  0.1012   0.959  0.000  0.000
   78 H   0.0422  0.1019   0.958  0.000  0.000
   79 H   0.0453  0.1018   0.955  0.000  0.000
   80 H   0.0408  0.0974   0.959  0.000  0.000
   81 H   0.0407  0.0979   0.959  0.000  0.000
   82 H   0.0414  0.0986   0.959  0.000  0.000
   83 H   0.0400  0.0965   0.960  0.000  0.000
   84 H   0.0413  0.0980   0.959  0.000  0.000
   85 H   0.0407  0.1012   0.959  0.000  0.000
   86 H   0.0413  0.1025   0.959  0.000  0.000
   87 H   0.0466  0.1065   0.953  0.000  0.000
   88 H   0.0445  0.1042   0.955  0.000  0.000
   89 H   0.0380  0.0992   0.962  0.000  0.000
   90 H   0.0366  0.0952   0.963  0.000  0.000
   91 H   0.0446  0.1012   0.955  0.000  0.000
   92 H   0.0500  0.1066   0.950  0.000  0.000
   93 H   0.0476  0.1069   0.952  0.000  0.000
   94 H   0.0403  0.1010   0.960  0.000  0.000
   95 H   0.0486  0.1052   0.951  0.000  0.000
 Hirshfeld charges for QMDFF written to <charges>
 
 Loewdin charges    n(s)   n(p)   n(d)
    1 C  -0.0194   1.080  2.939  0.000
    2 C  -0.0118   1.080  2.931  0.000
    3 C  -0.0339   1.086  2.948  0.000
    4 C   0.0489   1.136  2.815  0.000
    5 N  -0.0409   1.217  3.824  0.000
    6 C   0.0770   1.198  2.725  0.000
    7 C   0.0195   1.113  2.868  0.000
    8 C  -0.0275   1.090  2.938  0.000
    9 C  -0.0169   1.086  2.931  0.000
   10 C   0.0153   1.127  2.858  0.000
   11 C   0.0039   1.128  2.868  0.000
   12 C  -0.0351   1.090  2.945  0.000
   13 C   0.0579   1.134  2.808  0.000
   14 N  -0.0511   1.192  3.860  0.000
   15 C   0.0314   1.148  2.821  0.000
   16 C  -0.0413   1.083  2.958  0.000
   17 C  -0.0328   1.081  2.952  0.000
   18 C  -0.0456   1.078  2.967  0.000
   19 C  -0.0362   1.085  2.951  0.000
   20 C  -0.0284   1.124  2.904  0.000
   21 C  -0.0290   1.124  2.905  0.000
   22 C  -0.0363   1.085  2.951  0.000
   23 C  -0.0450   1.078  2.967  0.000
   24 C  -0.0314   1.081  2.951  0.000
   25 C  -0.0410   1.083  2.958  0.000
   26 C   0.0302   1.148  2.822  0.000
   27 C  -0.0255   1.084  2.942  0.000
   28 C  -0.0174   1.085  2.932  0.000
   29 C  -0.0026   1.128  2.875  0.000
   30 C   0.0010   1.123  2.876  0.000
   31 C  -0.0223   1.086  2.936  0.000
   32 C  -0.0297   1.084  2.946  0.000
   33 C   0.0523   1.134  2.813  0.000
   34 N  -0.0512   1.191  3.860  0.000
   35 C   0.0319   1.148  2.820  0.000
   36 C  -0.0404   1.083  2.958  0.000
   37 C  -0.0314   1.081  2.951  0.000
   38 C  -0.0452   1.078  2.967  0.000
   39 C  -0.0359   1.085  2.951  0.000
   40 C  -0.0293   1.124  2.905  0.000
   41 C  -0.0270   1.124  2.903  0.000
   42 C  -0.0351   1.085  2.950  0.000
   43 C  -0.0464   1.078  2.968  0.000
   44 C  -0.0357   1.081  2.955  0.000
   45 C  -0.0433   1.083  2.960  0.000
   46 C   0.0323   1.148  2.820  0.000
   47 C  -0.0314   1.084  2.947  0.000
   48 C  -0.0254   1.087  2.938  0.000
   49 C  -0.0192   1.086  2.933  0.000
   50 C  -0.0208   1.086  2.935  0.000
   51 N  -0.2525   1.503  3.749  0.000
   52 C  -0.0107   1.144  2.867  0.000
   53 C  -0.0432   1.083  2.960  0.000
   54 C  -0.0454   1.080  2.966  0.000
   55 C  -0.0330   1.080  2.953  0.000
   56 C  -0.0395   1.085  2.955  0.000
   57 C   0.0219   1.150  2.828  0.000
   58 C  -0.0309   1.085  2.946  0.000
   59 C  -0.0122   1.081  2.932  0.000
   60 H   0.0367   0.963  0.000  0.000
   61 H   0.0395   0.961  0.000  0.000
   62 H   0.0311   0.969  0.000  0.000
   63 H   0.0374   0.963  0.000  0.000
   64 H   0.0385   0.961  0.000  0.000
   65 H   0.0324   0.968  0.000  0.000
   66 H   0.0341   0.966  0.000  0.000
   67 H   0.0369   0.963  0.000  0.000
   68 H   0.0334   0.967  0.000  0.000
   69 H   0.0332   0.967  0.000  0.000
   70 H   0.0329   0.967  0.000  0.000
   71 H   0.0335   0.966  0.000  0.000
   72 H   0.0378   0.962  0.000  0.000
   73 H   0.0348   0.965  0.000  0.000
   74 H   0.0355   0.965  0.000  0.000
   75 H   0.0401   0.960  0.000  0.000
   76 H   0.0366   0.963  0.000  0.000
   77 H   0.0326   0.967  0.000  0.000
   78 H   0.0341   0.966  0.000  0.000
   79 H   0.0372   0.963  0.000  0.000
   80 H   0.0335   0.967  0.000  0.000
   81 H   0.0329   0.967  0.000  0.000
   82 H   0.0335   0.967  0.000  0.000
   83 H   0.0328   0.967  0.000  0.000
   84 H   0.0340   0.966  0.000  0.000
   85 H   0.0332   0.967  0.000  0.000
   86 H   0.0333   0.967  0.000  0.000
   87 H   0.0378   0.962  0.000  0.000
   88 H   0.0359   0.964  0.000  0.000
   89 H   0.0302   0.970  0.000  0.000
   90 H   0.0293   0.971  0.000  0.000
   91 H   0.0366   0.963  0.000  0.000
   92 H   0.0413   0.959  0.000  0.000
   93 H   0.0386   0.961  0.000  0.000
   94 H   0.0321   0.968  0.000  0.000
   95 H   0.0396   0.960  0.000  0.000
 
 Wiberg/Mayer (AO) data. WBOs > 0.1 written file <wbo>
 largest (>0.05) Wiberg bond orders for each atom
           total WBO             WBO to atom ...
     1  C   3.972    C   59 1.431    C    2 1.427    H   60 0.945    C    4 0.109
     2  C   3.973    C    3 1.437    C    1 1.427    H   61 0.944    C   58 0.110
     3  C   3.971    C    2 1.437    C    4 1.386    H   62 0.946    C   59 0.110
     4  C   3.926    C   58 1.391    C    3 1.386    N    5 0.955    C    1 0.109
     5  N   3.521    C    6 1.116    C   57 1.063    C    4 0.955    N   51 0.134
     6  C   3.902    N   51 1.564    N    5 1.116    C    7 1.029
     7  C   3.951    C    8 1.360    C   50 1.348    C    6 1.029    C   10 0.098
     8  C   3.964    C    9 1.452    C    7 1.360    H   63 0.943    C   49 0.101
     9  C   3.969    C    8 1.452    C   10 1.372    H   64 0.944    C   50 0.100
    10  C   3.949    C    9 1.372    C   49 1.363    C   11 0.988    C    7 0.098
    11  C   3.951    C   12 1.395    C   29 1.320    C   10 0.988    C   27 0.100
    12  C   3.963    C   11 1.395    C   13 1.386    H   65 0.944    C   28 0.100
    13  C   3.925    C   12 1.386    C   27 1.377    N   14 0.972    C   29 0.100
    14  N   3.448    C   15 1.058    C   26 1.058    C   13 0.972
    15  C   3.928    C   16 1.368    C   20 1.264    N   14 1.058    C   18 0.091
    16  C   3.968    C   17 1.453    C   15 1.368    H   66 0.944    C   19 0.102
    17  C   3.953    C   16 1.453    C   18 1.393    H   67 0.945    C   20 0.090
    18  C   3.969    C   19 1.461    C   17 1.393    H   68 0.945    C   15 0.091
    19  C   3.961    C   18 1.461    C   20 1.353    H   69 0.945    C   16 0.102
    20  C   3.955    C   19 1.353    C   15 1.264    C   21 1.089    C   17 0.090
    21  C   3.955    C   22 1.353    C   26 1.264    C   20 1.089    C   24 0.090
    22  C   3.961    C   23 1.461    C   21 1.353    H   70 0.945    C   25 0.103
    23  C   3.969    C   22 1.461    C   24 1.393    H   71 0.945    C   26 0.091
    24  C   3.953    C   25 1.453    C   23 1.393    H   72 0.944    C   21 0.090
    25  C   3.968    C   24 1.453    C   26 1.368    H   73 0.943    C   22 0.103
    26  C   3.928    C   25 1.368    C   21 1.264    N   14 1.058    C   23 0.091
    27  C   3.963    C   28 1.440    C   13 1.377    H   74 0.944    C   11 0.100
    28  C   3.967    C   27 1.440    C   29 1.384    H   75 0.941    C   12 0.100
    29  C   3.949    C   28 1.384    C   11 1.320    C   30 0.991    C   13 0.100
    30  C   3.954    C   31 1.377    C   48 1.368    C   29 0.991    C   33 0.104
    31  C   3.969    C   32 1.442    C   30 1.377    H   76 0.944    C   47 0.104
    32  C   3.968    C   31 1.442    C   33 1.385    H   77 0.945    C   48 0.105
    33  C   3.926    C   32 1.385    C   47 1.375    N   34 0.971    C   30 0.104
    34  N   3.451    C   46 1.061    C   35 1.060    C   33 0.971
    35  C   3.928    C   36 1.368    C   40 1.263    N   34 1.060    C   38 0.090
    36  C   3.968    C   37 1.454    C   35 1.368    H   78 0.944    C   39 0.102
    37  C   3.953    C   36 1.454    C   38 1.393    H   79 0.945    C   40 0.090
    38  C   3.969    C   39 1.461    C   37 1.393    H   80 0.945    C   35 0.090
    39  C   3.961    C   38 1.461    C   40 1.353    H   81 0.945    C   36 0.102
    40  C   3.955    C   39 1.353    C   35 1.263    C   41 1.089    C   37 0.090
    41  C   3.955    C   42 1.353    C   46 1.263    C   40 1.089    C   44 0.089
    42  C   3.961    C   43 1.461    C   41 1.353    H   82 0.945    C   45 0.102
    43  C   3.969    C   42 1.461    C   44 1.392    H   83 0.945    C   46 0.090
    44  C   3.953    C   45 1.454    C   43 1.392    H   84 0.945    C   41 0.089
    45  C   3.968    C   44 1.454    C   46 1.367    H   85 0.943    C   42 0.102
    46  C   3.929    C   45 1.367    C   41 1.263    N   34 1.061    C   43 0.090
    47  C   3.968    C   48 1.452    C   33 1.375    H   86 0.945    C   31 0.104
    48  C   3.969    C   47 1.452    C   30 1.368    H   87 0.942    C   32 0.105
    49  C   3.970    C   50 1.462    C   10 1.363    H   88 0.943    C    8 0.101
    50  C   3.964    C   49 1.462    C    7 1.348    H   89 0.946    C    9 0.100
    51  N   3.047    C    6 1.564    C   52 1.135    N    5 0.134
    52  C   3.944    C   53 1.343    C   57 1.253    N   51 1.135    C   55 0.090
    53  C   3.964    C   54 1.472    C   52 1.343    H   90 0.946    C   56 0.103
    54  C   3.971    C   53 1.472    C   55 1.386    H   91 0.944    C   57 0.090
    55  C   3.967    C   56 1.458    C   54 1.386    H   92 0.944    C   52 0.090
    56  C   3.967    C   55 1.458    C   57 1.367    H   93 0.942    C   53 0.103
    57  C   3.922    C   56 1.367    C   52 1.253    N    5 1.063    C   54 0.090
    58  C   3.971    C   59 1.432    C    4 1.391    H   94 0.947    C    2 0.110
    59  C   3.973    C   58 1.432    C    1 1.431    H   95 0.944    C    3 0.110
    60  H   0.998    C    1 0.945
    61  H   0.997    C    2 0.944
    62  H   0.998    C    3 0.946
    63  H   0.996    C    8 0.943
    64  H   0.996    C    9 0.944
    65  H   0.997    C   12 0.944
    66  H   0.997    C   16 0.944
    67  H   0.997    C   17 0.945
    68  H   0.997    C   18 0.945
    69  H   0.997    C   19 0.945
    70  H   0.997    C   22 0.945
    71  H   0.997    C   23 0.945
    72  H   0.997    C   24 0.944
    73  H   0.997    C   25 0.943
    74  H   0.994    C   27 0.944
    75  H   0.995    C   28 0.941
    76  H   0.997    C   31 0.944
    77  H   0.997    C   32 0.945
    78  H   0.997    C   36 0.944
    79  H   0.997    C   37 0.945
    80  H   0.997    C   38 0.945
    81  H   0.997    C   39 0.945
    82  H   0.997    C   42 0.945
    83  H   0.997    C   43 0.945
    84  H   0.997    C   44 0.945
    85  H   0.997    C   45 0.943
    86  H   0.997    C   47 0.945
    87  H   0.997    C   48 0.942
    88  H   0.996    C   49 0.943
    89  H   0.997    C   50 0.946
    90  H   0.998    C   53 0.946
    91  H   0.997    C   54 0.944
    92  H   0.997    C   55 0.944
    93  H   0.998    C   56 0.942
    94  H   0.998    C   58 0.947
    95  H   0.997    C   59 0.944
 
 --------------------------------------------
          xTB calculation for sTDA...
 --------------------------------------------
 
 reading parameter file /home/penavora/Exe_xtb_crest/.param_stda2.xtb
 
      method parameters     
 k(s)        :  1.6000
 k(p)        :  2.1800
 k(d)        :  1.9500
 k(f)        :  2.0000
 k(R-V)      :  2.2750
 k(R-R)      :  1.7650
 Tscal       :  0.2580
 Gscal       :  1.0000
 fpol        :  1.0000
 Zcnf        :  0.3430
 Zqf         :  0.0000
 kcn         :  2.7000
 Ryd Hsplit  :  0.7000
 lshift(virt):  3.1000
 lshift(OS)  :  0.2000
 wllscaling  :  2.6000
 
 mowrcut     : 3.000
 
  Z AO/shell   Hii/eV     exponent
  1     Sun Feb 14 09:53:25 CET 2016    EN: 2.327 GAM: 0.473  GM3: 0.0000
     1s    -14.339618    1.220000
     2sp    -3.348946    0.600000
  6     Sun Feb 14 09:53:25 CET 2016    EN: 2.731 GAM: 0.422  GM3: 0.0000
     2s    -22.009312    1.565095
     2p    -13.020408    1.596905
     3sp    -3.914040    0.824500
  7     Sun Feb 14 09:53:25 CET 2016    EN: 3.573 GAM: 0.504  GM3: 0.0000
     2s    -25.722000    2.064844
     2p    -18.684912    1.801692
     3sp    -4.344791    0.921400
 
 Nbf   :          652
 T(el) :     0.0
 calculating S/T integrals ...
 cpu time for ints    8.08678300000000     
 Nao   :          652
 making H0...
 making H1...
 cpu time for H       1.29428700000000     
 solving ...
 cpu time for diag    1.50899400000000     
 
 gap (eV)           :   6.968
 Koopmans IP (eV)   :  13.986
 Eel (Eh)           :  -237.574054

          eigenvalues
 #    :         126        127        128        129        130        131        132        133
 occ. :        2.000      2.000      2.000      2.000      2.000      2.000      2.000      2.000
 eps  :       -16.279    -16.197    -16.163    -16.123    -16.110    -16.003    -15.578    -15.024
 #    :         134        135        136        137        138        139        140        141
 occ. :        2.000      2.000      2.000      2.000      2.000      0.000      0.000      0.000
 eps  :       -14.994    -14.978    -14.811    -14.187    -13.987     -7.019     -6.639     -6.498
 #    :         142        143        144        145        146        147        148        149
 occ. :        0.000      0.000      0.000      0.000      0.000      0.000      0.000      0.000
 eps  :        -6.361     -6.090     -5.965     -5.886     -5.840     -5.751     -5.714     -5.669
                            1  SCC done.
 writing mo output ...
 molden style : F
 
speedup 20.66
cpu  time for all   18.45 s
wall time for all    0.89 s
