 
        ______________________________________
       |                                      |
       |          ===================         |
       |             xTB for sTDA             |
       |          ===================         |
       |               S. Grimme              |
       |        Universitaet Bonn, MCTC       |
       |         2015-19, Version 1.0         |
       |     Wed Apr  3 09:14:55 CEST 2019    |
       |______________________________________|
 
        This code comes without any warranty
        for non-commercial, academia use only.
        Preliminary test version.
        Cite this work as:
        S. Grimme  &  C. Bannwarth, JCP 145 (2016) 054103
        if GBSA is used additionally:
        P. Shushkov, F. März, C. Bannwarth, S. Grimme, unpublished.
 
        with help from
        P. Shushkov, G. Brandenburg, S. Dohm, J. Pisarek,
        F. März, M. Checinski, S. Ehrlich, S. Spicher, 
        P. Pracht, E. Caldeweyher, S. Ehlert, and C. Bannwarth.
 
        usage        :
        xtb4stda <coord_file> [options]
        where <coord_file> is a valid file of TM)
        (*coord, Bohr) or xmol (*xyz, Angstroem)
        format.

        options:
        -chrg <int>   : molecular charge
        -uhf  <int>   : # of unpaired electrons(=2*S)
        -nox          : skip second, extended part in sTDA-xTB
        -pop          : do population analysis
                      : (default for -nox)
        -mowr <real>  : cut MO write above (def.3 Eh)
        -molden       : write formatted molden file
        -parx <file>  : read parameters for sTDA-xTB
                        calc (def:~/.param_stda2.xtb)
        -parv <file>  : read parameters for vTB part in
                        sTDA-xTB (def: ~/.param_stda1.xtb)
        -xtemp <real> : el. temp for xTB (def. 0 K)
        -etemp <real> : el. temp for GFN (def. 300 K)
        -fod          : calculate the FOD and write
                        molden.input file with
                        appropriate occupations
                        for plotting. Def. T=12500 K
 
        -acc <real>   : xTB accuracy (def. 1.0)
        -gbsa [string1] [string2]
                        use GBSA implicit solvent
                        for solvent [string1] and
                        solvation state [string2]=
                        reference, bar1M (default=1M)
        additional GFN/opt/MD/siman options read from
        $XTB4STDAHOME/.xtb4stdarc or $set in input
 
       spin and charge state information can be on:
       <.CHRG> (charge) and <.UHF> (=nalpha-nbeta)
       -uhf and -chrg override the file info.
       useful machine settings:
       setenv MKL_NUM_THREADS <NCORE_ON_YOUR_MACHINE>
       setenv OMP_STACKSIZE 500m
       limit stacksize unlimited
 
       total energies in Eh, gaps/HL energies in eV
       please read REVISION and HOWTO files carefully
 =============================
  # OMP threads =          48
 =============================
 
 xtb4stdahome directory:/home/penavora/Exe_xtb_crest/
 
 argument            1 :--gbsa
 argument            2 :toluene
 
 name of molecule           :
 comment line               :
 number of atoms            :    92
 number of electrons        :   226
 charge                     :  0
 spin                       : 0.0
 first test random number   :  0.7928
 
 -----------------------------------------
      charge density (VTB) calculation
 -----------------------------------------
 
      method parameters     
 k(s)        :  1.8000
 k(p)        :  2.8350
 k(d)        :  2.0860
 k(f)        :  2.0000
 Tscal       :  0.3300
 Gscal       :  0.3910
 fpol        :  1.0000
 Zcnf        :  0.6500
 Zqf         :  0.0000
 kcn         :  0.3000
 kEN1        : -0.5900
 wllscal     :  2.6000
 
 Solvent             : toluene
 GBSA parameter file : /home/penavora/Exe_xtb_crest/.param_gbsa_toluene
 Gsolv ref. state (COSMO-RS): gsolv [1 M gas/solution]
 temperature (mdtemp)       :    298.150000000000     
 dielectric constant        :    7.00000000000000     
 rho                        :   0.867000000000000     
 mass                       :    92.1400000000000     
 surface tension            :    15.5689470637553     
 probe radius               :   0.641644990000000     
 vdW radii scaling          :    1.00000000000000     
 Gshift (Eh)                :   4.228772547061559E-003
 c1                         :    1.59772343000000     
 soset                      :   0.281999450000000     
 HB correction              :  F
 
 doing EN charges ...
 sum q : -0.1221245D-14
 point charge moment (au)
     X       Y       Z   
   0.0059   0.0192  -0.0212  total (Debye):    0.074
 
            Z      q(EN)   CN      Cart. coordinates
     1  C   4.0  -0.242   4.061     9.49577    -3.10888     3.15469
     2  C   4.0  -0.098   4.113     9.14142    -2.28930     0.40628
     3  C   4.0  -0.242   4.058    11.48400    -2.89552    -1.17411
     4  C   4.0  -0.003   3.347     8.46273     0.47311     0.24205
     5  C   4.0  -0.071   3.190    10.17495     2.29365     1.04500
     6  C   4.0  -0.072   3.142     9.60460     4.84155     0.93641
     7  C   4.0  -0.071   3.145     7.27724     5.60787     0.02242
     8  C   4.0  -0.081   3.261     5.54793     3.82322    -0.78185
     9  C   4.0  -0.031   3.202     6.11059     1.25406    -0.68909
    10  P   5.0   0.121   4.018     3.91253    -1.16710    -1.88945
    11  C   4.0  -0.035   3.243     2.51790    -2.21278     1.11824
    12  C   4.0  -0.082   3.280     2.86632    -0.83723     3.33412
    13  C   4.0  -0.071   3.147     2.13255    -1.81406     5.64135
    14  C   4.0  -0.073   3.146     1.11349    -4.21865     5.76178
    15  C   4.0  -0.071   3.192     0.79066    -5.60908     3.56983
    16  C   4.0  -0.004   3.358     1.45471    -4.63682     1.22646
    17  C   4.0  -0.098   4.117     1.13288    -6.17582    -1.15467
    18  C   4.0  -0.243   4.071     3.48665    -7.80136    -1.58849
    19  C   4.0  -0.243   4.061    -1.22924    -7.83545    -1.13811
    20  C   4.0  -0.038   3.265     1.65783     0.91092    -3.53310
    21  C   4.0  -0.088   3.390     2.73047     1.76680    -5.79425
    22  C   4.0  -0.068   3.140     1.42425     3.30323    -7.44159
    23  C   4.0  -0.071   3.144    -1.04249     3.97931    -6.86926
    24  C   4.0  -0.082   3.281    -2.14569     3.10436    -4.67345
    25  C   4.0  -0.036   3.227    -0.84049     1.55806    -2.97926
    26  P   5.0   0.123   3.993    -2.41353     0.49344    -0.05375
    27  C   4.0  -0.032   3.200    -4.68738    -1.78919    -1.35828
    28  C   4.0  -0.082   3.265    -4.58045    -2.56276    -3.87100
    29  C   4.0  -0.071   3.145    -6.24923    -4.34275    -4.80531
    30  C   4.0  -0.072   3.143    -8.04349    -5.39394    -3.22115
    31  C   4.0  -0.071   3.192    -8.11949    -4.68692    -0.70500
    32  C   4.0  -0.004   3.346    -6.45149    -2.91142     0.27255
    33  C   4.0  -0.098   4.110    -6.54976    -2.25277     3.04621
    34  C   4.0  -0.243   4.064    -5.95990    -4.57709     4.66025
    35  C   4.0  -0.242   4.060    -9.09888    -1.11614     3.79671
    36  C   4.0  -0.031   3.203    -4.51914     3.24480     0.39511
    37  C   4.0  -0.081   3.262    -6.97187     3.29278    -0.56132
    38  C   4.0  -0.071   3.144    -8.54227     5.33641    -0.13483
    39  C   4.0  -0.072   3.143    -7.68246     7.35643     1.28664
    40  C   4.0  -0.071   3.191    -5.25130     7.32312     2.24236
    41  C   4.0  -0.003   3.345    -3.63568     5.29919     1.80436
    42  C   4.0  -0.098   4.113    -0.98924     5.32767     2.86145
    43  C   4.0  -0.242   4.063    -1.05391     5.00041     5.73211
    44  C   4.0  -0.242   4.059     0.44242     7.72589     2.12496
    45  H   1.0   0.082   1.000     7.79765    -2.70399     4.24145
    46  H   1.0   0.082   0.999    11.07716    -2.11897     4.01676
    47  H   1.0   0.082   0.999     9.86273    -5.12965     3.24738
    48  H   1.0   0.082   1.044     7.54872    -3.37053    -0.37020
    49  H   1.0   0.081   0.999    11.84726    -4.91897    -1.14927
    50  H   1.0   0.081   0.999    11.20282    -2.30547    -3.12416
    51  H   1.0   0.082   0.999    13.14194    -1.93181    -0.43615
    52  H   1.0   0.075   1.006    11.99212     1.71114     1.77002
    53  H   1.0   0.074   1.004    10.96955     6.22392     1.56624
    54  H   1.0   0.074   1.004     6.80480     7.59297    -0.06684
    55  H   1.0   0.077   1.010     3.73226     4.44102    -1.48180
    56  H   1.0   0.077   1.010     3.71618     1.01813     3.25118
    57  H   1.0   0.074   1.004     2.38918    -0.71459     7.34275
    58  H   1.0   0.074   1.004     0.57584    -5.01805     7.56245
    59  H   1.0   0.076   1.006     0.02715    -7.49712     3.69798
    60  H   1.0   0.081   1.026     0.95668    -4.83818    -2.73528
    61  H   1.0   0.082   1.002     5.14718    -6.61328    -1.83222
    62  H   1.0   0.082   0.999     3.25594    -8.95041    -3.27731
    63  H   1.0   0.082   0.999     3.80299    -9.04278     0.02013
    64  H   1.0   0.082   1.000    -1.00961    -9.42565     0.14489
    65  H   1.0   0.083   1.001    -2.88011    -6.74896    -0.57775
    66  H   1.0   0.082   0.999    -1.56153    -8.58690    -3.02287
    67  H   1.0   0.077   1.015     4.65527     1.21094    -6.22538
    68  H   1.0   0.074   1.004     2.30683     3.95906    -9.16208
    69  H   1.0   0.074   1.004    -2.10847     5.17298    -8.13778
    70  H   1.0   0.077   1.011    -4.07587     3.62703    -4.25825
    71  H   1.0   0.077   1.010    -3.17983    -1.76136    -5.12300
    72  H   1.0   0.074   1.004    -6.14479    -4.90238    -6.76669
    73  H   1.0   0.074   1.004    -9.36799    -6.77385    -3.93617
    74  H   1.0   0.075   1.006    -9.50559    -5.54429     0.52437
    75  H   1.0   0.082   1.039    -5.07707    -0.83630     3.41672
    76  H   1.0   0.082   0.999    -7.37431    -6.04263     4.38658
    77  H   1.0   0.083   1.001    -4.11783    -5.33233     4.15539
    78  H   1.0   0.082   0.999    -5.93259    -4.06306     6.65060
    79  H   1.0   0.082   0.999   -10.61966    -2.46639     3.50067
    80  H   1.0   0.081   0.999    -9.07484    -0.59326     5.78525
    81  H   1.0   0.082   1.000    -9.49485     0.56969     2.69005
    82  H   1.0   0.077   1.010    -7.66091     1.71641    -1.66581
    83  H   1.0   0.074   1.004   -10.43387     5.34424    -0.90681
    84  H   1.0   0.074   1.004    -8.90185     8.95468     1.64532
    85  H   1.0   0.075   1.006    -4.59867     8.90847     3.34997
    86  H   1.0   0.082   1.041     0.02994     3.70660     2.05796
    87  H   1.0   0.082   0.999    -2.10357     6.53135     6.61600
    88  H   1.0   0.082   1.000    -1.95930     3.21998     6.22062
    89  H   1.0   0.082   0.999     0.85726     4.99364     6.48867
    90  H   1.0   0.082   0.999    -0.36728     9.38321     3.03023
    91  H   1.0   0.082   0.999     2.40787     7.57176     2.70719
    92  H   1.0   0.082   0.999     0.38157     8.00520     0.08746
 
  Z AO/shell   Hii/eV     exponent
  1     Sat Feb 20 21:38:01 CET 2016    EN: 2.327 GAM: 0.473  GM3: 0.0000
     1s    -13.751157    1.051071
  6     Sat Feb 20 21:38:01 CET 2016    EN: 2.731 GAM: 0.422  GM3: 0.0000
     2s    -19.378245    2.021003
     2p    -11.993376    1.497917
 15     Sat Feb 20 23:13:41 CET 2016    EN: 2.235 GAM: 0.347  GM3: 0.0000
     3s    -16.887204    2.722003
     3p    -14.235194    1.529152
     3d      0.824249    1.529152
 
 dipole moment of classical point charges (au)
     X       Y       Z   
   0.0059   0.0192  -0.0212  total (Debye):    0.074

 
 Nbf   :          236
 T(el) :   300.0
 calculating S/T integrals ...
 cpu time for ints    2.75087900000000     
 Nao   :          234
 making H0...
 making H1...
 cpu time for H      0.350500000000000     
 solving ...
 cpu time for diag   0.760064000000000     
 
 gap (eV)           :   7.406
 Koopmans IP (eV)   :  14.723
 Eel (Eh)           :  -174.006385
 T,E(Fermi),NFOD :    300.000   -11.020  0.000000
 T,E(Fermi),NFOD :    300.000   -11.020  0.000000
 Nfod               :  0.0000
 Nfod/Nel           :  0.0000

          eigenvalues
 #    :         101        102        103        104        105        106        107        108
 occ. :        2.000      2.000      2.000      2.000      2.000      2.000      2.000      2.000
 eps  :       -17.386    -16.514    -16.337    -15.478    -15.412    -15.378    -15.334    -15.290
 #    :         109        110        111        112        113        114        115        116
 occ. :        2.000      2.000      2.000      2.000      2.000      0.000      0.000      0.000
 eps  :       -15.205    -15.118    -15.092    -14.902    -14.724     -7.318     -7.131     -6.864
 #    :         117        118        119        120        121        122        123        124
 occ. :        0.000      0.000      0.000      0.000      0.000      0.000      0.000      0.000
 eps  :        -6.640     -6.393     -6.290     -5.765     -5.662     -5.586     -5.512     -5.440
                            1  SCC done.
 making H1...
 cpu time for H      0.942879000000000     
 solving ...
 cpu time for diag   0.351546000000000     
 
 gap (eV)           :   7.413
 Koopmans IP (eV)   :  14.638
 Eel (Eh)           :  -173.675056
 T,E(Fermi),NFOD :    300.000   -10.931  0.000000
 T,E(Fermi),NFOD :    300.000   -10.931  0.000000
 Nfod               :  0.0000
 Nfod/Nel           :  0.0000

          eigenvalues
 #    :         101        102        103        104        105        106        107        108
 occ. :        2.000      2.000      2.000      2.000      2.000      2.000      2.000      2.000
 eps  :       -17.394    -16.278    -16.111    -15.427    -15.363    -15.301    -15.245    -15.237
 #    :         109        110        111        112        113        114        115        116
 occ. :        2.000      2.000      2.000      2.000      2.000      0.000      0.000      0.000
 eps  :       -15.159    -15.088    -15.074    -14.823    -14.639     -7.226     -7.062     -6.780
 #    :         117        118        119        120        121        122        123        124
 occ. :        0.000      0.000      0.000      0.000      0.000      0.000      0.000      0.000
 eps  :        -6.567     -6.320     -6.235     -5.709     -5.594     -5.520     -5.442     -5.397
                            2  SCC done.
 
 
 Mulliken/CM5 charges    n(s)   n(p)   n(d)   
    1 C  -0.0966 -0.2464   1.100  2.997  0.000
    2 C  -0.0118 -0.0784   1.178  2.834  0.000
    3 C  -0.0955 -0.2453   1.099  2.996  0.000
    4 C  -0.0104 -0.0191   1.192  2.818  0.000
    5 C  -0.0448 -0.0993   1.142  2.903  0.000
    6 C  -0.0341 -0.0905   1.138  2.896  0.000
    7 C  -0.0393 -0.0959   1.139  2.900  0.000
    8 C  -0.0456 -0.0974   1.145  2.901  0.000
    9 C  -0.0504 -0.0273   1.191  2.859  0.000
   10 P   0.1210 -0.0158   1.884  3.021 -0.026
   11 C  -0.0496 -0.0237   1.192  2.858  0.000
   12 C  -0.0406 -0.0916   1.146  2.894  0.000
   13 C  -0.0385 -0.0952   1.138  2.900  0.000
   14 C  -0.0316 -0.0885   1.138  2.893  0.000
   15 C  -0.0429 -0.0983   1.141  2.901  0.000
   16 C  -0.0037 -0.0117   1.193  2.810  0.000
   17 C  -0.0079 -0.0740   1.177  2.831  0.000
   18 C  -0.0979 -0.2470   1.102  2.996  0.000
   19 C  -0.0981 -0.2487   1.098  3.000  0.000
   20 C  -0.0510 -0.0242   1.198  2.853  0.000
   21 C  -0.0479 -0.0969   1.149  2.898  0.000
   22 C  -0.0332 -0.0894   1.141  2.892  0.000
   23 C  -0.0359 -0.0923   1.140  2.896  0.000
   24 C  -0.0468 -0.0980   1.148  2.898  0.000
   25 C  -0.0470 -0.0214   1.193  2.854  0.000
   26 P   0.1308 -0.0058   1.891  3.004 -0.026
   27 C  -0.0494 -0.0265   1.191  2.859  0.000
   28 C  -0.0459 -0.0974   1.145  2.901  0.000
   29 C  -0.0393 -0.0960   1.139  2.901  0.000
   30 C  -0.0343 -0.0911   1.138  2.897  0.000
   31 C  -0.0449 -0.1000   1.142  2.903  0.000
   32 C  -0.0084 -0.0180   1.193  2.815  0.000
   33 C  -0.0106 -0.0774   1.178  2.833  0.000
   34 C  -0.0998 -0.2500   1.101  2.999  0.000
   35 C  -0.0994 -0.2493   1.100  3.000  0.000
   36 C  -0.0502 -0.0281   1.192  2.858  0.000
   37 C  -0.0438 -0.0967   1.146  2.898  0.000
   38 C  -0.0392 -0.0959   1.139  2.900  0.000
   39 C  -0.0343 -0.0908   1.138  2.897  0.000
   40 C  -0.0452 -0.0997   1.142  2.903  0.000
   41 C  -0.0101 -0.0187   1.192  2.818  0.000
   42 C  -0.0117 -0.0784   1.178  2.834  0.000
   43 C  -0.0962 -0.2459   1.100  2.996  0.000
   44 C  -0.0964 -0.2468   1.099  2.998  0.000
   45 H   0.0341  0.0883   0.966  0.000  0.000
   46 H   0.0286  0.0821   0.971  0.000  0.000
   47 H   0.0327  0.0852   0.967  0.000  0.000
   48 H   0.0375  0.1052   0.962  0.000  0.000
   49 H   0.0336  0.0859   0.966  0.000  0.000
   50 H   0.0331  0.0858   0.967  0.000  0.000
   51 H   0.0297  0.0832   0.970  0.000  0.000
   52 H   0.0373  0.0957   0.963  0.000  0.000
   53 H   0.0405  0.0969   0.959  0.000  0.000
   54 H   0.0397  0.0962   0.960  0.000  0.000
   55 H   0.0420  0.1043   0.958  0.000  0.000
   56 H   0.0415  0.1037   0.958  0.000  0.000
   57 H   0.0380  0.0946   0.962  0.000  0.000
   58 H   0.0403  0.0968   0.960  0.000  0.000
   59 H   0.0381  0.0969   0.962  0.000  0.000
   60 H   0.0357  0.1009   0.964  0.000  0.000
   61 H   0.0341  0.0889   0.966  0.000  0.000
   62 H   0.0326  0.0852   0.967  0.000  0.000
   63 H   0.0271  0.0806   0.973  0.000  0.000
   64 H   0.0298  0.0833   0.970  0.000  0.000
   65 H   0.0372  0.0935   0.963  0.000  0.000
   66 H   0.0330  0.0857   0.967  0.000  0.000
   67 H   0.0369  0.0974   0.963  0.000  0.000
   68 H   0.0402  0.0966   0.960  0.000  0.000
   69 H   0.0398  0.0962   0.960  0.000  0.000
   70 H   0.0413  0.1037   0.959  0.000  0.000
   71 H   0.0400  0.1019   0.960  0.000  0.000
   72 H   0.0386  0.0950   0.961  0.000  0.000
   73 H   0.0402  0.0966   0.960  0.000  0.000
   74 H   0.0369  0.0954   0.963  0.000  0.000
   75 H   0.0370  0.1043   0.963  0.000  0.000
   76 H   0.0285  0.0821   0.972  0.000  0.000
   77 H   0.0363  0.0913   0.964  0.000  0.000
   78 H   0.0320  0.0846   0.968  0.000  0.000
   79 H   0.0287  0.0822   0.971  0.000  0.000
   80 H   0.0320  0.0844   0.968  0.000  0.000
   81 H   0.0349  0.0895   0.965  0.000  0.000
   82 H   0.0417  0.1035   0.958  0.000  0.000
   83 H   0.0390  0.0954   0.961  0.000  0.000
   84 H   0.0402  0.0966   0.960  0.000  0.000
   85 H   0.0371  0.0956   0.963  0.000  0.000
   86 H   0.0394  0.1073   0.961  0.000  0.000
   87 H   0.0281  0.0816   0.972  0.000  0.000
   88 H   0.0326  0.0859   0.967  0.000  0.000
   89 H   0.0329  0.0856   0.967  0.000  0.000
   90 H   0.0301  0.0836   0.970  0.000  0.000
   91 H   0.0346  0.0876   0.965  0.000  0.000
   92 H   0.0330  0.0860   0.967  0.000  0.000
 Hirshfeld charges for QMDFF written to <charges>
 
 Loewdin charges    n(s)   n(p)   n(d)
    1 C  -0.1003   1.028  3.072  0.000
    2 C  -0.0020   1.128  2.874  0.000
    3 C  -0.0988   1.027  3.072  0.000
    4 C  -0.0059   1.151  2.855  0.000
    5 C  -0.0406   1.089  2.952  0.000
    6 C  -0.0259   1.083  2.943  0.000
    7 C  -0.0317   1.084  2.947  0.000
    8 C  -0.0400   1.092  2.948  0.000
    9 C  -0.0133   1.140  2.873  0.000
   10 P   0.0020   1.875  3.031  0.091
   11 C  -0.0119   1.140  2.872  0.000
   12 C  -0.0346   1.094  2.941  0.000
   13 C  -0.0312   1.084  2.947  0.000
   14 C  -0.0232   1.083  2.940  0.000
   15 C  -0.0390   1.089  2.950  0.000
   16 C   0.0010   1.152  2.847  0.000
   17 C   0.0028   1.127  2.870  0.000
   18 C  -0.1019   1.031  3.071  0.000
   19 C  -0.1022   1.026  3.076  0.000
   20 C  -0.0125   1.146  2.866  0.000
   21 C  -0.0395   1.097  2.942  0.000
   22 C  -0.0256   1.087  2.939  0.000
   23 C  -0.0279   1.085  2.943  0.000
   24 C  -0.0410   1.096  2.945  0.000
   25 C  -0.0096   1.141  2.868  0.000
   26 P   0.0118   1.883  3.016  0.090
   27 C  -0.0117   1.139  2.873  0.000
   28 C  -0.0401   1.092  2.948  0.000
   29 C  -0.0317   1.084  2.948  0.000
   30 C  -0.0261   1.083  2.943  0.000
   31 C  -0.0406   1.089  2.951  0.000
   32 C  -0.0038   1.152  2.852  0.000
   33 C  -0.0003   1.128  2.872  0.000
   34 C  -0.1043   1.029  3.075  0.000
   35 C  -0.1036   1.028  3.075  0.000
   36 C  -0.0133   1.141  2.872  0.000
   37 C  -0.0378   1.093  2.944  0.000
   38 C  -0.0315   1.084  2.947  0.000
   39 C  -0.0261   1.083  2.944  0.000
   40 C  -0.0409   1.089  2.952  0.000
   41 C  -0.0057   1.151  2.855  0.000
   42 C  -0.0016   1.128  2.873  0.000
   43 C  -0.0997   1.029  3.071  0.000
   44 C  -0.1002   1.027  3.073  0.000
   45 H   0.0340   0.966  0.000  0.000
   46 H   0.0291   0.971  0.000  0.000
   47 H   0.0328   0.967  0.000  0.000
   48 H   0.0356   0.964  0.000  0.000
   49 H   0.0335   0.967  0.000  0.000
   50 H   0.0329   0.967  0.000  0.000
   51 H   0.0301   0.970  0.000  0.000
   52 H   0.0306   0.969  0.000  0.000
   53 H   0.0327   0.967  0.000  0.000
   54 H   0.0322   0.968  0.000  0.000
   55 H   0.0351   0.965  0.000  0.000
   56 H   0.0349   0.965  0.000  0.000
   57 H   0.0308   0.969  0.000  0.000
   58 H   0.0326   0.967  0.000  0.000
   59 H   0.0318   0.968  0.000  0.000
   60 H   0.0320   0.968  0.000  0.000
   61 H   0.0353   0.965  0.000  0.000
   62 H   0.0327   0.967  0.000  0.000
   63 H   0.0274   0.973  0.000  0.000
   64 H   0.0307   0.969  0.000  0.000
   65 H   0.0369   0.963  0.000  0.000
   66 H   0.0332   0.967  0.000  0.000
   67 H   0.0309   0.969  0.000  0.000
   68 H   0.0323   0.968  0.000  0.000
   69 H   0.0320   0.968  0.000  0.000
   70 H   0.0343   0.966  0.000  0.000
   71 H   0.0331   0.967  0.000  0.000
   72 H   0.0311   0.969  0.000  0.000
   73 H   0.0324   0.968  0.000  0.000
   74 H   0.0304   0.970  0.000  0.000
   75 H   0.0342   0.966  0.000  0.000
   76 H   0.0291   0.971  0.000  0.000
   77 H   0.0365   0.964  0.000  0.000
   78 H   0.0322   0.968  0.000  0.000
   79 H   0.0293   0.971  0.000  0.000
   80 H   0.0322   0.968  0.000  0.000
   81 H   0.0350   0.965  0.000  0.000
   82 H   0.0350   0.965  0.000  0.000
   83 H   0.0315   0.969  0.000  0.000
   84 H   0.0324   0.968  0.000  0.000
   85 H   0.0305   0.970  0.000  0.000
   86 H   0.0368   0.963  0.000  0.000
   87 H   0.0285   0.972  0.000  0.000
   88 H   0.0327   0.967  0.000  0.000
   89 H   0.0329   0.967  0.000  0.000
   90 H   0.0306   0.969  0.000  0.000
   91 H   0.0346   0.965  0.000  0.000
   92 H   0.0331   0.967  0.000  0.000
 
 Wiberg/Mayer (AO) data. WBOs > 0.1 written file <wbo>
 largest (>0.05) Wiberg bond orders for each atom
           total WBO             WBO to atom ...
     1  C   3.982    C    2 0.982    H   46 0.981    H   47 0.980    H   45 0.977
     2  C   3.951    C    3 0.983    C    1 0.982    C    4 0.963    H   48 0.939
     3  C   3.982    C    2 0.983    H   51 0.981    H   49 0.980    H   50 0.979
     4  C   3.946    C    5 1.398    C    9 1.367    C    2 0.963    C    7 0.108
     5  C   3.972    C    6 1.433    C    4 1.398    H   52 0.945    C    8 0.107
     6  C   3.967    C    5 1.433    C    7 1.425    H   53 0.946    C    9 0.107
     7  C   3.973    C    8 1.433    C    6 1.425    H   54 0.945    C    4 0.108
     8  C   3.971    C    7 1.433    C    9 1.406    H   55 0.940    C    5 0.107
     9  C   3.951    C    8 1.406    C    4 1.367    P   10 0.925    C    6 0.107
    10  P   2.995    C   11 0.930    C    9 0.925    C   20 0.917
    11  C   3.941    C   12 1.403    C   16 1.358    P   10 0.930    C   14 0.106
    12  C   3.970    C   13 1.432    C   11 1.403    H   56 0.940    C   15 0.106
    13  C   3.973    C   12 1.432    C   14 1.426    H   57 0.945    C   16 0.106
    14  C   3.965    C   15 1.427    C   13 1.426    H   58 0.946    C   11 0.106
    15  C   3.971    C   14 1.427    C   16 1.400    H   59 0.943    C   12 0.106
    16  C   3.944    C   15 1.400    C   11 1.358    C   17 0.962    C   13 0.106
    17  C   3.952    C   19 0.989    C   18 0.978    C   16 0.962    H   60 0.946
    18  C   3.982    H   63 0.982    H   62 0.979    C   17 0.978    H   61 0.975
    19  C   3.982    C   17 0.989    H   64 0.981    H   66 0.981    H   65 0.975
    20  C   3.938    C   25 1.396    C   21 1.384    P   10 0.917    C   23 0.106
    21  C   3.967    C   22 1.447    C   20 1.384    H   67 0.944    C   24 0.110
    22  C   3.963    C   21 1.447    C   23 1.410    H   68 0.945    C   25 0.104
    23  C   3.972    C   24 1.446    C   22 1.410    H   69 0.945    C   20 0.106
    24  C   3.969    C   23 1.446    C   25 1.390    H   70 0.940    C   21 0.110
    25  C   3.947    C   20 1.396    C   24 1.390    P   26 0.916    C   22 0.104
    26  P   2.988    C   27 0.928    C   36 0.920    C   25 0.916
    27  C   3.946    C   28 1.409    C   32 1.360    P   26 0.928    C   30 0.107
    28  C   3.971    C   29 1.431    C   27 1.409    H   71 0.940    C   31 0.107
    29  C   3.973    C   28 1.431    C   30 1.427    H   72 0.945    C   32 0.108
    30  C   3.967    C   31 1.430    C   29 1.427    H   73 0.946    C   27 0.107
    31  C   3.972    C   30 1.430    C   32 1.400    H   74 0.945    C   28 0.107
    32  C   3.946    C   31 1.400    C   27 1.360    C   33 0.962    C   29 0.108
    33  C   3.951    C   35 0.983    C   34 0.982    C   32 0.962    H   75 0.943
    34  C   3.982    C   33 0.982    H   76 0.981    H   78 0.979    H   77 0.974
    35  C   3.982    C   33 0.983    H   79 0.981    H   80 0.980    H   81 0.975
    36  C   3.945    C   37 1.402    C   41 1.372    P   26 0.920    C   39 0.106
    37  C   3.970    C   38 1.432    C   36 1.402    H   82 0.940    C   40 0.107
    38  C   3.973    C   37 1.432    C   39 1.423    H   83 0.945    C   41 0.107
    39  C   3.973    C   40 1.436    C   38 1.423    H   84 0.946    C   36 0.106
    40  C   3.972    C   39 1.436    C   41 1.393    H   85 0.945    C   37 0.107
    41  C   3.946    C   40 1.393    C   36 1.372    C   42 0.962    C   38 0.107
    42  C   3.950    C   44 0.985    C   43 0.981    C   41 0.962    H   86 0.940
    43  C   3.982    H   87 0.982    C   42 0.981    H   89 0.979    H   88 0.979
    44  C   3.982    C   42 0.985    H   90 0.981    H   91 0.979    H   92 0.979
    45  H   0.999    C    1 0.977
    46  H   0.999    C    1 0.981
    47  H   0.997    C    1 0.980
    48  H   0.998    C    2 0.939
    49  H   0.997    C    3 0.980
    50  H   0.999    C    3 0.979
    51  H   0.998    C    3 0.981
    52  H   0.998    C    5 0.945
    53  H   0.995    C    6 0.946
    54  H   0.995    C    7 0.945
    55  H   0.996    C    8 0.940
    56  H   0.997    C   12 0.940
    57  H   0.996    C   13 0.945
    58  H   0.995    C   14 0.946
    59  H   0.997    C   15 0.943
    60  H   0.998    C   17 0.946
    61  H   0.999    C   18 0.975
    62  H   0.997    C   18 0.979
    63  H   0.999    C   18 0.982
    64  H   0.999    C   19 0.981
    65  H   0.999    C   19 0.975
    66  H   0.998    C   19 0.981
    67  H   0.997    C   21 0.944
    68  H   0.994    C   22 0.945
    69  H   0.995    C   23 0.945
    70  H   0.997    C   24 0.940
    71  H   0.997    C   28 0.940
    72  H   0.995    C   29 0.945
    73  H   0.995    C   30 0.946
    74  H   0.998    C   31 0.945
    75  H   0.998    C   33 0.943
    76  H   0.999    C   34 0.981
    77  H   0.999    C   34 0.974
    78  H   0.997    C   34 0.979
    79  H   0.999    C   35 0.981
    80  H   0.997    C   35 0.980
    81  H   0.999    C   35 0.975
    82  H   0.996    C   37 0.940
    83  H   0.995    C   38 0.945
    84  H   0.995    C   39 0.946
    85  H   0.998    C   40 0.945
    86  H   0.998    C   42 0.940
    87  H   0.999    C   43 0.982
    88  H   0.999    C   43 0.979
    89  H   0.997    C   43 0.979
    90  H   0.998    C   44 0.981
    91  H   0.997    C   44 0.979
    92  H   0.999    C   44 0.979
 
 --------------------------------------------
          xTB calculation for sTDA...
 --------------------------------------------
 
 reading parameter file /home/penavora/Exe_xtb_crest/.param_stda2.xtb
 
      method parameters     
 k(s)        :  1.6000
 k(p)        :  2.1800
 k(d)        :  1.9500
 k(f)        :  2.0000
 k(R-V)      :  2.2750
 k(R-R)      :  1.7650
 Tscal       :  0.2580
 Gscal       :  1.0000
 fpol        :  1.0000
 Zcnf        :  0.3430
 Zqf         :  0.0000
 kcn         :  2.7000
 Ryd Hsplit  :  0.7000
 lshift(virt):  3.1000
 lshift(OS)  :  0.2000
 wllscaling  :  2.6000
 
 mowrcut     : 3.000
 
  Z AO/shell   Hii/eV     exponent
  1     Sun Feb 14 09:53:25 CET 2016    EN: 2.327 GAM: 0.473  GM3: 0.0000
     1s    -14.339618    1.220000
     2sp    -3.348946    0.600000
  6     Sun Feb 14 09:53:25 CET 2016    EN: 2.731 GAM: 0.422  GM3: 0.0000
     2s    -22.009312    1.565095
     2p    -13.020408    1.596905
     3sp    -3.914040    0.824500
 15     Sun Feb 21 16:40:31 CET 2016    EN: 2.235 GAM: 0.200  GM3: 0.0000
     3s    -20.712789    1.471896
     3p    -13.727605    1.794648
     4sp    -5.155360    0.764700
 
 Nbf   :          592
 T(el) :     0.0
 calculating S/T integrals ...
 cpu time for ints    8.22515300000000     
 Nao   :          592
 making H0...
 making H1...
 cpu time for H       1.08985800000000     
 solving ...
 cpu time for diag    1.24105600000000     
 
 gap (eV)           :   8.945
 Koopmans IP (eV)   :  14.915
 Eel (Eh)           :  -189.577180

          eigenvalues
 #    :         101        102        103        104        105        106        107        108
 occ. :        2.000      2.000      2.000      2.000      2.000      2.000      2.000      2.000
 eps  :       -17.944    -16.835    -16.684    -16.115    -16.033    -15.973    -15.927    -15.896
 #    :         109        110        111        112        113        114        115        116
 occ. :        2.000      2.000      2.000      2.000      2.000      0.000      0.000      0.000
 eps  :       -15.850    -15.784    -15.757    -15.286    -14.916     -5.971     -5.885     -5.877
 #    :         117        118        119        120        121        122        123        124
 occ. :        0.000      0.000      0.000      0.000      0.000      0.000      0.000      0.000
 eps  :        -5.770     -5.731     -5.714     -5.676     -5.647     -5.638     -5.604     -5.396
                            1  SCC done.
 writing mo output ...
 molden style : F
 
speedup 20.06
cpu  time for all   17.54 s
wall time for all    0.87 s
