  69
 Etot=         -99.4860541295
 C          6.2671650549       -0.4011364300        0.2567562201
 C          4.8958286817       -0.0262076464        0.8532266010
 C          5.0765826464        0.5569042758        2.2689412122
 C          4.0498758494       -1.2782591683        0.9470081722
 C          4.4836459176       -2.3488755405        1.7140992594
 C          3.7483876230       -3.5162579216        1.8307399175
 C          2.5358848249       -3.6301323487        1.1613065695
 C          2.0789509289       -2.5855998126        0.3933190736
 C          2.8201210906       -1.3985886396        0.2721563769
 N          2.3292776051       -0.3721164290       -0.5048897346
 C          1.0864756768       -0.5415187046       -1.1735907128
 C          1.0243655275       -1.1104295806       -2.4874463272
 C         -0.2007432798       -1.2424523427       -3.0700395675
 N         -1.3641198976       -0.8716005032       -2.5114741790
 C         -1.3090043858       -0.3425364222       -1.2423023211
 N         -2.4934106528        0.0396617270       -0.6017994395
 C         -2.5488556325        1.2922915198       -0.0038521826
 C         -1.7991578821        2.3531635105       -0.5280530819
 C         -1.8794858646        3.6084011101        0.0275874130
 C         -2.7187093906        3.8301135581        1.1156400504
 C         -3.4740806504        2.7869105139        1.6298864915
 C         -3.4087773420        1.5137151581        1.0917446333
 C         -4.1463018155        0.3176965346        1.6536512673
 C         -5.3221792870        0.7155182337        2.5472936367
 C         -3.1450773115       -0.4949935304        2.5093018074
 C         -4.5581657611       -0.5631602263        0.4906326975
 C         -5.7468076478       -1.2728057698        0.4543921811
 C         -6.0235392197       -2.1669298941       -0.5684346669
 C         -5.0908476908       -2.3806956426       -1.5713156267
 C         -3.9037810303       -1.6796061296       -1.5662500521
 C         -3.6401791577       -0.7466586255       -0.5613482080
 C         -0.1160620681       -0.1610030026       -0.5721770744
 C          3.0170683798        0.8118809033       -0.6618396928
 C          2.4740181750        1.8220401361       -1.4724665930
 C          3.1306568086        3.0157426072       -1.6534877609
 C          4.3519247126        3.2331530368       -1.0269410026
 C          4.8932334457        2.2405856366       -0.2279227052
 C          4.2551974353        1.0257600094       -0.0270359848
 H          6.9081220923        0.4727110514        0.1846192006
 H          6.1367540501       -0.8161314713       -0.7412553095
 H          6.7667541569       -1.1417886910        0.8743818732
 H          5.6996811326        1.4460602103        2.2426205290
 H          4.1076084558        0.8272832710        2.6850349969
 H          5.5439242704       -0.1688387182        2.9280263924
 H          5.4233712458       -2.2792336614        2.2402873759
 H          4.1164254634       -4.3300934055        2.4365093629
 H          1.9506717384       -4.5342029757        1.2405160206
 H          1.1387273580       -2.6686312825       -0.1300501992
 H          1.9299967502       -1.3978734089       -2.9974437541
 H         -0.3018869079       -1.6466108603       -4.0703330835
 H         -1.1746011207        2.1737457769       -1.3904034566
 H         -1.2994463714        4.4189189245       -0.3875758525
 H         -2.7860163718        4.8122963395        1.5577315316
 H         -4.1197148281        2.9871650357        2.4692566562
 H         -4.9709564017        1.3083225174        3.3872906505
 H         -6.0573007253        1.2900222906        1.9883945485
 H         -5.7982410617       -0.1698314571        2.9594034596
 H         -2.7851387087        0.1129541809        3.3366062072
 H         -2.2909932677       -0.8113072998        1.9146223199
 H         -3.6322204777       -1.3822084734        2.9080037879
 H         -6.4778245527       -1.1447000076        1.2355598362
 H         -6.9568805078       -2.7098010581       -0.5678574128
 H         -5.2887254622       -3.0929403688       -2.3584656755
 H         -3.1674592111       -1.8159984770       -2.3432267547
 H         -0.1153885614        0.2478776971        0.4289567184
 H          1.5276327067        1.6450524996       -1.9595041750
 H          2.6957692804        3.7779673858       -2.2827579187
 H          4.8767935613        4.1664588414       -1.1618018193
 H          5.8432903563        2.4266694165        0.2491290133
  69
 Etot=         -99.4861271744
 C          6.2651999237       -0.4007614228        0.2569461860
 C          4.8941303878       -0.0263597850        0.8521303786
 C          5.0758089562        0.5563249730        2.2670068987
 C          4.0486822556       -1.2779734231        0.9462773901
 C          4.4825799969       -2.3479592676        1.7130451411
 C          3.7472585399       -3.5153362094        1.8294908995
 C          2.5346905529       -3.6285958691        1.1598381074
 C          2.0775135345       -2.5842117032        0.3923599282
 C          2.8189333727       -1.3974523666        0.2713125071
 N          2.3283973694       -0.3716932554       -0.5045739495
 C          1.0858229623       -0.5404558393       -1.1720703122
 C          1.0237538495       -1.1104386934       -2.4847653161
 C         -0.2021462865       -1.2449452661       -3.0662967365
 N         -1.3623721671       -0.8749630169       -2.5061925776
 C         -1.3091746441       -0.3433316229       -1.2397069517
 N         -2.4925759440        0.0394502791       -0.6001696563
 C         -2.5472980700        1.2910579082       -0.0026118233
 C         -1.7960747546        2.3508725049       -0.5260758344
 C         -1.8780120881        3.6063211690        0.0280761550
 C         -2.7182440406        3.8291684520        1.1151953485
 C         -3.4741121202        2.7865005273        1.6293516952
 C         -3.4084362397        1.5137928215        1.0914932199
 C         -4.1454552539        0.3179764967        1.6524469542
 C         -5.3208837860        0.7152109399        2.5458836799
 C         -3.1439730506       -0.4941328965        2.5067476778
 C         -4.5572167417       -0.5629305416        0.4904242526
 C         -5.7455461483       -1.2722188824        0.4539514947
 C         -6.0213181404       -2.1662996197       -0.5689023563
 C         -5.0881313722       -2.3793386333       -1.5712525629
 C         -3.9008556416       -1.6788593776       -1.5653024406
 C         -3.6383457048       -0.7462383087       -0.5602471790
 C         -0.1152375456       -0.1595996294       -0.5704938994
 C          3.0155009612        0.8110837675       -0.6618733960
 C          2.4717055143        1.8212080088       -1.4719542981
 C          3.1285100242        3.0145312816       -1.6525270842
 C          4.3500074441        3.2323578872       -1.0262731623
 C          4.8917698551        2.2395872529       -0.2278109224
 C          4.2538204161        1.0253635243       -0.0276510395
 H          6.9063672580        0.4729176705        0.1846189315
 H          6.1342880136       -0.8154163548       -0.7406970030
 H          6.7647843149       -1.1416811664        0.8742969305
 H          5.6984714704        1.4458262363        2.2409640303
 H          4.1070039966        0.8261241523        2.6831006868
 H          5.5433134576       -0.1691016335        2.9263824250
 H          5.4225254066       -2.2783739899        2.2391153540
 H          4.1155632986       -4.3290199152        2.4348876012
 H          1.9502878924       -4.5328101258        1.2389362948
 H          1.1382015582       -2.6668622877       -0.1312585874
 H          1.9293656408       -1.3958946766       -2.9948165280
 H         -0.3035036679       -1.6469269097       -4.0665552681
 H         -1.1703762389        2.1711648886       -1.3865690921
 H         -1.2985555160        4.4169293166       -0.3868936938
 H         -2.7858809490        4.8112965520        1.5568257227
 H         -4.1204141370        2.9873267663        2.4681728025
 H         -4.9703736692        1.3084495862        3.3858971666
 H         -6.0557949216        1.2897284240        1.9870403772
 H         -5.7976756067       -0.1698271186        2.9579440721
 H         -2.7839861393        0.1136138826        3.3342422463
 H         -2.2914078680       -0.8083670419        1.9100952761
 H         -3.6304141546       -1.3816248564        2.9057499012
 H         -6.4770154210       -1.1444752577        1.2349536637
 H         -6.9545261557       -2.7091070737       -0.5684631280
 H         -5.2861605938       -3.0914134394       -2.3580343042
 H         -3.1639813337       -1.8148559394       -2.3416350524
 H         -0.1142234277        0.2491618123        0.4299829579
 H          1.5261218159        1.6439633807       -1.9588365363
 H          2.6942821331        3.7770345807       -2.2813438440
 H          4.8750311931        4.1653200253       -1.1610942187
 H          5.8421086708        2.4254763301        0.2490561357
  69
 Etot=         -99.4861595957
 C          6.2626248249       -0.4007045143        0.2556844069
 C          4.8922367442       -0.0264110051        0.8509805420
 C          5.0735940911        0.5560365005        2.2653629753
 C          4.0474453107       -1.2779696179        0.9454507445
 C          4.4812238023       -2.3475770481        1.7117587219
 C          3.7456510433       -3.5150940521        1.8278521074
 C          2.5330201071       -3.6276985972        1.1577671175
 C          2.0756996658       -2.5834290727        0.3908824832
 C          2.8175520166       -1.3965872011        0.2701997623
 N          2.3275317038       -0.3710912097       -0.5040069148
 C          1.0850016274       -0.5393184969       -1.1700474583
 C          1.0238957411       -1.1104486163       -2.4820821334
 C         -0.2033011957       -1.2480125884       -3.0622124152
 N         -1.3599372261       -0.8803705480       -2.4995173691
 C         -1.3092769489       -0.3450807246       -1.2358840416
 N         -2.4914789204        0.0391489940       -0.5979248775
 C         -2.5449310534        1.2899252671       -0.0007369568
 C         -1.7912178184        2.3486797432       -0.5230020964
 C         -1.8748330193        3.6044176604        0.0295260874
 C         -2.7173766791        3.8289736928        1.1146457911
 C         -3.4745906091        2.7869346367        1.6283544859
 C         -3.4082732987        1.5144567813        1.0912385744
 C         -4.1448436843        0.3185916949        1.6512909085
 C         -5.3197605186        0.7151617509        2.5447593212
 C         -3.1416926502       -0.4930518174        2.5032261969
 C         -4.5567893088       -0.5622775053        0.4899499779
 C         -5.7447319468       -1.2715063723        0.4529678050
 C         -6.0190992466       -2.1658664825       -0.5700504452
 C         -5.0849849230       -2.3785339170       -1.5714504768
 C         -3.8977126933       -1.6784045316       -1.5644297143
 C         -3.6366870948       -0.7456498868       -0.5592399236
 C         -0.1139294443       -0.1584432838       -0.5677144402
 C          3.0134452437        0.8107568681       -0.6617801630
 C          2.4686779488        1.8211035909       -1.4714715170
 C          3.1254146141        3.0141519745       -1.6514182597
 C          4.3473116290        3.2324412457       -1.0256454250
 C          4.8898787898        2.2392837568       -0.2278341110
 C          4.2522254681        1.0255070868       -0.0281747838
 H          6.9040240880        0.4728119409        0.1836861324
 H          6.1318462888       -0.8150386059       -0.7419120697
 H          6.7621795743       -1.1417670753        0.8728823977
 H          5.6957950531        1.4458726423        2.2394409993
 H          4.1049813629        0.8251530054        2.6820793959
 H          5.5419056313       -0.1690513266        2.9245843522
 H          5.4211798789       -2.2781111410        2.2379159343
 H          4.1140027192       -4.3286622848        2.4329681397
 H          1.9492094616       -4.5320506358        1.2370306654
 H          1.1367926648       -2.6654294792       -0.1325784418
 H          1.9298431217       -1.3940772789       -2.9917665765
 H         -0.3052689939       -1.6524742024       -4.0607403686
 H         -1.1630063615        2.1683890953       -1.3808839809
 H         -1.2947793537        4.4148849618       -0.3843828977
 H         -2.7857021776        4.8112958029        1.5552605560
 H         -4.1222329493        2.9887099779        2.4659495738
 H         -4.9696426555        1.3085316111        3.3848763392
 H         -6.0547395490        1.2896843115        1.9860338291
 H         -5.7967801325       -0.1698308728        2.9567137564
 H         -2.7812741964        0.1141641923        3.3309984643
 H         -2.2903735958       -0.8051626760        1.9046430230
 H         -3.6265930593       -1.3812641866        2.9025082203
 H         -6.4769341272       -1.1440071242        1.2333906056
 H         -6.9521067138       -2.7087315554       -0.5700072028
 H         -5.2829022007       -3.0906091224       -2.3579540409
 H         -3.1596082040       -1.8145314399       -2.3394069843
 H         -0.1121412015        0.2529450914        0.4312515245
 H          1.5234610696        1.6437964541       -1.9579050023
 H          2.6914683656        3.7773751745       -2.2792395543
 H          4.8720324381        4.1653717430       -1.1600506032
 H          5.8404841588        2.4250568294        0.2486310635
