 
        ______________________________________
       |                                      |
       |          ===================         |
       |             xTB for sTDA             |
       |          ===================         |
       |               S. Grimme              |
       |        Universitaet Bonn, MCTC       |
       |         2015-19, Version 1.0         |
       |     Wed Apr  3 09:14:55 CEST 2019    |
       |______________________________________|
 
        This code comes without any warranty
        for non-commercial, academia use only.
        Preliminary test version.
        Cite this work as:
        S. Grimme  &  C. Bannwarth, JCP 145 (2016) 054103
        if GBSA is used additionally:
        P. Shushkov, F. März, C. Bannwarth, S. Grimme, unpublished.
 
        with help from
        P. Shushkov, G. Brandenburg, S. Dohm, J. Pisarek,
        F. März, M. Checinski, S. Ehrlich, S. Spicher, 
        P. Pracht, E. Caldeweyher, S. Ehlert, and C. Bannwarth.
 
        usage        :
        xtb4stda <coord_file> [options]
        where <coord_file> is a valid file of TM)
        (*coord, Bohr) or xmol (*xyz, Angstroem)
        format.

        options:
        -chrg <int>   : molecular charge
        -uhf  <int>   : # of unpaired electrons(=2*S)
        -nox          : skip second, extended part in sTDA-xTB
        -pop          : do population analysis
                      : (default for -nox)
        -mowr <real>  : cut MO write above (def.3 Eh)
        -molden       : write formatted molden file
        -parx <file>  : read parameters for sTDA-xTB
                        calc (def:~/.param_stda2.xtb)
        -parv <file>  : read parameters for vTB part in
                        sTDA-xTB (def: ~/.param_stda1.xtb)
        -xtemp <real> : el. temp for xTB (def. 0 K)
        -etemp <real> : el. temp for GFN (def. 300 K)
        -fod          : calculate the FOD and write
                        molden.input file with
                        appropriate occupations
                        for plotting. Def. T=12500 K
 
        -acc <real>   : xTB accuracy (def. 1.0)
        -gbsa [string1] [string2]
                        use GBSA implicit solvent
                        for solvent [string1] and
                        solvation state [string2]=
                        reference, bar1M (default=1M)
        additional GFN/opt/MD/siman options read from
        $XTB4STDAHOME/.xtb4stdarc or $set in input
 
       spin and charge state information can be on:
       <.CHRG> (charge) and <.UHF> (=nalpha-nbeta)
       -uhf and -chrg override the file info.
       useful machine settings:
       setenv MKL_NUM_THREADS <NCORE_ON_YOUR_MACHINE>
       setenv OMP_STACKSIZE 500m
       limit stacksize unlimited
 
       total energies in Eh, gaps/HL energies in eV
       please read REVISION and HOWTO files carefully
 =============================
  # OMP threads =          48
 =============================
 
 xtb4stdahome directory:/home/penavora/Exe_xtb_crest/
 
 argument            1 :--gbsa
 argument            2 :toluene
 
 name of molecule           :
 comment line               :
 number of atoms            :    61
 number of electrons        :   180
 charge                     :  0
 spin                       : 0.0
 first test random number   :  0.7010
 
 -----------------------------------------
      charge density (VTB) calculation
 -----------------------------------------
 
      method parameters     
 k(s)        :  1.8000
 k(p)        :  2.8350
 k(d)        :  2.0860
 k(f)        :  2.0000
 Tscal       :  0.3300
 Gscal       :  0.3910
 fpol        :  1.0000
 Zcnf        :  0.6500
 Zqf         :  0.0000
 kcn         :  0.3000
 kEN1        : -0.5900
 wllscal     :  2.6000
 
 Solvent             : toluene
 GBSA parameter file : /home/penavora/Exe_xtb_crest/.param_gbsa_toluene
 Gsolv ref. state (COSMO-RS): gsolv [1 M gas/solution]
 temperature (mdtemp)       :    298.150000000000     
 dielectric constant        :    7.00000000000000     
 rho                        :   0.867000000000000     
 mass                       :    92.1400000000000     
 surface tension            :    15.5689470637553     
 probe radius               :   0.641644990000000     
 vdW radii scaling          :    1.00000000000000     
 Gshift (Eh)                :   4.228772547061559E-003
 c1                         :    1.59772343000000     
 soset                      :   0.281999450000000     
 HB correction              :  F
 
 doing EN charges ...
 sum q : -0.5551115D-15
 point charge moment (au)
     X       Y       Z   
   0.0008   0.1960   0.0273  total (Debye):    0.503
 
            Z      q(EN)   CN      Cart. coordinates
     1  C   4.0  -0.074   3.144    15.95502     0.17629     1.11083
     2  C   4.0  -0.072   3.143    14.49842    -1.47765     2.52364
     3  C   4.0  -0.073   3.189    11.91867    -1.62039     2.13242
     4  C   4.0  -0.003   3.231    10.75743    -0.10441     0.31791
     5  C   4.0   0.009   3.265     8.00755    -0.20411    -0.06818
     6  C   4.0  -0.003   3.275     6.68197    -2.44599    -0.58795
     7  C   4.0  -0.073   3.184     8.00307    -4.73748    -1.05405
     8  C   4.0  -0.072   3.134     6.76513    -6.92248    -1.60477
     9  C   4.0  -0.072   3.134     4.10734    -6.94963    -1.77243
    10  C   4.0  -0.073   3.184     2.76490    -4.79323    -1.37319
    11  C   4.0  -0.003   3.275     3.96799    -2.47649    -0.74442
    12  C   4.0   0.009   3.264     2.53961    -0.26515    -0.37446
    13  C   4.0  -0.003   3.229    -0.22779    -0.22999    -0.28356
    14  C   4.0  -0.072   3.189    -1.55774    -1.85625     1.31194
    15  C   4.0  -0.068   3.190    -4.15674    -1.77175     1.44744
    16  C   4.0   0.090   3.271    -5.52357    -0.06741    -0.03426
    17  N   5.0  -0.311   3.244    -8.15576     0.00030     0.08022
    18  C   4.0   0.086   3.274    -9.52464    -2.23672     0.45523
    19  C   4.0  -0.069   3.190   -11.66170    -2.25327     1.99755
    20  C   4.0  -0.072   3.145   -13.00785    -4.46192     2.35579
    21  C   4.0  -0.074   3.142   -12.24305    -6.68423     1.20097
    22  C   4.0  -0.072   3.145   -10.11981    -6.67840    -0.33165
    23  C   4.0  -0.069   3.191    -8.77079    -4.47578    -0.71371
    24  C   4.0   0.086   3.273    -9.44576     2.30162    -0.15593
    25  C   4.0  -0.069   3.191   -11.73206     2.41799    -1.46218
    26  C   4.0  -0.072   3.145   -13.01237     4.68394    -1.67371
    27  C   4.0  -0.074   3.142   -12.03244     6.86558    -0.60751
    28  C   4.0  -0.072   3.145    -9.75633     6.76170     0.68323
    29  C   4.0  -0.069   3.190    -8.47055     4.50141     0.92007
    30  C   4.0  -0.068   3.189    -4.19677     1.57090    -1.62315
    31  C   4.0  -0.072   3.191    -1.59613     1.50165    -1.72403
    32  C   4.0   0.063   3.681     3.87223     1.99312    -0.02897
    33  N   5.0  -0.304   2.148     2.89067     4.30827     0.29473
    34  S   6.0   0.453   2.879     5.15324     6.27616     0.72119
    35  N   5.0  -0.304   2.147     7.49068     4.35858     0.54823
    36  C   4.0   0.063   3.681     6.59870     2.02178     0.12497
    37  C   4.0  -0.073   3.191    12.23311     1.57394    -1.07162
    38  C   4.0  -0.072   3.144    14.81330     1.70420    -0.68236
    39  H   1.0   0.074   1.004    17.97088     0.28205     1.41440
    40  H   1.0   0.074   1.004    15.37366    -2.65897     3.94090
    41  H   1.0   0.075   1.005    10.78038    -2.88655     3.26146
    42  H   1.0   0.076   1.007    10.04187    -4.69819    -1.00800
    43  H   1.0   0.074   1.004     7.81219    -8.63727    -1.96333
    44  H   1.0   0.074   1.004     3.14981    -8.68425    -2.26207
    45  H   1.0   0.076   1.007     0.73637    -4.79691    -1.58388
    46  H   1.0   0.075   1.006    -0.52946    -3.15202     2.50944
    47  H   1.0   0.076   1.006    -5.15176    -3.01851     2.72132
    48  H   1.0   0.076   1.006   -12.25185    -0.52670     2.91316
    49  H   1.0   0.074   1.004   -14.65674    -4.45005     3.55959
    50  H   1.0   0.074   1.004   -13.29489    -8.40814     1.49202
    51  H   1.0   0.074   1.004    -9.51684    -8.39906    -1.25036
    52  H   1.0   0.076   1.006    -7.12741    -4.47054    -1.92511
    53  H   1.0   0.076   1.006   -12.49191     0.72266    -2.30873
    54  H   1.0   0.074   1.004   -14.78029     4.74796    -2.69283
    55  H   1.0   0.074   1.004   -13.03502     8.63406    -0.78129
    56  H   1.0   0.074   1.004    -8.98173     8.45078     1.52862
    57  H   1.0   0.076   1.006    -6.70566     4.42323     1.94342
    58  H   1.0   0.076   1.006    -5.22712     2.89358    -2.78703
    59  H   1.0   0.076   1.006    -0.59851     2.77451    -2.96666
    60  H   1.0   0.076   1.006    11.34322     2.76397    -2.47010
    61  H   1.0   0.074   1.004    15.93861     3.00437    -1.78319
 
  Z AO/shell   Hii/eV     exponent
  1     Sat Feb 20 21:38:01 CET 2016    EN: 2.327 GAM: 0.473  GM3: 0.0000
     1s    -13.751157    1.051071
  6     Sat Feb 20 21:38:01 CET 2016    EN: 2.731 GAM: 0.422  GM3: 0.0000
     2s    -19.378245    2.021003
     2p    -11.993376    1.497917
  7     Sat Feb 20 21:38:01 CET 2016    EN: 3.573 GAM: 0.504  GM3: 0.0000
     2s    -21.576984    2.275442
     2p    -16.125120    2.056788
 16     Sat Feb 20 23:13:41 CET 2016    EN: 1.915 GAM: 0.389  GM3: 0.0000
     3s    -22.000000    2.671470
     3p    -15.834192    1.836978
     3d     -2.593599    1.836978
 
 dipole moment of classical point charges (au)
     X       Y       Z   
   0.0008   0.1960   0.0273  total (Debye):    0.503

 
 Nbf   :          181
 T(el) :   300.0
 calculating S/T integrals ...
 cpu time for ints    1.53733400000000     
 Nao   :          180
 making H0...
 making H1...
 cpu time for H      0.251466000000000     
 solving ...
 cpu time for diag   0.672891000000000     
 
 gap (eV)           :   1.476
 Koopmans IP (eV)   :  12.762
 Eel (Eh)           :  -141.518772
 T,E(Fermi),NFOD :    300.000   -12.024  0.000000
 T,E(Fermi),NFOD :    300.000   -12.024  0.000000
 Nfod               :  0.0000
 Nfod/Nel           :  0.0000

          eigenvalues
 #    :          78         79         80         81         82         83         84         85
 occ. :        2.000      2.000      2.000      2.000      2.000      2.000      2.000      2.000
 eps  :       -17.001    -16.785    -16.231    -15.664    -15.602    -15.514    -15.501    -15.457
 #    :          86         87         88         89         90         91         92         93
 occ. :        2.000      2.000      2.000      2.000      2.000      0.000      0.000      0.000
 eps  :       -15.307    -15.267    -15.233    -13.438    -12.764    -11.287     -8.283     -7.444
 #    :          94         95         96         97         98         99        100        101
 occ. :        0.000      0.000      0.000      0.000      0.000      0.000      0.000      0.000
 eps  :        -6.452     -6.224     -5.865     -5.668     -5.600     -5.568     -5.523     -5.461
                            1  SCC done.
 making H1...
 cpu time for H      0.771640000000000     
 solving ...
 cpu time for diag   0.302360000000000     
 
 gap (eV)           :   1.587
 Koopmans IP (eV)   :  12.683
 Eel (Eh)           :  -141.412975
 T,E(Fermi),NFOD :    300.000   -11.890  0.000000
 T,E(Fermi),NFOD :    300.000   -11.890  0.000000
 Nfod               :  0.0000
 Nfod/Nel           :  0.0000

          eigenvalues
 #    :          78         79         80         81         82         83         84         85
 occ. :        2.000      2.000      2.000      2.000      2.000      2.000      2.000      2.000
 eps  :       -16.786    -16.669    -16.096    -15.611    -15.575    -15.485    -15.462    -15.412
 #    :          86         87         88         89         90         91         92         93
 occ. :        2.000      2.000      2.000      2.000      2.000      0.000      0.000      0.000
 eps  :       -15.371    -15.298    -15.269    -13.388    -12.684    -11.097     -8.257     -7.482
 #    :          94         95         96         97         98         99        100        101
 occ. :        0.000      0.000      0.000      0.000      0.000      0.000      0.000      0.000
 eps  :        -6.491     -6.173     -5.928     -5.718     -5.667     -5.572     -5.532     -5.412
                            2  SCC done.
 
 
 Mulliken/CM5 charges    n(s)   n(p)   n(d)   
    1 C  -0.0323 -0.0886   1.137  2.896  0.000
    2 C  -0.0315 -0.0879   1.138  2.894  0.000
    3 C  -0.0377 -0.0917   1.143  2.894  0.000
    4 C   0.0029 -0.0044   1.166  2.831  0.000
    5 C   0.0011  0.0034   1.176  2.823  0.000
    6 C   0.0022 -0.0018   1.174  2.824  0.000
    7 C  -0.0366 -0.0902   1.141  2.896  0.000
    8 C  -0.0230 -0.0793   1.138  2.885  0.000
    9 C  -0.0208 -0.0771   1.137  2.884  0.000
   10 C  -0.0373 -0.0909   1.142  2.895  0.000
   11 C   0.0042  0.0002   1.173  2.823  0.000
   12 C   0.0001  0.0024   1.177  2.823  0.000
   13 C  -0.0086 -0.0157   1.162  2.847  0.000
   14 C  -0.0337 -0.0876   1.142  2.891  0.000
   15 C  -0.0392 -0.0879   1.136  2.903  0.000
   16 C   0.0609  0.1169   1.175  2.764  0.000
   17 N  -0.1213 -0.3663   1.223  3.898  0.000
   18 C   0.0538  0.1084   1.177  2.770  0.000
   19 C  -0.0434 -0.0921   1.136  2.907  0.000
   20 C  -0.0341 -0.0902   1.136  2.898  0.000
   21 C  -0.0443 -0.1007   1.134  2.911  0.000
   22 C  -0.0330 -0.0891   1.136  2.897  0.000
   23 C  -0.0432 -0.0920   1.137  2.907  0.000
   24 C   0.0554  0.1101   1.176  2.768  0.000
   25 C  -0.0425 -0.0912   1.136  2.906  0.000
   26 C  -0.0335 -0.0896   1.137  2.897  0.000
   27 C  -0.0453 -0.1017   1.134  2.912  0.000
   28 C  -0.0355 -0.0916   1.136  2.899  0.000
   29 C  -0.0451 -0.0939   1.136  2.909  0.000
   30 C  -0.0407 -0.0893   1.135  2.905  0.000
   31 C  -0.0361 -0.0877   1.140  2.896  0.000
   32 C   0.0253  0.1086   1.208  2.767  0.000
   33 N  -0.2314 -0.3972   1.533  3.699  0.000
   34 S   0.2486  0.3890   1.905  3.664  0.182
   35 N  -0.2268 -0.3920   1.532  3.695  0.000
   36 C   0.0224  0.1055   1.207  2.770  0.000
   37 C  -0.0402 -0.0922   1.141  2.900  0.000
   38 C  -0.0345 -0.0907   1.137  2.897  0.000
   39 H   0.0426  0.0990   0.957  0.000  0.000
   40 H   0.0438  0.1002   0.956  0.000  0.000
   41 H   0.0388  0.0972   0.961  0.000  0.000
   42 H   0.0448  0.1054   0.955  0.000  0.000
   43 H   0.0495  0.1060   0.951  0.000  0.000
   44 H   0.0497  0.1062   0.950  0.000  0.000
   45 H   0.0473  0.1080   0.953  0.000  0.000
   46 H   0.0450  0.1036   0.955  0.000  0.000
   47 H   0.0427  0.1044   0.957  0.000  0.000
   48 H   0.0359  0.0974   0.964  0.000  0.000
   49 H   0.0426  0.0992   0.957  0.000  0.000
   50 H   0.0400  0.0964   0.960  0.000  0.000
   51 H   0.0437  0.1003   0.956  0.000  0.000
   52 H   0.0371  0.0986   0.963  0.000  0.000
   53 H   0.0371  0.0987   0.963  0.000  0.000
   54 H   0.0433  0.0998   0.957  0.000  0.000
   55 H   0.0399  0.0964   0.960  0.000  0.000
   56 H   0.0421  0.0987   0.958  0.000  0.000
   57 H   0.0352  0.0967   0.965  0.000  0.000
   58 H   0.0403  0.1020   0.960  0.000  0.000
   59 H   0.0390  0.1005   0.961  0.000  0.000
   60 H   0.0331  0.0939   0.967  0.000  0.000
   61 H   0.0413  0.0978   0.959  0.000  0.000
 Hirshfeld charges for QMDFF written to <charges>
 
 Loewdin charges    n(s)   n(p)   n(d)
    1 C  -0.0247   1.082  2.943  0.000
    2 C  -0.0233   1.083  2.941  0.000
    3 C  -0.0327   1.090  2.943  0.000
    4 C   0.0086   1.122  2.869  0.000
    5 C  -0.0014   1.136  2.866  0.000
    6 C   0.0066   1.131  2.862  0.000
    7 C  -0.0323   1.088  2.945  0.000
    8 C  -0.0145   1.083  2.932  0.000
    9 C  -0.0127   1.082  2.931  0.000
   10 C  -0.0325   1.089  2.944  0.000
   11 C   0.0080   1.130  2.862  0.000
   12 C  -0.0008   1.137  2.864  0.000
   13 C  -0.0049   1.118  2.887  0.000
   14 C  -0.0273   1.089  2.939  0.000
   15 C  -0.0370   1.084  2.953  0.000
   16 C   0.0585   1.139  2.803  0.000
   17 N  -0.0835   1.182  3.901  0.000
   18 C   0.0519   1.139  2.809  0.000
   19 C  -0.0416   1.084  2.957  0.000
   20 C  -0.0250   1.081  2.944  0.000
   21 C  -0.0383   1.079  2.959  0.000
   22 C  -0.0240   1.081  2.943  0.000
   23 C  -0.0412   1.084  2.957  0.000
   24 C   0.0533   1.139  2.807  0.000
   25 C  -0.0406   1.084  2.956  0.000
   26 C  -0.0244   1.081  2.943  0.000
   27 C  -0.0393   1.079  2.960  0.000
   28 C  -0.0264   1.081  2.945  0.000
   29 C  -0.0432   1.084  2.959  0.000
   30 C  -0.0386   1.083  2.956  0.000
   31 C  -0.0302   1.086  2.944  0.000
   32 C   0.0189   1.174  2.807  0.000
   33 N  -0.1891   1.495  3.695  0.000
   34 S   0.1842   1.896  3.669  0.251
   35 N  -0.1849   1.494  3.691  0.000
   36 C   0.0163   1.174  2.810  0.000
   37 C  -0.0358   1.088  2.948  0.000
   38 C  -0.0262   1.082  2.944  0.000
   39 H   0.0344   0.966  0.000  0.000
   40 H   0.0353   0.965  0.000  0.000
   41 H   0.0310   0.969  0.000  0.000
   42 H   0.0365   0.963  0.000  0.000
   43 H   0.0404   0.960  0.000  0.000
   44 H   0.0407   0.959  0.000  0.000
   45 H   0.0386   0.961  0.000  0.000
   46 H   0.0368   0.963  0.000  0.000
   47 H   0.0344   0.966  0.000  0.000
   48 H   0.0284   0.972  0.000  0.000
   49 H   0.0346   0.965  0.000  0.000
   50 H   0.0325   0.967  0.000  0.000
   51 H   0.0355   0.964  0.000  0.000
   52 H   0.0294   0.971  0.000  0.000
   53 H   0.0294   0.971  0.000  0.000
   54 H   0.0351   0.965  0.000  0.000
   55 H   0.0325   0.968  0.000  0.000
   56 H   0.0342   0.966  0.000  0.000
   57 H   0.0279   0.972  0.000  0.000
   58 H   0.0324   0.968  0.000  0.000
   59 H   0.0312   0.969  0.000  0.000
   60 H   0.0258   0.974  0.000  0.000
   61 H   0.0332   0.967  0.000  0.000
 
 Wiberg/Mayer (AO) data. WBOs > 0.1 written file <wbo>
 largest (>0.05) Wiberg bond orders for each atom
           total WBO             WBO to atom ...
     1  C   3.965    C   38 1.426    C    2 1.425    H   39 0.947    C    4 0.107
     2  C   3.972    C    3 1.441    C    1 1.425    H   40 0.945    C   37 0.108
     3  C   3.966    C    2 1.441    C    4 1.369    H   41 0.947    C   38 0.108
     4  C   3.955    C   37 1.375    C    3 1.369    C    5 0.996    C    1 0.107
     5  C   3.937    C    6 1.311    C   36 1.283    C    4 0.996    C   12 0.116    C    8 0.052
     6  C   3.952    C    5 1.311    C    7 1.217    C   11 1.161
     7  C   3.963    C    8 1.596    C    6 1.217    H   42 0.940    C   10 0.116
     8  C   3.951    C    7 1.596    C    9 1.261    H   43 0.944    C    5 0.052
     9  C   3.951    C   10 1.595    C    8 1.261    H   44 0.944    C   12 0.051
    10  C   3.962    C    9 1.595    C   11 1.218    H   45 0.939    C    7 0.116
    11  C   3.950    C   12 1.307    C   10 1.218    C    6 1.161
    12  C   3.940    C   11 1.307    C   32 1.274    C   13 1.010    C    5 0.116    C    9 0.051
    13  C   3.952    C   31 1.358    C   14 1.352    C   12 1.010    C   16 0.097
    14  C   3.963    C   15 1.463    C   13 1.352    H   46 0.943    C   30 0.098
    15  C   3.966    C   14 1.463    C   16 1.356    H   47 0.943    C   31 0.098
    16  C   3.922    C   30 1.356    C   15 1.356    N   17 1.013    C   13 0.097
    17  N   3.349    C   16 1.013    C   24 0.994    C   18 0.992
    18  C   3.934    C   19 1.373    C   23 1.373    N   17 0.992    C   21 0.106
    19  C   3.970    C   20 1.443    C   18 1.373    H   48 0.947    C   22 0.107
    20  C   3.974    C   19 1.443    C   21 1.425    H   49 0.945    C   23 0.107
    21  C   3.971    C   20 1.425    C   22 1.424    H   50 0.946    C   18 0.106
    22  C   3.974    C   23 1.443    C   21 1.424    H   51 0.945    C   19 0.107
    23  C   3.970    C   22 1.443    C   18 1.373    H   52 0.946    C   20 0.107
    24  C   3.934    C   25 1.373    C   29 1.372    N   17 0.994    C   27 0.106
    25  C   3.970    C   26 1.443    C   24 1.373    H   53 0.946    C   28 0.107
    26  C   3.974    C   25 1.443    C   27 1.425    H   54 0.945    C   29 0.107
    27  C   3.971    C   26 1.425    C   28 1.424    H   55 0.946    C   24 0.106
    28  C   3.974    C   29 1.443    C   27 1.424    H   56 0.945    C   25 0.107
    29  C   3.970    C   28 1.443    C   24 1.372    H   57 0.947    C   26 0.107
    30  C   3.966    C   31 1.462    C   16 1.356    H   58 0.944    C   14 0.098
    31  C   3.966    C   30 1.462    C   13 1.358    H   59 0.944    C   15 0.098
    32  C   3.926    N   33 1.331    C   12 1.274    C   36 1.078    S   34 0.062
    33  N   3.068    S   34 1.356    C   32 1.331    N   35 0.250
    34  S   2.954    N   35 1.358    N   33 1.356    C   32 0.062    C   36 0.060
    35  N   3.066    S   34 1.358    C   36 1.325    N   33 0.250
    36  C   3.927    N   35 1.325    C    5 1.283    C   32 1.078    S   34 0.060
    37  C   3.968    C   38 1.441    C    4 1.375    H   60 0.947    C    2 0.108
    38  C   3.972    C   37 1.441    C    1 1.426    H   61 0.946    C    3 0.108
    39  H   0.996    C    1 0.947
    40  H   0.996    C    2 0.945
    41  H   0.998    C    3 0.947
    42  H   0.996    C    7 0.940
    43  H   0.994    C    8 0.944
    44  H   0.994    C    9 0.944
    45  H   0.996    C   10 0.939
    46  H   0.997    C   14 0.943
    47  H   0.996    C   15 0.943
    48  H   0.999    C   19 0.947
    49  H   0.997    C   20 0.945
    50  H   0.998    C   21 0.946
    51  H   0.997    C   22 0.945
    52  H   0.999    C   23 0.946
    53  H   0.999    C   25 0.946
    54  H   0.997    C   26 0.945
    55  H   0.998    C   27 0.946
    56  H   0.997    C   28 0.945
    57  H   0.999    C   29 0.947
    58  H   0.996    C   30 0.944
    59  H   0.997    C   31 0.944
    60  H   0.999    C   37 0.947
    61  H   0.996    C   38 0.946
 
 --------------------------------------------
          xTB calculation for sTDA...
 --------------------------------------------
 
 reading parameter file /home/penavora/Exe_xtb_crest/.param_stda2.xtb
 
      method parameters     
 k(s)        :  1.6000
 k(p)        :  2.1800
 k(d)        :  1.9500
 k(f)        :  2.0000
 k(R-V)      :  2.2750
 k(R-R)      :  1.7650
 Tscal       :  0.2580
 Gscal       :  1.0000
 fpol        :  1.0000
 Zcnf        :  0.3430
 Zqf         :  0.0000
 kcn         :  2.7000
 Ryd Hsplit  :  0.7000
 lshift(virt):  3.1000
 lshift(OS)  :  0.2000
 wllscaling  :  2.6000
 
 mowrcut     : 3.000
 
  Z AO/shell   Hii/eV     exponent
  1     Sun Feb 14 09:53:25 CET 2016    EN: 2.327 GAM: 0.473  GM3: 0.0000
     1s    -14.339618    1.220000
     2sp    -3.348946    0.600000
  6     Sun Feb 14 09:53:25 CET 2016    EN: 2.731 GAM: 0.422  GM3: 0.0000
     2s    -22.009312    1.565095
     2p    -13.020408    1.596905
     3sp    -3.914040    0.824500
  7     Sun Feb 14 09:53:25 CET 2016    EN: 3.573 GAM: 0.504  GM3: 0.0000
     2s    -25.722000    2.064844
     2p    -18.684912    1.801692
     3sp    -4.344791    0.921400
 16     Sun Feb 21 16:35:57 CET 2016    EN: 1.915 GAM: 0.200  GM3: 0.0000
     3s    -17.898811    2.619580
     3p    -15.317401    1.798798
     4sp    -4.455139    0.843200
 
 Nbf   :          419
 T(el) :     0.0
 calculating S/T integrals ...
 cpu time for ints    8.01270200000000     
 Nao   :          419
 making H0...
 making H1...
 cpu time for H      0.455469000000001     
 solving ...
 cpu time for diag    1.43811200000000     
 
 gap (eV)           :   5.321
 Koopmans IP (eV)   :  13.533
 Eel (Eh)           :  -153.937902

          eigenvalues
 #    :          78         79         80         81         82         83         84         85
 occ. :        2.000      2.000      2.000      2.000      2.000      2.000      2.000      2.000
 eps  :       -17.468    -17.300    -16.874    -16.219    -16.209    -16.187    -16.174    -16.125
 #    :          86         87         88         89         90         91         92         93
 occ. :        2.000      2.000      2.000      2.000      2.000      0.000      0.000      0.000
 eps  :       -16.063    -16.041    -15.948    -14.323    -13.534     -8.213     -6.028     -6.014
 #    :          94         95         96         97         98         99        100        101
 occ. :        0.000      0.000      0.000      0.000      0.000      0.000      0.000      0.000
 eps  :        -5.947     -5.906     -5.841     -5.784     -5.632     -5.626     -5.551     -5.159
                            1  SCC done.
 writing mo output ...
 molden style : F
 
speedup 27.72
cpu  time for all   14.55 s
wall time for all    0.52 s
