 
        ______________________________________
       |                                      |
       |          ===================         |
       |             xTB for sTDA             |
       |          ===================         |
       |               S. Grimme              |
       |        Universitaet Bonn, MCTC       |
       |         2015-19, Version 1.0         |
       |     Wed Apr  3 09:14:55 CEST 2019    |
       |______________________________________|
 
        This code comes without any warranty
        for non-commercial, academia use only.
        Preliminary test version.
        Cite this work as:
        S. Grimme  &  C. Bannwarth, JCP 145 (2016) 054103
        if GBSA is used additionally:
        P. Shushkov, F. März, C. Bannwarth, S. Grimme, unpublished.
 
        with help from
        P. Shushkov, G. Brandenburg, S. Dohm, J. Pisarek,
        F. März, M. Checinski, S. Ehrlich, S. Spicher, 
        P. Pracht, E. Caldeweyher, S. Ehlert, and C. Bannwarth.
 
        usage        :
        xtb4stda <coord_file> [options]
        where <coord_file> is a valid file of TM)
        (*coord, Bohr) or xmol (*xyz, Angstroem)
        format.

        options:
        -chrg <int>   : molecular charge
        -uhf  <int>   : # of unpaired electrons(=2*S)
        -nox          : skip second, extended part in sTDA-xTB
        -pop          : do population analysis
                      : (default for -nox)
        -mowr <real>  : cut MO write above (def.3 Eh)
        -molden       : write formatted molden file
        -parx <file>  : read parameters for sTDA-xTB
                        calc (def:~/.param_stda2.xtb)
        -parv <file>  : read parameters for vTB part in
                        sTDA-xTB (def: ~/.param_stda1.xtb)
        -xtemp <real> : el. temp for xTB (def. 0 K)
        -etemp <real> : el. temp for GFN (def. 300 K)
        -fod          : calculate the FOD and write
                        molden.input file with
                        appropriate occupations
                        for plotting. Def. T=12500 K
 
        -acc <real>   : xTB accuracy (def. 1.0)
        -gbsa [string1] [string2]
                        use GBSA implicit solvent
                        for solvent [string1] and
                        solvation state [string2]=
                        reference, bar1M (default=1M)
        additional GFN/opt/MD/siman options read from
        $XTB4STDAHOME/.xtb4stdarc or $set in input
 
       spin and charge state information can be on:
       <.CHRG> (charge) and <.UHF> (=nalpha-nbeta)
       -uhf and -chrg override the file info.
       useful machine settings:
       setenv MKL_NUM_THREADS <NCORE_ON_YOUR_MACHINE>
       setenv OMP_STACKSIZE 500m
       limit stacksize unlimited
 
       total energies in Eh, gaps/HL energies in eV
       please read REVISION and HOWTO files carefully
 =============================
  # OMP threads =          48
 =============================
 
 xtb4stdahome directory:/home/penavora/Exe_xtb_crest/
 
 
 name of molecule           :
 comment line               :
 number of atoms            :    56
 number of electrons        :   166
 charge                     :  0
 spin                       : 0.0
 first test random number   :  0.8218
 
 -----------------------------------------
      charge density (VTB) calculation
 -----------------------------------------
 
      method parameters     
 k(s)        :  1.8000
 k(p)        :  2.8350
 k(d)        :  2.0860
 k(f)        :  2.0000
 Tscal       :  0.3300
 Gscal       :  0.3910
 fpol        :  1.0000
 Zcnf        :  0.6500
 Zqf         :  0.0000
 kcn         :  0.3000
 kEN1        : -0.5900
 wllscal     :  2.6000
 
     -------------------------
     ! NO SOLVENT MODEL USED !
     -------------------------
 
 doing EN charges ...
 sum q : -0.9992007D-15
 point charge moment (au)
     X       Y       Z   
   0.0003  -0.3098   0.0007  total (Debye):    0.787
 
            Z      q(EN)   CN      Cart. coordinates
     1  O   6.0  -0.108   1.050    -2.16168     6.09841    -6.62244
     2  C   4.0   0.183   3.099    -0.54010     5.97752    -5.02182
     3  O   6.0  -0.211   2.044     0.54661     8.06427    -4.06468
     4  C   4.0  -0.001   3.203     0.43047     3.60947    -3.91822
     5  C   4.0  -0.072   3.184     2.26610     3.60664    -2.03107
     6  C   4.0  -0.073   3.201     3.08339     1.35120    -1.01530
     7  C   4.0  -0.006   3.250     2.06509    -0.94039    -1.83003
     8  C   4.0  -0.004   3.216     2.94477    -3.32140    -0.70157
     9  C   4.0  -0.069   3.148     1.36932    -5.19217     0.01455
    10  C   4.0  -0.069   3.148    -1.35971    -5.19448     0.00864
    11  C   4.0  -0.004   3.216    -2.93825    -3.32321     0.71654
    12  C   4.0  -0.006   3.237    -5.68674    -3.61808     0.45531
    13  C   4.0  -0.074   3.194    -7.31015    -2.64724     2.29110
    14  C   4.0  -0.072   3.143    -9.89593    -2.92529     2.06099
    15  C   4.0  -0.074   3.144   -10.90962    -4.16041    -0.01272
    16  C   4.0  -0.072   3.143    -9.31741    -5.11862    -1.85568
    17  C   4.0  -0.074   3.188    -6.72945    -4.85445    -1.62448
    18  C   4.0  -0.006   3.250    -2.06284    -0.93552     1.83412
    19  C   4.0  -0.073   3.201    -3.08555     1.35033     1.00884
    20  C   4.0  -0.072   3.184    -2.27285     3.61197     2.01441
    21  C   4.0  -0.001   3.203    -0.43747     3.62701     3.90174
    22  C   4.0   0.183   3.099     0.52800     6.00202     4.99480
    23  O   6.0  -0.108   1.050     2.15013     6.13359     6.59401
    24  O   6.0  -0.211   2.044    -0.56428     8.08207     4.02945
    25  C   4.0  -0.072   3.189     0.54087     1.34427     4.78379
    26  C   4.0  -0.072   3.194    -0.26688    -0.90954     3.76332
    27  C   4.0  -0.006   3.237     5.69369    -3.61075    -0.43897
    28  C   4.0  -0.074   3.188     6.73818    -4.83744     1.64568
    29  C   4.0  -0.072   3.143     9.32648    -5.09733     1.87778
    30  C   4.0  -0.074   3.144    10.91735    -4.14429     0.03099
    31  C   4.0  -0.072   3.143     9.90194    -2.91851    -2.04741
    32  C   4.0  -0.074   3.194     7.31577    -2.64481    -2.27853
    33  C   4.0  -0.072   3.194     0.26902    -0.92673    -3.75926
    34  C   4.0  -0.072   3.189    -0.54332     1.32080    -4.78989
    35  H   1.0   0.129   1.012    -0.18123     9.54867    -4.85497
    36  H   1.0   0.076   1.006     3.03577     5.37556    -1.37355
    37  H   1.0   0.076   1.006     4.49833     1.34928     0.45565
    38  H   1.0   0.073   1.007     2.20851    -6.97096     0.59131
    39  H   1.0   0.073   1.007    -2.19595    -6.97720    -0.56021
    40  H   1.0   0.075   1.006    -6.52705    -1.69219     3.91734
    41  H   1.0   0.074   1.004   -11.12802    -2.17371     3.50452
    42  H   1.0   0.074   1.004   -12.93128    -4.36859    -0.19546
    43  H   1.0   0.074   1.004   -10.09781    -6.06813    -3.48569
    44  H   1.0   0.075   1.005    -5.50253    -5.57276    -3.08938
    45  H   1.0   0.076   1.006    -4.50033     1.33888    -0.46222
    46  H   1.0   0.076   1.006    -3.04596     5.37635     1.34876
    47  H   1.0   0.129   1.012     0.16039     9.57157     4.81303
    48  H   1.0   0.075   1.005     1.93545     1.38981     6.27226
    49  H   1.0   0.076   1.006     0.48018    -2.67642     4.45857
    50  H   1.0   0.075   1.005     5.51231    -5.55160     3.11349
    51  H   1.0   0.074   1.004    10.10819    -6.03947     3.51144
    52  H   1.0   0.074   1.004    12.93929    -4.34924     0.21436
    53  H   1.0   0.074   1.004    11.13299    -2.17090    -3.49389
    54  H   1.0   0.075   1.006     6.53138    -1.69716    -3.90847
    55  H   1.0   0.076   1.006    -0.47457    -2.69823    -4.44642
    56  H   1.0   0.075   1.005    -1.93812     1.35679    -6.27841
 
  Z AO/shell   Hii/eV     exponent
  1     Sat Feb 20 21:38:01 CET 2016    EN: 2.327 GAM: 0.473  GM3: 0.0000
     1s    -13.751157    1.051071
  6     Sat Feb 20 21:38:01 CET 2016    EN: 2.731 GAM: 0.422  GM3: 0.0000
     2s    -19.378245    2.021003
     2p    -11.993376    1.497917
  8     Sat Feb 20 21:38:01 CET 2016    EN: 3.700 GAM: 0.587  GM3: 0.0000
     2s    -21.648843    2.110798
     2p    -17.239740    2.329048
 
 dipole moment of classical point charges (au)
     X       Y       Z   
   0.0003  -0.3098   0.0007  total (Debye):    0.787

 
 Nbf   :          158
 T(el) :   300.0
 calculating S/T integrals ...
 cpu time for ints   0.982485000000000     
 Nao   :          158
 making H0...
 making H1...
 cpu time for H      6.815700000000002E-002
 solving ...
 cpu time for diag   0.576725000000000     
 
 gap (eV)           :   4.695
 Koopmans IP (eV)   :  13.399
 Eel (Eh)           :  -130.080463
 T,E(Fermi),NFOD :    300.000   -11.051  0.000000
 T,E(Fermi),NFOD :    300.000   -11.051  0.000000
 Nfod               :  0.0000
 Nfod/Nel           :  0.0000

          eigenvalues
 #    :          71         72         73         74         75         76         77         78
 occ. :        2.000      2.000      2.000      2.000      2.000      2.000      2.000      2.000
 eps  :       -16.663    -16.630    -16.592    -16.154    -16.153    -15.665    -15.629    -15.588
 #    :          79         80         81         82         83         84         85         86
 occ. :        2.000      2.000      2.000      2.000      2.000      0.000      0.000      0.000
 eps  :       -15.556    -15.466    -15.351    -14.963    -13.400     -8.705     -8.061     -7.229
 #    :          87         88         89         90         91         92         93         94
 occ. :        0.000      0.000      0.000      0.000      0.000      0.000      0.000      0.000
 eps  :        -5.897     -5.457     -5.429     -5.319     -5.286     -5.192     -4.593     -4.452
                            1  SCC done.
 making H1...
 cpu time for H      0.635246000000000     
 solving ...
 cpu time for diag   0.393195000000000     
 
 gap (eV)           :   4.758
 Koopmans IP (eV)   :  13.350
 Eel (Eh)           :  -128.901353
 T,E(Fermi),NFOD :    300.000   -10.971  0.000000
 T,E(Fermi),NFOD :    300.000   -10.971  0.000000
 Nfod               :  0.0000
 Nfod/Nel           :  0.0000

          eigenvalues
 #    :          71         72         73         74         75         76         77         78
 occ. :        2.000      2.000      2.000      2.000      2.000      2.000      2.000      2.000
 eps  :       -16.548    -15.680    -15.668    -15.591    -15.580    -15.507    -15.496    -15.330
 #    :          79         80         81         82         83         84         85         86
 occ. :        2.000      2.000      2.000      2.000      2.000      0.000      0.000      0.000
 eps  :       -15.285    -14.827    -14.387    -14.384    -13.351     -8.593     -7.821     -7.071
 #    :          87         88         89         90         91         92         93         94
 occ. :        0.000      0.000      0.000      0.000      0.000      0.000      0.000      0.000
 eps  :        -5.865     -5.438     -5.410     -5.298     -5.239     -5.170     -4.574     -4.386
                            2  SCC done.
 
 
 Mulliken/CM5 charges    n(s)   n(p)   n(d)   
    1 O  -0.3132 -0.3626   1.621  4.692  0.000
    2 C   0.2212  0.2758   1.152  2.627  0.000
    3 O  -0.1580 -0.3555   1.416  4.742  0.000
    4 C  -0.0105 -0.0144   1.169  2.842  0.000
    5 C  -0.0307 -0.0830   1.144  2.887  0.000
    6 C  -0.0290 -0.0825   1.141  2.888  0.000
    7 C   0.0059 -0.0030   1.173  2.821  0.000
    8 C  -0.0058 -0.0141   1.175  2.831  0.000
    9 C  -0.0388 -0.0932   1.145  2.894  0.000
   10 C  -0.0388 -0.0932   1.145  2.894  0.000
   11 C  -0.0058 -0.0141   1.175  2.831  0.000
   12 C  -0.0022 -0.0117   1.168  2.834  0.000
   13 C  -0.0385 -0.0919   1.142  2.897  0.000
   14 C  -0.0329 -0.0892   1.136  2.897  0.000
   15 C  -0.0346 -0.0911   1.136  2.899  0.000
   16 C  -0.0331 -0.0895   1.136  2.897  0.000
   17 C  -0.0403 -0.0943   1.142  2.898  0.000
   18 C   0.0059 -0.0030   1.173  2.821  0.000
   19 C  -0.0290 -0.0825   1.141  2.888  0.000
   20 C  -0.0307 -0.0831   1.144  2.887  0.000
   21 C  -0.0105 -0.0144   1.169  2.842  0.000
   22 C   0.2212  0.2758   1.152  2.627  0.000
   23 O  -0.3132 -0.3626   1.621  4.692  0.000
   24 O  -0.1580 -0.3555   1.416  4.742  0.000
   25 C  -0.0248 -0.0773   1.143  2.881  0.000
   26 C  -0.0302 -0.0834   1.140  2.890  0.000
   27 C  -0.0022 -0.0117   1.168  2.834  0.000
   28 C  -0.0404 -0.0943   1.142  2.898  0.000
   29 C  -0.0331 -0.0895   1.136  2.897  0.000
   30 C  -0.0346 -0.0911   1.136  2.899  0.000
   31 C  -0.0329 -0.0892   1.136  2.897  0.000
   32 C  -0.0385 -0.0919   1.142  2.897  0.000
   33 C  -0.0302 -0.0834   1.140  2.890  0.000
   34 C  -0.0248 -0.0773   1.143  2.881  0.000
   35 H   0.1820  0.3579   0.818  0.000  0.000
   36 H   0.0450  0.1080   0.955  0.000  0.000
   37 H   0.0420  0.1019   0.958  0.000  0.000
   38 H   0.0477  0.1064   0.952  0.000  0.000
   39 H   0.0477  0.1064   0.952  0.000  0.000
   40 H   0.0381  0.0974   0.962  0.000  0.000
   41 H   0.0390  0.0955   0.961  0.000  0.000
   42 H   0.0385  0.0949   0.962  0.000  0.000
   43 H   0.0389  0.0954   0.961  0.000  0.000
   44 H   0.0369  0.0951   0.963  0.000  0.000
   45 H   0.0420  0.1019   0.958  0.000  0.000
   46 H   0.0450  0.1080   0.955  0.000  0.000
   47 H   0.1820  0.3579   0.818  0.000  0.000
   48 H   0.0474  0.1087   0.953  0.000  0.000
   49 H   0.0401  0.0997   0.960  0.000  0.000
   50 H   0.0369  0.0951   0.963  0.000  0.000
   51 H   0.0389  0.0954   0.961  0.000  0.000
   52 H   0.0385  0.0949   0.962  0.000  0.000
   53 H   0.0390  0.0955   0.961  0.000  0.000
   54 H   0.0381  0.0974   0.962  0.000  0.000
   55 H   0.0401  0.0997   0.960  0.000  0.000
   56 H   0.0474  0.1087   0.953  0.000  0.000
 Hirshfeld charges for QMDFF written to <charges>
 
 Loewdin charges    n(s)   n(p)   n(d)
    1 O  -0.2992   1.590  4.709  0.000
    2 C   0.1987   1.124  2.678  0.000
    3 O  -0.1114   1.361  4.750  0.000
    4 C  -0.0124   1.127  2.885  0.000
    5 C  -0.0228   1.090  2.933  0.000
    6 C  -0.0249   1.088  2.937  0.000
    7 C   0.0129   1.129  2.858  0.000
    8 C  -0.0027   1.132  2.870  0.000
    9 C  -0.0336   1.092  2.942  0.000
   10 C  -0.0336   1.092  2.942  0.000
   11 C  -0.0027   1.132  2.870  0.000
   12 C   0.0037   1.124  2.872  0.000
   13 C  -0.0339   1.088  2.945  0.000
   14 C  -0.0250   1.081  2.944  0.000
   15 C  -0.0274   1.081  2.946  0.000
   16 C  -0.0253   1.081  2.944  0.000
   17 C  -0.0361   1.089  2.947  0.000
   18 C   0.0129   1.129  2.858  0.000
   19 C  -0.0249   1.088  2.937  0.000
   20 C  -0.0228   1.090  2.933  0.000
   21 C  -0.0124   1.127  2.885  0.000
   22 C   0.1987   1.124  2.678  0.000
   23 O  -0.2992   1.590  4.709  0.000
   24 O  -0.1114   1.361  4.750  0.000
   25 C  -0.0172   1.089  2.928  0.000
   26 C  -0.0260   1.087  2.939  0.000
   27 C   0.0037   1.124  2.872  0.000
   28 C  -0.0362   1.089  2.947  0.000
   29 C  -0.0253   1.081  2.944  0.000
   30 C  -0.0274   1.081  2.946  0.000
   31 C  -0.0250   1.081  2.944  0.000
   32 C  -0.0339   1.088  2.945  0.000
   33 C  -0.0260   1.087  2.939  0.000
   34 C  -0.0172   1.089  2.928  0.000
   35 H   0.1500   0.850  0.000  0.000
   36 H   0.0358   0.964  0.000  0.000
   37 H   0.0335   0.966  0.000  0.000
   38 H   0.0399   0.960  0.000  0.000
   39 H   0.0399   0.960  0.000  0.000
   40 H   0.0302   0.970  0.000  0.000
   41 H   0.0313   0.969  0.000  0.000
   42 H   0.0309   0.969  0.000  0.000
   43 H   0.0312   0.969  0.000  0.000
   44 H   0.0297   0.970  0.000  0.000
   45 H   0.0336   0.966  0.000  0.000
   46 H   0.0358   0.964  0.000  0.000
   47 H   0.1500   0.850  0.000  0.000
   48 H   0.0378   0.962  0.000  0.000
   49 H   0.0321   0.968  0.000  0.000
   50 H   0.0297   0.970  0.000  0.000
   51 H   0.0312   0.969  0.000  0.000
   52 H   0.0309   0.969  0.000  0.000
   53 H   0.0313   0.969  0.000  0.000
   54 H   0.0302   0.970  0.000  0.000
   55 H   0.0321   0.968  0.000  0.000
   56 H   0.0378   0.962  0.000  0.000
 
 Wiberg/Mayer (AO) data. WBOs > 0.1 written file <wbo>
 largest (>0.05) Wiberg bond orders for each atom
           total WBO             WBO to atom ...
     1  O   2.079    C    2 1.754    O    3 0.169    C    4 0.058
     2  C   3.914    O    1 1.754    O    3 1.094    C    4 0.998
     3  O   2.273    C    2 1.094    H   35 0.954    O    1 0.169
     4  C   3.957    C    5 1.359    C   34 1.351    C    2 0.998    C    7 0.097    O    1 0.058
     5  C   3.972    C    6 1.459    C    4 1.359    H   36 0.944    C   33 0.099
     6  C   3.972    C    5 1.459    C    7 1.361    H   37 0.944    C   34 0.098
     7  C   3.957    C    6 1.361    C   33 1.358    C    8 0.999    C    4 0.097
     8  C   3.939    C    9 1.710    C   27 1.012    C    7 0.999    C   11 0.068
     9  C   3.962    C    8 1.710    C   10 1.102    H   38 0.933
    10  C   3.962    C   11 1.710    C    9 1.102    H   39 0.933
    11  C   3.939    C   10 1.710    C   12 1.012    C   18 0.999    C    8 0.068
    12  C   3.955    C   17 1.364    C   13 1.364    C   11 1.012    C   15 0.104
    13  C   3.964    C   14 1.447    C   12 1.364    H   40 0.946    C   16 0.107
    14  C   3.973    C   13 1.447    C   15 1.422    H   41 0.947    C   17 0.106
    15  C   3.968    C   16 1.425    C   14 1.422    H   42 0.948    C   12 0.104
    16  C   3.973    C   17 1.444    C   15 1.425    H   43 0.946    C   13 0.107
    17  C   3.969    C   16 1.444    C   12 1.364    H   44 0.946    C   14 0.106
    18  C   3.957    C   19 1.361    C   26 1.358    C   11 0.999    C   21 0.097
    19  C   3.972    C   20 1.459    C   18 1.361    H   45 0.944    C   25 0.098
    20  C   3.972    C   19 1.459    C   21 1.359    H   46 0.944    C   26 0.099
    21  C   3.957    C   20 1.359    C   25 1.351    C   22 0.998    C   18 0.097    O   23 0.058
    22  C   3.914    O   23 1.754    O   24 1.094    C   21 0.998
    23  O   2.079    C   22 1.754    O   24 0.169    C   21 0.058
    24  O   2.273    C   22 1.094    H   47 0.954    O   23 0.169
    25  C   3.971    C   26 1.465    C   21 1.351    H   48 0.944    C   19 0.098
    26  C   3.971    C   25 1.465    C   18 1.358    H   49 0.944    C   20 0.099
    27  C   3.955    C   28 1.364    C   32 1.364    C    8 1.012    C   30 0.104
    28  C   3.969    C   29 1.444    C   27 1.364    H   50 0.946    C   31 0.106
    29  C   3.973    C   28 1.444    C   30 1.425    H   51 0.946    C   32 0.107
    30  C   3.968    C   29 1.425    C   31 1.422    H   52 0.948    C   27 0.104
    31  C   3.973    C   32 1.447    C   30 1.422    H   53 0.947    C   28 0.106
    32  C   3.964    C   31 1.447    C   27 1.364    H   54 0.946    C   29 0.107
    33  C   3.971    C   34 1.465    C    7 1.358    H   55 0.944    C    5 0.099
    34  C   3.971    C   33 1.465    C    4 1.351    H   56 0.944    C    6 0.098
    35  H   0.966    O    3 0.954
    36  H   0.996    C    5 0.944
    37  H   0.996    C    6 0.944
    38  H   0.993    C    9 0.933
    39  H   0.993    C   10 0.933
    40  H   0.999    C   13 0.946
    41  H   0.997    C   14 0.947
    42  H   0.996    C   15 0.948
    43  H   0.997    C   16 0.946
    44  H   0.999    C   17 0.946
    45  H   0.996    C   19 0.944
    46  H   0.996    C   20 0.944
    47  H   0.966    O   24 0.954
    48  H   0.996    C   25 0.944
    49  H   0.997    C   26 0.944
    50  H   0.999    C   28 0.946
    51  H   0.997    C   29 0.946
    52  H   0.996    C   30 0.948
    53  H   0.997    C   31 0.947
    54  H   0.999    C   32 0.946
    55  H   0.997    C   33 0.944
    56  H   0.996    C   34 0.944
 
 --------------------------------------------
          xTB calculation for sTDA...
 --------------------------------------------
 
 reading parameter file /home/penavora/Exe_xtb_crest/.param_stda2.xtb
 
      method parameters     
 k(s)        :  1.6000
 k(p)        :  2.1800
 k(d)        :  1.9500
 k(f)        :  2.0000
 k(R-V)      :  2.2750
 k(R-R)      :  1.7650
 Tscal       :  0.2580
 Gscal       :  1.0000
 fpol        :  1.0000
 Zcnf        :  0.3430
 Zqf         :  0.0000
 kcn         :  2.7000
 Ryd Hsplit  :  0.7000
 lshift(virt):  3.1000
 lshift(OS)  :  0.2000
 wllscaling  :  2.6000
 
 mowrcut     : 3.000
 
  Z AO/shell   Hii/eV     exponent
  1     Sun Feb 14 09:53:25 CET 2016    EN: 2.327 GAM: 0.473  GM3: 0.0000
     1s    -14.339618    1.220000
     2sp    -3.348946    0.600000
  6     Sun Feb 14 09:53:25 CET 2016    EN: 2.731 GAM: 0.422  GM3: 0.0000
     2s    -22.009312    1.565095
     2p    -13.020408    1.596905
     3sp    -3.914040    0.824500
  8     Sun Feb 14 09:53:25 CET 2016    EN: 3.700 GAM: 0.587  GM3: 0.0000
     2s    -33.859000    2.418661
     2p    -22.175911    1.973969
     3sp    -4.259392    1.013700
 
 Nbf   :          382
 T(el) :     0.0
 calculating S/T integrals ...
 cpu time for ints    6.00782400000000     
 Nao   :          382
 making H0...
 making H1...
 cpu time for H      3.840999999999539E-003
 solving ...
 cpu time for diag   0.494472000000000     
 
 gap (eV)           :   6.727
 Koopmans IP (eV)   :  14.553
 Eel (Eh)           :  -145.756178

          eigenvalues
 #    :          71         72         73         74         75         76         77         78
 occ. :        2.000      2.000      2.000      2.000      2.000      2.000      2.000      2.000
 eps  :       -18.432    -17.814    -17.243    -17.223    -17.190    -16.362    -16.327    -16.262
 #    :          79         80         81         82         83         84         85         86
 occ. :        2.000      2.000      2.000      2.000      2.000      0.000      0.000      0.000
 eps  :       -16.235    -16.156    -16.089    -15.828    -14.554     -7.827     -7.098     -6.581
 #    :          87         88         89         90         91         92         93         94
 occ. :        0.000      0.000      0.000      0.000      0.000      0.000      0.000      0.000
 eps  :        -6.027     -5.880     -5.853     -5.759     -5.673     -5.158     -5.050     -4.919
                            1  SCC done.
 writing mo output ...
 molden style : F
 
speedup 21.05
cpu  time for all    9.82 s
wall time for all    0.47 s
