  46
 Etot=         -74.4605359044
 C         -0.3881361276       -5.3126231314       -2.4544783511
 C         -0.7395319317       -4.5311788198       -1.1929432988
 C          0.4448938706       -4.4778237275       -0.2310281929
 C          0.1322788443       -3.7027603075        1.0596966076
 N         -0.0584564631       -2.3015396581        0.8063411152
 C          0.9543421484       -1.4129189869        0.6043608792
 C          2.3419167756       -1.5990984885        0.6489168689
 C          3.1539037995       -0.5217253233        0.4053823814
 C          2.6368546783        0.7690162635        0.1134817690
 C          3.4424440593        1.8964242028       -0.1435081502
 C          4.8333643909        1.9934603642       -0.1642678500
 C          5.4283695541        3.2320871080       -0.4493588289
 N          5.9177532491        4.2484523406       -0.6823717027
 C          5.7745237445        0.9861766402        0.0697340238
 N          6.6128532477        0.2138201031        0.2491736590
 C          1.2209424236        0.9440167798        0.0787913197
 C          0.4079009846       -0.1258005865        0.3211440723
 C         -1.0339091447       -0.2927892955        0.3648684137
 C         -2.0752393198        0.5719135922        0.1805504974
 C         -3.4103913439        0.0860033277        0.2953994086
 C         -4.5467744979        0.8992430010        0.1343183727
 C         -4.6086023579        2.2690764452       -0.1397500137
 C         -5.8632067609        2.8835651682       -0.2591069021
 N         -6.8966258674        3.3840041685       -0.3568336422
 C         -3.5493424851        3.1625399241       -0.3158178711
 N         -2.7291392903        3.9598825441       -0.4724090138
 C         -3.6046009409       -1.2931620993        0.5936833947
 C         -2.5646936174       -2.1630658427        0.7811721109
 C         -1.2564200072       -1.6697173916        0.6674900428
 H          0.4412172076       -4.8428900077       -2.9792102527
 H         -0.1032646773       -6.3331730789       -2.2076474670
 H         -1.2410113454       -5.3489196820       -3.1282205702
 H         -1.5883952014       -5.0111826347       -0.7015723138
 H         -1.0396376598       -3.5190113281       -1.4735156759
 H          0.7281089178       -5.4932338294        0.0498247799
 H          1.2980934721       -4.0158802412       -0.7309987490
 H          0.9639843976       -3.8171011304        1.7598423057
 H         -0.7713026211       -4.1032990323        1.5217186952
 H          2.7745851785       -2.5618676452        0.8693155051
 H          4.2224362067       -0.6551542384        0.4367929399
 H          2.9210743276        2.8222031369       -0.3544704010
 H          0.8096596414        1.9179856920       -0.1381461345
 H         -1.8946329565        1.6079375448       -0.0496755145
 H         -5.5102670738        0.4155927155        0.2366182412
 H         -4.6183572073       -1.6542194027        0.6766381877
 H         -2.7579894627       -3.1991966335        1.0073239363
  46
 Etot=         -74.4606258626
 C         -0.3881723594       -5.3124825100       -2.4562782347
 C         -0.7385263389       -4.5321118047       -1.1943254830
 C          0.4444255520       -4.4797749459       -0.2302055969
 C          0.1342505686       -3.7032867666        1.0595561514
 N         -0.0578819743       -2.3011355486        0.8059134780
 C          0.9553881721       -1.4111343239        0.6028219034
 C          2.3427711776       -1.5959519214        0.6467266037
 C          3.1536999155       -0.5184954345        0.4043089773
 C          2.6353588346        0.7722990170        0.1129370038
 C          3.4406667464        1.8987654324       -0.1432278091
 C          4.8312126108        1.9932147404       -0.1640916272
 C          5.4278371290        3.2320122330       -0.4490549016
 N          5.9172718040        4.2466825742       -0.6816522746
 C          5.7685879374        0.9817213317        0.0701841241
 N          6.6021702721        0.2062575341        0.2499560189
 C          1.2194123223        0.9452895081        0.0783555088
 C          0.4069597088       -0.1252982517        0.3203337001
 C         -1.0343511751       -0.2925867257        0.3640931274
 C         -2.0757541329        0.5725529584        0.1803863796
 C         -3.4110437537        0.0870175798        0.2958001721
 C         -4.5465103858        0.8991162553        0.1346723740
 C         -4.6065400318        2.2686962253       -0.1396644695
 C         -5.8614398250        2.8835313031       -0.2620350626
 N         -6.8937402976        3.3837479900       -0.3555740443
 C         -3.5431839521        3.1578019810       -0.3159402948
 N         -2.7196473832        3.9500037890       -0.4715755308
 C         -3.6046064930       -1.2926109036        0.5941080471
 C         -2.5651539339       -2.1620147762        0.7803032755
 C         -1.2574318836       -1.6689196807        0.6662989257
 H          0.4415861964       -4.8423032139       -2.9793583274
 H         -0.1042869099       -6.3328297592       -2.2087287594
 H         -1.2412756082       -5.3470402207       -3.1288875419
 H         -1.5888696522       -5.0093233349       -0.7014117133
 H         -1.0376821076       -3.5175922917       -1.4707132240
 H          0.7292836124       -5.4958627106        0.0490109578
 H          1.2985049912       -4.0165274833       -0.7293700993
 H          0.9641123260       -3.8166730747        1.7631882503
 H         -0.7688905464       -4.1032107175        1.5247032226
 H          2.7758687911       -2.5591412739        0.8675894166
 H          4.2224895534       -0.6518132220        0.4360333312
 H          2.9193133669        2.8247323114       -0.3538816826
 H          0.8063952728        1.9188697771       -0.1377395190
 H         -1.8946354866        1.6087458226       -0.0490678009
 H         -5.5099913682        0.4148609005        0.2369391861
 H         -4.6182377579       -1.6549730406        0.6778688640
 H         -2.7581407454       -3.1987568087        1.0079436293
  46
 Etot=         -74.4606293105
 C         -0.3881531381       -5.3111631527       -2.4569466363
 C         -0.7372204900       -4.5319682042       -1.1944979112
 C          0.4453257744       -4.4814376564       -0.2293648846
 C          0.1359481124       -3.7044900012        1.0591754828
 N         -0.0574272020       -2.3016313350        0.8050865320
 C          0.9559265134       -1.4100355199        0.6010173511
 C          2.3431116813       -1.5931540459        0.6445339091
 C          3.1526353672       -0.5152367142        0.4030399485
 C          2.6331307778        0.7758161425        0.1122805533
 C          3.4384297199        1.9017315167       -0.1429285627
 C          4.8287722906        1.9934782947       -0.1639257746
 C          5.4270229823        3.2323510953       -0.4487235502
 N          5.9166854266        4.2467279615       -0.6810193387
 C          5.7618523967        0.9773365796        0.0706661268
 N          6.5906684804        0.1968723841        0.2501170869
 C          1.2172174017        0.9464554855        0.0779483062
 C          0.4057364121       -0.1253829983        0.3192442347
 C         -1.0348201013       -0.2934988187        0.3629828458
 C         -2.0760277235        0.5720616390        0.1798253582
 C         -3.4116907081        0.0873571536        0.2952687314
 C         -4.5461905365        0.8989973016        0.1341750492
 C         -4.6042400965        2.2686585578       -0.1405000094
 C         -5.8595932443        2.8861191548       -0.2505779862
 N         -6.8906846382        3.3839410935       -0.3668852768
 C         -3.5362124131        3.1531792995       -0.3144202014
 N         -2.7073277383        3.9390875876       -0.4731450115
 C         -3.6047596474       -1.2926460157        0.5944933398
 C         -2.5656860770       -2.1617885989        0.7800070277
 C         -1.2583602462       -1.6691128868        0.6650547364
 H          0.4421334721       -4.8411438817       -2.9788614093
 H         -0.1056118028       -6.3317231273       -2.2096401162
 H         -1.2413688203       -5.3436940769       -3.1288104399
 H         -1.5892987420       -5.0068365405       -0.7010320518
 H         -1.0351345514       -3.5154902537       -1.4678771080
 H          0.7306343227       -5.4980937654        0.0489851063
 H          1.3006868633       -4.0182328008       -0.7281176289
 H          0.9648550890       -3.8164107205        1.7650792296
 H         -0.7667924137       -4.1035303344        1.5277101610
 H          2.7767646310       -2.5566946667        0.8649360440
 H          4.2213702846       -0.6484567338        0.4349286720
 H          2.9171612732        2.8280736685       -0.3527572898
 H          0.8020362138        1.9194927734       -0.1373254911
 H         -1.8936440052        1.6080983720       -0.0486928164
 H         -5.5097299248        0.4149588886        0.2387959290
 H         -4.6182906087       -1.6558481610        0.6794190436
 H         -2.7582678583       -3.1990254198        1.0085273212
