  58
 Etot=         -92.1453970621
 N          5.8477746993       -3.9691115923       -0.1321182510
 C          6.0196455654       -2.8251427882       -0.0995840361
 C          6.3062736975       -1.4650224935       -0.0637859638
 C          7.6764354474       -1.2317795963       -0.1033711223
 N          8.8272882689       -1.1163302847       -0.1400136577
 C          5.3229269174       -0.4450419763       -0.0026974755
 C          5.5623144510        0.9773023251        0.0329476576
 C          6.7398924013        1.7169078408        0.0415644139
 C          6.6640300300        3.0988132997        0.0802883748
 C          5.4362167911        3.7562426701        0.1112145646
 C          4.2529543714        3.0395464155        0.1050473152
 C          4.3093128667        1.6540649982        0.0672474506
 C          3.2726154565        0.6591143967        0.0609786812
 C          1.9032269267        0.7692714436        0.0789535714
 C          1.1063894074       -0.3844368697        0.0410660589
 C         -0.3358102924       -0.2939255483        0.0344693160
 C         -1.1320342808       -1.2829387972       -0.5752579623
 C         -2.5000428863       -1.1943204348       -0.5905739653
 C         -3.1547526044       -0.1037390081        0.0070510532
 N         -4.5317439716       -0.0105374655       -0.0055300520
 C         -5.3228919099       -1.1657497418        0.0158132259
 C         -4.9509100180       -2.2610656287        0.7993548467
 C         -5.7409583631       -3.3935647394        0.8217967880
 C         -6.9056693713       -3.4511877672        0.0707588937
 C         -7.2800703202       -2.3640355120       -0.7052475059
 C         -6.4980233946       -1.2262487798       -0.7368352452
 C         -5.1574605449        1.2421990670       -0.0395819269
 C         -6.3209350783        1.4668522473        0.6997003897
 C         -6.9388263787        2.7011891907        0.6554688729
 C         -6.4111231850        3.7223297640       -0.1211407963
 C         -5.2574874083        3.5018228189       -0.8589375435
 C         -4.6304598791        2.2717654164       -0.8231240937
 C         -2.3712981818        0.8898041820        0.6195520119
 C         -1.0041391050        0.7928884050        0.6314692215
 C          1.7494299645       -1.6524456518        0.0091899623
 C          3.1122863577       -1.7828060849        0.0090291300
 C          3.9156505896       -0.6311282197        0.0211891983
 H          7.7017292336        1.2269811011        0.0190974476
 H          7.5768649843        3.6772500300        0.0861940171
 H          5.4134706802        4.8359257150        0.1401791379
 H          3.3014613027        3.5505015527        0.1288828277
 H          1.4475263842        1.7475719407        0.0754847203
 H         -0.6570424703       -2.1057686494       -1.0856171968
 H         -3.0831279014       -1.9480995487       -1.0980375258
 H         -4.0558651945       -2.2073782394        1.4009907289
 H         -5.4506629848       -4.2326773619        1.4357735159
 H         -7.5196134869       -4.3384372183        0.0921464751
 H         -8.1826074608       -2.4063569740       -1.2958627249
 H         -6.7797352017       -0.3865197525       -1.3541626965
 H         -6.7214410112        0.6765997980        1.3167017490
 H         -7.8329689181        2.8701687619        1.2360847485
 H         -6.8978544071        4.6849914101       -0.1528441800
 H         -4.8489527573        4.2896542632       -1.4735469362
 H         -3.7448938199        2.0918810072       -1.4141753656
 H         -2.8582313271        1.7151785333        1.1169485822
 H         -0.4315425070        1.5443672816        1.1516061158
 H          1.1444216086       -2.5459583946        0.0279755247
 H          3.5650511332       -2.7624638072        0.0011739653
  58
 Etot=         -92.1455139576
 N          5.8387689838       -3.9684284682       -0.1316593028
 C          6.0145438247       -2.8265243883       -0.0974338646
 C          6.3050739924       -1.4661292177       -0.0626288408
 C          7.6760393742       -1.2299103093       -0.0994679435
 N          8.8248810439       -1.1108380025       -0.1393849611
 C          5.3208491159       -0.4445805808       -0.0029707280
 C          5.5614589959        0.9778166230        0.0321574198
 C          6.7393478369        1.7152476847        0.0407891545
 C          6.6638881219        3.0981725928        0.0797185907
 C          5.4371583464        3.7565065127        0.1109266323
 C          4.2530535926        3.0405277226        0.1046015803
 C          4.3091423862        1.6550148504        0.0664954535
 C          3.2729265844        0.6607494098        0.0609326620
 C          1.9041808931        0.7700345235        0.0795011302
 C          1.1082794066       -0.3845667887        0.0408249494
 C         -0.3330527379       -0.2941081479        0.0344433560
 C         -1.1297533388       -1.2819099300       -0.5751931672
 C         -2.4977652089       -1.1920916079       -0.5917367656
 C         -3.1524789655       -0.1040286747        0.0072558261
 N         -4.5315485809       -0.0106513896       -0.0054170358
 C         -5.3234631386       -1.1667991087        0.0160818526
 C         -4.9536178551       -2.2606541019        0.8007455292
 C         -5.7425574512       -3.3939387446        0.8219777762
 C         -6.9062705118       -3.4520694978        0.0707435529
 C         -7.2791961866       -2.3659102255       -0.7060190691
 C         -6.4963420429       -1.2286725357       -0.7380926172
 C         -5.1579084404        1.2430497880       -0.0397817704
 C         -6.3190869248        1.4688296508        0.7009102270
 C         -6.9380215390        2.7026219333        0.6559440963
 C         -6.4116077514        3.7231305185       -0.1210008785
 C         -5.2590494295        3.5021637830       -0.8590022042
 C         -4.6330461328        2.2715984692       -0.8242335465
 C         -2.3694711327        0.8868972274        0.6213732634
 C         -1.0020991581        0.7913886430        0.6316594326
 C          1.7522487185       -1.6536328051        0.0073010883
 C          3.1138526904       -1.7843474062        0.0070315040
 C          3.9169779917       -0.6312125396        0.0198684162
 H          7.6997972105        1.2246993950        0.0189114760
 H          7.5762228234        3.6763808913        0.0857655222
 H          5.4143548339        4.8358273010        0.1401007632
 H          3.3013917429        3.5514763186        0.1287069844
 H          1.4466152459        1.7479302067        0.0759431545
 H         -0.6556738706       -2.1061827384       -1.0845964049
 H         -3.0820976929       -1.9468305844       -1.0974185601
 H         -4.0569664185       -2.2067298666        1.4008898107
 H         -5.4512776686       -4.2331064247        1.4352533170
 H         -7.5201969420       -4.3390312624        0.0920002823
 H         -8.1821125159       -2.4071435832       -1.2960071474
 H         -6.7788501288       -0.3869386918       -1.3533888913
 H         -6.7205173365        0.6768625749        1.3161511919
 H         -7.8327502829        2.8705691494        1.2358425348
 H         -6.8980822816        4.6856590976       -0.1524209819
 H         -4.8492430669        4.2901517733       -1.4724486289
 H         -3.7453455508        2.0917500947       -1.4130911570
 H         -2.8574123195        1.7136741278        1.1166229120
 H         -0.4302787114        1.5446477458        1.1508312685
 H          1.1457415456       -2.5461799932        0.0265006942
 H          3.5663589271       -2.7632640432       -0.0000646076
  58
 Etot=         -92.1455254858
 N          5.8268891074       -3.9686327463       -0.1239797661
 C          6.0081419923       -2.8273644566       -0.1028516813
 C          6.3040645499       -1.4675624576       -0.0622996755
 C          7.6748908470       -1.2271664880       -0.1073351099
 N          8.8237464648       -1.1037027008       -0.1255552084
 C          5.3191372801       -0.4444792400       -0.0029455126
 C          5.5613011552        0.9783783315        0.0316869086
 C          6.7393818747        1.7137511955        0.0400783159
 C          6.6641271708        3.0976363779        0.0789645426
 C          5.4384705289        3.7565706223        0.1104225845
 C          4.2535277968        3.0412804877        0.1042075483
 C          4.3093350749        1.6556429045        0.0659641635
 C          3.2732079211        0.6623810469        0.0607866953
 C          1.9049744920        0.7707283502        0.0795800310
 C          1.1096683969       -0.3843964495        0.0401859708
 C         -0.3308306017       -0.2942350705        0.0341908323
 C         -1.1279627699       -1.2815561029       -0.5748797469
 C         -2.4960364484       -1.1909545679       -0.5921156674
 C         -3.1504139301       -0.1044535826        0.0076656999
 N         -4.5312613184       -0.0107998657       -0.0050440683
 C         -5.3238428940       -1.1677591160        0.0164833615
 C         -4.9552972515       -2.2607742254        0.8016257321
 C         -5.7436844702       -3.3945471917        0.8222285916
 C         -6.9066497658       -3.4529772493        0.0705637708
 C         -7.2786848391       -2.3672677169       -0.7065370330
 C         -6.4953680709       -1.2302455855       -0.7384967921
 C         -5.1578801324        1.2438681480       -0.0394263886
 C         -6.3178919284        1.4701268864        0.7017084600
 C         -6.9375642870        2.7036157005        0.6564427249
 C         -6.4118225207        3.7238869375       -0.1205282003
 C         -5.2596832217        3.5027655767       -0.8584367196
 C         -4.6340626321        2.2719382116       -0.8239648604
 C         -2.3679198256        0.8850785571        0.6222809190
 C         -1.0003541711        0.7905780947        0.6313205265
 C          1.7545539383       -1.6544449374        0.0054944159
 C          3.1148679788       -1.7856259563        0.0055025347
 C          3.9184816703       -0.6313252687        0.0194221881
 H          7.6988700074        1.2230168983        0.0181837127
 H          7.5761714711        3.6756577750        0.0848708924
 H          5.4154569954        4.8356434867        0.1397285519
 H          3.3017745326        3.5522137873        0.1283201586
 H          1.4454457749        1.7479939317        0.0769865715
 H         -0.6548685058       -2.1062221534       -1.0850039484
 H         -3.0811741020       -1.9454080155       -1.0981037824
 H         -4.0588505126       -2.2056136749        1.4026728048
 H         -5.4524144840       -4.2330310186        1.4363856467
 H         -7.5205428759       -4.3398434896        0.0914429958
 H         -8.1805645793       -2.4082927513       -1.2980948487
 H         -6.7760758366       -0.3886428957       -1.3555700056
 H         -6.7184840035        0.6776672523        1.3176301001
 H         -7.8317806436        2.8710170659        1.2372672588
 H         -6.8983905699        4.6862474594       -0.1520665763
 H         -4.8500164784        4.2900656136       -1.4728343743
 H         -3.7471727188        2.0907987902       -1.4143982361
 H         -2.8565774416        1.7113744091        1.1184903286
 H         -0.4296356498        1.5439636745        1.1521144162
 H          1.1460466766       -2.5457039397        0.0236727162
 H          3.5672386979       -2.7638917091       -0.0027601388
