 
        ______________________________________
       |                                      |
       |          ===================         |
       |             xTB for sTDA             |
       |          ===================         |
       |               S. Grimme              |
       |        Universitaet Bonn, MCTC       |
       |         2015-19, Version 1.0         |
       |     Wed Apr  3 09:14:55 CEST 2019    |
       |______________________________________|
 
        This code comes without any warranty
        for non-commercial, academia use only.
        Preliminary test version.
        Cite this work as:
        S. Grimme  &  C. Bannwarth, JCP 145 (2016) 054103
        if GBSA is used additionally:
        P. Shushkov, F. März, C. Bannwarth, S. Grimme, unpublished.
 
        with help from
        P. Shushkov, G. Brandenburg, S. Dohm, J. Pisarek,
        F. März, M. Checinski, S. Ehrlich, S. Spicher, 
        P. Pracht, E. Caldeweyher, S. Ehlert, and C. Bannwarth.
 
        usage        :
        xtb4stda <coord_file> [options]
        where <coord_file> is a valid file of TM)
        (*coord, Bohr) or xmol (*xyz, Angstroem)
        format.

        options:
        -chrg <int>   : molecular charge
        -uhf  <int>   : # of unpaired electrons(=2*S)
        -nox          : skip second, extended part in sTDA-xTB
        -pop          : do population analysis
                      : (default for -nox)
        -mowr <real>  : cut MO write above (def.3 Eh)
        -molden       : write formatted molden file
        -parx <file>  : read parameters for sTDA-xTB
                        calc (def:~/.param_stda2.xtb)
        -parv <file>  : read parameters for vTB part in
                        sTDA-xTB (def: ~/.param_stda1.xtb)
        -xtemp <real> : el. temp for xTB (def. 0 K)
        -etemp <real> : el. temp for GFN (def. 300 K)
        -fod          : calculate the FOD and write
                        molden.input file with
                        appropriate occupations
                        for plotting. Def. T=12500 K
 
        -acc <real>   : xTB accuracy (def. 1.0)
        -gbsa [string1] [string2]
                        use GBSA implicit solvent
                        for solvent [string1] and
                        solvation state [string2]=
                        reference, bar1M (default=1M)
        additional GFN/opt/MD/siman options read from
        $XTB4STDAHOME/.xtb4stdarc or $set in input
 
       spin and charge state information can be on:
       <.CHRG> (charge) and <.UHF> (=nalpha-nbeta)
       -uhf and -chrg override the file info.
       useful machine settings:
       setenv MKL_NUM_THREADS <NCORE_ON_YOUR_MACHINE>
       setenv OMP_STACKSIZE 500m
       limit stacksize unlimited
 
       total energies in Eh, gaps/HL energies in eV
       please read REVISION and HOWTO files carefully
 =============================
  # OMP threads =          48
 =============================
 
 xtb4stdahome directory:/home/penavora/Exe_xtb_crest/
 
 
 name of molecule           :
 comment line               :
 number of atoms            :    90
 number of electrons        :   250
 charge                     :  0
 spin                       : 0.0
 first test random number   :  0.6099
 
 -----------------------------------------
      charge density (VTB) calculation
 -----------------------------------------
 
      method parameters     
 k(s)        :  1.8000
 k(p)        :  2.8350
 k(d)        :  2.0860
 k(f)        :  2.0000
 Tscal       :  0.3300
 Gscal       :  0.3910
 fpol        :  1.0000
 Zcnf        :  0.6500
 Zqf         :  0.0000
 kcn         :  0.3000
 kEN1        : -0.5900
 wllscal     :  2.6000
 
     -------------------------
     ! NO SOLVENT MODEL USED !
     -------------------------
 
 doing EN charges ...
 sum q : -0.6661338D-15
 point charge moment (au)
     X       Y       Z   
  -0.0006   0.1106   0.0010  total (Debye):    0.281
 
            Z      q(EN)   CN      Cart. coordinates
     1  C   4.0  -0.244   4.105    17.76414    -4.54695    -1.89146
     2  C   4.0  -0.032   4.140    16.65916    -2.93443     0.26360
     3  C   4.0  -0.244   4.105    18.49766    -2.86692     2.51757
     4  C   4.0   0.010   3.301    16.28202    -0.26236    -0.70108
     5  C   4.0  -0.072   3.198    18.34800     1.09176    -1.58430
     6  C   4.0  -0.072   3.141    18.11723     3.51149    -2.54105
     7  C   4.0  -0.072   3.144    15.75143     4.61537    -2.65872
     8  C   4.0  -0.069   3.201    13.66760     3.31385    -1.79116
     9  C   4.0   0.096   3.302    13.90342     0.88817    -0.77041
    10  N   5.0  -0.313   3.254    11.77550    -0.36575     0.10784
    11  C   4.0   0.079   3.293     9.41125     0.89050     0.06109
    12  C   4.0  -0.068   3.185     8.91514     2.83295     1.76171
    13  C   4.0  -0.072   3.189     6.60877     4.05028     1.72160
    14  C   4.0  -0.004   3.229     4.74599     3.32567     0.00711
    15  C   4.0  -0.001   3.259     2.29313     4.61844     0.00268
    16  C   4.0   0.030   3.254     2.14604     7.24947     0.00815
    17  N   5.0  -0.218   2.116     0.00224     8.51959    -0.03362
    18  C   4.0   0.030   3.254    -2.14248     7.25076    -0.06669
    19  C   4.0  -0.001   3.259    -2.29160     4.61990    -0.04507
    20  C   4.0  -0.004   3.229    -4.74572     3.32959    -0.03527
    21  C   4.0  -0.072   3.189    -6.61592     4.04987    -1.74348
    22  C   4.0  -0.068   3.185    -8.92434     2.83567    -1.76706
    23  C   4.0   0.079   3.293    -9.41352     0.90000    -0.05710
    24  N   5.0  -0.313   3.254   -11.77808    -0.35749    -0.08951
    25  C   4.0   0.096   3.302   -13.89621     0.88349     0.82836
    26  C   4.0  -0.069   3.201   -13.65105     3.30067     1.86665
    27  C   4.0  -0.072   3.144   -15.72518     4.58853     2.77694
    28  C   4.0  -0.072   3.141   -18.08958     3.47925     2.68402
    29  C   4.0  -0.072   3.198   -18.32913     1.06886     1.70582
    30  C   4.0   0.010   3.301   -16.27321    -0.27145     0.77937
    31  C   4.0  -0.032   4.140   -16.65827    -2.93307    -0.21118
    32  C   4.0  -0.244   4.105   -18.52624    -2.84265    -2.43996
    33  C   4.0  -0.244   4.105   -17.73245    -4.57286     1.93887
    34  C   4.0   0.010   3.301   -14.20490    -4.10054    -1.12419
    35  C   4.0  -0.072   3.198   -14.22313    -6.53692    -2.09772
    36  C   4.0  -0.072   3.141   -12.05979    -7.68583    -3.00457
    37  C   4.0  -0.072   3.145    -9.80483    -6.36529    -2.97268
    38  C   4.0  -0.069   3.201    -9.73267    -3.94266    -2.01603
    39  C   4.0   0.095   3.302   -11.90865    -2.79454    -1.05397
    40  C   4.0  -0.068   3.185    -7.56883     0.20363     1.68030
    41  C   4.0  -0.072   3.192    -5.25176     1.40187     1.68466
    42  C   4.0  -0.023   3.250     0.00029     3.28329    -0.01794
    43  C   4.0   0.244   2.132     0.00058     0.60678    -0.01121
    44  N   5.0  -0.219   1.028     0.00292    -1.56011    -0.00646
    45  C   4.0  -0.072   3.192     5.25801     1.39039    -1.70243
    46  C   4.0  -0.068   3.186     7.57390     0.19003    -1.68270
    47  C   4.0   0.095   3.302    11.89896    -2.81301     1.04835
    48  C   4.0  -0.069   3.201     9.71487    -3.97436     1.97564
    49  C   4.0  -0.072   3.145     9.77998    -6.40757     2.90562
    50  C   4.0  -0.072   3.141    12.03592    -7.72621     2.94588
    51  C   4.0  -0.072   3.198    14.20739    -6.56385     2.07664
    52  C   4.0   0.010   3.301    14.19636    -4.11634     1.13115
    53  H   1.0   0.083   1.000    19.55512    -3.78012    -2.53927
    54  H   1.0   0.083   1.000    18.07827    -6.47982    -1.27474
    55  H   1.0   0.082   1.000    16.45870    -4.57711    -3.48074
    56  H   1.0   0.083   1.000    18.84769    -4.75792     3.23632
    57  H   1.0   0.082   0.999    17.69889    -1.73363     4.03704
    58  H   1.0   0.083   1.000    20.29757    -2.04323     1.97223
    59  H   1.0   0.076   1.006    20.20064     0.23929    -1.53270
    60  H   1.0   0.074   1.004    19.76500     4.51307    -3.20542
    61  H   1.0   0.074   1.004    15.51943     6.48950    -3.43222
    62  H   1.0   0.077   1.008    11.82600     4.18109    -1.91724
    63  H   1.0   0.075   1.005    10.34974     3.37594     3.10751
    64  H   1.0   0.075   1.005     6.21966     5.53848     3.06352
    65  H   1.0   0.076   1.005     3.85127     8.37705     0.00706
    66  H   1.0   0.076   1.005    -3.84688     8.37958    -0.07139
    67  H   1.0   0.075   1.005    -6.23146     5.53197    -3.09347
    68  H   1.0   0.075   1.005   -10.36523     3.37525    -3.10748
    69  H   1.0   0.077   1.008   -11.80964     4.17130     1.97177
    70  H   1.0   0.074   1.004   -15.48689     6.45614     3.56419
    71  H   1.0   0.074   1.004   -19.72970     4.46987     3.38291
    72  H   1.0   0.076   1.006   -20.18062     0.21295     1.67191
    73  H   1.0   0.083   1.000   -20.31916    -2.02579    -1.86221
    74  H   1.0   0.083   1.000   -18.88486    -4.72616    -3.17399
    75  H   1.0   0.082   0.999   -17.74808    -1.69282    -3.95769
    76  H   1.0   0.082   1.000   -16.40784    -4.61689     3.51189
    77  H   1.0   0.083   1.000   -18.04834    -6.49967     1.30431
    78  H   1.0   0.083   1.000   -19.51773    -3.81877     2.61666
    79  H   1.0   0.076   1.006   -15.97639    -7.57822    -2.15861
    80  H   1.0   0.074   1.004   -12.14072    -9.58552    -3.74249
    81  H   1.0   0.074   1.004    -8.09532    -7.21219    -3.69552
    82  H   1.0   0.077   1.008    -7.96605    -2.92436    -2.02090
    83  H   1.0   0.076   1.005    -7.96136    -1.28898     3.01433
    84  H   1.0   0.076   1.006    -3.84086     0.86478     3.05731
    85  H   1.0   0.076   1.006     3.85310     0.84940    -3.07968
    86  H   1.0   0.076   1.005     7.97117    -1.30734    -3.00999
    87  H   1.0   0.077   1.008     7.94711    -2.95814     1.97523
    88  H   1.0   0.074   1.004     8.06414    -7.26421     3.60146
    89  H   1.0   0.074   1.004    12.11133    -9.63430     3.66239
    90  H   1.0   0.076   1.006    15.96156    -7.60313     2.14526
 
  Z AO/shell   Hii/eV     exponent
  1     Sat Feb 20 21:38:01 CET 2016    EN: 2.327 GAM: 0.473  GM3: 0.0000
     1s    -13.751157    1.051071
  6     Sat Feb 20 21:38:01 CET 2016    EN: 2.731 GAM: 0.422  GM3: 0.0000
     2s    -19.378245    2.021003
     2p    -11.993376    1.497917
  7     Sat Feb 20 21:38:01 CET 2016    EN: 3.573 GAM: 0.504  GM3: 0.0000
     2s    -21.576984    2.275442
     2p    -16.125120    2.056788
 
 dipole moment of classical point charges (au)
     X       Y       Z   
  -0.0006   0.1106   0.0010  total (Debye):    0.281

 
 Nbf   :          246
 T(el) :   300.0
 calculating S/T integrals ...
 cpu time for ints    1.63548800000000     
 Nao   :          246
 making H0...
 making H1...
 cpu time for H      0.103871000000000     
 solving ...
 cpu time for diag   0.730479000000000     
 
 gap (eV)           :   4.153
 Koopmans IP (eV)   :  13.031
 Eel (Eh)           :  -196.230511
 T,E(Fermi),NFOD :    300.000   -10.954  0.000000
 T,E(Fermi),NFOD :    300.000   -10.954  0.000000
 Nfod               :  0.0000
 Nfod/Nel           :  0.0000

          eigenvalues
 #    :         113        114        115        116        117        118        119        120
 occ. :        2.000      2.000      2.000      2.000      2.000      2.000      2.000      2.000
 eps  :       -15.873    -15.634    -15.629    -15.441    -15.439    -15.367    -15.366    -15.318
 #    :         121        122        123        124        125        126        127        128
 occ. :        2.000      2.000      2.000      2.000      2.000      0.000      0.000      0.000
 eps  :       -15.316    -14.944    -14.499    -13.034    -13.032     -8.879     -7.049     -6.955
 #    :         129        130        131        132        133        134        135        136
 occ. :        0.000      0.000      0.000      0.000      0.000      0.000      0.000      0.000
 eps  :        -6.928     -5.811     -5.737     -5.736     -5.652     -5.500     -5.463     -5.462
                            1  SCC done.
 making H1...
 cpu time for H      0.841018000000000     
 solving ...
 cpu time for diag   0.570787999999999     
 
 gap (eV)           :   4.089
 Koopmans IP (eV)   :  12.807
 Eel (Eh)           :  -195.629624
 T,E(Fermi),NFOD :    300.000   -10.762  0.000000
 T,E(Fermi),NFOD :    300.000   -10.762  0.000000
 Nfod               :  0.0000
 Nfod/Nel           :  0.0000

          eigenvalues
 #    :         113        114        115        116        117        118        119        120
 occ. :        2.000      2.000      2.000      2.000      2.000      2.000      2.000      2.000
 eps  :       -15.673    -15.666    -15.333    -15.300    -15.299    -15.222    -15.222    -15.157
 #    :         121        122        123        124        125        126        127        128
 occ. :        2.000      2.000      2.000      2.000      2.000      0.000      0.000      0.000
 eps  :       -15.151    -15.019    -14.625    -12.809    -12.808     -8.719     -7.209     -6.905
 #    :         129        130        131        132        133        134        135        136
 occ. :        0.000      0.000      0.000      0.000      0.000      0.000      0.000      0.000
 eps  :        -6.890     -5.865     -5.719     -5.582     -5.582     -5.506     -5.425     -5.343
                            2  SCC done.
 
 
 Mulliken/CM5 charges    n(s)   n(p)   n(d)   
    1 C  -0.1027 -0.2498   1.109  2.994  0.000
    2 C   0.0210  0.0010   1.225  2.754  0.000
    3 C  -0.1027 -0.2497   1.109  2.994  0.000
    4 C  -0.0220 -0.0245   1.185  2.837  0.000
    5 C  -0.0447 -0.0995   1.140  2.904  0.000
    6 C  -0.0520 -0.1085   1.132  2.920  0.000
    7 C  -0.0380 -0.0942   1.136  2.902  0.000
    8 C  -0.0583 -0.1063   1.135  2.923  0.000
    9 C   0.0507  0.1126   1.180  2.770  0.000
   10 N  -0.1176 -0.3599   1.225  3.893  0.000
   11 C   0.0645  0.1151   1.176  2.759  0.000
   12 C  -0.0261 -0.0755   1.139  2.887  0.000
   13 C  -0.0321 -0.0854   1.140  2.892  0.000
   14 C  -0.0062 -0.0140   1.165  2.842  0.000
   15 C   0.0139  0.0144   1.182  2.804  0.000
   16 C   0.0271  0.0563   1.161  2.811  0.000
   17 N  -0.1642 -0.3648   1.480  3.684  0.000
   18 C   0.0271  0.0563   1.161  2.811  0.000
   19 C   0.0139  0.0144   1.182  2.804  0.000
   20 C  -0.0061 -0.0138   1.165  2.841  0.000
   21 C  -0.0320 -0.0853   1.140  2.892  0.000
   22 C  -0.0260 -0.0753   1.139  2.887  0.000
   23 C   0.0645  0.1151   1.176  2.759  0.000
   24 N  -0.1178 -0.3602   1.225  3.893  0.000
   25 C   0.0507  0.1126   1.180  2.770  0.000
   26 C  -0.0583 -0.1063   1.135  2.923  0.000
   27 C  -0.0380 -0.0942   1.136  2.902  0.000
   28 C  -0.0520 -0.1086   1.132  2.920  0.000
   29 C  -0.0447 -0.0995   1.140  2.904  0.000
   30 C  -0.0220 -0.0245   1.185  2.837  0.000
   31 C   0.0210  0.0011   1.225  2.754  0.000
   32 C  -0.1027 -0.2497   1.109  2.994  0.000
   33 C  -0.1027 -0.2498   1.109  2.994  0.000
   34 C  -0.0225 -0.0250   1.185  2.837  0.000
   35 C  -0.0451 -0.0999   1.140  2.905  0.000
   36 C  -0.0515 -0.1080   1.132  2.920  0.000
   37 C  -0.0365 -0.0927   1.136  2.901  0.000
   38 C  -0.0564 -0.1044   1.135  2.921  0.000
   39 C   0.0502  0.1118   1.180  2.770  0.000
   40 C  -0.0232 -0.0726   1.139  2.884  0.000
   41 C  -0.0290 -0.0812   1.141  2.888  0.000
   42 C   0.0182  0.0225   1.160  2.821  0.000
   43 C   0.1066  0.2251   1.177  2.716  0.000
   44 N  -0.2128 -0.3433   1.643  3.569  0.000
   45 C  -0.0290 -0.0812   1.141  2.888  0.000
   46 C  -0.0234 -0.0728   1.139  2.884  0.000
   47 C   0.0502  0.1118   1.180  2.770  0.000
   48 C  -0.0564 -0.1044   1.135  2.921  0.000
   49 C  -0.0365 -0.0927   1.136  2.901  0.000
   50 C  -0.0514 -0.1079   1.132  2.920  0.000
   51 C  -0.0451 -0.0999   1.140  2.905  0.000
   52 C  -0.0225 -0.0250   1.185  2.837  0.000
   53 H   0.0334  0.0876   0.967  0.000  0.000
   54 H   0.0337  0.0879   0.966  0.000  0.000
   55 H   0.0343  0.0882   0.966  0.000  0.000
   56 H   0.0337  0.0878   0.966  0.000  0.000
   57 H   0.0341  0.0880   0.966  0.000  0.000
   58 H   0.0334  0.0876   0.967  0.000  0.000
   59 H   0.0432  0.1021   0.957  0.000  0.000
   60 H   0.0390  0.0955   0.961  0.000  0.000
   61 H   0.0419  0.0985   0.958  0.000  0.000
   62 H   0.0386  0.1023   0.961  0.000  0.000
   63 H   0.0433  0.1039   0.957  0.000  0.000
   64 H   0.0439  0.1021   0.956  0.000  0.000
   65 H   0.0564  0.1250   0.944  0.000  0.000
   66 H   0.0564  0.1250   0.944  0.000  0.000
   67 H   0.0439  0.1022   0.956  0.000  0.000
   68 H   0.0433  0.1038   0.957  0.000  0.000
   69 H   0.0386  0.1022   0.961  0.000  0.000
   70 H   0.0419  0.0985   0.958  0.000  0.000
   71 H   0.0390  0.0955   0.961  0.000  0.000
   72 H   0.0431  0.1021   0.957  0.000  0.000
   73 H   0.0334  0.0876   0.967  0.000  0.000
   74 H   0.0336  0.0878   0.966  0.000  0.000
   75 H   0.0341  0.0880   0.966  0.000  0.000
   76 H   0.0343  0.0882   0.966  0.000  0.000
   77 H   0.0337  0.0879   0.966  0.000  0.000
   78 H   0.0334  0.0875   0.967  0.000  0.000
   79 H   0.0429  0.1018   0.957  0.000  0.000
   80 H   0.0390  0.0955   0.961  0.000  0.000
   81 H   0.0431  0.0997   0.957  0.000  0.000
   82 H   0.0402  0.1039   0.960  0.000  0.000
   83 H   0.0444  0.1050   0.956  0.000  0.000
   84 H   0.0470  0.1079   0.953  0.000  0.000
   85 H   0.0469  0.1078   0.953  0.000  0.000
   86 H   0.0444  0.1050   0.956  0.000  0.000
   87 H   0.0403  0.1040   0.960  0.000  0.000
   88 H   0.0431  0.0997   0.957  0.000  0.000
   89 H   0.0390  0.0955   0.961  0.000  0.000
   90 H   0.0429  0.1018   0.957  0.000  0.000
 Hirshfeld charges for QMDFF written to <charges>
 
 Loewdin charges    n(s)   n(p)   n(d)
    1 C  -0.1087   1.039  3.070  0.000
    2 C   0.0319   1.184  2.784  0.000
    3 C  -0.1086   1.038  3.070  0.000
    4 C  -0.0237   1.146  2.878  0.000
    5 C  -0.0392   1.087  2.952  0.000
    6 C  -0.0464   1.078  2.969  0.000
    7 C  -0.0290   1.080  2.949  0.000
    8 C  -0.0572   1.083  2.974  0.000
    9 C   0.0455   1.144  2.811  0.000
   10 N  -0.0789   1.184  3.895  0.000
   11 C   0.0630   1.139  2.798  0.000
   12 C  -0.0226   1.086  2.936  0.000
   13 C  -0.0264   1.087  2.940  0.000
   14 C  -0.0011   1.121  2.880  0.000
   15 C   0.0160   1.140  2.844  0.000
   16 C   0.0241   1.116  2.860  0.000
   17 N  -0.1388   1.442  3.697  0.000
   18 C   0.0241   1.116  2.860  0.000
   19 C   0.0160   1.140  2.844  0.000
   20 C  -0.0009   1.121  2.880  0.000
   21 C  -0.0263   1.087  2.939  0.000
   22 C  -0.0225   1.086  2.936  0.000
   23 C   0.0631   1.139  2.798  0.000
   24 N  -0.0791   1.184  3.895  0.000
   25 C   0.0455   1.144  2.811  0.000
   26 C  -0.0572   1.083  2.974  0.000
   27 C  -0.0290   1.080  2.949  0.000
   28 C  -0.0465   1.078  2.969  0.000
   29 C  -0.0392   1.087  2.952  0.000
   30 C  -0.0238   1.146  2.878  0.000
   31 C   0.0319   1.184  2.784  0.000
   32 C  -0.1086   1.038  3.070  0.000
   33 C  -0.1087   1.039  3.070  0.000
   34 C  -0.0242   1.146  2.878  0.000
   35 C  -0.0396   1.087  2.953  0.000
   36 C  -0.0458   1.078  2.968  0.000
   37 C  -0.0275   1.080  2.947  0.000
   38 C  -0.0553   1.083  2.972  0.000
   39 C   0.0451   1.144  2.811  0.000
   40 C  -0.0198   1.086  2.934  0.000
   41 C  -0.0233   1.087  2.936  0.000
   42 C   0.0179   1.117  2.865  0.000
   43 C   0.0972   1.145  2.758  0.000
   44 N  -0.1997   1.605  3.595  0.000
   45 C  -0.0233   1.087  2.936  0.000
   46 C  -0.0199   1.086  2.934  0.000
   47 C   0.0451   1.144  2.811  0.000
   48 C  -0.0552   1.083  2.972  0.000
   49 C  -0.0275   1.080  2.947  0.000
   50 C  -0.0458   1.078  2.968  0.000
   51 C  -0.0396   1.087  2.953  0.000
   52 C  -0.0242   1.146  2.878  0.000
   53 H   0.0340   0.966  0.000  0.000
   54 H   0.0343   0.966  0.000  0.000
   55 H   0.0337   0.966  0.000  0.000
   56 H   0.0343   0.966  0.000  0.000
   57 H   0.0336   0.966  0.000  0.000
   58 H   0.0341   0.966  0.000  0.000
   59 H   0.0366   0.963  0.000  0.000
   60 H   0.0319   0.968  0.000  0.000
   61 H   0.0343   0.966  0.000  0.000
   62 H   0.0314   0.969  0.000  0.000
   63 H   0.0346   0.965  0.000  0.000
   64 H   0.0356   0.964  0.000  0.000
   65 H   0.0448   0.955  0.000  0.000
   66 H   0.0448   0.955  0.000  0.000
   67 H   0.0357   0.964  0.000  0.000
   68 H   0.0346   0.965  0.000  0.000
   69 H   0.0313   0.969  0.000  0.000
   70 H   0.0343   0.966  0.000  0.000
   71 H   0.0319   0.968  0.000  0.000
   72 H   0.0366   0.963  0.000  0.000
   73 H   0.0341   0.966  0.000  0.000
   74 H   0.0343   0.966  0.000  0.000
   75 H   0.0336   0.966  0.000  0.000
   76 H   0.0337   0.966  0.000  0.000
   77 H   0.0343   0.966  0.000  0.000
   78 H   0.0340   0.966  0.000  0.000
   79 H   0.0364   0.964  0.000  0.000
   80 H   0.0320   0.968  0.000  0.000
   81 H   0.0353   0.965  0.000  0.000
   82 H   0.0327   0.967  0.000  0.000
   83 H   0.0355   0.965  0.000  0.000
   84 H   0.0382   0.962  0.000  0.000
   85 H   0.0381   0.962  0.000  0.000
   86 H   0.0355   0.965  0.000  0.000
   87 H   0.0328   0.967  0.000  0.000
   88 H   0.0353   0.965  0.000  0.000
   89 H   0.0320   0.968  0.000  0.000
   90 H   0.0364   0.964  0.000  0.000
 
 Wiberg/Mayer (AO) data. WBOs > 0.1 written file <wbo>
 largest (>0.05) Wiberg bond orders for each atom
           total WBO             WBO to atom ...
     1  C   3.978    H   55 0.978    H   53 0.976    H   54 0.976    C    2 0.953
     2  C   3.924    C    3 0.953    C    1 0.953    C    4 0.947    C   52 0.947
     3  C   3.978    H   57 0.978    H   56 0.976    H   58 0.976    C    2 0.953
     4  C   3.945    C    5 1.402    C    9 1.332    C    2 0.947    C    7 0.102
     5  C   3.971    C    6 1.432    C    4 1.402    H   59 0.942    C    8 0.105
     6  C   3.970    C    5 1.432    C    7 1.415    H   60 0.945    C    9 0.098
     7  C   3.973    C    8 1.452    C    6 1.415    H   61 0.944    C    4 0.102
     8  C   3.967    C    7 1.452    C    9 1.355    H   62 0.941    C    5 0.105
     9  C   3.932    C    8 1.355    C    4 1.332    N   10 1.032    C    6 0.098
    10  N   3.380    C    9 1.032    C   47 1.029    C   11 0.954
    11  C   3.928    C   46 1.383    C   12 1.383    N   10 0.954    C   14 0.105
    12  C   3.968    C   13 1.446    C   11 1.383    H   63 0.945    C   45 0.105
    13  C   3.970    C   12 1.446    C   14 1.370    H   64 0.944    C   46 0.104
    14  C   3.957    C   45 1.370    C   13 1.370    C   15 0.998    C   11 0.105
    15  C   3.947    C   16 1.375    C   42 1.293    C   14 0.998    C   18 0.094    N   44 0.064
    16  C   3.952    N   17 1.428    C   15 1.375    H   65 0.945    C   19 0.094
    17  N   3.104    C   18 1.428    C   16 1.428    C   42 0.100
    18  C   3.952    N   17 1.428    C   19 1.375    H   66 0.945    C   15 0.094
    19  C   3.947    C   18 1.375    C   42 1.293    C   20 0.998    C   16 0.094    N   44 0.064
    20  C   3.957    C   21 1.370    C   41 1.370    C   19 0.998    C   23 0.105
    21  C   3.970    C   22 1.446    C   20 1.370    H   67 0.944    C   40 0.105
    22  C   3.968    C   21 1.446    C   23 1.383    H   68 0.945    C   41 0.105
    23  C   3.928    C   40 1.384    C   22 1.383    N   24 0.953    C   20 0.105
    24  N   3.379    C   25 1.032    C   39 1.029    C   23 0.953
    25  C   3.932    C   26 1.355    C   30 1.332    N   24 1.032    C   28 0.098
    26  C   3.967    C   27 1.452    C   25 1.355    H   69 0.941    C   29 0.105
    27  C   3.973    C   26 1.452    C   28 1.415    H   70 0.944    C   30 0.102
    28  C   3.970    C   29 1.431    C   27 1.415    H   71 0.945    C   25 0.098
    29  C   3.971    C   28 1.431    C   30 1.402    H   72 0.942    C   26 0.105
    30  C   3.945    C   29 1.402    C   25 1.332    C   31 0.947    C   27 0.102
    31  C   3.924    C   33 0.953    C   32 0.953    C   30 0.947    C   34 0.947
    32  C   3.978    H   75 0.978    H   74 0.976    H   73 0.976    C   31 0.953
    33  C   3.978    H   76 0.978    H   78 0.976    H   77 0.976    C   31 0.953
    34  C   3.945    C   35 1.401    C   39 1.333    C   31 0.947    C   37 0.103
    35  C   3.971    C   36 1.432    C   34 1.401    H   79 0.942    C   38 0.105
    36  C   3.970    C   35 1.432    C   37 1.415    H   80 0.945    C   39 0.098
    37  C   3.973    C   38 1.452    C   36 1.415    H   81 0.944    C   34 0.103
    38  C   3.967    C   37 1.452    C   39 1.356    H   82 0.941    C   35 0.105
    39  C   3.931    C   38 1.356    C   34 1.333    N   24 1.029    C   36 0.098
    40  C   3.968    C   41 1.445    C   23 1.384    H   83 0.945    C   21 0.105
    41  C   3.971    C   40 1.445    C   20 1.370    H   84 0.942    C   22 0.105
    42  C   3.958    C   15 1.293    C   19 1.293    C   43 1.052    N   17 0.100    N   44 0.073
    43  C   3.938    N   44 2.818    C   42 1.052
    44  N   3.052    C   43 2.818    C   42 0.073    C   15 0.064    C   19 0.064
    45  C   3.970    C   46 1.445    C   14 1.370    H   85 0.942    C   12 0.105
    46  C   3.968    C   45 1.445    C   11 1.383    H   86 0.945    C   13 0.104
    47  C   3.931    C   48 1.356    C   52 1.333    N   10 1.029    C   50 0.098
    48  C   3.967    C   49 1.452    C   47 1.356    H   87 0.941    C   51 0.105
    49  C   3.973    C   48 1.452    C   50 1.415    H   88 0.944    C   52 0.103
    50  C   3.970    C   51 1.432    C   49 1.415    H   89 0.945    C   47 0.098
    51  C   3.971    C   50 1.432    C   52 1.401    H   90 0.942    C   48 0.105
    52  C   3.945    C   51 1.401    C   47 1.333    C    2 0.947    C   49 0.103
    53  H   0.997    C    1 0.976
    54  H   0.997    C    1 0.976
    55  H   0.999    C    1 0.978
    56  H   0.997    C    3 0.976
    57  H   0.999    C    3 0.978
    58  H   0.997    C    3 0.976
    59  H   0.997    C    5 0.942
    60  H   0.997    C    6 0.945
    61  H   0.994    C    7 0.944
    62  H   0.997    C    8 0.941
    63  H   0.996    C   12 0.945
    64  H   0.997    C   13 0.944
    65  H   0.994    C   16 0.945
    66  H   0.994    C   18 0.945
    67  H   0.997    C   21 0.944
    68  H   0.996    C   22 0.945
    69  H   0.997    C   26 0.941
    70  H   0.994    C   27 0.944
    71  H   0.997    C   28 0.945
    72  H   0.997    C   29 0.942
    73  H   0.997    C   32 0.976
    74  H   0.997    C   32 0.976
    75  H   0.999    C   32 0.978
    76  H   0.999    C   33 0.978
    77  H   0.997    C   33 0.976
    78  H   0.997    C   33 0.976
    79  H   0.997    C   35 0.942
    80  H   0.997    C   36 0.945
    81  H   0.994    C   37 0.944
    82  H   0.997    C   38 0.941
    83  H   0.996    C   40 0.945
    84  H   0.997    C   41 0.942
    85  H   0.997    C   45 0.942
    86  H   0.996    C   46 0.945
    87  H   0.997    C   48 0.941
    88  H   0.994    C   49 0.944
    89  H   0.997    C   50 0.945
    90  H   0.997    C   51 0.942
 
 --------------------------------------------
          xTB calculation for sTDA...
 --------------------------------------------
 
 reading parameter file /home/penavora/Exe_xtb_crest/.param_stda2.xtb
 
      method parameters     
 k(s)        :  1.6000
 k(p)        :  2.1800
 k(d)        :  1.9500
 k(f)        :  2.0000
 k(R-V)      :  2.2750
 k(R-R)      :  1.7650
 Tscal       :  0.2580
 Gscal       :  1.0000
 fpol        :  1.0000
 Zcnf        :  0.3430
 Zqf         :  0.0000
 kcn         :  2.7000
 Ryd Hsplit  :  0.7000
 lshift(virt):  3.1000
 lshift(OS)  :  0.2000
 wllscaling  :  2.6000
 
 mowrcut     : 3.000
 
  Z AO/shell   Hii/eV     exponent
  1     Sun Feb 14 09:53:25 CET 2016    EN: 2.327 GAM: 0.473  GM3: 0.0000
     1s    -14.339618    1.220000
     2sp    -3.348946    0.600000
  6     Sun Feb 14 09:53:25 CET 2016    EN: 2.731 GAM: 0.422  GM3: 0.0000
     2s    -22.009312    1.565095
     2p    -13.020408    1.596905
     3sp    -3.914040    0.824500
  7     Sun Feb 14 09:53:25 CET 2016    EN: 3.573 GAM: 0.504  GM3: 0.0000
     2s    -25.722000    2.064844
     2p    -18.684912    1.801692
     3sp    -4.344791    0.921400
 
 Nbf   :          606
 T(el) :     0.0
 calculating S/T integrals ...
 cpu time for ints    5.73591200000000     
 Nao   :          606
 making H0...
 making H1...
 cpu time for H      9.748000000000090E-003
 solving ...
 cpu time for diag   0.866197000000000     
 
 gap (eV)           :   5.833
 Koopmans IP (eV)   :  13.595
 Eel (Eh)           :  -216.106702

          eigenvalues
 #    :         113        114        115        116        117        118        119        120
 occ. :        2.000      2.000      2.000      2.000      2.000      2.000      2.000      2.000
 eps  :       -17.000    -16.619    -16.613    -16.217    -16.104    -16.102    -16.010    -16.010
 #    :         121        122        123        124        125        126        127        128
 occ. :        2.000      2.000      2.000      2.000      2.000      0.000      0.000      0.000
 eps  :       -15.940    -15.807    -15.804    -13.598    -13.597     -7.763     -7.351     -6.203
 #    :         129        130        131        132        133        134        135        136
 occ. :        0.000      0.000      0.000      0.000      0.000      0.000      0.000      0.000
 eps  :        -6.200     -6.113     -5.815     -5.814     -5.700     -5.683     -5.630     -5.618
                            1  SCC done.
 writing mo output ...
 molden style : F
 
speedup 15.68
cpu  time for all   11.91 s
wall time for all    0.76 s
