  96
 Etot=        -156.7817900937
 C         -9.7965711589       -4.7979583049        0.0025795732
 C        -10.2426702712       -3.4854116510        0.0011070895
 C         -9.3344231909       -2.4447246295        0.0002362517
 C         -7.9669812887       -2.7122194969        0.0008261228
 C         -7.0013829700       -1.6127611267       -0.0000880120
 N         -7.4703714821       -0.3683245192       -0.0005165268
 C         -6.5576408477        0.5992598476       -0.0012743201
 C         -7.0249172226        1.9857669816       -0.0018868254
 C         -8.3901227972        2.2649506143       -0.0005476582
 C         -8.8281543654        3.5748888275       -0.0011527453
 C         -7.9111852302        4.6146180344       -0.0031114436
 C         -6.5519641640        4.3421364088       -0.0044580283
 C         -6.1071865342        3.0344612367       -0.0038456157
 N         -5.2455928013        0.3831995847       -0.0015227136
 C         -4.8643284780       -0.8908324596       -0.0011086343
 C         -3.4311183346       -1.1769261412       -0.0014413339
 C         -2.9866072628       -2.5005184192       -0.0029236443
 C         -1.6378436923       -2.7981785878       -0.0033085936
 C         -0.7254959995       -1.7526092268       -0.0021397830
 C         -1.1730034519       -0.4210388613       -0.0006002258
 C         -2.5131979911       -0.1228712368       -0.0002709004
 C          0.0000669589        0.5392552409        0.0005626458
 C          0.0000155441        1.3891749574        1.2496819178
 C          0.0006117881        0.7825095256        2.4991278142
 C          0.0004772747        1.5362887900        3.6566854658
 C         -0.0002745251        2.9201666377        3.5768998210
 C         -0.0008729479        3.5400011398        2.3445641030
 C         -0.0007297698        2.7781084300        1.1785474388
 O         -0.0013369275        3.4728234768        0.0043421056
 C         -0.0008270643        2.7811306447       -1.1716463831
 C         -0.0010900140        3.5460216673       -2.3356987700
 C         -0.0005918988        2.9293601490       -3.5696260618
 C          0.0001861355        1.5456922097       -3.6529734763
 C          0.0004363943        0.7889357342       -2.4973594448
 C         -0.0000657779        1.3923837734       -1.2463567922
 C          1.1731575080       -0.4209957549       -0.0006442632
 C          2.5133456846       -0.1227926275       -0.0003185476
 C          3.4312964286       -1.1768221686       -0.0015141549
 C          4.8645013379       -0.8907009129       -0.0011344793
 N          5.7076987905       -1.9195222804       -0.0014146025
 C          7.0015651031       -1.6126061345       -0.0009657779
 C          7.9671763198       -2.7120535490       -0.0011577941
 C          7.5239866849       -4.0332043666       -0.0013770918
 C          8.4373573428       -5.0692536560       -0.0015319216
 C          9.7967912828       -4.7977712473       -0.0014748332
 C         10.2428746439       -3.4852184254       -0.0012605082
 C          9.3346150870       -2.4445419444       -0.0011000305
 N          7.4705382813       -0.3681638770       -0.0003513274
 C          6.5577962667        0.5994098115       -0.0001672241
 C          7.0250624363        1.9859205341        0.0004609599
 C          6.1073252665        3.0346104959        0.0001475675
 C          6.5520953612        4.3422883649        0.0007243978
 C          7.9113154255        4.6147766573        0.0016228176
 C          8.8282912235        3.5750515365        0.0019415886
 C          8.3902670727        2.2651109268        0.0013618051
 N          5.2457499477        0.3833358406       -0.0005042450
 C          2.9868238557       -2.5004276838       -0.0030294917
 C          1.6380693566       -2.7981275440       -0.0033866592
 C          0.7256921366       -1.7525840277       -0.0021737120
 N         -5.7075128042       -1.9196637817       -0.0004307432
 C         -7.5237757178       -4.0333641392        0.0023089972
 C         -8.4371339974       -5.0694239828        0.0031822006
 H        -10.5089961783       -5.6100766640        0.0032705527
 H        -11.3024851546       -3.2763787787        0.0006368988
 H         -9.6628329280       -1.4173487249       -0.0009371840
 H         -9.0886488006        1.4431012149        0.0009813776
 H         -9.8868327830        3.7896123741       -0.0001047401
 H         -8.2564830756        5.6382856214       -0.0035877519
 H         -5.8391213500        5.1537059362       -0.0059889987
 H         -5.0534760085        2.8039995824       -0.0049089001
 H         -3.7252833190       -3.2863933131       -0.0038095857
 H         -1.3006226714       -3.8239318253       -0.0044988052
 H         -2.8721529710        0.8942675080        0.0009152828
 H          0.0011857796       -0.2964939416        2.5542796151
 H          0.0009474152        1.0469914314        4.6185527412
 H         -0.0004020943        3.5168489172        4.4764274310
 H         -0.0014641041        4.6149863749        2.2543690597
 H         -0.0016910707        4.6207715827       -2.2427358175
 H         -0.0008138632        3.5283558975       -4.4676150512
 H          0.0005786105        1.0588736824       -4.6160975551
 H          0.0010215642       -0.2899224618       -2.5552824169
 H          2.8722684136        0.8943570471        0.0008615788
 H          6.4626132826       -4.2249966603       -0.0014015583
 H          8.0920519080       -6.0928553270       -0.0016974851
 H         10.5092260504       -5.6098813216       -0.0015968927
 H         11.3026870375       -3.2761724936       -0.0012149699
 H          9.6630127071       -1.4171615116       -0.0009374332
 H          5.0536156956        2.8041429497       -0.0005741305
 H          5.8392475275        5.1538550093        0.0004729530
 H          8.2566070820        5.6384462875        0.0020830076
 H          9.8869688488        3.7897801553        0.0026483990
 H          9.0887982709        1.4432646261        0.0016023901
 H          3.7255228733       -3.2862807943       -0.0039341960
 H          1.3008768632       -3.8238900771       -0.0045722659
 H         -6.4623999417       -4.2251427733        0.0027915381
 H         -8.0918162683       -6.0930208599        0.0043484675
