 
        ______________________________________
       |                                      |
       |          ===================         |
       |             xTB for sTDA             |
       |          ===================         |
       |               S. Grimme              |
       |        Universitaet Bonn, MCTC       |
       |         2015-19, Version 1.0         |
       |     Wed Apr  3 09:14:55 CEST 2019    |
       |______________________________________|
 
        This code comes without any warranty
        for non-commercial, academia use only.
        Preliminary test version.
        Cite this work as:
        S. Grimme  &  C. Bannwarth, JCP 145 (2016) 054103
        if GBSA is used additionally:
        P. Shushkov, F. März, C. Bannwarth, S. Grimme, unpublished.
 
        with help from
        P. Shushkov, G. Brandenburg, S. Dohm, J. Pisarek,
        F. März, M. Checinski, S. Ehrlich, S. Spicher, 
        P. Pracht, E. Caldeweyher, S. Ehlert, and C. Bannwarth.
 
        usage        :
        xtb4stda <coord_file> [options]
        where <coord_file> is a valid file of TM)
        (*coord, Bohr) or xmol (*xyz, Angstroem)
        format.

        options:
        -chrg <int>   : molecular charge
        -uhf  <int>   : # of unpaired electrons(=2*S)
        -nox          : skip second, extended part in sTDA-xTB
        -pop          : do population analysis
                      : (default for -nox)
        -mowr <real>  : cut MO write above (def.3 Eh)
        -molden       : write formatted molden file
        -parx <file>  : read parameters for sTDA-xTB
                        calc (def:~/.param_stda2.xtb)
        -parv <file>  : read parameters for vTB part in
                        sTDA-xTB (def: ~/.param_stda1.xtb)
        -xtemp <real> : el. temp for xTB (def. 0 K)
        -etemp <real> : el. temp for GFN (def. 300 K)
        -fod          : calculate the FOD and write
                        molden.input file with
                        appropriate occupations
                        for plotting. Def. T=12500 K
 
        -acc <real>   : xTB accuracy (def. 1.0)
        -gbsa [string1] [string2]
                        use GBSA implicit solvent
                        for solvent [string1] and
                        solvation state [string2]=
                        reference, bar1M (default=1M)
        additional GFN/opt/MD/siman options read from
        $XTB4STDAHOME/.xtb4stdarc or $set in input
 
       spin and charge state information can be on:
       <.CHRG> (charge) and <.UHF> (=nalpha-nbeta)
       -uhf and -chrg override the file info.
       useful machine settings:
       setenv MKL_NUM_THREADS <NCORE_ON_YOUR_MACHINE>
       setenv OMP_STACKSIZE 500m
       limit stacksize unlimited
 
       total energies in Eh, gaps/HL energies in eV
       please read REVISION and HOWTO files carefully
 =============================
  # OMP threads =          48
 =============================
 
 xtb4stdahome directory:/home/penavora/Exe_xtb_crest/
 
 
 name of molecule           :
 comment line               :
 number of atoms            :    58
 number of electrons        :   180
 charge                     :  0
 spin                       : 0.0
 first test random number   :  0.5349
 
 -----------------------------------------
      charge density (VTB) calculation
 -----------------------------------------
 
      method parameters     
 k(s)        :  1.8000
 k(p)        :  2.8350
 k(d)        :  2.0860
 k(f)        :  2.0000
 Tscal       :  0.3300
 Gscal       :  0.3910
 fpol        :  1.0000
 Zcnf        :  0.6500
 Zqf         :  0.0000
 kcn         :  0.3000
 kEN1        : -0.5900
 wllscal     :  2.6000
 
     -------------------------
     ! NO SOLVENT MODEL USED !
     -------------------------
 
 doing EN charges ...
 sum q :  0.3330669D-15
 point charge moment (au)
     X       Y       Z   
   0.0032  -0.9794   0.1657  total (Debye):    2.525
 
            Z      q(EN)   CN      Cart. coordinates
     1  C   4.0  -0.073   3.144    13.32215    -4.18605    -1.39400
     2  C   4.0  -0.072   3.144    11.05773    -5.31930    -2.04389
     3  C   4.0  -0.068   3.191     8.79792    -4.05397    -1.67721
     4  C   4.0   0.089   3.309     8.77112    -1.65252    -0.61251
     5  C   4.0   0.069   3.298    11.07548    -0.47529    -0.07778
     6  C   4.0  -0.068   3.166    13.33435    -1.74712    -0.44715
     7  O   6.0  -0.148   2.097    11.16875     1.95569     0.79447
     8  C   4.0   0.066   3.302     9.05730     3.40048     0.32595
     9  C   4.0  -0.068   3.168     9.35298     5.99850     0.41194
    10  C   4.0  -0.073   3.143     7.30691     7.56519    -0.04035
    11  C   4.0  -0.073   3.147     4.98575     6.51952    -0.62128
    12  C   4.0  -0.068   3.187     4.68115     3.92095    -0.72983
    13  C   4.0   0.089   3.292     6.70042     2.32647    -0.21782
    14  N   5.0  -0.305   3.253     6.50978    -0.33566    -0.16075
    15  C   4.0   0.205   3.313     4.33509    -1.61150     0.52018
    16  C   4.0  -0.065   3.182     4.52990    -3.90206     1.91337
    17  C   4.0  -0.069   3.172     2.36806    -5.11176     2.62665
    18  C   4.0   0.003   3.249     0.00413    -4.07846     1.97440
    19  C   4.0  -0.069   3.172    -2.35867    -5.11468     2.62556
    20  C   4.0  -0.065   3.182    -4.52132    -3.90529     1.91385
    21  C   4.0   0.204   3.314    -4.32776    -1.61134     0.52667
    22  N   5.0  -0.305   3.253    -6.50567    -0.33537    -0.14773
    23  C   4.0   0.089   3.309    -8.75469    -1.66022    -0.63377
    24  C   4.0  -0.069   3.192    -8.75590    -4.05384    -1.71637
    25  C   4.0  -0.072   3.144   -11.00404    -5.32914    -2.11869
    26  C   4.0  -0.073   3.144   -13.28217    -4.21351    -1.48698
    27  C   4.0  -0.068   3.166   -13.31886    -1.78191    -0.52183
    28  C   4.0   0.069   3.297   -11.07181    -0.50029    -0.11656
    29  O   6.0  -0.149   2.097   -11.19021     1.92286     0.77429
    30  C   4.0   0.066   3.301    -9.07817     3.38190     0.35590
    31  C   4.0  -0.068   3.168    -9.38647     5.97710     0.47522
    32  C   4.0  -0.073   3.143    -7.34064     7.55919     0.07860
    33  C   4.0  -0.073   3.147    -5.00571     6.53195    -0.47936
    34  C   4.0  -0.068   3.187    -4.68834     3.93656    -0.62211
    35  C   4.0   0.089   3.292    -6.70862     2.32583    -0.16812
    36  N   5.0  -0.214   2.237    -2.13983    -0.59746    -0.06482
    37  C   4.0   0.186   3.374     0.00348    -1.75494     0.62267
    38  N   5.0  -0.214   2.238     2.14573    -0.59881    -0.06904
    39  H   1.0   0.074   1.004    15.08357    -5.17836    -1.65508
    40  H   1.0   0.074   1.004    11.03873    -7.19495    -2.84363
    41  H   1.0   0.076   1.006     7.03236    -4.92992    -2.20341
    42  H   1.0   0.075   1.005    15.07360    -0.79687     0.02576
    43  H   1.0   0.075   1.005    11.19511     6.74852     0.85626
    44  H   1.0   0.074   1.004     7.54368     9.58844     0.05030
    45  H   1.0   0.074   1.005     3.38383     7.72366    -0.99819
    46  H   1.0   0.079   1.010     2.87113     3.09859    -1.15705
    47  H   1.0   0.076   1.006     6.36041    -4.61581     2.45572
    48  H   1.0   0.074   1.004     2.44288    -6.83750     3.71988
    49  H   1.0   0.074   1.004    -2.43209    -6.84205     3.71631
    50  H   1.0   0.076   1.006    -6.35196    -4.62143     2.45286
    51  H   1.0   0.076   1.006    -6.97955    -4.91602    -2.22873
    52  H   1.0   0.074   1.004   -10.96489    -7.19857    -2.93215
    53  H   1.0   0.074   1.004   -15.03488    -5.21347    -1.77603
    54  H   1.0   0.075   1.005   -15.06876    -0.84497    -0.06184
    55  H   1.0   0.075   1.005   -11.23864     6.71255     0.90182
    56  H   1.0   0.074   1.004    -7.58799     9.57984     0.19513
    57  H   1.0   0.074   1.005    -3.40285     7.74813    -0.81088
    58  H   1.0   0.079   1.011    -2.86819     3.12786    -1.03301
 
  Z AO/shell   Hii/eV     exponent
  1     Sat Feb 20 21:38:01 CET 2016    EN: 2.327 GAM: 0.473  GM3: 0.0000
     1s    -13.751157    1.051071
  6     Sat Feb 20 21:38:01 CET 2016    EN: 2.731 GAM: 0.422  GM3: 0.0000
     2s    -19.378245    2.021003
     2p    -11.993376    1.497917
  7     Sat Feb 20 21:38:01 CET 2016    EN: 3.573 GAM: 0.504  GM3: 0.0000
     2s    -21.576984    2.275442
     2p    -16.125120    2.056788
  8     Sat Feb 20 21:38:01 CET 2016    EN: 3.700 GAM: 0.587  GM3: 0.0000
     2s    -21.648843    2.110798
     2p    -17.239740    2.329048
 
 dipole moment of classical point charges (au)
     X       Y       Z   
   0.0032  -0.9794   0.1657  total (Debye):    2.525

 
 Nbf   :          172
 T(el) :   300.0
 calculating S/T integrals ...
 cpu time for ints    1.21564800000000     
 Nao   :          172
 making H0...
 making H1...
 cpu time for H      8.673100000000011E-002
 solving ...
 cpu time for diag   0.520099000000000     
 
 gap (eV)           :   3.929
 Koopmans IP (eV)   :  12.700
 Eel (Eh)           :  -141.930658
 T,E(Fermi),NFOD :    300.000   -10.736  0.000000
 T,E(Fermi),NFOD :    300.000   -10.736  0.000000
 Nfod               :  0.0000
 Nfod/Nel           :  0.0000

          eigenvalues
 #    :          78         79         80         81         82         83         84         85
 occ. :        2.000      2.000      2.000      2.000      2.000      2.000      2.000      2.000
 eps  :       -16.741    -16.520    -15.697    -15.590    -15.512    -15.427    -15.326    -15.283
 #    :          86         87         88         89         90         91         92         93
 occ. :        2.000      2.000      2.000      2.000      2.000      0.000      0.000      0.000
 eps  :       -15.272    -14.666    -14.393    -13.052    -12.701     -8.772     -6.756     -6.111
 #    :          94         95         96         97         98         99        100        101
 occ. :        0.000      0.000      0.000      0.000      0.000      0.000      0.000      0.000
 eps  :        -6.102     -6.005     -5.438     -5.397     -5.303     -5.288     -5.164     -5.068
                            1  SCC done.
 making H1...
 cpu time for H      0.586781000000000     
 solving ...
 cpu time for diag   0.190645000000000     
 
 gap (eV)           :   4.039
 Koopmans IP (eV)   :  12.523
 Eel (Eh)           :  -140.710401
 T,E(Fermi),NFOD :    300.000   -10.503  0.000000
 T,E(Fermi),NFOD :    300.000   -10.503  0.000000
 Nfod               :  0.0000
 Nfod/Nel           :  0.0000

          eigenvalues
 #    :          78         79         80         81         82         83         84         85
 occ. :        2.000      2.000      2.000      2.000      2.000      2.000      2.000      2.000
 eps  :       -16.485    -15.471    -15.411    -15.287    -15.256    -15.184    -15.040    -14.987
 #    :          86         87         88         89         90         91         92         93
 occ. :        2.000      2.000      2.000      2.000      2.000      0.000      0.000      0.000
 eps  :       -14.402    -14.245    -14.122    -12.790    -12.524     -8.485     -6.628     -6.021
 #    :          94         95         96         97         98         99        100        101
 occ. :        0.000      0.000      0.000      0.000      0.000      0.000      0.000      0.000
 eps  :        -5.959     -5.517     -5.403     -5.343     -5.252     -5.197     -5.001     -4.940
                            2  SCC done.
 
 
 Mulliken/CM5 charges    n(s)   n(p)   n(d)   
    1 C  -0.0425 -0.0987   1.133  2.910  0.000
    2 C  -0.0424 -0.0986   1.132  2.910  0.000
    3 C  -0.0432 -0.0924   1.137  2.906  0.000
    4 C   0.0466  0.1073   1.176  2.777  0.000
    5 C   0.0788  0.1045   1.155  2.766  0.000
    6 C  -0.0427 -0.0934   1.133  2.910  0.000
    7 O  -0.1397 -0.2027   1.455  4.685  0.000
    8 C   0.0719  0.0973   1.158  2.770  0.000
    9 C  -0.0456 -0.0962   1.133  2.913  0.000
   10 C  -0.0437 -0.0997   1.133  2.911  0.000
   11 C  -0.0397 -0.0957   1.133  2.907  0.000
   12 C  -0.0365 -0.0830   1.140  2.897  0.000
   13 C   0.0530  0.1148   1.177  2.770  0.000
   14 N  -0.1018 -0.3322   1.230  3.872  0.000
   15 C   0.1162  0.2586   1.195  2.689  0.000
   16 C  -0.0350 -0.0783   1.140  2.896  0.000
   17 C  -0.0246 -0.0753   1.151  2.874  0.000
   18 C  -0.0182 -0.0149   1.167  2.852  0.000
   19 C  -0.0246 -0.0753   1.151  2.874  0.000
   20 C  -0.0349 -0.0781   1.140  2.895  0.000
   21 C   0.1160  0.2584   1.195  2.689  0.000
   22 N  -0.1020 -0.3324   1.230  3.872  0.000
   23 C   0.0466  0.1073   1.176  2.777  0.000
   24 C  -0.0435 -0.0926   1.137  2.907  0.000
   25 C  -0.0425 -0.0987   1.132  2.910  0.000
   26 C  -0.0427 -0.0989   1.133  2.910  0.000
   27 C  -0.0428 -0.0935   1.133  2.910  0.000
   28 C   0.0787  0.1044   1.155  2.767  0.000
   29 O  -0.1397 -0.2027   1.455  4.685  0.000
   30 C   0.0719  0.0973   1.158  2.770  0.000
   31 C  -0.0457 -0.0963   1.133  2.913  0.000
   32 C  -0.0438 -0.0999   1.133  2.911  0.000
   33 C  -0.0398 -0.0958   1.133  2.907  0.000
   34 C  -0.0369 -0.0834   1.140  2.897  0.000
   35 C   0.0529  0.1148   1.177  2.770  0.000
   36 N  -0.2054 -0.3930   1.459  3.746  0.000
   37 C   0.0815  0.2309   1.190  2.729  0.000
   38 N  -0.2060 -0.3936   1.459  3.747  0.000
   39 H   0.0438  0.1005   0.956  0.000  0.000
   40 H   0.0443  0.1010   0.956  0.000  0.000
   41 H   0.0451  0.1072   0.955  0.000  0.000
   42 H   0.0422  0.1022   0.958  0.000  0.000
   43 H   0.0398  0.1000   0.960  0.000  0.000
   44 H   0.0425  0.0991   0.958  0.000  0.000
   45 H   0.0446  0.1014   0.955  0.000  0.000
   46 H   0.0556  0.1304   0.944  0.000  0.000
   47 H   0.0445  0.1073   0.955  0.000  0.000
   48 H   0.0436  0.1008   0.956  0.000  0.000
   49 H   0.0436  0.1008   0.956  0.000  0.000
   50 H   0.0445  0.1072   0.956  0.000  0.000
   51 H   0.0451  0.1072   0.955  0.000  0.000
   52 H   0.0443  0.1010   0.956  0.000  0.000
   53 H   0.0438  0.1004   0.956  0.000  0.000
   54 H   0.0422  0.1022   0.958  0.000  0.000
   55 H   0.0398  0.1000   0.960  0.000  0.000
   56 H   0.0425  0.0991   0.958  0.000  0.000
   57 H   0.0446  0.1013   0.955  0.000  0.000
   58 H   0.0555  0.1304   0.944  0.000  0.000
 Hirshfeld charges for QMDFF written to <charges>
 
 Loewdin charges    n(s)   n(p)   n(d)
    1 C  -0.0348   1.078  2.957  0.000
    2 C  -0.0351   1.077  2.958  0.000
    3 C  -0.0398   1.084  2.956  0.000
    4 C   0.0388   1.141  2.820  0.000
    5 C   0.0649   1.121  2.814  0.000
    6 C  -0.0399   1.080  2.960  0.000
    7 O  -0.0999   1.415  4.685  0.000
    8 C   0.0588   1.124  2.817  0.000
    9 C  -0.0428   1.080  2.963  0.000
   10 C  -0.0360   1.078  2.958  0.000
   11 C  -0.0320   1.078  2.954  0.000
   12 C  -0.0342   1.087  2.947  0.000
   13 C   0.0448   1.142  2.813  0.000
   14 N  -0.0623   1.189  3.874  0.000
   15 C   0.1048   1.165  2.730  0.000
   16 C  -0.0366   1.089  2.948  0.000
   17 C  -0.0127   1.095  2.918  0.000
   18 C  -0.0210   1.125  2.896  0.000
   19 C  -0.0127   1.095  2.918  0.000
   20 C  -0.0364   1.089  2.948  0.000
   21 C   0.1047   1.165  2.730  0.000
   22 N  -0.0626   1.188  3.874  0.000
   23 C   0.0388   1.141  2.820  0.000
   24 C  -0.0401   1.084  2.956  0.000
   25 C  -0.0352   1.077  2.958  0.000
   26 C  -0.0350   1.078  2.957  0.000
   27 C  -0.0401   1.080  2.960  0.000
   28 C   0.0648   1.121  2.814  0.000
   29 O  -0.0999   1.415  4.685  0.000
   30 C   0.0588   1.124  2.817  0.000
   31 C  -0.0430   1.080  2.963  0.000
   32 C  -0.0362   1.078  2.958  0.000
   33 C  -0.0321   1.078  2.954  0.000
   34 C  -0.0347   1.087  2.947  0.000
   35 C   0.0448   1.142  2.813  0.000
   36 N  -0.1916   1.427  3.765  0.000
   37 C   0.0684   1.161  2.771  0.000
   38 N  -0.1923   1.427  3.766  0.000
   39 H   0.0360   0.964  0.000  0.000
   40 H   0.0366   0.963  0.000  0.000
   41 H   0.0368   0.963  0.000  0.000
   42 H   0.0338   0.966  0.000  0.000
   43 H   0.0317   0.968  0.000  0.000
   44 H   0.0350   0.965  0.000  0.000
   45 H   0.0369   0.963  0.000  0.000
   46 H   0.0452   0.955  0.000  0.000
   47 H   0.0368   0.963  0.000  0.000
   48 H   0.0345   0.965  0.000  0.000
   49 H   0.0345   0.965  0.000  0.000
   50 H   0.0367   0.963  0.000  0.000
   51 H   0.0368   0.963  0.000  0.000
   52 H   0.0366   0.963  0.000  0.000
   53 H   0.0360   0.964  0.000  0.000
   54 H   0.0337   0.966  0.000  0.000
   55 H   0.0317   0.968  0.000  0.000
   56 H   0.0349   0.965  0.000  0.000
   57 H   0.0369   0.963  0.000  0.000
   58 H   0.0452   0.955  0.000  0.000
 
 Wiberg/Mayer (AO) data. WBOs > 0.1 written file <wbo>
 largest (>0.05) Wiberg bond orders for each atom
           total WBO             WBO to atom ...
     1  C   3.970    C    2 1.429    C    6 1.428    H   39 0.944    C    4 0.103
     2  C   3.972    C    1 1.429    C    3 1.427    H   40 0.944    C    5 0.101
     3  C   3.968    C    2 1.427    C    4 1.388    H   41 0.943    C    6 0.103
     4  C   3.930    C    3 1.388    C    5 1.319    N   14 0.989    C    1 0.103
     5  C   3.930    C    6 1.393    C    4 1.319    O    7 1.014    C    2 0.101
     6  C   3.970    C    1 1.428    C    5 1.393    H   42 0.945    C    3 0.103
     7  O   2.291    C    5 1.014    C    8 1.002
     8  C   3.926    C    9 1.401    C   13 1.319    O    7 1.002    C   11 0.103
     9  C   3.969    C   10 1.422    C    8 1.401    H   43 0.946    C   12 0.103
    10  C   3.972    C   11 1.436    C    9 1.422    H   44 0.944    C   13 0.104
    11  C   3.972    C   10 1.436    C   12 1.420    H   45 0.943    C    8 0.103
    12  C   3.966    C   11 1.420    C   13 1.397    H   46 0.932    C    9 0.103
    13  C   3.925    C   12 1.397    C    8 1.319    N   14 0.978    C   10 0.104
    14  N   3.397    C   15 1.066    C    4 0.989    C   13 0.978    N   38 0.060
    15  C   3.918    N   38 1.436    C   16 1.236    N   14 1.066    C   18 0.055
    16  C   3.959    C   17 1.566    C   15 1.236    H   47 0.942    C   37 0.060
    17  C   3.961    C   16 1.566    C   18 1.247    H   48 0.938    N   38 0.094
    18  C   3.954    C   19 1.248    C   17 1.247    C   37 1.201    C   21 0.055    C   15 0.055
    19  C   3.961    C   20 1.565    C   18 1.248    H   49 0.938    N   36 0.095
    20  C   3.959    C   19 1.565    C   21 1.236    H   50 0.942    C   37 0.060
    21  C   3.918    N   36 1.437    C   20 1.236    N   22 1.064    C   18 0.055
    22  N   3.397    C   21 1.064    C   23 0.990    C   35 0.978    N   36 0.060
    23  C   3.930    C   24 1.388    C   28 1.318    N   22 0.990    C   26 0.103
    24  C   3.968    C   25 1.427    C   23 1.388    H   51 0.943    C   27 0.103
    25  C   3.972    C   26 1.429    C   24 1.427    H   52 0.944    C   28 0.101
    26  C   3.970    C   25 1.429    C   27 1.427    H   53 0.944    C   23 0.103
    27  C   3.970    C   26 1.427    C   28 1.394    H   54 0.945    C   24 0.103
    28  C   3.930    C   27 1.394    C   23 1.318    O   29 1.014    C   25 0.101
    29  O   2.291    C   28 1.014    C   30 1.002
    30  C   3.926    C   31 1.401    C   35 1.318    O   29 1.002    C   33 0.103
    31  C   3.969    C   32 1.422    C   30 1.401    H   55 0.946    C   34 0.103
    32  C   3.972    C   33 1.436    C   31 1.422    H   56 0.944    C   35 0.103
    33  C   3.972    C   32 1.436    C   34 1.420    H   57 0.943    C   30 0.103
    34  C   3.966    C   33 1.420    C   35 1.397    H   58 0.931    C   31 0.103
    35  C   3.925    C   34 1.397    C   30 1.318    N   22 0.978    C   32 0.103
    36  N   3.092    C   21 1.437    C   37 1.265    C   19 0.095    N   22 0.060
    37  C   3.935    N   38 1.266    N   36 1.265    C   18 1.201    C   20 0.060    C   16 0.060
    38  N   3.092    C   15 1.436    C   37 1.266    C   17 0.094    N   14 0.060
    39  H   0.997    C    1 0.944
    40  H   0.997    C    2 0.944
    41  H   0.998    C    3 0.943
    42  H   0.997    C    6 0.945
    43  H   0.997    C    9 0.946
    44  H   0.997    C   10 0.944
    45  H   0.997    C   11 0.943
    46  H   0.997    C   12 0.932
    47  H   0.996    C   16 0.942
    48  H   0.996    C   17 0.938
    49  H   0.996    C   19 0.938
    50  H   0.996    C   20 0.942
    51  H   0.998    C   24 0.943
    52  H   0.997    C   25 0.944
    53  H   0.997    C   26 0.944
    54  H   0.997    C   27 0.945
    55  H   0.997    C   31 0.946
    56  H   0.997    C   32 0.944
    57  H   0.997    C   33 0.943
    58  H   0.997    C   34 0.931
 
 --------------------------------------------
          xTB calculation for sTDA...
 --------------------------------------------
 
 reading parameter file /home/penavora/Exe_xtb_crest/.param_stda2.xtb
 
      method parameters     
 k(s)        :  1.6000
 k(p)        :  2.1800
 k(d)        :  1.9500
 k(f)        :  2.0000
 k(R-V)      :  2.2750
 k(R-R)      :  1.7650
 Tscal       :  0.2580
 Gscal       :  1.0000
 fpol        :  1.0000
 Zcnf        :  0.3430
 Zqf         :  0.0000
 kcn         :  2.7000
 Ryd Hsplit  :  0.7000
 lshift(virt):  3.1000
 lshift(OS)  :  0.2000
 wllscaling  :  2.6000
 
 mowrcut     : 3.000
 
  Z AO/shell   Hii/eV     exponent
  1     Sun Feb 14 09:53:25 CET 2016    EN: 2.327 GAM: 0.473  GM3: 0.0000
     1s    -14.339618    1.220000
     2sp    -3.348946    0.600000
  6     Sun Feb 14 09:53:25 CET 2016    EN: 2.731 GAM: 0.422  GM3: 0.0000
     2s    -22.009312    1.565095
     2p    -13.020408    1.596905
     3sp    -3.914040    0.824500
  7     Sun Feb 14 09:53:25 CET 2016    EN: 3.573 GAM: 0.504  GM3: 0.0000
     2s    -25.722000    2.064844
     2p    -18.684912    1.801692
     3sp    -4.344791    0.921400
  8     Sun Feb 14 09:53:25 CET 2016    EN: 3.700 GAM: 0.587  GM3: 0.0000
     2s    -33.859000    2.418661
     2p    -22.175911    1.973969
     3sp    -4.259392    1.013700
 
 Nbf   :          404
 T(el) :     0.0
 calculating S/T integrals ...
 cpu time for ints    7.20685500000000     
 Nao   :          404
 making H0...
 making H1...
 cpu time for H      4.302000000000916E-003
 solving ...
 cpu time for diag   0.341378000000001     
 
 gap (eV)           :   6.078
 Koopmans IP (eV)   :  13.424
 Eel (Eh)           :  -158.792194

          eigenvalues
 #    :          78         79         80         81         82         83         84         85
 occ. :        2.000      2.000      2.000      2.000      2.000      2.000      2.000      2.000
 eps  :       -17.699    -17.034    -16.418    -16.332    -16.305    -16.289    -16.247    -16.179
 #    :          86         87         88         89         90         91         92         93
 occ. :        2.000      2.000      2.000      2.000      2.000      0.000      0.000      0.000
 eps  :       -15.728    -15.529    -15.374    -13.728    -13.425     -7.347     -6.391     -6.004
 #    :          94         95         96         97         98         99        100        101
 occ. :        0.000      0.000      0.000      0.000      0.000      0.000      0.000      0.000
 eps  :        -5.991     -5.887     -5.843     -5.469     -5.360     -5.126     -5.076     -5.074
                            1  SCC done.
 writing mo output ...
 molden style : F
 
speedup 23.91
cpu  time for all   10.89 s
wall time for all    0.46 s
