 
        ______________________________________
       |                                      |
       |          ===================         |
       |             xTB for sTDA             |
       |          ===================         |
       |               S. Grimme              |
       |        Universitaet Bonn, MCTC       |
       |         2015-19, Version 1.0         |
       |     Wed Apr  3 09:14:55 CEST 2019    |
       |______________________________________|
 
        This code comes without any warranty
        for non-commercial, academia use only.
        Preliminary test version.
        Cite this work as:
        S. Grimme  &  C. Bannwarth, JCP 145 (2016) 054103
        if GBSA is used additionally:
        P. Shushkov, F. März, C. Bannwarth, S. Grimme, unpublished.
 
        with help from
        P. Shushkov, G. Brandenburg, S. Dohm, J. Pisarek,
        F. März, M. Checinski, S. Ehrlich, S. Spicher, 
        P. Pracht, E. Caldeweyher, S. Ehlert, and C. Bannwarth.
 
        usage        :
        xtb4stda <coord_file> [options]
        where <coord_file> is a valid file of TM)
        (*coord, Bohr) or xmol (*xyz, Angstroem)
        format.

        options:
        -chrg <int>   : molecular charge
        -uhf  <int>   : # of unpaired electrons(=2*S)
        -nox          : skip second, extended part in sTDA-xTB
        -pop          : do population analysis
                      : (default for -nox)
        -mowr <real>  : cut MO write above (def.3 Eh)
        -molden       : write formatted molden file
        -parx <file>  : read parameters for sTDA-xTB
                        calc (def:~/.param_stda2.xtb)
        -parv <file>  : read parameters for vTB part in
                        sTDA-xTB (def: ~/.param_stda1.xtb)
        -xtemp <real> : el. temp for xTB (def. 0 K)
        -etemp <real> : el. temp for GFN (def. 300 K)
        -fod          : calculate the FOD and write
                        molden.input file with
                        appropriate occupations
                        for plotting. Def. T=12500 K
 
        -acc <real>   : xTB accuracy (def. 1.0)
        -gbsa [string1] [string2]
                        use GBSA implicit solvent
                        for solvent [string1] and
                        solvation state [string2]=
                        reference, bar1M (default=1M)
        additional GFN/opt/MD/siman options read from
        $XTB4STDAHOME/.xtb4stdarc or $set in input
 
       spin and charge state information can be on:
       <.CHRG> (charge) and <.UHF> (=nalpha-nbeta)
       -uhf and -chrg override the file info.
       useful machine settings:
       setenv MKL_NUM_THREADS <NCORE_ON_YOUR_MACHINE>
       setenv OMP_STACKSIZE 500m
       limit stacksize unlimited
 
       total energies in Eh, gaps/HL energies in eV
       please read REVISION and HOWTO files carefully
 =============================
  # OMP threads =          48
 =============================
 
 xtb4stdahome directory:/home/penavora/Exe_xtb_crest/
 
 argument            1 :--gbsa
 argument            2 :toluene
 
 name of molecule           :
 comment line               :
 number of atoms            :    79
 number of electrons        :   244
 charge                     :  0
 spin                       : 0.0
 first test random number   :  0.5546
 
 -----------------------------------------
      charge density (VTB) calculation
 -----------------------------------------
 
      method parameters     
 k(s)        :  1.8000
 k(p)        :  2.8350
 k(d)        :  2.0860
 k(f)        :  2.0000
 Tscal       :  0.3300
 Gscal       :  0.3910
 fpol        :  1.0000
 Zcnf        :  0.6500
 Zqf         :  0.0000
 kcn         :  0.3000
 kEN1        : -0.5900
 wllscal     :  2.6000
 
 Solvent             : toluene
 GBSA parameter file : /home/penavora/Exe_xtb_crest/.param_gbsa_toluene
 Gsolv ref. state (COSMO-RS): gsolv [1 M gas/solution]
 temperature (mdtemp)       :    298.150000000000     
 dielectric constant        :    7.00000000000000     
 rho                        :   0.867000000000000     
 mass                       :    92.1400000000000     
 surface tension            :    15.5689470637553     
 probe radius               :   0.641644990000000     
 vdW radii scaling          :    1.00000000000000     
 Gshift (Eh)                :   4.228772547061559E-003
 c1                         :    1.59772343000000     
 soset                      :   0.281999450000000     
 HB correction              :  F
 
 doing EN charges ...
 sum q :  0.2664535D-14
 point charge moment (au)
     X       Y       Z   
   0.0103   0.2340   0.1334  total (Debye):    0.685
 
            Z      q(EN)   CN      Cart. coordinates
     1  N   5.0  -0.218   1.023    20.05001    -2.11864    -1.33112
     2  C   4.0   0.242   2.114    18.09746    -1.30804    -0.85239
     3  C   4.0  -0.023   3.164    15.69760    -0.29417    -0.25325
     4  C   4.0  -0.074   3.181    15.56126     2.00996     1.09655
     5  C   4.0  -0.067   3.171    13.26830     3.03601     1.69127
     6  C   4.0   0.087   3.316    11.02695     1.80086     0.95618
     7  N   5.0  -0.214   2.192     8.76245     2.88066     1.44855
     8  C   4.0   0.111   3.322     6.73323     1.66672     0.75996
     9  C   4.0  -0.001   3.245     4.19328     2.77010     1.05281
    10  C   4.0  -0.072   3.201     2.80333     3.30935    -1.11813
    11  C   4.0  -0.069   3.192     0.28981     3.96981    -0.94907
    12  C   4.0   0.082   3.275    -0.89878     4.04478     1.39788
    13  N   5.0  -0.306   3.243    -3.53614     4.42600     1.54671
    14  C   4.0   0.092   3.292    -5.11095     2.44752     2.32170
    15  C   4.0  -0.070   3.201    -4.17147     0.18777     3.26883
    16  C   4.0  -0.072   3.151    -5.78360    -1.73244     4.03121
    17  C   4.0  -0.073   3.147    -8.36742    -1.43282     3.85572
    18  C   4.0  -0.068   3.175    -9.33731     0.79505     2.87419
    19  C   4.0   0.067   3.290    -7.73604     2.70886     2.10059
    20  O   6.0  -0.148   2.098    -8.84899     4.82835     1.09702
    21  C   4.0   0.067   3.285    -7.27541     6.72649     0.27558
    22  C   4.0  -0.068   3.169    -8.40876     8.84199    -0.75788
    23  C   4.0  -0.073   3.142    -6.94838    10.86408    -1.56751
    24  C   4.0  -0.072   3.144    -4.35475    10.76362    -1.30387
    25  C   4.0  -0.069   3.193    -3.20979     8.64227    -0.27581
    26  C   4.0   0.093   3.288    -4.64126     6.57693     0.48685
    27  C   4.0  -0.068   3.188     0.52527     3.66723     3.57633
    28  C   4.0  -0.071   3.183     3.05970     3.04964     3.40478
    29  C   4.0   0.112   3.321     6.87494    -0.80604    -0.37773
    30  C   4.0  -0.001   3.245     4.46488    -2.14430    -0.77809
    31  C   4.0  -0.071   3.183     3.45625    -2.51949    -3.17285
    32  C   4.0  -0.068   3.188     1.00197    -3.37884    -3.44417
    33  C   4.0   0.082   3.275    -0.46239    -3.90308    -1.32393
    34  N   5.0  -0.306   3.243    -3.04324    -4.53636    -1.57475
    35  C   4.0   0.092   3.292    -4.77410    -2.71272    -2.39528
    36  C   4.0  -0.070   3.201    -4.02436    -0.37368    -3.31866
    37  C   4.0  -0.072   3.151    -5.78733     1.38844    -4.12781
    38  C   4.0  -0.073   3.147    -8.33549     0.84820    -4.02291
    39  C   4.0  -0.068   3.175    -9.11944    -1.46245    -3.06685
    40  C   4.0   0.067   3.290    -7.36834    -3.21967    -2.24771
    41  O   6.0  -0.148   2.098    -8.30571    -5.43671    -1.27547
    42  C   4.0   0.067   3.285    -6.58421    -7.18840    -0.42545
    43  C   4.0  -0.068   3.169    -7.54131    -9.41157     0.55896
    44  C   4.0  -0.073   3.142    -5.91971   -11.29545     1.39475
    45  C   4.0  -0.072   3.144    -3.34059   -10.94896     1.20701
    46  C   4.0  -0.069   3.193    -2.37261    -8.71957     0.22670
    47  C   4.0   0.093   3.289    -3.97115    -6.79109    -0.56200
    48  C   4.0  -0.069   3.192     0.62119    -3.72646     1.06786
    49  C   4.0  -0.072   3.201     3.05025    -2.82628     1.33593
    50  N   5.0  -0.214   2.192     9.03727    -1.82416    -0.96577
    51  C   4.0   0.087   3.316    11.16612    -0.53622    -0.36332
    52  C   4.0  -0.070   3.221    13.53544    -1.55862    -0.97877
    53  H   1.0   0.075   1.005    17.29523     2.93796     1.63986
    54  H   1.0   0.075   1.005    13.11311     4.79653     2.70714
    55  H   1.0   0.076   1.006     3.69715     3.17932    -2.94852
    56  H   1.0   0.076   1.006    -0.78344     4.37460    -2.63478
    57  H   1.0   0.078   1.009    -2.15603    -0.07851     3.39007
    58  H   1.0   0.075   1.005    -5.00203    -3.46939     4.76441
    59  H   1.0   0.075   1.005    -9.63158    -2.91760     4.44912
    60  H   1.0   0.076   1.005   -11.34537     1.08153     2.67477
    61  H   1.0   0.075   1.005   -10.44182     8.87359    -0.90350
    62  H   1.0   0.074   1.004    -7.84981    12.50445    -2.37486
    63  H   1.0   0.074   1.004    -3.19604    12.33669    -1.88867
    64  H   1.0   0.077   1.007    -1.18377     8.59354    -0.05407
    65  H   1.0   0.076   1.005    -0.37125     3.82032     5.40278
    66  H   1.0   0.075   1.005     4.14913     2.71725     5.09737
    67  H   1.0   0.075   1.005     4.57423    -2.07687    -4.82124
    68  H   1.0   0.076   1.005     0.19628    -3.61032    -5.30440
    69  H   1.0   0.078   1.009    -2.03999     0.07973    -3.38489
    70  H   1.0   0.075   1.005    -5.15162     3.19167    -4.84170
    71  H   1.0   0.075   1.005    -9.71664     2.20847    -4.65284
    72  H   1.0   0.076   1.005   -11.09679    -1.93492    -2.92303
    73  H   1.0   0.075   1.005    -9.56559    -9.63568     0.64701
    74  H   1.0   0.074   1.004    -6.68494   -13.02104     2.16394
    75  H   1.0   0.074   1.004    -2.05615   -12.41249     1.81348
    76  H   1.0   0.076   1.007    -0.35482    -8.47739     0.06227
    77  H   1.0   0.076   1.006    -0.47234    -4.24318     2.70944
    78  H   1.0   0.076   1.006     3.85518    -2.61879     3.20014
    79  H   1.0   0.076   1.005    13.61821    -3.32652    -1.99266
 
  Z AO/shell   Hii/eV     exponent
  1     Sat Feb 20 21:38:01 CET 2016    EN: 2.327 GAM: 0.473  GM3: 0.0000
     1s    -13.751157    1.051071
  6     Sat Feb 20 21:38:01 CET 2016    EN: 2.731 GAM: 0.422  GM3: 0.0000
     2s    -19.378245    2.021003
     2p    -11.993376    1.497917
  7     Sat Feb 20 21:38:01 CET 2016    EN: 3.573 GAM: 0.504  GM3: 0.0000
     2s    -21.576984    2.275442
     2p    -16.125120    2.056788
  8     Sat Feb 20 21:38:01 CET 2016    EN: 3.700 GAM: 0.587  GM3: 0.0000
     2s    -21.648843    2.110798
     2p    -17.239740    2.329048
 
 dipole moment of classical point charges (au)
     X       Y       Z   
   0.0103   0.2340   0.1334  total (Debye):    0.685

 
 Nbf   :          235
 T(el) :   300.0
 calculating S/T integrals ...
 cpu time for ints    2.17644500000000     
 Nao   :          235
 making H0...
 making H1...
 cpu time for H      0.302104000000000     
 solving ...
 cpu time for diag   0.743480000000000     
 
 gap (eV)           :   2.104
 Koopmans IP (eV)   :  12.297
 Eel (Eh)           :  -191.445800
 T,E(Fermi),NFOD :    300.000   -11.245  0.000000
 T,E(Fermi),NFOD :    300.000   -11.245  0.000000
 Nfod               :  0.0000
 Nfod/Nel           :  0.0000

          eigenvalues
 #    :         110        111        112        113        114        115        116        117
 occ. :        2.000      2.000      2.000      2.000      2.000      2.000      2.000      2.000
 eps  :       -15.482    -15.312    -15.287    -15.270    -15.204    -15.162    -15.137    -14.779
 #    :         118        119        120        121        122        123        124        125
 occ. :        2.000      2.000      2.000      2.000      2.000      0.000      0.000      0.000
 eps  :       -14.620    -14.375    -14.280    -12.322    -12.298    -10.194     -7.299     -6.326
 #    :         126        127        128        129        130        131        132        133
 occ. :        0.000      0.000      0.000      0.000      0.000      0.000      0.000      0.000
 eps  :        -6.213     -6.001     -5.773     -5.316     -5.293     -5.253     -5.209     -5.180
                            1  SCC done.
 making H1...
 cpu time for H      0.898012000000000     
 solving ...
 cpu time for diag   0.410325000000000     
 
 gap (eV)           :   2.330
 Koopmans IP (eV)   :  12.293
 Eel (Eh)           :  -191.983495
 T,E(Fermi),NFOD :    300.000   -11.128  0.000000
 T,E(Fermi),NFOD :    300.000   -11.128  0.000000
 Nfod               :  0.0000
 Nfod/Nel           :  0.0000

          eigenvalues
 #    :         110        111        112        113        114        115        116        117
 occ. :        2.000      2.000      2.000      2.000      2.000      2.000      2.000      2.000
 eps  :       -15.529    -15.519    -15.411    -15.376    -15.289    -15.262    -15.170    -14.851
 #    :         118        119        120        121        122        123        124        125
 occ. :        2.000      2.000      2.000      2.000      2.000      0.000      0.000      0.000
 eps  :       -14.402    -14.250    -14.241    -12.319    -12.294     -9.964     -7.534     -6.508
 #    :         126        127        128        129        130        131        132        133
 occ. :        0.000      0.000      0.000      0.000      0.000      0.000      0.000      0.000
 eps  :        -6.400     -6.184     -6.023     -5.475     -5.431     -5.414     -5.324     -5.280
                            2  SCC done.
 
 
 Mulliken/CM5 charges    n(s)   n(p)   n(d)   
    1 N  -0.2704 -0.3963   1.645  3.625  0.000
    2 C   0.1349  0.2535   1.175  2.690  0.000
    3 C   0.0192  0.0161   1.136  2.845  0.000
    4 C  -0.0071 -0.0591   1.143  2.864  0.000
    5 C  -0.0065 -0.0535   1.136  2.870  0.000
    6 C   0.0454  0.1192   1.184  2.771  0.000
    7 N  -0.1760 -0.3591   1.487  3.689  0.000
    8 C   0.0625  0.1476   1.211  2.726  0.000
    9 C  -0.0036 -0.0062   1.162  2.842  0.000
   10 C  -0.0312 -0.0838   1.141  2.890  0.000
   11 C  -0.0256 -0.0757   1.141  2.885  0.000
   12 C   0.0524  0.1046   1.178  2.770  0.000
   13 N  -0.1309 -0.3694   1.233  3.898  0.000
   14 C   0.0461  0.1078   1.177  2.777  0.000
   15 C  -0.0557 -0.1044   1.135  2.921  0.000
   16 C  -0.0426 -0.0986   1.133  2.910  0.000
   17 C  -0.0486 -0.1046   1.132  2.917  0.000
   18 C  -0.0500 -0.1007   1.132  2.918  0.000
   19 C   0.0761  0.1013   1.152  2.771  0.000
   20 O  -0.1456 -0.2097   1.453  4.693  0.000
   21 C   0.0719  0.0969   1.153  2.775  0.000
   22 C  -0.0506 -0.1012   1.132  2.918  0.000
   23 C  -0.0490 -0.1051   1.132  2.917  0.000
   24 C  -0.0426 -0.0988   1.133  2.909  0.000
   25 C  -0.0519 -0.1005   1.134  2.918  0.000
   26 C   0.0444  0.1062   1.177  2.779  0.000
   27 C  -0.0204 -0.0702   1.138  2.882  0.000
   28 C  -0.0233 -0.0758   1.140  2.884  0.000
   29 C   0.0623  0.1475   1.210  2.728  0.000
   30 C  -0.0044 -0.0069   1.162  2.842  0.000
   31 C  -0.0238 -0.0763   1.140  2.884  0.000
   32 C  -0.0206 -0.0704   1.138  2.883  0.000
   33 C   0.0523  0.1044   1.178  2.770  0.000
   34 N  -0.1311 -0.3697   1.234  3.898  0.000
   35 C   0.0459  0.1077   1.177  2.778  0.000
   36 C  -0.0556 -0.1044   1.135  2.921  0.000
   37 C  -0.0424 -0.0984   1.133  2.909  0.000
   38 C  -0.0484 -0.1045   1.132  2.917  0.000
   39 C  -0.0500 -0.1006   1.132  2.918  0.000
   40 C   0.0760  0.1012   1.152  2.771  0.000
   41 O  -0.1456 -0.2096   1.453  4.693  0.000
   42 C   0.0721  0.0971   1.153  2.775  0.000
   43 C  -0.0505 -0.1011   1.132  2.918  0.000
   44 C  -0.0490 -0.1051   1.132  2.917  0.000
   45 C  -0.0428 -0.0989   1.133  2.910  0.000
   46 C  -0.0520 -0.1006   1.134  2.918  0.000
   47 C   0.0444  0.1062   1.177  2.779  0.000
   48 C  -0.0256 -0.0757   1.141  2.885  0.000
   49 C  -0.0311 -0.0837   1.141  2.890  0.000
   50 N  -0.1817 -0.3645   1.488  3.693  0.000
   51 C   0.0440  0.1178   1.179  2.777  0.000
   52 C  -0.0073 -0.0503   1.146  2.861  0.000
   53 H   0.0621  0.1200   0.938  0.000  0.000
   54 H   0.0541  0.1144   0.946  0.000  0.000
   55 H   0.0472  0.1065   0.953  0.000  0.000
   56 H   0.0492  0.1112   0.951  0.000  0.000
   57 H   0.0470  0.1123   0.953  0.000  0.000
   58 H   0.0460  0.1038   0.954  0.000  0.000
   59 H   0.0418  0.0990   0.958  0.000  0.000
   60 H   0.0360  0.0965   0.964  0.000  0.000
   61 H   0.0384  0.0986   0.962  0.000  0.000
   62 H   0.0444  0.1010   0.956  0.000  0.000
   63 H   0.0470  0.1037   0.953  0.000  0.000
   64 H   0.0447  0.1073   0.955  0.000  0.000
   65 H   0.0474  0.1079   0.953  0.000  0.000
   66 H   0.0482  0.1069   0.952  0.000  0.000
   67 H   0.0481  0.1067   0.952  0.000  0.000
   68 H   0.0474  0.1079   0.953  0.000  0.000
   69 H   0.0471  0.1123   0.953  0.000  0.000
   70 H   0.0462  0.1039   0.954  0.000  0.000
   71 H   0.0418  0.0991   0.958  0.000  0.000
   72 H   0.0360  0.0965   0.964  0.000  0.000
   73 H   0.0385  0.0986   0.962  0.000  0.000
   74 H   0.0444  0.1010   0.956  0.000  0.000
   75 H   0.0469  0.1035   0.953  0.000  0.000
   76 H   0.0445  0.1070   0.955  0.000  0.000
   77 H   0.0492  0.1111   0.951  0.000  0.000
   78 H   0.0472  0.1065   0.953  0.000  0.000
   79 H   0.0534  0.1147   0.947  0.000  0.000
 Hirshfeld charges for QMDFF written to <charges>
 
 Loewdin charges    n(s)   n(p)   n(d)
    1 N  -0.2540   1.605  3.649  0.000
    2 C   0.1253   1.142  2.733  0.000
    3 C   0.0198   1.092  2.889  0.000
    4 C   0.0018   1.088  2.910  0.000
    5 C  -0.0028   1.083  2.920  0.000
    6 C   0.0394   1.148  2.812  0.000
    7 N  -0.1544   1.452  3.702  0.000
    8 C   0.0566   1.177  2.766  0.000
    9 C  -0.0003   1.119  2.881  0.000
   10 C  -0.0249   1.088  2.937  0.000
   11 C  -0.0231   1.088  2.935  0.000
   12 C   0.0515   1.140  2.808  0.000
   13 N  -0.0933   1.193  3.900  0.000
   14 C   0.0386   1.141  2.820  0.000
   15 C  -0.0545   1.083  2.971  0.000
   16 C  -0.0351   1.078  2.957  0.000
   17 C  -0.0416   1.077  2.965  0.000
   18 C  -0.0475   1.079  2.969  0.000
   19 C   0.0619   1.119  2.819  0.000
   20 O  -0.1058   1.413  4.692  0.000
   21 C   0.0581   1.120  2.822  0.000
   22 C  -0.0477   1.080  2.968  0.000
   23 C  -0.0417   1.077  2.964  0.000
   24 C  -0.0347   1.078  2.956  0.000
   25 C  -0.0497   1.081  2.968  0.000
   26 C   0.0369   1.142  2.821  0.000
   27 C  -0.0174   1.085  2.932  0.000
   28 C  -0.0174   1.086  2.932  0.000
   29 C   0.0559   1.176  2.768  0.000
   30 C  -0.0009   1.119  2.882  0.000
   31 C  -0.0178   1.086  2.932  0.000
   32 C  -0.0175   1.085  2.932  0.000
   33 C   0.0514   1.140  2.808  0.000
   34 N  -0.0936   1.193  3.900  0.000
   35 C   0.0385   1.142  2.820  0.000
   36 C  -0.0545   1.083  2.971  0.000
   37 C  -0.0349   1.078  2.957  0.000
   38 C  -0.0415   1.077  2.965  0.000
   39 C  -0.0474   1.079  2.968  0.000
   40 C   0.0619   1.119  2.819  0.000
   41 O  -0.1058   1.414  4.692  0.000
   42 C   0.0583   1.119  2.822  0.000
   43 C  -0.0476   1.080  2.968  0.000
   44 C  -0.0418   1.077  2.964  0.000
   45 C  -0.0349   1.078  2.957  0.000
   46 C  -0.0498   1.081  2.968  0.000
   47 C   0.0369   1.142  2.821  0.000
   48 C  -0.0231   1.088  2.935  0.000
   49 C  -0.0249   1.088  2.937  0.000
   50 N  -0.1597   1.454  3.706  0.000
   51 C   0.0363   1.144  2.820  0.000
   52 C  -0.0028   1.093  2.910  0.000
   53 H   0.0505   0.949  0.000  0.000
   54 H   0.0436   0.956  0.000  0.000
   55 H   0.0381   0.962  0.000  0.000
   56 H   0.0407   0.959  0.000  0.000
   57 H   0.0394   0.961  0.000  0.000
   58 H   0.0383   0.962  0.000  0.000
   59 H   0.0344   0.966  0.000  0.000
   60 H   0.0286   0.971  0.000  0.000
   61 H   0.0306   0.969  0.000  0.000
   62 H   0.0365   0.963  0.000  0.000
   63 H   0.0388   0.961  0.000  0.000
   64 H   0.0366   0.963  0.000  0.000
   65 H   0.0383   0.962  0.000  0.000
   66 H   0.0390   0.961  0.000  0.000
   67 H   0.0389   0.961  0.000  0.000
   68 H   0.0384   0.962  0.000  0.000
   69 H   0.0395   0.961  0.000  0.000
   70 H   0.0385   0.962  0.000  0.000
   71 H   0.0345   0.966  0.000  0.000
   72 H   0.0286   0.971  0.000  0.000
   73 H   0.0307   0.969  0.000  0.000
   74 H   0.0365   0.963  0.000  0.000
   75 H   0.0387   0.961  0.000  0.000
   76 H   0.0364   0.964  0.000  0.000
   77 H   0.0406   0.959  0.000  0.000
   78 H   0.0381   0.962  0.000  0.000
   79 H   0.0423   0.958  0.000  0.000
 
 Wiberg/Mayer (AO) data. WBOs > 0.1 written file <wbo>
 largest (>0.05) Wiberg bond orders for each atom
           total WBO             WBO to atom ...
     1  N   3.030    C    2 2.808    C   52 0.080    C    3 0.074    C    4 0.055
     2  C   3.929    N    1 2.808    C    3 1.060
     3  C   3.963    C   52 1.433    C    4 1.241    C    2 1.060    N    1 0.074    C    6 0.062
     4  C   3.967    C    5 1.556    C    3 1.241    H   53 0.943    C   51 0.065    N    1 0.055
     5  C   3.968    C    4 1.556    C    6 1.271    H   54 0.941    C   52 0.103
     6  C   3.925    C    5 1.271    N    7 1.221    C   51 1.209    C    3 0.062    C   29 0.055
     7  N   3.105    C    8 1.545    C    6 1.221    N   50 0.112
     8  C   3.914    N    7 1.545    C   29 1.143    C    9 0.978    C   51 0.055
     9  C   3.954    C   28 1.384    C   10 1.370    C    8 0.978    C   12 0.107
    10  C   3.968    C   11 1.451    C    9 1.370    H   55 0.943    C   27 0.105
    11  C   3.967    C   10 1.451    C   12 1.374    H   56 0.942    C   28 0.104
    12  C   3.931    C   27 1.387    C   11 1.374    N   13 0.965    C    9 0.107
    13  N   3.345    C   26 1.010    C   14 1.006    C   12 0.965
    14  C   3.932    C   15 1.392    C   19 1.305    N   13 1.006    C   17 0.101
    15  C   3.967    C   16 1.417    C   14 1.392    H   57 0.937    C   18 0.099
    16  C   3.972    C   17 1.441    C   15 1.417    H   58 0.943    C   19 0.101
    17  C   3.971    C   16 1.441    C   18 1.411    H   59 0.945    C   14 0.101
    18  C   3.969    C   17 1.411    C   19 1.411    H   60 0.946    C   15 0.099
    19  C   3.929    C   18 1.411    C   14 1.305    O   20 1.006    C   16 0.101
    20  O   2.288    C   19 1.006    C   21 1.005
    21  C   3.930    C   22 1.411    C   26 1.306    O   20 1.005    C   24 0.101
    22  C   3.969    C   23 1.412    C   21 1.411    H   61 0.946    C   25 0.100
    23  C   3.970    C   24 1.440    C   22 1.412    H   62 0.944    C   26 0.101
    24  C   3.972    C   23 1.440    C   25 1.419    H   63 0.943    C   21 0.101
    25  C   3.968    C   24 1.419    C   26 1.390    H   64 0.942    C   22 0.100
    26  C   3.932    C   25 1.390    C   21 1.306    N   13 1.010    C   23 0.101
    27  C   3.967    C   28 1.436    C   12 1.387    H   65 0.944    C   10 0.105
    28  C   3.967    C   27 1.436    C    9 1.384    H   66 0.944    C   11 0.104
    29  C   3.922    N   50 1.551    C    8 1.143    C   30 0.977    C    6 0.055
    30  C   3.954    C   31 1.385    C   49 1.370    C   29 0.977    C   33 0.107
    31  C   3.968    C   32 1.435    C   30 1.385    H   67 0.944    C   48 0.104
    32  C   3.967    C   31 1.435    C   33 1.388    H   68 0.944    C   49 0.105
    33  C   3.931    C   32 1.388    C   48 1.374    N   34 0.965    C   30 0.107
    34  N   3.345    C   47 1.010    C   35 1.005    C   33 0.965
    35  C   3.932    C   36 1.392    C   40 1.305    N   34 1.005    C   38 0.101
    36  C   3.967    C   37 1.417    C   35 1.392    H   69 0.937    C   39 0.099
    37  C   3.972    C   38 1.442    C   36 1.417    H   70 0.943    C   40 0.101
    38  C   3.971    C   37 1.442    C   39 1.411    H   71 0.944    C   35 0.101
    39  C   3.969    C   38 1.411    C   40 1.411    H   72 0.946    C   36 0.099
    40  C   3.929    C   39 1.411    C   35 1.305    O   41 1.006    C   37 0.101
    41  O   2.288    C   40 1.006    C   42 1.005
    42  C   3.930    C   43 1.411    C   47 1.306    O   41 1.005    C   45 0.101
    43  C   3.969    C   44 1.412    C   42 1.411    H   73 0.946    C   46 0.100
    44  C   3.970    C   45 1.440    C   43 1.412    H   74 0.944    C   47 0.101
    45  C   3.972    C   44 1.440    C   46 1.419    H   75 0.943    C   42 0.101
    46  C   3.968    C   45 1.419    C   47 1.390    H   76 0.942    C   43 0.100
    47  C   3.932    C   46 1.390    C   42 1.306    N   34 1.010    C   44 0.101
    48  C   3.967    C   49 1.451    C   33 1.374    H   77 0.942    C   31 0.104
    49  C   3.968    C   48 1.451    C   30 1.370    H   78 0.943    C   32 0.105
    50  N   3.095    C   29 1.551    C   51 1.210    N    7 0.112
    51  C   3.943    C   52 1.298    N   50 1.210    C    6 1.209    C    4 0.065    C    8 0.055
    52  C   3.965    C    3 1.433    C   51 1.298    H   79 0.942    C    5 0.103    N    1 0.080
    53  H   0.995    C    4 0.943
    54  H   0.994    C    5 0.941
    55  H   0.997    C   10 0.943
    56  H   0.996    C   11 0.942
    57  H   0.998    C   15 0.937
    58  H   0.997    C   16 0.943
    59  H   0.997    C   17 0.945
    60  H   0.998    C   18 0.946
    61  H   0.997    C   22 0.946
    62  H   0.997    C   23 0.944
    63  H   0.997    C   24 0.943
    64  H   0.998    C   25 0.942
    65  H   0.996    C   27 0.944
    66  H   0.997    C   28 0.944
    67  H   0.997    C   31 0.944
    68  H   0.995    C   32 0.944
    69  H   0.998    C   36 0.937
    70  H   0.997    C   37 0.943
    71  H   0.997    C   38 0.944
    72  H   0.998    C   39 0.946
    73  H   0.997    C   43 0.946
    74  H   0.997    C   44 0.944
    75  H   0.997    C   45 0.943
    76  H   0.998    C   46 0.942
    77  H   0.996    C   48 0.942
    78  H   0.997    C   49 0.943
    79  H   0.997    C   52 0.942
 
 --------------------------------------------
          xTB calculation for sTDA...
 --------------------------------------------
 
 reading parameter file /home/penavora/Exe_xtb_crest/.param_stda2.xtb
 
      method parameters     
 k(s)        :  1.6000
 k(p)        :  2.1800
 k(d)        :  1.9500
 k(f)        :  2.0000
 k(R-V)      :  2.2750
 k(R-R)      :  1.7650
 Tscal       :  0.2580
 Gscal       :  1.0000
 fpol        :  1.0000
 Zcnf        :  0.3430
 Zqf         :  0.0000
 kcn         :  2.7000
 Ryd Hsplit  :  0.7000
 lshift(virt):  3.1000
 lshift(OS)  :  0.2000
 wllscaling  :  2.6000
 
 mowrcut     : 3.000
 
  Z AO/shell   Hii/eV     exponent
  1     Sun Feb 14 09:53:25 CET 2016    EN: 2.327 GAM: 0.473  GM3: 0.0000
     1s    -14.339618    1.220000
     2sp    -3.348946    0.600000
  6     Sun Feb 14 09:53:25 CET 2016    EN: 2.731 GAM: 0.422  GM3: 0.0000
     2s    -22.009312    1.565095
     2p    -13.020408    1.596905
     3sp    -3.914040    0.824500
  7     Sun Feb 14 09:53:25 CET 2016    EN: 3.573 GAM: 0.504  GM3: 0.0000
     2s    -25.722000    2.064844
     2p    -18.684912    1.801692
     3sp    -4.344791    0.921400
  8     Sun Feb 14 09:53:25 CET 2016    EN: 3.700 GAM: 0.587  GM3: 0.0000
     2s    -33.859000    2.418661
     2p    -22.175911    1.973969
     3sp    -4.259392    1.013700
 
 Nbf   :          551
 T(el) :     0.0
 calculating S/T integrals ...
 cpu time for ints    7.05068900000000     
 Nao   :          551
 making H0...
 making H1...
 cpu time for H      0.892550999999999     
 solving ...
 cpu time for diag    2.38561200000000     
 
 gap (eV)           :   4.647
 Koopmans IP (eV)   :  12.967
 Eel (Eh)           :  -214.241536

          eigenvalues
 #    :         110        111        112        113        114        115        116        117
 occ. :        2.000      2.000      2.000      2.000      2.000      2.000      2.000      2.000
 eps  :       -16.451    -16.443    -16.351    -16.179    -16.161    -16.075    -16.051    -15.869
 #    :         118        119        120        121        122        123        124        125
 occ. :        2.000      2.000      2.000      2.000      2.000      0.000      0.000      0.000
 eps  :       -15.844    -15.260    -15.180    -12.981    -12.968     -8.320     -7.310     -6.256
 #    :         126        127        128        129        130        131        132        133
 occ. :        0.000      0.000      0.000      0.000      0.000      0.000      0.000      0.000
 eps  :        -6.142     -6.060     -5.952     -5.828     -5.785     -5.696     -5.656     -5.635
                            1  SCC done.
 writing mo output ...
 molden style : F
 
speedup 20.15
cpu  time for all   16.76 s
wall time for all    0.83 s
