  109
 Etot=        -168.1107199385
 C        -10.6263184259       -1.5530384587       -3.5087283707
 C        -11.2765589894       -1.3789759419       -2.2979641599
 C        -10.5563710446       -1.2868075739       -1.1230122733
 C         -9.1646889127       -1.3771963492       -1.1427987934
 N         -8.4297919953       -1.2913654669        0.0448929470
 C         -8.9296956291       -1.8612972074        1.2212769318
 C         -9.6338001740       -3.0646001813        1.1815802328
 C        -10.1305723581       -3.6189092714        2.3450692833
 C         -9.9281145554       -2.9923739470        3.5638671688
 C         -9.2248222151       -1.7997752562        3.6094912071
 C         -8.7315060013       -1.2329127488        2.4506599928
 C         -7.1948505177       -0.6362130313        0.0560196369
 C         -6.9930686080        0.5134302038       -0.7084377295
 C         -5.7743047568        1.1574586419       -0.6935907675
 C         -4.7158998619        0.6783640110        0.0772128722
 C         -3.4207900073        1.3681971407        0.0887946574
 C         -2.2272232687        0.6489609819        0.0845434428
 C         -1.0065117306        1.2924868753        0.0847350891
 C         -0.9445691178        2.6850281169        0.0901374124
 C          0.3029453764        3.4290777394        0.1041568357
 N          0.4430600580        4.5716808305        0.7307526791
 C          1.7304588078        4.9535322040        0.5315806186
 C          2.3845439985        6.1109074957        1.0379085884
 C          1.7109818749        7.0230415403        1.8569911954
 C          2.3662584467        8.1196579277        2.3581490543
 C          3.7105148320        8.3144652972        2.0467743831
 C          4.3808800649        7.4265062164        1.2384307929
 C          3.7440710794        6.2979195475        0.6995586926
 C          4.4153943503        5.3576656961       -0.1812616707
 C          5.7424913332        5.5537315194       -0.5889499257
 C          6.3770425181        4.6909440467       -1.4506677430
 C          5.6976171807        3.5894200085       -1.9605572798
 C          4.3980932062        3.3579675546       -1.5831225873
 C          3.7405468901        4.2110564721       -0.6849953127
 C          2.3962997487        4.0171505021       -0.2586351392
 N          1.4674529269        3.0348792748       -0.5177090396
 C          1.6152011135        1.8649817850       -1.2904040204
 C          0.8874980775        1.7239072148       -2.4656492313
 C          1.0177510823        0.5619832505       -3.2054060110
 C          1.8643323751       -0.4458286730       -2.7835283079
 C          2.5969211613       -0.3156181904       -1.6038651616
 C          3.4905467654       -1.3901467244       -1.1490959768
 C          4.2981474734       -2.0651822461       -2.0749658120
 C          5.1457459609       -3.0860402268       -1.6991787179
 C          5.1714209730       -3.4526791468       -0.3605765352
 C          4.3817926307       -2.7679125077        0.5924835047
 C          3.5445922104       -1.7379232638        0.1944068239
 C          4.6764189226       -3.3610389329        1.8669078344
 C          4.2116676706       -3.1357249334        3.1559435532
 C          4.6993846818       -3.9213922064        4.1806714550
 C          5.6274790418       -4.9299878046        3.9307556549
 C          6.1052340045       -5.1724948153        2.6571420772
 C          5.6362240933       -4.3707038625        1.6265957568
 N          5.9250195935       -4.4146384084        0.2762322291
 C          6.8257365025       -5.2940574597       -0.3423936918
 C          6.4267006870       -6.0390821774       -1.4481287280
 C          7.3189735372       -6.9018929720       -2.0570445568
 C          8.6067701739       -7.0365788225       -1.5655034248
 C          9.0036487212       -6.2990278199       -0.4624242847
 C          8.1218345162       -5.4258460230        0.1470050279
 C          2.4590061448        0.8500709592       -0.8573539088
 C         -2.1378409967        3.4089417266        0.1235836543
 C         -3.3537143265        2.7614166877        0.1153441513
 C         -4.9233719800       -0.4715949464        0.8376620921
 C         -6.1403751896       -1.1191910012        0.8315717344
 C         -8.5152051044       -1.5558628447       -2.3642590247
 C         -9.2439328887       -1.6382181477       -3.5346012519
 H        -11.1926028813       -1.6217631939       -4.4251050546
 H        -12.3538218883       -1.3056056880       -2.2683960907
 H        -11.0656023337       -1.1411222460       -0.1815458905
 H         -9.7847150218       -3.5605286903        0.2338086315
 H        -10.6727745647       -4.5520794000        2.3001392861
 H        -10.3155784340       -3.4301992204        4.4712371323
 H         -9.0663403849       -1.3010915191        4.5544472709
 H         -8.1923468007       -0.2976021481        2.4880525024
 H         -7.8025207179        0.8982786749       -1.3115246225
 H         -5.6343290089        2.0398468029       -1.3005953537
 H         -2.2559848961       -0.4308321079        0.0642982927
 H         -0.1019677055        0.7037866489        0.1003506608
 H          0.6733481980        6.8289685384        2.0800740860
 H          1.8509066561        8.8260808607        2.9921902712
 H          4.2330569544        9.1726822287        2.4445426543
 H          5.4212430931        7.6178658613        1.0279490436
 H          6.2928032999        6.4082455903       -0.2295659176
 H          7.4009483195        4.8754313341       -1.7412132825
 H          6.1871585225        2.9205695806       -2.6530752564
 H          3.8714690744        2.5125846924       -1.9960455449
 H          0.2291733542        2.5173168649       -2.7855810799
 H          0.4524931329        0.4440951703       -4.1177396455
 H          1.9463220994       -1.3547262093       -3.3604162104
 H          4.2735106849       -1.7568010022       -3.1097321079
 H          5.7775252095       -3.5746261929       -2.4255328732
 H          2.9274631025       -1.2293786903        0.9197617251
 H          3.4808001535       -2.3644973398        3.3468768156
 H          4.3529118998       -3.7619394240        5.1908294693
 H          5.9790577416       -5.5387470303        4.7506176264
 H          6.8112055201       -5.9677734801        2.4711720477
 H          5.4149512083       -5.9476374858       -1.8143095052
 H          7.0041543074       -7.4782483420       -2.9143784511
 H          9.2992707868       -7.7146226244       -2.0408171988
 H         10.0082602892       -6.3977700492       -0.0787207451
 H          8.4337855882       -4.8327010116        0.9936683501
 H          3.0257797810        0.9853907669        0.0526720610
 H         -2.0840062399        4.4859392480        0.1571597988
 H         -4.2670715165        3.3369810537        0.1513727966
 H         -4.1234159988       -0.8539344358        1.4544213666
 H         -6.2842305781       -2.0086594231        1.4275990619
 H         -7.4379213808       -1.6329705495       -2.3862507683
 H         -8.7281842651       -1.7791725995       -4.4732228283
