 
        ______________________________________
       |                                      |
       |          ===================         |
       |             xTB for sTDA             |
       |          ===================         |
       |               S. Grimme              |
       |        Universitaet Bonn, MCTC       |
       |         2015-19, Version 1.0         |
       |     Wed Apr  3 09:14:55 CEST 2019    |
       |______________________________________|
 
        This code comes without any warranty
        for non-commercial, academia use only.
        Preliminary test version.
        Cite this work as:
        S. Grimme  &  C. Bannwarth, JCP 145 (2016) 054103
        if GBSA is used additionally:
        P. Shushkov, F. März, C. Bannwarth, S. Grimme, unpublished.
 
        with help from
        P. Shushkov, G. Brandenburg, S. Dohm, J. Pisarek,
        F. März, M. Checinski, S. Ehrlich, S. Spicher, 
        P. Pracht, E. Caldeweyher, S. Ehlert, and C. Bannwarth.
 
        usage        :
        xtb4stda <coord_file> [options]
        where <coord_file> is a valid file of TM)
        (*coord, Bohr) or xmol (*xyz, Angstroem)
        format.

        options:
        -chrg <int>   : molecular charge
        -uhf  <int>   : # of unpaired electrons(=2*S)
        -nox          : skip second, extended part in sTDA-xTB
        -pop          : do population analysis
                      : (default for -nox)
        -mowr <real>  : cut MO write above (def.3 Eh)
        -molden       : write formatted molden file
        -parx <file>  : read parameters for sTDA-xTB
                        calc (def:~/.param_stda2.xtb)
        -parv <file>  : read parameters for vTB part in
                        sTDA-xTB (def: ~/.param_stda1.xtb)
        -xtemp <real> : el. temp for xTB (def. 0 K)
        -etemp <real> : el. temp for GFN (def. 300 K)
        -fod          : calculate the FOD and write
                        molden.input file with
                        appropriate occupations
                        for plotting. Def. T=12500 K
 
        -acc <real>   : xTB accuracy (def. 1.0)
        -gbsa [string1] [string2]
                        use GBSA implicit solvent
                        for solvent [string1] and
                        solvation state [string2]=
                        reference, bar1M (default=1M)
        additional GFN/opt/MD/siman options read from
        $XTB4STDAHOME/.xtb4stdarc or $set in input
 
       spin and charge state information can be on:
       <.CHRG> (charge) and <.UHF> (=nalpha-nbeta)
       -uhf and -chrg override the file info.
       useful machine settings:
       setenv MKL_NUM_THREADS <NCORE_ON_YOUR_MACHINE>
       setenv OMP_STACKSIZE 500m
       limit stacksize unlimited
 
       total energies in Eh, gaps/HL energies in eV
       please read REVISION and HOWTO files carefully
 =============================
  # OMP threads =          48
 =============================
 
 xtb4stdahome directory:/home/penavora/Exe_xtb_crest/
 
 argument            1 :--gbsa
 argument            2 :toluene
 
 name of molecule           :
 comment line               :
 number of atoms            :    32
 number of electrons        :    94
 charge                     :  0
 spin                       : 0.0
 first test random number   :  0.0680
 
 -----------------------------------------
      charge density (VTB) calculation
 -----------------------------------------
 
      method parameters     
 k(s)        :  1.8000
 k(p)        :  2.8350
 k(d)        :  2.0860
 k(f)        :  2.0000
 Tscal       :  0.3300
 Gscal       :  0.3910
 fpol        :  1.0000
 Zcnf        :  0.6500
 Zqf         :  0.0000
 kcn         :  0.3000
 kEN1        : -0.5900
 wllscal     :  2.6000
 
 Solvent             : toluene
 GBSA parameter file : /home/penavora/Exe_xtb_crest/.param_gbsa_toluene
 Gsolv ref. state (COSMO-RS): gsolv [1 M gas/solution]
 temperature (mdtemp)       :    298.150000000000     
 dielectric constant        :    7.00000000000000     
 rho                        :   0.867000000000000     
 mass                       :    92.1400000000000     
 surface tension            :    15.5689470637553     
 probe radius               :   0.641644990000000     
 vdW radii scaling          :    1.00000000000000     
 Gshift (Eh)                :   4.228772547061559E-003
 c1                         :    1.59772343000000     
 soset                      :   0.281999450000000     
 HB correction              :  F
 
 doing EN charges ...
 sum q :  0.1110223D-15
 point charge moment (au)
     X       Y       Z   
  -0.0000   0.3660  -0.0007  total (Debye):    0.930
 
            Z      q(EN)   CN      Cart. coordinates
     1  C   4.0  -0.073   3.150   -10.08661     1.17293    -0.00279
     2  C   4.0  -0.073   3.145    -8.69719     3.40827    -0.00164
     3  C   4.0  -0.067   3.152    -6.08510     3.37460     0.00028
     4  C   4.0  -0.001   3.373    -4.85535     1.05664     0.00084
     5  C   4.0   0.092   3.422    -6.28837    -1.20024    -0.00041
     6  C   4.0  -0.063   3.148    -8.90652    -1.15959    -0.00214
     7  N   5.0  -0.399   3.243    -4.66459    -3.22515    -0.00015
     8  C   4.0   0.094   3.427    -2.21581    -2.37308     0.00055
     9  C   4.0  -0.053   3.159    -0.00002    -3.76681    -0.00032
    10  C   4.0   0.094   3.427     2.21580    -2.37312    -0.00021
    11  N   5.0  -0.399   3.243     4.66456    -3.22524    -0.00194
    12  C   4.0   0.092   3.422     6.28838    -1.20036    -0.00199
    13  C   4.0  -0.063   3.148     8.90653    -1.15976    -0.00431
    14  C   4.0  -0.073   3.150    10.08666     1.17275    -0.00372
    15  C   4.0  -0.073   3.145     8.69729     3.40811    -0.00071
    16  C   4.0  -0.067   3.152     6.08520     3.37449     0.00146
    17  C   4.0  -0.001   3.373     4.85541     1.05654     0.00063
    18  C   4.0  -0.000   3.372     2.23840     0.31690     0.00155
    19  C   4.0  -0.061   3.162     0.00003     1.67676     0.00259
    20  C   4.0  -0.000   3.372    -2.23836     0.31694     0.00171
    21  H   1.0   0.074   1.004   -12.12644     1.26341    -0.00446
    22  H   1.0   0.074   1.004    -9.68557     5.19499    -0.00231
    23  H   1.0   0.074   1.004    -5.01840     5.11451     0.00126
    24  H   1.0   0.074   1.004    -9.98943    -2.89022    -0.00323
    25  H   1.0   0.177   1.009    -5.18905    -5.05200    -0.00151
    26  H   1.0   0.075   1.004    -0.00004    -5.80672    -0.00142
    27  H   1.0   0.177   1.009     5.18897    -5.05211    -0.00452
    28  H   1.0   0.074   1.004     9.98941    -2.89041    -0.00662
    29  H   1.0   0.074   1.004    12.12650     1.26318    -0.00554
    30  H   1.0   0.074   1.004     9.68571     5.19482    -0.00006
    31  H   1.0   0.074   1.004     5.01852     5.11441     0.00377
    32  H   1.0   0.075   1.004     0.00005     3.71563     0.00356
 
  Z AO/shell   Hii/eV     exponent
  1     Sat Feb 20 21:38:01 CET 2016    EN: 2.327 GAM: 0.473  GM3: 0.0000
     1s    -13.751157    1.051071
  6     Sat Feb 20 21:38:01 CET 2016    EN: 2.731 GAM: 0.422  GM3: 0.0000
     2s    -19.378245    2.021003
     2p    -11.993376    1.497917
  7     Sat Feb 20 21:38:01 CET 2016    EN: 3.573 GAM: 0.504  GM3: 0.0000
     2s    -21.576984    2.275442
     2p    -16.125120    2.056788
 
 dipole moment of classical point charges (au)
     X       Y       Z   
  -0.0000   0.3660  -0.0007  total (Debye):    0.930

 
 Nbf   :           92
 T(el) :   300.0
 calculating S/T integrals ...
 cpu time for ints   0.582568000000000     
 Nao   :           92
 making H0...
 making H1...
 cpu time for H      0.198201000000000     
 solving ...
 cpu time for diag   0.374538000000000     
 
 gap (eV)           :   6.316
 Koopmans IP (eV)   :  13.314
 Eel (Eh)           :   -74.403451
 T,E(Fermi),NFOD :    300.000   -10.156  0.000000
 T,E(Fermi),NFOD :    300.000   -10.156  0.000000
 Nfod               :  0.0000
 Nfod/Nel           :  0.0000

          eigenvalues
 #    :          35         36         37         38         39         40         41         42
 occ. :        2.000      2.000      2.000      2.000      2.000      2.000      2.000      2.000
 eps  :       -18.975    -18.843    -18.290    -18.266    -18.057    -17.867    -17.436    -16.436
 #    :          43         44         45         46         47         48         49         50
 occ. :        2.000      2.000      2.000      2.000      2.000      0.000      0.000      0.000
 eps  :       -16.099    -15.296    -14.513    -13.484    -13.315     -6.998     -6.664     -6.463
 #    :          51         52         53         54         55         56         57         58
 occ. :        0.000      0.000      0.000      0.000      0.000      0.000      0.000      0.000
 eps  :        -5.322     -5.157     -5.006     -4.329     -3.822     -3.146     -1.773      0.034
                            1  SCC done.
 making H1...
 cpu time for H      0.420065000000000     
 solving ...
 cpu time for diag   0.332178000000000     
 
 gap (eV)           :   6.232
 Koopmans IP (eV)   :  12.952
 Eel (Eh)           :   -73.583491
 T,E(Fermi),NFOD :    300.000    -9.836  0.000000
 T,E(Fermi),NFOD :    300.000    -9.836  0.000000
 Nfod               :  0.0000
 Nfod/Nel           :  0.0000

          eigenvalues
 #    :          35         36         37         38         39         40         41         42
 occ. :        2.000      2.000      2.000      2.000      2.000      2.000      2.000      2.000
 eps  :       -18.837    -18.608    -18.165    -18.032    -17.902    -17.606    -17.085    -16.154
 #    :          43         44         45         46         47         48         49         50
 occ. :        2.000      2.000      2.000      2.000      2.000      0.000      0.000      0.000
 eps  :       -15.830    -15.042    -14.244    -13.170    -12.953     -6.721     -6.412     -6.167
 #    :          51         52         53         54         55         56         57         58
 occ. :        0.000      0.000      0.000      0.000      0.000      0.000      0.000      0.000
 eps  :        -5.099     -4.946     -4.797     -4.137     -3.527     -2.849     -1.517      0.207
                            2  SCC done.
 
 
 Mulliken/CM5 charges    n(s)   n(p)   n(d)   
    1 C  -0.0463 -0.1022   1.136  2.911  0.000
    2 C  -0.0578 -0.1139   1.133  2.925  0.000
    3 C  -0.0498 -0.1026   1.139  2.911  0.000
    4 C  -0.0290 -0.0261   1.164  2.865  0.000
    5 C   0.0338  0.0951   1.179  2.787  0.000
    6 C  -0.0490 -0.0981   1.135  2.914  0.000
    7 N  -0.0999 -0.4526   1.189  3.911  0.000
    8 C   0.0353  0.0973   1.177  2.787  0.000
    9 C  -0.0628 -0.1044   1.128  2.935  0.000
   10 C   0.0353  0.0973   1.177  2.787  0.000
   11 N  -0.0999 -0.4526   1.189  3.911  0.000
   12 C   0.0338  0.0951   1.179  2.787  0.000
   13 C  -0.0490 -0.0981   1.135  2.914  0.000
   14 C  -0.0463 -0.1022   1.136  2.911  0.000
   15 C  -0.0578 -0.1139   1.133  2.925  0.000
   16 C  -0.0498 -0.1026   1.139  2.911  0.000
   17 C  -0.0290 -0.0261   1.164  2.865  0.000
   18 C  -0.0404 -0.0373   1.160  2.881  0.000
   19 C  -0.0518 -0.1009   1.139  2.912  0.000
   20 C  -0.0404 -0.0372   1.160  2.881  0.000
   21 H   0.0458  0.1023   0.954  0.000  0.000
   22 H   0.0415  0.0979   0.959  0.000  0.000
   23 H   0.0397  0.0969   0.960  0.000  0.000
   24 H   0.0406  0.0989   0.959  0.000  0.000
   25 H   0.1496  0.3444   0.850  0.000  0.000
   26 H   0.0421  0.1024   0.958  0.000  0.000
   27 H   0.1496  0.3444   0.850  0.000  0.000
   28 H   0.0406  0.0989   0.959  0.000  0.000
   29 H   0.0458  0.1023   0.954  0.000  0.000
   30 H   0.0415  0.0979   0.959  0.000  0.000
   31 H   0.0397  0.0969   0.960  0.000  0.000
   32 H   0.0447  0.1026   0.955  0.000  0.000
 Hirshfeld charges for QMDFF written to <charges>
 
 Loewdin charges    n(s)   n(p)   n(d)
    1 C  -0.0376   1.081  2.957  0.000
    2 C  -0.0513   1.079  2.972  0.000
    3 C  -0.0435   1.085  2.958  0.000
    4 C  -0.0290   1.122  2.906  0.000
    5 C   0.0290   1.144  2.827  0.000
    6 C  -0.0461   1.082  2.964  0.000
    7 N  -0.0544   1.136  3.919  0.000
    8 C   0.0316   1.142  2.827  0.000
    9 C  -0.0654   1.077  2.988  0.000
   10 C   0.0316   1.142  2.827  0.000
   11 N  -0.0544   1.136  3.919  0.000
   12 C   0.0290   1.144  2.827  0.000
   13 C  -0.0461   1.082  2.964  0.000
   14 C  -0.0376   1.081  2.957  0.000
   15 C  -0.0513   1.079  2.972  0.000
   16 C  -0.0435   1.085  2.958  0.000
   17 C  -0.0290   1.122  2.906  0.000
   18 C  -0.0420   1.119  2.923  0.000
   19 C  -0.0467   1.086  2.961  0.000
   20 C  -0.0420   1.119  2.923  0.000
   21 H   0.0376   0.962  0.000  0.000
   22 H   0.0340   0.966  0.000  0.000
   23 H   0.0320   0.968  0.000  0.000
   24 H   0.0325   0.968  0.000  0.000
   25 H   0.1282   0.872  0.000  0.000
   26 H   0.0337   0.966  0.000  0.000
   27 H   0.1282   0.872  0.000  0.000
   28 H   0.0325   0.968  0.000  0.000
   29 H   0.0376   0.962  0.000  0.000
   30 H   0.0340   0.966  0.000  0.000
   31 H   0.0320   0.968  0.000  0.000
   32 H   0.0366   0.963  0.000  0.000
 
 Wiberg/Mayer (AO) data. WBOs > 0.1 written file <wbo>
 largest (>0.05) Wiberg bond orders for each atom
           total WBO             WBO to atom ...
     1  C   3.951    C    6 1.447    C    2 1.398    H   21 0.945    C    4 0.090
     2  C   3.969    C    3 1.454    C    1 1.398    H   22 0.945    C    5 0.089
     3  C   3.960    C    2 1.454    C    4 1.358    H   23 0.945    C    6 0.101
     4  C   3.953    C    3 1.358    C    5 1.256    C   20 1.088    C    1 0.090
     5  C   3.929    C    6 1.371    C    4 1.256    N    7 1.088    C    2 0.089
     6  C   3.967    C    1 1.447    C    5 1.371    H   24 0.945    C    3 0.101
     7  N   3.424    C    8 1.096    C    5 1.088    H   25 0.953
     8  C   3.917    C    9 1.386    C   20 1.227    N    7 1.096    C   18 0.069
     9  C   3.959    C    8 1.386    C   10 1.386    H   26 0.943    C   19 0.092
    10  C   3.917    C    9 1.386    C   18 1.227    N   11 1.096    C   20 0.069
    11  N   3.424    C   10 1.096    C   12 1.088    H   27 0.953
    12  C   3.929    C   13 1.371    C   17 1.256    N   11 1.088    C   15 0.089
    13  C   3.967    C   14 1.447    C   12 1.371    H   28 0.945    C   16 0.101
    14  C   3.951    C   13 1.447    C   15 1.398    H   29 0.945    C   17 0.090
    15  C   3.969    C   16 1.454    C   14 1.398    H   30 0.945    C   12 0.089
    16  C   3.960    C   15 1.454    C   17 1.358    H   31 0.945    C   13 0.101
    17  C   3.953    C   16 1.358    C   12 1.256    C   18 1.088    C   14 0.090
    18  C   3.950    C   19 1.382    C   10 1.227    C   17 1.088    C    8 0.069
    19  C   3.948    C   20 1.382    C   18 1.382    H   32 0.943    C    9 0.092
    20  C   3.950    C   19 1.382    C    8 1.227    C    4 1.088    C   10 0.069
    21  H   0.997    C    1 0.945
    22  H   0.997    C    2 0.945
    23  H   0.998    C    3 0.945
    24  H   0.997    C    6 0.945
    25  H   0.976    N    7 0.953
    26  H   0.996    C    9 0.943
    27  H   0.976    N   11 0.953
    28  H   0.997    C   13 0.945
    29  H   0.997    C   14 0.945
    30  H   0.997    C   15 0.945
    31  H   0.998    C   16 0.945
    32  H   0.997    C   19 0.943
 
 --------------------------------------------
          xTB calculation for sTDA...
 --------------------------------------------
 
 reading parameter file /home/penavora/Exe_xtb_crest/.param_stda2.xtb
 
      method parameters     
 k(s)        :  1.6000
 k(p)        :  2.1800
 k(d)        :  1.9500
 k(f)        :  2.0000
 k(R-V)      :  2.2750
 k(R-R)      :  1.7650
 Tscal       :  0.2580
 Gscal       :  1.0000
 fpol        :  1.0000
 Zcnf        :  0.3430
 Zqf         :  0.0000
 kcn         :  2.7000
 Ryd Hsplit  :  0.7000
 lshift(virt):  3.1000
 lshift(OS)  :  0.2000
 wllscaling  :  2.6000
 
 mowrcut     : 3.000
 
  Z AO/shell   Hii/eV     exponent
  1     Sun Feb 14 09:53:25 CET 2016    EN: 2.327 GAM: 0.473  GM3: 0.0000
     1s    -14.339618    1.220000
     2sp    -3.348946    0.600000
  6     Sun Feb 14 09:53:25 CET 2016    EN: 2.731 GAM: 0.422  GM3: 0.0000
     2s    -22.009312    1.565095
     2p    -13.020408    1.596905
     3sp    -3.914040    0.824500
  7     Sun Feb 14 09:53:25 CET 2016    EN: 3.573 GAM: 0.504  GM3: 0.0000
     2s    -25.722000    2.064844
     2p    -18.684912    1.801692
     3sp    -4.344791    0.921400
 
 Nbf   :          220
 T(el) :     0.0
 calculating S/T integrals ...
 cpu time for ints    6.91020300000000     
 Nao   :          220
 making H0...
 making H1...
 cpu time for H       1.60636800000000     
 solving ...
 cpu time for diag    2.30456100000000     
 
 gap (eV)           :   7.384
 Koopmans IP (eV)   :  14.014
 Eel (Eh)           :   -81.221512

          eigenvalues
 #    :          35         36         37         38         39         40         41         42
 occ. :        2.000      2.000      2.000      2.000      2.000      2.000      2.000      2.000
 eps  :       -19.289    -18.902    -18.741    -18.539    -18.534    -18.486    -18.161    -16.870
 #    :          43         44         45         46         47         48         49         50
 occ. :        2.000      2.000      2.000      2.000      2.000      0.000      0.000      0.000
 eps  :       -16.648    -15.839    -15.361    -14.358    -14.015     -6.631     -6.247     -5.497
 #    :          51         52         53         54         55         56         57         58
 occ. :        0.000      0.000      0.000      0.000      0.000      0.000      0.000      0.000
 eps  :        -5.050     -4.864     -4.798     -4.558     -4.540     -4.198     -4.138     -4.045
                            1  SCC done.
 writing mo output ...
 molden style : F
 
speedup 40.28
cpu  time for all   13.61 s
wall time for all    0.34 s
