 
        ______________________________________
       |                                      |
       |          ===================         |
       |             xTB for sTDA             |
       |          ===================         |
       |               S. Grimme              |
       |        Universitaet Bonn, MCTC       |
       |         2015-19, Version 1.0         |
       |     Wed Apr  3 09:14:55 CEST 2019    |
       |______________________________________|
 
        This code comes without any warranty
        for non-commercial, academia use only.
        Preliminary test version.
        Cite this work as:
        S. Grimme  &  C. Bannwarth, JCP 145 (2016) 054103
        if GBSA is used additionally:
        P. Shushkov, F. März, C. Bannwarth, S. Grimme, unpublished.
 
        with help from
        P. Shushkov, G. Brandenburg, S. Dohm, J. Pisarek,
        F. März, M. Checinski, S. Ehrlich, S. Spicher, 
        P. Pracht, E. Caldeweyher, S. Ehlert, and C. Bannwarth.
 
        usage        :
        xtb4stda <coord_file> [options]
        where <coord_file> is a valid file of TM)
        (*coord, Bohr) or xmol (*xyz, Angstroem)
        format.

        options:
        -chrg <int>   : molecular charge
        -uhf  <int>   : # of unpaired electrons(=2*S)
        -nox          : skip second, extended part in sTDA-xTB
        -pop          : do population analysis
                      : (default for -nox)
        -mowr <real>  : cut MO write above (def.3 Eh)
        -molden       : write formatted molden file
        -parx <file>  : read parameters for sTDA-xTB
                        calc (def:~/.param_stda2.xtb)
        -parv <file>  : read parameters for vTB part in
                        sTDA-xTB (def: ~/.param_stda1.xtb)
        -xtemp <real> : el. temp for xTB (def. 0 K)
        -etemp <real> : el. temp for GFN (def. 300 K)
        -fod          : calculate the FOD and write
                        molden.input file with
                        appropriate occupations
                        for plotting. Def. T=12500 K
 
        -acc <real>   : xTB accuracy (def. 1.0)
        -gbsa [string1] [string2]
                        use GBSA implicit solvent
                        for solvent [string1] and
                        solvation state [string2]=
                        reference, bar1M (default=1M)
        additional GFN/opt/MD/siman options read from
        $XTB4STDAHOME/.xtb4stdarc or $set in input
 
       spin and charge state information can be on:
       <.CHRG> (charge) and <.UHF> (=nalpha-nbeta)
       -uhf and -chrg override the file info.
       useful machine settings:
       setenv MKL_NUM_THREADS <NCORE_ON_YOUR_MACHINE>
       setenv OMP_STACKSIZE 500m
       limit stacksize unlimited
 
       total energies in Eh, gaps/HL energies in eV
       please read REVISION and HOWTO files carefully
 =============================
  # OMP threads =          48
 =============================
 
 xtb4stdahome directory:/home/penavora/Exe_xtb_crest/
 
 
 name of molecule           :
 comment line               :
 number of atoms            :    75
 number of electrons        :   238
 charge                     :  0
 spin                       : 0.0
 first test random number   :  0.7456
 
 -----------------------------------------
      charge density (VTB) calculation
 -----------------------------------------
 
      method parameters     
 k(s)        :  1.8000
 k(p)        :  2.8350
 k(d)        :  2.0860
 k(f)        :  2.0000
 Tscal       :  0.3300
 Gscal       :  0.3910
 fpol        :  1.0000
 Zcnf        :  0.6500
 Zqf         :  0.0000
 kcn         :  0.3000
 kEN1        : -0.5900
 wllscal     :  2.6000
 
     -------------------------
     ! NO SOLVENT MODEL USED !
     -------------------------
 
 doing EN charges ...
 sum q :  0.3330669D-15
 point charge moment (au)
     X       Y       Z   
  -0.2467   0.0005   0.0039  total (Debye):    0.627
 
            Z      q(EN)   CN      Cart. coordinates
     1  C   4.0  -0.244   4.102    -9.63692     9.69471     2.06714
     2  C   4.0  -0.023   4.076    -8.13622     9.45036    -0.40361
     3  C   4.0  -0.244   4.101    -9.95417     9.44963    -2.66461
     4  C   4.0  -0.244   4.102    -6.40338    11.75486    -0.63745
     5  C   4.0   0.007   3.246    -6.67321     6.97987    -0.36667
     6  C   4.0  -0.072   3.187    -4.06351     6.84438    -0.58247
     7  C   4.0  -0.068   3.203    -2.83227     4.54821    -0.49133
     8  C   4.0   0.091   3.303    -4.14974     2.29472    -0.14608
     9  C   4.0   0.011   3.302    -6.78315     2.36891    -0.05794
    10  C   4.0  -0.072   3.251    -7.96602     4.70607    -0.14832
    11  C   4.0  -0.032   4.143    -8.38860     0.00004     0.04289
    12  C   4.0  -0.244   4.106   -10.08603    -0.05810    -2.31924
    13  C   4.0  -0.244   4.106   -10.00423     0.06392     2.46153
    14  C   4.0   0.011   3.302    -6.78804    -2.37419     0.08978
    15  C   4.0  -0.072   3.252    -7.97750    -4.70710     0.20087
    16  C   4.0   0.007   3.246    -6.68902    -6.98729     0.37269
    17  C   4.0  -0.023   4.076    -8.16116    -9.45176     0.43815
    18  C   4.0  -0.244   4.101    -9.90638    -9.45840     2.75576
    19  C   4.0  -0.244   4.102    -6.43208   -11.76518     0.60095
    20  C   4.0  -0.244   4.102    -9.74078    -9.67320    -1.98512
    21  C   4.0  -0.072   3.187    -4.07409    -6.86309     0.51941
    22  C   4.0  -0.068   3.203    -2.83626    -4.57109     0.41026
    23  C   4.0   0.091   3.302    -4.15258    -2.31029     0.11261
    24  N   5.0  -0.312   3.249    -2.85192    -0.00898    -0.02531
    25  C   4.0   0.093   3.327    -0.22389    -0.00636    -0.02514
    26  C   4.0   0.030   3.218     1.16764    -1.20991    -1.93438
    27  F   7.0  -0.026   1.075    -0.06682    -2.32740    -3.83637
    28  C   4.0   0.027   3.213     3.78468    -1.22575    -1.91515
    29  F   7.0  -0.026   1.075     5.03982    -2.34125    -3.80300
    30  C   4.0  -0.001   3.274     5.14494     0.00304    -0.01933
    31  C   4.0  -0.000   3.271     7.93024     0.00714    -0.01446
    32  C   4.0   0.026   3.217     9.28145     2.26891    -0.02087
    33  F   7.0  -0.027   1.076     8.03292     4.45528    -0.09630
    34  C   4.0   0.027   3.192    11.90881     2.29045    -0.01299
    35  F   7.0  -0.026   1.067    13.16244     4.47314    -0.03332
    36  C   4.0   0.026   3.196    13.23097     0.01509    -0.00007
    37  F   7.0  -0.027   1.067    15.74551     0.01889     0.00729
    38  C   4.0   0.027   3.192    11.91558    -2.26422     0.00522
    39  F   7.0  -0.026   1.067    13.17554    -4.44319     0.03261
    40  C   4.0   0.026   3.217     9.28815    -2.25054    -0.00121
    41  F   7.0  -0.027   1.076     8.04576    -4.44064     0.06740
    42  C   4.0   0.027   3.213     3.77631     1.22839     1.87302
    43  F   7.0  -0.026   1.075     5.02355     2.34846     3.76341
    44  C   4.0   0.030   3.218     1.15972     1.20383     1.88604
    45  F   7.0  -0.026   1.075    -0.08331     2.32118     3.78242
    46  H   1.0   0.082   0.999    -8.36146     9.64690     3.67865
    47  H   1.0   0.083   1.000   -10.99460     8.16888     2.27674
    48  H   1.0   0.082   0.999   -10.66333    11.47562     2.09869
    49  H   1.0   0.082   0.999    -8.90764     9.20909    -4.41787
    50  H   1.0   0.083   1.000   -11.32977     7.93195    -2.52340
    51  H   1.0   0.082   0.999   -10.97388    11.23245    -2.75239
    52  H   1.0   0.083   0.999    -5.34810    11.71120    -2.40030
    53  H   1.0   0.082   1.000    -7.53729    13.47002    -0.62061
    54  H   1.0   0.083   0.999    -5.08561    11.84904     0.93640
    55  H   1.0   0.077   1.007    -2.93700     8.52008    -0.83595
    56  H   1.0   0.077   1.008    -0.80506     4.53344    -0.72061
    57  H   1.0   0.078   1.008   -10.00057     4.75137    -0.04948
    58  H   1.0   0.083   1.000    -8.92123    -0.10694    -4.01315
    59  H   1.0   0.083   1.000   -11.29303    -1.71838    -2.31598
    60  H   1.0   0.083   1.000   -11.28704     1.60409    -2.40684
    61  H   1.0   0.083   1.000   -11.20453     1.72875     2.49852
    62  H   1.0   0.083   1.000   -11.20676    -1.59461     2.59017
    63  H   1.0   0.083   1.000    -8.78230     0.10918     4.11483
    64  H   1.0   0.078   1.008   -10.01418    -4.74366     0.15892
    65  H   1.0   0.082   0.999    -8.80332    -9.23726     4.47663
    66  H   1.0   0.082   0.999   -10.93330   -11.23605     2.86251
    67  H   1.0   0.083   1.000   -11.27659    -7.93169     2.66965
    68  H   1.0   0.082   1.000    -7.57348   -13.47543     0.60611
    69  H   1.0   0.083   0.999    -5.16388   -11.85240    -1.01351
    70  H   1.0   0.083   0.999    -5.32273   -11.73975     2.33062
    71  H   1.0   0.083   1.000   -11.09928    -8.14167    -2.14063
    72  H   1.0   0.082   0.999   -10.77401   -11.45042    -1.99636
    73  H   1.0   0.082   0.999    -8.51729    -9.61820    -3.63620
    74  H   1.0   0.077   1.007    -2.94791    -8.54462     0.73263
    75  H   1.0   0.077   1.008    -0.80408    -4.56744     0.58811
 
  Z AO/shell   Hii/eV     exponent
  1     Sat Feb 20 21:38:01 CET 2016    EN: 2.327 GAM: 0.473  GM3: 0.0000
     1s    -13.751157    1.051071
  6     Sat Feb 20 21:38:01 CET 2016    EN: 2.731 GAM: 0.422  GM3: 0.0000
     2s    -19.378245    2.021003
     2p    -11.993376    1.497917
  7     Sat Feb 20 21:38:01 CET 2016    EN: 3.573 GAM: 0.504  GM3: 0.0000
     2s    -21.576984    2.275442
     2p    -16.125120    2.056788
  9     Sat Feb 20 21:51:24 CET 2016    EN: 3.394 GAM: 0.669  GM3: 0.0000
     2s    -19.384211    2.614957
     2p    -19.426034    2.777297
 
 dipole moment of classical point charges (au)
     X       Y       Z   
  -0.2467   0.0005   0.0039  total (Debye):    0.627

 
 Nbf   :          210
 T(el) :   300.0
 calculating S/T integrals ...
 cpu time for ints    1.68069000000000     
 Nao   :          210
 making H0...
 making H1...
 cpu time for H      0.113988000000000     
 solving ...
 cpu time for diag   0.750742000000000     
 
 gap (eV)           :   3.649
 Koopmans IP (eV)   :  12.989
 Eel (Eh)           :  -184.242347
 T,E(Fermi),NFOD :    300.000   -11.164  0.000000
 T,E(Fermi),NFOD :    300.000   -11.164  0.000000
 Nfod               :  0.0000
 Nfod/Nel           :  0.0000

          eigenvalues
 #    :         107        108        109        110        111        112        113        114
 occ. :        2.000      2.000      2.000      2.000      2.000      2.000      2.000      2.000
 eps  :       -17.619    -17.471    -17.262    -17.237    -16.882    -15.396    -15.304    -15.240
 #    :         115        116        117        118        119        120        121        122
 occ. :        2.000      2.000      2.000      2.000      2.000      0.000      0.000      0.000
 eps  :       -15.200    -14.312    -14.292    -14.206    -12.990     -9.340     -7.968     -7.248
 #    :         123        124        125        126        127        128        129        130
 occ. :        0.000      0.000      0.000      0.000      0.000      0.000      0.000      0.000
 eps  :        -6.432     -6.310     -5.911     -5.759     -5.629     -5.356     -5.133     -4.783
                            1  SCC done.
 making H1...
 cpu time for H      0.853248000000000     
 solving ...
 cpu time for diag   0.327560000000000     
 
 gap (eV)           :   3.320
 Koopmans IP (eV)   :  12.871
 Eel (Eh)           :  -183.203806
 T,E(Fermi),NFOD :    300.000   -11.211  0.000000
 T,E(Fermi),NFOD :    300.000   -11.211  0.000000
 Nfod               :  0.0000
 Nfod/Nel           :  0.0000

          eigenvalues
 #    :         107        108        109        110        111        112        113        114
 occ. :        2.000      2.000      2.000      2.000      2.000      2.000      2.000      2.000
 eps  :       -17.464    -17.366    -17.192    -17.139    -16.765    -15.468    -15.214    -15.106
 #    :         115        116        117        118        119        120        121        122
 occ. :        2.000      2.000      2.000      2.000      2.000      0.000      0.000      0.000
 eps  :       -15.068    -14.559    -14.542    -14.487    -12.872     -9.552     -8.120     -7.228
 #    :         123        124        125        126        127        128        129        130
 occ. :        0.000      0.000      0.000      0.000      0.000      0.000      0.000      0.000
 eps  :        -6.806     -6.301     -5.853     -5.601     -5.530     -5.291     -5.284     -5.234
                            2  SCC done.
 
 
 Mulliken/CM5 charges    n(s)   n(p)   n(d)   
    1 C  -0.1020 -0.2505   1.104  2.998  0.000
    2 C   0.0276 -0.0038   1.231  2.742  0.000
    3 C  -0.1022 -0.2506   1.104  2.998  0.000
    4 C  -0.0997 -0.2490   1.100  2.999  0.000
    5 C  -0.0228 -0.0352   1.186  2.837  0.000
    6 C  -0.0437 -0.0984   1.139  2.905  0.000
    7 C  -0.0529 -0.1004   1.135  2.918  0.000
    8 C   0.0512  0.1117   1.179  2.770  0.000
    9 C  -0.0163 -0.0190   1.185  2.831  0.000
   10 C  -0.0517 -0.1052   1.144  2.907  0.000
   11 C   0.0236  0.0035   1.225  2.751  0.000
   12 C  -0.1019 -0.2492   1.108  2.993  0.000
   13 C  -0.1017 -0.2490   1.109  2.993  0.000
   14 C  -0.0164 -0.0191   1.185  2.831  0.000
   15 C  -0.0518 -0.1053   1.144  2.907  0.000
   16 C  -0.0229 -0.0352   1.186  2.837  0.000
   17 C   0.0276 -0.0038   1.231  2.742  0.000
   18 C  -0.1022 -0.2506   1.104  2.998  0.000
   19 C  -0.0997 -0.2490   1.100  2.999  0.000
   20 C  -0.1020 -0.2505   1.104  2.998  0.000
   21 C  -0.0437 -0.0984   1.139  2.905  0.000
   22 C  -0.0530 -0.1005   1.135  2.918  0.000
   23 C   0.0512  0.1118   1.179  2.770  0.000
   24 N  -0.1048 -0.3419   1.223  3.882  0.000
   25 C   0.0755  0.1413   1.158  2.766  0.000
   26 C   0.0954  0.1190   1.157  2.748  0.000
   27 F  -0.1091 -0.1317   1.673  5.436  0.000
   28 C   0.0971  0.1180   1.152  2.751  0.000
   29 F  -0.1089 -0.1319   1.674  5.435  0.000
   30 C   0.0136  0.0178   1.149  2.837  0.000
   31 C   0.0147  0.0189   1.147  2.839  0.000
   32 C   0.0986  0.1197   1.150  2.751  0.000
   33 F  -0.1042 -0.1273   1.672  5.432  0.000
   34 C   0.0992  0.1215   1.144  2.756  0.000
   35 F  -0.1044 -0.1266   1.672  5.433  0.000
   36 C   0.1051  0.1274   1.144  2.751  0.000
   37 F  -0.0988 -0.1212   1.671  5.428  0.000
   38 C   0.0992  0.1215   1.144  2.756  0.000
   39 F  -0.1044 -0.1266   1.672  5.433  0.000
   40 C   0.0986  0.1197   1.150  2.751  0.000
   41 F  -0.1042 -0.1274   1.672  5.432  0.000
   42 C   0.0971  0.1179   1.152  2.751  0.000
   43 F  -0.1090 -0.1320   1.674  5.435  0.000
   44 C   0.0953  0.1190   1.157  2.748  0.000
   45 F  -0.1091 -0.1317   1.673  5.436  0.000
   46 H   0.0339  0.0874   0.966  0.000  0.000
   47 H   0.0351  0.0890   0.965  0.000  0.000
   48 H   0.0310  0.0843   0.969  0.000  0.000
   49 H   0.0335  0.0869   0.967  0.000  0.000
   50 H   0.0351  0.0890   0.965  0.000  0.000
   51 H   0.0311  0.0843   0.969  0.000  0.000
   52 H   0.0352  0.0889   0.965  0.000  0.000
   53 H   0.0333  0.0867   0.967  0.000  0.000
   54 H   0.0356  0.0893   0.964  0.000  0.000
   55 H   0.0451  0.1044   0.955  0.000  0.000
   56 H   0.0392  0.1036   0.961  0.000  0.000
   57 H   0.0453  0.1069   0.955  0.000  0.000
   58 H   0.0349  0.0889   0.965  0.000  0.000
   59 H   0.0341  0.0883   0.966  0.000  0.000
   60 H   0.0340  0.0883   0.966  0.000  0.000
   61 H   0.0340  0.0882   0.966  0.000  0.000
   62 H   0.0339  0.0882   0.966  0.000  0.000
   63 H   0.0349  0.0889   0.965  0.000  0.000
   64 H   0.0453  0.1069   0.955  0.000  0.000
   65 H   0.0335  0.0869   0.967  0.000  0.000
   66 H   0.0310  0.0843   0.969  0.000  0.000
   67 H   0.0351  0.0890   0.965  0.000  0.000
   68 H   0.0333  0.0867   0.967  0.000  0.000
   69 H   0.0356  0.0893   0.964  0.000  0.000
   70 H   0.0353  0.0890   0.965  0.000  0.000
   71 H   0.0351  0.0891   0.965  0.000  0.000
   72 H   0.0310  0.0843   0.969  0.000  0.000
   73 H   0.0339  0.0874   0.966  0.000  0.000
   74 H   0.0451  0.1044   0.955  0.000  0.000
   75 H   0.0393  0.1038   0.961  0.000  0.000
 Hirshfeld charges for QMDFF written to <charges>
 
 Loewdin charges    n(s)   n(p)   n(d)
    1 C  -0.1076   1.033  3.074  0.000
    2 C   0.0417   1.189  2.769  0.000
    3 C  -0.1077   1.033  3.074  0.000
    4 C  -0.1048   1.030  3.075  0.000
    5 C  -0.0203   1.145  2.876  0.000
    6 C  -0.0384   1.085  2.953  0.000
    7 C  -0.0515   1.083  2.969  0.000
    8 C   0.0457   1.143  2.811  0.000
    9 C  -0.0176   1.146  2.872  0.000
   10 C  -0.0499   1.093  2.957  0.000
   11 C   0.0345   1.184  2.782  0.000
   12 C  -0.1079   1.038  3.070  0.000
   13 C  -0.1077   1.038  3.070  0.000
   14 C  -0.0177   1.146  2.872  0.000
   15 C  -0.0499   1.093  2.957  0.000
   16 C  -0.0203   1.145  2.876  0.000
   17 C   0.0417   1.189  2.769  0.000
   18 C  -0.1077   1.033  3.074  0.000
   19 C  -0.1048   1.030  3.075  0.000
   20 C  -0.1076   1.033  3.074  0.000
   21 C  -0.0384   1.086  2.953  0.000
   22 C  -0.0515   1.083  2.969  0.000
   23 C   0.0458   1.143  2.811  0.000
   24 N  -0.0655   1.181  3.884  0.000
   25 C   0.0628   1.126  2.811  0.000
   26 C   0.0785   1.125  2.797  0.000
   27 F  -0.0914   1.656  5.435  0.000
   28 C   0.0822   1.119  2.799  0.000
   29 F  -0.0911   1.657  5.435  0.000
   30 C   0.0090   1.109  2.882  0.000
   31 C   0.0092   1.107  2.884  0.000
   32 C   0.0839   1.118  2.798  0.000
   33 F  -0.0862   1.655  5.431  0.000
   34 C   0.0801   1.113  2.807  0.000
   35 F  -0.0864   1.654  5.432  0.000
   36 C   0.0883   1.112  2.799  0.000
   37 F  -0.0809   1.653  5.428  0.000
   38 C   0.0801   1.113  2.807  0.000
   39 F  -0.0864   1.654  5.432  0.000
   40 C   0.0839   1.118  2.798  0.000
   41 F  -0.0862   1.655  5.431  0.000
   42 C   0.0822   1.119  2.799  0.000
   43 F  -0.0911   1.657  5.435  0.000
   44 C   0.0783   1.125  2.796  0.000
   45 F  -0.0914   1.656  5.435  0.000
   46 H   0.0337   0.966  0.000  0.000
   47 H   0.0355   0.964  0.000  0.000
   48 H   0.0316   0.968  0.000  0.000
   49 H   0.0334   0.967  0.000  0.000
   50 H   0.0356   0.964  0.000  0.000
   51 H   0.0316   0.968  0.000  0.000
   52 H   0.0354   0.965  0.000  0.000
   53 H   0.0338   0.966  0.000  0.000
   54 H   0.0356   0.964  0.000  0.000
   55 H   0.0381   0.962  0.000  0.000
   56 H   0.0320   0.968  0.000  0.000
   57 H   0.0399   0.960  0.000  0.000
   58 H   0.0342   0.966  0.000  0.000
   59 H   0.0348   0.965  0.000  0.000
   60 H   0.0347   0.965  0.000  0.000
   61 H   0.0347   0.965  0.000  0.000
   62 H   0.0346   0.965  0.000  0.000
   63 H   0.0343   0.966  0.000  0.000
   64 H   0.0399   0.960  0.000  0.000
   65 H   0.0334   0.967  0.000  0.000
   66 H   0.0316   0.968  0.000  0.000
   67 H   0.0355   0.964  0.000  0.000
   68 H   0.0338   0.966  0.000  0.000
   69 H   0.0356   0.964  0.000  0.000
   70 H   0.0355   0.965  0.000  0.000
   71 H   0.0356   0.964  0.000  0.000
   72 H   0.0316   0.968  0.000  0.000
   73 H   0.0337   0.966  0.000  0.000
   74 H   0.0381   0.962  0.000  0.000
   75 H   0.0321   0.968  0.000  0.000
 
 Wiberg/Mayer (AO) data. WBOs > 0.1 written file <wbo>
 largest (>0.05) Wiberg bond orders for each atom
           total WBO             WBO to atom ...
     1  C   3.980    H   46 0.978    H   48 0.978    H   47 0.976    C    2 0.966
     2  C   3.920    C    4 0.977    C    1 0.966    C    3 0.966    C    5 0.937
     3  C   3.980    H   49 0.978    H   51 0.978    H   50 0.976    C    2 0.966
     4  C   3.982    H   53 0.978    H   54 0.978    H   52 0.978    C    2 0.977
     5  C   3.944    C   10 1.393    C    6 1.384    C    2 0.937    C    8 0.097
     6  C   3.972    C    7 1.448    C    5 1.384    H   55 0.942    C    9 0.101
     7  C   3.966    C    6 1.448    C    8 1.363    H   56 0.939    C   10 0.103
     8  C   3.928    C    7 1.363    C    9 1.334    N   24 1.009    C    5 0.097
     9  C   3.942    C   10 1.405    C    8 1.334    C   11 0.945    C    6 0.101
    10  C   3.969    C    9 1.405    C    5 1.393    H   57 0.939    C    7 0.103
    11  C   3.921    C   12 0.954    C   13 0.953    C    9 0.945    C   14 0.945
    12  C   3.978    H   58 0.978    H   60 0.976    H   59 0.976    C   11 0.954
    13  C   3.978    H   63 0.978    H   62 0.976    H   61 0.976    C   11 0.953
    14  C   3.942    C   15 1.406    C   23 1.334    C   11 0.945    C   21 0.101
    15  C   3.969    C   14 1.406    C   16 1.392    H   64 0.939    C   22 0.103
    16  C   3.944    C   15 1.392    C   21 1.384    C   17 0.937    C   23 0.097
    17  C   3.920    C   19 0.977    C   20 0.966    C   18 0.966    C   16 0.937
    18  C   3.980    H   65 0.978    H   66 0.978    H   67 0.976    C   17 0.966
    19  C   3.982    H   68 0.978    H   69 0.978    H   70 0.978    C   17 0.977
    20  C   3.980    H   73 0.978    H   72 0.978    H   71 0.976    C   17 0.966
    21  C   3.972    C   22 1.448    C   16 1.384    H   74 0.942    C   14 0.101
    22  C   3.966    C   21 1.448    C   23 1.363    H   75 0.939    C   15 0.103
    23  C   3.928    C   22 1.363    C   14 1.334    N   24 1.009    C   16 0.097
    24  N   3.370    C    8 1.009    C   23 1.009    C   25 0.993
    25  C   3.932    C   26 1.334    C   44 1.333    N   24 0.993    C   30 0.102
    26  C   3.914    C   28 1.367    C   25 1.334    F   27 0.982    C   42 0.089
    27  F   1.112    C   26 0.982
    28  C   3.918    C   26 1.367    C   30 1.338    F   29 0.982    C   44 0.089
    29  F   1.113    C   28 0.982
    30  C   3.950    C   28 1.338    C   42 1.337    C   31 0.985    C   25 0.102
    31  C   3.952    C   40 1.342    C   32 1.342    C   30 0.985    C   36 0.096
    32  C   3.921    C   34 1.357    C   31 1.342    F   33 0.987    C   38 0.093
    33  F   1.119    C   32 0.987
    34  C   3.921    C   32 1.357    C   36 1.350    F   35 0.986    C   40 0.093
    35  F   1.116    C   34 0.986
    36  C   3.922    C   38 1.350    C   34 1.350    F   37 0.991    C   31 0.096
    37  F   1.124    C   36 0.991
    38  C   3.921    C   40 1.357    C   36 1.350    F   39 0.986    C   32 0.093
    39  F   1.116    C   38 0.986
    40  C   3.921    C   38 1.357    C   31 1.342    F   41 0.987    C   34 0.093
    41  F   1.119    C   40 0.987
    42  C   3.918    C   44 1.368    C   30 1.337    F   43 0.982    C   26 0.089
    43  F   1.113    C   42 0.982
    44  C   3.915    C   42 1.368    C   25 1.333    F   45 0.982    C   28 0.089
    45  F   1.112    C   44 0.982
    46  H   0.999    C    1 0.978
    47  H   0.999    C    1 0.976
    48  H   0.997    C    1 0.978
    49  H   0.999    C    3 0.978
    50  H   0.999    C    3 0.976
    51  H   0.997    C    3 0.978
    52  H   0.999    C    4 0.978
    53  H   0.998    C    4 0.978
    54  H   0.999    C    4 0.978
    55  H   0.994    C    6 0.942
    56  H   0.995    C    7 0.939
    57  H   0.997    C   10 0.939
    58  H   0.999    C   12 0.978
    59  H   0.997    C   12 0.976
    60  H   0.997    C   12 0.976
    61  H   0.997    C   13 0.976
    62  H   0.997    C   13 0.976
    63  H   0.999    C   13 0.978
    64  H   0.997    C   15 0.939
    65  H   0.999    C   18 0.978
    66  H   0.997    C   18 0.978
    67  H   0.999    C   18 0.976
    68  H   0.998    C   19 0.978
    69  H   0.999    C   19 0.978
    70  H   0.999    C   19 0.978
    71  H   0.999    C   20 0.976
    72  H   0.997    C   20 0.978
    73  H   0.999    C   20 0.978
    74  H   0.994    C   21 0.942
    75  H   0.995    C   22 0.939
 
 --------------------------------------------
          xTB calculation for sTDA...
 --------------------------------------------
 
 reading parameter file /home/penavora/Exe_xtb_crest/.param_stda2.xtb
 
      method parameters     
 k(s)        :  1.6000
 k(p)        :  2.1800
 k(d)        :  1.9500
 k(f)        :  2.0000
 k(R-V)      :  2.2750
 k(R-R)      :  1.7650
 Tscal       :  0.2580
 Gscal       :  1.0000
 fpol        :  1.0000
 Zcnf        :  0.3430
 Zqf         :  0.0000
 kcn         :  2.7000
 Ryd Hsplit  :  0.7000
 lshift(virt):  3.1000
 lshift(OS)  :  0.2000
 wllscaling  :  2.6000
 
 mowrcut     : 3.000
 
  Z AO/shell   Hii/eV     exponent
  1     Sun Feb 14 09:53:25 CET 2016    EN: 2.327 GAM: 0.473  GM3: 0.0000
     1s    -14.339618    1.220000
     2sp    -3.348946    0.600000
  6     Sun Feb 14 09:53:25 CET 2016    EN: 2.731 GAM: 0.422  GM3: 0.0000
     2s    -22.009312    1.565095
     2p    -13.020408    1.596905
     3sp    -3.914040    0.824500
  7     Sun Feb 14 09:53:25 CET 2016    EN: 3.573 GAM: 0.504  GM3: 0.0000
     2s    -25.722000    2.064844
     2p    -18.684912    1.801692
     3sp    -4.344791    0.921400
  9     Sun Feb 21 12:20:01 CET 2016    EN: 3.394 GAM: 0.600  GM3: 0.0000
     2s    -26.548112    1.943768
     2p    -23.081168    2.552035
     3sp    -1.937199    1.103200
 
 Nbf   :          510
 T(el) :     0.0
 calculating S/T integrals ...
 cpu time for ints    7.31260200000000     
 Nao   :          510
 making H0...
 making H1...
 cpu time for H      7.602000000000331E-003
 solving ...
 cpu time for diag   0.651100999999999     
 
 gap (eV)           :   6.245
 Koopmans IP (eV)   :  13.784
 Eel (Eh)           :  -211.349166

          eigenvalues
 #    :         107        108        109        110        111        112        113        114
 occ. :        2.000      2.000      2.000      2.000      2.000      2.000      2.000      2.000
 eps  :       -18.518    -18.238    -18.062    -17.857    -17.843    -17.284    -16.711    -16.587
 #    :         115        116        117        118        119        120        121        122
 occ. :        2.000      2.000      2.000      2.000      2.000      0.000      0.000      0.000
 eps  :       -16.455    -16.035    -15.964    -15.824    -13.785     -7.539     -6.732     -6.551
 #    :         123        124        125        126        127        128        129        130
 occ. :        0.000      0.000      0.000      0.000      0.000      0.000      0.000      0.000
 eps  :        -6.473     -5.879     -5.734     -5.706     -5.150     -5.074     -4.922     -4.883
                            1  SCC done.
 writing mo output ...
 molden style : F
 
speedup 20.44
cpu  time for all   12.61 s
wall time for all    0.62 s
