  130
 Etot=        -171.9347958215
 C          4.9162593829        2.1433529217        4.4713450197
 C          4.3285627623        2.4269769400        3.1182440733
 C          3.9457458721        3.7230816762        2.8034210822
 C          3.4226776413        4.0397999835        1.5531310531
 C          3.0164458549        5.4565714838        1.2637081566
 C          3.2627270937        3.0353358704        0.6077457935
 C          2.6311150092        3.3984599677       -0.7174121466
 C          1.1947335826        3.4927194717       -0.5736876540
 C          0.0015696883        3.5096827131       -0.4006506058
 C         -1.3995223279        3.5531992250       -0.2451729362
 C         -2.2475615719        3.3483996963       -1.3343749876
 C         -3.6143604043        3.4081101757       -1.1896459307
 C         -4.2008543421        3.6814881908        0.0554664245
 N         -5.5626719674        3.7585905403        0.1958502352
 C         -6.1583321431        3.9350836502        1.4941313464
 C         -6.4195883768        3.7605031786       -0.9627492744
 C         -3.3403962839        3.8763366126        1.1474870037
 C         -1.9743767885        3.8089805973        1.0002471255
 C          3.5645537191        1.6902546300        0.9229497116
 B          3.1289712845        0.4898714329        0.0060164771
 C          2.5209374090       -0.8014078021        0.6306954600
 C          2.9922013881       -2.0927162315        0.2481753903
 C          4.0634767508       -2.2154505870       -0.7952623194
 C          2.4902403938       -3.2424942883        0.8386837417
 C          2.9437539330       -4.6156274265        0.4277012676
 C          1.5587803343       -3.1327584131        1.8645784043
 C          1.0787718171       -1.8949481235        2.2798741327
 C          0.0807609974       -1.8413185263        3.4008964689
 C          1.5333349593       -0.7463840559        1.6493216052
 C          0.8802843997        0.5674583874        2.0230880652
 C         -0.4824105449        0.5621372146        1.5336294274
 C         -1.5959105358        0.4941194850        1.0799161334
 C         -2.9011045713        0.4177387503        0.5487030449
 C         -3.0983876135        0.1052956206       -0.7954080926
 C         -4.3671070686        0.0346645109       -1.3260353443
 C         -5.5013805835        0.2702223812       -0.5381388506
 N         -6.7756751889        0.2767104059       -1.0912454297
 C         -6.9671366555       -0.3181448468       -2.3945225677
 C         -7.9164510450        0.2402893156       -0.2059235307
 C         -5.2941884282        0.5522048538        0.8175753418
 C         -4.0236141408        0.6323603994        1.3455324688
 C          3.3487087662        0.5831063817       -1.5501674532
 C          4.6016046695        0.8553868883       -2.1458550135
 C          5.7587095794        1.3524286430       -1.3308072942
 C          4.7921693457        0.6041139731       -3.4988039868
 C          6.1275734563        0.8371743928       -4.1425381838
 C          3.7383524245        0.1129451650       -4.2687379916
 C          2.4719302907       -0.0686171701       -3.7315823147
 C          1.3452983245       -0.5374506947       -4.6072033412
 C          2.2657109051        0.2304504455       -2.3908508466
 C          0.8611738013        0.2502428276       -1.8328395111
 C          0.4121174781       -1.0599118920       -1.4264837550
 C          0.0226947851       -2.1551483912       -1.1065783280
 C         -0.4413455992       -3.3994902194       -0.6429500928
 C         -1.3177520789       -3.4558697337        0.4446297604
 C         -1.7461083702       -4.6640949637        0.9412775235
 C         -1.3200939191       -5.8749073183        0.3714895333
 N         -1.7311043863       -7.0838427269        0.8742483609
 C         -1.0536794209       -8.3063939802        0.5252023498
 C         -2.8229239332       -7.1739803229        1.8089115699
 C         -0.4621544715       -5.8078433913       -0.7377238327
 C         -0.0365352067       -4.5971836763       -1.2339564621
 C          4.1802300059        1.4174811045        2.1735209696
 C          4.6894937835        0.0437177880        2.4956039335
 H          5.9775812229        1.9039530492        4.3924510208
 H          4.4163550327        1.2983918363        4.9426259963
 H          4.8136443518        3.0123231438        5.1177068369
 H          4.0730599546        4.5075564243        3.5363340876
 H          3.1227648715        6.0693321545        2.1561230252
 H          3.6394430306        5.8900135220        0.4796311674
 H          1.9785044311        5.5011655178        0.9339767063
 H          3.0249134263        4.3490385426       -1.0873961099
 H          2.8567678009        2.6283601014       -1.4586178788
 H         -1.8199358430        3.1374889200       -2.3041414644
 H         -4.2321930372        3.2241888125       -2.0532359248
 H         -5.7514365739        3.2110268049        2.2029277028
 H         -7.2325596264        3.7743249518        1.4258833748
 H         -5.9876862022        4.9442399786        1.8893709013
 H         -7.4292267433        4.0375858883       -0.6668999677
 H         -6.0737230553        4.4888821742       -1.7016052286
 H         -6.4562411673        2.7721475279       -1.4320205574
 H         -3.7393411190        4.0946830986        2.1246983359
 H         -1.3328569757        3.9611789424        1.8559754063
 H          4.6236049514       -3.1397394723       -0.6821571528
 H          4.7570044830       -1.3819003877       -0.7334281619
 H          3.6232790217       -2.2020945658       -1.7933116948
 H          2.8823906847       -4.7396892051       -0.6514713145
 H          2.3159436565       -5.3714101178        0.8952903732
 H          3.9756255326       -4.7946214505        0.7342580973
 H          1.1929220428       -4.0300053986        2.3454870177
 H         -0.8219443286       -1.3158276543        3.0935233210
 H          0.4967459207       -1.3154097034        4.2619806560
 H         -0.1899814098       -2.8472796519        3.7144567626
 H          0.8828305593        0.7105041062        3.1080674877
 H          1.4070931102        1.4067796298        1.5701960828
 H         -2.2393167587       -0.0940769715       -1.4182710211
 H         -4.4656401479       -0.2110454269       -2.3708377539
 H         -6.6648382646       -1.3724923476       -2.4257616721
 H         -6.3960459806        0.2299670527       -3.1454683600
 H         -8.0188100204       -0.2530996853       -2.6669177096
 H         -7.9326475737       -0.6558780759        0.4277186909
 H         -7.9191927418        1.1221427161        0.4356979017
 H         -8.8294732547        0.2591659750       -0.7982005930
 H         -6.1308183133        0.7093681828        1.4788800970
 H         -3.8922933381        0.8571245328        2.3950232571
 H          6.0353632819        2.3616399680       -1.6386330680
 H          5.5039850787        1.3796943001       -0.2754934028
 H          6.6327370960        0.7152814364       -1.4679753374
 H          6.8856984490        0.1824578539       -3.7111869368
 H          6.4557955097        1.8655942807       -3.9940515910
 H          6.0759958850        0.6413513081       -5.2111184660
 H          3.9032090707       -0.0926418636       -5.3174218187
 H          0.7802673041       -1.3292261627       -4.1171332455
 H          0.6584905625        0.2819849739       -4.8266872949
 H          1.7315268517       -0.9142667821       -5.5518948776
 H          0.8222199813        0.9054617901       -0.9578812024
 H          0.1715444581        0.6490856163       -2.5844080107
 H         -1.6439117543       -2.5325575415        0.8989268244
 H         -2.3991893850       -4.6678677173        1.7995796494
 H          0.0218172421       -8.1393053105        0.4500484953
 H         -1.2241720689       -9.0479857350        1.3044287698
 H         -1.4119128279       -8.7169236934       -0.4268385133
 H         -3.2360781980       -8.1813888478        1.7818582173
 H         -2.5059075230       -6.9570975504        2.8366768086
 H         -3.6163739812       -6.4776289496        1.5345167999
 H         -0.1367824920       -6.7124652930       -1.2267968075
 H          0.6224464927       -4.5688821628       -2.0899023942
 H          4.8592076441       -0.5273131488        1.5879795539
 H          5.6240450104        0.0991312124        3.0518172554
 H          3.9687132959       -0.5066920442        3.1024680687
  130
 Etot=        -171.9348130430
 C          4.9165032987        2.1437330759        4.4723555737
 C          4.3279600762        2.4269304458        3.1195400547
 C          3.9455326203        3.7232518552        2.8042193388
 C          3.4225631560        4.0396534356        1.5534648481
 C          3.0165560924        5.4564679551        1.2636784997
 C          3.2618902129        3.0348041342        0.6087641015
 C          2.6308314409        3.3975743714       -0.7168177580
 C          1.1947284867        3.4926086348       -0.5735833082
 C          0.0014138676        3.5098919453       -0.4005338043
 C         -1.3995272761        3.5530485119       -0.2451119186
 C         -2.2476151343        3.3484470315       -1.3344777972
 C         -3.6143570793        3.4079959240       -1.1897041440
 C         -4.2008692193        3.6812933365        0.0555339628
 N         -5.5626259176        3.7584111926        0.1959048322
 C         -6.1583103275        3.9349746929        1.4941806752
 C         -6.4195944338        3.7604463098       -0.9626514808
 C         -3.3404041083        3.8760294140        1.1476852513
 C         -1.9744484545        3.8086529787        1.0004661821
 C          3.5619102685        1.6889530011        0.9244475938
 B          3.1293934379        0.4906221383        0.0056480063
 C          2.5206006804       -0.8002933460        0.6291200816
 C          2.9911798567       -2.0924207109        0.2462457155
 C          4.0631517697       -2.2153048400       -0.7963008026
 C          2.4898830246       -3.2419245490        0.8375068074
 C          2.9438372685       -4.6152129904        0.4272864373
 C          1.5586540959       -3.1322620863        1.8640260733
 C          1.0790015506       -1.8941057175        2.2795897393
 C          0.0809531747       -1.8407721585        3.4006951668
 C          1.5337442213       -0.7456315049        1.6493031061
 C          0.8805412269        0.5681417951        2.0229035459
 C         -0.4820038192        0.5630117058        1.5333391144
 C         -1.5957353090        0.4947115346        1.0797877555
 C         -2.9008886309        0.4179339678        0.5486887698
 C         -3.0982307486        0.1053440770       -0.7954922828
 C         -4.3669279822        0.0346666060       -1.3260766968
 C         -5.5012405439        0.2702120784       -0.5381112303
 N         -6.7754977238        0.2766154455       -1.0911714734
 C         -6.9670399522       -0.3180079018       -2.3945587100
 C         -7.9163550064        0.2403618086       -0.2059272155
 C         -5.2940488706        0.5523319524        0.8176333748
 C         -4.0234940919        0.6325779289        1.3455597600
 C          3.3486736544        0.5812528494       -1.5495018475
 C          4.6013979252        0.8545184783       -2.1459557415
 C          5.7584325593        1.3517202861       -1.3308298185
 C          4.7920496245        0.6041321995       -3.4989598386
 C          6.1274888484        0.8374078263       -4.1426563177
 C          3.7382617856        0.1126080947       -4.2693894412
 C          2.4717363104       -0.0693011584       -3.7323064665
 C          1.3450532335       -0.5376730202       -4.6081662449
 C          2.2658622316        0.2283791691       -2.3914423088
 C          0.8613832214        0.2499916969       -1.8333256307
 C          0.4123334458       -1.0595236287       -1.4255852839
 C          0.0242654725       -2.1554852067       -1.1055238436
 C         -0.4404707178       -3.3995297214       -0.6424470909
 C         -1.3169724664       -3.4558350816        0.4453145813
 C         -1.7459021920       -4.6639942100        0.9415350503
 C         -1.3200167192       -5.8748550926        0.3715851840
 N         -1.7310382036       -7.0836829329        0.8742779032
 C         -1.0537323302       -8.3062853795        0.5251655374
 C         -2.8228938099       -7.1738697204        1.8088813586
 C         -0.4620554640       -5.8078808242       -0.7378253565
 C         -0.0363313103       -4.5973332758       -1.2340084932
 C          4.1779658302        1.4171654287        2.1756994160
 C          4.6887159127        0.0437547157        2.4966707359
 H          5.9777440009        1.9040826114        4.3929324924
 H          4.4166714282        1.2989230764        4.9440148917
 H          4.8143615664        3.0128846982        5.1185639209
 H          4.0732212500        4.5080166193        3.5367882438
 H          3.1230309080        6.0694934538        2.1559155447
 H          3.6395458563        5.8896481113        0.4794164415
 H          1.9785709764        5.5013110556        0.9339777330
 H          3.0251466935        4.3475984876       -1.0877394555
 H          2.8561383411        2.6263649824       -1.4571520125
 H         -1.8199898959        3.1376126227       -2.3042362316
 H         -4.2322039523        3.2240809716       -2.0532830488
 H         -5.7514196525        3.2109971061        2.2030409571
 H         -7.2325445867        3.7742941159        1.4259343653
 H         -5.9876157610        4.9441448713        1.8892846872
 H         -7.4291916888        4.0376174080       -0.6667645392
 H         -6.0736848939        4.4887762490       -1.7015057647
 H         -6.4563639652        2.7720901859       -1.4319198106
 H         -3.7393625768        4.0945467326        2.1248414632
 H         -1.3329107704        3.9610446526        1.8561151140
 H          4.6233553258       -3.1395365542       -0.6827239216
 H          4.7564293932       -1.3815383232       -0.7341754856
 H          3.6234631897       -2.2021046380       -1.7945699469
 H          2.8826321171       -4.7399244542       -0.6518266939
 H          2.3161641368       -5.3709239956        0.8952452057
 H          3.9756946533       -4.7939740481        0.7340515974
 H          1.1931856001       -4.0294851673        2.3453356306
 H         -0.8219655437       -1.3154095741        3.0936683283
 H          0.4969106386       -1.3151036466        4.2619380245
 H         -0.1896415020       -2.8468479013        3.7140982500
 H          0.8831004494        0.7115314347        3.1078438014
 H          1.4079562451        1.4069121473        1.5694436065
 H         -2.2391716856       -0.0940124925       -1.4183609331
 H         -4.4654857397       -0.2110928035       -2.3708556481
 H         -6.6648380209       -1.3723507204       -2.4258308872
 H         -6.3959066638        0.2300969589       -3.1454615563
 H         -8.0187071000       -0.2528700134       -2.6669322901
 H         -7.9325951693       -0.6558169225        0.4276452238
 H         -7.9190880795        1.1221787026        0.4357302946
 H         -8.8293427215        0.2592799642       -0.7982437445
 H         -6.1306897778        0.7093247950        1.4789583046
 H         -3.8921843871        0.8571905328        2.3950670523
 H          6.0348349459        2.3610021159       -1.6387507063
 H          5.5036355880        1.3790260746       -0.2755203416
 H          6.6327036644        0.7148612713       -1.4679248058
 H          6.8856853054        0.1826709815       -3.7113855606
 H          6.4557383315        1.8658169040       -3.9940277263
 H          6.0760200979        0.6417088323       -5.2112885813
 H          3.9033130437       -0.0928629057       -5.3180824897
 H          0.7800262752       -1.3296304536       -4.1183386084
 H          0.6582334061        0.2818772230       -4.8273243795
 H          1.7312248142       -0.9142018964       -5.5529949498
 H          0.8230626501        0.9057377407       -0.9586657854
 H          0.1714908227        0.6485858370       -2.5848977951
 H         -1.6428812467       -2.5325276521        0.8997781685
 H         -2.3988913521       -4.6677588811        1.7999013007
 H          0.0217576941       -8.1392906595        0.4499161435
 H         -1.2242508448       -9.0478597820        1.3043934392
 H         -1.4121393260       -8.7167329209       -0.4268247984
 H         -3.2359884305       -8.1812976038        1.7818088296
 H         -2.5058408407       -6.9570310732        2.8366113734
 H         -3.6163460123       -6.4775155559        1.5345275761
 H         -0.1368470656       -6.7125264486       -1.2269381074
 H          0.6225477938       -4.5690433358       -2.0899980085
 H          4.8580631206       -0.5267476512        1.5885782454
 H          5.6237679217        0.0994488616        3.0520871424
 H          3.9687894830       -0.5073387662        3.1039390272
