  70
 Etot=        -135.8834706813
 N        -10.3154313529        2.5625715633        1.7857519266
 C         -9.3709395449        1.9514560895        1.5230798546
 C         -8.2288346724        1.2097212247        1.2137820879
 C         -7.8619240673        0.0839487131        1.9946660882
 C         -6.7325740616       -0.6242843450        1.6871730926
 C         -5.9115187446       -0.2595139822        0.6075982340
 N         -4.7464876479       -1.0026326372        0.3601257864
 C         -4.7307918298       -2.3417091761       -0.0008096619
 C         -5.7964736874       -3.2022597337       -0.2098444910
 C         -5.5024785860       -4.5041663112       -0.5845898030
 C         -4.1890963464       -4.9300311227       -0.7497121601
 C         -3.1216841298       -4.0657010892       -0.5506419819
 C         -3.3926969548       -2.7603309531       -0.1758979152
 C         -2.5680779001       -1.6108930921        0.1089702584
 C         -1.2095264682       -1.3999150517        0.1254068224
 C         -0.7124881553       -0.1255880408        0.4554456472
 C          0.7131745506        0.1275883113        0.4557259554
 C          1.6232212796       -0.9010960490        0.7970252312
 C          2.9804608158       -0.7020822979        0.8128720664
 C          3.4645731383        0.5541232497        0.4400444645
 C          2.5691964183        1.6125796156        0.1102706183
 C          1.2105568348        1.4020438470        0.1267230163
 C          3.3942825070        2.7617515114       -0.1743887181
 C          3.1238150691        4.0672848825       -0.5489862180
 C          4.1915930777        4.9311332609       -0.7481910320
 C          5.5048155123        4.5046443080       -0.5834142209
 C          5.7982827531        3.2025555785       -0.2088995623
 C          4.7322389801        2.3425027072        0.0003104060
 N          4.7474134117        1.0033030697        0.3607613876
 C          5.9119351080        0.2592179423        0.6075980769
 C          6.7334993924        0.6226633389        1.6872255244
 C          7.8619106901       -0.0871219422        1.9945139672
 C          8.2273418921       -1.2132084051        1.2133577199
 C          9.3682604325       -1.9567064537        1.5226021915
 N         10.3116896967       -2.5695624633        1.7852682952
 C          7.4320900079       -1.5621338282        0.1097158980
 C          6.2996573468       -0.8393268399       -0.1995245595
 C          5.5340177462       -1.2343529562       -1.4248038920
 F          6.3289404620       -1.7514010473       -2.3808877099
 F          4.6003440990       -2.1883728572       -1.1894061482
 F          4.8717160089       -0.2229426653       -2.0144792336
 C         -1.6228497804        0.9026451747        0.7972215074
 C         -2.9800541111        0.7032442063        0.8127723472
 C         -3.4638186361       -0.5529331395        0.4393661788
 C         -6.3005851783        0.8388392808       -0.1991112735
 C         -5.5353251102        1.2353660340       -1.4241465987
 F         -6.3306755477        1.7522483123       -2.3799571194
 F         -4.6025811047        2.1901359998       -1.1880816502
 F         -4.8720427977        0.2249550394       -2.0144222608
 C         -7.4339730740        1.5600887269        0.1103330448
 H         -8.4809294497       -0.1981816262        2.8319775666
 H         -6.4398123489       -1.4720753058        2.2878293336
 H         -6.8161586116       -2.8711937134       -0.0874230168
 H         -6.3111731731       -5.1984528167       -0.7540997120
 H         -3.9984642191       -5.9508998851       -1.0438347928
 H         -2.1058480829       -4.4007601914       -0.6897012908
 H         -0.5350311772       -2.1928859634       -0.1544831949
 H          1.2364443083       -1.8594682510        1.1036792902
 H          3.6540240285       -1.4904405432        1.1114957217
 H          0.5362722753        2.1954191475       -0.1525383014
 H          2.1081132564        4.4028458903       -0.6878122192
 H          4.0013922483        5.9521574484       -1.0420680454
 H          6.3137987024        5.1985588694       -0.7530681473
 H          6.8178361221        2.8709669044       -0.0868047321
 H          6.4418466983        1.4706721510        2.2880968786
 H          8.4813061910        0.1940087084        2.8318585932
 H          7.7252279105       -2.3969569494       -0.5098008085
 H         -1.2363774866        1.8609353666        1.1045166873
 H         -3.6538576232        1.4912980909        1.1116549283
 H         -7.7282278485        2.3946358655       -0.5090257752
  70
 Etot=        -135.8836211044
 N        -10.3125284229        2.5613422707        1.7855451823
 C         -9.3701410296        1.9513194035        1.5227139320
 C         -8.2276615625        1.2085710630        1.2122616016
 C         -7.8625395849        0.0834422557        1.9923359771
 C         -6.7340780114       -0.6261471863        1.6846358306
 C         -5.9117911355       -0.2593281842        0.6070135418
 N         -4.7469579427       -1.0020482842        0.3600327176
 C         -4.7307979683       -2.3411955273        0.0005608048
 C         -5.7962084655       -3.2015421256       -0.2082323687
 C         -5.5025289850       -4.5031655866       -0.5838522959
 C         -4.1895098432       -4.9291370071       -0.7489158816
 C         -3.1222072373       -4.0651058494       -0.5501057660
 C         -3.3928008064       -2.7597171205       -0.1754402987
 C         -2.5682529190       -1.6104739139        0.1079518399
 C         -1.2100912803       -1.3996869140        0.1245854643
 C         -0.7120824723       -0.1251889337        0.4539226432
 C          0.7127403193        0.1271822396        0.4542062234
 C          1.6240473463       -0.9017780835        0.7948132316
 C          2.9809147307       -0.7033138478        0.8092870398
 C          3.4649156474        0.5532119682        0.4382047179
 C          2.5693413407        1.6121580085        0.1092587438
 C          1.2110938565        1.4017945022        0.1258448062
 C          3.3943640745        2.7611395895       -0.1738783145
 C          3.1243192325        4.0666950440       -0.5483776922
 C          4.1919875859        4.9302381082       -0.7473436011
 C          5.5048478772        4.5036394786       -0.5826282318
 C          5.7979986365        3.2018262551       -0.2072539037
 C          4.7322266000        2.3419716287        0.0017038393
 N          4.7478601150        1.0026969322        0.3606869599
 C          5.9121743830        0.2589856516        0.6070646515
 C          6.7350924826        0.6246052502        1.6846234123
 C          7.8626236751       -0.0865389278        1.9921101485
 C          8.2262602645       -1.2119863364        1.2117469881
 C          9.3673828829       -1.9567206001        1.5222910820
 N         10.3089573662       -2.5680366099        1.7850568605
 C          7.4304828929       -1.5618436507        0.1096383143
 C          6.2975288362       -0.8403047254       -0.1989216674
 C          5.5294566873       -1.2334156212       -1.4236055835
 F          6.3240531170       -1.7492347235       -2.3779185260
 F          4.5962011194       -2.1844328624       -1.1822456724
 F          4.8693379416       -0.2175509755       -2.0065239344
 C         -1.6237073121        0.9033370670        0.7949438396
 C         -2.9805414721        0.7044880119        0.8091317735
 C         -3.4641941948       -0.5520136074        0.4374761190
 C         -6.2984431271        0.8398198033       -0.1984998253
 C         -5.5307412332        1.2344139840       -1.4229405700
 F         -6.3257659395        1.7501083072       -2.3769538818
 F         -4.5983733607        2.1861293312       -1.1809005909
 F         -4.8696749822        0.2195219989       -2.0064717441
 C         -7.4323253713        1.5598279155        0.1103017615
 H         -8.4805743531       -0.1971975660        2.8309135603
 H         -6.4402620969       -1.4736321922        2.2863289309
 H         -6.8161504931       -2.8696547059       -0.0873109940
 H         -6.3111671658       -5.1971372830       -0.7542858368
 H         -3.9988578461       -5.9498222094       -1.0433362760
 H         -2.1060522268       -4.3999649120       -0.6895867198
 H         -0.5353347209       -2.1930343650       -0.1557227794
 H          1.2370587292       -1.8600029824        1.1030345679
 H          3.6544131345       -1.4913120060        1.1091099819
 H          0.5365611110        2.1954822854       -0.1540450849
 H          2.1082961632        4.4020674443       -0.6875800226
 H          4.0017636202        5.9510297561       -1.0416760256
 H          6.3137745393        5.1972296857       -0.7532452595
 H          6.8178074283        2.8694081085       -0.0866744534
 H          6.4422132826        1.4721144800        2.2867338526
 H          8.4810080184        0.1930390017        2.8307795027
 H          7.7241636284       -2.3958465967       -0.5101209454
 H         -1.2370157637        1.8614991918        1.1037433265
 H         -3.6542719398        1.4921688507        1.1092704327
 H         -7.7271579393        2.3935358548       -0.5093090080
  70
 Etot=        -135.8836697179
 N        -10.3107256667        2.5620329146        1.7854995984
 C         -9.3694740383        1.9507279128        1.5217878158
 C         -8.2261631768        1.2073324696        1.2107171698
 C         -7.8632567858        0.0826078636        1.9903023172
 C         -6.7354235565       -0.6283525305        1.6828951411
 C         -5.9116701041       -0.2595321633        0.6072450550
 N         -4.7470799940       -1.0019700904        0.3613234179
 C         -4.7307388001       -2.3412109256        0.0030774610
 C         -5.7961218948       -3.2009932839       -0.2063244656
 C         -5.5029720697       -4.5024631133       -0.5828270622
 C         -4.1902151026       -4.9286777692       -0.7478613175
 C         -3.1228636186       -4.0649674920       -0.5492060870
 C         -3.3928750200       -2.7596289652       -0.1740853230
 C         -2.5683191503       -1.6103600768        0.1071002501
 C         -1.2105794480       -1.3996352332        0.1234120105
 C         -0.7114552655       -0.1247448883        0.4513270024
 C          0.7120827797        0.1267009215        0.4515867068
 C          1.6244372216       -0.9026466426        0.7918967120
 C          2.9808242950       -0.7042956099        0.8066809874
 C          3.4649610672        0.5526278532        0.4372326432
 C          2.5693752028        1.6119942063        0.1082955060
 C          1.2115534572        1.4016614993        0.1244771619
 C          3.3944070126        2.7610180274       -0.1725634424
 C          3.1249435052        4.0665368832       -0.5474607676
 C          4.1926589152        4.9297673298       -0.7462547394
 C          5.5052566198        4.5029318307       -0.5815517186
 C          5.7978771504        3.2012754731       -0.2052788480
 C          4.7321393035        2.3419466839        0.0041626053
 N          4.7479563537        1.0025821542        0.3619323290
 C          5.9120364817        0.2591776566        0.6073012545
 C          6.7363076308        0.6267515311        1.6829888219
 C          7.8632798645       -0.0856599256        1.9901532023
 C          8.2247474325       -1.2107081950        1.2103288916
 C          9.3673608124       -1.9552965353        1.5210470838
 N         10.3066409148       -2.5695423985        1.7849771184
 C          7.4283720323       -1.5615961247        0.1095614443
 C          6.2947583229       -0.8410595851       -0.1979562506
 C          5.5233101711       -1.2326557335       -1.4224542981
 F          6.3161390526       -1.7478176078       -2.3756614070
 F          4.5898235061       -2.1802128592       -1.1762946855
 F          4.8656058906       -0.2127730248       -1.9998722185
 C         -1.6241278655        0.9042067162        0.7919337186
 C         -2.9804797623        0.7054596576        0.8065060932
 C         -3.4642692595       -0.5514600611        0.4365528011
 C         -6.2956422010        0.8405506805       -0.1975749490
 C         -5.5245281553        1.2336084968       -1.4218141774
 F         -6.3177676646        1.7486577764       -2.3747285138
 F         -4.5919133230        2.1818376238       -1.1749587010
 F         -4.8658731099        0.2146781907       -1.9998250100
 C         -7.4302249927        1.5595170778        0.1100729234
 H         -8.4821584758       -0.1983814981        2.8281866252
 H         -6.4426072444       -1.4774168609        2.2833816447
 H         -6.8161082679       -2.8684788356       -0.0856595342
 H         -6.3117070028       -5.1960542234       -0.7539677981
 H         -3.9996147186       -5.9491533087       -1.0428616441
 H         -2.1065011042       -4.3994078150       -0.6895519762
 H         -0.5356457158       -2.1934592641       -0.1564311685
 H          1.2370575527       -1.8610553853        1.0999231291
 H          3.6542033641       -1.4924331631        1.1064563787
 H          0.5368325768        2.1958513281       -0.1548481269
 H          2.1087060267        4.4015202139       -0.6874106003
 H          4.0024745111        5.9503523641       -1.0411431304
 H          6.3142776907        5.1961472335       -0.7528625090
 H          6.8177314968        2.8682096538       -0.0850208757
 H          6.4445362569        1.4759967144        2.2837255849
 H          8.4826872123        0.1944758046        2.8279482979
 H          7.7217152446       -2.3958036951       -0.5098456733
 H         -1.2370378079        1.8625905084        1.1004173030
 H         -3.6540849335        1.4933016183        1.1065552458
 H         -7.7243721711        2.3937987190       -0.5088519860
