  92
 Etot=        -130.8603570928
 C         -9.0183038391       -3.2430666229        1.1300328081
 C         -7.9077469340       -2.2801781069        0.8343265555
 C         -7.7700014289       -1.0933497453        1.5362916343
 C         -6.7514782244       -0.1938346941        1.2537043703
 C         -6.6497403415        1.0597501974        2.0734535385
 C         -5.8135441452       -0.4738858125        0.2464868837
 B         -4.6182101536        0.4971100501       -0.0603708354
 C         -3.1665031886       -0.0862134303       -0.0128883074
 C         -2.8148894708       -1.1012761398        0.8830818557
 C         -1.5337954473       -1.6120616757        0.9372356172
 C         -0.5626383254       -1.1496865587        0.0527576517
 N          0.7335616197       -1.6881201500        0.0787990820
 C          1.0492017043       -3.0328662258        0.0723768204
 C          0.2136497129       -4.1397208150        0.0032937723
 C          0.7985025579       -5.3913791646       -0.0108087466
 C          2.1826535345       -5.5502402391        0.0324049061
 C          3.0206774143       -4.4540815471        0.0723993575
 C          2.4552918252       -3.1850245581        0.0872217174
 C          3.0070816822       -1.8598349043        0.0984773005
 C          4.3059992047       -1.3738921646        0.1210568521
 C          4.5001790554       -0.0007676532        0.1242241932
 N          5.8073659311        0.5208837645        0.1072332908
 C          6.3250807231        1.4465476270        0.9879234072
 C          5.7352636438        2.0387479632        2.0965964924
 C          6.4916443623        2.9315964996        2.8310140555
 C          7.8077775627        3.2301980081        2.4820100839
 C          8.4073635570        2.6285987196        1.3935388292
 C          7.6677519463        1.7262599346        0.6391916419
 C          7.9641297387        0.9229220091       -0.5134362069
 C          9.0927501252        0.7677856735       -1.3088228648
 C          9.0333293325       -0.0998761609       -2.3811148425
 C          7.8628397467       -0.7979805212       -2.6742162385
 C          6.7276836544       -0.6609229635       -1.8987802552
 C          6.7873850960        0.1938334929       -0.8062499792
 C          3.4080078102        0.8751394160        0.1410721247
 C          2.1101518691        0.4064246827        0.1397953893
 C          1.9089229907       -0.9670017251        0.0910838773
 C         -0.8920641104       -0.1517320907       -0.8608989475
 C         -2.1654571196        0.3805886900       -0.8711164134
 C         -4.7937035744        2.0160874480       -0.4183289421
 C         -4.1061958897        3.0040092869        0.3045325942
 C         -3.2380974825        2.6520045953        1.4809603813
 C         -4.2292330189        4.3432743911       -0.0367939282
 C         -5.0192287485        4.7508098040       -1.0998011822
 C         -5.1601885447        6.1996335121       -1.4585041955
 C         -5.7014408377        3.7758476616       -1.8145933945
 C         -5.6058272475        2.4323001971       -1.4879971494
 C         -6.3513884243        1.4313923543       -2.3224352235
 C         -5.9544366271       -1.6786732828       -0.4635817068
 C         -5.0109349365       -2.0476885369       -1.5749792832
 C         -6.9884580453       -2.5527509423       -0.1692727523
 H         -9.6712548201       -3.3445497339        0.2629485927
 H         -8.6162420878       -4.2295950954        1.3592696300
 H         -9.6145195367       -2.9043610488        1.9740534769
 H         -8.4769200369       -0.8584408330        2.3210881969
 H         -5.8225229667        0.9845963579        2.7794245526
 H         -6.4681080502        1.9228395342        1.4383493896
 H         -7.5635714253        1.2236156361        2.6405186950
 H         -3.5629911573       -1.4817103812        1.5643677936
 H         -1.2749657521       -2.3680334672        1.6643234207
 H         -0.8587621915       -4.0306139022       -0.0478012163
 H          0.1683423278       -6.2675108131       -0.0598194062
 H          2.6008434082       -6.5460356266        0.0236096258
 H          4.0935398983       -4.5753083114        0.0874518094
 H          5.1502420800       -2.0458417126        0.1420591766
 H          4.7212701166        1.8025682215        2.3824413593
 H          6.0546595918        3.4075084241        3.6971213890
 H          8.3651989250        3.9367156368        3.0796497610
 H          9.4316076660        2.8501184034        1.1320727180
 H          9.9957992546        1.3187316136       -1.0909285345
 H          9.9010787990       -0.2365951755       -3.0099827801
 H          7.8427384447       -1.4594081480       -3.5284788713
 H          5.8211295358       -1.1953163360       -2.1411986429
 H          3.5943223029        1.9386401624        0.1463274580
 H          1.2801299881        1.0949521195        0.1720732667
 H         -0.1476636162        0.1944087849       -1.5631501428
 H         -2.4034092131        1.1635700681       -1.5773314560
 H         -2.2007480623        2.5486095815        1.1615365170
 H         -3.2793395493        3.4396829491        2.2315670312
 H         -3.5451217557        1.7154504705        1.9356775436
 H         -3.6954400602        5.0848963559        0.5429871733
 H         -5.0959964981        6.3373391570       -2.5367239256
 H         -4.3870620101        6.7967861728       -0.9803377206
 H         -6.1320021476        6.5728375632       -1.1323418080
 H         -6.3274152292        4.0749339222       -2.6449581741
 H         -6.8778212338        0.7192181812       -1.6921701641
 H         -7.0699517227        1.9297575278       -2.9695111959
 H         -5.6597024804        0.8719179484       -2.9520716302
 H         -5.5336952003       -2.6146150279       -2.3435369248
 H         -4.2053049720       -2.6724189831       -1.1884566492
 H         -4.5652027079       -1.1676011459       -2.0276819355
 H         -7.0831517749       -3.4695284877       -0.7363643870
  92
 Etot=        -130.8604207570
 C         -9.0163694174       -3.2411065242        1.1301672135
 C         -7.9067092932       -2.2784030495        0.8339400176
 C         -7.7688888535       -1.0915917081        1.5355472491
 C         -6.7501811964       -0.1930827070        1.2523506604
 C         -6.6459336277        1.0612464582        2.0699236336
 C         -5.8128043761       -0.4732890572        0.2457770265
 B         -4.6179036892        0.4969451576       -0.0605297406
 C         -3.1664985890       -0.0858911760       -0.0130489253
 C         -2.8153438099       -1.1020887937        0.8812469245
 C         -1.5345400791       -1.6134585524        0.9348393415
 C         -0.5621210014       -1.1491078746        0.0526005361
 N          0.7328167273       -1.6867571227        0.0784484360
 C          1.0482200101       -3.0313508991        0.0731130429
 C          0.2127069020       -4.1378872507        0.0050401809
 C          0.7976760476       -5.3893672636       -0.0103256789
 C          2.1815365366       -5.5480472491        0.0315448001
 C          3.0194283883       -4.4521280954        0.0711117956
 C          2.4541178060       -3.1834619517        0.0862230016
 C          3.0061826971       -1.8585929774        0.0966475338
 C          4.3051046664       -1.3733307594        0.1182096766
 C          4.5000717542       -0.0003390185        0.1239452422
 N          5.8060522826        0.5204377069        0.1075471619
 C          6.3232739121        1.4465949508        0.9876924783
 C          5.7334083364        2.0389107233        2.0958102690
 C          6.4901387206        2.9313081968        2.8301584767
 C          7.8062807598        3.2289250567        2.4816524329
 C          8.4056856466        2.6274152268        1.3934072902
 C          7.6659621753        1.7254940735        0.6394930826
 C          7.9623727845        0.9223131337       -0.5128458471
 C          9.0908462660        0.7676759017       -1.3078232041
 C          9.0314423391       -0.0993410644       -2.3802478393
 C          7.8617606559       -0.7983566449       -2.6727816524
 C          6.7268875263       -0.6624085808       -1.8970320211
 C          6.7863575101        0.1924488871       -0.8050779323
 C          3.4080017145        0.8755643978        0.1422051965
 C          2.1099430653        0.4071946231        0.1385988926
 C          1.9083493255       -0.9657864820        0.0895345543
 C         -0.8914917269       -0.1490882525       -0.8589205024
 C         -2.1652028665        0.3822572182       -0.8696898012
 C         -4.7938071659        2.0150979068       -0.4176584486
 C         -4.1069051563        3.0026528146        0.3046069221
 C         -3.2381177558        2.6487733517        1.4795669948
 C         -4.2299080277        4.3415828810       -0.0362511985
 C         -5.0197547866        4.7487955456       -1.0992623199
 C         -5.1601293146        6.1969862872       -1.4580658666
 C         -5.7018003954        3.7738925919       -1.8139293221
 C         -5.6056325815        2.4309455257       -1.4866186044
 C         -6.3500735882        1.4278916226       -2.3186773600
 C         -5.9539808439       -1.6774662294       -0.4636135050
 C         -5.0088578555       -2.0455915861       -1.5735101997
 C         -6.9879032115       -2.5512050411       -0.1698123006
 H         -9.6694741550       -3.3427897863        0.2636371959
 H         -8.6139830715       -4.2271833107        1.3592557874
 H         -9.6119114655       -2.9024692854        1.9742988629
 H         -8.4752583188       -0.8562444064        2.3201329797
 H         -5.8182689477        0.9859187575        2.7753206288
 H         -6.4629986570        1.9221473007        1.4328533033
 H         -7.5589962071        1.2262881059        2.6374499692
 H         -3.5641508923       -1.4823517878        1.5616922188
 H         -1.2759787768       -2.3702771261        1.6608273360
 H         -0.8597896124       -4.0281575779       -0.0469794912
 H          0.1676402112       -6.2651851206       -0.0595962495
 H          2.5994187648       -6.5435291786        0.0225809730
 H          4.0921269026       -4.5728924837        0.0858886226
 H          5.1488641751       -2.0455695845        0.1382258090
 H          4.7193881939        1.8023830975        2.3816919491
 H          6.0532752709        3.4070825559        3.6960256811
 H          8.3636541407        3.9348016875        3.0794476476
 H          9.4298101657        2.8480429394        1.1319263719
 H          9.9932836873        1.3188977345       -1.0895685079
 H          9.8988089431       -0.2357676919       -3.0090511631
 H          7.8416559543       -1.4592854956       -3.5269964703
 H          5.8203489108       -1.1968428599       -2.1391962079
 H          3.5946377702        1.9388088312        0.1491389316
 H          1.2794645977        1.0953590211        0.1717131676
 H         -0.1469206912        0.1975732369       -1.5603991555
 H         -2.4039710873        1.1656616445       -1.5750322607
 H         -2.2013573272        2.5443720920        1.1588413376
 H         -3.2776864713        3.4359900700        2.2305194578
 H         -3.5455240645        1.7120303695        1.9331431944
 H         -3.6957942879        5.0828841759        0.5429311276
 H         -5.0958330111        6.3344287462       -2.5359796022
 H         -4.3869488513        6.7935908304       -0.9799519433
 H         -6.1314026755        6.5706297541       -1.1321061382
 H         -6.3268658433        4.0724024583       -2.6446538678
 H         -6.8737374606        0.7162015431       -1.6862035960
 H         -7.0693626164        1.9247651628       -2.9657327737
 H         -5.6579817313        0.8685545372       -2.9479655985
 H         -5.5302002342       -2.6132968989       -2.3422534280
 H         -4.2029723580       -2.6690807819       -1.1857374593
 H         -4.5635647295       -1.1650387004       -2.0252365304
 H         -7.0824531147       -3.4678267935       -0.7364712030
  92
 Etot=        -130.8604624679
 C         -9.0135451862       -3.2377126740        1.1307903770
 C         -7.9047685408       -2.2752727193        0.8335055577
 C         -7.7668562665       -1.0882698165        1.5347545174
 C         -6.7475797302       -0.1912868465        1.2508288493
 C         -6.6398023459        1.0647623057        2.0649040461
 C         -5.8105903712       -0.4729140100        0.2452586289
 B         -4.6166555303        0.4964348133       -0.0606872527
 C         -3.1661074402       -0.0855788440       -0.0134693784
 C         -2.8162179066       -1.1043097179        0.8779736868
 C         -1.5358987350       -1.6159531406        0.9309548199
 C         -0.5616915782       -1.1477204141        0.0523062952
 N          0.7313298086       -1.6843496070        0.0776576665
 C          1.0463086533       -3.0288789735        0.0733540987
 C          0.2106614243       -4.1350272985        0.0063778335
 C          0.7956429808       -5.3864614119       -0.0100729777
 C          2.1792967467       -5.5451160876        0.0300925095
 C          3.0172952661       -4.4494050967        0.0683879007
 C          2.4519780161       -3.1811271893        0.0840049304
 C          3.0043087985       -1.8565797052        0.0927485399
 C          4.3031690692       -1.3723897008        0.1132590816
 C          4.4991528106        0.0005655990        0.1231298807
 N          5.8036038841        0.5199007227        0.1079948955
 C          6.3200214646        1.4468761911        0.9874619420
 C          5.7298605577        2.0392961272        2.0949965647
 C          6.4870080910        2.9312029287        2.8294766452
 C          7.8033663667        3.2276354809        2.4817415366
 C          8.4029001514        2.6260035694        1.3937925961
 C          7.6628789175        1.7247188606        0.6400846469
 C          7.9597150137        0.9210019436       -0.5114926564
 C          9.0881700631        0.7671273256       -1.3060723545
 C          9.0288393439       -0.0994105606       -2.3787131256
 C          7.8599750538       -0.7995420704       -2.6707234644
 C          6.7252283689       -0.6647888945       -1.8946714859
 C          6.7844381493        0.1904003830       -0.8033582414
 C          3.4072885796        0.8767168090        0.1440717905
 C          2.1090618361        0.4089926605        0.1379776259
 C          1.9070544037       -0.9635294251        0.0869190247
 C         -0.8904248246       -0.1439114955       -0.8556770503
 C         -2.1643408952        0.3859991747       -0.8672098677
 C         -4.7927609648        2.0132864188       -0.4171626967
 C         -4.1062988631        3.0003786099        0.3046619547
 C         -3.2366526746        2.6436997010        1.4779150244
 C         -4.2301008289        4.3389364717       -0.0355163365
 C         -5.0203336635        4.7452510231       -1.0986306465
 C         -5.1602117920        6.1928286448       -1.4576182562
 C         -5.7022230610        3.7703191362       -1.8134233526
 C         -5.6051322250        2.4280773706       -1.4851798192
 C         -6.3486984471        1.4215389967       -2.3133594962
 C         -5.9520256736       -1.6765313585       -0.4635589576
 C         -5.0046095698       -2.0433495133       -1.5717073777
 C         -6.9863780554       -2.5493213151       -0.1703475837
 H         -9.6672006940       -3.3398284352        0.2650274055
 H         -8.6105292076       -4.2233313721        1.3597143809
 H         -9.6081201298       -2.8990312002        1.9753245904
 H         -8.4727808616       -0.8519788202        2.3189588849
 H         -5.8108751579        0.9894613670        2.7688322555
 H         -6.4551017241        1.9221338497        1.4243186527
 H         -7.5512628412        1.2332878857        2.6335219589
 H         -3.5666637949       -1.4862351009        1.5555652118
 H         -1.2780215103       -2.3753866659        1.6541957570
 H         -0.8619434108       -4.0244285199       -0.0444554366
 H          0.1654404368       -6.2618761803       -0.0585783503
 H          2.5967571282       -6.5404014608        0.0201548485
 H          4.0899327968       -4.5694194577        0.0812667564
 H          5.1463270642       -2.0451537175        0.1312484875
 H          4.7155075785        1.8030016608        2.3802639247
 H          6.0499296251        3.4071054003        3.6948634809
 H          8.3607346001        3.9325672554        3.0801271399
 H          9.4272449016        2.8448585748        1.1326859358
 H          9.9895353857        1.3195880951       -1.0877396281
 H          9.8955076274       -0.2346759644       -3.0081923388
 H          7.8399498634       -1.4602982196       -3.5247227024
 H          5.8190236372       -1.2001541217       -2.1359054684
 H          3.5945041591        1.9396851252        0.1541029298
 H          1.2781685479        1.0967970558        0.1720057170
 H         -0.1446412776        0.2056002535       -1.5542053313
 H         -2.4036092499        1.1718540141       -1.5695783412
 H         -2.2009229074        2.5367594145        1.1548910889
 H         -3.2728395368        3.4299590119        2.2297972362
 H         -3.5454925344        1.7069392566        1.9299635826
 H         -3.6965375691        5.0803038493        0.5434523284
 H         -5.0959082419        6.3298451516       -2.5353546071
 H         -4.3867186200        6.7888199270       -0.9796556412
 H         -6.1309742005        6.5670448485       -1.1317137016
 H         -6.3271775062        4.0681257041       -2.6440211255
 H         -6.8679103317        0.7106823382       -1.6769951769
 H         -7.0701560740        1.9146048645       -2.9605177541
 H         -5.6560357221        0.8620523711       -2.9418932314
 H         -5.5229024298       -2.6128636835       -2.3409597272
 H         -4.1977663123       -2.6640511220       -1.1816519558
 H         -4.5606721920       -1.1617947799       -2.0223038645
 H         -7.0816915878       -3.4655317246       -0.7369105595
