 
        ______________________________________
       |                                      |
       |          ===================         |
       |             xTB for sTDA             |
       |          ===================         |
       |               S. Grimme              |
       |        Universitaet Bonn, MCTC       |
       |         2015-19, Version 1.0         |
       |     Wed Apr  3 09:14:55 CEST 2019    |
       |______________________________________|
 
        This code comes without any warranty
        for non-commercial, academia use only.
        Preliminary test version.
        Cite this work as:
        S. Grimme  &  C. Bannwarth, JCP 145 (2016) 054103
        if GBSA is used additionally:
        P. Shushkov, F. März, C. Bannwarth, S. Grimme, unpublished.
 
        with help from
        P. Shushkov, G. Brandenburg, S. Dohm, J. Pisarek,
        F. März, M. Checinski, S. Ehrlich, S. Spicher, 
        P. Pracht, E. Caldeweyher, S. Ehlert, and C. Bannwarth.
 
        usage        :
        xtb4stda <coord_file> [options]
        where <coord_file> is a valid file of TM)
        (*coord, Bohr) or xmol (*xyz, Angstroem)
        format.

        options:
        -chrg <int>   : molecular charge
        -uhf  <int>   : # of unpaired electrons(=2*S)
        -nox          : skip second, extended part in sTDA-xTB
        -pop          : do population analysis
                      : (default for -nox)
        -mowr <real>  : cut MO write above (def.3 Eh)
        -molden       : write formatted molden file
        -parx <file>  : read parameters for sTDA-xTB
                        calc (def:~/.param_stda2.xtb)
        -parv <file>  : read parameters for vTB part in
                        sTDA-xTB (def: ~/.param_stda1.xtb)
        -xtemp <real> : el. temp for xTB (def. 0 K)
        -etemp <real> : el. temp for GFN (def. 300 K)
        -fod          : calculate the FOD and write
                        molden.input file with
                        appropriate occupations
                        for plotting. Def. T=12500 K
 
        -acc <real>   : xTB accuracy (def. 1.0)
        -gbsa [string1] [string2]
                        use GBSA implicit solvent
                        for solvent [string1] and
                        solvation state [string2]=
                        reference, bar1M (default=1M)
        additional GFN/opt/MD/siman options read from
        $XTB4STDAHOME/.xtb4stdarc or $set in input
 
       spin and charge state information can be on:
       <.CHRG> (charge) and <.UHF> (=nalpha-nbeta)
       -uhf and -chrg override the file info.
       useful machine settings:
       setenv MKL_NUM_THREADS <NCORE_ON_YOUR_MACHINE>
       setenv OMP_STACKSIZE 500m
       limit stacksize unlimited
 
       total energies in Eh, gaps/HL energies in eV
       please read REVISION and HOWTO files carefully
 =============================
  # OMP threads =          48
 =============================
 
 xtb4stdahome directory:/home/penavora/Exe_xtb_crest/
 
 argument            1 :--gbsa
 argument            2 :toluene
 
 name of molecule           :
 comment line               :
 number of atoms            :    69
 number of electrons        :   208
 charge                     :  0
 spin                       : 0.0
 first test random number   :  0.7573
 
 -----------------------------------------
      charge density (VTB) calculation
 -----------------------------------------
 
      method parameters     
 k(s)        :  1.8000
 k(p)        :  2.8350
 k(d)        :  2.0860
 k(f)        :  2.0000
 Tscal       :  0.3300
 Gscal       :  0.3910
 fpol        :  1.0000
 Zcnf        :  0.6500
 Zqf         :  0.0000
 kcn         :  0.3000
 kEN1        : -0.5900
 wllscal     :  2.6000
 
 Solvent             : toluene
 GBSA parameter file : /home/penavora/Exe_xtb_crest/.param_gbsa_toluene
 Gsolv ref. state (COSMO-RS): gsolv [1 M gas/solution]
 temperature (mdtemp)       :    298.150000000000     
 dielectric constant        :    7.00000000000000     
 rho                        :   0.867000000000000     
 mass                       :    92.1400000000000     
 surface tension            :    15.5689470637553     
 probe radius               :   0.641644990000000     
 vdW radii scaling          :    1.00000000000000     
 Gshift (Eh)                :   4.228772547061559E-003
 c1                         :    1.59772343000000     
 soset                      :   0.281999450000000     
 HB correction              :  F
 
 doing EN charges ...
 sum q : -0.3330669D-15
 point charge moment (au)
     X       Y       Z   
   0.7960   0.1491  -0.0418  total (Debye):    2.061
 
            Z      q(EN)   CN      Cart. coordinates
     1  N   5.0  -0.217   1.023   -20.12054    -4.94435     1.24854
     2  C   4.0   0.241   2.112   -18.14642    -4.07437     1.01338
     3  C   4.0  -0.025   3.168   -15.72136    -3.00274     0.72328
     4  C   4.0  -0.074   3.186   -15.21178    -1.42972    -1.33454
     5  C   4.0  -0.072   3.185   -12.83614    -0.39017    -1.60945
     6  C   4.0  -0.005   3.239   -10.93991    -0.88562     0.15119
     7  C   4.0  -0.003   3.285    -8.39757     0.23259    -0.15504
     8  C   4.0  -0.004   3.279    -7.59433     2.14596     1.49268
     9  C   4.0  -0.072   3.182    -9.18261     3.10185     3.43403
    10  C   4.0  -0.072   3.135    -8.36682     4.93297     5.04529
    11  C   4.0  -0.072   3.135    -5.90211     5.91831     4.82118
    12  C   4.0  -0.073   3.182    -4.33562     5.08352     2.96002
    13  C   4.0  -0.004   3.279    -5.12604     3.20922     1.20867
    14  C   4.0  -0.003   3.285    -3.54609     2.36978    -0.74645
    15  C   4.0  -0.004   3.236    -1.01998     3.52155    -1.08039
    16  C   4.0  -0.073   3.188    -0.79914     6.01526    -1.90265
    17  C   4.0  -0.071   3.141     1.55797     7.10313    -2.22836
    18  C   4.0  -0.073   3.184     3.72489     5.72835    -1.74275
    19  C   4.0   0.010   3.202     3.52924     3.22958    -0.92429
    20  C   4.0   0.162   3.631     5.76747     1.74202    -0.43267
    21  N   5.0  -0.197   2.224     5.81316    -0.62683     0.23639
    22  C   4.0   0.079   3.509     8.31787    -1.22068     0.45602
    23  C   4.0   0.004   3.265     9.50681    -3.54078     1.12156
    24  C   4.0  -0.071   3.180     8.09941    -5.70461     1.68983
    25  C   4.0  -0.072   3.138     9.29684    -7.91974     2.31785
    26  C   4.0  -0.072   3.141    11.92848    -7.99331     2.38548
    27  C   4.0  -0.073   3.182    13.33273    -5.87679     1.83111
    28  C   4.0  -0.003   3.263    12.18378    -3.57573     1.18022
    29  C   4.0  -0.003   3.266    13.63463    -1.31938     0.58624
    30  C   4.0  -0.073   3.182    16.28512    -1.26703     0.62831
    31  C   4.0  -0.073   3.141    17.61998     0.89068     0.05877
    32  C   4.0  -0.072   3.138    16.37184     3.11915    -0.58486
    33  C   4.0  -0.071   3.176    13.77923     3.15415    -0.65011
    34  C   4.0   0.005   3.251    12.40017     0.96897    -0.07321
    35  C   4.0   0.068   3.533     9.72622     0.91018    -0.11323
    36  O   6.0  -0.150   2.138     8.09566     2.80153    -0.68117
    37  C   4.0  -0.073   3.234     1.15340     2.13791    -0.59490
    38  C   4.0  -0.004   3.278    -4.35548     0.46473    -2.40172
    39  C   4.0  -0.073   3.182    -2.81742    -0.40344    -4.42281
    40  C   4.0  -0.072   3.135    -3.60842    -2.28153    -5.99196
    41  C   4.0  -0.072   3.135    -5.99194    -3.41575    -5.63553
    42  C   4.0  -0.072   3.182    -7.54031    -2.61280    -3.74562
    43  C   4.0  -0.004   3.279    -6.80498    -0.63381    -2.08804
    44  C   4.0  -0.072   3.185   -11.46676    -2.45322     2.20236
    45  C   4.0  -0.074   3.186   -13.83134    -3.51314     2.49410
    46  H   1.0   0.075   1.005   -16.68255    -1.04095    -2.69594
    47  H   1.0   0.075   1.005   -12.43461     0.82872    -3.19642
    48  H   1.0   0.076   1.007   -11.07021     2.34713     3.61348
    49  H   1.0   0.074   1.004    -9.59764     5.63948     6.51285
    50  H   1.0   0.074   1.004    -5.27166     7.34550     6.13769
    51  H   1.0   0.076   1.007    -2.44763     5.83851     2.79112
    52  H   1.0   0.075   1.005    -2.48862     7.09177    -2.29468
    53  H   1.0   0.074   1.004     1.70508     9.03564    -2.86774
    54  H   1.0   0.075   1.005     5.56855     6.56394    -1.99601
    55  H   1.0   0.075   1.005     6.06535    -5.57157     1.61521
    56  H   1.0   0.074   1.004     8.21420    -9.59298     2.75617
    57  H   1.0   0.074   1.004    12.87803    -9.73222     2.87771
    58  H   1.0   0.076   1.006    15.36344    -6.01968     1.90553
    59  H   1.0   0.076   1.006    17.32925    -2.94624     1.11663
    60  H   1.0   0.074   1.004    19.66011     0.85800     0.11167
    61  H   1.0   0.074   1.004    17.43965     4.80043    -1.02790
    62  H   1.0   0.075   1.005    12.75646     4.85114    -1.14158
    63  H   1.0   0.077   1.006     1.04009     0.20602     0.04718
    64  H   1.0   0.076   1.007    -0.98761     0.45715    -4.69425
    65  H   1.0   0.074   1.004    -2.41327    -2.92213    -7.51801
    66  H   1.0   0.074   1.004    -6.57915    -4.92447    -6.87916
    67  H   1.0   0.076   1.007    -9.36520    -3.48598    -3.47728
    68  H   1.0   0.075   1.005    -9.99879    -2.84495     3.56523
    69  H   1.0   0.075   1.005   -14.23590    -4.73524     4.07843
 
  Z AO/shell   Hii/eV     exponent
  1     Sat Feb 20 21:38:01 CET 2016    EN: 2.327 GAM: 0.473  GM3: 0.0000
     1s    -13.751157    1.051071
  6     Sat Feb 20 21:38:01 CET 2016    EN: 2.731 GAM: 0.422  GM3: 0.0000
     2s    -19.378245    2.021003
     2p    -11.993376    1.497917
  7     Sat Feb 20 21:38:01 CET 2016    EN: 3.573 GAM: 0.504  GM3: 0.0000
     2s    -21.576984    2.275442
     2p    -16.125120    2.056788
  8     Sat Feb 20 21:38:01 CET 2016    EN: 3.700 GAM: 0.587  GM3: 0.0000
     2s    -21.648843    2.110798
     2p    -17.239740    2.329048
 
 dipole moment of classical point charges (au)
     X       Y       Z   
   0.7960   0.1491  -0.0418  total (Debye):    2.061

 
 Nbf   :          204
 T(el) :   300.0
 calculating S/T integrals ...
 cpu time for ints    1.53147500000000     
 Nao   :          204
 making H0...
 making H1...
 cpu time for H      0.246487000000000     
 solving ...
 cpu time for diag   0.760213000000000     
 
 gap (eV)           :   4.363
 Koopmans IP (eV)   :  13.098
 Eel (Eh)           :  -164.531331
 T,E(Fermi),NFOD :    300.000   -10.917  0.000000
 T,E(Fermi),NFOD :    300.000   -10.917  0.000000
 Nfod               :  0.0000
 Nfod/Nel           :  0.0000

          eigenvalues
 #    :          92         93         94         95         96         97         98         99
 occ. :        2.000      2.000      2.000      2.000      2.000      2.000      2.000      2.000
 eps  :       -16.972    -16.829    -16.596    -15.757    -15.632    -15.569    -15.512    -15.400
 #    :         100        101        102        103        104        105        106        107
 occ. :        2.000      2.000      2.000      2.000      2.000      0.000      0.000      0.000
 eps  :       -15.242    -15.095    -14.561    -13.368    -13.100     -8.736     -8.618     -7.318
 #    :         108        109        110        111        112        113        114        115
 occ. :        0.000      0.000      0.000      0.000      0.000      0.000      0.000      0.000
 eps  :        -7.310     -6.900     -6.395     -6.033     -5.863     -5.545     -5.326     -5.230
                            1  SCC done.
 making H1...
 cpu time for H      0.882316000000000     
 solving ...
 cpu time for diag   0.369062000000000     
 
 gap (eV)           :   4.357
 Koopmans IP (eV)   :  12.984
 Eel (Eh)           :  -163.891627
 T,E(Fermi),NFOD :    300.000   -10.806  0.000000
 T,E(Fermi),NFOD :    300.000   -10.806  0.000000
 Nfod               :  0.0000
 Nfod/Nel           :  0.0000

          eigenvalues
 #    :          92         93         94         95         96         97         98         99
 occ. :        2.000      2.000      2.000      2.000      2.000      2.000      2.000      2.000
 eps  :       -16.729    -16.543    -15.948    -15.721    -15.612    -15.450    -15.405    -15.279
 #    :         100        101        102        103        104        105        106        107
 occ. :        2.000      2.000      2.000      2.000      2.000      0.000      0.000      0.000
 eps  :       -15.242    -14.992    -14.470    -13.268    -12.986     -8.628     -8.516     -7.334
 #    :         108        109        110        111        112        113        114        115
 occ. :        0.000      0.000      0.000      0.000      0.000      0.000      0.000      0.000
 eps  :        -7.136     -6.815     -6.358     -5.912     -5.761     -5.525     -5.369     -5.089
                            2  SCC done.
 
 
 Mulliken/CM5 charges    n(s)   n(p)   n(d)   
    1 N  -0.2948 -0.4203   1.647  3.648  0.000
    2 C   0.1315  0.2497   1.179  2.689  0.000
    3 C   0.0046  0.0008   1.134  2.861  0.000
    4 C  -0.0117 -0.0642   1.143  2.868  0.000
    5 C  -0.0152 -0.0692   1.140  2.876  0.000
    6 C   0.0157  0.0055   1.175  2.810  0.000
    7 C  -0.0126 -0.0163   1.178  2.835  0.000
    8 C  -0.0019 -0.0061   1.170  2.832  0.000
    9 C  -0.0397 -0.0929   1.142  2.898  0.000
   10 C  -0.0318 -0.0881   1.136  2.895  0.000
   11 C  -0.0329 -0.0892   1.137  2.896  0.000
   12 C  -0.0408 -0.0940   1.142  2.899  0.000
   13 C  -0.0019 -0.0061   1.170  2.832  0.000
   14 C  -0.0106 -0.0143   1.178  2.833  0.000
   15 C   0.0143  0.0043   1.168  2.818  0.000
   16 C  -0.0258 -0.0799   1.146  2.880  0.000
   17 C  -0.0130 -0.0692   1.135  2.878  0.000
   18 C  -0.0336 -0.0857   1.142  2.891  0.000
   19 C   0.0208  0.0198   1.155  2.825  0.000
   20 C   0.1133  0.2185   1.208  2.679  0.000
   21 N  -0.2423 -0.4255   1.538  3.704  0.000
   22 C  -0.0092  0.0627   1.184  2.825  0.000
   23 C   0.0119  0.0119   1.163  2.825  0.000
   24 C  -0.0422 -0.0940   1.138  2.905  0.000
   25 C  -0.0372 -0.0933   1.137  2.900  0.000
   26 C  -0.0376 -0.0941   1.136  2.902  0.000
   27 C  -0.0427 -0.0968   1.142  2.901  0.000
   28 C  -0.0085 -0.0129   1.171  2.838  0.000
   29 C  -0.0056 -0.0101   1.170  2.836  0.000
   30 C  -0.0409 -0.0951   1.141  2.900  0.000
   31 C  -0.0332 -0.0896   1.136  2.897  0.000
   32 C  -0.0286 -0.0848   1.137  2.892  0.000
   33 C  -0.0400 -0.0923   1.139  2.901  0.000
   34 C   0.0013 -0.0009   1.166  2.833  0.000
   35 C   0.0467  0.0794   1.176  2.777  0.000
   36 O  -0.0844 -0.1450   1.500  4.584  0.000
   37 C  -0.0288 -0.0780   1.145  2.884  0.000
   38 C  -0.0014 -0.0056   1.170  2.832  0.000
   39 C  -0.0420 -0.0953   1.141  2.901  0.000
   40 C  -0.0360 -0.0923   1.137  2.899  0.000
   41 C  -0.0338 -0.0901   1.136  2.897  0.000
   42 C  -0.0395 -0.0928   1.142  2.897  0.000
   43 C  -0.0020 -0.0062   1.170  2.832  0.000
   44 C  -0.0166 -0.0705   1.140  2.877  0.000
   45 C  -0.0126 -0.0651   1.143  2.869  0.000
   46 H   0.0505  0.1083   0.949  0.000  0.000
   47 H   0.0464  0.1045   0.954  0.000  0.000
   48 H   0.0432  0.1035   0.957  0.000  0.000
   49 H   0.0434  0.0999   0.957  0.000  0.000
   50 H   0.0430  0.0995   0.957  0.000  0.000
   51 H   0.0414  0.1018   0.959  0.000  0.000
   52 H   0.0471  0.1052   0.953  0.000  0.000
   53 H   0.0522  0.1087   0.948  0.000  0.000
   54 H   0.0469  0.1082   0.953  0.000  0.000
   55 H   0.0357  0.0960   0.964  0.000  0.000
   56 H   0.0439  0.1004   0.956  0.000  0.000
   57 H   0.0458  0.1023   0.954  0.000  0.000
   58 H   0.0477  0.1064   0.952  0.000  0.000
   59 H   0.0472  0.1059   0.953  0.000  0.000
   60 H   0.0462  0.1028   0.954  0.000  0.000
   61 H   0.0470  0.1035   0.953  0.000  0.000
   62 H   0.0423  0.1019   0.958  0.000  0.000
   63 H   0.0383  0.1016   0.962  0.000  0.000
   64 H   0.0398  0.1003   0.960  0.000  0.000
   65 H   0.0415  0.0979   0.959  0.000  0.000
   66 H   0.0431  0.0996   0.957  0.000  0.000
   67 H   0.0435  0.1039   0.956  0.000  0.000
   68 H   0.0452  0.1034   0.955  0.000  0.000
   69 H   0.0501  0.1079   0.950  0.000  0.000
 Hirshfeld charges for QMDFF written to <charges>
 
 Loewdin charges    n(s)   n(p)   n(d)
    1 N  -0.2779   1.607  3.671  0.000
    2 C   0.1231   1.146  2.731  0.000
    3 C   0.0035   1.090  2.907  0.000
    4 C  -0.0036   1.089  2.915  0.000
    5 C  -0.0116   1.087  2.925  0.000
    6 C   0.0243   1.130  2.846  0.000
    7 C  -0.0122   1.137  2.875  0.000
    8 C   0.0008   1.127  2.872  0.000
    9 C  -0.0348   1.089  2.946  0.000
   10 C  -0.0239   1.082  2.942  0.000
   11 C  -0.0249   1.082  2.943  0.000
   12 C  -0.0361   1.089  2.948  0.000
   13 C   0.0007   1.127  2.872  0.000
   14 C  -0.0104   1.137  2.873  0.000
   15 C   0.0208   1.124  2.856  0.000
   16 C  -0.0197   1.092  2.927  0.000
   17 C  -0.0051   1.080  2.925  0.000
   18 C  -0.0270   1.088  2.939  0.000
   19 C   0.0219   1.112  2.866  0.000
   20 C   0.0937   1.182  2.724  0.000
   21 N  -0.2268   1.506  3.721  0.000
   22 C  -0.0193   1.150  2.869  0.000
   23 C   0.0133   1.121  2.866  0.000
   24 C  -0.0371   1.084  2.953  0.000
   25 C  -0.0287   1.082  2.947  0.000
   26 C  -0.0299   1.081  2.949  0.000
   27 C  -0.0376   1.088  2.949  0.000
   28 C  -0.0060   1.129  2.877  0.000
   29 C  -0.0031   1.128  2.875  0.000
   30 C  -0.0360   1.088  2.948  0.000
   31 C  -0.0254   1.081  2.944  0.000
   32 C  -0.0204   1.081  2.939  0.000
   33 C  -0.0346   1.086  2.949  0.000
   34 C   0.0029   1.123  2.874  0.000
   35 C   0.0284   1.145  2.827  0.000
   36 O  -0.0401   1.459  4.582  0.000
   37 C  -0.0261   1.093  2.933  0.000
   38 C   0.0010   1.127  2.872  0.000
   39 C  -0.0374   1.089  2.949  0.000
   40 C  -0.0280   1.082  2.946  0.000
   41 C  -0.0260   1.081  2.945  0.000
   42 C  -0.0346   1.089  2.946  0.000
   43 C   0.0006   1.127  2.872  0.000
   44 C  -0.0130   1.087  2.926  0.000
   45 C  -0.0045   1.089  2.916  0.000
   46 H   0.0405   0.960  0.000  0.000
   47 H   0.0372   0.963  0.000  0.000
   48 H   0.0349   0.965  0.000  0.000
   49 H   0.0353   0.965  0.000  0.000
   50 H   0.0350   0.965  0.000  0.000
   51 H   0.0334   0.967  0.000  0.000
   52 H   0.0379   0.962  0.000  0.000
   53 H   0.0426   0.957  0.000  0.000
   54 H   0.0374   0.963  0.000  0.000
   55 H   0.0282   0.972  0.000  0.000
   56 H   0.0356   0.964  0.000  0.000
   57 H   0.0373   0.963  0.000  0.000
   58 H   0.0400   0.960  0.000  0.000
   59 H   0.0396   0.960  0.000  0.000
   60 H   0.0377   0.962  0.000  0.000
   61 H   0.0382   0.962  0.000  0.000
   62 H   0.0336   0.966  0.000  0.000
   63 H   0.0299   0.970  0.000  0.000
   64 H   0.0321   0.968  0.000  0.000
   65 H   0.0337   0.966  0.000  0.000
   66 H   0.0351   0.965  0.000  0.000
   67 H   0.0352   0.965  0.000  0.000
   68 H   0.0363   0.964  0.000  0.000
   69 H   0.0401   0.960  0.000  0.000
 
 Wiberg/Mayer (AO) data. WBOs > 0.1 written file <wbo>
 largest (>0.05) Wiberg bond orders for each atom
           total WBO             WBO to atom ...
     1  N   3.018    C    2 2.793    C    3 0.076    C    4 0.068    C   45 0.068
     2  C   3.926    N    1 2.793    C    3 1.068
     3  C   3.963    C    4 1.333    C   45 1.333    C    2 1.068    C    6 0.097    N    1 0.076
     4  C   3.968    C    5 1.458    C    3 1.333    H   46 0.945    C   44 0.100    N    1 0.068
     5  C   3.970    C    4 1.458    C    6 1.371    H   47 0.944    C   45 0.100
     6  C   3.926    C    5 1.371    C   44 1.370    C    7 0.973    C    3 0.097
     7  C   3.950    C    8 1.310    C   43 1.310    C    6 0.973    C   14 0.125    C   10 0.051    C   41 0.051
     8  C   3.952    C    7 1.310    C    9 1.216    C   13 1.175
     9  C   3.963    C   10 1.597    C    8 1.216    H   48 0.941    C   12 0.117
    10  C   3.961    C    9 1.597    C   11 1.265    H   49 0.945    C    7 0.051
    11  C   3.962    C   12 1.597    C   10 1.265    H   50 0.945    C   14 0.051
    12  C   3.963    C   11 1.597    C   13 1.216    H   51 0.941    C    9 0.117
    13  C   3.953    C   14 1.311    C   12 1.216    C    8 1.175
    14  C   3.945    C   13 1.311    C   38 1.310    C   15 0.971    C    7 0.125    C   11 0.051    C   40 0.051
    15  C   3.953    C   37 1.405    C   16 1.367    C   14 0.971    C   18 0.100
    16  C   3.957    C   17 1.426    C   15 1.367    H   52 0.945    C   19 0.093
    17  C   3.970    C   18 1.447    C   16 1.426    H   53 0.943    C   37 0.099
    18  C   3.963    C   17 1.447    C   19 1.345    H   54 0.946    C   15 0.100
    19  C   3.952    C   37 1.345    C   18 1.345    C   20 1.065    C   16 0.093
    20  C   3.888    N   21 1.572    O   36 1.082    C   19 1.065
    21  N   3.061    C   20 1.572    C   22 1.146    O   36 0.122
    22  C   3.940    C   35 1.407    N   21 1.146    C   23 1.135
    23  C   3.954    C   24 1.311    C   28 1.261    C   22 1.135    C   26 0.078
    24  C   3.965    C   25 1.498    C   23 1.311    H   55 0.946    C   27 0.109
    25  C   3.964    C   24 1.498    C   26 1.359    H   56 0.945    C   28 0.082
    26  C   3.964    C   27 1.496    C   25 1.359    H   57 0.945    C   23 0.078
    27  C   3.970    C   26 1.496    C   28 1.320    H   58 0.942    C   24 0.109
    28  C   3.954    C   27 1.320    C   23 1.261    C   29 1.111    C   25 0.082
    29  C   3.950    C   30 1.323    C   34 1.251    C   28 1.111    C   32 0.080
    30  C   3.970    C   31 1.494    C   29 1.323    H   59 0.942    C   33 0.108
    31  C   3.957    C   30 1.494    C   32 1.356    H   60 0.945    C   34 0.075
    32  C   3.966    C   33 1.503    C   31 1.356    H   61 0.945    C   29 0.080
    33  C   3.962    C   32 1.503    C   34 1.299    H   62 0.945    C   30 0.108
    34  C   3.954    C   33 1.299    C   29 1.251    C   35 1.164    C   31 0.075
    35  C   3.905    C   22 1.407    C   34 1.164    O   36 1.062
    36  O   2.435    C   20 1.082    C   35 1.062    N   21 0.122
    37  C   3.962    C   15 1.405    C   19 1.345    H   63 0.946    C   17 0.099
    38  C   3.953    C   14 1.310    C   39 1.216    C   43 1.175
    39  C   3.963    C   40 1.596    C   38 1.216    H   64 0.941    C   42 0.117
    40  C   3.962    C   39 1.596    C   41 1.265    H   65 0.945    C   14 0.051
    41  C   3.962    C   42 1.596    C   40 1.265    H   66 0.945    C    7 0.051
    42  C   3.963    C   41 1.596    C   43 1.216    H   67 0.941    C   39 0.117
    43  C   3.952    C    7 1.310    C   42 1.216    C   38 1.175
    44  C   3.970    C   45 1.458    C    6 1.370    H   68 0.945    C    4 0.100
    45  C   3.968    C   44 1.458    C    3 1.333    H   69 0.945    C    5 0.100    N    1 0.068
    46  H   0.995    C    4 0.945
    47  H   0.995    C    5 0.944
    48  H   0.996    C    9 0.941
    49  H   0.994    C   10 0.945
    50  H   0.996    C   11 0.945
    51  H   0.996    C   12 0.941
    52  H   0.995    C   16 0.945
    53  H   0.994    C   17 0.943
    54  H   0.995    C   18 0.946
    55  H   0.997    C   24 0.946
    56  H   0.994    C   25 0.945
    57  H   0.996    C   26 0.945
    58  H   0.996    C   27 0.942
    59  H   0.996    C   30 0.942
    60  H   0.996    C   31 0.945
    61  H   0.994    C   32 0.945
    62  H   0.997    C   33 0.945
    63  H   0.998    C   37 0.946
    64  H   0.997    C   39 0.941
    65  H   0.996    C   40 0.945
    66  H   0.994    C   41 0.945
    67  H   0.996    C   42 0.941
    68  H   0.995    C   44 0.945
    69  H   0.995    C   45 0.945
 
 --------------------------------------------
          xTB calculation for sTDA...
 --------------------------------------------
 
 reading parameter file /home/penavora/Exe_xtb_crest/.param_stda2.xtb
 
      method parameters     
 k(s)        :  1.6000
 k(p)        :  2.1800
 k(d)        :  1.9500
 k(f)        :  2.0000
 k(R-V)      :  2.2750
 k(R-R)      :  1.7650
 Tscal       :  0.2580
 Gscal       :  1.0000
 fpol        :  1.0000
 Zcnf        :  0.3430
 Zqf         :  0.0000
 kcn         :  2.7000
 Ryd Hsplit  :  0.7000
 lshift(virt):  3.1000
 lshift(OS)  :  0.2000
 wllscaling  :  2.6000
 
 mowrcut     : 3.000
 
  Z AO/shell   Hii/eV     exponent
  1     Sun Feb 14 09:53:25 CET 2016    EN: 2.327 GAM: 0.473  GM3: 0.0000
     1s    -14.339618    1.220000
     2sp    -3.348946    0.600000
  6     Sun Feb 14 09:53:25 CET 2016    EN: 2.731 GAM: 0.422  GM3: 0.0000
     2s    -22.009312    1.565095
     2p    -13.020408    1.596905
     3sp    -3.914040    0.824500
  7     Sun Feb 14 09:53:25 CET 2016    EN: 3.573 GAM: 0.504  GM3: 0.0000
     2s    -25.722000    2.064844
     2p    -18.684912    1.801692
     3sp    -4.344791    0.921400
  8     Sun Feb 14 09:53:25 CET 2016    EN: 3.700 GAM: 0.587  GM3: 0.0000
     2s    -33.859000    2.418661
     2p    -22.175911    1.973969
     3sp    -4.259392    1.013700
 
 Nbf   :          480
 T(el) :     0.0
 calculating S/T integrals ...
 cpu time for ints    7.45896400000000     
 Nao   :          480
 making H0...
 making H1...
 cpu time for H      0.591886000000001     
 solving ...
 cpu time for diag    1.08650200000000     
 
 gap (eV)           :   6.366
 Koopmans IP (eV)   :  14.360
 Eel (Eh)           :  -181.742946

          eigenvalues
 #    :          92         93         94         95         96         97         98         99
 occ. :        2.000      2.000      2.000      2.000      2.000      2.000      2.000      2.000
 eps  :       -17.556    -17.450    -17.188    -16.736    -16.634    -16.468    -16.374    -16.312
 #    :         100        101        102        103        104        105        106        107
 occ. :        2.000      2.000      2.000      2.000      2.000      0.000      0.000      0.000
 eps  :       -16.267    -16.025    -15.502    -14.630    -14.361     -7.995     -7.514     -7.059
 #    :         108        109        110        111        112        113        114        115
 occ. :        0.000      0.000      0.000      0.000      0.000      0.000      0.000      0.000
 eps  :        -6.897     -6.631     -6.279     -6.158     -6.092     -5.785     -5.469     -5.369
                            1  SCC done.
 writing mo output ...
 molden style : F
 
speedup 24.20
cpu  time for all   14.28 s
wall time for all    0.59 s
