  104
 Etot=        -167.3175642792
 C         13.4174441854       -2.7900760507        4.0153520521
 O         12.1373581493       -2.2370613948        4.1931740166
 C         11.4933123492       -1.7246871549        3.1051461351
 C         12.0002434033       -1.7032554630        1.8109150321
 C         11.2546440187       -1.1574898194        0.7812189828
 C          9.9972143192       -0.6124136439        1.0178987665
 N          9.2551089672       -0.0419455687       -0.0261199183
 C          9.9148554045        0.7003958211       -1.0162414898
 C         10.9809478363        1.5319073919       -0.6904426540
 C         11.6479902363        2.2509393411       -1.6661745584
 C         11.2509939461        2.1597880012       -2.9953312363
 O         11.8323837346        2.8220939784       -4.0365680281
 C         12.9183729656        3.6730861974       -3.7670002779
 C         10.1770435768        1.3304529670       -3.3242742689
 C          9.5228088081        0.6078502441       -2.3530993038
 C          7.8748751149       -0.2087840570       -0.0791556355
 C          7.2827797526       -1.3996806681        0.3492059680
 C          5.9167993921       -1.5652083206        0.2833547052
 C          5.0907914626       -0.5464858720       -0.1918521321
 C          3.6378806671       -0.7212189081       -0.2567135195
 C          3.0764736455       -1.9325077484       -0.6694215493
 C          1.7082095727       -2.0835636605       -0.7431582569
 C          0.8507540554       -1.0413137738       -0.3929484032
 C          1.4018008278        0.1733180551        0.0388737138
 C          2.7812740431        0.3204079077        0.0916966102
 C          0.5530009446        1.3127445899        0.4545241631
 O          1.0326160188        2.3737201192        0.8162141768
 C         -0.9010519200        1.0847089122        0.4079347966
 C         -1.7605286420        2.0979221253        0.8310092329
 C         -3.1280201298        1.9302795937        0.7985511622
 C         -3.6932769768        0.7409528425        0.3261939045
 C         -5.1439105652        0.5598107401        0.2729537856
 C         -5.7202183160       -0.6976675035        0.4689076586
 C         -7.0843959159       -0.8730219291        0.4171490148
 C         -7.9325495736        0.2081184849        0.1610122179
 N         -9.3097708561        0.0325832119        0.1015992678
 C        -10.1731244250        1.0426640313        0.5494070050
 C         -9.8621342637        1.7911681055        1.6862855977
 C        -10.7153438311        2.7758306989        2.1287204045
 C        -11.9121638488        3.0376346503        1.4588999526
 O        -12.6862775293        4.0278924816        1.9882478987
 C        -13.9086456161        4.3299013630        1.3627910787
 C        -12.2283732118        2.2907244561        0.3298376102
 C        -11.3629932487        1.3093546970       -0.1194228039
 C         -9.8488004566       -1.1551504112       -0.4151782456
 C         -9.2702134503       -1.7760950892       -1.5172751263
 C         -9.7993191637       -2.9438062477       -2.0365698723
 C        -10.9338603214       -3.5102650059       -1.4666934055
 O        -11.5442126547       -4.6501709694       -1.8999258405
 C        -10.9996636164       -5.3215865652       -3.0090435822
 C        -11.5192428404       -2.8860978981       -0.3632643943
 C        -10.9838348295       -1.7304563018        0.1581296593
 C         -7.3620375751        1.4685992588       -0.0365341578
 C         -5.9968872796        1.6368262403        0.0211285152
 C         -2.8315297337       -0.2711267827       -0.0947984946
 C         -1.4527150007       -0.1189911351       -0.0526220080
 C         -0.6044530034       -1.2487733245       -0.4934813642
 O         -1.0841195883       -2.2909502021       -0.9062323194
 C          5.6846983438        0.6458084227       -0.6071097105
 C          7.0511734589        0.8113359303       -0.5624828063
 C          9.4940725149       -0.6314922392        2.3202145462
 C         10.2284254230       -1.1840715561        3.3443123344
 H         13.3957271626       -3.6465849637        3.3333659091
 H         14.1294181027       -2.0465201376        3.6417733526
 H         13.7334923556       -3.1251977663        5.0020310214
 H         12.9715828005       -2.1144340361        1.5857355105
 H         11.6555209016       -1.1526136808       -0.2216525408
 H         11.2932573216        1.6161378611        0.3399866514
 H         12.4703463223        2.8838190573       -1.3721834724
 H         12.6331414739        4.4911713720       -3.0973338783
 H         13.2161655766        4.0850527272       -4.7299806597
 H         13.7614893139        3.1254626862       -3.3326901895
 H          9.8800537474        1.2630052944       -4.3587181557
 H          8.7010891679       -0.0384427325       -2.6231964974
 H          7.9072533706       -2.1959970327        0.7264368624
 H          5.4788203174       -2.4914282533        0.6254024077
 H          3.7237259945       -2.7481733976       -0.9563575703
 H          1.2686407338       -3.0123678648       -1.0763080952
 H          3.1765844650        1.2644313070        0.4376687871
 H         -1.3224582512        3.0170289546        1.1918834912
 H         -3.7695533018        2.7200954351        1.1597126251
 H         -5.0907720410       -1.5438075158        0.6993413746
 H         -7.5113115445       -1.8504031941        0.5868841031
 H         -8.9464695021        1.5899915753        2.2219352925
 H        -10.4822386619        3.3566781554        3.0068443208
 H        -14.3511628762        5.1314640924        1.9521825284
 H        -13.7607044970        4.6773874850        0.3349262403
 H        -14.5841274555        3.4679979580        1.3611024333
 H        -13.1419941999        2.4650632084       -0.2160733789
 H        -11.6162939851        0.7398832168       -1.0013816399
 H         -8.3952680301       -1.3392688617       -1.9756701417
 H         -9.3201914177       -3.3940136519       -2.8914166519
 H        -11.0112626415       -4.6933472588       -3.9059088558
 H         -9.9758986253       -5.6574429883       -2.8141653593
 H        -11.6374009880       -6.1892424939       -3.1706399611
 H        -12.3959029141       -3.3365539726        0.0742170692
 H        -11.4415415100       -1.2618100889        1.0163896485
 H         -8.0027546837        2.3115220883       -0.2495738198
 H         -5.5814987251        2.6149513877       -0.1704678690
 H         -3.2200056974       -1.2003498435       -0.4848800641
 H          5.0656339692        1.4447495081       -0.9871648558
 H          7.4954156500        1.7380115358       -0.8942955661
 H          8.5226002705       -0.2055880256        2.5217596428
 H          9.8465060852       -1.2008308281        4.3526115296
  104
 Etot=        -167.3175643209
 C         13.4174478891       -2.7900952389        4.0153397453
 O         12.1373515526       -2.2370729179        4.1931607865
 C         11.4933190726       -1.7247015234        3.1051412160
 C         12.0002397389       -1.7032624392        1.8109153150
 C         11.2546529014       -1.1574966377        0.7812119866
 C          9.9972134382       -0.6124159224        1.0179020562
 N          9.2551159714       -0.0419436852       -0.0261200199
 C          9.9148572231        0.7003993897       -1.0162438410
 C         10.9809526872        1.5319138308       -0.6904350004
 C         11.6479873605        2.2509454402       -1.6661733184
 C         11.2509974493        2.1598029345       -2.9953248030
 O         11.8323774135        2.8221037332       -4.0365538663
 C         12.9183734813        3.6731047353       -3.7669860489
 C         10.1770445719        1.3304646111       -3.3242737201
 C          9.5228112065        0.6078577492       -2.3530985132
 C          7.8748641583       -0.2087864598       -0.0791563365
 C          7.2827892371       -1.3996793242        0.3492012956
 C          5.9167913873       -1.5652083005        0.2833497099
 C          5.0908033735       -0.5464829307       -0.1918542909
 C          3.6378734259       -0.7212220878       -0.2567165181
 C          3.0764846053       -1.9325038097       -0.6694230787
 C          1.7081998612       -2.0835713910       -0.7431598686
 C          0.8507642392       -1.0413090866       -0.3929484502
 C          1.4017902654        0.1733143495        0.0388706632
 C          2.7812857409        0.3204112386        0.0916967656
 C          0.5530118074        1.3127490298        0.4545244500
 O          1.0326126694        2.3737192826        0.8162130417
 C         -0.9010639826        1.0847057643        0.4079324743
 C         -1.7605192221        2.0979262635        0.8310086900
 C         -3.1280301118        1.9302756200        0.7985482242
 C         -3.6932679239        0.7409590549        0.3261946485
 C         -5.1439241281        0.5598080436        0.2729533097
 C         -5.7202093955       -0.6976634141        0.4689104883
 C         -7.0844050429       -0.8730237193        0.4171526012
 C         -7.9325349205        0.2081223291        0.1610121390
 N         -9.3097781179        0.0325802397        0.1015986949
 C        -10.1731273792        1.0426701830        0.5494098298
 C         -9.8621363290        1.7911723226        1.6862821930
 C        -10.7153473187        2.7758419263        2.1287156206
 C        -11.9121696117        3.0376430498        1.4588892152
 O        -12.6862693783        4.0278929759        1.9882320819
 C        -13.9086471773        4.3299086015        1.3627718755
 C        -12.2283712918        2.2907312282        0.3298360096
 C        -11.3630004709        1.3093552974       -0.1194334195
 C         -9.8488007868       -1.1551548507       -0.4151787914
 C         -9.2702161712       -1.7761025677       -1.5172717815
 C         -9.7993198057       -2.9438141023       -2.0365616787
 C        -10.9338679369       -3.5102764255       -1.4666798134
 O        -11.5442056161       -4.6501699003       -1.8999068180
 C        -10.9996645475       -5.3215917445       -3.0090249622
 C        -11.5192380861       -2.8861012550       -0.3632595851
 C        -10.9838423371       -1.7304604418        0.1581397305
 C         -7.3620461323        1.4685961416       -0.0365382912
 C         -5.9968785205        1.6368298928        0.0211248371
 C         -2.8315444746       -0.2711303879       -0.0948011137
 C         -1.4527006137       -0.1189836929       -0.0526202604
 C         -0.6044610631       -1.2487752955       -0.4934844688
 O         -1.0841175354       -2.2909500283       -0.9062343027
 C          5.6846908650        0.6458081481       -0.6071096604
 C          7.0511819798        0.8113396126       -0.5624803829
 C          9.4940761171       -0.6314996116        2.3202129614
 C         10.2284256103       -1.1840831600        3.3443131488
 H         13.3957248100       -3.6465994014        3.3333535750
 H         14.1294174507       -2.0465368925        3.6417642237
 H         13.7334907683       -3.1252181493        5.0020204192
 H         12.9715847436       -2.1144425364        1.5857260070
 H         11.6555193191       -1.1526133833       -0.2216563308
 H         11.2932560031        1.6161373991        0.3399912434
 H         12.4703462144        2.8838272715       -1.3721721097
 H         12.6331390525        4.4911842881       -3.0973197865
 H         13.2161623306        4.0850716938       -4.7299679721
 H         13.7614872181        3.1254776337       -3.3326783200
 H          9.8800536653        1.2630199171       -4.3587131541
 H          8.7010903420       -0.0384354162       -2.6231971964
 H          7.9072531422       -2.1959999555        0.7264324092
 H          5.4788222695       -2.4914287088        0.6253970566
 H          3.7237260071       -2.7481749000       -0.9563620270
 H          1.2686428407       -3.0123673517       -1.0763114715
 H          3.1765836048        1.2644319302        0.4376685905
 H         -1.3224598838        3.0170308125        1.1918820445
 H         -3.7695534623        2.7200996485        1.1597120517
 H         -5.0907737499       -1.5438072108        0.6993445347
 H         -7.5113104764       -1.8504022071        0.5868882452
 H         -8.9464702773        1.5899974134        2.2219325992
 H        -10.4822384590        3.3566868475        3.0068337015
 H        -14.3511612410        5.1314734326        1.9521648857
 H        -13.7607019558        4.6773915197        0.3349104521
 H        -14.5841261405        3.4680051069        1.3610875942
 H        -13.1419947191        2.4650638558       -0.2160848292
 H        -11.6162921802        0.7398811702       -1.0013832688
 H         -8.3952687574       -1.3392743553       -1.9756664305
 H         -9.3201920321       -3.3940227833       -2.8914048798
 H        -11.0112618413       -4.6933618486       -3.9058914263
 H         -9.9758974457       -5.6574552841       -2.8141452398
 H        -11.6374012639       -6.1892572445       -3.1706187115
 H        -12.3959042613       -3.3365559070        0.0742318375
 H        -11.4415395667       -1.2618071092        1.0163941421
 H         -8.0027544256        2.3115230824       -0.2495788311
 H         -5.5815005672        2.6149505154       -0.1704722754
 H         -3.2200045075       -1.2003491643       -0.4848805978
 H          5.0656360120        1.4447524841       -0.9871627469
 H          7.4954148074        1.7380144055       -0.8942916291
 H          8.5226002072       -0.2055941608        2.5217601197
 H          9.8465068427       -1.2008452116        4.3526068819
