  51
 Etot=         -92.6693061809
 Cl        -0.2393302264       -3.8774307719        1.8775738020
 C         -0.1649019155       -2.3245386940        1.1442243094
 N         -1.3196937715       -1.8011315984        0.8138775105
 C         -1.3312789347       -0.5137483431        0.2858834667
 N         -2.5876929595        0.0026789970        0.0332816873
 C         -3.6171224201       -0.6896905680       -0.5733288193
 C         -3.6470745054       -2.0045713377       -1.0164094821
 C         -4.8143316504       -2.4570898583       -1.6054684935
 C         -5.9171646362       -1.6205400848       -1.7630801919
 C         -5.8888959643       -0.3042557204       -1.3280351285
 C         -4.7337931866        0.1697175082       -0.7289397926
 C         -4.3549493064        1.4360661426       -0.1608836824
 C         -5.0132162612        2.6427973677        0.0078099776
 C         -4.3604790376        3.6675413406        0.6738962511
 C         -3.0805238943        3.4864934569        1.1941926382
 C         -2.4013978467        2.2932366074        1.0313576528
 C         -3.0289213340        1.2781433747        0.3203105168
 C         -0.1505065193        0.1474299514       -0.0255657949
 Cl        -0.1780902392        1.6115950249       -0.9615860549
 C          1.0856795573       -0.4235893284        0.2761341213
 N          2.2949977391        0.1658964141       -0.0724980380
 C          3.2565324320       -0.3967128823       -0.8841904870
 C          3.2437578001       -1.6204147289       -1.5390788496
 C          4.3453121699       -1.9480641317       -2.3071776559
 C          5.4279965156       -1.0791317071       -2.4283378810
 C          5.4354534739        0.1516444087       -1.7931454526
 C          4.3415045922        0.5039795369       -1.0188759854
 C          3.9980905024        1.6706255483       -0.2500269561
 C          4.6372696382        2.8718712694        0.0103587521
 C          4.0126053114        3.7895628633        0.8389386078
 C          2.7755856132        3.5141010952        1.4184720585
 C          2.1172109590        2.3244092665        1.1719999089
 C          2.7267618368        1.4118467101        0.3210627196
 C          1.0634115199       -1.7181380099        0.9546671528
 Cl         2.5138933978       -2.3314637151        1.6316531642
 H         -2.7905811992       -2.6453406854       -0.8864328170
 H         -4.8707822369       -3.4768075541       -1.9545421752
 H         -6.8094790799       -2.0060711869       -2.2332100208
 H         -6.7481958717        0.3372496010       -1.4513358435
 H         -6.0176814446        2.7767462158       -0.3636480277
 H         -4.8567930093        4.6163035879        0.8117159453
 H         -2.6124366354        4.2913900575        1.7400523620
 H         -1.4233486792        2.1514397859        1.4622794240
 H          2.4012226231       -2.2890482439       -1.4522487839
 H          4.3662632826       -2.8941376613       -2.8265066379
 H          6.2721590570       -1.3708955384       -3.0349648408
 H          6.2731437219        0.8240528203       -1.8994182929
 H          5.6039668711        3.0843991799       -0.4202357219
 H          4.4950361303        4.7320315582        1.0503751109
 H          2.3253179253        4.2431297384        2.0751330827
 H          1.1678927930        2.1042320187        1.6349998323
  51
 Etot=         -92.6693436918
 Cl        -0.2388311588       -3.8763611884        1.8735017740
 C         -0.1648140015       -2.3217898287        1.1437405405
 N         -1.3195807372       -1.7995568535        0.8117609615
 C         -1.3313060291       -0.5139319860        0.2864605655
 N         -2.5873365582        0.0023143388        0.0335629017
 C         -3.6171864902       -0.6903613281       -0.5723634172
 C         -3.6474734114       -2.0051925962       -1.0152318388
 C         -4.8143068735       -2.4573996058       -1.6059997905
 C         -5.9172187270       -1.6204485615       -1.7634933977
 C         -5.8892780730       -0.3043703258       -1.3277617241
 C         -4.7339514434        0.1698863874       -0.7284453175
 C         -4.3551481387        1.4357451045       -0.1610519525
 C         -5.0132535945        2.6430529821        0.0075468352
 C         -4.3605362845        3.6674811895        0.6739987009
 C         -3.0803484661        3.4864610466        1.1947913572
 C         -2.4011980325        2.2929385338        1.0316364178
 C         -3.0284464411        1.2780002917        0.3203649046
 C         -0.1503081521        0.1473285473       -0.0256877177
 Cl        -0.1768991041        1.6108296173       -0.9628338122
 C          1.0857143736       -0.4236164675        0.2771029547
 N          2.2946210917        0.1656761009       -0.0719090698
 C          3.2564851780       -0.3974082992       -0.8830967890
 C          3.2438919828       -1.6212267296       -1.5377421403
 C          4.3451268108       -1.9486734622       -2.3067583971
 C          5.4279515477       -1.0795408814       -2.4278397468
 C          5.4357765323        0.1510990362       -1.7922646169
 C          4.3415981528        0.5038429013       -1.0181224624
 C          3.9980572548        1.6705089463       -0.2502051516
 C          4.6369482328        2.8722733041        0.0096745915
 C          4.0123522502        3.7898296079        0.8384953533
 C          2.7752292369        3.5144265659        1.4184941363
 C          2.1167839449        2.3245882650        1.1719380377
 C          2.7263019561        1.4119074384        0.3211960835
 C          1.0637482210       -1.7148616295        0.9558962081
 Cl         2.5154766605       -2.3323419611        1.6264713653
 H         -2.7912675873       -2.6461686689       -0.8845514628
 H         -4.8706251316       -3.4769405120       -1.9555303408
 H         -6.8095359744       -2.0058939181       -2.2337051864
 H         -6.7486730553        0.3370316477       -1.4508701748
 H         -6.0174965134        2.7773281500       -0.3643697506
 H         -4.8568512764        4.6162399029        0.8119211965
 H         -2.6124639868        4.2911629554        1.7410777827
 H         -1.4231704540        2.1511650056        1.4626821982
 H          2.4013563920       -2.2898600464       -1.4509845465
 H          4.3657529707       -2.8944137540       -2.8266517912
 H          6.2719628017       -1.3711853536       -3.0347410180
 H          6.2736447708        0.8233025676       -1.8983691353
 H          5.6034310576        3.0850051774       -0.4212800434
 H          4.4949102649        4.7322084330        1.0500282556
 H          2.3252637871        4.2432679416        2.0755189234
 H          1.1675229217        2.1044410688        1.6350768939
