  90
 Etot=        -145.1503276402
 N        -10.8861638022       -2.0101075962       -0.5801673342
 C         -9.8702159226       -1.4947030474       -0.4423450378
 C         -8.6395891351       -0.8221970745       -0.2669234783
 N         -7.5054401023       -1.5199805509       -0.4018426134
 C         -6.3931653288       -0.8350994483       -0.2342410984
 C         -6.3994874100        0.5789291528        0.0660232747
 N         -7.5177370557        1.2599323502        0.2058655709
 C         -8.6458462540        0.5582465769        0.0427211519
 C         -9.8822758348        1.2271755220        0.1875205021
 N        -10.9023759435        1.7405020231        0.3000301799
 C         -5.0346358750        1.0177220402        0.1711687940
 C         -4.4255575615        2.2270409640        0.4286856091
 C         -3.0350559108        2.2628698395        0.4093537077
 C         -2.2180043688        1.1577634300        0.1655194666
 C         -0.7845948726        1.4583902702        0.0865255845
 C          0.0046581419        1.0871029634       -1.0024571221
 C          1.2978649549        1.5485337983       -1.1313475652
 C          1.8514481823        2.4001504539       -0.1703374637
 N          3.1124426584        2.9606272501       -0.3276852845
 C          3.3574174508        4.2618062272        0.1453693792
 C          2.4036382837        5.2659216656       -0.0164517248
 C          2.6549112383        6.5439080034        0.4452714951
 C          3.8583599022        6.8419661400        1.0643374384
 C          4.8114726551        5.8485715792        1.2216892484
 C          4.5659474620        4.5656466220        0.7701557983
 C          4.1545344681        2.2767949622       -0.9697345265
 C          4.3678553284        0.9194387305       -0.7366593454
 C          5.4376300399        0.2779294000       -1.3321495115
 C          6.2946729239        0.9671435755       -2.1741425347
 C          6.0765083635        2.3131151911       -2.4202937133
 C          5.0153341798        2.9662642805       -1.8240759546
 C          1.0845869858        2.7197961187        0.9547934618
 C         -0.2086474275        2.2691931606        1.0697694981
 C         -2.8200360661       -0.1230914300       -0.0347192122
 C         -2.2103810976       -1.4042330526       -0.2130346547
 C         -0.7776016280       -1.6781280364       -0.0845679538
 C         -0.1530737299       -2.5218878713       -1.0068652707
 C          1.1623763295       -2.8946789679       -0.8601957801
 C          1.9161850549       -2.4338207865        0.2240109224
 N          3.2379399810       -2.8204186121        0.3908646869
 C          3.7931530005       -2.9081367275        1.6825947667
 C          3.0732410052       -3.4820418866        2.7288684478
 C          3.6340280220       -3.5728653080        3.9889082004
 C          4.9169863166       -3.1028760522        4.2205177413
 C          5.6380923787       -2.5375590874        3.1812118230
 C          5.0824794143       -2.4364780996        1.9196178285
 C          4.0234762488       -3.2295429303       -0.6987002342
 C          4.9154489184       -4.2924912073       -0.5583725488
 C          5.7018496736       -4.6884173692       -1.6238670334
 C          5.6073344448       -4.0411043839       -2.8452584190
 C          4.7212904156       -2.9858729561       -2.9910875357
 C          3.9378140171       -2.5767381939       -1.9286636213
 C          1.2947403948       -1.5844338064        1.1472602559
 C         -0.0256112085       -1.2218816049        0.9982940822
 C         -3.0166791212       -2.5127902018       -0.4743052199
 C         -4.4059316265       -2.4791232345       -0.5360459433
 C         -5.0248309467       -1.2695748516       -0.3031479610
 C         -4.2255755891       -0.1244921714       -0.0557955435
 H         -5.0025322348        3.1197787112        0.6134007829
 H         -2.5526959921        3.2181976938        0.5552704649
 H         -0.4208575355        0.4751913722       -1.7834377948
 H          1.8789417236        1.2862164071       -2.0030062471
 H          1.4698072912        5.0381397730       -0.5095809859
 H          1.9098675116        7.3145719513        0.3113731285
 H          4.0525400067        7.8425315904        1.4203625269
 H          5.7509276188        6.0720006209        1.7057935781
 H          5.3074597123        3.7906624304        0.8987126413
 H          3.7016984792        0.3812650421       -0.0779526750
 H          5.6078251012       -0.7698937356       -1.1383591460
 H          7.1276360952        0.4567777560       -2.6336846890
 H          6.7341737008        2.8577801927       -3.0819153290
 H          4.8468403209        4.0165987711       -2.0123914834
 H          1.5118403561        3.3403311105        1.7283764722
 H         -0.7825506758        2.5281191417        1.9475950681
 H         -0.7078867521       -2.8810867010       -1.8611953161
 H          1.6091282139       -3.5665772149       -1.5770220638
 H          2.0779018305       -3.8602775039        2.5457676059
 H          3.0691118848       -4.0228975983        4.7921683325
 H          5.3529651484       -3.1794420930        5.2052459684
 H          6.6378926675       -2.1672950476        3.3542031412
 H          5.6442776948       -1.9933464457        1.1108357444
 H          4.9864897195       -4.8076184004        0.3884277486
 H          6.3871001025       -5.5142398202       -1.5002929405
 H          6.2201985640       -4.3559692145       -3.6763849870
 H          4.6468660821       -2.4666891525       -3.9353792878
 H          3.2632945461       -1.7418878256       -2.0436934140
 H          1.8545459947       -1.2167371653        1.9942498884
 H         -0.4907709695       -0.5995969400        1.7472382616
 H         -2.5294682247       -3.4688253917       -0.5961289198
 H         -4.9762018474       -3.3740779353       -0.7308905596
  90
 Etot=        -145.1504583895
 N        -10.8842159151       -2.0145407805       -0.5802137981
 C         -9.8703681609       -1.4978184884       -0.4414364187
 C         -8.6396845220       -0.8222119904       -0.2668285660
 N         -7.5055791893       -1.5187035545       -0.4013070638
 C         -6.3950559551       -0.8336855539       -0.2338126115
 C         -6.4013341654        0.5776379749        0.0652638940
 N         -7.5178701165        1.2588451692        0.2048809477
 C         -8.6459619725        0.5585016043        0.0420311530
 C         -9.8825712988        1.2303966817        0.1859861394
 N        -10.9006896409        1.7446931562        0.3004559778
 C         -5.0341461505        1.0168972026        0.1708498372
 C         -4.4261458236        2.2245646631        0.4276582397
 C         -3.0344197865        2.2609313918        0.4079736032
 C         -2.2180361279        1.1568780665        0.1656551396
 C         -0.7836115576        1.4559228019        0.0872604387
 C          0.0052796069        1.0849435409       -1.0012634363
 C          1.2993089039        1.5446514700       -1.1293951189
 C          1.8521783819        2.3968021777       -0.1691823464
 N          3.1127140429        2.9580237259       -0.3266990380
 C          3.3573235213        4.2595914896        0.1450548897
 C          2.4032222149        5.2631488755       -0.0157495311
 C          2.6546651282        6.5412120226        0.4451554993
 C          3.8581017097        6.8395581972        1.0633415977
 C          4.8113994756        5.8467348085        1.2199279793
 C          4.5661137618        4.5639988243        0.7683109198
 C          4.1543705644        2.2742241125       -0.9678881093
 C          4.3669329913        0.9166844685       -0.7354992866
 C          5.4358215362        0.2750041265       -1.3323116924
 C          6.2928127316        0.9648274889       -2.1735951917
 C          6.0752112219        2.3107763546       -2.4187706498
 C          5.0153220574        2.9640910533       -1.8212830449
 C          1.0855991143        2.7166077600        0.9553211466
 C         -0.2071905225        2.2647284376        1.0707783747
 C         -2.8199278523       -0.1231568291       -0.0345325876
 C         -2.2105388094       -1.4034916384       -0.2128245155
 C         -0.7767226353       -1.6758740146       -0.0851128594
 C         -0.1512840211       -2.5164388458       -1.0085706655
 C          1.1637942982       -2.8905667312       -0.8610862395
 C          1.9168656763       -2.4300974326        0.2229279999
 N          3.2383387310       -2.8174854785        0.3902831598
 C          3.7929292038       -2.9060397984        1.6815351709
 C          3.0728446274       -3.4795847439        2.7275419357
 C          3.6337227119       -3.5713185328        3.9871962583
 C          4.9165910941       -3.1020619641        4.2188004602
 C          5.6376544975       -2.5366890509        3.1798997142
 C          5.0822722172       -2.4351174538        1.9184665462
 C          4.0236465212       -3.2260973590       -0.6986639888
 C          4.9156934865       -4.2885648540       -0.5577902893
 C          5.7013308930       -4.6851744217       -1.6231943991
 C          5.6068820975       -4.0380578969       -2.8443156744
 C          4.7214241159       -2.9826715705       -2.9902803650
 C          3.9375751991       -2.5733794836       -1.9284018905
 C          1.2959632669       -1.5806895793        1.1455169688
 C         -0.0253392120       -1.2205975238        0.9977805647
 C         -3.0161595730       -2.5109473218       -0.4726053912
 C         -4.4066140012       -2.4767149356       -0.5345259035
 C         -5.0243433250       -1.2687731891       -0.3024654106
 C         -4.2250113784       -0.1245211580       -0.0555616200
 H         -5.0030466391        3.1171344275        0.6129675598
 H         -2.5513959604        3.2166946608        0.5522789852
 H         -0.4199295461        0.4713543549       -1.7812937407
 H          1.8816144828        1.2802079416       -1.9997686516
 H          1.4690684405        5.0344940323       -0.5080080763
 H          1.9094718375        7.3114319267        0.3117127054
 H          4.0520551278        7.8397808888        1.4193581932
 H          5.7505432694        6.0700919565        1.7040175927
 H          5.3077698929        3.7889401254        0.8957226138
 H          3.7018323326        0.3791159609       -0.0748009829
 H          5.6074005794       -0.7726220839       -1.1374222917
 H          7.1258228410        0.4549758783       -2.6329154076
 H          6.7328200376        2.8554721820       -3.0798849601
 H          4.8467968046        4.0146271369       -2.0084679788
 H          1.5119394178        3.3399083663        1.7272812868
 H         -0.7824562519        2.5261794496        1.9472010761
 H         -0.7065758269       -2.8766998778       -1.8623392078
 H          1.6104377330       -3.5639253487       -1.5767105544
 H          2.0771666985       -3.8567328297        2.5440065700
 H          3.0689077710       -4.0216730688        4.7899715269
 H          5.3525515178       -3.1792295426        5.2031124101
 H          6.6374263298       -2.1670659122        3.3528427880
 H          5.6437456239       -1.9913136149        1.1096082526
 H          4.9858753470       -4.8033979133        0.3892363391
 H          6.3854374304       -5.5115873342       -1.4998338460
 H          6.2186670801       -4.3536709468       -3.6754642877
 H          4.6461657444       -2.4645651015       -3.9348422810
 H          3.2616410946       -1.7391977544       -2.0435095615
 H          1.8565086013       -1.2125712949        1.9919169814
 H         -0.4906852897       -0.5977608121        1.7462552592
 H         -2.5283923549       -3.4673568758       -0.5932557078
 H         -4.9766969045       -3.3714243253       -0.7304862665
  90
 Etot=        -145.1505151216
 N        -10.8827715781       -2.0225349496       -0.5750367672
 C         -9.8703446910       -1.5013106197       -0.4435360524
 C         -8.6401965604       -0.8221709689       -0.2667246476
 N         -7.5059763038       -1.5173747887       -0.4010804803
 C         -6.3968492919       -0.8320641707       -0.2336496657
 C         -6.4031078480        0.5761687479        0.0645977128
 N         -7.5182937215        1.2577061630        0.2041139606
 C         -8.6464950871        0.5586738262        0.0413460623
 C         -9.8827939841        1.2334505155        0.1895708357
 N        -10.8995293597        1.7526098891        0.2932072913
 C         -5.0334708879        1.0168093283        0.1704474367
 C         -4.4269461761        2.2233273749        0.4257995562
 C         -3.0337698756        2.2601021354        0.4050154160
 C         -2.2187053483        1.1566534295        0.1648390788
 C         -0.7828828592        1.4533420612        0.0877035925
 C          0.0061890310        1.0807831617       -0.9994655084
 C          1.3014547795        1.5376677975       -1.1261051590
 C          1.8532395442        2.3908173992       -0.1666763447
 N          3.1134295672        2.9529641053       -0.3244368314
 C          3.3571996629        4.2552178019        0.1451630450
 C          2.4022050140        5.2578569534       -0.0144754023
 C          2.6536545643        6.5362721891        0.4451568902
 C          3.8574957191        6.8355229825        1.0617379629
 C          4.8116262715        5.8436008145        1.2172731291
 C          4.5666816319        4.5608163074        0.7661175766
 C          4.1546731412        2.2691412159       -0.9645489289
 C          4.3668530085        0.9115458983       -0.7323329245
 C          5.4349965931        0.2698034286       -1.3303255936
 C          6.2912137843        0.9598813971       -2.1720262776
 C          6.0744142900        2.3059774978       -2.4161471106
 C          5.0157027159        2.9594035349       -1.8173564900
 C          1.0864008508        2.7122309397        0.9565587801
 C         -0.2066243230        2.2606124069        1.0715234459
 C         -2.8203517581       -0.1231353826       -0.0342852435
 C         -2.2113077081       -1.4031636838       -0.2115714012
 C         -0.7759856928       -1.6729138661       -0.0852043568
 C         -0.1498463310       -2.5099916680       -1.0102576015
 C          1.1652902610       -2.8843061652       -0.8626009364
 C          1.9174996945       -2.4235130376        0.2211810209
 N          3.2389191265       -2.8114914034        0.3890774292
 C          3.7925211868       -2.9011973890        1.6799222456
 C          3.0719937744       -3.4746827828        2.7254682406
 C          3.6330470517       -3.5682903630        3.9847239653
 C          4.9162646485       -3.1005405896        4.2164277920
 C          5.6375368372       -2.5346772422        3.1781408434
 C          5.0821770080       -2.4314838546        1.9170087691
 C          4.0238672662       -3.2197216699       -0.6992456915
 C          4.9159452274       -4.2819018704       -0.5576152701
 C          5.7007549965       -4.6796008859       -1.6229191214
 C          5.6060622593       -4.0330199663       -2.8441093177
 C          4.7208147569       -2.9777126852       -2.9906207659
 C          3.9368541200       -2.5678032331       -1.9292343493
 C          1.2972140130       -1.5742458690        1.1434822261
 C         -0.0253691422       -1.2176650362        0.9975393447
 C         -3.0154922965       -2.5100243589       -0.4694234611
 C         -4.4073951508       -2.4754072881       -0.5324829019
 C         -5.0236003367       -1.2686267960       -0.3018924019
 C         -4.2248468459       -0.1245055480       -0.0553319857
 H         -5.0032283306        3.1161871030        0.6113892007
 H         -2.5502068436        3.2161008254        0.5482928924
 H         -0.4191487231        0.4671666595       -1.7795664392
 H          1.8850808606        1.2708679081       -1.9949918285
 H          1.4674248203        5.0276928760       -0.5049962328
 H          1.9078954160        7.3057916913        0.3123048705
 H          4.0511802450        7.8357250772        1.4172060980
 H          5.7511153397        6.0674585633        1.7000158322
 H          5.3088926688        3.7859579582        0.8917008144
 H          3.7016422411        0.3742848239       -0.0712102080
 H          5.6064451890       -0.7781417507       -1.1365227439
 H          7.1230325985        0.4499134699       -2.6328825862
 H          6.7319457269        2.8507060912       -3.0769395900
 H          4.8473183922        4.0102877414       -2.0026807975
 H          1.5126699825        3.3361623657        1.7280830499
 H         -0.7818012534        2.5207526977        1.9486034649
 H         -0.7046547622       -2.8686282153       -1.8652342604
 H          1.6125941127       -3.5573662482       -1.5781359616
 H          2.0758360196       -3.8502423835        2.5411501996
 H          3.0679839748       -4.0189191282        4.7869216346
 H          5.3522980802       -3.1790033806        5.2003376101
 H          6.6375091267       -2.1661021754        3.3511315377
 H          5.6436617812       -1.9877507824        1.1079782630
 H          4.9856219174       -4.7955626613        0.3900868427
 H          6.3843052623       -5.5061744432       -1.4993168841
 H          6.2174511725       -4.3489517522       -3.6750697263
 H          4.6458741969       -2.4597995224       -3.9351440872
 H          3.2605870650       -1.7335583560       -2.0439703606
 H          1.8587586705       -1.2051706156        1.9888691940
 H         -0.4918356715       -0.5970498179        1.7472593701
 H         -2.5271902248       -3.4666217199       -0.5892328884
 H         -4.9767271401       -3.3704739456       -0.7286877489
  90
 Etot=        -145.1505065762
 N        -10.8806043679       -2.0284122799       -0.5814381732
 C         -9.8706030698       -1.5062961682       -0.4353394670
 C         -8.6411067398       -0.8223407203       -0.2659267403
 N         -7.5067221176       -1.5172280648       -0.3982442905
 C         -6.3981599353       -0.8312637409       -0.2322723085
 C         -6.4044182015        0.5753848883        0.0632985873
 N         -7.5190929646        1.2576803373        0.2005705023
 C         -8.6474332999        0.5590617542        0.0390104081
 C         -9.8831178437        1.2397693025        0.1731608283
 N        -10.8976704351        1.7568181789        0.3060571242
 C         -5.0332587731        1.0173885352        0.1695527485
 C         -4.4278088666        2.2236084945        0.4230877542
 C         -3.0335552047        2.2603656658        0.4018478272
 C         -2.2197070623        1.1568868326        0.1637587040
 C         -0.7827168977        1.4512375461        0.0879014388
 C          0.0067042908        1.0767913576       -0.9980570679
 C          1.3032849194        1.5305475697       -1.1228767750
 C          1.8542968864        2.3842147692       -0.1636617418
 N          3.1144363865        2.9468997054       -0.3214407591
 C          3.3571955948        4.2498633248        0.1460487978
 C          2.4010220495        5.2514580573       -0.0126853567
 C          2.6522724444        6.5304273125        0.4454410949
 C          3.8568202966        6.8310929215        1.0599054076
 C          4.8122043893        5.8402350607        1.2143918838
 C          4.5676047360        4.5570760310        0.7644229745
 C          4.1554389930        2.2630292310       -0.9608248015
 C          4.3673775318        0.9053749471       -0.7287843936
 C          5.4349103680        0.2635937498       -1.3277725181
 C          6.2902871086        0.9536284258       -2.1702932179
 C          6.0743357163        2.3000041673       -2.4134128639
 C          5.0165323310        2.9535321282       -1.8134542650
 C          1.0871978356        2.7069660480        0.9587189203
 C         -0.2064566518        2.2566103817        1.0727068379
 C         -2.8212481686       -0.1230743624       -0.0339501243
 C         -2.2124263784       -1.4032180061       -0.2098436324
 C         -0.7758837391       -1.6704723751       -0.0845906761
 C         -0.1490455302       -2.5040022079       -1.0117264214
 C          1.1665341116       -2.8773323988       -0.8645600419
 C          1.9179733495       -2.4161424296        0.2192719062
 N          3.2395964058       -2.8041658939        0.3875074636
 C          3.7922187449       -2.8951428117        1.6781991412
 C          3.0710351512       -3.4687273089        2.7232183565
 C          3.6321757243       -3.5644978105        3.9822133575
 C          4.9159869829       -3.0985838510        4.2141981005
 C          5.6377424504       -2.5321384150        3.1765798908
 C          5.0823721385       -2.4268767607        1.9157174719
 C          4.0242178374       -3.2123149483       -0.7004182413
 C          4.9163722008       -4.2743624581       -0.5581017425
 C          5.7006642828       -4.6730408986       -1.6232735741
 C          5.6055797459       -4.0271611754       -2.8447822647
 C          4.7203391538       -2.9719753620       -2.9919305319
 C          3.9364129270       -2.5613588418       -1.9308799880
 C          1.2978492701       -1.5677972965        1.1421326238
 C         -0.0260637072       -1.2150204037        0.9982562619
 C         -3.0152157724       -2.5101417679       -0.4658640822
 C         -4.4082174128       -2.4756022788       -0.5294274576
 C         -5.0233037611       -1.2692106870       -0.3003588598
 C         -4.2253308502       -0.1244911969       -0.0549360831
 H         -5.0032088569        3.1170791109        0.6083158483
 H         -2.5497832831        3.2165192787        0.5440528247
 H         -0.4187150359        0.4635581258       -1.7784670953
 H          1.8881651777        1.2613545691       -1.9902046602
 H          1.4656214746        5.0197215376       -0.5013687067
 H          1.9056700706        7.2991509928        0.3131575815
 H          4.0501534518        7.8315904171        1.4144895551
 H          5.7523610503        6.0650547321        1.6952432034
 H          5.3105291609        3.7826536572        0.8885528278
 H          3.7020748092        0.3683793308       -0.0674601833
 H          5.6063082311       -0.7844811976       -1.1348008333
 H          7.1209026500        0.4432985971       -2.6327692402
 H          6.7316647163        2.8447013340       -3.0743046996
 H          4.8480079477        4.0045931171       -1.9975596066
 H          1.5136252787        3.3307927290        1.7302151052
 H         -0.7820120436        2.5167526923        1.9496404459
 H         -0.7034070872       -2.8610679823       -1.8677695040
 H          1.6146926516       -3.5492622361       -1.5805840724
 H          2.0744065844       -3.8426926190        2.5380920131
 H          3.0666823761       -4.0154801585        4.7838354075
 H          5.3521626460       -3.1788561497        5.1978111991
 H          6.6380749751       -2.1647792877        3.3497869323
 H          5.6439685929       -1.9830412346        1.1067918268
 H          4.9859062596       -4.7866792523        0.3903334246
 H          6.3840647152       -5.4995854225       -1.4992350418
 H          6.2167070552       -4.3434936358       -3.6756524182
 H          4.6455135885       -2.4544301354       -3.9366167037
 H          3.2599564078       -1.7271973265       -2.0454405784
 H          1.8603356295       -1.1973233630        1.9863026127
 H         -0.4935176136       -0.5964794501        1.7491243269
 H         -2.5266028907       -3.4667787879       -0.5849680637
 H         -4.9765621421       -3.3713056624       -0.7254184893
  90
 Etot=        -145.1505593213
 N        -10.8806103367       -2.0285215712       -0.5777261399
 C         -9.8705345871       -1.5054455518       -0.4365548030
 C         -8.6414659744       -0.8223288420       -0.2657207783
 N         -7.5070358599       -1.5175530050       -0.3987421805
 C         -6.3978384323       -0.8316164642       -0.2327409051
 C         -6.4040993199        0.5758872766        0.0633335744
 N         -7.5193877969        1.2580404887        0.2011590814
 C         -8.6477613722        0.5589789434        0.0394734703
 C         -9.8829819261        1.2373487964        0.1823675895
 N        -10.8977829504        1.7580528229        0.2947784131
 C         -5.0337540659        1.0178213301        0.1692379202
 C         -4.4278926981        2.2246385202        0.4226440171
 C         -3.0339844968        2.2611195392        0.4017489518
 C         -2.2199624429        1.1571713666        0.1635717814
 C         -0.7832013948        1.4515172878        0.0877287624
 C          0.0063226261        1.0769739088       -0.9983949153
 C          1.3030244271        1.5303471439       -1.1228619005
 C          1.8543948097        2.3833958837       -0.1630811638
 N          3.1148116877        2.9456635739       -0.3205786127
 C          3.3573997332        4.2486821325        0.1468781325
 C          2.4009229325        5.2500840410       -0.0120432885
 C          2.6519439780        6.5292609178        0.4457627637
 C          3.8567534119        6.8304995656        1.0596191519
 C          4.8125432164        5.8398781183        1.2140908142
 C          4.5680052347        4.5563933241        0.7648813322
 C          4.1559397011        2.2617771177       -0.9603090159
 C          4.3679675846        0.9041157499       -0.7283216170
 C          5.4355626816        0.2623420207       -1.3272335521
 C          6.2909113066        0.9521479132       -2.1700141977
 C          6.0749165145        2.2985864348       -2.4132354114
 C          5.0169721307        2.9521234266       -1.8133078522
 C          1.0873224364        2.7057955633        0.9596666576
 C         -0.2066848357        2.2563547318        1.0732017208
 C         -2.8216663117       -0.1230101280       -0.0340168315
 C         -2.2127441206       -1.4034283526       -0.2095689085
 C         -0.7765060902       -1.6708683601       -0.0839675283
 C         -0.1495324069       -2.5040835678       -1.0116208909
 C          1.1663925268       -2.8763494706       -0.8650439321
 C          1.9178757663       -2.4152038930        0.2190478500
 N          3.2397492622       -2.8026148805        0.3870498534
 C          3.7923870140       -2.8937880673        1.6779575642
 C          3.0709994058       -3.4674982706        2.7228789762
 C          3.6320265507       -3.5635730792        3.9819789138
 C          4.9160196550       -3.0980087481        4.2141674286
 C          5.6380208486       -2.5314759167        3.1766538588
 C          5.0826779019       -2.4257821427        1.9157583397
 C          4.0243758300       -3.2110406979       -0.7010811900
 C          4.9166523609       -4.2731138823       -0.5588173296
 C          5.7011764826       -4.6716864886       -1.6239631569
 C          5.6059202556       -4.0260138089       -2.8456744119
 C          4.7205000950       -2.9709006611       -2.9928826230
 C          3.9366729326       -2.5602401869       -1.9317158072
 C          1.2972675270       -1.5677010074        1.1426847802
 C         -0.0267377016       -1.2153268387        0.9991215582
 C         -3.0156752727       -2.5108170816       -0.4657426424
 C         -4.4083303425       -2.4765210725       -0.5292179484
 C         -5.0238108329       -1.2694759103       -0.3005629124
 C         -4.2259028144       -0.1244026172       -0.0551925378
 H         -5.0031220810        3.1183558458        0.6072174612
 H         -2.5504797751        3.2172710524        0.5436642579
 H         -0.4190217276        0.4639289869       -1.7789033214
 H          1.8878925868        1.2610651072       -1.9900870433
 H          1.4655142151        5.0182264510       -0.5005772658
 H          1.9050418234        7.2978237642        0.3135081238
 H          4.0499661175        7.8312831259        1.4138219367
 H          5.7529371818        6.0651857436        1.6944574026
 H          5.3111078395        3.7822292976        0.8893990919
 H          3.7029454090        0.3671570454       -0.0668319429
 H          5.6073630677       -0.7854598839       -1.1336297935
 H          7.1216806381        0.4416958919       -2.6323130075
 H          6.7321167039        2.8432240427       -3.0744745227
 H          4.8482177455        4.0030331675       -1.9980000249
 H          1.5138702174        3.3291855280        1.7314094998
 H         -0.7828871617        2.5181674670        1.9491241457
 H         -0.7041067749       -2.8616577760       -1.8672223992
 H          1.6146942216       -3.5476587485       -1.5814952370
 H          2.0743546617       -3.8413863901        2.5377429829
 H          3.0663718016       -4.0146469459        4.7835576751
 H          5.3522284990       -3.1788058554        5.1978507684
 H          6.6384982403       -2.1643569936        3.3500386167
 H          5.6443527175       -1.9816224860        1.1071478900
 H          4.9864620486       -4.7853712153        0.3896198304
 H          6.3848478405       -5.4981103701       -1.4998029020
 H          6.2170244336       -4.3425252117       -3.6766606228
 H          4.6452472187       -2.4537359576       -3.9378290638
 H          3.2601394969       -1.7263393506       -2.0465476851
 H          1.8596451255       -1.1969488028        1.9867623864
 H         -0.4940610867       -0.5965100315        1.7497874468
 H         -2.5272732804       -3.4674339867       -0.5844699122
 H         -4.9765412572       -3.3724497632       -0.7245998543
  90
 Etot=        -145.1505649676
 N        -10.8807313860       -2.0328239447       -0.5626901892
 C         -9.8701910308       -1.5036743098       -0.4475369627
 C         -8.6423129292       -0.8224720239       -0.2656532431
 N         -7.5077694487       -1.5181559634       -0.3980972848
 C         -6.3980641897       -0.8321008205       -0.2320913649
 C         -6.4044156363        0.5763105854        0.0633444129
 N         -7.5203442800        1.2585484380        0.2003257712
 C         -8.6487004218        0.5589873339        0.0383451617
 C         -9.8831985987        1.2379388467        0.1791605332
 N        -10.8974104213        1.7602327875        0.2909082267
 C         -5.0348468988        1.0184102236        0.1686510544
 C         -4.4285752098        2.2259955291        0.4205694664
 C         -3.0348933996        2.2621891539        0.3999436414
 C         -2.2208204551        1.1575993362        0.1627765920
 C         -0.7840636446        1.4511740343        0.0874567010
 C          0.0058844383        1.0755548782       -0.9982099142
 C          1.3033054023        1.5270872807       -1.1214330987
 C          1.8551661095        2.3790078326       -0.1607526539
 N          3.1160973170        2.9405920026       -0.3176319156
 C          3.3580271158        4.2440850706        0.1487070089
 C          2.4004733263        5.2446018709       -0.0100632176
 C          2.6508991159        6.5243885239        0.4464675472
 C          3.8563822300        6.8273604351        1.0582713544
 C          4.8133592084        5.8376925903        1.2123685823
 C          4.5692165958        4.5534601885        0.7650234303
 C          4.1572480630        2.2566776501       -0.9577856453
 C          4.3696281489        0.8991210296       -0.7255790130
 C          5.4372046096        0.2574215354       -1.3246397135
 C          6.2919581189        0.9468014647       -2.1683638096
 C          6.0756875452        2.2932113812       -2.4119127437
 C          5.0178896745        2.9467639589       -1.8116026926
 C          1.0877690004        2.7018089582        0.9618585290
 C         -0.2072888069        2.2549528166        1.0739128873
 C         -2.8227685787       -0.1228527235       -0.0337226243
 C         -2.2137105430       -1.4035399867       -0.2081574030
 C         -0.7775325539       -1.6702424012       -0.0827075493
 C         -0.1501106878       -2.5018431888       -1.0116971093
 C          1.1666317555       -2.8717575502       -0.8664652716
 C          1.9179722340       -2.4105316013        0.2178975353
 N          3.2404099428       -2.7965442568        0.3854567270
 C          3.7927109958       -2.8886551711        1.6766618317
 C          3.0707096686       -3.4626984764        2.7210897796
 C          3.6314475411       -3.5602006518        3.9802646641
 C          4.9158914062       -3.0960048556        4.2130492238
 C          5.6384800497       -2.5289725074        3.1761201508
 C          5.0833030300       -2.4216024634        1.9152506060
 C          4.0248389973       -3.2055030776       -0.7028836496
 C          4.9175442303       -4.2673101992       -0.5603988323
 C          5.7021386073       -4.6661063989       -1.6254785481
 C          5.6062885547       -4.0212531009       -2.8476622696
 C          4.7203296218       -2.9665872935       -2.9952729535
 C          3.9366940681       -2.5555856977       -1.9340496874
 C          1.2966043299       -1.5647440623        1.1428751818
 C         -0.0279644884       -1.2142468454        1.0004842170
 C         -3.0165311952       -2.5116115222       -0.4636066440
 C         -4.4089593658       -2.4776794836       -0.5269134546
 C         -5.0248132898       -1.2699697754       -0.2993674806
 C         -4.2271041174       -0.1243074352       -0.0548971461
 H         -5.0033902651        3.1202481338        0.6037326060
 H         -2.5516629295        3.2184389164        0.5410265221
 H         -0.4196489384        0.4634716839       -1.7792648277
 H          1.8884056503        1.2572976053       -1.9882447316
 H          1.4647044712        5.0117649199       -0.4973618889
 H          1.9030406423        7.2922056565        0.3146008920
 H          4.0492264811        7.8287851997        1.4111870637
 H          5.7544140438        6.0644130620        1.6909642679
 H          5.3130717200        3.7800590421        0.8895998553
 H          3.7050426080        0.3622325650       -0.0637391207
 H          5.6095635670       -0.7900759345       -1.1305213918
 H          7.1225122215        0.4360705856       -2.6309600748
 H          6.7325546294        2.8377528216       -3.0737092819
 H          4.8490204830        3.9976030103       -1.9965103983
 H          1.5148751380        3.3236989528        1.7344559289
 H         -0.7839351683        2.5175305165        1.9492058286
 H         -0.7049075041       -2.8595893785       -1.8669835861
 H          1.6155985844       -3.5413205631       -1.5840457274
 H          2.0738260051       -3.8357490624        2.5356329085
 H          3.0652382494       -4.0114222726        4.7814805057
 H          5.3520311779       -3.1783161048        5.1967568345
 H          6.6393238241       -2.1628694022        3.3499895760
 H          5.6453811728       -1.9769787471        1.1072659587
 H          4.9877849906       -4.7790876699        0.3882493910
 H          6.3862838050       -5.4921857583       -1.5009371731
 H          6.2174113954       -4.3380460518       -3.6786811520
 H          4.6445893292       -2.4500534817       -3.9406025247
 H          3.2601708086       -1.7218902097       -2.0492621899
 H          1.8588552683       -1.1937503205        1.9868720774
 H         -0.4958741904       -0.5969372935        1.7519671582
 H         -2.5282317996       -3.4682081905       -0.5816503717
 H         -4.9767737956       -3.3740700548       -0.7212564746
