  85
 Etot=        -138.5905752966
 F         -2.3695093532       -6.0133060321        1.2566092059
 C         -1.4959921408       -4.9885006860        1.1718102149
 F         -1.2866726026       -4.5801467523        2.4362125753
 F         -0.3283873893       -5.5507017602        0.7756873533
 C         -1.9497963255       -3.9022795920        0.2499800958
 C         -2.5495172762       -4.2541098792       -0.9617847956
 C         -2.9477482589       -3.2409220160       -1.8271891725
 C         -2.7558027336       -1.9172671531       -1.5040858487
 C         -2.1490746133       -1.5641985865       -0.2829173623
 N         -1.9437186449       -0.2405539252        0.0650973757
 C         -0.7673765343        0.2997387253        0.6426191820
 C          0.4881976259       -0.3249631798        0.7831122697
 C          0.9066401031       -1.4768884537        0.0680033323
 C          2.1524017964       -2.0041364606        0.2612585152
 C          3.0589557627       -1.4296053051        1.1685279051
 O          4.2462763430       -2.0709253151        1.2843979321
 C          5.3353945673       -1.4600000519        1.9561431049
 C          5.8694091858       -0.2367276323        1.2053792961
 C          6.2334890340       -0.5780530564       -0.2418989026
 C          6.0968817872        0.6378723576       -1.1685360374
 N          4.7323952206        1.0910401397       -1.2453199105
 C          4.1749520546        2.1261143680       -0.5304088497
 C          4.7743816738        3.0560208651        0.3117283070
 C          3.9674443174        4.0042532669        0.9107208901
 C          2.5924184591        4.0386625039        0.6865621835
 C          1.9896316978        3.1250911471       -0.1558259824
 C          2.7805516956        2.1668243661       -0.7729091916
 C          2.4966731658        1.0966391874       -1.6847900810
 C          1.3361025120        0.6483427216       -2.2986153739
 C          1.4149212568       -0.4342290561       -3.1527966918
 C          2.6325607516       -1.0663486138       -3.3952388039
 C          3.8019093764       -0.6364480361       -2.7977413988
 C          3.7311296641        0.4527785603       -1.9388273325
 C          2.6716245689       -0.2736497030        1.8633305019
 C          1.4307405349        0.2684651435        1.6615829757
 N         -0.9678060758        1.5823278986        0.9761171570
 C         -2.1820860799        1.9315825786        0.5816590344
 C         -2.7077433304        3.2412510376        0.8928837227
 C         -1.8153816135        4.3124552168        1.0307668763
 C         -2.2727586492        5.5735341908        1.3479919053
 C         -3.6284755486        5.7928327349        1.5533834193
 C         -4.5178732629        4.7332213425        1.4557716440
 C         -4.0691061699        3.4683893635        1.1311936678
 C         -2.8459110835        0.8046727838       -0.0384281413
 C         -4.1593847801        0.7324410377       -0.5822316794
 C         -4.9937257173       -0.3930704513       -0.4023080683
 C         -6.2615219136       -0.4182915687       -0.9363699360
 C         -6.7425634287        0.6564106361       -1.6763087818
 C         -5.9367365402        1.7759013429       -1.8603283170
 C         -4.6724003467        1.8224911582       -1.3221024568
 C         -1.7467668813       -2.5817022797        0.5958616138
 H         -2.6997304961       -5.2920239921       -1.2099954364
 H         -3.4056685290       -3.4997958428       -2.7691564199
 H         -3.0486757712       -1.1402972833       -2.1923426723
 H          0.2681181936       -1.9133441084       -0.6809019698
 H          2.4712987414       -2.8738256141       -0.2922136781
 H          6.0938817502       -2.2464426540        1.9929168090
 H          5.0573019252       -1.1910301383        2.9818704296
 H          5.0962524080        0.5319436339        1.2058894552
 H          6.7351632662        0.1497055734        1.7438351775
 H          7.2531611294       -0.9602627017       -0.2992033789
 H          5.5587144984       -1.3586754443       -0.5987147643
 H          6.4353848960        0.3717570753       -2.1745697443
 H          6.7157714286        1.4605204009       -0.8056379599
 H          5.8367080332        3.0459918370        0.5039399397
 H          4.4129353968        4.7342753286        1.5709796786
 H          1.9967676396        4.7913701478        1.1816969408
 H          0.9244950470        3.1357254395       -0.3272911476
 H          0.3942986843        1.1425724881       -2.1103855435
 H          0.5242087681       -0.7991739806       -3.6434621576
 H          2.6620804868       -1.9111233232       -4.0682077328
 H          4.7365164643       -1.1356038511       -3.0035057290
 H          3.3350846636        0.1938760095        2.5735522049
 H          1.1294105564        1.1564711815        2.1933218150
 H         -0.7647635220        4.1264989782        0.8749151948
 H         -1.5744828517        6.3931161052        1.4358482983
 H         -3.9874345419        6.7809812152        1.8000379090
 H         -5.5701759991        4.8928224223        1.6411357921
 H         -4.7659691620        2.6455330409        1.0941290813
 H         -4.6523317623       -1.2165978231        0.2060918224
 H         -6.8901187190       -1.2814065544       -0.7708563043
 H         -7.7342730340        0.6236769600       -2.1008637469
 H         -6.3029265781        2.6129964905       -2.4368811391
 H         -4.0411348836        2.6820687108       -1.4909746459
 H         -1.2970140175       -2.3268963827        1.5431526381
  85
 Etot=        -138.5906967961
 F         -2.3712224076       -6.0096563462        1.2536942154
 C         -1.4949924786       -4.9882741186        1.1710801263
 F         -1.2872840292       -4.5764363251        2.4337528137
 F         -0.3283810272       -5.5485272080        0.7732628486
 C         -1.9471179676       -3.9004548800        0.2490499921
 C         -2.5479245471       -4.2510286656       -0.9618491709
 C         -2.9467660142       -3.2382265351       -1.8264527011
 C         -2.7546974537       -1.9145240630       -1.5031513928
 C         -2.1470914772       -1.5631296520       -0.2831585058
 N         -1.9423528898       -0.2401495231        0.0647268441
 C         -0.7659092109        0.3005152164        0.6415701227
 C          0.4889245500       -0.3244404673        0.7817030435
 C          0.9061577727       -1.4773832453        0.0671658747
 C          2.1528545152       -2.0023087316        0.2585522260
 C          3.0598703424       -1.4267170998        1.1646646695
 O          4.2473389393       -2.0687474253        1.2812220205
 C          5.3333973627       -1.4590797202        1.9542580537
 C          5.8670894299       -0.2349848154        1.2047104417
 C          6.2312412573       -0.5778469157       -0.2418226698
 C          6.0942378671        0.6376903824       -1.1685447863
 N          4.7305758068        1.0902338598       -1.2444033311
 C          4.1726673465        2.1245272446       -0.5284667722
 C          4.7713690492        3.0534493881        0.3141847526
 C          3.9641144577        4.0017497316        0.9123708591
 C          2.5893361096        4.0352374567        0.6884745993
 C          1.9871141366        3.1220515824       -0.1537525420
 C          2.7786300243        2.1645890205       -0.7710686350
 C          2.4948595401        1.0943304438       -1.6821359247
 C          1.3336676028        0.6450218243       -2.2938989241
 C          1.4121775692       -0.4382543300       -3.1463364498
 C          2.6297594799       -1.0697337882       -3.3897248826
 C          3.7994380346       -0.6391626693       -2.7937220524
 C          3.7288377052        0.4506323913       -1.9364832340
 C          2.6727453732       -0.2706451509        1.8592466010
 C          1.4318740300        0.2712834906        1.6581561234
 N         -0.9660715417        1.5828867949        0.9753621744
 C         -2.1789993006        1.9320876785        0.5803630306
 C         -2.7054597150        3.2405811551        0.8913051545
 C         -1.8132777277        4.3114462211        1.0316909220
 C         -2.2717995818        5.5719155918        1.3480657519
 C         -3.6276937312        5.7907363684        1.5517256388
 C         -4.5165449265        4.7311361407        1.4520650761
 C         -4.0675104838        3.4669589620        1.1264063429
 C         -2.8435615694        0.8041349336       -0.0398889952
 C         -4.1565162345        0.7320069619       -0.5823053620
 C         -4.9894010184       -0.3951800265       -0.4050547634
 C         -6.2576446011       -0.4190313725       -0.9370281029
 C         -6.7398247946        0.6567857927       -1.6746532374
 C         -5.9348906543        1.7771094813       -1.8567117417
 C         -4.6712010529        1.8242335232       -1.3179984021
 C         -1.7430419985       -2.5802349122        0.5944519526
 H         -2.6995437558       -5.2884404029       -1.2101985715
 H         -3.4060068730       -3.4968843047       -2.7680217180
 H         -3.0505202976       -1.1370793108       -2.1893821114
 H          0.2676408609       -1.9141231536       -0.6811679348
 H          2.4728174054       -2.8710538881       -0.2949696595
 H          6.0932617669       -2.2442311201        1.9932533949
 H          5.0546638306       -1.1895687869        2.9799847280
 H          5.0937799072        0.5332500071        1.2029663252
 H          6.7327138146        0.1534954915        1.7429943304
 H          7.2505041245       -0.9624456273       -0.2993232274
 H          5.5537675546       -1.3563171252       -0.5974198704
 H          6.4333149652        0.3711589645       -2.1745474626
 H          6.7142490189        1.4602693587       -0.8064527466
 H          5.8343843563        3.0446462208        0.5053250843
 H          4.4100430747        4.7331141344        1.5705581692
 H          1.9941180332        4.7890744792        1.1819965255
 H          0.9226986682        3.1336568528       -0.3267746384
 H          0.3923540375        1.1394594970       -2.1060710559
 H          0.5215572284       -0.8034649082       -3.6366555611
 H          2.6600243186       -1.9130611832       -4.0640799280
 H          4.7346613532       -1.1370175275       -3.0011628116
 H          3.3367889532        0.1969924792        2.5692259127
 H          1.1314030977        1.1603913316        2.1880445508
 H         -0.7622688539        4.1259931574        0.8783025481
 H         -1.5741667433        6.3917443269        1.4374169214
 H         -3.9870970064        6.7783942324        1.7992345115
 H         -5.5687162738        4.8906214032        1.6376504464
 H         -4.7638534412        2.6440501372        1.0883004878
 H         -4.6474857460       -1.2193145826        0.2013618860
 H         -6.8863668864       -1.2820477796       -0.7723643578
 H         -7.7314204471        0.6242726925       -2.0990244393
 H         -6.3014052115        2.6139315218       -2.4331842518
 H         -4.0409918118        2.6846281186       -1.4851851552
 H         -1.2919029188       -2.3255358840        1.5402781446
  85
 Etot=        -138.5907921142
 F         -2.3725386029       -6.0039720871        1.2487584086
 C         -1.4925292120       -4.9877133383        1.1692439435
 F         -1.2870655238       -4.5720504782        2.4298838323
 F         -0.3277500619       -5.5459990772        0.7698104197
 C         -1.9427032144       -3.8971572178        0.2465872409
 C         -2.5456356907       -4.2456312283       -0.9632341446
 C         -2.9453822227       -3.2332368360       -1.8268017903
 C         -2.7521192006       -1.9094867006       -1.5031747926
 C         -2.1424042823       -1.5608531308       -0.2847332655
 N         -1.9387335117       -0.2387360831        0.0636516328
 C         -0.7617853061        0.3022205827        0.6389671117
 C          0.4923278275       -0.3227688900        0.7775672074
 C          0.9080481774       -1.4767028535        0.0634429316
 C          2.1556171458       -1.9991885281        0.2533261333
 C          3.0623323401       -1.4224936013        1.1588152154
 O          4.2498612696       -2.0656110498        1.2772039311
 C          5.3304088296       -1.4567267244        1.9523773953
 C          5.8641510266       -0.2321147592        1.2035272283
 C          6.2267678791       -0.5769416975       -0.2425952352
 C          6.0891179514        0.6379888123       -1.1696642201
 N          4.7262886020        1.0889548596       -1.2432292447
 C          4.1675300518        2.1221162306       -0.5257673547
 C          4.7652255791        3.0504071071        0.3172850508
 C          3.9571175346        3.9980295947        0.9154433846
 C          2.5824760505        4.0300695946        0.6917311830
 C          1.9810251083        3.1168944171       -0.1502183134
 C          2.7736677622        2.1603585100       -0.7675309534
 C          2.4900006375        1.0892833116       -1.6766374494
 C          1.3274985854        0.6374933626       -2.2842476066
 C          1.4054783825       -0.4475091556       -3.1337734051
 C          2.6232843354       -1.0775347785       -3.3793202893
 C          3.7939317612       -0.6445055290       -2.7870682159
 C          3.7236675039        0.4466641400       -1.9324060536
 C          2.6764671834       -0.2651041116        1.8514448349
 C          1.4358114070        0.2767664656        1.6505451799
 N         -0.9614644094        1.5844980040        0.9721821169
 C         -2.1729497239        1.9338188918        0.5775247179
 C         -2.7008853437        3.2403346308        0.8888204813
 C         -1.8090250478        4.3107703354        1.0340861601
 C         -2.2695509144        5.5703404447        1.3496506935
 C         -3.6261745864        5.7882871164        1.5491689435
 C         -4.5141209520        4.7284573675        1.4457680079
 C         -4.0640014473        3.4651403575        1.1196625021
 C         -2.8387455550        0.8041255633       -0.0431313676
 C         -4.1511484242        0.7322101026       -0.5825822210
 C         -4.9818765723       -0.3979194517       -0.4095420127
 C         -6.2505717298       -0.4203855093       -0.9391239143
 C         -6.7352250866        0.6576416025       -1.6722466305
 C         -5.9320400133        1.7798787305       -1.8507422834
 C         -4.6686570089        1.8274604116       -1.3125357250
 C         -1.7365179643       -2.5775806951        0.5916898934
 H         -2.6994009836       -5.2824364291       -1.2120377997
 H         -3.4066966200       -3.4912146555       -2.7676750143
 H         -3.0503695403       -1.1312246535       -2.1870666271
 H          0.2688748686       -1.9149204215       -0.6829036694
 H          2.4772410631       -2.8671427920       -0.2998061753
 H          6.0931183653       -2.2391791335        1.9950198225
 H          5.0501627118       -1.1864739755        2.9781335650
 H          5.0900233196        0.5348716191        1.1997382365
 H          6.7292623292        0.1596551618        1.7411941210
 H          7.2448722160       -0.9652292753       -0.3010875697
 H          5.5455562813       -1.3527623868       -0.5961398423
 H          6.4282536079        0.3710212400       -2.1759144467
 H          6.7105350470        1.4607417912       -0.8091411468
 H          5.8286515903        3.0421634388        0.5086571767
 H          4.4030241305        4.7289571347        1.5738470868
 H          1.9872329521        4.7833352238        1.1858325726
 H          0.9170574846        3.1277231428       -0.3234063260
 H          0.3864751794        1.1312608272       -2.0953570015
 H          0.5142022870       -0.8159886426       -3.6202900688
 H          2.6537003039       -1.9222540016       -4.0515633665
 H          4.7296533347       -1.1413907374       -2.9957640406
 H          3.3418133108        0.2039846233        2.5595405106
 H          1.1361446218        1.1675442367        2.1774654752
 H         -0.7573202841        4.1258303263        0.8854546334
 H         -1.5729856526        6.3906583819        1.4420095906
 H         -3.9867647037        6.7753375647        1.7966671228
 H         -5.5667598272        4.8879721363        1.6282130162
 H         -4.7595344867        2.6422037448        1.0778551542
 H         -4.6379868635       -1.2241838742        0.1919390663
 H         -6.8786179529       -1.2843535821       -0.7774215391
 H         -7.7271069772        0.6256467413       -2.0953776448
 H         -6.3009629156        2.6182407684       -2.4232119686
 H         -4.0407437155        2.6900207722       -1.4753611081
 H         -1.2830058352       -2.3229688768        1.5356770703
  85
 Etot=        -138.5908299354
 F         -2.3720089054       -6.0017038504        1.2459344276
 C         -1.4908337043       -4.9870878272        1.1671807993
 F         -1.2859862211       -4.5709801786        2.4275961825
 F         -0.3268050541       -5.5455468874        0.7680872389
 C         -1.9403453203       -3.8954288828        0.2441685302
 C         -2.5445279718       -4.2430246871       -0.9652243316
 C         -2.9440395097       -3.2305558515       -1.8286449568
 C         -2.7493160493       -1.9068767254       -1.5050302727
 C         -2.1387114188       -1.5593219687       -0.2868785122
 N         -1.9357230086       -0.2373602047        0.0623633836
 C         -0.7583985084        0.3036672593        0.6365862265
 C          0.4957425178       -0.3213412477        0.7743280902
 C          0.9109188943       -1.4757211071        0.0607764954
 C          2.1585078610       -1.9980107854        0.2509753019
 C          3.0647543540       -1.4207693076        1.1563818934
 O          4.2520387703       -2.0645275973        1.2764802562
 C          5.3304776172       -1.4549247598        1.9521754880
 C          5.8639112912       -0.2302832970        1.2026473101
 C          6.2245194968       -0.5760585968       -0.2436701297
 C          6.0855520344        0.6385637948       -1.1709389253
 N          4.7225523708        1.0884883772       -1.2430737356
 C          4.1633789195        2.1210572754       -0.5249109598
 C          4.7606311634        3.0492138693        0.3186261242
 C          3.9518444774        3.9954681941        0.9181899683
 C          2.5770974344        4.0266879744        0.6947832237
 C          1.9759901130        3.1134459424       -0.1473442896
 C          2.7692686044        2.1577562991       -0.7652599231
 C          2.4856173570        1.0858704240       -1.6732153678
 C          1.3223326773        0.6316855257       -2.2777097059
 C          1.3998812642       -0.4552667570       -3.1247899920
 C          2.6179201414       -1.0845176109       -3.3712937876
 C          3.7893948484       -0.6486055395       -2.7826409760
 C          3.7194722146        0.4442183198       -1.9300009468
 C          2.6798657009       -0.2621681648        1.8472239571
 C          1.4393542633        0.2797599697        1.6457621442
 N         -0.9579522228        1.5858848422        0.9693931806
 C         -2.1693971637        1.9354445323        0.5755886425
 C         -2.6979658383        3.2411427682        0.8877891737
 C         -1.8063604026        4.3114648649        1.0363571046
 C         -2.2678933308        5.5706949767        1.3517305128
 C         -3.6251622403        5.7883651808        1.5476516059
 C         -4.5127258606        4.7284396871        1.4416181996
 C         -4.0616462373        3.4653613618        1.1162700101
 C         -2.8356701290        0.8050687640       -0.0453681554
 C         -4.1481137259        0.7331244652       -0.5832063878
 C         -4.9776696460       -0.3986727665       -0.4126052891
 C         -6.2464961177       -0.4210924931       -0.9414859356
 C         -6.7332284540        0.6586273718       -1.6709395298
 C         -5.9315396976        1.7824890332       -1.8467234454
 C         -4.6676311488        1.8298539825       -1.3100341487
 C         -1.7328252322       -2.5761692708        0.5893849692
 H         -2.6996456610       -5.2796677845       -1.2140726395
 H         -3.4066725604       -3.4879740151       -2.7689766290
 H         -3.0473391124       -1.1281715147       -2.1883965197
 H          0.2716276939       -1.9143697078       -0.6850961807
 H          2.4807280018       -2.8660696432       -0.3017002954
 H          6.0944185213       -2.2361880723        1.9969859807
 H          5.0491481821       -1.1837677344        2.9776184335
 H          5.0895076838        0.5363882940        1.1989619383
 H          6.7292619973        0.1622493725        1.7391982553
 H          7.2420316882       -0.9654667187       -0.3033865142
 H          5.5419998884       -1.3513627471       -0.5958618559
 H          6.4239145980        0.3714441174       -2.1774807905
 H          6.7071512203        1.4617223297       -0.8114722828
 H          5.8240598134        3.0414745725        0.5099287506
 H          4.3975331747        4.7260903898        1.5770759665
 H          1.9816527814        4.7794714628        1.1894737684
 H          0.9118990062        3.1229622720       -0.3197628657
 H          0.3811556285        1.1246613034       -2.0875958411
 H          0.5080637732       -0.8261913999       -3.6085618009
 H          2.6480886022       -1.9307830114       -4.0416184815
 H          4.7252261258       -1.1449558394       -2.9920170605
 H          3.3455502055        0.2080519167        2.5541472645
 H          1.1400493671        1.1718625765        2.1705326241
 H         -0.7543582404        4.1266918083        0.8899385027
 H         -1.5717697992        6.3911339434        1.4464815840
 H         -3.9865536288        6.7751901470        1.7946897111
 H         -5.5657886646        4.8876842607        1.6219145881
 H         -4.7565276142        2.6420498492        1.0737394727
 H         -4.6327284130       -1.2258568833        0.1868779123
 H         -6.8735788811       -1.2861932284       -0.7818983324
 H         -7.7253344823        0.6266226072       -2.0934047220
 H         -6.3019554990        2.6219109942       -2.4166910423
 H         -4.0402544474        2.6928620220       -1.4720750636
 H         -1.2785122467       -2.3216021571        1.5330215867
