  128
 Etot=        -204.7430046096
 N         -7.2617168000        6.5188805521       -0.7376342642
 C         -6.7155980087        5.5113120814       -0.6903913134
 C         -6.0505073130        4.2676387735       -0.6175656957
 C         -6.2555682231        3.4526626843        0.4759073813
 C         -5.6038264732        2.2227753224        0.5673486973
 C         -4.7518228947        1.8074238371       -0.4300179656
 N         -4.1423478350        0.5471231609       -0.3277715924
 C         -4.8231740574       -0.6563014105       -0.2986020429
 C         -6.2742324914       -0.7310966382       -0.3827253954
 C         -6.9454914176        0.0444768694       -1.3276234149
 C         -8.3196729005        0.0317951103       -1.4191695171
 C         -9.0842980498       -0.7619182095       -0.5624125084
 C        -10.5073934298       -0.7854773913       -0.6254024078
 C        -11.2333152614       -1.5700709610        0.2040508917
 C        -10.5999999486       -2.4032113383        1.1721456225
 C        -11.3299510802       -3.2202776036        2.0369899427
 C        -10.6877516148       -4.0179446745        2.9662991342
 C         -9.3080753394       -4.0202767427        3.0561106479
 C         -8.5377823501       -3.2183864308        2.2121781552
 C         -7.1149255539       -3.1913350876        2.2772176589
 C         -6.3843875969       -2.4047725754        1.4530230908
 C         -7.0071756529       -1.5722156520        0.4776391021
 C         -8.4225191426       -1.5764886329        0.3896556124
 C         -9.1852209076       -2.3981310845        1.2563032914
 N         -4.0077026491       -1.6742636681       -0.2182318577
 C         -2.7513998818       -1.1553335009       -0.1891684944
 C         -1.5155918319       -1.8554855577       -0.1479795140
 C         -1.4701587928       -3.2538063422       -0.1435229596
 C         -0.2678166566       -3.9101845388       -0.1480190172
 C          0.9294567788       -3.1806639847       -0.1684240296
 C          2.2210260703       -3.8801501443       -0.2011732073
 C          2.4342701189       -5.0194844273        0.5727197036
 C          3.6455781306       -5.6797730611        0.5451251695
 C          4.6730316782       -5.2232273254       -0.2762455519
 N          5.8989618205       -5.8991994607       -0.3175942585
 C          6.0658000885       -7.2571831178       -0.5046878962
 C          5.1153716573       -8.2410693612       -0.7371782420
 C          5.5594085020       -9.5364241291       -0.9209247722
 C          6.9156218378       -9.8530883183       -0.8844955983
 C          7.8673688457       -8.8747469627       -0.6782601743
 C          7.4456757882       -7.5649871713       -0.4911836862
 C          8.1382652392       -6.3248697143       -0.2802483782
 C          9.4801317725       -5.9891113041       -0.1581228530
 C          9.8139059870       -4.6686440954        0.0665703325
 C          8.8284159428       -3.6911591441        0.1851767989
 C          7.4869397350       -4.0006615477        0.0680480856
 C          7.1461979434       -5.3221787729       -0.1825804630
 C          4.4678892718       -4.0895862539       -1.0580167472
 C          3.2594125514       -3.4250922309       -1.0119673904
 C          0.8829110030       -1.7976200635       -0.1625045768
 C         -0.3258629793       -1.0914011135       -0.1416080709
 C         -0.3884657359        0.3604568916       -0.0946325823
 C          0.7665303357        1.1416260966        0.0174494661
 C          0.7301182544        2.5217308583        0.1037431189
 C          1.9683464185        3.3008952173        0.2331859870
 C          2.1242215725        4.5064541031       -0.4485712687
 C          3.2768101736        5.2534075464       -0.3153523576
 C          4.3081741816        4.8074118370        0.5068048836
 N          5.4747861888        5.5678100497        0.6552449804
 C          6.2399255148        6.0871022754       -0.3703710778
 C          6.0913798391        5.9465801185       -1.7427791520
 C          7.0263126512        6.5547467454       -2.5583362586
 C          8.0918196935        7.2798221882       -2.0293936826
 C          8.2585033135        7.4026883367       -0.6645697867
 C          7.3316033905        6.8004336089        0.1758714339
 C          7.2066969089        6.7074946789        1.6034877417
 C          7.9508779340        7.2110925761        2.6622324243
 C          7.5299130209        6.9488886344        3.9504851552
 C          6.3745007046        6.2081331329        4.1895091722
 C          5.6177165331        5.6963853590        3.1529788329
 C          6.0494114126        5.9357931984        1.8561920322
 C          4.1653432438        3.6002200860        1.1856823348
 C          3.0083270464        2.8605606849        1.0498448046
 C         -0.5126221715        3.1663925518        0.0930892881
 C         -1.6671740014        2.4369303917       -0.0155037715
 C         -1.6370648903        1.0397079241       -0.1300471235
 C         -2.8033541616        0.2358891501       -0.2413542285
 C         -4.5318502024        2.6098929444       -1.5854801709
 C         -3.7040413986        2.1957387547       -2.6496490757
 C         -3.5176419767        2.9996809954       -3.7398744762
 C         -4.1470115840        4.2500620927       -3.8168365876
 C         -4.9673990891        4.6738363476       -2.8076020391
 C         -5.1846213089        3.8660484489       -1.6739363797
 H         -6.9195803614        3.7684664816        1.2664002041
 H         -5.7672182118        1.5896290371        1.4266059482
 H         -6.3784003851        0.6474101916       -2.0223331099
 H         -8.8152989248        0.6384790380       -2.1632483105
 H        -10.9928629503       -0.1563803845       -1.3580489712
 H        -12.3126700830       -1.5822113026        0.1495777754
 H        -12.4086370770       -3.2235494207        1.9725910661
 H        -11.2691384184       -4.6444401276        3.6271517074
 H         -8.8123738104       -4.6463888733        3.7840828625
 H         -6.6273100432       -3.8200162201        3.0087605463
 H         -5.3071940565       -2.4080943877        1.5040963373
 H         -2.4068340244       -3.7894219444       -0.1493223729
 H         -0.2348514253       -4.9893102451       -0.1668576127
 H          1.6503391301       -5.3740004819        1.2256192314
 H          3.8096752226       -6.5444560003        1.1707811389
 H          4.0633983587       -8.0032644221       -0.7860795642
 H          4.8387397351      -10.3206407429       -1.1008056511
 H          7.2220494203      -10.8783277643       -1.0299223329
 H          8.9194265173       -9.1168732873       -0.6665894734
 H         10.2425922238       -6.7496752579       -0.2339316255
 H         10.8517217552       -4.3856754870        0.1616781684
 H          9.1191869162       -2.6685996243        0.3764226924
 H          6.7304144703       -3.2385745737        0.1799325147
 H          5.2541857806       -3.7464388340       -1.7138631033
 H          3.1055917270       -2.5589536267       -1.6389412944
 H          1.8214292747       -1.2664012837       -0.1597725681
 H          1.7335083244        0.6653774570        0.0314715241
 H          1.3355086898        4.8569758295       -1.0981257680
 H          3.3792791984        6.1948762134       -0.8341396969
 H          5.2794670543        5.3716861072       -2.1623900487
 H          6.9307783351        6.4627122586       -3.6303223924
 H          8.7998485352        7.7426256049       -2.7006724058
 H          9.0929868461        7.9508772385       -0.2539173467
 H          8.8368870339        7.7992225108        2.4762257952
 H          8.0953095975        7.3292931116        4.7881689183
 H          6.0607186229        6.0329635281        5.2081160118
 H          4.7137348863        5.1394677698        3.3489019715
 H          4.9697973021        3.2437562797        1.8116228293
 H          2.9014646577        1.9362986975        1.5985436428
 H         -0.5613807564        4.2394826346        0.2027193730
 H         -2.6168696011        2.9476213550        0.0139623448
 H         -3.2190207140        1.2323333291       -2.5989335503
 H         -2.8832584459        2.6720582383       -4.5495307696
 H         -3.9849988819        4.8747090896       -4.6821519904
 H         -5.4634377698        5.6318855053       -2.8632888178
