 
        ______________________________________
       |                                      |
       |          ===================         |
       |             xTB for sTDA             |
       |          ===================         |
       |               S. Grimme              |
       |        Universitaet Bonn, MCTC       |
       |         2015-19, Version 1.0         |
       |     Wed Apr  3 09:14:55 CEST 2019    |
       |______________________________________|
 
        This code comes without any warranty
        for non-commercial, academia use only.
        Preliminary test version.
        Cite this work as:
        S. Grimme  &  C. Bannwarth, JCP 145 (2016) 054103
        if GBSA is used additionally:
        P. Shushkov, F. März, C. Bannwarth, S. Grimme, unpublished.
 
        with help from
        P. Shushkov, G. Brandenburg, S. Dohm, J. Pisarek,
        F. März, M. Checinski, S. Ehrlich, S. Spicher, 
        P. Pracht, E. Caldeweyher, S. Ehlert, and C. Bannwarth.
 
        usage        :
        xtb4stda <coord_file> [options]
        where <coord_file> is a valid file of TM)
        (*coord, Bohr) or xmol (*xyz, Angstroem)
        format.

        options:
        -chrg <int>   : molecular charge
        -uhf  <int>   : # of unpaired electrons(=2*S)
        -nox          : skip second, extended part in sTDA-xTB
        -pop          : do population analysis
                      : (default for -nox)
        -mowr <real>  : cut MO write above (def.3 Eh)
        -molden       : write formatted molden file
        -parx <file>  : read parameters for sTDA-xTB
                        calc (def:~/.param_stda2.xtb)
        -parv <file>  : read parameters for vTB part in
                        sTDA-xTB (def: ~/.param_stda1.xtb)
        -xtemp <real> : el. temp for xTB (def. 0 K)
        -etemp <real> : el. temp for GFN (def. 300 K)
        -fod          : calculate the FOD and write
                        molden.input file with
                        appropriate occupations
                        for plotting. Def. T=12500 K
 
        -acc <real>   : xTB accuracy (def. 1.0)
        -gbsa [string1] [string2]
                        use GBSA implicit solvent
                        for solvent [string1] and
                        solvation state [string2]=
                        reference, bar1M (default=1M)
        additional GFN/opt/MD/siman options read from
        $XTB4STDAHOME/.xtb4stdarc or $set in input
 
       spin and charge state information can be on:
       <.CHRG> (charge) and <.UHF> (=nalpha-nbeta)
       -uhf and -chrg override the file info.
       useful machine settings:
       setenv MKL_NUM_THREADS <NCORE_ON_YOUR_MACHINE>
       setenv OMP_STACKSIZE 500m
       limit stacksize unlimited
 
       total energies in Eh, gaps/HL energies in eV
       please read REVISION and HOWTO files carefully
 =============================
  # OMP threads =          48
 =============================
 
 xtb4stdahome directory:/home/penavora/Exe_xtb_crest/
 
 argument            1 :--gbsa
 argument            2 :toluene
 
 name of molecule           :
 comment line               :
 number of atoms            :    80
 number of electrons        :   230
 charge                     :  0
 spin                       : 0.0
 first test random number   :  0.9169
 
 -----------------------------------------
      charge density (VTB) calculation
 -----------------------------------------
 
      method parameters     
 k(s)        :  1.8000
 k(p)        :  2.8350
 k(d)        :  2.0860
 k(f)        :  2.0000
 Tscal       :  0.3300
 Gscal       :  0.3910
 fpol        :  1.0000
 Zcnf        :  0.6500
 Zqf         :  0.0000
 kcn         :  0.3000
 kEN1        : -0.5900
 wllscal     :  2.6000
 
 Solvent             : toluene
 GBSA parameter file : /home/penavora/Exe_xtb_crest/.param_gbsa_toluene
 Gsolv ref. state (COSMO-RS): gsolv [1 M gas/solution]
 temperature (mdtemp)       :    298.150000000000     
 dielectric constant        :    7.00000000000000     
 rho                        :   0.867000000000000     
 mass                       :    92.1400000000000     
 surface tension            :    15.5689470637553     
 probe radius               :   0.641644990000000     
 vdW radii scaling          :    1.00000000000000     
 Gshift (Eh)                :   4.228772547061559E-003
 c1                         :    1.59772343000000     
 soset                      :   0.281999450000000     
 HB correction              :  F
 
 doing EN charges ...
 sum q : -0.1332268D-14
 point charge moment (au)
     X       Y       Z   
  -0.3877  -0.1686  -0.1854  total (Debye):    1.173
 
            Z      q(EN)   CN      Cart. coordinates
     1  O   6.0  -0.101   1.065     8.41276     6.81781    -3.26743
     2  C   4.0   0.096   3.156     7.39775     4.89173    -2.48534
     3  C   4.0  -0.003   3.207     4.62886     4.66311    -2.27567
     4  C   4.0  -0.073   3.184     3.34910     2.37796    -2.61641
     5  C   4.0  -0.069   3.190     0.76689     2.24296    -2.33023
     6  C   4.0   0.093   3.269    -0.63384     4.38803    -1.66592
     7  N   5.0  -0.312   3.245    -3.22248     4.24115    -1.28868
     8  C   4.0   0.085   3.275    -4.72181     2.57984    -2.71672
     9  C   4.0  -0.069   3.190    -4.21358     2.16879    -5.26913
    10  C   4.0  -0.072   3.146    -5.74201     0.58305    -6.67320
    11  C   4.0  -0.074   3.144    -7.80252    -0.59467    -5.56798
    12  C   4.0  -0.073   3.148    -8.31163    -0.19422    -3.03043
    13  C   4.0  -0.070   3.195    -6.78261     1.37253    -1.60580
    14  C   4.0   0.084   3.279    -4.40170     5.83719     0.47832
    15  C   4.0  -0.069   3.191    -6.73270     6.93801    -0.05930
    16  C   4.0  -0.072   3.145    -7.89330     8.48224     1.69875
    17  C   4.0  -0.074   3.143    -6.74684     8.96468     4.00272
    18  C   4.0  -0.072   3.145    -4.42474     7.88163     4.54202
    19  C   4.0  -0.070   3.193    -3.25895     6.32031     2.80257
    20  C   4.0  -0.068   3.189     0.64062     6.69273    -1.39348
    21  C   4.0  -0.072   3.186     3.21479     6.82513    -1.72374
    22  C   4.0  -0.002   3.206     8.93544     2.70913    -1.60101
    23  C   4.0  -0.073   3.183    11.37409     2.36071    -2.54193
    24  C   4.0  -0.072   3.140    12.87571     0.41954    -1.64187
    25  C   4.0  -0.072   3.175    11.97077    -1.20073     0.20504
    26  C   4.0  -0.003   3.217     9.53132    -0.89367     1.13846
    27  C   4.0   0.097   3.157     8.47166    -2.59714     3.11569
    28  O   6.0  -0.102   1.058     9.69655    -3.29389     4.94137
    29  C   4.0  -0.004   3.217     5.80399    -3.28648     2.68812
    30  C   4.0  -0.071   3.179     4.11365    -3.44716     4.70626
    31  C   4.0  -0.068   3.188     1.59131    -3.93172     4.28840
    32  C   4.0   0.093   3.274     0.69633    -4.37255     1.83817
    33  N   5.0  -0.313   3.246    -1.84374    -4.84736     1.39596
    34  C   4.0   0.085   3.277    -2.56753    -6.55955    -0.50127
    35  C   4.0  -0.069   3.190    -1.22854    -8.80222    -0.84700
    36  C   4.0  -0.072   3.145    -1.95526   -10.48961    -2.70313
    37  C   4.0  -0.074   3.143    -4.02738    -9.97773    -4.22055
    38  C   4.0  -0.073   3.146    -5.36653    -7.75465    -3.87458
    39  C   4.0  -0.069   3.191    -4.64438    -6.04630    -2.03558
    40  C   4.0   0.086   3.275    -3.70870    -3.62153     2.82858
    41  C   4.0  -0.069   3.195    -3.40487    -1.09871     3.52388
    42  C   4.0  -0.073   3.149    -5.24476     0.10646     4.93199
    43  C   4.0  -0.074   3.144    -7.41667    -1.17163     5.64359
    44  C   4.0  -0.072   3.146    -7.73388    -3.67413     4.94123
    45  C   4.0  -0.069   3.190    -5.89500    -4.90076     3.55042
    46  C   4.0  -0.068   3.191     2.41705    -4.33123    -0.17144
    47  C   4.0  -0.073   3.190     4.91675    -3.75645     0.24553
    48  C   4.0  -0.075   3.239     8.03718     1.08114     0.25522
    49  H   1.0   0.076   1.007     4.38572     0.70147    -3.13840
    50  H   1.0   0.077   1.007    -0.18992     0.45993    -2.58638
    51  H   1.0   0.076   1.006    -2.63241     3.11494    -6.14813
    52  H   1.0   0.074   1.004    -5.33474     0.28837    -8.65143
    53  H   1.0   0.074   1.004    -9.00414    -1.81366    -6.67753
    54  H   1.0   0.074   1.005    -9.90707    -1.11157    -2.14612
    55  H   1.0   0.077   1.007    -7.17459     1.66918     0.37384
    56  H   1.0   0.076   1.006    -7.62290     6.58050    -1.86080
    57  H   1.0   0.074   1.004    -9.69783     9.32797     1.25792
    58  H   1.0   0.074   1.004    -7.65500    10.17802     5.36831
    59  H   1.0   0.074   1.004    -3.52011     8.23911     6.33712
    60  H   1.0   0.076   1.006    -1.45528     5.46663     3.23478
    61  H   1.0   0.076   1.006    -0.41604     8.37789    -0.93872
    62  H   1.0   0.075   1.005     4.19225     8.60695    -1.52852
    63  H   1.0   0.075   1.005    12.06009     3.64040    -3.97708
    64  H   1.0   0.074   1.004    14.76293     0.16996    -2.37557
    65  H   1.0   0.075   1.005    13.12694    -2.72096     0.92520
    66  H   1.0   0.075   1.005     4.80924    -3.13739     6.60050
    67  H   1.0   0.076   1.006     0.28863    -3.99775     5.85771
    68  H   1.0   0.076   1.006     0.37325    -9.21329     0.35050
    69  H   1.0   0.074   1.004    -0.90700   -12.22335    -2.95227
    70  H   1.0   0.074   1.004    -4.59432   -11.30525    -5.66241
    71  H   1.0   0.074   1.005    -6.97930    -7.33853    -5.05300
    72  H   1.0   0.077   1.007    -5.67656    -4.30446    -1.78177
    73  H   1.0   0.076   1.006    -1.72660    -0.09251     2.94250
    74  H   1.0   0.075   1.005    -4.99296     2.06421     5.45224
    75  H   1.0   0.074   1.004    -8.85363    -0.21963     6.73522
    76  H   1.0   0.074   1.004    -9.41881    -4.68553     5.49322
    77  H   1.0   0.076   1.006    -6.13814    -6.85623     3.01844
    78  H   1.0   0.076   1.006     1.75679    -4.71414    -2.06382
    79  H   1.0   0.076   1.006     6.21915    -3.70270    -1.32502
    80  H   1.0   0.078   1.008     6.19421     1.38292     1.07532
 
  Z AO/shell   Hii/eV     exponent
  1     Sat Feb 20 21:38:01 CET 2016    EN: 2.327 GAM: 0.473  GM3: 0.0000
     1s    -13.751157    1.051071
  6     Sat Feb 20 21:38:01 CET 2016    EN: 2.731 GAM: 0.422  GM3: 0.0000
     2s    -19.378245    2.021003
     2p    -11.993376    1.497917
  7     Sat Feb 20 21:38:01 CET 2016    EN: 3.573 GAM: 0.504  GM3: 0.0000
     2s    -21.576984    2.275442
     2p    -16.125120    2.056788
  8     Sat Feb 20 21:38:01 CET 2016    EN: 3.700 GAM: 0.587  GM3: 0.0000
     2s    -21.648843    2.110798
     2p    -17.239740    2.329048
 
 dipole moment of classical point charges (au)
     X       Y       Z   
  -0.3877  -0.1686  -0.1854  total (Debye):    1.173

 
 Nbf   :          224
 T(el) :   300.0
 calculating S/T integrals ...
 cpu time for ints    2.40417300000000     
 Nao   :          224
 making H0...
 making H1...
 cpu time for H      0.297981000000000     
 solving ...
 cpu time for diag   0.818459000000000     
 
 gap (eV)           :   3.889
 Koopmans IP (eV)   :  12.725
 Eel (Eh)           :  -178.634553
 T,E(Fermi),NFOD :    300.000   -10.780  0.000000
 T,E(Fermi),NFOD :    300.000   -10.780  0.000000
 Nfod               :  0.0000
 Nfod/Nel           :  0.0000

          eigenvalues
 #    :         103        104        105        106        107        108        109        110
 occ. :        2.000      2.000      2.000      2.000      2.000      2.000      2.000      2.000
 eps  :       -15.505    -15.388    -15.383    -15.327    -15.319    -15.275    -15.255    -15.113
 #    :         111        112        113        114        115        116        117        118
 occ. :        2.000      2.000      2.000      2.000      2.000      0.000      0.000      0.000
 eps  :       -15.106    -15.088    -15.066    -12.748    -12.726     -8.837     -8.504     -6.039
 #    :         119        120        121        122        123        124        125        126
 occ. :        0.000      0.000      0.000      0.000      0.000      0.000      0.000      0.000
 eps  :        -5.756     -5.555     -5.477     -5.362     -5.353     -5.227     -5.200     -5.027
                            1  SCC done.
 making H1...
 cpu time for H      0.985499000000000     
 solving ...
 cpu time for diag   0.254312000000001     
 
 gap (eV)           :   3.796
 Koopmans IP (eV)   :  12.761
 Eel (Eh)           :  -178.913499
 T,E(Fermi),NFOD :    300.000   -10.862  0.000000
 T,E(Fermi),NFOD :    300.000   -10.862  0.000000
 Nfod               :  0.0000
 Nfod/Nel           :  0.0000

          eigenvalues
 #    :         103        104        105        106        107        108        109        110
 occ. :        2.000      2.000      2.000      2.000      2.000      2.000      2.000      2.000
 eps  :       -15.510    -15.316    -15.291    -15.278    -15.260    -15.158    -15.152    -15.137
 #    :         111        112        113        114        115        116        117        118
 occ. :        2.000      2.000      2.000      2.000      2.000      0.000      0.000      0.000
 eps  :       -15.112    -14.845    -14.545    -12.787    -12.762     -8.965     -8.660     -6.266
 #    :         119        120        121        122        123        124        125        126
 occ. :        0.000      0.000      0.000      0.000      0.000      0.000      0.000      0.000
 eps  :        -5.923     -5.796     -5.718     -5.440     -5.415     -5.312     -5.237     -5.067
                            2  SCC done.
 
 
 Mulliken/CM5 charges    n(s)   n(p)   n(d)   
    1 O  -0.3118 -0.3590   1.630  4.682  0.000
    2 C   0.1529  0.1846   1.188  2.659  0.000
    3 C  -0.0330 -0.0394   1.172  2.861  0.000
    4 C  -0.0289 -0.0831   1.146  2.883  0.000
    5 C  -0.0301 -0.0793   1.135  2.895  0.000
    6 C   0.0660  0.1233   1.181  2.753  0.000
    7 N  -0.1226 -0.3687   1.226  3.896  0.000
    8 C   0.0477  0.1017   1.178  2.774  0.000
    9 C  -0.0404 -0.0894   1.136  2.904  0.000
   10 C  -0.0314 -0.0877   1.136  2.896  0.000
   11 C  -0.0403 -0.0972   1.133  2.907  0.000
   12 C  -0.0295 -0.0866   1.136  2.893  0.000
   13 C  -0.0390 -0.0883   1.137  2.902  0.000
   14 C   0.0495  0.1031   1.178  2.773  0.000
   15 C  -0.0372 -0.0860   1.136  2.902  0.000
   16 C  -0.0320 -0.0882   1.136  2.896  0.000
   17 C  -0.0415 -0.0980   1.133  2.908  0.000
   18 C  -0.0315 -0.0880   1.136  2.895  0.000
   19 C  -0.0405 -0.0902   1.137  2.903  0.000
   20 C  -0.0309 -0.0795   1.134  2.897  0.000
   21 C  -0.0290 -0.0811   1.143  2.886  0.000
   22 C  -0.0105 -0.0166   1.179  2.832  0.000
   23 C  -0.0204 -0.0727   1.146  2.874  0.000
   24 C  -0.0096 -0.0656   1.135  2.874  0.000
   25 C  -0.0173 -0.0699   1.146  2.871  0.000
   26 C  -0.0107 -0.0172   1.180  2.831  0.000
   27 C   0.1616  0.1936   1.187  2.652  0.000
   28 O  -0.2970 -0.3419   1.631  4.666  0.000
   29 C  -0.0349 -0.0414   1.173  2.862  0.000
   30 C  -0.0261 -0.0784   1.142  2.884  0.000
   31 C  -0.0286 -0.0772   1.134  2.895  0.000
   32 C   0.0636  0.1207   1.181  2.756  0.000
   33 N  -0.1253 -0.3713   1.225  3.900  0.000
   34 C   0.0490  0.1030   1.178  2.773  0.000
   35 C  -0.0405 -0.0893   1.136  2.904  0.000
   36 C  -0.0335 -0.0896   1.136  2.898  0.000
   37 C  -0.0423 -0.0987   1.133  2.909  0.000
   38 C  -0.0316 -0.0879   1.136  2.896  0.000
   39 C  -0.0389 -0.0878   1.137  2.902  0.000
   40 C   0.0487  0.1030   1.178  2.774  0.000
   41 C  -0.0424 -0.0915   1.137  2.905  0.000
   42 C  -0.0309 -0.0879   1.137  2.894  0.000
   43 C  -0.0417 -0.0983   1.133  2.909  0.000
   44 C  -0.0323 -0.0885   1.136  2.897  0.000
   45 C  -0.0380 -0.0868   1.135  2.903  0.000
   46 C  -0.0293 -0.0784   1.135  2.894  0.000
   47 C  -0.0300 -0.0837   1.145  2.885  0.000
   48 C  -0.0353 -0.0862   1.157  2.878  0.000
   49 H   0.0531  0.1134   0.947  0.000  0.000
   50 H   0.0484  0.1112   0.952  0.000  0.000
   51 H   0.0362  0.0977   0.964  0.000  0.000
   52 H   0.0419  0.0985   0.958  0.000  0.000
   53 H   0.0391  0.0956   0.961  0.000  0.000
   54 H   0.0427  0.0993   0.957  0.000  0.000
   55 H   0.0401  0.1036   0.960  0.000  0.000
   56 H   0.0371  0.0987   0.963  0.000  0.000
   57 H   0.0421  0.0986   0.958  0.000  0.000
   58 H   0.0389  0.0954   0.961  0.000  0.000
   59 H   0.0432  0.0997   0.957  0.000  0.000
   60 H   0.0390  0.1007   0.961  0.000  0.000
   61 H   0.0424  0.1044   0.958  0.000  0.000
   62 H   0.0403  0.1009   0.960  0.000  0.000
   63 H   0.0431  0.1034   0.957  0.000  0.000
   64 H   0.0491  0.1057   0.951  0.000  0.000
   65 H   0.0458  0.1048   0.954  0.000  0.000
   66 H   0.0422  0.1018   0.958  0.000  0.000
   67 H   0.0432  0.1048   0.957  0.000  0.000
   68 H   0.0363  0.0977   0.964  0.000  0.000
   69 H   0.0417  0.0983   0.958  0.000  0.000
   70 H   0.0383  0.0948   0.962  0.000  0.000
   71 H   0.0428  0.0996   0.957  0.000  0.000
   72 H   0.0410  0.1045   0.959  0.000  0.000
   73 H   0.0394  0.1023   0.961  0.000  0.000
   74 H   0.0444  0.1024   0.956  0.000  0.000
   75 H   0.0381  0.0946   0.962  0.000  0.000
   76 H   0.0413  0.0979   0.959  0.000  0.000
   77 H   0.0360  0.0975   0.964  0.000  0.000
   78 H   0.0470  0.1091   0.953  0.000  0.000
   79 H   0.0513  0.1109   0.949  0.000  0.000
   80 H   0.0526  0.1161   0.947  0.000  0.000
 Hirshfeld charges for QMDFF written to <charges>
 
 Loewdin charges    n(s)   n(p)   n(d)
    1 O  -0.2944   1.599  4.695  0.000
    2 C   0.1466   1.152  2.701  0.000
    3 C  -0.0345   1.130  2.904  0.000
    4 C  -0.0203   1.091  2.929  0.000
    5 C  -0.0292   1.083  2.946  0.000
    6 C   0.0653   1.143  2.791  0.000
    7 N  -0.0840   1.185  3.899  0.000
    8 C   0.0465   1.141  2.813  0.000
    9 C  -0.0388   1.084  2.955  0.000
   10 C  -0.0227   1.080  2.942  0.000
   11 C  -0.0344   1.079  2.955  0.000
   12 C  -0.0207   1.081  2.940  0.000
   13 C  -0.0377   1.085  2.953  0.000
   14 C   0.0482   1.141  2.811  0.000
   15 C  -0.0356   1.083  2.952  0.000
   16 C  -0.0232   1.081  2.943  0.000
   17 C  -0.0355   1.079  2.956  0.000
   18 C  -0.0227   1.081  2.942  0.000
   19 C  -0.0385   1.085  2.953  0.000
   20 C  -0.0302   1.082  2.948  0.000
   21 C  -0.0211   1.089  2.933  0.000
   22 C  -0.0109   1.137  2.874  0.000
   23 C  -0.0129   1.092  2.921  0.000
   24 C  -0.0027   1.081  2.922  0.000
   25 C  -0.0096   1.092  2.918  0.000
   26 C  -0.0107   1.138  2.873  0.000
   27 C   0.1551   1.151  2.694  0.000
   28 O  -0.2793   1.600  4.680  0.000
   29 C  -0.0361   1.132  2.904  0.000
   30 C  -0.0184   1.088  2.930  0.000
   31 C  -0.0278   1.082  2.946  0.000
   32 C   0.0630   1.143  2.794  0.000
   33 N  -0.0870   1.184  3.903  0.000
   34 C   0.0478   1.141  2.812  0.000
   35 C  -0.0387   1.084  2.955  0.000
   36 C  -0.0247   1.081  2.944  0.000
   37 C  -0.0364   1.079  2.957  0.000
   38 C  -0.0228   1.081  2.942  0.000
   39 C  -0.0377   1.085  2.953  0.000
   40 C   0.0473   1.140  2.812  0.000
   41 C  -0.0404   1.085  2.955  0.000
   42 C  -0.0225   1.082  2.941  0.000
   43 C  -0.0358   1.079  2.957  0.000
   44 C  -0.0235   1.081  2.943  0.000
   45 C  -0.0367   1.083  2.954  0.000
   46 C  -0.0283   1.083  2.945  0.000
   47 C  -0.0213   1.091  2.931  0.000
   48 C  -0.0290   1.104  2.925  0.000
   49 H   0.0438   0.956  0.000  0.000
   50 H   0.0393   0.961  0.000  0.000
   51 H   0.0288   0.971  0.000  0.000
   52 H   0.0341   0.966  0.000  0.000
   53 H   0.0319   0.968  0.000  0.000
   54 H   0.0349   0.965  0.000  0.000
   55 H   0.0323   0.968  0.000  0.000
   56 H   0.0294   0.971  0.000  0.000
   57 H   0.0342   0.966  0.000  0.000
   58 H   0.0316   0.968  0.000  0.000
   59 H   0.0351   0.965  0.000  0.000
   60 H   0.0313   0.969  0.000  0.000
   61 H   0.0341   0.966  0.000  0.000
   62 H   0.0322   0.968  0.000  0.000
   63 H   0.0342   0.966  0.000  0.000
   64 H   0.0397   0.960  0.000  0.000
   65 H   0.0365   0.964  0.000  0.000
   66 H   0.0338   0.966  0.000  0.000
   67 H   0.0346   0.965  0.000  0.000
   68 H   0.0287   0.971  0.000  0.000
   69 H   0.0339   0.966  0.000  0.000
   70 H   0.0311   0.969  0.000  0.000
   71 H   0.0348   0.965  0.000  0.000
   72 H   0.0330   0.967  0.000  0.000
   73 H   0.0315   0.968  0.000  0.000
   74 H   0.0365   0.964  0.000  0.000
   75 H   0.0310   0.969  0.000  0.000
   76 H   0.0336   0.966  0.000  0.000
   77 H   0.0285   0.972  0.000  0.000
   78 H   0.0380   0.962  0.000  0.000
   79 H   0.0419   0.958  0.000  0.000
   80 H   0.0426   0.957  0.000  0.000
 
 Wiberg/Mayer (AO) data. WBOs > 0.1 written file <wbo>
 largest (>0.05) Wiberg bond orders for each atom
           total WBO             WBO to atom ...
     1  O   2.077    C    2 1.763    C    3 0.061    C   22 0.058
     2  C   3.889    O    1 1.763    C    3 1.007    C   22 0.978
     3  C   3.950    C    4 1.341    C   21 1.338    C    2 1.007    C    6 0.092    O    1 0.061
     4  C   3.970    C    5 1.474    C    3 1.341    H   49 0.941    C   20 0.092
     5  C   3.969    C    4 1.474    C    6 1.345    H   50 0.942    C   21 0.093
     6  C   3.933    C    5 1.345    C   20 1.342    N    7 1.034    C    3 0.092
     7  N   3.355    C    6 1.034    C    8 0.986    C   14 0.984
     8  C   3.932    C   13 1.375    C    9 1.375    N    7 0.986    C   11 0.107
     9  C   3.970    C   10 1.441    C    8 1.375    H   51 0.946    C   12 0.107
    10  C   3.974    C    9 1.441    C   11 1.426    H   52 0.945    C   13 0.108
    11  C   3.971    C   10 1.426    C   12 1.423    H   53 0.946    C    8 0.107
    12  C   3.974    C   13 1.440    C   11 1.423    H   54 0.945    C    9 0.107
    13  C   3.970    C   12 1.440    C    8 1.375    H   55 0.944    C   10 0.108
    14  C   3.932    C   15 1.377    C   19 1.374    N    7 0.984    C   17 0.107
    15  C   3.970    C   16 1.441    C   14 1.377    H   56 0.946    C   18 0.108
    16  C   3.974    C   15 1.441    C   17 1.426    H   57 0.945    C   19 0.108
    17  C   3.971    C   16 1.426    C   18 1.425    H   58 0.946    C   14 0.107
    18  C   3.974    C   19 1.441    C   17 1.425    H   59 0.945    C   15 0.108
    19  C   3.970    C   18 1.441    C   14 1.374    H   60 0.946    C   16 0.108
    20  C   3.969    C   21 1.478    C    6 1.342    H   61 0.943    C    4 0.092
    21  C   3.969    C   20 1.478    C    3 1.338    H   62 0.945    C    5 0.093
    22  C   3.952    C   48 1.376    C   23 1.353    C    2 0.978    C   25 0.097    O    1 0.058
    23  C   3.967    C   24 1.442    C   22 1.353    H   63 0.947    C   26 0.099
    24  C   3.970    C   23 1.442    C   25 1.428    H   64 0.943    C   48 0.101
    25  C   3.966    C   24 1.428    C   26 1.368    H   65 0.947    C   22 0.097
    26  C   3.952    C   48 1.378    C   25 1.368    C   27 0.958    C   23 0.099    O   28 0.059
    27  C   3.887    O   28 1.793    C   29 0.997    C   26 0.958
    28  O   2.093    C   27 1.793    C   29 0.062    C   26 0.059
    29  C   3.950    C   30 1.344    C   47 1.342    C   27 0.997    C   32 0.093    O   28 0.062
    30  C   3.969    C   31 1.471    C   29 1.344    H   66 0.945    C   46 0.094
    31  C   3.969    C   30 1.471    C   32 1.348    H   67 0.943    C   47 0.094
    32  C   3.933    C   31 1.348    C   46 1.345    N   33 1.029    C   29 0.093
    33  N   3.350    C   32 1.029    C   40 0.988    C   34 0.984
    34  C   3.932    C   39 1.377    C   35 1.375    N   33 0.984    C   37 0.107
    35  C   3.970    C   36 1.442    C   34 1.375    H   68 0.947    C   38 0.108
    36  C   3.974    C   35 1.442    C   37 1.425    H   69 0.945    C   39 0.108
    37  C   3.972    C   38 1.426    C   36 1.425    H   70 0.947    C   34 0.107
    38  C   3.974    C   39 1.440    C   37 1.426    H   71 0.945    C   35 0.108
    39  C   3.970    C   38 1.440    C   34 1.377    H   72 0.943    C   36 0.108
    40  C   3.932    C   45 1.375    C   41 1.374    N   33 0.988    C   43 0.106
    41  C   3.970    C   42 1.440    C   40 1.374    H   73 0.946    C   44 0.108
    42  C   3.973    C   41 1.440    C   43 1.424    H   74 0.943    C   45 0.107
    43  C   3.971    C   44 1.425    C   42 1.424    H   75 0.947    C   40 0.106
    44  C   3.974    C   45 1.442    C   43 1.425    H   76 0.945    C   41 0.108
    45  C   3.970    C   44 1.442    C   40 1.375    H   77 0.947    C   42 0.107
    46  C   3.969    C   47 1.475    C   32 1.345    H   78 0.943    C   30 0.094
    47  C   3.970    C   46 1.475    C   29 1.342    H   79 0.942    C   31 0.094
    48  C   3.967    C   26 1.378    C   22 1.376    H   80 0.940    C   24 0.101
    49  H   0.996    C    4 0.941
    50  H   0.996    C    5 0.942
    51  H   0.999    C    9 0.946
    52  H   0.997    C   10 0.945
    53  H   0.998    C   11 0.946
    54  H   0.997    C   12 0.945
    55  H   0.998    C   13 0.944
    56  H   0.999    C   15 0.946
    57  H   0.997    C   16 0.945
    58  H   0.998    C   17 0.946
    59  H   0.997    C   18 0.945
    60  H   0.998    C   19 0.946
    61  H   0.996    C   20 0.943
    62  H   0.997    C   21 0.945
    63  H   0.996    C   23 0.947
    64  H   0.993    C   24 0.943
    65  H   0.995    C   25 0.947
    66  H   0.997    C   30 0.945
    67  H   0.996    C   31 0.943
    68  H   0.999    C   35 0.947
    69  H   0.997    C   36 0.945
    70  H   0.998    C   37 0.947
    71  H   0.997    C   38 0.945
    72  H   0.998    C   39 0.943
    73  H   0.998    C   41 0.946
    74  H   0.997    C   42 0.943
    75  H   0.998    C   43 0.947
    76  H   0.997    C   44 0.945
    77  H   0.999    C   45 0.947
    78  H   0.996    C   46 0.943
    79  H   0.996    C   47 0.942
    80  H   0.997    C   48 0.940
 
 --------------------------------------------
          xTB calculation for sTDA...
 --------------------------------------------
 
 reading parameter file /home/penavora/Exe_xtb_crest/.param_stda2.xtb
 
      method parameters     
 k(s)        :  1.6000
 k(p)        :  2.1800
 k(d)        :  1.9500
 k(f)        :  2.0000
 k(R-V)      :  2.2750
 k(R-R)      :  1.7650
 Tscal       :  0.2580
 Gscal       :  1.0000
 fpol        :  1.0000
 Zcnf        :  0.3430
 Zqf         :  0.0000
 kcn         :  2.7000
 Ryd Hsplit  :  0.7000
 lshift(virt):  3.1000
 lshift(OS)  :  0.2000
 wllscaling  :  2.6000
 
 mowrcut     : 3.000
 
  Z AO/shell   Hii/eV     exponent
  1     Sun Feb 14 09:53:25 CET 2016    EN: 2.327 GAM: 0.473  GM3: 0.0000
     1s    -14.339618    1.220000
     2sp    -3.348946    0.600000
  6     Sun Feb 14 09:53:25 CET 2016    EN: 2.731 GAM: 0.422  GM3: 0.0000
     2s    -22.009312    1.565095
     2p    -13.020408    1.596905
     3sp    -3.914040    0.824500
  7     Sun Feb 14 09:53:25 CET 2016    EN: 3.573 GAM: 0.504  GM3: 0.0000
     2s    -25.722000    2.064844
     2p    -18.684912    1.801692
     3sp    -4.344791    0.921400
  8     Sun Feb 14 09:53:25 CET 2016    EN: 3.700 GAM: 0.587  GM3: 0.0000
     2s    -33.859000    2.418661
     2p    -22.175911    1.973969
     3sp    -4.259392    1.013700
 
 Nbf   :          544
 T(el) :     0.0
 calculating S/T integrals ...
 cpu time for ints    8.49031700000000     
 Nao   :          544
 making H0...
 making H1...
 cpu time for H       1.01128600000000     
 solving ...
 cpu time for diag    1.13196200000000     
 
 gap (eV)           :   5.904
 Koopmans IP (eV)   :  13.640
 Eel (Eh)           :  -198.883913

          eigenvalues
 #    :         103        104        105        106        107        108        109        110
 occ. :        2.000      2.000      2.000      2.000      2.000      2.000      2.000      2.000
 eps  :       -16.325    -16.315    -16.286    -16.195    -16.180    -16.152    -16.118    -16.035
 #    :         111        112        113        114        115        116        117        118
 occ. :        2.000      2.000      2.000      2.000      2.000      0.000      0.000      0.000
 eps  :       -16.024    -16.003    -15.961    -13.663    -13.641     -7.736     -7.403     -6.155
 #    :         119        120        121        122        123        124        125        126
 occ. :        0.000      0.000      0.000      0.000      0.000      0.000      0.000      0.000
 eps  :        -6.096     -5.891     -5.867     -5.843     -5.812     -5.667     -5.654     -5.594
                            1  SCC done.
 writing mo output ...
 molden style : F
 
speedup 23.34
cpu  time for all   16.86 s
wall time for all    0.72 s
