 
        ______________________________________
       |                                      |
       |          ===================         |
       |             xTB for sTDA             |
       |          ===================         |
       |               S. Grimme              |
       |        Universitaet Bonn, MCTC       |
       |         2015-19, Version 1.0         |
       |     Wed Apr  3 09:14:55 CEST 2019    |
       |______________________________________|
 
        This code comes without any warranty
        for non-commercial, academia use only.
        Preliminary test version.
        Cite this work as:
        S. Grimme  &  C. Bannwarth, JCP 145 (2016) 054103
        if GBSA is used additionally:
        P. Shushkov, F. März, C. Bannwarth, S. Grimme, unpublished.
 
        with help from
        P. Shushkov, G. Brandenburg, S. Dohm, J. Pisarek,
        F. März, M. Checinski, S. Ehrlich, S. Spicher, 
        P. Pracht, E. Caldeweyher, S. Ehlert, and C. Bannwarth.
 
        usage        :
        xtb4stda <coord_file> [options]
        where <coord_file> is a valid file of TM)
        (*coord, Bohr) or xmol (*xyz, Angstroem)
        format.

        options:
        -chrg <int>   : molecular charge
        -uhf  <int>   : # of unpaired electrons(=2*S)
        -nox          : skip second, extended part in sTDA-xTB
        -pop          : do population analysis
                      : (default for -nox)
        -mowr <real>  : cut MO write above (def.3 Eh)
        -molden       : write formatted molden file
        -parx <file>  : read parameters for sTDA-xTB
                        calc (def:~/.param_stda2.xtb)
        -parv <file>  : read parameters for vTB part in
                        sTDA-xTB (def: ~/.param_stda1.xtb)
        -xtemp <real> : el. temp for xTB (def. 0 K)
        -etemp <real> : el. temp for GFN (def. 300 K)
        -fod          : calculate the FOD and write
                        molden.input file with
                        appropriate occupations
                        for plotting. Def. T=12500 K
 
        -acc <real>   : xTB accuracy (def. 1.0)
        -gbsa [string1] [string2]
                        use GBSA implicit solvent
                        for solvent [string1] and
                        solvation state [string2]=
                        reference, bar1M (default=1M)
        additional GFN/opt/MD/siman options read from
        $XTB4STDAHOME/.xtb4stdarc or $set in input
 
       spin and charge state information can be on:
       <.CHRG> (charge) and <.UHF> (=nalpha-nbeta)
       -uhf and -chrg override the file info.
       useful machine settings:
       setenv MKL_NUM_THREADS <NCORE_ON_YOUR_MACHINE>
       setenv OMP_STACKSIZE 500m
       limit stacksize unlimited
 
       total energies in Eh, gaps/HL energies in eV
       please read REVISION and HOWTO files carefully
 =============================
  # OMP threads =          48
 =============================
 
 xtb4stdahome directory:/home/penavora/Exe_xtb_crest/
 
 argument            1 :--gbsa
 argument            2 :toluene
 
 name of molecule           :
 comment line               :
 number of atoms            :    94
 number of electrons        :   286
 charge                     :  0
 spin                       : 0.0
 first test random number   :  0.9298
 
 -----------------------------------------
      charge density (VTB) calculation
 -----------------------------------------
 
      method parameters     
 k(s)        :  1.8000
 k(p)        :  2.8350
 k(d)        :  2.0860
 k(f)        :  2.0000
 Tscal       :  0.3300
 Gscal       :  0.3910
 fpol        :  1.0000
 Zcnf        :  0.6500
 Zqf         :  0.0000
 kcn         :  0.3000
 kEN1        : -0.5900
 wllscal     :  2.6000
 
 Solvent             : toluene
 GBSA parameter file : /home/penavora/Exe_xtb_crest/.param_gbsa_toluene
 Gsolv ref. state (COSMO-RS): gsolv [1 M gas/solution]
 temperature (mdtemp)       :    298.150000000000     
 dielectric constant        :    7.00000000000000     
 rho                        :   0.867000000000000     
 mass                       :    92.1400000000000     
 surface tension            :    15.5689470637553     
 probe radius               :   0.641644990000000     
 vdW radii scaling          :    1.00000000000000     
 Gshift (Eh)                :   4.228772547061559E-003
 c1                         :    1.59772343000000     
 soset                      :   0.281999450000000     
 HB correction              :  F
 
 doing EN charges ...
 sum q : -0.5551115D-15
 point charge moment (au)
     X       Y       Z   
   0.0002   0.0000  -0.0002  total (Debye):    0.001
 
            Z      q(EN)   CN      Cart. coordinates
     1  N   5.0  -0.218   1.030     0.00168     6.32823    -3.90921
     2  C   4.0   0.247   2.149     0.00171     4.57603    -2.63439
     3  C   4.0  -0.013   3.244     0.00137     2.33681    -1.17684
     4  C   4.0   0.100   3.317    -2.32131     1.18915    -0.59413
     5  N   5.0  -0.325   3.331    -4.57510     2.37996    -1.23963
     6  C   4.0   0.085   3.471    -5.35510     4.74937    -0.41984
     7  C   4.0  -0.063   3.162    -4.08524     6.51109     1.04007
     8  C   4.0  -0.073   3.153    -5.33562     8.72187     1.65402
     9  C   4.0  -0.073   3.147    -7.80238     9.16300     0.85640
    10  C   4.0  -0.068   3.155    -9.09308     7.39033    -0.55999
    11  C   4.0  -0.000   3.376    -7.87021     5.16008    -1.20161
    12  C   4.0   0.000   3.374    -8.63315     2.94676    -2.58283
    13  C   4.0  -0.068   3.155   -10.84168     2.26459    -3.82246
    14  C   4.0  -0.073   3.147   -10.92263    -0.03407    -5.05844
    15  C   4.0  -0.073   3.155    -8.82018    -1.61254    -5.12323
    16  C   4.0  -0.062   3.167    -6.60050    -0.96919    -3.90345
    17  C   4.0   0.086   3.477    -6.55000     1.28498    -2.57446
    18  C   4.0   0.100   3.317    -2.32199    -1.18605     0.59638
    19  N   5.0  -0.325   3.331    -4.57653    -2.37400     1.24468
    20  C   4.0   0.086   3.477    -6.54784    -1.27614     2.58237
    21  C   4.0  -0.062   3.167    -6.59258     0.97776     3.91203
    22  C   4.0  -0.073   3.155    -8.80934     1.62441     5.13534
    23  C   4.0  -0.073   3.147   -10.91446     0.04939     5.07319
    24  C   4.0  -0.068   3.155   -10.83937    -2.24881     3.83597
    25  C   4.0   0.000   3.374    -8.63388    -2.93426     2.59274
    26  C   4.0  -0.000   3.376    -7.87676    -5.14806     1.20906
    27  C   4.0  -0.068   3.155    -9.10483    -7.37522     0.56662
    28  C   4.0  -0.073   3.147    -7.81943    -9.14895    -0.85327
    29  C   4.0  -0.073   3.153    -5.35260    -8.71212    -1.65304
    30  C   4.0  -0.063   3.162    -4.09702    -6.50452    -1.03825
    31  C   4.0   0.085   3.471    -5.36182    -4.74152     0.42451
    32  C   4.0  -0.013   3.244    -0.00008    -2.33648     1.17652
    33  C   4.0   0.247   2.149    -0.00120    -4.57576     2.63393
    34  N   5.0  -0.218   1.030    -0.00254    -6.32810     3.90861
    35  C   4.0   0.100   3.316     2.32271    -1.18899     0.59360
    36  N   5.0  -0.325   3.331     4.57603    -2.38120     1.23792
    37  C   4.0   0.085   3.471     5.35266    -4.75182     0.41813
    38  C   4.0  -0.063   3.162     4.07953    -6.51260    -1.04009
    39  C   4.0  -0.073   3.153     5.32680    -8.72507    -1.65431
    40  C   4.0  -0.073   3.147     7.79375    -9.16874    -0.85876
    41  C   4.0  -0.068   3.155     9.08788    -7.39684     0.55546
    42  C   4.0  -0.000   3.376     7.86815    -5.16493     1.19732
    43  C   4.0   0.000   3.374     8.63507    -2.95175     2.57655
    44  C   4.0  -0.068   3.155    10.84609    -2.27121     3.81257
    45  C   4.0  -0.073   3.147    10.93135     0.02818     5.04687
    46  C   4.0  -0.073   3.155     8.83062     1.60884     5.11381
    47  C   4.0  -0.062   3.167     6.60842     0.96705     3.89778
    48  C   4.0   0.086   3.477     6.55367    -1.28775     2.56999
    49  C   4.0   0.100   3.316     2.32340     1.18653    -0.59651
    50  N   5.0  -0.325   3.331     4.57751     2.37563    -1.24393
    51  C   4.0   0.085   3.471     5.35968     4.74457    -0.42458
    52  C   4.0  -0.063   3.162     4.09180     6.50736     1.03578
    53  C   4.0  -0.073   3.153     5.34431     8.71703     1.64946
    54  C   4.0  -0.073   3.147     7.81122     9.15602     0.85119
    55  C   4.0  -0.068   3.155     9.09996     7.38225    -0.56562
    56  C   4.0  -0.000   3.376     7.87496     5.15308    -1.20695
    57  C   4.0   0.000   3.374     8.63581     2.93887    -2.58793
    58  C   4.0  -0.068   3.155    10.84369     2.25444    -3.82744
    59  C   4.0  -0.073   3.147    10.92267    -0.04475    -5.06256
    60  C   4.0  -0.073   3.155     8.81893    -1.62152    -5.12669
    61  C   4.0  -0.062   3.167     6.59980    -0.97584    -3.90714
    62  C   4.0   0.086   3.477     6.55130     1.27881    -2.57888
    63  H   1.0   0.076   1.006    -2.17951     6.18640     1.69507
    64  H   1.0   0.074   1.005    -4.37513    10.12697     2.77909
    65  H   1.0   0.074   1.004    -8.71628    10.91312     1.36893
    66  H   1.0   0.075   1.004   -11.01614     7.71826    -1.15261
    67  H   1.0   0.075   1.004   -12.45108     3.51620    -3.82731
    68  H   1.0   0.074   1.005   -12.62631    -0.60535    -6.02375
    69  H   1.0   0.074   1.005    -8.91255    -3.37214    -6.15134
    70  H   1.0   0.076   1.006    -4.96490    -2.18369    -4.01368
    71  H   1.0   0.076   1.006    -4.95478     2.18952     4.01995
    72  H   1.0   0.074   1.005    -8.89726     3.38388     6.16407
    73  H   1.0   0.074   1.005   -12.61565     0.62303     6.04150
    74  H   1.0   0.075   1.004   -12.45098    -3.49758     3.84269
    75  H   1.0   0.075   1.004   -11.02794    -7.69983     1.16094
    76  H   1.0   0.074   1.004    -8.73763   -10.89649    -1.36692
    77  H   1.0   0.074   1.005    -4.39625   -10.11801    -2.78067
    78  H   1.0   0.076   1.006    -2.19132    -6.18304    -1.69493
    79  H   1.0   0.076   1.006     2.17363    -6.18602    -1.69362
    80  H   1.0   0.074   1.005     4.36359   -10.12952    -2.77787
    81  H   1.0   0.074   1.004     8.70510   -10.92018    -1.37131
    82  H   1.0   0.075   1.004    11.01118    -7.72663     1.14628
    83  H   1.0   0.075   1.004    12.45412    -3.52460     3.81582
    84  H   1.0   0.074   1.005    12.63709     0.59830     6.00922
    85  H   1.0   0.074   1.005     8.92633     3.36905     6.14056
    86  H   1.0   0.076   1.006     4.97430     2.18336     4.00983
    87  H   1.0   0.076   1.006     2.18602     6.18434     1.69142
    88  H   1.0   0.074   1.005     4.38533    10.12292     2.77484
    89  H   1.0   0.074   1.004     8.72685    10.90527     1.36362
    90  H   1.0   0.075   1.004    11.02321     7.70842    -1.15858
    91  H   1.0   0.075   1.004    12.45415     3.50469    -3.83282
    92  H   1.0   0.074   1.005    12.62586    -0.61780    -6.02770
    93  H   1.0   0.074   1.005     8.90981    -3.38171    -6.15393
    94  H   1.0   0.076   1.006     4.96320    -2.18905    -4.01682
 
  Z AO/shell   Hii/eV     exponent
  1     Sat Feb 20 21:38:01 CET 2016    EN: 2.327 GAM: 0.473  GM3: 0.0000
     1s    -13.751157    1.051071
  6     Sat Feb 20 21:38:01 CET 2016    EN: 2.731 GAM: 0.422  GM3: 0.0000
     2s    -19.378245    2.021003
     2p    -11.993376    1.497917
  7     Sat Feb 20 21:38:01 CET 2016    EN: 3.573 GAM: 0.504  GM3: 0.0000
     2s    -21.576984    2.275442
     2p    -16.125120    2.056788
 
 dipole moment of classical point charges (au)
     X       Y       Z   
   0.0002   0.0000  -0.0002  total (Debye):    0.001

 
 Nbf   :          280
 T(el) :   300.0
 calculating S/T integrals ...
 cpu time for ints    4.43835600000000     
 Nao   :          280
 making H0...
 making H1...
 cpu time for H      0.448340000000000     
 solving ...
 cpu time for diag   0.900904000000000     
 
 gap (eV)           :   4.592
 Koopmans IP (eV)   :  12.567
 Eel (Eh)           :  -221.468719
 T,E(Fermi),NFOD :    300.000   -10.271  0.000000
 T,E(Fermi),NFOD :    300.000   -10.271  0.000000
 Nfod               :  0.0000
 Nfod/Nel           :  0.0000

          eigenvalues
 #    :         131        132        133        134        135        136        137        138
 occ. :        2.000      2.000      2.000      2.000      2.000      2.000      2.000      2.000
 eps  :       -15.131    -15.065    -15.063    -14.966    -14.747    -13.724    -13.722    -13.599
 #    :         139        140        141        142        143        144        145        146
 occ. :        2.000      2.000      2.000      2.000      2.000      0.000      0.000      0.000
 eps  :       -13.597    -13.188    -13.165    -12.978    -12.568     -7.976     -7.740     -6.537
 #    :         147        148        149        150        151        152        153        154
 occ. :        0.000      0.000      0.000      0.000      0.000      0.000      0.000      0.000
 eps  :        -6.490     -6.406     -6.389     -5.593     -5.470     -5.162     -5.096     -4.794
                            1  SCC done.
 making H1...
 cpu time for H       1.16273400000000     
 solving ...
 cpu time for diag   0.408759000000000     
 
 gap (eV)           :   4.302
 Koopmans IP (eV)   :  13.516
 Eel (Eh)           :  -227.834409
 T,E(Fermi),NFOD :    300.000   -11.365  0.000000
 T,E(Fermi),NFOD :    300.000   -11.365  0.000000
 Nfod               :  0.0000
 Nfod/Nel           :  0.0000

          eigenvalues
 #    :         131        132        133        134        135        136        137        138
 occ. :        2.000      2.000      2.000      2.000      2.000      2.000      2.000      2.000
 eps  :       -15.920    -15.619    -15.617    -15.562    -15.560    -14.265    -14.264    -14.134
 #    :         139        140        141        142        143        144        145        146
 occ. :        2.000      2.000      2.000      2.000      2.000      0.000      0.000      0.000
 eps  :       -14.130    -13.944    -13.928    -13.781    -13.517     -9.215     -8.871     -7.211
 #    :         147        148        149        150        151        152        153        154
 occ. :        0.000      0.000      0.000      0.000      0.000      0.000      0.000      0.000
 eps  :        -6.976     -6.893     -6.860     -6.766     -6.376     -5.942     -5.677     -5.486
                            2  SCC done.
 
 
 Mulliken/CM5 charges    n(s)   n(p)   n(d)   
    1 N  -0.2148 -0.3437   1.642  3.572  0.000
    2 C   0.1105  0.2336   1.172  2.717  0.000
    3 C   0.0204  0.0332   1.141  2.838  0.000
    4 C   0.0753  0.1451   1.178  2.747  0.000
    5 N  -0.1073 -0.3518   1.235  3.872  0.000
    6 C   0.0188  0.0808   1.188  2.793  0.000
    7 C  -0.0535 -0.1026   1.138  2.916  0.000
    8 C  -0.0300 -0.0861   1.136  2.894  0.000
    9 C  -0.0364 -0.0926   1.132  2.904  0.000
   10 C  -0.0258 -0.0787   1.138  2.888  0.000
   11 C  -0.0252 -0.0225   1.166  2.859  0.000
   12 C  -0.0254 -0.0225   1.166  2.859  0.000
   13 C  -0.0251 -0.0780   1.137  2.888  0.000
   14 C  -0.0353 -0.0915   1.132  2.903  0.000
   15 C  -0.0261 -0.0821   1.135  2.891  0.000
   16 C  -0.0510 -0.0986   1.138  2.913  0.000
   17 C   0.0178  0.0815   1.188  2.794  0.000
   18 C   0.0753  0.1451   1.178  2.747  0.000
   19 N  -0.1073 -0.3518   1.235  3.872  0.000
   20 C   0.0178  0.0815   1.188  2.794  0.000
   21 C  -0.0510 -0.0986   1.138  2.913  0.000
   22 C  -0.0261 -0.0821   1.135  2.891  0.000
   23 C  -0.0353 -0.0915   1.132  2.903  0.000
   24 C  -0.0251 -0.0780   1.137  2.888  0.000
   25 C  -0.0254 -0.0225   1.166  2.859  0.000
   26 C  -0.0253 -0.0225   1.166  2.859  0.000
   27 C  -0.0258 -0.0787   1.138  2.888  0.000
   28 C  -0.0364 -0.0926   1.132  2.904  0.000
   29 C  -0.0300 -0.0861   1.136  2.894  0.000
   30 C  -0.0535 -0.1026   1.138  2.916  0.000
   31 C   0.0188  0.0808   1.188  2.793  0.000
   32 C   0.0204  0.0332   1.141  2.838  0.000
   33 C   0.1104  0.2335   1.172  2.717  0.000
   34 N  -0.2148 -0.3437   1.642  3.572  0.000
   35 C   0.0754  0.1451   1.178  2.747  0.000
   36 N  -0.1072 -0.3518   1.235  3.872  0.000
   37 C   0.0188  0.0808   1.188  2.793  0.000
   38 C  -0.0535 -0.1026   1.138  2.916  0.000
   39 C  -0.0300 -0.0861   1.136  2.894  0.000
   40 C  -0.0364 -0.0926   1.132  2.904  0.000
   41 C  -0.0258 -0.0787   1.138  2.888  0.000
   42 C  -0.0252 -0.0224   1.166  2.859  0.000
   43 C  -0.0254 -0.0225   1.166  2.859  0.000
   44 C  -0.0251 -0.0780   1.137  2.888  0.000
   45 C  -0.0353 -0.0915   1.132  2.903  0.000
   46 C  -0.0261 -0.0821   1.135  2.891  0.000
   47 C  -0.0510 -0.0986   1.138  2.913  0.000
   48 C   0.0178  0.0815   1.188  2.794  0.000
   49 C   0.0754  0.1451   1.178  2.747  0.000
   50 N  -0.1073 -0.3518   1.235  3.872  0.000
   51 C   0.0188  0.0808   1.188  2.793  0.000
   52 C  -0.0535 -0.1026   1.138  2.916  0.000
   53 C  -0.0300 -0.0861   1.136  2.894  0.000
   54 C  -0.0363 -0.0926   1.132  2.904  0.000
   55 C  -0.0258 -0.0787   1.138  2.888  0.000
   56 C  -0.0252 -0.0225   1.166  2.859  0.000
   57 C  -0.0254 -0.0225   1.166  2.859  0.000
   58 C  -0.0251 -0.0780   1.137  2.888  0.000
   59 C  -0.0353 -0.0915   1.132  2.903  0.000
   60 C  -0.0261 -0.0821   1.135  2.891  0.000
   61 C  -0.0510 -0.0986   1.138  2.913  0.000
   62 C   0.0178  0.0815   1.188  2.794  0.000
   63 H   0.0418  0.1035   0.958  0.000  0.000
   64 H   0.0518  0.1085   0.948  0.000  0.000
   65 H   0.0463  0.1030   0.954  0.000  0.000
   66 H   0.0472  0.1045   0.953  0.000  0.000
   67 H   0.0461  0.1034   0.954  0.000  0.000
   68 H   0.0449  0.1016   0.955  0.000  0.000
   69 H   0.0506  0.1075   0.949  0.000  0.000
   70 H   0.0424  0.1062   0.958  0.000  0.000
   71 H   0.0424  0.1062   0.958  0.000  0.000
   72 H   0.0506  0.1074   0.949  0.000  0.000
   73 H   0.0449  0.1016   0.955  0.000  0.000
   74 H   0.0461  0.1034   0.954  0.000  0.000
   75 H   0.0472  0.1045   0.953  0.000  0.000
   76 H   0.0463  0.1030   0.954  0.000  0.000
   77 H   0.0518  0.1085   0.948  0.000  0.000
   78 H   0.0418  0.1035   0.958  0.000  0.000
   79 H   0.0418  0.1035   0.958  0.000  0.000
   80 H   0.0518  0.1085   0.948  0.000  0.000
   81 H   0.0463  0.1030   0.954  0.000  0.000
   82 H   0.0472  0.1045   0.953  0.000  0.000
   83 H   0.0461  0.1034   0.954  0.000  0.000
   84 H   0.0449  0.1016   0.955  0.000  0.000
   85 H   0.0506  0.1074   0.949  0.000  0.000
   86 H   0.0424  0.1062   0.958  0.000  0.000
   87 H   0.0418  0.1035   0.958  0.000  0.000
   88 H   0.0518  0.1085   0.948  0.000  0.000
   89 H   0.0463  0.1030   0.954  0.000  0.000
   90 H   0.0472  0.1045   0.953  0.000  0.000
   91 H   0.0461  0.1034   0.954  0.000  0.000
   92 H   0.0449  0.1016   0.955  0.000  0.000
   93 H   0.0506  0.1074   0.949  0.000  0.000
   94 H   0.0424  0.1062   0.958  0.000  0.000
 Hirshfeld charges for QMDFF written to <charges>
 
 Loewdin charges    n(s)   n(p)   n(d)
    1 N  -0.2022   1.604  3.598  0.000
    2 C   0.1017   1.139  2.759  0.000
    3 C   0.0143   1.100  2.885  0.000
    4 C   0.0652   1.144  2.791  0.000
    5 N  -0.0659   1.193  3.873  0.000
    6 C   0.0147   1.152  2.833  0.000
    7 C  -0.0511   1.085  2.966  0.000
    8 C  -0.0215   1.081  2.941  0.000
    9 C  -0.0300   1.078  2.952  0.000
   10 C  -0.0203   1.084  2.936  0.000
   11 C  -0.0250   1.125  2.900  0.000
   12 C  -0.0253   1.125  2.901  0.000
   13 C  -0.0198   1.084  2.936  0.000
   14 C  -0.0291   1.078  2.951  0.000
   15 C  -0.0180   1.080  2.938  0.000
   16 C  -0.0484   1.085  2.963  0.000
   17 C   0.0135   1.152  2.834  0.000
   18 C   0.0652   1.144  2.791  0.000
   19 N  -0.0659   1.193  3.873  0.000
   20 C   0.0135   1.152  2.834  0.000
   21 C  -0.0484   1.085  2.963  0.000
   22 C  -0.0180   1.080  2.938  0.000
   23 C  -0.0291   1.078  2.951  0.000
   24 C  -0.0198   1.084  2.936  0.000
   25 C  -0.0253   1.125  2.901  0.000
   26 C  -0.0250   1.125  2.900  0.000
   27 C  -0.0203   1.084  2.936  0.000
   28 C  -0.0300   1.078  2.952  0.000
   29 C  -0.0215   1.081  2.941  0.000
   30 C  -0.0511   1.085  2.966  0.000
   31 C   0.0147   1.152  2.833  0.000
   32 C   0.0143   1.100  2.885  0.000
   33 C   0.1017   1.139  2.759  0.000
   34 N  -0.2022   1.604  3.598  0.000
   35 C   0.0652   1.144  2.791  0.000
   36 N  -0.0659   1.193  3.873  0.000
   37 C   0.0147   1.152  2.833  0.000
   38 C  -0.0511   1.085  2.966  0.000
   39 C  -0.0215   1.081  2.941  0.000
   40 C  -0.0300   1.078  2.952  0.000
   41 C  -0.0203   1.084  2.936  0.000
   42 C  -0.0250   1.125  2.900  0.000
   43 C  -0.0253   1.125  2.901  0.000
   44 C  -0.0198   1.084  2.936  0.000
   45 C  -0.0291   1.078  2.951  0.000
   46 C  -0.0180   1.080  2.938  0.000
   47 C  -0.0484   1.085  2.963  0.000
   48 C   0.0135   1.152  2.834  0.000
   49 C   0.0652   1.144  2.791  0.000
   50 N  -0.0659   1.193  3.873  0.000
   51 C   0.0147   1.152  2.833  0.000
   52 C  -0.0511   1.085  2.966  0.000
   53 C  -0.0215   1.081  2.941  0.000
   54 C  -0.0300   1.078  2.952  0.000
   55 C  -0.0203   1.084  2.936  0.000
   56 C  -0.0250   1.125  2.900  0.000
   57 C  -0.0253   1.125  2.901  0.000
   58 C  -0.0198   1.084  2.936  0.000
   59 C  -0.0291   1.078  2.951  0.000
   60 C  -0.0180   1.080  2.938  0.000
   61 C  -0.0484   1.085  2.963  0.000
   62 C   0.0135   1.152  2.834  0.000
   63 H   0.0344   0.966  0.000  0.000
   64 H   0.0427   0.957  0.000  0.000
   65 H   0.0381   0.962  0.000  0.000
   66 H   0.0384   0.962  0.000  0.000
   67 H   0.0375   0.963  0.000  0.000
   68 H   0.0370   0.963  0.000  0.000
   69 H   0.0417   0.958  0.000  0.000
   70 H   0.0342   0.966  0.000  0.000
   71 H   0.0342   0.966  0.000  0.000
   72 H   0.0417   0.958  0.000  0.000
   73 H   0.0370   0.963  0.000  0.000
   74 H   0.0375   0.963  0.000  0.000
   75 H   0.0384   0.962  0.000  0.000
   76 H   0.0381   0.962  0.000  0.000
   77 H   0.0427   0.957  0.000  0.000
   78 H   0.0344   0.966  0.000  0.000
   79 H   0.0344   0.966  0.000  0.000
   80 H   0.0427   0.957  0.000  0.000
   81 H   0.0381   0.962  0.000  0.000
   82 H   0.0384   0.962  0.000  0.000
   83 H   0.0375   0.963  0.000  0.000
   84 H   0.0370   0.963  0.000  0.000
   85 H   0.0417   0.958  0.000  0.000
   86 H   0.0342   0.966  0.000  0.000
   87 H   0.0344   0.966  0.000  0.000
   88 H   0.0427   0.957  0.000  0.000
   89 H   0.0381   0.962  0.000  0.000
   90 H   0.0384   0.962  0.000  0.000
   91 H   0.0375   0.963  0.000  0.000
   92 H   0.0370   0.963  0.000  0.000
   93 H   0.0417   0.958  0.000  0.000
   94 H   0.0342   0.966  0.000  0.000
 
 Wiberg/Mayer (AO) data. WBOs > 0.1 written file <wbo>
 largest (>0.05) Wiberg bond orders for each atom
           total WBO             WBO to atom ...
     1  N   3.055    C    2 2.817    C    3 0.077    C    4 0.065    C   49 0.065
     2  C   3.938    N    1 2.817    C    3 1.057
     3  C   3.933    C    4 1.295    C   49 1.295    C    2 1.057    N    1 0.077    C   32 0.073
     4  C   3.925    C   18 1.341    C    3 1.295    N    5 0.997    C   35 0.085    N    1 0.065
     5  N   3.415    C   17 1.031    C    6 1.029    C    4 0.997
     6  C   3.922    C    7 1.377    C   11 1.272    N    5 1.029    C    9 0.093
     7  C   3.966    C    8 1.443    C    6 1.377    H   63 0.941    C   10 0.103
     8  C   3.953    C    7 1.443    C    9 1.401    H   64 0.943    C   11 0.092
     9  C   3.969    C   10 1.457    C    8 1.401    H   65 0.944    C    6 0.093
    10  C   3.960    C    9 1.457    C   11 1.355    H   66 0.944    C    7 0.103
    11  C   3.953    C   10 1.355    C    6 1.272    C   12 1.080    C    8 0.092
    12  C   3.954    C   13 1.355    C   17 1.273    C   11 1.080    C   15 0.092
    13  C   3.960    C   14 1.457    C   12 1.355    H   67 0.944    C   16 0.104
    14  C   3.969    C   13 1.457    C   15 1.402    H   68 0.944    C   17 0.093
    15  C   3.953    C   16 1.444    C   14 1.402    H   69 0.943    C   12 0.092
    16  C   3.967    C   15 1.444    C   17 1.378    H   70 0.943    C   13 0.104
    17  C   3.921    C   16 1.378    C   12 1.273    N    5 1.031    C   14 0.093
    18  C   3.925    C    4 1.341    C   32 1.295    N   19 0.997    C   49 0.085    N   34 0.065
    19  N   3.415    C   20 1.031    C   31 1.029    C   18 0.997
    20  C   3.921    C   21 1.378    C   25 1.273    N   19 1.031    C   23 0.093
    21  C   3.967    C   22 1.444    C   20 1.378    H   71 0.943    C   24 0.104
    22  C   3.953    C   21 1.444    C   23 1.402    H   72 0.943    C   25 0.092
    23  C   3.969    C   24 1.457    C   22 1.402    H   73 0.944    C   20 0.093
    24  C   3.960    C   23 1.457    C   25 1.355    H   74 0.944    C   21 0.104
    25  C   3.954    C   24 1.355    C   20 1.273    C   26 1.080    C   22 0.092
    26  C   3.953    C   27 1.355    C   31 1.272    C   25 1.080    C   29 0.092
    27  C   3.960    C   28 1.457    C   26 1.355    H   75 0.944    C   30 0.103
    28  C   3.969    C   27 1.457    C   29 1.401    H   76 0.944    C   31 0.093
    29  C   3.953    C   30 1.443    C   28 1.401    H   77 0.943    C   26 0.092
    30  C   3.966    C   29 1.443    C   31 1.377    H   78 0.941    C   27 0.103
    31  C   3.922    C   30 1.377    C   26 1.272    N   19 1.029    C   28 0.093
    32  C   3.933    C   18 1.295    C   35 1.295    C   33 1.057    N   34 0.077    C    3 0.073
    33  C   3.938    N   34 2.817    C   32 1.057
    34  N   3.055    C   33 2.817    C   32 0.077    C   18 0.065    C   35 0.065
    35  C   3.925    C   49 1.340    C   32 1.295    N   36 0.997    C    4 0.085    N   34 0.065
    36  N   3.415    C   48 1.031    C   37 1.029    C   35 0.997
    37  C   3.922    C   38 1.377    C   42 1.272    N   36 1.029    C   40 0.093
    38  C   3.966    C   39 1.443    C   37 1.377    H   79 0.941    C   41 0.103
    39  C   3.953    C   38 1.443    C   40 1.401    H   80 0.943    C   42 0.092
    40  C   3.969    C   41 1.457    C   39 1.401    H   81 0.944    C   37 0.093
    41  C   3.960    C   40 1.457    C   42 1.355    H   82 0.944    C   38 0.103
    42  C   3.953    C   41 1.355    C   37 1.272    C   43 1.080    C   39 0.092
    43  C   3.954    C   44 1.356    C   48 1.273    C   42 1.080    C   46 0.092
    44  C   3.960    C   45 1.456    C   43 1.356    H   83 0.944    C   47 0.104
    45  C   3.969    C   44 1.456    C   46 1.402    H   84 0.944    C   48 0.093
    46  C   3.953    C   47 1.444    C   45 1.402    H   85 0.943    C   43 0.092
    47  C   3.967    C   46 1.444    C   48 1.378    H   86 0.943    C   44 0.104
    48  C   3.921    C   47 1.378    C   43 1.273    N   36 1.031    C   45 0.093
    49  C   3.925    C   35 1.340    C    3 1.295    N   50 0.997    C   18 0.085    N    1 0.065
    50  N   3.415    C   62 1.031    C   51 1.029    C   49 0.997
    51  C   3.922    C   52 1.377    C   56 1.272    N   50 1.029    C   54 0.093
    52  C   3.966    C   53 1.443    C   51 1.377    H   87 0.941    C   55 0.103
    53  C   3.953    C   52 1.443    C   54 1.401    H   88 0.943    C   56 0.092
    54  C   3.969    C   55 1.457    C   53 1.401    H   89 0.944    C   51 0.093
    55  C   3.960    C   54 1.457    C   56 1.355    H   90 0.944    C   52 0.103
    56  C   3.953    C   55 1.355    C   51 1.272    C   57 1.080    C   53 0.092
    57  C   3.954    C   58 1.356    C   62 1.273    C   56 1.080    C   60 0.092
    58  C   3.960    C   59 1.456    C   57 1.356    H   91 0.944    C   61 0.104
    59  C   3.969    C   58 1.456    C   60 1.402    H   92 0.944    C   62 0.093
    60  C   3.953    C   61 1.444    C   59 1.402    H   93 0.943    C   57 0.092
    61  C   3.967    C   60 1.444    C   62 1.378    H   94 0.943    C   58 0.104
    62  C   3.921    C   61 1.378    C   57 1.273    N   50 1.031    C   59 0.093
    63  H   0.997    C    7 0.941
    64  H   0.996    C    8 0.943
    65  H   0.996    C    9 0.944
    66  H   0.997    C   10 0.944
    67  H   0.997    C   13 0.944
    68  H   0.996    C   14 0.944
    69  H   0.996    C   15 0.943
    70  H   0.997    C   16 0.943
    71  H   0.997    C   21 0.943
    72  H   0.996    C   22 0.943
    73  H   0.996    C   23 0.944
    74  H   0.997    C   24 0.944
    75  H   0.997    C   27 0.944
    76  H   0.996    C   28 0.944
    77  H   0.996    C   29 0.943
    78  H   0.997    C   30 0.941
    79  H   0.997    C   38 0.941
    80  H   0.996    C   39 0.943
    81  H   0.996    C   40 0.944
    82  H   0.997    C   41 0.944
    83  H   0.997    C   44 0.944
    84  H   0.996    C   45 0.944
    85  H   0.996    C   46 0.943
    86  H   0.997    C   47 0.943
    87  H   0.997    C   52 0.941
    88  H   0.996    C   53 0.943
    89  H   0.996    C   54 0.944
    90  H   0.997    C   55 0.944
    91  H   0.997    C   58 0.944
    92  H   0.996    C   59 0.944
    93  H   0.996    C   60 0.943
    94  H   0.997    C   61 0.943
 
 --------------------------------------------
          xTB calculation for sTDA...
 --------------------------------------------
 
 reading parameter file /home/penavora/Exe_xtb_crest/.param_stda2.xtb
 
      method parameters     
 k(s)        :  1.6000
 k(p)        :  2.1800
 k(d)        :  1.9500
 k(f)        :  2.0000
 k(R-V)      :  2.2750
 k(R-R)      :  1.7650
 Tscal       :  0.2580
 Gscal       :  1.0000
 fpol        :  1.0000
 Zcnf        :  0.3430
 Zqf         :  0.0000
 kcn         :  2.7000
 Ryd Hsplit  :  0.7000
 lshift(virt):  3.1000
 lshift(OS)  :  0.2000
 wllscaling  :  2.6000
 
 mowrcut     : 3.000
 
  Z AO/shell   Hii/eV     exponent
  1     Sun Feb 14 09:53:25 CET 2016    EN: 2.327 GAM: 0.473  GM3: 0.0000
     1s    -14.339618    1.220000
     2sp    -3.348946    0.600000
  6     Sun Feb 14 09:53:25 CET 2016    EN: 2.731 GAM: 0.422  GM3: 0.0000
     2s    -22.009312    1.565095
     2p    -13.020408    1.596905
     3sp    -3.914040    0.824500
  7     Sun Feb 14 09:53:25 CET 2016    EN: 3.573 GAM: 0.504  GM3: 0.0000
     2s    -25.722000    2.064844
     2p    -18.684912    1.801692
     3sp    -4.344791    0.921400
 
 Nbf   :          656
 T(el) :     0.0
 calculating S/T integrals ...
 cpu time for ints    7.24680900000000     
 Nao   :          656
 making H0...
 making H1...
 cpu time for H       1.23465900000000     
 solving ...
 cpu time for diag    2.78528600000000     
 
 gap (eV)           :   6.142
 Koopmans IP (eV)   :  13.730
 Eel (Eh)           :  -245.948780

          eigenvalues
 #    :         131        132        133        134        135        136        137        138
 occ. :        2.000      2.000      2.000      2.000      2.000      2.000      2.000      2.000
 eps  :       -16.234    -15.968    -15.960    -15.924    -15.923    -14.896    -14.894    -14.776
 #    :         139        140        141        142        143        144        145        146
 occ. :        2.000      2.000      2.000      2.000      2.000      0.000      0.000      0.000
 eps  :       -14.773    -14.246    -14.234    -13.967    -13.731     -7.589     -6.644     -6.371
 #    :         147        148        149        150        151        152        153        154
 occ. :        0.000      0.000      0.000      0.000      0.000      0.000      0.000      0.000
 eps  :        -6.360     -6.344     -6.150     -5.586     -5.565     -5.425     -5.416     -4.995
                            1  SCC done.
 writing mo output ...
 molden style : F
 
speedup 17.91
cpu  time for all   20.76 s
wall time for all    1.16 s
