  72
 Etot=        -110.1327376554
 C          1.7587606927        1.2218708314        3.2172722268
 C          2.4211316182        1.9650917438        2.2548936773
 C          2.7100803089        1.4057062298        1.0115181176
 C          3.3186945582        2.1944125800       -0.0753808294
 C          4.4135612848        3.0148206403        0.1735874433
 C          5.0033102913        3.7415350372       -0.8446273650
 C          4.5038435631        3.6562526516       -2.1328296859
 C          3.4111747068        2.8485574122       -2.3950071420
 C          2.8048353361        2.1214652153       -1.3803760698
 C          1.6266977681        1.2718084452       -1.6675893365
 C          1.7678188745        0.1022859859       -2.4088331842
 C          0.7098016937       -0.7836119940       -2.5099492843
 C         -0.5001619147       -0.5026905833       -1.9040355203
 C         -0.6824556008        0.7111417956       -1.2436976447
 N         -1.9282833039        1.0218648775       -0.6875147619
 C         -3.1525603592        0.7624327498       -1.2779734718
 C         -3.4455619284        0.3028362086       -2.5545100502
 C         -4.7747321446        0.1604907935       -2.9040662199
 C         -5.8004639291        0.4765490378       -2.0164755379
 C         -5.5181390977        0.9699905343       -0.7590632763
 C         -4.1890292404        1.1228758497       -0.3877607653
 C         -3.5532041627        1.6273653180        0.7956782241
 C         -4.0437716409        2.1097228113        2.0017452534
 C         -3.1452661769        2.5111312765        2.9694260745
 C         -1.7738810736        2.4228631790        2.7452479057
 C         -1.2636234834        1.9455848810        1.5528755720
 C         -2.1596748059        1.5558036802        0.5671338720
 C          0.3876190504        1.5930160065       -1.1294130580
 C          2.3511782675        0.0842613152        0.7816453229
 C          1.6117580485       -0.6322558692        1.7123677288
 N          1.1063577564       -1.8873854778        1.3290061424
 C          1.8201414534       -2.8447306486        0.6354565591
 C          3.1938870604       -3.0079181504        0.5326793592
 C          3.6622842229       -4.0835166786       -0.1972307297
 C          2.7900063649       -4.9832985170       -0.8060255461
 C          1.4218875118       -4.8332424755       -0.6951286850
 C          0.9273516155       -3.7578157952        0.0306279304
 C         -0.3966535417       -3.2965622442        0.3428368580
 C         -1.6676536485       -3.7278400863       -0.0139961784
 C         -2.7600157200       -3.0043583671        0.4221895106
 C         -2.5971569660       -1.8728461222        1.2175635076
 C         -1.3431465234       -1.4316761096        1.5946922875
 C         -0.2420453367       -2.1426953227        1.1441849827
 C          1.3222827167       -0.0650076542        2.9474968300
 H          1.5497231460        1.6619951497        4.1812132977
 H          2.6903146864        2.9915401150        2.4561868994
 H          4.8174387373        3.0633763757        1.1746418097
 H          5.8560783372        4.3697610706       -0.6337691803
 H          4.9636335185        4.2179588098       -2.9323463109
 H          3.0101942891        2.7840216884       -3.3964683035
 H          2.7227464989       -0.1334202485       -2.8563049672
 H          0.8383799078       -1.7171149444       -3.0375706317
 H         -1.3002392764       -1.2260909481       -1.9226154248
 H         -2.6645966859        0.0781895608       -3.2645965196
 H         -5.0236137196       -0.1994166256       -3.8916087973
 H         -6.8268254536        0.3464340881       -2.3259678744
 H         -6.3103810958        1.2402013212       -0.0770657026
 H         -5.1080722943        2.1632568135        2.1753796718
 H         -3.5046787280        2.8911253352        3.9141920515
 H         -1.0885116584        2.7298746026        3.5216248019
 H         -0.1982193753        1.8627212984        1.4128614266
 H          0.2604029461        2.5367628271       -0.6215729576
 H          2.6091187916       -0.3936645864       -0.1487883316
 H          3.8744078395       -2.3198429899        1.0121508456
 H          4.7276665208       -4.2323178440       -0.2951126782
 H          3.1951646593       -5.8125739584       -1.3669024941
 H          0.7471264352       -5.5372373549       -1.1588049356
 H         -1.7932483741       -4.6058476887       -0.6300877348
 H         -3.7564276244       -3.3142529212        0.1438933407
 H         -3.4680415749       -1.3234700623        1.5434203410
 H         -1.2305204584       -0.5505320054        2.2063468970
 H          0.7637566474       -0.6235232515        3.6827174537
