  85
 Etot=         -99.2033401654
 C          0.0849279513        4.5682849041        1.4719605224
 C         -0.7324112759        4.2217450266        0.2213969395
 C         -1.9683196255        5.1148609342        0.1417445324
 C         -1.0544564646        2.7493383183        0.2143434499
 C         -2.2367493095        2.2175292085        0.5123842881
 C         -2.4829126400        0.7843816626        0.4498593041
 C         -3.7896742937        0.3870905037        1.1160603480
 C         -4.9684051260        0.4676470421        0.1410445702
 C         -3.7833618675       -0.9611004226        1.8349767897
 C         -1.6208214628       -0.0273550388       -0.1928649033
 C         -1.9857328857       -1.4286947257       -0.5058841715
 C         -2.9037326487       -1.6970142519       -1.5184490096
 C         -3.2596054051       -2.9967394753       -1.8302986962
 C         -2.7065248065       -4.0566268110       -1.1326891627
 C         -1.8115451005       -3.8031260687       -0.1083215116
 C         -1.4600053979       -2.5021356884        0.2034258968
 C         -0.2875908841        0.4923911162       -0.7255851649
 C         -0.3039417012        0.7011027699       -2.2685311998
 C         -1.4242776450        1.6441415328       -2.7094266431
 C         -0.3660332536       -0.5786590283       -3.1046928876
 P          1.0458187015       -0.8571199486       -0.3650055157
 C          2.6208147906       -0.2388531689       -1.2098513547
 C          3.1748515236        1.1845619433       -1.0296940929
 C          4.7010970836        1.2086212455       -1.1750315995
 C          5.1391475357        0.2712263310       -2.2940952758
 C          4.8490231303       -1.1876710671       -1.9146230074
 C          3.6991961517       -1.2849763911       -0.9071684835
 C          1.3411400201       -0.7382750244        1.5092086883
 C          1.7024572475       -2.1552073023        1.9797616512
 C          1.3723103626       -2.3152918688        3.4670222968
 C          1.6344206178       -1.0080046989        4.2252327372
 C          2.7652767255       -0.2394030621        3.5520109960
 C          2.3644164308        0.2193653588        2.1374666821
 C          0.0915306987        1.8150227633       -0.0410124729
 H         -0.4821628035        4.3239854551        2.3677697634
 H          0.3176434422        5.6308571782        1.4884059343
 H          1.0197157685        4.0133486988        1.4916342581
 H         -0.1068327307        4.4305401504       -0.6570709739
 H         -2.5917505684        4.8339011910       -0.7041020152
 H         -2.5583816984        5.0411186247        1.0518971104
 H         -1.6674382420        6.1531684166        0.0180040815
 H         -3.0825337702        2.8349920202        0.7731025702
 H         -3.9602552455        1.1487825387        1.8888387205
 H         -4.9495813646        1.4070886057       -0.4081818090
 H         -5.9085561852        0.4056334546        0.6859843976
 H         -4.9326696229       -0.3534366501       -0.5690435004
 H         -4.6395654376       -1.0140951909        2.5057609795
 H         -2.8784690993       -1.0755572772        2.4272211989
 H         -3.8501279547       -1.7908011937        1.1386850454
 H         -3.3452012683       -0.8782537956       -2.0688928930
 H         -3.9732091894       -3.1824002528       -2.6208053680
 H         -2.9814513376       -5.0718936530       -1.3785132907
 H         -1.3911513179       -4.6221938554        0.4575833593
 H         -0.8101169012       -2.3125010111        1.0412334797
 H          0.6455432629        1.1943873976       -2.5081219325
 H         -1.4280626352        1.7248348182       -3.7951453582
 H         -2.3923062738        1.2692024285       -2.3881676003
 H         -1.2930423856        2.6383026975       -2.2920842440
 H          0.2572807338       -1.3632613544       -2.6786952377
 H         -0.0154065079       -0.3700801017       -4.1146651004
 H         -1.3783840190       -0.9601331785       -3.1723885129
 H          2.3683407878       -0.3700462173       -2.2706152166
 H          2.9067535762        1.6080722596       -0.0642517540
 H          2.7481997782        1.8306401825       -1.8011647448
 H          5.1801284945        0.9049045605       -0.2420899298
 H          5.0247191906        2.2296467407       -1.3888928412
 H          4.5957358031        0.5377629581       -3.2032130129
 H          6.2030771071        0.3994083469       -2.5006290788
 H          4.5985989579       -1.7530504687       -2.8141117909
 H          5.7401825549       -1.6451261329       -1.4797805439
 H          3.2584544362       -2.2848751851       -0.9487170510
 H          4.0829526517       -1.1441511038        0.1034273817
 H          0.3412889538       -0.4988221062        1.8993458366
 H          1.1755883535       -2.9133557055        1.3967439630
 H          2.7680915964       -2.3199620990        1.8135787971
 H          0.3252891785       -2.6023701593        3.5878434608
 H          1.9815086814       -3.1187279825        3.8860105449
 H          0.7364476696       -0.3865732707        4.2331895993
 H          1.8909531199       -1.2215431957        5.2643260144
 H          3.6447492105       -0.8847494407        3.5045210430
 H          3.0359256615        0.6332135067        4.1500862146
 H          3.2664109062        0.2670622916        1.5302296521
 H          1.9537738449        1.2289077007        2.2053569427
 H          0.5255896016        1.5932245708        0.9354384892
 H          0.8494159675        2.3254054803       -0.6337538484
  85
 Etot=         -99.2033401467
 C          0.0849270251        4.5682816054        1.4719634557
 C         -0.7324122820        4.2217469643        0.2213988183
 C         -1.9683214544        5.1148617900        0.1417486862
 C         -1.0544587564        2.7493403478        0.2143456171
 C         -2.2367504455        2.2175309300        0.5123834522
 C         -2.4829099624        0.7843796393        0.4498582154
 C         -3.7896759765        0.3870926803        1.1160564795
 C         -4.9684077960        0.4676474914        0.1410376722
 C         -3.7833633844       -0.9610991710        1.8349735220
 C         -1.6208208296       -0.0273557728       -0.1928645419
 C         -1.9857309771       -1.4286953002       -0.5058848152
 C         -2.9037304441       -1.6970179068       -1.5184524963
 C         -3.2595990983       -2.9967395067       -1.8302973331
 C         -2.7065194715       -4.0566304857       -1.1326877614
 C         -1.8115420160       -3.8031241591       -0.1083176550
 C         -1.4600057688       -2.5021336551        0.2034271701
 C         -0.2875900261        0.4923912737       -0.7255869540
 C         -0.3039405784        0.7011049531       -2.2685310324
 C         -1.4242767228        1.6441440555       -2.7094269349
 C         -0.3660344398       -0.5786563517       -3.1046919606
 P          1.0458160961       -0.8571265565       -0.3650062835
 C          2.6208117801       -0.2388537757       -1.2098509690
 C          3.1748502014        1.1845621543       -1.0296950232
 C          4.7010964735        1.2086192651       -1.1750340968
 C          5.1391469394        0.2712230747       -2.2940967121
 C          4.8490193055       -1.1876742259       -1.9146243148
 C          3.6991932722       -1.2849773331       -0.9071675325
 C          1.3411408894       -0.7382738203        1.5092084045
 C          1.7024572350       -2.1552040078        1.9797618116
 C          1.3723133162       -2.3152907342        3.4670236352
 C          1.6344241349       -1.0080038064        4.2252342119
 C          2.7652791419       -0.2394014264        3.5520115627
 C          2.3644182038        0.2193654237        2.1374656977
 C          0.0915285860        1.8150235200       -0.0410101872
 H         -0.4821662432        4.3239832111        2.3677708996
 H          0.3176434381        5.6308539382        1.4884111116
 H          1.0197146028        4.0133435016        1.4916390340
 H         -0.1068301517        4.4305427837       -0.6570672741
 H         -2.5917520311        4.8339043801       -0.7040986150
 H         -2.5583838775        5.0411199149        1.0519016985
 H         -1.6674382879        6.1531685470        0.0180086421
 H         -3.0825368748        2.8349922638        0.7730988005
 H         -3.9602607432        1.1487844221        1.8888358358
 H         -4.9495816303        1.4070880974       -0.4081909611
 H         -5.9085618865        0.4056361913        0.6859794025
 H         -4.9326718621       -0.3534397944       -0.5690469131
 H         -4.6395717168       -1.0140941367        2.5057547942
 H         -2.8784730069       -1.0755542337        2.4272233046
 H         -3.8501280951       -1.7908021114        1.1386826788
 H         -3.3452014342       -0.8782578199       -2.0688965866
 H         -3.9732052301       -3.1824069341       -2.6208047044
 H         -2.9814454082       -5.0718971204       -1.3785092710
 H         -1.3911468012       -4.6221925119        0.4575889606
 H         -0.8101172994       -2.3124951564        1.0412356024
 H          0.6455454418        1.1943904117       -2.5081195060
 H         -1.4280623303        1.7248358997       -3.7951461603
 H         -2.3923063229        1.2692079547       -2.3881639996
 H         -1.2930374237        2.6383050981       -2.2920873379
 H          0.2572729581       -1.3632615392       -2.6786918195
 H         -0.0154003158       -0.3700805576       -4.1146609898
 H         -1.3783864819       -0.9601261071       -3.1723947023
 H          2.3683391890       -0.3700469357       -2.2706150881
 H          2.9067551065        1.6080715879       -0.0642525346
 H          2.7481985629        1.8306415791       -1.8011661462
 H          5.1801309047        0.9049029889       -0.2420934054
 H          5.0247193925        2.2296427788       -1.3888973276
 H          4.5957371365        0.5377605755       -3.2032155059
 H          6.2030782018        0.3994039089       -2.5006302979
 H          4.5985927442       -1.7530520135       -2.8141135725
 H          5.7401794194       -1.6451319950       -1.4797860028
 H          3.2584532525       -2.2848776305       -0.9487157056
 H          4.0829531350       -1.1441512875        0.1034263007
 H          0.3412882437       -0.4988215688        1.8993473398
 H          1.1755871810       -2.9133528896        1.3967447255
 H          2.7680911910       -2.3199605687        1.8135781453
 H          0.3252922670       -2.6023682847        3.5878442230
 H          1.9815110656       -3.1187288704        3.8860107896
 H          0.7364503861       -0.3865718889        4.2331945529
 H          1.8909599511       -1.2215434496        5.2643264418
 H          3.6447524273       -0.8847460748        3.5045194856
 H          3.0359273242        0.6332159395        4.1500872473
 H          3.2664120573        0.2670620514        1.5302273043
 H          1.9537757192        1.2289064482        2.2053573128
 H          0.5255841597        1.5932229855        0.9354419417
 H          0.8494177346        2.3254051588       -0.6337482273
  85
 Etot=         -99.2033401696
 C          0.0849260989        4.5682783068        1.4719663890
 C         -0.7324132880        4.2217489021        0.2214006972
 C         -1.9683232834        5.1148626458        0.1417528400
 C         -1.0544610481        2.7493423773        0.2143477842
 C         -2.2367515815        2.2175326516        0.5123826164
 C         -2.4829072848        0.7843776161        0.4498571267
 C         -3.7896776592        0.3870948569        1.1160526110
 C         -4.9684104661        0.4676479407        0.1410307741
 C         -3.7833649013       -0.9610979195        1.8349702543
 C         -1.6208201964       -0.0273565068       -0.1928641804
 C         -1.9857290685       -1.4286958748       -0.5058854590
 C         -2.9037282394       -1.6970215616       -1.5184559829
 C         -3.2595927914       -2.9967395381       -1.8302959700
 C         -2.7065141365       -4.0566341603       -1.1326863600
 C         -1.8115389314       -3.8031222496       -0.1083137985
 C         -1.4600061397       -2.5021316218        0.2034284433
 C         -0.2875891680        0.4923914313       -0.7255887431
 C         -0.3039394557        0.7011071364       -2.2685308650
 C         -1.4242758006        1.6441465783       -2.7094272266
 C         -0.3660356261       -0.5786536751       -3.1046910336
 P          1.0458134907       -0.8571331644       -0.3650070513
 C          2.6208087695       -0.2388543825       -1.2098505834
 C          3.1748488792        1.1845623653       -1.0296959535
 C          4.7010958633        1.2086172847       -1.1750365942
 C          5.1391463431        0.2712198184       -2.2940981484
 C          4.8490154808       -1.1876773847       -1.9146256222
 C          3.6991903927       -1.2849782751       -0.9071665815
 C          1.3411417587       -0.7382726163        1.5092081207
 C          1.7024572224       -2.1552007133        1.9797619720
 C          1.3723162697       -2.3152895997        3.4670249736
 C          1.6344276521       -1.0080029140        4.2252356866
 C          2.7652815583       -0.2393997906        3.5520121294
 C          2.3644199769        0.2193654885        2.1374647133
 C          0.0915264732        1.8150242768       -0.0410079014
 H         -0.4821696830        4.3239809672        2.3677720357
 H          0.3176434340        5.6308506982        1.4884162889
 H          1.0197134371        4.0133383045        1.4916438099
 H         -0.1068275727        4.4305454170       -0.6570635743
 H         -2.5917534938        4.8339075692       -0.7040952149
 H         -2.5583860566        5.0411212051        1.0519062867
 H         -1.6674383338        6.1531686774        0.0180132028
 H         -3.0825399794        2.8349925073        0.7730950308
 H         -3.9602662409        1.1487863054        1.8888329512
 H         -4.9495818960        1.4070875890       -0.4082001131
 H         -5.9085675877        0.4056389281        0.6859744075
 H         -4.9326741014       -0.3534429388       -0.5690503258
 H         -4.6395779961       -1.0140930825        2.5057486089
 H         -2.8784769144       -1.0755511903        2.4272254103
 H         -3.8501282355       -1.7908030292        1.1386803122
 H         -3.3452016001       -0.8782618442       -2.0689002802
 H         -3.9732012708       -3.1824136154       -2.6208040408
 H         -2.9814394788       -5.0719005878       -1.3785052513
 H         -1.3911422844       -4.6221911685        0.4575945620
 H         -0.8101176976       -2.3124893016        1.0412377250
 H          0.6455476207        1.1943934257       -2.5081170796
 H         -1.4280620253        1.7248369813       -3.7951469624
 H         -2.3923063719        1.2692134809       -2.3881603989
 H         -1.2930324618        2.6383074986       -2.2920904319
 H          0.2572651825       -1.3632617240       -2.6786884013
 H         -0.0153941237       -0.3700810136       -4.1146568791
 H         -1.3783889448       -0.9601190357       -3.1724008918
 H          2.3683375903       -0.3700476541       -2.2706149597
 H          2.9067566367        1.6080709163       -0.0642533151
 H          2.7481973477        1.8306429757       -1.8011675476
 H          5.1801333150        0.9049014173       -0.2420968809
 H          5.0247195944        2.2296388169       -1.3889018141
 H          4.5957384699        0.5377581928       -3.2032179989
 H          6.2030792966        0.3993994708       -2.5006315170
 H          4.5985865304       -1.7530535584       -2.8141153542
 H          5.7401762839       -1.6451378571       -1.4797914617
 H          3.2584520688       -2.2848800760       -0.9487143601
 H          4.0829536183       -1.1441514711        0.1034252198
 H          0.3412875336       -0.4988210315        1.8993488430
 H          1.1755860084       -2.9133500736        1.3967454881
 H          2.7680907855       -2.3199590385        1.8135774935
 H          0.3252953555       -2.6023664101        3.5878449851
 H          1.9815134498       -3.1187297583        3.8860110344
 H          0.7364531027       -0.3865705071        4.2331995065
 H          1.8909667822       -1.2215437035        5.2643268691
 H          3.6447556441       -0.8847427090        3.5045179283
 H          3.0359289869        0.6332183724        4.1500882801
 H          3.2664132084        0.2670618111        1.5302249565
 H          1.9537775934        1.2289051956        2.2053576829
 H          0.5255787179        1.5932214003        0.9354453942
 H          0.8494195018        2.3254048373       -0.6337426063
