  110
 Etot=        -148.2535599616
 C          3.6003090378        5.4405602966        0.5905408705
 C          4.8002751310        4.8172934009       -0.1388080201
 C          6.0670074252        5.1632742678        0.6500354449
 C          4.9307929257        5.4296323411       -1.5417960048
 C          4.5802484129        3.3169538589       -0.2679395697
 C          3.4551457953        2.8554004724       -0.9628264138
 C          3.1742696292        1.5089198990       -1.1265067076
 C          4.0417197990        0.5889442793       -0.5602810935
 C          5.2004854319        1.0272563521        0.1218496336
 C          5.4606231974        2.3846643241        0.2671798527
 C          5.9072461334       -0.1556508696        0.5264464682
 C          7.0816295871       -0.3624201213        1.2402074716
 C          7.5054232348       -1.6575361185        1.5115605078
 C          8.7821725161       -1.9545144253        2.2847702603
 C          9.7123933190       -2.8124449324        1.4136821511
 C          8.4247764357       -2.7166999856        3.5699917796
 C          9.5420736680       -0.6847129577        2.6809204583
 C          6.7169695094       -2.7276196150        1.0695086488
 C          5.5429301525       -2.5501582325        0.3562400658
 C          5.1479928754       -1.2551424106        0.0627539656
 N          4.0229153093       -0.7927990926       -0.5929541494
 C          3.0407425601       -1.5799177950       -1.1958870551
 C          3.4269811547       -2.6402748563       -2.0239854704
 C          2.4650144618       -3.4415639441       -2.6501403071
 C          1.1360615631       -3.1570225990       -2.4177704922
 N          0.0117558995       -3.7749024918       -2.9015167651
 C         -1.1119233305       -3.1557792615       -2.4195864746
 C         -2.4411597654       -3.4381856394       -2.6542945342
 C         -3.4028408314       -2.6371333984       -2.0280393129
 C         -3.0167863898       -1.5782960195       -1.1970489087
 N         -3.9990859190       -0.7935118896       -0.5931902475
 C         -4.0153689633        0.5886123232       -0.5498811542
 C         -3.1440301946        1.5108665450       -1.1015522462
 C         -3.4189253099        2.8619546604       -0.9303653429
 C         -4.5448763744        3.3171596073       -0.2417885119
 C         -4.8443917217        4.7974374934       -0.0523911072
 C         -6.1894417542        5.1251730687       -0.7187196927
 C         -3.7757889588        5.7070339589       -0.6664643215
 C         -4.9221043622        5.1042018093        1.4511740009
 C         -5.4335609532        2.3781346869        0.2791985835
 C         -5.1801797723        1.0228361531        0.1277032581
 C         -5.8918283469       -0.1619675809        0.5164932495
 C         -7.0732631413       -0.3728834767        1.2178212093
 C         -7.5009649749       -1.6695295704        1.4754618787
 C         -8.7868262470       -1.9707778867        2.2315396832
 C         -8.4454920151       -2.7412250982        3.5161895534
 C         -9.7064661702       -2.8230335107        1.3436996675
 C         -9.5514195730       -0.7033011062        2.6260638158
 C         -6.7084465841       -2.7373828091        1.0349631680
 C         -5.5274794268       -2.5556514044        0.3333437427
 C         -5.1299497174       -1.2592790777        0.0507510792
 C         -1.6711213472       -1.2870406879       -0.9562011668
 C         -0.6971131706       -2.0841728326       -1.5707963550
 C          0.7212650804       -2.0848781874       -1.5701083444
 C          1.6954657366       -1.2874728050       -0.9560392923
 H          3.4873503312        4.9950478111        1.5771946733
 H          2.6765355369        5.2860563869        0.0399057146
 H          3.7505268689        6.5116200956        0.7101724997
 H          6.0179739427        4.7676909761        1.6620980630
 H          6.1676339318        6.2449192696        0.7166116154
 H          6.9545514704        4.7740716062        0.1561734326
 H          5.7623673002        4.9730117325       -2.0752331226
 H          4.0277580764        5.2786179979       -2.1266725589
 H          5.1136225696        6.4996908003       -1.4671902005
 H          2.7721632102        3.5665669301       -1.4010633180
 H          2.3090076657        1.1940205122       -1.6897951653
 H          6.3511186851        2.6865719120        0.7920079598
 H          7.6391394322        0.4951914377        1.5768880108
 H          9.2530055939       -3.7630638399        1.1574956112
 H         10.6400383717       -3.0153642359        1.9450687188
 H          9.9507448447       -2.2889047108        0.4896780749
 H          7.9438518481       -3.6654822342        3.3483242518
 H          7.7454408998       -2.1253018275        4.1810469816
 H          9.3244168106       -2.9173404807        4.1483196375
 H          9.8317173841       -0.1122029117        1.8025526247
 H         10.4483819893       -0.9580522640        3.2179641440
 H          8.9415952360       -0.0570180843        3.3355132163
 H          7.0204640677       -3.7389325364        1.2918479508
 H          4.9519022821       -3.4004123248        0.0516273443
 H          4.4740956908       -2.8072823175       -2.2184424629
 H          2.7648407541       -4.2410726060       -3.3104528795
 H          0.0116089248       -4.5752432561       -3.5132216718
 H         -2.7409652101       -4.2363519941       -3.3162328068
 H         -4.4497609875       -2.8015596212       -2.2255833940
 H         -2.2757936758        1.1995220514       -1.6621581676
 H         -2.7263870393        3.5660983806       -1.3599230250
 H         -6.1501587326        4.8894533891       -1.7806062980
 H         -6.4139056649        6.1841158253       -0.6076334813
 H         -7.0015453461        4.5565553885       -0.2742023928
 H         -3.7051724419        5.5588882160       -1.7417486942
 H         -4.0414780038        6.7474081169       -0.4884675413
 H         -2.8022796464        5.5274539727       -0.2156959157
 H         -3.9789007845        4.8560480014        1.9342893010
 H         -5.1224632831        6.1623001692        1.6070906059
 H         -5.7113801442        4.5340069272        1.9330946924
 H         -6.3270160915        2.6877701364        0.7982295309
 H         -7.6331239054        0.4827808511        1.5555344446
 H         -7.9627757836       -3.6890103344        3.2942525221
 H         -9.3521774063       -2.9445910300        4.0824312810
 H         -7.7730001067       -2.1542770753        4.1389958386
 H         -9.2449249922       -3.7729069344        1.0886242296
 H        -10.6413458268       -3.0274555261        1.8616683764
 H         -9.9318689681       -2.2943341446        0.4193942884
 H        -10.4646339079       -0.9798898041        3.1495196095
 H         -9.8295741300       -0.1251270253        1.7476684552
 H         -8.9593855063       -0.0799605822        3.2923950826
 H         -7.0139685510       -3.7499004518        1.2484610504
 H         -4.9338543390       -3.4044316086        0.0298837999
 H         -1.3950709928       -0.5029617720       -0.2699089426
 H          1.4197384726       -0.5006884719       -0.2726273432
  110
 Etot=        -148.2535989487
 C          3.6007562947        5.4390789435        0.5898728455
 C          4.8000365213        4.8155125621       -0.1390844767
 C          6.0661455554        5.1616900269        0.6496849742
 C          4.9306075978        5.4283807500       -1.5411843733
 C          4.5801538752        3.3156825707       -0.2678955076
 C          3.4550742709        2.8547600665       -0.9626223824
 C          3.1733946427        1.5081687839       -1.1250301124
 C          4.0409614230        0.5885910900       -0.5591154069
 C          5.2000921997        1.0269332396        0.1224982843
 C          5.4605637298        2.3842356083        0.2675409812
 C          5.9067530607       -0.1554128072        0.5263912154
 C          7.0809293232       -0.3618889739        1.2403826836
 C          7.5041853556       -1.6568893399        1.5110455413
 C          8.7804919568       -1.9540602487        2.2838139433
 C          9.7106779750       -2.8115540896        1.4133521944
 C          8.4240542958       -2.7162840184        3.5685256164
 C          9.5404249703       -0.6849160528        2.6800123010
 C          6.7164327237       -2.7271381076        1.0691530840
 C          5.5430045993       -2.5497995356        0.3546743164
 C          5.1475909715       -1.2549093776        0.0623072372
 N          4.0223453011       -0.7924885631       -0.5919979106
 C          3.0402240083       -1.5788950820       -1.1943967484
 C          3.4264228247       -2.6401389007       -2.0211304212
 C          2.4649732629       -3.4400041638       -2.6479938943
 C          1.1358940356       -3.1549232863       -2.4166762298
 N          0.0117511236       -3.7729701891       -2.9002381871
 C         -1.1118056261       -3.1536827361       -2.4185273647
 C         -2.4411743945       -3.4366820246       -2.6521439981
 C         -3.4023590534       -2.6368780304       -2.0253722229
 C         -3.0163554849       -1.5772587650       -1.1956170086
 N         -3.9985918369       -0.7931906400       -0.5922216593
 C         -4.0146958822        0.5882636933       -0.5487451077
 C         -3.1431900276        1.5100093771       -1.1002424501
 C         -3.4188712602        2.8612202719       -0.9305223845
 C         -4.5446279870        3.3158756894       -0.2419461481
 C         -4.8441143174        4.7955958288       -0.0526425471
 C         -6.1885617895        5.1238438920       -0.7184744631
 C         -3.7761059738        5.7052375886       -0.6663763443
 C         -4.9219108218        5.1026571575        1.4502521627
 C         -5.4334478259        2.3778573231        0.2794889541
 C         -5.1798226444        1.0226054056        0.1283279005
 C         -5.8913687966       -0.1616591574        0.5164857754
 C         -7.0726030385       -0.3723210766        1.2180301083
 C         -7.4997971585       -1.6688560632        1.4749130618
 C         -8.7851494147       -1.9703216679        2.2306489463
 C         -8.4446077499       -2.7407495185        3.5147674166
 C         -9.7048228540       -2.8220820701        1.3434531701
 C         -9.5497546230       -0.7035166258        2.6253169356
 C         -6.7080725105       -2.7368894993        1.0344024856
 C         -5.5276293999       -2.5552477661        0.3317206230
 C         -5.1295959343       -1.2589895327        0.0503379864
 C         -1.6706839341       -1.2844561182       -0.9567937378
 C         -0.6972871719       -2.0814225127       -1.5708448317
 C          0.7213607256       -2.0821278201       -1.5701209369
 C          1.6949382000       -1.2848507583       -0.9566553930
 H          3.4882588055        4.9937867482        1.5763398464
 H          2.6772812297        5.2838102675        0.0393341811
 H          3.7504099523        6.5101797557        0.7091585459
 H          6.0169307430        4.7658944351        1.6614427620
 H          6.1668745021        6.2432168187        0.7164723666
 H          6.9533748054        4.7723866649        0.1558411718
 H          5.7623119533        4.9720640394       -2.0740292777
 H          4.0278350760        5.2767339251       -2.1259450681
 H          5.1128953479        6.4984676482       -1.4667160742
 H          2.7725910185        3.5662393876       -1.4007830373
 H          2.3086545461        1.1931054236       -1.6884891822
 H          6.3511026006        2.6861420574        0.7920453504
 H          7.6381711045        0.4956672346        1.5772535165
 H          9.2507259059       -3.7615421670        1.1568886995
 H         10.6381490229       -3.0149180416        1.9446633976
 H          9.9489914632       -2.2876172610        0.4899773870
 H          7.9426902737       -3.6643870546        3.3462324956
 H          7.7453102945       -2.1247907576        4.1795743497
 H          9.3236631081       -2.9174757916        4.1465197819
 H          9.8296291682       -0.1124892676        1.8017233554
 H         10.4467788854       -0.9582519631        3.2167413275
 H          8.9400876642       -0.0573990586        3.3345310954
 H          7.0204239344       -3.7381390318        1.2915602368
 H          4.9521402755       -3.3999180792        0.0502515149
 H          4.4734511628       -2.8073641425       -2.2150049188
 H          2.7647823440       -4.2395560984       -3.3078788297
 H          0.0116531384       -4.5740143238       -3.5110654115
 H         -2.7409733160       -4.2346286753       -3.3139631349
 H         -4.4491830509       -2.8016084854       -2.2222829546
 H         -2.2755650238        1.1983802652       -1.6611239219
 H         -2.7268285284        3.5655752015       -1.3601968940
 H         -6.1489204979        4.8881811826       -1.7800071417
 H         -6.4132529172        6.1826414161       -0.6073546136
 H         -7.0001896443        4.5549091059       -0.2739766710
 H         -3.7054158251        5.5568073294       -1.7413660976
 H         -4.0416478020        6.7455521779       -0.4884584458
 H         -2.8028757541        5.5254478238       -0.2155875364
 H         -3.9788850331        4.8546099760        1.9331008036
 H         -5.1225699175        6.1605658552        1.6066439117
 H         -5.7108630130        4.5319133651        1.9316230536
 H         -6.3266940378        2.6876815179        0.7984921325
 H         -7.6322714354        0.4832671562        1.5558359753
 H         -7.9613317484       -3.6878130200        3.2922480226
 H         -9.3512498733       -2.9447990620        4.0806385605
 H         -7.7727949882       -2.1536343758        4.1375847758
 H         -9.2426008401       -3.7712308381        1.0880098549
 H        -10.6394071272       -3.0271485160        1.8614748123
 H         -9.9303885539       -2.2929606130        0.4198301597
 H        -10.4629911796       -0.9799965166        3.1485856736
 H         -9.8275148235       -0.1254052686        1.7470280321
 H         -8.9577179078       -0.0804434527        3.2915510181
 H         -7.0141049552       -3.7491127169        1.2479348338
 H         -4.9341888355       -3.4039019422        0.0283654979
 H         -1.3945149633       -0.5000729916       -0.2713458018
 H          1.4190713448       -0.4975660192       -0.2743363252
