  154
 Etot=        -222.0287202108
 C          4.7383522378       -3.1302702183        3.4142417319
 C          4.0784324565       -1.7486189471        3.4398233376
 C          3.9251566034       -1.3086483018        4.9020473333
 C          2.6949707894       -1.8717691676        2.7832263167
 C          4.8911189316       -0.7083290605        2.6838924763
 C          4.3365147212        0.5638178571        2.4877722221
 C          4.9576430928        1.5409142079        1.7381070503
 C          6.1734572168        1.2286016703        1.1499211457
 C          6.8005097726       -0.0037368464        1.4150044510
 C          6.1518190056       -0.9698870741        2.1727866707
 C          8.0460038221        0.0167424840        0.6975345086
 C          9.0783376524       -0.9023280579        0.5701771530
 C         10.1592015790       -0.6135206405       -0.2471144233
 C         11.3377575121       -1.5625670103       -0.4143216919
 C         12.6024218792       -0.8784607412        0.1245860940
 C         11.1449623348       -2.8772606384        0.3468612583
 C         11.5279702622       -1.8982202119       -1.9002796769
 C         10.1698972934        0.6058924666       -0.9367280138
 C          9.1548171579        1.5360634597       -0.8316673838
 C          8.0905977546        1.2443591922        0.0044820875
 N          6.9536032483        1.9799221187        0.2897117446
 C          6.4634893181        3.0438159686       -0.4792325297
 C          7.1794243464        4.2305537142       -0.5788039177
 C          6.6711955911        5.2930790203       -1.3046941207
 C          5.4311907029        5.1930872743       -1.9149969319
 C          4.7095325120        4.0168063478       -1.8218031112
 C          5.2267702699        2.9283092757       -1.1328379549
 C          4.4854827851        1.6585427487       -1.0810926889
 N          5.1721053032        0.5409180840       -1.2760017688
 C          4.5230083935       -0.5899689374       -1.0160827094
 C          5.2849622585       -1.8343573950       -1.0783567856
 C          4.7224711029       -3.0249871629       -0.6231404918
 C          5.4715439441       -4.1851387354       -0.6155929255
 C          6.7815613657       -4.1689896033       -1.0694348008
 C          7.3384279294       -2.9901835036       -1.5393270856
 C          6.5981410737       -1.8246597088       -1.5435959739
 N          3.2486737081       -0.6399890100       -0.6400632386
 C          2.6097471460        0.5237850570       -0.5929438656
 C          1.1967182942        0.5176006418       -0.2179266929
 C          0.5191560673       -0.6897480648       -0.0479369486
 C         -0.8020032934       -0.6914737815        0.3428621580
 C         -1.4695029551        0.5135057383        0.5630550537
 C         -2.8847035383        0.5155110090        0.9294606480
 N         -3.5292704717       -0.6453900252        0.9252172135
 C         -4.8150791509       -0.6004195444        1.2614096424
 C         -5.5727171078       -1.8476720366        1.3026450296
 C         -6.9245473665       -1.8301259208        1.6403158877
 C         -7.6484594886       -3.0057503342        1.6388353752
 C         -7.0387200228       -4.2016790675        1.2943332002
 C         -5.6928980521       -4.2235844618        0.9620671574
 C         -4.9591810042       -3.0537618068        0.9703958008
 N         -5.4726097379        0.5299449634        1.5022335039
 C         -4.7688259393        1.6461405737        1.3767533113
 C         -5.5237774965        2.9105451296        1.3999446250
 C         -5.1536326055        3.9633391308        2.2228020137
 C         -5.9216982761        5.1137906476        2.2679713197
 C         -7.0569277907        5.2206255144        1.4810022926
 C         -7.4128818833        4.1937428752        0.6240317737
 C         -6.6473157013        3.0367348420        0.5688538588
 N         -6.9606259970        2.0052440049       -0.3291147035
 C         -6.0124972639        1.3609759042       -1.1045955693
 C         -4.7580919687        1.7939162770       -1.4966625789
 C         -3.9612898004        0.9182855782       -2.2105970161
 C         -4.3860998504       -0.3658458348       -2.5607055490
 C         -3.4682451065       -1.3582073185       -3.2599312035
 C         -4.0874927886       -1.7748010937       -4.6008015070
 C         -2.0726013906       -0.7896333031       -3.5326714880
 C         -3.3057602699       -2.5836018329       -2.3498652848
 C         -5.6798325886       -0.7531646603       -2.2331449383
 C         -6.4993986037        0.1033655945       -1.5152297487
 C         -7.8291306500       -0.0062981457       -0.9768563707
 C         -8.7980856802       -0.9976338633       -1.0413457504
 C        -10.0077044057       -0.8229974946       -0.3869636862
 C        -11.1346580877       -1.8435803316       -0.4703635162
 C        -12.2622053200       -1.2418623782       -1.3220621338
 C        -10.6844147225       -3.1569438906       -1.1171054090
 C        -11.6739406387       -2.1695876502        0.9293288694
 C        -10.2109268775        0.3571261281        0.3391736170
 C         -9.2592742559        1.3536895752        0.4320204535
 C         -8.0647580129        1.1755741891       -0.2437739705
 N         -3.4593719133        1.6914095430        1.1790972108
 C         -0.7934352727        1.7211189497        0.3875199637
 C          0.5297200810        1.7229977896        0.0029156335
 N          3.1891466945        1.7035052784       -0.8074853255
 H          4.0957894711       -3.8498576742        3.9181846335
 H          5.6945313395       -3.1187596111        3.9321280077
 H          4.8913968469       -3.4656603148        2.3907044179
 H          3.4355660444       -0.3406897980        4.9703625765
 H          4.9015532770       -1.2300321577        5.3759060733
 H          3.3297792030       -2.0340308594        5.4530206375
 H          2.1495280650       -2.7123875937        3.2074508811
 H          2.0976859256       -0.9761516216        2.9313688020
 H          2.8046593237       -2.0270552059        1.7128067518
 H          3.3750004751        0.7963500080        2.9197928853
 H          4.4920169322        2.5051538151        1.5918037855
 H          6.6384001927       -1.9191111593        2.3238111431
 H          9.0090664855       -1.8306647489        1.1121474822
 H         13.4597297143       -1.5419821129        0.0297880920
 H         12.4739803316       -0.6272930094        1.1754237337
 H         12.8173475210        0.0371957848       -0.4195642729
 H         10.2551776587       -3.4010348998        0.0048754602
 H         12.0042075317       -3.5238481811        0.1784732185
 H         11.0635705194       -2.7010689932        1.4167919014
 H         11.7532098351       -1.0109860452       -2.4849269983
 H         10.6251923377       -2.3503107516       -2.3054765754
 H         12.3493875386       -2.6014337253       -2.0230698753
 H         11.0017615003        0.8413877899       -1.5832065814
 H          9.1919772912        2.4569276387       -1.3944522399
 H          8.1273747020        4.3169083052       -0.0689477145
 H          7.2380520676        6.2092832834       -1.3790447501
 H          5.0285222360        6.0308488279       -2.4638040568
 H          3.7464396387        3.9182386627       -2.2991689003
 H          3.7020721391       -3.0197338642       -0.2737237403
 H          5.0371602535       -5.1061701053       -0.2542717538
 H          7.3666032416       -5.0774451674       -1.0585970333
 H          8.3564956198       -2.9782496344       -1.8986016944
 H          7.0221638478       -0.8982242385       -1.8966270922
 H          1.0473156420       -1.6122586815       -0.2291705729
 H         -1.3385931893       -1.6160791648        0.4863016930
 H         -7.3891604031       -0.8909070238        1.8948770286
 H         -8.6944771079       -2.9901510777        1.9052493228
 H         -7.6112305083       -5.1182092609        1.2871587978
 H         -5.2173883137       -5.1567444645        0.6970401229
 H         -3.9111715864       -3.0533057882        0.7182091848
 H         -4.2738870943        3.8604225077        2.8398000921
 H         -5.6368059464        5.9260897976        2.9193387429
 H         -7.6595172036        6.1159207701        1.5211961272
 H         -8.2757116540        4.2865124280       -0.0185765205
 H         -4.3928338512        2.7744698896       -1.2268557993
 H         -2.9733721964        1.2534578266       -2.4800828209
 H         -5.0580192602       -2.2424426535       -4.4604985173
 H         -3.4379288842       -2.4836191464       -5.1105468985
 H         -4.2183328366       -0.9043205553       -5.2404971185
 H         -2.1215311691        0.0740332572       -4.1920345240
 H         -1.4627334850       -1.5481598310       -4.0200946534
 H         -1.5769307176       -0.5058113228       -2.6063449879
 H         -4.2570910753       -3.0805846779       -2.1797951982
 H         -2.9085698939       -2.2687759877       -1.3878248320
 H         -2.6180342148       -3.2987146768       -2.7971846223
 H         -6.0556651969       -1.7270084791       -2.5076351010
 H         -8.5835167052       -1.8899601286       -1.6053776192
 H        -12.6378566858       -0.3239595788       -0.8770165769
 H        -13.0875379921       -1.9457081572       -1.4094569563
 H        -11.8968673552       -1.0104380302       -2.3204448455
 H        -10.4006181519       -3.0062930297       -2.1557683055
 H        -11.5040844455       -3.8727771748       -1.0975444488
 H         -9.8428038720       -3.5863387309       -0.5778848577
 H        -10.8730468998       -2.5277590489        1.5717876057
 H        -12.1249902131       -1.3012330421        1.4003238330
 H        -12.4339635946       -2.9457093102        0.8634182523
 H        -11.1480293859        0.5094180587        0.8524142961
 H         -9.4456766329        2.2414721160        1.0179563956
 H         -1.3292027431        2.6421095220        0.5567075887
 H          1.0721081155        2.6458684477       -0.1317949703
