 
        ______________________________________
       |                                      |
       |          ===================         |
       |             xTB for sTDA             |
       |          ===================         |
       |               S. Grimme              |
       |        Universitaet Bonn, MCTC       |
       |         2015-19, Version 1.0         |
       |     Wed Apr  3 09:14:55 CEST 2019    |
       |______________________________________|
 
        This code comes without any warranty
        for non-commercial, academia use only.
        Preliminary test version.
        Cite this work as:
        S. Grimme  &  C. Bannwarth, JCP 145 (2016) 054103
        if GBSA is used additionally:
        P. Shushkov, F. März, C. Bannwarth, S. Grimme, unpublished.
 
        with help from
        P. Shushkov, G. Brandenburg, S. Dohm, J. Pisarek,
        F. März, M. Checinski, S. Ehrlich, S. Spicher, 
        P. Pracht, E. Caldeweyher, S. Ehlert, and C. Bannwarth.
 
        usage        :
        xtb4stda <coord_file> [options]
        where <coord_file> is a valid file of TM)
        (*coord, Bohr) or xmol (*xyz, Angstroem)
        format.

        options:
        -chrg <int>   : molecular charge
        -uhf  <int>   : # of unpaired electrons(=2*S)
        -nox          : skip second, extended part in sTDA-xTB
        -pop          : do population analysis
                      : (default for -nox)
        -mowr <real>  : cut MO write above (def.3 Eh)
        -molden       : write formatted molden file
        -parx <file>  : read parameters for sTDA-xTB
                        calc (def:~/.param_stda2.xtb)
        -parv <file>  : read parameters for vTB part in
                        sTDA-xTB (def: ~/.param_stda1.xtb)
        -xtemp <real> : el. temp for xTB (def. 0 K)
        -etemp <real> : el. temp for GFN (def. 300 K)
        -fod          : calculate the FOD and write
                        molden.input file with
                        appropriate occupations
                        for plotting. Def. T=12500 K
 
        -acc <real>   : xTB accuracy (def. 1.0)
        -gbsa [string1] [string2]
                        use GBSA implicit solvent
                        for solvent [string1] and
                        solvation state [string2]=
                        reference, bar1M (default=1M)
        additional GFN/opt/MD/siman options read from
        $XTB4STDAHOME/.xtb4stdarc or $set in input
 
       spin and charge state information can be on:
       <.CHRG> (charge) and <.UHF> (=nalpha-nbeta)
       -uhf and -chrg override the file info.
       useful machine settings:
       setenv MKL_NUM_THREADS <NCORE_ON_YOUR_MACHINE>
       setenv OMP_STACKSIZE 500m
       limit stacksize unlimited
 
       total energies in Eh, gaps/HL energies in eV
       please read REVISION and HOWTO files carefully
 =============================
  # OMP threads =          48
 =============================
 
 xtb4stdahome directory:/home/penavora/Exe_xtb_crest/
 
 
 name of molecule           :
 comment line               :
 number of atoms            :    30
 number of electrons        :   106
 charge                     :  0
 spin                       : 0.0
 first test random number   :  0.3722
 
 -----------------------------------------
      charge density (VTB) calculation
 -----------------------------------------
 
      method parameters     
 k(s)        :  1.8000
 k(p)        :  2.8350
 k(d)        :  2.0860
 k(f)        :  2.0000
 Tscal       :  0.3300
 Gscal       :  0.3910
 fpol        :  1.0000
 Zcnf        :  0.6500
 Zqf         :  0.0000
 kcn         :  0.3000
 kEN1        : -0.5900
 wllscal     :  2.6000
 
     -------------------------
     ! NO SOLVENT MODEL USED !
     -------------------------
 
 doing EN charges ...
 sum q : -0.1221245D-14
 point charge moment (au)
     X       Y       Z   
  -0.0000   0.0000   0.0029  total (Debye):    0.007
 
            Z      q(EN)   CN      Cart. coordinates
     1  O   6.0  -0.102   1.067     2.46866     6.51613    -0.00887
     2  C   4.0   0.205   3.155     3.24131     4.35247    -0.00471
     3  N   5.0  -0.389   3.165     5.79787     3.87598     0.00186
     4  C   4.0   0.084   3.447     6.84398     1.50856     0.00647
     5  C   4.0  -0.085   3.325     9.44884     0.90788     0.01618
     6  C   4.0  -0.168   3.159     9.83954    -1.62881     0.01900
     7  S   6.0   0.220   2.502     7.08572    -3.35479     0.00977
     8  C   4.0  -0.089   3.296     5.30586    -0.60567     0.00213
     9  C   4.0  -0.006   3.287     2.62572    -0.37954    -0.00381
    10  C   4.0  -0.071   3.228     0.98746    -2.43867    -0.00581
    11  C   4.0   0.001   3.268    -1.60770    -2.09721    -0.00540
    12  C   4.0   0.205   3.155    -3.24121    -4.35249    -0.00493
    13  O   6.0  -0.102   1.067    -2.46856    -6.51614    -0.00935
    14  N   5.0  -0.389   3.165    -5.79777    -3.87601     0.00177
    15  C   4.0   0.084   3.447    -6.84389    -1.50858     0.00669
    16  C   4.0  -0.085   3.325    -9.44875    -0.90790     0.01663
    17  C   4.0  -0.168   3.159    -9.83944     1.62879     0.01977
    18  S   6.0   0.220   2.502    -7.08562     3.35476     0.01059
    19  C   4.0  -0.089   3.296    -5.30577     0.60565     0.00252
    20  C   4.0  -0.006   3.287    -2.62562     0.37952    -0.00362
    21  C   4.0  -0.071   3.228    -0.98736     2.43865    -0.00556
    22  C   4.0   0.001   3.268     1.60780     2.09719    -0.00534
    23  H   1.0   0.170   1.013     6.94736     5.40492     0.00370
    24  H   1.0   0.079   1.004    10.93482     2.29256     0.02121
    25  H   1.0   0.076   1.014    11.61237    -2.60812     0.02625
    26  H   1.0   0.076   1.008     1.72476    -4.34234    -0.00634
    27  H   1.0   0.170   1.013    -6.94727    -5.40494     0.00356
    28  H   1.0   0.079   1.004   -10.93472    -2.29259     0.02155
    29  H   1.0   0.076   1.014   -11.61228     2.60809     0.02728
    30  H   1.0   0.076   1.008    -1.72467     4.34233    -0.00583
 
  Z AO/shell   Hii/eV     exponent
  1     Sat Feb 20 21:38:01 CET 2016    EN: 2.327 GAM: 0.473  GM3: 0.0000
     1s    -13.751157    1.051071
  6     Sat Feb 20 21:38:01 CET 2016    EN: 2.731 GAM: 0.422  GM3: 0.0000
     2s    -19.378245    2.021003
     2p    -11.993376    1.497917
  7     Sat Feb 20 21:38:01 CET 2016    EN: 3.573 GAM: 0.504  GM3: 0.0000
     2s    -21.576984    2.275442
     2p    -16.125120    2.056788
  8     Sat Feb 20 21:38:01 CET 2016    EN: 3.700 GAM: 0.587  GM3: 0.0000
     2s    -21.648843    2.110798
     2p    -17.239740    2.329048
 16     Sat Feb 20 23:13:41 CET 2016    EN: 1.915 GAM: 0.389  GM3: 0.0000
     3s    -22.000000    2.671470
     3p    -15.834192    1.836978
     3d     -2.593599    1.836978
 
 dipole moment of classical point charges (au)
     X       Y       Z   
  -0.0000   0.0000   0.0029  total (Debye):    0.007

 
 Nbf   :          108
 T(el) :   300.0
 calculating S/T integrals ...
 cpu time for ints   0.777578000000000     
 Nao   :          106
 making H0...
 making H1...
 cpu time for H      3.917900000000007E-002
 solving ...
 cpu time for diag   0.417700000000000     
 
 gap (eV)           :   4.056
 Koopmans IP (eV)   :  12.547
 Eel (Eh)           :   -83.229947
 T,E(Fermi),NFOD :    300.000   -10.519  0.000000
 T,E(Fermi),NFOD :    300.000   -10.519  0.000000
 Nfod               :  0.0000
 Nfod/Nel           :  0.0000

          eigenvalues
 #    :          41         42         43         44         45         46         47         48
 occ. :        2.000      2.000      2.000      2.000      2.000      2.000      2.000      2.000
 eps  :       -18.904    -18.780    -18.194    -16.944    -16.929    -16.589    -16.296    -16.060
 #    :          49         50         51         52         53         54         55         56
 occ. :        2.000      2.000      2.000      2.000      2.000      0.000      0.000      0.000
 eps  :       -15.743    -14.817    -14.535    -13.826    -12.548     -8.492     -8.158     -7.709
 #    :          57         58         59         60         61         62         63         64
 occ. :        0.000      0.000      0.000      0.000      0.000      0.000      0.000      0.000
 eps  :        -7.672     -6.545     -6.147     -5.718     -5.420     -4.733     -4.472     -3.602
                            1  SCC done.
 making H1...
 cpu time for H      0.446749000000000     
 solving ...
 cpu time for diag   0.152039000000000     
 
 gap (eV)           :   4.266
 Koopmans IP (eV)   :  12.573
 Eel (Eh)           :   -82.479437
 T,E(Fermi),NFOD :    300.000   -10.440  0.000000
 T,E(Fermi),NFOD :    300.000   -10.440  0.000000
 Nfod               :  0.0000
 Nfod/Nel           :  0.0000

          eigenvalues
 #    :          41         42         43         44         45         46         47         48
 occ. :        2.000      2.000      2.000      2.000      2.000      2.000      2.000      2.000
 eps  :       -18.396    -16.950    -16.788    -16.770    -16.572    -16.455    -15.289    -14.898
 #    :          49         50         51         52         53         54         55         56
 occ. :        2.000      2.000      2.000      2.000      2.000      0.000      0.000      0.000
 eps  :       -14.424    -14.332    -14.248    -13.603    -12.575     -8.308     -8.022     -7.741
 #    :          57         58         59         60         61         62         63         64
 occ. :        0.000      0.000      0.000      0.000      0.000      0.000      0.000      0.000
 eps  :        -7.444     -6.556     -5.928     -5.413     -5.162     -4.453     -4.392     -3.379
                            2  SCC done.
 
 
 Mulliken/CM5 charges    n(s)   n(p)   n(d)   
    1 O  -0.3246 -0.3678   1.623  4.702  0.000
    2 C   0.1854  0.2841   1.166  2.649  0.000
    3 N  -0.1115 -0.4560   1.218  3.893  0.000
    4 C   0.0118  0.0756   1.175  2.813  0.000
    5 C  -0.0717 -0.1193   1.129  2.943  0.000
    6 C  -0.0588 -0.0978   1.135  2.924  0.000
    7 S   0.1230  0.0847   1.880  3.942  0.055
    8 C  -0.0549 -0.0368   1.158  2.896  0.000
    9 C   0.0093  0.0086   1.163  2.828  0.000
   10 C  -0.0249 -0.0726   1.144  2.881  0.000
   11 C  -0.0049 -0.0016   1.174  2.831  0.000
   12 C   0.1854  0.2841   1.166  2.649  0.000
   13 O  -0.3246 -0.3678   1.623  4.702  0.000
   14 N  -0.1115 -0.4560   1.218  3.893  0.000
   15 C   0.0118  0.0756   1.175  2.813  0.000
   16 C  -0.0717 -0.1193   1.129  2.943  0.000
   17 C  -0.0588 -0.0978   1.135  2.924  0.000
   18 S   0.1230  0.0847   1.880  3.942  0.055
   19 C  -0.0549 -0.0368   1.158  2.896  0.000
   20 C   0.0093  0.0086   1.163  2.828  0.000
   21 C  -0.0249 -0.0726   1.144  2.881  0.000
   22 C  -0.0049 -0.0016   1.174  2.831  0.000
   23 H   0.1568  0.3539   0.843  0.000  0.000
   24 H   0.0507  0.1092   0.949  0.000  0.000
   25 H   0.0628  0.1207   0.937  0.000  0.000
   26 H   0.0514  0.1151   0.949  0.000  0.000
   27 H   0.1568  0.3539   0.843  0.000  0.000
   28 H   0.0507  0.1092   0.949  0.000  0.000
   29 H   0.0628  0.1207   0.937  0.000  0.000
   30 H   0.0514  0.1151   0.949  0.000  0.000
 Hirshfeld charges for QMDFF written to <charges>
 
 Loewdin charges    n(s)   n(p)   n(d)
    1 O  -0.3120   1.593  4.719  0.000
    2 C   0.1659   1.137  2.697  0.000
    3 N  -0.0646   1.164  3.900  0.000
    4 C   0.0068   1.140  2.853  0.000
    5 C  -0.0703   1.078  2.993  0.000
    6 C  -0.0278   1.077  2.951  0.000
    7 S   0.0855   1.865  3.938  0.112
    8 C  -0.0378   1.115  2.923  0.000
    9 C   0.0131   1.120  2.867  0.000
   10 C  -0.0216   1.091  2.930  0.000
   11 C  -0.0074   1.134  2.874  0.000
   12 C   0.1659   1.137  2.697  0.000
   13 O  -0.3120   1.593  4.719  0.000
   14 N  -0.0646   1.164  3.900  0.000
   15 C   0.0068   1.140  2.853  0.000
   16 C  -0.0703   1.078  2.993  0.000
   17 C  -0.0278   1.077  2.951  0.000
   18 S   0.0855   1.865  3.938  0.112
   19 C  -0.0378   1.115  2.923  0.000
   20 C   0.0131   1.120  2.867  0.000
   21 C  -0.0216   1.091  2.930  0.000
   22 C  -0.0074   1.134  2.874  0.000
   23 H   0.1342   0.866  0.000  0.000
   24 H   0.0428   0.957  0.000  0.000
   25 H   0.0519   0.948  0.000  0.000
   26 H   0.0413   0.959  0.000  0.000
   27 H   0.1342   0.866  0.000  0.000
   28 H   0.0428   0.957  0.000  0.000
   29 H   0.0519   0.948  0.000  0.000
   30 H   0.0413   0.959  0.000  0.000
 
 Wiberg/Mayer (AO) data. WBOs > 0.1 written file <wbo>
 largest (>0.05) Wiberg bond orders for each atom
           total WBO             WBO to atom ...
     1  O   2.076    C    2 1.709    N    3 0.187    C   22 0.060
     2  C   3.918    O    1 1.709    N    3 1.091    C   22 1.022
     3  N   3.473    C    2 1.091    C    4 1.072    H   23 0.943    O    1 0.187
     4  C   3.921    C    8 1.420    C    5 1.220    N    3 1.072    S    7 0.067
     5  C   3.963    C    6 1.642    C    4 1.220    H   24 0.940    S    7 0.087
     6  C   3.943    C    5 1.642    S    7 1.181    H   25 0.951    C    8 0.095
     7  S   2.570    C    6 1.181    C    8 1.117    C    5 0.087    C    4 0.067
     8  C   3.939    C    4 1.420    C    9 1.136    S    7 1.117    C    6 0.095
     9  C   3.946    C   10 1.346    C   22 1.230    C    8 1.136    C   20 0.062
    10  C   3.968    C   11 1.402    C    9 1.346    H   26 0.940    C   21 0.093
    11  C   3.952    C   10 1.402    C   20 1.230    C   12 1.022    C   22 0.066    O   13 0.060
    12  C   3.918    O   13 1.709    N   14 1.091    C   11 1.022
    13  O   2.076    C   12 1.709    N   14 0.187    C   11 0.060
    14  N   3.473    C   12 1.091    C   15 1.072    H   27 0.943    O   13 0.187
    15  C   3.921    C   19 1.420    C   16 1.220    N   14 1.072    S   18 0.067
    16  C   3.963    C   17 1.642    C   15 1.220    H   28 0.940    S   18 0.087
    17  C   3.943    C   16 1.642    S   18 1.181    H   29 0.951    C   19 0.095
    18  S   2.570    C   17 1.181    C   19 1.117    C   16 0.087    C   15 0.067
    19  C   3.939    C   15 1.420    C   20 1.136    S   18 1.117    C   17 0.095
    20  C   3.946    C   21 1.346    C   11 1.230    C   19 1.136    C    9 0.062
    21  C   3.968    C   22 1.402    C   20 1.346    H   30 0.940    C   10 0.093
    22  C   3.952    C   21 1.402    C    9 1.230    C    2 1.022    C   11 0.066    O    1 0.060
    23  H   0.974    N    3 0.943
    24  H   0.996    C    5 0.940
    25  H   0.994    C    6 0.951
    26  H   0.993    C   10 0.940
    27  H   0.974    N   14 0.943
    28  H   0.996    C   16 0.940
    29  H   0.994    C   17 0.951
    30  H   0.993    C   21 0.940
 
 --------------------------------------------
          xTB calculation for sTDA...
 --------------------------------------------
 
 reading parameter file /home/penavora/Exe_xtb_crest/.param_stda2.xtb
 
      method parameters     
 k(s)        :  1.6000
 k(p)        :  2.1800
 k(d)        :  1.9500
 k(f)        :  2.0000
 k(R-V)      :  2.2750
 k(R-R)      :  1.7650
 Tscal       :  0.2580
 Gscal       :  1.0000
 fpol        :  1.0000
 Zcnf        :  0.3430
 Zqf         :  0.0000
 kcn         :  2.7000
 Ryd Hsplit  :  0.7000
 lshift(virt):  3.1000
 lshift(OS)  :  0.2000
 wllscaling  :  2.6000
 
 mowrcut     : 3.000
 
  Z AO/shell   Hii/eV     exponent
  1     Sun Feb 14 09:53:25 CET 2016    EN: 2.327 GAM: 0.473  GM3: 0.0000
     1s    -14.339618    1.220000
     2sp    -3.348946    0.600000
  6     Sun Feb 14 09:53:25 CET 2016    EN: 2.731 GAM: 0.422  GM3: 0.0000
     2s    -22.009312    1.565095
     2p    -13.020408    1.596905
     3sp    -3.914040    0.824500
  7     Sun Feb 14 09:53:25 CET 2016    EN: 3.573 GAM: 0.504  GM3: 0.0000
     2s    -25.722000    2.064844
     2p    -18.684912    1.801692
     3sp    -4.344791    0.921400
  8     Sun Feb 14 09:53:25 CET 2016    EN: 3.700 GAM: 0.587  GM3: 0.0000
     2s    -33.859000    2.418661
     2p    -22.175911    1.973969
     3sp    -4.259392    1.013700
 16     Sun Feb 21 16:35:57 CET 2016    EN: 1.915 GAM: 0.200  GM3: 0.0000
     3s    -17.898811    2.619580
     3p    -15.317401    1.798798
     4sp    -4.455139    0.843200
 
 Nbf   :          216
 T(el) :     0.0
 calculating S/T integrals ...
 cpu time for ints    6.21916400000000     
 Nao   :          216
 making H0...
 making H1...
 cpu time for H      5.844399999999972E-002
 solving ...
 cpu time for diag   0.130599000000000     
 
 gap (eV)           :   6.619
 Koopmans IP (eV)   :  13.820
 Eel (Eh)           :   -91.870907

          eigenvalues
 #    :          41         42         43         44         45         46         47         48
 occ. :        2.000      2.000      2.000      2.000      2.000      2.000      2.000      2.000
 eps  :       -18.917    -18.211    -18.155    -17.957    -17.906    -17.407    -17.010    -16.791
 #    :          49         50         51         52         53         54         55         56
 occ. :        2.000      2.000      2.000      2.000      2.000      0.000      0.000      0.000
 eps  :       -16.572    -15.695    -15.295    -14.728    -13.821     -7.201     -7.055     -5.755
 #    :          57         58         59         60         61         62         63         64
 occ. :        0.000      0.000      0.000      0.000      0.000      0.000      0.000      0.000
 eps  :        -5.138     -5.135     -4.845     -4.546     -4.297     -4.161     -4.043     -3.745
                            1  SCC done.
 writing mo output ...
 molden style : F
 
speedup 37.40
cpu  time for all    8.62 s
wall time for all    0.23 s
