 
        ______________________________________
       |                                      |
       |          ===================         |
       |             xTB for sTDA             |
       |          ===================         |
       |               S. Grimme              |
       |        Universitaet Bonn, MCTC       |
       |         2015-19, Version 1.0         |
       |     Wed Apr  3 09:14:55 CEST 2019    |
       |______________________________________|
 
        This code comes without any warranty
        for non-commercial, academia use only.
        Preliminary test version.
        Cite this work as:
        S. Grimme  &  C. Bannwarth, JCP 145 (2016) 054103
        if GBSA is used additionally:
        P. Shushkov, F. März, C. Bannwarth, S. Grimme, unpublished.
 
        with help from
        P. Shushkov, G. Brandenburg, S. Dohm, J. Pisarek,
        F. März, M. Checinski, S. Ehrlich, S. Spicher, 
        P. Pracht, E. Caldeweyher, S. Ehlert, and C. Bannwarth.
 
        usage        :
        xtb4stda <coord_file> [options]
        where <coord_file> is a valid file of TM)
        (*coord, Bohr) or xmol (*xyz, Angstroem)
        format.

        options:
        -chrg <int>   : molecular charge
        -uhf  <int>   : # of unpaired electrons(=2*S)
        -nox          : skip second, extended part in sTDA-xTB
        -pop          : do population analysis
                      : (default for -nox)
        -mowr <real>  : cut MO write above (def.3 Eh)
        -molden       : write formatted molden file
        -parx <file>  : read parameters for sTDA-xTB
                        calc (def:~/.param_stda2.xtb)
        -parv <file>  : read parameters for vTB part in
                        sTDA-xTB (def: ~/.param_stda1.xtb)
        -xtemp <real> : el. temp for xTB (def. 0 K)
        -etemp <real> : el. temp for GFN (def. 300 K)
        -fod          : calculate the FOD and write
                        molden.input file with
                        appropriate occupations
                        for plotting. Def. T=12500 K
 
        -acc <real>   : xTB accuracy (def. 1.0)
        -gbsa [string1] [string2]
                        use GBSA implicit solvent
                        for solvent [string1] and
                        solvation state [string2]=
                        reference, bar1M (default=1M)
        additional GFN/opt/MD/siman options read from
        $XTB4STDAHOME/.xtb4stdarc or $set in input
 
       spin and charge state information can be on:
       <.CHRG> (charge) and <.UHF> (=nalpha-nbeta)
       -uhf and -chrg override the file info.
       useful machine settings:
       setenv MKL_NUM_THREADS <NCORE_ON_YOUR_MACHINE>
       setenv OMP_STACKSIZE 500m
       limit stacksize unlimited
 
       total energies in Eh, gaps/HL energies in eV
       please read REVISION and HOWTO files carefully
 =============================
  # OMP threads =          48
 =============================
 
 xtb4stdahome directory:/home/penavora/Exe_xtb_crest/
 
 
 name of molecule           :
 comment line               :
 number of atoms            :    47
 number of electrons        :   134
 charge                     :  0
 spin                       : 0.0
 first test random number   :  0.0645
 
 -----------------------------------------
      charge density (VTB) calculation
 -----------------------------------------
 
      method parameters     
 k(s)        :  1.8000
 k(p)        :  2.8350
 k(d)        :  2.0860
 k(f)        :  2.0000
 Tscal       :  0.3300
 Gscal       :  0.3910
 fpol        :  1.0000
 Zcnf        :  0.6500
 Zqf         :  0.0000
 kcn         :  0.3000
 kEN1        : -0.5900
 wllscal     :  2.6000
 
     -------------------------
     ! NO SOLVENT MODEL USED !
     -------------------------
 
 doing EN charges ...
 sum q :  0.8881784D-15
 point charge moment (au)
     X       Y       Z   
   0.3245   0.0346   0.1856  total (Debye):    0.954
 
            Z      q(EN)   CN      Cart. coordinates
     1  C   4.0  -0.245   4.101     3.90278    -5.20472    -0.62231
     2  C   4.0  -0.031   4.136     2.23362    -3.29232     0.83164
     3  C   4.0  -0.243   4.102     2.43110    -3.61305     3.72238
     4  C   4.0   0.012   3.305     2.93855    -0.60217     0.09707
     5  C   4.0   0.089   3.318     1.05755     1.10676    -0.50364
     6  C   4.0  -0.068   3.193     1.63185     3.40637    -1.73223
     7  C   4.0  -0.071   3.177     4.07058     4.10636    -2.11892
     8  C   4.0  -0.006   3.262     6.06072     2.60835    -1.17258
     9  C   4.0  -0.073   3.182     8.57885     3.45235    -1.35709
    10  C   4.0  -0.072   3.134    10.52537     2.06384    -0.38676
    11  C   4.0  -0.073   3.141     9.99264    -0.21973     0.83795
    12  C   4.0  -0.074   3.184     7.56995    -1.10762     1.00015
    13  C   4.0  -0.003   3.271     5.50175     0.23637    -0.03581
    14  N   5.0  -0.324   3.272    -1.49788     0.55209    -0.07054
    15  C   4.0   0.095   3.316    -3.26161     2.41931     0.41730
    16  C   4.0  -0.069   3.191    -2.56373     4.72483     1.51385
    17  C   4.0  -0.072   3.146    -4.34644     6.56216     1.97775
    18  C   4.0  -0.072   3.137    -6.87582     6.16562     1.37531
    19  C   4.0  -0.072   3.187    -7.60168     3.87516     0.38580
    20  C   4.0   0.001   3.267    -5.83077     1.97309    -0.07341
    21  C   4.0   0.100   3.174    -6.70012    -0.50401    -0.96745
    22  O   6.0  -0.102   1.064    -8.82155    -0.87766    -1.79419
    23  C   4.0   0.003   3.266    -4.81952    -2.51734    -0.64845
    24  C   4.0  -0.072   3.185    -5.58313    -5.03656    -0.76434
    25  C   4.0  -0.071   3.138    -3.85828    -6.94004    -0.37723
    26  C   4.0  -0.072   3.197    -1.34750    -6.34325     0.10537
    27  C   4.0   0.010   3.317    -0.50760    -3.86562     0.17637
    28  C   4.0   0.098   3.368    -2.27488    -1.93495    -0.18150
    29  H   1.0   0.083   1.001     2.87895    -5.92139    -2.25504
    30  H   1.0   0.083   0.999     4.41583    -6.79510     0.57318
    31  H   1.0   0.085   1.002     5.62209    -4.34632    -1.33160
    32  H   1.0   0.084   1.000     4.32331    -3.23275     4.41616
    33  H   1.0   0.082   1.000     1.14106    -2.30309     4.64723
    34  H   1.0   0.083   1.000     1.89780    -5.52434     4.25992
    35  H   1.0   0.076   1.007     0.09794     4.55906    -2.42374
    36  H   1.0   0.075   1.005     4.51154     5.83009    -3.11756
    37  H   1.0   0.075   1.005     8.93052     5.24810    -2.26373
    38  H   1.0   0.074   1.004    12.45174     2.72123    -0.52534
    39  H   1.0   0.074   1.004    11.51710    -1.28955     1.67433
    40  H   1.0   0.077   1.007     7.26202    -2.85008     2.00324
    41  H   1.0   0.076   1.007    -0.61857     5.04251     2.04191
    42  H   1.0   0.074   1.004    -3.76850     8.32055     2.83766
    43  H   1.0   0.074   1.004    -8.25270     7.62887     1.72295
    44  H   1.0   0.075   1.005    -9.55325     3.46355    -0.04418
    45  H   1.0   0.076   1.005    -7.55141    -5.41991    -1.13506
    46  H   1.0   0.074   1.004    -4.44144    -8.89369    -0.42781
    47  H   1.0   0.076   1.006    -0.03331    -7.86184     0.45730
 
  Z AO/shell   Hii/eV     exponent
  1     Sat Feb 20 21:38:01 CET 2016    EN: 2.327 GAM: 0.473  GM3: 0.0000
     1s    -13.751157    1.051071
  6     Sat Feb 20 21:38:01 CET 2016    EN: 2.731 GAM: 0.422  GM3: 0.0000
     2s    -19.378245    2.021003
     2p    -11.993376    1.497917
  7     Sat Feb 20 21:38:01 CET 2016    EN: 3.573 GAM: 0.504  GM3: 0.0000
     2s    -21.576984    2.275442
     2p    -16.125120    2.056788
  8     Sat Feb 20 21:38:01 CET 2016    EN: 3.700 GAM: 0.587  GM3: 0.0000
     2s    -21.648843    2.110798
     2p    -17.239740    2.329048
 
 dipole moment of classical point charges (au)
     X       Y       Z   
   0.3245   0.0346   0.1856  total (Debye):    0.954

 
 Nbf   :          131
 T(el) :   300.0
 calculating S/T integrals ...
 cpu time for ints   0.896642000000000     
 Nao   :          131
 making H0...
 making H1...
 cpu time for H      6.108800000000003E-002
 solving ...
 cpu time for diag   0.472029000000000     
 
 gap (eV)           :   4.356
 Koopmans IP (eV)   :  13.133
 Eel (Eh)           :  -104.992934
 T,E(Fermi),NFOD :    300.000   -10.955  0.000000
 T,E(Fermi),NFOD :    300.000   -10.955  0.000000
 Nfod               :  0.0000
 Nfod/Nel           :  0.0000

          eigenvalues
 #    :          55         56         57         58         59         60         61         62
 occ. :        2.000      2.000      2.000      2.000      2.000      2.000      2.000      2.000
 eps  :       -18.296    -18.131    -17.693    -17.296    -17.093    -16.323    -15.699    -15.584
 #    :          63         64         65         66         67         68         69         70
 occ. :        2.000      2.000      2.000      2.000      2.000      0.000      0.000      0.000
 eps  :       -15.429    -15.298    -15.174    -14.208    -13.135     -8.778     -7.471     -7.412
 #    :          71         72         73         74         75         76         77         78
 occ. :        0.000      0.000      0.000      0.000      0.000      0.000      0.000      0.000
 eps  :        -5.808     -5.545     -5.512     -5.242     -5.049     -4.399     -3.791     -3.008
                            1  SCC done.
 making H1...
 cpu time for H      0.510904000000000     
 solving ...
 cpu time for diag   0.496485000000000     
 
 gap (eV)           :   4.665
 Koopmans IP (eV)   :  13.105
 Eel (Eh)           :  -104.688457
 T,E(Fermi),NFOD :    300.000   -10.772  0.000000
 T,E(Fermi),NFOD :    300.000   -10.772  0.000000
 Nfod               :  0.0000
 Nfod/Nel           :  0.0000

          eigenvalues
 #    :          55         56         57         58         59         60         61         62
 occ. :        2.000      2.000      2.000      2.000      2.000      2.000      2.000      2.000
 eps  :       -18.067    -17.821    -17.385    -17.223    -16.630    -16.329    -15.506    -15.318
 #    :          63         64         65         66         67         68         69         70
 occ. :        2.000      2.000      2.000      2.000      2.000      0.000      0.000      0.000
 eps  :       -15.226    -15.112    -14.200    -13.753    -13.106     -8.440     -7.558     -7.424
 #    :          71         72         73         74         75         76         77         78
 occ. :        0.000      0.000      0.000      0.000      0.000      0.000      0.000      0.000
 eps  :        -5.868     -5.598     -5.490     -5.324     -5.131     -4.451     -3.818     -3.088
                            2  SCC done.
 
 
 Mulliken/CM5 charges    n(s)   n(p)   n(d)   
    1 C  -0.1052 -0.2536   1.109  2.996  0.000
    2 C   0.0204  0.0011   1.232  2.748  0.000
    3 C  -0.1002 -0.2469   1.112  2.988  0.000
    4 C  -0.0217 -0.0212   1.196  2.825  0.000
    5 C   0.0524  0.1114   1.180  2.768  0.000
    6 C  -0.0353 -0.0844   1.139  2.897  0.000
    7 C  -0.0360 -0.0897   1.140  2.896  0.000
    8 C  -0.0064 -0.0140   1.164  2.842  0.000
    9 C  -0.0396 -0.0933   1.141  2.899  0.000
   10 C  -0.0350 -0.0914   1.135  2.900  0.000
   11 C  -0.0358 -0.0926   1.136  2.900  0.000
   12 C  -0.0429 -0.0995   1.143  2.900  0.000
   13 C   0.0000 -0.0056   1.172  2.828  0.000
   14 N  -0.0954 -0.3390   1.235  3.860  0.000
   15 C   0.0559  0.1181   1.184  2.760  0.000
   16 C  -0.0434 -0.0927   1.137  2.906  0.000
   17 C  -0.0281 -0.0843   1.139  2.889  0.000
   18 C  -0.0367 -0.0928   1.132  2.904  0.000
   19 C  -0.0222 -0.0742   1.144  2.878  0.000
   20 C  -0.0228 -0.0197   1.178  2.844  0.000
   21 C   0.1304  0.1656   1.174  2.696  0.000
   22 O  -0.2723 -0.3207   1.624  4.648  0.000
   23 C  -0.0229 -0.0195   1.179  2.844  0.000
   24 C  -0.0234 -0.0754   1.143  2.880  0.000
   25 C  -0.0356 -0.0918   1.132  2.903  0.000
   26 C  -0.0360 -0.0910   1.144  2.892  0.000
   27 C  -0.0173 -0.0200   1.191  2.826  0.000
   28 C   0.0499  0.1168   1.189  2.761  0.000
   29 H   0.0373  0.0923   0.963  0.000  0.000
   30 H   0.0340  0.0875   0.966  0.000  0.000
   31 H   0.0425  0.0997   0.958  0.000  0.000
   32 H   0.0365  0.0908   0.963  0.000  0.000
   33 H   0.0350  0.0898   0.965  0.000  0.000
   34 H   0.0334  0.0874   0.967  0.000  0.000
   35 H   0.0484  0.1115   0.952  0.000  0.000
   36 H   0.0466  0.1042   0.953  0.000  0.000
   37 H   0.0382  0.0958   0.962  0.000  0.000
   38 H   0.0404  0.0968   0.960  0.000  0.000
   39 H   0.0407  0.0973   0.959  0.000  0.000
   40 H   0.0464  0.1071   0.954  0.000  0.000
   41 H   0.0421  0.1046   0.958  0.000  0.000
   42 H   0.0461  0.1027   0.954  0.000  0.000
   43 H   0.0419  0.0985   0.958  0.000  0.000
   44 H   0.0521  0.1135   0.948  0.000  0.000
   45 H   0.0533  0.1146   0.947  0.000  0.000
   46 H   0.0432  0.0998   0.957  0.000  0.000
   47 H   0.0471  0.1063   0.953  0.000  0.000
 Hirshfeld charges for QMDFF written to <charges>
 
 Loewdin charges    n(s)   n(p)   n(d)
    1 C  -0.1116   1.039  3.072  0.000
    2 C   0.0314   1.191  2.778  0.000
    3 C  -0.1060   1.042  3.064  0.000
    4 C  -0.0263   1.159  2.868  0.000
    5 C   0.0472   1.144  2.809  0.000
    6 C  -0.0316   1.086  2.946  0.000
    7 C  -0.0303   1.086  2.944  0.000
    8 C  -0.0023   1.121  2.881  0.000
    9 C  -0.0343   1.087  2.947  0.000
   10 C  -0.0278   1.080  2.948  0.000
   11 C  -0.0280   1.081  2.947  0.000
   12 C  -0.0397   1.090  2.949  0.000
   13 C   0.0039   1.129  2.867  0.000
   14 N  -0.0515   1.192  3.860  0.000
   15 C   0.0523   1.147  2.800  0.000
   16 C  -0.0419   1.085  2.957  0.000
   17 C  -0.0179   1.083  2.934  0.000
   18 C  -0.0308   1.078  2.953  0.000
   19 C  -0.0143   1.089  2.925  0.000
   20 C  -0.0286   1.139  2.890  0.000
   21 C   0.1232   1.138  2.739  0.000
   22 O  -0.2585   1.595  4.664  0.000
   23 C  -0.0284   1.140  2.889  0.000
   24 C  -0.0157   1.089  2.927  0.000
   25 C  -0.0293   1.078  2.951  0.000
   26 C  -0.0290   1.090  2.939  0.000
   27 C  -0.0187   1.152  2.867  0.000
   28 C   0.0434   1.154  2.803  0.000
   29 H   0.0371   0.963  0.000  0.000
   30 H   0.0346   0.965  0.000  0.000
   31 H   0.0423   0.958  0.000  0.000
   32 H   0.0372   0.963  0.000  0.000
   33 H   0.0345   0.966  0.000  0.000
   34 H   0.0335   0.966  0.000  0.000
   35 H   0.0400   0.960  0.000  0.000
   36 H   0.0385   0.961  0.000  0.000
   37 H   0.0308   0.969  0.000  0.000
   38 H   0.0327   0.967  0.000  0.000
   39 H   0.0332   0.967  0.000  0.000
   40 H   0.0404   0.960  0.000  0.000
   41 H   0.0343   0.966  0.000  0.000
   42 H   0.0377   0.962  0.000  0.000
   43 H   0.0342   0.966  0.000  0.000
   44 H   0.0420   0.958  0.000  0.000
   45 H   0.0433   0.957  0.000  0.000
   46 H   0.0355   0.965  0.000  0.000
   47 H   0.0394   0.961  0.000  0.000
 
 Wiberg/Mayer (AO) data. WBOs > 0.1 written file <wbo>
 largest (>0.05) Wiberg bond orders for each atom
           total WBO             WBO to atom ...
     1  C   3.975    H   30 0.978    H   29 0.976    H   31 0.970    C    2 0.956
     2  C   3.915    C    1 0.956    C    3 0.948    C    4 0.943    C   27 0.942
     3  C   3.976    H   33 0.977    H   34 0.975    H   32 0.972    C    2 0.948
     4  C   3.933    C    5 1.467    C   13 1.211    C    2 0.943    C    7 0.107
     5  C   3.924    C    4 1.467    C    6 1.248    N   14 0.990    C    8 0.056
     6  C   3.967    C    7 1.577    C    5 1.248    H   35 0.939    C   13 0.058
     7  C   3.971    C    6 1.577    C    8 1.240    H   36 0.939    C    4 0.107
     8  C   3.956    C    9 1.263    C    7 1.240    C   13 1.225    C   11 0.065    C    5 0.056
     9  C   3.970    C   10 1.548    C    8 1.263    H   37 0.944    C   12 0.115
    10  C   3.968    C    9 1.548    C   11 1.313    H   38 0.946    C   13 0.067
    11  C   3.973    C   12 1.546    C   10 1.313    H   39 0.945    C    8 0.065
    12  C   3.971    C   11 1.546    C   13 1.259    H   40 0.938    C    9 0.115
    13  C   3.953    C   12 1.259    C    8 1.225    C    4 1.211    C   10 0.067    C    6 0.058
    14  N   3.455    C   28 1.044    C   15 1.042    C    5 0.990
    15  C   3.928    C   16 1.345    C   20 1.305    N   14 1.042    C   18 0.092
    16  C   3.968    C   17 1.470    C   15 1.345    H   41 0.942    C   19 0.106
    17  C   3.970    C   16 1.470    C   18 1.382    H   42 0.944    C   20 0.090
    18  C   3.969    C   19 1.476    C   17 1.382    H   43 0.944    C   15 0.092
    19  C   3.968    C   18 1.476    C   20 1.335    H   44 0.943    C   16 0.106
    20  C   3.947    C   19 1.335    C   15 1.305    C   21 1.018    C   17 0.090    O   22 0.066
    21  C   3.924    O   22 1.747    C   20 1.018    C   23 1.016
    22  O   2.114    C   21 1.747    C   23 0.067    C   20 0.066
    23  C   3.945    C   24 1.340    C   28 1.298    C   21 1.016    C   26 0.090    O   22 0.067
    24  C   3.967    C   25 1.467    C   23 1.340    H   45 0.942    C   27 0.104
    25  C   3.969    C   24 1.467    C   26 1.393    H   46 0.942    C   28 0.088
    26  C   3.968    C   27 1.419    C   25 1.393    H   47 0.943    C   23 0.090
    27  C   3.940    C   26 1.419    C   28 1.324    C    2 0.942    C   24 0.104
    28  C   3.926    C   27 1.324    C   23 1.298    N   14 1.044    C   25 0.088
    29  H   0.998    C    1 0.976
    30  H   0.997    C    1 0.978
    31  H   0.997    C    1 0.970
    32  H   0.997    C    3 0.972
    33  H   0.999    C    3 0.977
    34  H   0.996    C    3 0.975
    35  H   0.994    C    6 0.939
    36  H   0.992    C    7 0.939
    37  H   0.996    C    9 0.944
    38  H   0.994    C   10 0.946
    39  H   0.996    C   11 0.945
    40  H   0.996    C   12 0.938
    41  H   0.996    C   16 0.942
    42  H   0.995    C   17 0.944
    43  H   0.996    C   18 0.944
    44  H   0.996    C   19 0.943
    45  H   0.993    C   24 0.942
    46  H   0.994    C   25 0.942
    47  H   0.995    C   26 0.943
 
 --------------------------------------------
          xTB calculation for sTDA...
 --------------------------------------------
 
 reading parameter file /home/penavora/Exe_xtb_crest/.param_stda2.xtb
 
      method parameters     
 k(s)        :  1.6000
 k(p)        :  2.1800
 k(d)        :  1.9500
 k(f)        :  2.0000
 k(R-V)      :  2.2750
 k(R-R)      :  1.7650
 Tscal       :  0.2580
 Gscal       :  1.0000
 fpol        :  1.0000
 Zcnf        :  0.3430
 Zqf         :  0.0000
 kcn         :  2.7000
 Ryd Hsplit  :  0.7000
 lshift(virt):  3.1000
 lshift(OS)  :  0.2000
 wllscaling  :  2.6000
 
 mowrcut     : 3.000
 
  Z AO/shell   Hii/eV     exponent
  1     Sun Feb 14 09:53:25 CET 2016    EN: 2.327 GAM: 0.473  GM3: 0.0000
     1s    -14.339618    1.220000
     2sp    -3.348946    0.600000
  6     Sun Feb 14 09:53:25 CET 2016    EN: 2.731 GAM: 0.422  GM3: 0.0000
     2s    -22.009312    1.565095
     2p    -13.020408    1.596905
     3sp    -3.914040    0.824500
  7     Sun Feb 14 09:53:25 CET 2016    EN: 3.573 GAM: 0.504  GM3: 0.0000
     2s    -25.722000    2.064844
     2p    -18.684912    1.801692
     3sp    -4.344791    0.921400
  8     Sun Feb 14 09:53:25 CET 2016    EN: 3.700 GAM: 0.587  GM3: 0.0000
     2s    -33.859000    2.418661
     2p    -22.175911    1.973969
     3sp    -4.259392    1.013700
 
 Nbf   :          319
 T(el) :     0.0
 calculating S/T integrals ...
 cpu time for ints    5.72319100000000     
 Nao   :          319
 making H0...
 making H1...
 cpu time for H      2.695000000001002E-003
 solving ...
 cpu time for diag   0.314131000000000     
 
 gap (eV)           :   6.462
 Koopmans IP (eV)   :  13.989
 Eel (Eh)           :  -116.491450

          eigenvalues
 #    :          55         56         57         58         59         60         61         62
 occ. :        2.000      2.000      2.000      2.000      2.000      2.000      2.000      2.000
 eps  :       -19.003    -18.843    -18.318    -18.065    -17.816    -17.034    -16.466    -16.330
 #    :          63         64         65         66         67         68         69         70
 occ. :        2.000      2.000      2.000      2.000      2.000      0.000      0.000      0.000
 eps  :       -16.230    -16.176    -16.094    -15.270    -13.990     -7.527     -7.077     -6.226
 #    :          71         72         73         74         75         76         77         78
 occ. :        0.000      0.000      0.000      0.000      0.000      0.000      0.000      0.000
 eps  :        -6.029     -5.855     -5.142     -5.123     -4.842     -4.790     -4.715     -4.274
                            1  SCC done.
 writing mo output ...
 molden style : F
 
speedup 23.26
cpu  time for all    9.35 s
wall time for all    0.40 s
