  90
 Etot=        -137.9935925348
 C         -9.5485489140       -6.0219157306       -0.7719959639
 C         -8.4303444520       -6.0454093102       -1.5891867086
 C         -7.4633013903       -5.0637772369       -1.4740320463
 C         -7.5995951445       -4.0369921278       -0.5417865278
 C         -6.5729196239       -2.9897099812       -0.4200387698
 C         -5.2138483737       -3.3317964319       -0.4581511654
 C         -4.2153194376       -2.3855203408       -0.3507572402
 C         -4.5882220079       -1.0551124187       -0.2171378993
 C         -5.9531788680       -0.6920376492       -0.1507156294
 C         -6.9401508164       -1.6603933072       -0.2531714756
 C         -5.9867294789        0.7319977752        0.0418012491
 C         -7.0179665628        1.6487569059        0.1762931636
 C         -6.7140426416        2.9951144089        0.3346767588
 C         -7.7898915613        3.9861497039        0.4969905711
 C         -8.8845506881        3.7129962633        1.3152231134
 C         -9.8946945223        4.6430082293        1.4775730376
 C         -9.8312599589        5.8620625553        0.8228303644
 C         -8.7500820900        6.1436704473        0.0039619712
 C         -7.7373418769        5.2158197097       -0.1562384138
 C         -5.3735387291        3.4053622559        0.3374648166
 C         -4.3314470799        2.5092848976        0.2132139767
 C         -4.6403321502        1.1622273198        0.0836321612
 N         -3.8057166036        0.0738500706       -0.0750888477
 C         -2.4042125774        0.1038134882       -0.0712486060
 C         -1.6844892484       -0.5342492557       -1.0784136716
 C         -0.3043067134       -0.5222627629       -1.0585193770
 C          0.3908453336        0.1451522928       -0.0514401917
 C          1.8601643656        0.1559431486       -0.0341943746
 C          2.5818050232       -1.0097202354       -0.2897576642
 C          3.9603582901       -1.0048220012       -0.2577082962
 C          4.6604985997        0.1718998467        0.0046730422
 C          6.1277997056        0.1504859577        0.0220823967
 C          6.8963051012        1.2504251840       -0.3583272274
 C          8.2826736440        1.1058632690       -0.3170765107
 C          9.2027442779        2.1780561915       -0.7201168721
 C         10.4648076359        1.8435466204       -1.2092163883
 C         11.3469778093        2.8298013274       -1.6067183126
 C         10.9846248277        4.1643709964       -1.5136415533
 C          9.7375723431        4.5068443951       -1.0163747982
 C          8.8495755985        3.5224845025       -0.6228656729
 N          8.8373597029       -0.0405519773        0.0748613283
 C          8.0319805802       -1.0392932034        0.4204920971
 C          8.6554260663       -2.2946476379        0.8526364711
 C          7.8650929715       -3.3892619424        1.1994171864
 C          8.4545405576       -4.5717714633        1.6041087023
 C          9.8355772096       -4.6745187974        1.6692923633
 C         10.6273570077       -3.5882458181        1.3298257164
 C         10.0432102526       -2.4034322102        0.9239444781
 N          6.7041047659       -0.9884490133        0.4027167500
 C          3.9424296693        1.3392281929        0.2565607455
 C          2.5621489770        1.3270517314        0.2467783611
 C         -0.3379227712        0.7956609907        0.9428158098
 C         -1.7179814621        0.7668608803        0.9431794360
 C         -8.7299601124       -4.0229037128        0.2730583722
 C         -9.6944498943       -5.0071536235        0.1595383301
 H        -10.3028554356       -6.7902546941       -0.8611950694
 H         -8.3129022713       -6.8319170878       -2.3213110701
 H         -6.6018599717       -5.0792146743       -2.1264593340
 H         -4.9421608495       -4.3732305345       -0.5501414977
 H         -3.1764565578       -2.6789600419       -0.3565200750
 H         -7.9824585237       -1.3801229789       -0.2227515884
 H         -8.0461266430        1.3215456575        0.1342812901
 H         -8.9315677423        2.7706859641        1.8423810630
 H        -10.7335702578        4.4179163439        2.1209594828
 H        -10.6208001769        6.5886956303        0.9494565688
 H         -8.6968651778        7.0910324691       -0.5137573912
 H         -6.9055978842        5.4367826642       -0.8098712019
 H         -5.1507642414        4.4550814842        0.4611663139
 H         -3.3079794585        2.8526076707        0.2106554445
 H         -2.2133983622       -1.0268520911       -1.8806014027
 H          0.2442956550       -1.0115654200       -1.8497443388
 H          2.0534686410       -1.9301173321       -0.4904458732
 H          4.5202628343       -1.9087546417       -0.4434542849
 H          6.4350888035        2.1558068392       -0.7155252037
 H         10.7315881610        0.7999731594       -1.2772600352
 H         12.3196521781        2.5583251264       -1.9900819838
 H         11.6733702639        4.9364007323       -1.8236571494
 H          9.4559745017        5.5464351170       -0.9326286802
 H          7.8886976832        3.8031000626       -0.2171724607
 H          6.7918042688       -3.2915477951        1.1481833121
 H          7.8367108702       -5.4167718827        1.8713473122
 H         10.2943507748       -5.5998352603        1.9861054881
 H         11.7035199245       -3.6665860058        1.3834710140
 H         10.6452674533       -1.5475140996        0.6608837850
 H          4.4651220174        2.2561801013        0.4870222621
 H          2.0184530787        2.2400343315        0.4410532216
 H          0.1843889843        1.2997633732        1.7424903676
 H         -2.2721605296        1.2432255984        1.7381063323
 H         -8.8417497584       -3.2437870023        1.0136308517
 H        -10.5628754161       -4.9850322450        0.8028119486
  90
 Etot=        -137.9936255232
 C         -9.5472109916       -6.0201652129       -0.7720037407
 C         -8.4289267973       -6.0438464593       -1.5884977120
 C         -7.4621144010       -5.0624051385       -1.4731747694
 C         -7.5987908133       -4.0358267101       -0.5412951104
 C         -6.5725330950       -2.9888871043       -0.4193573689
 C         -5.2138496123       -3.3310207367       -0.4590419539
 C         -4.2152499515       -2.3849486389       -0.3519599705
 C         -4.5880422805       -1.0548607559       -0.2176133922
 C         -5.9528050682       -0.6919078644       -0.1501271006
 C         -6.9397452861       -1.6599136384       -0.2521371684
 C         -5.9862976409        0.7318286213        0.0424396278
 C         -7.0174696084        1.6481789356        0.1770763445
 C         -6.7134944872        2.9942979141        0.3348806738
 C         -7.7887888656        3.9851533143        0.4970339958
 C         -8.8837374970        3.7117085437        1.3141391672
 C         -9.8933634850        4.6418864900        1.4764680299
 C         -9.8297526618        5.8605216854        0.8217151537
 C         -8.7484017621        6.1421493109        0.0036942574
 C         -7.7357089429        5.2145343183       -0.1559456329
 C         -5.3733729355        3.4046625788        0.3379196074
 C         -4.3312004374        2.5087595998        0.2142445717
 C         -4.6400356304        1.1619715332        0.0844583231
 N         -3.8055561742        0.0738154809       -0.0749247847
 C         -2.4046974777        0.1036799968       -0.0712135288
 C         -1.6846921703       -0.5360694377       -1.0768909395
 C         -0.3045975239       -0.5235851944       -1.0573117415
 C          0.3909794666        0.1445917789       -0.0513758939
 C          1.8601373916        0.1552646480       -0.0342153855
 C          2.5820643641       -1.0098643856       -0.2897997094
 C          3.9606287656       -1.0048460662       -0.2575857541
 C          4.6601989724        0.1715780258        0.0050741968
 C          6.1276242841        0.1503386764        0.0218715118
 C          6.8953689204        1.2504522671       -0.3581119097
 C          8.2816185112        1.1053953130       -0.3168486786
 C          9.2018576852        2.1772567098       -0.7190588259
 C         10.4634179680        1.8421642758       -1.2076719374
 C         11.3454248541        2.8281217902       -1.6054641211
 C         10.9836866568        4.1625275723       -1.5126663128
 C          9.7372231411        4.5053217921       -1.0152582354
 C          8.8493066532        3.5213339267       -0.6216868194
 N          8.8358161549       -0.0403214733        0.0733523074
 C          8.0307157737       -1.0388246700        0.4185319908
 C          8.6541906768       -2.2935634197        0.8507639239
 C          7.8639041639       -3.3875563526        1.1979372911
 C          8.4536648806       -4.5693977790        1.6032760318
 C          9.8344162698       -4.6719814715        1.6682395875
 C         10.6257714009       -3.5859166571        1.3284634244
 C         10.0416643783       -2.4016870245        0.9217218288
 N          6.7031049377       -0.9881405290        0.4008444159
 C          3.9419081332        1.3381326377        0.2573367941
 C          2.5617058812        1.3259554131        0.2474274794
 C         -0.3380863381        0.7961743510        0.9416406879
 C         -1.7180652067        0.7683582342        0.9416385315
 C         -8.7293956417       -4.0211796307        0.2725857595
 C         -9.6932309695       -5.0056942919        0.1593131797
 H        -10.3011095248       -6.7884962008       -0.8610521280
 H         -8.3112967295       -6.8302692399       -2.3202238812
 H         -6.6003636908       -5.0780114186       -2.1248375669
 H         -4.9426295559       -4.3724251349       -0.5508663742
 H         -3.1763343573       -2.6781589788       -0.3578705353
 H         -7.9818325292       -1.3797045851       -0.2210497692
 H         -8.0454183507        1.3210222973        0.1347168403
 H         -8.9307301817        2.7696055106        1.8411924617
 H        -10.7324132407        4.4170674562        2.1192439849
 H        -10.6189303596        6.5870506691        0.9482562658
 H         -8.6953016787        7.0891980854       -0.5139845968
 H         -6.9037539644        5.4351149797       -0.8091291493
 H         -5.1510462300        4.4543109795        0.4615468560
 H         -3.3076685304        2.8519412231        0.2114395629
 H         -2.2138049671       -1.0289625166       -1.8787181431
 H          0.2441301704       -1.0132801305       -1.8482432018
 H          2.0528999724       -1.9302028880       -0.4896783938
 H          4.5206839640       -1.9089879667       -0.4407575825
 H          6.4340712858        2.1557452797       -0.7163475340
 H         10.7305223246        0.7987604067       -1.2737434157
 H         12.3182741973        2.5572435054       -1.9887080394
 H         11.6725840250        4.9344335030       -1.8227468808
 H          9.4562567094        5.5451598665       -0.9318605840
 H          7.8884674430        3.8026180885       -0.2163798985
 H          6.7907138866       -3.2900934828        1.1463387084
 H          7.8367243321       -5.4149922801        1.8708795502
 H         10.2934152415       -5.5972259130        1.9853530856
 H         11.7019110488       -3.6648726450        1.3825410186
 H         10.6434764770       -1.5459710778        0.6581870625
 H          4.4640608484        2.2554335046        0.4874818224
 H          2.0171816958        2.2389267483        0.4407702460
 H          0.1844172075        1.3006756038        1.7409629574
 H         -2.2723974555        1.2451532386        1.7361525708
 H         -8.8410607618       -3.2422564979        1.0130295503
 H        -10.5613838531       -4.9838851751        0.8024049173
