 
        ______________________________________
       |                                      |
       |          ===================         |
       |             xTB for sTDA             |
       |          ===================         |
       |               S. Grimme              |
       |        Universitaet Bonn, MCTC       |
       |         2015-19, Version 1.0         |
       |     Wed Apr  3 09:14:55 CEST 2019    |
       |______________________________________|
 
        This code comes without any warranty
        for non-commercial, academia use only.
        Preliminary test version.
        Cite this work as:
        S. Grimme  &  C. Bannwarth, JCP 145 (2016) 054103
        if GBSA is used additionally:
        P. Shushkov, F. März, C. Bannwarth, S. Grimme, unpublished.
 
        with help from
        P. Shushkov, G. Brandenburg, S. Dohm, J. Pisarek,
        F. März, M. Checinski, S. Ehrlich, S. Spicher, 
        P. Pracht, E. Caldeweyher, S. Ehlert, and C. Bannwarth.
 
        usage        :
        xtb4stda <coord_file> [options]
        where <coord_file> is a valid file of TM)
        (*coord, Bohr) or xmol (*xyz, Angstroem)
        format.

        options:
        -chrg <int>   : molecular charge
        -uhf  <int>   : # of unpaired electrons(=2*S)
        -nox          : skip second, extended part in sTDA-xTB
        -pop          : do population analysis
                      : (default for -nox)
        -mowr <real>  : cut MO write above (def.3 Eh)
        -molden       : write formatted molden file
        -parx <file>  : read parameters for sTDA-xTB
                        calc (def:~/.param_stda2.xtb)
        -parv <file>  : read parameters for vTB part in
                        sTDA-xTB (def: ~/.param_stda1.xtb)
        -xtemp <real> : el. temp for xTB (def. 0 K)
        -etemp <real> : el. temp for GFN (def. 300 K)
        -fod          : calculate the FOD and write
                        molden.input file with
                        appropriate occupations
                        for plotting. Def. T=12500 K
 
        -acc <real>   : xTB accuracy (def. 1.0)
        -gbsa [string1] [string2]
                        use GBSA implicit solvent
                        for solvent [string1] and
                        solvation state [string2]=
                        reference, bar1M (default=1M)
        additional GFN/opt/MD/siman options read from
        $XTB4STDAHOME/.xtb4stdarc or $set in input
 
       spin and charge state information can be on:
       <.CHRG> (charge) and <.UHF> (=nalpha-nbeta)
       -uhf and -chrg override the file info.
       useful machine settings:
       setenv MKL_NUM_THREADS <NCORE_ON_YOUR_MACHINE>
       setenv OMP_STACKSIZE 500m
       limit stacksize unlimited
 
       total energies in Eh, gaps/HL energies in eV
       please read REVISION and HOWTO files carefully
 =============================
  # OMP threads =          48
 =============================
 
 xtb4stdahome directory:/home/penavora/Exe_xtb_crest/
 
 argument            1 :--gbsa
 argument            2 :toluene
 
 name of molecule           :
 comment line               :
 number of atoms            :    94
 number of electrons        :   274
 charge                     :  0
 spin                       : 0.0
 first test random number   :  0.7721
 
 -----------------------------------------
      charge density (VTB) calculation
 -----------------------------------------
 
      method parameters     
 k(s)        :  1.8000
 k(p)        :  2.8350
 k(d)        :  2.0860
 k(f)        :  2.0000
 Tscal       :  0.3300
 Gscal       :  0.3910
 fpol        :  1.0000
 Zcnf        :  0.6500
 Zqf         :  0.0000
 kcn         :  0.3000
 kEN1        : -0.5900
 wllscal     :  2.6000
 
 Solvent             : toluene
 GBSA parameter file : /home/penavora/Exe_xtb_crest/.param_gbsa_toluene
 Gsolv ref. state (COSMO-RS): gsolv [1 M gas/solution]
 temperature (mdtemp)       :    298.150000000000     
 dielectric constant        :    7.00000000000000     
 rho                        :   0.867000000000000     
 mass                       :    92.1400000000000     
 surface tension            :    15.5689470637553     
 probe radius               :   0.641644990000000     
 vdW radii scaling          :    1.00000000000000     
 Gshift (Eh)                :   4.228772547061559E-003
 c1                         :    1.59772343000000     
 soset                      :   0.281999450000000     
 HB correction              :  F
 
 doing EN charges ...
 sum q : -0.1998401D-14
 point charge moment (au)
     X       Y       Z   
   0.1011  -0.0486   0.6131  total (Debye):    1.584
 
            Z      q(EN)   CN      Cart. coordinates
     1  C   4.0  -0.243   4.108     9.17263     4.46729    -0.58549
     2  C   4.0  -0.031   4.147     8.66862     3.95258     2.23971
     3  C   4.0  -0.244   4.099     9.75469     6.15866     3.75670
     4  C   4.0   0.009   3.319     5.84512     3.62358     2.64971
     5  C   4.0  -0.071   3.182     4.29874     5.37969     3.82996
     6  C   4.0  -0.073   3.149     1.74385     4.91838     4.15685
     7  C   4.0  -0.073   3.151     0.69969     2.66377     3.34359
     8  C   4.0  -0.068   3.188     2.20862     0.87933     2.17749
     9  C   4.0   0.082   3.353     4.75974     1.37159     1.79459
    10  N   5.0  -0.312   3.260     6.37116    -0.47288     0.73164
    11  C   4.0   0.103   3.244     5.94146    -1.55794    -1.58889
    12  C   4.0  -0.071   3.192     7.62385    -3.30130    -2.67513
    13  C   4.0  -0.071   3.151     7.13398    -4.39574    -4.99113
    14  C   4.0  -0.080   3.218     4.96864    -3.79023    -6.34406
    15  C   4.0  -0.048   3.185     3.38535    -1.98016    -5.33875
    16  S   6.0   0.561   4.403     0.60033    -0.97866    -6.99253
    17  O   6.0  -0.223   1.026     1.02458     1.50122    -8.06951
    18  O   6.0  -0.224   1.025    -0.18851    -2.94306    -8.72358
    19  C   4.0  -0.046   3.187    -1.65361    -0.69448    -4.46484
    20  C   4.0  -0.079   3.293    -2.23015    -2.86059    -3.13782
    21  C   4.0   0.097   3.243    -3.73121    -2.67274    -0.97788
    22  N   5.0  -0.323   3.313    -4.22743    -4.82193     0.46469
    23  C   4.0   0.087   3.461    -6.55344    -5.56590     1.40834
    24  C   4.0  -0.064   3.156    -8.91513    -4.47622     1.09278
    25  C   4.0  -0.073   3.151   -10.96628    -5.64695     2.20931
    26  C   4.0  -0.073   3.145   -10.69172    -7.86901     3.59289
    27  C   4.0  -0.068   3.153    -8.35412    -8.99754     3.86378
    28  C   4.0  -0.000   3.372    -6.26745    -7.85041     2.75977
    29  C   4.0  -0.000   3.373    -3.63603    -8.51001     2.62134
    30  C   4.0  -0.068   3.153    -2.23077   -10.50153     3.59484
    31  C   4.0  -0.073   3.145     0.33706   -10.56203     3.13430
    32  C   4.0  -0.073   3.152     1.50507    -8.65186     1.75102
    33  C   4.0  -0.063   3.157     0.14480    -6.65052     0.76551
    34  C   4.0   0.086   3.464    -2.44447    -6.60533     1.17800
    35  C   4.0  -0.066   3.231    -4.62367    -0.31093    -0.22497
    36  C   4.0   0.097   3.243    -4.05792     1.85475    -1.61486
    37  N   5.0  -0.323   3.312    -4.90704     4.21606    -0.81495
    38  C   4.0   0.086   3.462    -3.45143     6.39146    -0.65180
    39  C   4.0  -0.064   3.160    -0.90664     6.75824    -1.16164
    40  C   4.0  -0.074   3.154     0.08716     9.14334    -0.77629
    41  C   4.0  -0.073   3.145    -1.39268    11.12525     0.12117
    42  C   4.0  -0.068   3.153    -3.91514    10.76143     0.68060
    43  C   4.0  -0.001   3.374    -4.95603     8.38288     0.29766
    44  C   4.0  -0.000   3.372    -7.44334     7.36498     0.69086
    45  C   4.0  -0.068   3.153    -9.70308     8.40854     1.52355
    46  C   4.0  -0.073   3.145   -11.82407     6.89045     1.61563
    47  C   4.0  -0.073   3.151   -11.71697     4.37491     0.84943
    48  C   4.0  -0.064   3.157    -9.48700     3.30011     0.01444
    49  C   4.0   0.086   3.462    -7.33507     4.79471    -0.02037
    50  C   4.0  -0.077   3.273    -2.54547     1.64897    -3.76844
    51  C   4.0  -0.081   3.315     3.83771    -0.85229    -3.03768
    52  C   4.0   0.082   3.346     8.63545    -0.75700     2.11954
    53  C   4.0  -0.068   3.183     9.51626    -3.12863     2.81892
    54  C   4.0  -0.072   3.145    11.69245    -3.34143     4.25028
    55  C   4.0  -0.073   3.145    12.95400    -1.18610     5.02340
    56  C   4.0  -0.071   3.181    12.01820     1.17977     4.40815
    57  C   4.0   0.009   3.319     9.85001     1.43542     2.95925
    58  H   1.0   0.082   0.999    11.19770     4.59348    -0.91871
    59  H   1.0   0.084   1.001     8.41349     2.98396    -1.78527
    60  H   1.0   0.083   0.999     8.30338     6.24699    -1.13675
    61  H   1.0   0.083   1.000     9.45718     5.88745     5.77218
    62  H   1.0   0.083   1.000    11.76764     6.34381     3.39216
    63  H   1.0   0.083   1.000     8.86585     7.91754     3.17742
    64  H   1.0   0.076   1.006     5.06931     7.13763     4.50895
    65  H   1.0   0.075   1.005     0.57095     6.31826     5.06508
    66  H   1.0   0.075   1.005    -1.28112     2.27862     3.63726
    67  H   1.0   0.076   1.006     1.42114    -0.91001     1.59408
    68  H   1.0   0.077   1.007     9.35537    -3.76910    -1.71090
    69  H   1.0   0.074   1.005     8.45975    -5.74234    -5.75864
    70  H   1.0   0.076   1.006     4.51422    -4.64915    -8.13330
    71  H   1.0   0.079   1.009    -1.53453    -4.65678    -3.79949
    72  H   1.0   0.076   1.005    -9.16124    -2.78730    -0.02017
    73  H   1.0   0.074   1.004   -12.82202    -4.82528     1.99334
    74  H   1.0   0.074   1.004   -12.33781    -8.72685     4.44085
    75  H   1.0   0.075   1.004    -8.14600   -10.74181     4.90070
    76  H   1.0   0.075   1.004    -3.13477   -11.96445     4.69182
    77  H   1.0   0.074   1.004     1.46406   -12.09801     3.86560
    78  H   1.0   0.074   1.005     3.51873    -8.73641     1.43374
    79  H   1.0   0.076   1.006     1.08798    -5.17801    -0.28600
    80  H   1.0   0.078   1.007    -5.69960    -0.15005     1.50041
    81  H   1.0   0.076   1.006     0.28260     5.24181    -1.82491
    82  H   1.0   0.074   1.005     2.05994     9.47094    -1.17996
    83  H   1.0   0.074   1.004    -0.54667    12.96241     0.39264
    84  H   1.0   0.075   1.004    -5.06208    12.28587     1.40295
    85  H   1.0   0.075   1.004    -9.79429    10.37107     2.07222
    86  H   1.0   0.074   1.004   -13.59875     7.66323     2.26180
    87  H   1.0   0.074   1.004   -13.41330     3.24093     0.89661
    88  H   1.0   0.076   1.005    -9.44324     1.36748    -0.62992
    89  H   1.0   0.078   1.008    -2.06724     3.26733    -4.90870
    90  H   1.0   0.080   1.012     2.57156     0.60845    -2.39770
    91  H   1.0   0.076   1.006     8.47264    -4.79563     2.28114
    92  H   1.0   0.074   1.004    12.38115    -5.18718     4.78129
    93  H   1.0   0.074   1.004    14.65528    -1.34078     6.13919
    94  H   1.0   0.076   1.006    13.00823     2.82881     5.07660
 
  Z AO/shell   Hii/eV     exponent
  1     Sat Feb 20 21:38:01 CET 2016    EN: 2.327 GAM: 0.473  GM3: 0.0000
     1s    -13.751157    1.051071
  6     Sat Feb 20 21:38:01 CET 2016    EN: 2.731 GAM: 0.422  GM3: 0.0000
     2s    -19.378245    2.021003
     2p    -11.993376    1.497917
  7     Sat Feb 20 21:38:01 CET 2016    EN: 3.573 GAM: 0.504  GM3: 0.0000
     2s    -21.576984    2.275442
     2p    -16.125120    2.056788
  8     Sat Feb 20 21:38:01 CET 2016    EN: 3.700 GAM: 0.587  GM3: 0.0000
     2s    -21.648843    2.110798
     2p    -17.239740    2.329048
 16     Sat Feb 20 23:13:41 CET 2016    EN: 1.915 GAM: 0.389  GM3: 0.0000
     3s    -22.000000    2.671470
     3p    -15.834192    1.836978
     3d     -2.593599    1.836978
 
 dipole moment of classical point charges (au)
     X       Y       Z   
   0.1011  -0.0486   0.6131  total (Debye):    1.584

 
 Nbf   :          271
 T(el) :   300.0
 calculating S/T integrals ...
 cpu time for ints    1.75966500000000     
 Nao   :          270
 making H0...
 making H1...
 cpu time for H      0.389389000000000     
 solving ...
 cpu time for diag   0.765296000000000     
 
 gap (eV)           :   1.780
 Koopmans IP (eV)   :  12.796
 Eel (Eh)           :  -212.098301
 T,E(Fermi),NFOD :    300.000   -11.906  0.000000
 T,E(Fermi),NFOD :    300.000   -11.906  0.000000
 Nfod               :  0.0000
 Nfod/Nel           :  0.0000

          eigenvalues
 #    :         125        126        127        128        129        130        131        132
 occ. :        2.000      2.000      2.000      2.000      2.000      2.000      2.000      2.000
 eps  :       -15.323    -15.306    -15.172    -15.150    -15.104    -15.058    -14.975    -14.604
 #    :         133        134        135        136        137        138        139        140
 occ. :        2.000      2.000      2.000      2.000      2.000      0.000      0.000      0.000
 eps  :       -13.858    -13.832    -13.207    -13.005    -12.797    -11.017     -7.115     -6.823
 #    :         141        142        143        144        145        146        147        148
 occ. :        0.000      0.000      0.000      0.000      0.000      0.000      0.000      0.000
 eps  :        -6.669     -6.644     -6.511     -6.274     -5.804     -5.564     -5.358     -5.185
                            1  SCC done.
 making H1...
 cpu time for H      0.972986000000000     
 solving ...
 cpu time for diag   0.412399000000000     
 
 gap (eV)           :   1.525
 Koopmans IP (eV)   :  13.100
 Eel (Eh)           :  -214.109312
 T,E(Fermi),NFOD :    300.000   -12.337  0.000000
 T,E(Fermi),NFOD :    300.000   -12.337  0.000000
 Nfod               :  0.0000
 Nfod/Nel           :  0.0000

          eigenvalues
 #    :         125        126        127        128        129        130        131        132
 occ. :        2.000      2.000      2.000      2.000      2.000      2.000      2.000      2.000
 eps  :       -15.719    -15.662    -15.443    -15.381    -15.367    -15.175    -15.111    -14.824
 #    :         133        134        135        136        137        138        139        140
 occ. :        2.000      2.000      2.000      2.000      2.000      0.000      0.000      0.000
 eps  :       -13.979    -13.943    -13.505    -13.360    -13.101    -11.576     -7.737     -7.347
 #    :         141        142        143        144        145        146        147        148
 occ. :        0.000      0.000      0.000      0.000      0.000      0.000      0.000      0.000
 eps  :        -7.061     -6.778     -6.701     -6.650     -6.138     -6.022     -5.669     -5.529
                            2  SCC done.
 
 
 Mulliken/CM5 charges    n(s)   n(p)   n(d)   
    1 C  -0.0960 -0.2413   1.107  2.989  0.000
    2 C   0.0151 -0.0039   1.227  2.757  0.000
    3 C  -0.0883 -0.2370   1.097  2.992  0.000
    4 C  -0.0235 -0.0256   1.197  2.826  0.000
    5 C  -0.0299 -0.0844   1.138  2.892  0.000
    6 C  -0.0301 -0.0869   1.134  2.896  0.000
    7 C  -0.0300 -0.0866   1.136  2.894  0.000
    8 C  -0.0395 -0.0896   1.140  2.900  0.000
    9 C   0.0282  0.0844   1.188  2.784  0.000
   10 N  -0.1291 -0.3756   1.231  3.898  0.000
   11 C   0.0720  0.1317   1.177  2.751  0.000
   12 C  -0.0231 -0.0724   1.134  2.889  0.000
   13 C  -0.0035 -0.0595   1.137  2.866  0.000
   14 C  -0.0336 -0.0854   1.132  2.902  0.000
   15 C   0.0000  0.0058   1.210  2.790  0.000
   16 S   0.4172  0.4666   1.558  3.200  0.824
   17 O  -0.4035 -0.4532   1.679  4.725  0.000
   18 O  -0.4019 -0.4512   1.679  4.723  0.000
   19 C  -0.0000  0.0052   1.212  2.788  0.000
   20 C  -0.0261 -0.0704   1.137  2.889  0.000
   21 C   0.0810  0.1381   1.168  2.751  0.000
   22 N  -0.0979 -0.3423   1.235  3.863  0.000
   23 C   0.0289  0.0912   1.184  2.787  0.000
   24 C  -0.0408 -0.0905   1.135  2.905  0.000
   25 C  -0.0345 -0.0906   1.135  2.899  0.000
   26 C  -0.0437 -0.0998   1.132  2.911  0.000
   27 C  -0.0331 -0.0860   1.137  2.896  0.000
   28 C  -0.0252 -0.0223   1.166  2.859  0.000
   29 C  -0.0251 -0.0222   1.166  2.859  0.000
   30 C  -0.0320 -0.0848   1.138  2.894  0.000
   31 C  -0.0418 -0.0979   1.132  2.910  0.000
   32 C  -0.0327 -0.0888   1.135  2.897  0.000
   33 C  -0.0448 -0.0946   1.137  2.908  0.000
   34 C   0.0235  0.0856   1.186  2.790  0.000
   35 C  -0.0126 -0.0540   1.139  2.874  0.000
   36 C   0.0806  0.1379   1.168  2.752  0.000
   37 N  -0.0959 -0.3408   1.235  3.861  0.000
   38 C   0.0276  0.0894   1.185  2.787  0.000
   39 C  -0.0453 -0.0954   1.136  2.910  0.000
   40 C  -0.0354 -0.0917   1.135  2.900  0.000
   41 C  -0.0423 -0.0985   1.132  2.910  0.000
   42 C  -0.0317 -0.0846   1.138  2.894  0.000
   43 C  -0.0240 -0.0212   1.166  2.858  0.000
   44 C  -0.0256 -0.0228   1.166  2.860  0.000
   45 C  -0.0333 -0.0861   1.138  2.896  0.000
   46 C  -0.0432 -0.0994   1.132  2.911  0.000
   47 C  -0.0336 -0.0897   1.135  2.898  0.000
   48 C  -0.0408 -0.0907   1.136  2.905  0.000
   49 C   0.0288  0.0910   1.185  2.787  0.000
   50 C  -0.0222 -0.0668   1.135  2.887  0.000
   51 C  -0.0518 -0.0963   1.136  2.916  0.000
   52 C   0.0350  0.0914   1.186  2.779  0.000
   53 C  -0.0276 -0.0775   1.137  2.890  0.000
   54 C  -0.0277 -0.0840   1.135  2.893  0.000
   55 C  -0.0335 -0.0899   1.134  2.899  0.000
   56 C  -0.0332 -0.0875   1.138  2.895  0.000
   57 C  -0.0217 -0.0237   1.197  2.825  0.000
   58 H   0.0340  0.0877   0.966  0.000  0.000
   59 H   0.0339  0.0942   0.966  0.000  0.000
   60 H   0.0325  0.0862   0.967  0.000  0.000
   61 H   0.0368  0.0908   0.963  0.000  0.000
   62 H   0.0388  0.0929   0.961  0.000  0.000
   63 H   0.0387  0.0928   0.961  0.000  0.000
   64 H   0.0460  0.1050   0.954  0.000  0.000
   65 H   0.0427  0.0999   0.957  0.000  0.000
   66 H   0.0477  0.1064   0.952  0.000  0.000
   67 H   0.0433  0.1059   0.957  0.000  0.000
   68 H   0.0580  0.1209   0.942  0.000  0.000
   69 H   0.0658  0.1225   0.934  0.000  0.000
   70 H   0.0428  0.1034   0.957  0.000  0.000
   71 H   0.0526  0.1176   0.947  0.000  0.000
   72 H   0.0448  0.1052   0.955  0.000  0.000
   73 H   0.0472  0.1038   0.953  0.000  0.000
   74 H   0.0417  0.0982   0.958  0.000  0.000
   75 H   0.0428  0.1000   0.957  0.000  0.000
   76 H   0.0428  0.1000   0.957  0.000  0.000
   77 H   0.0426  0.0992   0.957  0.000  0.000
   78 H   0.0493  0.1061   0.951  0.000  0.000
   79 H   0.0428  0.1041   0.957  0.000  0.000
   80 H   0.0613  0.1269   0.939  0.000  0.000
   81 H   0.0408  0.1022   0.959  0.000  0.000
   82 H   0.0463  0.1032   0.954  0.000  0.000
   83 H   0.0426  0.0991   0.957  0.000  0.000
   84 H   0.0435  0.1007   0.957  0.000  0.000
   85 H   0.0428  0.1000   0.957  0.000  0.000
   86 H   0.0419  0.0984   0.958  0.000  0.000
   87 H   0.0474  0.1041   0.953  0.000  0.000
   88 H   0.0451  0.1055   0.955  0.000  0.000
   89 H   0.0495  0.1157   0.951  0.000  0.000
   90 H   0.0472  0.1156   0.953  0.000  0.000
   91 H   0.0451  0.1061   0.955  0.000  0.000
   92 H   0.0462  0.1027   0.954  0.000  0.000
   93 H   0.0416  0.0981   0.958  0.000  0.000
   94 H   0.0447  0.1037   0.955  0.000  0.000
 Hirshfeld charges for QMDFF written to <charges>
 
 Loewdin charges    n(s)   n(p)   n(d)
    1 C  -0.1010   1.036  3.065  0.000
    2 C   0.0264   1.186  2.787  0.000
    3 C  -0.0935   1.026  3.068  0.000
    4 C  -0.0237   1.158  2.866  0.000
    5 C  -0.0259   1.085  2.941  0.000
    6 C  -0.0235   1.080  2.944  0.000
    7 C  -0.0218   1.081  2.941  0.000
    8 C  -0.0370   1.087  2.950  0.000
    9 C   0.0255   1.152  2.823  0.000
   10 N  -0.0909   1.191  3.900  0.000
   11 C   0.0698   1.140  2.790  0.000
   12 C  -0.0232   1.083  2.940  0.000
   13 C   0.0066   1.081  2.912  0.000
   14 C  -0.0324   1.080  2.953  0.000
   15 C   0.0226   1.164  2.814  0.000
   16 S   0.3187   1.532  3.195  0.954
   17 O  -0.3609   1.650  4.711  0.000
   18 O  -0.3590   1.650  4.709  0.000
   19 C   0.0225   1.166  2.812  0.000
   20 C  -0.0283   1.086  2.942  0.000
   21 C   0.0787   1.131  2.790  0.000
   22 N  -0.0553   1.193  3.863  0.000
   23 C   0.0237   1.149  2.827  0.000
   24 C  -0.0395   1.083  2.956  0.000
   25 C  -0.0261   1.080  2.946  0.000
   26 C  -0.0374   1.078  2.959  0.000
   27 C  -0.0276   1.084  2.944  0.000
   28 C  -0.0252   1.124  2.901  0.000
   29 C  -0.0251   1.124  2.901  0.000
   30 C  -0.0265   1.084  2.943  0.000
   31 C  -0.0355   1.078  2.957  0.000
   32 C  -0.0243   1.081  2.944  0.000
   33 C  -0.0433   1.084  2.959  0.000
   34 C   0.0187   1.151  2.830  0.000
   35 C  -0.0153   1.088  2.927  0.000
   36 C   0.0785   1.131  2.791  0.000
   37 N  -0.0533   1.192  3.861  0.000
   38 C   0.0225   1.150  2.828  0.000
   39 C  -0.0438   1.084  2.960  0.000
   40 C  -0.0271   1.080  2.947  0.000
   41 C  -0.0361   1.078  2.958  0.000
   42 C  -0.0262   1.084  2.942  0.000
   43 C  -0.0240   1.124  2.900  0.000
   44 C  -0.0256   1.124  2.901  0.000
   45 C  -0.0277   1.084  2.944  0.000
   46 C  -0.0369   1.078  2.959  0.000
   47 C  -0.0252   1.080  2.945  0.000
   48 C  -0.0396   1.083  2.956  0.000
   49 C   0.0237   1.149  2.827  0.000
   50 C  -0.0253   1.085  2.941  0.000
   51 C  -0.0553   1.087  2.969  0.000
   52 C   0.0318   1.150  2.818  0.000
   53 C  -0.0253   1.085  2.940  0.000
   54 C  -0.0194   1.080  2.940  0.000
   55 C  -0.0265   1.080  2.947  0.000
   56 C  -0.0291   1.085  2.944  0.000
   57 C  -0.0220   1.157  2.865  0.000
   58 H   0.0337   0.966  0.000  0.000
   59 H   0.0337   0.966  0.000  0.000
   60 H   0.0325   0.967  0.000  0.000
   61 H   0.0362   0.964  0.000  0.000
   62 H   0.0390   0.961  0.000  0.000
   63 H   0.0389   0.961  0.000  0.000
   64 H   0.0385   0.962  0.000  0.000
   65 H   0.0351   0.965  0.000  0.000
   66 H   0.0394   0.961  0.000  0.000
   67 H   0.0357   0.964  0.000  0.000
   68 H   0.0488   0.951  0.000  0.000
   69 H   0.0552   0.945  0.000  0.000
   70 H   0.0348   0.965  0.000  0.000
   71 H   0.0432   0.957  0.000  0.000
   72 H   0.0373   0.963  0.000  0.000
   73 H   0.0389   0.961  0.000  0.000
   74 H   0.0342   0.966  0.000  0.000
   75 H   0.0347   0.965  0.000  0.000
   76 H   0.0347   0.965  0.000  0.000
   77 H   0.0351   0.965  0.000  0.000
   78 H   0.0406   0.959  0.000  0.000
   79 H   0.0355   0.965  0.000  0.000
   80 H   0.0509   0.949  0.000  0.000
   81 H   0.0336   0.966  0.000  0.000
   82 H   0.0381   0.962  0.000  0.000
   83 H   0.0350   0.965  0.000  0.000
   84 H   0.0353   0.965  0.000  0.000
   85 H   0.0347   0.965  0.000  0.000
   86 H   0.0344   0.966  0.000  0.000
   87 H   0.0391   0.961  0.000  0.000
   88 H   0.0376   0.962  0.000  0.000
   89 H   0.0407   0.959  0.000  0.000
   90 H   0.0392   0.961  0.000  0.000
   91 H   0.0370   0.963  0.000  0.000
   92 H   0.0380   0.962  0.000  0.000
   93 H   0.0341   0.966  0.000  0.000
   94 H   0.0374   0.963  0.000  0.000
 
 Wiberg/Mayer (AO) data. WBOs > 0.1 written file <wbo>
 largest (>0.05) Wiberg bond orders for each atom
           total WBO             WBO to atom ...
     1  C   3.979    H   60 0.978    H   58 0.978    H   59 0.976    C    2 0.951
     2  C   3.923    C    3 0.974    C    1 0.951    C    4 0.937    C   57 0.937
     3  C   3.981    H   61 0.978    H   63 0.977    H   62 0.977    C    2 0.974
     4  C   3.940    C    5 1.402    C    9 1.344    C    2 0.937    C    7 0.106
     5  C   3.970    C    6 1.428    C    4 1.402    H   64 0.943    C    8 0.107
     6  C   3.971    C    5 1.428    C    7 1.427    H   65 0.944    C    9 0.106
     7  C   3.971    C    8 1.431    C    6 1.427    H   66 0.942    C    4 0.106
     8  C   3.967    C    7 1.431    C    9 1.388    H   67 0.943    C    5 0.107
     9  C   3.927    C    8 1.388    C    4 1.344    N   10 0.971    C    6 0.106
    10  N   3.358    C   11 1.055    C    9 0.971    C   52 0.967
    11  C   3.933    C   12 1.340    C   51 1.333    N   10 1.055    C   14 0.099
    12  C   3.969    C   13 1.463    C   11 1.340    H   68 0.934    C   15 0.098
    13  C   3.966    C   12 1.463    C   14 1.391    H   69 0.934    C   51 0.102
    14  C   3.962    C   15 1.407    C   13 1.391    H   70 0.946    C   11 0.099
    15  C   3.893    C   51 1.428    C   14 1.407    S   16 0.734    C   12 0.098    O   18 0.059    O   17 0.058
    16  S   5.041    O   18 1.709    O   17 1.706    C   19 0.734    C   15 0.734
    17  O   1.993    S   16 1.706    O   18 0.111    C   19 0.062    C   15 0.058
    18  O   1.995    S   16 1.709    O   17 0.111    C   19 0.062    C   15 0.059
    19  C   3.901    C   50 1.418    C   20 1.413    S   16 0.734    C   35 0.098    O   18 0.062    O   17 0.062
    20  C   3.962    C   19 1.413    C   21 1.357    H   71 0.942    C   36 0.102
    21  C   3.931    C   35 1.386    C   20 1.357    N   22 0.991    C   50 0.101
    22  N   3.437    C   23 1.042    C   34 1.041    C   21 0.991
    23  C   3.924    C   24 1.374    C   28 1.269    N   22 1.042    C   26 0.092
    24  C   3.966    C   25 1.448    C   23 1.374    H   72 0.941    C   27 0.103
    25  C   3.953    C   24 1.448    C   26 1.398    H   73 0.944    C   28 0.091
    26  C   3.968    C   27 1.459    C   25 1.398    H   74 0.945    C   23 0.092
    27  C   3.960    C   26 1.459    C   28 1.354    H   75 0.945    C   24 0.103
    28  C   3.953    C   27 1.354    C   23 1.269    C   29 1.084    C   25 0.091
    29  C   3.953    C   30 1.354    C   34 1.270    C   28 1.084    C   32 0.091
    30  C   3.960    C   31 1.459    C   29 1.354    H   76 0.945    C   33 0.103
    31  C   3.968    C   30 1.459    C   32 1.398    H   77 0.945    C   34 0.092
    32  C   3.953    C   33 1.448    C   31 1.398    H   78 0.944    C   29 0.091
    33  C   3.967    C   32 1.448    C   34 1.374    H   79 0.941    C   30 0.103
    34  C   3.924    C   33 1.374    C   29 1.270    N   22 1.041    C   31 0.092
    35  C   3.962    C   36 1.388    C   21 1.386    H   80 0.938    C   19 0.098
    36  C   3.930    C   35 1.388    C   50 1.353    N   37 0.993    C   20 0.102
    37  N   3.438    C   49 1.041    C   38 1.041    C   36 0.993
    38  C   3.925    C   39 1.375    C   43 1.270    N   37 1.041    C   41 0.092
    39  C   3.968    C   40 1.447    C   38 1.375    H   81 0.942    C   42 0.103
    40  C   3.953    C   39 1.447    C   41 1.398    H   82 0.944    C   43 0.091
    41  C   3.969    C   42 1.459    C   40 1.398    H   83 0.945    C   38 0.092
    42  C   3.960    C   41 1.459    C   43 1.355    H   84 0.945    C   39 0.103
    43  C   3.954    C   42 1.355    C   38 1.270    C   44 1.084    C   40 0.091
    44  C   3.953    C   45 1.354    C   49 1.270    C   43 1.084    C   47 0.091
    45  C   3.960    C   46 1.459    C   44 1.354    H   85 0.945    C   48 0.103
    46  C   3.968    C   45 1.459    C   47 1.398    H   86 0.945    C   49 0.092
    47  C   3.953    C   48 1.448    C   46 1.398    H   87 0.944    C   44 0.091
    48  C   3.966    C   47 1.448    C   49 1.374    H   88 0.941    C   45 0.103
    49  C   3.924    C   48 1.374    C   44 1.270    N   37 1.041    C   46 0.092
    50  C   3.962    C   19 1.418    C   36 1.353    H   89 0.942    C   21 0.101
    51  C   3.966    C   15 1.428    C   11 1.333    H   90 0.937    C   13 0.102
    52  C   3.925    C   53 1.392    C   57 1.343    N   10 0.967    C   55 0.106
    53  C   3.967    C   54 1.429    C   52 1.392    H   91 0.943    C   56 0.107
    54  C   3.971    C   55 1.429    C   53 1.429    H   92 0.943    C   57 0.107
    55  C   3.971    C   54 1.429    C   56 1.427    H   93 0.944    C   52 0.106
    56  C   3.970    C   55 1.427    C   57 1.403    H   94 0.943    C   53 0.107
    57  C   3.940    C   56 1.403    C   52 1.343    C    2 0.937    C   54 0.107
    58  H   0.997    C    1 0.978
    59  H   0.999    C    1 0.976
    60  H   0.997    C    1 0.978
    61  H   0.999    C    3 0.978
    62  H   0.997    C    3 0.977
    63  H   0.997    C    3 0.977
    64  H   0.997    C    5 0.943
    65  H   0.996    C    6 0.944
    66  H   0.994    C    7 0.942
    67  H   0.997    C    8 0.943
    68  H   0.990    C   12 0.934
    69  H   0.989    C   13 0.934
    70  H   0.998    C   14 0.946
    71  H   0.997    C   20 0.942
    72  H   0.997    C   24 0.941
    73  H   0.997    C   25 0.944
    74  H   0.996    C   26 0.945
    75  H   0.997    C   27 0.945
    76  H   0.997    C   30 0.945
    77  H   0.996    C   31 0.945
    78  H   0.997    C   32 0.944
    79  H   0.997    C   33 0.941
    80  H   0.990    C   35 0.938
    81  H   0.997    C   39 0.942
    82  H   0.997    C   40 0.944
    83  H   0.996    C   41 0.945
    84  H   0.997    C   42 0.945
    85  H   0.997    C   45 0.945
    86  H   0.996    C   46 0.945
    87  H   0.997    C   47 0.944
    88  H   0.997    C   48 0.941
    89  H   0.997    C   50 0.942
    90  H   0.998    C   51 0.937
    91  H   0.996    C   53 0.943
    92  H   0.994    C   54 0.943
    93  H   0.996    C   55 0.944
    94  H   0.997    C   56 0.943
 
 --------------------------------------------
          xTB calculation for sTDA...
 --------------------------------------------
 
 reading parameter file /home/penavora/Exe_xtb_crest/.param_stda2.xtb
 
      method parameters     
 k(s)        :  1.6000
 k(p)        :  2.1800
 k(d)        :  1.9500
 k(f)        :  2.0000
 k(R-V)      :  2.2750
 k(R-R)      :  1.7650
 Tscal       :  0.2580
 Gscal       :  1.0000
 fpol        :  1.0000
 Zcnf        :  0.3430
 Zqf         :  0.0000
 kcn         :  2.7000
 Ryd Hsplit  :  0.7000
 lshift(virt):  3.1000
 lshift(OS)  :  0.2000
 wllscaling  :  2.6000
 
 mowrcut     : 3.000
 
  Z AO/shell   Hii/eV     exponent
  1     Sun Feb 14 09:53:25 CET 2016    EN: 2.327 GAM: 0.473  GM3: 0.0000
     1s    -14.339618    1.220000
     2sp    -3.348946    0.600000
  6     Sun Feb 14 09:53:25 CET 2016    EN: 2.731 GAM: 0.422  GM3: 0.0000
     2s    -22.009312    1.565095
     2p    -13.020408    1.596905
     3sp    -3.914040    0.824500
  7     Sun Feb 14 09:53:25 CET 2016    EN: 3.573 GAM: 0.504  GM3: 0.0000
     2s    -25.722000    2.064844
     2p    -18.684912    1.801692
     3sp    -4.344791    0.921400
  8     Sun Feb 14 09:53:25 CET 2016    EN: 3.700 GAM: 0.587  GM3: 0.0000
     2s    -33.859000    2.418661
     2p    -22.175911    1.973969
     3sp    -4.259392    1.013700
 16     Sun Feb 21 16:35:57 CET 2016    EN: 1.915 GAM: 0.200  GM3: 0.0000
     3s    -17.898811    2.619580
     3p    -15.317401    1.798798
     4sp    -4.455139    0.843200
 
 Nbf   :          641
 T(el) :     0.0
 calculating S/T integrals ...
 cpu time for ints    7.41233600000000     
 Nao   :          641
 making H0...
 making H1...
 cpu time for H      0.957590999999999     
 solving ...
 cpu time for diag    1.18023000000000     
 
 gap (eV)           :   7.033
 Koopmans IP (eV)   :  13.623
 Eel (Eh)           :  -235.000507

          eigenvalues
 #    :         125        126        127        128        129        130        131        132
 occ. :        2.000      2.000      2.000      2.000      2.000      2.000      2.000      2.000
 eps  :       -16.257    -16.125    -16.121    -16.073    -15.897    -15.792    -15.738    -15.532
 #    :         133        134        135        136        137        138        139        140
 occ. :        2.000      2.000      2.000      2.000      2.000      0.000      0.000      0.000
 eps  :       -14.993    -14.984    -14.212    -14.085    -13.624     -6.590     -6.527     -6.238
 #    :         141        142        143        144        145        146        147        148
 occ. :        0.000      0.000      0.000      0.000      0.000      0.000      0.000      0.000
 eps  :        -6.174     -5.949     -5.913     -5.685     -5.667     -5.654     -5.465     -5.361
                            1  SCC done.
 writing mo output ...
 molden style : F
 
speedup 18.69
cpu  time for all   15.86 s
wall time for all    0.85 s
