 
        ______________________________________
       |                                      |
       |          ===================         |
       |             xTB for sTDA             |
       |          ===================         |
       |               S. Grimme              |
       |        Universitaet Bonn, MCTC       |
       |         2015-19, Version 1.0         |
       |     Wed Apr  3 09:14:55 CEST 2019    |
       |______________________________________|
 
        This code comes without any warranty
        for non-commercial, academia use only.
        Preliminary test version.
        Cite this work as:
        S. Grimme  &  C. Bannwarth, JCP 145 (2016) 054103
        if GBSA is used additionally:
        P. Shushkov, F. März, C. Bannwarth, S. Grimme, unpublished.
 
        with help from
        P. Shushkov, G. Brandenburg, S. Dohm, J. Pisarek,
        F. März, M. Checinski, S. Ehrlich, S. Spicher, 
        P. Pracht, E. Caldeweyher, S. Ehlert, and C. Bannwarth.
 
        usage        :
        xtb4stda <coord_file> [options]
        where <coord_file> is a valid file of TM)
        (*coord, Bohr) or xmol (*xyz, Angstroem)
        format.

        options:
        -chrg <int>   : molecular charge
        -uhf  <int>   : # of unpaired electrons(=2*S)
        -nox          : skip second, extended part in sTDA-xTB
        -pop          : do population analysis
                      : (default for -nox)
        -mowr <real>  : cut MO write above (def.3 Eh)
        -molden       : write formatted molden file
        -parx <file>  : read parameters for sTDA-xTB
                        calc (def:~/.param_stda2.xtb)
        -parv <file>  : read parameters for vTB part in
                        sTDA-xTB (def: ~/.param_stda1.xtb)
        -xtemp <real> : el. temp for xTB (def. 0 K)
        -etemp <real> : el. temp for GFN (def. 300 K)
        -fod          : calculate the FOD and write
                        molden.input file with
                        appropriate occupations
                        for plotting. Def. T=12500 K
 
        -acc <real>   : xTB accuracy (def. 1.0)
        -gbsa [string1] [string2]
                        use GBSA implicit solvent
                        for solvent [string1] and
                        solvation state [string2]=
                        reference, bar1M (default=1M)
        additional GFN/opt/MD/siman options read from
        $XTB4STDAHOME/.xtb4stdarc or $set in input
 
       spin and charge state information can be on:
       <.CHRG> (charge) and <.UHF> (=nalpha-nbeta)
       -uhf and -chrg override the file info.
       useful machine settings:
       setenv MKL_NUM_THREADS <NCORE_ON_YOUR_MACHINE>
       setenv OMP_STACKSIZE 500m
       limit stacksize unlimited
 
       total energies in Eh, gaps/HL energies in eV
       please read REVISION and HOWTO files carefully
 =============================
  # OMP threads =          48
 =============================
 
 xtb4stdahome directory:/home/penavora/Exe_xtb_crest/
 
 
 name of molecule           :
 comment line               :
 number of atoms            :    93
 number of electrons        :   262
 charge                     :  0
 spin                       : 0.0
 first test random number   :  0.0963
 
 -----------------------------------------
      charge density (VTB) calculation
 -----------------------------------------
 
      method parameters     
 k(s)        :  1.8000
 k(p)        :  2.8350
 k(d)        :  2.0860
 k(f)        :  2.0000
 Tscal       :  0.3300
 Gscal       :  0.3910
 fpol        :  1.0000
 Zcnf        :  0.6500
 Zqf         :  0.0000
 kcn         :  0.3000
 kEN1        : -0.5900
 wllscal     :  2.6000
 
     -------------------------
     ! NO SOLVENT MODEL USED !
     -------------------------
 
 doing EN charges ...
 sum q :  0.1110223D-15
 point charge moment (au)
     X       Y       Z   
   0.2030   0.3271   0.0124  total (Debye):    0.979
 
            Z      q(EN)   CN      Cart. coordinates
     1  C   4.0  -0.244   4.105    13.62251     7.69160     1.56410
     2  C   4.0  -0.032   4.140    12.45753     6.10510    -0.57861
     3  C   4.0  -0.244   4.105    12.71750     7.49595    -3.12094
     4  C   4.0   0.010   3.302     9.67504     5.72176    -0.01339
     5  C   4.0  -0.072   3.198     8.11309     7.81763     0.22130
     6  C   4.0  -0.072   3.141     5.57939     7.60395     0.81657
     7  C   4.0  -0.072   3.145     4.56848     5.23248     1.24378
     8  C   4.0  -0.069   3.202     6.07703     3.11989     1.01851
     9  C   4.0   0.094   3.302     8.62212     3.32340     0.33684
    10  N   5.0  -0.312   3.252    10.09160     1.15759     0.09339
    11  C   4.0   0.081   3.291     8.93249    -1.22721     0.40160
    12  C   4.0  -0.068   3.187     7.14934    -2.05533    -1.35090
    13  C   4.0  -0.072   3.185     5.92085    -4.32752    -1.00476
    14  C   4.0  -0.003   3.212     6.47619    -5.83006     1.08987
    15  C   4.0   0.101   3.151     5.13592    -8.23769     1.58016
    16  O   6.0  -0.106   1.063     6.12299   -10.02008     2.63311
    17  C   4.0   0.002   3.207     2.44479    -8.31349     0.77081
    18  C   4.0  -0.071   3.187     1.33826   -10.57246    -0.01307
    19  C   4.0  -0.067   3.172    -1.16910   -10.57091    -0.74505
    20  C   4.0   0.094   3.277    -2.50172    -8.29647    -0.67644
    21  C   4.0   0.104   3.160    -5.15094    -8.17571    -1.65215
    22  O   6.0  -0.106   1.064    -6.01923    -9.88337    -2.91600
    23  C   4.0  -0.002   3.214    -6.53986    -5.81243    -1.12008
    24  C   4.0  -0.072   3.189    -8.10646    -4.84032    -3.00467
    25  C   4.0  -0.067   3.182    -9.29599    -2.54311    -2.68547
    26  C   4.0   0.080   3.292    -8.97399    -1.19972    -0.44555
    27  N   5.0  -0.313   3.253   -10.09917     1.20483    -0.13139
    28  C   4.0   0.095   3.300   -12.70842     1.39339     0.08005
    29  C   4.0  -0.069   3.201   -14.18569    -0.79718     0.07770
    30  C   4.0  -0.072   3.145   -16.78134    -0.66749     0.26149
    31  C   4.0  -0.072   3.141   -17.95704     1.65705     0.47511
    32  C   4.0  -0.072   3.198   -16.49660     3.82094     0.54755
    33  C   4.0   0.010   3.301   -13.87972     3.74454     0.36945
    34  C   4.0  -0.032   4.140   -12.38880     6.18513     0.54842
    35  C   4.0  -0.244   4.105   -12.94193     7.41649     3.12590
    36  C   4.0  -0.244   4.105   -13.21415     7.95114    -1.61154
    37  C   4.0   0.010   3.301    -9.56790     5.73366     0.32509
    38  C   4.0  -0.072   3.198    -7.92807     7.77952     0.43368
    39  C   4.0  -0.072   3.141    -5.34484     7.50568     0.16429
    40  C   4.0  -0.072   3.145    -4.35596     5.12613    -0.27149
    41  C   4.0  -0.069   3.202    -5.94054     3.06058    -0.38100
    42  C   4.0   0.094   3.302    -8.54814     3.32231    -0.03727
    43  C   4.0  -0.068   3.188    -7.51149    -2.22488     1.48810
    44  C   4.0  -0.072   3.187    -6.29390    -4.50499     1.15411
    45  N   5.0  -0.223   2.176    -1.46863    -6.15712     0.14926
    46  C   4.0   0.035   3.251     0.90408    -6.16904     0.87253
    47  C   4.0  -0.072   3.186     8.34147    -5.04658     2.77943
    48  C   4.0  -0.068   3.183     9.54204    -2.75563     2.45741
    49  C   4.0   0.094   3.300    12.65619     1.28494    -0.46401
    50  C   4.0  -0.069   3.201    14.03531    -0.94089    -0.81438
    51  C   4.0  -0.072   3.145    16.58616    -0.87308    -1.34111
    52  C   4.0  -0.072   3.141    17.81063     1.42596    -1.55341
    53  C   4.0  -0.072   3.198    16.43617     3.62992    -1.28360
    54  C   4.0   0.010   3.301    13.86520     3.61592    -0.75752
    55  H   1.0   0.082   1.000    13.41793     6.70296     3.35621
    56  H   1.0   0.083   1.000    12.68944     9.51362     1.72010
    57  H   1.0   0.083   1.000    15.62128     8.02008     1.22999
    58  H   1.0   0.083   1.000    11.74944     9.30567    -3.06979
    59  H   1.0   0.082   1.000    11.89346     6.36138    -4.62584
    60  H   1.0   0.083   1.000    14.69061     7.83627    -3.57391
    61  H   1.0   0.076   1.006     8.89166     9.68158    -0.06124
    62  H   1.0   0.074   1.004     4.41758     9.27253     0.97358
    63  H   1.0   0.074   1.005     2.60753     5.01910     1.76670
    64  H   1.0   0.077   1.008     5.27118     1.28519     1.39454
    65  H   1.0   0.076   1.005     6.72511    -0.88603    -2.96864
    66  H   1.0   0.076   1.006     4.55689    -4.95767    -2.38616
    67  H   1.0   0.075   1.005     2.46636   -12.27335    -0.06058
    68  H   1.0   0.075   1.005    -2.11261   -12.26079    -1.38531
    69  H   1.0   0.075   1.005    -8.31832    -5.88833    -4.74258
    70  H   1.0   0.075   1.005   -10.46233    -1.76037    -4.16596
    71  H   1.0   0.077   1.008   -13.28670    -2.62248    -0.05341
    72  H   1.0   0.074   1.004   -17.87956    -2.38698     0.24594
    73  H   1.0   0.074   1.004   -19.98798     1.78561     0.61017
    74  H   1.0   0.076   1.006   -17.43415     5.62069     0.75596
    75  H   1.0   0.082   1.000   -12.35709     6.15563     4.64220
    76  H   1.0   0.083   1.000   -14.94711     7.80056     3.34132
    77  H   1.0   0.083   1.000   -11.92332     9.18776     3.32684
    78  H   1.0   0.083   1.000   -12.21740     9.74351    -1.51721
    79  H   1.0   0.082   1.000   -12.80178     7.07483    -3.42618
    80  H   1.0   0.083   1.000   -15.22945     8.33165    -1.51894
    81  H   1.0   0.076   1.006    -8.68186     9.65152     0.73133
    82  H   1.0   0.074   1.004    -4.12408     9.13641     0.26670
    83  H   1.0   0.074   1.005    -2.34923     4.87057    -0.54158
    84  H   1.0   0.077   1.008    -5.14582     1.22048    -0.75354
    85  H   1.0   0.076   1.005    -7.32090    -1.19636     3.24054
    86  H   1.0   0.077   1.007    -5.17938    -5.28679     2.66906
    87  H   1.0   0.076   1.006     1.61570    -4.38829     1.58480
    88  H   1.0   0.075   1.005     8.78328    -6.24236     4.37237
    89  H   1.0   0.075   1.005    10.94651    -2.12135     3.79489
    90  H   1.0   0.077   1.008    13.09518    -2.74586    -0.69037
    91  H   1.0   0.074   1.004    17.60913    -2.62021    -1.59308
    92  H   1.0   0.074   1.004    19.80888     1.50574    -1.95268
    93  H   1.0   0.076   1.006    17.40430     5.41246    -1.49810
 
  Z AO/shell   Hii/eV     exponent
  1     Sat Feb 20 21:38:01 CET 2016    EN: 2.327 GAM: 0.473  GM3: 0.0000
     1s    -13.751157    1.051071
  6     Sat Feb 20 21:38:01 CET 2016    EN: 2.731 GAM: 0.422  GM3: 0.0000
     2s    -19.378245    2.021003
     2p    -11.993376    1.497917
  7     Sat Feb 20 21:38:01 CET 2016    EN: 3.573 GAM: 0.504  GM3: 0.0000
     2s    -21.576984    2.275442
     2p    -16.125120    2.056788
  8     Sat Feb 20 21:38:01 CET 2016    EN: 3.700 GAM: 0.587  GM3: 0.0000
     2s    -21.648843    2.110798
     2p    -17.239740    2.329048
 
 dipole moment of classical point charges (au)
     X       Y       Z   
   0.2030   0.3271   0.0124  total (Debye):    0.979

 
 Nbf   :          255
 T(el) :   300.0
 calculating S/T integrals ...
 cpu time for ints    2.14587800000000     
 Nao   :          255
 making H0...
 making H1...
 cpu time for H      0.136794000000000     
 solving ...
 cpu time for diag   0.706484000000000     
 
 gap (eV)           :   3.142
 Koopmans IP (eV)   :  13.022
 Eel (Eh)           :  -205.218653
 T,E(Fermi),NFOD :    300.000   -11.451  0.000000
 T,E(Fermi),NFOD :    300.000   -11.451  0.000000
 Nfod               :  0.0000
 Nfod/Nel           :  0.0000

          eigenvalues
 #    :         119        120        121        122        123        124        125        126
 occ. :        2.000      2.000      2.000      2.000      2.000      2.000      2.000      2.000
 eps  :       -15.602    -15.597    -15.442    -15.434    -15.382    -15.377    -15.363    -15.334
 #    :         127        128        129        130        131        132        133        134
 occ. :        2.000      2.000      2.000      2.000      2.000      0.000      0.000      0.000
 eps  :       -15.308    -15.280    -15.241    -13.045    -13.023     -9.881     -8.295     -7.133
 #    :         135        136        137        138        139        140        141        142
 occ. :        0.000      0.000      0.000      0.000      0.000      0.000      0.000      0.000
 eps  :        -6.978     -6.961     -5.841     -5.749     -5.735     -5.542     -5.481     -5.456
                            1  SCC done.
 making H1...
 cpu time for H      0.866925000000000     
 solving ...
 cpu time for diag   0.261786000000000     
 
 gap (eV)           :   3.211
 Koopmans IP (eV)   :  12.829
 Eel (Eh)           :  -204.330659
 T,E(Fermi),NFOD :    300.000   -11.224  0.000000
 T,E(Fermi),NFOD :    300.000   -11.224  0.000000
 Nfod               :  0.0000
 Nfod/Nel           :  0.0000

          eigenvalues
 #    :         119        120        121        122        123        124        125        126
 occ. :        2.000      2.000      2.000      2.000      2.000      2.000      2.000      2.000
 eps  :       -15.428    -15.359    -15.317    -15.281    -15.265    -15.240    -15.222    -15.186
 #    :         127        128        129        130        131        132        133        134
 occ. :        2.000      2.000      2.000      2.000      2.000      0.000      0.000      0.000
 eps  :       -15.147    -14.468    -14.205    -12.890    -12.831     -9.619     -8.187     -7.119
 #    :         135        136        137        138        139        140        141        142
 occ. :        0.000      0.000      0.000      0.000      0.000      0.000      0.000      0.000
 eps  :        -6.972     -6.923     -5.970     -5.645     -5.606     -5.602     -5.551     -5.440
                            2  SCC done.
 
 
 Mulliken/CM5 charges    n(s)   n(p)   n(d)   
    1 C  -0.1022 -0.2494   1.109  2.993  0.000
    2 C   0.0210  0.0010   1.225  2.754  0.000
    3 C  -0.1023 -0.2494   1.109  2.993  0.000
    4 C  -0.0209 -0.0235   1.185  2.836  0.000
    5 C  -0.0438 -0.0986   1.140  2.904  0.000
    6 C  -0.0501 -0.1066   1.132  2.918  0.000
    7 C  -0.0373 -0.0936   1.136  2.902  0.000
    8 C  -0.0583 -0.1065   1.135  2.923  0.000
    9 C   0.0499  0.1111   1.180  2.770  0.000
   10 N  -0.1168 -0.3587   1.225  3.891  0.000
   11 C   0.0667  0.1181   1.180  2.753  0.000
   12 C  -0.0235 -0.0731   1.139  2.884  0.000
   13 C  -0.0326 -0.0862   1.146  2.887  0.000
   14 C  -0.0153 -0.0216   1.176  2.839  0.000
   15 C   0.1511  0.1840   1.182  2.667  0.000
   16 O  -0.2250 -0.2722   1.623  4.602  0.000
   17 C  -0.0047 -0.0050   1.190  2.815  0.000
   18 C   0.0004 -0.0494   1.155  2.845  0.000
   19 C  -0.0094 -0.0558   1.148  2.861  0.000
   20 C   0.0426  0.1165   1.204  2.754  0.000
   21 C   0.1638  0.2023   1.179  2.657  0.000
   22 O  -0.2249 -0.2726   1.624  4.601  0.000
   23 C  -0.0058 -0.0090   1.173  2.833  0.000
   24 C  -0.0229 -0.0750   1.144  2.879  0.000
   25 C  -0.0231 -0.0725   1.139  2.884  0.000
   26 C   0.0645  0.1156   1.180  2.755  0.000
   27 N  -0.1167 -0.3589   1.225  3.891  0.000
   28 C   0.0503  0.1119   1.180  2.770  0.000
   29 C  -0.0569 -0.1050   1.135  2.922  0.000
   30 C  -0.0369 -0.0931   1.136  2.901  0.000
   31 C  -0.0510 -0.1076   1.132  2.919  0.000
   32 C  -0.0446 -0.0994   1.140  2.904  0.000
   33 C  -0.0220 -0.0246   1.185  2.837  0.000
   34 C   0.0209  0.0010   1.225  2.754  0.000
   35 C  -0.1025 -0.2496   1.109  2.994  0.000
   36 C  -0.1025 -0.2496   1.109  2.994  0.000
   37 C  -0.0216 -0.0241   1.185  2.836  0.000
   38 C  -0.0446 -0.0994   1.140  2.904  0.000
   39 C  -0.0514 -0.1080   1.132  2.920  0.000
   40 C  -0.0380 -0.0943   1.136  2.902  0.000
   41 C  -0.0573 -0.1055   1.136  2.922  0.000
   42 C   0.0504  0.1119   1.180  2.769  0.000
   43 C  -0.0242 -0.0735   1.139  2.885  0.000
   44 C  -0.0253 -0.0760   1.143  2.882  0.000
   45 N  -0.1867 -0.3887   1.478  3.709  0.000
   46 C   0.0269  0.0570   1.168  2.805  0.000
   47 C  -0.0217 -0.0740   1.144  2.878  0.000
   48 C  -0.0214 -0.0709   1.139  2.882  0.000
   49 C   0.0500  0.1113   1.180  2.770  0.000
   50 C  -0.0571 -0.1053   1.135  2.922  0.000
   51 C  -0.0365 -0.0927   1.136  2.901  0.000
   52 C  -0.0501 -0.1066   1.132  2.918  0.000
   53 C  -0.0440 -0.0989   1.140  2.904  0.000
   54 C  -0.0214 -0.0239   1.185  2.836  0.000
   55 H   0.0342  0.0881   0.966  0.000  0.000
   56 H   0.0337  0.0879   0.966  0.000  0.000
   57 H   0.0339  0.0880   0.966  0.000  0.000
   58 H   0.0338  0.0880   0.966  0.000  0.000
   59 H   0.0341  0.0880   0.966  0.000  0.000
   60 H   0.0339  0.0881   0.966  0.000  0.000
   61 H   0.0436  0.1026   0.956  0.000  0.000
   62 H   0.0394  0.0960   0.961  0.000  0.000
   63 H   0.0427  0.0993   0.957  0.000  0.000
   64 H   0.0388  0.1027   0.961  0.000  0.000
   65 H   0.0437  0.1045   0.956  0.000  0.000
   66 H   0.0488  0.1085   0.951  0.000  0.000
   67 H   0.0494  0.1091   0.951  0.000  0.000
   68 H   0.0512  0.1122   0.949  0.000  0.000
   69 H   0.0494  0.1098   0.951  0.000  0.000
   70 H   0.0428  0.1033   0.957  0.000  0.000
   71 H   0.0400  0.1037   0.960  0.000  0.000
   72 H   0.0426  0.0992   0.957  0.000  0.000
   73 H   0.0391  0.0957   0.961  0.000  0.000
   74 H   0.0432  0.1021   0.957  0.000  0.000
   75 H   0.0341  0.0881   0.966  0.000  0.000
   76 H   0.0337  0.0879   0.966  0.000  0.000
   77 H   0.0335  0.0876   0.967  0.000  0.000
   78 H   0.0335  0.0877   0.967  0.000  0.000
   79 H   0.0343  0.0882   0.966  0.000  0.000
   80 H   0.0337  0.0879   0.966  0.000  0.000
   81 H   0.0432  0.1022   0.957  0.000  0.000
   82 H   0.0388  0.0954   0.961  0.000  0.000
   83 H   0.0421  0.0987   0.958  0.000  0.000
   84 H   0.0406  0.1046   0.959  0.000  0.000
   85 H   0.0422  0.1030   0.958  0.000  0.000
   86 H   0.0496  0.1139   0.950  0.000  0.000
   87 H   0.0564  0.1266   0.944  0.000  0.000
   88 H   0.0511  0.1115   0.949  0.000  0.000
   89 H   0.0440  0.1046   0.956  0.000  0.000
   90 H   0.0397  0.1034   0.960  0.000  0.000
   91 H   0.0428  0.0994   0.957  0.000  0.000
   92 H   0.0394  0.0960   0.961  0.000  0.000
   93 H   0.0435  0.1025   0.956  0.000  0.000
 Hirshfeld charges for QMDFF written to <charges>
 
 Loewdin charges    n(s)   n(p)   n(d)
    1 C  -0.1082   1.038  3.070  0.000
    2 C   0.0319   1.184  2.784  0.000
    3 C  -0.1082   1.038  3.070  0.000
    4 C  -0.0226   1.146  2.876  0.000
    5 C  -0.0383   1.087  2.951  0.000
    6 C  -0.0445   1.078  2.967  0.000
    7 C  -0.0285   1.080  2.948  0.000
    8 C  -0.0572   1.084  2.974  0.000
    9 C   0.0449   1.144  2.811  0.000
   10 N  -0.0781   1.184  3.894  0.000
   11 C   0.0664   1.143  2.791  0.000
   12 C  -0.0207   1.087  2.934  0.000
   13 C  -0.0242   1.091  2.933  0.000
   14 C  -0.0160   1.135  2.881  0.000
   15 C   0.1443   1.146  2.710  0.000
   16 O  -0.2095   1.592  4.617  0.000
   17 C  -0.0075   1.149  2.858  0.000
   18 C   0.0120   1.099  2.889  0.000
   19 C  -0.0055   1.095  2.910  0.000
   20 C   0.0343   1.170  2.796  0.000
   21 C   0.1546   1.145  2.701  0.000
   22 O  -0.2084   1.593  4.616  0.000
   23 C  -0.0071   1.131  2.876  0.000
   24 C  -0.0150   1.089  2.926  0.000
   25 C  -0.0202   1.086  2.934  0.000
   26 C   0.0644   1.143  2.793  0.000
   27 N  -0.0780   1.184  3.894  0.000
   28 C   0.0452   1.144  2.811  0.000
   29 C  -0.0558   1.083  2.972  0.000
   30 C  -0.0278   1.080  2.948  0.000
   31 C  -0.0454   1.078  2.968  0.000
   32 C  -0.0391   1.087  2.952  0.000
   33 C  -0.0237   1.146  2.878  0.000
   34 C   0.0318   1.184  2.784  0.000
   35 C  -0.1085   1.038  3.070  0.000
   36 C  -0.1085   1.038  3.070  0.000
   37 C  -0.0233   1.146  2.877  0.000
   38 C  -0.0391   1.087  2.952  0.000
   39 C  -0.0458   1.078  2.968  0.000
   40 C  -0.0291   1.080  2.949  0.000
   41 C  -0.0562   1.084  2.972  0.000
   42 C   0.0454   1.144  2.810  0.000
   43 C  -0.0213   1.086  2.935  0.000
   44 C  -0.0176   1.089  2.929  0.000
   45 N  -0.1636   1.442  3.722  0.000
   46 C   0.0269   1.121  2.852  0.000
   47 C  -0.0138   1.089  2.924  0.000
   48 C  -0.0184   1.086  2.932  0.000
   49 C   0.0449   1.144  2.811  0.000
   50 C  -0.0560   1.083  2.972  0.000
   51 C  -0.0275   1.080  2.947  0.000
   52 C  -0.0444   1.078  2.967  0.000
   53 C  -0.0386   1.087  2.952  0.000
   54 C  -0.0231   1.146  2.877  0.000
   55 H   0.0337   0.966  0.000  0.000
   56 H   0.0343   0.966  0.000  0.000
   57 H   0.0345   0.965  0.000  0.000
   58 H   0.0345   0.966  0.000  0.000
   59 H   0.0336   0.966  0.000  0.000
   60 H   0.0345   0.966  0.000  0.000
   61 H   0.0371   0.963  0.000  0.000
   62 H   0.0323   0.968  0.000  0.000
   63 H   0.0351   0.965  0.000  0.000
   64 H   0.0316   0.968  0.000  0.000
   65 H   0.0349   0.965  0.000  0.000
   66 H   0.0398   0.960  0.000  0.000
   67 H   0.0384   0.962  0.000  0.000
   68 H   0.0412   0.959  0.000  0.000
   69 H   0.0398   0.960  0.000  0.000
   70 H   0.0341   0.966  0.000  0.000
   71 H   0.0326   0.967  0.000  0.000
   72 H   0.0349   0.965  0.000  0.000
   73 H   0.0321   0.968  0.000  0.000
   74 H   0.0367   0.963  0.000  0.000
   75 H   0.0336   0.966  0.000  0.000
   76 H   0.0343   0.966  0.000  0.000
   77 H   0.0342   0.966  0.000  0.000
   78 H   0.0342   0.966  0.000  0.000
   79 H   0.0337   0.966  0.000  0.000
   80 H   0.0344   0.966  0.000  0.000
   81 H   0.0367   0.963  0.000  0.000
   82 H   0.0318   0.968  0.000  0.000
   83 H   0.0346   0.965  0.000  0.000
   84 H   0.0331   0.967  0.000  0.000
   85 H   0.0337   0.966  0.000  0.000
   86 H   0.0401   0.960  0.000  0.000
   87 H   0.0445   0.956  0.000  0.000
   88 H   0.0411   0.959  0.000  0.000
   89 H   0.0351   0.965  0.000  0.000
   90 H   0.0324   0.968  0.000  0.000
   91 H   0.0351   0.965  0.000  0.000
   92 H   0.0324   0.968  0.000  0.000
   93 H   0.0370   0.963  0.000  0.000
 
 Wiberg/Mayer (AO) data. WBOs > 0.1 written file <wbo>
 largest (>0.05) Wiberg bond orders for each atom
           total WBO             WBO to atom ...
     1  C   3.978    H   55 0.978    H   56 0.976    H   57 0.976    C    2 0.953
     2  C   3.924    C    3 0.953    C    1 0.953    C    4 0.947    C   54 0.947
     3  C   3.978    H   59 0.978    H   60 0.976    H   58 0.976    C    2 0.953
     4  C   3.944    C    5 1.400    C    9 1.334    C    2 0.947    C    7 0.103
     5  C   3.971    C    6 1.433    C    4 1.400    H   61 0.942    C    8 0.105
     6  C   3.970    C    5 1.433    C    7 1.415    H   62 0.945    C    9 0.099
     7  C   3.973    C    8 1.452    C    6 1.415    H   63 0.944    C    4 0.103
     8  C   3.967    C    7 1.452    C    9 1.356    H   64 0.941    C    5 0.105
     9  C   3.931    C    8 1.356    C    4 1.334    N   10 1.026    C    6 0.099
    10  N   3.380    C    9 1.026    C   49 1.026    C   11 0.962
    11  C   3.931    C   48 1.377    C   12 1.375    N   10 0.962    C   14 0.102
    12  C   3.969    C   13 1.453    C   11 1.375    H   65 0.945    C   47 0.101
    13  C   3.970    C   12 1.453    C   14 1.358    H   66 0.942    C   48 0.101
    14  C   3.952    C   13 1.358    C   47 1.358    C   15 0.979    C   11 0.102    O   16 0.061
    15  C   3.908    O   16 1.834    C   14 0.979    C   17 0.964
    16  O   2.155    C   15 1.834    C   14 0.061    C   17 0.060
    17  C   3.947    C   18 1.358    C   46 1.347    C   15 0.964    C   20 0.091    O   16 0.060
    18  C   3.963    C   19 1.439    C   17 1.358    H   67 0.943    N   45 0.109
    19  C   3.965    C   18 1.439    C   20 1.363    H   68 0.944    C   46 0.090
    20  C   3.932    C   19 1.363    N   45 1.345    C   21 0.967    C   17 0.091    O   22 0.061
    21  C   3.906    O   22 1.832    C   23 0.981    C   20 0.967
    22  O   2.155    C   21 1.832    C   20 0.061    C   23 0.059
    23  C   3.953    C   44 1.363    C   24 1.358    C   21 0.981    C   26 0.102    O   22 0.059
    24  C   3.968    C   25 1.451    C   23 1.358    H   69 0.944    C   43 0.102
    25  C   3.968    C   24 1.451    C   26 1.378    H   70 0.945    C   44 0.102
    26  C   3.930    C   25 1.378    C   43 1.376    N   27 0.958    C   23 0.102
    27  N   3.381    C   28 1.029    C   42 1.028    C   26 0.958
    28  C   3.931    C   29 1.355    C   33 1.334    N   27 1.029    C   31 0.098
    29  C   3.967    C   30 1.452    C   28 1.355    H   71 0.941    C   32 0.105
    30  C   3.973    C   29 1.452    C   31 1.415    H   72 0.944    C   33 0.103
    31  C   3.969    C   32 1.433    C   30 1.415    H   73 0.945    C   28 0.098
    32  C   3.971    C   31 1.433    C   33 1.401    H   74 0.942    C   29 0.105
    33  C   3.945    C   32 1.401    C   28 1.334    C   34 0.947    C   30 0.103
    34  C   3.924    C   36 0.953    C   35 0.953    C   37 0.947    C   33 0.947
    35  C   3.978    H   75 0.978    H   76 0.976    H   77 0.976    C   34 0.953
    36  C   3.978    H   79 0.978    H   78 0.976    H   80 0.976    C   34 0.953
    37  C   3.945    C   38 1.401    C   42 1.334    C   34 0.947    C   40 0.102
    38  C   3.971    C   39 1.433    C   37 1.401    H   81 0.942    C   41 0.105
    39  C   3.969    C   38 1.433    C   40 1.415    H   82 0.945    C   42 0.098
    40  C   3.973    C   41 1.452    C   39 1.415    H   83 0.944    C   37 0.102
    41  C   3.967    C   40 1.452    C   42 1.355    H   84 0.941    C   38 0.105
    42  C   3.931    C   41 1.355    C   37 1.334    N   27 1.028    C   39 0.098
    43  C   3.969    C   44 1.452    C   26 1.376    H   85 0.945    C   24 0.102
    44  C   3.971    C   43 1.452    C   23 1.363    H   86 0.942    C   25 0.102
    45  N   3.111    C   46 1.461    C   20 1.345    C   18 0.109
    46  C   3.955    N   45 1.461    C   17 1.347    H   87 0.945    C   19 0.090
    47  C   3.968    C   48 1.452    C   14 1.358    H   88 0.944    C   12 0.101
    48  C   3.968    C   47 1.452    C   11 1.377    H   89 0.944    C   13 0.101
    49  C   3.931    C   50 1.356    C   54 1.335    N   10 1.026    C   52 0.099
    50  C   3.967    C   51 1.452    C   49 1.356    H   90 0.941    C   53 0.105
    51  C   3.973    C   50 1.452    C   52 1.415    H   91 0.944    C   54 0.103
    52  C   3.970    C   53 1.433    C   51 1.415    H   92 0.945    C   49 0.099
    53  C   3.971    C   52 1.433    C   54 1.400    H   93 0.942    C   50 0.105
    54  C   3.945    C   53 1.400    C   49 1.335    C    2 0.947    C   51 0.103
    55  H   0.999    C    1 0.978
    56  H   0.997    C    1 0.976
    57  H   0.997    C    1 0.976
    58  H   0.997    C    3 0.976
    59  H   0.999    C    3 0.978
    60  H   0.997    C    3 0.976
    61  H   0.997    C    5 0.942
    62  H   0.997    C    6 0.945
    63  H   0.994    C    7 0.944
    64  H   0.997    C    8 0.941
    65  H   0.996    C   12 0.945
    66  H   0.997    C   13 0.942
    67  H   0.995    C   18 0.943
    68  H   0.996    C   19 0.944
    69  H   0.997    C   24 0.944
    70  H   0.996    C   25 0.945
    71  H   0.997    C   29 0.941
    72  H   0.994    C   30 0.944
    73  H   0.997    C   31 0.945
    74  H   0.997    C   32 0.942
    75  H   0.999    C   35 0.978
    76  H   0.997    C   35 0.976
    77  H   0.997    C   35 0.976
    78  H   0.997    C   36 0.976
    79  H   0.999    C   36 0.978
    80  H   0.997    C   36 0.976
    81  H   0.997    C   38 0.942
    82  H   0.997    C   39 0.945
    83  H   0.994    C   40 0.944
    84  H   0.997    C   41 0.941
    85  H   0.996    C   43 0.945
    86  H   0.997    C   44 0.942
    87  H   0.995    C   46 0.945
    88  H   0.997    C   47 0.944
    89  H   0.996    C   48 0.944
    90  H   0.997    C   50 0.941
    91  H   0.994    C   51 0.944
    92  H   0.997    C   52 0.945
    93  H   0.997    C   53 0.942
 
 --------------------------------------------
          xTB calculation for sTDA...
 --------------------------------------------
 
 reading parameter file /home/penavora/Exe_xtb_crest/.param_stda2.xtb
 
      method parameters     
 k(s)        :  1.6000
 k(p)        :  2.1800
 k(d)        :  1.9500
 k(f)        :  2.0000
 k(R-V)      :  2.2750
 k(R-R)      :  1.7650
 Tscal       :  0.2580
 Gscal       :  1.0000
 fpol        :  1.0000
 Zcnf        :  0.3430
 Zqf         :  0.0000
 kcn         :  2.7000
 Ryd Hsplit  :  0.7000
 lshift(virt):  3.1000
 lshift(OS)  :  0.2000
 wllscaling  :  2.6000
 
 mowrcut     : 3.000
 
  Z AO/shell   Hii/eV     exponent
  1     Sun Feb 14 09:53:25 CET 2016    EN: 2.327 GAM: 0.473  GM3: 0.0000
     1s    -14.339618    1.220000
     2sp    -3.348946    0.600000
  6     Sun Feb 14 09:53:25 CET 2016    EN: 2.731 GAM: 0.422  GM3: 0.0000
     2s    -22.009312    1.565095
     2p    -13.020408    1.596905
     3sp    -3.914040    0.824500
  7     Sun Feb 14 09:53:25 CET 2016    EN: 3.573 GAM: 0.504  GM3: 0.0000
     2s    -25.722000    2.064844
     2p    -18.684912    1.801692
     3sp    -4.344791    0.921400
  8     Sun Feb 14 09:53:25 CET 2016    EN: 3.700 GAM: 0.587  GM3: 0.0000
     2s    -33.859000    2.418661
     2p    -22.175911    1.973969
     3sp    -4.259392    1.013700
 
 Nbf   :          627
 T(el) :     0.0
 calculating S/T integrals ...
 cpu time for ints    6.91752800000000     
 Nao   :          627
 making H0...
 making H1...
 cpu time for H      1.159099999999924E-002
 solving ...
 cpu time for diag   0.839021000000001     
 
 gap (eV)           :   5.004
 Koopmans IP (eV)   :  13.607
 Eel (Eh)           :  -228.104902

          eigenvalues
 #    :         119        120        121        122        123        124        125        126
 occ. :        2.000      2.000      2.000      2.000      2.000      2.000      2.000      2.000
 eps  :       -16.682    -16.574    -16.535    -16.400    -16.211    -16.191    -16.109    -16.089
 #    :         127        128        129        130        131        132        133        134
 occ. :        2.000      2.000      2.000      2.000      2.000      0.000      0.000      0.000
 eps  :       -16.015    -15.891    -15.819    -13.703    -13.608     -8.604     -7.543     -6.561
 #    :         135        136        137        138        139        140        141        142
 occ. :        0.000      0.000      0.000      0.000      0.000      0.000      0.000      0.000
 eps  :        -6.458     -6.237     -6.060     -5.903     -5.828     -5.766     -5.717     -5.689
                            1  SCC done.
 writing mo output ...
 molden style : F
 
speedup 16.73
cpu  time for all   13.03 s
wall time for all    0.78 s
