  94
 Etot=        -142.7701601116
 O         -3.9922828094        1.6970990583        2.8657512842
 C         -2.7143017580        1.5797365092        2.4069059806
 C         -1.6566003618        2.2373138791        3.0209500000
 C         -0.3614637848        2.0635505343        2.5734527417
 C         -0.0872537784        1.2236466867        1.4964454225
 C          1.2893191744        1.0262160142        1.0198614630
 C          2.3406158773        0.8617165419        1.9201168937
 C          3.6300932618        0.6599088190        1.4726002935
 C          3.9135272891        0.6299000626        0.1081747777
 C          5.2904263546        0.4430098552       -0.3797219681
 C          6.0999836661       -0.5298654297        0.0944058260
 C          7.5324002260       -0.6015956264       -0.2442416886
 C          8.3468958443        0.5266996828       -0.1657817057
 C          9.6948002106        0.4410322024       -0.4592833931
 C         10.2515914115       -0.7703225100       -0.8368934211
 C          9.4531081781       -1.9002160592       -0.9075615520
 C          8.1062594911       -1.8191561426       -0.6063877943
 C          5.6141109647       -1.5958376600        0.9881912832
 C          4.4296037891       -2.2786585001        0.7167943119
 C          3.9960536803       -3.2921411127        1.5506085069
 C          4.7375212388       -3.6423488154        2.6675941658
 C          5.9232141261       -2.9794329598        2.9393467998
 C          6.3623003777       -1.9695885098        2.1034588199
 C          5.7192367148        1.3948215344       -1.4195588919
 C          6.3732462633        0.9582419286       -2.5702368180
 C          6.7522390869        1.8596292608       -3.5470702042
 C          6.4836352912        3.2102419804       -3.3930089099
 C          5.8217510539        3.6530867857       -2.2594582747
 C          5.4355662331        2.7528542703       -1.2839304664
 C          2.8672077763        0.8232211216       -0.7923932509
 C          1.5747754361        1.0046651966       -0.3440555924
 C         -1.1508253149        0.5746554188        0.8786222386
 C         -2.4602487601        0.7489691272        1.3074239527
 C         -3.5305161525        0.0164260464        0.6390820182
 N         -3.4807213339       -1.2645194179        0.3768982894
 C         -4.6647416883       -1.5915082771       -0.2200954996
 C         -4.9150197196       -2.9536940286       -0.6688907189
 C         -5.7686200914       -3.2368015486       -1.7341469994
 C         -5.9822665350       -4.5444003618       -2.1289403805
 C         -5.3428951244       -5.5867791740       -1.4773304307
 C         -4.4754900391       -5.3128035588       -0.4317747643
 C         -4.2607241720       -4.0080560493       -0.0315551706
 C         -5.4579337971       -0.4609867966       -0.3160986679
 C         -6.7983801629       -0.2711179823       -0.8578804205
 C         -7.0647363246        0.7420896223       -1.7773253105
 C         -8.3418663446        0.9106760116       -2.2801753246
 C         -9.3680395346        0.0738860853       -1.8738587386
 C         -9.1106314729       -0.9389053179       -0.9632130986
 C         -7.8366749872       -1.1112309791       -0.4563128125
 N         -4.7141640875        0.5645495120        0.2275512066
 C         -5.0896557102        1.9161581358        0.3216842097
 C         -4.2143745258        2.9028286310       -0.1189276725
 C         -4.5777927053        4.2344271778       -0.0268940779
 C         -5.8133769427        4.5858685023        0.4909262062
 C         -6.6851390362        3.6008071683        0.9261219795
 C         -6.3274981362        2.2675659847        0.8479304876
 H         -4.0067811787        2.2826657670        3.6347960797
 H         -1.8554913720        2.8840508464        3.8652716284
 H          0.4434760231        2.5938090578        3.0594883704
 H          2.1390892449        0.8698934860        2.9814399137
 H          4.4329135061        0.5319134480        2.1840014369
 H          7.9185898506        1.4706949305        0.1383461121
 H         10.3150535491        1.3234005453       -0.3908646661
 H         11.3046530124       -0.8348168268       -1.0694900237
 H          9.8824443065       -2.8490265160       -1.1966538804
 H          7.4844851941       -2.7019233272       -0.6628196506
 H          3.8542592252       -2.0183625826       -0.1596243440
 H          3.0758702441       -3.8126209440        1.3265760029
 H          4.3953863377       -4.4325579253        3.3201083799
 H          6.5094600332       -3.2518283580        3.8055457053
 H          7.2874075525       -1.4531171364        2.3187983695
 H          6.5737915973       -0.0952772528       -2.6998874366
 H          7.2567964629        1.5064605212       -4.4351083466
 H          6.7834883067        3.9137444767       -4.1561829767
 H          5.6044323567        4.7045859787       -2.1358800624
 H          4.9215112020        3.1006398524       -0.3986134633
 H          3.0731482929        0.8155297986       -1.8537872334
 H          0.7764525470        1.1502234650       -1.0574762253
 H         -0.9730563637       -0.1005019023        0.0552631756
 H         -6.2573882805       -2.4297943332       -2.2598517078
 H         -6.6485972401       -4.7507056119       -2.9545917817
 H         -5.5142194263       -6.6072826208       -1.7883083395
 H         -3.9655762377       -6.1207721399        0.0735979806
 H         -3.5844408010       -3.7794204238        0.7783843589
 H         -6.2652023266        1.3903106734       -2.1073028084
 H         -8.5349126319        1.6979848095       -2.9943153883
 H        -10.3647074214        0.2077385907       -2.2677012787
 H         -9.9066759015       -1.5956211438       -0.6436875777
 H         -7.6322833755       -1.8982640582        0.2554536507
 H         -3.2561172902        2.6221249809       -0.5315979121
 H         -3.8936891669        4.9971610559       -0.3680291896
 H         -6.0960805289        5.6257615108        0.5558410749
 H         -7.6476866424        3.8700709316        1.3344453933
 H         -6.9958733699        1.4972090192        1.2008892197
  94
 Etot=        -142.7702343418
 O         -3.9928521704        1.7033468040        2.8565166378
 C         -2.7140037935        1.5824175212        2.4025986979
 C         -1.6556280930        2.2370543493        3.0185914712
 C         -0.3603235199        2.0618402550        2.5723070417
 C         -0.0867685735        1.2221867102        1.4954959313
 C          1.2894717063        1.0246259781        1.0196667361
 C          2.3405048332        0.8596570212        1.9197477008
 C          3.6299120210        0.6576150561        1.4726206317
 C          3.9134711945        0.6294413468        0.1084936871
 C          5.2898670035        0.4429408296       -0.3791688848
 C          6.0992348877       -0.5294530247        0.0945029533
 C          7.5307718202       -0.6011676458       -0.2446294965
 C          8.3443898830        0.5274386034       -0.1681577206
 C          9.6921013530        0.4416167497       -0.4612798435
 C         10.2491716230       -0.7698775853       -0.8369574316
 C          9.4510098192       -1.8997076434       -0.9067595263
 C          8.1044909577       -1.8188518971       -0.6051891013
 C          5.6136526086       -1.5944770485        0.9881880131
 C          4.4283287086       -2.2754483561        0.7177216760
 C          3.9955379658       -3.2891923095        1.5510740782
 C          4.7378797978       -3.6404559162        2.6667837976
 C          5.9237014881       -2.9781634330        2.9380500699
 C          6.3627381168       -1.9685217203        2.1022689237
 C          5.7191883839        1.3940579314       -1.4183242352
 C          6.3750609562        0.9573282895       -2.5675056640
 C          6.7526692296        1.8583841079       -3.5448058439
 C          6.4829463497        3.2085954174       -3.3915849011
 C          5.8207692229        3.6514797466       -2.2585835979
 C          5.4343152535        2.7515064238       -1.2832798731
 C          2.8677879682        0.8235515865       -0.7920933107
 C          1.5751165276        1.0028872105       -0.3439274017
 C         -1.1501139909        0.5742105609        0.8768500411
 C         -2.4591703176        0.7494524116        1.3048630376
 C         -3.5290411615        0.0158297552        0.6373114722
 N         -3.4800561384       -1.2643468861        0.3747454249
 C         -4.6640356252       -1.5913074107       -0.2198511565
 C         -4.9153989281       -2.9526325219       -0.6686608004
 C         -5.7708530860       -3.2350925371       -1.7321826002
 C         -5.9830115203       -4.5424507883       -2.1277076638
 C         -5.3426788022       -5.5845130224       -1.4771122049
 C         -4.4751085847       -5.3104969904       -0.4320709941
 C         -4.2600703097       -4.0060796615       -0.0320178238
 C         -5.4576849466       -0.4609361868       -0.3150355285
 C         -6.7973747651       -0.2707174662       -0.8567519861
 C         -7.0636434125        0.7437283361       -1.7745046155
 C         -8.3403473412        0.9117908086       -2.2778071229
 C         -9.3660737511        0.0740520717       -1.8731689387
 C         -9.1085642835       -0.9393584846       -0.9636211484
 C         -7.8348879153       -1.1121849457       -0.4570799183
 N         -4.7137752103        0.5639889305        0.2278637166
 C         -5.0892792510        1.9139553258        0.3221390144
 C         -4.2136901850        2.9006474530       -0.1174134561
 C         -4.5772629908        4.2318602700       -0.0256007225
 C         -5.8127544735        4.5832662539        0.4916493601
 C         -6.6843714796        3.5982580954        0.9264695007
 C         -6.3273480173        2.2652039151        0.8477302936
 H         -4.0104837807        2.2807168070        3.6309551871
 H         -1.8539019913        2.8847002007        3.8628048655
 H          0.4450434685        2.5926434274        3.0575525214
 H          2.1385948391        0.8686424545        2.9808633469
 H          4.4325078495        0.5282153678        2.1837246225
 H          7.9156776663        1.4713929018        0.1345559285
 H         10.3124072325        1.3236278696       -0.3930414027
 H         11.3020526865       -0.8343702120       -1.0690896260
 H          9.8805817800       -2.8483616364       -1.1949291330
 H          7.4829780018       -2.7016756769       -0.6592390084
 H          3.8525916324       -2.0139290114       -0.1575320966
 H          3.0758121353       -3.8098924151        1.3273097382
 H          4.3962966928       -4.4308513260        3.3188388514
 H          6.5100571720       -3.2511513022        3.8036434451
 H          7.2883486131       -1.4526912496        2.3162590210
 H          6.5775451846       -0.0956909962       -2.6956721968
 H          7.2577485808        1.5055560556       -4.4323407968
 H          6.7829760366        3.9118872087       -4.1544644645
 H          5.6029654442        4.7027142791       -2.1357152736
 H          4.9174682546        3.0985861812       -0.3995447876
 H          3.0747883291        0.8176029232       -1.8531046108
 H          0.7767981151        1.1487659508       -1.0569119279
 H         -0.9717611372       -0.1033311325        0.0563174605
 H         -6.2603016468       -2.4285592321       -2.2570959256
 H         -6.6490242823       -4.7493603749       -2.9533598984
 H         -5.5140171568       -6.6048663326       -1.7881911093
 H         -3.9653725265       -6.1187645197        0.0726417879
 H         -3.5835304355       -3.7770493194        0.7767612139
 H         -6.2646678644        1.3928275850       -2.1034554700
 H         -8.5339110827        1.6989550119       -2.9919152517
 H        -10.3626625749        0.2082654287       -2.2669210249
 H         -9.9050391418       -1.5957907328       -0.6449180858
 H         -7.6301633168       -1.9003723107        0.2525404703
 H         -3.2548391874        2.6204633116       -0.5284934813
 H         -3.8935254584        4.9952428721       -0.3662108560
 H         -6.0953635170        5.6232559586        0.5566805990
 H         -7.6469463601        3.8683081078        1.3342929876
 H         -6.9964681805        1.4951684058        1.1993556845
  94
 Etot=        -142.7702788009
 O         -3.9935334636        1.7133278637        2.8426542271
 C         -2.7134350331        1.5867934503        2.3961341653
 C         -1.6545591044        2.2387451651        3.0137273962
 C         -0.3588214552        2.0605526228        2.5698228257
 C         -0.0857361081        1.2197874432        1.4942485908
 C          1.2899798444        1.0218273106        1.0194621555
 C          2.3404708431        0.8563756335        1.9197989319
 C          3.6297747118        0.6543944948        1.4732037788
 C          3.9132560057        0.6290701797        0.1091843827
 C          5.2888914810        0.4431566747       -0.3783400790
 C          6.0982473591       -0.5288595345        0.0950905824
 C          7.5287966013       -0.6005081759       -0.2444700875
 C          8.3410779512        0.5290055517       -0.1716545981
 C          9.6885317356        0.4430369787       -0.4648291035
 C         10.2459707538       -0.7690826646       -0.8375624620
 C          9.4485219308       -1.8994374627       -0.9045681274
 C          8.1024146426       -1.8188438121       -0.6019845483
 C          5.6129071358       -1.5928819663        0.9886303985
 C          4.4259538502       -2.2711184886        0.7195922524
 C          3.9939626177       -3.2850811581        1.5526578771
 C          4.7380787501       -3.6380355686        2.6665163662
 C          5.9248056034       -2.9771797699        2.9366746111
 C          6.3638180622       -1.9678420681        2.1008008865
 C          5.7182447556        1.3931863847       -1.4172301782
 C          6.3779228332        0.9560854033       -2.5638650553
 C          6.7548730766        1.8567987171       -3.5413841651
 C          6.4826415663        3.2065957656       -3.3897508787
 C          5.8178936837        3.6495868437       -2.2584591491
 C          5.4301909217        2.7498241780       -1.2837249768
 C          2.8685392984        0.8242524570       -0.7918796564
 C          1.5756171751        1.0008170239       -0.3439823880
 C         -1.1485506198        0.5717372607        0.8752940161
 C         -2.4573066812        0.7497479290        1.3014390153
 C         -3.5263666984        0.0150091358        0.6346598627
 N         -3.4784980592       -1.2644445930        0.3714890988
 C         -4.6626079421       -1.5912842485       -0.2199760616
 C         -4.9157387551       -2.9515784507       -0.6688584732
 C         -5.7738421159       -3.2329843848       -1.7301895342
 C         -5.9849939039       -4.5402034309       -2.1260250409
 C         -5.3428960452       -5.5820120504       -1.4769588087
 C         -4.4741331219       -5.3081615047       -0.4330418550
 C         -4.2585637150       -4.0040025487       -0.0332360668
 C         -5.4571542787       -0.4610069484       -0.3132589907
 C         -6.7959716698       -0.2702807557       -0.8548972267
 C         -7.0620150928        0.7466300972       -1.7697954993
 C         -8.3382427374        0.9143337330       -2.2737818601
 C         -9.3635621093        0.0749437258       -1.8718247848
 C         -9.1059209901       -0.9404822540       -0.9646860701
 C         -7.8325169913       -1.1141965887       -0.4584673117
 N         -4.7127409159        0.5632651623        0.2280533427
 C         -5.0885531615        1.9111888676        0.3223889213
 C         -4.2123033604        2.8982129868       -0.1150188542
 C         -4.5760864241        4.2289921996       -0.0229653226
 C         -5.8120095619        4.5800370004        0.4931395755
 C         -6.6839663317        3.5947315571        0.9262750469
 C         -6.3274847650        2.2619350053        0.8464418921
 H         -4.0159003084        2.2783938148        3.6255659388
 H         -1.8519688365        2.8870663291        3.8579368901
 H          0.4474185499        2.5893653250        3.0560974356
 H          2.1375722686        0.8646166926        2.9806645462
 H          4.4321233848        0.5227823897        2.1839117354
 H          7.9113618536        1.4732787336        0.1278534227
 H         10.3085198612        1.3252220955       -0.3991283913
 H         11.2986200984       -0.8335238890       -1.0696183976
 H          9.8784608338       -2.8481682102       -1.1911414855
 H          7.4808409975       -2.7015830784       -0.6533752080
 H          3.8490733333       -2.0070558994       -0.1537016628
 H          3.0734814703       -3.8046486041        1.3305160925
 H          4.3971674581       -4.4286847272        3.3181639368
 H          6.5117842146       -3.2513558072        3.8012128414
 H          7.2902650290       -1.4528564620        2.3126080291
 H          6.5833724267       -0.0963981436       -2.6895846451
 H          7.2613807209        1.5042991769       -4.4279923663
 H          6.7823532822        3.9094964141       -4.1527482356
 H          5.5993406124        4.7005974827       -2.1366060121
 H          4.9113280396        3.0961147103       -0.4010322166
 H          3.0771324710        0.8205415386       -1.8524437054
 H          0.7768924562        1.1457602825       -1.0564434303
 H         -0.9695583721       -0.1075880417        0.0568969666
 H         -6.2655485610       -2.4269154582       -2.2529251076
 H         -6.6519708184       -4.7479171280       -2.9506510709
 H         -5.5137825841       -6.6020849598       -1.7887399853
 H         -3.9638878891       -6.1168868040        0.0701923483
 H         -3.5804860022       -3.7740254607        0.7733420507
 H         -6.2638696598        1.3979072480       -2.0959476369
 H         -8.5326704522        1.7026399237       -2.9863904384
 H        -10.3598482671        0.2094452026       -2.2660231999
 H         -9.9026968639       -1.5977566992       -0.6486638810
 H         -7.6271850142       -1.9043705589        0.2481845212
 H         -3.2527411095        2.6185435825       -0.5243726107
 H         -3.8925979354        4.9932968345       -0.3621933586
 H         -6.0945051644        5.6200217358        0.5588544482
 H         -7.6464080819        3.8655271063        1.3340682848
 H         -6.9969583047        1.4920401109        1.1973082705
