  82
 Etot=        -122.8134799401
 C         -6.9540191182       -5.2299075196        0.3328941949
 C         -5.6167729365       -5.1105645562        0.6766339421
 C         -4.9817129007       -3.8875146643        0.5800483843
 C         -5.6768489727       -2.7601532595        0.1423206784
 C         -4.9741126070       -1.4882456888        0.0506235290
 N         -3.6271368889       -1.4539162592       -0.1568833884
 C         -3.2801186024       -0.1914886911       -0.2272932696
 C         -1.9050568149        0.2464710124       -0.3967468589
 C         -1.0415095956       -0.5514948502       -1.1434337061
 C          0.2864926360       -0.2105365213       -1.3112271902
 C          0.7878013879        0.9459791117       -0.7185794196
 O          2.0730853663        1.3741234895       -0.8050817000
 C          3.0265696775        0.5593415551       -1.4682496986
 C          4.4072877092        1.1765039747       -1.2641877108
 C          4.8378920687        1.2147866284        0.2029515113
 C          5.1373207564       -0.1712630098        0.7947250533
 C          6.2738564878       -0.8572380639        0.0902141442
 C          6.0626731237       -1.8552439000       -0.8479140671
 C          7.1117074444       -2.4783399947       -1.5212772232
 C          8.4235343115       -2.1274358027       -1.2771628488
 C          8.6760677524       -1.1343711117       -0.3379742841
 C          7.6008446104       -0.5066858042        0.3335302550
 N          8.1083635214        0.4285443886        1.2027094946
 C          9.4768667203        0.4250368428        1.1266765850
 C         10.4042888219        1.1900436531        1.8188582870
 C         11.7423513474        0.9832431052        1.5424298365
 C         12.1516368561        0.0402736015        0.6006261763
 C         11.2321817626       -0.7241116969       -0.0905828591
 C          9.8802758089       -0.5360934494        0.1694302223
 C         -0.0729221429        1.7445847071        0.0395135703
 C         -1.3960971493        1.4003663636        0.2016984002
 N         -4.3691089182        0.6270483469       -0.0752641243
 C         -4.4037948171        2.0341696146       -0.1352716022
 C         -3.8840847885        2.6911595005       -1.2456626005
 C         -3.9302451444        4.0717773105       -1.3084352884
 C         -4.4993699960        4.7987682473       -0.2752294141
 C         -5.0193114897        4.1423032872        0.8280648757
 C         -4.9714264827        2.7619294313        0.9045536528
 C         -5.4614050751       -0.1938404731        0.1137626857
 C         -6.8081368432        0.3178158646        0.3381337068
 C         -7.3659451216        1.2725221857       -0.5104149366
 C         -8.6423691169        1.7515994021       -0.2787795444
 C         -9.3772278675        1.2872415024        0.7995043420
 C         -8.8317842860        0.3337867210        1.6450226678
 C         -7.5565898141       -0.1480999497        1.4189346336
 C         -7.0162008847       -2.8933758130       -0.2202905512
 C         -7.6476153186       -4.1191933272       -0.1200537102
 H         -7.4520927772       -6.1854857180        0.4110436198
 H         -5.0678345139       -5.9752108017        1.0218645525
 H         -3.9394568385       -3.7809054728        0.8407067355
 H         -1.4308937861       -1.4517671175       -1.5935668244
 H          0.9189367939       -0.8499978793       -1.9062016312
 H          2.7959311588        0.5125641106       -2.5414294404
 H          2.9963198411       -0.4572580759       -1.0600799633
 H          4.3815154173        2.1973735123       -1.6496366622
 H          5.1299931923        0.6046898920       -1.8482749054
 H          4.0463514362        1.6879133711        0.7871533690
 H          5.7325180806        1.8364541464        0.2763629037
 H          4.2447698782       -0.7952798895        0.7364882083
 H          5.3811095247       -0.0515729906        1.8540030834
 H          5.0496941038       -2.1653579597       -1.0622167605
 H          6.8871254949       -3.2499115057       -2.2435343933
 H          9.2357856823       -2.6120539350       -1.7978227514
 H          7.5643020560        1.0066690644        1.8197047246
 H         10.0911411992        1.9218053239        2.5493125603
 H         12.4883043621        1.5633629945        2.0663926477
 H         13.2073511800       -0.0916555216        0.4125332157
 H         11.5546882598       -1.4540644758       -0.8183400921
 H          0.3274689232        2.6327588750        0.5033609708
 H         -2.0302325411        2.0218961835        0.8156160313
 H         -3.4472156788        2.1155694718       -2.0485922538
 H         -3.5252462597        4.5792689845       -2.1709917562
 H         -4.5380017054        5.8761293329       -0.3305905482
 H         -5.4619754411        4.7046548841        1.6364077799
 H         -5.3688639981        2.2443174733        1.7650616722
 H         -6.8023159441        1.6293341848       -1.3607934601
 H         -9.0644434137        2.4895989828       -0.9454496014
 H        -10.3730513539        1.6644597592        0.9796249445
 H         -9.4010734109       -0.0332250902        2.4866560100
 H         -7.1266918393       -0.8896365464        2.0771232952
 H         -7.5599727742       -2.0368104488       -0.5907306833
 H         -8.6868095011       -4.2091820204       -0.4033088931
  82
 Etot=        -122.8135298488
 C         -6.9534994403       -5.2272955767        0.3327140058
 C         -5.6163787436       -5.1084053774        0.6759270731
 C         -4.9810939204       -3.8857517617        0.5796201226
 C         -5.6765284122       -2.7587495202        0.1431012751
 C         -4.9729693448       -1.4879579322        0.0509992716
 N         -3.6269049631       -1.4534383801       -0.1568234191
 C         -3.2794993301       -0.1919378182       -0.2283139467
 C         -1.9048090162        0.2468390907       -0.3978443561
 C         -1.0409718507       -0.5518259764       -1.1427546852
 C          0.2869998910       -0.2107201185       -1.3101534573
 C          0.7883531620        0.9455663538       -0.7178685966
 O          2.0740081490        1.3733257041       -0.8028205127
 C          3.0249967299        0.5580733325       -1.4650799779
 C          4.4064091036        1.1738891375       -1.2633643439
 C          4.8371303986        1.2140347111        0.2031632162
 C          5.1370359345       -0.1715146221        0.7944298026
 C          6.2734555838       -0.8562299055        0.0890708585
 C          6.0621624626       -1.8533815120       -0.8495426743
 C          7.1113223192       -2.4765335659       -1.5219406716
 C          8.4228610123       -2.1256485710       -1.2774599508
 C          8.6751277146       -1.1327430720       -0.3387483643
 C          7.5998716432       -0.5053361918        0.3323719411
 N          8.1071508157        0.4294632109        1.2018774289
 C          9.4758862064        0.4260062710        1.1257671145
 C         10.4030806952        1.1904099918        1.8179687259
 C         11.7409011124        0.9832343732        1.5418585062
 C         12.1499269332        0.0401664298        0.6006490100
 C         11.2306005309       -0.7235687885       -0.0907617854
 C          9.8790688056       -0.5348864670        0.1688355859
 C         -0.0728646474        1.7447267869        0.0383513089
 C         -1.3965325025        1.4017641527        0.1988447829
 N         -4.3687174325        0.6267058529       -0.0758146475
 C         -4.4039382296        2.0320630036       -0.1357553097
 C         -3.8826081424        2.6891535796       -1.2451416903
 C         -3.9288276898        4.0694478465       -1.3077702131
 C         -4.4989455131        4.7962709425       -0.2752901243
 C         -5.0197908770        4.1398069015        0.8272640074
 C         -4.9732750070        2.7596492752        0.9031428485
 C         -5.4605023556       -0.1937521263        0.1144954680
 C         -6.8065870705        0.3180286495        0.3384979636
 C         -7.3630918982        1.2745147963       -0.5085345608
 C         -8.6395227731        1.7528940009       -0.2773236627
 C         -9.3752261444        1.2869429892        0.7992643532
 C         -8.8305188085        0.3325365148        1.6436865454
 C         -7.5558035188       -0.1496457557        1.4176244749
 C         -7.0162645843       -2.8903581686       -0.2175405041
 C         -7.6470641436       -4.1163743423       -0.1189295616
 H         -7.4516393062       -6.1828010930        0.4102125617
 H         -5.0680740368       -5.9736181112        1.0202011662
 H         -3.9388590887       -3.7792758066        0.8382457637
 H         -1.4301193839       -1.4528382371       -1.5906966103
 H          0.9200035917       -0.8505306619       -1.9044469365
 H          2.7950142258        0.5105290673       -2.5385116848
 H          2.9951092510       -0.4588493696       -1.0570917004
 H          4.3812436739        2.1944082218       -1.6492490047
 H          5.1297969137        0.6014148189       -1.8462380799
 H          4.0452122961        1.6872348508        0.7862650188
 H          5.7322065644        1.8354549649        0.2768511220
 H          4.2445227248       -0.7951959277        0.7357811184
 H          5.3810572308       -0.0519881399        1.8537925118
 H          5.0491729625       -2.1640506918       -1.0629697226
 H          6.8869424379       -3.2486984773       -2.2430068398
 H          9.2352602242       -2.6104669596       -1.7969477168
 H          7.5632870613        1.0065964503        1.8191425628
 H         10.0897597933        1.9217687276        2.5486109675
 H         12.4864994423        1.5631723547        2.0657693439
 H         13.2052685020       -0.0919429212        0.4129880556
 H         11.5525055605       -1.4535266834       -0.8182947777
 H          0.3278181824        2.6323944828        0.5024142903
 H         -2.0307337292        2.0232651737        0.8128884886
 H         -3.4443687087        2.1137072646       -2.0471148762
 H         -3.5237125265        4.5775883815       -2.1698264262
 H         -4.5372967789        5.8736228516       -0.3303820055
 H         -5.4627453934        4.7026455579        1.6350777357
 H         -5.3729377875        2.2420185796        1.7623885821
 H         -6.7992564463        1.6322970135       -1.3581960601
 H         -9.0620157866        2.4908336191       -0.9435823486
 H        -10.3712118018        1.6637132682        0.9787328812
 H         -9.4005577212       -0.0347712706        2.4844710023
 H         -7.1273350979       -0.8932250962        2.0737845362
 H         -7.5599310298       -2.0338624688       -0.5874582358
 H         -8.6861895745       -4.2067315413       -0.4018328214
