  75
 Etot=        -113.2623826147
 C          5.4802894882       -4.5505656980        0.3622334802
 C          4.4465868414       -4.0400817229        1.1302233950
 C          4.0056093827       -2.7452152376        0.9398859141
 C          4.5921849306       -1.9387396471       -0.0356311318
 N          4.1469562493       -0.6280752434       -0.2343398695
 C          5.0567632641        0.3825860184       -0.5619066259
 C          4.6965377272        1.3982945409       -1.4478855524
 C          5.5948630942        2.3987634422       -1.7630709908
 C          6.8656108094        2.4014284979       -1.2114574959
 C          7.2300497174        1.3933382036       -0.3339814402
 C          6.3357098507        0.3935201071       -0.0050933177
 C          2.7859042659       -0.3224049787       -0.1038079004
 C          1.8190103323       -1.2237569252       -0.5544677671
 C          0.4682780391       -0.9420779482       -0.4325477235
 C          0.0853202128        0.2551731759        0.1311442154
 C          1.0484061338        1.1696667193        0.5806175923
 C          2.3962034090        0.8866215536        0.4743983793
 C          0.3619829435        2.3319838110        1.1239232453
 C          0.8512094724        3.5000975180        1.6839951794
 C         -0.0537660861        4.4534073284        2.1229280154
 C         -1.4196924104        4.2460325027        2.0051095452
 C         -1.9152765854        3.0772067183        1.4428534989
 C         -1.0196562038        2.1270251898        1.0054287843
 C         -1.3150925422        0.7860601104        0.3609835808
 C         -2.0344567579        0.9788282934       -0.9525400969
 C         -1.4422059394        1.7686122459       -1.9260017586
 C         -2.0554200775        1.9869207919       -3.1456504793
 C         -3.2864656579        1.4058157127       -3.3966047771
 C         -3.8912664280        0.6162442179       -2.4400663135
 C         -3.2752462187        0.3887567224       -1.2064549892
 N         -3.8922863064       -0.4060915179       -0.2543547677
 C         -5.1534809095       -0.9927515276       -0.5569086374
 C         -5.2099818974       -2.2213583368       -1.2023376666
 C         -6.4373806869       -2.7886675951       -1.4952210307
 C         -7.6068197980       -2.1342124243       -1.1452829283
 C         -7.5500902795       -0.9093091234       -0.5013291743
 C         -6.3259182104       -0.3360038130       -0.2062686232
 C         -3.3124264425       -0.6581771982        0.9782282689
 C         -3.9607745312       -1.4767925305        1.9069520862
 C         -3.3936945453       -1.7347432334        3.1382464161
 C         -2.1677573878       -1.1848587201        3.4712108965
 C         -1.5197122650       -0.3764519698        2.5558772931
 C         -2.0740416508       -0.1052478210        1.3143701627
 C          5.6283691894       -2.4601583357       -0.8105031638
 C          6.0680164825       -3.7533809051       -0.6063236411
 H          5.8248371775       -5.5618116963        0.5168069202
 H          3.9846162819       -4.6523731024        1.8908706379
 H          3.2052915983       -2.3476505224        1.5468114393
 H          3.7099641291        1.3934980395       -1.8879417066
 H          5.3027616568        3.1777931023       -2.4520791094
 H          7.5663239480        3.1829670650       -1.4633063916
 H          8.2166335245        1.3898639682        0.1059673654
 H          6.6195018695       -0.3848249085        0.6881645223
 H          2.1378078891       -2.1514326353       -1.0063568831
 H         -0.2694098714       -1.6479818187       -0.7851365034
 H          3.1421159326        1.5818330836        0.8299238616
 H          1.9145443638        3.6656274655        1.7763901882
 H          0.3090065464        5.3711340153        2.5628017780
 H         -2.1061229875        5.0034036446        2.3544646224
 H         -2.9796774190        2.9164134086        1.3500297055
 H         -0.4826636835        2.2190850906       -1.7162702518
 H         -1.5786307984        2.6050631804       -3.8906571356
 H         -3.7823628547        1.5668130291       -4.3424046862
 H         -4.8522643182        0.1695293489       -2.6460390814
 H         -4.2910849472       -2.7216830309       -1.4702069290
 H         -6.4809303600       -3.7438163264       -1.9971014981
 H         -8.5634016041       -2.5792739272       -1.3746698576
 H         -8.4615012890       -0.3984842421       -0.2284682193
 H         -6.2686987919        0.6185243196        0.2957637188
 H         -4.9164246206       -1.9125764588        1.6572970358
 H         -3.9146498938       -2.3697167175        3.8395323064
 H         -1.7206763303       -1.3833283857        4.4330890897
 H         -0.5619447180        0.0585560604        2.8031251466
 H          6.0816994913       -1.8449555873       -1.5740380386
 H          6.8703269916       -4.1444231491       -1.2148354837
