  54
 Etot=         -89.2983628674
 N         -3.3831275735       -2.6389152348       -2.2807304046
 C         -2.4031494241       -2.2118346623       -1.8364714361
 C         -1.2143128485       -1.7051459582       -1.3213919129
 C          0.0000613756       -2.2333172493       -1.7405140834
 C          1.2143809124       -1.7050961002       -1.3213015617
 C          2.4032380242       -2.2118321092       -1.8362855313
 N          3.3831839323       -2.6389495361       -2.2805934965
 C          1.2092687037       -0.5507148422       -0.4307908712
 N          2.4191088458       -0.0081098560        0.0048864014
 C          3.4213605845       -0.7019772063        0.6455150091
 C          3.4482303435       -2.0306398481        1.0542869438
 C          4.5862974915       -2.4826840238        1.6960022862
 C          5.6640657346       -1.6351996303        1.9415757402
 C          5.6293771596       -0.3003471145        1.5646897434
 C          4.5012570050        0.1747250936        0.9190282695
 C          4.1089637344        1.4682559458        0.4194655766
 C          4.7223252117        2.7091598758        0.3865033428
 C          4.0478394505        3.7675901959       -0.2045045094
 C          2.7866360763        3.5933600773       -0.7694109310
 C          2.1548515750        2.3635108899       -0.7469851190
 C          2.8153593952        1.3047759063       -0.1360667718
 C         -0.0000401849       -0.0003925830       -0.0436166711
 C         -1.2092927711       -0.5507584191       -0.4308863520
 N         -2.4191832173       -0.0082008663        0.0047336711
 C         -3.4213366795       -0.7020499554        0.6455388065
 C         -3.4481191853       -2.0306927098        1.0543732459
 C         -4.5860705955       -2.4827215928        1.6963043061
 C         -5.6638149930       -1.6352439527        1.9420019061
 C         -5.6292257283       -0.3004199306        1.5650087649
 C         -4.5012180202        0.1746439353        0.9191371144
 C         -4.1090259292        1.4681466489        0.4194167342
 C         -4.7224055404        2.7090422869        0.3864474077
 C         -4.0480192417        3.7674338381       -0.2047425683
 C         -2.7868903832        3.5931830806       -0.7698120358
 C         -2.1550818280        2.3633495099       -0.7473720211
 C         -2.8154918056        1.3046573982       -0.1362749636
 H          0.0001119443       -3.0727452626       -2.4235061300
 H          2.6106392307       -2.6884951119        0.8801266219
 H          4.6372656967       -3.5120567984        2.0166437914
 H          6.5371387466       -2.0246702616        2.4428868958
 H          6.4618218963        0.3540467040        1.7721566289
 H          5.7066847645        2.8468627038        0.8062387494
 H          4.5105357071        4.7423248921       -0.2370001360
 H          2.2943331296        4.4322134637       -1.2374410122
 H          1.1865082361        2.2258998204       -1.2015102213
 H         -0.0000908302        0.8457166951        0.6289739625
 H         -2.6105517748       -2.6885429669        0.8800795601
 H         -4.6369754995       -3.5120821304        2.0169946157
 H         -6.5368031166       -2.0247021187        2.4434733096
 H         -6.4616714863        0.3539457344        1.7725653538
 H         -5.7066956250        2.8467767465        0.8063343202
 H         -4.5107249504        4.7421651559       -0.2372172041
 H         -2.2946741508        4.4320185203       -1.2379682724
 H         -1.1868115594        2.2256950106       -1.2020422055
  54
 Etot=         -89.2984213127
 N         -3.3823618456       -2.6419705634       -2.2737158796
 C         -2.4040946290       -2.2106485216       -1.8333045829
 C         -1.2138893043       -1.7067987610       -1.3173605087
 C          0.0000633277       -2.2348770379       -1.7367650807
 C          1.2139601207       -1.7067463597       -1.3172635809
 C          2.4042000906       -2.2105223641       -1.8332022944
 N          3.3823847980       -2.6420342704       -2.2736122409
 C          1.2086033202       -0.5494664471       -0.4293973344
 N          2.4174864272       -0.0077522996        0.0051968501
 C          3.4204243531       -0.7017970288        0.6435785059
 C          3.4478287759       -2.0304899585        1.0504262287
 C          4.5850934959       -2.4822114907        1.6932133508
 C          5.6624983993       -1.6348288262        1.9399523830
 C          5.6279892348       -0.3003978281        1.5637533430
 C          4.4997814459        0.1748799302        0.9184474573
 C          4.1073422666        1.4680288955        0.4200069212
 C          4.7209035074        2.7086939830        0.3864529187
 C          4.0466757792        3.7666044346       -0.2040464074
 C          2.7854445096        3.5923853879       -0.7685269905
 C          2.1527756645        2.3632750498       -0.7444853717
 C          2.8131499168        1.3047019729       -0.1343950134
 C         -0.0000446470        0.0041475319       -0.0461598856
 C         -1.2086374748       -0.5494394394       -0.4295967123
 N         -2.4175663145       -0.0078172328        0.0050014813
 C         -3.4203908662       -0.7018598921        0.6435723673
 C         -3.4477027776       -2.0305336727        1.0504889940
 C         -4.5848513558       -2.4822459344        1.6934911990
 C         -5.6622344053       -1.6348737120        1.9403588583
 C         -5.6278248843       -0.3004678097        1.5640630375
 C         -4.4997336607        0.1748042196        0.9185457708
 C         -4.1074072030        1.4679332146        0.4199607084
 C         -4.7209914082        2.7085876433        0.3864122075
 C         -4.0468654732        3.7664676126       -0.2042596174
 C         -2.7857134728        3.5922363291       -0.7689165666
 C         -2.1530195011        2.3631423984       -0.7448771194
 C         -2.8132918530        1.3046070602       -0.1346144885
 H          0.0001138123       -3.0721948738       -2.4212382179
 H          2.6107422296       -2.6879793820        0.8747541361
 H          4.6360978705       -3.5113218288        2.0139895683
 H          6.5352859326       -2.0242323323        2.4415831243
 H          6.4605844217        0.3540458696        1.7713342558
 H          5.7056929727        2.8461881224        0.8055657165
 H          4.5095075072        4.7410880061       -0.2374591988
 H          2.2938968584        4.4310845955       -1.2375254676
 H          1.1843315804        2.2256613953       -1.1995749627
 H         -0.0000973382        0.8521234118        0.6243266646
 H         -2.6106317712       -2.6880127158        0.8747056674
 H         -4.6357797280       -3.5113382026        2.0143388509
 H         -6.5349272201       -2.0242639066        2.4421663161
 H         -6.4604138601        0.3539541953        1.7717398641
 H         -5.7057236499        2.8460975789        0.8056536226
 H         -4.5097239394        4.7409378986       -0.2376785854
 H         -2.2942589365        4.4309134437       -1.2380523597
 H         -1.1846411338        2.2254946094       -1.2000992444
  54
 Etot=         -89.2984384283
 N         -3.3869313445       -2.6348747232       -2.2657738263
 C         -2.4047243520       -2.2183649824       -1.8217158668
 C         -1.2131748629       -1.7109407114       -1.3105344137
 C          0.0000359742       -2.2393886137       -1.7296400093
 C          1.2132135593       -1.7109335774       -1.3104319744
 C          2.4047670137       -2.2184979116       -1.8214692035
 N          3.3870689946       -2.6345460979       -2.2657523319
 C          1.2079197226       -0.5478328526       -0.4283492781
 N          2.4153659564       -0.0072552691        0.0047531058
 C          3.4191788494       -0.7016705906        0.6402852896
 C          3.4471077616       -2.0306381286        1.0445602710
 C          4.5834945148       -2.4822338339        1.6882636286
 C          5.6603432657       -1.6347649133        1.9369045974
 C          5.6260378059       -0.3006633268        1.5618957776
 C          4.4977431104        0.1751169459        0.9169501323
 C          4.1046786411        1.4680824589        0.4210429914
 C          4.7184441803        2.7085790524        0.3866915641
 C          4.0445537970        3.7659230186       -0.2033532828
 C          2.7830213033        3.5918319693       -0.7671087228
 C          2.1494534353        2.3635415518       -0.7411979803
 C          2.8097498626        1.3049867402       -0.1321596057
 C         -0.0000355101        0.0114589877       -0.0521797833
 C         -1.2079523528       -0.5477553001       -0.4285758674
 N         -2.4154363430       -0.0072844024        0.0045619136
 C         -3.4191337836       -0.7017152081        0.6402654829
 C         -3.4469654640       -2.0306642635        1.0446102385
 C         -4.5832365583       -2.4822583590        1.6885219815
 C         -5.6600669886       -1.6348050108        1.9372922198
 C         -5.6258619086       -0.3007245003        1.5621970482
 C         -4.4976855532        0.1750537641        0.9170449171
 C         -4.1047448268        1.4680074676        0.4210062550
 C         -4.7185475313        2.7084860347        0.3866597330
 C         -4.0447652427        3.7658080785       -0.2035502377
 C         -2.7833109753        3.5917178650       -0.7674840026
 C         -2.1497069622        2.3634480473       -0.7415801400
 C         -2.8098915384        1.3049237705       -0.1323688983
 H          0.0000722746       -3.0776210389       -2.4118208254
 H          2.6107688666       -2.6877580629        0.8662794966
 H          4.6348509711       -3.5112943425        2.0084081051
 H          6.5325371229       -2.0241141365        2.4393538192
 H          6.4583975423        0.3540982524        1.7703031962
 H          5.7039824234        2.8454712382        0.8046075507
 H          4.5075543056        4.7401078174       -0.2382376851
 H          2.2921722513        4.4304562034       -1.2368620657
 H          1.1805607923        2.2262183795       -1.1962607857
 H         -0.0000771744        0.8636597746        0.6131994180
 H         -2.6106359999       -2.6877705029        0.8662358703
 H         -4.6345085531       -3.5112992409        2.0087453963
 H         -6.5321622477       -2.0241458333        2.4399185876
 H         -6.4582063181        0.3540251498        1.7707014330
 H         -5.7040356807        2.8453789283        0.8046938288
 H         -4.5078030716        4.7399738962       -0.2384495375
 H         -2.2925585347        4.4303190856       -1.2373773284
 H         -1.1808746542        2.2261033543       -1.1967675390
  54
 Etot=         -89.2984610901
 N         -3.3862786683       -2.6428375927       -2.2598112350
 C         -2.4055799163       -2.2153546598       -1.8213927005
 C         -1.2130194952       -1.7121065428       -1.3082019994
 C          0.0000554314       -2.2417649620       -1.7262469826
 C          1.2130860393       -1.7120130378       -1.3081856768
 C          2.4056838443       -2.2152078505       -1.8213410329
 N          3.3863404724       -2.6427987826       -2.2597361607
 C          1.2078644992       -0.5475186045       -0.4277976139
 N          2.4151831780       -0.0068090408        0.0042180449
 C          3.4193193128       -0.7015592020        0.6389394377
 C          3.4471414977       -2.0308591447        1.0426851936
 C          4.5835726640       -2.4828216200        1.6859731622
 C          5.6602128108       -1.6351146130        1.9353788877
 C          5.6258418500       -0.3007500079        1.5610490580
 C          4.4976206533        0.1753975466        0.9160164936
 C          4.1039864606        1.4687000564        0.4214769755
 C          4.7176855775        2.7093175018        0.3869927866
 C          4.0437033559        3.7667474777       -0.2030104579
 C          2.7818014229        3.5928199815       -0.7663449791
 C          2.1483868542        2.3644857371       -0.7404256509
 C          2.8088651650        1.3057616074       -0.1315496155
 C         -0.0000340326        0.0128178015       -0.0531535652
 C         -1.2078883429       -0.5475304975       -0.4279212894
 N         -2.4152472187       -0.0068725219        0.0040638386
 C         -3.4192846158       -0.7016184197        0.6389401360
 C         -3.4470135972       -2.0308940150        1.0427618306
 C         -4.5833360029       -2.4828477980        1.6862461147
 C         -5.6599567802       -1.6351511837        1.9357671225
 C         -5.6256796613       -0.3008096837        1.5613442535
 C         -4.4975708564        0.1753265892        0.9161083684
 C         -4.1040486772        1.4686106488        0.4214302800
 C         -4.7177855888        2.7092108207        0.3869414534
 C         -4.0439096761        3.7666161799       -0.2032260940
 C         -2.7820804694        3.5926846908       -0.7667247631
 C         -2.1486278901        2.3643687815       -0.7408035224
 C         -2.8089962435        1.3056705767       -0.1317572107
 H          0.0000933814       -3.0814223489       -2.4068901681
 H          2.6107753292       -2.6879186529        0.8639104758
 H          4.6351727364       -3.5121579116        2.0053226585
 H          6.5321622194       -2.0245959710        2.4381675522
 H          6.4577939764        0.3542203630        1.7702208965
 H          5.7034372144        2.8458682534        0.8044814927
 H          4.5067166181        4.7409247631       -0.2383385208
 H          2.2907787013        4.4315078914       -1.2358007211
 H          1.1793007693        2.2273701632       -1.1950230666
 H         -0.0000738858        0.8673077348        0.6091526468
 H         -2.6106611752       -2.6879446027        0.8638899511
 H         -4.6348611655       -3.5121672003        2.0056614717
 H         -6.5318162918       -2.0246227491        2.4387172351
 H         -6.4576123312        0.3541565106        1.7706036301
 H         -5.7034821314        2.8457693177        0.8045585425
 H         -4.5069504191        4.7407806753       -0.2385543283
 H         -2.2911468546        4.4313528292       -1.2363083476
 H         -1.1796000823        2.2272368156       -1.1955216305
