  112
 Etot=        -169.6826831133
 C         -8.8740624475       -3.0097727105       -2.7319816295
 C         -8.6138041507       -1.7181062233       -3.1588328345
 C         -7.9176536917       -0.8396743853       -2.3524730649
 C         -7.4563503600       -1.2428692783       -1.0981708680
 N         -6.7434719546       -0.3535178181       -0.2912232699
 C         -5.9563314442        0.6427996125       -0.8849794572
 C         -5.1381905680        0.3421027652       -1.9728795465
 C         -4.3617700168        1.3276233238       -2.5475765740
 C         -4.3767463008        2.6184843475       -2.0431304459
 C         -5.1930495947        2.9223897543       -0.9674504015
 C         -5.9872558854        1.9467784923       -0.3967327950
 C         -6.8547674182       -0.4172603703        1.1047403222
 C         -8.0967277182       -0.6760584147        1.6847671105
 C         -8.2347087163       -0.7736983773        3.0547630226
 C         -7.1315127814       -0.6057476459        3.8758666285
 C         -5.8992462268       -0.3297392870        3.3128942440
 C         -5.7368463312       -0.2310207373        1.9353403055
 C         -4.3985067473        0.0644973909        1.3795716476
 C         -3.8068861092        1.3158490203        1.6116290128
 C         -4.4421481586        2.3193544826        2.3891237082
 C         -3.8677584506        3.5383354980        2.5781516640
 C         -2.6206724420        3.8372005725        1.9948526833
 C         -1.9820647536        2.9078239434        1.2344228455
 C         -2.5457478103        1.6239422656        1.0154804444
 C         -1.9037695134        0.6761540125        0.2089491364
 C         -0.6221820994        1.0145931112       -0.4488881013
 C         -0.6282213176        1.4017379065       -1.7834994741
 C          0.5430103251        1.7268764588       -2.4368894982
 C          1.7690835405        1.6699507675       -1.7726697997
 C          2.9976068427        1.9855066877       -2.4197931615
 C          4.1790459131        1.8932336679       -1.7683716127
 C          4.2418923978        1.4917476708       -0.4013880320
 C          5.4596427513        1.3189053344        0.2739402689
 C          6.7561181112        1.4485432725       -0.4220846223
 C          7.2303293126        2.6795547009       -0.8544663503
 C          8.4747498507        2.7925147575       -1.4490363872
 C          9.2617696943        1.6648056975       -1.6179162304
 C          8.8004626397        0.4292785669       -1.2062675850
 C          7.5480323980        0.3058510249       -0.6102593413
 N          7.0767004613       -0.9572227384       -0.2094959911
 C          7.8928503413       -1.8026748225        0.5363001886
 C          8.8734205429       -1.2793417717        1.3809760067
 C          9.6870824969       -2.1216577347        2.1125271049
 C          9.5365785135       -3.4957537486        2.0255981945
 C          8.5634944767       -4.0214155707        1.1912453554
 C          7.7506828763       -3.1885299086        0.4483754440
 C          5.7694081515       -1.3259913590       -0.5565687627
 C          4.9308546266       -1.9565166802        0.3618367630
 C          3.6254451889       -2.2482202298        0.0215733571
 C          3.1389752447       -1.9306810096       -1.2363888776
 C          3.9766614367       -1.3338155444       -2.1621531175
 C          5.2836280646       -1.0339779145       -1.8292518293
 C          5.4620307709        0.9493450133        1.6143042718
 C          4.2849189632        0.7120158298        2.2917637476
 C          3.0574046449        0.8024966190        1.6349993198
 C          1.8283010100        0.4854209689        2.2812734054
 C          0.6495682390        0.5475866663        1.6213531159
 C          0.5910280534        0.9479123159        0.2537357860
 C          1.7973723313        1.2773535936       -0.4123807312
 C          3.0325972614        1.2009464828        0.2764936566
 C         -2.4790621409       -0.5827561410        0.0012990427
 C         -1.8428682277       -1.5678585754       -0.7979022104
 C         -2.4080722347       -2.7901709615       -0.9919197182
 C         -3.6314930884       -3.1125086069       -0.3711142329
 C         -4.2651198022       -2.1983950582        0.4124704647
 C         -3.7327099871       -0.8984458995        0.6081392290
 C         -7.7258172580       -2.5447508781       -0.6738371604
 C         -8.4289762001       -3.4138568200       -1.4843971939
 H         -9.4211607646       -3.6931341605       -3.3634256108
 H         -8.9646540893       -1.3867917697       -4.1253397372
 H         -7.7308745426        0.1701113012       -2.6873481056
 H         -5.1115248841       -0.6685916569       -2.3532761282
 H         -3.7375277608        1.0814706999       -3.3947468539
 H         -3.7584202460        3.3841500335       -2.4871695762
 H         -5.2158269217        3.9269219060       -0.5716666303
 H         -6.6335089763        2.1856968367        0.4352146150
 H         -8.9564675398       -0.7997200725        1.0422611671
 H         -9.2057565357       -0.9753652441        3.4818178049
 H         -7.2309442240       -0.6871028324        4.9476353911
 H         -5.0310415547       -0.2051863517        3.9445084453
 H         -5.4015505923        2.1008364717        2.8337850185
 H         -4.3667084417        4.2891183574        3.1737094153
 H         -2.1811287969        4.8112028300        2.1529489112
 H         -1.0291469856        3.1343844675        0.7792200668
 H         -1.5738661028        1.4486688011       -2.3029096891
 H          0.5181458288        2.0277410682       -3.4747450187
 H          2.9625716798        2.2915273170       -3.4561671199
 H          5.1031431195        2.1207360467       -2.2789062825
 H          6.6202738352        3.5578284727       -0.6975161591
 H          8.8320278071        3.7581761590       -1.7736825437
 H         10.2345628956        1.7464102515       -2.0795258802
 H          9.4054026374       -0.4555307800       -1.3423608856
 H          8.9922115199       -0.2083586894        1.4601992628
 H         10.4402135794       -1.7001763354        2.7624397832
 H         10.1724512821       -4.1508239016        2.6014760082
 H          8.4420877943       -5.0918499527        1.1102710679
 H          7.0030818834       -3.6042819471       -0.2110604678
 H          5.3050173659       -2.1920123602        1.3472486627
 H          2.9765456233       -2.7136372453        0.7488739748
 H          2.1128890925       -2.1483974578       -1.4914353816
 H          3.6096849904       -1.0945816797       -3.1493501091
 H          5.9362193236       -0.5600124167       -2.5482110899
 H          6.4084839607        0.8355423252        2.1243965565
 H          4.3078831922        0.4257575738        3.3335742413
 H          1.8633712491        0.1813207674        3.3180355882
 H         -0.2758515538        0.2939445040        2.1179630615
 H         -0.8919082416       -1.3247268918       -1.2492502263
 H         -1.9172052475       -3.5289603029       -1.6086847771
 H         -4.0559602334       -4.0954201482       -0.5150048807
 H         -5.1837633086       -2.4584821564        0.9151430908
 H         -7.3858575480       -2.8748547948        0.2962707397
 H         -8.6256532291       -4.4186102028       -1.1395680729
