 
        ______________________________________
       |                                      |
       |          ===================         |
       |             xTB for sTDA             |
       |          ===================         |
       |               S. Grimme              |
       |        Universitaet Bonn, MCTC       |
       |         2015-19, Version 1.0         |
       |     Wed Apr  3 09:14:55 CEST 2019    |
       |______________________________________|
 
        This code comes without any warranty
        for non-commercial, academia use only.
        Preliminary test version.
        Cite this work as:
        S. Grimme  &  C. Bannwarth, JCP 145 (2016) 054103
        if GBSA is used additionally:
        P. Shushkov, F. März, C. Bannwarth, S. Grimme, unpublished.
 
        with help from
        P. Shushkov, G. Brandenburg, S. Dohm, J. Pisarek,
        F. März, M. Checinski, S. Ehrlich, S. Spicher, 
        P. Pracht, E. Caldeweyher, S. Ehlert, and C. Bannwarth.
 
        usage        :
        xtb4stda <coord_file> [options]
        where <coord_file> is a valid file of TM)
        (*coord, Bohr) or xmol (*xyz, Angstroem)
        format.

        options:
        -chrg <int>   : molecular charge
        -uhf  <int>   : # of unpaired electrons(=2*S)
        -nox          : skip second, extended part in sTDA-xTB
        -pop          : do population analysis
                      : (default for -nox)
        -mowr <real>  : cut MO write above (def.3 Eh)
        -molden       : write formatted molden file
        -parx <file>  : read parameters for sTDA-xTB
                        calc (def:~/.param_stda2.xtb)
        -parv <file>  : read parameters for vTB part in
                        sTDA-xTB (def: ~/.param_stda1.xtb)
        -xtemp <real> : el. temp for xTB (def. 0 K)
        -etemp <real> : el. temp for GFN (def. 300 K)
        -fod          : calculate the FOD and write
                        molden.input file with
                        appropriate occupations
                        for plotting. Def. T=12500 K
 
        -acc <real>   : xTB accuracy (def. 1.0)
        -gbsa [string1] [string2]
                        use GBSA implicit solvent
                        for solvent [string1] and
                        solvation state [string2]=
                        reference, bar1M (default=1M)
        additional GFN/opt/MD/siman options read from
        $XTB4STDAHOME/.xtb4stdarc or $set in input
 
       spin and charge state information can be on:
       <.CHRG> (charge) and <.UHF> (=nalpha-nbeta)
       -uhf and -chrg override the file info.
       useful machine settings:
       setenv MKL_NUM_THREADS <NCORE_ON_YOUR_MACHINE>
       setenv OMP_STACKSIZE 500m
       limit stacksize unlimited
 
       total energies in Eh, gaps/HL energies in eV
       please read REVISION and HOWTO files carefully
 =============================
  # OMP threads =          48
 =============================
 
 xtb4stdahome directory:/home/penavora/Exe_xtb_crest/
 
 argument            1 :--gbsa
 argument            2 :toluene
 
 name of molecule           :
 comment line               :
 number of atoms            :    80
 number of electrons        :   222
 charge                     :  0
 spin                       : 0.0
 first test random number   :  0.2116
 
 -----------------------------------------
      charge density (VTB) calculation
 -----------------------------------------
 
      method parameters     
 k(s)        :  1.8000
 k(p)        :  2.8350
 k(d)        :  2.0860
 k(f)        :  2.0000
 Tscal       :  0.3300
 Gscal       :  0.3910
 fpol        :  1.0000
 Zcnf        :  0.6500
 Zqf         :  0.0000
 kcn         :  0.3000
 kEN1        : -0.5900
 wllscal     :  2.6000
 
 Solvent             : toluene
 GBSA parameter file : /home/penavora/Exe_xtb_crest/.param_gbsa_toluene
 Gsolv ref. state (COSMO-RS): gsolv [1 M gas/solution]
 temperature (mdtemp)       :    298.150000000000     
 dielectric constant        :    7.00000000000000     
 rho                        :   0.867000000000000     
 mass                       :    92.1400000000000     
 surface tension            :    15.5689470637553     
 probe radius               :   0.641644990000000     
 vdW radii scaling          :    1.00000000000000     
 Gshift (Eh)                :   4.228772547061559E-003
 c1                         :    1.59772343000000     
 soset                      :   0.281999450000000     
 HB correction              :  F
 
 doing EN charges ...
 sum q : -0.7771561D-15
 point charge moment (au)
     X       Y       Z   
   0.4065   0.3712  -0.5379  total (Debye):    1.956
 
            Z      q(EN)   CN      Cart. coordinates
     1  C   4.0  -0.241   4.020     1.43932     7.65421     1.51646
     2  C   4.0  -0.161   4.031     3.70275     6.37263     2.75491
     3  C   4.0  -0.163   4.059     6.18308     7.03471     1.43518
     4  C   4.0  -0.162   4.055     8.45453     5.84737     2.76691
     5  C   4.0  -0.159   4.040    10.95669     6.31037     1.39064
     6  C   4.0  -0.113   4.070    11.38681     4.64838    -0.94309
     7  O   6.0  -0.131   2.067    12.02646     2.12787    -0.29136
     8  C   4.0   0.069   3.204    10.25131     0.27744    -0.05719
     9  C   4.0  -0.070   3.177    11.17850    -2.00130     0.94403
    10  C   4.0  -0.067   3.151     9.63511    -4.06261     1.30583
    11  C   4.0   0.000   3.370     7.10298    -3.88873     0.62799
    12  C   4.0   0.000   3.370     4.98406    -5.57944     0.77812
    13  C   4.0  -0.067   3.151     4.68053    -8.06120     1.58503
    14  C   4.0  -0.070   3.175     2.33508    -9.16788     1.39489
    15  C   4.0   0.068   3.213     0.26245    -7.86358     0.37039
    16  O   6.0  -0.130   2.066    -1.90834    -9.24444     0.21871
    17  C   4.0  -0.113   4.086    -4.10591    -8.16428    -0.86256
    18  C   4.0  -0.159   4.044    -5.51893    -6.42985     0.97121
    19  C   4.0  -0.162   4.057    -7.93775    -5.32747    -0.15993
    20  C   4.0  -0.163   4.061    -7.46204    -3.53378    -2.37541
    21  C   4.0  -0.162   4.031    -9.83314    -2.05229    -3.09401
    22  C   4.0  -0.241   4.020    -9.35547    -0.26492    -5.30274
    23  C   4.0  -0.061   3.178     0.52515    -5.37919    -0.43529
    24  C   4.0   0.087   3.469     2.88006    -4.25679    -0.18057
    25  N   5.0  -0.324   3.318     3.63175    -1.85459    -0.91091
    26  C   4.0   0.096   3.252     2.07857     0.00073    -1.93811
    27  C   4.0  -0.065   3.176     2.77647     1.31363    -4.11231
    28  C   4.0   0.035   3.206     1.12359     3.12862    -5.02227
    29  N   5.0  -0.221   2.188    -1.06013     3.66936    -3.96134
    30  C   4.0   0.092   3.278    -1.75646     2.43486    -1.87017
    31  C   4.0   0.002   3.235    -4.22790     3.22678    -0.84346
    32  C   4.0  -0.074   3.216    -5.44063     5.28440    -1.98733
    33  C   4.0  -0.070   3.156    -7.76946     6.15531    -1.20254
    34  C   4.0   0.021   3.202    -8.96712     4.95831     0.78422
    35  F   7.0  -0.026   1.067   -11.23957     5.77193     1.56628
    36  C   4.0  -0.022   3.211    -7.85252     2.90064     2.00171
    37  C   4.0   0.246   2.116    -9.07857     1.65966     4.02609
    38  N   5.0  -0.220   1.025   -10.08239     0.64630     5.65496
    39  C   4.0   0.021   3.237    -5.48492     2.07629     1.16174
    40  F   7.0  -0.027   1.080    -4.49145     0.08608     2.39531
    41  C   4.0  -0.066   3.219    -0.22568     0.58784    -0.79275
    42  C   4.0   0.087   3.469     6.19840    -1.62161    -0.43784
    43  C   4.0  -0.061   3.178     7.73063     0.47818    -0.76148
    44  H   1.0   0.081   0.999     1.65751     9.69768     1.56000
    45  H   1.0   0.081   0.999    -0.29484     7.16800     2.50810
    46  H   1.0   0.082   1.000     1.25018     7.06541    -0.44426
    47  H   1.0   0.080   1.003     3.81442     6.94958     4.73419
    48  H   1.0   0.080   1.003     3.43831     4.32365     2.72122
    49  H   1.0   0.082   1.004     6.08666     6.40510    -0.52784
    50  H   1.0   0.081   1.003     6.41384     9.08638     1.40879
    51  H   1.0   0.082   1.004     8.15488     3.81798     2.99347
    52  H   1.0   0.081   1.003     8.59240     6.65646     4.66173
    53  H   1.0   0.081   1.003    12.51928     5.94994     2.68988
    54  H   1.0   0.081   1.003    11.05987     8.28439     0.80030
    55  H   1.0   0.080   1.000    13.04959     5.34484    -1.95979
    56  H   1.0   0.082   1.001     9.77492     4.71717    -2.23108
    57  H   1.0   0.075   1.005    13.15295    -2.06903     1.44714
    58  H   1.0   0.075   1.005    10.37639    -5.78034     2.11615
    59  H   1.0   0.075   1.005     6.26065    -9.10820     2.33568
    60  H   1.0   0.075   1.005     2.02874   -11.09066     1.99857
    61  H   1.0   0.081   1.001    -5.29605    -9.78691    -1.33717
    62  H   1.0   0.081   1.001    -3.62256    -7.17334    -2.61443
    63  H   1.0   0.082   1.004    -4.28095    -4.89441     1.57410
    64  H   1.0   0.081   1.003    -5.99101    -7.52897     2.65326
    65  H   1.0   0.081   1.004    -8.92020    -4.29293     1.33332
    66  H   1.0   0.081   1.003    -9.17494    -6.86118    -0.77196
    67  H   1.0   0.082   1.005    -5.96535    -2.20336    -1.87098
    68  H   1.0   0.082   1.003    -6.82072    -4.59930    -4.02108
    69  H   1.0   0.080   1.003   -10.48397    -0.97293    -1.45683
    70  H   1.0   0.081   1.003   -11.33491    -3.37706    -3.59285
    71  H   1.0   0.081   0.999    -7.83815     1.04959    -4.85576
    72  H   1.0   0.081   0.999    -8.81867    -1.32525    -6.98019
    73  H   1.0   0.081   0.998   -11.04882     0.81676    -5.73392
    74  H   1.0   0.078   1.007    -1.02481    -4.34681    -1.25807
    75  H   1.0   0.076   1.005     4.52123     0.89385    -5.07575
    76  H   1.0   0.075   1.005     1.56469     4.19884    -6.70871
    77  H   1.0   0.077   1.008    -4.47556     6.17830    -3.54331
    78  H   1.0   0.075   1.005    -8.67140     7.73955    -2.11101
    79  H   1.0   0.079   1.008    -0.72146    -0.37187     0.92945
    80  H   1.0   0.078   1.007     6.94878     2.20701    -1.49675
 
  Z AO/shell   Hii/eV     exponent
  1     Sat Feb 20 21:38:01 CET 2016    EN: 2.327 GAM: 0.473  GM3: 0.0000
     1s    -13.751157    1.051071
  6     Sat Feb 20 21:38:01 CET 2016    EN: 2.731 GAM: 0.422  GM3: 0.0000
     2s    -19.378245    2.021003
     2p    -11.993376    1.497917
  7     Sat Feb 20 21:38:01 CET 2016    EN: 3.573 GAM: 0.504  GM3: 0.0000
     2s    -21.576984    2.275442
     2p    -16.125120    2.056788
  8     Sat Feb 20 21:38:01 CET 2016    EN: 3.700 GAM: 0.587  GM3: 0.0000
     2s    -21.648843    2.110798
     2p    -17.239740    2.329048
  9     Sat Feb 20 21:51:24 CET 2016    EN: 3.394 GAM: 0.669  GM3: 0.0000
     2s    -19.384211    2.614957
     2p    -19.426034    2.777297
 
 dipole moment of classical point charges (au)
     X       Y       Z   
   0.4065   0.3712  -0.5379  total (Debye):    1.956

 
 Nbf   :          209
 T(el) :   300.0
 calculating S/T integrals ...
 cpu time for ints    1.56627700000000     
 Nao   :          209
 making H0...
 making H1...
 cpu time for H      0.287917000000000     
 solving ...
 cpu time for diag   0.538154000000000     
 
 gap (eV)           :   5.192
 Koopmans IP (eV)   :  13.127
 Eel (Eh)           :  -172.011794
 T,E(Fermi),NFOD :    300.000   -10.531  0.000000
 T,E(Fermi),NFOD :    300.000   -10.531  0.000000
 Nfod               :  0.0000
 Nfod/Nel           :  0.0000

          eigenvalues
 #    :          99        100        101        102        103        104        105        106
 occ. :        2.000      2.000      2.000      2.000      2.000      2.000      2.000      2.000
 eps  :       -17.097    -16.710    -16.621    -16.477    -16.122    -16.027    -15.953    -15.390
 #    :         107        108        109        110        111        112        113        114
 occ. :        2.000      2.000      2.000      2.000      2.000      0.000      0.000      0.000
 eps  :       -15.217    -14.873    -14.177    -13.379    -13.128     -7.936     -7.026     -6.907
 #    :         115        116        117        118        119        120        121        122
 occ. :        0.000      0.000      0.000      0.000      0.000      0.000      0.000      0.000
 eps  :        -6.429     -6.223     -6.115     -5.985     -5.912     -5.426     -5.184     -4.560
                            1  SCC done.
 making H1...
 cpu time for H      0.668769000000000     
 solving ...
 cpu time for diag   0.264853000000000     
 
 gap (eV)           :   4.998
 Koopmans IP (eV)   :  12.982
 Eel (Eh)           :  -171.738753
 T,E(Fermi),NFOD :    300.000   -10.483  0.000000
 T,E(Fermi),NFOD :    300.000   -10.483  0.000000
 Nfod               :  0.0000
 Nfod/Nel           :  0.0000

          eigenvalues
 #    :          99        100        101        102        103        104        105        106
 occ. :        2.000      2.000      2.000      2.000      2.000      2.000      2.000      2.000
 eps  :       -17.034    -16.290    -16.257    -16.196    -16.028    -15.905    -15.455    -15.415
 #    :         107        108        109        110        111        112        113        114
 occ. :        2.000      2.000      2.000      2.000      2.000      0.000      0.000      0.000
 eps  :       -14.868    -14.472    -14.408    -13.434    -12.983     -7.985     -7.246     -7.160
 #    :         115        116        117        118        119        120        121        122
 occ. :        0.000      0.000      0.000      0.000      0.000      0.000      0.000      0.000
 eps  :        -6.498     -6.381     -6.182     -6.130     -5.904     -5.429     -5.216     -4.623
                            2  SCC done.
 
 
 Mulliken/CM5 charges    n(s)   n(p)   n(d)   
    1 C  -0.0917 -0.2442   1.092  3.000  0.000
    2 C  -0.0509 -0.1646   1.136  2.915  0.000
    3 C  -0.0638 -0.1762   1.143  2.921  0.000
    4 C  -0.0589 -0.1700   1.142  2.917  0.000
    5 C  -0.0435 -0.1521   1.144  2.899  0.000
    6 C   0.0313 -0.0512   1.140  2.829  0.000
    7 O  -0.1632 -0.2509   1.453  4.710  0.000
    8 C   0.0770  0.0927   1.152  2.771  0.000
    9 C  -0.0631 -0.1137   1.129  2.934  0.000
   10 C  -0.0404 -0.0929   1.136  2.904  0.000
   11 C  -0.0380 -0.0350   1.161  2.877  0.000
   12 C  -0.0364 -0.0334   1.161  2.876  0.000
   13 C  -0.0397 -0.0923   1.136  2.904  0.000
   14 C  -0.0637 -0.1143   1.129  2.935  0.000
   15 C   0.0714  0.0874   1.153  2.775  0.000
   16 O  -0.1601 -0.2473   1.461  4.699  0.000
   17 C   0.0300 -0.0523   1.139  2.831  0.000
   18 C  -0.0495 -0.1586   1.143  2.907  0.000
   19 C  -0.0497 -0.1613   1.140  2.910  0.000
   20 C  -0.0648 -0.1770   1.143  2.922  0.000
   21 C  -0.0516 -0.1653   1.136  2.915  0.000
   22 C  -0.0898 -0.2424   1.091  2.999  0.000
   23 C  -0.0664 -0.1125   1.132  2.935  0.000
   24 C   0.0345  0.0967   1.181  2.784  0.000
   25 N  -0.0999 -0.3455   1.237  3.863  0.000
   26 C   0.0752  0.1346   1.185  2.740  0.000
   27 C  -0.0256 -0.0690   1.144  2.882  0.000
   28 C   0.0317  0.0585   1.157  2.811  0.000
   29 N  -0.1916 -0.3959   1.470  3.722  0.000
   30 C   0.0477  0.1180   1.186  2.766  0.000
   31 C   0.0226  0.0244   1.158  2.819  0.000
   32 C   0.0079 -0.0427   1.144  2.848  0.000
   33 C   0.0059 -0.0455   1.126  2.868  0.000
   34 C   0.1153  0.1303   1.169  2.716  0.000
   35 F  -0.1165 -0.1398   1.678  5.439  0.000
   36 C   0.0124  0.0183   1.127  2.861  0.000
   37 C   0.1297  0.2515   1.174  2.696  0.000
   38 N  -0.2748 -0.4013   1.645  3.630  0.000
   39 C   0.1007  0.1177   1.178  2.721  0.000
   40 F  -0.1159 -0.1445   1.678  5.438  0.000
   41 C  -0.0373 -0.0773   1.146  2.891  0.000
   42 C   0.0353  0.0975   1.181  2.784  0.000
   43 C  -0.0627 -0.1094   1.131  2.931  0.000
   44 H   0.0290  0.0812   0.971  0.000  0.000
   45 H   0.0367  0.0889   0.963  0.000  0.000
   46 H   0.0311  0.0862   0.969  0.000  0.000
   47 H   0.0244  0.0797   0.976  0.000  0.000
   48 H   0.0249  0.0809   0.975  0.000  0.000
   49 H   0.0277  0.0847   0.972  0.000  0.000
   50 H   0.0247  0.0807   0.975  0.000  0.000
   51 H   0.0266  0.0864   0.973  0.000  0.000
   52 H   0.0296  0.0852   0.970  0.000  0.000
   53 H   0.0323  0.0903   0.968  0.000  0.000
   54 H   0.0394  0.0954   0.961  0.000  0.000
   55 H   0.0468  0.1109   0.953  0.000  0.000
   56 H   0.0482  0.1126   0.952  0.000  0.000
   57 H   0.0356  0.0963   0.964  0.000  0.000
   58 H   0.0473  0.1046   0.953  0.000  0.000
   59 H   0.0486  0.1059   0.951  0.000  0.000
   60 H   0.0361  0.0967   0.964  0.000  0.000
   61 H   0.0399  0.1047   0.960  0.000  0.000
   62 H   0.0455  0.1103   0.954  0.000  0.000
   63 H   0.0285  0.0883   0.972  0.000  0.000
   64 H   0.0311  0.0884   0.969  0.000  0.000
   65 H   0.0316  0.0880   0.968  0.000  0.000
   66 H   0.0302  0.0861   0.970  0.000  0.000
   67 H   0.0244  0.0833   0.976  0.000  0.000
   68 H   0.0300  0.0865   0.970  0.000  0.000
   69 H   0.0231  0.0793   0.977  0.000  0.000
   70 H   0.0269  0.0822   0.973  0.000  0.000
   71 H   0.0309  0.0846   0.969  0.000  0.000
   72 H   0.0298  0.0819   0.970  0.000  0.000
   73 H   0.0393  0.0910   0.961  0.000  0.000
   74 H   0.0448  0.1094   0.955  0.000  0.000
   75 H   0.0475  0.1086   0.953  0.000  0.000
   76 H   0.0618  0.1292   0.938  0.000  0.000
   77 H   0.0731  0.1398   0.927  0.000  0.000
   78 H   0.0632  0.1211   0.937  0.000  0.000
   79 H   0.0424  0.1092   0.958  0.000  0.000
   80 H   0.0478  0.1124   0.952  0.000  0.000
 Hirshfeld charges for QMDFF written to <charges>
 
 Loewdin charges    n(s)   n(p)   n(d)
    1 C  -0.0927   1.019  3.074  0.000
    2 C  -0.0442   1.076  2.969  0.000
    3 C  -0.0602   1.084  2.976  0.000
    4 C  -0.0546   1.083  2.972  0.000
    5 C  -0.0387   1.085  2.954  0.000
    6 C   0.0251   1.085  2.890  0.000
    7 O  -0.1254   1.416  4.709  0.000
    8 C   0.0691   1.116  2.815  0.000
    9 C  -0.0624   1.077  2.985  0.000
   10 C  -0.0329   1.081  2.952  0.000
   11 C  -0.0393   1.119  2.920  0.000
   12 C  -0.0376   1.120  2.918  0.000
   13 C  -0.0322   1.081  2.951  0.000
   14 C  -0.0630   1.077  2.986  0.000
   15 C   0.0637   1.117  2.819  0.000
   16 O  -0.1221   1.424  4.699  0.000
   17 C   0.0238   1.084  2.892  0.000
   18 C  -0.0459   1.084  2.962  0.000
   19 C  -0.0433   1.080  2.964  0.000
   20 C  -0.0611   1.084  2.977  0.000
   21 C  -0.0448   1.076  2.969  0.000
   22 C  -0.0907   1.018  3.073  0.000
   23 C  -0.0718   1.083  2.989  0.000
   24 C   0.0302   1.146  2.824  0.000
   25 N  -0.0583   1.195  3.864  0.000
   26 C   0.0773   1.146  2.777  0.000
   27 C  -0.0275   1.093  2.934  0.000
   28 C   0.0343   1.109  2.856  0.000
   29 N  -0.1717   1.435  3.737  0.000
   30 C   0.0462   1.150  2.804  0.000
   31 C   0.0185   1.118  2.864  0.000
   32 C   0.0179   1.089  2.893  0.000
   33 C   0.0055   1.073  2.921  0.000
   34 C   0.1107   1.132  2.757  0.000
   35 F  -0.0989   1.661  5.438  0.000
   36 C   0.0003   1.087  2.913  0.000
   37 C   0.1197   1.141  2.739  0.000
   38 N  -0.2587   1.605  3.654  0.000
   39 C   0.0941   1.143  2.763  0.000
   40 F  -0.0983   1.661  5.437  0.000
   41 C  -0.0419   1.097  2.945  0.000
   42 C   0.0311   1.145  2.824  0.000
   43 C  -0.0686   1.082  2.986  0.000
   44 H   0.0290   0.971  0.000  0.000
   45 H   0.0363   0.964  0.000  0.000
   46 H   0.0308   0.969  0.000  0.000
   47 H   0.0220   0.978  0.000  0.000
   48 H   0.0226   0.977  0.000  0.000
   49 H   0.0258   0.974  0.000  0.000
   50 H   0.0223   0.978  0.000  0.000
   51 H   0.0245   0.976  0.000  0.000
   52 H   0.0271   0.973  0.000  0.000
   53 H   0.0293   0.971  0.000  0.000
   54 H   0.0362   0.964  0.000  0.000
   55 H   0.0409   0.959  0.000  0.000
   56 H   0.0432   0.957  0.000  0.000
   57 H   0.0286   0.971  0.000  0.000
   58 H   0.0388   0.961  0.000  0.000
   59 H   0.0398   0.960  0.000  0.000
   60 H   0.0290   0.971  0.000  0.000
   61 H   0.0342   0.966  0.000  0.000
   62 H   0.0402   0.960  0.000  0.000
   63 H   0.0261   0.974  0.000  0.000
   64 H   0.0281   0.972  0.000  0.000
   65 H   0.0291   0.971  0.000  0.000
   66 H   0.0269   0.973  0.000  0.000
   67 H   0.0224   0.978  0.000  0.000
   68 H   0.0272   0.973  0.000  0.000
   69 H   0.0210   0.979  0.000  0.000
   70 H   0.0240   0.976  0.000  0.000
   71 H   0.0307   0.969  0.000  0.000
   72 H   0.0296   0.970  0.000  0.000
   73 H   0.0384   0.962  0.000  0.000
   74 H   0.0382   0.962  0.000  0.000
   75 H   0.0390   0.961  0.000  0.000
   76 H   0.0498   0.950  0.000  0.000
   77 H   0.0606   0.939  0.000  0.000
   78 H   0.0521   0.948  0.000  0.000
   79 H   0.0342   0.966  0.000  0.000
   80 H   0.0413   0.959  0.000  0.000
 
 Wiberg/Mayer (AO) data. WBOs > 0.1 written file <wbo>
 largest (>0.05) Wiberg bond orders for each atom
           total WBO             WBO to atom ...
     1  C   3.984    C    2 1.006    H   44 0.985    H   46 0.984    H   45 0.979
     2  C   3.972    C    1 1.006    C    3 0.991    H   47 0.971    H   48 0.971
     3  C   3.970    C    2 0.991    C    4 0.990    H   50 0.969    H   49 0.968
     4  C   3.969    C    3 0.990    C    5 0.988    H   52 0.967    H   51 0.965
     5  C   3.966    C    4 0.988    C    6 0.985    H   53 0.966    H   54 0.963
     6  C   3.934    C    5 0.985    O    7 0.974    H   55 0.970    H   56 0.961
     7  O   2.232    C    8 1.049    C    6 0.974    C   43 0.055
     8  C   3.920    C   43 1.383    C    9 1.328    O    7 1.049    C   11 0.082
     9  C   3.965    C   10 1.483    C    8 1.328    H   57 0.946    C   42 0.087
    10  C   3.959    C    9 1.483    C   11 1.340    H   58 0.943    C   43 0.095
    11  C   3.950    C   10 1.340    C   42 1.270    C   12 1.086    C    8 0.082
    12  C   3.951    C   13 1.341    C   24 1.270    C   11 1.086    C   15 0.082
    13  C   3.959    C   14 1.482    C   12 1.341    H   59 0.943    C   23 0.096
    14  C   3.965    C   13 1.482    C   15 1.330    H   60 0.946    C   24 0.088
    15  C   3.919    C   23 1.386    C   14 1.330    O   16 1.044    C   12 0.082
    16  O   2.231    C   15 1.044    C   17 0.977    C   23 0.056
    17  C   3.935    C   18 0.981    O   16 0.977    H   61 0.975    H   62 0.963
    18  C   3.967    C   19 0.989    C   17 0.981    H   64 0.967    H   63 0.966
    19  C   3.970    C   20 0.990    C   18 0.989    H   66 0.970    H   65 0.965
    20  C   3.970    C   21 0.992    C   19 0.990    H   68 0.969    H   67 0.967
    21  C   3.971    C   22 1.006    C   20 0.992    H   70 0.972    H   69 0.970
    22  C   3.984    C   21 1.006    H   72 0.985    H   71 0.983    H   73 0.979
    23  C   3.964    C   15 1.386    C   24 1.379    H   74 0.939    C   13 0.096    O   16 0.056
    24  C   3.925    C   23 1.379    C   12 1.270    N   25 1.043    C   14 0.088
    25  N   3.444    C   24 1.043    C   42 1.042    C   26 0.989
    26  C   3.927    C   41 1.371    C   27 1.366    N   25 0.989    N   29 0.111
    27  C   3.959    C   28 1.427    C   26 1.366    H   75 0.944    C   30 0.090
    28  C   3.957    N   29 1.438    C   27 1.427    H   76 0.944    C   41 0.091
    29  N   3.111    C   28 1.438    C   30 1.336    C   26 0.111
    30  C   3.938    C   41 1.383    N   29 1.336    C   31 1.026    C   27 0.090
    31  C   3.954    C   39 1.350    C   32 1.339    C   30 1.026    C   34 0.088
    32  C   3.943    C   33 1.448    C   31 1.339    H   77 0.933    C   36 0.091
    33  C   3.969    C   32 1.448    C   34 1.392    H   78 0.939    C   39 0.090
    34  C   3.911    C   33 1.392    C   36 1.298    F   35 0.981    C   31 0.088    N   38 0.063
    35  F   1.114    C   34 0.981
    36  C   3.961    C   39 1.307    C   34 1.298    C   37 1.066    C   32 0.091    N   38 0.079
    37  C   3.933    N   38 2.804    C   36 1.066
    38  N   3.034    C   37 2.804    C   36 0.079    C   39 0.065    C   34 0.063
    39  C   3.913    C   31 1.350    C   36 1.307    F   40 0.977    C   33 0.090    N   38 0.065
    40  F   1.125    C   39 0.977
    41  C   3.964    C   30 1.383    C   26 1.371    H   79 0.942    C   28 0.091
    42  C   3.924    C   43 1.380    C   11 1.270    N   25 1.042    C    9 0.087
    43  C   3.965    C    8 1.383    C   42 1.380    H   80 0.937    C   10 0.095    O    7 0.055
    44  H   0.999    C    1 0.985
    45  H   0.997    C    1 0.979
    46  H   0.999    C    1 0.984
    47  H   0.999    C    2 0.971
    48  H   0.999    C    2 0.971
    49  H   0.999    C    3 0.968
    50  H   0.999    C    3 0.969
    51  H   0.999    C    4 0.965
    52  H   0.999    C    4 0.967
    53  H   0.998    C    5 0.966
    54  H   0.998    C    5 0.963
    55  H   0.997    C    6 0.970
    56  H   0.998    C    6 0.961
    57  H   0.997    C    9 0.946
    58  H   0.996    C   10 0.943
    59  H   0.996    C   13 0.943
    60  H   0.997    C   14 0.946
    61  H   0.998    C   17 0.975
    62  H   0.998    C   17 0.963
    63  H   0.999    C   18 0.966
    64  H   0.998    C   18 0.967
    65  H   0.999    C   19 0.965
    66  H   0.999    C   19 0.970
    67  H   0.999    C   20 0.967
    68  H   0.999    C   20 0.969
    69  H   0.999    C   21 0.970
    70  H   0.999    C   21 0.972
    71  H   0.999    C   22 0.983
    72  H   0.999    C   22 0.985
    73  H   0.997    C   22 0.979
    74  H   0.997    C   23 0.939
    75  H   0.997    C   27 0.944
    76  H   0.994    C   28 0.944
    77  H   0.994    C   32 0.933
    78  H   0.992    C   33 0.939
    79  H   0.998    C   41 0.942
    80  H   0.996    C   43 0.937
 
 --------------------------------------------
          xTB calculation for sTDA...
 --------------------------------------------
 
 reading parameter file /home/penavora/Exe_xtb_crest/.param_stda2.xtb
 
      method parameters     
 k(s)        :  1.6000
 k(p)        :  2.1800
 k(d)        :  1.9500
 k(f)        :  2.0000
 k(R-V)      :  2.2750
 k(R-R)      :  1.7650
 Tscal       :  0.2580
 Gscal       :  1.0000
 fpol        :  1.0000
 Zcnf        :  0.3430
 Zqf         :  0.0000
 kcn         :  2.7000
 Ryd Hsplit  :  0.7000
 lshift(virt):  3.1000
 lshift(OS)  :  0.2000
 wllscaling  :  2.6000
 
 mowrcut     : 3.000
 
  Z AO/shell   Hii/eV     exponent
  1     Sun Feb 14 09:53:25 CET 2016    EN: 2.327 GAM: 0.473  GM3: 0.0000
     1s    -14.339618    1.220000
     2sp    -3.348946    0.600000
  6     Sun Feb 14 09:53:25 CET 2016    EN: 2.731 GAM: 0.422  GM3: 0.0000
     2s    -22.009312    1.565095
     2p    -13.020408    1.596905
     3sp    -3.914040    0.824500
  7     Sun Feb 14 09:53:25 CET 2016    EN: 3.573 GAM: 0.504  GM3: 0.0000
     2s    -25.722000    2.064844
     2p    -18.684912    1.801692
     3sp    -4.344791    0.921400
  8     Sun Feb 14 09:53:25 CET 2016    EN: 3.700 GAM: 0.587  GM3: 0.0000
     2s    -33.859000    2.418661
     2p    -22.175911    1.973969
     3sp    -4.259392    1.013700
  9     Sun Feb 21 12:20:01 CET 2016    EN: 3.394 GAM: 0.600  GM3: 0.0000
     2s    -26.548112    1.943768
     2p    -23.081168    2.552035
     3sp    -1.937199    1.103200
 
 Nbf   :          529
 T(el) :     0.0
 calculating S/T integrals ...
 cpu time for ints    8.25783700000000     
 Nao   :          529
 making H0...
 making H1...
 cpu time for H      0.726167999999999     
 solving ...
 cpu time for diag    1.31968300000000     
 
 gap (eV)           :   6.384
 Koopmans IP (eV)   :  14.128
 Eel (Eh)           :  -194.561780

          eigenvalues
 #    :          99        100        101        102        103        104        105        106
 occ. :        2.000      2.000      2.000      2.000      2.000      2.000      2.000      2.000
 eps  :       -18.218    -18.143    -18.074    -17.705    -17.614    -17.099    -17.027    -16.790
 #    :         107        108        109        110        111        112        113        114
 occ. :        2.000      2.000      2.000      2.000      2.000      0.000      0.000      0.000
 eps  :       -16.151    -15.981    -15.730    -14.238    -14.129     -7.744     -7.190     -6.413
 #    :         115        116        117        118        119        120        121        122
 occ. :        0.000      0.000      0.000      0.000      0.000      0.000      0.000      0.000
 eps  :        -6.113     -5.700     -5.642     -5.391     -5.113     -4.953     -4.659     -4.573
                            1  SCC done.
 writing mo output ...
 molden style : F
 
speedup 21.61
cpu  time for all   15.18 s
wall time for all    0.70 s
