  81
 Etot=        -125.5520540167
 Br        -0.9993479342        3.8251329366       -1.8388804319
 C         -2.2531253228        3.1517853224       -0.5735892227
 C         -2.7953533547        4.0067560642        0.3718398500
 C         -3.7000688186        3.5010504860        1.2894465659
 C         -4.0509313555        2.1634002770        1.2720558164
 C         -3.5003500368        1.3174707450        0.3135698122
 N         -3.8385830952       -0.0407575132        0.2809269837
 C         -2.9735638411       -1.1082092183        0.2156818268
 C         -1.5245314067       -1.0048731957        0.2486838319
 C         -0.7704517746       -1.8987478671       -0.5110218132
 C          0.6060019728       -1.8265239586       -0.5139120162
 C          1.2741757512       -0.8699776880        0.2508479163
 C          2.7382192672       -0.7872670816        0.2393980625
 C          3.4550333407       -0.9553998499       -0.9449314980
 C          4.8303504664       -0.8697106685       -0.9631910009
 C          5.5407782696       -0.6282477169        0.2138014987
 N          6.9342249926       -0.5474832038        0.2018445038
 C          7.5926522951        0.3490849948        1.0523538482
 C          7.0534256482        1.6099846821        1.3061367015
 C          7.7060343045        2.4888098574        2.1484816421
 C          8.9054160567        2.1322091673        2.7428867643
 C          9.4478102986        0.8828845428        2.4899257960
 C          8.7986755395       -0.0062683009        1.6557336981
 C          7.6790407538       -1.3613624846       -0.6603591553
 C          8.8275102028       -0.8687088451       -1.2793883836
 C          9.5639979919       -1.6766811816       -2.1235019501
 C          9.1666191308       -2.9804369289       -2.3711075849
 C          8.0243400016       -3.4733210099       -1.7618307147
 C          7.2857209554       -2.6759756261       -0.9094541626
 C          4.8290296551       -0.4687823641        1.4039313021
 C          3.4527440836       -0.5390376004        1.4108447300
 C          0.5160141484       -0.0008437782        1.0344146298
 C         -0.8618650871       -0.0649576219        1.0371031602
 N         -3.6283479506       -2.2370968607        0.1592992223
 C         -4.9574512490       -1.9362073759        0.1894687873
 C         -5.9560531724       -2.9912087656        0.1044650876
 C         -5.6170835789       -4.2737105878        0.5335863426
 C         -6.5384795059       -5.3003374168        0.4664102079
 C         -7.8084573827       -5.0640873611       -0.0345498012
 C         -8.1463060002       -3.7968528685       -0.4805843343
 C         -7.2283412402       -2.7655631707       -0.4170366388
 C         -5.1165206704       -0.5642723352        0.2769001149
 C         -6.3094227684        0.2686889624        0.3491875916
 C         -6.4696938454        1.3679601638       -0.4926106854
 C         -7.6024655149        2.1553204848       -0.4034691612
 C         -8.5874109690        1.8579182009        0.5231973297
 C         -8.4384763864        0.7627069807        1.3592850860
 C         -7.3082259581       -0.0270586110        1.2764261604
 C         -2.6012380624        1.8160832707       -0.6249516237
 H         -2.5130414418        5.0475318536        0.3889953246
 H         -4.1288745920        4.1567646395        2.0313272237
 H         -4.7437979432        1.7689812405        1.9990854649
 H         -1.2881522455       -2.6436543798       -1.0952734303
 H          1.1768217109       -2.5307396960       -1.1009496872
 H          2.9232937554       -1.1216327586       -1.8701799753
 H          5.3675078679       -0.9818175372       -1.8935813195
 H          6.1239508653        1.8945646900        0.8349971177
 H          7.2788155440        3.4632840915        2.3346131220
 H          9.4140536414        2.8230745872        3.3979755339
 H         10.3802041715        0.5942786556        2.9525806405
 H          9.2189196133       -0.9833994938        1.4671574029
 H          9.1341146919        0.1505971885       -1.0951739858
 H         10.4503539547       -1.2819643486       -2.5981133055
 H          9.7431056673       -3.6078246143       -3.0337933090
 H          7.7101055251       -4.4905172648       -1.9443243372
 H          6.4014690098       -3.0661393090       -0.4269543359
 H          5.3669700161       -0.2959561720        2.3246222050
 H          2.9229429517       -0.4339556988        2.3462505887
 H          1.0136772971        0.7457675305        1.6358502831
 H         -1.4238884460        0.6078220773        1.6695030774
 H         -4.6224492593       -4.4423446301        0.9163764361
 H         -6.2674530264       -6.2897332551        0.8057298100
 H         -8.5305823875       -5.8659685639       -0.0846560220
 H         -9.1307154474       -3.6116038757       -0.8859737473
 H         -7.4940404098       -1.7857483035       -0.7852314987
 H         -5.7126369632        1.5954569409       -1.2298479457
 H         -7.7174713549        3.0026715640       -1.0633926660
 H         -9.4706568222        2.4752738028        0.5912507877
 H         -9.2055578823        0.5254836017        2.0816112604
 H         -7.1869793331       -0.8804952468        1.9274057940
 H         -2.1794388008        1.1626899809       -1.3732776385
  81
 Etot=        -125.5520540392
 Br        -0.9993481078        3.8251357153       -1.8388772695
 C         -2.2531260234        3.1517859535       -0.5735901149
 C         -2.7953563227        4.0067604049        0.3718475807
 C         -3.7000706089        3.5010457301        1.2894486718
 C         -4.0509288532        2.1634044200        1.2720619286
 C         -3.5003511234        1.3174685248        0.3135726797
 N         -3.8385746839       -0.0407480530        0.2809243560
 C         -2.9735645676       -1.1082111355        0.2156857795
 C         -1.5245290119       -1.0048754191        0.2486858847
 C         -0.7704519365       -1.8987493434       -0.5110165750
 C          0.6060003569       -1.8265286814       -0.5139124816
 C          1.2741753652       -0.8699773513        0.2508461984
 C          2.7382192688       -0.7872672538        0.2393962538
 C          3.4550341498       -0.9554072337       -0.9449334225
 C          4.8303577828       -0.8697132180       -0.9631895485
 C          5.5407823050       -0.6282472436        0.2138018387
 N          6.9342362727       -0.5474779475        0.2018422686
 C          7.5926472525        0.3490887197        1.0523515941
 C          7.0534313940        1.6099798753        1.3061372522
 C          7.7060297758        2.4888184944        2.1484774340
 C          8.9054261306        2.1322121412        2.7428858899
 C          9.4478082888        0.8828914275        2.4899190535
 C          8.7986821610       -0.0062685439        1.6557323555
 C          7.6790326000       -1.3613633218       -0.6603497161
 C          8.8275165043       -0.8687074386       -1.2793863919
 C          9.5639909625       -1.6766887626       -2.1235005994
 C          9.1666214571       -2.9804385808       -2.3711094381
 C          8.0243278746       -3.4733294266       -1.7618234954
 C          7.2857243553       -2.6759703852       -0.9094524698
 C          4.8290352438       -0.4687764473        1.4039301886
 C          3.4527416305       -0.5390335258        1.4108427143
 C          0.5160169710       -0.0008412760        1.0344090396
 C         -0.8618646110       -0.0649563634        1.0371040432
 N         -3.6283540105       -2.2370987089        0.1593022954
 C         -4.9574463509       -1.9362050363        0.1894762167
 C         -5.9560488581       -2.9912139886        0.1044672484
 C         -5.6170847978       -4.2737041958        0.5335801163
 C         -6.5384747836       -5.3003453678        0.4664083986
 C         -7.8084645076       -5.0640830338       -0.0345572238
 C         -8.1463033574       -3.7968549279       -0.4805849080
 C         -7.2283416611       -2.7655595855       -0.4170395025
 C         -5.1165285540       -0.5642877212        0.2768991062
 C         -6.3094293702        0.2686958174        0.3491861191
 C         -6.4696895848        1.3679549111       -0.4926084515
 C         -7.6024685707        2.1553262364       -0.4034716074
 C         -8.5874110961        1.8579121348        0.5231985297
 C         -8.4384796133        0.7627107944        1.3592821445
 C         -7.3082266779       -0.0270645325        1.2764297364
 C         -2.6012419484        1.8160852757       -0.6249509292
 H         -2.5130436943        5.0475309806        0.3889975104
 H         -4.1288753700        4.1567652843        2.0313320564
 H         -4.7437973530        1.7689797799        1.9990895647
 H         -1.2881551526       -2.6436541306       -1.0952717052
 H          1.1768197082       -2.5307413985       -1.1009511317
 H          2.9232974563       -1.1216398928       -1.8701799697
 H          5.3675083669       -0.9818222222       -1.8935797096
 H          6.1239517358        1.8945710634        0.8349942859
 H          7.2788189997        3.4632866577        2.3346104100
 H          9.4140541294        2.8230803164        3.3979732397
 H         10.3802094663        0.5942791012        2.9525835025
 H          9.2189192234       -0.9833969197        1.4671593699
 H          9.1341180540        0.1505921299       -1.0951713399
 H         10.4503539385       -1.2819694326       -2.5981160824
 H          9.7430946881       -3.6078315333       -3.0338001493
 H          7.7100958155       -4.4905174053       -1.9443236069
 H          6.4014664155       -3.0661416523       -0.4269455324
 H          5.3669661939       -0.2959484003        2.3246222694
 H          2.9229414685       -0.4339499823        2.3462472234
 H          1.0136811366        0.7457681684        1.6358466926
 H         -1.4238858663        0.6078247515        1.6695030925
 H         -4.6224483091       -4.4423499901        0.9163752583
 H         -6.2674533867       -6.2897324226        0.8057195921
 H         -8.5305813872       -5.8659696123       -0.0846646520
 H         -9.1307153540       -3.6116006112       -0.8859775875
 H         -7.4940378817       -1.7857484031       -0.7852281011
 H         -5.7126353086        1.5954592454       -1.2298459480
 H         -7.7174673681        3.0026715303       -1.0633900952
 H         -9.4706589959        2.4752749240        0.5912484959
 H         -9.2055612015        0.5254793000        2.0816083822
 H         -7.1869818446       -0.8804968814        1.9274029108
 H         -2.1794380610        1.1626905099       -1.3732734570
