  51
 Etot=         -79.0446360112
 C         -4.4915362141        0.5523326488       -2.8027229489
 C         -3.2770189974        0.1111006217       -3.3071883803
 C         -2.2027636612       -0.1345756624       -2.4619769870
 C         -2.3701879198        0.0711933359       -1.1097105707
 C         -3.5963033807        0.5168145976       -0.5941503572
 C         -4.6638459983        0.7602641246       -1.4432237134
 C         -3.4717633100        0.6378570749        0.8504508988
 C         -4.3836836486        1.0315111470        1.8165056927
 C         -3.9801440755        1.0498688574        3.1423712934
 C         -2.6910122638        0.6828748094        3.4992847495
 C         -1.7716741716        0.2874814162        2.5362515717
 C         -2.1694455393        0.2674711202        1.2171399969
 C         -1.3651053878       -0.1243897991       -0.0005762951
 C         -0.8191581129       -1.5258674513        0.0616211918
 C         -1.5354305995       -2.6996694878        0.1413950495
 C         -0.8454757764       -3.9033673320        0.1077545626
 C          0.5326792225       -3.9119002974       -0.0371242535
 C          1.2530820614       -2.7299863587       -0.1104236861
 C          0.5833253725       -1.5180745144       -0.0257450237
 C          1.0358911447       -0.1319477224       -0.1007725690
 C         -0.1031741539        0.6864342340       -0.1612831216
 C         -0.0495514013        2.0561289092       -0.3551860656
 C          1.1794187844        2.6700535607       -0.5052473907
 C          2.3188090672        1.8865197857       -0.3913677795
 N          3.6208448007        2.3068128795       -0.4655278700
 C          4.4529805140        1.2501492806       -0.2177023350
 C          5.8383081681        1.2385872071       -0.1489329601
 C          6.4583659571        0.0501600007        0.1801993337
 C          5.7077037097       -1.0893227210        0.4602327212
 C          4.3290375754       -1.0799176224        0.3842406468
 C          3.6714560718        0.0885120548        0.0086580286
 C          2.2924469761        0.4856888587       -0.1449591691
 H         -5.3134972555        0.7365279244       -3.4797057454
 H         -3.1653809325       -0.0449854485       -4.3704638495
 H         -1.2569575643       -0.4795257339       -2.8548839304
 H         -5.6117656723        1.1034149475       -1.0553928383
 H         -5.3888752120        1.3178176710        1.5438630943
 H         -4.6782636227        1.3538902756        3.9091909196
 H         -2.3981277478        0.7044311378        4.5390333347
 H         -0.7673990113        0.0020440940        2.8149931804
 H         -2.6135769730       -2.6802737855        0.2144808730
 H         -1.3869967624       -4.8360424175        0.1703539667
 H          1.0560105227       -4.8554186937       -0.1001726748
 H          2.3173414922       -2.7670507761       -0.2678890904
 H         -0.9625289976        2.6311281903       -0.4032306944
 H          1.2570785914        3.7308152681       -0.6905651677
 H          3.9144247672        3.2561426902       -0.6221762318
 H          6.4085191095        2.1367982932       -0.3354561332
 H          7.5359021183        0.0070656050        0.2424705364
 H          6.2163893167       -1.9972187775        0.7503970814
 H          3.7796268534       -1.9667032773        0.6514697673
  51
 Etot=         -79.0446497184
 C         -4.4895744272        0.5524314774       -2.8015936946
 C         -3.2754531613        0.1110034382       -3.3057257549
 C         -2.2012894546       -0.1342525826       -2.4608385723
 C         -2.3692548919        0.0708668615       -1.1092043111
 C         -3.5950673837        0.5162001906       -0.5938945382
 C         -4.6623424919        0.7593409317       -1.4424322827
 C         -3.4705722814        0.6371606747        0.8499852005
 C         -4.3821180968        1.0308284339        1.8155220887
 C         -3.9782684722        1.0493497696        3.1408461935
 C         -2.6892474739        0.6827054795        3.4972294548
 C         -1.7701854168        0.2870803566        2.5345149614
 C         -2.1685939759        0.2669236942        1.2162996654
 C         -1.3646461788       -0.1246124548       -0.0006746089
 C         -0.8184705759       -1.5251578382        0.0618801687
 C         -1.5348547017       -2.6980838773        0.1416066025
 C         -0.8446494838       -3.9011748040        0.1078123452
 C          0.5333535525       -3.9096572065       -0.0361215898
 C          1.2538979583       -2.7282349504       -0.1095078913
 C          0.5836156840       -1.5172187653       -0.0251554714
 C          1.0354550659       -0.1317241672       -0.1006678570
 C         -0.1035085175        0.6860400339       -0.1611307532
 C         -0.0508972858        2.0551029657       -0.3550955476
 C          1.1778917942        2.6690413319       -0.5050904440
 C          2.3172939376        1.8862389798       -0.3907564151
 N          3.6195298549        2.3065873784       -0.4644718551
 C          4.4513462041        1.2496828990       -0.2169007377
 C          5.8361823105        1.2373596722       -0.1488880675
 C          6.4554659436        0.0490830318        0.1802096914
 C          5.7045338787       -1.0897651284        0.4594890248
 C          4.3261846744       -1.0800272467        0.3835975303
 C          3.6695863871        0.0884230408        0.0084601232
 C          2.2912652801        0.4857403413       -0.1450671473
 H         -5.3113747780        0.7363454396       -3.4783290305
 H         -3.1641696325       -0.0441807873       -4.3688020689
 H         -1.2554919346       -0.4786618858       -2.8530353243
 H         -5.6099412637        1.1028567938       -1.0545378445
 H         -5.3871173279        1.3171992094        1.5428032643
 H         -4.6762490808        1.3530997715        3.9074778464
 H         -2.3966459736        0.7047097884        4.5366902589
 H         -0.7660370521        0.0014896727        2.8122520078
 H         -2.6125699422       -2.6782962806        0.2151711632
 H         -1.3855429434       -4.8337690453        0.1703920254
 H          1.0562686446       -4.8530443336       -0.0999554598
 H          2.3179773775       -2.7649885856       -0.2677745532
 H         -0.9641646244        2.6291163707       -0.4032608007
 H          1.2559130199        3.7296513146       -0.6905717755
 H          3.9131588051        3.2553855705       -0.6219098996
 H          6.4065950667        2.1353329557       -0.3352976003
 H          7.5325725989        0.0055690007        0.2423101519
 H          6.2130495988       -1.9972200008        0.7498210353
 H          3.7761590202       -1.9662221875        0.6509217521
