 
        ______________________________________
       |                                      |
       |          ===================         |
       |             xTB for sTDA             |
       |          ===================         |
       |               S. Grimme              |
       |        Universitaet Bonn, MCTC       |
       |         2015-19, Version 1.0         |
       |     Wed Apr  3 09:14:55 CEST 2019    |
       |______________________________________|
 
        This code comes without any warranty
        for non-commercial, academia use only.
        Preliminary test version.
        Cite this work as:
        S. Grimme  &  C. Bannwarth, JCP 145 (2016) 054103
        if GBSA is used additionally:
        P. Shushkov, F. März, C. Bannwarth, S. Grimme, unpublished.
 
        with help from
        P. Shushkov, G. Brandenburg, S. Dohm, J. Pisarek,
        F. März, M. Checinski, S. Ehrlich, S. Spicher, 
        P. Pracht, E. Caldeweyher, S. Ehlert, and C. Bannwarth.
 
        usage        :
        xtb4stda <coord_file> [options]
        where <coord_file> is a valid file of TM)
        (*coord, Bohr) or xmol (*xyz, Angstroem)
        format.

        options:
        -chrg <int>   : molecular charge
        -uhf  <int>   : # of unpaired electrons(=2*S)
        -nox          : skip second, extended part in sTDA-xTB
        -pop          : do population analysis
                      : (default for -nox)
        -mowr <real>  : cut MO write above (def.3 Eh)
        -molden       : write formatted molden file
        -parx <file>  : read parameters for sTDA-xTB
                        calc (def:~/.param_stda2.xtb)
        -parv <file>  : read parameters for vTB part in
                        sTDA-xTB (def: ~/.param_stda1.xtb)
        -xtemp <real> : el. temp for xTB (def. 0 K)
        -etemp <real> : el. temp for GFN (def. 300 K)
        -fod          : calculate the FOD and write
                        molden.input file with
                        appropriate occupations
                        for plotting. Def. T=12500 K
 
        -acc <real>   : xTB accuracy (def. 1.0)
        -gbsa [string1] [string2]
                        use GBSA implicit solvent
                        for solvent [string1] and
                        solvation state [string2]=
                        reference, bar1M (default=1M)
        additional GFN/opt/MD/siman options read from
        $XTB4STDAHOME/.xtb4stdarc or $set in input
 
       spin and charge state information can be on:
       <.CHRG> (charge) and <.UHF> (=nalpha-nbeta)
       -uhf and -chrg override the file info.
       useful machine settings:
       setenv MKL_NUM_THREADS <NCORE_ON_YOUR_MACHINE>
       setenv OMP_STACKSIZE 500m
       limit stacksize unlimited
 
       total energies in Eh, gaps/HL energies in eV
       please read REVISION and HOWTO files carefully
 =============================
  # OMP threads =          48
 =============================
 
 xtb4stdahome directory:/home/penavora/Exe_xtb_crest/
 
 
 name of molecule           :
 comment line               :
 number of atoms            :    66
 number of electrons        :   174
 charge                     :  0
 spin                       : 0.0
 first test random number   :  0.2410
 
 -----------------------------------------
      charge density (VTB) calculation
 -----------------------------------------
 
      method parameters     
 k(s)        :  1.8000
 k(p)        :  2.8350
 k(d)        :  2.0860
 k(f)        :  2.0000
 Tscal       :  0.3300
 Gscal       :  0.3910
 fpol        :  1.0000
 Zcnf        :  0.6500
 Zqf         :  0.0000
 kcn         :  0.3000
 kEN1        : -0.5900
 wllscal     :  2.6000
 
     -------------------------
     ! NO SOLVENT MODEL USED !
     -------------------------
 
 doing EN charges ...
 sum q :  0.2220446D-14
 point charge moment (au)
     X       Y       Z   
   0.2432   0.0104   0.0031  total (Debye):    0.619
 
            Z      q(EN)   CN      Cart. coordinates
     1  C   4.0  -0.238   4.079    12.11240     3.46690    -0.30495
     2  C   4.0   0.038   4.221    11.50144     0.98603     1.06434
     3  C   4.0  -0.239   4.071    13.10945     0.80756     3.45383
     4  O   6.0  -0.062   2.096     8.89336     1.09020     1.74273
     5  B   3.0  -0.058   3.364     7.54842    -0.38610     0.10810
     6  C   4.0   0.055   3.149     4.60005    -0.52573     0.06005
     7  C   4.0  -0.070   3.176     3.13571     0.94027     1.69304
     8  C   4.0  -0.072   3.189     0.53151     0.82817     1.64883
     9  C   4.0  -0.006   3.245    -0.70942    -0.76524    -0.04337
    10  C   4.0  -0.003   3.262    -3.48425    -0.94378    -0.08517
    11  C   4.0  -0.003   3.262    -4.99472     1.11574    -0.04232
    12  C   4.0  -0.005   3.245    -4.00463     3.70080    -0.31986
    13  C   4.0  -0.074   3.195    -2.23816     4.28891    -2.18246
    14  C   4.0  -0.072   3.145    -1.35758     6.73233    -2.44744
    15  C   4.0  -0.074   3.145    -2.22593     8.62766    -0.86405
    16  C   4.0  -0.072   3.144    -3.99979     8.06795     0.97692
    17  C   4.0  -0.073   3.194    -4.89336     5.62798     1.23977
    18  C   4.0  -0.006   3.245    -7.75266     0.93440     0.28181
    19  C   4.0  -0.073   3.194    -9.35792     2.36811    -1.23569
    20  C   4.0  -0.072   3.144   -11.94814     2.23021    -0.93065
    21  C   4.0  -0.074   3.145   -12.97493     0.68151     0.91234
    22  C   4.0  -0.072   3.145   -11.39354    -0.72229     2.45572
    23  C   4.0  -0.074   3.195    -8.80397    -0.59900     2.14683
    24  C   4.0  -0.006   3.246    -4.49793    -3.53395    -0.17609
    25  C   4.0  -0.073   3.194    -3.47379    -5.40442     1.36917
    26  C   4.0  -0.072   3.144    -4.39299    -7.84752     1.28336
    27  C   4.0  -0.074   3.145    -6.32811    -8.46803    -0.36586
    28  C   4.0  -0.072   3.145    -7.33210    -6.63085    -1.93742
    29  C   4.0  -0.074   3.194    -6.42666    -4.18359    -1.84704
    30  C   4.0  -0.072   3.188     0.73741    -2.26568    -1.65535
    31  C   4.0  -0.070   3.176     3.34126    -2.13264    -1.61009
    32  O   6.0  -0.062   2.096     9.07541    -1.73011    -1.48091
    33  C   4.0   0.038   4.221    11.63975    -1.38681    -0.72002
    34  C   4.0  -0.238   4.079    12.43278    -3.80290     0.67171
    35  C   4.0  -0.239   4.071    13.29980    -1.05763    -3.05737
    36  H   1.0   0.082   1.000    11.67310     5.03114     0.95389
    37  H   1.0   0.083   0.999    14.09609     3.56111    -0.82107
    38  H   1.0   0.083   1.000    10.94511     3.65927    -1.98458
    39  H   1.0   0.082   1.000    12.89757     2.54557     4.52876
    40  H   1.0   0.083   1.000    15.08857     0.56764     2.96187
    41  H   1.0   0.084   1.000    12.50429    -0.75062     4.64180
    42  H   1.0   0.075   1.005     4.08309     2.17445     3.01302
    43  H   1.0   0.076   1.006    -0.56513     1.96246     2.94500
    44  H   1.0   0.076   1.006    -1.57327     2.82181    -3.43574
    45  H   1.0   0.074   1.004     0.00972     7.16256    -3.90112
    46  H   1.0   0.074   1.004    -1.53068    10.53556    -1.07095
    47  H   1.0   0.074   1.004    -4.69211     9.54015     2.21088
    48  H   1.0   0.075   1.006    -6.27537     5.19286     2.68003
    49  H   1.0   0.075   1.006    -8.55817     3.57552    -2.67657
    50  H   1.0   0.074   1.004   -13.17165     3.33770    -2.13306
    51  H   1.0   0.074   1.004   -14.99920     0.57694     1.15229
    52  H   1.0   0.074   1.004   -12.18361    -1.91558     3.91181
    53  H   1.0   0.076   1.006    -7.57587    -1.67912     3.36803
    54  H   1.0   0.075   1.006    -1.96383    -4.92088     2.65716
    55  H   1.0   0.074   1.004    -3.59440    -9.27528     2.50521
    56  H   1.0   0.074   1.004    -7.04356   -10.37844    -0.43461
    57  H   1.0   0.074   1.004    -8.82533    -7.11003    -3.24471
    58  H   1.0   0.076   1.006    -7.19869    -2.76203    -3.09180
    59  H   1.0   0.075   1.006    -0.20443    -3.52045    -2.96485
    60  H   1.0   0.075   1.005     4.44802    -3.28557    -2.87880
    61  H   1.0   0.083   0.999    14.39887    -3.71440     1.25198
    62  H   1.0   0.083   1.000    11.23456    -4.10493     2.31300
    63  H   1.0   0.082   1.000    12.18110    -5.39906    -0.59853
    64  H   1.0   0.082   1.000    13.28313    -2.80615    -4.13604
    65  H   1.0   0.084   1.000    12.59203     0.44008    -4.26621
    66  H   1.0   0.083   1.000    15.23178    -0.63751    -2.50296
 
  Z AO/shell   Hii/eV     exponent
  1     Sat Feb 20 21:38:01 CET 2016    EN: 2.327 GAM: 0.473  GM3: 0.0000
     1s    -13.751157    1.051071
  5     Sat Feb 20 21:38:01 CET 2016    EN: 3.405 GAM: 0.339  GM3: 0.0000
     2s    -17.927409    2.170332
     2p     -8.538581    1.400095
  6     Sat Feb 20 21:38:01 CET 2016    EN: 2.731 GAM: 0.422  GM3: 0.0000
     2s    -19.378245    2.021003
     2p    -11.993376    1.497917
  8     Sat Feb 20 21:38:01 CET 2016    EN: 3.700 GAM: 0.587  GM3: 0.0000
     2s    -21.648843    2.110798
     2p    -17.239740    2.329048
 
 dipole moment of classical point charges (au)
     X       Y       Z   
   0.2432   0.0104   0.0031  total (Debye):    0.619

 
 Nbf   :          171
 T(el) :   300.0
 calculating S/T integrals ...
 cpu time for ints    1.40147600000000     
 Nao   :          171
 making H0...
 making H1...
 cpu time for H      8.944699999999983E-002
 solving ...
 cpu time for diag   0.665397000000000     
 
 gap (eV)           :   5.326
 Koopmans IP (eV)   :  13.573
 Eel (Eh)           :  -135.208114
 T,E(Fermi),NFOD :    300.000   -10.909  0.000000
 T,E(Fermi),NFOD :    300.000   -10.909  0.000000
 Nfod               :  0.0000
 Nfod/Nel           :  0.0000

          eigenvalues
 #    :          75         76         77         78         79         80         81         82
 occ. :        2.000      2.000      2.000      2.000      2.000      2.000      2.000      2.000
 eps  :       -17.612    -17.542    -17.141    -16.937    -16.195    -15.874    -15.675    -15.648
 #    :          83         84         85         86         87         88         89         90
 occ. :        2.000      2.000      2.000      2.000      2.000      0.000      0.000      0.000
 eps  :       -15.520    -15.467    -15.457    -15.340    -13.574     -8.247     -8.031     -7.546
 #    :          91         92         93         94         95         96         97         98
 occ. :        0.000      0.000      0.000      0.000      0.000      0.000      0.000      0.000
 eps  :        -6.990     -5.756     -5.696     -5.504     -5.371     -5.268     -5.143     -5.060
                            1  SCC done.
 making H1...
 cpu time for H      0.748549000000000     
 solving ...
 cpu time for diag   0.467748000000000     
 
 gap (eV)           :   5.383
 Koopmans IP (eV)   :  13.449
 Eel (Eh)           :  -134.151389
 T,E(Fermi),NFOD :    300.000   -10.757  0.000000
 T,E(Fermi),NFOD :    300.000   -10.757  0.000000
 Nfod               :  0.0000
 Nfod/Nel           :  0.0000

          eigenvalues
 #    :          75         76         77         78         79         80         81         82
 occ. :        2.000      2.000      2.000      2.000      2.000      2.000      2.000      2.000
 eps  :       -16.927    -16.534    -16.394    -16.302    -15.730    -15.560    -15.516    -15.402
 #    :          83         84         85         86         87         88         89         90
 occ. :        2.000      2.000      2.000      2.000      2.000      0.000      0.000      0.000
 eps  :       -15.355    -15.311    -15.202    -15.053    -13.450     -8.067     -7.545     -7.482
 #    :          91         92         93         94         95         96         97         98
 occ. :        0.000      0.000      0.000      0.000      0.000      0.000      0.000      0.000
 eps  :        -6.762     -5.656     -5.599     -5.393     -5.258     -5.155     -5.028     -4.943
                            2  SCC done.
 
 
 Mulliken/CM5 charges    n(s)   n(p)   n(d)   
    1 C  -0.0917 -0.2361   1.102  2.990  0.000
    2 C   0.0799  0.0913   1.268  2.652  0.000
    3 C  -0.0846 -0.2302   1.097  2.988  0.000
    4 O  -0.1960 -0.2105   1.535  4.661  0.000
    5 B   0.1068 -0.0600   1.141  1.753  0.000
    6 C  -0.0475  0.0099   1.215  2.833  0.000
    7 C  -0.0260 -0.0735   1.143  2.883  0.000
    8 C  -0.0308 -0.0838   1.142  2.889  0.000
    9 C   0.0059 -0.0034   1.173  2.822  0.000
   10 C  -0.0101 -0.0151   1.179  2.831  0.000
   11 C  -0.0108 -0.0158   1.181  2.829  0.000
   12 C   0.0007 -0.0087   1.169  2.830  0.000
   13 C  -0.0381 -0.0916   1.143  2.896  0.000
   14 C  -0.0333 -0.0896   1.136  2.897  0.000
   15 C  -0.0366 -0.0930   1.136  2.901  0.000
   16 C  -0.0346 -0.0909   1.136  2.898  0.000
   17 C  -0.0399 -0.0935   1.142  2.898  0.000
   18 C   0.0019 -0.0075   1.169  2.829  0.000
   19 C  -0.0394 -0.0930   1.142  2.898  0.000
   20 C  -0.0345 -0.0909   1.136  2.898  0.000
   21 C  -0.0372 -0.0936   1.136  2.901  0.000
   22 C  -0.0343 -0.0907   1.136  2.898  0.000
   23 C  -0.0383 -0.0918   1.143  2.896  0.000
   24 C   0.0008 -0.0085   1.169  2.830  0.000
   25 C  -0.0393 -0.0929   1.142  2.898  0.000
   26 C  -0.0342 -0.0906   1.136  2.898  0.000
   27 C  -0.0370 -0.0935   1.136  2.901  0.000
   28 C  -0.0345 -0.0909   1.136  2.898  0.000
   29 C  -0.0385 -0.0920   1.142  2.896  0.000
   30 C  -0.0319 -0.0850   1.141  2.891  0.000
   31 C  -0.0262 -0.0736   1.143  2.884  0.000
   32 O  -0.1963 -0.2109   1.535  4.662  0.000
   33 C   0.0799  0.0912   1.268  2.652  0.000
   34 C  -0.0917 -0.2361   1.102  2.990  0.000
   35 C  -0.0846 -0.2302   1.097  2.988  0.000
   36 H   0.0369  0.0928   0.963  0.000  0.000
   37 H   0.0357  0.0901   0.964  0.000  0.000
   38 H   0.0393  0.0971   0.961  0.000  0.000
   39 H   0.0397  0.0950   0.960  0.000  0.000
   40 H   0.0375  0.0916   0.962  0.000  0.000
   41 H   0.0410  0.0975   0.959  0.000  0.000
   42 H   0.0424  0.1035   0.958  0.000  0.000
   43 H   0.0426  0.1023   0.957  0.000  0.000
   44 H   0.0389  0.0987   0.961  0.000  0.000
   45 H   0.0391  0.0956   0.961  0.000  0.000
   46 H   0.0379  0.0943   0.962  0.000  0.000
   47 H   0.0384  0.0948   0.962  0.000  0.000
   48 H   0.0371  0.0960   0.963  0.000  0.000
   49 H   0.0373  0.0962   0.963  0.000  0.000
   50 H   0.0384  0.0949   0.962  0.000  0.000
   51 H   0.0378  0.0942   0.962  0.000  0.000
   52 H   0.0386  0.0951   0.961  0.000  0.000
   53 H   0.0386  0.0984   0.961  0.000  0.000
   54 H   0.0376  0.0965   0.962  0.000  0.000
   55 H   0.0386  0.0951   0.961  0.000  0.000
   56 H   0.0378  0.0942   0.962  0.000  0.000
   57 H   0.0386  0.0951   0.961  0.000  0.000
   58 H   0.0385  0.0983   0.961  0.000  0.000
   59 H   0.0413  0.1001   0.959  0.000  0.000
   60 H   0.0422  0.1034   0.958  0.000  0.000
   61 H   0.0357  0.0901   0.964  0.000  0.000
   62 H   0.0393  0.0971   0.961  0.000  0.000
   63 H   0.0369  0.0928   0.963  0.000  0.000
   64 H   0.0397  0.0950   0.960  0.000  0.000
   65 H   0.0410  0.0975   0.959  0.000  0.000
   66 H   0.0375  0.0916   0.962  0.000  0.000
 Hirshfeld charges for QMDFF written to <charges>
 
 Loewdin charges    n(s)   n(p)   n(d)
    1 C  -0.0970   1.030  3.067  0.000
    2 C   0.0778   1.236  2.687  0.000
    3 C  -0.0893   1.025  3.065  0.000
    4 O  -0.1402   1.488  4.652  0.000
    5 B   0.0051   1.131  1.864  0.000
    6 C  -0.0289   1.165  2.863  0.000
    7 C  -0.0178   1.088  2.930  0.000
    8 C  -0.0264   1.089  2.937  0.000
    9 C   0.0131   1.128  2.859  0.000
   10 C  -0.0093   1.138  2.871  0.000
   11 C  -0.0096   1.140  2.869  0.000
   12 C   0.0067   1.125  2.868  0.000
   13 C  -0.0337   1.090  2.944  0.000
   14 C  -0.0254   1.081  2.944  0.000
   15 C  -0.0293   1.081  2.948  0.000
   16 C  -0.0267   1.081  2.945  0.000
   17 C  -0.0354   1.089  2.947  0.000
   18 C   0.0079   1.125  2.867  0.000
   19 C  -0.0348   1.089  2.946  0.000
   20 C  -0.0266   1.081  2.945  0.000
   21 C  -0.0299   1.081  2.948  0.000
   22 C  -0.0264   1.082  2.945  0.000
   23 C  -0.0339   1.089  2.944  0.000
   24 C   0.0070   1.125  2.868  0.000
   25 C  -0.0348   1.089  2.946  0.000
   26 C  -0.0263   1.081  2.945  0.000
   27 C  -0.0298   1.081  2.948  0.000
   28 C  -0.0267   1.082  2.945  0.000
   29 C  -0.0342   1.089  2.945  0.000
   30 C  -0.0274   1.088  2.939  0.000
   31 C  -0.0179   1.088  2.930  0.000
   32 O  -0.1406   1.488  4.652  0.000
   33 C   0.0777   1.236  2.687  0.000
   34 C  -0.0970   1.030  3.067  0.000
   35 C  -0.0893   1.025  3.065  0.000
   36 H   0.0366   0.963  0.000  0.000
   37 H   0.0363   0.964  0.000  0.000
   38 H   0.0386   0.961  0.000  0.000
   39 H   0.0391   0.961  0.000  0.000
   40 H   0.0378   0.962  0.000  0.000
   41 H   0.0403   0.960  0.000  0.000
   42 H   0.0335   0.966  0.000  0.000
   43 H   0.0343   0.966  0.000  0.000
   44 H   0.0309   0.969  0.000  0.000
   45 H   0.0314   0.969  0.000  0.000
   46 H   0.0305   0.970  0.000  0.000
   47 H   0.0307   0.969  0.000  0.000
   48 H   0.0293   0.971  0.000  0.000
   49 H   0.0294   0.971  0.000  0.000
   50 H   0.0308   0.969  0.000  0.000
   51 H   0.0304   0.970  0.000  0.000
   52 H   0.0310   0.969  0.000  0.000
   53 H   0.0306   0.969  0.000  0.000
   54 H   0.0297   0.970  0.000  0.000
   55 H   0.0310   0.969  0.000  0.000
   56 H   0.0304   0.970  0.000  0.000
   57 H   0.0310   0.969  0.000  0.000
   58 H   0.0305   0.969  0.000  0.000
   59 H   0.0331   0.967  0.000  0.000
   60 H   0.0334   0.967  0.000  0.000
   61 H   0.0363   0.964  0.000  0.000
   62 H   0.0386   0.961  0.000  0.000
   63 H   0.0365   0.963  0.000  0.000
   64 H   0.0391   0.961  0.000  0.000
   65 H   0.0402   0.960  0.000  0.000
   66 H   0.0378   0.962  0.000  0.000
 
 Wiberg/Mayer (AO) data. WBOs > 0.1 written file <wbo>
 largest (>0.05) Wiberg bond orders for each atom
           total WBO             WBO to atom ...
     1  C   3.982    H   37 0.979    H   38 0.977    H   36 0.977    C    2 0.967
     2  C   3.867    C    3 0.972    C    1 0.967    O    4 0.961    C   33 0.871
     3  C   3.983    H   40 0.979    H   41 0.977    H   39 0.976    C    2 0.972
     4  O   2.330    B    5 1.150    C    2 0.961    O   32 0.075
     5  B   3.372    O    4 1.150    O   32 1.150    C    6 0.934
     6  C   3.928    C   31 1.384    C    7 1.381    B    5 0.934    C    9 0.102
     7  C   3.970    C    8 1.452    C    6 1.381    H   42 0.946    C   30 0.101
     8  C   3.967    C    7 1.452    C    9 1.359    H   43 0.942    C   31 0.101
     9  C   3.954    C   30 1.362    C    8 1.359    C   10 1.000    C    6 0.102
    10  C   3.945    C   11 1.682    C    9 1.000    C   24 0.998
    11  C   3.944    C   10 1.682    C   12 1.000    C   18 0.998
    12  C   3.955    C   17 1.369    C   13 1.366    C   11 1.000    C   15 0.106
    13  C   3.968    C   14 1.445    C   12 1.366    H   44 0.946    C   16 0.107
    14  C   3.973    C   13 1.445    C   15 1.423    H   45 0.946    C   17 0.107
    15  C   3.969    C   16 1.425    C   14 1.423    H   46 0.947    C   12 0.106
    16  C   3.973    C   17 1.443    C   15 1.425    H   47 0.946    C   13 0.107
    17  C   3.965    C   16 1.443    C   12 1.369    H   48 0.947    C   14 0.107
    18  C   3.955    C   19 1.370    C   23 1.367    C   11 0.998    C   21 0.106
    19  C   3.965    C   20 1.443    C   18 1.370    H   49 0.947    C   22 0.107
    20  C   3.973    C   19 1.443    C   21 1.426    H   50 0.946    C   23 0.107
    21  C   3.970    C   20 1.426    C   22 1.423    H   51 0.947    C   18 0.106
    22  C   3.973    C   23 1.445    C   21 1.423    H   52 0.946    C   19 0.107
    23  C   3.968    C   22 1.445    C   18 1.367    H   53 0.946    C   20 0.107
    24  C   3.954    C   25 1.370    C   29 1.367    C   10 0.998    C   27 0.106
    25  C   3.965    C   26 1.443    C   24 1.370    H   54 0.947    C   28 0.107
    26  C   3.973    C   25 1.443    C   27 1.426    H   55 0.946    C   29 0.107
    27  C   3.970    C   26 1.426    C   28 1.423    H   56 0.947    C   24 0.106
    28  C   3.973    C   29 1.445    C   27 1.423    H   57 0.946    C   25 0.107
    29  C   3.969    C   28 1.445    C   24 1.367    H   58 0.946    C   26 0.107
    30  C   3.963    C   31 1.450    C    9 1.362    H   59 0.943    C    7 0.101
    31  C   3.970    C   30 1.450    C    6 1.384    H   60 0.946    C    8 0.101
    32  O   2.330    B    5 1.150    C   33 0.961    O    4 0.075
    33  C   3.867    C   35 0.972    C   34 0.967    O   32 0.961    C    2 0.871
    34  C   3.982    H   61 0.979    H   62 0.977    H   63 0.977    C   33 0.967
    35  C   3.983    H   66 0.979    H   65 0.977    H   64 0.976    C   33 0.972
    36  H   0.998    C    1 0.977
    37  H   0.998    C    1 0.979
    38  H   0.998    C    1 0.977
    39  H   0.998    C    3 0.976
    40  H   0.998    C    3 0.979
    41  H   0.998    C    3 0.977
    42  H   0.996    C    7 0.946
    43  H   0.997    C    8 0.942
    44  H   0.998    C   13 0.946
    45  H   0.997    C   14 0.946
    46  H   0.996    C   15 0.947
    47  H   0.997    C   16 0.946
    48  H   0.999    C   17 0.947
    49  H   0.999    C   19 0.947
    50  H   0.997    C   20 0.946
    51  H   0.996    C   21 0.947
    52  H   0.997    C   22 0.946
    53  H   0.998    C   23 0.946
    54  H   0.999    C   25 0.947
    55  H   0.997    C   26 0.946
    56  H   0.996    C   27 0.947
    57  H   0.997    C   28 0.946
    58  H   0.998    C   29 0.946
    59  H   0.997    C   30 0.943
    60  H   0.996    C   31 0.946
    61  H   0.998    C   34 0.979
    62  H   0.998    C   34 0.977
    63  H   0.998    C   34 0.977
    64  H   0.998    C   35 0.976
    65  H   0.998    C   35 0.977
    66  H   0.998    C   35 0.979
 
 --------------------------------------------
          xTB calculation for sTDA...
 --------------------------------------------
 
 reading parameter file /home/penavora/Exe_xtb_crest/.param_stda2.xtb
 
      method parameters     
 k(s)        :  1.6000
 k(p)        :  2.1800
 k(d)        :  1.9500
 k(f)        :  2.0000
 k(R-V)      :  2.2750
 k(R-R)      :  1.7650
 Tscal       :  0.2580
 Gscal       :  1.0000
 fpol        :  1.0000
 Zcnf        :  0.3430
 Zqf         :  0.0000
 kcn         :  2.7000
 Ryd Hsplit  :  0.7000
 lshift(virt):  3.1000
 lshift(OS)  :  0.2000
 wllscaling  :  2.6000
 
 mowrcut     : 3.000
 
  Z AO/shell   Hii/eV     exponent
  1     Sun Feb 14 09:53:25 CET 2016    EN: 2.327 GAM: 0.473  GM3: 0.0000
     1s    -14.339618    1.220000
     2sp    -3.348946    0.600000
  5     Sun Feb 21 12:17:47 CET 2016    EN: 3.405 GAM: 0.339  GM3: 0.0000
     2s    -11.906683    1.287851
     2p    -10.782319    1.444987
     3sp    -5.346133    0.718700
  6     Sun Feb 14 09:53:25 CET 2016    EN: 2.731 GAM: 0.422  GM3: 0.0000
     2s    -22.009312    1.565095
     2p    -13.020408    1.596905
     3sp    -3.914040    0.824500
  8     Sun Feb 14 09:53:25 CET 2016    EN: 3.700 GAM: 0.587  GM3: 0.0000
     2s    -33.859000    2.418661
     2p    -22.175911    1.973969
     3sp    -4.259392    1.013700
 
 Nbf   :          435
 T(el) :     0.0
 calculating S/T integrals ...
 cpu time for ints    6.79262100000000     
 Nao   :          435
 making H0...
 making H1...
 cpu time for H      5.053000000000196E-003
 solving ...
 cpu time for diag   0.478502000000001     
 
 gap (eV)           :   7.211
 Koopmans IP (eV)   :  14.577
 Eel (Eh)           :  -149.421591

          eigenvalues
 #    :          75         76         77         78         79         80         81         82
 occ. :        2.000      2.000      2.000      2.000      2.000      2.000      2.000      2.000
 eps  :       -18.355    -18.138    -17.805    -17.318    -17.296    -16.452    -16.249    -16.238
 #    :          83         84         85         86         87         88         89         90
 occ. :        2.000      2.000      2.000      2.000      2.000      0.000      0.000      0.000
 eps  :       -16.104    -16.083    -16.052    -15.977    -14.579     -7.367     -6.258     -5.888
 #    :          91         92         93         94         95         96         97         98
 occ. :        0.000      0.000      0.000      0.000      0.000      0.000      0.000      0.000
 eps  :        -5.823     -5.707     -5.686     -5.577     -5.446     -5.278     -5.110     -4.740
                            1  SCC done.
 writing mo output ...
 molden style : F
 
speedup 22.64
cpu  time for all   11.70 s
wall time for all    0.52 s
