 
        ______________________________________
       |                                      |
       |          ===================         |
       |             xTB for sTDA             |
       |          ===================         |
       |               S. Grimme              |
       |        Universitaet Bonn, MCTC       |
       |         2015-19, Version 1.0         |
       |     Wed Apr  3 09:14:55 CEST 2019    |
       |______________________________________|
 
        This code comes without any warranty
        for non-commercial, academia use only.
        Preliminary test version.
        Cite this work as:
        S. Grimme  &  C. Bannwarth, JCP 145 (2016) 054103
        if GBSA is used additionally:
        P. Shushkov, F. März, C. Bannwarth, S. Grimme, unpublished.
 
        with help from
        P. Shushkov, G. Brandenburg, S. Dohm, J. Pisarek,
        F. März, M. Checinski, S. Ehrlich, S. Spicher, 
        P. Pracht, E. Caldeweyher, S. Ehlert, and C. Bannwarth.
 
        usage        :
        xtb4stda <coord_file> [options]
        where <coord_file> is a valid file of TM)
        (*coord, Bohr) or xmol (*xyz, Angstroem)
        format.

        options:
        -chrg <int>   : molecular charge
        -uhf  <int>   : # of unpaired electrons(=2*S)
        -nox          : skip second, extended part in sTDA-xTB
        -pop          : do population analysis
                      : (default for -nox)
        -mowr <real>  : cut MO write above (def.3 Eh)
        -molden       : write formatted molden file
        -parx <file>  : read parameters for sTDA-xTB
                        calc (def:~/.param_stda2.xtb)
        -parv <file>  : read parameters for vTB part in
                        sTDA-xTB (def: ~/.param_stda1.xtb)
        -xtemp <real> : el. temp for xTB (def. 0 K)
        -etemp <real> : el. temp for GFN (def. 300 K)
        -fod          : calculate the FOD and write
                        molden.input file with
                        appropriate occupations
                        for plotting. Def. T=12500 K
 
        -acc <real>   : xTB accuracy (def. 1.0)
        -gbsa [string1] [string2]
                        use GBSA implicit solvent
                        for solvent [string1] and
                        solvation state [string2]=
                        reference, bar1M (default=1M)
        additional GFN/opt/MD/siman options read from
        $XTB4STDAHOME/.xtb4stdarc or $set in input
 
       spin and charge state information can be on:
       <.CHRG> (charge) and <.UHF> (=nalpha-nbeta)
       -uhf and -chrg override the file info.
       useful machine settings:
       setenv MKL_NUM_THREADS <NCORE_ON_YOUR_MACHINE>
       setenv OMP_STACKSIZE 500m
       limit stacksize unlimited
 
       total energies in Eh, gaps/HL energies in eV
       please read REVISION and HOWTO files carefully
 =============================
  # OMP threads =          48
 =============================
 
 xtb4stdahome directory:/home/penavora/Exe_xtb_crest/
 
 argument            1 :--gbsa
 argument            2 :toluene
 
 name of molecule           :
 comment line               :
 number of atoms            :    80
 number of electrons        :   230
 charge                     :  0
 spin                       : 0.0
 first test random number   :  0.3910
 
 -----------------------------------------
      charge density (VTB) calculation
 -----------------------------------------
 
      method parameters     
 k(s)        :  1.8000
 k(p)        :  2.8350
 k(d)        :  2.0860
 k(f)        :  2.0000
 Tscal       :  0.3300
 Gscal       :  0.3910
 fpol        :  1.0000
 Zcnf        :  0.6500
 Zqf         :  0.0000
 kcn         :  0.3000
 kEN1        : -0.5900
 wllscal     :  2.6000
 
 Solvent             : toluene
 GBSA parameter file : /home/penavora/Exe_xtb_crest/.param_gbsa_toluene
 Gsolv ref. state (COSMO-RS): gsolv [1 M gas/solution]
 temperature (mdtemp)       :    298.150000000000     
 dielectric constant        :    7.00000000000000     
 rho                        :   0.867000000000000     
 mass                       :    92.1400000000000     
 surface tension            :    15.5689470637553     
 probe radius               :   0.641644990000000     
 vdW radii scaling          :    1.00000000000000     
 Gshift (Eh)                :   4.228772547061559E-003
 c1                         :    1.59772343000000     
 soset                      :   0.281999450000000     
 HB correction              :  F
 
 doing EN charges ...
 sum q : -0.1665335D-14
 point charge moment (au)
     X       Y       Z   
   0.0003   0.2394  -0.3510  total (Debye):    1.080
 
            Z      q(EN)   CN      Cart. coordinates
     1  O   6.0  -0.100   1.066     4.72258     0.73651     7.43853
     2  C   4.0   0.095   3.158     4.61185    -0.11538     5.28618
     3  C   4.0  -0.003   3.210     2.24453    -1.31703     4.35531
     4  C   4.0  -0.073   3.180     2.28582    -3.50488     2.88793
     5  C   4.0  -0.072   3.184     0.04786    -4.62731     2.15389
     6  C   4.0  -0.003   3.210    -2.26839    -3.56657     2.82134
     7  C   4.0   0.095   3.158    -4.63915    -4.86957     2.04920
     8  O   6.0  -0.100   1.066    -4.76088    -7.18346     2.05853
     9  C   4.0  -0.003   3.205    -6.79123    -3.28538     1.30553
    10  C   4.0  -0.072   3.187    -9.23169    -4.29435     1.45538
    11  C   4.0  -0.068   3.187   -11.30837    -2.89865     0.76625
    12  C   4.0   0.096   3.267   -11.02141    -0.43064    -0.15575
    13  N   5.0  -0.312   3.244   -13.09995     0.98393    -0.86069
    14  C   4.0   0.084   3.278   -15.30468    -0.19613    -1.76594
    15  C   4.0  -0.069   3.190   -17.67269     0.66453    -1.00124
    16  C   4.0  -0.072   3.145   -19.83919    -0.47263    -1.91584
    17  C   4.0  -0.074   3.143   -19.67557    -2.48195    -3.58666
    18  C   4.0  -0.072   3.145   -17.32351    -3.34269    -4.35107
    19  C   4.0  -0.069   3.189   -15.14683    -2.20655    -3.46002
    20  C   4.0   0.084   3.277   -13.07228     3.63622    -0.68067
    21  C   4.0  -0.069   3.190   -14.15981     5.10052    -2.58040
    22  C   4.0  -0.072   3.145   -14.16703     7.70535    -2.38642
    23  C   4.0  -0.074   3.143   -13.08352     8.88227    -0.31361
    24  C   4.0  -0.072   3.145   -12.00087     7.43255     1.57926
    25  C   4.0  -0.069   3.189   -11.99890     4.82611     1.40969
    26  C   4.0  -0.069   3.190    -8.57312     0.56197    -0.36090
    27  C   4.0  -0.072   3.181    -6.50305    -0.83258     0.36239
    28  C   4.0  -0.072   3.180    -2.31018    -1.40255     4.32358
    29  C   4.0  -0.072   3.184    -0.07226    -0.30942     5.10026
    30  C   4.0  -0.003   3.204     6.77313    -0.00903     3.55055
    31  C   4.0  -0.072   3.181     6.50603    -0.07993     0.92125
    32  C   4.0  -0.069   3.190     8.58690     0.06767    -0.62830
    33  C   4.0   0.096   3.267    11.02554     0.28217     0.38545
    34  N   5.0  -0.312   3.244    13.11665     0.40435    -1.17392
    35  C   4.0   0.084   3.278    15.29328     1.73700    -0.42531
    36  C   4.0  -0.069   3.189    15.08475     4.08465     0.75000
    37  C   4.0  -0.072   3.145    17.23341     5.39378     1.45153
    38  C   4.0  -0.074   3.143    19.60704     4.39424     0.97825
    39  C   4.0  -0.072   3.145    19.82087     2.06504    -0.19850
    40  C   4.0  -0.069   3.190    17.68268     0.73530    -0.89384
    41  C   4.0   0.084   3.277    13.12210    -0.79261    -3.54695
    42  C   4.0  -0.069   3.189    12.06432    -3.18703    -3.84077
    43  C   4.0  -0.072   3.145    12.09482    -4.35619    -6.17617
    44  C   4.0  -0.074   3.143    13.19359    -3.17139    -8.23672
    45  C   4.0  -0.072   3.145    14.26158    -0.79828    -7.94788
    46  C   4.0  -0.069   3.190    14.22555     0.39302    -5.62360
    47  C   4.0  -0.068   3.187    11.29104     0.38859     3.01999
    48  C   4.0  -0.072   3.187     9.20400     0.26491     4.55753
    49  H   1.0   0.075   1.006     4.06881    -4.35320     2.37452
    50  H   1.0   0.075   1.005     0.05716    -6.34087     1.04394
    51  H   1.0   0.075   1.005    -9.44987    -6.19189     2.17683
    52  H   1.0   0.076   1.006   -13.17862    -3.69277     0.94978
    53  H   1.0   0.076   1.006   -17.79993     2.22263     0.31145
    54  H   1.0   0.074   1.004   -21.66531     0.20613    -1.30726
    55  H   1.0   0.074   1.004   -21.37122    -3.37034    -4.29212
    56  H   1.0   0.074   1.004   -17.17965    -4.89866    -5.66426
    57  H   1.0   0.076   1.006   -13.31434    -2.86363    -4.07482
    58  H   1.0   0.076   1.006   -14.99512     4.18415    -4.20186
    59  H   1.0   0.074   1.004   -15.01193     8.82214    -3.87126
    60  H   1.0   0.074   1.004   -13.08738    10.91739    -0.17141
    61  H   1.0   0.074   1.004   -11.16652     8.33448     3.20936
    62  H   1.0   0.076   1.006   -11.17763     3.69684     2.89883
    63  H   1.0   0.076   1.006    -8.31734     2.43600    -1.12625
    64  H   1.0   0.076   1.006    -4.63486    -0.04591     0.13222
    65  H   1.0   0.075   1.006    -4.09449    -0.61630     4.92484
    66  H   1.0   0.075   1.005    -0.08084     1.34969     6.29021
    67  H   1.0   0.076   1.006     4.64547    -0.18184     0.09083
    68  H   1.0   0.076   1.006     8.34585     0.04821    -2.65426
    69  H   1.0   0.076   1.006    13.23485     4.87410     1.10000
    70  H   1.0   0.074   1.004    17.05062     7.21352     2.35785
    71  H   1.0   0.074   1.004    21.28060     5.42628     1.52244
    72  H   1.0   0.074   1.004    21.66430     1.27043    -0.56745
    73  H   1.0   0.076   1.006    17.84929    -1.08455    -1.80315
    74  H   1.0   0.076   1.006    11.23133    -4.12316    -2.22911
    75  H   1.0   0.074   1.004    11.27176    -6.21266    -6.38223
    76  H   1.0   0.074   1.004    13.21953    -4.09433   -10.05593
    77  H   1.0   0.074   1.004    15.11897     0.13961    -9.54515
    78  H   1.0   0.076   1.006    15.04883     2.24756    -5.40191
    79  H   1.0   0.076   1.006    13.15322     0.54773     3.83781
    80  H   1.0   0.075   1.005     9.40695     0.33099     6.58807
 
  Z AO/shell   Hii/eV     exponent
  1     Sat Feb 20 21:38:01 CET 2016    EN: 2.327 GAM: 0.473  GM3: 0.0000
     1s    -13.751157    1.051071
  6     Sat Feb 20 21:38:01 CET 2016    EN: 2.731 GAM: 0.422  GM3: 0.0000
     2s    -19.378245    2.021003
     2p    -11.993376    1.497917
  7     Sat Feb 20 21:38:01 CET 2016    EN: 3.573 GAM: 0.504  GM3: 0.0000
     2s    -21.576984    2.275442
     2p    -16.125120    2.056788
  8     Sat Feb 20 21:38:01 CET 2016    EN: 3.700 GAM: 0.587  GM3: 0.0000
     2s    -21.648843    2.110798
     2p    -17.239740    2.329048
 
 dipole moment of classical point charges (au)
     X       Y       Z   
   0.0003   0.2394  -0.3510  total (Debye):    1.080

 
 Nbf   :          224
 T(el) :   300.0
 calculating S/T integrals ...
 cpu time for ints    1.71569400000000     
 Nao   :          224
 making H0...
 making H1...
 cpu time for H      0.306125000000000     
 solving ...
 cpu time for diag   0.680993000000000     
 
 gap (eV)           :   3.601
 Koopmans IP (eV)   :  12.938
 Eel (Eh)           :  -179.620361
 T,E(Fermi),NFOD :    300.000   -11.137  0.000000
 T,E(Fermi),NFOD :    300.000   -11.137  0.000000
 Nfod               :  0.0000
 Nfod/Nel           :  0.0000

          eigenvalues
 #    :         103        104        105        106        107        108        109        110
 occ. :        2.000      2.000      2.000      2.000      2.000      2.000      2.000      2.000
 eps  :       -15.549    -15.529    -15.494    -15.462    -15.438    -15.433    -15.416    -15.276
 #    :         111        112        113        114        115        116        117        118
 occ. :        2.000      2.000      2.000      2.000      2.000      0.000      0.000      0.000
 eps  :       -15.272    -15.252    -15.206    -12.968    -12.939     -9.338     -8.185     -6.084
 #    :         119        120        121        122        123        124        125        126
 occ. :        0.000      0.000      0.000      0.000      0.000      0.000      0.000      0.000
 eps  :        -5.951     -5.634     -5.546     -5.534     -5.348     -5.339     -5.301     -5.148
                            1  SCC done.
 making H1...
 cpu time for H      0.850742000000000     
 solving ...
 cpu time for diag   0.355504000000000     
 
 gap (eV)           :   3.482
 Koopmans IP (eV)   :  12.896
 Eel (Eh)           :  -179.622100
 T,E(Fermi),NFOD :    300.000   -11.154  0.000000
 T,E(Fermi),NFOD :    300.000   -11.154  0.000000
 Nfod               :  0.0000
 Nfod/Nel           :  0.0000

          eigenvalues
 #    :         103        104        105        106        107        108        109        110
 occ. :        2.000      2.000      2.000      2.000      2.000      2.000      2.000      2.000
 eps  :       -15.532    -15.414    -15.413    -15.377    -15.367    -15.275    -15.274    -15.238
 #    :         111        112        113        114        115        116        117        118
 occ. :        2.000      2.000      2.000      2.000      2.000      0.000      0.000      0.000
 eps  :       -15.233    -14.816    -14.604    -12.913    -12.897     -9.414     -8.328     -6.231
 #    :         119        120        121        122        123        124        125        126
 occ. :        0.000      0.000      0.000      0.000      0.000      0.000      0.000      0.000
 eps  :        -6.066     -5.841     -5.600     -5.563     -5.522     -5.347     -5.343     -5.141
                            2  SCC done.
 
 
 Mulliken/CM5 charges    n(s)   n(p)   n(d)   
    1 O  -0.3203 -0.3675   1.631  4.690  0.000
    2 C   0.1507  0.1821   1.187  2.662  0.000
    3 C  -0.0101 -0.0165   1.181  2.829  0.000
    4 C  -0.0223 -0.0761   1.145  2.877  0.000
    5 C  -0.0223 -0.0746   1.142  2.880  0.000
    6 C  -0.0102 -0.0165   1.181  2.829  0.000
    7 C   0.1512  0.1826   1.187  2.662  0.000
    8 O  -0.3195 -0.3667   1.631  4.689  0.000
    9 C  -0.0337 -0.0397   1.170  2.864  0.000
   10 C  -0.0288 -0.0808   1.144  2.885  0.000
   11 C  -0.0329 -0.0814   1.133  2.900  0.000
   12 C   0.0718  0.1302   1.181  2.748  0.000
   13 N  -0.1162 -0.3617   1.225  3.891  0.000
   14 C   0.0520  0.1056   1.177  2.771  0.000
   15 C  -0.0376 -0.0862   1.136  2.901  0.000
   16 C  -0.0316 -0.0877   1.136  2.895  0.000
   17 C  -0.0412 -0.0976   1.134  2.907  0.000
   18 C  -0.0328 -0.0890   1.136  2.897  0.000
   19 C  -0.0402 -0.0892   1.137  2.903  0.000
   20 C   0.0507  0.1045   1.177  2.772  0.000
   21 C  -0.0377 -0.0863   1.136  2.902  0.000
   22 C  -0.0315 -0.0876   1.136  2.895  0.000
   23 C  -0.0408 -0.0972   1.134  2.907  0.000
   24 C  -0.0316 -0.0878   1.136  2.895  0.000
   25 C  -0.0399 -0.0889   1.137  2.903  0.000
   26 C  -0.0299 -0.0786   1.133  2.896  0.000
   27 C  -0.0263 -0.0798   1.146  2.880  0.000
   28 C  -0.0224 -0.0760   1.145  2.878  0.000
   29 C  -0.0224 -0.0747   1.143  2.880  0.000
   30 C  -0.0335 -0.0395   1.170  2.864  0.000
   31 C  -0.0263 -0.0798   1.146  2.880  0.000
   32 C  -0.0297 -0.0784   1.134  2.896  0.000
   33 C   0.0719  0.1303   1.181  2.747  0.000
   34 N  -0.1162 -0.3617   1.225  3.891  0.000
   35 C   0.0519  0.1056   1.177  2.771  0.000
   36 C  -0.0401 -0.0891   1.137  2.903  0.000
   37 C  -0.0327 -0.0889   1.136  2.896  0.000
   38 C  -0.0411 -0.0975   1.134  2.907  0.000
   39 C  -0.0315 -0.0877   1.136  2.895  0.000
   40 C  -0.0374 -0.0860   1.136  2.901  0.000
   41 C   0.0507  0.1046   1.177  2.772  0.000
   42 C  -0.0401 -0.0891   1.137  2.903  0.000
   43 C  -0.0317 -0.0878   1.136  2.896  0.000
   44 C  -0.0410 -0.0974   1.134  2.907  0.000
   45 C  -0.0316 -0.0877   1.136  2.895  0.000
   46 C  -0.0380 -0.0866   1.136  2.902  0.000
   47 C  -0.0326 -0.0811   1.133  2.900  0.000
   48 C  -0.0287 -0.0807   1.144  2.885  0.000
   49 H   0.0505  0.1096   0.950  0.000  0.000
   50 H   0.0429  0.1030   0.957  0.000  0.000
   51 H   0.0413  0.1023   0.959  0.000  0.000
   52 H   0.0430  0.1051   0.957  0.000  0.000
   53 H   0.0379  0.0993   0.962  0.000  0.000
   54 H   0.0434  0.1000   0.957  0.000  0.000
   55 H   0.0401  0.0966   0.960  0.000  0.000
   56 H   0.0432  0.0998   0.957  0.000  0.000
   57 H   0.0375  0.0989   0.962  0.000  0.000
   58 H   0.0373  0.0988   0.963  0.000  0.000
   59 H   0.0431  0.0997   0.957  0.000  0.000
   60 H   0.0399  0.0964   0.960  0.000  0.000
   61 H   0.0437  0.1003   0.956  0.000  0.000
   62 H   0.0383  0.0997   0.962  0.000  0.000
   63 H   0.0463  0.1084   0.954  0.000  0.000
   64 H   0.0532  0.1130   0.947  0.000  0.000
   65 H   0.0502  0.1094   0.950  0.000  0.000
   66 H   0.0428  0.1029   0.957  0.000  0.000
   67 H   0.0534  0.1132   0.947  0.000  0.000
   68 H   0.0464  0.1085   0.954  0.000  0.000
   69 H   0.0375  0.0988   0.962  0.000  0.000
   70 H   0.0433  0.0998   0.957  0.000  0.000
   71 H   0.0401  0.0966   0.960  0.000  0.000
   72 H   0.0435  0.1000   0.957  0.000  0.000
   73 H   0.0379  0.0993   0.962  0.000  0.000
   74 H   0.0383  0.0997   0.962  0.000  0.000
   75 H   0.0437  0.1002   0.956  0.000  0.000
   76 H   0.0399  0.0964   0.960  0.000  0.000
   77 H   0.0431  0.0997   0.957  0.000  0.000
   78 H   0.0373  0.0989   0.963  0.000  0.000
   79 H   0.0429  0.1050   0.957  0.000  0.000
   80 H   0.0413  0.1023   0.959  0.000  0.000
 Hirshfeld charges for QMDFF written to <charges>
 
 Loewdin charges    n(s)   n(p)   n(d)
    1 O  -0.3030   1.600  4.703  0.000
    2 C   0.1445   1.151  2.705  0.000
    3 C  -0.0087   1.139  2.870  0.000
    4 C  -0.0157   1.091  2.925  0.000
    5 C  -0.0163   1.089  2.928  0.000
    6 C  -0.0087   1.139  2.870  0.000
    7 C   0.1450   1.151  2.704  0.000
    8 O  -0.3023   1.600  4.702  0.000
    9 C  -0.0359   1.129  2.907  0.000
   10 C  -0.0204   1.089  2.931  0.000
   11 C  -0.0322   1.081  2.951  0.000
   12 C   0.0709   1.143  2.786  0.000
   13 N  -0.0776   1.184  3.893  0.000
   14 C   0.0504   1.140  2.809  0.000
   15 C  -0.0357   1.084  2.952  0.000
   16 C  -0.0226   1.081  2.942  0.000
   17 C  -0.0350   1.080  2.955  0.000
   18 C  -0.0239   1.081  2.943  0.000
   19 C  -0.0380   1.085  2.953  0.000
   20 C   0.0493   1.140  2.811  0.000
   21 C  -0.0359   1.084  2.952  0.000
   22 C  -0.0226   1.081  2.942  0.000
   23 C  -0.0346   1.079  2.955  0.000
   24 C  -0.0227   1.081  2.942  0.000
   25 C  -0.0377   1.085  2.953  0.000
   26 C  -0.0292   1.082  2.948  0.000
   27 C  -0.0172   1.091  2.926  0.000
   28 C  -0.0157   1.091  2.925  0.000
   29 C  -0.0164   1.089  2.928  0.000
   30 C  -0.0357   1.129  2.907  0.000
   31 C  -0.0172   1.091  2.926  0.000
   32 C  -0.0289   1.082  2.947  0.000
   33 C   0.0711   1.143  2.786  0.000
   34 N  -0.0776   1.184  3.893  0.000
   35 C   0.0504   1.140  2.810  0.000
   36 C  -0.0380   1.085  2.953  0.000
   37 C  -0.0238   1.081  2.943  0.000
   38 C  -0.0349   1.080  2.955  0.000
   39 C  -0.0226   1.081  2.942  0.000
   40 C  -0.0355   1.084  2.951  0.000
   41 C   0.0493   1.140  2.811  0.000
   42 C  -0.0380   1.085  2.953  0.000
   43 C  -0.0228   1.081  2.942  0.000
   44 C  -0.0349   1.079  2.955  0.000
   45 C  -0.0227   1.081  2.942  0.000
   46 C  -0.0362   1.084  2.952  0.000
   47 C  -0.0319   1.081  2.951  0.000
   48 C  -0.0203   1.089  2.931  0.000
   49 H   0.0408   0.959  0.000  0.000
   50 H   0.0340   0.966  0.000  0.000
   51 H   0.0330   0.967  0.000  0.000
   52 H   0.0346   0.965  0.000  0.000
   53 H   0.0300   0.970  0.000  0.000
   54 H   0.0353   0.965  0.000  0.000
   55 H   0.0326   0.967  0.000  0.000
   56 H   0.0351   0.965  0.000  0.000
   57 H   0.0298   0.970  0.000  0.000
   58 H   0.0295   0.970  0.000  0.000
   59 H   0.0351   0.965  0.000  0.000
   60 H   0.0325   0.968  0.000  0.000
   61 H   0.0355   0.964  0.000  0.000
   62 H   0.0305   0.970  0.000  0.000
   63 H   0.0374   0.963  0.000  0.000
   64 H   0.0435   0.956  0.000  0.000
   65 H   0.0406   0.959  0.000  0.000
   66 H   0.0339   0.966  0.000  0.000
   67 H   0.0437   0.956  0.000  0.000
   68 H   0.0375   0.963  0.000  0.000
   69 H   0.0298   0.970  0.000  0.000
   70 H   0.0351   0.965  0.000  0.000
   71 H   0.0326   0.967  0.000  0.000
   72 H   0.0353   0.965  0.000  0.000
   73 H   0.0300   0.970  0.000  0.000
   74 H   0.0305   0.970  0.000  0.000
   75 H   0.0355   0.964  0.000  0.000
   76 H   0.0324   0.968  0.000  0.000
   77 H   0.0350   0.965  0.000  0.000
   78 H   0.0296   0.970  0.000  0.000
   79 H   0.0345   0.965  0.000  0.000
   80 H   0.0330   0.967  0.000  0.000
 
 Wiberg/Mayer (AO) data. WBOs > 0.1 written file <wbo>
 largest (>0.05) Wiberg bond orders for each atom
           total WBO             WBO to atom ...
     1  O   2.063    C    2 1.750    C   30 0.062    C    3 0.057
     2  C   3.890    O    1 1.750    C   30 1.029    C    3 0.968
     3  C   3.950    C   29 1.362    C    4 1.362    C    2 0.968    C    6 0.097    O    1 0.057
     4  C   3.969    C    5 1.453    C    3 1.362    H   49 0.943    C   28 0.101
     5  C   3.968    C    4 1.453    C    6 1.363    H   50 0.945    C   29 0.102
     6  C   3.950    C    5 1.363    C   28 1.362    C    7 0.968    C    3 0.097    O    8 0.057
     7  C   3.890    O    8 1.751    C    9 1.028    C    6 0.968
     8  O   2.063    C    7 1.751    C    9 0.062    C    6 0.057
     9  C   3.950    C   27 1.331    C   10 1.326    C    7 1.028    C   12 0.089    O    8 0.062
    10  C   3.968    C   11 1.488    C    9 1.326    H   51 0.945    C   26 0.090
    11  C   3.969    C   10 1.488    C   12 1.333    H   52 0.943    C   27 0.089
    12  C   3.932    C   26 1.337    C   11 1.333    N   13 1.049    C    9 0.089
    13  N   3.360    C   12 1.049    C   20 0.982    C   14 0.981
    14  C   3.932    C   15 1.378    C   19 1.376    N   13 0.981    C   17 0.107
    15  C   3.970    C   16 1.441    C   14 1.378    H   53 0.947    C   18 0.108
    16  C   3.974    C   15 1.441    C   17 1.426    H   54 0.945    C   19 0.108
    17  C   3.971    C   16 1.426    C   18 1.425    H   55 0.946    C   14 0.107
    18  C   3.973    C   19 1.441    C   17 1.425    H   56 0.945    C   15 0.108
    19  C   3.970    C   18 1.441    C   14 1.376    H   57 0.947    C   16 0.108
    20  C   3.932    C   21 1.378    C   25 1.376    N   13 0.982    C   23 0.107
    21  C   3.970    C   22 1.441    C   20 1.378    H   58 0.947    C   24 0.108
    22  C   3.974    C   21 1.441    C   23 1.426    H   59 0.945    C   25 0.108
    23  C   3.971    C   22 1.426    C   24 1.425    H   60 0.946    C   20 0.107
    24  C   3.973    C   25 1.441    C   23 1.425    H   61 0.945    C   21 0.108
    25  C   3.970    C   24 1.441    C   20 1.376    H   62 0.946    C   22 0.108
    26  C   3.969    C   27 1.483    C   12 1.337    H   63 0.943    C   10 0.090
    27  C   3.970    C   26 1.483    C    9 1.331    H   64 0.941    C   11 0.089
    28  C   3.969    C   29 1.453    C    6 1.362    H   65 0.943    C    4 0.101
    29  C   3.968    C   28 1.453    C    3 1.362    H   66 0.945    C    5 0.102
    30  C   3.950    C   31 1.331    C   48 1.325    C    2 1.029    C   33 0.089    O    1 0.062
    31  C   3.970    C   32 1.483    C   30 1.331    H   67 0.941    C   47 0.089
    32  C   3.969    C   31 1.483    C   33 1.337    H   68 0.943    C   48 0.090
    33  C   3.932    C   32 1.337    C   47 1.333    N   34 1.048    C   30 0.089
    34  N   3.360    C   33 1.048    C   41 0.983    C   35 0.981
    35  C   3.932    C   40 1.378    C   36 1.376    N   34 0.981    C   38 0.107
    36  C   3.970    C   37 1.441    C   35 1.376    H   69 0.947    C   39 0.108
    37  C   3.973    C   36 1.441    C   38 1.425    H   70 0.945    C   40 0.108
    38  C   3.971    C   39 1.426    C   37 1.425    H   71 0.946    C   35 0.107
    39  C   3.974    C   40 1.440    C   38 1.426    H   72 0.945    C   36 0.108
    40  C   3.970    C   39 1.440    C   35 1.378    H   73 0.947    C   37 0.108
    41  C   3.932    C   46 1.377    C   42 1.376    N   34 0.983    C   44 0.107
    42  C   3.970    C   43 1.441    C   41 1.376    H   74 0.946    C   45 0.108
    43  C   3.974    C   42 1.441    C   44 1.425    H   75 0.945    C   46 0.108
    44  C   3.971    C   45 1.426    C   43 1.425    H   76 0.946    C   41 0.107
    45  C   3.974    C   46 1.441    C   44 1.426    H   77 0.945    C   42 0.108
    46  C   3.970    C   45 1.441    C   41 1.377    H   78 0.947    C   43 0.108
    47  C   3.969    C   48 1.488    C   33 1.333    H   79 0.943    C   31 0.089
    48  C   3.968    C   47 1.488    C   30 1.325    H   80 0.945    C   32 0.090
    49  H   0.996    C    4 0.943
    50  H   0.996    C    5 0.945
    51  H   0.997    C   10 0.945
    52  H   0.996    C   11 0.943
    53  H   0.999    C   15 0.947
    54  H   0.997    C   16 0.945
    55  H   0.998    C   17 0.946
    56  H   0.997    C   18 0.945
    57  H   0.999    C   19 0.947
    58  H   0.999    C   21 0.947
    59  H   0.997    C   22 0.945
    60  H   0.998    C   23 0.946
    61  H   0.997    C   24 0.945
    62  H   0.999    C   25 0.946
    63  H   0.996    C   26 0.943
    64  H   0.996    C   27 0.941
    65  H   0.996    C   28 0.943
    66  H   0.996    C   29 0.945
    67  H   0.996    C   31 0.941
    68  H   0.996    C   32 0.943
    69  H   0.999    C   36 0.947
    70  H   0.997    C   37 0.945
    71  H   0.998    C   38 0.946
    72  H   0.997    C   39 0.945
    73  H   0.999    C   40 0.947
    74  H   0.999    C   42 0.946
    75  H   0.997    C   43 0.945
    76  H   0.998    C   44 0.946
    77  H   0.997    C   45 0.945
    78  H   0.999    C   46 0.947
    79  H   0.996    C   47 0.943
    80  H   0.997    C   48 0.945
 
 --------------------------------------------
          xTB calculation for sTDA...
 --------------------------------------------
 
 reading parameter file /home/penavora/Exe_xtb_crest/.param_stda2.xtb
 
      method parameters     
 k(s)        :  1.6000
 k(p)        :  2.1800
 k(d)        :  1.9500
 k(f)        :  2.0000
 k(R-V)      :  2.2750
 k(R-R)      :  1.7650
 Tscal       :  0.2580
 Gscal       :  1.0000
 fpol        :  1.0000
 Zcnf        :  0.3430
 Zqf         :  0.0000
 kcn         :  2.7000
 Ryd Hsplit  :  0.7000
 lshift(virt):  3.1000
 lshift(OS)  :  0.2000
 wllscaling  :  2.6000
 
 mowrcut     : 3.000
 
  Z AO/shell   Hii/eV     exponent
  1     Sun Feb 14 09:53:25 CET 2016    EN: 2.327 GAM: 0.473  GM3: 0.0000
     1s    -14.339618    1.220000
     2sp    -3.348946    0.600000
  6     Sun Feb 14 09:53:25 CET 2016    EN: 2.731 GAM: 0.422  GM3: 0.0000
     2s    -22.009312    1.565095
     2p    -13.020408    1.596905
     3sp    -3.914040    0.824500
  7     Sun Feb 14 09:53:25 CET 2016    EN: 3.573 GAM: 0.504  GM3: 0.0000
     2s    -25.722000    2.064844
     2p    -18.684912    1.801692
     3sp    -4.344791    0.921400
  8     Sun Feb 14 09:53:25 CET 2016    EN: 3.700 GAM: 0.587  GM3: 0.0000
     2s    -33.859000    2.418661
     2p    -22.175911    1.973969
     3sp    -4.259392    1.013700
 
 Nbf   :          544
 T(el) :     0.0
 calculating S/T integrals ...
 cpu time for ints    7.08511600000000     
 Nao   :          544
 making H0...
 making H1...
 cpu time for H      0.690723000000000     
 solving ...
 cpu time for diag    1.62791100000000     
 
 gap (eV)           :   5.897
 Koopmans IP (eV)   :  13.854
 Eel (Eh)           :  -199.571155

          eigenvalues
 #    :         103        104        105        106        107        108        109        110
 occ. :        2.000      2.000      2.000      2.000      2.000      2.000      2.000      2.000
 eps  :       -16.437    -16.406    -16.350    -16.303    -16.293    -16.279    -16.278    -16.175
 #    :         111        112        113        114        115        116        117        118
 occ. :        2.000      2.000      2.000      2.000      2.000      0.000      0.000      0.000
 eps  :       -16.172    -16.142    -16.139    -13.872    -13.855     -7.958     -7.246     -6.199
 #    :         119        120        121        122        123        124        125        126
 occ. :        0.000      0.000      0.000      0.000      0.000      0.000      0.000      0.000
 eps  :        -6.088     -5.998     -5.988     -5.952     -5.933     -5.766     -5.756     -5.716
                            1  SCC done.
 writing mo output ...
 molden style : F
 
speedup 22.72
cpu  time for all   14.99 s
wall time for all    0.66 s
