  100
 Etot=        -154.4407355790
 C         -8.0216765463        2.2362052690       -2.5067430683
 C         -6.8947899648        2.4436389568       -1.5396677833
 C         -6.8560465769        3.5486115262       -0.7000059915
 C         -5.8024917241        3.7252737946        0.1788768717
 C         -4.7580004406        2.8157791665        0.2608152378
 C         -3.6545882877        3.0166967434        1.2549686715
 C         -4.7877643776        1.7080779429       -0.5939811837
 N         -3.7595560342        0.7401101744       -0.5497944023
 C         -2.4354343683        1.1537163410       -0.7531491258
 C         -2.1807850806        2.1532299640       -1.6904665534
 C         -0.8953172382        2.5702667803       -1.9535949042
 C          0.1913976392        2.0015953286       -1.2851967290
 C          1.5327611456        2.3686135905       -1.5786398831
 C          2.5766581300        1.8293092115       -0.9059126908
 C          2.3778542956        0.8814804710        0.1394770840
 C          3.4397309945        0.3191290017        0.8778531642
 N          4.7711599761        0.7089032343        0.6924393051
 C          5.1620466070        2.0579408684        0.5740935594
 C          6.0928222264        2.3919085819       -0.4103853645
 C          6.5295238123        3.6928801421       -0.5895874498
 C          7.5452062153        4.0238879936       -1.6408619457
 C          6.0084958793        4.6799131756        0.2396827889
 C          5.0943674146        4.3546693861        1.2230587057
 C          4.6593556187        3.0502779833        1.4237570515
 C          3.6991620035        2.7509069677        2.5351566971
 C          5.7528194186       -0.2798187859        0.6520873279
 C          7.0340411354       -0.0758845654        1.1650280952
 C          8.0134350254       -1.0593321214        1.1106937460
 C          7.7636877523       -2.2996953136        0.5566161536
 C          6.4926555842       -2.5373429304        0.0442582964
 C          5.5088606299       -1.5349799320        0.0874209372
 O          4.3355636857       -1.9534465824       -0.4773412327
 C          4.5474903032       -3.2344460512       -0.8859947965
 C          3.6267127780       -4.0613018387       -1.5051028160
 C          4.0458236644       -5.3379929286       -1.8356576314
 C          5.3395522001       -5.7737428466       -1.5577050201
 C          6.2571077643       -4.9465735198       -0.9395017513
 C          5.8586698261       -3.6604386372       -0.5975811607
 C          3.1733242713       -0.6699101135        1.8275485363
 C          1.8902029655       -1.0842854768        2.0905940047
 C          0.8059720499       -0.5200898840        1.4132742450
 C         -0.5347264147       -0.8878113275        1.7069924304
 C         -1.5776026970       -0.3513656534        1.0304636111
 C         -1.3713105085        0.5953607638       -0.0135262304
 C         -0.0450276516        1.0169182327       -0.2933686309
 C          1.0492786366        0.4617283562        0.4216207898
 C         -4.1089486939       -0.6033661949       -0.6277094513
 C         -3.3334511150       -1.5454952906       -1.3049032151
 C         -3.6875098254       -2.8874767018       -1.3596907877
 C         -4.8399459596       -3.3581656170       -0.7621231312
 C         -5.6423088597       -2.4412536724       -0.0906545151
 C         -5.2712683432       -1.0883545477       -0.0202336454
 O         -6.1759126311       -0.3526985375        0.6959457163
 C         -7.1474111367       -1.2219579157        1.0853956345
 C         -8.2751590063       -0.9142974890        1.8259639785
 C         -9.1436901924       -1.9517039972        2.1157336242
 C         -8.8945420544       -3.2516848251        1.6808603182
 C         -7.7686013027       -3.5565014351        0.9408312506
 C         -6.8821492224       -2.5308839305        0.6373310185
 C         -5.8457558327        1.5393104087       -1.4810050662
 H         -8.8924342038        2.8194749414       -2.2174188319
 H         -7.7195225413        2.5478401356       -3.5074653815
 H         -8.2998969931        1.1848462748       -2.5534640159
 H         -7.6582828871        4.2720407370       -0.7269622564
 H         -5.7978309110        4.5854963487        0.8337250204
 H         -3.3702029638        2.0711712012        1.7127302996
 H         -2.7690486556        3.4334260770        0.7734825144
 H         -3.9724507046        3.7033341317        2.0361615209
 H         -3.0129282137        2.5868645086       -2.2268520936
 H         -0.7173246894        3.3330390726       -2.6978872828
 H          1.7042394179        3.0880337434       -2.3669102201
 H          3.5822026324        2.1139908138       -1.1692837823
 H          6.4706862083        1.6064804784       -1.0508685458
 H          8.5448557943        4.0239290886       -1.2044900895
 H          7.3613543228        5.0116528811       -2.0578752532
 H          7.5275822010        3.2902129648       -2.4434479234
 H          6.3256160357        5.7053892631        0.1182686439
 H          4.7117569547        5.1333208233        1.8677736004
 H          2.6810446959        2.6570999800        2.1555472325
 H          3.9567213025        1.8189847915        3.0344938900
 H          3.7147036434        3.5554285150        3.2670544633
 H          7.2621569784        0.8790913077        1.6139201640
 H          8.9879841351       -0.8438868810        1.5226620198
 H          8.5245401309       -3.0626654560        0.5192401212
 H          2.6266360405       -3.7148301968       -1.7133580747
 H          3.3534940194       -6.0111666724       -2.3187168401
 H          5.6269335589       -6.7778130970       -1.8322847404
 H          7.2585826197       -5.2863121059       -0.7241794910
 H          3.9998729307       -1.0976154864        2.3788354795
 H          1.7094884807       -1.8408285104        2.8407967135
 H         -0.7056011948       -1.6051330702        2.4974026096
 H         -2.5871957906       -0.6318677542        1.2894583836
 H         -2.4312363598       -1.2141921173       -1.7965339643
 H         -3.0447484195       -3.5704527714       -1.8949855552
 H         -5.1150834601       -4.3994845240       -0.8115033571
 H         -8.4592403144        0.0961856645        2.1552691262
 H        -10.0345061717       -1.7482948959        2.6910298677
 H         -9.5974424652       -4.0332423704        1.9285071670
 H         -7.5779123992       -4.5640680220        0.6040879480
 H         -5.8466949405        0.6773119862       -2.1352837104
  100
 Etot=        -154.4407896809
 C         -8.0200356191        2.2356804465       -2.5059312757
 C         -6.8933809805        2.4424493023       -1.5389989421
 C         -6.8545575416        3.5476824434       -0.7002434999
 C         -5.8008670520        3.7245911030        0.1780194408
 C         -4.7569762055        2.8150683095        0.2593885410
 C         -3.6528841370        3.0146516805        1.2524883378
 C         -4.7871061955        1.7070913053       -0.5943095509
 N         -3.7593569749        0.7402123561       -0.5489286078
 C         -2.4359753300        1.1539983586       -0.7515905797
 C         -2.1815143529        2.1544486465       -1.6877995526
 C         -0.8961125453        2.5716420417       -1.9506004190
 C          0.1906860413        2.0029165432       -1.2827684037
 C          1.5318731894        2.3699583224       -1.5763166870
 C          2.5761738082        1.8312099658       -0.9039744775
 C          2.3772164924        0.8824660682        0.1402949275
 C          3.4389813330        0.3194006839        0.8775663021
 N          4.7702579169        0.7086382712        0.6909965200
 C          5.1611989197        2.0560769794        0.5729578000
 C          6.0932838317        2.3901287055       -0.4100973720
 C          6.5290212246        3.6910440746       -0.5887173947
 C          7.5447782811        4.0228904224       -1.6392990079
 C          6.0076261109        4.6781594070        0.2396727244
 C          5.0928378332        4.3527752789        1.2220988061
 C          4.6578180909        3.0486890310        1.4215537088
 C          3.6969539042        2.7481475135        2.5314159557
 C          5.7515606166       -0.2795615502        0.6505040812
 C          7.0327841451       -0.0746991398        1.1624381665
 C          8.0120218229       -1.0582443521        1.1092592109
 C          7.7621295334       -2.2989149640        0.5566342442
 C          6.4911980964       -2.5370245037        0.0451453092
 C          5.5069502026       -1.5352147715        0.0877761952
 O          4.3347704788       -1.9537618410       -0.4757018781
 C          4.5464410004       -3.2337562366       -0.8836090756
 C          3.6264854593       -4.0605324650       -1.5034946796
 C          4.0460268525       -5.3364711387       -1.8349025925
 C          5.3397348975       -5.7719726750       -1.5576287556
 C          6.2566916232       -4.9452707522       -0.9386433247
 C          5.8577011690       -3.6598657956       -0.5960777268
 C          3.1731746479       -0.6693867638        1.8272186311
 C          1.8901045559       -1.0837968874        2.0900838795
 C          0.8057630621       -0.5194750040        1.4133462060
 C         -0.5348261216       -0.8876374911        1.7066187660
 C         -1.5781081519       -0.3517453649        1.0304106943
 C         -1.3716027255        0.5957246788       -0.0125098534
 C         -0.0456097355        1.0178945347       -0.2916942990
 C          1.0488314224        0.4628669406        0.4225892757
 C         -4.1084591223       -0.6028925059       -0.6265181785
 C         -3.3320607867       -1.5447502848       -1.3024187810
 C         -3.6865591581       -2.8864360143       -1.3578224288
 C         -4.8396177437       -3.3567446129       -0.7617346725
 C         -5.6418340430       -2.4400004342       -0.0905967772
 C         -5.2712463141       -1.0871185673       -0.0197862744
 O         -6.1757135160       -0.3519533752        0.6950947792
 C         -7.1462125284       -1.2205657430        1.0844711527
 C         -8.2739814438       -0.9135846025        1.8249525616
 C         -9.1421571930       -1.9509216724        2.1145980943
 C         -8.8928532170       -3.2507096656        1.6801499881
 C         -7.7670448316       -3.5552565035        0.9403943715
 C         -6.8810868007       -2.5296496636        0.6369980537
 C         -5.8453693203        1.5375686617       -1.4804492297
 H         -8.8905546121        2.8193405672       -2.2169989141
 H         -7.7183121272        2.5467707561       -3.5068138120
 H         -8.2991734867        1.1848401729       -2.5522573153
 H         -7.6568496299        4.2708416466       -0.7270654598
 H         -5.7963307304        4.5843151080        0.8333382751
 H         -3.3699445581        2.0689917662        1.7101749085
 H         -2.7671204368        3.4297022965        0.7701490965
 H         -3.9696914152        3.7021607869        2.0334051000
 H         -3.0135590376        2.5878917821       -2.2241943268
 H         -0.7177627407        3.3335239058       -2.6956998852
 H          1.7027607750        3.0889599448       -2.3650817411
 H          3.5814018287        2.1152508798       -1.1686143685
 H          6.4725012814        1.6051630095       -1.0497755563
 H          8.5443738846        4.0240080810       -1.2032263288
 H          7.3603882080        5.0102517394       -2.0567781321
 H          7.5279132999        3.2894994290       -2.4419170746
 H          6.3249660275        5.7034311347        0.1183962460
 H          4.7106154144        5.1311372389        1.8672247973
 H          2.6797323630        2.6534863326        2.1504397445
 H          3.9550731783        1.8162939863        3.0299569147
 H          3.7117751200        3.5523199321        3.2638742125
 H          7.2609295076        0.8807005546        1.6103546196
 H          8.9866416518       -0.8424188574        1.5207429505
 H          8.5230819540       -3.0617594072        0.5192750418
 H          2.6267128365       -3.7145005681       -1.7121612644
 H          3.3542473155       -6.0097936289       -2.3183286783
 H          5.6271691841       -6.7758857624       -1.8323667057
 H          7.2583914245       -5.2846299774       -0.7236780922
 H          3.9999550145       -1.0973358658        2.3775764942
 H          1.7093538040       -1.8407935386        2.8396253816
 H         -0.7050733789       -1.6058373760        2.4962084004
 H         -2.5873333216       -0.6335636525        1.2882927534
 H         -2.4299464617       -1.2133439525       -1.7937876821
 H         -3.0440724393       -3.5694084160       -1.8931770414
 H         -5.1152362015       -4.3978757666       -0.8115112653
 H         -8.4584860848        0.0962819793        2.1548976971
 H        -10.0330308417       -1.7480455610        2.6898237440
 H         -9.5957349966       -4.0321937731        1.9277852572
 H         -7.5761429692       -4.5627412269        0.6036004867
 H         -5.8467600921        0.6756410578       -2.1342528349
  100
 Etot=        -154.4408177072
 C         -8.0184151808        2.2346450325       -2.5049423139
 C         -6.8917191569        2.4410863046       -1.5384324587
 C         -6.8526217408        3.5467492623       -0.7005408956
 C         -5.7986032681        3.7240007597        0.1771826634
 C         -4.7553125625        2.8143037316        0.2576649323
 C         -3.6497062523        3.0121370630        1.2491513680
 C         -4.7861178570        1.7057505881       -0.5949324508
 N         -3.7586765828        0.7402612901       -0.5481848219
 C         -2.4363311509        1.1546518318       -0.7495982504
 C         -2.1823467740        2.1567785945       -1.6841677545
 C         -0.8971796910        2.5745568159       -1.9463717402
 C          0.1896833365        2.0054414781       -1.2792967327
 C          1.5305963956        2.3726408316       -1.5730162743
 C          2.5754367925        1.8335115989       -0.9019534020
 C          2.3763519003        0.8835429269        0.1411040193
 C          3.4379394134        0.3192390827        0.8770471854
 N          4.7689402909        0.7081918081        0.6889299485
 C          5.1597405574        2.0538355653        0.5710354236
 C          6.0939790138        2.3880969637       -0.4100325379
 C          6.5285989461        3.6890948243       -0.5877075953
 C          7.5449562418        4.0216632265       -1.6372220024
 C          6.0062230381        4.6763431691        0.2396313808
 C          5.0900283847        4.3506866096        1.2206544326
 C          4.6548376095        3.0468499753        1.4182176579
 C          3.6921082857        2.7442619052        2.5256088496
 C          5.7500184621       -0.2793813138        0.6488023966
 C          7.0314736517       -0.0729987242        1.1590169428
 C          8.0108326165       -1.0563890783        1.1068113649
 C          7.7605478387       -2.2978206899        0.5565075026
 C          6.4893892201       -2.5368511375        0.0464665974
 C          5.5043387613       -1.5357836673        0.0886588516
 O          4.3333097973       -1.9546169484       -0.4729612768
 C          4.5445134343       -3.2333589782       -0.8803742782
 C          3.6253913437       -4.0602315466       -1.5012509846
 C          4.0456799816       -5.3353193888       -1.8339030104
 C          5.3395571343       -5.7705641646       -1.5572606646
 C          6.2558891986       -4.9442514234       -0.9372735714
 C          5.8560378702       -3.6596930306       -0.5936040516
 C          3.1729968269       -0.6696990817        1.8265207454
 C          1.8899829140       -1.0839440370        2.0895712842
 C          0.8055697833       -0.5191638754        1.4135741324
 C         -0.5347920483       -0.8883024659        1.7061106344
 C         -1.5785185627       -0.3528231636        1.0303382463
 C         -1.3717936260        0.5961453739       -0.0110666877
 C         -0.0463209572        1.0194383827       -0.2893601901
 C          1.0482529486        0.4641202998        0.4238783459
 C         -4.1071570498       -0.6026513120       -0.6253967150
 C         -3.3295343048       -1.5442859003       -1.2996588744
 C         -3.6844568640       -2.8857483121       -1.3555685708
 C         -4.8384007989       -3.3554523874       -0.7610667413
 C         -5.6407463681       -2.4386588924       -0.0905357668
 C         -5.2706485643       -1.0856651330       -0.0193981010
 O         -6.1747814219       -0.3510479572        0.6941688915
 C         -7.1445520138       -1.2185346327        1.0833137074
 C         -8.2725195613       -0.9122555825        1.8237530771
 C         -9.1403762117       -1.9496325525        2.1132781588
 C         -8.8910161534       -3.2494155114        1.6791381047
 C         -7.7652343705       -3.5537206536        0.9396145387
 C         -6.8797652880       -2.5280121925        0.6363400733
 C         -5.8448727575        1.5353212877       -1.4801433644
 H         -8.8884680094        2.8192448576       -2.2165243140
 H         -7.7167026777        2.5447825475       -3.5060488339
 H         -8.2986604477        1.1842054804       -2.5505533333
 H         -7.6546934582        4.2699251609       -0.7277179766
 H         -5.7932706206        4.5839586404        0.8320481184
 H         -3.3690417349        2.0661764375        1.7071260152
 H         -2.7634070304        3.4241234090        0.7653377320
 H         -3.9638617083        3.7013200442        2.0296706467
 H         -3.0145223719        2.5908919921       -2.2195711241
 H         -0.7186824639        3.3372663422       -2.6905739503
 H          1.7005407562        3.0927470425       -2.3609956064
 H          3.5801626209        2.1182657317       -1.1670002619
 H          6.4753632270        1.6035859332       -1.0485894046
 H          8.5442255777        4.0244544548       -1.2006855846
 H          7.3595252352        5.0084926276       -2.0554240313
 H          7.5296615360        3.2880849446       -2.4396329783
 H          6.3237760167        5.7013966500        0.1185227265
 H          4.7069659056        5.1287337024        1.8655205816
 H          2.6760978553        2.6484428744        2.1423902142
 H          3.9507000160        1.8123580206        3.0234205431
 H          3.7046794028        3.5476735457        3.2589800396
 H          7.2598495956        0.8834487888        1.6044515727
 H          8.9857197903       -0.8396176076        1.5170250298
 H          8.5214086979       -3.0607432690        0.5197400144
 H          2.6255915147       -3.7148554950       -1.7099047745
 H          3.3548376652       -6.0085493315       -2.3186217004
 H          5.6276245570       -6.7737320312       -1.8337134599
 H          7.2580603388       -5.2827413623       -0.7230514493
 H          4.0000858936       -1.0975101784        2.3761689824
 H          1.7091075162       -1.8412115533        2.8386964033
 H         -0.7042653098       -1.6075126842        2.4948869018
 H         -2.5873371419       -0.6357325304        1.2875446819
 H         -2.4265526972       -1.2129349391       -1.7891144740
 H         -3.0414881813       -3.5690355100       -1.8897334025
 H         -5.1148440110       -4.3962910764       -0.8113598336
 H         -8.4578378388        0.0971683646        2.1540560730
 H        -10.0313728692       -1.7472621681        2.6883510428
 H         -9.5937543857       -4.0308578012        1.9270063490
 H         -7.5736010772       -4.5611594157        0.6031217106
 H         -5.8474691465        0.6727600042       -2.1326901936
