  114
 Etot=        -175.0026061589
 C          1.2805741493        1.7622172756        8.9799389609
 C          2.2082594820        0.8505206190        9.5112686210
 N          2.6908930070       -0.1263671808        8.7465848048
 C          2.3848307942       -0.2296914060        7.4931316424
 C          1.5214721917        0.6855043513        6.8011816127
 C          1.1825591538        0.5145995480        5.4443992068
 C          0.0539726438        1.1718129890        4.8527441369
 C         -0.2241756973        1.0617330296        3.5243646499
 C          0.5608095629        0.2742103635        2.6531303989
 Si         0.1794046333        0.0788468727        0.8347433533
 C          1.7880049987        0.2605755325       -0.1621246909
 C          2.1290230102       -0.6168051043       -1.1864822800
 C          3.3089650787       -0.4770569459       -1.8918124949
 C          4.1824360770        0.5618579012       -1.5837054275
 N          5.3809639197        0.7144502257       -2.2979480213
 C          6.6391405049        0.8377257718       -1.7452443179
 C          7.0269404756        0.7911050951       -0.4126716573
 C          8.3742725083        0.9117460663       -0.1287430941
 C          9.3197044621        1.0673064989       -1.1404456386
 C          8.9418109865        1.0933468807       -2.4698204401
 C          7.5941994507        0.9737756446       -2.7803612939
 C          6.8619416914        0.9363256964       -4.0172148388
 C          7.2317165716        1.0381072335       -5.3513152471
 C          6.2455697495        0.9790157733       -6.3181114826
 C          4.9048135942        0.8348706801       -5.9673212704
 C          4.5117642194        0.7330406312       -4.6461171224
 C          5.5001255786        0.7695117421       -3.6715026218
 C          3.8595039246        1.4468152094       -0.5582079518
 C          2.6798958583        1.2864816429        0.1413920161
 C         -1.0692592352        1.3874672887        0.2648442358
 C         -2.4108562278        1.2631578689        0.6175376270
 C         -3.3464641175        2.2052731445        0.2386302349
 C         -2.9546685142        3.3025527686       -0.5238491304
 N         -3.9007590979        4.2601384827       -0.9214713357
 C         -5.0978298837        3.9954963216       -1.5546088333
 C         -5.6229620028        2.7828849744       -1.9812947086
 C         -6.8471204349        2.7998475253       -2.6228385002
 C         -7.5352102847        3.9908322457       -2.8453074736
 C         -7.0068696623        5.2033561861       -2.4437681197
 C         -5.7785507567        5.2119790291       -1.7971375266
 C         -4.9415329342        6.2576346788       -1.2748110002
 C         -5.0688227437        7.6379949813       -1.2020160252
 C         -4.0580162535        8.3654817430       -0.6023551732
 C         -2.9392855773        7.7314103787       -0.0656485713
 C         -2.7905060611        6.3585040021       -0.1247244660
 C         -3.7914869268        5.6243643333       -0.7470691864
 C         -1.6187108007        3.4389625633       -0.8911219299
 C         -0.6946127706        2.4920188907       -0.4931801460
 C         -0.5859329664       -1.6121970991        0.4177589710
 C         -0.4968125924       -2.6864830641        1.2978622612
 C         -1.0646681213       -3.9103149430        1.0005534107
 C         -1.7382048913       -4.0885838715       -0.2050633052
 N         -2.3113221852       -5.3304037928       -0.5200001938
 C         -1.6690629572       -6.5505282987       -0.4677731328
 C         -0.3483456428       -6.8411810819       -0.1522397669
 C          0.0505960944       -8.1636121986       -0.2017726230
 C         -0.8339729025       -9.1771014496       -0.5648962685
 C         -2.1433385210       -8.8912168023       -0.9033480368
 C         -2.5678826599       -7.5703357825       -0.8603428857
 C         -3.8157639035       -6.9209103343       -1.1570794525
 C         -5.0588030027       -7.3809877460       -1.5694564098
 C         -6.0783511614       -6.4647635083       -1.7474387152
 C         -5.8733380163       -5.1078783101       -1.5062301159
 C         -4.6450333593       -4.6258979944       -1.0945788850
 C         -3.6102834882       -5.5383900453       -0.9364339753
 C         -1.8396498833       -3.0235651771       -1.0964919267
 C         -1.2745561467       -1.8045800408       -0.7781964128
 C          1.6802320840       -0.3756317929        3.2267315536
 C          1.9695686374       -0.2838393748        4.5534338034
 C          0.9647255120        1.6999728089        7.6537597967
 H          0.8821496445        2.5399416616        9.6146593570
 H          2.5769810832        0.9128302059       10.5223126050
 H          2.7457381001       -1.1188320145        6.9952121137
 H         -0.5904894691        1.7701005806        5.4794403727
 H         -1.0783666211        1.5858660187        3.1175168826
 H          1.4622668303       -1.4307618877       -1.4303076871
 H          3.5692570585       -1.1782423411       -2.6713831220
 H          6.3033793593        0.6545182850        0.3767635143
 H          8.7016194755        0.8809305520        0.9002348699
 H         10.3633010232        1.1601460872       -0.8780410036
 H          9.6774763256        1.1993716614       -3.2529182288
 H          8.2685815621        1.1646401598       -5.6244061727
 H          6.5132865457        1.0537602523       -7.3618082330
 H          4.1556917635        0.8058333819       -6.7450396391
 H          3.4694225060        0.6381931505       -4.3821629776
 H          4.5298634637        2.2618356924       -0.3267399379
 H          2.4407031899        1.9732227378        0.9406908200
 H         -2.7249605967        0.4126969352        1.2053582868
 H         -4.3792072080        2.1075424951        0.5407337917
 H         -5.0899775665        1.8570509121       -1.8268287418
 H         -7.2787493737        1.8693509304       -2.9616082472
 H         -8.4909397372        3.9626074392       -3.3476563841
 H         -7.5340376927        6.1269041776       -2.6307819167
 H         -5.9423482359        8.1295781946       -1.6033183970
 H         -4.1369298087        9.4407984794       -0.5384352105
 H         -2.1727778941        8.3254410862        0.4102170091
 H         -1.9287859300        5.8741768322        0.3090328097
 H         -1.3170642940        4.2788263493       -1.5000994570
 H          0.3382580593        2.6058202440       -0.7876389702
 H          0.0176326427       -2.5554030318        2.2384983916
 H         -1.0056015684       -4.7281258731        1.7040122503
 H          0.3480824624       -6.0608197158        0.1145616305
 H          1.0718945853       -8.4164937937        0.0430759756
 H         -0.4849541463      -10.1989438999       -0.5891386952
 H         -2.8229837474       -9.6761256276       -1.1994975887
 H         -5.2238405660       -8.4339034773       -1.7422704872
 H         -7.0520561200       -6.8028448664       -2.0701549850
 H         -6.6938107169       -4.4179917483       -1.6397299139
 H         -4.5000356722       -3.5752318383       -0.8940094248
 H         -2.3473249469       -3.1646697694       -2.0396476447
 H         -1.3608649899       -0.9835036170       -1.4756173023
 H          2.3126708908       -0.9740774293        2.5841797061
 H          2.8316944857       -0.8063042142        4.9419785690
 H          0.3268892893        2.4566714061        7.2234942648
  114
 Etot=        -175.0026757594
 C          1.2773902213        1.7591631674        8.9788473527
 C          2.2076579502        0.8499525492        9.5088131406
 N          2.6885367794       -0.1240941812        8.7426574148
 C          2.3847666545       -0.2287748818        7.4901729061
 C          1.5216514468        0.6866792637        6.7988411555
 C          1.1823223310        0.5148488925        5.4427747579
 C          0.0532560478        1.1713666157        4.8520213190
 C         -0.2253359939        1.0610260635        3.5241163246
 C          0.5596904296        0.2733186224        2.6531526285
 Si         0.1792148848        0.0791309294        0.8354917095
 C          1.7861738310        0.2615121698       -0.1631417852
 C          2.1269194424       -0.6153734608       -1.1873672903
 C          3.3068815417       -0.4758790425       -1.8925763581
 C          4.1815744301        0.5616164282       -1.5836022311
 N          5.3795081440        0.7137903449       -2.2972394909
 C          6.6375046587        0.8375476719       -1.7445728788
 C          7.0252265605        0.7917736726       -0.4124062686
 C          8.3724377806        0.9127667375       -0.1288346331
 C          9.3175488828        1.0682176851       -1.1404066794
 C          8.9397363972        1.0934555549       -2.4693708336
 C          7.5923662894        0.9732816328       -2.7795161182
 C          6.8604944814        0.9351953196       -4.0160540981
 C          7.2306526464        1.0367822959       -5.3497468029
 C          6.2449241047        0.9782605738       -6.3164112130
 C          4.9043823192        0.8344143812       -5.9659896236
 C          4.5109962403        0.7321083094       -4.6450991930
 C          5.4988785838        0.7683558356       -3.6705561933
 C          3.8590998055        1.4453319424       -0.5571237074
 C          2.6790070416        1.2856264584        0.1415036152
 C         -1.0686905951        1.3869275462        0.2646400358
 C         -2.4100728267        1.2624472593        0.6165666925
 C         -3.3456669155        2.2041767059        0.2372716962
 C         -2.9540167038        3.3021957510       -0.5239118243
 N         -3.8994435365        4.2591798281       -0.9215089512
 C         -5.0968007296        3.9945749118       -1.5536125375
 C         -5.6222403861        2.7822933974       -1.9795576310
 C         -6.8462572842        2.7995849460       -2.6209971964
 C         -7.5336397238        3.9904928746       -2.8441414942
 C         -7.0053728814        5.2025529486       -2.4426358894
 C         -5.7770542120        5.2109434686       -1.7966527535
 C         -4.9400707553        6.2563768279       -1.2749380776
 C         -5.0677253990        7.6364128678       -1.2022115419
 C         -4.0575906745        8.3636510181       -0.6021138380
 C         -2.9389043763        7.7298601166       -0.0658417447
 C         -2.7894254032        6.3572523927       -0.1254482499
 C         -3.7899197925        5.6233104869       -0.7478730643
 C         -1.6177859633        3.4388596724       -0.8898208928
 C         -0.6940332083        2.4916468519       -0.4922675904
 C         -0.5832038109       -1.6121576327        0.4165082195
 C         -0.4942239956       -2.6862200795        1.2962514935
 C         -1.0624811782       -3.9097255461        0.9993958575
 C         -1.7376040486       -4.0879860835       -0.2052058777
 N         -2.3105635625       -5.3290219064       -0.5196445838
 C         -1.6687069354       -6.5491614045       -0.4668860278
 C         -0.3485524668       -6.8400989680       -0.1510641766
 C          0.0500781647       -8.1623999371       -0.2012779316
 C         -0.8344661360       -9.1754358979       -0.5644928575
 C         -2.1433704496       -8.8893853278       -0.9027402321
 C         -2.5673985962       -7.5686267917       -0.8596892324
 C         -3.8147407956       -6.9192688133       -1.1566883916
 C         -5.0574149834       -7.3795788719       -1.5688844542
 C         -6.0766406579       -6.4637061599       -1.7471254876
 C         -5.8718156679       -5.1071250382       -1.5058376104
 C         -4.6436303071       -4.6247907570       -1.0948523504
 C         -3.6091857657       -5.5369580889       -0.9364626461
 C         -1.8403299213       -3.0224165913       -1.0956007313
 C         -1.2742467981       -1.8038843094       -0.7777450416
 C          1.6800813474       -0.3755948745        3.2261037067
 C          1.9695909710       -0.2832409483        4.5523917306
 C          0.9629687869        1.6981408447        7.6524216467
 H          0.8809766989        2.5374730566        9.6134104472
 H          2.5794350435        0.9141032800       10.5181431594
 H          2.7419314834       -1.1194751584        6.9930717947
 H         -0.5898202151        1.7709169466        5.4782139880
 H         -1.0788889181        1.5852926025        3.1162003018
 H          1.4594577259       -1.4291386467       -1.4308054311
 H          3.5668674322       -1.1764841679       -2.6727407264
 H          6.3013469876        0.6549157597        0.3767099535
 H          8.6997847372        0.8818742867        0.8998138782
 H         10.3608184979        1.1609117984       -0.8781273665
 H          9.6748814829        1.1990410919       -3.2527814587
 H          8.2674828441        1.1634696921       -5.6221872421
 H          6.5125374328        1.0534022895       -7.3597349857
 H          4.1554180055        0.8059610811       -6.7435260171
 H          3.4684892274        0.6377234362       -4.3810118423
 H          4.5305151286        2.2590313267       -0.3245960467
 H          2.4399921054        1.9709711813        0.9419480177
 H         -2.7237400286        0.4111398520        1.2034409536
 H         -4.3786564511        2.1058231483        0.5378217476
 H         -5.0884916565        1.8566017200       -1.8257004222
 H         -7.2775463732        1.8694004003       -2.9602387873
 H         -8.4888817616        3.9623363866       -3.3466601307
 H         -7.5319241990        6.1261618604       -2.6297241071
 H         -5.9412678422        8.1274732240       -1.6036062059
 H         -4.1365919213        9.4385664294       -0.5379238333
 H         -2.1728896925        8.3237792541        0.4103343211
 H         -1.9278154798        5.8725757312        0.3082775865
 H         -1.3160656042        4.2792455255       -1.4978702473
 H          0.3393973925        2.6053896802       -0.7853961430
 H          0.0209424679       -2.5545058250        2.2363289339
 H         -1.0030140833       -4.7277786865        1.7022707568
 H          0.3480307685       -6.0595226837        0.1150502058
 H          1.0712022079       -8.4152508462        0.0429970619
 H         -0.4855127666      -10.1968992230       -0.5893134526
 H         -2.8233948545       -9.6736603749       -1.1990174518
 H         -5.2218738753       -8.4324362031       -1.7413340617
 H         -7.0501935240       -6.8015722365       -2.0693687317
 H         -6.6921060687       -4.4174045758       -1.6390467133
 H         -4.4986591636       -3.5742335566       -0.8930194050
 H         -2.3493027736       -3.1633758656       -2.0380804316
 H         -1.3614648514       -0.9820567217       -1.4744755313
 H          2.3125597971       -0.9730395631        2.5826316575
 H          2.8308174924       -0.8063134874        4.9410380500
 H          0.3287230515        2.4569594487        7.2214168891
  114
 Etot=        -175.0027135132
 C          1.2752178970        1.7573847911        8.9766625599
 C          2.2081289990        0.8497939070        9.5055786520
 N          2.6858983488       -0.1214376898        8.7373514735
 C          2.3840042574       -0.2291551726        7.4860762244
 C          1.5210968108        0.6876398487        6.7953038081
 C          1.1811818419        0.5148561983        5.4400062638
 C          0.0522639625        1.1717025431        4.8501703796
 C         -0.2268501849        1.0607821135        3.5227118335
 C          0.5583316836        0.2726817162        2.6522959293
 Si         0.1790218672        0.0793836534        0.8356106866
 C          1.7845090508        0.2620123033       -0.1636139179
 C          2.1235052613       -0.6133523803       -1.1891952547
 C          3.3032138963       -0.4740260026       -1.8944030105
 C          4.1799105921        0.5612282916       -1.5834170261
 N          5.3771332990        0.7126501312       -2.2961842437
 C          6.6348678094        0.8371630809       -1.7433485514
 C          7.0224311313        0.7925036841       -0.4113982493
 C          8.3695438824        0.9142814998       -0.1280960407
 C          9.3144548107        1.0695161886       -1.1396324943
 C          8.9367932449        1.0933969205       -2.4683798759
 C          7.5895911073        0.9723069410       -2.7781487595
 C          6.8581882250        0.9332614355       -4.0144713285
 C          7.2289073133        1.0347495135       -5.3478009356
 C          6.2435455638        0.9768577404       -6.3145007165
 C          4.9030402047        0.8334969149       -5.9644963011
 C          4.5092111377        0.7307341269       -4.6438596940
 C          5.4966966573        0.7664337372       -3.6692840233
 C          3.8588661367        1.4431114971       -0.5549292683
 C          2.6786086913        1.2839592627        0.1429779746
 C         -1.0678694083        1.3863532722        0.2647027198
 C         -2.4094259859        1.2605242757        0.6143770162
 C         -3.3448200364        2.2018359077        0.2345863256
 C         -2.9527208316        3.3013293637       -0.5241969164
 N         -3.8972333591        4.2575924877       -0.9216985098
 C         -5.0950137148        3.9929221910       -1.5525072337
 C         -5.6207749042        2.7808505074       -1.9777845937
 C         -6.8448639254        2.7984233082       -2.6188563575
 C         -7.5317430493        3.9893551953       -2.8423548510
 C         -7.0032580343        5.2011375662       -2.4412722344
 C         -5.7748037057        5.2092315341       -1.7959590829
 C         -4.9375574799        6.2545015382       -1.2753049313
 C         -5.0657089005        7.6343062374       -1.2025231569
 C         -4.0561566399        8.3613543989       -0.6018367686
 C         -2.9374666435        7.7277739259       -0.0658158915
 C         -2.7872177465        6.3553891777       -0.1261093094
 C         -3.7872661856        5.6216569433       -0.7488820650
 C         -1.6158461049        3.4390842760       -0.8875699922
 C         -0.6925079251        2.4918524601       -0.4900466786
 C         -0.5813895475       -1.6114633785        0.4156193483
 C         -0.4898614195       -2.6860053668        1.2940837964
 C         -1.0580583622       -3.9092178079        0.9975295629
 C         -1.7362362152       -4.0868658717       -0.2054961296
 N         -2.3092239459       -5.3268219209       -0.5190510872
 C         -1.6678048466       -6.5470108279       -0.4656008793
 C         -0.3480360660       -6.8383202756       -0.1497294707
 C          0.0501470240       -8.1606284580       -0.2004758719
 C         -0.8345986638       -9.1732244856       -0.5637517932
 C         -2.1431802756       -8.8868446296       -0.9017602865
 C         -2.5665621455       -7.5660646149       -0.8585043174
 C         -3.8132557170       -6.9166123709       -1.1561246006
 C         -5.0556664153       -7.3772034011       -1.5681356838
 C         -6.0746391054       -6.4615256089       -1.7466334144
 C         -5.8699190802       -5.1051263404       -1.5052127844
 C         -4.6418358391       -4.6225215039       -1.0945529471
 C         -3.6075822495       -5.5345002249       -0.9361885265
 C         -1.8414400511       -3.0204039012       -1.0945299086
 C         -1.2748661445       -1.8022602538       -0.7770066018
 C          1.6795027861       -0.3756262423        3.2244486690
 C          1.9688530643       -0.2830062988        4.5504715906
 C          0.9624634477        1.6972579578        7.6499328160
 H          0.8770010548        2.5336632190        9.6120758125
 H          2.5824274846        0.9152549661       10.5134478067
 H          2.7386501753       -1.1204446926        6.9889574518
 H         -0.5899122939        1.7718014397        5.4762275330
 H         -1.0806774604        1.5835844112        3.1136070725
 H          1.4542922228       -1.4257057798       -1.4333172058
 H          3.5624310722       -1.1735098100       -2.6758284838
 H          6.2980871490        0.6556378065        0.3773262939
 H          8.6967236880        0.8843862769        0.9004002774
 H         10.3573662150        1.1630609650       -0.8773095413
 H          9.6712361581        1.1986602948       -3.2523199557
 H          8.2658916251        1.1611548468       -5.6192759655
 H          6.5110967511        1.0522507198       -7.3575500056
 H          4.1541439271        0.8058178822       -6.7418641161
 H          3.4665590323        0.6368344473       -4.3796453562
 H          4.5319598408        2.2548666491       -0.3208076868
 H          2.4395586945        1.9679850329        0.9445109786
 H         -2.7226227082        0.4081445006        1.2000204660
 H         -4.3782228169        2.1028153524        0.5331649582
 H         -5.0867032744        1.8552516317       -1.8235221348
 H         -7.2763759412        1.8683241857       -2.9574526905
 H         -8.4867405818        3.9611769448       -3.3447745093
 H         -7.5289222320        6.1250226025       -2.6285352464
 H         -5.9395626621        8.1246012931       -1.6038049372
 H         -4.1354892273        9.4359160327       -0.5367486412
 H         -2.1720156104        8.3215557187        0.4110006612
 H         -1.9255699121        5.8702837626        0.3071925202
 H         -1.3139036828        4.2804025482       -1.4941101411
 H          0.3415270718        2.6052561317       -0.7817361595
 H          0.0275943037       -2.5538938260        2.2328279836
 H         -0.9976019445       -4.7278587952        1.6994612345
 H          0.3485675284       -6.0576220219        0.1163082580
 H          1.0710569571       -8.4135363619        0.0436542465
 H         -0.4857741353      -10.1944401574       -0.5889858945
 H         -2.8239094478       -9.6702261587       -1.1983074661
 H         -5.2193552265       -8.4301375440       -1.7399550560
 H         -7.0481184534       -6.7990260477       -2.0686307800
 H         -6.6899589094       -4.4153918226       -1.6382623556
 H         -4.4965928941       -3.5720230533       -0.8920350334
 H         -2.3530508976       -3.1608745574       -2.0356648362
 H         -1.3635415482       -0.9794404697       -1.4726650577
 H          2.3118115407       -0.9719242435        2.5797657154
 H          2.8305772884       -0.8048267258        4.9389427288
 H          0.3265945955        2.4546677775        7.2193822215
