 
        ______________________________________
       |                                      |
       |          ===================         |
       |             xTB for sTDA             |
       |          ===================         |
       |               S. Grimme              |
       |        Universitaet Bonn, MCTC       |
       |         2015-19, Version 1.0         |
       |     Wed Apr  3 09:14:55 CEST 2019    |
       |______________________________________|
 
        This code comes without any warranty
        for non-commercial, academia use only.
        Preliminary test version.
        Cite this work as:
        S. Grimme  &  C. Bannwarth, JCP 145 (2016) 054103
        if GBSA is used additionally:
        P. Shushkov, F. März, C. Bannwarth, S. Grimme, unpublished.
 
        with help from
        P. Shushkov, G. Brandenburg, S. Dohm, J. Pisarek,
        F. März, M. Checinski, S. Ehrlich, S. Spicher, 
        P. Pracht, E. Caldeweyher, S. Ehlert, and C. Bannwarth.
 
        usage        :
        xtb4stda <coord_file> [options]
        where <coord_file> is a valid file of TM)
        (*coord, Bohr) or xmol (*xyz, Angstroem)
        format.

        options:
        -chrg <int>   : molecular charge
        -uhf  <int>   : # of unpaired electrons(=2*S)
        -nox          : skip second, extended part in sTDA-xTB
        -pop          : do population analysis
                      : (default for -nox)
        -mowr <real>  : cut MO write above (def.3 Eh)
        -molden       : write formatted molden file
        -parx <file>  : read parameters for sTDA-xTB
                        calc (def:~/.param_stda2.xtb)
        -parv <file>  : read parameters for vTB part in
                        sTDA-xTB (def: ~/.param_stda1.xtb)
        -xtemp <real> : el. temp for xTB (def. 0 K)
        -etemp <real> : el. temp for GFN (def. 300 K)
        -fod          : calculate the FOD and write
                        molden.input file with
                        appropriate occupations
                        for plotting. Def. T=12500 K
 
        -acc <real>   : xTB accuracy (def. 1.0)
        -gbsa [string1] [string2]
                        use GBSA implicit solvent
                        for solvent [string1] and
                        solvation state [string2]=
                        reference, bar1M (default=1M)
        additional GFN/opt/MD/siman options read from
        $XTB4STDAHOME/.xtb4stdarc or $set in input
 
       spin and charge state information can be on:
       <.CHRG> (charge) and <.UHF> (=nalpha-nbeta)
       -uhf and -chrg override the file info.
       useful machine settings:
       setenv MKL_NUM_THREADS <NCORE_ON_YOUR_MACHINE>
       setenv OMP_STACKSIZE 500m
       limit stacksize unlimited
 
       total energies in Eh, gaps/HL energies in eV
       please read REVISION and HOWTO files carefully
 =============================
  # OMP threads =          48
 =============================
 
 xtb4stdahome directory:/home/penavora/Exe_xtb_crest/
 
 argument            1 :--gbsa
 argument            2 :toluene
 
 name of molecule           :
 comment line               :
 number of atoms            :   116
 number of electrons        :   322
 charge                     :  0
 spin                       : 0.0
 first test random number   :  0.6781
 
 -----------------------------------------
      charge density (VTB) calculation
 -----------------------------------------
 
      method parameters     
 k(s)        :  1.8000
 k(p)        :  2.8350
 k(d)        :  2.0860
 k(f)        :  2.0000
 Tscal       :  0.3300
 Gscal       :  0.3910
 fpol        :  1.0000
 Zcnf        :  0.6500
 Zqf         :  0.0000
 kcn         :  0.3000
 kEN1        : -0.5900
 wllscal     :  2.6000
 
 Solvent             : toluene
 GBSA parameter file : /home/penavora/Exe_xtb_crest/.param_gbsa_toluene
 Gsolv ref. state (COSMO-RS): gsolv [1 M gas/solution]
 temperature (mdtemp)       :    298.150000000000     
 dielectric constant        :    7.00000000000000     
 rho                        :   0.867000000000000     
 mass                       :    92.1400000000000     
 surface tension            :    15.5689470637553     
 probe radius               :   0.641644990000000     
 vdW radii scaling          :    1.00000000000000     
 Gshift (Eh)                :   4.228772547061559E-003
 c1                         :    1.59772343000000     
 soset                      :   0.281999450000000     
 HB correction              :  F
 
 doing EN charges ...
 sum q :  0.1332268D-14
 point charge moment (au)
     X       Y       Z   
   0.2364   0.0970  -0.0195  total (Debye):    0.651
 
            Z      q(EN)   CN      Cart. coordinates
     1  C   4.0  -0.244   4.100    17.69846    -6.96293    -1.13407
     2  C   4.0  -0.023   4.075    16.73073    -4.49376    -2.31361
     3  C   4.0  -0.244   4.100    17.55204    -4.34371    -5.09363
     4  C   4.0  -0.244   4.101    17.94241    -2.28076    -0.89556
     5  C   4.0   0.006   3.239    13.85789    -4.45831    -2.18027
     6  C   4.0  -0.073   3.192    12.48286    -6.35620    -3.40326
     7  C   4.0  -0.066   3.163     9.88970    -6.42282    -3.28489
     8  C   4.0   0.067   3.272     8.57046    -4.57045    -1.94905
     9  C   4.0   0.057   3.175     9.86037    -2.58401    -0.74883
    10  C   4.0  -0.072   3.216    12.50799    -2.63082    -0.89277
    11  B   3.0  -0.182   3.197     8.22893    -0.58865     0.63847
    12  C   4.0   0.057   3.176     8.84669     1.96524     1.92780
    13  C   4.0  -0.072   3.216    11.15900     3.26085     1.83598
    14  C   4.0   0.006   3.239    11.60971     5.51169     3.08121
    15  C   4.0  -0.023   4.075    14.12541     6.90122     2.96634
    16  C   4.0  -0.244   4.101    16.06760     5.56062     1.29094
    17  C   4.0  -0.244   4.100    13.68956     9.56250     1.89223
    18  C   4.0  -0.244   4.100    15.22030     7.09032     5.64781
    19  C   4.0  -0.073   3.192     9.63491     6.53056     4.51322
    20  C   4.0  -0.067   3.164     7.31637     5.36672     4.61978
    21  C   4.0   0.067   3.274     6.89495     3.11482     3.31306
    22  O   6.0  -0.160   2.109     4.48709     2.20360     3.50858
    23  C   4.0   0.075   3.271     3.72036     0.16565     2.17681
    24  C   4.0  -0.064   3.217     1.17060    -0.44156     2.28031
    25  C   4.0   0.091   3.260     0.27442    -2.46310     0.86485
    26  N   5.0  -0.324   3.323    -2.32214    -2.99776     0.84991
    27  C   4.0   0.090   3.471    -3.37114    -5.22993     1.67986
    28  C   4.0  -0.063   3.157    -2.16519    -7.39290     2.54280
    29  C   4.0  -0.073   3.150    -3.65247    -9.41259     3.26487
    30  C   4.0  -0.073   3.146    -6.27850    -9.28321     3.13515
    31  C   4.0  -0.068   3.158    -7.48625    -7.11617     2.32474
    32  C   4.0   0.001   3.369    -6.03517    -5.04479     1.60918
    33  C   4.0   0.002   3.407    -6.61265    -2.54530     0.70099
    34  C   4.0   0.011   3.245    -8.90579    -1.32318     0.24267
    35  C   4.0  -0.004   3.237   -11.35062    -2.56580     0.75374
    36  C   4.0  -0.074   3.194   -12.08844    -3.10201     3.21990
    37  C   4.0  -0.072   3.146   -14.38869    -4.24853     3.69259
    38  C   4.0  -0.074   3.147   -15.97230    -4.88366     1.70794
    39  C   4.0  -0.072   3.147   -15.24152    -4.37525    -0.75256
    40  C   4.0  -0.073   3.197   -12.94603    -3.22090    -1.22896
    41  C   4.0   0.090   3.488    -8.73231     1.09476    -0.78000
    42  C   4.0   0.002   3.408    -6.38062     2.21168    -1.44786
    43  C   4.0   0.012   3.244    -4.08535     1.00723    -0.95015
    44  C   4.0  -0.004   3.239    -1.64856     2.17482    -1.64696
    45  C   4.0  -0.073   3.197    -0.82477     4.35918    -0.43509
    46  C   4.0  -0.072   3.149     1.48508     5.41946    -1.04099
    47  C   4.0  -0.073   3.149     2.99637     4.31619    -2.87110
    48  C   4.0  -0.072   3.150     2.17306     2.16446    -4.11244
    49  C   4.0  -0.073   3.198    -0.13751     1.10144    -3.51048
    50  C   4.0   0.089   3.487    -4.25661    -1.35623     0.19357
    51  C   4.0   0.001   3.370    -6.96902     4.56644    -2.67501
    52  C   4.0  -0.068   3.158    -5.53342     6.45009    -3.81572
    53  C   4.0  -0.073   3.146    -6.74917     8.52843    -4.82143
    54  C   4.0  -0.073   3.150    -9.36759     8.77119    -4.69007
    55  C   4.0  -0.063   3.157   -10.84082     6.91791    -3.59272
    56  C   4.0   0.090   3.475    -9.62997     4.80266    -2.62239
    57  N   5.0  -0.322   3.318   -10.66838     2.71351    -1.47054
    58  C   4.0   0.087   3.256   -13.25589     2.48524    -0.89567
    59  C   4.0  -0.070   3.195   -14.04774     2.34026     1.60556
    60  C   4.0  -0.073   3.149   -16.59472     2.16417     2.15590
    61  C   4.0  -0.074   3.146   -18.36393     2.16068     0.22691
    62  C   4.0  -0.072   3.147   -17.57868     2.33406    -2.26319
    63  C   4.0  -0.069   3.190   -15.03258     2.49467    -2.83102
    64  C   4.0  -0.064   3.206     1.91967    -3.96493    -0.52478
    65  C   4.0   0.075   3.265     4.47981    -3.38306    -0.54268
    66  C   4.0   0.063   3.239     5.43335    -1.28432     0.76580
    67  O   6.0  -0.159   2.107     6.00765    -4.89423    -1.92465
    68  H   1.0   0.082   0.999    19.75326    -7.01457    -1.18848
    69  H   1.0   0.083   0.999    16.98809    -8.60535    -2.14101
    70  H   1.0   0.082   0.999    17.09363    -7.09903     0.82708
    71  H   1.0   0.082   0.999    19.60379    -4.31106    -5.22331
    72  H   1.0   0.082   0.999    16.81590    -2.63064    -5.96144
    73  H   1.0   0.083   0.999    16.86816    -5.95422    -6.16808
    74  H   1.0   0.082   1.000    19.98899    -2.40793    -1.05181
    75  H   1.0   0.083   0.999    17.45628    -2.32747     1.10080
    76  H   1.0   0.083   1.000    17.35691    -0.48226    -1.69792
    77  H   1.0   0.076   1.006    13.44721    -7.82084    -4.44429
    78  H   1.0   0.075   1.005     8.82812    -7.90845    -4.19650
    79  H   1.0   0.079   1.009    13.50574    -1.16512     0.09873
    80  H   1.0   0.079   1.009    12.62642     2.43954     0.69577
    81  H   1.0   0.082   1.000    17.81449     6.64549     1.26844
    82  H   1.0   0.083   0.999    15.39268     5.40613    -0.64421
    83  H   1.0   0.083   1.000    16.49742     3.68641     2.01425
    84  H   1.0   0.083   1.000    12.42834    10.65859     3.08539
    85  H   1.0   0.082   0.999    15.47664    10.56988     1.75279
    86  H   1.0   0.082   0.999    12.85912     9.44402     0.01426
    87  H   1.0   0.083   1.000    13.96936     8.13419     6.89747
    88  H   1.0   0.082   0.999    17.03575     8.05466     5.60376
    89  H   1.0   0.082   0.999    15.49773     5.21159     6.43710
    90  H   1.0   0.076   1.006     9.89820     8.27170     5.54198
    91  H   1.0   0.075   1.005     5.77657     6.17316     5.68907
    92  H   1.0   0.078   1.006    -0.09877     0.68671     3.40493
    93  H   1.0   0.075   1.005    -0.12982    -7.48953     2.64506
    94  H   1.0   0.074   1.004    -2.76366   -11.12409     3.93516
    95  H   1.0   0.074   1.004    -7.38719   -10.90520     3.68922
    96  H   1.0   0.076   1.006    -9.52084    -7.03889     2.24311
    97  H   1.0   0.075   1.005   -10.84516    -2.61175     4.76490
    98  H   1.0   0.074   1.004   -14.94587    -4.65042     5.61565
    99  H   1.0   0.074   1.004   -17.76944    -5.77865     2.07757
   100  H   1.0   0.074   1.004   -16.46472    -4.87987    -2.30742
   101  H   1.0   0.075   1.006   -12.36944    -2.83422    -3.14987
   102  H   1.0   0.075   1.005    -2.00383     5.21244     0.99825
   103  H   1.0   0.074   1.005     2.11130     7.10862    -0.08035
   104  H   1.0   0.074   1.004     4.80904     5.13468    -3.33197
   105  H   1.0   0.074   1.005     3.33891     1.30857    -5.55422
   106  H   1.0   0.075   1.006    -0.78341    -0.57235    -4.48623
   107  H   1.0   0.076   1.006    -3.50452     6.29025    -3.92225
   108  H   1.0   0.074   1.004    -5.65245     9.99991    -5.71580
   109  H   1.0   0.074   1.004   -10.26079    10.43476    -5.46687
   110  H   1.0   0.075   1.005   -12.86962     7.10794    -3.48748
   111  H   1.0   0.076   1.006   -12.65993     2.37151     3.10110
   112  H   1.0   0.074   1.005   -17.20089     2.04537     4.10082
   113  H   1.0   0.074   1.004   -20.35241     2.02849     0.66474
   114  H   1.0   0.074   1.004   -18.95228     2.33589    -3.77307
   115  H   1.0   0.075   1.005   -14.40454     2.61160    -4.76997
   116  H   1.0   0.077   1.006     1.22686    -5.54200    -1.61440
 
  Z AO/shell   Hii/eV     exponent
  1     Sat Feb 20 21:38:01 CET 2016    EN: 2.327 GAM: 0.473  GM3: 0.0000
     1s    -13.751157    1.051071
  5     Sat Feb 20 21:38:01 CET 2016    EN: 3.405 GAM: 0.339  GM3: 0.0000
     2s    -17.927409    2.170332
     2p     -8.538581    1.400095
  6     Sat Feb 20 21:38:01 CET 2016    EN: 2.731 GAM: 0.422  GM3: 0.0000
     2s    -19.378245    2.021003
     2p    -11.993376    1.497917
  7     Sat Feb 20 21:38:01 CET 2016    EN: 3.573 GAM: 0.504  GM3: 0.0000
     2s    -21.576984    2.275442
     2p    -16.125120    2.056788
  8     Sat Feb 20 21:38:01 CET 2016    EN: 3.700 GAM: 0.587  GM3: 0.0000
     2s    -21.648843    2.110798
     2p    -17.239740    2.329048
 
 dipole moment of classical point charges (au)
     X       Y       Z   
   0.2364   0.0970  -0.0195  total (Debye):    0.651

 
 Nbf   :          317
 T(el) :   300.0
 calculating S/T integrals ...
 cpu time for ints    2.90153500000000     
 Nao   :          317
 making H0...
 making H1...
 cpu time for H      0.540152000000000     
 solving ...
 cpu time for diag    1.17180900000000     
 
 gap (eV)           :   3.864
 Koopmans IP (eV)   :  12.595
 Eel (Eh)           :  -249.830252
 T,E(Fermi),NFOD :    300.000   -10.663  0.000000
 T,E(Fermi),NFOD :    300.000   -10.663  0.000000
 Nfod               :  0.0000
 Nfod/Nel           :  0.0000

          eigenvalues
 #    :         149        150        151        152        153        154        155        156
 occ. :        2.000      2.000      2.000      2.000      2.000      2.000      2.000      2.000
 eps  :       -15.495    -15.465    -15.286    -15.213    -15.174    -15.075    -14.836    -14.636
 #    :         157        158        159        160        161        162        163        164
 occ. :        2.000      2.000      2.000      2.000      2.000      0.000      0.000      0.000
 eps  :       -14.466    -13.855    -13.571    -13.267    -12.597     -8.732     -8.639     -7.440
 #    :         165        166        167        168        169        170        171        172
 occ. :        0.000      0.000      0.000      0.000      0.000      0.000      0.000      0.000
 eps  :        -7.275     -6.257     -6.170     -5.981     -5.733     -5.673     -5.619     -5.521
                            1  SCC done.
 making H1...
 cpu time for H       1.46200000000000     
 solving ...
 cpu time for diag   0.697707000000000     
 
 gap (eV)           :   4.035
 Koopmans IP (eV)   :  12.644
 Eel (Eh)           :  -249.790101
 T,E(Fermi),NFOD :    300.000   -10.626  0.000000
 T,E(Fermi),NFOD :    300.000   -10.626  0.000000
 Nfod               :  0.0000
 Nfod/Nel           :  0.0000

          eigenvalues
 #    :         149        150        151        152        153        154        155        156
 occ. :        2.000      2.000      2.000      2.000      2.000      2.000      2.000      2.000
 eps  :       -15.440    -15.318    -15.281    -15.198    -15.150    -15.070    -14.853    -14.675
 #    :         157        158        159        160        161        162        163        164
 occ. :        2.000      2.000      2.000      2.000      2.000      0.000      0.000      0.000
 eps  :       -14.335    -13.868    -13.514    -13.292    -12.645     -8.610     -8.425     -7.435
 #    :         165        166        167        168        169        170        171        172
 occ. :        0.000      0.000      0.000      0.000      0.000      0.000      0.000      0.000
 eps  :        -7.332     -6.268     -6.230     -6.015     -5.766     -5.630     -5.575     -5.567
                            2  SCC done.
 
 
 Mulliken/CM5 charges    n(s)   n(p)   n(d)   
    1 C  -0.1002 -0.2485   1.104  2.996  0.000
    2 C   0.0301 -0.0012   1.231  2.739  0.000
    3 C  -0.1001 -0.2485   1.104  2.997  0.000
    4 C  -0.0980 -0.2476   1.100  2.998  0.000
    5 C  -0.0096 -0.0217   1.187  2.822  0.000
    6 C  -0.0340 -0.0887   1.144  2.890  0.000
    7 C  -0.0435 -0.0939   1.135  2.908  0.000
    8 C   0.0892  0.1158   1.167  2.744  0.000
    9 C  -0.0758 -0.0138   1.232  2.844  0.000
   10 C  -0.0439 -0.0916   1.149  2.895  0.000
   11 B   0.0150 -0.2208   1.198  1.787  0.000
   12 C  -0.0750 -0.0131   1.232  2.844  0.000
   13 C  -0.0436 -0.0914   1.149  2.895  0.000
   14 C  -0.0096 -0.0216   1.187  2.823  0.000
   15 C   0.0302 -0.0012   1.231  2.739  0.000
   16 C  -0.0980 -0.2476   1.100  2.998  0.000
   17 C  -0.1002 -0.2485   1.104  2.996  0.000
   18 C  -0.1001 -0.2485   1.104  2.996  0.000
   19 C  -0.0338 -0.0885   1.144  2.890  0.000
   20 C  -0.0433 -0.0937   1.135  2.908  0.000
   21 C   0.0908  0.1173   1.167  2.743  0.000
   22 O  -0.0919 -0.1585   1.436  4.656  0.000
   23 C   0.1037  0.1314   1.156  2.740  0.000
   24 C  -0.0529 -0.0948   1.130  2.923  0.000
   25 C   0.0766  0.1329   1.169  2.754  0.000
   26 N  -0.0902 -0.3355   1.230  3.860  0.000
   27 C   0.0388  0.1027   1.182  2.779  0.000
   28 C  -0.0497 -0.0986   1.135  2.915  0.000
   29 C  -0.0433 -0.0993   1.135  2.908  0.000
   30 C  -0.0537 -0.1099   1.132  2.921  0.000
   31 C  -0.0450 -0.0979   1.141  2.904  0.000
   32 C  -0.0220 -0.0188   1.165  2.857  0.000
   33 C  -0.0263 -0.0198   1.169  2.857  0.000
   34 C  -0.0099 -0.0077   1.167  2.843  0.000
   35 C   0.0094  0.0016   1.166  2.825  0.000
   36 C  -0.0353 -0.0899   1.142  2.894  0.000
   37 C  -0.0339 -0.0906   1.137  2.897  0.000
   38 C  -0.0341 -0.0906   1.135  2.899  0.000
   39 C  -0.0332 -0.0896   1.137  2.897  0.000
   40 C  -0.0360 -0.0887   1.141  2.895  0.000
   41 C   0.0297  0.0958   1.185  2.785  0.000
   42 C  -0.0265 -0.0200   1.169  2.857  0.000
   43 C  -0.0099 -0.0079   1.167  2.843  0.000
   44 C   0.0123  0.0044   1.166  2.822  0.000
   45 C  -0.0351 -0.0897   1.142  2.893  0.000
   46 C  -0.0337 -0.0903   1.137  2.897  0.000
   47 C  -0.0327 -0.0890   1.135  2.898  0.000
   48 C  -0.0332 -0.0894   1.136  2.897  0.000
   49 C  -0.0368 -0.0895   1.141  2.896  0.000
   50 C   0.0295  0.0953   1.185  2.785  0.000
   51 C  -0.0227 -0.0195   1.165  2.858  0.000
   52 C  -0.0465 -0.0995   1.141  2.905  0.000
   53 C  -0.0556 -0.1117   1.132  2.923  0.000
   54 C  -0.0441 -0.1000   1.135  2.909  0.000
   55 C  -0.0489 -0.0979   1.135  2.914  0.000
   56 C   0.0384  0.1023   1.183  2.779  0.000
   57 N  -0.0964 -0.3414   1.234  3.863  0.000
   58 C   0.0627  0.1174   1.172  2.765  0.000
   59 C  -0.0324 -0.0806   1.138  2.895  0.000
   60 C  -0.0284 -0.0846   1.135  2.893  0.000
   61 C  -0.0340 -0.0904   1.134  2.900  0.000
   62 C  -0.0289 -0.0851   1.136  2.893  0.000
   63 C  -0.0338 -0.0827   1.137  2.896  0.000
   64 C  -0.0560 -0.0987   1.129  2.927  0.000
   65 C   0.0999  0.1274   1.157  2.743  0.000
   66 C  -0.0941 -0.0223   1.225  2.869  0.000
   67 O  -0.0939 -0.1595   1.436  4.658  0.000
   68 H   0.0325  0.0857   0.967  0.000  0.000
   69 H   0.0351  0.0891   0.965  0.000  0.000
   70 H   0.0311  0.0845   0.969  0.000  0.000
   71 H   0.0326  0.0859   0.967  0.000  0.000
   72 H   0.0317  0.0851   0.968  0.000  0.000
   73 H   0.0352  0.0892   0.965  0.000  0.000
   74 H   0.0341  0.0875   0.966  0.000  0.000
   75 H   0.0345  0.0882   0.966  0.000  0.000
   76 H   0.0353  0.0892   0.965  0.000  0.000
   77 H   0.0466  0.1053   0.953  0.000  0.000
   78 H   0.0384  0.0988   0.962  0.000  0.000
   79 H   0.0473  0.1101   0.953  0.000  0.000
   80 H   0.0470  0.1097   0.953  0.000  0.000
   81 H   0.0340  0.0874   0.966  0.000  0.000
   82 H   0.0344  0.0881   0.966  0.000  0.000
   83 H   0.0353  0.0892   0.965  0.000  0.000
   84 H   0.0354  0.0893   0.965  0.000  0.000
   85 H   0.0324  0.0856   0.968  0.000  0.000
   86 H   0.0315  0.0849   0.969  0.000  0.000
   87 H   0.0350  0.0889   0.965  0.000  0.000
   88 H   0.0324  0.0856   0.968  0.000  0.000
   89 H   0.0314  0.0848   0.969  0.000  0.000
   90 H   0.0465  0.1052   0.954  0.000  0.000
   91 H   0.0382  0.0986   0.962  0.000  0.000
   92 H   0.0362  0.1016   0.964  0.000  0.000
   93 H   0.0385  0.0986   0.962  0.000  0.000
   94 H   0.0438  0.1003   0.956  0.000  0.000
   95 H   0.0402  0.0968   0.960  0.000  0.000
   96 H   0.0439  0.1043   0.956  0.000  0.000
   97 H   0.0340  0.0924   0.966  0.000  0.000
   98 H   0.0393  0.0958   0.961  0.000  0.000
   99 H   0.0387  0.0952   0.961  0.000  0.000
  100 H   0.0385  0.0951   0.961  0.000  0.000
  101 H   0.0334  0.0927   0.967  0.000  0.000
  102 H   0.0340  0.0925   0.966  0.000  0.000
  103 H   0.0384  0.0954   0.962  0.000  0.000
  104 H   0.0365  0.0933   0.964  0.000  0.000
  105 H   0.0363  0.0931   0.964  0.000  0.000
  106 H   0.0329  0.0923   0.967  0.000  0.000
  107 H   0.0424  0.1027   0.958  0.000  0.000
  108 H   0.0391  0.0956   0.961  0.000  0.000
  109 H   0.0434  0.0999   0.957  0.000  0.000
  110 H   0.0396  0.0998   0.960  0.000  0.000
  111 H   0.0358  0.0975   0.964  0.000  0.000
  112 H   0.0426  0.0994   0.957  0.000  0.000
  113 H   0.0406  0.0972   0.959  0.000  0.000
  114 H   0.0438  0.1004   0.956  0.000  0.000
  115 H   0.0366  0.0973   0.963  0.000  0.000
  116 H   0.0368  0.1009   0.963  0.000  0.000
 Hirshfeld charges for QMDFF written to <charges>
 
 Loewdin charges    n(s)   n(p)   n(d)
    1 C  -0.1058   1.033  3.073  0.000
    2 C   0.0438   1.190  2.767  0.000
    3 C  -0.1057   1.033  3.073  0.000
    4 C  -0.1034   1.029  3.074  0.000
    5 C  -0.0073   1.146  2.861  0.000
    6 C  -0.0269   1.090  2.937  0.000
    7 C  -0.0412   1.083  2.959  0.000
    8 C   0.0796   1.132  2.789  0.000
    9 C  -0.0600   1.184  2.876  0.000
   10 C  -0.0399   1.097  2.943  0.000
   11 B  -0.0539   1.175  1.879  0.000
   12 C  -0.0593   1.183  2.876  0.000
   13 C  -0.0397   1.097  2.943  0.000
   14 C  -0.0073   1.146  2.861  0.000
   15 C   0.0439   1.190  2.766  0.000
   16 C  -0.1035   1.029  3.074  0.000
   17 C  -0.1058   1.033  3.073  0.000
   18 C  -0.1057   1.033  3.073  0.000
   19 C  -0.0268   1.090  2.937  0.000
   20 C  -0.0411   1.082  2.959  0.000
   21 C   0.0811   1.131  2.787  0.000
   22 O  -0.0473   1.393  4.654  0.000
   23 C   0.0951   1.120  2.785  0.000
   24 C  -0.0591   1.081  2.978  0.000
   25 C   0.0771   1.131  2.792  0.000
   26 N  -0.0489   1.188  3.861  0.000
   27 C   0.0324   1.148  2.820  0.000
   28 C  -0.0475   1.083  2.965  0.000
   29 C  -0.0348   1.081  2.954  0.000
   30 C  -0.0474   1.078  2.969  0.000
   31 C  -0.0398   1.088  2.952  0.000
   32 C  -0.0220   1.124  2.898  0.000
   33 C  -0.0279   1.129  2.899  0.000
   34 C  -0.0122   1.127  2.886  0.000
   35 C   0.0151   1.122  2.863  0.000
   36 C  -0.0308   1.089  2.942  0.000
   37 C  -0.0259   1.082  2.944  0.000
   38 C  -0.0269   1.081  2.946  0.000
   39 C  -0.0254   1.082  2.944  0.000
   40 C  -0.0318   1.088  2.944  0.000
   41 C   0.0199   1.153  2.828  0.000
   42 C  -0.0281   1.129  2.899  0.000
   43 C  -0.0123   1.127  2.886  0.000
   44 C   0.0177   1.122  2.860  0.000
   45 C  -0.0306   1.089  2.942  0.000
   46 C  -0.0259   1.082  2.944  0.000
   47 C  -0.0260   1.080  2.946  0.000
   48 C  -0.0256   1.082  2.944  0.000
   49 C  -0.0327   1.088  2.944  0.000
   50 C   0.0198   1.153  2.828  0.000
   51 C  -0.0228   1.123  2.899  0.000
   52 C  -0.0414   1.088  2.954  0.000
   53 C  -0.0493   1.078  2.971  0.000
   54 C  -0.0356   1.081  2.955  0.000
   55 C  -0.0467   1.083  2.964  0.000
   56 C   0.0320   1.148  2.820  0.000
   57 N  -0.0553   1.192  3.863  0.000
   58 C   0.0597   1.135  2.806  0.000
   59 C  -0.0302   1.085  2.945  0.000
   60 C  -0.0199   1.080  2.940  0.000
   61 C  -0.0274   1.080  2.948  0.000
   62 C  -0.0203   1.081  2.940  0.000
   63 C  -0.0311   1.085  2.946  0.000
   64 C  -0.0616   1.080  2.982  0.000
   65 C   0.0916   1.121  2.787  0.000
   66 C  -0.0848   1.179  2.906  0.000
   67 O  -0.0494   1.394  4.656  0.000
   68 H   0.0329   0.967  0.000  0.000
   69 H   0.0355   0.965  0.000  0.000
   70 H   0.0314   0.969  0.000  0.000
   71 H   0.0330   0.967  0.000  0.000
   72 H   0.0319   0.968  0.000  0.000
   73 H   0.0356   0.964  0.000  0.000
   74 H   0.0345   0.966  0.000  0.000
   75 H   0.0349   0.965  0.000  0.000
   76 H   0.0356   0.964  0.000  0.000
   77 H   0.0391   0.961  0.000  0.000
   78 H   0.0305   0.969  0.000  0.000
   79 H   0.0412   0.959  0.000  0.000
   80 H   0.0409   0.959  0.000  0.000
   81 H   0.0344   0.966  0.000  0.000
   82 H   0.0348   0.965  0.000  0.000
   83 H   0.0356   0.964  0.000  0.000
   84 H   0.0358   0.964  0.000  0.000
   85 H   0.0328   0.967  0.000  0.000
   86 H   0.0317   0.968  0.000  0.000
   87 H   0.0354   0.965  0.000  0.000
   88 H   0.0328   0.967  0.000  0.000
   89 H   0.0317   0.968  0.000  0.000
   90 H   0.0390   0.961  0.000  0.000
   91 H   0.0303   0.970  0.000  0.000
   92 H   0.0289   0.971  0.000  0.000
   93 H   0.0310   0.969  0.000  0.000
   94 H   0.0360   0.964  0.000  0.000
   95 H   0.0330   0.967  0.000  0.000
   96 H   0.0360   0.964  0.000  0.000
   97 H   0.0269   0.973  0.000  0.000
   98 H   0.0316   0.968  0.000  0.000
   99 H   0.0312   0.969  0.000  0.000
  100 H   0.0309   0.969  0.000  0.000
  101 H   0.0261   0.974  0.000  0.000
  102 H   0.0269   0.973  0.000  0.000
  103 H   0.0308   0.969  0.000  0.000
  104 H   0.0293   0.971  0.000  0.000
  105 H   0.0291   0.971  0.000  0.000
  106 H   0.0258   0.974  0.000  0.000
  107 H   0.0347   0.965  0.000  0.000
  108 H   0.0321   0.968  0.000  0.000
  109 H   0.0356   0.964  0.000  0.000
  110 H   0.0320   0.968  0.000  0.000
  111 H   0.0282   0.972  0.000  0.000
  112 H   0.0346   0.965  0.000  0.000
  113 H   0.0330   0.967  0.000  0.000
  114 H   0.0356   0.964  0.000  0.000
  115 H   0.0290   0.971  0.000  0.000
  116 H   0.0295   0.971  0.000  0.000
 
 Wiberg/Mayer (AO) data. WBOs > 0.1 written file <wbo>
 largest (>0.05) Wiberg bond orders for each atom
           total WBO             WBO to atom ...
     1  C   3.980    H   70 0.978    H   68 0.978    H   69 0.976    C    2 0.966
     2  C   3.918    C    4 0.977    C    3 0.966    C    1 0.966    C    5 0.936
     3  C   3.980    H   72 0.978    H   71 0.978    H   73 0.976    C    2 0.966
     4  C   3.983    H   74 0.978    H   76 0.978    H   75 0.978    C    2 0.977
     5  C   3.943    C   10 1.435    C    6 1.346    C    2 0.936    C    8 0.093
     6  C   3.965    C    7 1.476    C    5 1.346    H   77 0.942    C    9 0.095
     7  C   3.967    C    6 1.476    C    8 1.350    H   78 0.944    C   10 0.103
     8  C   3.919    C    7 1.350    C    9 1.324    O   67 1.035    C    5 0.093
     9  C   3.911    C   10 1.356    C    8 1.324    B   11 0.967    C    6 0.095
    10  C   3.965    C    5 1.435    C    9 1.356    H   79 0.937    C    7 0.103
    11  B   3.350    C   66 1.022    C   12 0.968    C    9 0.967
    12  C   3.911    C   13 1.355    C   21 1.324    B   11 0.968    C   19 0.095
    13  C   3.965    C   14 1.435    C   12 1.355    H   80 0.937    C   20 0.103
    14  C   3.943    C   13 1.435    C   19 1.346    C   15 0.936    C   21 0.093
    15  C   3.918    C   16 0.977    C   17 0.966    C   18 0.966    C   14 0.936
    16  C   3.983    H   81 0.978    H   82 0.978    H   83 0.977    C   15 0.977
    17  C   3.980    H   86 0.978    H   85 0.978    H   84 0.976    C   15 0.966
    18  C   3.980    H   89 0.978    H   88 0.978    H   87 0.976    C   15 0.966
    19  C   3.965    C   20 1.477    C   14 1.346    H   90 0.942    C   12 0.095
    20  C   3.967    C   19 1.477    C   21 1.349    H   91 0.944    C   13 0.103
    21  C   3.919    C   20 1.349    C   12 1.324    O   22 1.035    C   14 0.093
    22  O   2.383    C   23 1.053    C   21 1.035
    23  C   3.925    C   24 1.382    C   66 1.293    O   22 1.053    C   64 0.089
    24  C   3.960    C   25 1.384    C   23 1.382    H   92 0.944    C   65 0.090
    25  C   3.928    C   64 1.387    C   24 1.384    N   26 0.973    C   66 0.082
    26  N   3.423    C   27 1.059    C   50 1.043    C   25 0.973
    27  C   3.922    C   28 1.368    C   32 1.261    N   26 1.059    C   30 0.090
    28  C   3.967    C   29 1.452    C   27 1.368    H   93 0.944    C   31 0.102
    29  C   3.950    C   28 1.452    C   30 1.393    H   94 0.945    C   32 0.089
    30  C   3.968    C   31 1.460    C   29 1.393    H   95 0.945    C   27 0.090
    31  C   3.957    C   30 1.460    C   32 1.351    H   96 0.940    C   28 0.102
    32  C   3.950    C   31 1.351    C   27 1.261    C   33 1.089    C   29 0.089
    33  C   3.929    C   34 1.319    C   50 1.244    C   32 1.089    C   42 0.069
    34  C   3.933    C   41 1.351    C   33 1.319    C   35 0.974    C   43 0.088
    35  C   3.954    C   40 1.383    C   36 1.379    C   34 0.974    C   38 0.110
    36  C   3.971    C   37 1.436    C   35 1.379    H   97 0.947    C   39 0.109
    37  C   3.972    C   36 1.436    C   38 1.428    H   98 0.946    C   40 0.109
    38  C   3.973    C   39 1.428    C   37 1.428    H   99 0.947    C   35 0.110
    39  C   3.973    C   40 1.437    C   38 1.428    H  100 0.946    C   36 0.109
    40  C   3.971    C   39 1.437    C   35 1.383    H  101 0.947    C   37 0.109
    41  C   3.915    C   34 1.351    C   42 1.243    N   57 1.050    C   50 0.068
    42  C   3.929    C   43 1.317    C   41 1.243    C   51 1.091    C   33 0.069
    43  C   3.933    C   50 1.354    C   42 1.317    C   44 0.974    C   34 0.088
    44  C   3.953    C   49 1.383    C   45 1.378    C   43 0.974    C   47 0.110
    45  C   3.971    C   46 1.437    C   44 1.378    H  102 0.947    C   48 0.109
    46  C   3.973    C   45 1.437    C   47 1.427    H  103 0.946    C   49 0.109
    47  C   3.973    C   48 1.428    C   46 1.427    H  104 0.947    C   44 0.110
    48  C   3.973    C   49 1.437    C   47 1.428    H  105 0.946    C   45 0.109
    49  C   3.970    C   48 1.437    C   44 1.383    H  106 0.947    C   46 0.109
    50  C   3.912    C   43 1.354    C   33 1.244    N   26 1.043    C   41 0.068
    51  C   3.951    C   52 1.350    C   56 1.260    C   42 1.091    C   54 0.089
    52  C   3.957    C   53 1.461    C   51 1.350    H  107 0.940    C   55 0.102
    53  C   3.968    C   52 1.461    C   54 1.391    H  108 0.945    C   56 0.089
    54  C   3.950    C   55 1.454    C   53 1.391    H  109 0.945    C   51 0.089
    55  C   3.968    C   54 1.454    C   56 1.366    H  110 0.944    C   52 0.102
    56  C   3.924    C   55 1.366    C   51 1.260    N   57 1.064    C   53 0.089
    57  N   3.428    C   56 1.064    C   41 1.050    C   58 0.962
    58  C   3.932    C   63 1.391    C   59 1.388    N   57 0.962    C   61 0.110
    59  C   3.971    C   60 1.437    C   58 1.388    H  111 0.947    C   62 0.110
    60  C   3.974    C   59 1.437    C   61 1.427    H  112 0.945    C   63 0.109
    61  C   3.973    C   62 1.430    C   60 1.427    H  113 0.946    C   58 0.110
    62  C   3.974    C   63 1.433    C   61 1.430    H  114 0.945    C   59 0.110
    63  C   3.971    C   62 1.433    C   58 1.391    H  115 0.947    C   60 0.109
    64  C   3.960    C   25 1.387    C   65 1.380    H  116 0.944    C   23 0.089
    65  C   3.925    C   64 1.380    C   66 1.296    O   67 1.053    C   24 0.090
    66  C   3.908    C   65 1.296    C   23 1.293    B   11 1.022    C   25 0.082
    67  O   2.380    C   65 1.053    C    8 1.035
    68  H   0.997    C    1 0.978
    69  H   0.999    C    1 0.976
    70  H   0.999    C    1 0.978
    71  H   0.997    C    3 0.978
    72  H   0.999    C    3 0.978
    73  H   0.999    C    3 0.976
    74  H   0.998    C    4 0.978
    75  H   0.999    C    4 0.978
    76  H   0.999    C    4 0.978
    77  H   0.993    C    6 0.942
    78  H   0.994    C    7 0.944
    79  H   0.998    C   10 0.937
    80  H   0.998    C   13 0.937
    81  H   0.998    C   16 0.978
    82  H   0.999    C   16 0.978
    83  H   0.999    C   16 0.977
    84  H   0.999    C   17 0.976
    85  H   0.997    C   17 0.978
    86  H   0.999    C   17 0.978
    87  H   0.999    C   18 0.976
    88  H   0.997    C   18 0.978
    89  H   0.999    C   18 0.978
    90  H   0.993    C   19 0.942
    91  H   0.994    C   20 0.944
    92  H   0.996    C   24 0.944
    93  H   0.997    C   28 0.944
    94  H   0.997    C   29 0.945
    95  H   0.997    C   30 0.945
    96  H   0.997    C   31 0.940
    97  H   0.999    C   36 0.947
    98  H   0.997    C   37 0.946
    99  H   0.996    C   38 0.947
   100  H   0.997    C   39 0.946
   101  H   0.999    C   40 0.947
   102  H   0.999    C   45 0.947
   103  H   0.997    C   46 0.946
   104  H   0.996    C   47 0.947
   105  H   0.997    C   48 0.946
   106  H   0.999    C   49 0.947
   107  H   0.997    C   52 0.940
   108  H   0.997    C   53 0.945
   109  H   0.997    C   54 0.945
   110  H   0.997    C   55 0.944
   111  H   0.999    C   59 0.947
   112  H   0.997    C   60 0.945
   113  H   0.998    C   61 0.946
   114  H   0.997    C   62 0.945
   115  H   0.999    C   63 0.947
   116  H   0.996    C   64 0.944
 
 --------------------------------------------
          xTB calculation for sTDA...
 --------------------------------------------
 
 reading parameter file /home/penavora/Exe_xtb_crest/.param_stda2.xtb
 
      method parameters     
 k(s)        :  1.6000
 k(p)        :  2.1800
 k(d)        :  1.9500
 k(f)        :  2.0000
 k(R-V)      :  2.2750
 k(R-R)      :  1.7650
 Tscal       :  0.2580
 Gscal       :  1.0000
 fpol        :  1.0000
 Zcnf        :  0.3430
 Zqf         :  0.0000
 kcn         :  2.7000
 Ryd Hsplit  :  0.7000
 lshift(virt):  3.1000
 lshift(OS)  :  0.2000
 wllscaling  :  2.6000
 
 mowrcut     : 3.000
 
  Z AO/shell   Hii/eV     exponent
  1     Sun Feb 14 09:53:25 CET 2016    EN: 2.327 GAM: 0.473  GM3: 0.0000
     1s    -14.339618    1.220000
     2sp    -3.348946    0.600000
  5     Sun Feb 21 12:17:47 CET 2016    EN: 3.405 GAM: 0.339  GM3: 0.0000
     2s    -11.906683    1.287851
     2p    -10.782319    1.444987
     3sp    -5.346133    0.718700
  6     Sun Feb 14 09:53:25 CET 2016    EN: 2.731 GAM: 0.422  GM3: 0.0000
     2s    -22.009312    1.565095
     2p    -13.020408    1.596905
     3sp    -3.914040    0.824500
  7     Sun Feb 14 09:53:25 CET 2016    EN: 3.573 GAM: 0.504  GM3: 0.0000
     2s    -25.722000    2.064844
     2p    -18.684912    1.801692
     3sp    -4.344791    0.921400
  8     Sun Feb 14 09:53:25 CET 2016    EN: 3.700 GAM: 0.587  GM3: 0.0000
     2s    -33.859000    2.418661
     2p    -22.175911    1.973969
     3sp    -4.259392    1.013700
 
 Nbf   :          781
 T(el) :     0.0
 calculating S/T integrals ...
 cpu time for ints    6.82468900000000     
 Nao   :          781
 making H0...
 making H1...
 cpu time for H       2.11865400000000     
 solving ...
 cpu time for diag    4.69424500000000     
 
 gap (eV)           :   5.786
 Koopmans IP (eV)   :  13.394
 Eel (Eh)           :  -277.092449

          eigenvalues
 #    :         149        150        151        152        153        154        155        156
 occ. :        2.000      2.000      2.000      2.000      2.000      2.000      2.000      2.000
 eps  :       -16.203    -16.116    -16.045    -15.997    -15.953    -15.893    -15.609    -15.540
 #    :         157        158        159        160        161        162        163        164
 occ. :        2.000      2.000      2.000      2.000      2.000      0.000      0.000      0.000
 eps  :       -15.440    -14.767    -14.608    -14.462    -13.395     -7.608     -6.864     -6.060
 #    :         165        166        167        168        169        170        171        172
 occ. :        0.000      0.000      0.000      0.000      0.000      0.000      0.000      0.000
 eps  :        -5.976     -5.908     -5.830     -5.816     -5.776     -5.743     -5.644     -5.557
                            1  SCC done.
 writing mo output ...
 molden style : F
 
speedup 18.46
cpu  time for all   23.48 s
wall time for all    1.27 s
