  45
 Etot=         -78.5878768816
 O          2.6625446498        1.5165775187       -2.2695511603
 S          3.0451304423        1.4880368564       -0.8813207679
 O          4.0748290532        2.3815019346       -0.4248544197
 C          3.4312447347       -0.1918286805       -0.4253684009
 C          2.9550679547       -1.2482045931       -1.1973429407
 C          3.1238990062       -2.5345815389       -0.7178731125
 C          3.7494320365       -2.7025737822        0.5113031959
 N          4.2072893587       -1.6915123152        1.2456226068
 C          4.0499596833       -0.4676912996        0.7863360995
 C          1.5943195774        1.6972427705        0.1357773185
 C          1.6585099594        2.3767920803        1.3488494074
 C          0.5717542788        2.3561430722        2.1981616247
 C         -0.5703684956        1.6327034035        1.8659318414
 C         -0.6135623071        0.9426413282        0.6512946245
 N         -1.7466973699        0.1534180562        0.3197186678
 C         -2.9461976187        0.7532252701        0.0345178362
 C         -3.1268711874        2.1430877015        0.0345887914
 C         -4.3508869221        2.6890366082       -0.2521685123
 C         -5.4548234812        1.8602198195       -0.5653256159
 C         -5.3019231429        0.4965814669       -0.6059085088
 C         -4.0662187334       -0.0820147462       -0.3197811496
 O         -3.9454778833       -1.4208825529       -0.4031183963
 C         -2.7571233342       -1.9966008034       -0.1361536007
 C         -2.6497625529       -3.3825806338       -0.2341862308
 C         -1.4644914249       -4.0097695100        0.0607633843
 C         -0.3475740346       -3.2497513091        0.4859235860
 C         -0.4267032546       -1.8856374391        0.5821733664
 C         -1.6129237126       -1.2107394336        0.2570259692
 C          0.4590358905        0.9818642722       -0.2194219770
 H          2.4870669500       -1.0382249528       -2.1465659066
 H          2.7779560379       -3.3874696300       -1.2812562096
 H          3.8998666545       -3.6856318743        0.9358795304
 H          4.4334005220        0.3393296596        1.3952413172
 H          2.5628774548        2.9120171975        1.5888144724
 H          0.6058520670        2.8879197298        3.1364442674
 H         -1.4120401160        1.5855993304        2.5389016214
 H         -2.2851618398        2.7791106830        0.2594616347
 H         -4.4767261534        3.7593400302       -0.2469273254
 H         -6.4108208710        2.3061791144       -0.7846967975
 H         -6.1205675138       -0.1572697499       -0.8618102922
 H         -3.5219256699       -3.9375003896       -0.5419354535
 H         -1.3824101041       -5.0811822867       -0.0173267117
 H          0.5723742392       -3.7500415977        0.7406184694
 H          0.4289895328       -1.3185373368        0.9143949542
 H          0.4310185052        0.4682196151       -1.1673794399
  45
 Etot=         -78.5878989190
 O          2.6628470805        1.5159624065       -2.2695152024
 S          3.0449921239        1.4879728054       -0.8810899884
 O          4.0744648094        2.3817786711       -0.4245712975
 C          3.4317015462       -0.1913168205       -0.4254661818
 C          2.9546581776       -1.2488509152       -1.1971816048
 C          3.1231327004       -2.5348647679       -0.7172857220
 C          3.7491107628       -2.7028016404        0.5117962363
 N          4.2070426954       -1.6903568717        1.2451547558
 C          4.0503306058       -0.4667451452        0.7865377660
 C          1.5942115856        1.6972911744        0.1352366956
 C          1.6584771611        2.3767799727        1.3490120195
 C          0.5718121219        2.3561439580        2.1980730222
 C         -0.5707817775        1.6329864826        1.8658444397
 C         -0.6136896722        0.9422367257        0.6511023366
 N         -1.7467236400        0.1532507983        0.3196733214
 C         -2.9463708246        0.7529556500        0.0343235074
 C         -3.1268964878        2.1424312050        0.0347895835
 C         -4.3514402843        2.6887195267       -0.2520047869
 C         -5.4542701549        1.8608169708       -0.5649309077
 C         -5.3012356903        0.4967960953       -0.6055949796
 C         -4.0656582280       -0.0814884957       -0.3197221582
 O         -3.9450873785       -1.4205826680       -0.4030043211
 C         -2.7564725232       -1.9962860465       -0.1361819251
 C         -2.6494521143       -3.3820283168       -0.2341894709
 C         -1.4639192418       -4.0095316620        0.0607546608
 C         -0.3481647089       -3.2503850895        0.4853672292
 C         -0.4273245539       -1.8856408784        0.5815781586
 C         -1.6132107813       -1.2110419504        0.2565698519
 C          0.4587804167        0.9813230937       -0.2196678577
 H          2.4871729982       -1.0393188275       -2.1466905818
 H          2.7776688419       -3.3880366573       -1.2804927252
 H          3.9004748060       -3.6856762730        0.9364051185
 H          4.4339344241        0.3402653990        1.3953275330
 H          2.5627467529        2.9121214540        1.5889845938
 H          0.6059902077        2.8878645702        3.1363767842
 H         -1.4122801725        1.5855919627        2.5389812954
 H         -2.2850808782        2.7782585480        0.2597299750
 H         -4.4771952162        3.7590176931       -0.2466656118
 H         -6.4102835240        2.3066974204       -0.7843124359
 H         -6.1198536706       -0.1571087403       -0.8615067107
 H         -3.5217137534       -3.9368267299       -0.5419290983
 H         -1.3819742098       -5.0809263254       -0.0174690435
 H          0.5719207304       -3.7505739091        0.7396753531
 H          0.4283642988       -1.3184068670        0.9134742394
 H          0.4304055039        0.4680940781       -1.1678242084
