  52
 Etot=         -75.3238763653
 C         -5.6676391701        1.6608884785        0.2600046318
 C         -4.9438712312        2.6280783625       -0.4368366152
 C         -3.5754066549        2.5677279811       -0.5032965795
 C         -2.8500247161        1.5042281316        0.1012852258
 C         -1.4342335252        1.4354744201       -0.0277213538
 C         -0.6726087212        2.6545595053       -0.0524122148
 C          0.6724710699        2.6545883713        0.0537420456
 C          1.4341905151        1.4355791475        0.0281288828
 C          2.8498784162        1.5043735701       -0.1013347700
 C          3.6111919073        0.5497583521       -0.8279218299
 C          4.9793082213        0.6312119765       -0.8989691603
 C          5.6675278185        1.6607623813       -0.2607085726
 C          4.9439893722        2.6280342002        0.4362919208
 C          3.5755507459        2.5678294445        0.5030735543
 C          0.6882071741        0.1990316160        0.0188945938
 C          1.4251694255       -1.0741253446        0.0983567522
 C          2.3185555489       -1.2924916818        1.1478555594
 C          3.0065296785       -2.4868909395        1.2488507740
 C          2.8246818622       -3.4783958988        0.2985671890
 C          1.9476188248       -3.2677520048       -0.7546412441
 C          1.2499557994       -2.0796657202       -0.8528639685
 C         -0.6882537536        0.1990205235       -0.0188089205
 C         -1.4251638071       -1.0742036309       -0.0983027420
 C         -2.3181885054       -1.2928379071       -1.1480248949
 C         -3.0060459747       -2.4873157437       -1.2489660515
 C         -2.8243889091       -3.4786074512       -0.2984268012
 C         -1.9476594723       -3.2676842412        0.7549963928
 C         -1.2501469039       -2.0795012604        0.8531872604
 C         -3.6115396615        0.5496565342        0.8276262648
 C         -4.9796749582        0.6312558431        0.8983869443
 H         -6.7439223169        1.7183988297        0.3165913274
 H         -5.4687531198        3.4307892856       -0.9359411276
 H         -3.0428166418        3.3030092316       -1.0873996096
 H         -1.2046023408        3.5934115030       -0.0650350161
 H          1.2043466730        3.5934954414        0.0670209708
 H          3.0981446284       -0.2172492121       -1.3851424458
 H          5.5274040526       -0.1038256042       -1.4715587400
 H          6.7438071839        1.7181630868       -0.3175222034
 H          5.4690685515        3.4306905967        0.9352831538
 H          3.0432003995        3.3031413596        1.0873556631
 H          2.4564408117       -0.5231222840        1.8944759029
 H          3.6894686147       -2.6443631300        2.0714111518
 H          3.3652661930       -4.4104406540        0.3757550092
 H          1.8083407713       -4.0338424034       -1.5040455209
 H          0.5778566638       -1.9150642951       -1.6827267999
 H         -2.4559352608       -0.5236343359       -1.8948398570
 H         -3.6887468195       -2.6450079089       -2.0716805550
 H         -3.3648580474       -4.4107203355       -0.3755973102
 H         -1.8085231924       -4.0336211648        1.5045831700
 H         -0.5782831971       -1.9146390715        1.6831918728
 H         -3.0986993436       -0.2174796398        1.3848558930
 H         -5.5279708884       -0.1037503679        1.4708188249
  52
 Etot=         -75.3239061207
 C         -5.6644514931        1.6587128662        0.2594060911
 C         -4.9415636239        2.6259494210       -0.4371275013
 C         -3.5735089173        2.5662903124       -0.5035502398
 C         -2.8485043890        1.5022639507        0.0992565685
 C         -1.4334503756        1.4352213068       -0.0287027111
 C         -0.6724771441        2.6541792010       -0.0529453070
 C          0.6723600947        2.6542098579        0.0542462004
 C          1.4334166300        1.4353259238        0.0291622248
 C          2.8483578551        1.5024019686       -0.0992721944
 C          3.6084435159        0.5456855847       -0.8235986001
 C          4.9760273558        0.6281868784       -0.8961279175
 C          5.6643186234        1.6585748039       -0.2601038149
 C          4.9416743640        2.6258935358        0.4366014005
 C          3.5736479348        2.5663929350        0.5033411106
 C          0.6877565647        0.1996573965        0.0189978316
 C          1.4241238126       -1.0726626917        0.0982260307
 C          2.3191040552       -1.2893914128        1.1460652069
 C          3.0069842966       -2.4833199983        1.2469070850
 C          2.8233852689       -3.4754212594        0.2981946511
 C          1.9442464276       -3.2661181156       -0.7530201492
 C          1.2459928761       -2.0788695573       -0.8511161353
 C         -0.6877873373        0.1996442912       -0.0188844488
 C         -1.4240921376       -1.0727559603       -0.0981645887
 C         -2.3187187118       -1.2897410120       -1.1462260140
 C         -3.0064928599       -2.4837443383       -1.2470248379
 C         -2.8230915513       -3.4756434488       -0.2980657561
 C         -1.9442861397       -3.2660731450        0.7533668165
 C         -1.2461662751       -2.0787378011        0.8514359122
 C         -3.6088187502        0.5455463783        0.8232550664
 C         -4.9764235699        0.6282078623        0.8955065261
 H         -6.7401397435        1.7169784207        0.3171848304
 H         -5.4666340301        3.4290263356       -0.9345205208
 H         -3.0410429249        3.3027846500       -1.0858438693
 H         -1.2047635339        3.5925936861       -0.0653728299
 H          1.2045316371        3.5926782744        0.0672781121
 H          3.0951035925       -0.2211072514       -1.3798778032
 H          5.5240121825       -0.1061504808       -1.4688851430
 H          6.7399959403        1.7167603525       -0.3181623622
 H          5.4669498926        3.4289089359        0.9338797169
 H          3.0414233172        3.3029458921        1.0857774118
 H          2.4593713823       -0.5188994351        1.8903826741
 H          3.6897572986       -2.6410180863        2.0690294412
 H          3.3639320466       -4.4070267044        0.3753281561
 H          1.8048352847       -4.0325614539       -1.5014407569
 H          0.5716075472       -1.9155779730       -1.6788964531
 H         -2.4588539398       -0.5193885191       -1.8907141951
 H         -3.6890153961       -2.6416588159       -2.0693134406
 H         -3.3635481501       -4.4073034288       -0.3751748463
 H         -1.8050280280       -4.0323625620        1.5019728077
 H         -0.5720049449       -1.9152176488        1.6793558322
 H         -3.0956889250       -0.2213621107        1.3795660677
 H         -5.5245931148       -0.1059818685        1.4682746911
