  75
 Etot=        -117.1683343251
 N         -0.0000186202        1.2623199409       -0.6561009892
 C         -0.0000058493        0.1462235860       -0.3809833659
 C         -0.0000019622       -1.2403564788       -0.1461945123
 C          1.2042370128       -1.9779763746       -0.0991917364
 C          2.5186785447       -1.3536244149       -0.0353501934
 C          2.7366386372       -0.1331929037        0.6064373694
 C          3.9939401261        0.4242411796        0.6456954966
 C          5.0789155991       -0.2141652090        0.0358501345
 N          6.3408334176        0.3629343146        0.0551755306
 C          7.4919826472       -0.4394201004        0.0770051426
 C          7.5347090780       -1.5951911078        0.8552254942
 C          8.6736763198       -2.3768032625        0.8750562381
 C          9.7851402535       -2.0159956775        0.1310794909
 C          9.7491195918       -0.8646171083       -0.6382935696
 C          8.6120443415       -0.0806604820       -0.6709970261
 C          6.4858043736        1.7592544795        0.0453790397
 C          5.6456296109        2.5542285030       -0.7325974256
 C          5.7999126241        3.9270843700       -0.7391149569
 C          6.7945344640        4.5251219203        0.0172815164
 C          7.6355820499        3.7380946865        0.7866526122
 C          7.4837826026        2.3650059028        0.8068141504
 C          4.8649496369       -1.4492646713       -0.5868439490
 C          3.6105021525       -2.0105268096       -0.6097202772
 N          1.1766729284       -3.3109666861       -0.1330721291
 C          0.0000004257       -3.8977207504       -0.1833496526
 N         -1.1766726151       -3.3109693186       -0.1330548896
 C         -1.2042392206       -1.9779791367       -0.0991774898
 C         -2.5186819219       -1.3536305351       -0.0353258222
 C         -2.7366433970       -0.1332020568        0.6064670918
 C         -3.9939453292        0.4242311008        0.6457247857
 C         -5.0789190261       -0.2141723283        0.0358729074
 N         -6.3408346974        0.3629324928        0.0551890769
 C         -6.4857965190        1.7592534362        0.0453824028
 C         -7.4837799796        2.3650169505        0.8068009847
 C         -7.6355665111        3.7381071249        0.7866315213
 C         -6.7944993208        4.5251238694        0.0172710094
 C         -5.7998732406        3.9270740502       -0.7391102833
 C         -5.6456050114        2.5542166737       -0.7325871057
 C         -7.4919885979       -0.4394154041        0.0770062985
 C         -8.6120390619       -0.0806505113       -0.6710102000
 C         -9.7491206069       -0.8645983634       -0.6383168685
 C         -9.7851592401       -2.0159728904        0.1310614070
 C         -8.6737062068       -2.3767862825        0.8750516463
 C         -7.5347319852       -1.5951839314        0.8552294429
 C         -4.8649527609       -1.4492715011       -0.5868211729
 C         -3.6105049150       -2.0105330384       -0.6096966642
 H          1.9253039755        0.3679788107        1.1118966488
 H          4.1504098927        1.3597908107        1.1613932160
 H          6.6727462151       -1.8712808129        1.4447707369
 H          8.6958506324       -3.2691560276        1.4829544394
 H         10.6741777041       -2.6276904240        0.1516737066
 H         10.6100465775       -0.5780186741       -1.2239669316
 H          8.5818885890        0.8131426757       -1.2767946815
 H          4.8760282827        2.0897619136       -1.3313415399
 H          5.1431018005        4.5322935942       -1.3459580903
 H          6.9138959178        5.5978001553        0.0067306298
 H          8.4112547988        4.1963416735        1.3822801626
 H          8.1350670943        1.7525809473        1.4132102114
 H          5.6923535659       -1.9548708412       -1.0620440537
 H          3.4443157901       -2.9596509208       -1.0949558999
 H          0.0000010471       -4.9787899441       -0.2516309581
 H         -1.9253090147        0.3679696548        1.1119268971
 H         -4.1504165145        1.3597796287        1.1614241702
 H         -8.1350768906        1.7526007664        1.4131925648
 H         -8.4112403822        4.1963641575        1.3822497958
 H         -6.9138501370        5.5978031615        0.0067149525
 H         -5.1430519150        4.5322741418       -1.3459511083
 H         -4.8760024421        2.0897403079       -1.3313219919
 H         -8.5818697531        0.8131504704       -1.2768103871
 H        -10.6100389352       -0.5779950958       -1.2240006301
 H        -10.6742015953       -2.6276608200        0.1516479377
 H         -8.6958930398       -3.2691386664        1.4829499656
 H         -6.6727771317       -1.8712793826        1.4447836991
 H         -5.6923559858       -1.9548770483       -1.0620230910
 H         -3.4443174720       -2.9596561442       -1.0949338514
