  145
 Etot=        -197.7994991748
 C         -0.9094746212       -7.4163459037        0.6456708500
 C          0.5609204170       -7.5379769988        0.2194787505
 C          1.3533828268       -8.2991959007        1.2917084561
 C          0.6164468656       -8.3454926670       -1.0800309470
 C          1.1448587494       -6.1433616661        0.0680256096
 C          1.6868615156       -5.6721446393       -1.1227794934
 C          2.1852912456       -4.3860247013       -1.2301332392
 C          2.1557058817       -3.5311892260       -0.1362546358
 N          2.5975089638       -2.1851240038       -0.2277683051
 C          3.9515278540       -1.9067350648       -0.2944755789
 C          4.8584080201       -2.9647229560       -0.3826256753
 C          6.2115003275       -2.7302253078       -0.5366315254
 C          6.7062578696       -1.4267486775       -0.6299172847
 C          8.1919898948       -1.2130099968       -0.8641519702
 C          8.5796369955       -1.8592485659       -2.2021983829
 C          8.9825319720       -1.8697530941        0.2769437242
 C          8.5802110580        0.2667426330       -0.9170641775
 C          5.8024427731       -0.3856408850       -0.4866154489
 C          4.4292586928       -0.5657047326       -0.2599139088
 B          3.4175879252        0.5640590243        0.0065130265
 C          3.6246478707        2.0560972406        0.3182822089
 C          4.8467233561        2.6397166972        0.6906138491
 C          5.0406222290        4.0032078098        0.8338495331
 C          6.3709040102        4.6190001035        1.2317852549
 C          6.1772874541        5.4178864209        2.5289900956
 C          6.8485403725        5.5556496163        0.1125052967
 C          7.4629830693        3.5738187341        1.4727723286
 C          3.9513824345        4.8415515305        0.5736496355
 C          2.7078393080        4.3161950797        0.2817624793
 C          2.5068068198        2.9357413404        0.2158876346
 N          1.2271312846        2.4425697706        0.0273621273
 C          0.1383490508        3.3229626492       -0.1869572429
 C         -0.5351812885        3.2830829962       -1.4063209782
 C         -1.6408806059        4.0757072079       -1.6197174170
 C         -2.1147453961        4.9483521241       -0.6387863701
 C         -3.3448171453        5.7932865945       -0.9248992200
 C         -4.5321859302        4.8691671756       -1.2331929473
 C         -3.7330955621        6.6915650624        0.2527316596
 C         -3.0573301524        6.6909801081       -2.1374061496
 C         -1.4206924108        4.9934183517        0.5660202394
 C         -0.3181398465        4.1898856679        0.7989088600
 C          0.9260544152        1.0868670367       -0.0139986247
 C         -0.4037363253        0.6801424704        0.0244475695
 C         -0.7410126502       -0.6599309855       -0.1955923492
 N         -2.1173691222       -0.9608945532       -0.3031278937
 C         -2.7767091114       -1.8466152046        0.5366260697
 C         -2.0921544941       -2.8324699526        1.2487836056
 C         -2.7803146356       -3.7683637920        1.9936169546
 C         -4.1626490650       -3.7446150886        2.0407130336
 C         -4.8453377801       -2.7294972811        1.3928920661
 C         -4.1721730446       -1.7651725715        0.6607508373
 C         -4.8792293422       -0.5262695900        0.1347083740
 C         -6.3477622425       -0.7922203609       -0.1340221401
 C         -7.3603813443        0.0297015409        0.3393087430
 C         -8.6844617235       -0.2403378631        0.0343143631
 C         -9.0128556442       -1.3292167258       -0.7526074994
 C         -8.0066145427       -2.1448358611       -1.2443506341
 C         -6.6861611131       -1.8750116359       -0.9411477358
 C         -4.6637384225        0.5334336886        1.2178212652
 C         -4.0025317769        1.7273003672        0.9644179992
 C         -3.7753469107        2.6383409193        1.9827630651
 C         -4.2149409200        2.3771250373        3.2670079475
 C         -4.8852760303        1.1934767780        3.5279590006
 C         -5.1000560470        0.2790277828        2.5146888638
 C         -4.2118299294       -0.0897489970       -1.1511428518
 C         -4.9029625247        0.5817389979       -2.1466523909
 C         -4.2503001450        1.0571230022       -3.2709726529
 C         -2.8877529744        0.8494429137       -3.4097256916
 C         -2.1855425703        0.1762171672       -2.4320065237
 C         -2.8338068125       -0.2881683030       -1.2851829225
 C          0.2715200684       -1.6015816457       -0.3703619402
 C          1.6044321156       -1.2170467139       -0.2068789858
 C          1.9693234314        0.1390901506       -0.0704056504
 C          1.6320172336       -3.9929393475        1.0670159794
 C          1.1389665402       -5.2771198413        1.1611815667
 H         -1.0044096500       -6.9286696345        1.6115334309
 H         -1.3606199131       -8.4034987183        0.7186085351
 H         -1.4680585216       -6.8337690387       -0.0841188965
 H          0.9538250369       -9.3041834822        1.4089714792
 H          2.3997583667       -8.3753238557        1.0031629511
 H          1.3015661153       -7.7980385077        2.2542879573
 H          0.1813010108       -9.3287832257       -0.9137282392
 H          1.6427362634       -8.4860275436       -1.4114186742
 H          0.0489964543       -7.8568426217       -1.8687232043
 H          1.7204524484       -6.3011720856       -1.9970141424
 H          2.5890854016       -4.0340867099       -2.1682606993
 H          4.5104001995       -3.9856140791       -0.3344861773
 H          6.8742086428       -3.5793917667       -0.6002101542
 H          9.6416748844       -1.7187758574       -2.3940414395
 H          8.3710926533       -2.9256360089       -2.2007573773
 H          8.0178933178       -1.4031579264       -3.0149568738
 H         10.0493174609       -1.7066527038        0.1362575621
 H          8.8053893814       -2.9407704124        0.3184431068
 H          8.6897772065       -1.4385638315        1.2321751454
 H          8.0570185505        0.7818328690       -1.7194114463
 H          8.3599254022        0.7577602990        0.0278250471
 H          9.6495397157        0.3557500413       -1.1005557081
 H          6.1479181755        0.6298389827       -0.5618061340
 H          5.6624264174        1.9649270285        0.8799042386
 H          5.8313085727        4.7613702529        3.3248913545
 H          5.4456759050        6.2107265387        2.3995385706
 H          7.1187785170        5.8686144150        2.8369806741
 H          6.1447994812        6.3662199672       -0.0547422083
 H          6.9583924193        5.0021644426       -0.8179080504
 H          7.8120618600        5.9896322956        0.3726435112
 H          8.3823313050        4.0718360655        1.7757343415
 H          7.6691869851        3.0133257290        0.5641813442
 H          7.1778127411        2.8831240692        2.2629693552
 H          4.0577172176        5.9145196284        0.6139046319
 H          1.8877653726        4.9950667470        0.1039573422
 H         -0.1860719411        2.6154915753       -2.1799991573
 H         -2.1427223150        4.0064474105       -2.5724995770
 H         -4.7696927030        4.2554006184       -0.3669820928
 H         -4.3178338439        4.2073610766       -2.0680659691
 H         -5.4091165923        5.4621034351       -1.4844247007
 H         -3.9724345767        6.1018180860        1.1347927630
 H         -2.9348340402        7.3899569560        0.4938767237
 H         -4.6162727310        7.2700624386       -0.0103045543
 H         -2.8516789557        6.1014558665       -3.0263755898
 H         -2.1950659659        7.3250550285       -1.9410386876
 H         -3.9146262321        7.3284777913       -2.3426306525
 H         -1.7366054615        5.6560518993        1.3559440500
 H          0.1834876646        4.2209383942        1.7550888280
 H         -1.2040158795        1.3850001761        0.1869178693
 H         -1.0154669055       -2.8611661449        1.2306107886
 H         -2.2304174471       -4.5245768661        2.5338898746
 H         -4.7060795035       -4.4889939722        2.6023958702
 H         -5.9220944621       -2.6821185398        1.4693438712
 H         -7.1189794440        0.8897722121        0.9464091060
 H         -9.4615496425        0.4078205583        0.4130555679
 H        -10.0460381499       -1.5391016811       -0.9872452498
 H         -8.2523586073       -2.9922508602       -1.8677375015
 H         -5.9019920184       -2.5089289071       -1.3305012325
 H         -3.6607345600        1.9624232385       -0.0329988769
 H         -3.2439401338        3.5528273011        1.7631607998
 H         -4.0368284451        3.0885702143        4.0599998387
 H         -5.2370833174        0.9786681896        4.5265919683
 H         -5.6134294225       -0.6455083922        2.7324606153
 H         -5.9628283861        0.7535682743       -2.0311700425
 H         -4.8030032341        1.5886884343       -4.0308216525
 H         -2.3695898930        1.2083688263       -4.2870697848
 H         -1.1269432477       -0.0002220820       -2.5484211525
 H          0.0165168473       -2.6148600456       -0.6376712705
 H          1.6144203648       -3.3328439396        1.9224351723
 H          0.7395288217       -5.6039091713        2.1089003876
