  57
 Etot=         -90.4487836474
 C         -5.5616133423       -2.5840169364       -0.0687883373
 C         -5.6928031404       -1.2004327822       -0.0801770519
 C         -4.5657247044       -0.4003008325       -0.0594770796
 C         -3.2932866366       -0.9553052294       -0.0282123688
 C         -3.1705960397       -2.3470515100       -0.0187467245
 C         -4.3093802211       -3.1569117198       -0.0384313222
 O         -1.9742379987       -2.9881398301        0.0078302073
 C         -0.8248579526       -2.2633123643        0.0171107875
 C          0.3796792344       -2.9857919281        0.0309364048
 C          1.5764496433       -2.3308096669        0.0357367352
 C          1.6419825546       -0.9095038114        0.0290817629
 C          2.9154141319       -0.2754983745        0.0290635621
 C          3.1215990184        1.1240464059        0.0217333886
 C          4.3825727330        1.6417430029        0.0049625151
 C          5.5244505626        0.7840663113       -0.0044441841
 C          6.8401092277        1.2207190695       -0.0212975256
 C          7.8999409458        0.3164371334       -0.0281778186
 C          7.6437713559       -1.0473081528       -0.0145324713
 C          6.3480533961       -1.5211267541        0.0042880118
 C          5.2532218844       -0.6276365158        0.0100140401
 N          4.0153097258       -1.0769268373        0.0311790928
 C          0.4166229622       -0.2081911096        0.0186125838
 C         -0.7950498599       -0.8587770427        0.0116856935
 C         -2.0778113854       -0.0637428207       -0.0033641268
 C         -2.1338493888        0.8909909346        1.1777085842
 C         -2.1456158818        0.5850154568        2.5205713061
 C         -2.2006682177        1.6282327992        3.4363689934
 C         -2.2424190643        2.9466907828        3.0087890266
 C         -2.2297845036        3.2576509642        1.6579950735
 C         -2.1749701131        2.2219908999        0.7393987549
 C         -2.1496970738        2.2325002752       -0.7159579659
 C         -2.1699950785        3.2811551237       -1.6211484783
 C         -2.1353839270        2.9891312610       -2.9758217508
 C         -2.0815530068        1.6766740806       -3.4201781823
 C         -2.0606070831        0.6206130791       -2.5178814197
 C         -2.0948650172        0.9077488333       -1.1713094478
 H         -6.4387183345       -3.2126642967       -0.0841948981
 H         -6.6725250835       -0.7488621025       -0.1048632121
 H         -4.6636080330        0.6753153580       -0.0679075609
 H         -4.1760213856       -4.2275582353       -0.0294317678
 H          0.3266646555       -4.0637830776        0.0366078720
 H          2.5072742705       -2.8759010458        0.0455300970
 H          2.2642546101        1.7785912151        0.0252214717
 H          4.5415576232        2.7104258137       -0.0055038460
 H          7.0374489318        2.2837560921       -0.0278012658
 H          8.9164380871        0.6794731669       -0.0429866289
 H          8.4663025505       -1.7480944837       -0.0193523413
 H          6.1399101541       -2.5799478690        0.0113720705
 H          0.4121681336        0.8704750793        0.0133246687
 H         -2.1122090733       -0.4411281397        2.8574503779
 H         -2.2103092408        1.4083815177        4.4938785183
 H         -2.2850309447        3.7416444760        3.7392441610
 H         -2.2619257120        4.2859429796        1.3297830826
 H         -2.2115483131        4.3048732529       -1.2800428417
 H         -2.1503828261        3.7943541572       -3.6960258738
 H         -2.0548618994        1.4714082079       -4.4802388419
 H         -2.0170498753       -0.4007799654       -2.8678051699
  57
 Etot=         -90.4488112294
 C         -5.5597640354       -2.5829093964       -0.0685176339
 C         -5.6911567887       -1.1998632798       -0.0796949658
 C         -4.5641555038       -0.4000506833       -0.0591739011
 C         -3.2921275817       -0.9552380362       -0.0282772584
 C         -3.1688854963       -2.3465338603       -0.0186082996
 C         -4.3077231975       -3.1556784238       -0.0381942528
 O         -1.9737015814       -2.9874298746        0.0079123023
 C         -0.8247140804       -2.2622373738        0.0170494687
 C          0.3798243766       -2.9840376919        0.0309549346
 C          1.5765539008       -2.3291167155        0.0357588216
 C          1.6415545461       -0.9084347020        0.0288982709
 C          2.9148903045       -0.2753264007        0.0287148879
 C          3.1211695058        1.1237863064        0.0215169540
 C          4.3819490890        1.6410933605        0.0046136288
 C          5.5233724841        0.7835168447       -0.0045988036
 C          6.8387318968        1.2197346123       -0.0211678180
 C          7.8983603908        0.3157111118       -0.0276995280
 C          7.6419781629       -1.0476005143       -0.0142791846
 C          6.3464359651       -1.5210674112        0.0047611978
 C          5.2517101607       -0.6278719731        0.0101713355
 N          4.0143214347       -1.0750053753        0.0308956331
 C          0.4165980941       -0.2071017177        0.0183668883
 C         -0.7945063559       -0.8582960486        0.0114528201
 C         -2.0772009987       -0.0634418826       -0.0035832254
 C         -2.1338295181        0.8905920603        1.1768756483
 C         -2.1457143942        0.5841822735        2.5192294026
 C         -2.2002804314        1.6270652133        3.4350087315
 C         -2.2418404993        2.9454718612        3.0079436792
 C         -2.2291175635        3.2568100429        1.6574982771
 C         -2.1747487773        2.2215229204        0.7390530896
 C         -2.1496549971        2.2320577912       -0.7158658173
 C         -2.1699348038        3.2803937356       -1.6208030381
 C         -2.1355187096        2.9881587586       -2.9751722772
 C         -2.0816111627        1.6758254140       -3.4192502343
 C         -2.0606590498        0.6199985415       -2.5170577457
 C         -2.0948539934        0.9074303815       -1.1709140429
 H         -6.4369891725       -3.2113435217       -0.0839988747
 H         -6.6709585411       -0.7485832056       -0.1041926100
 H         -4.6621080234        0.6756351440       -0.0671226601
 H         -4.1748086033       -4.2261432368       -0.0296511787
 H          0.3266117747       -4.0617684229        0.0366489124
 H          2.5076272587       -2.8735345727        0.0457478877
 H          2.2636215504        1.7778541850        0.0251350321
 H          4.5412457809        2.7095408331       -0.0054477383
 H          7.0360587043        2.2825558467       -0.0274532477
 H          8.9146354709        0.6787331711       -0.0426351829
 H          8.4644428944       -1.7480498605       -0.0192119576
 H          6.1383495357       -2.5794192663        0.0115346473
 H          0.4119203519        0.8717175202        0.0130711775
 H         -2.1125708278       -0.4421311145        2.8551211374
 H         -2.2103547074        1.4073467482        4.4922830885
 H         -2.2846632142        3.7401668613        3.7383839089
 H         -2.2614204633        4.2851372301        1.3294076856
 H         -2.2115829207        4.3041003995       -1.2796114982
 H         -2.1505331476        3.7932218017       -3.6952722139
 H         -2.0549048171        1.4709558231       -4.4791887086
 H         -2.0171336413       -0.4015579360       -2.8659872113
