  89
 Etot=        -135.0407321214
 C          6.3750608659        2.9331323326       -0.2679849422
 C          5.1866283090        2.7239338072        0.6900955447
 C          5.6368266030        2.9303674802        2.1495505891
 C          4.1080280432        3.7445164329        0.3913236789
 C          4.4195211680        5.0950279499        0.4915500204
 C          3.4610382085        6.0827921811        0.3760075918
 C          2.1397522284        5.7100011006        0.2107964259
 C          1.8099302159        4.3766692578        0.0835671733
 C          2.7877212078        3.3764180984        0.1083803087
 N          2.4522883893        2.0377087047       -0.1209571973
 C          1.0958561998        1.6492588333       -0.0402348721
 C          0.1466131630        2.1337660879       -0.9413679578
 C         -1.1746931484        1.7544509661       -0.8332988718
 C         -1.5881658845        0.8843341963        0.1741704755
 C         -3.0009688665        0.4994521806        0.2558815706
 C         -3.6136370139        0.1378365650        1.4556748355
 C         -4.9680398881       -0.1897369487        1.4088230991
 C         -5.7287366939       -0.5677751143        2.6077187654
 C         -5.1187888972       -1.2017043425        3.6882775882
 C         -5.8600264846       -1.5449700957        4.8040823398
 C         -7.2142444650       -1.2570558379        4.8581304077
 C         -7.8299485200       -0.6321407272        3.7851173329
 C         -7.0942627157       -0.2939765245        2.6654062710
 N         -5.6414016057       -0.1517478514        0.2597419160
 C         -4.9809770482        0.2018591481       -0.8381158557
 C         -5.7285254031        0.2327792471       -2.0997355495
 C         -5.0753160203        0.5266588823       -3.2956954583
 C         -5.7801452784        0.5543601307       -4.4839560891
 C         -7.1409686395        0.2894501701       -4.4923951973
 C         -7.7962883319       -0.0056368720       -3.3067611059
 C         -7.0959387346       -0.0363566799       -2.1157700067
 N         -3.6943406625        0.5300505751       -0.8815286702
 C         -0.6365550818        0.3915456148        1.0643617597
 C          0.6859758295        0.7703881581        0.9589614673
 C          3.4194773384        1.0350919832       -0.0226080108
 C          4.6844011454        1.3056683223        0.5048713483
 C          5.5446577332        0.2553311263        0.8271002906
 C          5.1956672701       -1.0672664233        0.6698683501
 C          3.9959432706       -1.3287835526        0.0274025635
 C          3.1434500549       -0.2933797907       -0.4211401728
 C          2.1450742947       -0.9425893581       -1.2377772319
 C          1.1735919241       -0.5091836867       -2.1356959944
 C          0.3861927052       -1.4369038567       -2.7873304370
 C          0.5532990129       -2.8024487895       -2.5754924147
 C          1.5693308818       -3.2687487775       -1.7655306157
 C          2.3855090349       -2.3361974826       -1.1413574588
 N          3.4990350668       -2.5535320428       -0.3634231814
 C          4.0800987238       -3.7976092483       -0.0683658521
 C          4.3690518101       -4.1317708511        1.2516348677
 C          4.9479044884       -5.3530975697        1.5446310040
 C          5.2332858184       -6.2516112803        0.5295238276
 C          4.9437382086       -5.9214902072       -0.7844014400
 C          4.3744650222       -4.6979179202       -1.0878363067
 H          6.8210914536        3.9137707006       -0.1282979042
 H          6.0376146867        2.8511040243       -1.2999092438
 H          7.1427040598        2.1827939722       -0.0989837477
 H          4.8149483387        2.7053969215        2.8274002186
 H          6.4736868367        2.2834277109        2.3961337887
 H          5.9447322940        3.9587234200        2.3170387896
 H          5.4407949077        5.3884072714        0.6810136925
 H          3.7372259799        7.1238673595        0.4493670067
 H          1.3582396883        6.4550847663        0.1790682136
 H          0.7693954047        4.1165563078       -0.0153082915
 H          0.4535431841        2.7885384002       -1.7445783577
 H         -1.9092800647        2.1226517315       -1.5326057300
 H         -3.0745289134        0.1584495552        2.3877010909
 H         -4.0682160602       -1.4496670857        3.6476880887
 H         -5.3795059250       -2.0414610867        5.6346240711
 H         -7.7887998268       -1.5234199801        5.7329870757
 H         -8.8861115687       -0.4088830203        3.8223022927
 H         -7.5590621566        0.1935940024        1.8220976492
 H         -4.0150802578        0.7256009371       -3.2717239038
 H         -5.2684882460        0.7813726307       -5.4080250292
 H         -7.6902285040        0.3124062968       -5.4223338447
 H         -8.8563932399       -0.2137268273       -3.3131192573
 H         -7.5898962371       -0.2695146018       -1.1853053368
 H         -0.9241801636       -0.3058877197        1.8367354704
 H          1.4139594013        0.3848462495        1.6577998342
 H          6.5105401479        0.4790302140        1.2511936556
 H          5.8507910517       -1.8629602452        0.9870182755
 H          1.0452124296        0.5370361834       -2.3494375405
 H         -0.3741652806       -1.0961498138       -3.4747465026
 H         -0.0978522478       -3.5049187572       -3.0750757674
 H          1.7331409490       -4.3273711967       -1.6301971120
 H          4.1303375447       -3.4337781863        2.0405513027
 H          5.1701718839       -5.6068490282        2.5707705552
 H          5.6814555803       -7.2060705454        0.7617404065
 H          5.1699260382       -6.6167825562       -1.5794844950
 H          4.1667464525       -4.4279655119       -2.1126294208
  89
 Etot=        -135.0407814593
 C          6.3737908663        2.9326332774       -0.2669427027
 C          5.1852696481        2.7229559021        0.6895877800
 C          5.6357171425        2.9300314404        2.1479771444
 C          4.1073810089        3.7432143344        0.3911505659
 C          4.4192558022        5.0930797209        0.4920104542
 C          3.4608015442        6.0806011021        0.3764634072
 C          2.1399669736        5.7077882599        0.2092941139
 C          1.8097442377        4.3747906547        0.0820028134
 C          2.7873774291        3.3745890320        0.1083581316
 N          2.4524463327        2.0371941709       -0.1212360143
 C          1.0959520986        1.6487080210       -0.0409444229
 C          0.1469093572        2.1324086845       -0.9421136090
 C         -1.1742720318        1.7520096448       -0.8347100832
 C         -1.5869941481        0.8814702359        0.1720724336
 C         -3.0001922170        0.4978822667        0.2549344795
 C         -3.6122806545        0.1371443170        1.4550031046
 C         -4.9669153415       -0.1892397971        1.4080606527
 C         -5.7277428090       -0.5675484219        2.6064095149
 C         -5.1185077235       -1.2011771670        3.6869557176
 C         -5.8598552124       -1.5441268462        4.8024048104
 C         -7.2136472916       -1.2560595975        4.8560222329
 C         -7.8286901299       -0.6318460052        3.7826486020
 C         -7.0929443772       -0.2942550494        2.6631135670
 N         -5.6400749457       -0.1500706639        0.2603826878
 C         -4.9797285096        0.2025359777       -0.8373500350
 C         -5.7274406476        0.2333343276       -2.0984250079
 C         -5.0744176030        0.5274116607       -3.2939364895
 C         -5.7793885240        0.5547882935       -4.4817865068
 C         -7.1399675181        0.2902362472       -4.4899989705
 C         -7.7946718102       -0.0055654947       -3.3046348795
 C         -7.0945101206       -0.0358220304       -2.1138391972
 N         -3.6931901210        0.5299817752       -0.8812583507
 C         -0.6354059293        0.3896007699        1.0620802546
 C          0.6868127812        0.7695482477        0.9575440712
 C          3.4190082034        1.0351468484       -0.0226696406
 C          4.6838435749        1.3051700878        0.5048029879
 C          5.5441549274        0.2555573843        0.8276862564
 C          5.1948930619       -1.0670756851        0.6711734594
 C          3.9949113951       -1.3282941011        0.0293442465
 C          3.1425977877       -0.2932159417       -0.4196568613
 C          2.1435978021       -0.9421083594       -1.2353714737
 C          1.1711802059       -0.5080423679       -2.1315595451
 C          0.3844557348       -1.4357245928       -2.7833822511
 C          0.5532150760       -2.8011120647       -2.5737809440
 C          1.5704381472       -3.2677638391       -1.7658714069
 C          2.3852264699       -2.3352361093       -1.1407073847
 N          3.4985630583       -2.5524774316       -0.3622802921
 C          4.0794129299       -3.7953458261       -0.0680746925
 C          4.3706548194       -4.1293520333        1.2513361979
 C          4.9484798940       -5.3509448052        1.5438107101
 C          5.2322249928       -6.2496146342        0.5287565653
 C          4.9412067796       -5.9196099901       -0.7845927851
 C          4.3714905085       -4.6964225458       -1.0874452704
 H          6.8192924277        3.9134219576       -0.1275575714
 H          6.0360091843        2.8498842259       -1.2981932446
 H          7.1410411881        2.1823104970       -0.0973557040
 H          4.8129166110        2.7064007179        2.8244887153
 H          6.4713720286        2.2819638350        2.3952562785
 H          5.9440915399        3.9582207748        2.3145574261
 H          5.4403761520        5.3862668942        0.6816579347
 H          3.7369378204        7.1214106228        0.4498694081
 H          1.3590591532        6.4530462740        0.1773000053
 H          0.7694814110        4.1148264061       -0.0172340743
 H          0.4546514793        2.7881518038       -1.7441719950
 H         -1.9094076451        2.1197748169       -1.5334772063
 H         -3.0730037511        0.1578374006        2.3872205834
 H         -4.0679960103       -1.4496403024        3.6470732532
 H         -5.3798979313       -2.0406831803        5.6332561306
 H         -7.7883497400       -1.5222156406        5.7309020253
 H         -8.8850404467       -0.4096019796        3.8197670746
 H         -7.5580166528        0.1905899230        1.8186288372
 H         -4.0143524729        0.7266586558       -3.2701365648
 H         -5.2685261800        0.7818832832       -5.4063445165
 H         -7.6893244217        0.3125831116       -5.4200390774
 H         -8.8546923822       -0.2140957007       -3.3116605798
 H         -7.5882896562       -0.2692360127       -1.1834774025
 H         -0.9230526878       -0.3074377902        1.8347614129
 H          1.4155661305        0.3840742656        1.6555368234
 H          6.5102503730        0.4797567098        1.2507722787
 H          5.8505979614       -1.8629593509        0.9866205042
 H          1.0431282901        0.5380918312       -2.3449293303
 H         -0.3755789502       -1.0953415562       -3.4705378093
 H         -0.0972706721       -3.5034271125       -3.0735552635
 H          1.7353855564       -4.3263232092       -1.6314274933
 H          4.1328227579       -3.4312510548        2.0402492596
 H          5.1710880705       -5.6050921329        2.5696312459
 H          5.6802392077       -7.2040404368        0.7605794456
 H          5.1673872298       -6.6146684128       -1.5796429433
 H          4.1628765751       -4.4264312241       -2.1118454961
