  121
 Etot=        -183.5484536872
 C         -8.6024911765       -4.1474326461       -0.0484218264
 C         -7.2455364854       -4.7174399908        0.4064320420
 C         -7.4292062288       -6.1329686700        0.9855625866
 C         -6.3265638069       -4.7986257319       -0.7973304890
 C         -6.7050783407       -5.5617799718       -1.8943507639
 C         -5.9265910441       -5.6494859111       -3.0334491663
 C         -4.7415747601       -4.9385425222       -3.0971073805
 C         -4.3408313251       -4.1751251732       -2.0206757582
 C         -5.1073842268       -4.1157582885       -0.8524533357
 N         -4.6668138319       -3.3478702094        0.2192657248
 C         -3.3722395264       -2.7769827305        0.1618820984
 C         -2.2467390986       -3.6048365300        0.2017802449
 C         -0.9947434688       -3.0438370027        0.1527486811
 C         -0.8309721678       -1.6564051829        0.0687529797
 C         -1.9573507613       -0.8086804812        0.0289109127
 C         -3.2213380157       -1.4031267506        0.0704408778
 C         -1.7770244997        0.6350014185       -0.0567548102
 C         -2.8565013489        1.5213966168       -0.0989607194
 C         -2.6655016102        2.8904099116       -0.1844356088
 N         -3.7824061805        3.7603092663       -0.2388782644
 C         -4.5465182406        3.8176986494       -1.3987250324
 C         -4.2270813814        2.9974811025       -2.4853903187
 C         -4.9718932206        3.0288654543       -3.6458841721
 C         -6.0498913202        3.8894043413       -3.7490156567
 C         -6.3509203964        4.7217149965       -2.6869907888
 C         -5.6168507819        4.7123222991       -1.5079563841
 C         -5.9784334728        5.6858541662       -0.4018922101
 C         -7.4317656609        5.4247145446        0.0368952472
 C         -5.8353634932        7.1194458698       -0.9471468862
 C         -5.0741288595        5.5292862523        0.8057940230
 C         -5.2787316446        6.3328390680        1.9200000989
 C         -4.5105995014        6.2147560974        3.0634736279
 C         -3.5182124896        5.2522291144        3.1132625088
 C         -3.2916602428        4.4432198804        2.0194735260
 C         -4.0436050299        4.5846770307        0.8489061586
 C         -1.3717085561        3.4175382528       -0.2206208669
 C         -0.2954084244        2.5662239205       -0.1730035698
 C         -0.4770621363        1.1808062254       -0.0925064454
 C          0.6784448070        0.3163989549       -0.0459673299
 N          1.8842571860        0.8546677387       -0.0686149888
 C          2.9424911166        0.0326187536       -0.0270237848
 C          4.2474032633        0.5667672201       -0.0435314609
 C          5.3384214281       -0.2609533048       -0.0053213695
 N          6.6523731582        0.2631918271       -0.0153856477
 C          7.3027948227        0.4245447571       -1.2329798171
 C          6.6239152724        0.1395105768       -2.4199623182
 C          7.2441215263        0.2851894533       -3.6437463383
 C          8.5554022186        0.7204691505       -3.7007351215
 C          9.2262587073        1.0061513405       -2.5255613282
 C          8.6273716597        0.8678419162       -1.2806350940
 C          9.4174234595        1.1985721050       -0.0280224773
 C         10.6583056542        0.2880215849        0.0271012938
 C          9.8438069262        2.6775302975       -0.0915683023
 C          8.5998288173        0.9833619067        1.2321491381
 C          9.1714620785        1.2360879904        2.4720097034
 C          8.4766199166        1.0543078723        3.6538778370
 C          7.1682598845        0.6089711041        3.6086023361
 C          6.5743281538        0.3524848354        2.3900245749
 C          7.2768259147        0.5341706522        1.1964467383
 C          5.1431868053       -1.6652490255        0.0474000529
 Br         6.6828662304       -2.7835918612        0.0941918533
 C          3.8970487477       -2.2220731401        0.0671346984
 C          2.7650341609       -1.3812176453        0.0336426558
 N          1.5374883383       -1.9197531628        0.0616441534
 C          0.5011356057       -1.1018464641        0.0278646579
 C         -5.4309191327       -3.1965442526        1.3713021442
 C         -4.9410644890       -2.4392345266        2.4400431115
 C         -5.6826987108       -2.2645765112        3.5898490859
 C         -6.9281703765       -2.8554904896        3.7023775611
 C         -7.4016387038       -3.6309303009        2.6604950861
 C         -6.6770145949       -3.8217895480        1.4910257168
 H         -8.4676077034       -3.1448166553       -0.4509601359
 H         -9.0462760005       -4.7696988731       -0.8203242901
 H         -9.2985712551       -4.0921468956        0.7837366491
 H         -8.0879407740       -6.1165507328        1.8493934333
 H         -6.4662282520       -6.5351251871        1.2962633872
 H         -7.8566847216       -6.8017358050        0.2436207906
 H         -7.6364331399       -6.1065470204       -1.8648012665
 H         -6.2489277945       -6.2566963194       -3.8659344553
 H         -4.1279965927       -4.9723347783       -3.9854568457
 H         -3.4222686912       -3.6126098886       -2.0869310913
 H         -2.3743408855       -4.6743810379        0.2716867558
 H         -0.1075234892       -3.6558523249        0.1866819676
 H         -4.1162805232       -0.8032533123        0.0333843938
 H         -3.8712371470        1.1589745624       -0.0665665179
 H         -3.3787518848        2.3335689499       -2.4248258798
 H         -4.7039792289        2.3826116302       -4.4689541150
 H         -6.6433313643        3.9223613538       -4.6503089290
 H         -7.1826091030        5.4023207139       -2.7872085905
 H         -7.7325875763        6.1188292498        0.8164751327
 H         -7.5259182241        4.4114704487        0.4241374384
 H         -8.1155960133        5.5371875932       -0.7996607284
 H         -4.8090029939        7.2946531502       -1.2657813581
 H         -6.0874157946        7.8506443194       -0.1841715596
 H         -6.4902848367        7.2774504125       -1.7994361026
 H         -6.0614002374        7.0759093188        1.9009746958
 H         -4.6942294220        6.8593280226        3.9098972944
 H         -2.9197285041        5.1257012011        4.0035710791
 H         -2.5242552814        3.6864432509        2.0741732527
 H         -1.2335710392        4.4861012739       -0.2860605156
 H          0.7150501332        2.9418405927       -0.2036669287
 H          4.3726031481        1.6377855800       -0.0857193519
 H          5.5986979270       -0.1996800257       -2.3838067512
 H          6.6997524862        0.0570269858       -4.5483101562
 H          9.0531181449        0.8372734184       -4.6514544441
 H         10.2489021052        1.3454199089       -2.5865359890
 H         11.2820364624        0.4305823746       -0.8507709971
 H         10.3523296393       -0.7560098057        0.0651746819
 H         11.2565583887        0.5019476880        0.9082094686
 H         10.4319706878        2.9480965301        0.7807183144
 H         10.4409822935        2.8700744282       -0.9783367121
 H          8.9632282575        3.3170829883       -0.1245758628
 H         10.1919322116        1.5834636242        2.5233824294
 H          8.9539050141        1.2579135832        4.6005232618
 H          6.6055997125        0.4585415668        4.5182599286
 H          5.5515878176        0.0053079463        2.3631774483
 H          3.7514693181       -3.2899366797        0.1099650943
 H         -3.9629746097       -1.9886876004        2.3747151844
 H         -5.2815929960       -1.6704381911        4.3979540439
 H         -7.5202157857       -2.7255988804        4.5957885913
 H         -8.3656518595       -4.1040175592        2.7690166506
  121
 Etot=        -183.5485159727
 C         -8.6007705161       -4.1473287899       -0.0486932321
 C         -7.2441275463       -4.7164400402        0.4062402543
 C         -7.4283759146       -6.1313439421        0.9852014435
 C         -6.3255989461       -4.7977948622       -0.7971252869
 C         -6.7045116245       -5.5608261112       -1.8936767866
 C         -5.9260608603       -5.6485192302       -3.0324472276
 C         -4.7411882867       -4.9377930094       -3.0960443531
 C         -4.3398769508       -4.1749395046       -2.0197244850
 C         -5.1066851414       -4.1148653462       -0.8519980772
 N         -4.6665810773       -3.3469614165        0.2188525449
 C         -3.3724660826       -2.7761087525        0.1615939897
 C         -2.2469224667       -3.6035352039        0.2013878580
 C         -0.9947976190       -3.0426702648        0.1527016804
 C         -0.8309670637       -1.6556816441        0.0692751376
 C         -1.9573548217       -0.8084679215        0.0291956722
 C         -3.2213297290       -1.4026735420        0.0707652762
 C         -1.7773575806        0.6347759652       -0.0570556978
 C         -2.8569328058        1.5208826085       -0.0997799254
 C         -2.6662228032        2.8895477122       -0.1843264267
 N         -3.7825679142        3.7593007010       -0.2385672711
 C         -4.5459081399        3.8168478345       -1.3976805225
 C         -4.2266385143        2.9961791176       -2.4837175414
 C         -4.9716698947        3.0275629507       -3.6438390454
 C         -6.0491586657        3.8883069101       -3.7474037521
 C         -6.3499190675        4.7211755506       -2.6861245171
 C         -5.6158657042        4.7115328616       -1.5074958062
 C         -5.9772392455        5.6846507861       -0.4017791100
 C         -7.4302437262        5.4241204604        0.0365327061
 C         -5.8349347756        7.1179613529       -0.9463526068
 C         -5.0735181269        5.5280955435        0.8056176756
 C         -5.2781836919        6.3318606648        1.9192284989
 C         -4.5099999865        6.2137719562        3.0622970598
 C         -3.5173858965        5.2518420497        3.1117579037
 C         -3.2908235669        4.4425901727        2.0184183739
 C         -4.0433052084        4.5834710102        0.8484106589
 C         -1.3725507871        3.4163242978       -0.2200444750
 C         -0.2961561265        2.5652374561       -0.1724058774
 C         -0.4776207361        1.1803142333       -0.0922549258
 C          0.6785944694        0.3164665843       -0.0450723963
 N          1.8834971170        0.8553091676       -0.0683646655
 C          2.9414905872        0.0339395350       -0.0271927820
 C          4.2463984809        0.5685028529       -0.0436142467
 C          5.3374881666       -0.2586562067       -0.0054522577
 N          6.6512732331        0.2642048242       -0.0155199833
 C          7.3014370279        0.4243195164       -1.2319872273
 C          6.6227480278        0.1384920650       -2.4186700676
 C          7.2431436860        0.2840723949       -3.6421022077
 C          8.5540175902        0.7200833387       -3.6994537515
 C          9.2248907444        1.0060974920       -2.5247073425
 C          8.6257398137        0.8677765184       -1.2802839405
 C          9.4153606877        1.1978849227       -0.0281482006
 C         10.6548075022        0.2867709977        0.0269927153
 C          9.8429871311        2.6758853001       -0.0912330540
 C          8.5983830347        0.9827989555        1.2314827739
 C          9.1704561553        1.2353839538        2.4707450192
 C          8.4754484006        1.0537863047        3.6522046634
 C          7.1674395415        0.6078926986        3.6068046582
 C          6.5732431128        0.3512120004        2.3886514833
 C          7.2755809281        0.5335973768        1.1952811833
 C          5.1427014346       -1.6628256468        0.0474979624
 Br         6.6886620804       -2.7704201016        0.0947411594
 C          3.8969640753       -2.2205698390        0.0672569876
 C          2.7644523036       -1.3802385415        0.0333603290
 N          1.5375357331       -1.9188174336        0.0619818701
 C          0.5016487126       -1.1012973924        0.0285782787
 C         -5.4301610847       -3.1957077555        1.3700500775
 C         -4.9401831662       -2.4383889886        2.4384161690
 C         -5.6814695145       -2.2644953968        3.5882912502
 C         -6.9268209467       -2.8550957605        3.7010692571
 C         -7.4007699052       -3.6299511901        2.6593631587
 C         -6.6761486185       -3.8207085638        1.4902612699
 H         -8.4653441571       -3.1451958629       -0.4515219769
 H         -9.0443817128       -4.7696711468       -0.8205758048
 H         -9.2970982326       -4.0913857835        0.7831976656
 H         -8.0876828235       -6.1150901903        1.8485263129
 H         -6.4655543399       -6.5324684843        1.2966261844
 H         -7.8548396668       -6.8005831839        0.2431445795
 H         -7.6358108711       -6.1057322473       -1.8636898337
 H         -6.2483019688       -6.2555710239       -3.8644749551
 H         -4.1278880105       -4.9717173824       -3.9840263856
 H         -3.4215444802       -3.6120918917       -2.0857982710
 H         -2.3753092761       -4.6731741119        0.2703875098
 H         -0.1073381314       -3.6544447899        0.1861655210
 H         -4.1162387469       -0.8029229381        0.0359912998
 H         -3.8716902770        1.1587922161       -0.0699244285
 H         -3.3779369261        2.3328391909       -2.4227734977
 H         -4.7040026664        2.3815323003       -4.4666195195
 H         -6.6423086621        3.9212539795       -4.6483632060
 H         -7.1811773239        5.4023476948       -2.7865554065
 H         -7.7312494360        6.1180886703        0.8161262398
 H         -7.5239595740        4.4111531664        0.4238514558
 H         -8.1142894077        5.5361041558       -0.7999106620
 H         -4.8087287047        7.2929733534       -1.2644305343
 H         -6.0868963354        7.8491989284       -0.1833797924
 H         -6.4892992378        7.2761276651       -1.7990324995
 H         -6.0613245547        7.0745096726        1.9001082343
 H         -4.6935761581        6.8581887852        3.9082652995
 H         -2.9192426268        5.1255522173        4.0017657461
 H         -2.5236212337        3.6856175709        2.0727057943
 H         -1.2350146025        4.4851151564       -0.2847268051
 H          0.7144241123        2.9405890406       -0.2024344740
 H          4.3714084875        1.6393380654       -0.0855532624
 H          5.5978861236       -0.2006376140       -2.3822711112
 H          6.6994248084        0.0558055545       -4.5465540916
 H          9.0517773813        0.8367614407       -4.6498539432
 H         10.2477061819        1.3452156551       -2.5856178899
 H         11.2786192615        0.4281100145       -0.8510109814
 H         10.3453099584       -0.7559022834        0.0652397300
 H         11.2534224135        0.4999449012        0.9080356599
 H         10.4308317328        2.9466608396        0.7812295010
 H         10.4404242005        2.8687146305       -0.9777699322
 H          8.9627580171        3.3154519204       -0.1245030237
 H         10.1909606538        1.5829821964        2.5221079400
 H          8.9525953297        1.2578092363        4.5984531974
 H          6.6054198767        0.4580299651        4.5164650414
 H          5.5505580180        0.0048451621        2.3617607980
 H          3.7516161132       -3.2883884720        0.1101631869
 H         -3.9620027992       -1.9882393844        2.3726806707
 H         -5.2803011046       -1.6708744660        4.3961725714
 H         -7.5184581970       -2.7254332218        4.5942590012
 H         -8.3647922373       -4.1031338803        2.7678549189
  121
 Etot=        -183.5485372946
 C         -8.5988676203       -4.1461336565       -0.0495576131
 C         -7.2426883649       -4.7151072766        0.4058780005
 C         -7.4266125503       -6.1295596267        0.9852146612
 C         -6.3243589254       -4.7969204627       -0.7971850247
 C         -6.7035308505       -5.5600128141       -1.8933673431
 C         -5.9250721330       -5.6477414712       -3.0319970024
 C         -4.7402225913       -4.9371831377       -3.0955708136
 C         -4.3385731851       -4.1745615930       -2.0193957389
 C         -5.1055726420       -4.1139662087       -0.8518772810
 N         -4.6659193028       -3.3461639379        0.2183918506
 C         -3.3721953193       -2.7754884475        0.1612657963
 C         -2.2466150389       -3.6027255921        0.2004325683
 C         -0.9944261502       -3.0419886161        0.1523732270
 C         -0.8307251865       -1.6552398364        0.0695742871
 C         -1.9571142112       -0.8083688667        0.0295319533
 C         -3.2210322475       -1.4022551441        0.0715051983
 C         -1.7777056619        0.6345353021       -0.0570673182
 C         -2.8574155709        1.5201751253       -0.1008093912
 C         -2.6668141662        2.8886902827       -0.1841049207
 N         -3.7826978595        3.7581666610       -0.2381957984
 C         -4.5453536918        3.8155924508       -1.3967986109
 C         -4.2261948944        2.9944156527       -2.4824626340
 C         -4.9714880198        3.0255485692       -3.6422538783
 C         -6.0485189968        3.8866032640       -3.7462769785
 C         -6.3489107934        4.7203116530       -2.6856640513
 C         -5.6149757578        4.7104753437       -1.5072108371
 C         -5.9761451795        5.6832898454       -0.4016183975
 C         -7.4288182826        5.4224046354        0.0365128223
 C         -5.8335891074        7.1163919975       -0.9457381641
 C         -5.0728331845        5.5268452012        0.8056668905
 C         -5.2775616289        6.3307192001        1.9189387256
 C         -4.5090022858        6.2128287163        3.0616479853
 C         -3.5161436268        5.2513150329        3.1108243816
 C         -3.2897335040        4.4417879151        2.0178353540
 C         -4.0427447496        4.5822474271        0.8481545464
 C         -1.3732824175        3.4155484228       -0.2187913714
 C         -0.2967972008        2.5647673693       -0.1711373489
 C         -0.4783346405        1.1801486187       -0.0914614481
 C          0.6783990648        0.3167089351       -0.0442364667
 N          1.8824252721        0.8564803516       -0.0679516893
 C          2.9404388730        0.0360012202       -0.0271113447
 C          4.2448240308        0.5717590199       -0.0437809349
 C          5.3360088372       -0.2546381204       -0.0056149437
 N          6.6492879755        0.2675949976       -0.0157556941
 C          7.2992458096        0.4255972199       -1.2314490158
 C          6.6208983866        0.1379377142       -2.4179199838
 C          7.2415920125        0.2826462922       -3.6411091986
 C          8.5521616585        0.7193326413       -3.6988514259
 C          9.2230518724        1.0061500110       -2.5244184020
 C          8.6235330185        0.8686169500       -1.2803324184
 C          9.4129314399        1.1975770954       -0.0283077631
 C         10.6498817175        0.2836936387        0.0267860611
 C          9.8419225347        2.6747646757       -0.0910342280
 C          8.5963263967        0.9832789429        1.2311184170
 C          9.1689516454        1.2349920811        2.4700180842
 C          8.4738214714        1.0530785832        3.6512449760
 C          7.1659883793        0.6069028076        3.6056730924
 C          6.5713956443        0.3508303272        2.3877658716
 C          7.2734699791        0.5346966281        1.1944357974
 C          5.1428147951       -1.6593328745        0.0477699393
 Br         6.6909747104       -2.7623415400        0.0958930148
 C          3.8978308870       -2.2182985084        0.0674849143
 C          2.7645421779       -1.3786692511        0.0333941910
 N          1.5382126805       -1.9177267438        0.0622204649
 C          0.5022623226       -1.1007584531        0.0291054984
 C         -5.4289905091       -3.1947069458        1.3689608728
 C         -4.9388253866       -2.4373477446        2.4371982870
 C         -5.6798629897       -2.2637854046        3.5871016051
 C         -6.9252412771       -2.8540250153        3.7000913105
 C         -7.3996645845       -3.6285130454        2.6584529774
 C         -6.6750895543       -3.8192976771        1.4895561353
 H         -8.4631929987       -3.1444135858       -0.4530611024
 H         -9.0424333853       -4.7688859092       -0.8210878422
 H         -9.2954198421       -4.0894783832        0.7820689094
 H         -8.0871305638       -6.1133886384        1.8475719862
 H         -6.4640545611       -6.5298567115        1.2980779852
 H         -7.8517168602       -6.7994069571        0.2429704199
 H         -7.6349095813       -6.1047418343       -1.8630134124
 H         -6.2474418315       -6.2544627628       -3.8638630692
 H         -4.1270349774       -4.9712802862       -3.9833137768
 H         -3.4202344699       -3.6117414281       -2.0851501682
 H         -2.3758296463       -4.6723947073        0.2686838759
 H         -0.1067681066       -3.6535006312        0.1859416277
 H         -4.1159279814       -0.8025917939        0.0376199478
 H         -3.8722285900        1.1583037524       -0.0730888620
 H         -3.3774589538        2.3312633730       -2.4210225634
 H         -4.7044717060        2.3789599958       -4.4645153940
 H         -6.6416395368        3.9192152862       -4.6469554101
 H         -7.1796327259        5.4020935431       -2.7863204953
 H         -7.7301290812        6.1164895480        0.8158538057
 H         -7.5223694919        4.4096146804        0.4240773463
 H         -8.1129017428        5.5340098979       -0.7999348311
 H         -4.8073654233        7.2916690194       -1.2632062652
 H         -6.0859826078        7.8474795315       -0.1827817015
 H         -6.4875176697        7.2747578065       -1.7986913320
 H         -6.0609502881        7.0730982107        1.8995930766
 H         -4.6924080040        6.8572685230        3.9072947638
 H         -2.9176631544        5.1256942847        4.0003921166
 H         -2.5225594940        3.6847955225        2.0716162722
 H         -1.2365099374        4.4845493502       -0.2827832307
 H          0.7138814144        2.9398575414       -0.2008820333
 H          4.3690303190        1.6425965252       -0.0856553277
 H          5.5964751458       -0.2018295932       -2.3811765179
 H          6.6986370839        0.0533258051       -4.5454965948
 H          9.0499286690        0.8357371231       -4.6490799549
 H         10.2458741312        1.3453530876       -2.5852316429
 H         11.2739442891        0.4230516989       -0.8513066649
 H         10.3369124886       -0.7577753286        0.0654415404
 H         11.2492767835        0.4956131910        0.9075425870
 H         10.4295561572        2.9451078181        0.7817072730
 H         10.4400725208        2.8672939163       -0.9771586008
 H          8.9623787360        3.3151198065       -0.1247030441
 H         10.1895604742        1.5823385769        2.5213340764
 H          8.9509624803        1.2569749111        4.5972856597
 H          6.6048058646        0.4564731112        4.5154875919
 H          5.5490284566        0.0041238129        2.3608159897
 H          3.7529038222       -3.2861459658        0.1106016586
 H         -3.9606055062       -1.9874978889        2.3710772591
 H         -5.2784170140       -1.6706724894        4.3949093762
 H         -7.5164768018       -2.7245751117        4.5932662301
 H         -8.3638209356       -4.1014784672        2.7667238767
