  50
 Etot=         -80.7963041391
 C          6.0758588134        2.7073633008       -0.8317781390
 C          4.8701236922        3.2133678480       -0.3457256439
 C          3.8312233332        2.3463717367       -0.0850810762
 C          4.0225597341        0.9792062956       -0.3302519221
 N          3.0156637804        0.0551724776       -0.1167990930
 C          1.6508124657        0.2824374335       -0.1792419908
 C          0.9418938239        1.3381273922       -0.7124663722
 C         -0.4490520972        1.3022269840       -0.6706532099
 C         -1.1210594810        0.1921303326       -0.1212111223
 N         -2.5182066061        0.1928694266       -0.0943583957
 C         -3.3327773293       -0.8353970866       -0.5227921160
 C         -2.9913978034       -2.0443908078       -1.1140827859
 C         -4.0182454051       -2.8921896817       -1.4863279358
 C         -5.3529318313       -2.5479705902       -1.2893295161
 C         -5.6999089134       -1.3325634212       -0.7269043217
 C         -4.6872278922       -0.4666796273       -0.3441993342
 C         -4.6772424136        0.8522246027        0.2311106824
 C         -5.6752169912        1.7197096961        0.6468630858
 C         -5.3083923871        2.9356724664        1.1954683738
 C         -3.9675842802        3.2796201321        1.3454230223
 C         -2.9551329749        2.4300321868        0.9394497047
 C         -3.3170384130        1.2199686959        0.3628942918
 C         -0.4292209245       -0.9017212373        0.3729449212
 C          0.9723706690       -0.8747771589        0.3426963704
 C          1.9569933514       -1.8119562824        0.6815706632
 N          1.8842371891       -3.0491250697        1.1990869520
 C          2.9946174256       -3.7391372899        1.3946861274
 C          4.2494855689       -3.2414779135        1.1241580151
 C          4.3805318910       -1.9496566689        0.5534808452
 C          3.2312467016       -1.2386814840        0.3491154954
 N          5.1967450250        0.4945325600       -0.7485442117
 C          6.1813050553        1.3364752899       -0.9914640870
 H          6.9070129645        3.3570855814       -1.0520353803
 H          4.7558876939        4.2711364301       -0.1590242453
 H          2.9061532888        2.6984847607        0.3411556781
 H          1.4348594308        2.1668076379       -1.1964498521
 H         -1.0229763476        2.0982079832       -1.1162861386
 H         -1.9603114165       -2.3098143369       -1.2880535414
 H         -3.7790882684       -3.8401905583       -1.9443105636
 H         -6.1266021984       -3.2377785684       -1.5916019829
 H         -6.7354104960       -1.0587792981       -0.5929534992
 H         -6.7149700300        1.4470174195        0.5485562027
 H         -6.0707063413        3.6263617921        1.5235004861
 H         -3.7127123497        4.2283864775        1.7935920979
 H         -1.9179266882        2.6934103169        1.0770964948
 H         -0.9464351560       -1.7396833327        0.8109749788
 H          2.8614173874       -4.7358101083        1.7924303192
 H          5.1222993963       -3.8418683207        1.3181560612
 H          5.3423880049       -1.5611304727        0.2630339547
 H          7.1019194147        0.8802274879       -1.3323424930
  50
 Etot=         -80.7964200568
 C          6.0761508779        2.7072680674       -0.8312131731
 C          4.8689104067        3.2138576628       -0.3452855474
 C          3.8301440680        2.3467193321       -0.0855622947
 C          4.0214745836        0.9793375818       -0.3308206189
 N          3.0152401818        0.0549195495       -0.1166142920
 C          1.6510629216        0.2809305936       -0.1791578309
 C          0.9420029851        1.3376820922       -0.7120371941
 C         -0.4485919187        1.3032131773       -0.6688719254
 C         -1.1212410675        0.1917299123       -0.1210287404
 N         -2.5175069611        0.1926445704       -0.0940893974
 C         -3.3321328442       -0.8361649669       -0.5219025108
 C         -2.9906256377       -2.0449564315       -1.1131765094
 C         -4.0179942733       -2.8932002965       -1.4857304526
 C         -5.3525246432       -2.5485561633       -1.2887267905
 C         -5.6997396299       -1.3327932467       -0.7264036537
 C         -4.6867405147       -0.4666835879       -0.3437060810
 C         -4.6767095663        0.8522482940        0.2307817156
 C         -5.6749354897        1.7200108148        0.6466714637
 C         -5.3077973992        2.9362217508        1.1952859112
 C         -3.9671179099        3.2805996661        1.3449507157
 C         -2.9542653262        2.4306635956        0.9381835624
 C         -3.3163306296        1.2206403331        0.3620572124
 C         -0.4290963719       -0.9035432412        0.3717753954
 C          0.9716637794       -0.8768469843        0.3423688253
 C          1.9571585969       -1.8154623564        0.6816278684
 N          1.8799186454       -3.0509378337        1.1964082299
 C          2.9911212249       -3.7359022647        1.3933707134
 C          4.2495113344       -3.2392608847        1.1218619085
 C          4.3808305264       -1.9497554690        0.5534109174
 C          3.2309992764       -1.2393710242        0.3494578615
 N          5.1975468555        0.4942487244       -0.7488875936
 C          6.1819409366        1.3364781770       -0.9907994668
 H          6.9071445514        3.3570330996       -1.0517781931
 H          4.7549577837        4.2714063206       -0.1574392635
 H          2.9058034054        2.6981690449        0.3429597531
 H          1.4351970729        2.1652528541       -1.1977410495
 H         -1.0222425191        2.0989854431       -1.1151338565
 H         -1.9595714037       -2.3103757862       -1.2873349937
 H         -3.7789352343       -3.8411661314       -1.9436867978
 H         -6.1262911480       -3.2382357992       -1.5910222224
 H         -6.7352107656       -1.0588776629       -0.5926698100
 H         -6.7146684729        1.4472382768        0.5486793518
 H         -6.0701296558        3.6268429633        1.5233932444
 H         -3.7122422032        4.2293192653        1.7930904500
 H         -1.9170616484        2.6939049383        1.0760303821
 H         -0.9459855095       -1.7409708215        0.8110510903
 H          2.8583216012       -4.7324732850        1.7918542654
 H          5.1228320886       -3.8396729318        1.3147657851
 H          5.3433332677       -1.5591846191        0.2670089659
 H          7.1022528374        0.8806811160       -1.3330494757
  50
 Etot=         -80.7964688598
 C          6.0759255695        2.7074814742       -0.8308626671
 C          4.8675178245        3.2143915737       -0.3442606463
 C          3.8291861852        2.3469614340       -0.0858382097
 C          4.0198988850        0.9794894901       -0.3313247063
 N          3.0144794661        0.0551570343       -0.1162612102
 C          1.6513254437        0.2794587998       -0.1795699763
 C          0.9419241506        1.3373836555       -0.7114513096
 C         -0.4480807880        1.3044676447       -0.6664703826
 C         -1.1216898031        0.1914952675       -0.1204781965
 N         -2.5165875814        0.1924291074       -0.0935086480
 C         -3.3313459365       -0.8373822772       -0.5201025536
 C         -2.9896102752       -2.0458211404       -1.1111064212
 C         -4.0174826453       -2.8946058830       -1.4839658023
 C         -5.3516506759       -2.5494007954       -1.2870780298
 C         -5.6992740710       -1.3332474376       -0.7251491084
 C         -4.6860938339       -0.4667896479       -0.3425431546
 C         -4.6760276035        0.8524650991        0.2300450800
 C         -5.6743523904        1.7205983215        0.6460890814
 C         -5.3067230077        2.9371190062        1.1943516516
 C         -3.9663756695        3.2821027136        1.3435515650
 C         -2.9531694897        2.4316433337        0.9361467589
 C         -3.3155219408        1.2218247043        0.3607209573
 C         -0.4287448431       -0.9054555049        0.3696863977
 C          0.9707900122       -0.8789830950        0.3405761624
 C          1.9577092163       -1.8192387009        0.6799359619
 N          1.8748822424       -3.0541384693        1.1908136361
 C          2.9872082379       -3.7335166198        1.3903701690
 C          4.2489433012       -3.2380462471        1.1181157729
 C          4.3809436965       -1.9498414213        0.5541337030
 C          3.2304786239       -1.2395196147        0.3499130257
 N          5.1979275935        0.4940463327       -0.7495963631
 C          6.1816965416        1.3369554852       -0.9907634067
 H          6.9067302052        3.3574411169       -1.0512069220
 H          4.7539712978        4.2716963623       -0.1555064692
 H          2.9049946294        2.6975475975        0.3440101576
 H          1.4356958652        2.1643272503       -1.1976165374
 H         -1.0216672200        2.1003378370       -1.1124674409
 H         -1.9586686986       -2.3114239992       -1.2855195065
 H         -3.7783811461       -3.8424483797       -1.9419375951
 H         -6.1255798236       -3.2388701526       -1.5894986777
 H         -6.7347099227       -1.0591229539       -0.5921509036
 H         -6.7140414596        1.4476208341        0.5490396875
 H         -6.0691152941        3.6274816226        1.5229110552
 H         -3.7113113401        4.2307690919        1.7914808590
 H         -1.9160257338        2.6951440693        1.0737568671
 H         -0.9452954967       -1.7433498203        0.8084718318
 H          2.8562544791       -4.7297212552        1.7913678272
 H          5.1217948404       -3.8391171865        1.3110110278
 H          5.3443171189       -1.5554548035        0.2744346262
 H          7.1027623293        0.8815145754       -1.3315231638
