 
        ______________________________________
       |                                      |
       |          ===================         |
       |             xTB for sTDA             |
       |          ===================         |
       |               S. Grimme              |
       |        Universitaet Bonn, MCTC       |
       |         2015-19, Version 1.0         |
       |     Wed Apr  3 09:14:55 CEST 2019    |
       |______________________________________|
 
        This code comes without any warranty
        for non-commercial, academia use only.
        Preliminary test version.
        Cite this work as:
        S. Grimme  &  C. Bannwarth, JCP 145 (2016) 054103
        if GBSA is used additionally:
        P. Shushkov, F. März, C. Bannwarth, S. Grimme, unpublished.
 
        with help from
        P. Shushkov, G. Brandenburg, S. Dohm, J. Pisarek,
        F. März, M. Checinski, S. Ehrlich, S. Spicher, 
        P. Pracht, E. Caldeweyher, S. Ehlert, and C. Bannwarth.
 
        usage        :
        xtb4stda <coord_file> [options]
        where <coord_file> is a valid file of TM)
        (*coord, Bohr) or xmol (*xyz, Angstroem)
        format.

        options:
        -chrg <int>   : molecular charge
        -uhf  <int>   : # of unpaired electrons(=2*S)
        -nox          : skip second, extended part in sTDA-xTB
        -pop          : do population analysis
                      : (default for -nox)
        -mowr <real>  : cut MO write above (def.3 Eh)
        -molden       : write formatted molden file
        -parx <file>  : read parameters for sTDA-xTB
                        calc (def:~/.param_stda2.xtb)
        -parv <file>  : read parameters for vTB part in
                        sTDA-xTB (def: ~/.param_stda1.xtb)
        -xtemp <real> : el. temp for xTB (def. 0 K)
        -etemp <real> : el. temp for GFN (def. 300 K)
        -fod          : calculate the FOD and write
                        molden.input file with
                        appropriate occupations
                        for plotting. Def. T=12500 K
 
        -acc <real>   : xTB accuracy (def. 1.0)
        -gbsa [string1] [string2]
                        use GBSA implicit solvent
                        for solvent [string1] and
                        solvation state [string2]=
                        reference, bar1M (default=1M)
        additional GFN/opt/MD/siman options read from
        $XTB4STDAHOME/.xtb4stdarc or $set in input
 
       spin and charge state information can be on:
       <.CHRG> (charge) and <.UHF> (=nalpha-nbeta)
       -uhf and -chrg override the file info.
       useful machine settings:
       setenv MKL_NUM_THREADS <NCORE_ON_YOUR_MACHINE>
       setenv OMP_STACKSIZE 500m
       limit stacksize unlimited
 
       total energies in Eh, gaps/HL energies in eV
       please read REVISION and HOWTO files carefully
 =============================
  # OMP threads =          48
 =============================
 
 xtb4stdahome directory:/home/penavora/Exe_xtb_crest/
 
 
 name of molecule           :
 comment line               :
 number of atoms            :    78
 number of electrons        :   210
 charge                     :  0
 spin                       : 0.0
 first test random number   :  0.6597
 
 -----------------------------------------
      charge density (VTB) calculation
 -----------------------------------------
 
      method parameters     
 k(s)        :  1.8000
 k(p)        :  2.8350
 k(d)        :  2.0860
 k(f)        :  2.0000
 Tscal       :  0.3300
 Gscal       :  0.3910
 fpol        :  1.0000
 Zcnf        :  0.6500
 Zqf         :  0.0000
 kcn         :  0.3000
 kEN1        : -0.5900
 wllscal     :  2.6000
 
     -------------------------
     ! NO SOLVENT MODEL USED !
     -------------------------
 
 doing EN charges ...
 sum q :  0.1665335D-14
 point charge moment (au)
     X       Y       Z   
  -0.0023   0.0031   0.0019  total (Debye):    0.011
 
            Z      q(EN)   CN      Cart. coordinates
     1  C   4.0  -0.074   3.149     3.35755     3.03919    -7.60092
     2  C   4.0  -0.073   3.146     2.75073     0.59077    -6.90644
     3  C   4.0  -0.084   3.218     3.39794    -0.28965    -4.53376
     4  C   4.0  -0.082   3.140     4.64446     1.25117    -2.80208
     5  SI  4.0   0.399   4.474     5.32268     0.05196     0.50683
     6  C   4.0  -0.083   3.139     6.27903    -3.39183     0.30849
     7  C   4.0  -0.084   3.214     8.00619    -4.19610    -1.50585
     8  C   4.0  -0.072   3.142     8.72760    -6.70280    -1.66471
     9  C   4.0  -0.074   3.146     7.72259    -8.46028    -0.00562
    10  C   4.0  -0.073   3.143     5.99396    -7.69531     1.80362
    11  C   4.0  -0.084   3.211     5.28419    -5.18375     1.95479
    12  C   4.0  -0.083   3.138     7.89255     1.99441     2.06319
    13  C   4.0  -0.084   3.216     7.36317     4.40706     2.97069
    14  C   4.0  -0.072   3.142     9.22091     5.86833     4.08511
    15  C   4.0  -0.074   3.145    11.65536     4.93535     4.31600
    16  C   4.0  -0.073   3.143    12.21305     2.53657     3.43223
    17  C   4.0  -0.084   3.210    10.34564     1.08555     2.31773
    18  C   4.0  -0.081   3.137     2.29021     0.35205     2.38598
    19  C   4.0  -0.083   3.205     2.25304     0.76132     4.98351
    20  C   4.0  -0.072   3.141    -0.01637     0.99440     6.26282
    21  C   4.0  -0.083   3.203    -2.28284     0.82391     4.96708
    22  C   4.0  -0.082   3.138    -2.31109     0.40288     2.37355
    23  SI  4.0   0.399   4.475    -5.31441     0.10961     0.44923
    24  C   4.0  -0.082   3.139    -6.19905    -3.35098     0.17876
    25  C   4.0  -0.084   3.213    -4.35759    -5.22427     0.30867
    26  C   4.0  -0.073   3.143    -4.98457    -7.75019     0.06755
    27  C   4.0  -0.074   3.145    -7.47789    -8.45001    -0.30990
    28  C   4.0  -0.072   3.142    -9.33489    -6.61082    -0.44415
    29  C   4.0  -0.084   3.212    -8.69496    -4.08802    -0.20270
    30  C   4.0  -0.083   3.140    -4.57703     1.41132    -2.80564
    31  C   4.0  -0.084   3.218    -3.15194     3.60811    -3.06640
    32  C   4.0  -0.073   3.146    -2.54507     4.55389    -5.42406
    33  C   4.0  -0.074   3.149    -3.35842     3.31088    -7.57841
    34  C   4.0  -0.073   3.144    -4.77494     1.12320    -7.35620
    35  C   4.0  -0.083   3.210    -5.37430     0.18679    -4.98975
    36  C   4.0  -0.083   3.138    -7.99633     1.90960     1.98828
    37  C   4.0  -0.084   3.210    -8.75446     4.26594     1.10289
    38  C   4.0  -0.073   3.143   -10.69624     5.57993     2.25922
    39  C   4.0  -0.074   3.145   -11.91821     4.55467     4.33339
    40  C   4.0  -0.072   3.142   -11.19114     2.20861     5.23778
    41  C   4.0  -0.084   3.215    -9.25014     0.90430     4.07162
    42  C   4.0  -0.097   3.305    -0.00820     0.16891     1.13460
    43  C   4.0  -0.083   3.209     5.24293     3.70284    -3.53519
    44  C   4.0  -0.073   3.144     4.61455     4.59165    -5.91207
    45  H   1.0   0.074   1.004     2.85819     3.73169    -9.45538
    46  H   1.0   0.074   1.004     1.76845    -0.63021    -8.21563
    47  H   1.0   0.074   1.007     2.94148    -2.21273    -4.01386
    48  H   1.0   0.074   1.007     8.78318    -2.83331    -2.81533
    49  H   1.0   0.074   1.004    10.07297    -7.29139    -3.08441
    50  H   1.0   0.074   1.004     8.28205   -10.42034    -0.12638
    51  H   1.0   0.074   1.004     5.19911    -9.06083     3.09799
    52  H   1.0   0.074   1.007     3.93053    -4.59642     3.36784
    53  H   1.0   0.074   1.007     5.46198     5.13855     2.80913
    54  H   1.0   0.073   1.004     8.77319     7.73696     4.77801
    55  H   1.0   0.074   1.004    13.11073     6.07248     5.18658
    56  H   1.0   0.074   1.004    14.10802     1.79693     3.61463
    57  H   1.0   0.075   1.007    10.79074    -0.78884     1.63963
    58  H   1.0   0.074   1.006     4.01761     0.91101     6.00292
    59  H   1.0   0.073   1.004    -0.01834     1.32025     8.28000
    60  H   1.0   0.074   1.006    -4.04864     1.03293     5.97231
    61  H   1.0   0.075   1.007    -2.40876    -4.68974     0.60889
    62  H   1.0   0.074   1.004    -3.52761    -9.17762     0.17443
    63  H   1.0   0.074   1.004    -7.97318   -10.42212    -0.49702
    64  H   1.0   0.074   1.004   -11.28399    -7.14659    -0.73737
    65  H   1.0   0.074   1.007   -10.15247    -2.65969    -0.30427
    66  H   1.0   0.075   1.007    -2.49736     4.57821    -1.39160
    67  H   1.0   0.074   1.005    -1.42876     6.25597    -5.58459
    68  H   1.0   0.074   1.004    -2.88621     4.04394    -9.42448
    69  H   1.0   0.074   1.004    -5.41048     0.14273    -9.03177
    70  H   1.0   0.074   1.007    -6.47116    -1.52917    -4.82774
    71  H   1.0   0.075   1.007    -7.81234     5.07138    -0.52059
    72  H   1.0   0.074   1.004   -11.26127     7.40703     1.54228
    73  H   1.0   0.074   1.004   -13.43554     5.57726     5.23959
    74  H   1.0   0.073   1.004   -12.14289     1.39681     6.85251
    75  H   1.0   0.074   1.007    -8.70138    -0.93428     4.77438
    76  H   1.0   0.076   1.012    -0.00819    -0.13584    -0.88473
    77  H   1.0   0.075   1.007     6.22535     4.92535    -2.22645
    78  H   1.0   0.073   1.004     5.10326     6.50131    -6.44858
 
  Z AO/shell   Hii/eV     exponent
  1     Sat Feb 20 21:38:01 CET 2016    EN: 2.327 GAM: 0.473  GM3: 0.0000
     1s    -13.751157    1.051071
  6     Sat Feb 20 21:38:01 CET 2016    EN: 2.731 GAM: 0.422  GM3: 0.0000
     2s    -19.378245    2.021003
     2p    -11.993376    1.497917
 14     Sat Feb 20 23:13:41 CET 2016    EN: 1.199 GAM: 0.305  GM3: 0.0000
     3s    -15.878520    2.354763
     3p    -11.819591    1.324308
     3d      0.548209    1.324308
 
 dipole moment of classical point charges (au)
     X       Y       Z   
  -0.0023   0.0031   0.0019  total (Debye):    0.011

 
 Nbf   :          222
 T(el) :   300.0
 calculating S/T integrals ...
 cpu time for ints    1.76266000000000     
 Nao   :          220
 making H0...
 making H1...
 cpu time for H      0.103783000000000     
 solving ...
 cpu time for diag   0.750965000000000     
 
 gap (eV)           :   3.879
 Koopmans IP (eV)   :  15.256
 Eel (Eh)           :  -163.507821
 T,E(Fermi),NFOD :    300.000   -13.317  0.000000
 T,E(Fermi),NFOD :    300.000   -13.317  0.000000
 Nfod               :  0.0000
 Nfod/Nel           :  0.0000

          eigenvalues
 #    :          93         94         95         96         97         98         99        100
 occ. :        2.000      2.000      2.000      2.000      2.000      2.000      2.000      2.000
 eps  :       -15.525    -15.521    -15.514    -15.505    -15.499    -15.491    -15.478    -15.451
 #    :         101        102        103        104        105        106        107        108
 occ. :        2.000      2.000      2.000      2.000      2.000      0.000      0.000      0.000
 eps  :       -15.426    -15.387    -15.344    -15.303    -15.258    -11.378    -10.633     -6.956
 #    :         109        110        111        112        113        114        115        116
 occ. :        0.000      0.000      0.000      0.000      0.000      0.000      0.000      0.000
 eps  :        -6.865     -6.683     -6.614     -6.585     -6.404     -5.754     -5.641     -5.360
                            1  SCC done.
 making H1...
 cpu time for H      0.839268000000000     
 solving ...
 cpu time for diag   0.317438000000000     
 
 gap (eV)           :   4.204
 Koopmans IP (eV)   :  15.180
 Eel (Eh)           :  -162.884219
 T,E(Fermi),NFOD :    300.000   -13.078  0.000000
 T,E(Fermi),NFOD :    300.000   -13.078  0.000000
 Nfod               :  0.0000
 Nfod/Nel           :  0.0000

          eigenvalues
 #    :          93         94         95         96         97         98         99        100
 occ. :        2.000      2.000      2.000      2.000      2.000      2.000      2.000      2.000
 eps  :       -15.462    -15.460    -15.452    -15.439    -15.434    -15.422    -15.413    -15.393
 #    :         101        102        103        104        105        106        107        108
 occ. :        2.000      2.000      2.000      2.000      2.000      0.000      0.000      0.000
 eps  :       -15.361    -15.319    -15.276    -15.234    -15.181    -10.978    -10.259     -6.696
 #    :         109        110        111        112        113        114        115        116
 occ. :        0.000      0.000      0.000      0.000      0.000      0.000      0.000      0.000
 eps  :        -6.584     -6.426     -6.365     -6.337     -6.158     -5.629     -5.530     -5.296
                            2  SCC done.
 
 
 Mulliken/CM5 charges    n(s)   n(p)   n(d)   
    1 C  -0.0326 -0.0893   1.137  2.895  0.000
    2 C  -0.0333 -0.0897   1.138  2.895  0.000
    3 C  -0.0344 -0.0853   1.144  2.891  0.000
    4 C  -0.0945 -0.0694   1.212  2.882  0.000
    5 SI  0.2975  0.1198   1.214  2.502 -0.014
    6 C  -0.0951 -0.0698   1.212  2.883  0.000
    7 C  -0.0352 -0.0858   1.143  2.892  0.000
    8 C  -0.0346 -0.0908   1.139  2.896  0.000
    9 C  -0.0324 -0.0887   1.137  2.895  0.000
   10 C  -0.0341 -0.0902   1.139  2.896  0.000
   11 C  -0.0350 -0.0850   1.143  2.892  0.000
   12 C  -0.0950 -0.0695   1.212  2.883  0.000
   13 C  -0.0356 -0.0863   1.144  2.892  0.000
   14 C  -0.0346 -0.0908   1.139  2.896  0.000
   15 C  -0.0319 -0.0883   1.137  2.894  0.000
   16 C  -0.0337 -0.0898   1.138  2.895  0.000
   17 C  -0.0345 -0.0846   1.143  2.892  0.000
   18 C  -0.0948 -0.0694   1.216  2.879  0.000
   19 C  -0.0321 -0.0826   1.144  2.888  0.000
   20 C  -0.0330 -0.0888   1.141  2.892  0.000
   21 C  -0.0312 -0.0814   1.143  2.888  0.000
   22 C  -0.0942 -0.0687   1.216  2.879  0.000
   23 SI  0.2976  0.1198   1.214  2.502 -0.014
   24 C  -0.0955 -0.0702   1.212  2.883  0.000
   25 C  -0.0352 -0.0852   1.143  2.892  0.000
   26 C  -0.0342 -0.0903   1.139  2.896  0.000
   27 C  -0.0326 -0.0889   1.137  2.895  0.000
   28 C  -0.0348 -0.0910   1.139  2.896  0.000
   29 C  -0.0359 -0.0863   1.143  2.893  0.000
   30 C  -0.0942 -0.0693   1.211  2.883  0.000
   31 C  -0.0342 -0.0851   1.143  2.891  0.000
   32 C  -0.0336 -0.0901   1.139  2.895  0.000
   33 C  -0.0327 -0.0894   1.137  2.895  0.000
   34 C  -0.0347 -0.0909   1.138  2.896  0.000
   35 C  -0.0350 -0.0851   1.142  2.893  0.000
   36 C  -0.0951 -0.0695   1.212  2.883  0.000
   37 C  -0.0343 -0.0843   1.143  2.892  0.000
   38 C  -0.0337 -0.0898   1.139  2.895  0.000
   39 C  -0.0320 -0.0883   1.137  2.894  0.000
   40 C  -0.0345 -0.0907   1.139  2.896  0.000
   41 C  -0.0355 -0.0861   1.144  2.892  0.000
   42 C  -0.0398 -0.0839   1.152  2.887  0.000
   43 C  -0.0357 -0.0859   1.142  2.893  0.000
   44 C  -0.0348 -0.0912   1.138  2.896  0.000
   45 H   0.0380  0.0947   0.962  0.000  0.000
   46 H   0.0388  0.0956   0.961  0.000  0.000
   47 H   0.0390  0.0987   0.961  0.000  0.000
   48 H   0.0384  0.0977   0.962  0.000  0.000
   49 H   0.0384  0.0948   0.962  0.000  0.000
   50 H   0.0386  0.0949   0.961  0.000  0.000
   51 H   0.0385  0.0949   0.961  0.000  0.000
   52 H   0.0387  0.0984   0.961  0.000  0.000
   53 H   0.0388  0.0983   0.961  0.000  0.000
   54 H   0.0385  0.0949   0.962  0.000  0.000
   55 H   0.0388  0.0951   0.961  0.000  0.000
   56 H   0.0388  0.0952   0.961  0.000  0.000
   57 H   0.0392  0.0990   0.961  0.000  0.000
   58 H   0.0410  0.1001   0.959  0.000  0.000
   59 H   0.0409  0.0972   0.959  0.000  0.000
   60 H   0.0411  0.1003   0.959  0.000  0.000
   61 H   0.0396  0.0995   0.960  0.000  0.000
   62 H   0.0386  0.0950   0.961  0.000  0.000
   63 H   0.0385  0.0949   0.962  0.000  0.000
   64 H   0.0383  0.0947   0.962  0.000  0.000
   65 H   0.0384  0.0979   0.962  0.000  0.000
   66 H   0.0389  0.0986   0.961  0.000  0.000
   67 H   0.0389  0.0959   0.961  0.000  0.000
   68 H   0.0380  0.0946   0.962  0.000  0.000
   69 H   0.0381  0.0945   0.962  0.000  0.000
   70 H   0.0385  0.0981   0.962  0.000  0.000
   71 H   0.0392  0.0989   0.961  0.000  0.000
   72 H   0.0388  0.0952   0.961  0.000  0.000
   73 H   0.0388  0.0951   0.961  0.000  0.000
   74 H   0.0385  0.0949   0.962  0.000  0.000
   75 H   0.0385  0.0979   0.961  0.000  0.000
   76 H   0.0432  0.1084   0.957  0.000  0.000
   77 H   0.0384  0.0981   0.962  0.000  0.000
   78 H   0.0379  0.0943   0.962  0.000  0.000
 Hirshfeld charges for QMDFF written to <charges>
 
 Loewdin charges    n(s)   n(p)   n(d)
    1 C  -0.0247   1.083  2.942  0.000
    2 C  -0.0259   1.084  2.942  0.000
    3 C  -0.0260   1.090  2.936  0.000
    4 C  -0.0333   1.146  2.887  0.000
    5 SI  0.0387   1.204  2.559  0.199
    6 C  -0.0334   1.146  2.887  0.000
    7 C  -0.0267   1.090  2.937  0.000
    8 C  -0.0270   1.084  2.943  0.000
    9 C  -0.0245   1.083  2.942  0.000
   10 C  -0.0265   1.084  2.943  0.000
   11 C  -0.0267   1.089  2.938  0.000
   12 C  -0.0330   1.146  2.887  0.000
   13 C  -0.0271   1.090  2.937  0.000
   14 C  -0.0270   1.084  2.943  0.000
   15 C  -0.0240   1.083  2.941  0.000
   16 C  -0.0261   1.084  2.942  0.000
   17 C  -0.0264   1.089  2.937  0.000
   18 C  -0.0331   1.150  2.883  0.000
   19 C  -0.0235   1.090  2.933  0.000
   20 C  -0.0252   1.087  2.939  0.000
   21 C  -0.0230   1.090  2.933  0.000
   22 C  -0.0325   1.150  2.883  0.000
   23 SI  0.0387   1.204  2.559  0.199
   24 C  -0.0340   1.146  2.888  0.000
   25 C  -0.0270   1.090  2.937  0.000
   26 C  -0.0266   1.084  2.943  0.000
   27 C  -0.0247   1.083  2.942  0.000
   28 C  -0.0273   1.084  2.943  0.000
   29 C  -0.0275   1.090  2.938  0.000
   30 C  -0.0326   1.146  2.887  0.000
   31 C  -0.0259   1.090  2.936  0.000
   32 C  -0.0263   1.084  2.942  0.000
   33 C  -0.0249   1.083  2.942  0.000
   34 C  -0.0271   1.084  2.943  0.000
   35 C  -0.0269   1.089  2.938  0.000
   36 C  -0.0332   1.146  2.887  0.000
   37 C  -0.0261   1.089  2.937  0.000
   38 C  -0.0261   1.084  2.942  0.000
   39 C  -0.0240   1.083  2.941  0.000
   40 C  -0.0270   1.084  2.943  0.000
   41 C  -0.0270   1.090  2.937  0.000
   42 C  -0.0307   1.100  2.930  0.000
   43 C  -0.0278   1.089  2.939  0.000
   44 C  -0.0273   1.084  2.943  0.000
   45 H   0.0307   0.969  0.000  0.000
   46 H   0.0312   0.969  0.000  0.000
   47 H   0.0325   0.968  0.000  0.000
   48 H   0.0317   0.968  0.000  0.000
   49 H   0.0308   0.969  0.000  0.000
   50 H   0.0310   0.969  0.000  0.000
   51 H   0.0309   0.969  0.000  0.000
   52 H   0.0317   0.968  0.000  0.000
   53 H   0.0322   0.968  0.000  0.000
   54 H   0.0309   0.969  0.000  0.000
   55 H   0.0312   0.969  0.000  0.000
   56 H   0.0312   0.969  0.000  0.000
   57 H   0.0321   0.968  0.000  0.000
   58 H   0.0338   0.966  0.000  0.000
   59 H   0.0331   0.967  0.000  0.000
   60 H   0.0339   0.966  0.000  0.000
   61 H   0.0326   0.967  0.000  0.000
   62 H   0.0309   0.969  0.000  0.000
   63 H   0.0309   0.969  0.000  0.000
   64 H   0.0307   0.969  0.000  0.000
   65 H   0.0315   0.968  0.000  0.000
   66 H   0.0322   0.968  0.000  0.000
   67 H   0.0313   0.969  0.000  0.000
   68 H   0.0306   0.969  0.000  0.000
   69 H   0.0305   0.969  0.000  0.000
   70 H   0.0314   0.969  0.000  0.000
   71 H   0.0322   0.968  0.000  0.000
   72 H   0.0311   0.969  0.000  0.000
   73 H   0.0311   0.969  0.000  0.000
   74 H   0.0309   0.969  0.000  0.000
   75 H   0.0319   0.968  0.000  0.000
   76 H   0.0377   0.962  0.000  0.000
   77 H   0.0315   0.968  0.000  0.000
   78 H   0.0304   0.970  0.000  0.000
 
 Wiberg/Mayer (AO) data. WBOs > 0.1 written file <wbo>
 largest (>0.05) Wiberg bond orders for each atom
           total WBO             WBO to atom ...
     1  C   3.969    C   44 1.430    C    2 1.427    H   45 0.946    C    4 0.111
     2  C   3.969    C    3 1.431    C    1 1.427    H   46 0.945    C   43 0.110
     3  C   3.971    C    2 1.431    C    4 1.409    H   47 0.946    C   44 0.110
     4  C   3.927    C   43 1.416    C    3 1.409    SI   5 0.881    C    1 0.111
     5  SI  3.782    C   12 0.883    C    6 0.882    C    4 0.881    C   18 0.876
     6  C   3.928    C   11 1.415    C    7 1.411    SI   5 0.882    C    9 0.111
     7  C   3.971    C    8 1.431    C    6 1.411    H   48 0.947    C   10 0.110
     8  C   3.969    C    7 1.431    C    9 1.427    H   49 0.945    C   11 0.110
     9  C   3.969    C   10 1.430    C    8 1.427    H   50 0.946    C    6 0.111
    10  C   3.970    C    9 1.430    C   11 1.428    H   51 0.945    C    7 0.110
    11  C   3.971    C   10 1.428    C    6 1.415    H   52 0.946    C    8 0.110
    12  C   3.927    C   17 1.415    C   13 1.410    SI   5 0.883    C   15 0.111
    13  C   3.971    C   14 1.431    C   12 1.410    H   53 0.947    C   16 0.110
    14  C   3.969    C   13 1.431    C   15 1.427    H   54 0.945    C   17 0.110
    15  C   3.969    C   16 1.430    C   14 1.427    H   55 0.946    C   12 0.111
    16  C   3.970    C   15 1.430    C   17 1.428    H   56 0.945    C   13 0.110
    17  C   3.971    C   16 1.428    C   12 1.415    H   57 0.946    C   14 0.110
    18  C   3.920    C   42 1.412    C   19 1.408    SI   5 0.876    C   21 0.107
    19  C   3.964    C   20 1.427    C   18 1.408    H   58 0.944    C   22 0.108
    20  C   3.963    C   19 1.427    C   21 1.424    H   59 0.942    C   42 0.107
    21  C   3.964    C   20 1.424    C   22 1.413    H   60 0.944    C   18 0.107
    22  C   3.920    C   21 1.413    C   42 1.408    SI  23 0.876    C   19 0.108
    23  SI  3.782    C   30 0.883    C   36 0.882    C   24 0.881    C   22 0.876
    24  C   3.927    C   25 1.414    C   29 1.413    SI  23 0.881    C   27 0.111
    25  C   3.971    C   26 1.430    C   24 1.414    H   61 0.946    C   28 0.110
    26  C   3.970    C   25 1.430    C   27 1.428    H   62 0.945    C   29 0.110
    27  C   3.969    C   26 1.428    C   28 1.428    H   63 0.946    C   24 0.111
    28  C   3.969    C   29 1.430    C   27 1.428    H   64 0.945    C   25 0.110
    29  C   3.971    C   28 1.430    C   24 1.413    H   65 0.947    C   26 0.110
    30  C   3.928    C   35 1.417    C   31 1.409    SI  23 0.883    C   33 0.111
    31  C   3.971    C   32 1.432    C   30 1.409    H   66 0.947    C   34 0.110
    32  C   3.969    C   31 1.432    C   33 1.426    H   67 0.945    C   35 0.110
    33  C   3.970    C   34 1.431    C   32 1.426    H   68 0.946    C   30 0.111
    34  C   3.970    C   33 1.431    C   35 1.427    H   69 0.945    C   31 0.110
    35  C   3.971    C   34 1.427    C   30 1.417    H   70 0.946    C   32 0.110
    36  C   3.926    C   37 1.415    C   41 1.411    SI  23 0.882    C   39 0.111
    37  C   3.971    C   38 1.428    C   36 1.415    H   71 0.946    C   40 0.110
    38  C   3.969    C   39 1.430    C   37 1.428    H   72 0.945    C   41 0.110
    39  C   3.969    C   38 1.430    C   40 1.427    H   73 0.946    C   36 0.111
    40  C   3.969    C   41 1.431    C   39 1.427    H   74 0.945    C   37 0.110
    41  C   3.971    C   40 1.431    C   36 1.411    H   75 0.947    C   38 0.110
    42  C   3.966    C   18 1.412    C   22 1.408    H   76 0.941    C   20 0.107
    43  C   3.971    C   44 1.427    C    4 1.416    H   77 0.946    C    2 0.110
    44  C   3.970    C    1 1.430    C   43 1.427    H   78 0.945    C    3 0.110
    45  H   0.993    C    1 0.946
    46  H   0.996    C    2 0.945
    47  H   0.998    C    3 0.946
    48  H   0.998    C    7 0.947
    49  H   0.996    C    8 0.945
    50  H   0.993    C    9 0.946
    51  H   0.996    C   10 0.945
    52  H   0.998    C   11 0.946
    53  H   0.998    C   13 0.947
    54  H   0.996    C   14 0.945
    55  H   0.993    C   15 0.946
    56  H   0.996    C   16 0.945
    57  H   0.998    C   17 0.946
    58  H   0.993    C   19 0.944
    59  H   0.994    C   20 0.942
    60  H   0.993    C   21 0.944
    61  H   0.998    C   25 0.946
    62  H   0.996    C   26 0.945
    63  H   0.993    C   27 0.946
    64  H   0.996    C   28 0.945
    65  H   0.998    C   29 0.947
    66  H   0.998    C   31 0.947
    67  H   0.996    C   32 0.945
    68  H   0.993    C   33 0.946
    69  H   0.996    C   34 0.945
    70  H   0.998    C   35 0.946
    71  H   0.998    C   37 0.946
    72  H   0.996    C   38 0.945
    73  H   0.993    C   39 0.946
    74  H   0.996    C   40 0.945
    75  H   0.998    C   41 0.947
    76  H   0.998    C   42 0.941
    77  H   0.998    C   43 0.946
    78  H   0.996    C   44 0.945
 
 --------------------------------------------
          xTB calculation for sTDA...
 --------------------------------------------
 
 reading parameter file /home/penavora/Exe_xtb_crest/.param_stda2.xtb
 
      method parameters     
 k(s)        :  1.6000
 k(p)        :  2.1800
 k(d)        :  1.9500
 k(f)        :  2.0000
 k(R-V)      :  2.2750
 k(R-R)      :  1.7650
 Tscal       :  0.2580
 Gscal       :  1.0000
 fpol        :  1.0000
 Zcnf        :  0.3430
 Zqf         :  0.0000
 kcn         :  2.7000
 Ryd Hsplit  :  0.7000
 lshift(virt):  3.1000
 lshift(OS)  :  0.2000
 wllscaling  :  2.6000
 
 mowrcut     : 3.000
 
  Z AO/shell   Hii/eV     exponent
  1     Sun Feb 14 09:53:25 CET 2016    EN: 2.327 GAM: 0.473  GM3: 0.0000
     1s    -14.339618    1.220000
     2sp    -3.348946    0.600000
  6     Sun Feb 14 09:53:25 CET 2016    EN: 2.731 GAM: 0.422  GM3: 0.0000
     2s    -22.009312    1.565095
     2p    -13.020408    1.596905
     3sp    -3.914040    0.824500
 14     Sun Feb 21 16:46:26 CET 2016    EN: 1.199 GAM: 0.300  GM3: 0.0000
     3s    -15.522634    1.383771
     3p    -10.921327    1.450010
     4sp    -4.631265    0.682200
 
 Nbf   :          522
 T(el) :     0.0
 calculating S/T integrals ...
 cpu time for ints    5.38162200000000     
 Nao   :          522
 making H0...
 making H1...
 cpu time for H      9.041999999999106E-003
 solving ...
 cpu time for diag   0.777614000000000     
 
 gap (eV)           :   9.926
 Koopmans IP (eV)   :  15.804
 Eel (Eh)           :  -176.766760

          eigenvalues
 #    :          93         94         95         96         97         98         99        100
 occ. :        2.000      2.000      2.000      2.000      2.000      2.000      2.000      2.000
 eps  :       -16.157    -16.150    -16.122    -16.103    -16.089    -16.079    -16.056    -16.037
 #    :         101        102        103        104        105        106        107        108
 occ. :        2.000      2.000      2.000      2.000      2.000      0.000      0.000      0.000
 eps  :       -16.006    -15.949    -15.908    -15.850    -15.805     -5.878     -5.864     -5.845
 #    :         109        110        111        112        113        114        115        116
 occ. :        0.000      0.000      0.000      0.000      0.000      0.000      0.000      0.000
 eps  :        -5.823     -5.815     -5.777     -5.770     -5.758     -5.749     -5.712     -5.696
                            1  SCC done.
 writing mo output ...
 molden style : F
 
speedup 15.33
cpu  time for all   10.90 s
wall time for all    0.71 s
