  92
 Etot=        -154.7258055715
 N         11.5833988962       -1.5062681529        1.5000367767
 C         10.5307960661       -1.4468376830        1.0519343864
 C          9.2243281281       -1.3685324030        0.5138552052
 C          8.1680192999       -0.9860640265        1.3112121286
 C          6.8718565236       -0.9089747190        0.7776540432
 N          5.8535040439       -0.5303759910        1.5924250627
 C          4.6793313228       -0.4781690834        1.0355582586
 C          4.4599210835       -0.8050095154       -0.3667825439
 N          5.4236772201       -1.1720722882       -1.1608289346
 C          6.6566209268       -1.2293334662       -0.5968107689
 C          7.7445257116       -1.6170473338       -1.3955103862
 C          9.0098469974       -1.6877517546       -0.8561257267
 C         10.1057587248       -2.0789158323       -1.6616691242
 N         10.9834007999       -2.3971446952       -2.3255162773
 C          3.0461579459       -0.6460826460       -0.6482366164
 C          2.2485145503       -0.8030263756       -1.7567522882
 C          0.8779027066       -0.5413123529       -1.6289096549
 C          0.2992775219       -0.1207709684       -0.4446395108
 N         -1.0935914646        0.1057348401       -0.3774520801
 C         -1.9315351114       -1.0081354659       -0.3455611001
 C         -1.4097603950       -2.2998211364       -0.4585887424
 C         -2.2330157363       -3.4045501596       -0.4387494568
 C         -3.6120517004       -3.2693454449       -0.2995037637
 C         -4.5014551114       -4.4370557592       -0.2976694338
 C         -5.7376029744       -4.3850604031       -0.9388954846
 C         -6.5752193580       -5.4844310010       -0.9426963513
 C         -6.1955372373       -6.6526677571       -0.3030807313
 C         -4.9706616050       -6.7146748536        0.3399454500
 C         -4.1295164116       -5.6178711653        0.3414335727
 C         -4.1226361879       -1.9851591406       -0.1533010951
 C         -3.3073001903       -0.8664229076       -0.1655453091
 C         -3.9430223346        0.4831941771        0.0423984992
 C         -5.0348298772        0.7087450466       -0.9874375447
 C         -4.9079090879        0.7967029610       -2.3556293717
 C         -6.0542021090        0.9888157951       -3.1154777096
 C         -7.2978190027        1.0883192425       -2.5104603691
 C         -7.4291254996        1.0011166230       -1.1334924416
 C         -6.2891955632        0.8108344775       -0.3703873266
 C         -6.1085212928        0.6812028839        1.0680701330
 C         -7.0219176506        0.7160979343        2.1082765900
 C         -6.5563037458        0.5636288462        3.4046702870
 C         -5.2062262318        0.3782027908        3.6593283629
 C         -4.2861374332        0.3408258508        2.6199899716
 C         -4.7440745432        0.4943963833        1.3306904217
 C         -2.9462397255        1.6135813651        0.0127268662
 C         -3.4465919049        2.9004586500        0.1941038864
 C         -2.6338330544        4.0067051558        0.1326330083
 C         -1.2838563364        3.8294716903       -0.1513081412
 C         -0.7681103014        2.5352017687       -0.3311779205
 S          0.9452841826        2.5850244105       -0.7448516606
 C          0.9633485190        4.3282402640       -0.6603115838
 C          2.0642915441        5.1391238345       -0.8798670059
 C          1.9039869100        6.5058532962       -0.7616098939
 C          0.6663491607        7.0498771657       -0.4299953884
 C         -0.4274920926        6.2380168280       -0.2121425594
 C         -0.2904282257        4.8571095665       -0.3248974871
 C         -1.5847898667        1.3973778570       -0.2207009870
 C          1.0941162970        0.0361476890        0.7254706546
 C          0.6789021405        0.4292649709        2.0163254728
 C          1.5952763922        0.5375918290        3.0357273260
 C          2.9654139166        0.2731454243        2.8603576862
 C          3.3972989378       -0.1189594507        1.6174868545
 C          2.4548931874       -0.2347746053        0.5689009754
 H          8.3157854757       -0.7409028363        2.3519132382
 H          7.5664472060       -1.8560636238       -2.4328846423
 H          2.6584408460       -1.1106626969       -2.7056260894
 H          0.2392832288       -0.6586778878       -2.4926886493
 H         -0.3458293320       -2.4458332912       -0.5605893399
 H         -1.7972835457       -4.3857624218       -0.5523394556
 H         -6.0320452971       -3.4821437418       -1.4544061554
 H         -7.5280668475       -5.4312880238       -1.4492170832
 H         -6.8512151685       -7.5107927415       -0.3055069377
 H         -4.6709283575       -7.6217783424        0.8446484245
 H         -3.1832905220       -5.6675148422        0.8604890896
 H         -5.1831396049       -1.8488342783       -0.0002234745
 H         -3.9388811430        0.7178225375       -2.8270355475
 H         -5.9763417626        1.0603157144       -4.1902927635
 H         -8.1761721485        1.2357479554       -3.1217516130
 H         -8.4000481181        1.0788671357       -0.6672311349
 H         -8.0746857642        0.8587266083        1.9148880397
 H         -7.2543752758        0.5884843095        4.2286075527
 H         -4.8665080621        0.2602744148        4.6777143854
 H         -3.2346495321        0.1916177041        2.8199881978
 H         -4.5030185829        3.0180807335        0.3828454959
 H         -3.0333282741        4.9970801609        0.2781048382
 H          3.0189372274        4.7063319132       -1.1362720982
 H          2.7479261558        7.1580580878       -0.9281088207
 H          0.5637338602        8.1211298962       -0.3429824128
 H         -1.3848235363        6.6649826818        0.0449319397
 H         -0.3625695236        0.6507427189        2.1992965302
 H          1.2542038975        0.8413221587        4.0146943079
 H          3.6524870211        0.3779995520        3.6854113707
  92
 Etot=        -154.7258056133
 N         11.5833881312       -1.5062561517        1.5000656682
 C         10.5308265265       -1.4468446709        1.0519414983
 C          9.2243239927       -1.3685232769        0.5138456815
 C          8.1680203470       -0.9860527468        1.3112353482
 C          6.8718540831       -0.9089720545        0.7776509063
 N          5.8535002178       -0.5303681096        1.5924328756
 C          4.6793296621       -0.4781566805        1.0355573206
 C          4.4599206197       -0.8050101330       -0.3667835739
 N          5.4236728188       -1.1720710547       -1.1608287201
 C          6.6566260793       -1.2293260667       -0.5967981560
 C          7.7445257523       -1.6170488182       -1.3955155767
 C          9.0098466891       -1.6877467380       -0.8560966335
 C         10.1057785626       -2.0789238314       -1.6616744955
 N         10.9834047872       -2.3971403227       -2.3254988867
 C          3.0461625880       -0.6460830634       -0.6482375277
 C          2.2485165985       -0.8030208013       -1.7567569782
 C          0.8779055725       -0.5413169747       -1.6289131369
 C          0.2992750913       -0.1207752180       -0.4446451776
 N         -1.0935961281        0.1057319086       -0.3774664763
 C         -1.9315337675       -1.0081381503       -0.3455625862
 C         -1.4097638647       -2.2998237671       -0.4585938776
 C         -2.2330137472       -3.4045536492       -0.4387571078
 C         -3.6120555158       -3.2693478476       -0.2995062101
 C         -4.5014589857       -4.4370643269       -0.2976738373
 C         -5.7376039909       -4.3850559047       -0.9389017080
 C         -6.5752279295       -5.4844413247       -0.9426989824
 C         -6.1955390802       -6.6526635244       -0.3030863177
 C         -4.9706711653       -6.7146869761        0.3399380085
 C         -4.1295132528       -5.6178740769        0.3414256937
 C         -4.1226351168       -1.9851561416       -0.1533028932
 C         -3.3073046542       -0.8664277721       -0.1655425448
 C         -3.9430212619        0.4831903535        0.0424034375
 C         -5.0348271378        0.7087411134       -0.9874348592
 C         -4.9079138585        0.7967092657       -2.3556205082
 C         -6.0542063083        0.9888264302       -3.1154734390
 C         -7.2978244654        1.0883316323       -2.5104467802
 C         -7.4291265871        1.0011337085       -1.1334836988
 C         -6.2891964900        0.8108342760       -0.3703753564
 C         -6.1085203200        0.6812030541        1.0680752465
 C         -7.0219100789        0.7161119164        2.1082925292
 C         -6.5562978434        0.5636330795        3.4046775542
 C         -5.2062141440        0.3781975207        3.6593377212
 C         -4.2861335399        0.3408305146        2.6199896092
 C         -4.7440665175        0.4943894889        1.3306968271
 C         -2.9462464192        1.6135787534        0.0127283274
 C         -3.4465889195        2.9004513672        0.1941018592
 C         -2.6338375281        4.0067033518        0.1326338113
 C         -1.2838546655        3.8294672353       -0.1513111797
 C         -0.7681092025        2.5351947714       -0.3311873716
 S          0.9452852510        2.5850141394       -0.7448646705
 C          0.9633468963        4.3282314060       -0.6603252243
 C          2.0642984226        5.1391259812       -0.8798802565
 C          1.9039787520        6.5058492421       -0.7616244677
 C          0.6663519425        7.0498712187       -0.4300124648
 C         -0.4274914564        6.2380187496       -0.2121428966
 C         -0.2904282980        4.8571060270       -0.3249045564
 C         -1.5847873859        1.3973692399       -0.2207034328
 C          1.0941151166        0.0361492722        0.7254687847
 C          0.6788978659        0.4292614741        2.0163211080
 C          1.5952702851        0.5375878478        3.0357268882
 C          2.9654086845        0.2731459761        2.8603554848
 C          3.3972974109       -0.1189584408        1.6174878363
 C          2.4548937891       -0.2347749645        0.5688988874
 H          8.3157807253       -0.7408975602        2.3519201892
 H          7.5664534697       -1.8560588447       -2.4328763269
 H          2.6584442088       -1.1106664644       -2.7056283428
 H          0.2392861970       -0.6586836468       -2.4926939579
 H         -0.3458302507       -2.4458374723       -0.5606011038
 H         -1.7972866851       -4.3857670736       -0.5523466584
 H         -6.0320506288       -3.4821431267       -1.4544027452
 H         -7.5280732766       -5.4312853553       -1.4492237559
 H         -6.8512200198       -7.5108028729       -0.3055225067
 H         -4.6709257321       -7.6217874695        0.8446310396
 H         -3.1832902417       -5.6675241203        0.8604806946
 H         -5.1831428211       -1.8488367483       -0.0002156495
 H         -3.9388850463        0.7178220581       -2.8270342947
 H         -5.9763491638        1.0603293117       -4.1902841248
 H         -8.1761787821        1.2357683773       -3.1217400405
 H         -8.4000496646        1.0788782802       -0.6672156479
 H         -8.0746821738        0.8587300760        1.9149001383
 H         -7.2543641886        0.5884896567        4.2286207292
 H         -4.8664961370        0.2602748792        4.6777192767
 H         -3.2346414202        0.1916081314        2.8199901237
 H         -4.5030192486        3.0180772312        0.3828541684
 H         -3.0333257035        4.9970777013        0.2781048902
 H          3.0189371524        4.7063267456       -1.1362906789
 H          2.7479300740        7.1580567676       -0.9281213746
 H          0.5637336475        8.1211319227       -0.3429841996
 H         -1.3848271633        6.6649798080        0.0449287860
 H         -0.3625745974        0.6507390945        2.1992911762
 H          1.2541972000        0.8413269713        4.0146896369
 H          3.6524821757        0.3780076415        3.6854105140
