  83
 Etot=        -135.7255627690
 O         -0.8043848025       -2.9397965957       -1.9387807619
 P         -0.4453534846       -2.6079093686       -0.5462907335
 C         -1.8606119526       -2.4322405634        0.5828508410
 C         -1.7628425518       -1.8222537099        1.8265260205
 C         -2.8520841382       -1.8216283815        2.6775825795
 C         -4.0316406265       -2.4442265094        2.2996794846
 C         -4.1256262941       -3.0646054218        1.0643458001
 C         -3.0407576171       -3.0564589913        0.2051063956
 C          0.5103060376       -3.9465918669        0.2403714538
 C          0.6426374015       -5.1323548756       -0.4685034575
 C          1.3256498620       -6.2014527264        0.0852641585
 C          1.8727885795       -6.0863524596        1.3523739157
 C          1.7366192029       -4.9042410576        2.0651794057
 C          1.0545818089       -3.8354793844        1.5145585949
 C          0.6393867016       -1.1368123393       -0.3974896201
 C          1.9796063165       -1.3921580766       -0.5068137862
 C          2.9283537120       -0.3575488717       -0.3780507718
 N          4.2349043427       -0.6292498460       -0.4823538929
 C          5.0840193928        0.3727736311       -0.3331752598
 C          4.6162103878        1.7148944289       -0.0638753149
 N          3.3272847062        1.9824717755        0.0454605355
 C          2.4636651187        0.9673666314       -0.1081491169
 C          1.0798075741        1.2050911962       -0.0250862941
 C          0.1672152218        0.1885840889       -0.1903720805
 C         -1.2657213163        0.4905792295       -0.1830641329
 C         -2.0974913723       -0.0061766825       -1.1854798441
 C         -3.4333606971        0.3297942976       -1.2279753778
 C         -3.9920967629        1.1589743714       -0.2513092968
 N         -5.3351093361        1.5129286737       -0.2891059272
 C         -6.2995780956        0.6593225419       -0.8442143358
 C         -7.3636449388        1.1863609758       -1.5759054665
 C         -8.3265837352        0.3488768795       -2.1059175321
 C         -8.2405864822       -1.0219920901       -1.9245641879
 C         -7.1820638882       -1.5499409173       -1.2030080880
 C         -6.2199722365       -0.7202192243       -0.6595510502
 C         -5.7498527162        2.7579169088        0.2176560471
 C         -5.0172509846        3.9129405677       -0.0509162309
 C         -5.4350597755        5.1320241173        0.4486088654
 C         -6.5874635880        5.2186650393        1.2132691376
 C         -7.3223888824        4.0738902540        1.4766227543
 C         -6.9085512661        2.8495254433        0.9867696477
 C         -3.1604890803        1.6428868701        0.7643023371
 C         -1.8206875547        1.3279132864        0.7847200856
 C          5.5864323072        2.7375600074        0.0840926870
 S          5.2351528592        4.4023186924        0.4061199667
 C          6.9190241183        4.7720893504        0.4080725771
 C          7.7091801271        3.6941499311        0.1773433721
 C          6.9572310305        2.5077057774       -0.0125741866
 C          7.4181671076        1.1827866173       -0.2747258363
 C          8.7474127895        0.7095514712       -0.4116017254
 C          8.7955919460       -0.6231185248       -0.6579346205
 S          7.2400125177       -1.3643775057       -0.7350739265
 C          6.4823988806        0.1618330230       -0.4263692824
 H         -0.8432710648       -1.3360634638        2.1179687260
 H         -2.7807044372       -1.3369676694        3.6400939784
 H         -4.8789546513       -2.4453155017        2.9693170484
 H         -5.0408892406       -3.5591447643        0.7740988872
 H         -3.0921021204       -3.5234069622       -0.7690063270
 H          0.2104213828       -5.1947161568       -1.4577557864
 H          1.4307965142       -7.1209671405       -0.4715833660
 H          2.4075362547       -6.9180347717        1.7867399360
 H          2.1646278276       -4.8160917109        3.0530157145
 H          0.9532362225       -2.9114319305        2.0644488345
 H          2.3411491884       -2.3965975673       -0.6813903185
 H          0.7514704471        2.2205422234        0.1383997891
 H         -1.6793040375       -0.6209424530       -1.9688446859
 H         -4.0502454952       -0.0386712027       -2.0338013406
 H         -7.4287117977        2.2540928724       -1.7268474468
 H         -9.1451380996        0.7699555623       -2.6713133116
 H         -8.9921899287       -1.6741473476       -2.3434923937
 H         -7.1094749953       -2.6175264454       -1.0554901222
 H         -5.4010315225       -1.1327617829       -0.0890671497
 H         -4.1238136793        3.8463841078       -0.6547761532
 H         -4.8607381578        6.0209826088        0.2320907813
 H         -6.9118678102        6.1731743406        1.5995924143
 H         -8.2205190949        4.1327764535        2.0739425308
 H         -7.4784680006        1.9558193495        1.1954063674
 H         -3.5766542625        2.2706308831        1.5379893103
 H         -1.1957348756        1.7087818916        1.5792307714
 H          7.2261286800        5.7844816703        0.5833190665
 H          8.7820908833        3.7345612583        0.1417493627
 H          9.6164741258        1.3356370644       -0.3296289900
 H          9.6661761625       -1.2323368757       -0.8024529887
  83
 Etot=        -135.7257000041
 O         -0.8063158524       -2.9418166729       -1.9451488674
 P         -0.4460322117       -2.6074607584       -0.5559608135
 C         -1.8584507996       -2.4323169363        0.5795453025
 C         -1.7612738751       -1.8207112499        1.8221093004
 C         -2.8512148001       -1.8169044323        2.6723373341
 C         -4.0309156047       -2.4394810275        2.2956039642
 C         -4.1249144445       -3.0603581625        1.0608358878
 C         -3.0394737294       -3.0540638783        0.2026722784
 C          0.5071577305       -3.9446232746        0.2392157945
 C          0.6410399100       -5.1301435541       -0.4683827252
 C          1.3244045095       -6.1986668058        0.0854648062
 C          1.8711973893       -6.0833383529        1.3522876473
 C          1.7349348349       -4.9008548026        2.0638428087
 C          1.0525926011       -3.8326479515        1.5124561782
 C          0.6393012380       -1.1381498808       -0.3967506195
 C          1.9794967289       -1.3940089099       -0.5037595116
 C          2.9282356570       -0.3589264951       -0.3757558873
 N          4.2341923171       -0.6302063390       -0.4796207587
 C          5.0821315960        0.3718151663       -0.3315157172
 C          4.6142278990        1.7139446656       -0.0628871285
 N          3.3260455405        1.9816463572        0.0464835847
 C          2.4634631110        0.9667664236       -0.1071818793
 C          1.0791393365        1.2038119827       -0.0239337221
 C          0.1675491353        0.1870855457       -0.1889010568
 C         -1.2654197493        0.4893742714       -0.1819822117
 C         -2.0970476287       -0.0078020517       -1.1836746920
 C         -3.4330259244        0.3281077770       -1.2255928221
 C         -3.9909582592        1.1571949406       -0.2494296867
 N         -5.3343883620        1.5119056149       -0.2871831075
 C         -6.2981879242        0.6588046758       -0.8403370831
 C         -7.3624734187        1.1860019470       -1.5714529192
 C         -8.3240498088        0.3485771417       -2.1032437286
 C         -8.2372669414       -1.0221542304       -1.9233665864
 C         -7.1790356760       -1.5499482609       -1.2014490992
 C         -6.2171694399       -0.7208239005       -0.6573763423
 C         -5.7487703540        2.7560532207        0.2172055910
 C         -5.0146344881        3.9105635466       -0.0488757886
 C         -5.4329454061        5.1296205717        0.4494577355
 C         -6.5867334060        5.2170418887        1.2115285375
 C         -7.3225357799        4.0728585932        1.4735098051
 C         -6.9091653060        2.8487327157        0.9835227773
 C         -3.1601420688        1.6410893569        0.7657294195
 C         -1.8199651567        1.3261129480        0.7857337225
 C          5.5850205482        2.7365701970        0.0849907919
 S          5.2340033767        4.4009304120        0.4067513206
 C          6.9170927868        4.7714084802        0.4077660076
 C          7.7070477478        3.6935942018        0.1768901008
 C          6.9552729301        2.5070476933       -0.0125262598
 C          7.4162565587        1.1824445447       -0.2745183406
 C          8.7453729543        0.7093557999       -0.4121613367
 C          8.7937152409       -0.6232140810       -0.6580514801
 S          7.2385949600       -1.3637727711       -0.7345284860
 C          6.4808934252        0.1617233647       -0.4254866700
 H         -0.8420478927       -1.3348467835        2.1140577137
 H         -2.7801289097       -1.3337551424        3.6358956411
 H         -4.8775231918       -2.4417122544        2.9664098272
 H         -5.0407303860       -3.5551983140        0.7718096897
 H         -3.0911867203       -3.5211655619       -0.7702383550
 H          0.2101705796       -5.1923269942       -1.4572095752
 H          1.4305295600       -7.1185145374       -0.4705595833
 H          2.4060343101       -6.9146621255        1.7873592004
 H          2.1636034018       -4.8128813133        3.0515093314
 H          0.9516651918       -2.9086376242        2.0619361659
 H          2.3407537635       -2.3979201822       -0.6780484127
 H          0.7504180275        2.2189277642        0.1385605195
 H         -1.6800789878       -0.6269433356       -1.9627925593
 H         -4.0517393893       -0.0413420502       -2.0289810854
 H         -7.4278965706        2.2536802257       -1.7212768017
 H         -9.1421346322        0.7694708005       -2.6690657094
 H         -8.9886809606       -1.6739701139       -2.3425217776
 H         -7.1068146263       -2.6174997177       -1.0535771697
 H         -5.3997273113       -1.1330964350       -0.0855027305
 H         -4.1201745797        3.8431052385       -0.6504949510
 H         -4.8587758053        6.0184437183        0.2330715097
 H         -6.9110676090        6.1713823293        1.5976484641
 H         -8.2207851687        4.1320617401        2.0702473497
 H         -7.4798940668        1.9553320299        1.1905215843
 H         -3.5766562490        2.2707067907        1.5376419222
 H         -1.1945485562        1.7094230104        1.5788189679
 H          7.2245197154        5.7837659413        0.5826974919
 H          8.7803074309        3.7341976140        0.1413514366
 H          9.6148824269        1.3355202385       -0.3307112765
 H          9.6645138492       -1.2320475929       -0.8028645328
  83
 Etot=        -135.7257704291
 O         -0.8085290324       -2.9452479481       -1.9524707128
 P         -0.4471092402       -2.6073146983       -0.5674626446
 C         -1.8573615589       -2.4297283294        0.5731192934
 C         -1.7594847476       -1.8168205304        1.8144220905
 C         -2.8492499928       -1.8107658115        2.6646728359
 C         -4.0297989146       -2.4326795565        2.2895719285
 C         -4.1246270450       -3.0547621637        1.0555819688
 C         -3.0392183623       -3.0498417538        0.1977399194
 C          0.5050309911       -3.9418989990        0.2359503846
 C          0.6401032519       -5.1280707191       -0.4695613211
 C          1.3227270965       -6.1959886912        0.0858026166
 C          1.8687072390       -6.0789079851        1.3526090801
 C          1.7318114150       -4.8952372590        2.0619976914
 C          1.0499954673       -3.8278613806        1.5086647309
 C          0.6387829779       -1.1399237862       -0.3982194658
 C          1.9790982390       -1.3965219137       -0.5007843670
 C          2.9277665129       -0.3614021566       -0.3704683998
 N          4.2332798037       -0.6321528877       -0.4738253091
 C          5.0800225049        0.3702665721       -0.3281210262
 C          4.6119141095        1.7124781480       -0.0604319847
 N          3.3242610434        1.9801119065        0.0489267383
 C          2.4628469100        0.9652403865       -0.1042741467
 C          1.0780198455        1.2017931525       -0.0224176092
 C          0.1676713172        0.1849942820       -0.1886959986
 C         -1.2653085069        0.4875718297       -0.1809280840
 C         -2.0974008209       -0.0120841297       -1.1805035438
 C         -3.4332842419        0.3239672405       -1.2212860169
 C         -3.9891220356        1.1541579681       -0.2456763170
 N         -5.3330979007        1.5099436728       -0.2831326667
 C         -6.2961372544        0.6570261151       -0.8339166365
 C         -7.3606759004        1.1841726767       -1.5648378717
 C         -8.3207211688        0.3467184986       -2.0985936310
 C         -8.2326965844       -1.0240511482       -1.9205251656
 C         -7.1750267433       -1.5514644045       -1.1975930479
 C         -6.2139209292       -0.7227348954       -0.6521291229
 C         -5.7464758834        2.7535503190        0.2179957364
 C         -5.0097542985        3.9072816201       -0.0447385881
 C         -5.4290145672        5.1267248269        0.4511159918
 C         -6.5853820459        5.2156714764        1.2089609344
 C         -7.3233435395        4.0724371325        1.4684730923
 C         -6.9100708735        2.8482593295        0.9795134214
 C         -3.1586451333        1.6392717823        0.7682338562
 C         -1.8180325940        1.3248318846        0.7866094334
 C          5.5830674982        2.7353581471        0.0869023855
 S          5.2315732689        4.3991718844        0.4079314808
 C          6.9137035673        4.7706958765        0.4075011192
 C          7.7040273325        3.6932377165        0.1763062736
 C          6.9528445172        2.5063079179       -0.0119723276
 C          7.4140567067        1.1819343119       -0.2739534524
 C          8.7428643442        0.7089573096       -0.4130676278
 C          8.7909564191       -0.6237079206       -0.6586061438
 S          7.2364720815       -1.3637739901       -0.7329671518
 C          6.4791982788        0.1611408207       -0.4235679871
 H         -0.8404184866       -1.3313004602        2.1067800331
 H         -2.7793192648       -1.3252734284        3.6273021310
 H         -4.8766597395       -2.4317707214        2.9601804490
 H         -5.0417215259       -3.5482254340        0.7675902341
 H         -3.0918777614       -3.5174281987       -0.7742530758
 H          0.2099149842       -5.1911262614       -1.4580308700
 H          1.4302382492       -7.1165933857       -0.4686416983
 H          2.4039273926       -6.9091353267        1.7892699343
 H          2.1610915469       -4.8063466146        3.0493712311
 H          0.9494306621       -2.9034022632        2.0571581329
 H          2.3404038527       -2.3998588278       -0.6752731811
 H          0.7489242922        2.2165265856        0.1399239144
 H         -1.6808739683       -0.6316539405       -1.9584784232
 H         -4.0543093483       -0.0454974788       -2.0224619436
 H         -7.4269603947        2.2519466915       -1.7125197305
 H         -9.1384157084        0.7674806900       -2.6648113076
 H         -8.9825989311       -1.6758360261       -2.3418504438
 H         -7.1017561625       -2.6191811357       -1.0512518737
 H         -5.3964067974       -1.1347520277       -0.0809713310
 H         -4.1127963905        3.8380040680       -0.6420597893
 H         -4.8533758672        6.0148981623        0.2367041607
 H         -6.9099646969        6.1701645667        1.5939086210
 H         -8.2234941282        4.1325964289        2.0619976324
 H         -7.4829862597        1.9555219817        1.1829562719
 H         -3.5757158014        2.2686416321        1.5399310023
 H         -1.1924731236        1.7078717493        1.5797868185
 H          7.2213123909        5.7831332978        0.5815707594
 H          8.7774732369        3.7344594666        0.1399529291
 H          9.6128078159        1.3350958600       -0.3328117562
 H          9.6619674006       -1.2320047684       -0.8042458028
  83
 Etot=        -135.7258042547
 O         -0.8099181831       -2.9482960325       -1.9578752731
 P         -0.4480490423       -2.6075796383       -0.5750045894
 C         -1.8578191783       -2.4271629226        0.5664035595
 C         -1.7585168222       -1.8125642109        1.8064788746
 C         -2.8484183876       -1.8029446100        2.6563542518
 C         -4.0301494781       -2.4235472575        2.2824914417
 C         -4.1259050500       -3.0484810899        1.0498538650
 C         -3.0405003308       -3.0462702736        0.1920449869
 C          0.5038433385       -3.9404566397        0.2317631820
 C          0.6394517447       -5.1280106002       -0.4714919668
 C          1.3218690843       -6.1947726216        0.0862444926
 C          1.8669280190       -6.0747279226        1.3532891469
 C          1.7291616094       -4.8895346748        2.0602131327
 C          1.0476354751       -3.8233767922        1.5044495314
 C          0.6381476560       -1.1409827102       -0.4026488233
 C          1.9787119292       -1.3980422255       -0.5008303276
 C          2.9272348519       -0.3634654338       -0.3659725351
 N          4.2328322170       -0.6341493357       -0.4679678548
 C          5.0791068986        0.3687376395       -0.3235447692
 C          4.6108159097        1.7109441098       -0.0564602685
 N          3.3231546074        1.9783652346        0.0529369845
 C          2.4622579127        0.9633945726       -0.1005517567
 C          1.0773800196        1.1999734346       -0.0202584478
 C          0.1676272213        0.1835161912       -0.1901603658
 C         -1.2651413292        0.4863639859       -0.1810986781
 C         -2.0979862682       -0.0144163687       -1.1794569778
 C         -3.4340074898        0.3207111013       -1.2179734982
 C         -3.9877465346        1.1512320294       -0.2414798330
 N         -5.3320108634        1.5075670075       -0.2780170548
 C         -6.2945077483        0.6541707011       -0.8280291530
 C         -7.3595788320        1.1807660666       -1.5588210416
 C         -8.3183317516        0.3428892627       -2.0939232782
 C         -8.2285670417       -1.0280855126       -1.9175497395
 C         -7.1709230059       -1.5548677705       -1.1941772956
 C         -6.2111552270       -0.7256899391       -0.6471012369
 C         -5.7442117072        2.7516605959        0.2207448387
 C         -5.0041701359        3.9042463551       -0.0385810120
 C         -5.4239138536        5.1245209644        0.4546166433
 C         -6.5839639599        5.2158515024        1.2066479565
 C         -7.3253488025        4.0739530219        1.4628399586
 C         -6.9116263137        2.8490542261        0.9765516228
 C         -3.1568766531        1.6366257248        0.7717923949
 C         -1.8161051576        1.3226173528        0.7880874226
 C          5.5816695161        2.7343170421        0.0896131084
 S          5.2290811684        4.3977473523        0.4098888928
 C          6.9105868944        4.7704878119        0.4072139539
 C          7.7017568015        3.6935007336        0.1758181998
 C          6.9513917089        2.5058810604       -0.0108324716
 C          7.4129408878        1.1814838396       -0.2728608080
 C          8.7414675995        0.7086256239       -0.4140266820
 C          8.7890775143       -0.6242849767       -0.6593015649
 S          7.2349908421       -1.3644668124       -0.7308352813
 C          6.4783393248        0.1602167247       -0.4206528733
 H         -0.8390705803       -1.3275541521        2.0985854911
 H         -2.7780899972       -1.3160337695        3.6182185767
 H         -4.8766270693       -2.4203090672        2.9534724006
 H         -5.0435673165       -3.5416174727        0.7633117322
 H         -3.0942751046       -3.5146304401       -0.7797144048
 H          0.2099760986       -5.1926933766       -1.4603350166
 H          1.4298892965       -7.1166191373       -0.4660036609
 H          2.4016066490       -6.9038841663        1.7924962959
 H          2.1574879324       -4.7989504621        3.0478333797
 H          0.9468763568       -2.8979501194        2.0513371084
 H          2.3404987710       -2.4011162713       -0.6758058503
 H          0.7481813507        2.2145376477        0.1427970868
 H         -1.6820691970       -0.6345626588       -1.9574272682
 H         -4.0571847775       -0.0496489606       -2.0170479665
 H         -7.4264499981        2.2486262178       -1.7054573294
 H         -9.1360250465        0.7634391840       -2.6602913523
 H         -8.9771077125       -1.6803089234       -2.3404960025
 H         -7.0968800999       -2.6226142224       -1.0481584596
 H         -5.3941716376       -1.1370398013       -0.0748039152
 H         -4.1045412473        3.8329960948       -0.6317519908
 H         -4.8459062655        6.0117081031        0.2423812269
 H         -6.9089482826        6.1710429132        1.5894322820
 H         -8.2283543123        4.1356597366        2.0518909780
 H         -7.4866423354        1.9570742438        1.1774711923
 H         -3.5735029622        2.2659836878        1.5436405891
 H         -1.1892621404        1.7071373473        1.5795070164
 H          7.2180023380        5.7831484144        0.5802945529
 H          8.7750740492        3.7356272699        0.1381422077
 H          9.6115535576        1.3347053671       -0.3355378597
 H          9.6601983698       -1.2321114955       -0.8062363610
