 
        ______________________________________
       |                                      |
       |          ===================         |
       |             xTB for sTDA             |
       |          ===================         |
       |               S. Grimme              |
       |        Universitaet Bonn, MCTC       |
       |         2015-19, Version 1.0         |
       |     Wed Apr  3 09:14:55 CEST 2019    |
       |______________________________________|
 
        This code comes without any warranty
        for non-commercial, academia use only.
        Preliminary test version.
        Cite this work as:
        S. Grimme  &  C. Bannwarth, JCP 145 (2016) 054103
        if GBSA is used additionally:
        P. Shushkov, F. März, C. Bannwarth, S. Grimme, unpublished.
 
        with help from
        P. Shushkov, G. Brandenburg, S. Dohm, J. Pisarek,
        F. März, M. Checinski, S. Ehrlich, S. Spicher, 
        P. Pracht, E. Caldeweyher, S. Ehlert, and C. Bannwarth.
 
        usage        :
        xtb4stda <coord_file> [options]
        where <coord_file> is a valid file of TM)
        (*coord, Bohr) or xmol (*xyz, Angstroem)
        format.

        options:
        -chrg <int>   : molecular charge
        -uhf  <int>   : # of unpaired electrons(=2*S)
        -nox          : skip second, extended part in sTDA-xTB
        -pop          : do population analysis
                      : (default for -nox)
        -mowr <real>  : cut MO write above (def.3 Eh)
        -molden       : write formatted molden file
        -parx <file>  : read parameters for sTDA-xTB
                        calc (def:~/.param_stda2.xtb)
        -parv <file>  : read parameters for vTB part in
                        sTDA-xTB (def: ~/.param_stda1.xtb)
        -xtemp <real> : el. temp for xTB (def. 0 K)
        -etemp <real> : el. temp for GFN (def. 300 K)
        -fod          : calculate the FOD and write
                        molden.input file with
                        appropriate occupations
                        for plotting. Def. T=12500 K
 
        -acc <real>   : xTB accuracy (def. 1.0)
        -gbsa [string1] [string2]
                        use GBSA implicit solvent
                        for solvent [string1] and
                        solvation state [string2]=
                        reference, bar1M (default=1M)
        additional GFN/opt/MD/siman options read from
        $XTB4STDAHOME/.xtb4stdarc or $set in input
 
       spin and charge state information can be on:
       <.CHRG> (charge) and <.UHF> (=nalpha-nbeta)
       -uhf and -chrg override the file info.
       useful machine settings:
       setenv MKL_NUM_THREADS <NCORE_ON_YOUR_MACHINE>
       setenv OMP_STACKSIZE 500m
       limit stacksize unlimited
 
       total energies in Eh, gaps/HL energies in eV
       please read REVISION and HOWTO files carefully
 =============================
  # OMP threads =          48
 =============================
 
 xtb4stdahome directory:/home/penavora/Exe_xtb_crest/
 
 argument            1 :--gbsa
 argument            2 :toluene
 
 name of molecule           :
 comment line               :
 number of atoms            :    52
 number of electrons        :   166
 charge                     :  0
 spin                       : 0.0
 first test random number   :  0.5140
 
 -----------------------------------------
      charge density (VTB) calculation
 -----------------------------------------
 
      method parameters     
 k(s)        :  1.8000
 k(p)        :  2.8350
 k(d)        :  2.0860
 k(f)        :  2.0000
 Tscal       :  0.3300
 Gscal       :  0.3910
 fpol        :  1.0000
 Zcnf        :  0.6500
 Zqf         :  0.0000
 kcn         :  0.3000
 kEN1        : -0.5900
 wllscal     :  2.6000
 
 Solvent             : toluene
 GBSA parameter file : /home/penavora/Exe_xtb_crest/.param_gbsa_toluene
 Gsolv ref. state (COSMO-RS): gsolv [1 M gas/solution]
 temperature (mdtemp)       :    298.150000000000     
 dielectric constant        :    7.00000000000000     
 rho                        :   0.867000000000000     
 mass                       :    92.1400000000000     
 surface tension            :    15.5689470637553     
 probe radius               :   0.641644990000000     
 vdW radii scaling          :    1.00000000000000     
 Gshift (Eh)                :   4.228772547061559E-003
 c1                         :    1.59772343000000     
 soset                      :   0.281999450000000     
 HB correction              :  F
 
 doing EN charges ...
 sum q : -0.6661338D-15
 point charge moment (au)
     X       Y       Z   
   0.4495  -0.0010  -0.0001  total (Debye):    1.142
 
            Z      q(EN)   CN      Cart. coordinates
     1  N   5.0  -0.219   1.024   -11.20394    -3.45798    -1.48115
     2  C   4.0   0.244   2.118    -9.34289    -2.43427    -1.05342
     3  C   4.0  -0.025   3.204    -7.03300    -1.20174    -0.52381
     4  C   4.0  -0.069   3.231    -4.75361    -2.39634    -1.05147
     5  C   4.0   0.099   3.271    -2.46129    -1.20916    -0.55677
     6  N   5.0  -0.323   3.318    -0.20645    -2.42030    -1.17758
     7  C   4.0   0.084   3.469     0.52502    -4.82104    -0.38857
     8  C   4.0  -0.063   3.155    -0.79755    -6.58352     1.02902
     9  C   4.0  -0.073   3.152     0.41514    -8.82122     1.62568
    10  C   4.0  -0.073   3.146     2.88529    -9.29957     0.85139
    11  C   4.0  -0.067   3.153     4.22428    -7.53614    -0.52953
    12  C   4.0   0.004   3.373     3.03966    -5.27772    -1.15126
    13  C   4.0   0.098   3.454     3.85608    -3.05955    -2.48879
    14  N   5.0  -0.211   2.133     6.04815    -2.56935    -3.59155
    15  C   4.0   0.029   3.224     6.24399    -0.36786    -4.75200
    16  C   4.0  -0.068   3.150     4.28581     1.38235    -4.94710
    17  C   4.0  -0.061   3.171     1.97872     0.89410    -3.80927
    18  C   4.0   0.094   3.472     1.79246    -1.35019    -2.47527
    19  C   4.0   0.099   3.271    -2.45367     1.22703     0.54714
    20  N   5.0  -0.323   3.318    -0.19116     2.42236     1.17096
    21  C   4.0   0.084   3.469     0.55878     4.81807     0.38447
    22  C   4.0  -0.063   3.155    -0.74745     6.58914    -1.03757
    23  C   4.0  -0.073   3.152     0.48213     8.81858    -1.63055
    24  C   4.0  -0.073   3.146     2.95281     9.28057    -0.84804
    25  C   4.0  -0.067   3.153     4.27552     7.50848     0.53745
    26  C   4.0   0.004   3.373     3.07394     5.25799     1.15537
    27  C   4.0   0.098   3.454     3.87110     3.03450     2.49564
    28  N   5.0  -0.211   2.133     6.05588     2.52985     3.60633
    29  C   4.0   0.029   3.224     6.23293     0.32728     4.76772
    30  C   4.0  -0.068   3.150     4.26267    -1.41011     4.95566
    31  C   4.0  -0.061   3.171     1.96295    -0.90666     3.80960
    32  C   4.0   0.094   3.472     1.79621     1.33889     2.47517
    33  C   4.0  -0.069   3.231    -4.73831     2.42941     1.04049
    34  C   4.0  -0.025   3.204    -7.02528     1.24937     0.51283
    35  C   4.0   0.244   2.118    -9.32747     2.49584     1.04335
    36  N   5.0  -0.219   1.024   -11.18236     3.53020     1.47209
    37  H   1.0   0.077   1.006    -4.76124    -4.24345    -1.91771
    38  H   1.0   0.075   1.005    -2.70262    -6.23353     1.67026
    39  H   1.0   0.074   1.005    -0.58013   -10.22466     2.72209
    40  H   1.0   0.074   1.004     3.76127   -11.07131     1.35468
    41  H   1.0   0.075   1.004     6.14677    -7.86631    -1.11900
    42  H   1.0   0.075   1.004     8.05965     0.00422    -5.61341
    43  H   1.0   0.075   1.004     4.56427     3.10852    -5.99353
    44  H   1.0   0.076   1.006     0.41887     2.19746    -3.98967
    45  H   1.0   0.075   1.005    -2.65272     6.25168    -1.68494
    46  H   1.0   0.074   1.005    -0.50014    10.22863    -2.73019
    47  H   1.0   0.074   1.004     3.84218    11.04649    -1.34831
    48  H   1.0   0.075   1.004     6.19823     7.82610     1.13311
    49  H   1.0   0.075   1.004     8.04294    -0.05663     5.63580
    50  H   1.0   0.075   1.004     4.52593    -3.13806     6.00307
    51  H   1.0   0.076   1.006     0.39391    -2.19970     3.98442
    52  H   1.0   0.077   1.006    -4.73402     4.27675     1.90630
 
  Z AO/shell   Hii/eV     exponent
  1     Sat Feb 20 21:38:01 CET 2016    EN: 2.327 GAM: 0.473  GM3: 0.0000
     1s    -13.751157    1.051071
  6     Sat Feb 20 21:38:01 CET 2016    EN: 2.731 GAM: 0.422  GM3: 0.0000
     2s    -19.378245    2.021003
     2p    -11.993376    1.497917
  7     Sat Feb 20 21:38:01 CET 2016    EN: 3.573 GAM: 0.504  GM3: 0.0000
     2s    -21.576984    2.275442
     2p    -16.125120    2.056788
 
 dipole moment of classical point charges (au)
     X       Y       Z   
   0.4495  -0.0010  -0.0001  total (Debye):    1.142

 
 Nbf   :          160
 T(el) :   300.0
 calculating S/T integrals ...
 cpu time for ints    1.10689200000000     
 Nao   :          160
 making H0...
 making H1...
 cpu time for H      0.164963000000000     
 solving ...
 cpu time for diag   0.640815000000000     
 
 gap (eV)           :   5.090
 Koopmans IP (eV)   :  13.168
 Eel (Eh)           :  -130.725671
 T,E(Fermi),NFOD :    300.000   -10.623  0.000000
 T,E(Fermi),NFOD :    300.000   -10.623  0.000000
 Nfod               :  0.0000
 Nfod/Nel           :  0.0000

          eigenvalues
 #    :          71         72         73         74         75         76         77         78
 occ. :        2.000      2.000      2.000      2.000      2.000      2.000      2.000      2.000
 eps  :       -17.305    -16.626    -16.508    -16.029    -15.997    -15.823    -15.718    -15.270
 #    :          79         80         81         82         83         84         85         86
 occ. :        2.000      2.000      2.000      2.000      2.000      0.000      0.000      0.000
 eps  :       -15.119    -14.136    -13.980    -13.398    -13.169     -8.078     -7.998     -7.899
 #    :          87         88         89         90         91         92         93         94
 occ. :        0.000      0.000      0.000      0.000      0.000      0.000      0.000      0.000
 eps  :        -6.663     -6.235     -6.006     -5.694     -5.137     -4.842     -4.802     -4.641
                            1  SCC done.
 making H1...
 cpu time for H      0.707456000000000     
 solving ...
 cpu time for diag   0.305460000000000     
 
 gap (eV)           :   5.241
 Koopmans IP (eV)   :  13.645
 Eel (Eh)           :  -131.995969
 T,E(Fermi),NFOD :    300.000   -11.025  0.000000
 T,E(Fermi),NFOD :    300.000   -11.025  0.000000
 Nfod               :  0.0000
 Nfod/Nel           :  0.0000

          eigenvalues
 #    :          71         72         73         74         75         76         77         78
 occ. :        2.000      2.000      2.000      2.000      2.000      2.000      2.000      2.000
 eps  :       -17.510    -16.701    -16.619    -16.030    -15.980    -15.754    -15.633    -15.175
 #    :          79         80         81         82         83         84         85         86
 occ. :        2.000      2.000      2.000      2.000      2.000      0.000      0.000      0.000
 eps  :       -15.156    -14.349    -14.198    -13.832    -13.646     -8.405     -7.929     -7.910
 #    :          87         88         89         90         91         92         93         94
 occ. :        0.000      0.000      0.000      0.000      0.000      0.000      0.000      0.000
 eps  :        -7.308     -6.816     -6.284     -5.961     -5.525     -5.095     -5.056     -4.878
                            2  SCC done.
 
 
 Mulliken/CM5 charges    n(s)   n(p)   n(d)   
    1 N  -0.2511 -0.3771   1.644  3.607  0.000
    2 C   0.1357  0.2558   1.170  2.694  0.000
    3 C   0.0289  0.0294   1.138  2.833  0.000
    4 C   0.0163 -0.0278   1.142  2.842  0.000
    5 C   0.0601  0.1253   1.181  2.759  0.000
    6 N  -0.1149 -0.3604   1.240  3.874  0.000
    7 C   0.0213  0.0823   1.191  2.788  0.000
    8 C  -0.0279 -0.0778   1.137  2.891  0.000
    9 C  -0.0200 -0.0762   1.137  2.883  0.000
   10 C  -0.0340 -0.0901   1.132  2.902  0.000
   11 C  -0.0295 -0.0815   1.139  2.891  0.000
   12 C  -0.0172 -0.0099   1.161  2.856  0.000
   13 C   0.0329  0.1170   1.180  2.787  0.000
   14 N  -0.2132 -0.4038   1.493  3.720  0.000
   15 C   0.0015  0.0275   1.156  2.843  0.000
   16 C  -0.0257 -0.0760   1.140  2.885  0.000
   17 C  -0.0180 -0.0635   1.151  2.867  0.000
   18 C   0.0298  0.0999   1.190  2.780  0.000
   19 C   0.0601  0.1252   1.181  2.759  0.000
   20 N  -0.1149 -0.3604   1.240  3.875  0.000
   21 C   0.0213  0.0823   1.191  2.788  0.000
   22 C  -0.0279 -0.0778   1.137  2.891  0.000
   23 C  -0.0200 -0.0761   1.137  2.883  0.000
   24 C  -0.0340 -0.0901   1.132  2.902  0.000
   25 C  -0.0295 -0.0816   1.139  2.891  0.000
   26 C  -0.0172 -0.0099   1.161  2.856  0.000
   27 C   0.0329  0.1170   1.180  2.787  0.000
   28 N  -0.2132 -0.4038   1.493  3.720  0.000
   29 C   0.0015  0.0275   1.156  2.843  0.000
   30 C  -0.0257 -0.0760   1.140  2.885  0.000
   31 C  -0.0180 -0.0636   1.151  2.867  0.000
   32 C   0.0298  0.0999   1.190  2.780  0.000
   33 C   0.0163 -0.0278   1.142  2.842  0.000
   34 C   0.0289  0.0294   1.138  2.833  0.000
   35 C   0.1358  0.2558   1.170  2.694  0.000
   36 N  -0.2512 -0.3771   1.644  3.607  0.000
   37 H   0.0736  0.1361   0.926  0.000  0.000
   38 H   0.0538  0.1137   0.946  0.000  0.000
   39 H   0.0551  0.1118   0.945  0.000  0.000
   40 H   0.0458  0.1024   0.954  0.000  0.000
   41 H   0.0406  0.0988   0.959  0.000  0.000
   42 H   0.0485  0.1159   0.951  0.000  0.000
   43 H   0.0532  0.1104   0.947  0.000  0.000
   44 H   0.0545  0.1180   0.946  0.000  0.000
   45 H   0.0538  0.1137   0.946  0.000  0.000
   46 H   0.0551  0.1118   0.945  0.000  0.000
   47 H   0.0458  0.1024   0.954  0.000  0.000
   48 H   0.0406  0.0988   0.959  0.000  0.000
   49 H   0.0485  0.1159   0.951  0.000  0.000
   50 H   0.0532  0.1104   0.947  0.000  0.000
   51 H   0.0544  0.1180   0.946  0.000  0.000
   52 H   0.0736  0.1361   0.926  0.000  0.000
 Hirshfeld charges for QMDFF written to <charges>
 
 Loewdin charges    n(s)   n(p)   n(d)
    1 N  -0.2355   1.605  3.631  0.000
    2 C   0.1252   1.137  2.738  0.000
    3 C   0.0283   1.094  2.877  0.000
    4 C   0.0186   1.089  2.892  0.000
    5 C   0.0537   1.146  2.800  0.000
    6 N  -0.0719   1.198  3.874  0.000
    7 C   0.0186   1.155  2.827  0.000
    8 C  -0.0258   1.084  2.942  0.000
    9 C  -0.0109   1.082  2.929  0.000
   10 C  -0.0277   1.078  2.950  0.000
   11 C  -0.0234   1.085  2.939  0.000
   12 C  -0.0196   1.120  2.899  0.000
   13 C   0.0233   1.147  2.830  0.000
   14 N  -0.1901   1.457  3.733  0.000
   15 C   0.0018   1.109  2.889  0.000
   16 C  -0.0212   1.087  2.934  0.000
   17 C  -0.0102   1.096  2.914  0.000
   18 C   0.0214   1.156  2.822  0.000
   19 C   0.0536   1.146  2.800  0.000
   20 N  -0.0719   1.198  3.874  0.000
   21 C   0.0187   1.155  2.827  0.000
   22 C  -0.0258   1.084  2.942  0.000
   23 C  -0.0109   1.082  2.929  0.000
   24 C  -0.0277   1.078  2.950  0.000
   25 C  -0.0234   1.085  2.939  0.000
   26 C  -0.0196   1.120  2.899  0.000
   27 C   0.0233   1.147  2.830  0.000
   28 N  -0.1901   1.457  3.733  0.000
   29 C   0.0018   1.109  2.889  0.000
   30 C  -0.0212   1.087  2.934  0.000
   31 C  -0.0102   1.096  2.914  0.000
   32 C   0.0215   1.156  2.822  0.000
   33 C   0.0186   1.089  2.892  0.000
   34 C   0.0283   1.094  2.877  0.000
   35 C   0.1252   1.137  2.738  0.000
   36 N  -0.2355   1.605  3.631  0.000
   37 H   0.0602   0.940  0.000  0.000
   38 H   0.0440   0.956  0.000  0.000
   39 H   0.0455   0.954  0.000  0.000
   40 H   0.0376   0.962  0.000  0.000
   41 H   0.0326   0.967  0.000  0.000
   42 H   0.0385   0.962  0.000  0.000
   43 H   0.0439   0.956  0.000  0.000
   44 H   0.0431   0.957  0.000  0.000
   45 H   0.0440   0.956  0.000  0.000
   46 H   0.0455   0.954  0.000  0.000
   47 H   0.0376   0.962  0.000  0.000
   48 H   0.0326   0.967  0.000  0.000
   49 H   0.0385   0.962  0.000  0.000
   50 H   0.0439   0.956  0.000  0.000
   51 H   0.0431   0.957  0.000  0.000
   52 H   0.0602   0.940  0.000  0.000
 
 Wiberg/Mayer (AO) data. WBOs > 0.1 written file <wbo>
 largest (>0.05) Wiberg bond orders for each atom
           total WBO             WBO to atom ...
     1  N   3.041    C    2 2.813    C    3 0.075    C    4 0.071    C   34 0.061
     2  C   3.933    N    1 2.813    C    3 1.060
     3  C   3.961    C    4 1.361    C   34 1.248    C    2 1.060    C   19 0.086    N    1 0.075    N   36 0.061
     4  C   3.961    C    5 1.397    C    3 1.361    H   37 0.936    C   33 0.087    N    1 0.071
     5  C   3.904    C    4 1.397    C   19 1.303    N    6 0.989    C   34 0.086
     6  N   3.424    C   18 1.046    C    7 1.031    C    5 0.989
     7  C   3.921    C    8 1.374    C   12 1.269    N    6 1.031    C   10 0.091
     8  C   3.966    C    9 1.448    C    7 1.374    H   38 0.942    C   11 0.104
     9  C   3.959    C    8 1.448    C   10 1.394    H   39 0.943    C   12 0.089
    10  C   3.970    C   11 1.464    C    9 1.394    H   40 0.944    C    7 0.091
    11  C   3.971    C   10 1.464    C   12 1.345    H   41 0.945    C    8 0.104
    12  C   3.954    C   11 1.345    C    7 1.269    C   13 1.097    C    9 0.089
    13  C   3.945    N   14 1.354    C   18 1.242    C   12 1.097    C   16 0.082
    14  N   3.098    C   15 1.426    C   13 1.354    C   17 0.108
    15  C   3.957    N   14 1.426    C   16 1.416    H   42 0.948    C   18 0.091
    16  C   3.962    C   17 1.421    C   15 1.416    H   43 0.944    C   13 0.082
    17  C   3.963    C   16 1.421    C   18 1.382    H   44 0.939    N   14 0.108
    18  C   3.923    C   17 1.382    C   13 1.242    N    6 1.046    C   15 0.091
    19  C   3.904    C   33 1.397    C    5 1.303    N   20 0.989    C    3 0.086
    20  N   3.424    C   32 1.046    C   21 1.031    C   19 0.989
    21  C   3.921    C   22 1.374    C   26 1.269    N   20 1.031    C   24 0.091
    22  C   3.966    C   23 1.448    C   21 1.374    H   45 0.942    C   25 0.104
    23  C   3.959    C   22 1.448    C   24 1.394    H   46 0.943    C   26 0.089
    24  C   3.970    C   25 1.464    C   23 1.394    H   47 0.944    C   21 0.091
    25  C   3.971    C   24 1.464    C   26 1.345    H   48 0.945    C   22 0.104
    26  C   3.954    C   25 1.345    C   21 1.269    C   27 1.097    C   23 0.089
    27  C   3.945    N   28 1.354    C   32 1.242    C   26 1.097    C   30 0.082
    28  N   3.098    C   29 1.426    C   27 1.354    C   31 0.108
    29  C   3.957    N   28 1.426    C   30 1.416    H   49 0.948    C   32 0.091
    30  C   3.962    C   31 1.421    C   29 1.416    H   50 0.944    C   27 0.082
    31  C   3.963    C   30 1.421    C   32 1.382    H   51 0.939    N   28 0.108
    32  C   3.923    C   31 1.382    C   27 1.242    N   20 1.046    C   29 0.091
    33  C   3.961    C   19 1.397    C   34 1.361    H   52 0.936    C    4 0.087    N   36 0.071
    34  C   3.961    C   33 1.361    C    3 1.248    C   35 1.060    C    5 0.086    N   36 0.075    N    1 0.061
    35  C   3.933    N   36 2.813    C   34 1.060
    36  N   3.041    C   35 2.813    C   34 0.075    C   33 0.071    C    3 0.061
    37  H   0.991    C    4 0.936
    38  H   0.996    C    8 0.942
    39  H   0.996    C    9 0.943
    40  H   0.996    C   10 0.944
    41  H   0.997    C   11 0.945
    42  H   0.996    C   15 0.948
    43  H   0.996    C   16 0.944
    44  H   0.996    C   17 0.939
    45  H   0.996    C   22 0.942
    46  H   0.996    C   23 0.943
    47  H   0.996    C   24 0.944
    48  H   0.997    C   25 0.945
    49  H   0.996    C   29 0.948
    50  H   0.996    C   30 0.944
    51  H   0.996    C   31 0.939
    52  H   0.991    C   33 0.936
 
 --------------------------------------------
          xTB calculation for sTDA...
 --------------------------------------------
 
 reading parameter file /home/penavora/Exe_xtb_crest/.param_stda2.xtb
 
      method parameters     
 k(s)        :  1.6000
 k(p)        :  2.1800
 k(d)        :  1.9500
 k(f)        :  2.0000
 k(R-V)      :  2.2750
 k(R-R)      :  1.7650
 Tscal       :  0.2580
 Gscal       :  1.0000
 fpol        :  1.0000
 Zcnf        :  0.3430
 Zqf         :  0.0000
 kcn         :  2.7000
 Ryd Hsplit  :  0.7000
 lshift(virt):  3.1000
 lshift(OS)  :  0.2000
 wllscaling  :  2.6000
 
 mowrcut     : 3.000
 
  Z AO/shell   Hii/eV     exponent
  1     Sun Feb 14 09:53:25 CET 2016    EN: 2.327 GAM: 0.473  GM3: 0.0000
     1s    -14.339618    1.220000
     2sp    -3.348946    0.600000
  6     Sun Feb 14 09:53:25 CET 2016    EN: 2.731 GAM: 0.422  GM3: 0.0000
     2s    -22.009312    1.565095
     2p    -13.020408    1.596905
     3sp    -3.914040    0.824500
  7     Sun Feb 14 09:53:25 CET 2016    EN: 3.573 GAM: 0.504  GM3: 0.0000
     2s    -25.722000    2.064844
     2p    -18.684912    1.801692
     3sp    -4.344791    0.921400
 
 Nbf   :          368
 T(el) :     0.0
 calculating S/T integrals ...
 cpu time for ints    5.60414500000000     
 Nao   :          368
 making H0...
 making H1...
 cpu time for H      0.301985999999999     
 solving ...
 cpu time for diag   0.971684000000000     
 
 gap (eV)           :   6.495
 Koopmans IP (eV)   :  14.439
 Eel (Eh)           :  -145.753299

          eigenvalues
 #    :          71         72         73         74         75         76         77         78
 occ. :        2.000      2.000      2.000      2.000      2.000      2.000      2.000      2.000
 eps  :       -18.673    -17.352    -17.339    -17.204    -17.024    -16.631    -16.609    -16.290
 #    :          79         80         81         82         83         84         85         86
 occ. :        2.000      2.000      2.000      2.000      2.000      0.000      0.000      0.000
 eps  :       -16.268    -15.388    -15.224    -14.609    -14.440     -7.945     -7.211     -6.777
 #    :          87         88         89         90         91         92         93         94
 occ. :        0.000      0.000      0.000      0.000      0.000      0.000      0.000      0.000
 eps  :        -6.773     -6.002     -5.837     -5.557     -5.146     -4.956     -4.884     -4.838
                            1  SCC done.
 writing mo output ...
 molden style : F
 
speedup 20.69
cpu  time for all   10.60 s
wall time for all    0.51 s
