  60
 Etot=         -97.7708093727
 C          4.0358358645       -3.4376391301       -2.5963470040
 C          2.9691017344       -2.5727967166       -2.8304304495
 C          2.8088750970       -1.4100673361       -2.1012901106
 C          3.7436938953       -1.1296908425       -1.1150882883
 C          4.8418019971       -1.9901996189       -0.8856736937
 C          4.9815975371       -3.1528556058       -1.6320170220
 C          5.6244297121       -1.3852940680        0.1554253018
 C          6.7896817283       -1.7570272089        0.8129834038
 C          7.2773146903       -0.9361406095        1.8099242511
 C          6.6094870988        0.2338984125        2.1646985828
 C          5.4488832832        0.6249035393        1.5250377899
 C          4.9680575577       -0.1828090479        0.5044145518
 N          3.8337965680       -0.0402281194       -0.2707238385
 C          2.9371738519        1.0351866254       -0.2212932230
 C          3.4259161317        2.3459857942       -0.2780822208
 C          2.5661444011        3.4224938749       -0.2197780012
 C          1.2047194527        3.1827514878       -0.1217282175
 S         -0.0493097558        4.3986802030       -0.0307540278
 C         -1.2777431775        3.1572090599        0.0614914214
 C         -2.6416290105        3.3673537204        0.1836996450
 C         -3.4792590813        2.2731212662        0.2450683425
 C         -2.9647961813        0.9742839685        0.1610818273
 N         -3.8292752749       -0.1279475988        0.2205020260
 C         -5.0789354417       -0.2420250493       -0.3661204627
 C         -5.7206701042        0.6024172969       -1.2609858651
 C         -6.9706686083        0.2317779341       -1.7200299104
 C         -7.5751629220       -0.9553930473       -1.3138549122
 C         -6.9292642258       -1.8189575094       -0.4524898860
 C         -5.6713747981       -1.4680908728        0.0196923242
 C         -4.7230946060       -2.1273848656        0.8693491160
 C         -4.6759298122       -3.3260825694        1.5632161325
 C         -3.5249368940       -3.5972359031        2.2862964695
 C         -2.4815903398       -2.6763874114        2.2918776266
 N         -2.4972075868       -1.5241368170        1.6411334199
 C         -3.5961631418       -1.2688274839        0.9509514335
 C         -1.5982014933        0.7657370693        0.0560424480
 C         -0.7421915719        1.8587026130        0.0158242756
 C          0.6943925371        1.8739362598       -0.0820628813
 C          1.5740118035        0.7991075690       -0.1211643361
 H          4.1245560713       -4.3377427234       -3.1863529869
 H          2.2525866547       -2.8145691601       -3.6016959448
 H          1.9886433663       -0.7378601757       -2.3041065093
 H          5.8170870590       -3.8147775549       -1.4607498938
 H          7.2975982373       -2.6724665028        0.5492936493
 H          8.1834682516       -1.2053038397        2.3319832641
 H          7.0055819928        0.8475221546        2.9604254103
 H          4.9287703841        1.5236478734        1.8207117012
 H          4.4880975892        2.5071652368       -0.3802401963
 H          2.9413443282        4.4331351241       -0.2583137197
 H         -3.0370077142        4.3692704240        0.2434736037
 H         -4.5393349802        2.4178963656        0.3828294955
 H         -5.2554942985        1.5119964677       -1.6079971579
 H         -7.4881032844        0.8763928110       -2.4149557606
 H         -8.5549279758       -1.2061223555       -1.6916974769
 H         -7.3836311697       -2.7517600057       -0.1545759788
 H         -5.5029466934       -4.0206977643        1.5406728687
 H         -3.4295931693       -4.5156446837        2.8439084546
 H         -1.5750658333       -2.8722526217        2.8486748542
 H         -1.2088828079       -0.2379356550        0.0229934898
 H          1.2001129619       -0.2106849145       -0.0551526346
