 
        ______________________________________
       |                                      |
       |          ===================         |
       |             xTB for sTDA             |
       |          ===================         |
       |               S. Grimme              |
       |        Universitaet Bonn, MCTC       |
       |         2015-19, Version 1.0         |
       |     Wed Apr  3 09:14:55 CEST 2019    |
       |______________________________________|
 
        This code comes without any warranty
        for non-commercial, academia use only.
        Preliminary test version.
        Cite this work as:
        S. Grimme  &  C. Bannwarth, JCP 145 (2016) 054103
        if GBSA is used additionally:
        P. Shushkov, F. März, C. Bannwarth, S. Grimme, unpublished.
 
        with help from
        P. Shushkov, G. Brandenburg, S. Dohm, J. Pisarek,
        F. März, M. Checinski, S. Ehrlich, S. Spicher, 
        P. Pracht, E. Caldeweyher, S. Ehlert, and C. Bannwarth.
 
        usage        :
        xtb4stda <coord_file> [options]
        where <coord_file> is a valid file of TM)
        (*coord, Bohr) or xmol (*xyz, Angstroem)
        format.

        options:
        -chrg <int>   : molecular charge
        -uhf  <int>   : # of unpaired electrons(=2*S)
        -nox          : skip second, extended part in sTDA-xTB
        -pop          : do population analysis
                      : (default for -nox)
        -mowr <real>  : cut MO write above (def.3 Eh)
        -molden       : write formatted molden file
        -parx <file>  : read parameters for sTDA-xTB
                        calc (def:~/.param_stda2.xtb)
        -parv <file>  : read parameters for vTB part in
                        sTDA-xTB (def: ~/.param_stda1.xtb)
        -xtemp <real> : el. temp for xTB (def. 0 K)
        -etemp <real> : el. temp for GFN (def. 300 K)
        -fod          : calculate the FOD and write
                        molden.input file with
                        appropriate occupations
                        for plotting. Def. T=12500 K
 
        -acc <real>   : xTB accuracy (def. 1.0)
        -gbsa [string1] [string2]
                        use GBSA implicit solvent
                        for solvent [string1] and
                        solvation state [string2]=
                        reference, bar1M (default=1M)
        additional GFN/opt/MD/siman options read from
        $XTB4STDAHOME/.xtb4stdarc or $set in input
 
       spin and charge state information can be on:
       <.CHRG> (charge) and <.UHF> (=nalpha-nbeta)
       -uhf and -chrg override the file info.
       useful machine settings:
       setenv MKL_NUM_THREADS <NCORE_ON_YOUR_MACHINE>
       setenv OMP_STACKSIZE 500m
       limit stacksize unlimited
 
       total energies in Eh, gaps/HL energies in eV
       please read REVISION and HOWTO files carefully
 =============================
  # OMP threads =          48
 =============================
 
 xtb4stdahome directory:/home/penavora/Exe_xtb_crest/
 
 argument            1 :--gbsa
 argument            2 :toluene
 
 name of molecule           :
 comment line               :
 number of atoms            :    62
 number of electrons        :   188
 charge                     :  0
 spin                       : 0.0
 first test random number   :  0.1561
 
 -----------------------------------------
      charge density (VTB) calculation
 -----------------------------------------
 
      method parameters     
 k(s)        :  1.8000
 k(p)        :  2.8350
 k(d)        :  2.0860
 k(f)        :  2.0000
 Tscal       :  0.3300
 Gscal       :  0.3910
 fpol        :  1.0000
 Zcnf        :  0.6500
 Zqf         :  0.0000
 kcn         :  0.3000
 kEN1        : -0.5900
 wllscal     :  2.6000
 
 Solvent             : toluene
 GBSA parameter file : /home/penavora/Exe_xtb_crest/.param_gbsa_toluene
 Gsolv ref. state (COSMO-RS): gsolv [1 M gas/solution]
 temperature (mdtemp)       :    298.150000000000     
 dielectric constant        :    7.00000000000000     
 rho                        :   0.867000000000000     
 mass                       :    92.1400000000000     
 surface tension            :    15.5689470637553     
 probe radius               :   0.641644990000000     
 vdW radii scaling          :    1.00000000000000     
 Gshift (Eh)                :   4.228772547061559E-003
 c1                         :    1.59772343000000     
 soset                      :   0.281999450000000     
 HB correction              :  F
 
 doing EN charges ...
 sum q :  0.0000000D+00
 point charge moment (au)
     X       Y       Z   
   0.2657  -0.1620  -0.2700  total (Debye):    1.047
 
            Z      q(EN)   CN      Cart. coordinates
     1  O   6.0  -0.105   1.065    -1.10545     4.61063     3.19664
     2  C   4.0   0.102   3.162    -1.76965     2.55206     2.41601
     3  C   4.0   0.009   3.215    -4.14098     1.35702     3.32228
     4  C   4.0   0.030   3.279    -4.30953    -1.19414     3.97143
     5  N   5.0  -0.213   2.119    -6.42127    -2.20394     4.83567
     6  C   4.0   0.128   3.302    -8.38225    -0.68394     5.09804
     7  N   5.0  -0.212   2.117    -8.42851     1.76574     4.60995
     8  C   4.0   0.030   3.276    -6.32965     2.77807     3.72485
     9  C   4.0   0.003   3.247    -0.22231     1.03644     0.64042
    10  C   4.0  -0.068   3.232     2.39253     1.13527     0.89244
    11  C   4.0   0.095   3.236     3.94849    -0.34934    -0.61787
    12  N   5.0  -0.323   3.312     6.56822    -0.23766    -0.35204
    13  C   4.0   0.087   3.463     8.00285     1.94921    -0.22738
    14  C   4.0  -0.063   3.155     7.25420     4.45646    -0.39145
    15  C   4.0  -0.073   3.151     9.10675     6.29466    -0.26589
    16  C   4.0  -0.073   3.145    11.65030     5.66881    -0.00508
    17  C   4.0  -0.067   3.152    12.41130     3.17530     0.10965
    18  C   4.0  -0.000   3.372    10.58292     1.29598    -0.00966
    19  C   4.0  -0.000   3.372    10.69835    -1.41781     0.02089
    20  C   4.0  -0.067   3.152    12.67312    -3.13276     0.24196
    21  C   4.0  -0.073   3.145    12.11830    -5.68282     0.26391
    22  C   4.0  -0.073   3.151     9.62995    -6.52574     0.10288
    23  C   4.0  -0.063   3.155     7.63468    -4.85364    -0.12095
    24  C   4.0   0.087   3.463     8.18462    -2.29127    -0.19876
    25  C   4.0  -0.069   3.186     2.84912    -1.94396    -2.41205
    26  C   4.0  -0.067   3.183     0.25953    -2.01132    -2.71130
    27  C   4.0   0.092   3.274    -1.30688    -0.51761    -1.21569
    28  N   5.0  -0.326   3.330    -3.91712    -0.49488    -1.63423
    29  C   4.0   0.087   3.481    -5.37154     1.63788    -2.05628
    30  C   4.0  -0.062   3.161    -4.61764     4.12674    -2.38563
    31  C   4.0  -0.073   3.153    -6.47491     5.90985    -2.82641
    32  C   4.0  -0.073   3.146    -9.01824     5.24016    -2.95374
    33  C   4.0  -0.067   3.154    -9.77137     2.75739    -2.67593
    34  C   4.0   0.000   3.376    -7.93938     0.93048    -2.23315
    35  C   4.0   0.000   3.376    -8.02591    -1.76324    -1.89097
    36  C   4.0  -0.067   3.154    -9.98115    -3.51260    -1.81773
    37  C   4.0  -0.073   3.146    -9.39831    -6.02036    -1.39126
    38  C   4.0  -0.073   3.152    -6.90837    -6.79198    -1.02556
    39  C   4.0  -0.063   3.157    -4.93113    -5.08718    -1.09047
    40  C   4.0   0.087   3.472    -5.50570    -2.57071    -1.54229
    41  H   1.0   0.077   1.005    -2.69821    -2.44853     3.83349
    42  H   1.0   0.077   1.005   -10.11256    -1.52084     5.79532
    43  H   1.0   0.077   1.005    -6.37395     4.77620     3.29115
    44  H   1.0   0.077   1.006     3.18859     2.33789     2.33538
    45  H   1.0   0.075   1.005     5.29440     4.97286    -0.62374
    46  H   1.0   0.074   1.004     8.56649     8.26001    -0.37784
    47  H   1.0   0.074   1.004    13.03993     7.16041     0.09199
    48  H   1.0   0.074   1.004    14.38480     2.68750     0.28066
    49  H   1.0   0.075   1.004    14.59779    -2.47638     0.40442
    50  H   1.0   0.074   1.004    13.62661    -7.04768     0.42968
    51  H   1.0   0.074   1.004     9.24805    -8.52999     0.16124
    52  H   1.0   0.075   1.005     5.71357    -5.53352    -0.20416
    53  H   1.0   0.076   1.006     4.04281    -3.07080    -3.62102
    54  H   1.0   0.076   1.006    -0.57529    -3.18621    -4.15428
    55  H   1.0   0.075   1.005    -2.64984     4.66288    -2.30648
    56  H   1.0   0.074   1.004    -5.93819     7.86248    -3.07962
    57  H   1.0   0.074   1.004   -10.41298     6.69026    -3.29149
    58  H   1.0   0.075   1.004   -11.73907     2.23716    -2.80243
    59  H   1.0   0.075   1.004   -11.91279    -2.91122    -2.07689
    60  H   1.0   0.074   1.004   -10.89242    -7.40817    -1.32567
    61  H   1.0   0.074   1.005    -6.51410    -8.76283    -0.67523
    62  H   1.0   0.075   1.005    -3.00909    -5.69615    -0.78338
 
  Z AO/shell   Hii/eV     exponent
  1     Sat Feb 20 21:38:01 CET 2016    EN: 2.327 GAM: 0.473  GM3: 0.0000
     1s    -13.751157    1.051071
  6     Sat Feb 20 21:38:01 CET 2016    EN: 2.731 GAM: 0.422  GM3: 0.0000
     2s    -19.378245    2.021003
     2p    -11.993376    1.497917
  7     Sat Feb 20 21:38:01 CET 2016    EN: 3.573 GAM: 0.504  GM3: 0.0000
     2s    -21.576984    2.275442
     2p    -16.125120    2.056788
  8     Sat Feb 20 21:38:01 CET 2016    EN: 3.700 GAM: 0.587  GM3: 0.0000
     2s    -21.648843    2.110798
     2p    -17.239740    2.329048
 
 dipole moment of classical point charges (au)
     X       Y       Z   
   0.2657  -0.1620  -0.2700  total (Debye):    1.047

 
 Nbf   :          182
 T(el) :   300.0
 calculating S/T integrals ...
 cpu time for ints    1.75693600000000     
 Nao   :          182
 making H0...
 making H1...
 cpu time for H      0.257345000000000     
 solving ...
 cpu time for diag   0.742349000000000     
 
 gap (eV)           :   4.176
 Koopmans IP (eV)   :  12.927
 Eel (Eh)           :  -147.122021
 T,E(Fermi),NFOD :    300.000   -10.839  0.000000
 T,E(Fermi),NFOD :    300.000   -10.839  0.000000
 Nfod               :  0.0000
 Nfod/Nel           :  0.0000

          eigenvalues
 #    :          82         83         84         85         86         87         88         89
 occ. :        2.000      2.000      2.000      2.000      2.000      2.000      2.000      2.000
 eps  :       -16.372    -16.332    -15.912    -15.648    -15.544    -15.384    -15.358    -15.298
 #    :          90         91         92         93         94         95         96         97
 occ. :        2.000      2.000      2.000      2.000      2.000      0.000      0.000      0.000
 eps  :       -15.090    -13.921    -13.885    -13.436    -12.928     -8.752     -8.099     -6.748
 #    :          98         99        100        101        102        103        104        105
 occ. :        0.000      0.000      0.000      0.000      0.000      0.000      0.000      0.000
 eps  :        -6.742     -6.658     -6.546     -5.554     -5.225     -5.165     -4.893     -4.738
                            1  SCC done.
 making H1...
 cpu time for H      0.850593000000000     
 solving ...
 cpu time for diag   0.258744000000000     
 
 gap (eV)           :   4.023
 Koopmans IP (eV)   :  13.143
 Eel (Eh)           :  -147.819027
 T,E(Fermi),NFOD :    300.000   -11.131  0.000000
 T,E(Fermi),NFOD :    300.000   -11.131  0.000000
 Nfod               :  0.0000
 Nfod/Nel           :  0.0000

          eigenvalues
 #    :          82         83         84         85         86         87         88         89
 occ. :        2.000      2.000      2.000      2.000      2.000      2.000      2.000      2.000
 eps  :       -16.420    -16.323    -16.191    -15.604    -15.480    -15.417    -15.366    -14.856
 #    :          90         91         92         93         94         95         96         97
 occ. :        2.000      2.000      2.000      2.000      2.000      0.000      0.000      0.000
 eps  :       -14.801    -14.031    -13.939    -13.616    -13.144     -9.120     -8.282     -7.067
 #    :          98         99        100        101        102        103        104        105
 occ. :        0.000      0.000      0.000      0.000      0.000      0.000      0.000      0.000
 eps  :        -6.894     -6.743     -6.692     -5.890     -5.399     -5.245     -5.141     -4.848
                            2  SCC done.
 
 
 Mulliken/CM5 charges    n(s)   n(p)   n(d)   
    1 O  -0.2583 -0.3058   1.627  4.631  0.000
    2 C   0.1636  0.1981   1.186  2.651  0.000
    3 C   0.0007  0.0095   1.186  2.813  0.000
    4 C   0.0431  0.0763   1.178  2.779  0.000
    5 N  -0.1668 -0.3625   1.488  3.679  0.000
    6 C   0.0844  0.1920   1.181  2.735  0.000
    7 N  -0.1776 -0.3721   1.490  3.688  0.000
    8 C   0.0457  0.0786   1.176  2.778  0.000
    9 C  -0.0201 -0.0182   1.179  2.841  0.000
   10 C  -0.0267 -0.0711   1.144  2.883  0.000
   11 C   0.0680  0.1252   1.169  2.764  0.000
   12 N  -0.0981 -0.3424   1.234  3.864  0.000
   13 C   0.0332  0.0956   1.184  2.783  0.000
   14 C  -0.0452 -0.0946   1.136  2.910  0.000
   15 C  -0.0410 -0.0970   1.136  2.905  0.000
   16 C  -0.0484 -0.1046   1.132  2.916  0.000
   17 C  -0.0374 -0.0902   1.138  2.899  0.000
   18 C  -0.0257 -0.0228   1.166  2.860  0.000
   19 C  -0.0276 -0.0248   1.165  2.862  0.000
   20 C  -0.0382 -0.0911   1.138  2.900  0.000
   21 C  -0.0475 -0.1036   1.132  2.915  0.000
   22 C  -0.0361 -0.0921   1.135  2.901  0.000
   23 C  -0.0397 -0.0892   1.136  2.904  0.000
   24 C   0.0324  0.0948   1.184  2.783  0.000
   25 C  -0.0041 -0.0527   1.139  2.865  0.000
   26 C  -0.0040 -0.0522   1.135  2.869  0.000
   27 C   0.0451  0.1045   1.181  2.774  0.000
   28 N  -0.1109 -0.3583   1.236  3.875  0.000
   29 C   0.0261  0.0893   1.187  2.787  0.000
   30 C  -0.0488 -0.0975   1.137  2.912  0.000
   31 C  -0.0391 -0.0953   1.136  2.903  0.000
   32 C  -0.0461 -0.1023   1.132  2.914  0.000
   33 C  -0.0342 -0.0870   1.138  2.896  0.000
   34 C  -0.0260 -0.0229   1.166  2.860  0.000
   35 C  -0.0273 -0.0240   1.166  2.862  0.000
   36 C  -0.0351 -0.0879   1.138  2.897  0.000
   37 C  -0.0445 -0.1006   1.132  2.912  0.000
   38 C  -0.0324 -0.0884   1.135  2.898  0.000
   39 C  -0.0386 -0.0877   1.136  2.903  0.000
   40 C   0.0272  0.0902   1.186  2.787  0.000
   41 H   0.0641  0.1346   0.936  0.000  0.000
   42 H   0.0695  0.1468   0.931  0.000  0.000
   43 H   0.0565  0.1269   0.943  0.000  0.000
   44 H   0.0489  0.1138   0.951  0.000  0.000
   45 H   0.0410  0.1011   0.959  0.000  0.000
   46 H   0.0450  0.1016   0.955  0.000  0.000
   47 H   0.0415  0.0981   0.958  0.000  0.000
   48 H   0.0426  0.0998   0.957  0.000  0.000
   49 H   0.0415  0.0987   0.959  0.000  0.000
   50 H   0.0412  0.0977   0.959  0.000  0.000
   51 H   0.0468  0.1034   0.953  0.000  0.000
   52 H   0.0456  0.1055   0.954  0.000  0.000
   53 H   0.0594  0.1206   0.941  0.000  0.000
   54 H   0.0591  0.1201   0.941  0.000  0.000
   55 H   0.0416  0.1032   0.958  0.000  0.000
   56 H   0.0474  0.1040   0.953  0.000  0.000
   57 H   0.0432  0.0998   0.957  0.000  0.000
   58 H   0.0439  0.1012   0.956  0.000  0.000
   59 H   0.0421  0.0994   0.958  0.000  0.000
   60 H   0.0418  0.0984   0.958  0.000  0.000
   61 H   0.0475  0.1041   0.953  0.000  0.000
   62 H   0.0461  0.1062   0.954  0.000  0.000
 Hirshfeld charges for QMDFF written to <charges>
 
 Loewdin charges    n(s)   n(p)   n(d)
    1 O  -0.2415   1.596  4.646  0.000
    2 C   0.1573   1.150  2.693  0.000
    3 C  -0.0073   1.148  2.859  0.000
    4 C   0.0481   1.130  2.822  0.000
    5 N  -0.1462   1.452  3.694  0.000
    6 C   0.0791   1.141  2.780  0.000
    7 N  -0.1564   1.454  3.703  0.000
    8 C   0.0497   1.128  2.822  0.000
    9 C  -0.0235   1.139  2.884  0.000
   10 C  -0.0249   1.092  2.933  0.000
   11 C   0.0637   1.132  2.804  0.000
   12 N  -0.0557   1.192  3.864  0.000
   13 C   0.0275   1.149  2.824  0.000
   14 C  -0.0431   1.083  2.960  0.000
   15 C  -0.0324   1.081  2.952  0.000
   16 C  -0.0422   1.078  2.964  0.000
   17 C  -0.0315   1.084  2.947  0.000
   18 C  -0.0257   1.124  2.902  0.000
   19 C  -0.0277   1.124  2.904  0.000
   20 C  -0.0324   1.084  2.948  0.000
   21 C  -0.0412   1.078  2.963  0.000
   22 C  -0.0276   1.081  2.947  0.000
   23 C  -0.0375   1.083  2.954  0.000
   24 C   0.0269   1.149  2.824  0.000
   25 C   0.0005   1.086  2.914  0.000
   26 C  -0.0010   1.082  2.919  0.000
   27 C   0.0416   1.145  2.814  0.000
   28 N  -0.0687   1.194  3.875  0.000
   29 C   0.0210   1.152  2.827  0.000
   30 C  -0.0460   1.084  2.962  0.000
   31 C  -0.0304   1.081  2.949  0.000
   32 C  -0.0398   1.078  2.962  0.000
   33 C  -0.0283   1.084  2.944  0.000
   34 C  -0.0260   1.125  2.901  0.000
   35 C  -0.0273   1.124  2.903  0.000
   36 C  -0.0295   1.084  2.945  0.000
   37 C  -0.0383   1.078  2.960  0.000
   38 C  -0.0241   1.080  2.944  0.000
   39 C  -0.0363   1.083  2.953  0.000
   40 C   0.0223   1.151  2.827  0.000
   41 H   0.0499   0.950  0.000  0.000
   42 H   0.0543   0.946  0.000  0.000
   43 H   0.0434   0.957  0.000  0.000
   44 H   0.0395   0.960  0.000  0.000
   45 H   0.0334   0.967  0.000  0.000
   46 H   0.0370   0.963  0.000  0.000
   47 H   0.0341   0.966  0.000  0.000
   48 H   0.0345   0.965  0.000  0.000
   49 H   0.0336   0.966  0.000  0.000
   50 H   0.0338   0.966  0.000  0.000
   51 H   0.0385   0.961  0.000  0.000
   52 H   0.0371   0.963  0.000  0.000
   53 H   0.0490   0.951  0.000  0.000
   54 H   0.0484   0.952  0.000  0.000
   55 H   0.0333   0.967  0.000  0.000
   56 H   0.0390   0.961  0.000  0.000
   57 H   0.0355   0.965  0.000  0.000
   58 H   0.0356   0.964  0.000  0.000
   59 H   0.0341   0.966  0.000  0.000
   60 H   0.0343   0.966  0.000  0.000
   61 H   0.0391   0.961  0.000  0.000
   62 H   0.0374   0.963  0.000  0.000
 
 Wiberg/Mayer (AO) data. WBOs > 0.1 written file <wbo>
 largest (>0.05) Wiberg bond orders for each atom
           total WBO             WBO to atom ...
     1  O   2.138    C    2 1.821    C    9 0.061    C    3 0.059
     2  C   3.901    O    1 1.821    C    9 0.978    C    3 0.960
     3  C   3.948    C    4 1.363    C    8 1.357    C    2 0.960    C    6 0.093    O    1 0.059
     4  C   3.945    N    5 1.418    C    3 1.363    H   41 0.945    N    7 0.107
     5  N   3.110    C    6 1.429    C    4 1.418    C    8 0.107    N    7 0.072
     6  C   3.936    N    5 1.429    N    7 1.417    H   42 0.949    C    3 0.093
     7  N   3.104    C    8 1.425    C    6 1.417    C    4 0.107    N    5 0.072
     8  C   3.944    N    7 1.425    C    3 1.357    H   43 0.947    N    5 0.107
     9  C   3.947    C   10 1.368    C   27 1.316    C    2 0.978    C   25 0.094    O    1 0.061
    10  C   3.963    C   11 1.394    C    9 1.368    H   44 0.942    C   26 0.098
    11  C   3.929    C   10 1.394    C   25 1.362    N   12 0.985    C   27 0.097
    12  N   3.442    C   13 1.050    C   24 1.048    C   11 0.985
    13  C   3.927    C   14 1.372    C   18 1.267    N   12 1.050    C   16 0.091
    14  C   3.968    C   15 1.450    C   13 1.372    H   45 0.943    C   17 0.103
    15  C   3.953    C   14 1.450    C   16 1.396    H   46 0.945    C   18 0.091
    16  C   3.969    C   17 1.459    C   15 1.396    H   47 0.945    C   13 0.091
    17  C   3.961    C   16 1.459    C   18 1.354    H   48 0.945    C   14 0.103
    18  C   3.955    C   17 1.354    C   13 1.267    C   19 1.086    C   15 0.091
    19  C   3.955    C   20 1.354    C   24 1.268    C   18 1.086    C   22 0.090
    20  C   3.961    C   21 1.460    C   19 1.354    H   49 0.945    C   23 0.103
    21  C   3.969    C   20 1.460    C   22 1.396    H   50 0.945    C   24 0.091
    22  C   3.953    C   23 1.450    C   21 1.396    H   51 0.944    C   19 0.090
    23  C   3.968    C   22 1.450    C   24 1.372    H   52 0.943    C   20 0.103
    24  C   3.926    C   23 1.372    C   19 1.268    N   12 1.048    C   21 0.091
    25  C   3.965    C   26 1.444    C   11 1.362    H   53 0.941    C    9 0.094
    26  C   3.966    C   25 1.444    C   27 1.387    H   54 0.940    C   10 0.098
    27  C   3.927    C   26 1.387    C    9 1.316    N   28 0.978    C   11 0.097
    28  N   3.430    C   29 1.048    C   40 1.045    C   27 0.978
    29  C   3.926    C   30 1.370    C   34 1.267    N   28 1.048    C   32 0.091
    30  C   3.968    C   31 1.450    C   29 1.370    H   55 0.944    C   33 0.103
    31  C   3.953    C   30 1.450    C   32 1.395    H   56 0.944    C   34 0.091
    32  C   3.969    C   33 1.460    C   31 1.395    H   57 0.945    C   29 0.091
    33  C   3.961    C   32 1.460    C   34 1.353    H   58 0.945    C   30 0.103
    34  C   3.954    C   33 1.353    C   29 1.267    C   35 1.085    C   31 0.091
    35  C   3.954    C   36 1.353    C   40 1.268    C   34 1.085    C   38 0.091
    36  C   3.961    C   37 1.460    C   35 1.353    H   59 0.945    C   39 0.103
    37  C   3.969    C   36 1.460    C   38 1.396    H   60 0.945    C   40 0.091
    38  C   3.953    C   39 1.450    C   37 1.396    H   61 0.944    C   35 0.091
    39  C   3.967    C   38 1.450    C   40 1.371    H   62 0.944    C   36 0.103
    40  C   3.925    C   39 1.371    C   35 1.268    N   28 1.045    C   37 0.091
    41  H   0.996    C    4 0.945
    42  H   0.995    C    6 0.949
    43  H   0.997    C    8 0.947
    44  H   0.997    C   10 0.942
    45  H   0.997    C   14 0.943
    46  H   0.997    C   15 0.945
    47  H   0.997    C   16 0.945
    48  H   0.997    C   17 0.945
    49  H   0.997    C   20 0.945
    50  H   0.997    C   21 0.945
    51  H   0.997    C   22 0.944
    52  H   0.997    C   23 0.943
    53  H   0.993    C   25 0.941
    54  H   0.993    C   26 0.940
    55  H   0.997    C   30 0.944
    56  H   0.997    C   31 0.944
    57  H   0.996    C   32 0.945
    58  H   0.997    C   33 0.945
    59  H   0.997    C   36 0.945
    60  H   0.997    C   37 0.945
    61  H   0.997    C   38 0.944
    62  H   0.997    C   39 0.944
 
 --------------------------------------------
          xTB calculation for sTDA...
 --------------------------------------------
 
 reading parameter file /home/penavora/Exe_xtb_crest/.param_stda2.xtb
 
      method parameters     
 k(s)        :  1.6000
 k(p)        :  2.1800
 k(d)        :  1.9500
 k(f)        :  2.0000
 k(R-V)      :  2.2750
 k(R-R)      :  1.7650
 Tscal       :  0.2580
 Gscal       :  1.0000
 fpol        :  1.0000
 Zcnf        :  0.3430
 Zqf         :  0.0000
 kcn         :  2.7000
 Ryd Hsplit  :  0.7000
 lshift(virt):  3.1000
 lshift(OS)  :  0.2000
 wllscaling  :  2.6000
 
 mowrcut     : 3.000
 
  Z AO/shell   Hii/eV     exponent
  1     Sun Feb 14 09:53:25 CET 2016    EN: 2.327 GAM: 0.473  GM3: 0.0000
     1s    -14.339618    1.220000
     2sp    -3.348946    0.600000
  6     Sun Feb 14 09:53:25 CET 2016    EN: 2.731 GAM: 0.422  GM3: 0.0000
     2s    -22.009312    1.565095
     2p    -13.020408    1.596905
     3sp    -3.914040    0.824500
  7     Sun Feb 14 09:53:25 CET 2016    EN: 3.573 GAM: 0.504  GM3: 0.0000
     2s    -25.722000    2.064844
     2p    -18.684912    1.801692
     3sp    -4.344791    0.921400
  8     Sun Feb 14 09:53:25 CET 2016    EN: 3.700 GAM: 0.587  GM3: 0.0000
     2s    -33.859000    2.418661
     2p    -22.175911    1.973969
     3sp    -4.259392    1.013700
 
 Nbf   :          430
 T(el) :     0.0
 calculating S/T integrals ...
 cpu time for ints    8.41671100000000     
 Nao   :          430
 making H0...
 making H1...
 cpu time for H      0.533756000000000     
 solving ...
 cpu time for diag   0.776909000000000     
 
 gap (eV)           :   6.001
 Koopmans IP (eV)   :  13.917
 Eel (Eh)           :  -163.755736

          eigenvalues
 #    :          82         83         84         85         86         87         88         89
 occ. :        2.000      2.000      2.000      2.000      2.000      2.000      2.000      2.000
 eps  :       -17.095    -16.963    -16.852    -16.668    -16.636    -16.378    -16.335    -16.185
 #    :          90         91         92         93         94         95         96         97
 occ. :        2.000      2.000      2.000      2.000      2.000      0.000      0.000      0.000
 eps  :       -16.076    -15.056    -14.934    -14.408    -13.919     -7.917     -6.638     -6.597
 #    :          98         99        100        101        102        103        104        105
 occ. :        0.000      0.000      0.000      0.000      0.000      0.000      0.000      0.000
 eps  :        -6.471     -6.445     -6.174     -5.738     -5.620     -5.150     -4.934     -4.849
                            1  SCC done.
 writing mo output ...
 molden style : F
 
speedup 27.39
cpu  time for all   14.73 s
wall time for all    0.54 s
