  100
 Etot=        -160.0704954292
 N         11.4173651291        4.0063052850        1.1730577679
 C         10.4330407039        3.4431982054        1.0063744175
 C          9.2177899177        2.7491528355        0.8008133933
 C          7.9974919675        3.4109194506        0.9877863994
 C          6.8297361446        2.7200847377        0.7841237625
 C          6.8465743839        1.3758431192        0.3955903249
 C          8.0691033645        0.6997702033        0.2032301730
 C          9.2490958484        1.4160990026        0.4149341631
 C          8.0690093555       -0.7001410348       -0.2028392891
 C          9.2489159754       -1.4166702382       -0.4143250471
 C          9.2174569020       -2.7497734739       -0.8000263394
 C         10.4325869560       -3.4439856219       -1.0057457841
 N         11.4167081592       -4.0073311977       -1.1728363211
 C          7.9970779659       -3.4114217494       -0.9868660182
 C          6.8293970132       -2.7203447263       -0.7835577465
 C          6.8463850194       -1.3760007463       -0.3953905344
 C          5.5918983155       -0.6850753537       -0.1947717064
 N          4.4625159846       -1.3455278072       -0.3785477581
 C          3.3124482985       -0.6885464075       -0.1919276406
 C          2.0825625827       -1.3609486827       -0.3614575284
 C          0.9066787461       -0.6930256749       -0.1728142963
 C         -0.4209914199       -1.3361176743       -0.2742991310
 C         -1.0296312150       -1.5637175284       -1.5022748858
 C         -2.3465170101       -1.9716162965       -1.5668491441
 C         -3.0862803286       -2.1682906687       -0.4004179927
 N         -4.4482563171       -2.4722409863       -0.4699530204
 C         -5.0289788266       -3.3244262103        0.4760644586
 C         -4.3352008147       -4.4472746548        0.9267830906
 C         -4.9032839865       -5.2857866317        1.8659712649
 C         -6.1695793477       -5.0258998408        2.3641867913
 C         -6.8642330102       -3.9141371619        1.9163501080
 C         -6.3020009085       -3.0649890366        0.9829856950
 C         -5.2499810434       -1.8251609602       -1.4194358049
 C         -6.3198767279       -2.4938097343       -2.0127697967
 C         -7.1143873178       -1.8483606328       -2.9404425224
 C         -6.8523482126       -0.5359119881       -3.2981269719
 C         -5.7852691700        0.1299926824       -2.7179342520
 C         -4.9915733025       -0.5037407203       -1.7821613542
 C         -2.4481881426       -2.0221840197        0.8321151484
 C         -1.1372814382       -1.6006202382        0.8888541854
 C          0.9067544745        0.6945965763        0.1707588631
 C         -0.4209766880        1.3375678753        0.2725692907
 C         -1.0293439769        1.5645470864        1.5008123358
 C         -2.3464313927        1.9717099325        1.5659585464
 C         -3.0866511977        2.1682674785        0.3998192289
 N         -4.4488945631        2.4712916962        0.4696392928
 C         -5.2503747313        1.8224775617        1.4180267851
 C         -6.3221088645        2.4888192244        2.0106930924
 C         -7.1160515171        1.8415606002        2.9375854723
 C         -6.8516209297        0.5296060591        3.2953233959
 C         -5.7827705600       -0.1340100145        2.7157994843
 C         -4.9897338605        0.5014579419        1.7806568655
 C         -5.0293307014        3.3256904230       -0.4745787986
 C         -6.3017297381        3.0669352983       -0.9834064066
 C         -6.8638236851        3.9187533697       -1.9144187460
 C         -6.1696236158        5.0325151228       -2.3580038435
 C         -4.9037969826        5.2915208323       -1.8581576783
 C         -4.3358216517        4.4502663827       -0.9213553620
 C         -2.4488721647        2.0230049405       -0.8329567855
 C         -1.1377525875        1.6021255517       -0.8902798443
 C          2.0827780069        1.3622440902        0.3595100231
 C          3.3125399788        0.6894856465        0.1903254083
 N          4.4627253588        1.3461056072        0.3774909533
 C          5.5919942623        0.6852835796        0.1943310870
 H          7.9903858704        4.4478608262        1.2878604178
 H          5.8689738890        3.1915585233        0.9175813122
 H         10.2137237249        0.9515752151        0.2845934274
 H         10.2135909426       -0.9522456571       -0.2839758211
 H          7.9898530832       -4.4484518004       -1.2866303535
 H          5.8686009271       -3.1917290821       -0.9170914671
 H          2.0990866966       -2.4069628644       -0.6270322142
 H         -0.4738950757       -1.3942762810       -2.4130357813
 H         -2.8223250637       -2.1175032595       -2.5253137488
 H         -3.3512052909       -4.6562742518        0.5328183484
 H         -4.3560753503       -6.1530068297        2.2052590945
 H         -6.6114433451       -5.6849685840        3.0958940828
 H         -7.8491795442       -3.6988459917        2.3038932377
 H         -6.8404340938       -2.1907146675        0.6477895155
 H         -6.5210366688       -3.5200707518       -1.7422372028
 H         -7.9397379719       -2.3778447926       -3.3933263292
 H         -7.4740073265       -0.0358301273       -4.0250916752
 H         -5.5768999615        1.1555177731       -2.9865514303
 H         -4.1654676803        0.0208800164       -1.3260246598
 H         -2.9953396671       -2.2089832332        1.7444653951
 H         -0.6651329862       -1.4513125002        1.8488228786
 H         -0.4732231323        1.3951099887        2.4113409152
 H         -2.8220361687        2.1169983111        2.5246150775
 H         -6.5251279227        3.5147641390        1.7403613052
 H         -7.9428409615        2.3692893045        3.3898971481
 H         -7.4727345444        0.0281664756        4.0218158916
 H         -5.5724553843       -1.1591183339        2.9844681869
 H         -4.1623100520       -0.0215050496        1.3250189717
 H         -6.8398127952        2.1912283947       -0.6513836709
 H         -7.8483270251        3.7041046062       -2.3034490123
 H         -6.6115261118        5.6938435402       -3.0876477173
 H         -4.3569310888        6.1602301927       -2.1941702430
 H         -3.3521852919        4.6585020539       -0.5260859803
 H         -2.9965076920        2.2098724557       -1.7450147960
 H         -0.6658498481        1.4533506840       -1.8504518346
 H          2.0996176879        2.4082398101        0.6251450363
