  55
 Etot=         -89.0001518663
 N         -1.5191783717       -6.0145276968        0.0125599928
 C         -1.8421134851       -4.9027498383        0.0091650702
 C         -2.2219273302       -3.5662934794        0.0049393721
 C         -3.5971306221       -3.2111953902        0.0011392982
 C         -3.9917365746       -1.9057205910       -0.0028291962
 C         -3.0130216030       -0.8821905816       -0.0031745747
 C         -1.6294836401       -1.2517821811       -0.0001423104
 C         -1.2293615518       -2.5476934417        0.0043769373
 C         -0.7525103020       -0.0018034319       -0.0018529395
 C         -1.8116944543        1.0958873693       -0.0035952880
 C         -1.6169594745        2.4382382661       -0.0020905367
 C         -2.7553328218        3.2907553104       -0.0020033592
 C         -2.5879325790        4.6700881559        0.0009183350
 N         -2.4435083524        5.8187611534        0.0032870386
 C         -4.0590790066        2.7274393831       -0.0039236367
 C         -4.2473151734        1.3765990637       -0.0056752277
 C         -3.1219198955        0.5171523881       -0.0048408860
 C          0.0716810397        0.0575490662        1.2500777822
 C         -0.5676608434        0.0492733926        2.4821890511
 C          0.1516108915        0.0937104392        3.6612733337
 C          1.5410331438        0.1461798163        3.6183749089
 C          2.1975490716        0.1544244881        2.4093891989
 C          1.4762271900        0.1111522319        1.2053377067
 N          2.1398444057        0.1230292656       -0.0003470399
 C          3.5691272059        0.1500763666        0.0004438932
 C          4.2770696725       -1.0450445584        0.0072721954
 C          5.6610362189       -1.0168664170        0.0077758550
 C          6.3330871637        0.1947417844        0.0015933143
 C          5.6221441373        1.3840529676       -0.0050842480
 C          4.2379110066        1.3676772799       -0.0057475988
 C          1.4777009017        0.1061747868       -1.2068146816
 C          2.2007085730        0.1430485551       -2.4100839191
 C          1.5458433900        0.1290498442       -3.6199234372
 C          0.1564772762        0.0770430308       -3.6644249685
 C         -0.5644452041        0.0388019500       -2.4860916130
 C          0.0731735900        0.0527321246       -1.2531416851
 H         -4.3281845743       -4.0077958471        0.0016624715
 H         -5.0395063125       -1.6455922591       -0.0053420929
 H         -0.1862837242       -2.8305955652        0.0073777970
 H         -0.6300837305        2.8790516327       -0.0006041092
 H         -4.9045396049        3.4014104655       -0.0038444911
 H         -5.2423126138        0.9577962169       -0.0069151616
 H         -1.6462285947        0.0068416145        2.5068595335
 H         -0.3640330452        0.0872276285        4.6088000436
 H          2.1096313073        0.1804111146        4.5347399117
 H          3.2746210677        0.1949222128        2.3832123941
 H          3.7426283124       -1.9832659295        0.0120771082
 H          6.2125824651       -1.9445197673        0.0129836499
 H          7.4121625125        0.2118042811        0.0020048836
 H          6.1437826850        2.3288829700       -0.0098439188
 H          3.6733550096        2.2880916850       -0.0109352701
 H          3.2777881103        0.1829729308       -2.3826284145
 H          2.1157207143        0.1581285913       -4.5356721167
 H         -0.3578959847        0.0659256353       -4.6125989777
 H         -1.6429692260       -0.0036142195       -2.5120810472
  55
 Etot=         -89.0002348894
 N         -1.5171936916       -6.0107349069        0.0128981821
 C         -1.8403442014       -4.9006438620        0.0086753492
 C         -2.2208768348       -3.5638332963        0.0047842682
 C         -3.5972052857       -3.2096568590        0.0011567544
 C         -3.9926558075       -1.9054550044       -0.0026589084
 C         -3.0128228471       -0.8810335705       -0.0030356711
 C         -1.6275251645       -1.2504882576       -0.0001339577
 C         -1.2275196229       -2.5452775968        0.0041050867
 C         -0.7512610010       -0.0016634166       -0.0017306767
 C         -1.8096202363        1.0950396213       -0.0035124546
 C         -1.6149443307        2.4362845446       -0.0021694572
 C         -2.7540806282        3.2886857288       -0.0022581251
 C         -2.5860269567        4.6684927816       -0.0001223290
 N         -2.4410861823        5.8154916383        0.0036231988
 C         -4.0590345872        2.7260177916       -0.0041562266
 C         -4.2481762497        1.3762610768       -0.0056065710
 C         -3.1215316648        0.5160643286       -0.0047277068
 C          0.0729948448        0.0577597994        1.2501715892
 C         -0.5671075273        0.0495337622        2.4815059422
 C          0.1507011230        0.0936792386        3.6610975495
 C          1.5389496586        0.1456933409        3.6185992161
 C          2.1959111739        0.1538893429        2.4093441955
 C          1.4758025842        0.1107974190        1.2061811175
 N          2.1401648643        0.1224818207       -0.0002878489
 C          3.5684611686        0.1496484414        0.0004789425
 C          4.2767766249       -1.0446982593        0.0072713338
 C          5.6605956619       -1.0166212779        0.0078043066
 C          6.3322057283        0.1949558305        0.0016284081
 C          5.6211131579        1.3838740032       -0.0050640708
 C          4.2370653839        1.3667880905       -0.0056799374
 C          1.4772087375        0.1057377608       -1.2075050181
 C          2.1989108265        0.1424828552       -2.4099302763
 C          1.5435444040        0.1286554284       -3.6200036856
 C          0.1553439167        0.0772270979       -3.6640238380
 C         -0.5640432818        0.0391613146       -2.4851391239
 C          0.0744180828        0.0529482239       -1.2530104746
 H         -4.3271913821       -4.0063906269        0.0015780701
 H         -5.0402435977       -1.6453892123       -0.0052254792
 H         -0.1841739621       -2.8269109507        0.0068830967
 H         -0.6276630216        2.8757683933       -0.0007720428
 H         -4.9034661800        3.4002642271       -0.0042230297
 H         -5.2429695314        0.9574204202       -0.0068635386
 H         -1.6455574258        0.0071136800        2.5047490278
 H         -0.3649759058        0.0870770902        4.6083684309
 H          2.1077237740        0.1800538150        4.5348219803
 H          3.2736503172        0.1946779548        2.3831132035
 H          3.7417458443       -1.9827508755        0.0120350354
 H          6.2123281112       -1.9441433771        0.0130105072
 H          7.4111815622        0.2124505442        0.0020301288
 H          6.1424647185        2.3288380216       -0.0098394731
 H          3.6715397731        2.2868020393       -0.0109374473
 H          3.2766509003        0.1825241033       -2.3825006449
 H          2.1135611018        0.1579083632       -4.5356373063
 H         -0.3590985409        0.0660487367       -4.6119261112
 H         -1.6424700295       -0.0030530572       -2.5096551594
  55
 Etot=         -89.0002519365
 N         -1.5141288905       -6.0090947205        0.0110086945
 C         -1.8381919773       -4.8992717437        0.0101607510
 C         -2.2196098000       -3.5622556985        0.0048387203
 C         -3.5966202079       -3.2088315580        0.0011782180
 C         -3.9930101489       -1.9055121017       -0.0026981750
 C         -3.0126735012       -0.8800382808       -0.0030711112
 C         -1.6259984368       -1.2497355592       -0.0001750925
 C         -1.2259425367       -2.5438780606        0.0039209804
 C         -0.7511449524       -0.0015501812       -0.0016636724
 C         -1.8080951035        1.0947546904       -0.0035509658
 C         -1.6133916358        2.4353809397       -0.0021524969
 C         -2.7528272827        3.2875532209       -0.0020841587
 C         -2.5839478579        4.6677099121        0.0026497263
 N         -2.4380519560        5.8145937905       -0.0004042287
 C         -4.0585252537        2.7254086784       -0.0043338606
 C         -4.2485867810        1.3763579351       -0.0058747319
 C         -3.1212501670        0.5152016616       -0.0048288523
 C          0.0735639607        0.0578643370        1.2502147862
 C         -0.5674016734        0.0497239192        2.4809058148
 C          0.1494095124        0.0935517994        3.6611029859
 C          1.5370164145        0.1452304412        3.6190328874
 C          2.1945624674        0.1533415314        2.4095571788
 C          1.4753254328        0.1103736901        1.2069313030
 N          2.1405218779        0.1217186030       -0.0002434185
 C          3.5678289032        0.1490836577        0.0005034969
 C          4.2767788208       -1.0447227678        0.0072759781
 C          5.6604825321       -1.0164868081        0.0078332831
 C          6.3315363140        0.1953236918        0.0016740587
 C          5.6201629174        1.3839923694       -0.0050345014
 C          4.2362542425        1.3661525552       -0.0056428369
 C          1.4766943953        0.1052272241       -1.2081457911
 C          2.1974322176        0.1418699804       -2.4100766015
 C          1.5413984342        0.1283077665       -3.6203315552
 C          0.1538279806        0.0774047319       -3.6638412083
 C         -0.5644707889        0.0395825426       -2.4843075072
 C          0.0749613767        0.0531036776       -1.2528888171
 H         -4.3254644673       -4.0061665197        0.0018414281
 H         -5.0403627913       -1.6451229301       -0.0051212323
 H         -0.1823359246       -2.8243677458        0.0066155530
 H         -0.6256938570        2.8737024178       -0.0003752284
 H         -4.9019554085        3.4003736270       -0.0042092406
 H         -5.2430516470        0.9570940465       -0.0070179680
 H         -1.6458542311        0.0077172636        2.5027670654
 H         -0.3665035815        0.0869721942        4.6081458625
 H          2.1061606950        0.1793511324        4.5350422599
 H          3.2726870758        0.1938962857        2.3836897226
 H          3.7413368686       -1.9826898196        0.0120062767
 H          6.2125105717       -1.9438133567        0.0130456301
 H          7.4104691793        0.2133500980        0.0020903553
 H          6.1411413437        2.3291413011       -0.0098066387
 H          3.6697173163        2.2857071605       -0.0108607962
 H          3.2755588566        0.1815198396       -2.3830869290
 H          2.1117295319        0.1574084130       -4.5357790461
 H         -0.3609153476        0.0664421487       -4.6114831600
 H         -1.6429146653       -0.0020971599       -2.5073648639
