  108
 Etot=        -167.5978741396
 C         -3.9898795595       -4.5430028489       -0.3717835692
 C         -2.5328686384       -4.2242067278       -0.2330501387
 C         -2.0988779965       -2.9099531800       -0.1935763790
 C         -0.7453496730       -2.5922883829       -0.1199504367
 C         -0.3217775700       -1.1938662365       -0.0765621374
 N          0.9827363515       -0.9387243965       -0.0354004188
 C          1.3237692435        0.3462213834        0.0103086905
 C          2.7463018050        0.6780101761        0.0559886144
 C          3.1564975698        2.0075782394        0.1344144809
 C          4.5008393979        2.3046169100        0.1866350437
 C          5.4509066845        1.2864434923        0.1591092046
 N          6.8129924366        1.6256819594        0.2206641678
 C          7.6966921447        1.2663923916        1.2151174192
 C          7.4599258754        0.5676596068        2.3900611599
 C          8.5297921873        0.3558674576        3.2382803962
 C          9.8024220351        0.8361335357        2.9364002474
 C         10.0355393552        1.5604813697        1.7842260149
 C          8.9768050912        1.7864058282        0.9145300440
 C          8.8439052764        2.5039072301       -0.3229156118
 C          9.7303626984        3.2145140226       -1.1216785833
 C          9.2568905931        3.7926117588       -2.2826905492
 C          7.9208977127        3.6638202668       -2.6575180566
 C          7.0197140658        2.9599923978       -1.8821260791
 C          7.4884331579        2.3892402064       -0.7082028390
 C          5.0564084967       -0.0527835247        0.0462388514
 C          6.0675749649       -1.1517492700       -0.0697461661
 C          3.7012453109       -0.3340347881        0.0067771989
 N          0.4493475420        1.3483443469        0.0177870208
 C         -0.8337977160        1.0022710038       -0.0291996378
 C         -1.8319463509        2.0699328959       -0.0255461014
 C         -1.4366807582        3.4028621452        0.0702991247
 C         -2.3897798943        4.3977015615        0.0847422852
 C         -3.7435333989        4.0806873308        0.0008185100
 N         -4.6886881034        5.1198851793        0.0262488893
 C         -4.7875223157        6.1337771966       -0.9035743169
 C         -4.0303024639        6.3551349412       -2.0442650298
 C         -4.3571382913        7.4435519119       -2.8299716132
 C         -5.4143387966        8.2884898128       -2.4977966277
 C         -6.1790288074        8.0637838336       -1.3703891652
 C         -5.8691464313        6.9778166990       -0.5620625867
 C         -6.4313306715        6.4483612456        0.6492806583
 C         -7.4763105260        6.8420642768        1.4746976584
 C         -7.7341973098        6.1045164703        2.6131449223
 C         -6.9535905073        4.9992928193        2.9455556919
 C         -5.9081008228        4.5876381399        2.1415430688
 C         -5.6668265157        5.3055320922        0.9791361150
 C         -4.1556615561        2.7485348216       -0.1313909266
 C         -5.6010207821        2.3972669695       -0.3087603412
 C         -3.1853270459        1.7608276253       -0.1311565478
 N         -1.2643259814       -0.2554255941       -0.0780658333
 C          0.2005509539       -3.6153969614       -0.0983658721
 C         -0.2142506932       -4.9290362905       -0.1255777003
 C         -1.5708206805       -5.2405565677       -0.1761412492
 N         -1.9589810247       -6.5909458167       -0.1919639937
 C         -2.7123419621       -7.2307801386        0.7683688738
 C         -3.1996380086       -6.7423316194        1.9719959870
 C         -3.9181708343       -7.6087732709        2.7732179986
 C         -4.1385043746       -8.9322418438        2.3973835482
 C         -3.6275743630       -9.4314839635        1.2157715574
 C         -2.9022167491       -8.5805476483        0.3923090927
 C         -2.2142515491       -8.7552731087       -0.8566201989
 C         -2.0421449505       -9.8324946207       -1.7160964240
 C         -1.3045305220       -9.6476888554       -2.8685202887
 C         -0.7478064903       -8.4075150894       -3.1751048377
 C         -0.9065842795       -7.3196849487       -2.3383104968
 C         -1.6354891323       -7.5047024065       -1.1729670543
 H         -4.1342928350       -5.4084935941       -1.0163536693
 H         -4.4339278479       -4.7762570136        0.5957541543
 H         -4.5217728887       -3.6942887551       -0.7942761280
 H         -2.8134893316       -2.1023671963       -0.2330663254
 H          2.4114881822        2.7861600366        0.1608394918
 H          4.8362867450        3.3289242443        0.2592757216
 H          6.4690546451        0.2193115152        2.6416226593
 H          8.3754801241       -0.1882301970        4.1585821784
 H         10.6131412160        0.6480918826        3.6245162546
 H         11.0176036555        1.9508480431        1.5635162643
 H         10.7676484696        3.3089476495       -0.8375997786
 H          9.9298852824        4.3512121506       -2.9161120791
 H          7.5834760594        4.1224593849       -3.5753137293
 H          5.9867072764        2.8542942227       -2.1789110876
 H          5.6200979448       -2.0265675901       -0.5346332107
 H          6.9188726700       -0.8290853533       -0.6669487205
 H          6.4452866930       -1.4421929875        0.9103845596
 H          3.3622778164       -1.3548883489       -0.0792928285
 H         -0.3864669904        3.6351968143        0.1408980741
 H         -2.1016010379        5.4352202369        0.1713093269
 H         -3.2159337968        5.6968963264       -2.3085837473
 H         -3.7823731014        7.6429118831       -3.7224107332
 H         -5.6378232994        9.1289493656       -3.1379883163
 H         -7.0026564064        8.7150828695       -1.1193437231
 H         -8.0681016040        7.7115035811        1.2310108969
 H         -8.5438592309        6.3931458373        3.2667903384
 H         -7.1668290882        4.4567360178        3.8549419007
 H         -5.2868328395        3.7484909260        2.4177325159
 H         -5.6953604436        1.4276843266       -0.7912677654
 H         -6.1141741944        2.3512561413        0.6515739839
 H         -6.1071479885        3.1459791691       -0.9158639608
 H         -3.4682014789        0.7240943480       -0.2292730804
 H          1.2471271786       -3.3616946242       -0.0510774929
 H          0.5050284577       -5.7345727949       -0.0974425240
 H         -3.0062190353       -5.7255021619        2.2804028254
 H         -4.3124372096       -7.2547651982        3.7145183185
 H         -4.7068896311       -9.5775352648        3.0505697120
 H         -3.7806585968      -10.4632126849        0.9371404313
 H         -2.4791856419      -10.7921693689       -1.4846060929
 H         -1.1572685134      -10.4735348167       -3.5485593879
 H         -0.1818652261       -8.2941077815       -4.0880184142
 H         -0.4813420798       -6.3573719301       -2.5822744143
  108
 Etot=        -167.5978743707
 C         -3.9899867720       -4.5431945935       -0.3713851416
 C         -2.5330107415       -4.2240889336       -0.2330077974
 C         -2.0990922501       -2.9098258406       -0.1935288961
 C         -0.7455307906       -2.5923004560       -0.1197919774
 C         -0.3218927625       -1.1939358261       -0.0767616207
 N          0.9826088752       -0.9388100665       -0.0355472232
 C          1.3236453709        0.3461293605        0.0103151936
 C          2.7461929633        0.6778448439        0.0559731596
 C          3.1563331613        2.0074075918        0.1347244086
 C          4.5006794251        2.3045165923        0.1868450845
 C          5.4507308318        1.2863716507        0.1590225039
 N          6.8128860759        1.6254547114        0.2203521622
 C          7.6964737011        1.2662590887        1.2149260619
 C          7.4597654635        0.5676731195        2.3899411191
 C          8.5296932734        0.3559092877        3.2381263782
 C          9.8022899740        0.8362512019        2.9363218317
 C         10.0353545632        1.5605706512        1.7841306996
 C          8.9765958974        1.7863150919        0.9144367119
 C          8.8438267286        2.5035778299       -0.3231356378
 C          9.7304202257        3.2142692498       -1.1216580008
 C          9.2570686941        3.7926343167       -2.2825779601
 C          7.9211329307        3.6638259887       -2.6575718991
 C          7.0198176646        2.9598989420       -1.8823904735
 C          7.4883557423        2.3889939328       -0.7084863929
 C          5.0562521397       -0.0528951218        0.0461702154
 C          6.0676092734       -1.1517303299       -0.0694992365
 C          3.7011183746       -0.3342375112        0.0066490800
 N          0.4492388164        1.3482574213        0.0174684911
 C         -0.8339140967        1.0021809589       -0.0295960349
 C         -1.8321616811        2.0697231013       -0.0254362922
 C         -1.4369117542        3.4026362705        0.0705362120
 C         -2.3900504526        4.3974553118        0.0847470170
 C         -3.7437218098        4.0802822350        0.0006493663
 N         -4.6890461705        5.1193253703        0.0259154096
 C         -4.7877700215        6.1331891281       -0.9038990944
 C         -4.0305254663        6.3544633653       -2.0445602452
 C         -4.3570898136        7.4430964669       -2.8300992674
 C         -5.4139980267        8.2883002724       -2.4977359337
 C         -6.1788571117        8.0635382981       -1.3704599275
 C         -5.8692471335        6.9773790731       -0.5622941495
 C         -6.4312598613        6.4481723785        0.6492218749
 C         -7.4759162364        6.8422716649        1.4748601696
 C         -7.7337059517        6.1049521088        2.6134547925
 C         -6.9533398061        4.9995661756        2.9457280205
 C         -5.9080992531        4.5875568422        2.1415287702
 C         -5.6669371374        5.3051936076        0.9789743401
 C         -4.1558432619        2.7480895619       -0.1314471661
 C         -5.6012835050        2.3970363457       -0.3086441152
 C         -3.1855176749        1.7604036364       -0.1310229035
 N         -1.2644426831       -0.2555027861       -0.0780693048
 C          0.2004743733       -3.6153098010       -0.0978434028
 C         -0.2142804400       -4.9289490287       -0.1252727177
 C         -1.5708403979       -5.2403422103       -0.1761288615
 N         -1.9590443432       -6.5906903362       -0.1921038237
 C         -2.7123771395       -7.2304963762        0.7681892183
 C         -3.1996384654       -6.7420301033        1.9717981198
 C         -3.9182643875       -7.6084522708        2.7729756594
 C         -4.1384779156       -8.9319459125        2.3972080030
 C         -3.6274876448       -9.4312310688        1.2156356515
 C         -2.9022059134       -8.5802821377        0.3921216228
 C         -2.2142361385       -8.7549341262       -0.8568260835
 C         -2.0420049575       -9.8320897542       -1.7163623214
 C         -1.3041696550       -9.6472025668       -2.8686287676
 C         -0.7474329580       -8.4070192032       -3.1750873385
 C         -0.9063101049       -7.3192417782       -2.3382421238
 C         -1.6354327241       -7.5043497818       -1.1730792347
 H         -4.1343524817       -5.4084551385       -1.0161497313
 H         -4.4336358664       -4.7769105647        0.5961506568
 H         -4.5222970678       -3.6945514088       -0.7933619427
 H         -2.8134805945       -2.1020920967       -0.2336155586
 H          2.4111958590        2.7858549961        0.1613023553
 H          4.8360635584        3.3288451366        0.2595736609
 H          6.4688611722        0.2197084995        2.6419252859
 H          8.3752224826       -0.1876080040        4.1587243172
 H         10.6130162152        0.6480458740        3.6243887264
 H         11.0175164299        1.9504068233        1.5628658591
 H         10.7676599639        3.3085218111       -0.8373370133
 H          9.9300475288        4.3514461867       -2.9158245126
 H          7.5837618455        4.1228836207       -3.5751640392
 H          5.9868306679        2.8544338570       -2.1793098918
 H          5.6204530878       -2.0267150368       -0.5342711511
 H          6.9189050730       -0.8290041676       -0.6665559608
 H          6.4451728351       -1.4419053331        0.9106989670
 H          3.3620995908       -1.3550375563       -0.0799006841
 H         -0.3866383162        3.6348379889        0.1407612474
 H         -2.1019817981        5.4350131439        0.1712512802
 H         -3.2162465660        5.6961339105       -2.3089067268
 H         -3.7819643926        7.6427540383       -3.7222199534
 H         -5.6370193392        9.1290554106       -3.1376999699
 H         -7.0024045165        8.7148999839       -1.1193114481
 H         -8.0679426132        7.7114462554        1.2307315869
 H         -8.5432015689        6.3937285203        3.2672558631
 H         -7.1660428011        4.4575513009        3.8555425558
 H         -5.2867240948        3.7485791161        2.4180208262
 H         -5.6959277102        1.4272650716       -0.7905921265
 H         -6.1144840533        2.3517102956        0.6516385932
 H         -6.1071199435        3.1455501875       -0.9161295709
 H         -3.4680988039        0.7236698683       -0.2297637989
 H          1.2469791424       -3.3612916539       -0.0507709262
 H          0.5049010586       -5.7345794154       -0.0971659957
 H         -3.0058431127       -5.7253546893        2.2804816085
 H         -4.3121101327       -7.2545160125        3.7144618572
 H         -4.7069213522       -9.5771509825        3.0504284665
 H         -3.7808256064      -10.4628628878        0.9367586855
 H         -2.4794448284      -10.7916484234       -1.4851350454
 H         -1.1568790548      -10.4729146678       -3.5488207793
 H         -0.1809072812       -8.2937006019       -4.0876321663
 H         -0.4807528122       -6.3570056180       -2.5819222633
