 
        ______________________________________
       |                                      |
       |          ===================         |
       |             xTB for sTDA             |
       |          ===================         |
       |               S. Grimme              |
       |        Universitaet Bonn, MCTC       |
       |         2015-19, Version 1.0         |
       |     Wed Apr  3 09:14:55 CEST 2019    |
       |______________________________________|
 
        This code comes without any warranty
        for non-commercial, academia use only.
        Preliminary test version.
        Cite this work as:
        S. Grimme  &  C. Bannwarth, JCP 145 (2016) 054103
        if GBSA is used additionally:
        P. Shushkov, F. März, C. Bannwarth, S. Grimme, unpublished.
 
        with help from
        P. Shushkov, G. Brandenburg, S. Dohm, J. Pisarek,
        F. März, M. Checinski, S. Ehrlich, S. Spicher, 
        P. Pracht, E. Caldeweyher, S. Ehlert, and C. Bannwarth.
 
        usage        :
        xtb4stda <coord_file> [options]
        where <coord_file> is a valid file of TM)
        (*coord, Bohr) or xmol (*xyz, Angstroem)
        format.

        options:
        -chrg <int>   : molecular charge
        -uhf  <int>   : # of unpaired electrons(=2*S)
        -nox          : skip second, extended part in sTDA-xTB
        -pop          : do population analysis
                      : (default for -nox)
        -mowr <real>  : cut MO write above (def.3 Eh)
        -molden       : write formatted molden file
        -parx <file>  : read parameters for sTDA-xTB
                        calc (def:~/.param_stda2.xtb)
        -parv <file>  : read parameters for vTB part in
                        sTDA-xTB (def: ~/.param_stda1.xtb)
        -xtemp <real> : el. temp for xTB (def. 0 K)
        -etemp <real> : el. temp for GFN (def. 300 K)
        -fod          : calculate the FOD and write
                        molden.input file with
                        appropriate occupations
                        for plotting. Def. T=12500 K
 
        -acc <real>   : xTB accuracy (def. 1.0)
        -gbsa [string1] [string2]
                        use GBSA implicit solvent
                        for solvent [string1] and
                        solvation state [string2]=
                        reference, bar1M (default=1M)
        additional GFN/opt/MD/siman options read from
        $XTB4STDAHOME/.xtb4stdarc or $set in input
 
       spin and charge state information can be on:
       <.CHRG> (charge) and <.UHF> (=nalpha-nbeta)
       -uhf and -chrg override the file info.
       useful machine settings:
       setenv MKL_NUM_THREADS <NCORE_ON_YOUR_MACHINE>
       setenv OMP_STACKSIZE 500m
       limit stacksize unlimited
 
       total energies in Eh, gaps/HL energies in eV
       please read REVISION and HOWTO files carefully
 =============================
  # OMP threads =          48
 =============================
 
 xtb4stdahome directory:/home/penavora/Exe_xtb_crest/
 
 
 name of molecule           :
 comment line               :
 number of atoms            :    53
 number of electrons        :   166
 charge                     :  0
 spin                       : 0.0
 first test random number   :  0.8184
 
 -----------------------------------------
      charge density (VTB) calculation
 -----------------------------------------
 
      method parameters     
 k(s)        :  1.8000
 k(p)        :  2.8350
 k(d)        :  2.0860
 k(f)        :  2.0000
 Tscal       :  0.3300
 Gscal       :  0.3910
 fpol        :  1.0000
 Zcnf        :  0.6500
 Zqf         :  0.0000
 kcn         :  0.3000
 kEN1        : -0.5900
 wllscal     :  2.6000
 
     -------------------------
     ! NO SOLVENT MODEL USED !
     -------------------------
 
 doing EN charges ...
 sum q : -0.1887379D-14
 point charge moment (au)
     X       Y       Z   
  -0.6696  -0.0027   0.0693  total (Debye):    1.711
 
            Z      q(EN)   CN      Cart. coordinates
     1  O   6.0  -0.104   1.076     7.81876    -0.04567     4.23283
     2  C   4.0   0.201   3.203     6.34705    -0.04188     2.47868
     3  C   4.0   0.003   3.254     3.58155    -0.06709     2.82015
     4  C   4.0  -0.071   3.183     2.58371    -0.12850     5.22669
     5  C   4.0  -0.071   3.137    -0.03234    -0.14576     5.58806
     6  C   4.0  -0.071   3.181    -1.64129    -0.09781     3.55887
     7  C   4.0   0.000   3.285    -0.68720    -0.03132     1.07175
     8  C   4.0   0.077   3.329    -2.27106     0.02239    -1.09602
     9  N   5.0  -0.308   3.256    -4.94398     0.01442    -0.81313
    10  C   4.0   0.083   3.329    -6.12981     2.33415    -0.41347
    11  C   4.0  -0.070   3.208    -4.68000     4.51886    -0.13393
    12  C   4.0  -0.072   3.145    -5.79218     6.85142     0.26534
    13  C   4.0  -0.072   3.142    -8.38996     7.06558     0.41952
    14  C   4.0  -0.085   3.263    -9.85912     4.92056     0.14164
    15  C   4.0  -0.077   3.200    -8.75423     2.58742    -0.29054
    16  S   6.0   0.200   2.425   -10.83867     0.01357    -0.77113
    17  C   4.0  -0.077   3.200    -8.75499    -2.58747    -0.46614
    18  C   4.0  -0.085   3.263    -9.85998    -4.94431    -0.19166
    19  C   4.0  -0.072   3.142    -8.39071    -7.10296    -0.05632
    20  C   4.0  -0.072   3.145    -5.79267    -6.87864    -0.19099
    21  C   4.0  -0.070   3.208    -4.68044    -4.52448    -0.43184
    22  C   4.0   0.083   3.329    -6.13057    -2.32650    -0.57010
    23  C   4.0  -0.066   3.179    -1.24890     0.08126    -3.48339
    24  C   4.0  -0.070   3.183     1.36780     0.09004    -3.82454
    25  C   4.0   0.003   3.253     2.96570     0.04269    -1.76762
    26  C   4.0  -0.003   3.333     1.96585    -0.01829     0.70237
    27  C   4.0   0.201   3.203     5.72289     0.04445    -2.16990
    28  O   6.0  -0.104   1.076     6.67672     0.05921    -4.25166
    29  N   5.0  -0.302   3.227     7.20128     0.00750    -0.00284
    30  C   4.0   0.074   3.296     9.88995     0.02062    -0.36518
    31  C   4.0  -0.068   3.183    11.30335    -2.06123     0.35746
    32  C   4.0  -0.073   3.149    13.89432    -2.03664     0.01057
    33  C   4.0  -0.073   3.145    15.05780     0.04488    -1.06562
    34  C   4.0  -0.073   3.149    13.63079     2.11448    -1.79026
    35  C   4.0  -0.068   3.183    11.04089     2.11472    -1.43490
    36  H   1.0   0.075   1.005     3.86330    -0.16256     6.81526
    37  H   1.0   0.074   1.005    -0.78198    -0.19644     7.48405
    38  H   1.0   0.076   1.006    -3.66130    -0.11044     3.84757
    39  H   1.0   0.077   1.008    -2.64786     4.39769    -0.24680
    40  H   1.0   0.074   1.005    -4.60547     8.49871     0.45835
    41  H   1.0   0.074   1.004    -9.27245     8.87447     0.73856
    42  H   1.0   0.076   1.008   -11.89387     5.03045     0.22934
    43  H   1.0   0.076   1.008   -11.89478    -5.05997    -0.11308
    44  H   1.0   0.074   1.004    -9.27328    -8.92924     0.13974
    45  H   1.0   0.074   1.005    -4.60588    -8.53492    -0.10554
    46  H   1.0   0.077   1.008    -2.64803    -4.39514    -0.53074
    47  H   1.0   0.075   1.005    -2.49131     0.12009    -5.10097
    48  H   1.0   0.075   1.005     2.17602     0.13396    -5.69677
    49  H   1.0   0.076   1.005    10.37914    -3.67640     1.19284
    50  H   1.0   0.074   1.004    15.00375    -3.65239     0.57721
    51  H   1.0   0.074   1.004    17.07975     0.05411    -1.34027
    52  H   1.0   0.074   1.004    14.53438     3.73955    -2.63005
    53  H   1.0   0.076   1.005     9.91281     3.72023    -1.99215
 
  Z AO/shell   Hii/eV     exponent
  1     Sat Feb 20 21:38:01 CET 2016    EN: 2.327 GAM: 0.473  GM3: 0.0000
     1s    -13.751157    1.051071
  6     Sat Feb 20 21:38:01 CET 2016    EN: 2.731 GAM: 0.422  GM3: 0.0000
     2s    -19.378245    2.021003
     2p    -11.993376    1.497917
  7     Sat Feb 20 21:38:01 CET 2016    EN: 3.573 GAM: 0.504  GM3: 0.0000
     2s    -21.576984    2.275442
     2p    -16.125120    2.056788
  8     Sat Feb 20 21:38:01 CET 2016    EN: 3.700 GAM: 0.587  GM3: 0.0000
     2s    -21.648843    2.110798
     2p    -17.239740    2.329048
 16     Sat Feb 20 23:13:41 CET 2016    EN: 1.915 GAM: 0.389  GM3: 0.0000
     3s    -22.000000    2.671470
     3p    -15.834192    1.836978
     3d     -2.593599    1.836978
 
 dipole moment of classical point charges (au)
     X       Y       Z   
  -0.6696  -0.0027   0.0693  total (Debye):    1.711

 
 Nbf   :          164
 T(el) :   300.0
 calculating S/T integrals ...
 cpu time for ints    1.51369600000000     
 Nao   :          163
 making H0...
 making H1...
 cpu time for H      8.424800000000010E-002
 solving ...
 cpu time for diag    1.43440500000000     
 
 gap (eV)           :   3.151
 Koopmans IP (eV)   :  12.512
 Eel (Eh)           :  -130.529035
 T,E(Fermi),NFOD :    300.000   -10.936  0.000000
 T,E(Fermi),NFOD :    300.000   -10.936  0.000000
 Nfod               :  0.0000
 Nfod/Nel           :  0.0000

          eigenvalues
 #    :          71         72         73         74         75         76         77         78
 occ. :        2.000      2.000      2.000      2.000      2.000      2.000      2.000      2.000
 eps  :       -17.123    -16.480    -16.192    -16.155    -15.901    -15.544    -15.490    -15.417
 #    :          79         80         81         82         83         84         85         86
 occ. :        2.000      2.000      2.000      2.000      2.000      0.000      0.000      0.000
 eps  :       -15.317    -14.990    -14.479    -14.332    -12.513     -9.361     -7.311     -7.178
 #    :          87         88         89         90         91         92         93         94
 occ. :        0.000      0.000      0.000      0.000      0.000      0.000      0.000      0.000
 eps  :        -6.781     -6.487     -6.005     -5.726     -5.490     -5.437     -5.428     -5.354
                            1  SCC done.
 making H1...
 cpu time for H       1.49366800000000     
 solving ...
 cpu time for diag   0.211372000000000     
 
 gap (eV)           :   3.062
 Koopmans IP (eV)   :  12.402
 Eel (Eh)           :  -130.070414
 T,E(Fermi),NFOD :    300.000   -10.870  0.000000
 T,E(Fermi),NFOD :    300.000   -10.870  0.000000
 Nfod               :  0.0000
 Nfod/Nel           :  0.0000

          eigenvalues
 #    :          71         72         73         74         75         76         77         78
 occ. :        2.000      2.000      2.000      2.000      2.000      2.000      2.000      2.000
 eps  :       -17.077    -16.526    -15.648    -15.629    -15.523    -15.509    -15.396    -14.689
 #    :          79         80         81         82         83         84         85         86
 occ. :        2.000      2.000      2.000      2.000      2.000      0.000      0.000      0.000
 eps  :       -14.549    -14.376    -14.329    -14.323    -12.403     -9.340     -7.250     -6.966
 #    :          87         88         89         90         91         92         93         94
 occ. :        0.000      0.000      0.000      0.000      0.000      0.000      0.000      0.000
 eps  :        -6.706     -6.357     -6.017     -5.942     -5.516     -5.446     -5.344     -5.192
                            2  SCC done.
 
 
 Mulliken/CM5 charges    n(s)   n(p)   n(d)   
    1 O  -0.2736 -0.3164   1.622  4.651  0.000
    2 C   0.1929  0.2941   1.175  2.632  0.000
    3 C   0.0036  0.0068   1.171  2.826  0.000
    4 C  -0.0137 -0.0655   1.148  2.866  0.000
    5 C  -0.0114 -0.0675   1.133  2.879  0.000
    6 C  -0.0288 -0.0806   1.147  2.882  0.000
    7 C   0.0104  0.0093   1.170  2.819  0.000
    8 C   0.0568  0.1090   1.192  2.751  0.000
    9 N  -0.1322 -0.3729   1.231  3.901  0.000
   10 C   0.0448  0.1066   1.174  2.781  0.000
   11 C  -0.0605 -0.1085   1.137  2.924  0.000
   12 C  -0.0396 -0.0958   1.134  2.906  0.000
   13 C  -0.0461 -0.1024   1.134  2.912  0.000
   14 C  -0.0411 -0.0924   1.134  2.907  0.000
   15 C  -0.0056  0.0075   1.164  2.841  0.000
   16 S  -0.0050 -0.0370   1.886  4.084  0.035
   17 C  -0.0056  0.0075   1.164  2.841  0.000
   18 C  -0.0410 -0.0924   1.134  2.907  0.000
   19 C  -0.0461 -0.1024   1.134  2.912  0.000
   20 C  -0.0395 -0.0957   1.134  2.906  0.000
   21 C  -0.0605 -0.1085   1.137  2.924  0.000
   22 C   0.0448  0.1065   1.174  2.781  0.000
   23 C  -0.0095 -0.0577   1.135  2.874  0.000
   24 C  -0.0103 -0.0618   1.147  2.863  0.000
   25 C   0.0028  0.0060   1.170  2.827  0.000
   26 C  -0.0051 -0.0036   1.175  2.830  0.000
   27 C   0.1936  0.2949   1.174  2.632  0.000
   28 O  -0.2746 -0.3174   1.622  4.652  0.000
   29 N  -0.1304 -0.3590   1.281  3.850  0.000
   30 C   0.0655  0.1189   1.175  2.760  0.000
   31 C  -0.0242 -0.0718   1.136  2.888  0.000
   32 C  -0.0285 -0.0846   1.135  2.893  0.000
   33 C  -0.0342 -0.0906   1.134  2.900  0.000
   34 C  -0.0286 -0.0846   1.135  2.893  0.000
   35 C  -0.0243 -0.0718   1.136  2.888  0.000
   36 H   0.0546  0.1160   0.945  0.000  0.000
   37 H   0.0474  0.1041   0.953  0.000  0.000
   38 H   0.0505  0.1135   0.949  0.000  0.000
   39 H   0.0398  0.1040   0.960  0.000  0.000
   40 H   0.0439  0.1006   0.956  0.000  0.000
   41 H   0.0431  0.0997   0.957  0.000  0.000
   42 H   0.0448  0.1034   0.955  0.000  0.000
   43 H   0.0448  0.1034   0.955  0.000  0.000
   44 H   0.0431  0.0997   0.957  0.000  0.000
   45 H   0.0439  0.1006   0.956  0.000  0.000
   46 H   0.0398  0.1040   0.960  0.000  0.000
   47 H   0.0490  0.1097   0.951  0.000  0.000
   48 H   0.0610  0.1224   0.939  0.000  0.000
   49 H   0.0387  0.1006   0.961  0.000  0.000
   50 H   0.0415  0.0981   0.958  0.000  0.000
   51 H   0.0387  0.0952   0.961  0.000  0.000
   52 H   0.0415  0.0981   0.958  0.000  0.000
   53 H   0.0386  0.1005   0.961  0.000  0.000
 Hirshfeld charges for QMDFF written to <charges>
 
 Loewdin charges    n(s)   n(p)   n(d)
    1 O  -0.2602   1.592  4.668  0.000
    2 C   0.1730   1.147  2.680  0.000
    3 C  -0.0005   1.131  2.870  0.000
    4 C  -0.0046   1.093  2.912  0.000
    5 C  -0.0045   1.078  2.926  0.000
    6 C  -0.0210   1.093  2.928  0.000
    7 C   0.0104   1.129  2.861  0.000
    8 C   0.0560   1.156  2.788  0.000
    9 N  -0.0955   1.191  3.904  0.000
   10 C   0.0387   1.139  2.823  0.000
   11 C  -0.0588   1.085  2.974  0.000
   12 C  -0.0317   1.079  2.953  0.000
   13 C  -0.0396   1.079  2.960  0.000
   14 C  -0.0366   1.081  2.955  0.000
   15 C   0.0174   1.118  2.864  0.000
   16 S  -0.0439   1.873  4.084  0.086
   17 C   0.0174   1.118  2.864  0.000
   18 C  -0.0366   1.081  2.955  0.000
   19 C  -0.0396   1.079  2.960  0.000
   20 C  -0.0317   1.079  2.953  0.000
   21 C  -0.0588   1.085  2.974  0.000
   22 C   0.0386   1.139  2.823  0.000
   23 C  -0.0072   1.083  2.925  0.000
   24 C   0.0001   1.092  2.908  0.000
   25 C  -0.0018   1.130  2.872  0.000
   26 C  -0.0019   1.132  2.870  0.000
   27 C   0.1737   1.146  2.680  0.000
   28 O  -0.2612   1.592  4.669  0.000
   29 N  -0.0935   1.242  3.852  0.000
   30 C   0.0627   1.138  2.800  0.000
   31 C  -0.0218   1.084  2.938  0.000
   32 C  -0.0201   1.080  2.940  0.000
   33 C  -0.0275   1.080  2.948  0.000
   34 C  -0.0202   1.080  2.940  0.000
   35 C  -0.0219   1.084  2.938  0.000
   36 H   0.0438   0.956  0.000  0.000
   37 H   0.0387   0.961  0.000  0.000
   38 H   0.0408   0.959  0.000  0.000
   39 H   0.0322   0.968  0.000  0.000
   40 H   0.0361   0.964  0.000  0.000
   41 H   0.0354   0.965  0.000  0.000
   42 H   0.0365   0.963  0.000  0.000
   43 H   0.0365   0.963  0.000  0.000
   44 H   0.0354   0.965  0.000  0.000
   45 H   0.0361   0.964  0.000  0.000
   46 H   0.0322   0.968  0.000  0.000
   47 H   0.0395   0.960  0.000  0.000
   48 H   0.0496   0.950  0.000  0.000
   49 H   0.0305   0.970  0.000  0.000
   50 H   0.0337   0.966  0.000  0.000
   51 H   0.0314   0.969  0.000  0.000
   52 H   0.0337   0.966  0.000  0.000
   53 H   0.0304   0.970  0.000  0.000
 
 Wiberg/Mayer (AO) data. WBOs > 0.1 written file <wbo>
 largest (>0.05) Wiberg bond orders for each atom
           total WBO             WBO to atom ...
     1  O   2.122    C    2 1.772    N   29 0.155    C    3 0.054
     2  C   3.911    O    1 1.772    N   29 1.033    C    3 1.002
     3  C   3.953    C    4 1.449    C   26 1.222    C    2 1.002    C    6 0.103    O    1 0.054
     4  C   3.959    C    3 1.449    C    5 1.338    H   36 0.944    C    7 0.063
     5  C   3.972    C    6 1.529    C    4 1.338    H   37 0.943    C   26 0.060
     6  C   3.965    C    5 1.529    C    7 1.262    H   38 0.943    C    3 0.103
     7  C   3.953    C    6 1.262    C   26 1.223    C    8 1.208    C    4 0.063    C   24 0.060
     8  C   3.921    C   23 1.495    C    7 1.208    N    9 0.949    C   25 0.103
     9  N   3.330    C   10 1.010    C   22 1.010    C    8 0.949
    10  C   3.933    C   11 1.375    C   15 1.328    N    9 1.010    C   13 0.099
    11  C   3.967    C   12 1.429    C   10 1.375    H   39 0.941    C   14 0.101
    12  C   3.972    C   11 1.429    C   13 1.428    H   40 0.944    C   15 0.098
    13  C   3.970    C   12 1.428    C   14 1.422    H   41 0.944    C   10 0.099
    14  C   3.968    C   13 1.422    C   15 1.402    H   42 0.944    C   11 0.101
    15  C   3.949    C   14 1.402    C   10 1.328    S   16 1.009    C   12 0.098
    16  S   2.303    C   15 1.009    C   17 1.009
    17  C   3.949    C   18 1.402    C   22 1.328    S   16 1.009    C   20 0.098
    18  C   3.968    C   19 1.422    C   17 1.402    H   43 0.944    C   21 0.101
    19  C   3.970    C   20 1.428    C   18 1.422    H   44 0.944    C   22 0.099
    20  C   3.972    C   21 1.429    C   19 1.428    H   45 0.944    C   17 0.098
    21  C   3.967    C   20 1.429    C   22 1.375    H   46 0.941    C   18 0.101
    22  C   3.933    C   21 1.375    C   17 1.328    N    9 1.010    C   19 0.099
    23  C   3.967    C    8 1.495    C   24 1.339    H   47 0.943    C   26 0.058
    24  C   3.958    C   25 1.449    C   23 1.339    H   48 0.941    C    7 0.060
    25  C   3.953    C   24 1.449    C   26 1.220    C   27 1.003    C    8 0.103    O   28 0.054
    26  C   3.956    C    7 1.223    C    3 1.222    C   25 1.220    C    5 0.060    C   23 0.058
    27  C   3.912    O   28 1.770    N   29 1.035    C   25 1.003
    28  O   2.121    C   27 1.770    N   29 0.156    C   25 0.054
    29  N   3.480    C   27 1.035    C    2 1.033    C   30 0.931    O   28 0.156    O    1 0.155
    30  C   3.925    C   31 1.399    C   35 1.399    N   29 0.931    C   33 0.110
    31  C   3.972    C   32 1.431    C   30 1.399    H   49 0.947    C   34 0.112
    32  C   3.974    C   31 1.431    C   33 1.431    H   50 0.945    C   35 0.112
    33  C   3.975    C   32 1.431    C   34 1.431    H   51 0.946    C   30 0.110
    34  C   3.974    C   35 1.431    C   33 1.431    H   52 0.945    C   31 0.112
    35  C   3.972    C   34 1.431    C   30 1.399    H   53 0.947    C   32 0.112
    36  H   0.993    C    4 0.944
    37  H   0.993    C    5 0.943
    38  H   0.993    C    6 0.943
    39  H   0.998    C   11 0.941
    40  H   0.995    C   12 0.944
    41  H   0.997    C   13 0.944
    42  H   0.997    C   14 0.944
    43  H   0.997    C   18 0.944
    44  H   0.997    C   19 0.944
    45  H   0.995    C   20 0.944
    46  H   0.998    C   21 0.941
    47  H   0.993    C   23 0.943
    48  H   0.992    C   24 0.941
    49  H   0.998    C   31 0.947
    50  H   0.997    C   32 0.945
    51  H   0.998    C   33 0.946
    52  H   0.997    C   34 0.945
    53  H   0.999    C   35 0.947
 
 --------------------------------------------
          xTB calculation for sTDA...
 --------------------------------------------
 
 reading parameter file /home/penavora/Exe_xtb_crest/.param_stda2.xtb
 
      method parameters     
 k(s)        :  1.6000
 k(p)        :  2.1800
 k(d)        :  1.9500
 k(f)        :  2.0000
 k(R-V)      :  2.2750
 k(R-R)      :  1.7650
 Tscal       :  0.2580
 Gscal       :  1.0000
 fpol        :  1.0000
 Zcnf        :  0.3430
 Zqf         :  0.0000
 kcn         :  2.7000
 Ryd Hsplit  :  0.7000
 lshift(virt):  3.1000
 lshift(OS)  :  0.2000
 wllscaling  :  2.6000
 
 mowrcut     : 3.000
 
  Z AO/shell   Hii/eV     exponent
  1     Sun Feb 14 09:53:25 CET 2016    EN: 2.327 GAM: 0.473  GM3: 0.0000
     1s    -14.339618    1.220000
     2sp    -3.348946    0.600000
  6     Sun Feb 14 09:53:25 CET 2016    EN: 2.731 GAM: 0.422  GM3: 0.0000
     2s    -22.009312    1.565095
     2p    -13.020408    1.596905
     3sp    -3.914040    0.824500
  7     Sun Feb 14 09:53:25 CET 2016    EN: 3.573 GAM: 0.504  GM3: 0.0000
     2s    -25.722000    2.064844
     2p    -18.684912    1.801692
     3sp    -4.344791    0.921400
  8     Sun Feb 14 09:53:25 CET 2016    EN: 3.700 GAM: 0.587  GM3: 0.0000
     2s    -33.859000    2.418661
     2p    -22.175911    1.973969
     3sp    -4.259392    1.013700
 16     Sun Feb 21 16:35:57 CET 2016    EN: 1.915 GAM: 0.200  GM3: 0.0000
     3s    -17.898811    2.619580
     3p    -15.317401    1.798798
     4sp    -4.455139    0.843200
 
 Nbf   :          370
 T(el) :     0.0
 calculating S/T integrals ...
 cpu time for ints    6.43776000000000     
 Nao   :          370
 making H0...
 making H1...
 cpu time for H      8.745999999998588E-003
 solving ...
 cpu time for diag   0.376998000000000     
 
 gap (eV)           :   4.653
 Koopmans IP (eV)   :  13.245
 Eel (Eh)           :  -145.215135

          eigenvalues
 #    :          71         72         73         74         75         76         77         78
 occ. :        2.000      2.000      2.000      2.000      2.000      2.000      2.000      2.000
 eps  :       -17.722    -17.462    -17.316    -17.277    -17.111    -16.637    -16.396    -16.323
 #    :          79         80         81         82         83         84         85         86
 occ. :        2.000      2.000      2.000      2.000      2.000      0.000      0.000      0.000
 eps  :       -16.183    -15.880    -15.758    -15.211    -13.246     -8.593     -6.538     -6.269
 #    :          87         88         89         90         91         92         93         94
 occ. :        0.000      0.000      0.000      0.000      0.000      0.000      0.000      0.000
 eps  :        -6.062     -5.926     -5.782     -5.699     -5.599     -5.471     -5.334     -4.894
                            1  SCC done.
 writing mo output ...
 molden style : F
 
speedup 23.90
cpu  time for all   11.46 s
wall time for all    0.48 s
