  94
 Etot=        -137.5450668526
 C         -3.1072381800        0.8154737706       -0.0966200698
 C         -4.2844653719        1.4551121298       -0.1860173195
 C         -5.5989475513        0.8549503453       -0.1183926295
 C         -5.8200417386       -0.5105446011        0.0920866472
 C         -7.0933526316       -1.0299819461        0.1418653062
 C         -8.2084768557       -0.2046683109       -0.0218735177
 N         -9.4990128178       -0.7340197839        0.0206899319
 C        -10.5452597027        0.0074366605        0.5825671377
 C        -11.8214208804       -0.0345232404        0.0215387852
 C        -12.8524928852        0.6929842200        0.5831207181
 C        -12.6296071000        1.4775302292        1.7028818857
 C        -11.3628819815        1.5257043288        2.2616243176
 C        -10.3270868141        0.7954541298        1.7124348745
 C         -9.7523819557       -2.0084132739       -0.5008276479
 C         -9.1043903217       -2.4414046839       -1.6575108746
 C         -9.3557816968       -3.7009005959       -2.1655898449
 C        -10.2591057876       -4.5435919772       -1.5387143095
 C        -10.9093154161       -4.1162585857       -0.3925662753
 C        -10.6584943653       -2.8618078639        0.1282550751
 C         -8.0019176226        1.1604474836       -0.2292100876
 C         -6.7250365121        1.6722572315       -0.2724721314
 C         -1.7919650321        1.4155266411       -0.1743709386
 C         -1.5723223265        2.7862374815       -0.3436021577
 C         -0.2954778708        3.2985363107       -0.4150034876
 C          0.8215081099        2.4673050188       -0.3281639631
 C          2.1795361569        3.0135100448       -0.4163022545
 C          3.1761872544        2.3370083649       -1.1205231462
 C          4.4547686227        2.8442225948       -1.2047381925
 C          4.7888174979        4.0469913648       -0.5807563642
 C          6.1266952229        4.6214252468       -0.6798129566
 C          7.2918965416        3.9657218393       -0.6731242000
 C          7.5072610304        2.5448871687       -0.4218786280
 C          6.7710636577        1.8400563570        0.5320425620
 C          7.0136531937        0.5054119581        0.7718208006
 C          8.0075561231       -0.1736957415        0.0647729321
 N          8.2525691309       -1.5300196816        0.3023009633
 C          8.1749825568       -2.0377413888        1.6036553398
 C          8.6014027813       -1.2712366055        2.6882851299
 C          8.5208602621       -1.7754101185        3.9715671382
 C          8.0247842244       -3.0491929912        4.1960490014
 C          7.6031533612       -3.8160374813        3.1221661783
 C          7.6712187567       -3.3175771963        1.8358739951
 C          8.5840350778       -2.3743822436       -0.7629511662
 C          7.9852633886       -2.2037741694       -2.0112603870
 C          8.3175313810       -3.0354909488       -3.0625597544
 C          9.2414503978       -4.0528212138       -2.8881949254
 C          9.8363437474       -4.2291750875       -1.6496055373
 C          9.5172799929       -3.3971757389       -0.5942954770
 C          8.7600327357        0.5287803242       -0.8768064744
 C          8.5174866221        1.8663304509       -1.1048180943
 C          3.7857653006        4.7360745490        0.1010621882
 C          2.5072682152        4.2254798772        0.1894371926
 C          0.6096477454        1.0993551888       -0.1588545817
 C         -0.6671448318        0.5884155546       -0.0801012406
 H         -3.0971304773       -0.2577711542        0.0423871722
 H         -4.2943954515        2.5276679984       -0.3300913644
 H         -4.9833641654       -1.1775399626        0.2301596686
 H         -7.2392265282       -2.0864094727        0.3152475938
 H        -11.9953845759       -0.6383152823       -0.8571860900
 H        -13.8356375402        0.6532500727        0.1374950682
 H        -13.4372825942        2.0469488950        2.1371297712
 H        -11.1810984432        2.1300011624        3.1382834026
 H         -9.3426746501        0.8260681400        2.1561968111
 H         -8.4075470014       -1.7820649539       -2.1541009909
 H         -8.8485940143       -4.0230635916       -3.0632077719
 H        -10.4551838511       -5.5260073815       -1.9406541023
 H        -11.6117115706       -4.7682097140        0.1057509669
 H        -11.1596220272       -2.5344397219        1.0275186536
 H         -8.8530194404        1.8122191262       -0.3631894121
 H         -6.5882439539        2.7312633070       -0.4412538914
 H         -2.4108699087        3.4609233619       -0.4234864800
 H         -0.1558560765        4.3595435395       -0.5652464092
 H          2.9339888395        1.4154389541       -1.6298048976
 H          5.2063804560        2.3163195685       -1.7726172474
 H          6.1466479134        5.6998758620       -0.7871870355
 H          8.1980706293        4.5316401549       -0.8571605709
 H          6.0037815399        2.3505776327        1.0941420118
 H          6.4323041104       -0.0253925265        1.5115876020
 H          8.9985921979       -0.2816144735        2.5155307303
 H          8.8568528064       -1.1717328144        4.8019362941
 H          7.9672096955       -3.4412310829        5.2001258671
 H          7.2095842731       -4.8082894586        3.2877186223
 H          7.3322009672       -3.9142580555        1.0015910120
 H          7.2567395959       -1.4177751205       -2.1469967949
 H          7.8443104610       -2.8934922643       -4.0231795216
 H          9.4959911425       -4.7031995400       -3.7112371916
 H         10.5622795360       -5.0160047375       -1.5055952794
 H          9.9907988088       -3.5306361787        0.3674358841
 H          9.5426596864        0.0183442885       -1.4192066850
 H          9.1141024228        2.3982670768       -1.8325857561
 H          4.0227615436        5.6750726850        0.5820730340
 H          1.7549702233        4.7622216195        0.7492747485
 H          1.4583398960        0.4368792574       -0.0667654726
 H         -0.8061817953       -0.4751302051        0.0581062360
  94
 Etot=        -137.5450668851
 C         -3.1072271224        0.8154709587       -0.0966296796
 C         -4.2844709207        1.4551314866       -0.1860080530
 C         -5.5989499703        0.8549426529       -0.1183890195
 C         -5.8200414310       -0.5105386502        0.0920937178
 C         -7.0933584884       -1.0299852035        0.1418692770
 C         -8.2084794108       -0.2046709007       -0.0218766356
 N         -9.4990119664       -0.7340337307        0.0207104709
 C        -10.5452566206        0.0074350746        0.5825704931
 C        -11.8214225974       -0.0345304884        0.0215437358
 C        -12.8524928625        0.6929839876        0.5831279366
 C        -12.6296009040        1.4775343322        1.7028799766
 C        -11.3628751856        1.5257152076        2.2616198265
 C        -10.3270841148        0.7954532138        1.7124262029
 C         -9.7523860876       -2.0084136151       -0.5008310095
 C         -9.1043934554       -2.4414084811       -1.6575079909
 C         -9.3557821058       -3.7009021487       -2.1655903815
 C        -10.2591137048       -4.5435940938       -1.5387128192
 C        -10.9093195630       -4.1162554416       -0.3925694296
 C        -10.6584949712       -2.8618097359        0.1282536554
 C         -8.0019227764        1.1604402352       -0.2292188435
 C         -6.7250437892        1.6722649555       -0.2724828287
 C         -1.7919680006        1.4155316284       -0.1743639273
 C         -1.5723224331        2.7862376548       -0.3436056580
 C         -0.2954698699        3.2985367047       -0.4150146714
 C          0.8215085650        2.4673001232       -0.3281668716
 C          2.1795406798        3.0135118751       -0.4163043283
 C          3.1761791787        2.3370016003       -1.1205245266
 C          4.4547773344        2.8442197389       -1.2047417352
 C          4.7888148000        4.0469910141       -0.5807590447
 C          6.1267034888        4.6214323487       -0.6798140551
 C          7.2919005509        3.9657187054       -0.6731168343
 C          7.5072631488        2.5448956667       -0.4218748892
 C          6.7710681873        1.8400526903        0.5320517928
 C          7.0136575791        0.5054163704        0.7718207178
 C          8.0075573181       -0.1736980121        0.0647767317
 N          8.2525379026       -1.5300264402        0.3022966404
 C          8.1749862567       -2.0377470085        1.6036475054
 C          8.6013988590       -1.2712386442        2.6882841230
 C          8.5208596281       -1.7754197650        3.9715638399
 C          8.0247914171       -3.0491985053        4.1960434931
 C          7.6031410460       -3.8160400837        3.1221590714
 C          7.6712151682       -3.3175716594        1.8358716155
 C          8.5840355866       -2.3743761047       -0.7629550744
 C          7.9852672135       -2.2037774098       -2.0112506513
 C          8.3175231331       -3.0354963793       -3.0625575285
 C          9.2414586366       -4.0528174815       -2.8881843228
 C          9.8363572682       -4.2291577624       -1.6496137369
 C          9.5172873222       -3.3971701327       -0.5942912612
 C          8.7600300489        0.5287860224       -0.8768081709
 C          8.5174887919        1.8663260919       -1.1048180607
 C          3.7857696619        4.7360773725        0.1010632130
 C          2.5072620499        4.2254681056        0.1894376111
 C          0.6096508107        1.0993596089       -0.1588528719
 C         -0.6671467860        0.5884128127       -0.0800971481
 H         -3.0971356924       -0.2577651892        0.0423790527
 H         -4.2943971379        2.5276673917       -0.3300852462
 H         -4.9833645005       -1.1775390129        0.2301657936
 H         -7.2392226585       -2.0864065282        0.3152510245
 H        -11.9953868228       -0.6383163055       -0.8571768967
 H        -13.8356342410        0.6532534775        0.1374979433
 H        -13.4372745475        2.0469568861        2.1371267900
 H        -11.1810910499        2.1300025019        3.1382783183
 H         -9.3426702636        0.8260647121        2.1561986063
 H         -8.4075496799       -1.7820681621       -2.1541011828
 H         -8.8486044488       -4.0230628140       -3.0632064235
 H        -10.4551915117       -5.5260053868       -1.9406566254
 H        -11.6117130978       -4.7682124581        0.1057530209
 H        -11.1596177322       -2.5344440058        1.0275202279
 H         -8.8530215235        1.8122152160       -0.3631967396
 H         -6.5882492674        2.7312568571       -0.4412592323
 H         -2.4108719556        3.4609265525       -0.4235002617
 H         -0.1558526029        4.3595437555       -0.5652573073
 H          2.9339951014        1.4154356776       -1.6298052506
 H          5.2063810537        2.3163170283       -1.7726162507
 H          6.1466437622        5.6998741645       -0.7871861541
 H          8.1980741060        4.5316476196       -0.8571572688
 H          6.0037842626        2.3505831882        1.0941429372
 H          6.4323046627       -0.0253920613        1.5115891551
 H          8.9985935416       -0.2816246301        2.5155300434
 H          8.8568551215       -1.1717441429        4.8019299431
 H          7.9672069324       -3.4412358574        5.2001136030
 H          7.2095804509       -4.8082849932        3.2877126539
 H          7.3321942102       -3.9142522630        1.0015908955
 H          7.2567455520       -1.4177781053       -2.1469995703
 H          7.8443227977       -2.8934927046       -4.0231725260
 H          9.4959947405       -4.7031914065       -3.7112261413
 H         10.5622787610       -5.0159975209       -1.5055877866
 H          9.9907942399       -3.5306286859        0.3674326352
 H          9.5426599951        0.0183457912       -1.4192028611
 H          9.1141052002        2.3982702435       -1.8325791169
 H          4.0227602093        5.6750716233        0.5820720742
 H          1.7549689901        4.7622205903        0.7492717466
 H          1.4583383182        0.4368746107       -0.0667590650
 H         -0.8061862513       -0.4751296093        0.0581135053
