 
        ______________________________________
       |                                      |
       |          ===================         |
       |             xTB for sTDA             |
       |          ===================         |
       |               S. Grimme              |
       |        Universitaet Bonn, MCTC       |
       |         2015-19, Version 1.0         |
       |     Wed Apr  3 09:14:55 CEST 2019    |
       |______________________________________|
 
        This code comes without any warranty
        for non-commercial, academia use only.
        Preliminary test version.
        Cite this work as:
        S. Grimme  &  C. Bannwarth, JCP 145 (2016) 054103
        if GBSA is used additionally:
        P. Shushkov, F. März, C. Bannwarth, S. Grimme, unpublished.
 
        with help from
        P. Shushkov, G. Brandenburg, S. Dohm, J. Pisarek,
        F. März, M. Checinski, S. Ehrlich, S. Spicher, 
        P. Pracht, E. Caldeweyher, S. Ehlert, and C. Bannwarth.
 
        usage        :
        xtb4stda <coord_file> [options]
        where <coord_file> is a valid file of TM)
        (*coord, Bohr) or xmol (*xyz, Angstroem)
        format.

        options:
        -chrg <int>   : molecular charge
        -uhf  <int>   : # of unpaired electrons(=2*S)
        -nox          : skip second, extended part in sTDA-xTB
        -pop          : do population analysis
                      : (default for -nox)
        -mowr <real>  : cut MO write above (def.3 Eh)
        -molden       : write formatted molden file
        -parx <file>  : read parameters for sTDA-xTB
                        calc (def:~/.param_stda2.xtb)
        -parv <file>  : read parameters for vTB part in
                        sTDA-xTB (def: ~/.param_stda1.xtb)
        -xtemp <real> : el. temp for xTB (def. 0 K)
        -etemp <real> : el. temp for GFN (def. 300 K)
        -fod          : calculate the FOD and write
                        molden.input file with
                        appropriate occupations
                        for plotting. Def. T=12500 K
 
        -acc <real>   : xTB accuracy (def. 1.0)
        -gbsa [string1] [string2]
                        use GBSA implicit solvent
                        for solvent [string1] and
                        solvation state [string2]=
                        reference, bar1M (default=1M)
        additional GFN/opt/MD/siman options read from
        $XTB4STDAHOME/.xtb4stdarc or $set in input
 
       spin and charge state information can be on:
       <.CHRG> (charge) and <.UHF> (=nalpha-nbeta)
       -uhf and -chrg override the file info.
       useful machine settings:
       setenv MKL_NUM_THREADS <NCORE_ON_YOUR_MACHINE>
       setenv OMP_STACKSIZE 500m
       limit stacksize unlimited
 
       total energies in Eh, gaps/HL energies in eV
       please read REVISION and HOWTO files carefully
 =============================
  # OMP threads =          48
 =============================
 
 xtb4stdahome directory:/home/penavora/Exe_xtb_crest/
 
 
 name of molecule           :
 comment line               :
 number of atoms            :   102
 number of electrons        :   266
 charge                     :  0
 spin                       : 0.0
 first test random number   :  0.9791
 
 -----------------------------------------
      charge density (VTB) calculation
 -----------------------------------------
 
      method parameters     
 k(s)        :  1.8000
 k(p)        :  2.8350
 k(d)        :  2.0860
 k(f)        :  2.0000
 Tscal       :  0.3300
 Gscal       :  0.3910
 fpol        :  1.0000
 Zcnf        :  0.6500
 Zqf         :  0.0000
 kcn         :  0.3000
 kEN1        : -0.5900
 wllscal     :  2.6000
 
     -------------------------
     ! NO SOLVENT MODEL USED !
     -------------------------
 
 doing EN charges ...
 sum q :  0.1110223D-14
 point charge moment (au)
     X       Y       Z   
   0.0111   0.0397   0.0521  total (Debye):    0.169
 
            Z      q(EN)   CN      Cart. coordinates
     1  C   4.0  -0.252   4.051   -11.45462   -10.17026     0.89145
     2  C   4.0   0.010   3.144    -9.88372    -7.84365     0.51633
     3  C   4.0  -0.075   3.225    -7.83002    -7.31643     2.04788
     4  C   4.0   0.014   3.190    -6.36785    -5.16469     1.72165
     5  C   4.0  -0.251   4.070    -4.23914    -4.71512     3.54283
     6  C   4.0   0.083   3.322    -6.94806    -3.48925    -0.25076
     7  N   5.0  -0.310   3.256    -5.47870    -1.30585    -0.64399
     8  C   4.0   0.093   3.289    -2.85917    -1.46602    -0.68979
     9  C   4.0  -0.068   3.194    -1.61649    -3.64160    -1.51922
    10  C   4.0  -0.066   3.190     0.98682    -3.74083    -1.53858
    11  C   4.0   0.093   3.320     2.42170    -1.68219    -0.73817
    12  C   4.0   0.010   3.342     1.19855     0.52438     0.03439
    13  C   4.0  -0.067   3.257    -1.40970     0.59412     0.08478
    14  C   4.0  -0.053   4.265     2.76623     2.75179     0.92501
    15  C   4.0   0.005   3.282     3.51519     2.40218     3.69213
    16  C   4.0  -0.073   3.196     5.17668     4.10653     4.80727
    17  C   4.0  -0.072   3.146     5.91780     3.82103     7.29520
    18  C   4.0  -0.073   3.144     5.01720     1.81663     8.71611
    19  C   4.0  -0.072   3.147     3.36028     0.11519     7.62670
    20  C   4.0  -0.072   3.193     2.61202     0.40710     5.13656
    21  C   4.0   0.004   3.285     1.21489     5.13021     0.51401
    22  C   4.0  -0.072   3.202     0.80962     5.96135    -1.94797
    23  C   4.0  -0.072   3.148    -0.75402     7.99545    -2.43133
    24  C   4.0  -0.074   3.147    -1.95560     9.22516    -0.45884
    25  C   4.0  -0.073   3.148    -1.56557     8.41214     1.99386
    26  C   4.0  -0.072   3.190     0.00684     6.37701     2.47945
    27  C   4.0   0.011   3.335     5.21445     2.81323    -0.57342
    28  C   4.0  -0.070   3.191     6.48877     5.04703    -1.07240
    29  C   4.0  -0.071   3.145     8.84201     4.99981    -2.20471
    30  C   4.0  -0.071   3.181     9.93504     2.72393    -2.89307
    31  C   4.0   0.011   3.313     8.67473     0.46470    -2.50314
    32  C   4.0   0.093   3.395     6.31466     0.53365    -1.31275
    33  N   5.0  -0.323   3.284     5.05173    -1.72581    -0.86135
    34  C   4.0   0.093   3.330     6.50268    -3.85921    -0.37146
    35  C   4.0  -0.068   3.191     5.67248    -5.68366     1.33374
    36  C   4.0  -0.072   3.145     7.19348    -7.71964     1.91689
    37  C   4.0  -0.073   3.144     9.56968    -7.91970     0.84371
    38  C   4.0  -0.071   3.182    10.40835    -6.09086    -0.83034
    39  C   4.0   0.009   3.314     8.89725    -4.05485    -1.48235
    40  C   4.0  -0.031   4.147     9.61134    -2.08117    -3.43564
    41  C   4.0  -0.244   4.098    12.43881    -2.07246    -4.02526
    42  C   4.0  -0.243   4.116     8.16357    -2.70323    -5.89175
    43  C   4.0   0.081   3.334    -6.59876     1.10497    -0.88655
    44  C   4.0   0.014   3.186    -8.36015     1.96470     0.89833
    45  C   4.0  -0.252   4.067    -9.16918     0.36984     3.09730
    46  C   4.0  -0.075   3.226    -9.35195     4.37562     0.65217
    47  C   4.0   0.010   3.146    -8.63508     5.98395    -1.28933
    48  C   4.0  -0.252   4.052    -9.67883     8.61209    -1.44109
    49  C   4.0  -0.075   3.227    -6.91922     5.09377    -3.05139
    50  C   4.0   0.014   3.195    -5.90798     2.68163    -2.90299
    51  C   4.0  -0.252   4.072    -4.09950     1.86449    -4.92731
    52  C   4.0   0.014   3.188    -9.02584    -3.99664    -1.82189
    53  C   4.0  -0.252   4.068    -9.72814    -2.28935    -3.97237
    54  C   4.0  -0.075   3.225   -10.45699    -6.14635    -1.39816
    55  H   1.0   0.081   0.999   -13.43991    -9.67326     1.11064
    56  H   1.0   0.080   0.999   -11.29553   -11.41153    -0.74432
    57  H   1.0   0.082   1.000   -10.84677   -11.20673     2.55767
    58  H   1.0   0.075   1.006    -7.35876    -8.59865     3.56731
    59  H   1.0   0.081   1.000    -2.49987    -5.58296     2.85572
    60  H   1.0   0.081   1.000    -4.69377    -5.55423     5.36506
    61  H   1.0   0.083   1.001    -3.87068    -2.71107     3.81159
    62  H   1.0   0.076   1.006    -2.70505    -5.24252    -2.16618
    63  H   1.0   0.076   1.006     1.93540    -5.42183    -2.20296
    64  H   1.0   0.079   1.010    -2.36185     2.26537     0.76335
    65  H   1.0   0.076   1.007     5.89667     5.67430     3.71909
    66  H   1.0   0.074   1.004     7.20730     5.16767     8.12710
    67  H   1.0   0.074   1.004     5.60187     1.58659    10.65801
    68  H   1.0   0.074   1.004     2.63877    -1.45322     8.71702
    69  H   1.0   0.077   1.008     1.30375    -0.93366     4.32767
    70  H   1.0   0.076   1.006     1.73488     4.99702    -3.49417
    71  H   1.0   0.074   1.004    -1.04532     8.61494    -4.35464
    72  H   1.0   0.074   1.004    -3.19252    10.80398    -0.83485
    73  H   1.0   0.074   1.004    -2.50043     9.35432     3.54528
    74  H   1.0   0.076   1.007     0.27451     5.74432     4.40188
    75  H   1.0   0.076   1.007     5.64419     6.83383    -0.56118
    76  H   1.0   0.074   1.004     9.83400     6.74759    -2.55697
    77  H   1.0   0.076   1.006    11.77199     2.74654    -3.77187
    78  H   1.0   0.076   1.006     3.84454    -5.47380     2.21527
    79  H   1.0   0.074   1.004     6.53465    -9.13372     3.23266
    80  H   1.0   0.074   1.004    10.77528    -9.49962     1.30516
    81  H   1.0   0.076   1.006    12.26792    -6.29104    -1.63778
    82  H   1.0   0.082   0.999    13.53740    -1.63272    -2.34445
    83  H   1.0   0.083   1.000    13.02120    -3.90449    -4.74881
    84  H   1.0   0.083   1.000    12.85874    -0.68722    -5.48241
    85  H   1.0   0.083   0.999     8.72579    -4.55375    -6.59055
    86  H   1.0   0.083   0.999     8.57882    -1.29387    -7.33047
    87  H   1.0   0.084   1.001     6.13485    -2.71940    -5.56594
    88  H   1.0   0.082   1.001   -10.36679    -1.18942     2.48480
    89  H   1.0   0.083   1.001    -7.54066    -0.43019     4.06167
    90  H   1.0   0.082   1.000   -10.22836     1.50750     4.44188
    91  H   1.0   0.075   1.006   -10.70095     5.03309     2.03888
    92  H   1.0   0.081   0.999   -11.72466     8.59833    -1.22337
    93  H   1.0   0.080   0.999    -8.89252     9.77128     0.06964
    94  H   1.0   0.082   1.000    -9.20892     9.48535    -3.24025
    95  H   1.0   0.076   1.006    -6.35326     6.29884    -4.60006
    96  H   1.0   0.082   1.001    -2.18019     2.43050    -4.43727
    97  H   1.0   0.083   1.001    -4.10156    -0.17362    -5.18688
    98  H   1.0   0.082   1.000    -4.59553     2.76274    -6.70995
    99  H   1.0   0.082   1.000   -11.08740    -3.22362    -5.19876
   100  H   1.0   0.083   1.001    -8.07501    -1.79368    -5.08689
   101  H   1.0   0.082   1.001   -10.57180    -0.53993    -3.28757
   102  H   1.0   0.075   1.006   -12.05613    -6.52387    -2.61265
 
  Z AO/shell   Hii/eV     exponent
  1     Sat Feb 20 21:38:01 CET 2016    EN: 2.327 GAM: 0.473  GM3: 0.0000
     1s    -13.751157    1.051071
  6     Sat Feb 20 21:38:01 CET 2016    EN: 2.731 GAM: 0.422  GM3: 0.0000
     2s    -19.378245    2.021003
     2p    -11.993376    1.497917
  7     Sat Feb 20 21:38:01 CET 2016    EN: 3.573 GAM: 0.504  GM3: 0.0000
     2s    -21.576984    2.275442
     2p    -16.125120    2.056788
 
 dipole moment of classical point charges (au)
     X       Y       Z   
   0.0111   0.0397   0.0521  total (Debye):    0.169

 
 Nbf   :          264
 T(el) :   300.0
 calculating S/T integrals ...
 cpu time for ints    2.21070900000000     
 Nao   :          264
 making H0...
 making H1...
 cpu time for H      0.118635000000000     
 solving ...
 cpu time for diag   0.917064000000000     
 
 gap (eV)           :   4.751
 Koopmans IP (eV)   :  12.546
 Eel (Eh)           :  -207.013447
 T,E(Fermi),NFOD :    300.000   -10.171  0.000000
 T,E(Fermi),NFOD :    300.000   -10.171  0.000000
 Nfod               :  0.0000
 Nfod/Nel           :  0.0000

          eigenvalues
 #    :         121        122        123        124        125        126        127        128
 occ. :        2.000      2.000      2.000      2.000      2.000      2.000      2.000      2.000
 eps  :       -15.543    -15.476    -15.407    -15.367    -15.142    -15.088    -15.043    -14.999
 #    :         129        130        131        132        133        134        135        136
 occ. :        2.000      2.000      2.000      2.000      2.000      0.000      0.000      0.000
 eps  :       -14.925    -14.905    -14.761    -13.490    -12.548     -7.797     -7.132     -6.384
 #    :         137        138        139        140        141        142        143        144
 occ. :        0.000      0.000      0.000      0.000      0.000      0.000      0.000      0.000
 eps  :        -6.338     -6.140     -5.842     -5.599     -5.575     -5.485     -5.433     -5.381
                            1  SCC done.
 making H1...
 cpu time for H       1.07754400000000     
 solving ...
 cpu time for diag   0.550782000000000     
 
 gap (eV)           :   4.542
 Koopmans IP (eV)   :  12.236
 Eel (Eh)           :  -205.872815
 T,E(Fermi),NFOD :    300.000    -9.965  0.000000
 T,E(Fermi),NFOD :    300.000    -9.965  0.000000
 Nfod               :  0.0000
 Nfod/Nel           :  0.0000

          eigenvalues
 #    :         121        122        123        124        125        126        127        128
 occ. :        2.000      2.000      2.000      2.000      2.000      2.000      2.000      2.000
 eps  :       -15.403    -15.334    -15.258    -15.197    -15.000    -14.933    -14.877    -14.816
 #    :         129        130        131        132        133        134        135        136
 occ. :        2.000      2.000      2.000      2.000      2.000      0.000      0.000      0.000
 eps  :       -14.714    -14.668    -14.565    -13.187    -12.237     -7.695     -6.991     -6.293
 #    :         137        138        139        140        141        142        143        144
 occ. :        0.000      0.000      0.000      0.000      0.000      0.000      0.000      0.000
 eps  :        -6.215     -5.999     -5.723     -5.448     -5.418     -5.356     -5.286     -5.211
                            2  SCC done.
 
 
 Mulliken/CM5 charges    n(s)   n(p)   n(d)   
    1 C  -0.0824 -0.2280   1.080  3.003  0.000
    2 C  -0.0048 -0.0229   1.178  2.827  0.000
    3 C  -0.0719 -0.1243   1.139  2.933  0.000
    4 C  -0.0029 -0.0141   1.185  2.818  0.000
    5 C  -0.0898 -0.2341   1.085  3.004  0.000
    6 C   0.0243  0.0814   1.182  2.794  0.000
    7 N  -0.1345 -0.3870   1.220  3.914  0.000
    8 C   0.0478  0.1026   1.174  2.778  0.000
    9 C  -0.0491 -0.0989   1.135  2.914  0.000
   10 C  -0.0454 -0.0945   1.136  2.910  0.000
   11 C   0.0340  0.0935   1.175  2.791  0.000
   12 C  -0.0145 -0.0158   1.189  2.826  0.000
   13 C  -0.0586 -0.1054   1.141  2.917  0.000
   14 C   0.0200  0.0168   1.212  2.768  0.000
   15 C  -0.0026 -0.0113   1.193  2.810  0.000
   16 C  -0.0424 -0.0965   1.141  2.902  0.000
   17 C  -0.0348 -0.0913   1.136  2.898  0.000
   18 C  -0.0387 -0.0951   1.135  2.903  0.000
   19 C  -0.0347 -0.0911   1.137  2.898  0.000
   20 C  -0.0433 -0.0966   1.141  2.902  0.000
   21 C  -0.0015 -0.0124   1.190  2.811  0.000
   22 C  -0.0412 -0.0962   1.142  2.900  0.000
   23 C  -0.0341 -0.0911   1.136  2.898  0.000
   24 C  -0.0378 -0.0945   1.135  2.903  0.000
   25 C  -0.0335 -0.0901   1.136  2.897  0.000
   26 C  -0.0421 -0.0964   1.141  2.901  0.000
   27 C  -0.0139 -0.0143   1.191  2.822  0.000
   28 C  -0.0444 -0.0988   1.142  2.903  0.000
   29 C  -0.0457 -0.1021   1.134  2.912  0.000
   30 C  -0.0463 -0.1007   1.139  2.907  0.000
   31 C  -0.0193 -0.0211   1.191  2.828  0.000
   32 C   0.0432  0.1077   1.185  2.771  0.000
   33 N  -0.1136 -0.3616   1.224  3.890  0.000
   34 C   0.0506  0.1111   1.180  2.769  0.000
   35 C  -0.0465 -0.0952   1.136  2.910  0.000
   36 C  -0.0369 -0.0930   1.135  2.902  0.000
   37 C  -0.0477 -0.1041   1.133  2.915  0.000
   38 C  -0.0445 -0.0988   1.139  2.905  0.000
   39 C  -0.0205 -0.0225   1.190  2.831  0.000
   40 C   0.0238  0.0047   1.224  2.752  0.000
   41 C  -0.0956 -0.2441   1.098  2.997  0.000
   42 C  -0.1004 -0.2457   1.112  2.989  0.000
   43 C   0.0247  0.0806   1.183  2.792  0.000
   44 C  -0.0001 -0.0108   1.184  2.816  0.000
   45 C  -0.0880 -0.2319   1.082  3.006  0.000
   46 C  -0.0714 -0.1237   1.139  2.933  0.000
   47 C  -0.0036 -0.0218   1.178  2.826  0.000
   48 C  -0.0826 -0.2283   1.080  3.003  0.000
   49 C  -0.0707 -0.1233   1.139  2.932  0.000
   50 C   0.0006 -0.0109   1.184  2.815  0.000
   51 C  -0.0901 -0.2346   1.085  3.006  0.000
   52 C  -0.0007 -0.0111   1.184  2.817  0.000
   53 C  -0.0880 -0.2318   1.082  3.005  0.000
   54 C  -0.0712 -0.1235   1.139  2.933  0.000
   55 H   0.0413  0.0938   0.959  0.000  0.000
   56 H   0.0418  0.0941   0.958  0.000  0.000
   57 H   0.0393  0.0922   0.961  0.000  0.000
   58 H   0.0346  0.0930   0.965  0.000  0.000
   59 H   0.0420  0.0969   0.958  0.000  0.000
   60 H   0.0372  0.0904   0.963  0.000  0.000
   61 H   0.0456  0.1044   0.954  0.000  0.000
   62 H   0.0451  0.1070   0.955  0.000  0.000
   63 H   0.0461  0.1077   0.954  0.000  0.000
   64 H   0.0473  0.1153   0.953  0.000  0.000
   65 H   0.0380  0.0984   0.962  0.000  0.000
   66 H   0.0379  0.0944   0.962  0.000  0.000
   67 H   0.0375  0.0939   0.963  0.000  0.000
   68 H   0.0380  0.0944   0.962  0.000  0.000
   69 H   0.0395  0.1014   0.960  0.000  0.000
   70 H   0.0380  0.0979   0.962  0.000  0.000
   71 H   0.0379  0.0946   0.962  0.000  0.000
   72 H   0.0375  0.0942   0.963  0.000  0.000
   73 H   0.0385  0.0950   0.961  0.000  0.000
   74 H   0.0390  0.0993   0.961  0.000  0.000
   75 H   0.0457  0.1058   0.954  0.000  0.000
   76 H   0.0419  0.0985   0.958  0.000  0.000
   77 H   0.0449  0.1038   0.955  0.000  0.000
   78 H   0.0400  0.1022   0.960  0.000  0.000
   79 H   0.0422  0.0988   0.958  0.000  0.000
   80 H   0.0393  0.0959   0.961  0.000  0.000
   81 H   0.0433  0.1023   0.957  0.000  0.000
   82 H   0.0361  0.0900   0.964  0.000  0.000
   83 H   0.0379  0.0920   0.962  0.000  0.000
   84 H   0.0378  0.0919   0.962  0.000  0.000
   85 H   0.0307  0.0844   0.969  0.000  0.000
   86 H   0.0307  0.0844   0.969  0.000  0.000
   87 H   0.0372  0.0958   0.963  0.000  0.000
   88 H   0.0442  0.1002   0.956  0.000  0.000
   89 H   0.0449  0.1021   0.955  0.000  0.000
   90 H   0.0365  0.0899   0.963  0.000  0.000
   91 H   0.0343  0.0928   0.966  0.000  0.000
   92 H   0.0409  0.0934   0.959  0.000  0.000
   93 H   0.0419  0.0943   0.958  0.000  0.000
   94 H   0.0392  0.0922   0.961  0.000  0.000
   95 H   0.0349  0.0937   0.965  0.000  0.000
   96 H   0.0448  0.1011   0.955  0.000  0.000
   97 H   0.0446  0.1035   0.955  0.000  0.000
   98 H   0.0369  0.0901   0.963  0.000  0.000
   99 H   0.0366  0.0900   0.963  0.000  0.000
  100 H   0.0449  0.1023   0.955  0.000  0.000
  101 H   0.0444  0.1004   0.956  0.000  0.000
  102 H   0.0347  0.0932   0.965  0.000  0.000
 Hirshfeld charges for QMDFF written to <charges>
 
 Loewdin charges    n(s)   n(p)   n(d)
    1 C  -0.0842   1.005  3.079  0.000
    2 C   0.0057   1.133  2.861  0.000
    3 C  -0.0719   1.088  2.984  0.000
    4 C   0.0038   1.142  2.854  0.000
    5 C  -0.0936   1.012  3.081  0.000
    6 C   0.0149   1.148  2.837  0.000
    7 N  -0.0974   1.180  3.917  0.000
    8 C   0.0450   1.138  2.817  0.000
    9 C  -0.0459   1.082  2.964  0.000
   10 C  -0.0412   1.083  2.958  0.000
   11 C   0.0270   1.140  2.833  0.000
   12 C  -0.0134   1.149  2.865  0.000
   13 C  -0.0591   1.091  2.969  0.000
   14 C   0.0254   1.171  2.803  0.000
   15 C   0.0019   1.151  2.847  0.000
   16 C  -0.0386   1.088  2.951  0.000
   17 C  -0.0269   1.082  2.945  0.000
   18 C  -0.0316   1.081  2.951  0.000
   19 C  -0.0267   1.082  2.945  0.000
   20 C  -0.0398   1.088  2.951  0.000
   21 C   0.0037   1.149  2.848  0.000
   22 C  -0.0369   1.089  2.948  0.000
   23 C  -0.0262   1.082  2.945  0.000
   24 C  -0.0308   1.081  2.950  0.000
   25 C  -0.0256   1.082  2.944  0.000
   26 C  -0.0380   1.088  2.950  0.000
   27 C  -0.0145   1.152  2.862  0.000
   28 C  -0.0392   1.088  2.951  0.000
   29 C  -0.0389   1.079  2.960  0.000
   30 C  -0.0415   1.086  2.956  0.000
   31 C  -0.0202   1.152  2.868  0.000
   32 C   0.0350   1.151  2.814  0.000
   33 N  -0.0740   1.182  3.892  0.000
   34 C   0.0454   1.144  2.810  0.000
   35 C  -0.0447   1.084  2.961  0.000
   36 C  -0.0281   1.080  2.948  0.000
   37 C  -0.0415   1.079  2.963  0.000
   38 C  -0.0393   1.086  2.953  0.000
   39 C  -0.0218   1.150  2.871  0.000
   40 C   0.0346   1.183  2.782  0.000
   41 C  -0.1006   1.027  3.073  0.000
   42 C  -0.1052   1.041  3.064  0.000
   43 C   0.0156   1.149  2.835  0.000
   44 C   0.0064   1.141  2.852  0.000
   45 C  -0.0918   1.009  3.083  0.000
   46 C  -0.0713   1.088  2.984  0.000
   47 C   0.0069   1.133  2.860  0.000
   48 C  -0.0845   1.005  3.079  0.000
   49 C  -0.0709   1.087  2.983  0.000
   50 C   0.0074   1.142  2.851  0.000
   51 C  -0.0943   1.011  3.083  0.000
   52 C   0.0059   1.141  2.853  0.000
   53 C  -0.0917   1.009  3.083  0.000
   54 C  -0.0709   1.087  2.984  0.000
   55 H   0.0404   0.960  0.000  0.000
   56 H   0.0409   0.959  0.000  0.000
   57 H   0.0386   0.961  0.000  0.000
   58 H   0.0286   0.971  0.000  0.000
   59 H   0.0414   0.959  0.000  0.000
   60 H   0.0372   0.963  0.000  0.000
   61 H   0.0449   0.955  0.000  0.000
   62 H   0.0372   0.963  0.000  0.000
   63 H   0.0380   0.962  0.000  0.000
   64 H   0.0390   0.961  0.000  0.000
   65 H   0.0307   0.969  0.000  0.000
   66 H   0.0304   0.970  0.000  0.000
   67 H   0.0302   0.970  0.000  0.000
   68 H   0.0305   0.969  0.000  0.000
   69 H   0.0319   0.968  0.000  0.000
   70 H   0.0307   0.969  0.000  0.000
   71 H   0.0305   0.969  0.000  0.000
   72 H   0.0303   0.970  0.000  0.000
   73 H   0.0310   0.969  0.000  0.000
   74 H   0.0312   0.969  0.000  0.000
   75 H   0.0383   0.962  0.000  0.000
   76 H   0.0347   0.965  0.000  0.000
   77 H   0.0380   0.962  0.000  0.000
   78 H   0.0325   0.968  0.000  0.000
   79 H   0.0346   0.965  0.000  0.000
   80 H   0.0322   0.968  0.000  0.000
   81 H   0.0364   0.964  0.000  0.000
   82 H   0.0354   0.965  0.000  0.000
   83 H   0.0384   0.962  0.000  0.000
   84 H   0.0383   0.962  0.000  0.000
   85 H   0.0309   0.969  0.000  0.000
   86 H   0.0310   0.969  0.000  0.000
   87 H   0.0363   0.964  0.000  0.000
   88 H   0.0430   0.957  0.000  0.000
   89 H   0.0441   0.956  0.000  0.000
   90 H   0.0366   0.963  0.000  0.000
   91 H   0.0283   0.972  0.000  0.000
   92 H   0.0401   0.960  0.000  0.000
   93 H   0.0410   0.959  0.000  0.000
   94 H   0.0386   0.961  0.000  0.000
   95 H   0.0289   0.971  0.000  0.000
   96 H   0.0441   0.956  0.000  0.000
   97 H   0.0439   0.956  0.000  0.000
   98 H   0.0369   0.963  0.000  0.000
   99 H   0.0367   0.963  0.000  0.000
  100 H   0.0442   0.956  0.000  0.000
  101 H   0.0432   0.957  0.000  0.000
  102 H   0.0286   0.971  0.000  0.000
 
 Wiberg/Mayer (AO) data. WBOs > 0.1 written file <wbo>
 largest (>0.05) Wiberg bond orders for each atom
           total WBO             WBO to atom ...
     1  C   3.984    C    2 0.989    H   57 0.979    H   55 0.973    H   56 0.972
     2  C   3.950    C    3 1.400    C   54 1.385    C    1 0.989    C    6 0.101
     3  C   3.969    C    4 1.401    C    2 1.400    H   58 0.941    C   52 0.100
     4  C   3.947    C    3 1.401    C    6 1.346    C    5 0.991    C   54 0.102
     5  C   3.983    C    4 0.991    H   60 0.975    H   61 0.971    H   59 0.964
     6  C   3.928    C    4 1.346    C   52 1.335    N    7 0.981    C    2 0.101
     7  N   3.310    C    8 1.018    C    6 0.981    C   43 0.974
     8  C   3.932    C   13 1.355    C    9 1.347    N    7 1.018    C   11 0.093
     9  C   3.967    C   10 1.455    C    8 1.347    H   62 0.942    C   12 0.098
    10  C   3.966    C    9 1.455    C   11 1.365    H   63 0.941    C   13 0.099
    11  C   3.925    C   10 1.365    C   12 1.330    N   33 1.002    C    8 0.093
    12  C   3.940    C   13 1.417    C   11 1.330    C   14 0.928    C    9 0.098
    13  C   3.964    C   12 1.417    C    8 1.355    H   64 0.937    C   10 0.099
    14  C   3.925    C   12 0.928    C   21 0.926    C   27 0.925    C   15 0.913
    15  C   3.944    C   20 1.401    C   16 1.390    C   14 0.913    C   18 0.111
    16  C   3.972    C   17 1.440    C   15 1.390    H   65 0.945    C   19 0.111
    17  C   3.972    C   16 1.440    C   18 1.424    H   66 0.946    C   20 0.110
    18  C   3.973    C   19 1.435    C   17 1.424    H   67 0.947    C   15 0.111
    19  C   3.973    C   18 1.435    C   20 1.428    H   68 0.946    C   16 0.111
    20  C   3.971    C   19 1.428    C   15 1.401    H   69 0.943    C   17 0.110
    21  C   3.944    C   26 1.401    C   22 1.386    C   14 0.926    C   24 0.112
    22  C   3.972    C   23 1.440    C   21 1.386    H   70 0.945    C   25 0.111
    23  C   3.973    C   22 1.440    C   24 1.423    H   71 0.946    C   26 0.109
    24  C   3.974    C   25 1.435    C   23 1.423    H   72 0.947    C   21 0.112
    25  C   3.973    C   24 1.435    C   26 1.427    H   73 0.946    C   22 0.111
    26  C   3.971    C   25 1.427    C   21 1.401    H   74 0.944    C   23 0.109
    27  C   3.938    C   28 1.397    C   32 1.343    C   14 0.925    C   30 0.103
    28  C   3.967    C   29 1.428    C   27 1.397    H   75 0.940    C   31 0.102
    29  C   3.967    C   28 1.428    C   30 1.420    H   76 0.942    C   32 0.099
    30  C   3.969    C   29 1.420    C   31 1.408    H   77 0.941    C   27 0.103
    31  C   3.939    C   30 1.408    C   32 1.330    C   40 0.939    C   28 0.102
    32  C   3.926    C   27 1.343    C   31 1.330    N   33 1.012    C   29 0.099
    33  N   3.387    C   32 1.012    C   34 1.011    C   11 1.002
    34  C   3.931    C   35 1.373    C   39 1.330    N   33 1.011    C   37 0.102
    35  C   3.968    C   36 1.442    C   34 1.373    H   78 0.943    C   38 0.105
    36  C   3.972    C   35 1.442    C   37 1.422    H   79 0.944    C   39 0.104
    37  C   3.969    C   38 1.426    C   36 1.422    H   80 0.945    C   34 0.102
    38  C   3.971    C   37 1.426    C   39 1.408    H   81 0.943    C   35 0.105
    39  C   3.943    C   38 1.408    C   34 1.330    C   40 0.941    C   36 0.104
    40  C   3.922    C   41 0.973    C   42 0.947    C   39 0.941    C   31 0.939
    41  C   3.980    H   82 0.979    H   84 0.977    H   83 0.977    C   40 0.973
    42  C   3.978    H   86 0.977    H   85 0.977    H   87 0.976    C   40 0.947
    43  C   3.928    C   50 1.345    C   44 1.339    N    7 0.974    C   47 0.102
    44  C   3.947    C   46 1.412    C   43 1.339    C   45 0.991    C   49 0.100
    45  C   3.984    C   44 0.991    H   90 0.977    H   89 0.970    H   88 0.966
    46  C   3.970    C   44 1.412    C   47 1.387    H   91 0.942    C   50 0.102
    47  C   3.950    C   49 1.399    C   46 1.387    C   48 0.989    C   43 0.102
    48  C   3.984    C   47 0.989    H   94 0.979    H   92 0.974    H   93 0.971
    49  C   3.970    C   50 1.403    C   47 1.399    H   95 0.941    C   44 0.100
    50  C   3.947    C   49 1.403    C   43 1.345    C   51 0.991    C   46 0.102
    51  C   3.984    C   50 0.991    H   98 0.975    H   97 0.972    H   96 0.961
    52  C   3.947    C   54 1.415    C    6 1.335    C   53 0.991    C    3 0.100
    53  C   3.984    C   52 0.991    H   99 0.977    H  100 0.970    H  101 0.966
    54  C   3.970    C   52 1.415    C    2 1.385    H  102 0.942    C    4 0.102
    55  H   0.997    C    1 0.973
    56  H   0.997    C    1 0.972
    57  H   0.997    C    1 0.979
    58  H   0.995    C    3 0.941
    59  H   0.997    C    5 0.964
    60  H   0.997    C    5 0.975
    61  H   0.997    C    5 0.971
    62  H   0.994    C    9 0.942
    63  H   0.995    C   10 0.941
    64  H   0.997    C   13 0.937
    65  H   0.999    C   16 0.945
    66  H   0.997    C   17 0.946
    67  H   0.995    C   18 0.947
    68  H   0.997    C   19 0.946
    69  H   0.998    C   20 0.943
    70  H   0.999    C   22 0.945
    71  H   0.997    C   23 0.946
    72  H   0.995    C   24 0.947
    73  H   0.997    C   25 0.946
    74  H   0.998    C   26 0.944
    75  H   0.994    C   28 0.940
    76  H   0.994    C   29 0.942
    77  H   0.994    C   30 0.941
    78  H   0.997    C   35 0.943
    79  H   0.994    C   36 0.944
    80  H   0.996    C   37 0.945
    81  H   0.997    C   38 0.943
    82  H   0.999    C   41 0.979
    83  H   0.997    C   41 0.977
    84  H   0.997    C   41 0.977
    85  H   0.997    C   42 0.977
    86  H   0.997    C   42 0.977
    87  H   0.999    C   42 0.976
    88  H   0.997    C   45 0.966
    89  H   0.997    C   45 0.970
    90  H   0.997    C   45 0.977
    91  H   0.996    C   46 0.942
    92  H   0.997    C   48 0.974
    93  H   0.997    C   48 0.971
    94  H   0.997    C   48 0.979
    95  H   0.995    C   49 0.941
    96  H   0.997    C   51 0.961
    97  H   0.997    C   51 0.972
    98  H   0.997    C   51 0.975
    99  H   0.997    C   53 0.977
   100  H   0.997    C   53 0.970
   101  H   0.997    C   53 0.966
   102  H   0.995    C   54 0.942
 
 --------------------------------------------
          xTB calculation for sTDA...
 --------------------------------------------
 
 reading parameter file /home/penavora/Exe_xtb_crest/.param_stda2.xtb
 
      method parameters     
 k(s)        :  1.6000
 k(p)        :  2.1800
 k(d)        :  1.9500
 k(f)        :  2.0000
 k(R-V)      :  2.2750
 k(R-R)      :  1.7650
 Tscal       :  0.2580
 Gscal       :  1.0000
 fpol        :  1.0000
 Zcnf        :  0.3430
 Zqf         :  0.0000
 kcn         :  2.7000
 Ryd Hsplit  :  0.7000
 lshift(virt):  3.1000
 lshift(OS)  :  0.2000
 wllscaling  :  2.6000
 
 mowrcut     : 3.000
 
  Z AO/shell   Hii/eV     exponent
  1     Sun Feb 14 09:53:25 CET 2016    EN: 2.327 GAM: 0.473  GM3: 0.0000
     1s    -14.339618    1.220000
     2sp    -3.348946    0.600000
  6     Sun Feb 14 09:53:25 CET 2016    EN: 2.731 GAM: 0.422  GM3: 0.0000
     2s    -22.009312    1.565095
     2p    -13.020408    1.596905
     3sp    -3.914040    0.824500
  7     Sun Feb 14 09:53:25 CET 2016    EN: 3.573 GAM: 0.504  GM3: 0.0000
     2s    -25.722000    2.064844
     2p    -18.684912    1.801692
     3sp    -4.344791    0.921400
 
 Nbf   :          672
 T(el) :     0.0
 calculating S/T integrals ...
 cpu time for ints    5.57382600000000     
 Nao   :          672
 making H0...
 making H1...
 cpu time for H      1.385300000000100E-002
 solving ...
 cpu time for diag   0.943769000000000     
 
 gap (eV)           :   7.081
 Koopmans IP (eV)   :  12.945
 Eel (Eh)           :  -226.200946

          eigenvalues
 #    :         121        122        123        124        125        126        127        128
 occ. :        2.000      2.000      2.000      2.000      2.000      2.000      2.000      2.000
 eps  :       -16.068    -15.979    -15.948    -15.891    -15.834    -15.738    -15.671    -15.619
 #    :         129        130        131        132        133        134        135        136
 occ. :        2.000      2.000      2.000      2.000      2.000      0.000      0.000      0.000
 eps  :       -15.596    -15.539    -15.522    -14.043    -12.946     -5.864     -5.845     -5.792
 #    :         137        138        139        140        141        142        143        144
 occ. :        0.000      0.000      0.000      0.000      0.000      0.000      0.000      0.000
 eps  :        -5.754     -5.717     -5.667     -5.636     -5.578     -5.562     -5.553     -5.511
                            1  SCC done.
 writing mo output ...
 molden style : F
 
speedup 12.02
cpu  time for all   12.96 s
wall time for all    1.08 s
