  68
 Etot=         -98.9804047964
 C         -6.3588962822        0.4123719405        2.3179369231
 C         -5.3199894655       -0.4836632455        2.5330181890
 C         -4.1664013277       -0.4071251461        1.7869671232
 C         -4.0023786431        0.5868763961        0.8021121649
 C         -2.8174269080        0.6306889260        0.0017422585
 C         -2.0561607793       -0.6140259023       -0.1996632931
 C         -2.7772257302       -1.7830814152       -0.6207636605
 C         -2.3625131420       -3.0780476648       -0.2600861397
 C         -3.0955057245       -4.1847013637       -0.6289619393
 C         -4.2607172137       -4.0443031849       -1.3691268310
 C         -4.6938698694       -2.7740293146       -1.7234507902
 C         -3.9730219942       -1.6616988602       -1.3514215589
 C         -0.6511452314       -0.5893592081       -0.0072562454
 C          0.2167663759       -1.4921885065       -0.6660744214
 C          1.5782239340       -1.3718201023       -0.5758992260
 C          2.1613382968       -0.3514309684        0.1877686532
 N          3.5439040776       -0.1970938989        0.2409134933
 C          4.0985877353        1.0873473123        0.2877477776
 C          5.2471259014        1.3337037351        1.0401469557
 C          5.7930518306        2.6017554497        1.0799468706
 C          5.2028491375        3.6425224011        0.3813717675
 C          4.0594864976        3.4036584953       -0.3639807498
 C          3.5101275452        2.1379179250       -0.4174558401
 C          4.3794636880       -1.3184624197        0.2089777542
 C          4.0149219572       -2.4873049965        0.8779787420
 C          4.8394566963       -3.5945156963        0.8425006093
 C          6.0384648088       -3.5550326432        0.1492967101
 C          6.4064258686       -2.3957097937       -0.5143344319
 C          5.5858121114       -1.2852278419       -0.4910677435
 C          1.3175332002        0.5305352416        0.8767512474
 C         -0.0427109356        0.4189959090        0.7781952986
 C         -2.3340303826        1.8276857620       -0.6165027371
 C         -1.5123653467        1.7661638902       -1.7601052187
 C         -0.9853643233        2.9077506248       -2.3192549433
 C         -1.2433915247        4.1513631912       -1.7582107586
 C         -2.0396171666        4.2345232708       -0.6238427197
 C         -2.5790813440        3.0996697261       -0.0611870975
 C         -5.0732488183        1.4781217132        0.5921031728
 C         -6.2273087454        1.3862253733        1.3373727896
 H         -7.2652093199        0.3461729485        2.9009811704
 H         -5.4178498168       -1.2473504915        3.2912949172
 H         -3.3583437094       -1.0999934877        1.9702062798
 H         -1.4831838125       -3.1984604854        0.3559544123
 H         -2.7637437363       -5.1691800020       -0.3302596270
 H         -4.8304866584       -4.9148064302       -1.6579351082
 H         -5.6033246314       -2.6561098843       -2.2950931890
 H         -4.3117490987       -0.6780119843       -1.6425360279
 H         -0.2038825712       -2.2444785756       -1.3161499641
 H          2.2171849815       -2.0470695555       -1.1269816712
 H          5.7023026987        0.5261785884        1.5948095057
 H          6.6813090404        2.7800963885        1.6679019917
 H          5.6308698717        4.6326869468        0.4178281173
 H          3.5948005025        4.2075456448       -0.9154596027
 H          2.6244087822        1.9530579488       -1.0075490987
 H          3.0862496609       -2.5145855667        1.4288733072
 H          4.5476611343       -4.4923052102        1.3671971260
 H          6.6816571428       -4.4214526961        0.1263297640
 H          7.3364889088       -2.3582381057       -1.0621222509
 H          5.8690564237       -0.3863993779       -1.0189841046
 H          1.7538247894        1.3026533104        1.4938944638
 H         -0.6709344486        1.0986587336        1.3336912528
 H         -1.3186534143        0.8056870282       -2.2147075477
 H         -0.3666106001        2.8346305608       -3.2025165981
 H         -0.8234668045        5.0448613474       -2.1954106811
 H         -2.2299113421        5.1972890958       -0.1709171530
 H         -3.1554826823        3.1750269094        0.8492196600
 H         -5.0026128624        2.2101367413       -0.1991468660
 H         -7.0407401733        2.0727962142        1.1496081143
  68
 Etot=         -98.9804366362
 C         -6.3578703002        0.4124419231        2.3175114909
 C         -5.3191886743       -0.4844174857        2.5318153384
 C         -4.1661667125       -0.4086698464        1.7852568371
 C         -4.0015441749        0.5857599671        0.7998685149
 C         -2.8166298104        0.6298111638        0.0016657835
 C         -2.0563786699       -0.6125333269       -0.2000334900
 C         -2.7772157084       -1.7818545066       -0.6187873137
 C         -2.3615639861       -3.0774454804       -0.2595295370
 C         -3.0942761504       -4.1840658654       -0.6287219647
 C         -4.2599236714       -4.0438712834       -1.3685182749
 C         -4.6936728595       -2.7734593837       -1.7221699525
 C         -3.9734277857       -1.6610568999       -1.3497327736
 C         -0.6523001341       -0.5875947381       -0.0098280551
 C          0.2164216750       -1.4926180569       -0.6666982873
 C          1.5774781335       -1.3726406251       -0.5759786132
 C          2.1609927039       -0.3512734288        0.1871274627
 N          3.5433434887       -0.1971671022        0.2405687958
 C          4.0982544346        1.0870810085        0.2876168418
 C          5.2469491327        1.3331793668        1.0401145426
 C          5.7929160806        2.6011817799        1.0801715215
 C          5.2028272716        3.6420894728        0.3816079307
 C          4.0594054437        3.4034712613       -0.3638453446
 C          3.5097550681        2.1378903593       -0.4173644140
 C          4.3788786170       -1.3184274644        0.2089093582
 C          4.0139928640       -2.4873994667        0.8776868758
 C          4.8386639502       -3.5944927101        0.8425462367
 C          6.0378817676       -3.5549733492        0.1495875468
 C          6.4060769316       -2.3956253004       -0.5139827640
 C          5.5855974669       -1.2850838299       -0.4907486143
 C          1.3169391443        0.5321079981        0.8749875156
 C         -0.0428742960        0.4211319350        0.7760825991
 C         -2.3331165458        1.8262753533       -0.6145655304
 C         -1.5108397015        1.7653653955       -1.7587121845
 C         -0.9849373120        2.9070100552       -2.3181725609
 C         -1.2440330479        4.1509064121       -1.7576571444
 C         -2.0409680519        4.2339587007       -0.6234374923
 C         -2.5800914023        3.0993177065       -0.0605405896
 C         -5.0724215705        1.4786252449        0.5915322954
 C         -6.2260443563        1.3868047489        1.3371269140
 H         -7.2639541936        0.3465583906        2.9009951162
 H         -5.4167296171       -1.2474436095        3.2908373477
 H         -3.3577486062       -1.1008257464        1.9694474720
 H         -1.4823403785       -3.1979517195        0.3566355442
 H         -2.7623873295       -5.1685975070       -0.3302401231
 H         -4.8293415364       -4.9144920428       -1.6577624595
 H         -5.6027983557       -2.6557708285       -2.2944349510
 H         -4.3117680855       -0.6775682564       -1.6419020785
 H         -0.2040916231       -2.2447346605       -1.3170098416
 H          2.2165089866       -2.0475465058       -1.1274454533
 H          5.7018214494        0.5256659200        1.5950443661
 H          6.6810900449        2.7794240580        1.6682681576
 H          5.6309950346        4.6321829403        0.4181451307
 H          3.5949949770        4.2074220141       -0.9154173226
 H          2.6243403128        1.9530598516       -1.0078880119
 H          3.0854301504       -2.5144770674        1.4287448434
 H          4.5468873065       -4.4922106212        1.3673336368
 H          6.6810775152       -4.4213885290        0.1267650726
 H          7.3362067540       -2.3582305532       -1.0616424272
 H          5.8688311312       -0.3863952614       -1.0189031559
 H          1.7533583517        1.3030627807        1.4935369060
 H         -0.6708914621        1.0994546675        1.3333537616
 H         -1.3182530908        0.8051979857       -2.2144044289
 H         -0.3671013621        2.8342115130       -3.2021479120
 H         -0.8248357667        5.0445481700       -2.1953256313
 H         -2.2313985282        5.1968192663       -0.1707237358
 H         -3.1560448345        3.1747894618        0.8501124340
 H         -5.0023170875        2.2103163144       -0.2000348143
 H         -7.0396323893        2.0732715361        1.1495258048
