 
        ______________________________________
       |                                      |
       |          ===================         |
       |             xTB for sTDA             |
       |          ===================         |
       |               S. Grimme              |
       |        Universitaet Bonn, MCTC       |
       |         2015-19, Version 1.0         |
       |     Wed Apr  3 09:14:55 CEST 2019    |
       |______________________________________|
 
        This code comes without any warranty
        for non-commercial, academia use only.
        Preliminary test version.
        Cite this work as:
        S. Grimme  &  C. Bannwarth, JCP 145 (2016) 054103
        if GBSA is used additionally:
        P. Shushkov, F. März, C. Bannwarth, S. Grimme, unpublished.
 
        with help from
        P. Shushkov, G. Brandenburg, S. Dohm, J. Pisarek,
        F. März, M. Checinski, S. Ehrlich, S. Spicher, 
        P. Pracht, E. Caldeweyher, S. Ehlert, and C. Bannwarth.
 
        usage        :
        xtb4stda <coord_file> [options]
        where <coord_file> is a valid file of TM)
        (*coord, Bohr) or xmol (*xyz, Angstroem)
        format.

        options:
        -chrg <int>   : molecular charge
        -uhf  <int>   : # of unpaired electrons(=2*S)
        -nox          : skip second, extended part in sTDA-xTB
        -pop          : do population analysis
                      : (default for -nox)
        -mowr <real>  : cut MO write above (def.3 Eh)
        -molden       : write formatted molden file
        -parx <file>  : read parameters for sTDA-xTB
                        calc (def:~/.param_stda2.xtb)
        -parv <file>  : read parameters for vTB part in
                        sTDA-xTB (def: ~/.param_stda1.xtb)
        -xtemp <real> : el. temp for xTB (def. 0 K)
        -etemp <real> : el. temp for GFN (def. 300 K)
        -fod          : calculate the FOD and write
                        molden.input file with
                        appropriate occupations
                        for plotting. Def. T=12500 K
 
        -acc <real>   : xTB accuracy (def. 1.0)
        -gbsa [string1] [string2]
                        use GBSA implicit solvent
                        for solvent [string1] and
                        solvation state [string2]=
                        reference, bar1M (default=1M)
        additional GFN/opt/MD/siman options read from
        $XTB4STDAHOME/.xtb4stdarc or $set in input
 
       spin and charge state information can be on:
       <.CHRG> (charge) and <.UHF> (=nalpha-nbeta)
       -uhf and -chrg override the file info.
       useful machine settings:
       setenv MKL_NUM_THREADS <NCORE_ON_YOUR_MACHINE>
       setenv OMP_STACKSIZE 500m
       limit stacksize unlimited
 
       total energies in Eh, gaps/HL energies in eV
       please read REVISION and HOWTO files carefully
 =============================
  # OMP threads =          48
 =============================
 
 xtb4stdahome directory:/home/penavora/Exe_xtb_crest/
 
 argument            1 :--gbsa
 argument            2 :toluene
 
 name of molecule           :
 comment line               :
 number of atoms            :    68
 number of electrons        :   180
 charge                     :  0
 spin                       : 0.0
 first test random number   :  0.1197
 
 -----------------------------------------
      charge density (VTB) calculation
 -----------------------------------------
 
      method parameters     
 k(s)        :  1.8000
 k(p)        :  2.8350
 k(d)        :  2.0860
 k(f)        :  2.0000
 Tscal       :  0.3300
 Gscal       :  0.3910
 fpol        :  1.0000
 Zcnf        :  0.6500
 Zqf         :  0.0000
 kcn         :  0.3000
 kEN1        : -0.5900
 wllscal     :  2.6000
 
 Solvent             : toluene
 GBSA parameter file : /home/penavora/Exe_xtb_crest/.param_gbsa_toluene
 Gsolv ref. state (COSMO-RS): gsolv [1 M gas/solution]
 temperature (mdtemp)       :    298.150000000000     
 dielectric constant        :    7.00000000000000     
 rho                        :   0.867000000000000     
 mass                       :    92.1400000000000     
 surface tension            :    15.5689470637553     
 probe radius               :   0.641644990000000     
 vdW radii scaling          :    1.00000000000000     
 Gshift (Eh)                :   4.228772547061559E-003
 c1                         :    1.59772343000000     
 soset                      :   0.281999450000000     
 HB correction              :  F
 
 doing EN charges ...
 sum q : -0.3774758D-14
 point charge moment (au)
     X       Y       Z   
   0.2706  -0.0005   0.0656  total (Debye):    0.708
 
            Z      q(EN)   CN      Cart. coordinates
     1  C   4.0  -0.244   4.100     8.65414     7.84251    -1.00718
     2  C   4.0  -0.023   4.076     5.93638     8.70260    -0.45947
     3  C   4.0  -0.244   4.100     5.78024     9.82554     2.21305
     4  C   4.0  -0.244   4.101     5.25229    10.78499    -2.35023
     5  C   4.0   0.006   3.246     4.17609     6.43499    -0.62860
     6  C   4.0  -0.072   3.186     2.20100     6.28267    -2.34904
     7  C   4.0  -0.066   3.183     0.64059     4.18600    -2.42077
     8  C   4.0   0.081   3.350     0.99613     2.21414    -0.73378
     9  C   4.0   0.011   3.317     3.01549     2.27968     0.96655
    10  C   4.0  -0.071   3.231     4.55794     4.39067     0.98673
    11  C   4.0  -0.031   4.148     3.37835    -0.00988     2.66362
    12  C   4.0  -0.243   4.109     1.31837    -0.00083     4.72613
    13  C   4.0  -0.244   4.099     5.95229    -0.02193     3.97664
    14  C   4.0   0.011   3.317     2.99456    -2.29534     0.96555
    15  C   4.0  -0.071   3.231     4.51725    -4.42063     0.98572
    16  C   4.0   0.006   3.246     4.11625    -6.46137    -0.62951
    17  C   4.0  -0.023   4.076     5.85373    -8.74640    -0.45896
    18  C   4.0  -0.244   4.101     5.69562    -9.85956     2.21758
    19  C   4.0  -0.244   4.100     8.57806    -7.91559    -1.01879
    20  C   4.0  -0.244   4.101     5.14156   -10.82775    -2.34045
    21  C   4.0  -0.072   3.186     2.14439    -6.28934    -2.35177
    22  C   4.0  -0.066   3.183     0.60417    -4.17780    -2.42413
    23  C   4.0   0.081   3.350     0.97644    -2.21045    -0.73548
    24  N   5.0  -0.314   3.258    -0.51000     0.00855    -0.81631
    25  C   4.0   0.104   3.241    -3.08510     0.02014    -0.57650
    26  C   4.0  -0.070   3.195    -4.46089    -2.24513    -0.38371
    27  C   4.0  -0.070   3.179    -7.04850    -2.23164    -0.14957
    28  C   4.0   0.009   3.230    -8.36481     0.04571    -0.07441
    29  C   4.0   0.015   4.069   -11.16423     0.03250     0.20457
    30  F   7.0  -0.011   1.103   -12.28323     2.18633    -0.55959
    31  F   7.0  -0.010   1.100   -11.93200    -0.29471     2.63620
    32  F   7.0  -0.011   1.103   -12.30250    -1.84369    -1.09678
    33  C   4.0  -0.070   3.177    -7.02795     2.30953    -0.13834
    34  C   4.0  -0.070   3.195    -4.43951     2.29685    -0.37382
    35  H   1.0   0.082   0.999     8.76762     6.98894    -2.87495
    36  H   1.0   0.083   1.000     9.29956     6.46447     0.37098
    37  H   1.0   0.082   0.999     9.92937     9.45434    -0.94873
    38  H   1.0   0.082   0.999     3.84897    10.39366     2.63456
    39  H   1.0   0.083   1.000     6.37810     8.47085     3.63512
    40  H   1.0   0.082   0.999     6.99129    11.48106     2.35517
    41  H   1.0   0.082   1.000     6.55527    12.36106    -2.13207
    42  H   1.0   0.082   0.999     3.34840    11.48718    -2.02274
    43  H   1.0   0.082   0.999     5.39918    10.10724    -4.28517
    44  H   1.0   0.077   1.006     1.85402     7.78066    -3.68302
    45  H   1.0   0.075   1.005    -0.84328     4.07040    -3.81733
    46  H   1.0   0.078   1.008     6.11153     4.46088     2.29780
    47  H   1.0   0.082   0.999     1.52345     1.66910     5.90842
    48  H   1.0   0.085   1.001    -0.57096     0.00875     3.92236
    49  H   1.0   0.082   0.999     1.50709    -1.67371     5.90696
    50  H   1.0   0.083   1.000     7.48302    -0.02879     2.60458
    51  H   1.0   0.083   1.000     6.12179    -1.67526     5.18418
    52  H   1.0   0.083   1.000     6.13701     1.62949     5.18457
    53  H   1.0   0.078   1.008     6.06990    -4.50546     2.29704
    54  H   1.0   0.083   1.000     6.31986    -8.50965     3.63280
    55  H   1.0   0.082   0.999     6.88423   -11.53138     2.35820
    56  H   1.0   0.082   0.999     3.75886   -10.39959     2.65062
    57  H   1.0   0.082   0.999     9.83840    -9.53880    -0.95222
    58  H   1.0   0.083   1.000     9.23917    -6.53402     0.34838
    59  H   1.0   0.082   0.999     8.69502    -7.07588    -2.89261
    60  H   1.0   0.082   0.999     5.29073   -10.15883    -4.27826
    61  H   1.0   0.082   1.000     6.42754   -12.41745    -2.12017
    62  H   1.0   0.082   0.999     3.23079   -11.50742    -2.00528
    63  H   1.0   0.077   1.006     1.78419    -7.78346    -3.68658
    64  H   1.0   0.075   1.005    -0.87689    -4.04749    -3.82241
    65  H   1.0   0.077   1.008    -3.48250    -4.03027    -0.36966
    66  H   1.0   0.075   1.005    -8.07025    -3.99308    -0.02017
    67  H   1.0   0.075   1.005    -8.02880     4.08179     0.00051
    68  H   1.0   0.077   1.008    -3.44373     4.07235    -0.35250
 
  Z AO/shell   Hii/eV     exponent
  1     Sat Feb 20 21:38:01 CET 2016    EN: 2.327 GAM: 0.473  GM3: 0.0000
     1s    -13.751157    1.051071
  6     Sat Feb 20 21:38:01 CET 2016    EN: 2.731 GAM: 0.422  GM3: 0.0000
     2s    -19.378245    2.021003
     2p    -11.993376    1.497917
  7     Sat Feb 20 21:38:01 CET 2016    EN: 3.573 GAM: 0.504  GM3: 0.0000
     2s    -21.576984    2.275442
     2p    -16.125120    2.056788
  9     Sat Feb 20 21:51:24 CET 2016    EN: 3.394 GAM: 0.669  GM3: 0.0000
     2s    -19.384211    2.614957
     2p    -19.426034    2.777297
 
 dipole moment of classical point charges (au)
     X       Y       Z   
   0.2706  -0.0005   0.0656  total (Debye):    0.708

 
 Nbf   :          170
 T(el) :   300.0
 calculating S/T integrals ...
 cpu time for ints    1.28096300000000     
 Nao   :          170
 making H0...
 making H1...
 cpu time for H      0.211440000000000     
 solving ...
 cpu time for diag   0.574180000000000     
 
 gap (eV)           :   5.096
 Koopmans IP (eV)   :  12.865
 Eel (Eh)           :  -137.762336
 T,E(Fermi),NFOD :    300.000   -10.317  0.000000
 T,E(Fermi),NFOD :    300.000   -10.317  0.000000
 Nfod               :  0.0000
 Nfod/Nel           :  0.0000

          eigenvalues
 #    :          78         79         80         81         82         83         84         85
 occ. :        2.000      2.000      2.000      2.000      2.000      2.000      2.000      2.000
 eps  :       -17.974    -17.766    -17.765    -17.412    -17.396    -17.151    -16.572    -15.490
 #    :          86         87         88         89         90         91         92         93
 occ. :        2.000      2.000      2.000      2.000      2.000      0.000      0.000      0.000
 eps  :       -15.119    -15.080    -14.965    -14.505    -12.866     -7.769     -7.126     -6.251
 #    :          94         95         96         97         98         99        100        101
 occ. :        0.000      0.000      0.000      0.000      0.000      0.000      0.000      0.000
 eps  :        -6.016     -5.712     -5.461     -5.222     -5.199     -5.109     -4.936     -4.446
                            1  SCC done.
 making H1...
 cpu time for H      0.670555000000000     
 solving ...
 cpu time for diag   0.141213000000000     
 
 gap (eV)           :   4.739
 Koopmans IP (eV)   :  12.888
 Eel (Eh)           :  -137.629074
 T,E(Fermi),NFOD :    300.000   -10.518  0.000000
 T,E(Fermi),NFOD :    300.000   -10.518  0.000000
 Nfod               :  0.0000
 Nfod/Nel           :  0.0000

          eigenvalues
 #    :          78         79         80         81         82         83         84         85
 occ. :        2.000      2.000      2.000      2.000      2.000      2.000      2.000      2.000
 eps  :       -17.956    -17.819    -17.786    -17.428    -17.415    -17.230    -16.658    -15.535
 #    :          86         87         88         89         90         91         92         93
 occ. :        2.000      2.000      2.000      2.000      2.000      0.000      0.000      0.000
 eps  :       -15.110    -15.031    -15.030    -14.584    -12.889     -8.149     -7.238     -6.266
 #    :          94         95         96         97         98         99        100        101
 occ. :        0.000      0.000      0.000      0.000      0.000      0.000      0.000      0.000
 eps  :        -6.116     -5.746     -5.486     -5.319     -5.276     -5.151     -4.904     -4.580
                            2  SCC done.
 
 
 Mulliken/CM5 charges    n(s)   n(p)   n(d)   
    1 C  -0.1005 -0.2489   1.104  2.997  0.000
    2 C   0.0295 -0.0018   1.231  2.739  0.000
    3 C  -0.1008 -0.2492   1.104  2.997  0.000
    4 C  -0.0985 -0.2478   1.100  2.998  0.000
    5 C  -0.0130 -0.0252   1.189  2.824  0.000
    6 C  -0.0410 -0.0957   1.138  2.903  0.000
    7 C  -0.0331 -0.0830   1.138  2.895  0.000
    8 C   0.0432  0.0994   1.183  2.774  0.000
    9 C  -0.0159 -0.0181   1.195  2.821  0.000
   10 C  -0.0460 -0.0990   1.143  2.903  0.000
   11 C   0.0235  0.0044   1.226  2.750  0.000
   12 C  -0.0966 -0.2419   1.107  2.989  0.000
   13 C  -0.0924 -0.2413   1.098  2.995  0.000
   14 C  -0.0159 -0.0180   1.195  2.820  0.000
   15 C  -0.0461 -0.0990   1.143  2.903  0.000
   16 C  -0.0130 -0.0252   1.189  2.824  0.000
   17 C   0.0295 -0.0018   1.231  2.739  0.000
   18 C  -0.1008 -0.2492   1.104  2.997  0.000
   19 C  -0.1005 -0.2489   1.104  2.997  0.000
   20 C  -0.0985 -0.2478   1.100  2.998  0.000
   21 C  -0.0410 -0.0957   1.138  2.903  0.000
   22 C  -0.0332 -0.0830   1.138  2.895  0.000
   23 C   0.0433  0.0995   1.183  2.774  0.000
   24 N  -0.1179 -0.3649   1.228  3.890  0.000
   25 C   0.0673  0.1281   1.175  2.758  0.000
   26 C  -0.0425 -0.0914   1.131  2.911  0.000
   27 C  -0.0230 -0.0751   1.137  2.886  0.000
   28 C   0.0016 -0.0014   1.158  2.841  0.000
   29 C   0.2826  0.3354   1.227  2.490  0.000
   30 F  -0.1411 -0.1631   1.695  5.446  0.000
   31 F  -0.1614 -0.1815   1.703  5.459  0.000
   32 F  -0.1461 -0.1676   1.697  5.449  0.000
   33 C  -0.0222 -0.0743   1.137  2.885  0.000
   34 C  -0.0425 -0.0913   1.131  2.911  0.000
   35 H   0.0314  0.0848   0.969  0.000  0.000
   36 H   0.0354  0.0893   0.965  0.000  0.000
   37 H   0.0313  0.0845   0.969  0.000  0.000
   38 H   0.0318  0.0851   0.968  0.000  0.000
   39 H   0.0354  0.0894   0.965  0.000  0.000
   40 H   0.0313  0.0845   0.969  0.000  0.000
   41 H   0.0332  0.0866   0.967  0.000  0.000
   42 H   0.0349  0.0885   0.965  0.000  0.000
   43 H   0.0348  0.0884   0.965  0.000  0.000
   44 H   0.0449  0.1041   0.955  0.000  0.000
   45 H   0.0426  0.1033   0.957  0.000  0.000
   46 H   0.0446  0.1061   0.955  0.000  0.000
   47 H   0.0316  0.0852   0.968  0.000  0.000
   48 H   0.0356  0.0958   0.964  0.000  0.000
   49 H   0.0315  0.0852   0.968  0.000  0.000
   50 H   0.0357  0.0897   0.964  0.000  0.000
   51 H   0.0382  0.0922   0.962  0.000  0.000
   52 H   0.0382  0.0922   0.962  0.000  0.000
   53 H   0.0446  0.1061   0.955  0.000  0.000
   54 H   0.0355  0.0894   0.965  0.000  0.000
   55 H   0.0313  0.0846   0.969  0.000  0.000
   56 H   0.0317  0.0851   0.968  0.000  0.000
   57 H   0.0313  0.0845   0.969  0.000  0.000
   58 H   0.0354  0.0893   0.965  0.000  0.000
   59 H   0.0314  0.0848   0.969  0.000  0.000
   60 H   0.0348  0.0885   0.965  0.000  0.000
   61 H   0.0332  0.0866   0.967  0.000  0.000
   62 H   0.0348  0.0885   0.965  0.000  0.000
   63 H   0.0449  0.1041   0.955  0.000  0.000
   64 H   0.0426  0.1033   0.957  0.000  0.000
   65 H   0.0476  0.1110   0.952  0.000  0.000
   66 H   0.0468  0.1058   0.953  0.000  0.000
   67 H   0.0474  0.1065   0.953  0.000  0.000
   68 H   0.0478  0.1112   0.952  0.000  0.000
 Hirshfeld charges for QMDFF written to <charges>
 
 Loewdin charges    n(s)   n(p)   n(d)
    1 C  -0.1063   1.033  3.073  0.000
    2 C   0.0433   1.190  2.767  0.000
    3 C  -0.1065   1.033  3.073  0.000
    4 C  -0.1038   1.030  3.074  0.000
    5 C  -0.0094   1.147  2.862  0.000
    6 C  -0.0364   1.085  2.951  0.000
    7 C  -0.0301   1.085  2.945  0.000
    8 C   0.0389   1.147  2.814  0.000
    9 C  -0.0163   1.156  2.860  0.000
   10 C  -0.0452   1.092  2.954  0.000
   11 C   0.0343   1.185  2.780  0.000
   12 C  -0.1017   1.037  3.065  0.000
   13 C  -0.0976   1.027  3.071  0.000
   14 C  -0.0163   1.156  2.860  0.000
   15 C  -0.0452   1.092  2.954  0.000
   16 C  -0.0094   1.147  2.862  0.000
   17 C   0.0433   1.190  2.767  0.000
   18 C  -0.1065   1.033  3.073  0.000
   19 C  -0.1062   1.033  3.073  0.000
   20 C  -0.1039   1.030  3.074  0.000
   21 C  -0.0365   1.085  2.952  0.000
   22 C  -0.0301   1.085  2.945  0.000
   23 C   0.0390   1.147  2.814  0.000
   24 N  -0.0793   1.187  3.892  0.000
   25 C   0.0646   1.138  2.797  0.000
   26 C  -0.0425   1.080  2.962  0.000
   27 C  -0.0157   1.082  2.933  0.000
   28 C  -0.0020   1.118  2.884  0.000
   29 C   0.2537   1.205  2.541  0.000
   30 F  -0.1272   1.681  5.446  0.000
   31 F  -0.1484   1.690  5.458  0.000
   32 F  -0.1325   1.684  5.449  0.000
   33 C  -0.0149   1.082  2.933  0.000
   34 C  -0.0424   1.080  2.962  0.000
   35 H   0.0316   0.968  0.000  0.000
   36 H   0.0358   0.964  0.000  0.000
   37 H   0.0318   0.968  0.000  0.000
   38 H   0.0319   0.968  0.000  0.000
   39 H   0.0358   0.964  0.000  0.000
   40 H   0.0318   0.968  0.000  0.000
   41 H   0.0337   0.966  0.000  0.000
   42 H   0.0351   0.965  0.000  0.000
   43 H   0.0350   0.965  0.000  0.000
   44 H   0.0380   0.962  0.000  0.000
   45 H   0.0351   0.965  0.000  0.000
   46 H   0.0388   0.961  0.000  0.000
   47 H   0.0318   0.968  0.000  0.000
   48 H   0.0351   0.965  0.000  0.000
   49 H   0.0317   0.968  0.000  0.000
   50 H   0.0353   0.965  0.000  0.000
   51 H   0.0385   0.961  0.000  0.000
   52 H   0.0385   0.961  0.000  0.000
   53 H   0.0388   0.961  0.000  0.000
   54 H   0.0359   0.964  0.000  0.000
   55 H   0.0319   0.968  0.000  0.000
   56 H   0.0319   0.968  0.000  0.000
   57 H   0.0318   0.968  0.000  0.000
   58 H   0.0358   0.964  0.000  0.000
   59 H   0.0316   0.968  0.000  0.000
   60 H   0.0351   0.965  0.000  0.000
   61 H   0.0337   0.966  0.000  0.000
   62 H   0.0350   0.965  0.000  0.000
   63 H   0.0379   0.962  0.000  0.000
   64 H   0.0351   0.965  0.000  0.000
   65 H   0.0396   0.960  0.000  0.000
   66 H   0.0377   0.962  0.000  0.000
   67 H   0.0382   0.962  0.000  0.000
   68 H   0.0398   0.960  0.000  0.000
 
 Wiberg/Mayer (AO) data. WBOs > 0.1 written file <wbo>
 largest (>0.05) Wiberg bond orders for each atom
           total WBO             WBO to atom ...
     1  C   3.981    H   35 0.978    H   37 0.978    H   36 0.976    C    2 0.966
     2  C   3.919    C    4 0.976    C    3 0.966    C    1 0.966    C    5 0.937
     3  C   3.981    H   38 0.978    H   40 0.978    H   39 0.976    C    2 0.966
     4  C   3.982    H   41 0.978    H   42 0.978    H   43 0.978    C    2 0.976
     5  C   3.944    C    6 1.398    C   10 1.383    C    2 0.937    C    8 0.104
     6  C   3.970    C    7 1.428    C    5 1.398    H   44 0.942    C    9 0.103
     7  C   3.966    C    6 1.428    C    8 1.393    H   45 0.942    C   10 0.103
     8  C   3.928    C    7 1.393    C    9 1.336    N   24 0.969    C    5 0.104
     9  C   3.939    C   10 1.414    C    8 1.336    C   11 0.935    C    6 0.103
    10  C   3.969    C    9 1.414    C    5 1.383    H   46 0.940    C    7 0.103
    11  C   3.919    C   13 0.974    C   12 0.951    C    9 0.935    C   14 0.935
    12  C   3.979    H   49 0.978    H   47 0.978    H   48 0.975    C   11 0.951
    13  C   3.981    H   50 0.978    H   51 0.977    H   52 0.977    C   11 0.974
    14  C   3.939    C   15 1.414    C   23 1.336    C   11 0.935    C   21 0.103
    15  C   3.969    C   14 1.414    C   16 1.383    H   53 0.940    C   22 0.103
    16  C   3.944    C   21 1.398    C   15 1.383    C   17 0.937    C   23 0.104
    17  C   3.919    C   20 0.976    C   18 0.966    C   19 0.966    C   16 0.937
    18  C   3.981    H   56 0.978    H   55 0.978    H   54 0.976    C   17 0.966
    19  C   3.981    H   59 0.978    H   57 0.978    H   58 0.976    C   17 0.966
    20  C   3.982    H   61 0.978    H   62 0.978    H   60 0.978    C   17 0.976
    21  C   3.970    C   22 1.428    C   16 1.398    H   63 0.942    C   14 0.103
    22  C   3.966    C   21 1.428    C   23 1.393    H   64 0.942    C   15 0.103
    23  C   3.928    C   22 1.393    C   14 1.336    N   24 0.969    C   16 0.104
    24  N   3.361    C   25 1.066    C   23 0.969    C    8 0.969
    25  C   3.936    C   34 1.338    C   26 1.337    N   24 1.066    C   28 0.099
    26  C   3.969    C   27 1.467    C   25 1.337    H   65 0.938    C   33 0.097
    27  C   3.972    C   26 1.467    C   28 1.375    H   66 0.945    C   34 0.097
    28  C   3.931    C   33 1.377    C   27 1.375    C   29 0.937    C   25 0.099
    29  C   3.827    F   30 0.954    F   32 0.948    C   28 0.937    F   31 0.927
    30  F   1.079    C   29 0.954
    31  F   1.061    C   29 0.927
    32  F   1.074    C   29 0.948
    33  C   3.972    C   34 1.465    C   28 1.377    H   67 0.944    C   26 0.097
    34  C   3.969    C   33 1.465    C   25 1.338    H   68 0.938    C   27 0.097
    35  H   0.999    C    1 0.978
    36  H   0.999    C    1 0.976
    37  H   0.997    C    1 0.978
    38  H   0.999    C    3 0.978
    39  H   0.999    C    3 0.976
    40  H   0.997    C    3 0.978
    41  H   0.998    C    4 0.978
    42  H   0.999    C    4 0.978
    43  H   0.999    C    4 0.978
    44  H   0.994    C    6 0.942
    45  H   0.995    C    7 0.942
    46  H   0.997    C   10 0.940
    47  H   0.997    C   12 0.978
    48  H   0.999    C   12 0.975
    49  H   0.997    C   12 0.978
    50  H   0.999    C   13 0.978
    51  H   0.997    C   13 0.977
    52  H   0.997    C   13 0.977
    53  H   0.997    C   15 0.940
    54  H   0.999    C   18 0.976
    55  H   0.997    C   18 0.978
    56  H   0.999    C   18 0.978
    57  H   0.997    C   19 0.978
    58  H   0.999    C   19 0.976
    59  H   0.999    C   19 0.978
    60  H   0.999    C   20 0.978
    61  H   0.998    C   20 0.978
    62  H   0.999    C   20 0.978
    63  H   0.994    C   21 0.942
    64  H   0.995    C   22 0.942
    65  H   0.996    C   26 0.938
    66  H   0.997    C   27 0.945
    67  H   0.997    C   33 0.944
    68  H   0.996    C   34 0.938
 
 --------------------------------------------
          xTB calculation for sTDA...
 --------------------------------------------
 
 reading parameter file /home/penavora/Exe_xtb_crest/.param_stda2.xtb
 
      method parameters     
 k(s)        :  1.6000
 k(p)        :  2.1800
 k(d)        :  1.9500
 k(f)        :  2.0000
 k(R-V)      :  2.2750
 k(R-R)      :  1.7650
 Tscal       :  0.2580
 Gscal       :  1.0000
 fpol        :  1.0000
 Zcnf        :  0.3430
 Zqf         :  0.0000
 kcn         :  2.7000
 Ryd Hsplit  :  0.7000
 lshift(virt):  3.1000
 lshift(OS)  :  0.2000
 wllscaling  :  2.6000
 
 mowrcut     : 3.000
 
  Z AO/shell   Hii/eV     exponent
  1     Sun Feb 14 09:53:25 CET 2016    EN: 2.327 GAM: 0.473  GM3: 0.0000
     1s    -14.339618    1.220000
     2sp    -3.348946    0.600000
  6     Sun Feb 14 09:53:25 CET 2016    EN: 2.731 GAM: 0.422  GM3: 0.0000
     2s    -22.009312    1.565095
     2p    -13.020408    1.596905
     3sp    -3.914040    0.824500
  7     Sun Feb 14 09:53:25 CET 2016    EN: 3.573 GAM: 0.504  GM3: 0.0000
     2s    -25.722000    2.064844
     2p    -18.684912    1.801692
     3sp    -4.344791    0.921400
  9     Sun Feb 21 12:20:01 CET 2016    EN: 3.394 GAM: 0.600  GM3: 0.0000
     2s    -26.548112    1.943768
     2p    -23.081168    2.552035
     3sp    -1.937199    1.103200
 
 Nbf   :          442
 T(el) :     0.0
 calculating S/T integrals ...
 cpu time for ints    8.82656800000000     
 Nao   :          442
 making H0...
 making H1...
 cpu time for H      0.827162000000000     
 solving ...
 cpu time for diag   0.953868000000000     
 
 gap (eV)           :   7.550
 Koopmans IP (eV)   :  13.755
 Eel (Eh)           :  -154.633006

          eigenvalues
 #    :          78         79         80         81         82         83         84         85
 occ. :        2.000      2.000      2.000      2.000      2.000      2.000      2.000      2.000
 eps  :       -18.546    -18.430    -18.345    -18.130    -18.090    -17.842    -17.564    -16.442
 #    :          86         87         88         89         90         91         92         93
 occ. :        2.000      2.000      2.000      2.000      2.000      0.000      0.000      0.000
 eps  :       -16.013    -15.846    -15.796    -15.481    -13.757     -6.206     -5.922     -5.699
 #    :          94         95         96         97         98         99        100        101
 occ. :        0.000      0.000      0.000      0.000      0.000      0.000      0.000      0.000
 eps  :        -5.527     -5.418     -5.147     -4.999     -4.811     -4.709     -4.330     -4.172
                            1  SCC done.
 writing mo output ...
 molden style : F
 
speedup 26.34
cpu  time for all   14.47 s
wall time for all    0.55 s
