  110
 Etot=        -152.6344173621
 C          6.4438426755       -2.1763741605       -5.3490686902
 C          6.9358479877       -1.7416609421       -3.9650403711
 C          7.8066476403       -2.8706580904       -3.3934324127
 C          7.7809047646       -0.4704856395       -4.1383310187
 C          5.7980739594       -1.4518464923       -2.9947644415
 C          4.4535183503       -1.5596109114       -3.3603147736
 C          3.4167265906       -1.2987450606       -2.4815982538
 C          3.7327990650       -0.9236765059       -1.1872530312
 C          5.0819743709       -0.7820183832       -0.7989944533
 C          6.1005584902       -1.0506712384       -1.6995367032
 C          5.0705242881       -0.3304392920        0.5669416445
 C          6.0809815064       -0.0443912567        1.4754962038
 C          5.7581091477        0.3572389235        2.7619320635
 C          6.8126522855        0.6957436137        3.8067404286
 C          8.2402029442        0.5529051544        3.2697257052
 C          6.6192150893        2.1497639125        4.2629517204
 C          6.6581847226       -0.2506918140        5.0066685886
 C          4.4044326608        0.4432643259        3.1130326955
 C          3.3798364810        0.1630724197        2.2306594258
 C          3.7159901836       -0.2094206767        0.9385905167
 N          2.9104582097       -0.5739877667       -0.1278874473
 C          1.5162266969       -0.5799550545       -0.1372014438
 C          0.8108604325       -1.6855380728       -0.6180828590
 C         -0.5671821090       -1.6799045313       -0.6271700745
 C         -1.2865324238       -0.5927156581       -0.1301686440
 N         -2.6794983419       -0.6200255394       -0.1637624507
 C         -3.4746571735       -1.6336498706        0.3463865702
 C         -3.1238240168       -2.7952704264        1.0110728224
 C         -4.1365485736       -3.6338161972        1.4431233005
 C         -5.4895236283       -3.3483897370        1.2419081761
 C         -6.6004069592       -4.2783593121        1.7125256000
 C         -6.0705613745       -5.5401892459        2.4007069591
 C         -7.4913763942       -3.5283300345        2.7141754792
 C         -7.4355801338       -4.7142965151        0.4990898702
 C         -5.8266549122       -2.1650169197        0.5959435850
 C         -4.8331547751       -1.3071851111        0.1522488974
 C         -4.8564598670       -0.0315539291       -0.5134135308
 C         -5.8790272500        0.7812347901       -0.9747371689
 C         -5.5857495410        1.9794775564       -1.6146022322
 C         -6.7299201087        2.8616757931       -2.0972069742
 C         -6.2467135550        4.1485844715       -2.7731425233
 C         -7.5986023871        3.2548893979       -0.8927710715
 C         -7.5746041559        2.0782626616       -3.1133786393
 C         -4.2439588020        2.3234806939       -1.7975135063
 C         -3.2038756896        1.5283880180       -1.3496275975
 C         -3.5107229606        0.3562238209       -0.6828254288
 C         -0.5842353247        0.5206819425        0.3636627044
 C         -1.2892895137        1.6472238360        1.0189595304
 O         -2.2588675744        1.4971529207        1.7378931886
 C         -0.7190312784        3.0044264980        0.7994951986
 C         -0.9017013232        4.0046122092        1.7587955320
 N         -0.4543382015        5.2351666210        1.5919343281
 C          0.1924975323        5.4852437525        0.4661046963
 N          0.4158126315        4.6282126371       -0.5143745792
 C         -0.0458210415        3.4001428000       -0.3575573793
 C          0.8082556078        0.5192788372        0.3361541955
 H          7.3002982787       -2.3739410215       -5.9910139224
 H          5.8484221118       -1.3954635833       -5.8169132384
 H          5.8541752062       -3.0884177331       -5.2877236296
 H          8.6178976759       -3.1031040245       -4.0804071824
 H          8.2405693389       -2.5919422538       -2.4371118966
 H          7.2097580551       -3.7690640099       -3.2477188559
 H          8.2171733277       -0.1521691793       -3.1955434080
 H          8.5894863931       -0.6508822365       -4.8437848643
 H          7.1645374322        0.3416324513       -4.5194831286
 H          4.1906854073       -1.8519643490       -4.3633354896
 H          2.3919926078       -1.3760172409       -2.8128584881
 H          7.1239975658       -0.9358573888       -1.3781221422
 H          7.1046734060       -0.1473030376        1.1571563287
 H          8.4101795444        1.2206417645        2.4280482784
 H          8.9491014061        0.8134002266        4.0532896402
 H          8.4420931313       -0.4705531132        2.9617266939
 H          5.6422351705        2.2981870385        4.7149528032
 H          6.7077959092        2.8252184527        3.4140129872
 H          7.3772628229        2.4159445208        4.9967750881
 H          7.4194967730       -0.0351847938        5.7536504933
 H          5.6835521572       -0.1435666623        5.4749508717
 H          6.7707156812       -1.2850365105        4.6871228035
 H          4.1349875200        0.7366323230        4.1163176231
 H          2.3506661984        0.2219065873        2.5537893179
 H          1.3520999474       -2.5474411451       -0.9761465723
 H         -1.1095596149       -2.5263296173       -1.0199262973
 H         -2.0909420319       -3.0443664646        1.2039164613
 H         -3.8474249351       -4.5358411859        1.9563904805
 H         -6.9090559171       -6.1634741543        2.7055498749
 H         -5.4478268828       -6.1228525189        1.7255450684
 H         -5.4980311825       -5.2906920384        3.2912806561
 H         -6.9008523755       -3.1917978742        3.5642916226
 H         -7.9553989112       -2.6580270018        2.2583579385
 H         -8.2802573077       -4.1834363200        3.0783304465
 H         -8.2273730915       -5.3917001590        0.8125590626
 H         -7.8933066900       -3.8612490679        0.0059029530
 H         -6.8065024213       -5.2290045106       -0.2247077298
 H         -6.8587687414       -1.8943335307        0.4357553531
 H         -6.9007697975        0.4664482199       -0.8296309766
 H         -5.6531476371        3.9286704781       -3.6577673915
 H         -7.1073178490        4.7373407827       -3.0848670317
 H         -5.6571606058        4.7539225288       -2.0878072847
 H         -8.0291327171        2.3809219759       -0.4119690496
 H         -8.4115218177        3.9036315758       -1.2124220673
 H         -7.0001053952        3.7875507265       -0.1558890239
 H         -6.9603400785        1.7767163020       -3.9596291298
 H         -8.0021376323        1.1845365877       -2.6676181832
 H         -8.3890192219        2.6992095662       -3.4807376605
 H         -3.9848925273        3.2372817627       -2.3066781230
 H         -2.1800191048        1.8244608512       -1.5276163216
 H         -1.4194258157        3.7889606461        2.6850710192
 H          0.5710295487        6.4904000909        0.3322167065
 H          0.1206184758        2.7227943477       -1.1862971906
 H          1.3527332683        1.3716902334        0.7138959955
  110
 Etot=        -152.6344874729
 C          6.4430135552       -2.1762007560       -5.3474344389
 C          6.9344384343       -1.7413740240       -3.9637928121
 C          7.8051759617       -2.8698365303       -3.3924761582
 C          7.7797048461       -0.4710388037       -4.1373174680
 C          5.7969649877       -1.4515194320       -2.9939439378
 C          4.4527052438       -1.5598667055       -3.3595025270
 C          3.4161071032       -1.2986253287       -2.4809612046
 C          3.7320374255       -0.9229007007       -1.1868510062
 C          5.0814832632       -0.7812326727       -0.7989979770
 C          6.0998482303       -1.0500961319       -1.6992445057
 C          5.0699467589       -0.3301204596        0.5664755122
 C          6.0802877465       -0.0439718635        1.4747508088
 C          5.7569141637        0.3572458920        2.7607841807
 C          6.8109892787        0.6954283156        3.8054049090
 C          8.2381527234        0.5526542138        3.2686913400
 C          6.6180184844        2.1487783285        4.2619509482
 C          6.6570711941       -0.2505378425        5.0050200683
 C          4.4034483218        0.4441590367        3.1116763888
 C          3.3789680169        0.1645765103        2.2292433436
 C          3.7152410346       -0.2086992279        0.9375268958
 N          2.9101702466       -0.5729587291       -0.1284895401
 C          1.5157835075       -0.5790076409       -0.1374977369
 C          0.8106771401       -1.6845033048       -0.6177649873
 C         -0.5675130749       -1.6793142638       -0.6258097122
 C         -1.2869757830       -0.5917008873       -0.1300028471
 N         -2.6789322919       -0.6186074442       -0.1621299968
 C         -3.4732569412       -1.6324917181        0.3458963647
 C         -3.1225573874       -2.7950193146        1.0090129977
 C         -4.1351582681       -3.6334056103        1.4413622500
 C         -5.4877623995       -3.3473299222        1.2407515547
 C         -6.5984717903       -4.2766179123        1.7115420472
 C         -6.0699833706       -5.5384112717        2.3997200880
 C         -7.4894989187       -3.5273910553        2.7127071560
 C         -7.4341959375       -4.7124165101        0.4991548958
 C         -5.8254087469       -2.1641035122        0.5955493051
 C         -4.8320706524       -1.3062381371        0.1524203576
 C         -4.8553430893       -0.0307003227       -0.5124429107
 C         -5.8780831760        0.7811476497       -0.9741799482
 C         -5.5841615228        1.9788227129       -1.6138397024
 C         -6.7280612606        2.8603429366       -2.0962601399
 C         -6.2456941887        4.1468777392       -2.7721432425
 C         -7.5970664231        3.2535300862       -0.8929615757
 C         -7.5728928814        2.0777144119       -3.1120482347
 C         -4.2428631664        2.3236113619       -1.7965373452
 C         -3.2026338446        1.5297498871       -1.3475813700
 C         -3.5095423680        0.3575468014       -0.6807140008
 C         -0.5841554421        0.5208663389        0.3631839266
 C         -1.2916307797        1.6465551445        1.0198665875
 O         -2.2575381080        1.4935126366        1.7379319473
 C         -0.7210018046        3.0031188313        0.7997370113
 C         -0.9028048059        4.0036383119        1.7585819632
 N         -0.4541633145        5.2330521264        1.5911016486
 C          0.1925283643        5.4824570494        0.4655181984
 N          0.4159133471        4.6247142137       -0.5142795688
 C         -0.0467844629        3.3975322704       -0.3566387292
 C          0.8075486136        0.5194590010        0.3367563810
 H          7.2994385024       -2.3739378088       -5.9890812302
 H          5.8478185077       -1.3955617339       -5.8155928819
 H          5.8532736717       -3.0879695837       -5.2857679942
 H          8.6165829847       -3.1019433792       -4.0791500468
 H          8.2385884352       -2.5910791200       -2.4360900072
 H          7.2084405136       -3.7680829965       -3.2470783979
 H          8.2155989243       -0.1528056428       -3.1944674226
 H          8.5882914159       -0.6516952617       -4.8424992959
 H          7.1636565111        0.3408372815       -4.5186590804
 H          4.1901114477       -1.8523427284       -4.3625255385
 H          2.3912112692       -1.3753186619       -2.8122556551
 H          7.1232348325       -0.9353958841       -1.3780769582
 H          7.1038989659       -0.1470505308        1.1565592281
 H          8.4081565490        1.2203389882        2.4271988557
 H          8.9471367790        0.8128228375        4.0520989411
 H          8.4398865076       -0.4706401834        2.9605865700
 H          5.6411470039        2.2968483150        4.7137034191
 H          6.7068220478        2.8240528431        3.4132819824
 H          7.3759085558        2.4148066571        4.9957684909
 H          7.4184262504       -0.0351361471        5.7517860549
 H          5.6826227370       -0.1434145163        5.4731467685
 H          6.7695937887       -1.2844660046        4.6851061114
 H          4.1344703063        0.7367623585        4.1150348580
 H          2.3498981322        0.2227341660        2.5520445184
 H          1.3525012157       -2.5463553726       -0.9756517828
 H         -1.1098218276       -2.5264433214       -1.0175226624
 H         -2.0896131365       -3.0441515545        1.2020456285
 H         -3.8465345424       -4.5350365372        1.9555159789
 H         -6.9083834443       -6.1615764752        2.7048214572
 H         -5.4472756424       -6.1212507895        1.7249795525
 H         -5.4973916925       -5.2885804194        3.2898089059
 H         -6.8988396258       -3.1917451088        3.5625455347
 H         -7.9527761851       -2.6571453432        2.2566056565
 H         -8.2784925698       -4.1823024629        3.0767059721
 H         -8.2262090412       -5.3893348105        0.8127282123
 H         -7.8912466752       -3.8592529020        0.0059407557
 H         -6.8057612440       -5.2277102962       -0.2244023846
 H         -6.8575110184       -1.8935309310        0.4363809686
 H         -6.8997328815        0.4664046142       -0.8293580397
 H         -5.6520832431        3.9268924312       -3.6564268497
 H         -7.1061621837        4.7355812612       -3.0840622321
 H         -5.6563831464        4.7515675789       -2.0867096530
 H         -8.0268394293        2.3793370148       -0.4124663839
 H         -8.4102851819        3.9018609147       -1.2126067000
 H         -6.9986122464        3.7861684652       -0.1567997120
 H         -6.9589688409        1.7764645080       -3.9583569623
 H         -8.0000497476        1.1839384431       -2.6663835803
 H         -8.3875466350        2.6982370569       -3.4794684405
 H         -3.9848107861        3.2372029014       -2.3061105861
 H         -2.1793511190        1.8258803799       -1.5264123176
 H         -1.4217547604        3.7890800944        2.6840375767
 H          0.5714517048        6.4870929847        0.3310228145
 H          0.1198926620        2.7188757404       -1.1844073226
 H          1.3521038152        1.3711754355        0.7147520695
  110
 Etot=        -152.6345153271
 C          6.4415390110       -2.1763733585       -5.3458226416
 C          6.9327864929       -1.7412703976       -3.9625857780
 C          7.8030472643       -2.8693752365       -3.3906904476
 C          7.7779817665       -0.4712585401       -4.1359147004
 C          5.7953963100       -1.4512369872       -2.9933819518
 C          4.4513318180       -1.5599136731       -3.3591238050
 C          3.4149030633       -1.2980193258       -2.4808228244
 C          3.7307477754       -0.9215655941       -1.1869019079
 C          5.0804478848       -0.7801841207       -0.7992365551
 C          6.0986713036       -1.0494640966       -1.6991234871
 C          5.0688076174       -0.3292964845        0.5657769199
 C          6.0791072053       -0.0431829710        1.4738216632
 C          5.7552141511        0.3577387820        2.7595331581
 C          6.8090018368        0.6953230323        3.8039593664
 C          8.2357122415        0.5523672245        3.2669168952
 C          6.6160223188        2.1482471741        4.2605872342
 C          6.6549879665       -0.2509585389        5.0028585848
 C          4.4018617653        0.4451810422        3.1104412772
 C          3.3774829672        0.1661391275        2.2279637844
 C          3.7139794345       -0.2076885652        0.9364522031
 N          2.9096288247       -0.5714753958       -0.1293417077
 C          1.5152151915       -0.5779891044       -0.1377787105
 C          0.8106095877       -1.6836329318       -0.6174308570
 C         -0.5675988219       -1.6790816964       -0.6246197659
 C         -1.2870528385       -0.5910522640       -0.1297781429
 N         -2.6780241428       -0.6173000186       -0.1602365710
 C         -3.4713900965       -1.6316230980        0.3453547555
 C         -3.1207916639       -2.7948982086        1.0072178281
 C         -4.1332679752       -3.6332585907        1.4395568270
 C         -5.4856231245       -3.3463709530        1.2395812625
 C         -6.5963921187       -4.2748614994        1.7102885694
 C         -6.0681667159       -5.5363384385        2.3984915193
 C         -7.4866451281       -3.5251122250        2.7111879059
 C         -7.4321556509       -4.7098856524        0.4980735619
 C         -5.8237556638       -2.1630524337        0.5952453619
 C         -4.8304663139       -1.3053722634        0.1525102136
 C         -4.8536476714       -0.0295925756       -0.5110238848
 C         -5.8766838863        0.7813893915       -0.9730487435
 C         -5.5821699746        1.9786346791       -1.6126090022
 C         -6.7259718373        2.8591470176       -2.0954434360
 C         -6.2437275838        4.1453927534       -2.7711440458
 C         -7.5947537861        3.2517435414       -0.8923007351
 C         -7.5702150692        2.0760386729       -3.1108156542
 C         -4.2411579444        2.3242321858       -1.7949025189
 C         -3.2007144191        1.5313083994       -1.3452006509
 C         -3.5078102546        0.3589256978       -0.6785166416
 C         -0.5838650421        0.5208090557        0.3632466801
 C         -1.2946240093        1.6451765309        1.0227204637
 O         -2.2573801708        1.4879043879        1.7410907797
 C         -0.7244530624        3.0015456954        0.8002768406
 C         -0.9055734562        4.0031768339        1.7580132267
 N         -0.4542921700        5.2311256561        1.5895406247
 C          0.1930017160        5.4788261799        0.4642555646
 N          0.4162531888        4.6196677961       -0.5144987799
 C         -0.0481972399        3.3935795206       -0.3553875841
 C          0.8069590203        0.5199020891        0.3376921067
 H          7.2979602448       -2.3744746554       -5.9871660781
 H          5.8465590988       -1.3958980209       -5.8143574448
 H          5.8515922016       -3.0878901770       -5.2837708817
 H          8.6149970553       -3.1010997480       -4.0766935657
 H          8.2356361332       -2.5905260810       -2.4340157736
 H          7.2065149066       -3.7676674333       -3.2457421694
 H          8.2134219910       -0.1529542906       -3.1929357029
 H          8.5868507795       -0.6522456845       -4.8405481217
 H          7.1623788267        0.3405500474       -4.5176923298
 H          4.1889846595       -1.8532593363       -4.3619074949
 H          2.3898186657       -1.3747171346       -2.8118451156
 H          7.1219975676       -0.9344806806       -1.3782053952
 H          7.1025843237       -0.1466248307        1.1556503494
 H          8.4057176942        1.2201416672        2.4255923997
 H          8.9449251592        0.8120521509        4.0501569400
 H          8.4371135369       -0.4708463125        2.9585033768
 H          5.6391447654        2.2960769836        4.7120866203
 H          6.7051010494        2.8235852396        3.4121943779
 H          7.3736892168        2.4139991035        4.9945918745
 H          7.4163287412       -0.0358095443        5.7495657388
 H          5.6806478820       -0.1439238653        5.4709636706
 H          6.7674918568       -1.2846072889        4.6825176035
 H          4.1333585834        0.7380221531        4.1136646673
 H          2.3483607539        0.2245920751        2.5500727582
 H          1.3530571259       -2.5453244794       -0.9750552791
 H         -1.1096827223       -2.5269301136       -1.0152998596
 H         -2.0877350640       -3.0445009068        1.1995171220
 H         -3.8450678950       -4.5354176034        1.9528841707
 H         -6.9066601354       -6.1591074725        2.7038517285
 H         -5.4456938860       -6.1196319188        1.7240251641
 H         -5.4954643349       -5.2862699497        3.2883019850
 H         -6.8959949356       -3.1903755285        3.5611107122
 H         -7.9491180273       -2.6546518431        2.2550346784
 H         -8.2761182874       -4.1795537133        3.0747375501
 H         -8.2248671758       -5.3857524464        0.8118721604
 H         -7.8882082516       -3.8563842544        0.0047000087
 H         -6.8045318548       -5.2261633445       -0.2253324907
 H         -6.8558278642       -1.8924113344        0.4370684774
 H         -6.8981600905        0.4661504221       -0.8292149889
 H         -5.6499825680        3.9253522537       -3.6551960647
 H         -7.1041528959        4.7338424465       -3.0833551830
 H         -5.6547793944        4.7498715276       -2.0855701473
 H         -8.0237422213        2.3772814980       -0.4118781099
 H         -8.4085619879        3.8991986347       -1.2120545849
 H         -6.9967399024        3.7848865805       -0.1565726583
 H         -6.9566060227        1.7751979376       -3.9573853662
 H         -7.9968350206        1.1820529088       -2.6651704647
 H         -8.3853579008        2.6960051584       -3.4779994511
 H         -3.9840812529        3.2376376769       -2.3049392369
 H         -2.1778683036        1.8280811890       -1.5238804419
 H         -1.4249226040        3.7899883695        2.6833667307
 H          0.5727849525        6.4827720534        0.3285635949
 H          0.1185411154        2.7129322734       -1.1816895714
 H          1.3517308042        1.3709529500        0.7161980801
