  70
 Etot=        -110.6726596192
 C         -2.2056957717        4.5934510703        0.1091920049
 C         -1.9176604084        3.7509093036        1.1698413907
 C         -2.3338622656        2.4320462566        1.1447093581
 C         -3.0419960366        1.9553849348        0.0479896993
 N         -3.4358053597        0.6035923834        0.0053221572
 C         -2.5762435448       -0.4740062874       -0.0295256173
 C         -1.1259841911       -0.3912899999       -0.0339333509
 C         -0.4130132149       -1.4218060109        0.5820322716
 C          0.9642184736       -1.4066370316        0.6080942001
 C          1.6786811568       -0.3687811171        0.0090151081
 C          3.1458808635       -0.3503131947        0.0389134476
 C          3.8805330057        0.0434918901       -1.0796153463
 C          5.2581673477        0.0532949445       -1.0510718402
 C          5.9492879658       -0.3242798359        0.1007233435
 C          7.4006699767       -0.3022179152        0.0997745149
 C          8.2743717177       -0.6458189451        1.1207105708
 N          9.5251876067       -0.4588448074        0.6330905758
 C         10.7452636145       -0.6366534283        1.1902378961
 C         11.8612208386       -0.3667428011        0.4592027237
 C         11.7490161310        0.0948438714       -0.8696365953
 C         10.5194780825        0.2760202703       -1.4373037009
 C          9.3713484632       -0.0028097969       -0.6817714062
 N          8.0973133346        0.0896590053       -0.9969971878
 C          5.2178219423       -0.7145368914        1.2220913551
 C          3.8390791178       -0.7298068725        1.1878500529
 C          0.9637780291        0.6429209741       -0.6293975167
 C         -0.4160362399        0.6356202081       -0.6540841436
 N         -3.2207797988       -1.6141848578       -0.0657049330
 C         -4.5415446526       -1.3008771117       -0.0620565637
 C         -5.6489788875       -2.1911083410       -0.1328407701
 C         -5.4612917383       -3.5739810920       -0.2274989108
 C         -6.5414630866       -4.4145271011       -0.3271192682
 C         -7.8273415248       -3.8775629229       -0.3373449126
 C         -8.0233023672       -2.5198729422       -0.2393513343
 C         -6.9454264660       -1.6281833544       -0.1266602055
 C         -7.1193263217       -0.1925651902        0.0122725047
 C         -8.3929601968        0.3874497996        0.0972198499
 C         -8.5697412508        1.7393964899        0.2722585800
 C         -7.4658182286        2.5777167984        0.3890950575
 C         -6.2006551679        2.0513975491        0.3035788356
 C         -5.9982981781        0.6793566684        0.0955266058
 C         -4.7102386287        0.0818080168       -0.0043985459
 C         -3.3290887904        2.7992760374       -1.0211840079
 C         -2.9120387261        4.1167736501       -0.9837058212
 H         -1.8792748116        5.6220939543        0.1326278398
 H         -1.3676693369        4.1210173986        2.0218082902
 H         -2.1121136108        1.7653201438        1.9646721135
 H         -0.9668256109       -2.2297255129        1.0342595530
 H          1.4994742706       -2.2184879266        1.0783084979
 H          3.3612048256        0.3200941765       -1.9856497403
 H          5.8318599202        0.3490537750       -1.9152530249
 H          8.1010367684       -0.9961291899        2.1172709482
 H         10.7733419044       -0.9918455890        2.2097482420
 H         12.8343466885       -0.5075626277        0.9004416817
 H         12.6462618706        0.3025133044       -1.4310702460
 H         10.3934737866        0.6261536130       -2.4479818097
 H          5.7303588097       -1.0059805186        2.1265512494
 H          3.2862464719       -1.0187033753        2.0702321047
 H          1.4970143119        1.4557599828       -1.1003824506
 H         -0.9363508683        1.4230064695       -1.1779048270
 H         -4.4486396922       -3.9462523616       -0.2261107073
 H         -6.4017640731       -5.4828959529       -0.4021462998
 H         -8.6809494055       -4.5346147407       -0.4232380642
 H         -9.0366787923       -2.1510262105       -0.2546797395
 H         -9.2706123072       -0.2353255619        0.0339167089
 H         -9.5672644044        2.1492687837        0.3326125127
 H         -7.6016364865        3.6369501030        0.5507258311
 H         -5.3488726368        2.7034385790        0.4143059528
 H         -3.8784022915        2.4152065307       -1.8685243802
 H         -3.1356358966        4.7715237629       -1.8125819575
  70
 Etot=        -110.6726596413
 C         -2.2056967930        4.5934561317        0.1091914922
 C         -1.9176644668        3.7509071993        1.1698425661
 C         -2.3338648151        2.4320449453        1.1447046629
 C         -3.0419965121        1.9553852748        0.0479861187
 N         -3.4358039695        0.6035900627        0.0053201427
 C         -2.5762521684       -0.4739979230       -0.0295275923
 C         -1.1259794574       -0.3912893487       -0.0339366929
 C         -0.4130219395       -1.4218060565        0.5820282671
 C          0.9642199004       -1.4066411807        0.6080897074
 C          1.6786783353       -0.3687824897        0.0090168910
 C          3.1458839673       -0.3503183759        0.0389152079
 C          3.8805298644        0.0434962626       -1.0796207228
 C          5.2581807639        0.0532875335       -1.0510653043
 C          5.9492805922       -0.3242786840        0.1007201263
 C          7.4006861832       -0.3022085135        0.0997651708
 C          8.2743690711       -0.6458198684        1.1207298120
 N          9.5251846165       -0.4588494507        0.6330813641
 C         10.7452824826       -0.6366536681        1.1902472409
 C         11.8612121634       -0.3667466739        0.4591977044
 C         11.7490209867        0.0948464863       -0.8696329227
 C         10.5194750900        0.2760232911       -1.4373124912
 C          9.3713447008       -0.0028098767       -0.6817565000
 N          8.0973053970        0.0896660668       -0.9969866731
 C          5.2178326121       -0.7145361290        1.2220970286
 C          3.8390714968       -0.7298099364        1.1878465616
 C          0.9637790952        0.6429280731       -0.6293951977
 C         -0.4160402556        0.6356164218       -0.6540851648
 N         -3.2207726041       -1.6141855092       -0.0657072883
 C         -4.5415478069       -1.3008740197       -0.0620616433
 C         -5.6489789152       -2.1911131816       -0.1328452423
 C         -5.4612937186       -3.5739787318       -0.2274993939
 C         -6.5414652583       -4.4145331213       -0.3271131979
 C         -7.8273470647       -3.8775579681       -0.3373423395
 C         -8.0233047214       -2.5198778711       -0.2393555446
 C         -6.9454286333       -1.6281791520       -0.1266622663
 C         -7.1193242966       -0.1925694977        0.0122737879
 C         -8.3929657371        0.3874531488        0.0972196417
 C         -8.5697400428        1.7393932101        0.2722572694
 C         -7.4658206461        2.5777217719        0.3890984395
 C         -6.2006531584        2.0513916494        0.3035822780
 C         -5.9982981670        0.6793619442        0.0955290455
 C         -4.7102374536        0.0818098108       -0.0044016693
 C         -3.3290865182        2.7992730556       -1.0211819939
 C         -2.9120395317        4.1167729238       -0.9837103718
 H         -1.8792752451        5.6220917290        0.1326262116
 H         -1.3676715263        4.1210163490        2.0218056862
 H         -2.1121149092        1.7653215984        1.9646702995
 H         -0.9668268927       -2.2297254055        1.0342612024
 H          1.4994760596       -2.2184875591        1.0783071712
 H          3.3612063026        0.3200840345       -1.9856560290
 H          5.8318630291        0.3490497074       -1.9152556926
 H          8.1010345801       -0.9961334009        2.1172633873
 H         10.7733537962       -0.9918437095        2.2097469420
 H         12.8343502889       -0.5075620152        0.9004481339
 H         12.6462646458        0.3025137125       -1.4310813320
 H         10.3934781533        0.6261592506       -2.4479764769
 H          5.7303564461       -1.0059772152        2.1265558970
 H          3.2862432232       -1.0187021704        2.0702316275
 H          1.4970160416        1.4557587280       -1.1003854867
 H         -0.9363509949        1.4230065490       -1.1779050801
 H         -4.4486400917       -3.9462559109       -0.2261142052
 H         -6.4017633466       -5.4828941981       -0.4021466327
 H         -8.6809529691       -4.5346164418       -0.4232345307
 H         -9.0366805400       -2.1510221244       -0.2546762217
 H         -9.2706149779       -0.2353249213        0.0339166465
 H         -9.5672667221        2.1492704475        0.3326212407
 H         -7.6016349515        3.6369493588        0.5507363114
 H         -5.3488701104        2.7034391906        0.4143076833
 H         -3.8784016893        2.4152060765       -1.8685253687
 H         -3.1356342399        4.7715235876       -1.8125832937
