  86
 Etot=        -123.6947664215
 C          4.3876466201        5.1693575056        0.0496449817
 C          3.5839702481        3.9051870512        0.0088984786
 C          3.7424120957        2.9402778238        0.9937608969
 C          3.0016081022        1.7750150843        0.9854072658
 C          2.0760604494        1.5416786578       -0.0263655111
 C          1.2479692422        0.3241195474       -0.0358969754
 C          1.8395298355       -0.9321505513       -0.0112682854
 C          3.3106658490       -1.0393189549        0.0885698698
 C          4.1262423054       -0.4784520977       -0.8890129315
 C          5.5018164470       -0.5728463398       -0.7932993331
 C          6.0817479686       -1.2256238530        0.2811514137
 C          5.2776839086       -1.7830342635        1.2608510422
 C          3.9019440549       -1.6918991694        1.1655962032
 C          1.0597992019       -2.0971001176       -0.0968334362
 C          1.7365850180       -3.3963987336        0.0071077187
 C          2.7831132810       -3.7479627069       -0.8493439021
 C          3.4456268940       -4.9498504363       -0.6938913084
 C          3.0844627454       -5.8223880238        0.3204498710
 C          2.0470343630       -5.4857340858        1.1769255353
 C          1.3789261285       -4.2881185237        1.0240857534
 C         -0.3560023573       -1.9911259270       -0.2024492568
 C         -1.2014828647       -3.0539115516       -0.6039553861
 N         -0.7257146506       -4.2794098788       -0.9967306759
 C         -2.6087733149       -2.8717841908       -0.6767305603
 C         -3.2239503595       -1.7166487698       -0.2749978097
 C         -4.6668377570       -1.5383573471       -0.2648641742
 C         -5.5182731894       -2.3878201304       -0.9639286263
 C         -6.8961713652       -2.2225289896       -0.9343167632
 C         -7.4487312836       -1.1832559779       -0.2064482624
 C         -6.6294100777       -0.3120394299        0.4827763228
 C         -5.2319877024       -0.4650080486        0.4725767015
 C         -4.3604330001        0.4181019342        1.1779630863
 N         -4.8562326533        1.4387595865        1.9547836428
 C         -2.9732309625        0.3260886722        1.0023990570
 C         -2.3923481843       -0.6487588449        0.2243608439
 C         -0.9572307831       -0.7119414246       -0.0016887544
 C         -0.1688541238        0.4343792701       -0.0124221239
 C         -0.7651328328        1.7797770214       -0.0821613590
 C         -1.6555317960        2.0921824796       -1.1059096047
 C         -2.1573928609        3.3719267954       -1.2250138736
 C         -1.7856579897        4.3794017036       -0.3442015145
 C         -2.3276806597        5.7670094555       -0.5071619932
 C         -0.8951146798        4.0764802107        0.6890366517
 C         -0.4561125390        5.1349880047        1.6551837531
 C         -0.4045232359        2.7868271493        0.8089233824
 C          1.9276415660        2.5036512801       -1.0214367993
 C          2.6598303948        3.6783740356       -1.0151355558
 C          2.4485761891        4.6976498004       -2.0933030241
 H          5.0581027608        5.1713879031        0.9055906569
 H          4.9832490467        5.2771045356       -0.8566688248
 H          3.7340553464        6.0389751779        0.1200265440
 H          4.4546057900        3.1087526241        1.7899482670
 H          3.1267483925        1.0509894891        1.7771653986
 H          3.6749071936        0.0278029857       -1.7303453408
 H          6.1243614231       -0.1354881024       -1.5607115911
 H          7.1570500744       -1.2991115523        0.3553675984
 H          5.7244119951       -2.2913184826        2.1033629128
 H          3.2767804189       -2.1220453994        1.9350948348
 H          3.0654069158       -3.0752529535       -1.6462128338
 H          4.2514422402       -5.2068183499       -1.3663324801
 H          3.6095622390       -6.7578644761        0.4444387893
 H          1.7657783334       -6.1594046329        1.9736619540
 H          0.5765839134       -4.0207119538        1.6965778865
 H          0.2539401782       -4.3630669612       -1.2140506209
 H         -1.3582613926       -4.8602961547       -1.5220112350
 H         -3.1871916358       -3.7144124623       -1.0249543326
 H         -5.1087057172       -3.1888362534       -1.5595033894
 H         -7.5310397815       -2.9007492418       -1.4847803359
 H         -8.5202409247       -1.0461950739       -0.1825723821
 H         -7.0787781258        0.5094130212        1.0210422837
 H         -4.1900038660        1.9158379437        2.5395001095
 H         -5.7815221767        1.3404160922        2.3359260231
 H         -2.3560183166        1.0526015276        1.5079381726
 H         -1.9441829757        1.3271801758       -1.8123621226
 H         -2.8449406512        3.5991658071       -2.0280239276
 H         -3.0105261717        5.8160222661       -1.3517526420
 H         -1.5189300516        6.4784793853       -0.6745723396
 H         -2.8628520181        6.0813762296        0.3888524013
 H         -1.3089827972        5.5522934385        2.1908617033
 H          0.0336835605        5.9523223484        1.1266675361
 H          0.2451846910        4.7261957685        2.3783454292
 H          0.2742232987        2.5550888113        1.6177678843
 H          1.2202633105        2.3273141321       -1.8197075764
 H          2.1349764775        5.6485944313       -1.6632973662
 H          1.6817639591        4.3657097727       -2.7886603065
 H          3.3707254227        4.8732268615       -2.6472575578
  86
 Etot=        -123.6947735149
 C          4.3875572481        5.1692407445        0.0492391979
 C          3.5838785349        3.9050611021        0.0086762727
 C          3.7425632172        2.9400710810        0.9934971296
 C          3.0019129114        1.7747501171        0.9852397339
 C          2.0758003826        1.5415008262       -0.0262135456
 C          1.2478008125        0.3241237265       -0.0357667579
 C          1.8394181997       -0.9324919652       -0.0115609743
 C          3.3105603710       -1.0395335796        0.0884725284
 C          4.1261155157       -0.4784816489       -0.8890214581
 C          5.5016966391       -0.5727501852       -0.7932832147
 C          6.0816607588       -1.2255382538        0.2811403639
 C          5.2776187972       -1.7830221030        1.2608281907
 C          3.9018686706       -1.6920049768        1.1655564919
 C          1.0598802147       -2.0972596196       -0.0969657903
 C          1.7363818665       -3.3961874695        0.0070991263
 C          2.7836739341       -3.7476112632       -0.8489487343
 C          3.4458174931       -4.9495854240       -0.6936246694
 C          3.0843171002       -5.8223899534        0.3205525670
 C          2.0464562923       -5.4858480696        1.1767703894
 C          1.3780851054       -4.2885369814        1.0236984631
 C         -0.3564371025       -1.9912927089       -0.2025872882
 C         -1.2015011565       -3.0537760259       -0.6044034571
 N         -0.7255981343       -4.2789735456       -0.9963558558
 C         -2.6079281470       -2.8716817961       -0.6775233538
 C         -3.2235678698       -1.7164252661       -0.2748833352
 C         -4.6662976763       -1.5383685146       -0.2646966887
 C         -5.5177294093       -2.3879186421       -0.9637737313
 C         -6.8958403560       -2.2225619099       -0.9343290161
 C         -7.4485517945       -1.1832550047       -0.2064186964
 C         -6.6295022761       -0.3119559042        0.4828562874
 C         -5.2316210232       -0.4646646938        0.4725921078
 C         -4.3606034361        0.4182739746        1.1775884173
 N         -4.8562513758        1.4384947878        1.9543320708
 C         -2.9735197799        0.3264507770        1.0022767644
 C         -2.3923446187       -0.6486796660        0.2242183024
 C         -0.9576648634       -0.7119884385       -0.0014826801
 C         -0.1690003010        0.4344634577       -0.0121650576
 C         -0.7652083839        1.7796812499       -0.0818984685
 C         -1.6560110858        2.0920960566       -1.1054048589
 C         -2.1576306489        3.3718906872       -1.2245762805
 C         -1.7856459377        4.3794330465       -0.3438523398
 C         -2.3275496106        5.7670830218       -0.5068166530
 C         -0.8949076147        4.0764917200        0.6892564125
 C         -0.4558994579        5.1349490499        1.6554521817
 C         -0.4041696694        2.7869150620        0.8089837444
 C          1.9270268414        2.5037323544       -1.0211529581
 C          2.6594581572        3.6782570316       -1.0151666008
 C          2.4482992460        4.6973691990       -2.0935123694
 H          5.0581309206        5.1713426163        0.9050925796
 H          4.9830482793        5.2769455863       -0.8571576063
 H          3.7339925182        6.0388821748        0.1196375421
 H          4.4547535509        3.1086778506        1.7896600724
 H          3.1271326756        1.0508236502        1.7770723920
 H          3.6747499247        0.0277503607       -1.7303541823
 H          6.1242163706       -0.1353193978       -1.5606751916
 H          7.1569661908       -1.2989687429        0.3553510707
 H          5.7243851334       -2.2912952003        2.1033230496
 H          3.2767413623       -2.1222407637        1.9350275477
 H          3.0659517645       -3.0750251286       -1.6459366345
 H          4.2515281166       -5.2066815936       -1.3661517050
 H          3.6095310759       -6.7577814172        0.4446994355
 H          1.7655216503       -6.1592884876        1.9738261226
 H          0.5760342846       -4.0209582890        1.6964855439
 H          0.2543752946       -4.3628750434       -1.2124868325
 H         -1.3577233724       -4.8600608764       -1.5219541219
 H         -3.1863031887       -3.7140958744       -1.0263127780
 H         -5.1081639082       -3.1887625255       -1.5595713419
 H         -7.5306341221       -2.9007162950       -1.4849370240
 H         -8.5200735172       -1.0462834472       -0.1826669314
 H         -7.0790604764        0.5093650099        1.0211487338
 H         -4.1901120195        1.9157672845        2.5390406915
 H         -5.7818322203        1.3405482534        2.3349346997
 H         -2.3563625510        1.0528759267        1.5080194104
 H         -1.9446007221        1.3271632263       -1.8119647859
 H         -2.8450235951        3.5992337951       -2.0276877630
 H         -3.0104418445        5.8161295081       -1.3513664981
 H         -1.5187614773        6.4784959416       -0.6742936273
 H         -2.8626379484        6.0815259286        0.3892249558
 H         -1.3087602422        5.5522617380        2.1911457117
 H          0.0339003187        5.9522794185        1.1269417357
 H          0.2454002649        4.7261299133        2.3785967735
 H          0.2746028627        2.5551566305        1.6177956190
 H          1.2196771075        2.3273218000       -1.8194299931
 H          2.1349209034        5.6484447053       -1.6636375362
 H          1.6813589316        4.3654410242       -2.7887334651
 H          3.3704171874        4.8726886554       -2.6476037276
