  96
 Etot=        -152.9533446144
 C          5.4797304641       -4.9276912966       -1.3069430252
 C          5.9409934008       -4.5586147165       -0.0535857252
 C          5.6298164500       -3.3184077856        0.4697664574
 C          4.8531738682       -2.4200963909       -0.2622640191
 N          4.5363193821       -1.1633035282        0.2673366066
 C          5.4948802443       -0.4592887569        1.0065025542
 C          5.1231041021        0.2814904679        2.1286869471
 C          6.0715213200        0.9847757180        2.8454134190
 C          7.4038240001        0.9544169662        2.4659020159
 C          7.7806936286        0.2130172388        1.3577641896
 C          6.8375006040       -0.4858506892        0.6290107023
 C          3.2700239981       -0.6082509476        0.0540616584
 C          3.1367786719        0.7664988167       -0.1032152764
 C          1.8784273244        1.3270603133       -0.3060567594
 C          0.7299918235        0.5098781534       -0.3539927218
 C          0.8921978247       -0.8819803362       -0.2092612165
 C          2.1507970891       -1.4348566631       -0.0014423088
 N         -0.2224624336       -1.6994369956       -0.2797634855
 C          0.0092524642       -3.1088090620       -0.3323812845
 C          0.0512647242       -3.8605733283        0.8355542528
 C          0.2976960663       -5.2206067038        0.7687551418
 C          0.5033297680       -5.8311205981       -0.4579742384
 C          0.4601850131       -5.0808802582       -1.6212713863
 C          0.2147727270       -3.7197462305       -1.5616720646
 C         -1.5199885415       -1.2418100279       -0.2330213284
 C         -2.5532577867       -2.1868708685       -0.1553070359
 C         -3.8608687577       -1.7768136885       -0.0035523116
 C         -4.1931807827       -0.4165042633        0.1277368579
 C         -3.1452013368        0.5057694666        0.0089643813
 C         -1.8100866241        0.1445593322       -0.2530359808
 B         -0.6460476243        1.1162029162       -0.5448504037
 C         -0.6244053832        2.5804637409       -1.0374633120
 C         -1.6956518181        3.2390918885       -1.6525272197
 C         -1.6327991416        4.5597856896       -2.0377428977
 C         -0.4695446570        5.2824743523       -1.8013554714
 C          0.6284073324        4.6602880945       -1.2529671591
 C          0.5847915406        3.3019921162       -0.9074804940
 N          1.7442865762        2.6907514428       -0.4617578344
 C          2.8978539448        3.4972528952       -0.2190509284
 C          3.8083906595        3.7550582327       -1.2370522934
 C          4.9327894263        4.5184811262       -0.9772267602
 C          5.1507437213        5.0262082989        0.2935108924
 C          4.2411599554        4.7719755306        1.3062951106
 C          3.1152227200        4.0072046351        1.0536481617
 O         -3.3870561909        1.8233423524        0.1947644890
 C         -4.6374281630        2.3303807280        0.3516556660
 C         -4.6749984726        3.7262874763        0.4397476705
 C         -5.8804306027        4.3785598087        0.5518328353
 C         -7.0620756569        3.6441287665        0.5663020164
 C         -7.0179197787        2.2695420157        0.4973496798
 C         -5.8129713078        1.5569309949        0.4102236742
 B         -5.6281600802        0.0192784661        0.3782766375
 C         -6.6170470522       -1.1656513737        0.5545578837
 C         -7.9696034462       -1.0834493519        0.9124870984
 C         -8.7815947073       -2.1926082168        1.0092095380
 C         -8.2632921275       -3.4554632284        0.7480257191
 C         -6.9330099039       -3.5897792888        0.4209962123
 C         -6.1127122047       -2.4618040617        0.3370815000
 O         -4.8104249624       -2.7457288048        0.0444215691
 C          4.3987877838       -2.7941035197       -1.5270181344
 C          4.7075863499       -4.0396275519       -2.0383353536
 H          5.7215004006       -5.8993020603       -1.7109642955
 H          6.5414277909       -5.2449344678        0.5260116024
 H          5.9835740984       -3.0360442389        1.4508765906
 H          4.0864566404        0.2994814698        2.4315493656
 H          5.7686814419        1.5545578604        3.7119832404
 H          8.1428606412        1.5033428634        3.0299918156
 H          8.8166131855        0.1854428818        1.0518422340
 H          7.1327224807       -1.0552046561       -0.2405524914
 H          4.0202032703        1.3839587483       -0.0767906985
 H          2.2766530387       -2.4970517878        0.1332320000
 H         -0.1098618924       -3.3733113935        1.7860728614
 H          0.3304916704       -5.8039794483        1.6769217792
 H          0.6968787410       -6.8921940002       -0.5061379588
 H          0.6194921872       -5.5549960203       -2.5782218523
 H          0.1808379187       -3.1230572989       -2.4612214791
 H         -2.3487466160       -3.2441755959       -0.1960900491
 H         -2.6002249754        2.6825030743       -1.8414580285
 H         -2.4818300286        5.0341400823       -2.5091534598
 H         -0.4142429586        6.3288554827       -2.0671539875
 H          1.5378615199        5.2243018382       -1.1083834900
 H          3.6283275729        3.3533663348       -2.2236712173
 H          5.6404364121        4.7162593463       -1.7687416315
 H          6.0298757043        5.6203163719        0.4934532602
 H          4.4085589130        5.1677325482        2.2969702351
 H          2.4001819400        3.7996609493        1.8362650032
 H         -3.7393814511        4.2634940858        0.4019535940
 H         -5.9077087239        5.4564348327        0.6160790177
 H         -8.0121882485        4.1540342595        0.6328439897
 H         -7.9459473638        1.7207024151        0.4960996501
 H         -8.3878547887       -0.1149200953        1.1340569990
 H         -9.8198019399       -2.0825038973        1.2866853032
 H         -8.8946620695       -4.3294552061        0.8121283108
 H         -6.4934816143       -4.5579693781        0.2321205544
 H          3.8046892338       -2.0998977469       -2.1030194953
 H          4.3492545297       -4.3153493655       -3.0195328702
  96
 Etot=        -152.9534211663
 C          5.4761905147       -4.9267974722       -1.3058337439
 C          5.9401786376       -4.5568000728       -0.0540877802
 C          5.6302373956       -3.3165519026        0.4689892673
 C          4.8515004157       -2.4194066328       -0.2617852600
 N          4.5354963251       -1.1632356937        0.2674979521
 C          5.4933985905       -0.4592694302        1.0060453915
 C          5.1209339973        0.2847841253        2.1256587925
 C          6.0692758334        0.9880726489        2.8418435864
 C          7.4016968046        0.9554593697        2.4638731100
 C          7.7787662385        0.2119364788        1.3576048806
 C          6.8360553309       -0.4878547269        0.6297343063
 C          3.2694560153       -0.6082249018        0.0540748439
 C          3.1367075645        0.7663825970       -0.1023832225
 C          1.8781293695        1.3264890537       -0.3052110647
 C          0.7299266603        0.5095764437       -0.3539082056
 C          0.8923398057       -0.8818795320       -0.2095846351
 C          2.1508988240       -1.4350953567       -0.0019701640
 N         -0.2219424382       -1.6988282975       -0.2802546277
 C          0.0106569638       -3.1070507038       -0.3327941688
 C          0.0514775642       -3.8589394591        0.8347962456
 C          0.2990561083       -5.2184080077        0.7680904191
 C          0.5066713341       -5.8284321406       -0.4582108019
 C          0.4661228793       -5.0779210136       -1.6209900420
 C          0.2196794312       -3.7172984192       -1.5615501240
 C         -1.5203970396       -1.2418110345       -0.2333200863
 C         -2.5528592295       -2.1870127988       -0.1555673463
 C         -3.8608414579       -1.7769366874       -0.0043693844
 C         -4.1923719693       -0.4166129379        0.1269879826
 C         -3.1451092658        0.5059873599        0.0083809921
 C         -1.8099540727        0.1443513171       -0.2528144420
 B         -0.6466584253        1.1159335498       -0.5438735505
 C         -0.6250885423        2.5801171996       -1.0353248514
 C         -1.6972185237        3.2388180208       -1.6481355350
 C         -1.6341869457        4.5592124166       -2.0331924659
 C         -0.4703292736        5.2811892266       -1.7994406059
 C          0.6281840335        4.6590386968       -1.2524295737
 C          0.5839106671        3.3013815364       -0.9063366185
 N          1.7437543914        2.6896426738       -0.4609227034
 C          2.8970117007        3.4949061679       -0.2185573223
 C          3.8069115328        3.7534646235       -1.2366381697
 C          4.9311870197        4.5165763689       -0.9769490727
 C          5.1501275936        5.0228493049        0.2938497462
 C          4.2420095165        4.7668812274        1.3070620835
 C          3.1160463713        4.0026478796        1.0544758506
 O         -3.3863160292        1.8227611480        0.1931697277
 C         -4.6356549181        2.3296598386        0.3494138236
 C         -4.6733207309        3.7255476608        0.4359481843
 C         -5.8785934773        4.3772028175        0.5497847917
 C         -7.0600154768        3.6427952476        0.5659502263
 C         -7.0158914844        2.2684822295        0.4979462339
 C         -5.8111190045        1.5563740479        0.4096447477
 B         -5.6267127690        0.0192803711        0.3775796538
 C         -6.6152288967       -1.1648736465        0.5537038266
 C         -7.9676815216       -1.0823761004        0.9111155730
 C         -8.7792288552       -2.1913635141        1.0086832536
 C         -8.2606303071       -3.4540191441        0.7484034334
 C         -6.9308163811       -3.5883680105        0.4212862252
 C         -6.1103817318       -2.4608068154        0.3370300601
 O         -4.8094932181       -2.7444842927        0.0445732291
 C          4.3926940658       -2.7948887752       -1.5243586707
 C          4.7011908459       -4.0401852067       -2.0355103311
 H          5.7186579540       -5.8978505891       -1.7102190217
 H          6.5415635679       -5.2427933634        0.5244885036
 H          5.9857416166       -3.0335197358        1.4490859559
 H          4.0843238803        0.3034502043        2.4280625476
 H          5.7669211454        1.5574823274        3.7085339635
 H          8.1408265156        1.5037125837        3.0281147139
 H          8.8146758168        0.1835838260        1.0524954676
 H          7.1313696258       -1.0587881593       -0.2385514735
 H          4.0207190110        1.3836076288       -0.0765338963
 H          2.2771844524       -2.4974903685        0.1333863195
 H         -0.1114835233       -3.3718876888        1.7849238564
 H          0.3303234961       -5.8023096387        1.6758506202
 H          0.6986423560       -6.8897033599       -0.5066390906
 H          0.6240856549       -5.5525848533       -2.5777676421
 H          0.1841941570       -3.1209481684       -2.4611141876
 H         -2.3479956493       -3.2443915092       -0.1961615891
 H         -2.6011939280        2.6819615820       -1.8369607687
 H         -2.4827506203        5.0336266696       -2.5045025410
 H         -0.4146868303        6.3271128953       -2.0658337874
 H          1.5381918491        5.2228140929       -1.1090173531
 H          3.6260372930        3.3526928450       -2.2233002323
 H          5.6382244987        4.7156395312       -1.7685488107
 H          6.0286115302        5.6179022550        0.4933011766
 H          4.4094072309        5.1635240222        2.2972734588
 H          2.4002991530        3.7963838341        1.8364717067
 H         -3.7381823542        4.2632224415        0.3961969170
 H         -5.9066077337        5.4549385031        0.6140578139
 H         -8.0100748160        4.1525987675        0.6329855275
 H         -7.9442050877        1.7197215661        0.4979353707
 H         -8.3865862817       -0.1137810917        1.1321293330
 H         -9.8174392152       -2.0814963413        1.2860850579
 H         -8.8922996060       -4.3276674222        0.8128912563
 H         -6.4918990726       -4.5563968748        0.2327232353
 H          3.7976910304       -2.1010083857       -2.0996002479
 H          4.3435966121       -4.3157686502       -3.0168185197
  96
 Etot=        -152.9534880022
 C          5.4689546149       -4.9260777830       -1.3043678261
 C          5.9389442101       -4.5541684883       -0.0556672404
 C          5.6312484719       -3.3136194505        0.4671272584
 C          4.8477934156       -2.4185521796       -0.2608477504
 N          4.5337138427       -1.1630677742        0.2679106830
 C          5.4905910181       -0.4587462042        1.0052385296
 C          5.1168693643        0.2912631371        2.1204370220
 C          6.0650752862        0.9949553497        2.8356914212
 C          7.3980262478        0.9582198445        2.4605301974
 C          7.7757944340        0.2099021075        1.3580137411
 C          6.8337004622       -0.4915002664        0.6315277372
 C          3.2679758730       -0.6079249099        0.0543072994
 C          3.1362030055        0.7664298938       -0.1018555446
 C          1.8773407720        1.3259099203       -0.3043581326
 C          0.7297018825        0.5091505922       -0.3537915795
 C          0.8921792223       -0.8817606469       -0.2099589553
 C          2.1504899230       -1.4352906506       -0.0017728586
 N         -0.2212541423       -1.6981033306       -0.2813299018
 C          0.0127596058       -3.1045119938       -0.3338904525
 C          0.0510160513       -3.8567910469        0.8333073259
 C          0.3011864455       -5.2153819536        0.7667821699
 C          0.5136483239       -5.8242698484       -0.4590485435
 C          0.4768751942       -5.0732362903       -1.6213068243
 C          0.2281199468       -3.7133824456       -1.5620260686
 C         -1.5208736308       -1.2421369692       -0.2338981723
 C         -2.5516952760       -2.1878067414       -0.1562201729
 C         -3.8602950833       -1.7778155092       -0.0054810660
 C         -4.1905611117       -0.4172505003        0.1255697429
 C         -3.1444862999        0.5060683298        0.0075447772
 C         -1.8092788089        0.1437048940       -0.2525947075
 B         -0.6474045474        1.1154944210       -0.5423350931
 C         -0.6265912841        2.5799072305       -1.0314088538
 C         -1.7000013996        3.2387183219       -1.6414512311
 C         -1.6370738264        4.5591599911       -2.0252463508
 C         -0.4722124824        5.2801355997       -1.7952369137
 C          0.6275014406        4.6576806597       -1.2510303512
 C          0.5820414745        3.3008907067       -0.9041057801
 N          1.7424229969        2.6883081005       -0.4596181793
 C          2.8951710547        3.4916413136       -0.2177227772
 C          3.8038713321        3.7515806209       -1.2363003960
 C          4.9285462481        4.5134705130       -0.9766692969
 C          5.1496571738        5.0165376001        0.2948023399
 C          4.2436828072        4.7580132113        1.3089761239
 C          3.1171235582        3.9953016193        1.0562548468
 O         -3.3847526430        1.8215008520        0.1909802592
 C         -4.6323704887        2.3286968407        0.3457851777
 C         -4.6700726525        3.7248359406        0.4283719420
 C         -5.8750703808        4.3759007826        0.5445648196
 C         -7.0562946113        3.6415063657        0.5650848405
 C         -7.0123462931        2.2674123228        0.4987569990
 C         -5.8078779613        1.5557336881        0.4087331414
 B         -5.6241080850        0.0192016922        0.3763604331
 C         -6.6123324201       -1.1638485009        0.5520932803
 C         -7.9646781149       -1.0808353900        0.9088221228
 C         -8.7757397533       -2.1895853856        1.0078062013
 C         -8.2566269674       -3.4522550616        0.7492115526
 C         -6.9273894712       -3.5868092034        0.4218903772
 C         -6.1066488382       -2.4596911873        0.3364946336
 O         -4.8077525520       -2.7430514006        0.0448139537
 C          4.3810718214       -2.7966026930       -1.5197836756
 C          4.6887861485       -4.0416541251       -2.0309393671
 H          5.7106865082       -5.8970632558       -1.7087168163
 H          6.5438002349       -5.2389672365        0.5203110436
 H          5.9919395063       -3.0284730471        1.4445383925
 H          4.0796702567        0.3137639206        2.4200034708
 H          5.7624229644        1.5686131857        3.6992035002
 H          8.1370265446        1.5071005108        3.0238846709
 H          8.8120746797        0.1788120069        1.0551527881
 H          7.1294408030       -1.0671468748       -0.2332932578
 H          4.0209490857        1.3830071794       -0.0764990053
 H          2.2776192655       -2.4977003531        0.1345052553
 H         -0.1162771667       -3.3700295409        1.7827044963
 H          0.3303279057       -5.8000858039        1.6739861391
 H          0.7070261494       -6.8851702372       -0.5076517132
 H          0.6400560087       -5.5473629368       -2.5773647890
 H          0.1969702748       -3.1160243266       -2.4609799042
 H         -2.3461615346       -3.2451854275       -0.1968705372
 H         -2.6037616507        2.6819147478       -1.8286562774
 H         -2.4862751049        5.0347209696       -2.4934170277
 H         -0.4160778977        6.3255209655       -2.0623845521
 H          1.5387268425        5.2205535562       -1.1105326353
 H          3.6208990335        3.3529194545       -2.2233020322
 H          5.6344682604        4.7146702296       -1.7685956439
 H          6.0284039456        5.6110585660        0.4940153117
 H          4.4139253860        5.1513617114        2.2999136029
 H          2.4031467665        3.7858179463        1.8387639147
 H         -3.7355438997        4.2630556980        0.3844888199
 H         -5.9041606765        5.4535680439        0.6074946500
 H         -8.0061537928        4.1512165670        0.6341309908
 H         -7.9409827953        1.7189176108        0.5016398916
 H         -8.3845574872       -0.1121269658        1.1282541217
 H         -9.8139494279       -2.0799126392        1.2849883667
 H         -8.8886264619       -4.3254186650        0.8151797685
 H         -6.4890536132       -4.5548590365        0.2344781936
 H          3.7808719429       -2.1046941158       -2.0917866503
 H          4.3245566858       -4.3202186443       -3.0087959239
  96
 Etot=        -152.9535362880
 C          5.4590282252       -4.9280911411       -1.3026640885
 C          5.9384094549       -4.5529731608       -0.0583822086
 C          5.6332139348       -3.3117808470        0.4643090483
 C          4.8439149195       -2.4186640268       -0.2599364953
 N          4.5321763828       -1.1629397564        0.2684044773
 C          5.4885447913       -0.4577344588        1.0046560242
 C          5.1134293788        0.2992478870        2.1149176297
 C          6.0611277134        1.0051961143        2.8284670265
 C          7.3950696399        0.9634483929        2.4570297919
 C          7.7742224791        0.2080632318        1.3597050200
 C          6.8326021311       -0.4952321760        0.6345090780
 C          3.2664780729       -0.6073060297        0.0547707275
 C          3.1354794290        0.7668044078       -0.1030582039
 C          1.8764553677        1.3260338803       -0.3048610140
 C          0.7292756343        0.5091191857       -0.3541429389
 C          0.8915192850       -0.8815458843       -0.2098340530
 C          2.1494568550       -1.4349137317        0.0002479469
 N         -0.2209080383       -1.6980882696       -0.2825308171
 C          0.0149911334       -3.1034558467       -0.3353011777
 C          0.0487482027       -3.8566604728        0.8315383327
 C          0.3029570246       -5.2144187102        0.7651877427
 C          0.5239594754       -5.8214214804       -0.4602345046
 C          0.4924360249       -5.0693447517       -1.6221009098
 C          0.2398892798       -3.7102344642       -1.5628769552
 C         -1.5209581327       -1.2429616757       -0.2348998756
 C         -2.5506897402       -2.1890966191       -0.1574835941
 C         -3.8595942498       -1.7792116630       -0.0063634795
 C         -4.1891167650       -0.4183373659        0.1245294202
 C         -3.1436761217        0.5054874153        0.0071615000
 C         -1.8084929078        0.1427489885       -0.2529626513
 B         -0.6477845563        1.1152743889       -0.5419169847
 C         -0.6280886988        2.5804438261       -1.0286048243
 C         -1.7026724165        3.2401140727       -1.6359479716
 C         -1.6403913888        4.5613162000       -2.0171691058
 C         -0.4745066872        5.2814456486       -1.7899510735
 C          0.6264941154        4.6580447258       -1.2491497898
 C          0.5803852253        3.3013985889       -0.9023720871
 N          1.7410743562        2.6881290788       -0.4590882439
 C          2.8939804327        3.4898441071       -0.2169632052
 C          3.8007644393        3.7524267295       -1.2366386296
 C          4.9268450478        4.5118863929       -0.9765701834
 C          5.1513703219        5.0094909448        0.2965942274
 C          4.2479975135        4.7472254834        1.3122747247
 C          3.1199682930        3.9870270022        1.0589682226
 O         -3.3834000470        1.8201457159        0.1901887715
 C         -4.6300265764        2.3283223988        0.3432099218
 C         -4.6673681509        3.7249017027        0.4210982346
 C         -5.8720057127        4.3762840868        0.5380544928
 C         -7.0532645218        3.6419645024        0.5639648993
 C         -7.0097681825        2.2677265113        0.4996387622
 C         -5.8056994525        1.5556583231        0.4083683089
 B         -5.6224513826        0.0189593266        0.3756044359
 C         -6.6108969264       -1.1637085249        0.5507858608
 C         -7.9633196307       -1.0803584005        0.9067873663
 C         -8.7742129461       -2.1890440537        1.0071660881
 C         -8.2546630844       -3.4521130162        0.7505778006
 C         -6.9256116136       -3.5869222988        0.4231601639
 C         -6.1047375098       -2.4598233345        0.3362046045
 O         -4.8066866352       -2.7431418729        0.0449924811
 C          4.3676288390       -2.8001350309       -1.5145583800
 C          4.6717634582       -4.0462629972       -2.0249306911
 H          5.6992149158       -5.8994095614       -1.7070329166
 H          6.5479005373       -5.2362168700        0.5145884720
 H          5.9998192105       -3.0244693926        1.4388897148
 H          4.0754911180        0.3255240206        2.4115881969
 H          5.7574395501        1.5844742324        3.6879181221
 H          8.1337642818        1.5137799202        3.0192829646
 H          8.8111802605        0.1734560906        1.0595035016
 H          7.1288649377       -1.0752828821       -0.2271642455
 H          4.0205537557        1.3826644880       -0.0785975057
 H          2.2769685566       -2.4968724331        0.1384793491
 H         -0.1239825835       -3.3702931758        1.7802431480
 H          0.3296670016       -5.7998736821        1.6719773300
 H          0.7201332193       -6.8817666137       -0.5089013782
 H          0.6621015730       -5.5423630780       -2.5776120292
 H          0.2119641501       -3.1116789388       -2.4612078881
 H         -2.3447306899       -3.2463500410       -0.1983766351
 H         -2.6061855641        2.6832987165       -1.8233942151
 H         -2.4908275828        5.0381643138       -2.4818993456
 H         -0.4183089821        6.3268466139       -2.0568969722
 H          1.5386022542        5.2199511380       -1.1110299551
 H          3.6150927911        3.3565575224       -2.2243307902
 H          5.6316991069        4.7148508829       -1.7689840787
 H          6.0311168316        5.6023901757        0.4960089784
 H          4.4213497455        5.1361994091        2.3044119733
 H          2.4071412914        3.7748003858        1.8418870363
 H         -3.7329296085        4.2629830900        0.3732430484
 H         -5.9014163049        5.4541502751        0.5974765185
 H         -8.0028070621        4.1518871164        0.6349769109
 H         -7.9385668052        1.7197202326        0.5052272860
 H         -8.3835564733       -0.1115601171        1.1247850517
 H         -9.8124123265       -2.0792605308        1.2840855506
 H         -8.8866624957       -4.3250884443        0.8182746432
 H         -6.4871319435       -4.5552069465        0.2369600121
 H          3.7628953635       -2.1097722525       -2.0836144612
 H          4.3016152534       -4.3268325679       -3.0000268771
