 
        ______________________________________
       |                                      |
       |          ===================         |
       |             xTB for sTDA             |
       |          ===================         |
       |               S. Grimme              |
       |        Universitaet Bonn, MCTC       |
       |         2015-19, Version 1.0         |
       |     Wed Apr  3 09:14:55 CEST 2019    |
       |______________________________________|
 
        This code comes without any warranty
        for non-commercial, academia use only.
        Preliminary test version.
        Cite this work as:
        S. Grimme  &  C. Bannwarth, JCP 145 (2016) 054103
        if GBSA is used additionally:
        P. Shushkov, F. März, C. Bannwarth, S. Grimme, unpublished.
 
        with help from
        P. Shushkov, G. Brandenburg, S. Dohm, J. Pisarek,
        F. März, M. Checinski, S. Ehrlich, S. Spicher, 
        P. Pracht, E. Caldeweyher, S. Ehlert, and C. Bannwarth.
 
        usage        :
        xtb4stda <coord_file> [options]
        where <coord_file> is a valid file of TM)
        (*coord, Bohr) or xmol (*xyz, Angstroem)
        format.

        options:
        -chrg <int>   : molecular charge
        -uhf  <int>   : # of unpaired electrons(=2*S)
        -nox          : skip second, extended part in sTDA-xTB
        -pop          : do population analysis
                      : (default for -nox)
        -mowr <real>  : cut MO write above (def.3 Eh)
        -molden       : write formatted molden file
        -parx <file>  : read parameters for sTDA-xTB
                        calc (def:~/.param_stda2.xtb)
        -parv <file>  : read parameters for vTB part in
                        sTDA-xTB (def: ~/.param_stda1.xtb)
        -xtemp <real> : el. temp for xTB (def. 0 K)
        -etemp <real> : el. temp for GFN (def. 300 K)
        -fod          : calculate the FOD and write
                        molden.input file with
                        appropriate occupations
                        for plotting. Def. T=12500 K
 
        -acc <real>   : xTB accuracy (def. 1.0)
        -gbsa [string1] [string2]
                        use GBSA implicit solvent
                        for solvent [string1] and
                        solvation state [string2]=
                        reference, bar1M (default=1M)
        additional GFN/opt/MD/siman options read from
        $XTB4STDAHOME/.xtb4stdarc or $set in input
 
       spin and charge state information can be on:
       <.CHRG> (charge) and <.UHF> (=nalpha-nbeta)
       -uhf and -chrg override the file info.
       useful machine settings:
       setenv MKL_NUM_THREADS <NCORE_ON_YOUR_MACHINE>
       setenv OMP_STACKSIZE 500m
       limit stacksize unlimited
 
       total energies in Eh, gaps/HL energies in eV
       please read REVISION and HOWTO files carefully
 =============================
  # OMP threads =          48
 =============================
 
 xtb4stdahome directory:/home/penavora/Exe_xtb_crest/
 
 
 name of molecule           :
 comment line               :
 number of atoms            :   112
 number of electrons        :   318
 charge                     :  0
 spin                       : 0.0
 first test random number   :  0.5780
 
 -----------------------------------------
      charge density (VTB) calculation
 -----------------------------------------
 
      method parameters     
 k(s)        :  1.8000
 k(p)        :  2.8350
 k(d)        :  2.0860
 k(f)        :  2.0000
 Tscal       :  0.3300
 Gscal       :  0.3910
 fpol        :  1.0000
 Zcnf        :  0.6500
 Zqf         :  0.0000
 kcn         :  0.3000
 kEN1        : -0.5900
 wllscal     :  2.6000
 
     -------------------------
     ! NO SOLVENT MODEL USED !
     -------------------------
 
 doing EN charges ...
 sum q : -0.2220446D-15
 point charge moment (au)
     X       Y       Z   
  -0.0053  -0.0063   0.0107  total (Debye):    0.034
 
            Z      q(EN)   CN      Cart. coordinates
     1  C   4.0  -0.074   3.143   -14.13224    -8.50714    -0.12068
     2  C   4.0  -0.072   3.146   -14.01875    -6.76140     1.82663
     3  C   4.0  -0.070   3.193   -14.86580    -4.32037     1.46211
     4  C   4.0   0.087   3.275   -15.81757    -3.57740    -0.88035
     5  N   5.0  -0.311   3.246   -16.64654    -1.09443    -1.26402
     6  C   4.0   0.088   3.273   -18.77241    -0.62633    -2.76396
     7  C   4.0  -0.069   3.191   -18.86345     1.48700    -4.33645
     8  C   4.0  -0.072   3.145   -20.97331     1.94576    -5.80265
     9  C   4.0  -0.074   3.143   -23.01338     0.30656    -5.74258
    10  C   4.0  -0.072   3.145   -22.92819    -1.80144    -4.19273
    11  C   4.0  -0.069   3.192   -20.83378    -2.26784    -2.70690
    12  C   4.0   0.089   3.273   -15.33605     0.91409    -0.15327
    13  C   4.0  -0.069   3.191   -16.63003     3.02359     0.75516
    14  C   4.0  -0.071   3.144   -15.31321     4.99172     1.85445
    15  C   4.0  -0.073   3.186   -12.71050     4.89011     2.08603
    16  C   4.0  -0.004   3.240   -11.39686     2.79082     1.19867
    17  C   4.0  -0.003   3.288    -8.61737     2.64794     1.45045
    18  C   4.0  -0.004   3.280    -7.07438     4.22053    -0.01933
    19  C   4.0  -0.072   3.183    -8.10193     5.92774    -1.81597
    20  C   4.0  -0.072   3.136    -6.58374     7.42923    -3.24841
    21  C   4.0  -0.072   3.136    -3.93594     7.29771    -2.99400
    22  C   4.0  -0.072   3.183    -2.87375     5.66944    -1.31144
    23  C   4.0  -0.004   3.282    -4.38878     4.09069     0.24100
    24  C   4.0  -0.003   3.294    -3.31201     2.39615     1.96858
    25  C   4.0  -0.004   3.271    -0.53728     2.32210     2.29015
    26  C   4.0  -0.071   3.183     0.65240     4.30593     3.53784
    27  C   4.0  -0.071   3.175     3.22994     4.30292     3.92802
    28  C   4.0  -0.004   3.245     4.71833     2.29969     3.07467
    29  C   4.0  -0.071   3.167     7.37329     2.20442     3.49880
    30  C   4.0  -0.072   3.174     8.78568     0.24563     2.66105
    31  C   4.0  -0.003   3.275     7.68445    -1.79938     1.29274
    32  C   4.0  -0.004   3.255     9.11564    -3.85078     0.39511
    33  C   4.0  -0.004   3.231    11.88563    -3.93873     0.65657
    34  C   4.0  -0.073   3.186    13.04566    -6.01273     1.78839
    35  C   4.0  -0.071   3.144    15.65057    -6.10780     1.98885
    36  C   4.0  -0.069   3.189    17.12945    -4.16229     1.06967
    37  C   4.0   0.089   3.274    15.99696    -2.08732    -0.09620
    38  N   5.0  -0.312   3.247    17.46340    -0.10165    -1.04438
    39  C   4.0   0.088   3.271    19.77999    -0.58847    -2.21543
    40  C   4.0  -0.069   3.192    21.78863     1.09814    -1.95032
    41  C   4.0  -0.072   3.145    24.07500     0.61471    -3.11218
    42  C   4.0  -0.074   3.143    24.40696    -1.55490    -4.53880
    43  C   4.0  -0.072   3.145    22.42026    -3.23869    -4.80413
    44  C   4.0  -0.069   3.191    20.12092    -2.76410    -3.66438
    45  C   4.0   0.087   3.277    16.56994     2.38120    -0.84085
    46  C   4.0  -0.069   3.190    16.89146     4.09212    -2.81825
    47  C   4.0  -0.072   3.146    15.98203     6.52973    -2.60555
    48  C   4.0  -0.074   3.144    14.72770     7.29493    -0.43893
    49  C   4.0  -0.072   3.146    14.40896     5.60412     1.53375
    50  C   4.0  -0.069   3.194    15.33265     3.17081     1.34765
    51  C   4.0  -0.069   3.240    13.37423    -2.00064    -0.30016
    52  C   4.0  -0.071   3.184     7.90204    -5.85854    -0.79324
    53  C   4.0  -0.071   3.175     5.32565    -5.85147    -1.18052
    54  C   4.0  -0.004   3.245     3.85001    -3.82132    -0.37023
    55  C   4.0  -0.071   3.167     1.19142    -3.73376    -0.78162
    56  C   4.0  -0.071   3.174    -0.21910    -1.76861     0.04343
    57  C   4.0  -0.003   3.281     0.90230     0.28686     1.37885
    58  C   4.0  -0.004   3.342     3.55114     0.26915     1.77896
    59  C   4.0  -0.004   3.342     5.03263    -1.78252     0.89882
    60  C   4.0  -0.004   3.282    -4.85558     0.81832     3.43535
    61  C   4.0  -0.073   3.184    -3.82385    -0.89355     5.22535
    62  C   4.0  -0.072   3.136    -5.33837    -2.41204     6.64319
    63  C   4.0  -0.072   3.136    -7.98575    -2.28707     6.38465
    64  C   4.0  -0.073   3.184    -9.04938    -0.64889     4.71324
    65  C   4.0  -0.004   3.281    -7.54046     0.94282     3.16882
    66  C   4.0  -0.069   3.239   -12.71407     0.82383     0.07263
    67  C   4.0  -0.069   3.191   -15.92652    -5.34215    -2.83424
    68  C   4.0  -0.072   3.145   -15.09822    -7.78670    -2.44466
    69  H   1.0   0.074   1.004   -13.47505   -10.41602     0.17122
    70  H   1.0   0.074   1.004   -13.27996    -7.30797     3.64909
    71  H   1.0   0.076   1.006   -14.80745    -2.97229     2.99330
    72  H   1.0   0.076   1.006   -17.26709     2.75760    -4.40309
    73  H   1.0   0.074   1.004   -21.01730     3.58789    -7.01443
    74  H   1.0   0.074   1.004   -24.65679     0.66869    -6.89532
    75  H   1.0   0.074   1.004   -24.51343    -3.08569    -4.12639
    76  H   1.0   0.076   1.006   -20.78001    -3.90296    -1.48586
    77  H   1.0   0.076   1.006   -18.66347     3.10066     0.60170
    78  H   1.0   0.074   1.004   -16.33247     6.61445     2.55773
    79  H   1.0   0.075   1.005   -11.68664     6.42099     2.96465
    80  H   1.0   0.076   1.007   -10.12956     6.00513    -2.03363
    81  H   1.0   0.074   1.004    -7.39424     8.72119    -4.60535
    82  H   1.0   0.074   1.004    -2.75875     8.48930    -4.16074
    83  H   1.0   0.076   1.007    -0.84389     5.54384    -1.13894
    84  H   1.0   0.075   1.005    -0.48338     5.85956     4.22303
    85  H   1.0   0.074   1.005     4.11680     5.85575     4.91427
    86  H   1.0   0.074   1.005     8.23674     3.73914     4.53384
    87  H   1.0   0.076   1.008    10.78671     0.18888     3.04502
    88  H   1.0   0.075   1.005    11.89790    -7.52470     2.53689
    89  H   1.0   0.074   1.004    16.54186    -7.70782     2.89028
    90  H   1.0   0.076   1.006    19.16100    -4.23303     1.24890
    91  H   1.0   0.076   1.006    21.54237     2.78197    -0.82270
    92  H   1.0   0.074   1.004    25.61525     1.93526    -2.88704
    93  H   1.0   0.074   1.004    26.19934    -1.93011    -5.43731
    94  H   1.0   0.074   1.004    22.65661    -4.92977    -5.92282
    95  H   1.0   0.076   1.006    18.56941    -4.07065    -3.89416
    96  H   1.0   0.076   1.006    17.84933     3.49159    -4.51805
    97  H   1.0   0.074   1.004    16.23793     7.83617    -4.15297
    98  H   1.0   0.074   1.004    14.00789     9.19754    -0.28756
    99  H   1.0   0.074   1.004    13.45155     6.19025     3.23837
   100  H   1.0   0.076   1.006    15.11917     1.86323     2.90106
   101  H   1.0   0.077   1.007    12.49138    -0.42029    -1.24568
   102  H   1.0   0.075   1.006     9.02521    -7.42858    -1.46109
   103  H   1.0   0.074   1.005     4.42804    -7.41978    -2.13207
   104  H   1.0   0.074   1.005     0.32298    -5.28886    -1.78162
   105  H   1.0   0.076   1.007    -2.23221    -1.72118    -0.29069
   106  H   1.0   0.076   1.007    -1.79664    -0.96799     5.44724
   107  H   1.0   0.074   1.004    -4.52431    -3.71031     7.99169
   108  H   1.0   0.074   1.004    -9.16149    -3.48938     7.54203
   109  H   1.0   0.076   1.007   -11.07789    -0.52213     4.54497
   110  H   1.0   0.077   1.007   -11.69189    -0.79331    -0.64192
   111  H   1.0   0.076   1.006   -16.65749    -4.77892    -4.65522
   112  H   1.0   0.074   1.004   -15.19035    -9.13428    -3.97518
 
  Z AO/shell   Hii/eV     exponent
  1     Sat Feb 20 21:38:01 CET 2016    EN: 2.327 GAM: 0.473  GM3: 0.0000
     1s    -13.751157    1.051071
  6     Sat Feb 20 21:38:01 CET 2016    EN: 2.731 GAM: 0.422  GM3: 0.0000
     2s    -19.378245    2.021003
     2p    -11.993376    1.497917
  7     Sat Feb 20 21:38:01 CET 2016    EN: 3.573 GAM: 0.504  GM3: 0.0000
     2s    -21.576984    2.275442
     2p    -16.125120    2.056788
 
 dipole moment of classical point charges (au)
     X       Y       Z   
  -0.0053  -0.0063   0.0107  total (Debye):    0.034

 
 Nbf   :          316
 T(el) :   300.0
 calculating S/T integrals ...
 cpu time for ints    2.96669300000000     
 Nao   :          316
 making H0...
 making H1...
 cpu time for H      0.182365000000000     
 solving ...
 cpu time for diag   0.790588000000000     
 
 gap (eV)           :   4.188
 Koopmans IP (eV)   :  12.989
 Eel (Eh)           :  -250.037872
 T,E(Fermi),NFOD :    300.000   -10.895  0.000000
 T,E(Fermi),NFOD :    300.000   -10.895  0.000000
 Nfod               :  0.0000
 Nfod/Nel           :  0.0000

          eigenvalues
 #    :         147        148        149        150        151        152        153        154
 occ. :        2.000      2.000      2.000      2.000      2.000      2.000      2.000      2.000
 eps  :       -15.551    -15.499    -15.485    -15.409    -15.408    -15.307    -15.289    -15.136
 #    :         155        156        157        158        159        160        161        162
 occ. :        2.000      2.000      2.000      2.000      2.000      0.000      0.000      0.000
 eps  :       -14.695    -13.385    -13.106    -13.066    -12.990     -8.801     -8.404     -6.866
 #    :         163        164        165        166        167        168        169        170
 occ. :        0.000      0.000      0.000      0.000      0.000      0.000      0.000      0.000
 eps  :        -6.602     -6.361     -5.886     -5.848     -5.756     -5.711     -5.675     -5.656
                            1  SCC done.
 making H1...
 cpu time for H       1.00548800000000     
 solving ...
 cpu time for diag   0.372680000000000     
 
 gap (eV)           :   4.097
 Koopmans IP (eV)   :  12.786
 Eel (Eh)           :  -248.979973
 T,E(Fermi),NFOD :    300.000   -10.738  0.000000
 T,E(Fermi),NFOD :    300.000   -10.738  0.000000
 Nfod               :  0.0000
 Nfod/Nel           :  0.0000

          eigenvalues
 #    :         147        148        149        150        151        152        153        154
 occ. :        2.000      2.000      2.000      2.000      2.000      2.000      2.000      2.000
 eps  :       -15.442    -15.408    -15.396    -15.323    -15.320    -15.208    -15.193    -15.044
 #    :         155        156        157        158        159        160        161        162
 occ. :        2.000      2.000      2.000      2.000      2.000      0.000      0.000      0.000
 eps  :       -14.591    -13.274    -12.933    -12.805    -12.787     -8.690     -8.296     -6.775
 #    :         163        164        165        166        167        168        169        170
 occ. :        0.000      0.000      0.000      0.000      0.000      0.000      0.000      0.000
 eps  :        -6.499     -6.260     -5.793     -5.747     -5.671     -5.629     -5.599     -5.581
                            2  SCC done.
 
 
 Mulliken/CM5 charges    n(s)   n(p)   n(d)   
    1 C  -0.0468 -0.1032   1.133  2.914  0.000
    2 C  -0.0343 -0.0906   1.136  2.899  0.000
    3 C  -0.0452 -0.0943   1.137  2.909  0.000
    4 C   0.0542  0.1091   1.176  2.769  0.000
    5 N  -0.1274 -0.3728   1.222  3.905  0.000
    6 C   0.0540  0.1092   1.176  2.770  0.000
    7 C  -0.0456 -0.0943   1.137  2.909  0.000
    8 C  -0.0347 -0.0908   1.136  2.899  0.000
    9 C  -0.0474 -0.1039   1.133  2.914  0.000
   10 C  -0.0346 -0.0907   1.136  2.899  0.000
   11 C  -0.0455 -0.0942   1.136  2.909  0.000
   12 C   0.0542  0.1094   1.177  2.769  0.000
   13 C  -0.0471 -0.0959   1.136  2.911  0.000
   14 C  -0.0339 -0.0900   1.136  2.898  0.000
   15 C  -0.0500 -0.1041   1.139  2.911  0.000
   16 C   0.0031 -0.0070   1.169  2.828  0.000
   17 C  -0.0110 -0.0147   1.178  2.833  0.000
   18 C  -0.0027 -0.0070   1.170  2.833  0.000
   19 C  -0.0396 -0.0929   1.142  2.898  0.000
   20 C  -0.0354 -0.0917   1.136  2.899  0.000
   21 C  -0.0352 -0.0914   1.136  2.899  0.000
   22 C  -0.0396 -0.0928   1.142  2.898  0.000
   23 C  -0.0031 -0.0074   1.170  2.833  0.000
   24 C  -0.0109 -0.0151   1.179  2.832  0.000
   25 C  -0.0027 -0.0103   1.174  2.829  0.000
   26 C  -0.0357 -0.0893   1.142  2.894  0.000
   27 C  -0.0408 -0.0944   1.141  2.900  0.000
   28 C  -0.0035 -0.0109   1.164  2.839  0.000
   29 C  -0.0383 -0.0921   1.140  2.898  0.000
   30 C  -0.0389 -0.0926   1.141  2.897  0.000
   31 C  -0.0031 -0.0074   1.170  2.833  0.000
   32 C  -0.0046 -0.0111   1.172  2.833  0.000
   33 C   0.0012 -0.0082   1.167  2.831  0.000
   34 C  -0.0508 -0.1044   1.139  2.912  0.000
   35 C  -0.0331 -0.0891   1.136  2.897  0.000
   36 C  -0.0457 -0.0946   1.136  2.909  0.000
   37 C   0.0546  0.1097   1.177  2.769  0.000
   38 N  -0.1279 -0.3735   1.222  3.906  0.000
   39 C   0.0539  0.1094   1.176  2.770  0.000
   40 C  -0.0463 -0.0950   1.136  2.910  0.000
   41 C  -0.0347 -0.0909   1.136  2.899  0.000
   42 C  -0.0481 -0.1045   1.133  2.915  0.000
   43 C  -0.0348 -0.0909   1.136  2.899  0.000
   44 C  -0.0464 -0.0952   1.136  2.910  0.000
   45 C   0.0542  0.1089   1.176  2.769  0.000
   46 C  -0.0438 -0.0926   1.137  2.907  0.000
   47 C  -0.0339 -0.0901   1.136  2.898  0.000
   48 C  -0.0461 -0.1026   1.133  2.913  0.000
   49 C  -0.0344 -0.0907   1.136  2.899  0.000
   50 C  -0.0449 -0.0940   1.137  2.908  0.000
   51 C  -0.0490 -0.0954   1.143  2.906  0.000
   52 C  -0.0363 -0.0894   1.141  2.896  0.000
   53 C  -0.0395 -0.0929   1.140  2.899  0.000
   54 C  -0.0025 -0.0098   1.165  2.838  0.000
   55 C  -0.0371 -0.0906   1.140  2.897  0.000
   56 C  -0.0362 -0.0894   1.141  2.895  0.000
   57 C  -0.0038 -0.0088   1.170  2.834  0.000
   58 C  -0.0083 -0.0090   1.174  2.834  0.000
   59 C  -0.0075 -0.0081   1.174  2.834  0.000
   60 C  -0.0029 -0.0076   1.170  2.832  0.000
   61 C  -0.0394 -0.0928   1.142  2.898  0.000
   62 C  -0.0351 -0.0914   1.136  2.899  0.000
   63 C  -0.0357 -0.0921   1.136  2.900  0.000
   64 C  -0.0403 -0.0938   1.142  2.899  0.000
   65 C  -0.0028 -0.0072   1.170  2.833  0.000
   66 C  -0.0496 -0.0959   1.143  2.907  0.000
   67 C  -0.0447 -0.0934   1.137  2.908  0.000
   68 C  -0.0343 -0.0905   1.136  2.898  0.000
   69 H   0.0382  0.0947   0.962  0.000  0.000
   70 H   0.0413  0.0980   0.959  0.000  0.000
   71 H   0.0381  0.1000   0.962  0.000  0.000
   72 H   0.0378  0.0994   0.962  0.000  0.000
   73 H   0.0413  0.0979   0.959  0.000  0.000
   74 H   0.0382  0.0947   0.962  0.000  0.000
   75 H   0.0414  0.0980   0.959  0.000  0.000
   76 H   0.0378  0.0995   0.962  0.000  0.000
   77 H   0.0398  0.1015   0.960  0.000  0.000
   78 H   0.0445  0.1011   0.955  0.000  0.000
   79 H   0.0392  0.0973   0.961  0.000  0.000
   80 H   0.0421  0.1025   0.958  0.000  0.000
   81 H   0.0405  0.0970   0.959  0.000  0.000
   82 H   0.0406  0.0971   0.959  0.000  0.000
   83 H   0.0424  0.1027   0.958  0.000  0.000
   84 H   0.0421  0.1004   0.958  0.000  0.000
   85 H   0.0408  0.0982   0.959  0.000  0.000
   86 H   0.0406  0.0981   0.959  0.000  0.000
   87 H   0.0467  0.1079   0.953  0.000  0.000
   88 H   0.0387  0.0968   0.961  0.000  0.000
   89 H   0.0445  0.1011   0.955  0.000  0.000
   90 H   0.0400  0.1015   0.960  0.000  0.000
   91 H   0.0377  0.0994   0.962  0.000  0.000
   92 H   0.0413  0.0979   0.959  0.000  0.000
   93 H   0.0381  0.0946   0.962  0.000  0.000
   94 H   0.0413  0.0979   0.959  0.000  0.000
   95 H   0.0378  0.0995   0.962  0.000  0.000
   96 H   0.0380  0.0995   0.962  0.000  0.000
   97 H   0.0415  0.0981   0.958  0.000  0.000
   98 H   0.0383  0.0948   0.962  0.000  0.000
   99 H   0.0411  0.0978   0.959  0.000  0.000
  100 H   0.0381  0.0998   0.962  0.000  0.000
  101 H   0.0396  0.1035   0.960  0.000  0.000
  102 H   0.0418  0.1001   0.958  0.000  0.000
  103 H   0.0410  0.0984   0.959  0.000  0.000
  104 H   0.0411  0.0985   0.959  0.000  0.000
  105 H   0.0455  0.1058   0.955  0.000  0.000
  106 H   0.0428  0.1036   0.957  0.000  0.000
  107 H   0.0407  0.0971   0.959  0.000  0.000
  108 H   0.0403  0.0968   0.960  0.000  0.000
  109 H   0.0431  0.1040   0.957  0.000  0.000
  110 H   0.0384  0.1018   0.962  0.000  0.000
  111 H   0.0379  0.0995   0.962  0.000  0.000
  112 H   0.0414  0.0980   0.959  0.000  0.000
 Hirshfeld charges for QMDFF written to <charges>
 
 Loewdin charges    n(s)   n(p)   n(d)
    1 C  -0.0409   1.079  2.962  0.000
    2 C  -0.0254   1.081  2.945  0.000
    3 C  -0.0436   1.085  2.959  0.000
    4 C   0.0523   1.139  2.808  0.000
    5 N  -0.0901   1.182  3.908  0.000
    6 C   0.0521   1.139  2.809  0.000
    7 C  -0.0436   1.084  2.959  0.000
    8 C  -0.0257   1.081  2.945  0.000
    9 C  -0.0416   1.079  2.963  0.000
   10 C  -0.0256   1.081  2.945  0.000
   11 C  -0.0435   1.084  2.959  0.000
   12 C   0.0526   1.140  2.808  0.000
   13 C  -0.0453   1.084  2.961  0.000
   14 C  -0.0244   1.081  2.944  0.000
   15 C  -0.0469   1.087  2.960  0.000
   16 C   0.0110   1.124  2.865  0.000
   17 C  -0.0105   1.137  2.873  0.000
   18 C  -0.0001   1.127  2.873  0.000
   19 C  -0.0350   1.089  2.946  0.000
   20 C  -0.0276   1.081  2.946  0.000
   21 C  -0.0274   1.081  2.946  0.000
   22 C  -0.0348   1.089  2.946  0.000
   23 C  -0.0006   1.127  2.873  0.000
   24 C  -0.0099   1.138  2.872  0.000
   25 C   0.0013   1.131  2.868  0.000
   26 C  -0.0302   1.088  2.942  0.000
   27 C  -0.0356   1.088  2.948  0.000
   28 C   0.0012   1.120  2.878  0.000
   29 C  -0.0328   1.086  2.946  0.000
   30 C  -0.0345   1.088  2.946  0.000
   31 C  -0.0007   1.127  2.874  0.000
   32 C  -0.0016   1.129  2.872  0.000
   33 C   0.0086   1.123  2.869  0.000
   34 C  -0.0478   1.086  2.962  0.000
   35 C  -0.0237   1.081  2.943  0.000
   36 C  -0.0438   1.084  2.960  0.000
   37 C   0.0530   1.139  2.808  0.000
   38 N  -0.0907   1.182  3.909  0.000
   39 C   0.0520   1.139  2.809  0.000
   40 C  -0.0444   1.084  2.960  0.000
   41 C  -0.0257   1.081  2.945  0.000
   42 C  -0.0423   1.079  2.964  0.000
   43 C  -0.0258   1.081  2.945  0.000
   44 C  -0.0445   1.084  2.960  0.000
   45 C   0.0523   1.139  2.808  0.000
   46 C  -0.0417   1.085  2.957  0.000
   47 C  -0.0250   1.081  2.944  0.000
   48 C  -0.0402   1.079  2.961  0.000
   49 C  -0.0256   1.081  2.945  0.000
   50 C  -0.0431   1.085  2.958  0.000
   51 C  -0.0499   1.092  2.958  0.000
   52 C  -0.0309   1.087  2.944  0.000
   53 C  -0.0343   1.087  2.947  0.000
   54 C   0.0023   1.121  2.877  0.000
   55 C  -0.0315   1.086  2.945  0.000
   56 C  -0.0309   1.088  2.943  0.000
   57 C  -0.0015   1.128  2.874  0.000
   58 C  -0.0084   1.133  2.876  0.000
   59 C  -0.0077   1.133  2.875  0.000
   60 C  -0.0003   1.128  2.872  0.000
   61 C  -0.0346   1.089  2.946  0.000
   62 C  -0.0273   1.081  2.946  0.000
   63 C  -0.0279   1.081  2.947  0.000
   64 C  -0.0360   1.089  2.947  0.000
   65 C  -0.0002   1.127  2.873  0.000
   66 C  -0.0505   1.092  2.958  0.000
   67 C  -0.0427   1.084  2.958  0.000
   68 C  -0.0254   1.081  2.945  0.000
   69 H   0.0310   0.969  0.000  0.000
   70 H   0.0336   0.966  0.000  0.000
   71 H   0.0307   0.969  0.000  0.000
   72 H   0.0300   0.970  0.000  0.000
   73 H   0.0335   0.966  0.000  0.000
   74 H   0.0311   0.969  0.000  0.000
   75 H   0.0336   0.966  0.000  0.000
   76 H   0.0300   0.970  0.000  0.000
   77 H   0.0320   0.968  0.000  0.000
   78 H   0.0365   0.963  0.000  0.000
   79 H   0.0317   0.968  0.000  0.000
   80 H   0.0341   0.966  0.000  0.000
   81 H   0.0329   0.967  0.000  0.000
   82 H   0.0330   0.967  0.000  0.000
   83 H   0.0342   0.966  0.000  0.000
   84 H   0.0340   0.966  0.000  0.000
   85 H   0.0332   0.967  0.000  0.000
   86 H   0.0330   0.967  0.000  0.000
   87 H   0.0390   0.961  0.000  0.000
   88 H   0.0314   0.969  0.000  0.000
   89 H   0.0365   0.963  0.000  0.000
   90 H   0.0322   0.968  0.000  0.000
   91 H   0.0299   0.970  0.000  0.000
   92 H   0.0335   0.966  0.000  0.000
   93 H   0.0310   0.969  0.000  0.000
   94 H   0.0335   0.967  0.000  0.000
   95 H   0.0301   0.970  0.000  0.000
   96 H   0.0302   0.970  0.000  0.000
   97 H   0.0337   0.966  0.000  0.000
   98 H   0.0311   0.969  0.000  0.000
   99 H   0.0334   0.967  0.000  0.000
  100 H   0.0307   0.969  0.000  0.000
  101 H   0.0317   0.968  0.000  0.000
  102 H   0.0339   0.966  0.000  0.000
  103 H   0.0334   0.967  0.000  0.000
  104 H   0.0334   0.967  0.000  0.000
  105 H   0.0370   0.963  0.000  0.000
  106 H   0.0345   0.965  0.000  0.000
  107 H   0.0330   0.967  0.000  0.000
  108 H   0.0327   0.967  0.000  0.000
  109 H   0.0352   0.965  0.000  0.000
  110 H   0.0304   0.970  0.000  0.000
  111 H   0.0301   0.970  0.000  0.000
  112 H   0.0336   0.966  0.000  0.000
 
 Wiberg/Mayer (AO) data. WBOs > 0.1 written file <wbo>
 largest (>0.05) Wiberg bond orders for each atom
           total WBO             WBO to atom ...
     1  C   3.972    C   68 1.425    C    2 1.424    H   69 0.947    C    4 0.106
     2  C   3.974    C    3 1.444    C    1 1.424    H   70 0.945    C   67 0.107
     3  C   3.971    C    2 1.444    C    4 1.371    H   71 0.945    C   68 0.107
     4  C   3.935    C   67 1.372    C    3 1.371    N    5 0.996    C    1 0.106
     5  N   3.351    C   12 0.998    C    6 0.998    C    4 0.996
     6  C   3.935    C   11 1.371    C    7 1.371    N    5 0.998    C    9 0.106
     7  C   3.971    C    8 1.444    C    6 1.371    H   72 0.946    C   10 0.107
     8  C   3.974    C    7 1.444    C    9 1.424    H   73 0.945    C   11 0.107
     9  C   3.972    C    8 1.424    C   10 1.424    H   74 0.947    C    6 0.106
    10  C   3.974    C   11 1.444    C    9 1.424    H   75 0.945    C    7 0.107
    11  C   3.971    C   10 1.444    C    6 1.371    H   76 0.946    C    8 0.107
    12  C   3.931    C   66 1.374    C   13 1.367    N    5 0.998    C   15 0.102
    13  C   3.967    C   14 1.440    C   12 1.367    H   77 0.945    C   16 0.104
    14  C   3.970    C   13 1.440    C   15 1.429    H   78 0.943    C   66 0.103
    15  C   3.966    C   14 1.429    C   16 1.374    H   79 0.946    C   12 0.102
    16  C   3.952    C   66 1.395    C   15 1.374    C   17 0.969    C   13 0.104
    17  C   3.948    C   18 1.311    C   65 1.309    C   16 0.969    C   24 0.126    C   20 0.051    C   63 0.051
    18  C   3.953    C   17 1.311    C   19 1.216    C   23 1.174
    19  C   3.963    C   20 1.596    C   18 1.216    H   80 0.941    C   22 0.117
    20  C   3.962    C   19 1.596    C   21 1.265    H   81 0.946    C   17 0.051
    21  C   3.962    C   22 1.597    C   20 1.265    H   82 0.946    C   24 0.051
    22  C   3.963    C   21 1.597    C   23 1.216    H   83 0.941    C   19 0.117
    23  C   3.951    C   24 1.311    C   22 1.216    C   18 1.174
    24  C   3.947    C   23 1.311    C   60 1.307    C   25 0.971    C   17 0.126    C   21 0.051    C   62 0.051
    25  C   3.914    C   26 1.381    C   57 1.294    C   24 0.971    C   28 0.079    C   55 0.051
    26  C   3.961    C   27 1.447    C   25 1.381    H   84 0.943    C   58 0.060
    27  C   3.933    C   26 1.447    C   28 1.333    H   85 0.943    C   57 0.078    C   30 0.051
    28  C   3.956    C   27 1.333    C   58 1.223    C   29 1.175    C   25 0.079
    29  C   3.966    C   30 1.656    C   28 1.175    H   86 0.942    C   32 0.050
    30  C   3.966    C   29 1.656    C   31 1.177    H   87 0.937    C   27 0.051
    31  C   3.954    C   32 1.291    C   59 1.227    C   30 1.177    C   53 0.077
    32  C   3.918    C   52 1.376    C   31 1.291    C   33 0.989    C   54 0.078    C   29 0.050
    33  C   3.954    C   51 1.386    C   34 1.370    C   32 0.989    C   36 0.101
    34  C   3.963    C   35 1.432    C   33 1.370    H   88 0.946    C   37 0.101
    35  C   3.971    C   36 1.439    C   34 1.432    H   89 0.943    C   51 0.102
    36  C   3.964    C   35 1.439    C   37 1.366    H   90 0.945    C   33 0.101
    37  C   3.932    C   51 1.379    C   36 1.366    N   38 0.997    C   34 0.101
    38  N   3.350    C   39 1.001    C   37 0.997    C   45 0.994
    39  C   3.935    C   40 1.370    C   44 1.370    N   38 1.001    C   42 0.106
    40  C   3.971    C   41 1.444    C   39 1.370    H   91 0.946    C   43 0.107
    41  C   3.974    C   40 1.444    C   42 1.424    H   92 0.945    C   44 0.107
    42  C   3.972    C   43 1.424    C   41 1.424    H   93 0.947    C   39 0.106
    43  C   3.974    C   44 1.444    C   42 1.424    H   94 0.945    C   40 0.107
    44  C   3.971    C   43 1.444    C   39 1.370    H   95 0.946    C   41 0.107
    45  C   3.935    C   46 1.373    C   50 1.372    N   38 0.994    C   48 0.107
    46  C   3.971    C   47 1.443    C   45 1.373    H   96 0.946    C   49 0.107
    47  C   3.974    C   46 1.443    C   48 1.425    H   97 0.945    C   50 0.107
    48  C   3.972    C   47 1.425    C   49 1.424    H   98 0.947    C   45 0.107
    49  C   3.974    C   50 1.444    C   48 1.424    H   99 0.945    C   46 0.107
    50  C   3.971    C   49 1.444    C   45 1.372    H  100 0.945    C   47 0.107
    51  C   3.963    C   33 1.386    C   37 1.379    H  101 0.944    C   35 0.102
    52  C   3.963    C   53 1.451    C   32 1.376    H  102 0.943    C   59 0.059
    53  C   3.935    C   52 1.451    C   54 1.332    H  103 0.943    C   31 0.077    C   56 0.050
    54  C   3.955    C   53 1.332    C   59 1.223    C   55 1.175    C   32 0.078
    55  C   3.969    C   56 1.658    C   54 1.175    H  104 0.942    C   25 0.051
    56  C   3.965    C   55 1.658    C   57 1.174    H  105 0.940    C   53 0.050
    57  C   3.953    C   25 1.294    C   58 1.226    C   56 1.174    C   27 0.078
    58  C   3.952    C   57 1.226    C   28 1.223    C   59 1.216    C   26 0.060
    59  C   3.952    C   31 1.227    C   54 1.223    C   58 1.216    C   52 0.059
    60  C   3.950    C   24 1.307    C   61 1.216    C   65 1.175
    61  C   3.963    C   62 1.596    C   60 1.216    H  106 0.941    C   64 0.117
    62  C   3.962    C   61 1.596    C   63 1.266    H  107 0.945    C   24 0.051
    63  C   3.962    C   64 1.596    C   62 1.266    H  108 0.946    C   17 0.051
    64  C   3.963    C   63 1.596    C   65 1.217    H  109 0.940    C   61 0.117
    65  C   3.953    C   17 1.309    C   64 1.217    C   60 1.175
    66  C   3.965    C   16 1.395    C   12 1.374    H  110 0.945    C   14 0.103
    67  C   3.971    C   68 1.443    C    4 1.372    H  111 0.946    C    2 0.107
    68  C   3.974    C   67 1.443    C    1 1.425    H  112 0.945    C    3 0.107
    69  H   0.998    C    1 0.947
    70  H   0.997    C    2 0.945
    71  H   0.999    C    3 0.945
    72  H   0.999    C    7 0.946
    73  H   0.997    C    8 0.945
    74  H   0.998    C    9 0.947
    75  H   0.997    C   10 0.945
    76  H   0.999    C   11 0.946
    77  H   0.996    C   13 0.945
    78  H   0.995    C   14 0.943
    79  H   0.998    C   15 0.946
    80  H   0.996    C   19 0.941
    81  H   0.996    C   20 0.946
    82  H   0.996    C   21 0.946
    83  H   0.996    C   22 0.941
    84  H   0.995    C   26 0.943
    85  H   0.993    C   27 0.943
    86  H   0.993    C   29 0.942
    87  H   0.992    C   30 0.937
    88  H   0.998    C   34 0.946
    89  H   0.995    C   35 0.943
    90  H   0.996    C   36 0.945
    91  H   0.999    C   40 0.946
    92  H   0.997    C   41 0.945
    93  H   0.998    C   42 0.947
    94  H   0.997    C   43 0.945
    95  H   0.999    C   44 0.946
    96  H   0.999    C   46 0.946
    97  H   0.997    C   47 0.945
    98  H   0.998    C   48 0.947
    99  H   0.997    C   49 0.945
   100  H   0.999    C   50 0.945
   101  H   0.998    C   51 0.944
   102  H   0.995    C   52 0.943
   103  H   0.993    C   53 0.943
   104  H   0.993    C   55 0.942
   105  H   0.992    C   56 0.940
   106  H   0.996    C   61 0.941
   107  H   0.996    C   62 0.945
   108  H   0.996    C   63 0.946
   109  H   0.996    C   64 0.940
   110  H   0.998    C   66 0.945
   111  H   0.999    C   67 0.946
   112  H   0.997    C   68 0.945
 
 --------------------------------------------
          xTB calculation for sTDA...
 --------------------------------------------
 
 reading parameter file /home/penavora/Exe_xtb_crest/.param_stda2.xtb
 
      method parameters     
 k(s)        :  1.6000
 k(p)        :  2.1800
 k(d)        :  1.9500
 k(f)        :  2.0000
 k(R-V)      :  2.2750
 k(R-R)      :  1.7650
 Tscal       :  0.2580
 Gscal       :  1.0000
 fpol        :  1.0000
 Zcnf        :  0.3430
 Zqf         :  0.0000
 kcn         :  2.7000
 Ryd Hsplit  :  0.7000
 lshift(virt):  3.1000
 lshift(OS)  :  0.2000
 wllscaling  :  2.6000
 
 mowrcut     : 3.000
 
  Z AO/shell   Hii/eV     exponent
  1     Sun Feb 14 09:53:25 CET 2016    EN: 2.327 GAM: 0.473  GM3: 0.0000
     1s    -14.339618    1.220000
     2sp    -3.348946    0.600000
  6     Sun Feb 14 09:53:25 CET 2016    EN: 2.731 GAM: 0.422  GM3: 0.0000
     2s    -22.009312    1.565095
     2p    -13.020408    1.596905
     3sp    -3.914040    0.824500
  7     Sun Feb 14 09:53:25 CET 2016    EN: 3.573 GAM: 0.504  GM3: 0.0000
     2s    -25.722000    2.064844
     2p    -18.684912    1.801692
     3sp    -4.344791    0.921400
 
 Nbf   :          764
 T(el) :     0.0
 calculating S/T integrals ...
 cpu time for ints    6.89656500000000     
 Nao   :          764
 making H0...
 making H1...
 cpu time for H      1.535299999999928E-002
 solving ...
 cpu time for diag   0.969502000000000     
 
 gap (eV)           :   5.738
 Koopmans IP (eV)   :  13.691
 Eel (Eh)           :  -273.452539

          eigenvalues
 #    :         147        148        149        150        151        152        153        154
 occ. :        2.000      2.000      2.000      2.000      2.000      2.000      2.000      2.000
 eps  :       -16.226    -16.219    -16.197    -16.130    -16.122    -16.060    -16.043    -15.963
 #    :         155        156        157        158        159        160        161        162
 occ. :        2.000      2.000      2.000      2.000      2.000      0.000      0.000      0.000
 eps  :       -15.595    -14.485    -14.200    -13.699    -13.692     -7.954     -7.704     -6.505
 #    :         163        164        165        166        167        168        169        170
 occ. :        0.000      0.000      0.000      0.000      0.000      0.000      0.000      0.000
 eps  :        -6.093     -6.020     -6.014     -5.993     -5.986     -5.956     -5.933     -5.765
                            1  SCC done.
 writing mo output ...
 molden style : F
 
speedup 14.73
cpu  time for all   14.74 s
wall time for all    1.00 s
