  134
 Etot=        -203.7397508838
 C        -14.2937967768        3.5722755280       -2.0065222586
 C        -14.8013375493        2.3187984873       -2.3087837515
 C        -14.2552509738        1.1854234065       -1.7376246953
 C        -13.1907682306        1.2920647696       -0.8422823312
 N        -12.6355261780        0.1475516166       -0.2569616943
 C        -13.4591162438       -0.9199849066        0.1192748811
 C        -14.7277161679       -0.6840300801        0.6496317202
 C        -15.5375416110       -1.7418110611        1.0159118888
 C        -15.0967955527       -3.0474970904        0.8708836079
 C        -13.8359686289       -3.2877115250        0.3487624814
 C        -13.0229663688       -2.2368209392       -0.0298198799
 C        -11.2537835681        0.0725503266       -0.0469571397
 C        -10.7408301553       -0.5297375661        1.1024166560
 C         -9.3775999888       -0.6060185399        1.3026860458
 C         -8.4876211810       -0.0731645622        0.3735945674
 C         -7.0287284767       -0.1469613570        0.5969120542
 C         -6.3745402328       -1.3869772780        0.5419015683
 C         -7.0681169646       -2.5895439103        0.2426009763
 C         -6.4198653395       -3.7851780350        0.1882353915
 C         -5.0312862454       -3.8548792567        0.4219349892
 C         -4.3255871109       -2.7242888736        0.6962199838
 C         -4.9638479361       -1.4575417929        0.7641279691
 C         -4.2402204634       -0.2874333393        1.0269434473
 C         -2.7811022181       -0.3632460453        1.2737322757
 C         -2.3210149945       -0.6419116624        2.5556248395
 C         -0.9697350532       -0.7124247962        2.8305416193
 C         -0.0253262303       -0.5050601540        1.8236598440
 C          1.3771153610       -0.5666126070        2.0719404698
 C          2.2764873080       -0.3583020387        1.0831233898
 C          1.8563282993       -0.0705162819       -0.2498230131
 C          2.7752211910        0.1532483991       -1.2871201356
 C          4.2348262318        0.1171571263       -1.0327429304
 C          4.8970068044        1.2829514003       -0.6261898769
 C          4.1973509501        2.5008446066       -0.4169217703
 C          4.8473116480        3.6261105734       -0.0131903721
 C          6.2390310379        3.6009420176        0.2116645901
 C          6.9456920711        2.4531809869        0.0227703651
 C          6.3095466201        1.2585027329       -0.4071121657
 C          7.0255104210        0.0689988532       -0.6034488427
 C          8.4885002156        0.0478305301       -0.3807865537
 C          9.3543657843        0.6252427785       -1.3051081432
 C         10.7187755482        0.6184412024       -1.0968480916
 C         11.2552514808        0.0289150206        0.0480718648
 N         12.6382455787        0.0253849143        0.2666869238
 C         13.5145652828       -0.1651739081       -0.8084450460
 C         14.7204625705        0.5333831511       -0.8733741385
 C         15.5837271593        0.3365269893       -1.9339594101
 C         15.2586497361       -0.5485906905       -2.9494007506
 C         14.0595487718       -1.2406633602       -2.8932078214
 C         13.1937823798       -1.0569501909       -1.8322884937
 C         13.1414305075        0.2220801163        1.5581457169
 C         14.2753713234       -0.4669662346        1.9892946232
 C         14.7735595267       -0.2623003020        3.2615883727
 C         14.1484115633        0.6207241133        4.1274339866
 C         13.0175614611        1.3023336730        3.7072383064
 C         12.5170922003        1.1109899054        2.4337584571
 C         10.3897047985       -0.5548473687        0.9734274697
 C          9.0261787474       -0.5429725834        0.7591182911
 C          6.3615012751       -1.0971900261       -1.0086655818
 C          7.0568675067       -2.3144825349       -1.2357486298
 C          6.3998153642       -3.4404482482       -1.6266907770
 C          5.0029278583       -3.4204366950       -1.8185743097
 C          4.3004609318       -2.2712099245       -1.6250572341
 C          4.9481320270       -1.0730575162       -1.2232296681
 C          2.3155061438        0.4224318990       -2.5711888807
 C          0.9641946619        0.4793084799       -2.8491503005
 C          0.0196302116        0.2698189247       -1.8428648784
 C         -1.3827873854        0.3269502948       -2.0921197589
 C         -2.2822105593        0.1250007172       -1.1020399332
 C         -1.8623934261       -0.1541454518        0.2329987620
 C         -0.4738696798       -0.2235232422        0.5093510177
 C          0.4678310231       -0.0093905160       -0.5279859690
 C         -4.8909792099        0.9522320996        1.0775403168
 C         -4.1805364134        2.1522090052        1.3456537444
 C         -4.8208590384        3.3512148026        1.4073789884
 C         -6.2158007607        3.4212399574        1.2158855758
 C         -6.9324354943        2.2935161947        0.9560869152
 C         -6.3027676443        1.0239273711        0.8637501102
 C         -9.0027123980        0.5327392790       -0.7695463772
 C        -10.3642630507        0.6000956511       -0.9835648103
 C        -12.6863359312        2.5569270601       -0.5388461739
 C        -13.2332885647        3.6837604631       -1.1217408281
 H        -14.7212103058        4.4554433598       -2.4571890650
 H        -15.6240909659        2.2211402752       -3.0022326766
 H        -14.6476454087        0.2089823738       -1.9823657770
 H        -15.0710092805        0.3328634864        0.7738849463
 H        -16.5172219246       -1.5436718710        1.4262856617
 H        -15.7310094136       -3.8713621689        1.1620845368
 H        -13.4853259021       -4.3023284549        0.2260720763
 H        -12.0449961978       -2.4283706945       -0.4471831352
 H        -11.4200338270       -0.9348884682        1.8383920647
 H         -8.9923536400       -1.0692782217        2.1998739714
 H         -8.1297872734       -2.5375437425        0.0519333608
 H         -6.9634805627       -4.6904942306       -0.0408274833
 H         -4.5331152490       -4.8124544436        0.3732691704
 H         -3.2590621450       -2.7705910821        0.8630266722
 H         -3.0417198941       -0.8025982732        3.3454133828
 H         -0.6331535165       -0.9288286999        3.8345433580
 H          1.7061370226       -0.7844710335        3.0784494239
 H          3.3372927401       -0.4061586370        1.2830083650
 H          3.1299236794        2.5148733109       -0.5831806248
 H          4.3023598538        4.5459833918        0.1426331114
 H          6.7381502121        4.5020391114        0.5380711895
 H          8.0108523168        2.4321342307        0.2005753384
 H          8.9490809313        1.0886782757       -2.1933442818
 H         11.3797292957        1.0753283104       -1.8190394587
 H         14.9727730818        1.2314417522       -0.0882891169
 H         16.5133985857        0.8858215462       -1.9718245308
 H         15.9343013498       -0.6976320726       -3.7782863366
 H         13.7994292489       -1.9367338864       -3.6775902123
 H         12.2642348355       -1.6056581873       -1.7871683441
 H         14.7600299003       -1.1631956564        1.3201697652
 H         15.6523684284       -0.8032364775        3.5818344325
 H         14.5391545585        0.7758242318        5.1219549547
 H         12.5252478203        1.9963205135        4.3732464791
 H         11.6404260596        1.6514533492        2.1072270484
 H         10.7947465203       -1.0190268397        1.8609325612
 H          8.3650483724       -0.9986358918        1.4824645075
 H          8.1272355667       -2.3284463522       -1.0916883731
 H          6.9431322150       -4.3591640929       -1.7950286965
 H          4.4975154183       -4.3253768953       -2.1237842844
 H          3.2305588435       -2.2503794867       -1.7745789109
 H          3.0363467705        0.5917998192       -3.3589936782
 H          0.6277225000        0.6910663449       -3.8541794171
 H         -1.7118557343        0.5373817395       -3.1001923660
 H         -3.3428632135        0.1702615425       -1.3031678726
 H         -3.1133023410        2.0927988625        1.5028191896
 H         -4.2676761056        4.2566361668        1.6113922883
 H         -6.7111836270        4.3792788189        1.2823950174
 H         -8.0024334224        2.3482236885        0.8204904701
 H         -8.3236618522        0.9399606383       -1.5050246490
 H        -10.7492726216        1.0620360171       -1.8810691561
 H        -11.8663791407        2.6483695825        0.1587070452
 H        -12.8340472878        4.6571467576       -0.8756631688
