  79
 Etot=        -132.9010214503
 N          9.9597682806        2.3810857774       -0.4331719402
 C          8.8253397283        2.4607955789       -0.2805348332
 C          7.4282611719        2.5691071266       -0.0931575828
 C          6.8841974329        3.8119762858        0.3117342520
 C          5.5370604168        3.9509323148        0.4866435826
 C          4.6823812884        2.8525027390        0.2612582895
 N          3.3469134581        3.0059875161        0.3396132252
 C          2.5753952560        1.9632277731        0.1439003223
 C          1.1306619731        2.2002343563        0.1078406120
 C          0.3079449387        1.5405942134       -0.8067321733
 C         -1.0538006751        1.7560728707       -0.7999298995
 C         -1.6229960898        2.6343463423        0.1205053987
 N         -3.0211524269        2.8148325718        0.1503564665
 C         -3.8614476872        1.7503313990        0.4898090308
 C         -3.3694702974        0.5047211659        0.8613208331
 C         -4.2301382207       -0.5269699209        1.2043549731
 C         -5.5962219416       -0.3307310259        1.1877702111
 C         -6.1036174835        0.9142763298        0.8449439835
 C         -5.2486868383        1.9477954580        0.5084573174
 O         -5.8254303630        3.1610683712        0.2128850562
 C         -4.9827914092        4.2037784904       -0.0959953206
 C         -5.5737766104        5.4198622061       -0.3849945987
 C         -4.7932074287        6.5121231532       -0.7354095402
 C         -3.4219256232        6.3713706897       -0.8099270214
 C         -2.8245500506        5.1540208808       -0.5195330838
 C         -3.5896546291        4.0580206973       -0.1392836151
 C         -0.8010477598        3.3261994289        1.0072702127
 C          0.5625727550        3.1166428529        0.9926955667
 C          3.1466625212        0.6548419844       -0.0434461788
 C          2.3331069414       -0.5639867168       -0.0352226737
 C          2.6300137622       -1.5957434012       -0.9250536527
 C          1.8538808825       -2.7361683990       -0.9619752243
 C          0.7733086671       -2.8728852771       -0.0938860649
 N         -0.0484780353       -4.0183976518       -0.1478548495
 C         -1.3890861790       -3.9056691894       -0.5270139114
 C         -1.9543225835       -2.6941615234       -0.9066564854
 C         -3.2849511289       -2.6188190455       -1.2899186199
 C         -4.0716595043       -3.7526996888       -1.3062821530
 C         -3.5167695559       -4.9746180874       -0.9536381661
 C         -2.1890889495       -5.0552070074       -0.5757435211
 O         -1.7038984159       -6.3055776091       -0.2695186844
 C         -0.3770124472       -6.4009078188        0.0820497382
 C          0.1004155421       -7.6625476055        0.3848566423
 C          1.4203340350       -7.8365551409        0.7761746414
 C          2.2502350267       -6.7379254094        0.8755756654
 C          1.7759465930       -5.4704797614        0.5723284301
 C          0.4643961427       -5.2824721661        0.1535716399
 C          0.5040061377       -1.8662660979        0.8312868873
 C          1.2754195272       -0.7236971027        0.8611000869
 N          4.4380760784        0.5097740134       -0.2132607111
 C          5.2341443080        1.5933727709       -0.1065223221
 C          6.6195277783        1.4703308440       -0.3002401968
 H          7.5522593126        4.6447480647        0.4732287540
 H          5.0983510724        4.8912888024        0.7818157059
 H          0.7394720272        0.8759426766       -1.5397350474
 H         -1.6883421082        1.2483997857       -1.5106174203
 H         -2.3042189820        0.3399697033        0.8856200743
 H         -3.8220153105       -1.4862094953        1.4815312125
 H         -6.2698193843       -1.1322306094        1.4466080048
 H         -7.1648890660        1.1077585199        0.8391527809
 H         -6.6491355893        5.4892360880       -0.3344988651
 H         -5.2633579205        7.4572557832       -0.9568942187
 H         -2.8025127208        7.2063918718       -1.0993486072
 H         -1.7536244805        5.0536543144       -0.5986893898
 H         -1.2396852765        4.0164515044        1.7122406759
 H          1.2047223099        3.6400157601        1.6841333188
 H          3.4623807512       -1.4774788611       -1.6015419626
 H          2.0723296959       -3.5223877757       -1.6691170732
 H         -1.3485197617       -1.8022111068       -0.9052074211
 H         -3.7008032894       -1.6643769253       -1.5723415702
 H         -5.1086556787       -3.6982283227       -1.5975760047
 H         -4.0982032039       -5.8831442107       -0.9711391437
 H         -0.5798524008       -8.4967251184        0.3127280456
 H          1.7840214391       -8.8250977385        1.0084156578
 H          3.2745194618       -6.8542261976        1.1949432575
 H          2.4302592371       -4.6187223085        0.6709023871
 H         -0.3118840340       -1.9900185685        1.5273015614
 H          1.0716544487        0.0389543840        1.5974323770
 H          7.0277993876        0.5147141571       -0.5922872010
  79
 Etot=        -132.9010877250
 N          9.9570959941        2.3811783262       -0.4315863728
 C          8.8230271741        2.4603153544       -0.2809456210
 C          7.4258324410        2.5680825495       -0.0939539347
 C          6.8818160064        3.8105501547        0.3113491318
 C          5.5350316751        3.9496735635        0.4866086650
 C          4.6806101883        2.8513444028        0.2617571057
 N          3.3458017499        3.0047801517        0.3403589525
 C          2.5751232448        1.9625173572        0.1439863343
 C          1.1305060588        2.1990450917        0.1071959082
 C          0.3078941657        1.5383481471       -0.8062224046
 C         -1.0537786149        1.7536710765       -0.7994310314
 C         -1.6226647644        2.6332605056        0.1196107392
 N         -3.0199506420        2.8137124214        0.1496792055
 C         -3.8597763381        1.7489378431        0.4878840741
 C         -3.3675146600        0.5031542756        0.8576751825
 C         -4.2282778559       -0.5288878890        1.1991728422
 C         -5.5940868915       -0.3316654892        1.1836301994
 C         -6.1012769277        0.9138327431        0.8432862280
 C         -5.2467012711        1.9472429936        0.5068160952
 O         -5.8224090195        3.1595629165        0.2129348648
 C         -4.9814685013        4.2018733584       -0.0951914090
 C         -5.5725165502        5.4179011590       -0.3833379578
 C         -4.7923795211        6.5100060142       -0.7339254252
 C         -3.4214000404        6.3697980756       -0.8088863718
 C         -2.8236583197        5.1526504419       -0.5190785360
 C         -3.5885482084        4.0569833451       -0.1389100839
 C         -0.8006431363        3.3255583820        1.0055274977
 C          0.5627014667        3.1155430824        0.9913510604
 C          3.1461004385        0.6548350055       -0.0428850956
 C          2.3322562155       -0.5635274602       -0.0340542275
 C          2.6295256433       -1.5951535687       -0.9231935809
 C          1.8536854457       -2.7355154320       -0.9600079857
 C          0.7725620028       -2.8719125171       -0.0930158047
 N         -0.0485513626       -4.0167314518       -0.1472043020
 C         -1.3890478119       -3.9034802152       -0.5248929413
 C         -1.9542015999       -2.6916797163       -0.9030136174
 C         -3.2851492142       -2.6161906914       -1.2848108082
 C         -4.0709998078       -3.7504445136       -1.3018030913
 C         -3.5156425802       -4.9725412790       -0.9514578371
 C         -2.1882053616       -5.0533932749       -0.5738948215
 O         -1.7029259840       -6.3023249051       -0.2694711404
 C         -0.3774778300       -6.3985364125        0.0814019775
 C          0.1000010627       -7.6601906553        0.3830763310
 C          1.4195981423       -7.8344213828        0.7741332131
 C          2.2495544270       -6.7363268038        0.8743758199
 C          1.7756651556       -5.4687528777        0.5716285034
 C          0.4643923556       -5.2808645146        0.1532838005
 C          0.5020132284       -1.8646807132        0.8307767572
 C          1.2736132961       -0.7223871548        0.8608580928
 N          4.4366113720        0.5096261734       -0.2134337265
 C          5.2322973386        1.5925724152       -0.1067317136
 C          6.6174699364        1.4696066974       -0.3005503958
 H          7.5505465009        4.6431735109        0.4724250295
 H          5.0961742305        4.8896894924        0.7824887163
 H          0.7395597029        0.8723421589       -1.5383465724
 H         -1.6893299466        1.2442220656       -1.5083776709
 H         -2.3017022595        0.3391707614        0.8859711160
 H         -3.8197223172       -1.4884509204        1.4755384608
 H         -6.2675553901       -1.1326870789        1.4435694358
 H         -7.1621009547        1.1074706732        0.8386852309
 H         -6.6474534369        5.4873209174       -0.3332187450
 H         -5.2623215320        7.4550584379       -0.9554465149
 H         -2.8022166923        7.2049336404       -1.0980721415
 H         -1.7526310166        5.0522428845       -0.5992666573
 H         -1.2397930415        4.0166097978        1.7095776120
 H          1.2056053652        3.6406459897        1.6807547343
 H          3.4631706756       -1.4771881009       -1.5980968801
 H          2.0719990455       -3.5224385154       -1.6665363678
 H         -1.3473336553       -1.7998280669       -0.9058741273
 H         -3.7008265505       -1.6613581947       -1.5670245912
 H         -5.1075099853       -3.6961400797       -1.5941898581
 H         -4.0966278883       -5.8808252845       -0.9703131299
 H         -0.5799536466       -8.4940592226        0.3111625672
 H          1.7833699052       -8.8227471597        1.0063987468
 H          3.2737124587       -6.8530575979        1.1936597193
 H          2.4299640195       -4.6168570580        0.6708804333
 H         -0.3160384613       -1.9879962903        1.5247845846
 H          1.0688100715        0.0412822100        1.5962766096
 H          7.0257096345        0.5143806566       -0.5934181549
  79
 Etot=        -132.9011295077
 N          9.9542534900        2.3807599672       -0.4329391144
 C          8.8207100269        2.4597240629       -0.2783113531
 C          7.4229203812        2.5669726093       -0.0948472624
 C          6.8789311217        3.8091187104        0.3110063819
 C          5.5325641210        3.9483945964        0.4869342493
 C          4.6785020422        2.8500977801        0.2622805905
 N          3.3443367939        3.0036424371        0.3407744043
 C          2.5745293930        1.9616497206        0.1438003241
 C          1.1301742238        2.1975887564        0.1052853130
 C          0.3078347582        1.5339436460       -0.8058292098
 C         -1.0536653315        1.7486418795       -0.7987591638
 C         -1.6219523881        2.6310163105        0.1178790602
 N         -3.0180023903        2.8112697497        0.1482791581
 C         -3.8570180637        1.7456709839        0.4846696135
 C         -3.3641345554        0.4998040978        0.8523766273
 C         -4.2248790492       -0.5331970658        1.1912462192
 C         -5.5904264471       -0.3351671991        1.1766751769
 C         -6.0977017028        0.9111341611        0.8401034650
 C         -5.2437712579        1.9449774678        0.5039413949
 O         -5.8181136343        3.1563788337        0.2130554043
 C         -4.9795717333        4.1985043017       -0.0939691839
 C         -5.5706788305        5.4147468418       -0.3807039240
 C         -4.7909005363        6.5069311943       -0.7310893773
 C         -3.4201478092        6.3674265730       -0.8071399968
 C         -2.8219011468        5.1502052413       -0.5187531565
 C         -3.5866672740        4.0549018523       -0.1386937448
 C         -0.7998554122        3.3257862901        1.0015441516
 C          0.5631596979        3.1158913249        0.9873941786
 C          3.1452042608        0.6545934775       -0.0416129337
 C          2.3309579352       -0.5630122949       -0.0313791011
 C          2.6300085092       -1.5951230844       -0.9187469705
 C          1.8541794545       -2.7350380501       -0.9558472620
 C          0.7711285437       -2.8698724922       -0.0912889950
 N         -0.0491179318       -4.0136237335       -0.1459658575
 C         -1.3897140277       -3.8992254879       -0.5214823623
 C         -1.9544182281       -2.6869891673       -0.8979458762
 C         -3.2861075111       -2.6108493324       -1.2771598724
 C         -4.0713236482       -3.7453218982       -1.2944139918
 C         -3.5154908666       -4.9679871771       -0.9474461961
 C         -2.1880588370       -5.0497058844       -0.5706115882
 O         -1.7023282639       -6.2969706613       -0.2694098209
 C         -0.3785578803       -6.3947360505        0.0801786864
 C          0.0992329430       -7.6565925458        0.3801174005
 C          1.4187386186       -7.8310983600        0.7705983279
 C          2.2489243843       -6.7335857475        0.8721838122
 C          1.7752678647       -5.4656160741        0.5708318492
 C          0.4641962389       -5.2779725552        0.1529945830
 C          0.4979173906       -1.8612109281        0.8300581898
 C          1.2700083313       -0.7196243776        0.8608520277
 N          4.4349370965        0.5091015693       -0.2130972690
 C          5.2301005222        1.5915604995       -0.1071950486
 C          6.6150220804        1.4688128489       -0.3016766618
 H          7.5484883941        4.6414090765        0.4716276171
 H          5.0931832723        4.8878983586        0.7835423954
 H          0.7396745143        0.8659653492       -1.5364324215
 H         -1.6905240821        1.2369077268       -1.5052675125
 H         -2.2979321137        0.3359615008        0.8823486970
 H         -3.8156263860       -1.4937253448        1.4638306448
 H         -6.2636785906       -1.1365501437        1.4354525643
 H         -7.1581675745        1.1049072831        0.8375959254
 H         -6.6452341765        5.4844505065       -0.3302578977
 H         -5.2605823985        7.4521380418       -0.9518848282
 H         -2.8012658661        7.2027264128       -1.0961377214
 H         -1.7508298290        5.0497855064       -0.6002250082
 H         -1.2399174820        4.0176830145        1.7043652470
 H          1.2068918185        3.6411700956        1.6758835839
 H          3.4650291514       -1.4770879571       -1.5918956239
 H          2.0724572747       -3.5232325131       -1.6611027989
 H         -1.3471150290       -1.7949619855       -0.9029133215
 H         -3.7019971354       -1.6550243182       -1.5562210843
 H         -5.1080451572       -3.6905111523       -1.5853925110
 H         -4.0962066889       -5.8759958977       -0.9681729384
 H         -0.5802307159       -8.4903464610        0.3076166159
 H          1.7829736555       -8.8193659332        1.0017459094
 H          3.2730031483       -6.8509169036        1.1912005912
 H          2.4294520449       -4.6135971082        0.6710890270
 H         -0.3230060478       -1.9839809913        1.5211766799
 H          1.0638813369        0.0453410389        1.5949274181
 H          7.0231274418        0.5136899140       -0.5947846150
