  44
 Etot=         -76.4837721554
 O          4.4701673828       -2.1995475381        1.0077291749
 S          3.9393563814       -1.5053299596       -0.1588460460
 O          4.3206230504       -2.1015908675       -1.4326152176
 C          4.2591709552        0.2381620477       -0.1046374507
 C          5.4726934082        0.8751766552       -0.1495181846
 C          5.5072139103        2.2631605628       -0.0951501620
 C          4.3075854182        2.9845641728        0.0031677576
 C          3.0921688769        2.3515139120        0.0484326798
 C          3.0271340362        0.9405220443       -0.0041874841
 C          1.8831403056        0.1111966234        0.0391501291
 C          0.5398418246        0.4900171548        0.1331586488
 C         -0.4677918804       -0.4596150641        0.1656559872
 N         -1.8010760124       -0.1041429319        0.2727150025
 C         -2.2366505390        1.2264448177        0.3351242513
 C         -1.6953678298        2.1341206802        1.2508744676
 C         -2.1278660629        3.4431313428        1.2772841748
 C         -3.1113288074        3.8793177933        0.3950653246
 C         -3.7013081253        2.9821430475       -0.4730997348
 C         -3.2864117290        1.6567876665       -0.4895072399
 S         -4.0923175754        0.5062164281       -1.5554225980
 C         -3.9666930582       -0.8929263781       -0.4903279411
 C         -4.9792835968       -1.8410987115       -0.4764076828
 C         -4.8940722870       -2.9304221124        0.3713173413
 C         -3.8045927913       -3.0593299216        1.2271944337
 C         -2.7859764426       -2.1315253371        1.2072790666
 C         -2.8311960608       -1.0473928011        0.3203151860
 C         -0.1353448096       -1.8555692961       -0.0217427117
 C          1.1884355299       -2.2436192579       -0.0984847190
 C          2.1830514015       -1.2996464112       -0.0383858739
 H          6.3795793947        0.2926736451       -0.2264903269
 H          6.4510321165        2.7837875517       -0.1303723616
 H          4.3506587398        4.0633948784        0.0435971796
 H          2.1814038457        2.9254473463        0.1237919045
 H          0.3101712381        1.5414780179        0.1564742761
 H         -0.9557754009        1.7873106780        1.9556637342
 H         -1.7023906922        4.1278849205        1.9941123870
 H         -3.4352937371        4.9077174272        0.4074130046
 H         -4.4953212466        3.2900446109       -1.1349240672
 H         -5.8305966599       -1.7088310503       -1.1252102233
 H         -5.6850974850       -3.6629553773        0.3845545789
 H         -3.7565767289       -3.8853550240        1.9194107507
 H         -1.9497059236       -2.2140566562        1.8843764123
 H         -0.9115327058       -2.5852738109       -0.1651179676
 H          1.4475164537       -3.2843460137       -0.2254385240
  44
 Etot=         -76.4839328357
 O          4.4693094410       -2.2026335463        1.0068494605
 S          3.9429537189       -1.5110688873       -0.1595291514
 O          4.3221111991       -2.1051766015       -1.4312719935
 C          4.2583471629        0.2363796006       -0.1042117323
 C          5.4703721551        0.8743681772       -0.1478329365
 C          5.5039222927        2.2630738343       -0.0947265901
 C          4.3053395303        2.9843240797        0.0029261801
 C          3.0901976780        2.3506437010        0.0475335114
 C          3.0272667981        0.9395826769       -0.0045495884
 C          1.8828934149        0.1106942605        0.0386279120
 C          0.5410456211        0.4908378764        0.1315807513
 C         -0.4668024628       -0.4579352214        0.1626117266
 N         -1.7994675184       -0.1031853612        0.2701480573
 C         -2.2363716462        1.2271504372        0.3347852089
 C         -1.6971502419        2.1339038302        1.2524059486
 C         -2.1285912134        3.4430174432        1.2785154670
 C         -3.1121159927        3.8793514118        0.3962754069
 C         -3.7023116805        2.9816953047       -0.4715355073
 C         -3.2858182508        1.6576208763       -0.4898259015
 S         -4.0899141813        0.5061727547       -1.5560278636
 C         -3.9655243842       -0.8930534097       -0.4906221085
 C         -4.9786306627       -1.8394619640       -0.4746305011
 C         -4.8927617528       -2.9297661403        0.3727369678
 C         -3.8030429761       -3.0582380572        1.2279562726
 C         -2.7854349877       -2.1294626457        1.2084340395
 C         -2.8301141552       -1.0467697702        0.3193437604
 C         -0.1346544568       -1.8545552678       -0.0227960180
 C          1.1892702706       -2.2434048154       -0.0965022104
 C          2.1842715556       -1.3005817934       -0.0388458274
 H          6.3769914871        0.2934042882       -0.2255775666
 H          6.4469135085        2.7846331714       -0.1303285499
 H          4.3478666216        4.0630377949        0.0442157169
 H          2.1786478265        2.9242508039        0.1237437765
 H          0.3102869003        1.5424747780        0.1545261333
 H         -0.9578139623        1.7865084319        1.9576917222
 H         -1.7014352481        4.1283286492        1.9939006026
 H         -3.4342432200        4.9083316400        0.4070044835
 H         -4.4950262022        3.2895133569       -1.1352612423
 H         -5.8292818999       -1.7076807733       -1.1246764684
 H         -5.6824300289       -3.6637492493        0.3846068660
 H         -3.7535452235       -3.8856403112        1.9185051044
 H         -1.9485634891       -2.2114320882        1.8853115035
 H         -0.9125597597       -2.5820780068       -0.1700307315
 H          1.4469744965       -3.2837857644       -0.2234827542
  44
 Etot=         -76.4840361371
 O          4.4655789115       -2.2050518361        1.0067631614
 S          3.9473954480       -1.5188601175       -0.1603389525
 O          4.3238305372       -2.1083417488       -1.4290251133
 C          4.2585537995        0.2344818460       -0.1035146472
 C          5.4687247713        0.8740892605       -0.1456449687
 C          5.5000112182        2.2638550593       -0.0936141426
 C          4.3019475475        2.9838165947        0.0032330122
 C          3.0873739529        2.3481079179        0.0467016044
 C          3.0280409210        0.9371116386       -0.0051917672
 C          1.8826405206        0.1087826630        0.0367153866
 C          0.5427797217        0.4913381730        0.1278448611
 C         -0.4660232003       -0.4560352473        0.1572699726
 N         -1.7971412381       -0.1017079865        0.2660662289
 C         -2.2359204639        1.2281332038        0.3343134948
 C         -1.6984324508        2.1338194924        1.2537498481
 C         -2.1290574781        3.4429944256        1.2798436831
 C         -3.1121035531        3.8798790021        0.3971556950
 C         -3.7024870052        2.9818077082       -0.4706028549
 C         -3.2848745915        1.6589431441       -0.4906207055
 S         -4.0862371430        0.5063354350       -1.5578859832
 C         -3.9640012290       -0.8925486145       -0.4907211774
 C         -4.9767893221       -1.8378661517       -0.4730696323
 C         -4.8893110512       -2.9293671024        0.3739377091
 C         -3.7992977284       -3.0566449578        1.2283655056
 C         -2.7831154943       -2.1263819099        1.2093764888
 C         -2.8286075526       -1.0451637694        0.3183005826
 C         -0.1352232879       -1.8540010579       -0.0260591311
 C          1.1888378283       -2.2446504928       -0.0948578862
 C          2.1843729847       -1.3032641328       -0.0403574240
 H          6.3763160092        0.2958464873       -0.2220792354
 H          6.4418564686        2.7870765300       -0.1294830280
 H          4.3425052737        4.0625468440        0.0440678752
 H          2.1743244258        2.9200041984        0.1224404424
 H          0.3106343135        1.5430665840        0.1515160182
 H         -0.9597860406        1.7854399809        1.9597925920
 H         -1.7024311710        4.1281167490        1.9957942368
 H         -3.4342861198        4.9087813063        0.4084004383
 H         -4.4962506462        3.2888397116       -1.1337446712
 H         -5.8285429472       -1.7053044560       -1.1217246206
 H         -5.6784339018       -3.6638029916        0.3862926400
 H         -3.7487718855       -3.8843146513        1.9186219984
 H         -1.9454989586       -2.2068954878        1.8859030581
 H         -0.9160335909       -2.5777291381       -0.1780787425
 H          1.4443094796       -3.2856426013       -0.2178805127
  44
 Etot=         -76.4840461856
 O          4.4635235326       -2.2041002595        1.0084849352
 S          3.9475780396       -1.5195601409       -0.1599269630
 O          4.3242361406       -2.1076409403       -1.4284974766
 C          4.2593485576        0.2344741271       -0.1030269363
 C          5.4693954668        0.8744680628       -0.1446895503
 C          5.4998260167        2.2643350875       -0.0928877749
 C          4.3012438529        2.9835383630        0.0029984277
 C          3.0869568145        2.3470084855        0.0461277902
 C          3.0284713388        0.9360814521       -0.0057173343
 C          1.8828305223        0.1077111650        0.0356146770
 C          0.5431172893        0.4908525369        0.1264890126
 C         -0.4661791683       -0.4562695710        0.1558202920
 N         -1.7967861796       -0.1014172534        0.2648837799
 C         -2.2355777693        1.2283624952        0.3337623013
 C         -1.6980004605        2.1338067863        1.2534181861
 C         -2.1294491350        3.4427383476        1.2804585018
 C         -3.1127264371        3.8797920207        0.3980946602
 C         -3.7028876424        2.9820493245       -0.4701956756
 C         -3.2849834512        1.6592354638       -0.4908331011
 S         -4.0861654263        0.5066550146       -1.5584568172
 C         -3.9640156984       -0.8921028846       -0.4907349629
 C         -4.9767992146       -1.8374701599       -0.4724120202
 C         -4.8887176371       -2.9287163326        0.3749448933
 C         -3.7983823956       -3.0557219666        1.2289634231
 C         -2.7821440521       -2.1254806710        1.2093769313
 C         -2.8283794358       -1.0445104467        0.3180647870
 C         -0.1359193742       -1.8545166978       -0.0275747393
 C          1.1881194840       -2.2457077629       -0.0950708428
 C          2.1836230822       -1.3043384586       -0.0409041987
 H          6.3778044406        0.2970355048       -0.2207526862
 H          6.4415532886        2.7879254472       -0.1284557861
 H          4.3409253342        4.0623189213        0.0439550228
 H          2.1735577558        2.9180750236        0.1215642320
 H          0.3109695343        1.5425026693        0.1505284728
 H         -0.9590615794        1.7853321844        1.9590154279
 H         -1.7029110785        4.1277434455        1.9965645397
 H         -3.4347177436        4.9087428108        0.4094088033
 H         -4.4964631314        3.2894223306       -1.1333517945
 H         -5.8286265164       -1.7056306116       -1.1210281401
 H         -5.6773595872       -3.6636468392        0.3871305173
 H         -3.7472566148       -3.8834984328        1.9190585846
 H         -1.9442499807       -2.2055586575        1.8854922059
 H         -0.9170387992       -2.5775871875       -0.1803486481
 H          1.4430940988       -3.2870922914       -0.2173836199
