 
        ______________________________________
       |                                      |
       |          ===================         |
       |             xTB for sTDA             |
       |          ===================         |
       |               S. Grimme              |
       |        Universitaet Bonn, MCTC       |
       |         2015-19, Version 1.0         |
       |     Wed Apr  3 09:14:55 CEST 2019    |
       |______________________________________|
 
        This code comes without any warranty
        for non-commercial, academia use only.
        Preliminary test version.
        Cite this work as:
        S. Grimme  &  C. Bannwarth, JCP 145 (2016) 054103
        if GBSA is used additionally:
        P. Shushkov, F. März, C. Bannwarth, S. Grimme, unpublished.
 
        with help from
        P. Shushkov, G. Brandenburg, S. Dohm, J. Pisarek,
        F. März, M. Checinski, S. Ehrlich, S. Spicher, 
        P. Pracht, E. Caldeweyher, S. Ehlert, and C. Bannwarth.
 
        usage        :
        xtb4stda <coord_file> [options]
        where <coord_file> is a valid file of TM)
        (*coord, Bohr) or xmol (*xyz, Angstroem)
        format.

        options:
        -chrg <int>   : molecular charge
        -uhf  <int>   : # of unpaired electrons(=2*S)
        -nox          : skip second, extended part in sTDA-xTB
        -pop          : do population analysis
                      : (default for -nox)
        -mowr <real>  : cut MO write above (def.3 Eh)
        -molden       : write formatted molden file
        -parx <file>  : read parameters for sTDA-xTB
                        calc (def:~/.param_stda2.xtb)
        -parv <file>  : read parameters for vTB part in
                        sTDA-xTB (def: ~/.param_stda1.xtb)
        -xtemp <real> : el. temp for xTB (def. 0 K)
        -etemp <real> : el. temp for GFN (def. 300 K)
        -fod          : calculate the FOD and write
                        molden.input file with
                        appropriate occupations
                        for plotting. Def. T=12500 K
 
        -acc <real>   : xTB accuracy (def. 1.0)
        -gbsa [string1] [string2]
                        use GBSA implicit solvent
                        for solvent [string1] and
                        solvation state [string2]=
                        reference, bar1M (default=1M)
        additional GFN/opt/MD/siman options read from
        $XTB4STDAHOME/.xtb4stdarc or $set in input
 
       spin and charge state information can be on:
       <.CHRG> (charge) and <.UHF> (=nalpha-nbeta)
       -uhf and -chrg override the file info.
       useful machine settings:
       setenv MKL_NUM_THREADS <NCORE_ON_YOUR_MACHINE>
       setenv OMP_STACKSIZE 500m
       limit stacksize unlimited
 
       total energies in Eh, gaps/HL energies in eV
       please read REVISION and HOWTO files carefully
 =============================
  # OMP threads =          48
 =============================
 
 xtb4stdahome directory:/home/penavora/Exe_xtb_crest/
 
 
 name of molecule           :
 comment line               :
 number of atoms            :    66
 number of electrons        :   166
 charge                     :  0
 spin                       : 0.0
 first test random number   :  0.9592
 
 -----------------------------------------
      charge density (VTB) calculation
 -----------------------------------------
 
      method parameters     
 k(s)        :  1.8000
 k(p)        :  2.8350
 k(d)        :  2.0860
 k(f)        :  2.0000
 Tscal       :  0.3300
 Gscal       :  0.3910
 fpol        :  1.0000
 Zcnf        :  0.6500
 Zqf         :  0.0000
 kcn         :  0.3000
 kEN1        : -0.5900
 wllscal     :  2.6000
 
     -------------------------
     ! NO SOLVENT MODEL USED !
     -------------------------
 
 doing EN charges ...
 sum q : -0.8881784D-15
 point charge moment (au)
     X       Y       Z   
  -0.0099   0.1913  -0.0129  total (Debye):    0.488
 
            Z      q(EN)   CN      Cart. coordinates
     1  C   4.0  -0.244   4.101   -13.70335     6.09647    -2.63184
     2  C   4.0  -0.023   4.075   -13.43955     5.06878     0.06859
     3  C   4.0  -0.244   4.101   -15.94422     3.87306     0.91344
     4  C   4.0  -0.244   4.101   -12.86607     7.29405     1.82660
     5  C   4.0   0.005   3.247   -11.38172     3.06400     0.10968
     6  C   4.0  -0.072   3.193   -11.63208     0.91409    -1.38890
     7  C   4.0  -0.072   3.188    -9.81502    -0.95564    -1.41291
     8  C   4.0  -0.005   3.223    -7.64741    -0.75118     0.06477
     9  C   4.0  -0.004   3.222    -5.69769    -2.72956     0.04147
    10  C   4.0  -0.073   3.194    -6.40399    -5.28265     0.01929
    11  C   4.0  -0.062   3.146    -4.64190    -7.20478     0.00122
    12  C   4.0   0.092   3.429    -2.10713    -6.54356    -0.00697
    13  N   5.0  -0.400   3.242     0.00481    -8.04769    -0.03411
    14  C   4.0   0.092   3.429     2.12035    -6.54840    -0.03620
    15  C   4.0  -0.062   3.146     4.65353    -7.21539    -0.05867
    16  C   4.0  -0.073   3.195     6.42011    -5.29743    -0.04670
    17  C   4.0  -0.004   3.222     5.72025    -2.74246    -0.02379
    18  C   4.0  -0.005   3.223     7.67549    -0.76947    -0.01959
    19  C   4.0  -0.073   3.189     9.84914    -1.00573     1.43774
    20  C   4.0  -0.072   3.184    11.68454     0.85493     1.44098
    21  C   4.0   0.005   3.247    11.43171     3.02489    -0.01557
    22  C   4.0  -0.023   4.075    13.40276     5.11450    -0.07696
    23  C   4.0  -0.244   4.101    14.37027     5.42275    -2.79479
    24  C   4.0  -0.244   4.101    12.18449     7.59054     0.81870
    25  C   4.0  -0.244   4.101    15.67293     4.55919     1.62876
    26  C   4.0  -0.072   3.192     9.25091     3.25215    -1.47276
    27  C   4.0  -0.072   3.188     7.41032     1.40571    -1.47689
    28  C   4.0  -0.067   3.197     3.17747    -2.08855    -0.00942
    29  C   4.0  -0.000   3.374     1.36846    -3.98315    -0.01041
    30  C   4.0  -0.000   3.374    -1.34892    -3.98008     0.01260
    31  C   4.0  -0.067   3.197    -3.15343    -2.08147     0.04254
    32  C   4.0  -0.073   3.190    -7.38638     1.39321     1.56096
    33  C   4.0  -0.072   3.184    -9.21799     3.25723     1.58466
    34  H   1.0   0.082   0.999   -15.14839     7.55799    -2.69660
    35  H   1.0   0.083   1.000   -14.23002     4.61289    -3.94972
    36  H   1.0   0.082   0.999   -11.92215     6.91087    -3.25833
    37  H   1.0   0.083   1.000   -16.51092     2.35325    -0.34523
    38  H   1.0   0.082   0.999   -15.75831     3.10216     2.81071
    39  H   1.0   0.082   0.999   -17.43655     5.28768     0.92670
    40  H   1.0   0.082   0.999   -12.70693     6.67228     3.77910
    41  H   1.0   0.082   0.999   -11.12751     8.24214     1.27660
    42  H   1.0   0.082   0.999   -14.39653     8.66377     1.71968
    43  H   1.0   0.075   1.006   -13.27686     0.68219    -2.57515
    44  H   1.0   0.075   1.005   -10.05910    -2.58052    -2.62577
    45  H   1.0   0.075   1.006    -8.38968    -5.75301     0.05833
    46  H   1.0   0.074   1.004    -5.22144    -9.16237    -0.00168
    47  H   1.0   0.178   1.009     0.00254    -9.94730    -0.05231
    48  H   1.0   0.074   1.004     5.22842    -9.17409    -0.09038
    49  H   1.0   0.075   1.006     8.40452    -5.77189    -0.09750
    50  H   1.0   0.075   1.005    10.09451    -2.65249     2.62064
    51  H   1.0   0.076   1.006    13.32658     0.57899     2.61509
    52  H   1.0   0.082   0.999    15.19969     3.66152    -3.45705
    53  H   1.0   0.082   0.999    15.80718     6.89156    -2.87376
    54  H   1.0   0.083   1.000    12.85190     5.93951    -4.07639
    55  H   1.0   0.083   1.000    10.62957     8.14430    -0.40225
    56  H   1.0   0.082   0.999    11.45644     7.37269     2.72944
    57  H   1.0   0.082   0.999    13.57456     9.10578     0.81823
    58  H   1.0   0.082   0.999    16.63518     2.84015     1.04292
    59  H   1.0   0.082   0.999    17.01698     6.11118     1.50739
    60  H   1.0   0.082   0.999    15.09501     4.37334     3.59234
    61  H   1.0   0.075   1.006     8.97130     4.90190    -2.64168
    62  H   1.0   0.075   1.005     5.75905     1.63181    -2.65695
    63  H   1.0   0.076   1.005     2.61516    -0.12809     0.04286
    64  H   1.0   0.076   1.005    -2.58702    -0.12158     0.02531
    65  H   1.0   0.075   1.005    -5.74225     1.59080     2.75624
    66  H   1.0   0.076   1.006    -8.92459     4.87385     2.78938
 
  Z AO/shell   Hii/eV     exponent
  1     Sat Feb 20 21:38:01 CET 2016    EN: 2.327 GAM: 0.473  GM3: 0.0000
     1s    -13.751157    1.051071
  6     Sat Feb 20 21:38:01 CET 2016    EN: 2.731 GAM: 0.422  GM3: 0.0000
     2s    -19.378245    2.021003
     2p    -11.993376    1.497917
  7     Sat Feb 20 21:38:01 CET 2016    EN: 3.573 GAM: 0.504  GM3: 0.0000
     2s    -21.576984    2.275442
     2p    -16.125120    2.056788
 
 dipole moment of classical point charges (au)
     X       Y       Z   
  -0.0099   0.1913  -0.0129  total (Debye):    0.488

 
 Nbf   :          165
 T(el) :   300.0
 calculating S/T integrals ...
 cpu time for ints   0.678500000000000     
 Nao   :          165
 making H0...
 making H1...
 cpu time for H      5.174999999999996E-002
 solving ...
 cpu time for diag    1.07547000000000     
 
 gap (eV)           :   6.434
 Koopmans IP (eV)   :  13.342
 Eel (Eh)           :  -129.068789
 T,E(Fermi),NFOD :    300.000   -10.125  0.000000
 T,E(Fermi),NFOD :    300.000   -10.125  0.000000
 Nfod               :  0.0000
 Nfod/Nel           :  0.0000

          eigenvalues
 #    :          71         72         73         74         75         76         77         78
 occ. :        2.000      2.000      2.000      2.000      2.000      2.000      2.000      2.000
 eps  :       -17.812    -17.775    -17.596    -17.514    -17.337    -16.585    -16.008    -15.554
 #    :          79         80         81         82         83         84         85         86
 occ. :        2.000      2.000      2.000      2.000      2.000      0.000      0.000      0.000
 eps  :       -15.553    -15.273    -14.861    -13.936    -13.343     -6.908     -6.784     -6.457
 #    :          87         88         89         90         91         92         93         94
 occ. :        0.000      0.000      0.000      0.000      0.000      0.000      0.000      0.000
 eps  :        -6.426     -6.400     -5.702     -5.413     -5.302     -5.014     -4.558     -4.027
                            1  SCC done.
 making H1...
 cpu time for H       1.13910300000000     
 solving ...
 cpu time for diag   0.336419000000000     
 
 gap (eV)           :   6.431
 Koopmans IP (eV)   :  13.179
 Eel (Eh)           :  -128.457942
 T,E(Fermi),NFOD :    300.000    -9.964  0.000000
 T,E(Fermi),NFOD :    300.000    -9.964  0.000000
 Nfod               :  0.0000
 Nfod/Nel           :  0.0000

          eigenvalues
 #    :          71         72         73         74         75         76         77         78
 occ. :        2.000      2.000      2.000      2.000      2.000      2.000      2.000      2.000
 eps  :       -17.730    -17.694    -17.516    -17.439    -17.199    -16.399    -15.861    -15.376
 #    :          79         80         81         82         83         84         85         86
 occ. :        2.000      2.000      2.000      2.000      2.000      0.000      0.000      0.000
 eps  :       -15.375    -15.111    -14.670    -13.793    -13.180     -6.749     -6.622     -6.377
 #    :          87         88         89         90         91         92         93         94
 occ. :        0.000      0.000      0.000      0.000      0.000      0.000      0.000      0.000
 eps  :        -6.362     -6.280     -5.561     -5.258     -5.127     -4.929     -4.415     -3.889
                            2  SCC done.
 
 
 Mulliken/CM5 charges    n(s)   n(p)   n(d)   
    1 C  -0.1020 -0.2504   1.104  2.998  0.000
    2 C   0.0259 -0.0055   1.231  2.743  0.000
    3 C  -0.1021 -0.2505   1.104  2.998  0.000
    4 C  -0.1005 -0.2498   1.101  3.000  0.000
    5 C  -0.0141 -0.0265   1.190  2.825  0.000
    6 C  -0.0437 -0.0987   1.141  2.903  0.000
    7 C  -0.0417 -0.0955   1.141  2.901  0.000
    8 C  -0.0031 -0.0124   1.166  2.837  0.000
    9 C  -0.0156 -0.0245   1.162  2.854  0.000
   10 C  -0.0434 -0.0966   1.139  2.904  0.000
   11 C  -0.0462 -0.0953   1.133  2.913  0.000
   12 C   0.0317  0.0932   1.180  2.788  0.000
   13 N  -0.0999 -0.4528   1.189  3.911  0.000
   14 C   0.0317  0.0932   1.180  2.788  0.000
   15 C  -0.0462 -0.0953   1.133  2.913  0.000
   16 C  -0.0435 -0.0967   1.139  2.904  0.000
   17 C  -0.0156 -0.0245   1.162  2.854  0.000
   18 C  -0.0031 -0.0124   1.166  2.837  0.000
   19 C  -0.0417 -0.0955   1.141  2.901  0.000
   20 C  -0.0448 -0.0995   1.140  2.905  0.000
   21 C  -0.0141 -0.0265   1.190  2.825  0.000
   22 C   0.0259 -0.0055   1.231  2.743  0.000
   23 C  -0.1020 -0.2504   1.104  2.998  0.000
   24 C  -0.1020 -0.2504   1.104  2.998  0.000
   25 C  -0.1006 -0.2499   1.101  3.000  0.000
   26 C  -0.0434 -0.0983   1.141  2.903  0.000
   27 C  -0.0408 -0.0945   1.141  2.900  0.000
   28 C  -0.0405 -0.0905   1.142  2.898  0.000
   29 C  -0.0290 -0.0260   1.164  2.865  0.000
   30 C  -0.0290 -0.0260   1.164  2.865  0.000
   31 C  -0.0405 -0.0905   1.142  2.898  0.000
   32 C  -0.0407 -0.0944   1.141  2.899  0.000
   33 C  -0.0444 -0.0992   1.140  2.904  0.000
   34 H   0.0314  0.0846   0.969  0.000  0.000
   35 H   0.0353  0.0893   0.965  0.000  0.000
   36 H   0.0337  0.0871   0.966  0.000  0.000
   37 H   0.0352  0.0892   0.965  0.000  0.000
   38 H   0.0336  0.0870   0.966  0.000  0.000
   39 H   0.0314  0.0846   0.969  0.000  0.000
   40 H   0.0354  0.0890   0.965  0.000  0.000
   41 H   0.0354  0.0891   0.965  0.000  0.000
   42 H   0.0332  0.0866   0.967  0.000  0.000
   43 H   0.0393  0.0979   0.961  0.000  0.000
   44 H   0.0378  0.0959   0.962  0.000  0.000
   45 H   0.0444  0.1028   0.956  0.000  0.000
   46 H   0.0394  0.0978   0.961  0.000  0.000
   47 H   0.1452  0.3402   0.855  0.000  0.000
   48 H   0.0394  0.0978   0.961  0.000  0.000
   49 H   0.0444  0.1028   0.956  0.000  0.000
   50 H   0.0379  0.0961   0.962  0.000  0.000
   51 H   0.0404  0.0995   0.960  0.000  0.000
   52 H   0.0335  0.0870   0.966  0.000  0.000
   53 H   0.0314  0.0846   0.969  0.000  0.000
   54 H   0.0355  0.0894   0.965  0.000  0.000
   55 H   0.0354  0.0894   0.965  0.000  0.000
   56 H   0.0336  0.0870   0.966  0.000  0.000
   57 H   0.0314  0.0846   0.969  0.000  0.000
   58 H   0.0352  0.0889   0.965  0.000  0.000
   59 H   0.0333  0.0867   0.967  0.000  0.000
   60 H   0.0354  0.0890   0.965  0.000  0.000
   61 H   0.0394  0.0980   0.961  0.000  0.000
   62 H   0.0384  0.0966   0.962  0.000  0.000
   63 H   0.0426  0.1016   0.957  0.000  0.000
   64 H   0.0426  0.1015   0.957  0.000  0.000
   65 H   0.0385  0.0967   0.961  0.000  0.000
   66 H   0.0405  0.0996   0.960  0.000  0.000
 Hirshfeld charges for QMDFF written to <charges>
 
 Loewdin charges    n(s)   n(p)   n(d)
    1 C  -0.1074   1.033  3.074  0.000
    2 C   0.0396   1.189  2.771  0.000
    3 C  -0.1075   1.033  3.074  0.000
    4 C  -0.1056   1.030  3.076  0.000
    5 C  -0.0102   1.148  2.862  0.000
    6 C  -0.0391   1.088  2.951  0.000
    7 C  -0.0371   1.088  2.949  0.000
    8 C   0.0027   1.122  2.875  0.000
    9 C  -0.0116   1.119  2.893  0.000
   10 C  -0.0380   1.086  2.952  0.000
   11 C  -0.0433   1.080  2.963  0.000
   12 C   0.0270   1.144  2.829  0.000
   13 N  -0.0542   1.136  3.918  0.000
   14 C   0.0270   1.144  2.829  0.000
   15 C  -0.0433   1.080  2.963  0.000
   16 C  -0.0380   1.086  2.952  0.000
   17 C  -0.0116   1.119  2.893  0.000
   18 C   0.0027   1.122  2.875  0.000
   19 C  -0.0370   1.088  2.949  0.000
   20 C  -0.0404   1.087  2.953  0.000
   21 C  -0.0102   1.148  2.862  0.000
   22 C   0.0396   1.189  2.771  0.000
   23 C  -0.1074   1.033  3.074  0.000
   24 C  -0.1074   1.033  3.074  0.000
   25 C  -0.1058   1.030  3.076  0.000
   26 C  -0.0387   1.088  2.951  0.000
   27 C  -0.0362   1.088  2.948  0.000
   28 C  -0.0377   1.090  2.948  0.000
   29 C  -0.0288   1.123  2.906  0.000
   30 C  -0.0288   1.123  2.906  0.000
   31 C  -0.0377   1.090  2.948  0.000
   32 C  -0.0360   1.088  2.948  0.000
   33 C  -0.0401   1.087  2.953  0.000
   34 H   0.0319   0.968  0.000  0.000
   35 H   0.0357   0.964  0.000  0.000
   36 H   0.0335   0.966  0.000  0.000
   37 H   0.0356   0.964  0.000  0.000
   38 H   0.0334   0.967  0.000  0.000
   39 H   0.0319   0.968  0.000  0.000
   40 H   0.0355   0.964  0.000  0.000
   41 H   0.0356   0.964  0.000  0.000
   42 H   0.0337   0.966  0.000  0.000
   43 H   0.0328   0.967  0.000  0.000
   44 H   0.0305   0.970  0.000  0.000
   45 H   0.0367   0.963  0.000  0.000
   46 H   0.0317   0.968  0.000  0.000
   47 H   0.1243   0.876  0.000  0.000
   48 H   0.0317   0.968  0.000  0.000
   49 H   0.0367   0.963  0.000  0.000
   50 H   0.0306   0.969  0.000  0.000
   51 H   0.0336   0.966  0.000  0.000
   52 H   0.0334   0.967  0.000  0.000
   53 H   0.0319   0.968  0.000  0.000
   54 H   0.0358   0.964  0.000  0.000
   55 H   0.0357   0.964  0.000  0.000
   56 H   0.0335   0.967  0.000  0.000
   57 H   0.0319   0.968  0.000  0.000
   58 H   0.0354   0.965  0.000  0.000
   59 H   0.0338   0.966  0.000  0.000
   60 H   0.0355   0.964  0.000  0.000
   61 H   0.0329   0.967  0.000  0.000
   62 H   0.0310   0.969  0.000  0.000
   63 H   0.0347   0.965  0.000  0.000
   64 H   0.0346   0.965  0.000  0.000
   65 H   0.0311   0.969  0.000  0.000
   66 H   0.0336   0.966  0.000  0.000
 
 Wiberg/Mayer (AO) data. WBOs > 0.1 written file <wbo>
 largest (>0.05) Wiberg bond orders for each atom
           total WBO             WBO to atom ...
     1  C   3.981    H   36 0.978    H   34 0.978    H   35 0.976    C    2 0.966
     2  C   3.922    C    4 0.977    C    3 0.966    C    1 0.966    C    5 0.940
     3  C   3.981    H   38 0.978    H   39 0.978    H   37 0.976    C    2 0.966
     4  C   3.982    H   42 0.978    H   40 0.978    H   41 0.978    C    2 0.977
     5  C   3.943    C   33 1.394    C    6 1.382    C    2 0.940    C    8 0.104
     6  C   3.972    C    7 1.452    C    5 1.382    H   43 0.944    C   32 0.105
     7  C   3.969    C    6 1.452    C    8 1.365    H   44 0.945    C   33 0.104
     8  C   3.956    C   32 1.374    C    7 1.365    C    9 1.004    C    5 0.104
     9  C   3.952    C   31 1.398    C   10 1.337    C    8 1.004    C   12 0.083
    10  C   3.951    C   11 1.465    C    9 1.337    H   45 0.944    C   30 0.085
    11  C   3.965    C   10 1.465    C   12 1.360    H   46 0.944    C   31 0.096
    12  C   3.928    C   11 1.360    C   30 1.252    N   13 1.094    C    9 0.083
    13  N   3.424    C   14 1.094    C   12 1.094    H   47 0.955
    14  C   3.928    C   15 1.360    C   29 1.252    N   13 1.094    C   17 0.083
    15  C   3.965    C   16 1.465    C   14 1.360    H   48 0.944    C   28 0.096
    16  C   3.951    C   15 1.465    C   17 1.337    H   49 0.944    C   29 0.085
    17  C   3.952    C   28 1.398    C   16 1.337    C   18 1.004    C   14 0.083
    18  C   3.956    C   19 1.375    C   27 1.365    C   17 1.004    C   21 0.104
    19  C   3.968    C   20 1.441    C   18 1.375    H   50 0.945    C   26 0.105
    20  C   3.972    C   19 1.441    C   21 1.394    H   51 0.944    C   27 0.104
    21  C   3.943    C   20 1.394    C   26 1.382    C   22 0.940    C   18 0.104
    22  C   3.922    C   25 0.977    C   23 0.966    C   24 0.966    C   21 0.940
    23  C   3.981    H   52 0.978    H   53 0.978    H   54 0.976    C   22 0.966
    24  C   3.981    H   56 0.978    H   57 0.978    H   55 0.976    C   22 0.966
    25  C   3.982    H   59 0.978    H   58 0.978    H   60 0.978    C   22 0.977
    26  C   3.972    C   27 1.453    C   21 1.382    H   61 0.944    C   19 0.105
    27  C   3.969    C   26 1.453    C   18 1.365    H   62 0.945    C   20 0.104
    28  C   3.959    C   17 1.398    C   29 1.368    H   63 0.944    C   15 0.096
    29  C   3.952    C   28 1.368    C   14 1.252    C   30 1.086    C   16 0.085
    30  C   3.952    C   31 1.368    C   12 1.252    C   29 1.086    C   10 0.085
    31  C   3.959    C    9 1.398    C   30 1.368    H   64 0.944    C   11 0.096
    32  C   3.968    C   33 1.441    C    8 1.374    H   65 0.945    C    6 0.105
    33  C   3.972    C   32 1.441    C    5 1.394    H   66 0.944    C    7 0.104
    34  H   0.997    C    1 0.978
    35  H   0.999    C    1 0.976
    36  H   0.999    C    1 0.978
    37  H   0.999    C    3 0.976
    38  H   0.999    C    3 0.978
    39  H   0.997    C    3 0.978
    40  H   0.999    C    4 0.978
    41  H   0.999    C    4 0.978
    42  H   0.998    C    4 0.978
    43  H   0.997    C    6 0.944
    44  H   0.997    C    7 0.945
    45  H   0.997    C   10 0.944
    46  H   0.995    C   11 0.944
    47  H   0.978    N   13 0.955
    48  H   0.995    C   15 0.944
    49  H   0.997    C   16 0.944
    50  H   0.997    C   19 0.945
    51  H   0.997    C   20 0.944
    52  H   0.999    C   23 0.978
    53  H   0.997    C   23 0.978
    54  H   0.999    C   23 0.976
    55  H   0.999    C   24 0.976
    56  H   0.999    C   24 0.978
    57  H   0.997    C   24 0.978
    58  H   0.999    C   25 0.978
    59  H   0.998    C   25 0.978
    60  H   0.999    C   25 0.978
    61  H   0.997    C   26 0.944
    62  H   0.997    C   27 0.945
    63  H   0.997    C   28 0.944
    64  H   0.997    C   31 0.944
    65  H   0.997    C   32 0.945
    66  H   0.997    C   33 0.944
 
 --------------------------------------------
          xTB calculation for sTDA...
 --------------------------------------------
 
 reading parameter file /home/penavora/Exe_xtb_crest/.param_stda2.xtb
 
      method parameters     
 k(s)        :  1.6000
 k(p)        :  2.1800
 k(d)        :  1.9500
 k(f)        :  2.0000
 k(R-V)      :  2.2750
 k(R-R)      :  1.7650
 Tscal       :  0.2580
 Gscal       :  1.0000
 fpol        :  1.0000
 Zcnf        :  0.3430
 Zqf         :  0.0000
 kcn         :  2.7000
 Ryd Hsplit  :  0.7000
 lshift(virt):  3.1000
 lshift(OS)  :  0.2000
 wllscaling  :  2.6000
 
 mowrcut     : 3.000
 
  Z AO/shell   Hii/eV     exponent
  1     Sun Feb 14 09:53:25 CET 2016    EN: 2.327 GAM: 0.473  GM3: 0.0000
     1s    -14.339618    1.220000
     2sp    -3.348946    0.600000
  6     Sun Feb 14 09:53:25 CET 2016    EN: 2.731 GAM: 0.422  GM3: 0.0000
     2s    -22.009312    1.565095
     2p    -13.020408    1.596905
     3sp    -3.914040    0.824500
  7     Sun Feb 14 09:53:25 CET 2016    EN: 3.573 GAM: 0.504  GM3: 0.0000
     2s    -25.722000    2.064844
     2p    -18.684912    1.801692
     3sp    -4.344791    0.921400
 
 Nbf   :          429
 T(el) :     0.0
 calculating S/T integrals ...
 cpu time for ints    5.16321100000000     
 Nao   :          429
 making H0...
 making H1...
 cpu time for H      4.819999999998714E-003
 solving ...
 cpu time for diag   0.401653000000001     
 
 gap (eV)           :   7.676
 Koopmans IP (eV)   :  14.247
 Eel (Eh)           :  -141.214011

          eigenvalues
 #    :          71         72         73         74         75         76         77         78
 occ. :        2.000      2.000      2.000      2.000      2.000      2.000      2.000      2.000
 eps  :       -18.301    -18.221    -18.213    -18.073    -18.054    -17.049    -16.571    -16.060
 #    :          79         80         81         82         83         84         85         86
 occ. :        2.000      2.000      2.000      2.000      2.000      0.000      0.000      0.000
 eps  :       -16.057    -15.923    -15.541    -14.956    -14.249     -6.572     -6.486     -6.080
 #    :          87         88         89         90         91         92         93         94
 occ. :        0.000      0.000      0.000      0.000      0.000      0.000      0.000      0.000
 eps  :        -5.664     -5.663     -5.180     -4.939     -4.934     -4.830     -4.493     -4.488
                            1  SCC done.
 writing mo output ...
 molden style : F
 
speedup 20.39
cpu  time for all    8.99 s
wall time for all    0.44 s
