 
        ______________________________________
       |                                      |
       |          ===================         |
       |             xTB for sTDA             |
       |          ===================         |
       |               S. Grimme              |
       |        Universitaet Bonn, MCTC       |
       |         2015-19, Version 1.0         |
       |     Wed Apr  3 09:14:55 CEST 2019    |
       |______________________________________|
 
        This code comes without any warranty
        for non-commercial, academia use only.
        Preliminary test version.
        Cite this work as:
        S. Grimme  &  C. Bannwarth, JCP 145 (2016) 054103
        if GBSA is used additionally:
        P. Shushkov, F. März, C. Bannwarth, S. Grimme, unpublished.
 
        with help from
        P. Shushkov, G. Brandenburg, S. Dohm, J. Pisarek,
        F. März, M. Checinski, S. Ehrlich, S. Spicher, 
        P. Pracht, E. Caldeweyher, S. Ehlert, and C. Bannwarth.
 
        usage        :
        xtb4stda <coord_file> [options]
        where <coord_file> is a valid file of TM)
        (*coord, Bohr) or xmol (*xyz, Angstroem)
        format.

        options:
        -chrg <int>   : molecular charge
        -uhf  <int>   : # of unpaired electrons(=2*S)
        -nox          : skip second, extended part in sTDA-xTB
        -pop          : do population analysis
                      : (default for -nox)
        -mowr <real>  : cut MO write above (def.3 Eh)
        -molden       : write formatted molden file
        -parx <file>  : read parameters for sTDA-xTB
                        calc (def:~/.param_stda2.xtb)
        -parv <file>  : read parameters for vTB part in
                        sTDA-xTB (def: ~/.param_stda1.xtb)
        -xtemp <real> : el. temp for xTB (def. 0 K)
        -etemp <real> : el. temp for GFN (def. 300 K)
        -fod          : calculate the FOD and write
                        molden.input file with
                        appropriate occupations
                        for plotting. Def. T=12500 K
 
        -acc <real>   : xTB accuracy (def. 1.0)
        -gbsa [string1] [string2]
                        use GBSA implicit solvent
                        for solvent [string1] and
                        solvation state [string2]=
                        reference, bar1M (default=1M)
        additional GFN/opt/MD/siman options read from
        $XTB4STDAHOME/.xtb4stdarc or $set in input
 
       spin and charge state information can be on:
       <.CHRG> (charge) and <.UHF> (=nalpha-nbeta)
       -uhf and -chrg override the file info.
       useful machine settings:
       setenv MKL_NUM_THREADS <NCORE_ON_YOUR_MACHINE>
       setenv OMP_STACKSIZE 500m
       limit stacksize unlimited
 
       total energies in Eh, gaps/HL energies in eV
       please read REVISION and HOWTO files carefully
 =============================
  # OMP threads =          48
 =============================
 
 xtb4stdahome directory:/home/penavora/Exe_xtb_crest/
 
 
 name of molecule           :
 comment line               :
 number of atoms            :    84
 number of electrons        :   244
 charge                     :  0
 spin                       : 0.0
 first test random number   :  0.8390
 
 -----------------------------------------
      charge density (VTB) calculation
 -----------------------------------------
 
      method parameters     
 k(s)        :  1.8000
 k(p)        :  2.8350
 k(d)        :  2.0860
 k(f)        :  2.0000
 Tscal       :  0.3300
 Gscal       :  0.3910
 fpol        :  1.0000
 Zcnf        :  0.6500
 Zqf         :  0.0000
 kcn         :  0.3000
 kEN1        : -0.5900
 wllscal     :  2.6000
 
     -------------------------
     ! NO SOLVENT MODEL USED !
     -------------------------
 
 doing EN charges ...
 sum q : -0.3330669D-14
 point charge moment (au)
     X       Y       Z   
  -0.0930   0.0126   0.0082  total (Debye):    0.239
 
            Z      q(EN)   CN      Cart. coordinates
     1  C   4.0  -0.244   4.105    15.86482    -1.47962    -1.72509
     2  C   4.0  -0.032   4.140    14.24867     0.49160    -0.32252
     3  C   4.0  -0.244   4.105    15.95182     2.52159     0.87886
     4  C   4.0   0.010   3.301    12.50446     1.76519    -2.20720
     5  C   4.0  -0.072   3.197    13.53193     3.07962    -4.23179
     6  C   4.0  -0.072   3.141    12.04130     4.32479    -5.97875
     7  C   4.0  -0.072   3.145     9.44360     4.29282    -5.69422
     8  C   4.0  -0.069   3.201     8.37221     2.99782    -3.70309
     9  C   4.0   0.096   3.303     9.87405     1.69635    -1.96276
    10  N   5.0  -0.314   3.256     8.74229     0.39250     0.01022
    11  C   4.0   0.078   3.295     6.06907     0.35444     0.17845
    12  C   4.0  -0.068   3.185     4.83828     1.86012     1.94599
    13  C   4.0  -0.072   3.194     2.23550     1.83337     2.10123
    14  C   4.0  -0.004   3.240     0.82444     0.28774     0.50412
    15  C   4.0  -0.006   3.315    -1.94300     0.25381     0.67308
    16  C   4.0  -0.018   3.239    -3.27538    -2.03066     0.77821
    17  C   4.0   0.245   2.137    -1.98639    -4.35620     1.00078
    18  N   5.0  -0.219   1.030    -0.95854    -6.24375     1.28162
    19  C   4.0   0.098   3.328    -5.94042    -1.96861     0.83066
    20  C   4.0   0.000   3.267    -7.43225    -4.30655     0.83304
    21  C   4.0  -0.072   3.192    -9.23555    -4.60841     2.68184
    22  C   4.0  -0.071   3.135   -10.57741    -6.87453     2.90772
    23  C   4.0  -0.072   3.176   -10.11117    -8.82481     1.27876
    24  C   4.0  -0.006   3.256    -8.35341    -8.55457    -0.70621
    25  C   4.0  -0.072   3.178    -7.91926   -10.52022    -2.45393
    26  C   4.0  -0.072   3.137    -6.28189   -10.20455    -4.42395
    27  C   4.0  -0.072   3.141    -5.04460    -7.88574    -4.76052
    28  C   4.0  -0.072   3.187    -5.40773    -5.95193    -3.08713
    29  C   4.0  -0.005   3.286    -7.01265    -6.24550    -0.97877
    30  N   5.0  -0.225   2.226    -7.19836     0.18175     1.00972
    31  C   4.0   0.098   3.322    -5.99549     2.37506     1.00809
    32  C   4.0   0.001   3.260    -7.48792     4.68783     1.33961
    33  C   4.0  -0.073   3.199    -6.63022     6.48587     3.01699
    34  C   4.0  -0.071   3.134    -7.97977     8.71741     3.44168
    35  C   4.0  -0.072   3.176   -10.18755     9.15545     2.17594
    36  C   4.0  -0.006   3.256   -11.13969     7.36903     0.44344
    37  C   4.0  -0.073   3.178   -13.41430     7.80852    -0.87649
    38  C   4.0  -0.072   3.136   -14.32438     6.07848    -2.56190
    39  C   4.0  -0.072   3.141   -12.98701     3.83423    -3.00509
    40  C   4.0  -0.072   3.180   -10.77518     3.35198    -1.75890
    41  C   4.0  -0.004   3.280    -9.79403     5.08515     0.01101
    42  C   4.0  -0.018   3.238    -3.34472     2.50164     0.72950
    43  C   4.0   0.244   2.134    -2.13012     4.84550     0.34577
    44  N   5.0  -0.218   1.029    -1.14813     6.73465    -0.06375
    45  C   4.0  -0.072   3.194     2.06597    -1.22841    -1.25417
    46  C   4.0  -0.068   3.185     4.66802    -1.18807    -1.42256
    47  C   4.0   0.096   3.303    10.14943    -0.86356     1.83099
    48  C   4.0  -0.069   3.201     8.91531    -2.21231     3.73782
    49  C   4.0  -0.072   3.145    10.26416    -3.46202     5.58398
    50  C   4.0  -0.072   3.141    12.87671    -3.40111     5.55323
    51  C   4.0  -0.072   3.197    14.10086    -2.10968     3.64063
    52  C   4.0   0.010   3.301    12.79088    -0.83843     1.75644
    53  H   1.0   0.083   1.000    17.16495    -2.41258    -0.43883
    54  H   1.0   0.082   1.000    14.64834    -2.90887    -2.56666
    55  H   1.0   0.083   1.000    16.96139    -0.59920    -3.22105
    56  H   1.0   0.082   1.000    14.79622     3.90884     1.86422
    57  H   1.0   0.083   1.000    17.05348     3.49714    -0.55287
    58  H   1.0   0.083   1.000    17.25135     1.68365     2.22961
    59  H   1.0   0.076   1.006    15.55819     3.14467    -4.45967
    60  H   1.0   0.074   1.004    12.90317     5.32495    -7.53337
    61  H   1.0   0.074   1.004     8.24324     5.28132    -7.01532
    62  H   1.0   0.077   1.008     6.34487     3.00709    -3.48109
    63  H   1.0   0.076   1.005     5.93546     3.04531     3.19207
    64  H   1.0   0.076   1.006     1.29365     2.99208     3.49256
    65  H   1.0   0.076   1.006    -9.56669    -3.08799     4.00159
    66  H   1.0   0.074   1.004   -11.95651    -7.07388     4.39811
    67  H   1.0   0.074   1.005   -11.10217   -10.59964     1.47057
    68  H   1.0   0.074   1.005    -8.92655   -12.27957    -2.20988
    69  H   1.0   0.074   1.004    -5.95440   -11.71902    -5.75166
    70  H   1.0   0.074   1.004    -3.80623    -7.63266    -6.36288
    71  H   1.0   0.076   1.007    -4.48553    -4.15848    -3.41024
    72  H   1.0   0.076   1.006    -4.91351     6.15906     4.07363
    73  H   1.0   0.074   1.004    -7.25654    10.07904     4.77725
    74  H   1.0   0.074   1.005   -11.24168    10.87602     2.48776
    75  H   1.0   0.074   1.005   -14.41912     9.55196    -0.52837
    76  H   1.0   0.074   1.004   -16.06698     6.42805    -3.56528
    77  H   1.0   0.074   1.004   -13.71641     2.48135    -4.34818
    78  H   1.0   0.077   1.008    -9.77389     1.61149    -2.10573
    79  H   1.0   0.076   1.006     0.99070    -2.41903    -2.51624
    80  H   1.0   0.076   1.005     5.63242    -2.34862    -2.79524
    81  H   1.0   0.077   1.008     6.87755    -2.29413     3.76143
    82  H   1.0   0.074   1.004     9.26762    -4.48793     7.03922
    83  H   1.0   0.074   1.004    13.95458    -4.36498     6.99167
    84  H   1.0   0.076   1.006    16.14085    -2.10233     3.62251
 
  Z AO/shell   Hii/eV     exponent
  1     Sat Feb 20 21:38:01 CET 2016    EN: 2.327 GAM: 0.473  GM3: 0.0000
     1s    -13.751157    1.051071
  6     Sat Feb 20 21:38:01 CET 2016    EN: 2.731 GAM: 0.422  GM3: 0.0000
     2s    -19.378245    2.021003
     2p    -11.993376    1.497917
  7     Sat Feb 20 21:38:01 CET 2016    EN: 3.573 GAM: 0.504  GM3: 0.0000
     2s    -21.576984    2.275442
     2p    -16.125120    2.056788
 
 dipole moment of classical point charges (au)
     X       Y       Z   
  -0.0930   0.0126   0.0082  total (Debye):    0.239

 
 Nbf   :          240
 T(el) :   300.0
 calculating S/T integrals ...
 cpu time for ints    1.78961200000000     
 Nao   :          240
 making H0...
 making H1...
 cpu time for H      0.113359000000000     
 solving ...
 cpu time for diag   0.834231000000000     
 
 gap (eV)           :   4.288
 Koopmans IP (eV)   :  13.036
 Eel (Eh)           :  -192.713770
 T,E(Fermi),NFOD :    300.000   -10.893  0.000000
 T,E(Fermi),NFOD :    300.000   -10.893  0.000000
 Nfod               :  0.0000
 Nfod/Nel           :  0.0000

          eigenvalues
 #    :         110        111        112        113        114        115        116        117
 occ. :        2.000      2.000      2.000      2.000      2.000      2.000      2.000      2.000
 eps  :       -16.518    -16.066    -15.648    -15.441    -15.425    -15.363    -15.316    -15.292
 #    :         118        119        120        121        122        123        124        125
 occ. :        2.000      2.000      2.000      2.000      2.000      0.000      0.000      0.000
 eps  :       -15.289    -14.982    -14.160    -13.941    -13.038     -8.750     -8.632     -7.422
 #    :         126        127        128        129        130        131        132        133
 occ. :        0.000      0.000      0.000      0.000      0.000      0.000      0.000      0.000
 eps  :        -7.013     -6.830     -6.317     -5.757     -5.747     -5.733     -5.588     -5.542
                            1  SCC done.
 making H1...
 cpu time for H      0.963447000000000     
 solving ...
 cpu time for diag   0.290940000000000     
 
 gap (eV)           :   4.039
 Koopmans IP (eV)   :  12.794
 Eel (Eh)           :  -192.158447
 T,E(Fermi),NFOD :    300.000   -10.774  0.000000
 T,E(Fermi),NFOD :    300.000   -10.774  0.000000
 Nfod               :  0.0000
 Nfod/Nel           :  0.0000

          eigenvalues
 #    :         110        111        112        113        114        115        116        117
 occ. :        2.000      2.000      2.000      2.000      2.000      2.000      2.000      2.000
 eps  :       -16.417    -15.702    -15.490    -15.297    -15.288    -15.282    -15.249    -15.200
 #    :         118        119        120        121        122        123        124        125
 occ. :        2.000      2.000      2.000      2.000      2.000      0.000      0.000      0.000
 eps  :       -15.139    -15.030    -14.112    -13.934    -12.795     -8.756     -8.688     -7.462
 #    :         126        127        128        129        130        131        132        133
 occ. :        0.000      0.000      0.000      0.000      0.000      0.000      0.000      0.000
 eps  :        -6.989     -6.834     -6.407     -5.744     -5.742     -5.631     -5.560     -5.557
                            2  SCC done.
 
 
 Mulliken/CM5 charges    n(s)   n(p)   n(d)   
    1 C  -0.1027 -0.2498   1.109  2.994  0.000
    2 C   0.0211  0.0012   1.225  2.754  0.000
    3 C  -0.1027 -0.2497   1.109  2.994  0.000
    4 C  -0.0222 -0.0247   1.185  2.837  0.000
    5 C  -0.0449 -0.0997   1.140  2.905  0.000
    6 C  -0.0518 -0.1083   1.132  2.920  0.000
    7 C  -0.0370 -0.0932   1.136  2.901  0.000
    8 C  -0.0569 -0.1049   1.135  2.922  0.000
    9 C   0.0506  0.1125   1.180  2.770  0.000
   10 N  -0.1175 -0.3602   1.224  3.893  0.000
   11 C   0.0687  0.1192   1.177  2.754  0.000
   12 C  -0.0196 -0.0689   1.139  2.881  0.000
   13 C  -0.0265 -0.0787   1.141  2.886  0.000
   14 C  -0.0013 -0.0080   1.163  2.838  0.000
   15 C   0.0286  0.0294   1.195  2.777  0.000
   16 C   0.0065  0.0138   1.154  2.840  0.000
   17 C   0.0983  0.2171   1.174  2.727  0.000
   18 N  -0.2096 -0.3391   1.643  3.567  0.000
   19 C   0.0704  0.1466   1.200  2.729  0.000
   20 C   0.0066  0.0077   1.164  2.829  0.000
   21 C  -0.0255 -0.0766   1.142  2.883  0.000
   22 C  -0.0266 -0.0827   1.134  2.892  0.000
   23 C  -0.0316 -0.0853   1.143  2.889  0.000
   24 C   0.0039 -0.0036   1.164  2.832  0.000
   25 C  -0.0351 -0.0889   1.141  2.894  0.000
   26 C  -0.0295 -0.0858   1.135  2.894  0.000
   27 C  -0.0285 -0.0848   1.136  2.893  0.000
   28 C  -0.0409 -0.0931   1.141  2.900  0.000
   29 C   0.0002 -0.0032   1.169  2.831  0.000
   30 N  -0.1804 -0.3789   1.467  3.713  0.000
   31 C   0.0700  0.1460   1.200  2.730  0.000
   32 C   0.0081  0.0092   1.165  2.827  0.000
   33 C  -0.0303 -0.0820   1.144  2.887  0.000
   34 C  -0.0246 -0.0808   1.134  2.891  0.000
   35 C  -0.0311 -0.0848   1.143  2.888  0.000
   36 C   0.0021 -0.0054   1.165  2.833  0.000
   37 C  -0.0374 -0.0911   1.141  2.896  0.000
   38 C  -0.0312 -0.0874   1.136  2.896  0.000
   39 C  -0.0310 -0.0873   1.136  2.895  0.000
   40 C  -0.0372 -0.0888   1.141  2.896  0.000
   41 C   0.0036  0.0008   1.169  2.827  0.000
   42 C   0.0047  0.0125   1.154  2.842  0.000
   43 C   0.0965  0.2150   1.175  2.728  0.000
   44 N  -0.2128 -0.3423   1.643  3.570  0.000
   45 C  -0.0267 -0.0790   1.141  2.886  0.000
   46 C  -0.0196 -0.0689   1.139  2.881  0.000
   47 C   0.0506  0.1125   1.180  2.770  0.000
   48 C  -0.0569 -0.1049   1.135  2.922  0.000
   49 C  -0.0370 -0.0932   1.136  2.901  0.000
   50 C  -0.0518 -0.1083   1.132  2.920  0.000
   51 C  -0.0449 -0.0997   1.140  2.905  0.000
   52 C  -0.0222 -0.0247   1.185  2.837  0.000
   53 H   0.0335  0.0877   0.967  0.000  0.000
   54 H   0.0343  0.0882   0.966  0.000  0.000
   55 H   0.0334  0.0876   0.967  0.000  0.000
   56 H   0.0343  0.0882   0.966  0.000  0.000
   57 H   0.0335  0.0877   0.966  0.000  0.000
   58 H   0.0335  0.0876   0.967  0.000  0.000
   59 H   0.0429  0.1018   0.957  0.000  0.000
   60 H   0.0389  0.0954   0.961  0.000  0.000
   61 H   0.0425  0.0991   0.957  0.000  0.000
   62 H   0.0393  0.1029   0.961  0.000  0.000
   63 H   0.0449  0.1055   0.955  0.000  0.000
   64 H   0.0466  0.1070   0.953  0.000  0.000
   65 H   0.0449  0.1059   0.955  0.000  0.000
   66 H   0.0443  0.1009   0.956  0.000  0.000
   67 H   0.0412  0.0986   0.959  0.000  0.000
   68 H   0.0390  0.0964   0.961  0.000  0.000
   69 H   0.0408  0.0973   0.959  0.000  0.000
   70 H   0.0410  0.0976   0.959  0.000  0.000
   71 H   0.0378  0.0995   0.962  0.000  0.000
   72 H   0.0439  0.1051   0.956  0.000  0.000
   73 H   0.0451  0.1017   0.955  0.000  0.000
   74 H   0.0413  0.0988   0.959  0.000  0.000
   75 H   0.0386  0.0960   0.961  0.000  0.000
   76 H   0.0404  0.0969   0.960  0.000  0.000
   77 H   0.0410  0.0975   0.959  0.000  0.000
   78 H   0.0428  0.1101   0.957  0.000  0.000
   79 H   0.0468  0.1072   0.953  0.000  0.000
   80 H   0.0449  0.1055   0.955  0.000  0.000
   81 H   0.0393  0.1029   0.961  0.000  0.000
   82 H   0.0425  0.0991   0.957  0.000  0.000
   83 H   0.0389  0.0954   0.961  0.000  0.000
   84 H   0.0429  0.1018   0.957  0.000  0.000
 Hirshfeld charges for QMDFF written to <charges>
 
 Loewdin charges    n(s)   n(p)   n(d)
    1 C  -0.1086   1.038  3.070  0.000
    2 C   0.0320   1.184  2.784  0.000
    3 C  -0.1086   1.038  3.070  0.000
    4 C  -0.0239   1.146  2.878  0.000
    5 C  -0.0394   1.087  2.952  0.000
    6 C  -0.0462   1.078  2.969  0.000
    7 C  -0.0280   1.080  2.948  0.000
    8 C  -0.0558   1.083  2.973  0.000
    9 C   0.0455   1.144  2.811  0.000
   10 N  -0.0789   1.183  3.896  0.000
   11 C   0.0676   1.140  2.793  0.000
   12 C  -0.0165   1.086  2.931  0.000
   13 C  -0.0205   1.087  2.933  0.000
   14 C   0.0019   1.120  2.878  0.000
   15 C   0.0389   1.150  2.811  0.000
   16 C  -0.0025   1.114  2.889  0.000
   17 C   0.0905   1.141  2.768  0.000
   18 N  -0.1979   1.604  3.594  0.000
   19 C   0.0688   1.164  2.767  0.000
   20 C   0.0068   1.122  2.871  0.000
   21 C  -0.0199   1.089  2.931  0.000
   22 C  -0.0187   1.079  2.939  0.000
   23 C  -0.0261   1.089  2.937  0.000
   24 C   0.0083   1.120  2.872  0.000
   25 C  -0.0301   1.088  2.943  0.000
   26 C  -0.0220   1.080  2.942  0.000
   27 C  -0.0210   1.081  2.940  0.000
   28 C  -0.0368   1.088  2.949  0.000
   29 C   0.0027   1.127  2.871  0.000
   30 N  -0.1623   1.433  3.729  0.000
   31 C   0.0682   1.164  2.768  0.000
   32 C   0.0082   1.123  2.869  0.000
   33 C  -0.0245   1.090  2.934  0.000
   34 C  -0.0171   1.079  2.938  0.000
   35 C  -0.0254   1.090  2.936  0.000
   36 C   0.0067   1.121  2.872  0.000
   37 C  -0.0323   1.088  2.944  0.000
   38 C  -0.0235   1.081  2.943  0.000
   39 C  -0.0230   1.081  2.942  0.000
   40 C  -0.0328   1.088  2.945  0.000
   41 C   0.0057   1.127  2.868  0.000
   42 C  -0.0043   1.114  2.891  0.000
   43 C   0.0890   1.142  2.769  0.000
   44 N  -0.2011   1.604  3.597  0.000
   45 C  -0.0208   1.087  2.933  0.000
   46 C  -0.0164   1.086  2.931  0.000
   47 C   0.0455   1.144  2.811  0.000
   48 C  -0.0558   1.083  2.973  0.000
   49 C  -0.0280   1.080  2.948  0.000
   50 C  -0.0462   1.078  2.969  0.000
   51 C  -0.0394   1.087  2.952  0.000
   52 C  -0.0239   1.146  2.878  0.000
   53 H   0.0341   0.966  0.000  0.000
   54 H   0.0337   0.966  0.000  0.000
   55 H   0.0341   0.966  0.000  0.000
   56 H   0.0337   0.966  0.000  0.000
   57 H   0.0341   0.966  0.000  0.000
   58 H   0.0341   0.966  0.000  0.000
   59 H   0.0364   0.964  0.000  0.000
   60 H   0.0319   0.968  0.000  0.000
   61 H   0.0348   0.965  0.000  0.000
   62 H   0.0319   0.968  0.000  0.000
   63 H   0.0359   0.964  0.000  0.000
   64 H   0.0378   0.962  0.000  0.000
   65 H   0.0359   0.964  0.000  0.000
   66 H   0.0361   0.964  0.000  0.000
   67 H   0.0334   0.967  0.000  0.000
   68 H   0.0313   0.969  0.000  0.000
   69 H   0.0330   0.967  0.000  0.000
   70 H   0.0333   0.967  0.000  0.000
   71 H   0.0305   0.970  0.000  0.000
   72 H   0.0355   0.965  0.000  0.000
   73 H   0.0368   0.963  0.000  0.000
   74 H   0.0334   0.967  0.000  0.000
   75 H   0.0310   0.969  0.000  0.000
   76 H   0.0327   0.967  0.000  0.000
   77 H   0.0332   0.967  0.000  0.000
   78 H   0.0341   0.966  0.000  0.000
   79 H   0.0380   0.962  0.000  0.000
   80 H   0.0359   0.964  0.000  0.000
   81 H   0.0319   0.968  0.000  0.000
   82 H   0.0348   0.965  0.000  0.000
   83 H   0.0319   0.968  0.000  0.000
   84 H   0.0364   0.964  0.000  0.000
 
 Wiberg/Mayer (AO) data. WBOs > 0.1 written file <wbo>
 largest (>0.05) Wiberg bond orders for each atom
           total WBO             WBO to atom ...
     1  C   3.978    H   54 0.978    H   53 0.976    H   55 0.976    C    2 0.954
     2  C   3.924    C    3 0.954    C    1 0.954    C   52 0.947    C    4 0.947
     3  C   3.978    H   56 0.978    H   57 0.976    H   58 0.976    C    2 0.954
     4  C   3.945    C    5 1.402    C    9 1.332    C    2 0.947    C    7 0.103
     5  C   3.971    C    6 1.432    C    4 1.402    H   59 0.942    C    8 0.105
     6  C   3.970    C    5 1.432    C    7 1.415    H   60 0.945    C    9 0.098
     7  C   3.973    C    8 1.451    C    6 1.415    H   61 0.944    C    4 0.103
     8  C   3.967    C    7 1.451    C    9 1.355    H   62 0.941    C    5 0.105
     9  C   3.932    C    8 1.355    C    4 1.332    N   10 1.030    C    6 0.098
    10  N   3.378    C   47 1.031    C    9 1.030    C   11 0.952
    11  C   3.928    C   46 1.383    C   12 1.383    N   10 0.952    C   14 0.104
    12  C   3.968    C   13 1.447    C   11 1.383    H   63 0.945    C   45 0.104
    13  C   3.969    C   12 1.447    C   14 1.366    H   64 0.942    C   46 0.104
    14  C   3.953    C   45 1.366    C   13 1.366    C   15 1.000    C   11 0.104
    15  C   3.936    C   16 1.302    C   42 1.298    C   14 1.000    N   30 0.085    N   44 0.065    N   18 0.065
    16  C   3.951    C   15 1.302    C   19 1.265    C   17 1.059    N   18 0.076    C   31 0.075
    17  C   3.939    N   18 2.813    C   16 1.059
    18  N   3.078    C   17 2.813    C   16 0.076    C   19 0.066    C   15 0.065
    19  C   3.926    N   30 1.386    C   16 1.265    C   20 1.005    C   42 0.075    N   18 0.066
    20  C   3.950    C   21 1.485    C   29 1.205    C   19 1.005    C   23 0.110
    21  C   3.968    C   20 1.485    C   22 1.321    H   65 0.945    C   24 0.062
    22  C   3.972    C   23 1.545    C   21 1.321    H   66 0.944    C   29 0.060
    23  C   3.968    C   22 1.545    C   24 1.256    H   67 0.944    C   20 0.110
    24  C   3.959    C   23 1.256    C   25 1.254    C   29 1.226    C   27 0.064    C   21 0.062
    25  C   3.971    C   26 1.556    C   24 1.254    H   68 0.944    C   28 0.116
    26  C   3.974    C   25 1.556    C   27 1.308    H   69 0.946    C   29 0.065
    27  C   3.971    C   28 1.552    C   26 1.308    H   70 0.946    C   24 0.064
    28  C   3.972    C   27 1.552    C   29 1.263    H   71 0.942    C   25 0.116
    29  C   3.956    C   28 1.263    C   24 1.226    C   20 1.205    C   26 0.065    C   22 0.060
    30  N   3.120    C   19 1.386    C   31 1.376    C   15 0.085
    31  C   3.926    N   30 1.376    C   42 1.268    C   32 1.014    C   16 0.075    N   44 0.066
    32  C   3.950    C   33 1.478    C   41 1.201    C   31 1.014    C   35 0.108
    33  C   3.967    C   32 1.478    C   34 1.323    H   72 0.942    C   36 0.061
    34  C   3.972    C   35 1.543    C   33 1.323    H   73 0.944    C   41 0.060
    35  C   3.967    C   34 1.543    C   36 1.256    H   74 0.943    C   32 0.108
    36  C   3.958    C   35 1.256    C   37 1.255    C   41 1.225    C   39 0.065    C   33 0.061
    37  C   3.970    C   38 1.556    C   36 1.255    H   75 0.944    C   40 0.117
    38  C   3.974    C   37 1.556    C   39 1.309    H   76 0.946    C   41 0.066
    39  C   3.971    C   40 1.550    C   38 1.309    H   77 0.946    C   36 0.065
    40  C   3.972    C   39 1.550    C   41 1.267    H   78 0.941    C   37 0.117
    41  C   3.955    C   40 1.267    C   36 1.225    C   32 1.201    C   38 0.066    C   34 0.060
    42  C   3.950    C   15 1.298    C   31 1.268    C   43 1.062    N   44 0.076    C   19 0.075
    43  C   3.939    N   44 2.809    C   42 1.062
    44  N   3.076    C   43 2.809    C   42 0.076    C   31 0.066    C   15 0.065
    45  C   3.969    C   46 1.447    C   14 1.366    H   79 0.942    C   12 0.104
    46  C   3.968    C   45 1.447    C   11 1.383    H   80 0.945    C   13 0.104
    47  C   3.932    C   48 1.355    C   52 1.332    N   10 1.031    C   50 0.098
    48  C   3.967    C   49 1.452    C   47 1.355    H   81 0.941    C   51 0.105
    49  C   3.973    C   48 1.452    C   50 1.415    H   82 0.944    C   52 0.103
    50  C   3.970    C   51 1.432    C   49 1.415    H   83 0.945    C   47 0.098
    51  C   3.971    C   50 1.432    C   52 1.402    H   84 0.942    C   48 0.105
    52  C   3.945    C   51 1.402    C   47 1.332    C    2 0.947    C   49 0.103
    53  H   0.997    C    1 0.976
    54  H   0.999    C    1 0.978
    55  H   0.997    C    1 0.976
    56  H   0.999    C    3 0.978
    57  H   0.997    C    3 0.976
    58  H   0.997    C    3 0.976
    59  H   0.997    C    5 0.942
    60  H   0.997    C    6 0.945
    61  H   0.994    C    7 0.944
    62  H   0.997    C    8 0.941
    63  H   0.996    C   12 0.945
    64  H   0.997    C   13 0.942
    65  H   0.996    C   21 0.945
    66  H   0.993    C   22 0.944
    67  H   0.994    C   23 0.944
    68  H   0.997    C   25 0.944
    69  H   0.995    C   26 0.946
    70  H   0.996    C   27 0.946
    71  H   0.997    C   28 0.942
    72  H   0.996    C   33 0.942
    73  H   0.993    C   34 0.944
    74  H   0.994    C   35 0.943
    75  H   0.996    C   37 0.944
    76  H   0.995    C   38 0.946
    77  H   0.996    C   39 0.946
    78  H   0.997    C   40 0.941
    79  H   0.997    C   45 0.942
    80  H   0.996    C   46 0.945
    81  H   0.997    C   48 0.941
    82  H   0.994    C   49 0.944
    83  H   0.997    C   50 0.945
    84  H   0.997    C   51 0.942
 
 --------------------------------------------
          xTB calculation for sTDA...
 --------------------------------------------
 
 reading parameter file /home/penavora/Exe_xtb_crest/.param_stda2.xtb
 
      method parameters     
 k(s)        :  1.6000
 k(p)        :  2.1800
 k(d)        :  1.9500
 k(f)        :  2.0000
 k(R-V)      :  2.2750
 k(R-R)      :  1.7650
 Tscal       :  0.2580
 Gscal       :  1.0000
 fpol        :  1.0000
 Zcnf        :  0.3430
 Zqf         :  0.0000
 kcn         :  2.7000
 Ryd Hsplit  :  0.7000
 lshift(virt):  3.1000
 lshift(OS)  :  0.2000
 wllscaling  :  2.6000
 
 mowrcut     : 3.000
 
  Z AO/shell   Hii/eV     exponent
  1     Sun Feb 14 09:53:25 CET 2016    EN: 2.327 GAM: 0.473  GM3: 0.0000
     1s    -14.339618    1.220000
     2sp    -3.348946    0.600000
  6     Sun Feb 14 09:53:25 CET 2016    EN: 2.731 GAM: 0.422  GM3: 0.0000
     2s    -22.009312    1.565095
     2p    -13.020408    1.596905
     3sp    -3.914040    0.824500
  7     Sun Feb 14 09:53:25 CET 2016    EN: 3.573 GAM: 0.504  GM3: 0.0000
     2s    -25.722000    2.064844
     2p    -18.684912    1.801692
     3sp    -4.344791    0.921400
 
 Nbf   :          576
 T(el) :     0.0
 calculating S/T integrals ...
 cpu time for ints    7.11390200000000     
 Nao   :          576
 making H0...
 making H1...
 cpu time for H      8.874000000000493E-003
 solving ...
 cpu time for diag   0.743929000000000     
 
 gap (eV)           :   5.332
 Koopmans IP (eV)   :  13.551
 Eel (Eh)           :  -211.822039

          eigenvalues
 #    :         110        111        112        113        114        115        116        117
 occ. :        2.000      2.000      2.000      2.000      2.000      2.000      2.000      2.000
 eps  :       -17.268    -16.933    -16.674    -16.606    -16.247    -16.244    -16.215    -16.056
 #    :         118        119        120        121        122        123        124        125
 occ. :        2.000      2.000      2.000      2.000      2.000      0.000      0.000      0.000
 eps  :       -15.960    -15.764    -15.272    -15.201    -13.553     -8.220     -7.839     -7.297
 #    :         126        127        128        129        130        131        132        133
 occ. :        0.000      0.000      0.000      0.000      0.000      0.000      0.000      0.000
 eps  :        -6.896     -6.195     -6.191     -6.183     -5.892     -5.767     -5.622     -5.584
                            1  SCC done.
 writing mo output ...
 molden style : F
 
speedup 17.50
cpu  time for all   12.63 s
wall time for all    0.72 s
