 
        ______________________________________
       |                                      |
       |          ===================         |
       |             xTB for sTDA             |
       |          ===================         |
       |               S. Grimme              |
       |        Universitaet Bonn, MCTC       |
       |         2015-19, Version 1.0         |
       |     Wed Apr  3 09:14:55 CEST 2019    |
       |______________________________________|
 
        This code comes without any warranty
        for non-commercial, academia use only.
        Preliminary test version.
        Cite this work as:
        S. Grimme  &  C. Bannwarth, JCP 145 (2016) 054103
        if GBSA is used additionally:
        P. Shushkov, F. März, C. Bannwarth, S. Grimme, unpublished.
 
        with help from
        P. Shushkov, G. Brandenburg, S. Dohm, J. Pisarek,
        F. März, M. Checinski, S. Ehrlich, S. Spicher, 
        P. Pracht, E. Caldeweyher, S. Ehlert, and C. Bannwarth.
 
        usage        :
        xtb4stda <coord_file> [options]
        where <coord_file> is a valid file of TM)
        (*coord, Bohr) or xmol (*xyz, Angstroem)
        format.

        options:
        -chrg <int>   : molecular charge
        -uhf  <int>   : # of unpaired electrons(=2*S)
        -nox          : skip second, extended part in sTDA-xTB
        -pop          : do population analysis
                      : (default for -nox)
        -mowr <real>  : cut MO write above (def.3 Eh)
        -molden       : write formatted molden file
        -parx <file>  : read parameters for sTDA-xTB
                        calc (def:~/.param_stda2.xtb)
        -parv <file>  : read parameters for vTB part in
                        sTDA-xTB (def: ~/.param_stda1.xtb)
        -xtemp <real> : el. temp for xTB (def. 0 K)
        -etemp <real> : el. temp for GFN (def. 300 K)
        -fod          : calculate the FOD and write
                        molden.input file with
                        appropriate occupations
                        for plotting. Def. T=12500 K
 
        -acc <real>   : xTB accuracy (def. 1.0)
        -gbsa [string1] [string2]
                        use GBSA implicit solvent
                        for solvent [string1] and
                        solvation state [string2]=
                        reference, bar1M (default=1M)
        additional GFN/opt/MD/siman options read from
        $XTB4STDAHOME/.xtb4stdarc or $set in input
 
       spin and charge state information can be on:
       <.CHRG> (charge) and <.UHF> (=nalpha-nbeta)
       -uhf and -chrg override the file info.
       useful machine settings:
       setenv MKL_NUM_THREADS <NCORE_ON_YOUR_MACHINE>
       setenv OMP_STACKSIZE 500m
       limit stacksize unlimited
 
       total energies in Eh, gaps/HL energies in eV
       please read REVISION and HOWTO files carefully
 =============================
  # OMP threads =          48
 =============================
 
 xtb4stdahome directory:/home/penavora/Exe_xtb_crest/
 
 argument            1 :--gbsa
 argument            2 :toluene
 
 name of molecule           :
 comment line               :
 number of atoms            :    90
 number of electrons        :   250
 charge                     :  0
 spin                       : 0.0
 first test random number   :  0.1039
 
 -----------------------------------------
      charge density (VTB) calculation
 -----------------------------------------
 
      method parameters     
 k(s)        :  1.8000
 k(p)        :  2.8350
 k(d)        :  2.0860
 k(f)        :  2.0000
 Tscal       :  0.3300
 Gscal       :  0.3910
 fpol        :  1.0000
 Zcnf        :  0.6500
 Zqf         :  0.0000
 kcn         :  0.3000
 kEN1        : -0.5900
 wllscal     :  2.6000
 
 Solvent             : toluene
 GBSA parameter file : /home/penavora/Exe_xtb_crest/.param_gbsa_toluene
 Gsolv ref. state (COSMO-RS): gsolv [1 M gas/solution]
 temperature (mdtemp)       :    298.150000000000     
 dielectric constant        :    7.00000000000000     
 rho                        :   0.867000000000000     
 mass                       :    92.1400000000000     
 surface tension            :    15.5689470637553     
 probe radius               :   0.641644990000000     
 vdW radii scaling          :    1.00000000000000     
 Gshift (Eh)                :   4.228772547061559E-003
 c1                         :    1.59772343000000     
 soset                      :   0.281999450000000     
 HB correction              :  F
 
 doing EN charges ...
 sum q : -0.5551115D-15
 point charge moment (au)
     X       Y       Z   
   0.4567  -0.0735  -0.0541  total (Debye):    1.184
 
            Z      q(EN)   CN      Cart. coordinates
     1  C   4.0  -0.244   4.104    16.06072     6.15667    -1.03768
     2  C   4.0  -0.032   4.139    15.67637     3.67386     0.43261
     3  C   4.0  -0.244   4.104    18.04684     3.05991     2.00669
     4  C   4.0   0.010   3.299    15.24160     1.55463    -1.44936
     5  C   4.0  -0.072   3.197    17.08831     1.01539    -3.23382
     6  C   4.0  -0.072   3.140    16.78245    -0.85763    -5.03025
     7  C   4.0  -0.072   3.144    14.55549    -2.22579    -5.07963
     8  C   4.0  -0.069   3.201    12.69073    -1.73181    -3.32700
     9  C   4.0   0.096   3.301    13.01607     0.12719    -1.47699
    10  N   5.0  -0.313   3.253    11.11250     0.56545     0.27185
    11  C   4.0   0.078   3.291     8.90263    -0.95395     0.20243
    12  C   4.0  -0.068   3.183     8.97150    -3.42306     1.10358
    13  C   4.0  -0.072   3.182     6.82811    -4.90998     1.03135
    14  C   4.0  -0.001   3.231     4.56996    -3.95227     0.06570
    15  C   4.0   0.096   3.275     2.25484    -5.47119    -0.03063
    16  C   4.0  -0.068   3.170     2.28348    -8.11636    -0.13524
    17  C   4.0  -0.073   3.198     0.01361    -9.39292    -0.13800
    18  C   4.0  -0.020   3.192    -2.24945    -8.02560    -0.09931
    19  C   4.0   0.242   2.117    -4.55000    -9.35239     0.06798
    20  N   5.0  -0.217   1.026    -6.36455   -10.52919     0.26354
    21  C   4.0   0.098   3.309    -2.10636    -5.36219    -0.11967
    22  C   4.0  -0.001   3.238    -4.35061    -3.73266    -0.17971
    23  C   4.0  -0.072   3.194    -4.30404    -1.45105     1.14122
    24  C   4.0  -0.067   3.182    -6.37548     0.13163     1.12585
    25  C   4.0   0.078   3.291    -8.52383    -0.52484    -0.24252
    26  N   5.0  -0.312   3.253   -10.65630     1.10219    -0.26918
    27  C   4.0   0.095   3.301   -12.77594     0.44701     1.12921
    28  C   4.0  -0.069   3.201   -12.74343    -1.74386     2.60652
    29  C   4.0  -0.072   3.144   -14.82393    -2.45112     4.00811
    30  C   4.0  -0.072   3.140   -16.97799    -0.97038     3.97695
    31  C   4.0  -0.072   3.197   -16.99879     1.22026     2.55261
    32  C   4.0   0.010   3.299   -14.93148     1.97805     1.12518
    33  C   4.0  -0.032   4.139   -15.06256     4.43314    -0.35068
    34  C   4.0  -0.244   4.104   -15.52483     6.61546     1.51963
    35  C   4.0  -0.244   4.104   -17.25282     4.26418    -2.26056
    36  C   4.0   0.010   3.299   -12.63404     4.94614    -1.78640
    37  C   4.0  -0.072   3.197   -12.43791     7.11252    -3.25428
    38  C   4.0  -0.072   3.140   -10.29342     7.66360    -4.64188
    39  C   4.0  -0.072   3.144    -8.28140     5.99545    -4.59568
    40  C   4.0  -0.069   3.201    -8.42465     3.83009    -3.15208
    41  C   4.0   0.095   3.300   -10.57402     3.29048    -1.71256
    42  C   4.0  -0.068   3.184    -8.56446    -2.77623    -1.59901
    43  C   4.0  -0.072   3.188    -6.49670    -4.36918    -1.56571
    44  N   5.0  -0.224   2.240     0.09598    -4.18486    -0.04986
    45  C   4.0  -0.072   3.195     4.50984    -1.46344    -0.80906
    46  C   4.0  -0.067   3.181     6.65311     0.01895    -0.75288
    47  C   4.0   0.095   3.301    11.31077     2.44636     2.08876
    48  C   4.0  -0.069   3.201     9.36933     2.77440     3.85126
    49  C   4.0  -0.072   3.144     9.50524     4.63626     5.67012
    50  C   4.0  -0.072   3.140    11.59563     6.20224     5.77547
    51  C   4.0  -0.072   3.197    13.53897     5.85098     4.06421
    52  C   4.0   0.010   3.299    13.45281     3.99097     2.21520
    53  H   1.0   0.082   0.999    14.38090     6.58122    -2.14746
    54  H   1.0   0.083   1.000    16.40253     7.72225     0.24575
    55  H   1.0   0.083   1.000    17.66138     6.01281    -2.31534
    56  H   1.0   0.082   0.999    17.76786     1.30136     3.03801
    57  H   1.0   0.083   1.000    18.43184     4.55163     3.36385
    58  H   1.0   0.083   1.000    19.69407     2.84894     0.79927
    59  H   1.0   0.076   1.006    18.82368     2.08794    -3.23472
    60  H   1.0   0.074   1.004    18.26170    -1.22962    -6.38564
    61  H   1.0   0.074   1.004    14.26045    -3.67602    -6.48599
    62  H   1.0   0.077   1.008    10.95031    -2.79246    -3.39487
    63  H   1.0   0.075   1.005    10.71660    -4.16130     1.86201
    64  H   1.0   0.075   1.005     6.90686    -6.80334     1.78486
    65  H   1.0   0.076   1.005     4.04005    -9.14194    -0.22210
    66  H   1.0   0.075   1.004    -0.04605   -11.43446    -0.16209
    67  H   1.0   0.076   1.006    -2.62881    -0.95837     2.19388
    68  H   1.0   0.075   1.005    -6.34687     1.88796     2.16455
    69  H   1.0   0.077   1.008   -11.06608    -2.90308     2.65842
    70  H   1.0   0.074   1.004   -14.75244    -4.15757     5.12625
    71  H   1.0   0.074   1.004   -18.62224    -1.50511     5.06044
    72  H   1.0   0.076   1.006   -18.68334     2.37084     2.56521
    73  H   1.0   0.083   1.000   -17.27421     6.33360     2.55659
    74  H   1.0   0.082   0.999   -13.97802     6.71808     2.87250
    75  H   1.0   0.083   1.000   -15.64388     8.41212     0.53311
    76  H   1.0   0.082   0.999   -16.91409     2.72210    -3.58003
    77  H   1.0   0.083   1.000   -19.03506     3.91729    -1.30228
    78  H   1.0   0.083   1.000   -17.42844     6.00674    -3.33185
    79  H   1.0   0.076   1.006   -14.00385     8.41794    -3.32676
    80  H   1.0   0.074   1.004   -10.20484     9.36900    -5.75865
    81  H   1.0   0.074   1.004    -6.59698     6.37102    -5.68602
    82  H   1.0   0.077   1.008    -6.85507     2.52859    -3.14626
    83  H   1.0   0.075   1.005   -10.22480    -3.26790    -2.67865
    84  H   1.0   0.076   1.006    -6.54030    -6.08806    -2.66402
    85  H   1.0   0.076   1.006     2.75711    -0.72889    -1.54663
    86  H   1.0   0.075   1.005     6.60502     1.93928    -1.44200
    87  H   1.0   0.077   1.008     7.74030     1.54902     3.79828
    88  H   1.0   0.074   1.004     7.97691     4.85533     7.00555
    89  H   1.0   0.074   1.004    11.72353     7.67188     7.18515
    90  H   1.0   0.076   1.006    15.17159     7.06822     4.18543
 
  Z AO/shell   Hii/eV     exponent
  1     Sat Feb 20 21:38:01 CET 2016    EN: 2.327 GAM: 0.473  GM3: 0.0000
     1s    -13.751157    1.051071
  6     Sat Feb 20 21:38:01 CET 2016    EN: 2.731 GAM: 0.422  GM3: 0.0000
     2s    -19.378245    2.021003
     2p    -11.993376    1.497917
  7     Sat Feb 20 21:38:01 CET 2016    EN: 3.573 GAM: 0.504  GM3: 0.0000
     2s    -21.576984    2.275442
     2p    -16.125120    2.056788
 
 dipole moment of classical point charges (au)
     X       Y       Z   
   0.4567  -0.0735  -0.0541  total (Debye):    1.184

 
 Nbf   :          246
 T(el) :   300.0
 calculating S/T integrals ...
 cpu time for ints    1.03102900000000     
 Nao   :          246
 making H0...
 making H1...
 cpu time for H      0.384104000000000     
 solving ...
 cpu time for diag   0.854523000000000     
 
 gap (eV)           :   4.432
 Koopmans IP (eV)   :  12.794
 Eel (Eh)           :  -194.902945
 T,E(Fermi),NFOD :    300.000   -10.577  0.000000
 T,E(Fermi),NFOD :    300.000   -10.577  0.000000
 Nfod               :  0.0000
 Nfod/Nel           :  0.0000

          eigenvalues
 #    :         113        114        115        116        117        118        119        120
 occ. :        2.000      2.000      2.000      2.000      2.000      2.000      2.000      2.000
 eps  :       -15.787    -15.531    -15.446    -15.350    -15.298    -15.221    -15.212    -15.175
 #    :         121        122        123        124        125        126        127        128
 occ. :        2.000      2.000      2.000      2.000      2.000      0.000      0.000      0.000
 eps  :       -15.164    -15.005    -14.174    -12.852    -12.795     -8.362     -7.790     -6.830
 #    :         129        130        131        132        133        134        135        136
 occ. :        0.000      0.000      0.000      0.000      0.000      0.000      0.000      0.000
 eps  :        -6.761     -5.637     -5.592     -5.488     -5.379     -5.332     -5.291     -5.265
                            1  SCC done.
 making H1...
 cpu time for H       1.07587400000000     
 solving ...
 cpu time for diag   0.580743000000000     
 
 gap (eV)           :   4.339
 Koopmans IP (eV)   :  12.710
 Eel (Eh)           :  -195.058645
 T,E(Fermi),NFOD :    300.000   -10.541  0.000000
 T,E(Fermi),NFOD :    300.000   -10.541  0.000000
 Nfod               :  0.0000
 Nfod/Nel           :  0.0000

          eigenvalues
 #    :         113        114        115        116        117        118        119        120
 occ. :        2.000      2.000      2.000      2.000      2.000      2.000      2.000      2.000
 eps  :       -15.655    -15.435    -15.332    -15.251    -15.209    -15.180    -15.134    -15.076
 #    :         121        122        123        124        125        126        127        128
 occ. :        2.000      2.000      2.000      2.000      2.000      0.000      0.000      0.000
 eps  :       -15.029    -14.864    -14.311    -12.835    -12.711     -8.372     -7.830     -6.949
 #    :         129        130        131        132        133        134        135        136
 occ. :        0.000      0.000      0.000      0.000      0.000      0.000      0.000      0.000
 eps  :        -6.817     -5.621     -5.610     -5.507     -5.480     -5.370     -5.313     -5.273
                            2  SCC done.
 
 
 Mulliken/CM5 charges    n(s)   n(p)   n(d)   
    1 C  -0.1027 -0.2497   1.109  2.994  0.000
    2 C   0.0237  0.0038   1.225  2.752  0.000
    3 C  -0.1024 -0.2494   1.109  2.993  0.000
    4 C  -0.0207 -0.0232   1.185  2.836  0.000
    5 C  -0.0468 -0.1016   1.141  2.906  0.000
    6 C  -0.0543 -0.1107   1.133  2.922  0.000
    7 C  -0.0382 -0.0943   1.136  2.902  0.000
    8 C  -0.0559 -0.1038   1.135  2.921  0.000
    9 C   0.0517  0.1136   1.180  2.768  0.000
   10 N  -0.1180 -0.3600   1.225  3.893  0.000
   11 C   0.0596  0.1098   1.180  2.761  0.000
   12 C  -0.0202 -0.0695   1.138  2.882  0.000
   13 C  -0.0239 -0.0773   1.141  2.883  0.000
   14 C   0.0112  0.0089   1.159  2.830  0.000
   15 C   0.0650  0.1362   1.192  2.743  0.000
   16 C  -0.0106 -0.0586   1.142  2.869  0.000
   17 C   0.0066 -0.0432   1.154  2.839  0.000
   18 C  -0.0026  0.0024   1.143  2.859  0.000
   19 C   0.1236  0.2412   1.178  2.698  0.000
   20 N  -0.2857 -0.4135   1.647  3.639  0.000
   21 C   0.0592  0.1356   1.195  2.746  0.000
   22 C   0.0104  0.0090   1.159  2.830  0.000
   23 C  -0.0194 -0.0703   1.141  2.879  0.000
   24 C  -0.0196 -0.0688   1.138  2.881  0.000
   25 C   0.0625  0.1127   1.178  2.759  0.000
   26 N  -0.1173 -0.3593   1.225  3.892  0.000
   27 C   0.0525  0.1143   1.180  2.768  0.000
   28 C  -0.0597 -0.1076   1.135  2.925  0.000
   29 C  -0.0407 -0.0968   1.136  2.904  0.000
   30 C  -0.0537 -0.1102   1.132  2.921  0.000
   31 C  -0.0453 -0.1000   1.141  2.905  0.000
   32 C  -0.0189 -0.0214   1.185  2.834  0.000
   33 C   0.0235  0.0036   1.225  2.752  0.000
   34 C  -0.1020 -0.2491   1.109  2.993  0.000
   35 C  -0.1023 -0.2493   1.109  2.993  0.000
   36 C  -0.0201 -0.0227   1.185  2.835  0.000
   37 C  -0.0459 -0.1006   1.141  2.905  0.000
   38 C  -0.0530 -0.1094   1.132  2.920  0.000
   39 C  -0.0380 -0.0941   1.136  2.902  0.000
   40 C  -0.0572 -0.1052   1.135  2.922  0.000
   41 C   0.0514  0.1132   1.180  2.769  0.000
   42 C  -0.0237 -0.0730   1.138  2.886  0.000
   43 C  -0.0344 -0.0864   1.142  2.893  0.000
   44 N  -0.1951 -0.3912   1.465  3.730  0.000
   45 C  -0.0210 -0.0718   1.140  2.881  0.000
   46 C  -0.0217 -0.0710   1.137  2.884  0.000
   47 C   0.0527  0.1145   1.180  2.768  0.000
   48 C  -0.0563 -0.1043   1.135  2.922  0.000
   49 C  -0.0394 -0.0955   1.136  2.903  0.000
   50 C  -0.0548 -0.1113   1.132  2.922  0.000
   51 C  -0.0468 -0.1016   1.141  2.906  0.000
   52 C  -0.0199 -0.0224   1.185  2.835  0.000
   53 H   0.0306  0.0845   0.969  0.000  0.000
   54 H   0.0341  0.0882   0.966  0.000  0.000
   55 H   0.0342  0.0884   0.966  0.000  0.000
   56 H   0.0311  0.0850   0.969  0.000  0.000
   57 H   0.0339  0.0881   0.966  0.000  0.000
   58 H   0.0342  0.0884   0.966  0.000  0.000
   59 H   0.0424  0.1013   0.958  0.000  0.000
   60 H   0.0391  0.0956   0.961  0.000  0.000
   61 H   0.0434  0.0999   0.957  0.000  0.000
   62 H   0.0401  0.1037   0.960  0.000  0.000
   63 H   0.0437  0.1041   0.956  0.000  0.000
   64 H   0.0527  0.1111   0.947  0.000  0.000
   65 H   0.0581  0.1167   0.942  0.000  0.000
   66 H   0.0588  0.1168   0.941  0.000  0.000
   67 H   0.0497  0.1118   0.950  0.000  0.000
   68 H   0.0433  0.1037   0.957  0.000  0.000
   69 H   0.0370  0.1006   0.963  0.000  0.000
   70 H   0.0418  0.0983   0.958  0.000  0.000
   71 H   0.0399  0.0964   0.960  0.000  0.000
   72 H   0.0438  0.1027   0.956  0.000  0.000
   73 H   0.0344  0.0885   0.966  0.000  0.000
   74 H   0.0309  0.0847   0.969  0.000  0.000
   75 H   0.0348  0.0889   0.965  0.000  0.000
   76 H   0.0305  0.0844   0.969  0.000  0.000
   77 H   0.0345  0.0887   0.965  0.000  0.000
   78 H   0.0349  0.0891   0.965  0.000  0.000
   79 H   0.0432  0.1021   0.957  0.000  0.000
   80 H   0.0398  0.0963   0.960  0.000  0.000
   81 H   0.0432  0.0997   0.957  0.000  0.000
   82 H   0.0390  0.1027   0.961  0.000  0.000
   83 H   0.0420  0.1025   0.958  0.000  0.000
   84 H   0.0458  0.1075   0.954  0.000  0.000
   85 H   0.0463  0.1096   0.954  0.000  0.000
   86 H   0.0401  0.1005   0.960  0.000  0.000
   87 H   0.0395  0.1031   0.961  0.000  0.000
   88 H   0.0423  0.0989   0.958  0.000  0.000
   89 H   0.0389  0.0954   0.961  0.000  0.000
   90 H   0.0426  0.1015   0.957  0.000  0.000
 Hirshfeld charges for QMDFF written to <charges>
 
 Loewdin charges    n(s)   n(p)   n(d)
    1 C  -0.1088   1.039  3.070  0.000
    2 C   0.0343   1.184  2.782  0.000
    3 C  -0.1085   1.039  3.070  0.000
    4 C  -0.0226   1.146  2.877  0.000
    5 C  -0.0412   1.087  2.954  0.000
    6 C  -0.0485   1.078  2.970  0.000
    7 C  -0.0290   1.081  2.948  0.000
    8 C  -0.0547   1.083  2.972  0.000
    9 C   0.0465   1.144  2.809  0.000
   10 N  -0.0793   1.184  3.895  0.000
   11 C   0.0594   1.142  2.798  0.000
   12 C  -0.0171   1.085  2.932  0.000
   13 C  -0.0172   1.087  2.930  0.000
   14 C   0.0136   1.116  2.871  0.000
   15 C   0.0646   1.155  2.781  0.000
   16 C  -0.0105   1.090  2.921  0.000
   17 C   0.0204   1.098  2.882  0.000
   18 C  -0.0097   1.102  2.908  0.000
   19 C   0.1158   1.144  2.740  0.000
   20 N  -0.2700   1.607  3.663  0.000
   21 C   0.0566   1.159  2.784  0.000
   22 C   0.0125   1.117  2.871  0.000
   23 C  -0.0132   1.087  2.927  0.000
   24 C  -0.0163   1.085  2.931  0.000
   25 C   0.0617   1.141  2.797  0.000
   26 N  -0.0787   1.184  3.895  0.000
   27 C   0.0471   1.144  2.809  0.000
   28 C  -0.0586   1.083  2.975  0.000
   29 C  -0.0315   1.081  2.951  0.000
   30 C  -0.0479   1.078  2.970  0.000
   31 C  -0.0396   1.087  2.952  0.000
   32 C  -0.0209   1.146  2.875  0.000
   33 C   0.0342   1.184  2.782  0.000
   34 C  -0.1081   1.038  3.070  0.000
   35 C  -0.1083   1.038  3.070  0.000
   36 C  -0.0221   1.146  2.876  0.000
   37 C  -0.0402   1.087  2.953  0.000
   38 C  -0.0472   1.078  2.969  0.000
   39 C  -0.0288   1.081  2.948  0.000
   40 C  -0.0561   1.083  2.973  0.000
   41 C   0.0461   1.144  2.810  0.000
   42 C  -0.0206   1.085  2.935  0.000
   43 C  -0.0277   1.088  2.940  0.000
   44 N  -0.1773   1.432  3.745  0.000
   45 C  -0.0149   1.086  2.928  0.000
   46 C  -0.0188   1.085  2.934  0.000
   47 C   0.0474   1.144  2.809  0.000
   48 C  -0.0553   1.083  2.972  0.000
   49 C  -0.0302   1.081  2.949  0.000
   50 C  -0.0490   1.078  2.971  0.000
   51 C  -0.0412   1.087  2.954  0.000
   52 C  -0.0219   1.146  2.876  0.000
   53 H   0.0307   0.969  0.000  0.000
   54 H   0.0346   0.965  0.000  0.000
   55 H   0.0347   0.965  0.000  0.000
   56 H   0.0312   0.969  0.000  0.000
   57 H   0.0345   0.966  0.000  0.000
   58 H   0.0347   0.965  0.000  0.000
   59 H   0.0359   0.964  0.000  0.000
   60 H   0.0321   0.968  0.000  0.000
   61 H   0.0355   0.964  0.000  0.000
   62 H   0.0325   0.967  0.000  0.000
   63 H   0.0349   0.965  0.000  0.000
   64 H   0.0435   0.957  0.000  0.000
   65 H   0.0483   0.952  0.000  0.000
   66 H   0.0467   0.953  0.000  0.000
   67 H   0.0400   0.960  0.000  0.000
   68 H   0.0346   0.965  0.000  0.000
   69 H   0.0300   0.970  0.000  0.000
   70 H   0.0342   0.966  0.000  0.000
   71 H   0.0327   0.967  0.000  0.000
   72 H   0.0372   0.963  0.000  0.000
   73 H   0.0348   0.965  0.000  0.000
   74 H   0.0309   0.969  0.000  0.000
   75 H   0.0352   0.965  0.000  0.000
   76 H   0.0307   0.969  0.000  0.000
   77 H   0.0350   0.965  0.000  0.000
   78 H   0.0353   0.965  0.000  0.000
   79 H   0.0366   0.963  0.000  0.000
   80 H   0.0326   0.967  0.000  0.000
   81 H   0.0354   0.965  0.000  0.000
   82 H   0.0317   0.968  0.000  0.000
   83 H   0.0335   0.966  0.000  0.000
   84 H   0.0373   0.963  0.000  0.000
   85 H   0.0373   0.963  0.000  0.000
   86 H   0.0319   0.968  0.000  0.000
   87 H   0.0320   0.968  0.000  0.000
   88 H   0.0347   0.965  0.000  0.000
   89 H   0.0319   0.968  0.000  0.000
   90 H   0.0361   0.964  0.000  0.000
 
 Wiberg/Mayer (AO) data. WBOs > 0.1 written file <wbo>
 largest (>0.05) Wiberg bond orders for each atom
           total WBO             WBO to atom ...
     1  C   3.978    H   53 0.978    H   55 0.976    H   54 0.976    C    2 0.953
     2  C   3.924    C    1 0.953    C    3 0.953    C    4 0.947    C   52 0.947
     3  C   3.978    H   56 0.978    H   57 0.976    H   58 0.976    C    2 0.953
     4  C   3.945    C    5 1.402    C    9 1.332    C    2 0.947    C    7 0.102
     5  C   3.971    C    6 1.431    C    4 1.402    H   59 0.942    C    8 0.105
     6  C   3.969    C    5 1.431    C    7 1.415    H   60 0.945    C    9 0.098
     7  C   3.973    C    8 1.452    C    6 1.415    H   61 0.944    C    4 0.102
     8  C   3.967    C    7 1.452    C    9 1.355    H   62 0.941    C    5 0.105
     9  C   3.932    C    8 1.355    C    4 1.332    N   10 1.032    C    6 0.098
    10  N   3.380    C   47 1.032    C    9 1.032    C   11 0.950
    11  C   3.922    C   12 1.382    C   46 1.378    N   10 0.950    C   14 0.101
    12  C   3.969    C   13 1.451    C   11 1.382    H   63 0.945    C   45 0.103
    13  C   3.967    C   12 1.451    C   14 1.361    H   64 0.942    C   46 0.102
    14  C   3.956    C   13 1.361    C   45 1.356    C   15 1.032    C   11 0.101
    15  C   3.935    N   44 1.353    C   16 1.338    C   14 1.032    C   18 0.081
    16  C   3.964    C   17 1.464    C   15 1.338    H   65 0.941    C   21 0.085
    17  C   3.960    C   16 1.464    C   18 1.320    H   66 0.941    N   44 0.096    N   20 0.068
    18  C   3.955    C   17 1.320    C   21 1.269    C   19 1.077    C   15 0.081    N   20 0.077
    19  C   3.930    N   20 2.780    C   18 1.077
    20  N   3.044    C   19 2.780    C   18 0.077    C   17 0.068    C   21 0.066
    21  C   3.935    N   44 1.397    C   18 1.269    C   22 1.018    C   16 0.085    N   20 0.066
    22  C   3.958    C   43 1.368    C   23 1.361    C   21 1.018    C   25 0.103
    23  C   3.970    C   24 1.452    C   22 1.361    H   67 0.943    C   42 0.104
    24  C   3.968    C   23 1.452    C   25 1.380    H   68 0.945    C   43 0.103
    25  C   3.925    C   42 1.384    C   24 1.380    N   26 0.951    C   22 0.103
    26  N   3.379    C   27 1.032    C   41 1.030    C   25 0.951
    27  C   3.932    C   28 1.355    C   32 1.331    N   26 1.032    C   30 0.098
    28  C   3.967    C   29 1.451    C   27 1.355    H   69 0.942    C   31 0.105
    29  C   3.973    C   28 1.451    C   30 1.415    H   70 0.944    C   32 0.103
    30  C   3.969    C   31 1.431    C   29 1.415    H   71 0.945    C   27 0.098
    31  C   3.971    C   30 1.431    C   32 1.403    H   72 0.942    C   28 0.105
    32  C   3.945    C   31 1.403    C   27 1.331    C   33 0.947    C   29 0.103
    33  C   3.924    C   35 0.954    C   34 0.953    C   36 0.947    C   32 0.947
    34  C   3.978    H   74 0.978    H   73 0.976    H   75 0.976    C   33 0.953
    35  C   3.978    H   76 0.978    H   78 0.976    H   77 0.976    C   33 0.954
    36  C   3.945    C   37 1.402    C   41 1.332    C   33 0.947    C   39 0.103
    37  C   3.971    C   38 1.432    C   36 1.402    H   79 0.942    C   40 0.105
    38  C   3.970    C   37 1.432    C   39 1.415    H   80 0.945    C   41 0.098
    39  C   3.973    C   40 1.451    C   38 1.415    H   81 0.944    C   36 0.103
    40  C   3.967    C   39 1.451    C   41 1.356    H   82 0.941    C   37 0.105
    41  C   3.931    C   40 1.356    C   36 1.332    N   26 1.030    C   38 0.098
    42  C   3.969    C   43 1.446    C   25 1.384    H   83 0.945    C   23 0.104
    43  C   3.970    C   42 1.446    C   22 1.368    H   84 0.940    C   24 0.103
    44  N   3.102    C   21 1.397    C   15 1.353    C   17 0.096
    45  C   3.968    C   46 1.455    C   14 1.356    H   85 0.943    C   12 0.103
    46  C   3.969    C   45 1.455    C   11 1.378    H   86 0.946    C   13 0.102
    47  C   3.932    C   48 1.355    C   52 1.331    N   10 1.032    C   50 0.098
    48  C   3.967    C   49 1.452    C   47 1.355    H   87 0.941    C   51 0.105
    49  C   3.973    C   48 1.452    C   50 1.415    H   88 0.944    C   52 0.102
    50  C   3.969    C   51 1.431    C   49 1.415    H   89 0.945    C   47 0.098
    51  C   3.971    C   50 1.431    C   52 1.403    H   90 0.942    C   48 0.105
    52  C   3.945    C   51 1.403    C   47 1.331    C    2 0.947    C   49 0.102
    53  H   0.999    C    1 0.978
    54  H   0.997    C    1 0.976
    55  H   0.997    C    1 0.976
    56  H   0.999    C    3 0.978
    57  H   0.997    C    3 0.976
    58  H   0.997    C    3 0.976
    59  H   0.997    C    5 0.942
    60  H   0.997    C    6 0.945
    61  H   0.994    C    7 0.944
    62  H   0.997    C    8 0.941
    63  H   0.997    C   12 0.945
    64  H   0.996    C   13 0.942
    65  H   0.993    C   16 0.941
    66  H   0.993    C   17 0.941
    67  H   0.997    C   23 0.943
    68  H   0.996    C   24 0.945
    69  H   0.997    C   28 0.942
    70  H   0.994    C   29 0.944
    71  H   0.997    C   30 0.945
    72  H   0.997    C   31 0.942
    73  H   0.997    C   34 0.976
    74  H   0.999    C   34 0.978
    75  H   0.997    C   34 0.976
    76  H   0.999    C   35 0.978
    77  H   0.997    C   35 0.976
    78  H   0.997    C   35 0.976
    79  H   0.997    C   37 0.942
    80  H   0.997    C   38 0.945
    81  H   0.994    C   39 0.944
    82  H   0.997    C   40 0.941
    83  H   0.997    C   42 0.945
    84  H   0.997    C   43 0.940
    85  H   0.997    C   45 0.943
    86  H   0.997    C   46 0.946
    87  H   0.997    C   48 0.941
    88  H   0.994    C   49 0.944
    89  H   0.997    C   50 0.945
    90  H   0.997    C   51 0.942
 
 --------------------------------------------
          xTB calculation for sTDA...
 --------------------------------------------
 
 reading parameter file /home/penavora/Exe_xtb_crest/.param_stda2.xtb
 
      method parameters     
 k(s)        :  1.6000
 k(p)        :  2.1800
 k(d)        :  1.9500
 k(f)        :  2.0000
 k(R-V)      :  2.2750
 k(R-R)      :  1.7650
 Tscal       :  0.2580
 Gscal       :  1.0000
 fpol        :  1.0000
 Zcnf        :  0.3430
 Zqf         :  0.0000
 kcn         :  2.7000
 Ryd Hsplit  :  0.7000
 lshift(virt):  3.1000
 lshift(OS)  :  0.2000
 wllscaling  :  2.6000
 
 mowrcut     : 3.000
 
  Z AO/shell   Hii/eV     exponent
  1     Sun Feb 14 09:53:25 CET 2016    EN: 2.327 GAM: 0.473  GM3: 0.0000
     1s    -14.339618    1.220000
     2sp    -3.348946    0.600000
  6     Sun Feb 14 09:53:25 CET 2016    EN: 2.731 GAM: 0.422  GM3: 0.0000
     2s    -22.009312    1.565095
     2p    -13.020408    1.596905
     3sp    -3.914040    0.824500
  7     Sun Feb 14 09:53:25 CET 2016    EN: 3.573 GAM: 0.504  GM3: 0.0000
     2s    -25.722000    2.064844
     2p    -18.684912    1.801692
     3sp    -4.344791    0.921400
 
 Nbf   :          606
 T(el) :     0.0
 calculating S/T integrals ...
 cpu time for ints    7.35976400000000     
 Nao   :          606
 making H0...
 making H1...
 cpu time for H       1.03013800000000     
 solving ...
 cpu time for diag    1.72240400000000     
 
 gap (eV)           :   5.631
 Koopmans IP (eV)   :  13.474
 Eel (Eh)           :  -215.010665

          eigenvalues
 #    :         113        114        115        116        117        118        119        120
 occ. :        2.000      2.000      2.000      2.000      2.000      2.000      2.000      2.000
 eps  :       -16.735    -16.462    -16.453    -16.183    -16.015    -16.007    -15.930    -15.921
 #    :         121        122        123        124        125        126        127        128
 occ. :        2.000      2.000      2.000      2.000      2.000      0.000      0.000      0.000
 eps  :       -15.748    -15.739    -15.640    -13.481    -13.475     -7.843     -7.125     -6.043
 #    :         129        130        131        132        133        134        135        136
 occ. :        0.000      0.000      0.000      0.000      0.000      0.000      0.000      0.000
 eps  :        -6.033     -5.955     -5.729     -5.722     -5.611     -5.599     -5.559     -5.550
                            1  SCC done.
 writing mo output ...
 molden style : F
 
speedup 21.43
cpu  time for all   15.86 s
wall time for all    0.74 s
