  92
 Etot=        -140.9509249955
 C         -4.2817640398       -7.6303888467       -0.9808753924
 C         -3.2484748655       -8.5490270309       -1.0919781838
 N         -1.9706068786       -8.2058010505       -1.0549655661
 C         -1.6702719720       -6.9299183282       -0.8991614032
 C         -2.6197783520       -5.9144483669       -0.7680068795
 C         -2.2193215427       -4.5129077187       -0.5945783802
 C         -2.8923690719       -3.4926377994       -1.2637806835
 C         -2.5100429799       -2.1750934206       -1.1013887971
 C         -1.4531448389       -1.8276429930       -0.2654175110
 Si        -0.9385555712       -0.0216102491       -0.0056038876
 C         -1.6554111704        0.6300490043        1.6241608773
 C         -1.7360214142        2.0002109316        1.8627246444
 C         -2.2451522983        2.4939230742        3.0475258689
 C         -2.7019320366        1.6252386343        4.0374530537
 C         -3.2574869981        2.1456273146        5.2925462433
 C         -2.6879543068        3.2328378715        5.9549537186
 C         -3.2565333483        3.6824526514        7.1338668101
 C         -4.3788059130        3.0267416439        7.6180888416
 N         -4.9356126001        1.9969367139        7.0002554652
 C         -4.3916285751        1.5749142846        5.8741197045
 C         -2.6287571670        0.2532730281        3.8045438286
 C         -2.1109027641       -0.2305063990        2.6186493544
 C         -1.6019587746        1.0534401968       -1.4196290194
 C         -0.7933408060        1.4519956704       -2.4798384500
 C         -1.2928847301        2.2202295797       -3.5136627463
 C         -2.6301615315        2.6120105210       -3.5228260943
 C         -3.1680765239        3.4211900949       -4.6230494337
 C         -2.4436703488        4.4715761335       -5.1862071062
 C         -3.0014882109        5.2025374737       -6.2204421846
 C         -4.2723021366        4.8620672699       -6.6597158098
 N         -4.9713226327        3.8642819431       -6.1420704112
 C         -4.4329331573        3.1682513194       -5.1582634663
 C         -3.4466838912        2.2179572581       -2.4639324679
 C         -2.9357442836        1.4560105886       -1.4318568851
 C          0.9552028328        0.0544750638        0.0371118233
 C          1.7078994683       -0.6785624950       -0.8776895757
 C          3.0878972428       -0.6256023944       -0.8812924745
 C          3.7548037902        0.1622821112        0.0531339649
 N          5.1568015415        0.2158170698        0.0613398270
 C          5.9214129722        1.3653928777        0.0616230049
 C          5.5212322793        2.6933893830        0.0053843331
 C          6.5047091896        3.6640786115       -0.0091859621
 C          7.8574733611        3.3302730806        0.0208330498
 C          8.2622186382        2.0104684752        0.0521597823
 C          7.2920388950        1.0162494102        0.0684434933
 C          7.3468898966       -0.4191974120        0.0783985829
 C          8.3900720484       -1.3363421268        0.1046408035
 C          8.0872487961       -2.6832876351        0.1299337020
 C          6.7637370826       -3.1197109368        0.1440046409
 C          5.7091623780       -2.2270091118        0.1198110866
 C          6.0070450034       -0.8721566093        0.0697642102
 C          3.0178207394        0.8933314789        0.9804824345
 C          1.6373137343        0.8392175398        0.9620362692
 C         -0.7838976328       -2.8535582984        0.3984602522
 C         -1.1542403975       -4.1741333417        0.2383617482
 C         -3.9608371332       -6.2943918560       -0.8161072018
 H         -5.3105619765       -7.9545066557       -1.0167655816
 H         -3.4439551767       -9.6063811281       -1.2156117617
 H         -0.6119169139       -6.7006853537       -0.8944426961
 H         -3.7058601997       -3.7384860924       -1.9315977447
 H         -3.0384326379       -1.3997249085       -1.6369700312
 H         -1.3991603341        2.6899870903        1.1017152403
 H         -2.3129774855        3.5617120750        3.2010382366
 H         -1.8002575322        3.7048615530        5.5583735895
 H         -2.8359400256        4.5192584400        7.6702499036
 H         -4.8578628269        3.3325115690        8.5392264961
 H         -4.8968783264        0.7434687322        5.3986495385
 H         -2.9637604422       -0.4351524813        4.5673113546
 H         -2.0625263503       -1.2977362746        2.4579901641
 H          0.2459061189        1.1572118375       -2.4928080585
 H         -0.6481636936        2.5028264209       -4.3338938172
 H         -1.4642876146        4.7211023120       -4.8034617229
 H         -2.4661364420        6.0232604789       -6.6727636020
 H         -4.7577200736        5.4063177144       -7.4594818773
 H         -5.0375858432        2.3512613365       -4.7846927430
 H         -4.4811995494        2.5302721387       -2.4437318553
 H         -3.5815537290        1.1702599507       -0.6134525927
 H          1.2013309027       -1.2997083314       -1.6024905813
 H          3.6569502455       -1.1824528903       -1.6115372194
 H          4.4763225110        2.9619976136       -0.0351948143
 H          6.2187210860        4.7052636786       -0.0488187608
 H          8.5962675982        4.1183681881        0.0103892234
 H          9.3107073762        1.7518849493        0.0591720031
 H          9.4157311275       -0.9983244937        0.1095872928
 H          8.8840619222       -3.4124976808        0.1475899956
 H          6.5576292927       -4.1797440067        0.1785737265
 H          4.6876704702       -2.5753132660        0.1480280595
 H          3.5338524667        1.4886493239        1.7197041092
 H          1.0765640422        1.4074912088        1.6895509869
 H          0.0431649433       -2.6097267516        1.0503328390
 H         -0.6305944753       -4.9516223994        0.7764029583
 H         -4.7385431937       -5.5520081467       -0.7060653533
  92
 Etot=        -140.9509678250
 C         -4.2806845192       -7.6283254466       -0.9814720360
 C         -3.2471057293       -8.5466152130       -1.0913432871
 N         -1.9702157140       -8.2029165174       -1.0538459537
 C         -1.6698037795       -6.9279714740       -0.8983428592
 C         -2.6194671884       -5.9127952108       -0.7678893749
 C         -2.2193907545       -4.5115203379       -0.5942624709
 C         -2.8921107344       -3.4911281286       -1.2630959366
 C         -2.5100473469       -2.1737631209       -1.1003542185
 C         -1.4530891869       -1.8266382954       -0.2649241944
 Si        -0.9380655883       -0.0215704700       -0.0056740907
 C         -1.6545302877        0.6295704994        1.6235197145
 C         -1.7353882796        1.9994007515        1.8617464785
 C         -2.2447347915        2.4930412060        3.0462522633
 C         -2.7013384895        1.6247336736        4.0362118270
 C         -3.2567100142        2.1448463249        5.2911136809
 C         -2.6876720761        3.2323280564        5.9527495053
 C         -3.2558253102        3.6813819533        7.1317031761
 C         -4.3777007299        3.0252900160        7.6159110051
 N         -4.9339272066        1.9962988535        6.9979938663
 C         -4.3903863236        1.5738165310        5.8729134090
 C         -2.6284413353        0.2530395837        3.8030992511
 C         -2.1103402860       -0.2307653096        2.6175728156
 C         -1.6013610103        1.0527745490       -1.4191214146
 C         -0.7929616291        1.4511175346       -2.4790728034
 C         -1.2925191428        2.2194979034       -3.5125078515
 C         -2.6294618842        2.6115161175       -3.5216970466
 C         -3.1674572134        3.4204998351       -4.6215815672
 C         -2.4427575376        4.4700417252       -5.1850932740
 C         -3.0007002980        5.2007341054       -6.2190612700
 C         -4.2715319998        4.8600815378       -6.6578035890
 N         -4.9697408491        3.8629675496       -6.1398608778
 C         -4.4323226137        3.1675857056       -5.1563047050
 C         -3.4457365702        2.2170642771       -2.4630981849
 C         -2.9348460869        1.4551497465       -1.4313019699
 C          0.9549142777        0.0545003219        0.0369606429
 C          1.7075259552       -0.6794221727       -0.8766902911
 C          3.0872932154       -0.6273342739       -0.8797247648
 C          3.7545917949        0.1622358868        0.0530515995
 N          5.1550254002        0.2157782944        0.0611515508
 C          5.9196724920        1.3653605856        0.0625037289
 C          5.5198186501        2.6930642631        0.0071939008
 C          6.5035547822        3.6632635610       -0.0085415995
 C          7.8558498935        3.3291328184        0.0211672238
 C          8.2602184040        2.0095428181        0.0522477681
 C          7.2899213614        1.0160299103        0.0684131112
 C          7.3447717175       -0.4191026768        0.0781065142
 C          8.3880491327       -1.3354991973        0.1044499874
 C          8.0855397231       -2.6821820281        0.1296238361
 C          6.7625261716       -3.1188726777        0.1436584436
 C          5.7077148998       -2.2267239191        0.1181148788
 C          6.0053330283       -0.8722175347        0.0685769740
 C          3.0170942328        0.8948068013        0.9788572792
 C          1.6368390805        0.8400860534        0.9607953692
 C         -0.7837930857       -2.8524248564        0.3983415441
 C         -1.1542377038       -4.1727382428        0.2381951401
 C         -3.9602137001       -6.2925108167       -0.8167221294
 H         -5.3093941049       -7.9522670880       -1.0173057268
 H         -3.4424203084       -9.6035984761       -1.2145902120
 H         -0.6118610134       -6.6978120344       -0.8944457636
 H         -3.7055907064       -3.7368407599       -1.9308883096
 H         -3.0379008498       -1.3976910305       -1.6357861149
 H         -1.3994495722        2.6887330785        1.0996505877
 H         -2.3128018452        3.5607931575        3.1996849099
 H         -1.7996186933        3.7040454251        5.5560673625
 H         -2.8346801344        4.5177796708        7.6679816655
 H         -4.8564335132        3.3310026367        8.5367232733
 H         -4.8960109197        0.7435265341        5.3963458868
 H         -2.9634992881       -0.4351013906        4.5658473419
 H         -2.0610648855       -1.2980606418        2.4563836743
 H          0.2463956123        1.1558480321       -2.4914837874
 H         -0.6477782373        2.5023377228       -4.3325425220
 H         -1.4637456138        4.7202406106       -4.8011880496
 H         -2.4653520515        6.0215180474       -6.6709691769
 H         -4.7569921556        5.4042258484       -7.4570338139
 H         -5.0359809939        2.3501283146       -4.7827498090
 H         -4.4799040890        2.5298290550       -2.4426550484
 H         -3.5797457673        1.1704992296       -0.6116553374
 H          1.2002252231       -1.3010384863       -1.6007761523
 H          3.6562214100       -1.1847986870       -1.6092516766
 H          4.4748107964        2.9615615296       -0.0338073268
 H          6.2177968284        4.7041617929       -0.0486155129
 H          8.5944432490        4.1168167880        0.0104394393
 H          9.3082503716        1.7503746135        0.0591643518
 H          9.4132017019       -0.9969022943        0.1094891844
 H          8.8820775039       -3.4110372791        0.1477624695
 H          6.5566470739       -4.1785785738        0.1789508101
 H          4.6861207802       -2.5748964041        0.1470675059
 H          3.5329603579        1.4905416624        1.7175325936
 H          1.0752716158        1.4081349865        1.6881374286
 H          0.0442890075       -2.6081149921        1.0490086547
 H         -0.6302920483       -4.9501941384        0.7756343523
 H         -4.7379177017       -5.5500182558       -0.7055455261
