 
        ______________________________________
       |                                      |
       |          ===================         |
       |             xTB for sTDA             |
       |          ===================         |
       |               S. Grimme              |
       |        Universitaet Bonn, MCTC       |
       |         2015-19, Version 1.0         |
       |     Wed Apr  3 09:14:55 CEST 2019    |
       |______________________________________|
 
        This code comes without any warranty
        for non-commercial, academia use only.
        Preliminary test version.
        Cite this work as:
        S. Grimme  &  C. Bannwarth, JCP 145 (2016) 054103
        if GBSA is used additionally:
        P. Shushkov, F. März, C. Bannwarth, S. Grimme, unpublished.
 
        with help from
        P. Shushkov, G. Brandenburg, S. Dohm, J. Pisarek,
        F. März, M. Checinski, S. Ehrlich, S. Spicher, 
        P. Pracht, E. Caldeweyher, S. Ehlert, and C. Bannwarth.
 
        usage        :
        xtb4stda <coord_file> [options]
        where <coord_file> is a valid file of TM)
        (*coord, Bohr) or xmol (*xyz, Angstroem)
        format.

        options:
        -chrg <int>   : molecular charge
        -uhf  <int>   : # of unpaired electrons(=2*S)
        -nox          : skip second, extended part in sTDA-xTB
        -pop          : do population analysis
                      : (default for -nox)
        -mowr <real>  : cut MO write above (def.3 Eh)
        -molden       : write formatted molden file
        -parx <file>  : read parameters for sTDA-xTB
                        calc (def:~/.param_stda2.xtb)
        -parv <file>  : read parameters for vTB part in
                        sTDA-xTB (def: ~/.param_stda1.xtb)
        -xtemp <real> : el. temp for xTB (def. 0 K)
        -etemp <real> : el. temp for GFN (def. 300 K)
        -fod          : calculate the FOD and write
                        molden.input file with
                        appropriate occupations
                        for plotting. Def. T=12500 K
 
        -acc <real>   : xTB accuracy (def. 1.0)
        -gbsa [string1] [string2]
                        use GBSA implicit solvent
                        for solvent [string1] and
                        solvation state [string2]=
                        reference, bar1M (default=1M)
        additional GFN/opt/MD/siman options read from
        $XTB4STDAHOME/.xtb4stdarc or $set in input
 
       spin and charge state information can be on:
       <.CHRG> (charge) and <.UHF> (=nalpha-nbeta)
       -uhf and -chrg override the file info.
       useful machine settings:
       setenv MKL_NUM_THREADS <NCORE_ON_YOUR_MACHINE>
       setenv OMP_STACKSIZE 500m
       limit stacksize unlimited
 
       total energies in Eh, gaps/HL energies in eV
       please read REVISION and HOWTO files carefully
 =============================
  # OMP threads =          48
 =============================
 
 xtb4stdahome directory:/home/penavora/Exe_xtb_crest/
 
 argument            1 :--gbsa
 argument            2 :toluene
 
 name of molecule           :
 comment line               :
 number of atoms            :    34
 number of electrons        :    98
 charge                     :  0
 spin                       : 0.0
 first test random number   :  0.3597
 
 -----------------------------------------
      charge density (VTB) calculation
 -----------------------------------------
 
      method parameters     
 k(s)        :  1.8000
 k(p)        :  2.8350
 k(d)        :  2.0860
 k(f)        :  2.0000
 Tscal       :  0.3300
 Gscal       :  0.3910
 fpol        :  1.0000
 Zcnf        :  0.6500
 Zqf         :  0.0000
 kcn         :  0.3000
 kEN1        : -0.5900
 wllscal     :  2.6000
 
 Solvent             : toluene
 GBSA parameter file : /home/penavora/Exe_xtb_crest/.param_gbsa_toluene
 Gsolv ref. state (COSMO-RS): gsolv [1 M gas/solution]
 temperature (mdtemp)       :    298.150000000000     
 dielectric constant        :    7.00000000000000     
 rho                        :   0.867000000000000     
 mass                       :    92.1400000000000     
 surface tension            :    15.5689470637553     
 probe radius               :   0.641644990000000     
 vdW radii scaling          :    1.00000000000000     
 Gshift (Eh)                :   4.228772547061559E-003
 c1                         :    1.59772343000000     
 soset                      :   0.281999450000000     
 HB correction              :  F
 
 doing EN charges ...
 sum q : -0.1110223D-14
 point charge moment (au)
     X       Y       Z   
   0.0430  -0.1018  -0.0002  total (Debye):    0.281
 
            Z      q(EN)   CN      Cart. coordinates
     1  C   4.0  -0.072   3.137    -9.74444    -2.89364    -0.00397
     2  C   4.0  -0.073   3.142   -10.52760    -0.37556    -0.00609
     3  C   4.0  -0.068   3.173    -8.77766     1.55124    -0.00642
     4  C   4.0   0.104   3.267    -6.19878     0.98703    -0.00467
     5  N   5.0  -0.403   3.197    -4.42503     2.85546    -0.00458
     6  C   4.0   0.103   3.255    -1.87043     2.45906    -0.00314
     7  C   4.0  -0.067   3.171    -0.21065     4.46714    -0.00256
     8  C   4.0  -0.066   3.147     2.40822     4.06802    -0.00200
     9  C   4.0  -0.007   3.365     3.34993     1.65957    -0.00221
    10  C   4.0  -0.007   3.369     5.89216     0.69620    -0.00276
    11  C   4.0  -0.067   3.149     8.23193     1.87219    -0.00374
    12  C   4.0  -0.073   3.145    10.38728     0.39024    -0.00498
    13  C   4.0  -0.073   3.143    10.22591    -2.23862    -0.00521
    14  C   4.0  -0.067   3.150     7.91135    -3.44617    -0.00421
    15  C   4.0  -0.010   3.374     5.72090    -1.98934    -0.00303
    16  C   4.0  -0.071   3.269     3.11633    -2.68292    -0.00236
    17  C   4.0  -0.007   3.381     1.68157    -0.50687    -0.00218
    18  C   4.0   0.004   3.236    -0.99812    -0.13021    -0.00239
    19  C   4.0  -0.070   3.205    -2.74624    -2.04858    -0.00200
    20  C   4.0  -0.001   3.243    -5.38087    -1.55804    -0.00295
    21  C   4.0  -0.073   3.176    -7.21257    -3.47639    -0.00248
    22  H   1.0   0.074   1.004   -11.13763    -4.38371    -0.00359
    23  H   1.0   0.074   1.004   -12.51944     0.06556    -0.00748
    24  H   1.0   0.075   1.004    -9.37766     3.50303    -0.00802
    25  H   1.0   0.169   1.015    -5.03432     4.67079    -0.00563
    26  H   1.0   0.075   1.005    -0.94084     6.37428    -0.00280
    27  H   1.0   0.074   1.004     3.66125     5.68083    -0.00168
    28  H   1.0   0.074   1.004     8.37927     3.91038    -0.00373
    29  H   1.0   0.073   1.004    12.22765     1.27842    -0.00595
    30  H   1.0   0.073   1.004    11.94588    -3.34280    -0.00625
    31  H   1.0   0.073   1.004     7.80115    -5.48731    -0.00431
    32  H   1.0   0.078   1.003     2.43842    -4.59869    -0.00235
    33  H   1.0   0.076   1.006    -2.11947    -3.98923    -0.00108
    34  H   1.0   0.075   1.005    -6.59331    -5.42085    -0.00099
 
  Z AO/shell   Hii/eV     exponent
  1     Sat Feb 20 21:38:01 CET 2016    EN: 2.327 GAM: 0.473  GM3: 0.0000
     1s    -13.751157    1.051071
  6     Sat Feb 20 21:38:01 CET 2016    EN: 2.731 GAM: 0.422  GM3: 0.0000
     2s    -19.378245    2.021003
     2p    -11.993376    1.497917
  7     Sat Feb 20 21:38:01 CET 2016    EN: 3.573 GAM: 0.504  GM3: 0.0000
     2s    -21.576984    2.275442
     2p    -16.125120    2.056788
 
 dipole moment of classical point charges (au)
     X       Y       Z   
   0.0430  -0.1018  -0.0002  total (Debye):    0.281

 
 Nbf   :           97
 T(el) :   300.0
 calculating S/T integrals ...
 cpu time for ints   0.651105000000000     
 Nao   :           97
 making H0...
 making H1...
 cpu time for H      0.225036000000000     
 solving ...
 cpu time for diag   0.531205000000000     
 
 gap (eV)           :   2.856
 Koopmans IP (eV)   :  12.376
 Eel (Eh)           :   -77.297010
 T,E(Fermi),NFOD :    300.000   -10.948  0.000000
 T,E(Fermi),NFOD :    300.000   -10.948  0.000000
 Nfod               :  0.0000
 Nfod/Nel           :  0.0000

          eigenvalues
 #    :          37         38         39         40         41         42         43         44
 occ. :        2.000      2.000      2.000      2.000      2.000      2.000      2.000      2.000
 eps  :       -18.890    -18.832    -18.227    -17.955    -17.911    -17.830    -17.411    -16.755
 #    :          45         46         47         48         49         50         51         52
 occ. :        2.000      2.000      2.000      2.000      2.000      0.000      0.000      0.000
 eps  :       -16.110    -15.463    -14.825    -13.765    -12.377     -9.521     -6.523     -6.247
 #    :          53         54         55         56         57         58         59         60
 occ. :        0.000      0.000      0.000      0.000      0.000      0.000      0.000      0.000
 eps  :        -5.546     -5.038     -4.141     -4.117     -3.467     -2.720     -2.221     -1.846
                            1  SCC done.
 making H1...
 cpu time for H      0.564889000000000     
 solving ...
 cpu time for diag   0.108953000000000     
 
 gap (eV)           :   2.675
 Koopmans IP (eV)   :  12.084
 Eel (Eh)           :   -76.798381
 T,E(Fermi),NFOD :    300.000   -10.747  0.000000
 T,E(Fermi),NFOD :    300.000   -10.747  0.000000
 Nfod               :  0.0000
 Nfod/Nel           :  0.0000

          eigenvalues
 #    :          37         38         39         40         41         42         43         44
 occ. :        2.000      2.000      2.000      2.000      2.000      2.000      2.000      2.000
 eps  :       -18.800    -18.675    -18.076    -17.894    -17.788    -17.728    -17.223    -16.588
 #    :          45         46         47         48         49         50         51         52
 occ. :        2.000      2.000      2.000      2.000      2.000      0.000      0.000      0.000
 eps  :       -15.981    -15.284    -14.663    -13.556    -12.085     -9.410     -6.442     -6.114
 #    :          53         54         55         56         57         58         59         60
 occ. :        0.000      0.000      0.000      0.000      0.000      0.000      0.000      0.000
 eps  :        -5.387     -4.828     -4.046     -3.964     -3.291     -2.501     -2.040     -1.742
                            2  SCC done.
 
 
 Mulliken/CM5 charges    n(s)   n(p)   n(d)   
    1 C  -0.0290 -0.0852   1.133  2.896  0.000
    2 C  -0.0088 -0.0649   1.139  2.870  0.000
    3 C  -0.0317 -0.0803   1.133  2.899  0.000
    4 C   0.0708  0.1328   1.180  2.750  0.000
    5 N  -0.0304 -0.3852   1.203  3.828  0.000
    6 C   0.0760  0.1373   1.185  2.739  0.000
    7 C  -0.0827 -0.1308   1.120  2.962  0.000
    8 C  -0.0233 -0.0758   1.149  2.874  0.000
    9 C  -0.0643 -0.0688   1.159  2.906  0.000
   10 C  -0.0400 -0.0446   1.165  2.875  0.000
   11 C  -0.0620 -0.1149   1.141  2.921  0.000
   12 C  -0.0728 -0.1288   1.134  2.938  0.000
   13 C  -0.0672 -0.1232   1.135  2.932  0.000
   14 C  -0.0713 -0.1243   1.140  2.931  0.000
   15 C  -0.0387 -0.0454   1.166  2.872  0.000
   16 C  -0.1379 -0.1886   1.135  3.003  0.000
   17 C  -0.0394 -0.0433   1.168  2.871  0.000
   18 C   0.0139  0.0147   1.161  2.825  0.000
   19 C  -0.0015 -0.0495   1.156  2.846  0.000
   20 C   0.0024  0.0004   1.156  2.842  0.000
   21 C  -0.0269 -0.0804   1.141  2.886  0.000
   22 H   0.0467  0.1032   0.953  0.000  0.000
   23 H   0.0526  0.1092   0.947  0.000  0.000
   24 H   0.0464  0.1060   0.954  0.000  0.000
   25 H   0.1725  0.3666   0.828  0.000  0.000
   26 H   0.0423  0.1021   0.958  0.000  0.000
   27 H   0.0474  0.1047   0.953  0.000  0.000
   28 H   0.0344  0.0914   0.966  0.000  0.000
   29 H   0.0364  0.0927   0.964  0.000  0.000
   30 H   0.0366  0.0929   0.963  0.000  0.000
   31 H   0.0308  0.0875   0.969  0.000  0.000
   32 H   0.0245  0.0817   0.976  0.000  0.000
   33 H   0.0489  0.1080   0.951  0.000  0.000
   34 H   0.0453  0.1027   0.955  0.000  0.000
 Hirshfeld charges for QMDFF written to <charges>
 
 Loewdin charges    n(s)   n(p)   n(d)
    1 C  -0.0226   1.078  2.944  0.000
    2 C   0.0013   1.083  2.915  0.000
    3 C  -0.0302   1.081  2.950  0.000
    4 C   0.0670   1.143  2.790  0.000
    5 N   0.0200   1.147  3.833  0.000
    6 C   0.0740   1.148  2.778  0.000
    7 C  -0.0864   1.070  3.016  0.000
    8 C  -0.0104   1.093  2.917  0.000
    9 C  -0.0673   1.119  2.949  0.000
   10 C  -0.0397   1.124  2.916  0.000
   11 C  -0.0551   1.087  2.968  0.000
   12 C  -0.0661   1.080  2.986  0.000
   13 C  -0.0596   1.081  2.979  0.000
   14 C  -0.0655   1.087  2.978  0.000
   15 C  -0.0340   1.123  2.911  0.000
   16 C  -0.1405   1.087  3.054  0.000
   17 C  -0.0364   1.126  2.910  0.000
   18 C   0.0143   1.119  2.867  0.000
   19 C   0.0055   1.102  2.892  0.000
   20 C   0.0044   1.113  2.883  0.000
   21 C  -0.0207   1.087  2.933  0.000
   22 H   0.0383   0.962  0.000  0.000
   23 H   0.0432   0.957  0.000  0.000
   24 H   0.0375   0.962  0.000  0.000
   25 H   0.1486   0.851  0.000  0.000
   26 H   0.0350   0.965  0.000  0.000
   27 H   0.0387   0.961  0.000  0.000
   28 H   0.0273   0.973  0.000  0.000
   29 H   0.0295   0.971  0.000  0.000
   30 H   0.0296   0.970  0.000  0.000
   31 H   0.0242   0.976  0.000  0.000
   32 H   0.0200   0.980  0.000  0.000
   33 H   0.0395   0.960  0.000  0.000
   34 H   0.0367   0.963  0.000  0.000
 
 Wiberg/Mayer (AO) data. WBOs > 0.1 written file <wbo>
 largest (>0.05) Wiberg bond orders for each atom
           total WBO             WBO to atom ...
     1  C   3.959    C   21 1.510    C    2 1.353    H   22 0.944    C    4 0.075
     2  C   3.949    C    3 1.485    C    1 1.353    H   23 0.944    C   20 0.071
     3  C   3.963    C    2 1.485    C    4 1.334    H   24 0.944    C   21 0.108
     4  C   3.908    C    3 1.334    C   20 1.234    N    5 1.130    C    1 0.075
     5  N   3.545    C    6 1.146    C    4 1.130    H   25 0.938    C   19 0.057    C    7 0.054
     6  C   3.913    C    7 1.426    N    5 1.146    C   18 1.125    C    9 0.072
     7  C   3.944    C    6 1.426    C    8 1.350    H   26 0.943    N    5 0.054
     8  C   3.950    C    9 1.449    C    7 1.350    H   27 0.942
     9  C   3.948    C    8 1.449    C   17 1.117    C   10 1.109    C    6 0.072
    10  C   3.938    C   11 1.366    C   15 1.199    C    9 1.109    C   13 0.078
    11  C   3.960    C   12 1.451    C   10 1.366    H   28 0.946    C   14 0.096
    12  C   3.943    C   11 1.451    C   13 1.378    H   29 0.947    C   15 0.074
    13  C   3.944    C   14 1.470    C   12 1.378    H   30 0.947    C   10 0.078
    14  C   3.947    C   13 1.470    C   15 1.327    H   31 0.946    C   11 0.096
    15  C   3.950    C   14 1.327    C   10 1.199    C   16 1.197    C   12 0.074
    16  C   3.908    C   17 1.473    C   15 1.197    H   32 0.949    C   19 0.088
    17  C   3.950    C   16 1.473    C    9 1.117    C   18 1.110
    18  C   3.954    C   19 1.485    C    6 1.125    C   17 1.110
    19  C   3.940    C   18 1.485    C   20 1.217    H   33 0.941    C   16 0.088    N    5 0.057
    20  C   3.955    C   21 1.284    C    4 1.234    C   19 1.217    C    2 0.071
    21  C   3.946    C    1 1.510    C   20 1.284    H   34 0.944    C    3 0.108
    22  H   0.996    C    1 0.944
    23  H   0.996    C    2 0.944
    24  H   0.996    C    3 0.944
    25  H   0.968    N    5 0.938
    26  H   0.995    C    7 0.943
    27  H   0.993    C    8 0.942
    28  H   0.998    C   11 0.946
    29  H   0.997    C   12 0.947
    30  H   0.997    C   13 0.947
    31  H   0.998    C   14 0.946
    32  H   0.997    C   16 0.949
    33  H   0.994    C   19 0.941
    34  H   0.997    C   21 0.944
 
 --------------------------------------------
          xTB calculation for sTDA...
 --------------------------------------------
 
 reading parameter file /home/penavora/Exe_xtb_crest/.param_stda2.xtb
 
      method parameters     
 k(s)        :  1.6000
 k(p)        :  2.1800
 k(d)        :  1.9500
 k(f)        :  2.0000
 k(R-V)      :  2.2750
 k(R-R)      :  1.7650
 Tscal       :  0.2580
 Gscal       :  1.0000
 fpol        :  1.0000
 Zcnf        :  0.3430
 Zqf         :  0.0000
 kcn         :  2.7000
 Ryd Hsplit  :  0.7000
 lshift(virt):  3.1000
 lshift(OS)  :  0.2000
 wllscaling  :  2.6000
 
 mowrcut     : 3.000
 
  Z AO/shell   Hii/eV     exponent
  1     Sun Feb 14 09:53:25 CET 2016    EN: 2.327 GAM: 0.473  GM3: 0.0000
     1s    -14.339618    1.220000
     2sp    -3.348946    0.600000
  6     Sun Feb 14 09:53:25 CET 2016    EN: 2.731 GAM: 0.422  GM3: 0.0000
     2s    -22.009312    1.565095
     2p    -13.020408    1.596905
     3sp    -3.914040    0.824500
  7     Sun Feb 14 09:53:25 CET 2016    EN: 3.573 GAM: 0.504  GM3: 0.0000
     2s    -25.722000    2.064844
     2p    -18.684912    1.801692
     3sp    -4.344791    0.921400
 
 Nbf   :          233
 T(el) :     0.0
 calculating S/T integrals ...
 cpu time for ints    7.10221600000000     
 Nao   :          233
 making H0...
 making H1...
 cpu time for H      0.151473000000001     
 solving ...
 cpu time for diag   0.445680000000001     
 
 gap (eV)           :   4.918
 Koopmans IP (eV)   :  13.269
 Eel (Eh)           :   -84.432153

          eigenvalues
 #    :          37         38         39         40         41         42         43         44
 occ. :        2.000      2.000      2.000      2.000      2.000      2.000      2.000      2.000
 eps  :       -19.377    -18.900    -18.784    -18.624    -18.370    -17.987    -17.827    -17.089
 #    :          45         46         47         48         49         50         51         52
 occ. :        2.000      2.000      2.000      2.000      2.000      0.000      0.000      0.000
 eps  :       -16.656    -16.117    -15.721    -14.479    -13.270     -8.351     -6.544     -5.932
 #    :          53         54         55         56         57         58         59         60
 occ. :        0.000      0.000      0.000      0.000      0.000      0.000      0.000      0.000
 eps  :        -5.484     -5.353     -4.965     -4.811     -4.480     -4.255     -4.020     -4.009
                            1  SCC done.
 writing mo output ...
 molden style : F
 
speedup 39.43
cpu  time for all   10.33 s
wall time for all    0.26 s
