  80
 Etot=        -122.3522319394
 C         10.1454929896       -0.6108039969        0.3612916641
 C          8.7243148724       -0.4663262477        0.8925412103
 C          8.1889658239        0.9635740633        0.7981500006
 C          8.1072791004        1.5357887471       -0.6189180311
 C          7.2483454971        0.7323624288       -1.5969180194
 C          5.7773214160        0.6738756680       -1.1958673028
 O          5.2719261269        1.9928636189       -1.1883854904
 C          3.9938407924        2.2095555460       -0.7846766704
 C          3.5993143974        3.5567366355       -0.7570769628
 C          2.3257218272        3.9221220791       -0.3885699109
 C          1.4238026260        2.9325299139       -0.0161116056
 C          0.0461543880        2.9455671277        0.3894671816
 C         -0.8807239538        3.9519758620        0.6063215685
 C         -2.1536321174        3.6251546712        1.0333078013
 C         -2.5110714625        2.2940883657        1.2685907998
 O         -3.7242611821        1.8739337524        1.7255290831
 C         -4.7632474000        2.8059727133        1.9386523693
 C         -5.4438068809        3.2447317851        0.6399690444
 C         -6.5583581083        4.2507347291        0.9146407897
 C         -7.3303841488        4.6504389178       -0.3431134220
 C         -6.5056220452        5.4780658524       -1.3270475228
 C         -7.3485907523        5.9448230076       -2.5076794015
 C         -1.5887027598        1.2688955257        1.0581093200
 C         -0.3275268519        1.5999143907        0.6039093742
 N          0.7651620960        0.7814983442        0.3572326475
 C          0.7897087958       -0.6030053130        0.4754567914
 C          1.8410286828       -1.2547583159        1.1231534217
 C          1.8101018605       -2.6361609451        1.1995208176
 N          0.8371017774       -3.3759481911        0.7044329154
 C         -0.1722113982       -2.7638649836        0.0949167318
 C         -1.2385965158       -3.6282703649       -0.4450514944
 C         -1.8022173443       -3.3829674231       -1.6953229194
 C         -2.7886561043       -4.1995304254       -2.2169832796
 C         -3.2276122758       -5.2821404193       -1.4799881167
 F         -4.1811609633       -6.0759783913       -1.9840865950
 C         -2.7003133535       -5.5662451270       -0.2178029028
 C         -3.1647651982       -6.6714450344        0.5357378088
 N         -3.5468776415       -7.5656269487        1.1390838983
 C         -1.7011144040       -4.7246740975        0.2795653164
 F         -1.2220204805       -4.9754318803        1.4988466698
 C         -0.2383971960       -1.3823110551       -0.0530178383
 C          1.8329766131        1.5842296906       -0.0173910255
 C          3.1051423100        1.2053119502       -0.4206588299
 H         10.8094426519        0.0942823689        0.8567851620
 H         10.1842627840       -0.4267052193       -0.7091669833
 H         10.5162387139       -1.6168489980        0.5448507548
 H          8.0634643144       -1.1488912247        0.3546011776
 H          8.7095240629       -0.7641907779        1.9440900036
 H          7.2003082976        0.9994146816        1.2605710937
 H          8.8394600041        1.6171459640        1.3847852382
 H          9.1135162614        1.6166156884       -1.0329081942
 H          7.6948472622        2.5443690966       -0.5563002989
 H          7.6214034836       -0.2880668495       -1.6882029372
 H          7.3114173588        1.2043933985       -2.5791539124
 H          5.6686749351        0.2195535619       -0.2024357761
 H          5.2211923912        0.0603333533       -1.9200699814
 H          4.3287261496        4.2952564673       -1.0485595394
 H          2.0296022403        4.9595327535       -0.3908237489
 H         -0.6120831784        4.9851376164        0.4481281466
 H         -2.8620282304        4.4206373606        1.1981605387
 H         -4.3978018278        3.6764271357        2.4978068858
 H         -5.4808861378        2.2739631370        2.5703020406
 H         -5.8547342441        2.3610816271        0.1474194883
 H         -4.6979977950        3.6797134323       -0.0265369690
 H         -6.1336223262        5.1460195295        1.3756836815
 H         -7.2563926489        3.8116541303        1.6316911092
 H         -7.6945375268        3.7506099584       -0.8438820271
 H         -8.2027843282        5.2358739473       -0.0428528869
 H         -5.6687174992        4.8855969698       -1.7002532809
 H         -6.0951148098        6.3482060243       -0.8093110032
 H         -8.1773525193        6.5611687032       -2.1659565081
 H         -6.7481247941        6.5305377341       -3.1997871141
 H         -7.7569601569        5.0915676120       -3.0449170307
 H         -1.8859084596        0.2566703128        1.2793625771
 H          2.6397987624       -0.6912752340        1.5774706955
 H          2.6025597886       -3.1839415355        1.6913903219
 H         -1.4454752586       -2.5465445192       -2.2758523538
 H         -3.2186505411       -4.0116374157       -3.1875732081
 H         -1.0668423109       -0.9180918158       -0.5634038519
 H          3.3799838481        0.1641836334       -0.4677220039
  80
 Etot=        -122.3522318187
 C         10.1454983694       -0.6108078090        0.3612864481
 C          8.7243129618       -0.4663256203        0.8925367972
 C          8.1889683925        0.9635738932        0.7981427779
 C          8.1072754173        1.5357902236       -0.6189163195
 C          7.2483478731        0.7323665605       -1.5969226504
 C          5.7773169889        0.6738757127       -1.1958665811
 O          5.2719362666        1.9928658305       -1.1883541118
 C          3.9938401576        2.2095560197       -0.7846822091
 C          3.5993098742        3.5567373568       -0.7570771192
 C          2.3257243791        3.9221221132       -0.3885717522
 C          1.4237985104        2.9325246787       -0.0161044502
 C          0.0461515869        2.9455666637        0.3894547803
 C         -0.8807158100        3.9519766887        0.6063296630
 C         -2.1536337785        3.6251605783        1.0333152118
 C         -2.5110694108        2.2940885239        1.2685879642
 O         -3.7242554412        1.8739356979        1.7255380233
 C         -4.7632494336        2.8059763938        1.9386527461
 C         -5.4438065959        3.2447293385        0.6399682787
 C         -6.5583618998        4.2507331446        0.9146364270
 C         -7.3303839172        4.6504375920       -0.3431193252
 C         -6.5056191509        5.4780645341       -1.3270460431
 C         -7.3485854140        5.9448184436       -2.5076846445
 C         -1.5887027257        1.2688979243        1.0581080534
 C         -0.3275229977        1.5999099635        0.6039004825
 N          0.7651680471        0.7815041305        0.3572506346
 C          0.7897095290       -0.6030023240        0.4754548521
 C          1.8410192207       -1.2547570783        1.1231493493
 C          1.8101081163       -2.6361522456        1.1995246188
 N          0.8370949382       -3.3759556427        0.7044380641
 C         -0.1722167238       -2.7638621768        0.0949141521
 C         -1.2385991231       -3.6282778268       -0.4450485294
 C         -1.8022212337       -3.3829666026       -1.6953232194
 C         -2.7886587839       -4.1995401886       -2.2169833551
 C         -3.2276004302       -5.2821337069       -1.4799836256
 F         -4.1811618138       -6.0759834539       -1.9840843145
 C         -2.7003300396       -5.5662573223       -0.2178015023
 C         -3.1647450886       -6.6713414662        0.5356178864
 N         -3.5469115343       -7.5657185224        1.1391775434
 C         -1.7011104943       -4.7246599235        0.2795587163
 F         -1.2220129645       -4.9754359446        1.4988687007
 C         -0.2383987560       -1.3823063235       -0.0530172804
 C          1.8329646133        1.5842269140       -0.0173888739
 C          3.1051455946        1.2053104905       -0.4206493613
 H         10.8094411705        0.0942796315        0.8567879685
 H         10.1842633806       -0.4267008989       -0.7091634421
 H         10.5162400529       -1.6168535997        0.5448426599
 H          8.0634676828       -1.1488888069        0.3545904308
 H          8.7095213576       -0.7641952007        1.9440778093
 H          7.2003091189        0.9994203291        1.2605726310
 H          8.8394644925        1.6171424432        1.3847797534
 H          9.1135173122        1.6166208794       -1.0329087269
 H          7.6948464035        2.5443706126       -0.5562972494
 H          7.6213994514       -0.2880662153       -1.6882022528
 H          7.3114199499        1.2043920090       -2.5791559664
 H          5.6686824746        0.2195463431       -0.2024431694
 H          5.2211851411        0.0603412533       -1.9200731340
 H          4.3287259308        4.2952609513       -1.0485584122
 H          2.0296004334        4.9595348045       -0.3908270116
 H         -0.6120752394        4.9851386190        0.4481311467
 H         -2.8620267375        4.4206398093        1.1981700025
 H         -4.3978061880        3.6764296440        2.4978046724
 H         -5.4808857006        2.2739642082        2.5703017358
 H         -5.8547308498        2.3610823527        0.1474191597
 H         -4.6979995622        3.6797163371       -0.0265374626
 H         -6.1336315626        5.1460129922        1.3756863589
 H         -7.2563941125        3.8116449801        1.6316831507
 H         -7.6945439149        3.7506081669       -0.8438808090
 H         -8.2027830120        5.2358776774       -0.0428542232
 H         -5.6687174598        4.8855902733       -1.7002562495
 H         -6.0951087463        6.3482013642       -0.8093080906
 H         -8.1773438799        6.5611754799       -2.1659568504
 H         -6.7481168632        6.5305264368       -3.1997877614
 H         -7.7569649354        5.0915662749       -3.0449184898
 H         -1.8859168630        0.2566735381        1.2793627497
 H          2.6397986473       -0.6912774237        1.5774734750
 H          2.6025557094       -3.1839419054        1.6913982390
 H         -1.4454729141       -2.5465474115       -2.2758499927
 H         -3.2186457569       -4.0116383358       -3.1875787904
 H         -1.0668433523       -0.9180924289       -0.5634036044
 H          3.3799918362        0.1641884175       -0.4677179674
  80
 Etot=        -122.3522319905
 C         10.1455493408       -0.6108561502        0.3611368864
 C          8.7243282396       -0.4663827457        0.8922808197
 C          8.1890475373        0.9635535790        0.7980443165
 C          8.1072953071        1.5358600816       -0.6189697161
 C          7.2483401679        0.7324574598       -1.5969716202
 C          5.7773358928        0.6739399579       -1.1958337626
 O          5.2720222184        1.9929537615       -1.1880082800
 C          3.9938877830        2.2096128065       -0.7844395172
 C          3.5993149133        3.5567832634       -0.7569488614
 C          2.3256962718        3.9221424351       -0.3885372120
 C          1.4237891482        2.9325369788       -0.0160649698
 C          0.0461456770        2.9455910910        0.3894852820
 C         -0.8806585893        3.9520360779        0.6064594617
 C         -2.1535718681        3.6252592866        1.0334835647
 C         -2.5110596764        2.2941856916        1.2686645729
 O         -3.7242402048        1.8740379951        1.7256310064
 C         -4.7632800957        2.8060416822        1.9386701120
 C         -5.4438195170        3.2447033386        0.6399437680
 C         -6.5584939352        4.2505823131        0.9145678419
 C         -7.3304335850        4.6503590799       -0.3432112439
 C         -6.5055249498        5.4778780895       -1.3271079880
 C         -7.3484020210        5.9447332599       -2.5077665332
 C         -1.5887465514        1.2689628671        1.0581019280
 C         -0.3275545987        1.5999419949        0.6039083459
 N          0.7651450835        0.7815222703        0.3573109958
 C          0.7896562373       -0.6029852467        0.4755100533
 C          1.8409370343       -1.2547531359        1.1232386804
 C          1.8099781382       -2.6361457290        1.1996624270
 N          0.8369594328       -3.3759332329        0.7045819660
 C         -0.1723119472       -2.7638385740        0.0949947079
 C         -1.2386795129       -3.6282608384       -0.4450018304
 C         -1.8022287297       -3.3829762704       -1.6953138327
 C         -2.7886059429       -4.1995686083       -2.2170497385
 C         -3.2275862189       -5.2821658601       -1.4800745631
 F         -4.1810770396       -6.0760582967       -1.9842213155
 C         -2.7003786671       -5.5662765770       -0.2178616101
 C         -3.1647095511       -6.6715488554        0.5354704181
 N         -3.5472958734       -7.5652842858        1.1394722867
 C         -1.7012106498       -4.7246638089        0.2795875669
 F         -1.2221347288       -4.9754625167        1.4988950894
 C         -0.2384561824       -1.3822810957       -0.0529761957
 C          1.8329707089        1.5842419394       -0.0172899376
 C          3.1051903336        1.2053514669       -0.4204531468
 H         10.8094691600        0.0941275887        0.8568173062
 H         10.1844002209       -0.4265599871       -0.7092759314
 H         10.5162426787       -1.6169499205        0.5445470314
 H          8.0635025268       -1.1488420726        0.3541801244
 H          8.7094391186       -0.7644065191        1.9437742952
 H          7.2004211610        0.9994447644        1.2605389997
 H          8.8396267057        1.6170452732        1.3846711994
 H          9.1135200540        1.6167452731       -1.0329854115
 H          7.6948442002        2.5444275945       -0.5562594475
 H          7.6213699497       -0.2879785363       -1.6883013950
 H          7.3113855977        1.2045105642       -2.5791956378
 H          5.6687537079        0.2193635221       -0.2025194455
 H          5.2211156071        0.0606158001       -1.9201559132
 H          4.3287134961        4.2953192375       -1.0484397571
 H          2.0295320912        4.9595435122       -0.3908959499
 H         -0.6119394975        4.9851913346        0.4483399435
 H         -2.8619070682        4.4207637272        1.1984912364
 H         -4.3979109173        3.6765474449        2.4977885074
 H         -5.4809089661        2.2740202711        2.5703190056
 H         -5.8546213003        2.3610170852        0.1473632101
 H         -4.6980234783        3.6797818021       -0.0265150359
 H         -6.1338868498        5.1458516728        1.3757473083
 H         -7.2565613643        3.8113664955        1.6314987056
 H         -7.6946950002        3.7505657400       -0.8439649006
 H         -8.2027636001        5.2359150084       -0.0429721961
 H         -5.6687111552        4.8852764212       -1.7003125833
 H         -6.0948871695        6.3479464581       -0.8093493005
 H         -8.1769675345        6.5613633801       -2.1660669818
 H         -6.7477776470        6.5302006011       -3.1999374130
 H         -7.7570405634        5.0915476113       -3.0449146752
 H         -1.8860192517        0.2567498749        1.2793272896
 H          2.6397163842       -0.6912875428        1.5775732817
 H          2.6023626952       -3.1839281972        1.6916488401
 H         -1.4454249616       -2.5465794190       -2.2758326041
 H         -3.2184868650       -4.0117170579       -3.1877037533
 H         -1.0668767257       -0.9180610923       -0.5633997084
 H          3.3801059023        0.1642441816       -0.4674392765
