  74
 Etot=        -115.9688709366
 C         -5.7882091608        3.1854234968        1.4358542805
 C         -5.5046941063        2.2946870067        0.2087473539
 C         -6.4078385147        2.7150040188       -0.9691167799
 C         -5.8172379164        0.8589262846        0.5627778946
 C         -7.0993511261        0.5126017147        0.9676857442
 C         -7.4452719630       -0.7939183909        1.2627319569
 C         -6.4980152093       -1.8015126453        1.1321607960
 C         -5.2194903836       -1.4908541689        0.7326564993
 C         -4.8515192515       -0.1602315984        0.4655003657
 N         -3.5576839884        0.1211213170        0.0867017363
 C         -2.6174820736       -0.9339940978       -0.0251268494
 C         -2.1139051497       -1.5693915855        1.1305598289
 C         -1.1590336120       -2.5416166721        1.0137142186
 C         -0.7007289843       -2.9328192140       -0.2575620702
 S          0.7551946518       -3.9022480352       -0.3911277675
 O          0.8383560082       -4.8423747800        0.7181605214
 O          0.8363793989       -4.4702658096       -1.7303600527
 C          2.0187584475       -2.6671483189       -0.1998229508
 C          2.6205530150       -2.4898519966        1.0493402249
 C          3.4638788464       -1.4162021839        1.2813626132
 C          3.6639254169       -0.5089492873        0.2467413196
 C          3.0610613925       -0.6945065509       -1.0329830807
 C          2.2264168015       -1.7786674351       -1.2492240013
 C          3.5150354355        0.3865004023       -1.8581504326
 C          3.2579818220        0.7605134407       -3.1725703244
 C          3.8491368151        1.9163181193       -3.6608559864
 C          4.6722390060        2.6993587217       -2.8588365972
 C          4.9450849579        2.3445690436       -1.5427489300
 C          4.3776600732        1.1767460195       -1.0556270836
 N          4.4576950334        0.6224497997        0.2079734582
 C          5.2139104013        1.1268532959        1.2699959836
 C          6.5543896561        1.4672191599        1.0777484718
 C          7.2963175728        1.9697998959        2.1285581747
 C          6.7183903719        2.1374002478        3.3785995390
 C          5.3870819431        1.7979367358        3.5724940712
 C          4.6344997515        1.2963646677        2.5288508534
 C         -1.2152159093       -2.3116451877       -1.4115922123
 C         -2.1581118199       -1.3284201441       -1.2992324204
 C         -3.1498623106        1.4028943854       -0.2116936985
 C         -1.7985867064        1.6457512530       -0.5205284888
 C         -1.3678354974        2.9073644342       -0.8560167065
 C         -2.2724371806        3.9617670006       -0.8838252201
 C         -3.5949486827        3.7375614353       -0.5439379201
 C         -4.0597385735        2.4771888304       -0.1945806538
 H         -5.1655861441        2.8752205854        2.2726247777
 H         -5.5730917412        4.2258636575        1.2134605791
 H         -6.8292853053        3.1084642649        1.7334426460
 H         -6.2023542838        2.0910628246       -1.8367476812
 H         -6.2280747946        3.7510464693       -1.2389617683
 H         -7.4557738846        2.6061235418       -0.7074025713
 H         -7.8550504679        1.2772851420        1.0518374472
 H         -8.4500683229       -1.0288664804        1.5781339660
 H         -6.7600532802       -2.8282517408        1.3366895963
 H         -4.4872212850       -2.2730114108        0.6131910271
 H         -2.4736807627       -1.2593905992        2.1005573409
 H         -0.7392639173       -3.0343851502        1.8766445304
 H          2.4251367465       -3.2267114820        1.8119411300
 H          3.9576197194       -1.3028628744        2.2338232324
 H          1.7534319954       -1.9633149709       -2.2000949070
 H          2.6082719085        0.1623620963       -3.7928673263
 H          3.6609906837        2.2197349087       -4.6803748084
 H          5.1057927982        3.6021836840       -3.2617081160
 H          5.5691458748        2.9683080561       -0.9218857766
 H          7.0089271001        1.3075005432        0.1116610015
 H          8.3348720079        2.2229151390        1.9748770278
 H          7.3025992831        2.5290298576        4.1972918249
 H          4.9309376455        1.9325630238        4.5420871881
 H          3.5914975936        1.0557724854        2.6688607655
 H         -0.8538896525       -2.6489752247       -2.3702543866
 H         -2.5709207821       -0.8528318785       -2.1767154966
 H         -1.0942437395        0.8302366019       -0.4849654367
 H         -0.3275798803        3.0711647235       -1.0929632889
 H         -1.9447509908        4.9536206403       -1.1540662788
 H         -4.2770868509        4.5728228950       -0.5502235169
  74
 Etot=        -115.9692521267
 C         -5.7878567922        3.1845462330        1.4354243645
 C         -5.5044283911        2.2941440388        0.2087576924
 C         -6.4074555675        2.7144519307       -0.9684936695
 C         -5.8169887656        0.8580988277        0.5634868928
 C         -7.0984687634        0.5114649705        0.9674071975
 C         -7.4446221854       -0.7952462942        1.2629945305
 C         -6.4961830937       -1.8023303712        1.1326917998
 C         -5.2182203175       -1.4913354547        0.7336766193
 C         -4.8503153441       -0.1607288027        0.4667404308
 N         -3.5572644714        0.1207638086        0.0868967989
 C         -2.6168095162       -0.9335783257       -0.0254419671
 C         -2.1130164773       -1.5674467660        1.1286859051
 C         -1.1532010967       -2.5361601303        1.0113812938
 C         -0.6944790161       -2.9252066919       -0.2576152101
 S          0.7566608926       -3.9105745149       -0.3930004611
 O          0.8375171273       -4.8468620314        0.7150295502
 O          0.8372283676       -4.4735881140       -1.7304766955
 C          2.0109769448       -2.6610890927       -0.1969907461
 C          2.6143778148       -2.4860228531        1.0511986374
 C          3.4610461102       -1.4143629962        1.2826151102
 C          3.6621324139       -0.5085308444        0.2479846627
 C          3.0580299229       -0.6931288555       -1.0317734926
 C          2.2190025930       -1.7738748130       -1.2457878846
 C          3.5146460279        0.3854862234       -1.8577284050
 C          3.2579318953        0.7595276519       -3.1721800139
 C          3.8498288023        1.9152795316       -3.6601906992
 C          4.6727785227        2.6983046920       -2.8588250772
 C          4.9462131645        2.3426807172       -1.5423291610
 C          4.3780198335        1.1755373793       -1.0557605893
 N          4.4572221661        0.6213568216        0.2080869071
 C          5.2128828337        1.1256364561        1.2689419936
 C          6.5533474631        1.4682747489        1.0760827373
 C          7.2951153446        1.9692825773        2.1269079576
 C          6.7173740840        2.1360780287        3.3774357651
 C          5.3861505243        1.7956018644        3.5717376049
 C          4.6340727613        1.2930596431        2.5290446820
 C         -1.2088332006       -2.3062131968       -1.4096182805
 C         -2.1562772388       -1.3260883816       -1.2979584152
 C         -3.1500019140        1.4019473353       -0.2124576539
 C         -1.7985840884        1.6445836310       -0.5218082563
 C         -1.3675341380        2.9054553703       -0.8568771091
 C         -2.2713442812        3.9611581440       -0.8843885579
 C         -3.5943495232        3.7365843782       -0.5441356367
 C         -4.0593774448        2.4772315008       -0.1953070301
 H         -5.1637422420        2.8742606532        2.2710489881
 H         -5.5735404474        4.2259146759        1.2146748060
 H         -6.8285489618        3.1075922496        1.7357546599
 H         -6.2013771102        2.0898782026       -1.8354380516
 H         -6.2284807979        3.7505015059       -1.2404388879
 H         -7.4561853196        2.6056545903       -0.7084177436
 H         -7.8546537303        1.2765059865        1.0516865032
 H         -8.4494293843       -1.0297594488        1.5780473938
 H         -6.7583391140       -2.8288213257        1.3366737741
 H         -4.4856148850       -2.2726133349        0.6132339153
 H         -2.4764476441       -1.2587398901        2.0980020579
 H         -0.7360024075       -3.0300355330        1.8741188618
 H          2.4219355454       -3.2243372366        1.8119445301
 H          3.9576420447       -1.3016297499        2.2338859736
 H          1.7481382279       -1.9581858714       -2.1969273830
 H          2.6090141145        0.1613280871       -3.7927277730
 H          3.6617610066        2.2189435532       -4.6793017106
 H          5.1060644378        3.6010354931       -3.2613743365
 H          5.5690751863        2.9672420705       -0.9205687937
 H          7.0081427552        1.3072941744        0.1101570861
 H          8.3333941801        2.2227070992        1.9733302813
 H          7.3012272420        2.5281124074        4.1958292427
 H          4.9299071209        1.9313349451        4.5409462497
 H          3.5901920061        1.0548696850        2.6684551022
 H         -0.8498499381       -2.6450073576       -2.3677629302
 H         -2.5700460045       -0.8492868780       -2.1744764969
 H         -1.0954176581        0.8284382836       -0.4858422358
 H         -0.3274500070        3.0693663659       -1.0937306790
 H         -1.9438631128        4.9529889023       -1.1542415104
 H         -4.2764531169        4.5726616742       -0.5493166145
  74
 Etot=        -115.9695124074
 C         -5.7858411921        3.1822644746        1.4359476690
 C         -5.5038984992        2.2933413314        0.2088750166
 C         -6.4063324133        2.7120618523       -0.9683742792
 C         -5.8163721081        0.8567054557        0.5640732229
 C         -7.0967767238        0.5093832996        0.9673818549
 C         -7.4434255715       -0.7976155087        1.2637107566
 C         -6.4935427369       -1.8040275584        1.1334029062
 C         -5.2163255464       -1.4924698621        0.7347912179
 C         -4.8483652674       -0.1617842062        0.4677058100
 N         -3.5563600756        0.1202703662        0.0868086239
 C         -2.6149804012       -0.9330767905       -0.0264755526
 C         -2.1106692561       -1.5639588084        1.1263359189
 C         -1.1442876242       -2.5284330656        1.0084336947
 C         -0.6839365699       -2.9105804537       -0.2580477820
 S          0.7593070706       -3.9234669580       -0.3963959698
 O          0.8343950670       -4.8524036952        0.7099163029
 O          0.8371900539       -4.4771140744       -1.7309919542
 C          1.9995249147       -2.6523106486       -0.1923862462
 C          2.6042603651       -2.4812784075        1.0550862521
 C          3.4543307148       -1.4104074360        1.2856448444
 C          3.6568347843       -0.5069482991        0.2511057256
 C          3.0518974868       -0.6905533718       -1.0299523959
 C          2.2070658130       -1.7679861409       -1.2407839190
 C          3.5122258776        0.3839263449       -1.8568442367
 C          3.2571726271        0.7576442066       -3.1723013119
 C          3.8512136732        1.9129472868       -3.6597829899
 C          4.6741091746        2.6957991370       -2.8594029746
 C          4.9476633941        2.3388914144       -1.5416069887
 C          4.3779748754        1.1732862891       -1.0561250819
 N          4.4555945552        0.6196091586        0.2087114440
 C          5.2105196338        1.1236272497        1.2673151575
 C          6.5511832040        1.4693401824        1.0737644688
 C          7.2927397233        1.9690059613        2.1242793790
 C          6.7157526012        2.1342421623        3.3759245964
 C          5.3845512035        1.7921662247        3.5708518053
 C          4.6328297412        1.2889533719        2.5293213833
 C         -1.1998092309       -2.2985830145       -1.4086539579
 C         -2.1536837470       -1.3226827371       -1.2976379885
 C         -3.1495539032        1.4006370279       -0.2133804011
 C         -1.7978090255        1.6435662150       -0.5237945477
 C         -1.3667952295        2.9034903230       -0.8588413136
 C         -2.2696788547        3.9606678734       -0.8856375248
 C         -3.5931449152        3.7352285213       -0.5441145375
 C         -4.0584802854        2.4772313029       -0.1958690925
 H         -5.1590314270        2.8729030954        2.2701218334
 H         -5.5741128584        4.2248039372        1.2162753760
 H         -6.8257878654        3.1041554149        1.7398291859
 H         -6.2000843531        2.0867633493       -1.8348988854
 H         -6.2280670251        3.7481176776       -1.2422284517
 H         -7.4558141416        2.6039618078       -0.7095530729
 H         -7.8539444714        1.2743347367        1.0505913830
 H         -8.4482229978       -1.0315736522        1.5781994404
 H         -6.7557768240       -2.8302390616        1.3377680749
 H         -4.4827332964       -2.2726529110        0.6146990877
 H         -2.4782290792       -1.2568181693        2.0947756173
 H         -0.7261080484       -3.0186447802        1.8723023488
 H          2.4133148750       -3.2196595585        1.8151570199
 H          3.9553849951       -1.2986679051        2.2348539306
 H          1.7324685302       -1.9469183233       -2.1905697392
 H          2.6089689489        0.1598682751       -3.7934968422
 H          3.6636477985        2.2168047861       -4.6787140663
 H          5.1078060676        3.5982336015       -3.2612986417
 H          5.5698655388        2.9636871312       -0.9190743157
 H          7.0048705862        1.3096335583        0.1069838148
 H          8.3305194458        2.2238040474        1.9705665988
 H          7.2995972084        2.5258348791        4.1941412267
 H          4.9292874929        1.9262952276        4.5406108201
 H          3.5894559114        1.0480057284        2.6692177893
 H         -0.8389180978       -2.6337480776       -2.3668068216
 H         -2.5680919767       -0.8437753689       -2.1727419700
 H         -1.0956834894        0.8268644614       -0.4876588440
 H         -0.3270103981        3.0677914860       -1.0964611333
 H         -1.9427379182        4.9524677394       -1.1549203865
 H         -4.2751045386        4.5721428244       -0.5483689817
  74
 Etot=        -115.9695295188
 C         -5.7854082769        3.1817277451        1.4361209864
 C         -5.5035337975        2.2929240710        0.2089385337
 C         -6.4060841260        2.7117011564       -0.9681956888
 C         -5.8159284939        0.8562061422        0.5639147144
 C         -7.0964143174        0.5087352272        0.9672612572
 C         -7.4429666833       -0.7982090595        1.2636723466
 C         -6.4930759248       -1.8044669508        1.1337052316
 C         -5.2157901891       -1.4927755441        0.7349167123
 C         -4.8480032028       -0.1621447921        0.4674239771
 N         -3.5560323712        0.1203642156        0.0865355204
 C         -2.6141074646       -0.9327756322       -0.0268750678
 C         -2.1090446299       -1.5625029283        1.1263644739
 C         -1.1429482217       -2.5273532799        1.0083968817
 C         -0.6827944897       -2.9079906742       -0.2585411622
 S          0.7596159741       -3.9235025698       -0.3969665474
 O          0.8326716150       -4.8517120554        0.7095464561
 O          0.8364106266       -4.4754134448       -1.7318720316
 C          1.9996949627       -2.6525513773       -0.1919219846
 C          2.6034856728       -2.4818206593        1.0560137940
 C          3.4526185254       -1.4096411378        1.2864721672
 C          3.6550902920       -0.5065424322        0.2519721469
 C          3.0496821324       -0.6895327282       -1.0294286897
 C          2.2050002405       -1.7677693449       -1.2399143244
 C          3.5105757767        0.3839073442       -1.8564356191
 C          3.2564703828        0.7573282121       -3.1725148149
 C          3.8515084784        1.9121108805       -3.6601067929
 C          4.6746651278        2.6947872916       -2.8599435620
 C          4.9475146557        2.3380316432       -1.5416159215
 C          4.3771928876        1.1730372923       -1.0561107580
 N          4.4546346848        0.6195131959        0.2091553537
 C          5.2097686995        1.1232937961        1.2674783498
 C          6.5501245142        1.4702128227        1.0735377303
 C          7.2919470072        1.9697685799        2.1239356200
 C          6.7156663349        2.1337448706        3.3761046236
 C          5.3848913683        1.7902334590        3.5715931199
 C          4.6329444552        1.2871208172        2.5301551077
 C         -1.1990116097       -2.2974616690       -1.4097844725
 C         -2.1530015977       -1.3216501327       -1.2985102295
 C         -3.1490464441        1.4007855971       -0.2134549801
 C         -1.7974368519        1.6440196720       -0.5240882520
 C         -1.3667296402        2.9041354946       -0.8594483374
 C         -2.2697639865        3.9609657113       -0.8859670212
 C         -3.5930082664        3.7352826936       -0.5441248706
 C         -4.0580994525        2.4770362342       -0.1958094309
 H         -5.1576436809        2.8727596200        2.2696997334
 H         -5.5746092203        4.2242916427        1.2160550283
 H         -6.8249918450        3.1025493576        1.7406985376
 H         -6.1998961773        2.0860531370       -1.8344792918
 H         -6.2275460264        3.7475952417       -1.2422026971
 H         -7.4554168557        2.6036099921       -0.7090794315
 H         -7.8535233792        1.2735178589        1.0508070337
 H         -8.4476724363       -1.0322452825        1.5784435591
 H         -6.7552192200       -2.8307602914        1.3383403840
 H         -4.4821429495       -2.2731014127        0.6151010665
 H         -2.4762934781       -1.2556100513        2.0948634099
 H         -0.7239064163       -3.0164625361        1.8726635660
 H          2.4121453355       -3.2196720867        1.8167116586
 H          3.9526830129       -1.2973209851        2.2360441910
 H          1.7302782662       -1.9464698646       -2.1898900768
 H          2.6080521532        0.1598632437       -3.7938814613
 H          3.6645513322        2.2155098676       -4.6794276706
 H          5.1091812812        3.5968710725       -3.2618481971
 H          5.5702466463        2.9624727855       -0.9194472639
 H          7.0033576925        1.3107819238        0.1065482265
 H          8.3296820387        2.2248918329        1.9699900940
 H          7.2996688256        2.5255009408        4.1941810423
 H          4.9298156504        1.9244404653        4.5414876213
 H          3.5894286408        1.0469522276        2.6698128257
 H         -0.8379210974       -2.6319320496       -2.3683255526
 H         -2.5684227273       -0.8438382456       -2.1736371157
 H         -1.0948408731        0.8276069817       -0.4882114002
 H         -0.3270081428        3.0685258314       -1.0976216868
 H         -1.9430509439        4.9527935955       -1.1554311303
 H         -4.2749338136        4.5720493873       -0.5482611473
