  99
 Etot=        -164.6197460186
 C          6.4735463558        1.3186545133        1.7681846863
 C          5.1077365541        1.3369755757        1.9672909532
 C          4.3488064953        0.2019755726        1.7285776183
 C          4.9401349306       -0.9732681932        1.2829375561
 C          6.3240657338       -0.9734591884        1.0614295731
 C          7.0782343773        0.1587041701        1.3105663975
 O          6.9926684611       -2.0683788353        0.5801764345
 C          6.2484175368       -3.1789731162        0.2769401169
 C          6.9232031905       -4.2655287818       -0.2486603923
 C          6.2414846742       -5.4364165642       -0.5445631167
 C          4.8855335555       -5.5178571328       -0.2951261340
 C          4.2030455617       -4.4303344911        0.2263360490
 C          4.8658522160       -3.2392659144        0.4986549246
 N          4.2026716820       -2.1341185215        1.0310280575
 C          2.7894645061       -2.0714278232        1.0063886402
 C          2.0629014395       -1.8526021603        2.1729868323
 C          0.6976181498       -1.6399401789        2.1153198637
 C          0.0420939343       -1.6243250641        0.8890054915
 C         -1.3439708433       -1.1576516123        0.7340413267
 N         -2.3806950064       -1.8333719045        1.2192057519
 C         -3.6310441649       -1.4201311505        0.9765556987
 C         -4.7407538963       -2.0952123343        1.4799848741
 C         -6.0276504435       -1.6698449454        1.1882507328
 C         -6.2265971094       -0.5661639132        0.3730231974
 N         -7.5458504902       -0.1403100404        0.0666501104
 C         -8.0358906091        1.0552755750        0.5758982549
 C         -7.2773824151        1.8734953527        1.4070088394
 C         -7.7974265774        3.0606420481        1.8948987232
 C         -9.0835122651        3.4485813816        1.5696516853
 C         -9.8607352037        2.6353861514        0.7590012323
 C         -9.3483837776        1.4481075516        0.2687202705
 O        -10.1779516977        0.6830661305       -0.5097291012
 C         -9.6783397034       -0.4948165001       -1.0015011069
 C        -10.5198821190       -1.2574949787       -1.7905527639
 C        -10.0725306659       -2.4506388714       -2.3372549927
 C         -8.7763226018       -2.8678567651       -2.1000301273
 C         -7.9286202152       -2.1101581698       -1.3095242763
 C         -8.3674836308       -0.9214244458       -0.7350449310
 C         -5.1401290389        0.1369425551       -0.1460432869
 C         -3.8399879667       -0.2549950714        0.1503540915
 N         -2.7767384151        0.4305196480       -0.2944232168
 C         -1.5470928781        0.0186909551       -0.0062037690
 C         -0.3523074988        0.7992835084       -0.3653622918
 C          0.0910844551        0.9415069090       -1.6753109463
 C          1.3405562409        1.4755527275       -1.9338762137
 C          2.1572132996        1.8909007479       -0.8865150691
 N          3.4930090973        2.2940111868       -1.1204880227
 C          4.4461126131        1.3415547635       -1.4942631855
 C          4.0996280118        0.0505699352       -1.8718808466
 C          5.0687991775       -0.8715053327       -2.2348290856
 C          6.4036419823       -0.5200494319       -2.2306734190
 C          6.7683306698        0.7597644584       -1.8438305629
 C          5.8058624009        1.6803526093       -1.4712998621
 O          6.2512969650        2.9129491273       -1.0714091789
 C          5.3111382919        3.8170477154       -0.6495737557
 C          5.7703878241        5.0447705797       -0.2090859061
 C          4.8745746837        6.0221726215        0.1977015319
 C          3.5179621497        5.7689158566        0.1441284336
 C          3.0522008473        4.5384804905       -0.2911975052
 C          3.9380969780        3.5373223445       -0.6719090344
 C          1.6643526977        1.8633723308        0.4148871237
 C          0.4289034983        1.3117152791        0.6703731963
 C          0.7597806201       -1.9466511979       -0.2630038245
 C          2.1154504085       -2.1810889556       -0.2064852874
 H          7.0677920117        2.1992767298        1.9530878280
 H          4.6227449584        2.2389096921        2.3111616960
 H          3.2819365416        0.2288019268        1.8788559836
 H          8.1397635141        0.1129892371        1.1288176890
 H          7.9849849164       -4.1764199059       -0.4139349717
 H          6.7757080809       -6.2781952034       -0.9559560602
 H          4.3467343022       -6.4298264552       -0.5011219193
 H          3.1463705342       -4.5060042985        0.4309577416
 H          2.5787044640       -1.8248717044        3.1215896960
 H          0.1404214798       -1.4460036023        3.0196166469
 H         -4.5739674296       -2.9587281272        2.1037257037
 H         -6.8783933838       -2.1985269460        1.5911229739
 H         -6.2760912404        1.5735707408        1.6716711147
 H         -7.1876691033        3.6799723912        2.5344498790
 H         -9.4896094023        4.3740131288        1.9462961572
 H        -10.8718861483        2.9031056123        0.4971803473
 H        -11.5208875132       -0.8978174575       -1.9673884432
 H        -10.7358293709       -3.0410329932       -2.9493302213
 H         -8.4134632155       -3.7881212160       -2.5311700599
 H         -6.9155709595       -2.4366581951       -1.1357412179
 H         -5.2949283253        0.9980236287       -0.7769320286
 H         -0.5300723093        0.5974264742       -2.4887117908
 H          1.7008138090        1.5507626563       -2.9493648079
 H          3.0607160584       -0.2359761963       -1.8701244813
 H          4.7726183305       -1.8699231771       -2.5218717601
 H          7.1609158673       -1.2341114187       -2.5125916400
 H          7.8020105609        1.0639768435       -1.8133927297
 H          6.8345780216        5.2179247093       -0.1971635097
 H          5.2419444364        6.9760779250        0.5416985503
 H          2.8092133071        6.5277828490        0.4377769669
 H          1.9906071529        4.3526335057       -0.3426770315
 H          2.2688775508        2.2499598749        1.2210578306
 H          0.0682737572        1.2513644881        1.6865727244
 H          0.2473491940       -1.9888121495       -1.2127020714
 H          2.6675927074       -2.4213888903       -1.1021381079
  99
 Etot=        -164.6197748491
 C          6.4735093011        1.3185552775        1.7680667848
 C          5.1074963807        1.3368025068        1.9671576893
 C          4.3485030093        0.2020090078        1.7283080858
 C          4.9399506285       -0.9732828734        1.2824893398
 C          6.3241383694       -0.9734689828        1.0613301579
 C          7.0783692057        0.1587374185        1.3105316576
 O          6.9925838045       -2.0682675211        0.5801646863
 C          6.2484203826       -3.1788151588        0.2772707591
 C          6.9231959642       -4.2654228068       -0.2484306191
 C          6.2412939836       -5.4361228129       -0.5442917552
 C          4.8851436265       -5.5174315641       -0.2948118432
 C          4.2026499421       -4.4300387337        0.2266259006
 C          4.8656435274       -3.2389077103        0.4990674380
 N          4.2025675769       -2.1336960347        1.0305518875
 C          2.7888975129       -2.0709435358        1.0063597565
 C          2.0622697741       -1.8527761464        2.1733148421
 C          0.6968461986       -1.6415781076        2.1159329412
 C          0.0408046060       -1.6252243151        0.8895956122
 C         -1.3446842243       -1.1582274631        0.7345733708
 N         -2.3804453087       -1.8339383705        1.2201697984
 C         -3.6293001567       -1.4191050604        0.9774092400
 C         -4.7398509225       -2.0945206161        1.4813820323
 C         -6.0270325370       -1.6696618112        1.1881600907
 C         -6.2257822142       -0.5661845362        0.3726829418
 N         -7.5456006899       -0.1404155289        0.0665933563
 C         -8.0356483052        1.0544404526        0.5759156402
 C         -7.2768132463        1.8727005406        1.4071336221
 C         -7.7969179685        3.0596787792        1.8949172779
 C         -9.0833068365        3.4478506568        1.5697707247
 C         -9.8607768284        2.6350436482        0.7591654114
 C         -9.3483954491        1.4476829716        0.2687372713
 O        -10.1777048256        0.6829412082       -0.5096766175
 C         -9.6781759481       -0.4945470105       -1.0014988023
 C        -10.5197663948       -1.2572967530       -1.7906557529
 C        -10.0720648901       -2.4501975594       -2.3372887846
 C         -8.7754924097       -2.8673373230       -2.0999810794
 C         -7.9278210742       -2.1098814456       -1.3095392498
 C         -8.3668738483       -0.9209492282       -0.7349832733
 C         -5.1390984226        0.1373976457       -0.1473916437
 C         -3.8382885872       -0.2545892062        0.1496607153
 N         -2.7764891523        0.4321267534       -0.2948857345
 C         -1.5479731041        0.0191710018       -0.0069430360
 C         -0.3537213974        0.7999737170       -0.3657602190
 C          0.0899696932        0.9429961206       -1.6757461626
 C          1.3399786049        1.4756826889       -1.9340542937
 C          2.1568875866        1.8903651642       -0.8863687520
 N          3.4931738501        2.2936352451       -1.1200079828
 C          4.4460452193        1.3415374962       -1.4937893646
 C          4.0994002564        0.0504717824       -1.8715556483
 C          5.0685265758       -0.8714078161       -2.2346924447
 C          6.4035864695       -0.5199934073       -2.2306428774
 C          6.7684945752        0.7597268509       -1.8439201697
 C          5.8060076420        1.6803664933       -1.4712612951
 O          6.2513363909        2.9128045271       -1.0714657894
 C          5.3112643736        3.8169077117       -0.6499808019
 C          5.7705315746        5.0446844209       -0.2094218116
 C          4.8746173527        6.0218963121        0.1973372113
 C          3.5178333607        5.7684918001        0.1437887099
 C          3.0520056767        4.5381769186       -0.2914630721
 C          3.9380424035        3.5369671753       -0.6723326814
 C          1.6644772713        1.8616564715        0.4151568721
 C          0.4287852046        1.3105189953        0.6704531942
 C          0.7592959820       -1.9454579309       -0.2630277471
 C          2.1150095142       -2.1794093333       -0.2066854452
 H          7.0677199625        2.1991809552        1.9530942652
 H          4.6225314755        2.2386705781        2.3111836995
 H          3.2816622475        0.2287149849        1.8785755297
 H          8.1399323256        0.1130624679        1.1289678778
 H          7.9850024337       -4.1764698987       -0.4136449036
 H          6.7754391019       -6.2779618330       -0.9556513055
 H          4.3463430895       -6.4293618466       -0.5008624146
 H          3.1459539236       -4.5054955280        0.4309805251
 H          2.5782652669       -1.8251014523        3.1218714841
 H          0.1396055454       -1.4485465741        3.0203341741
 H         -4.5732978029       -2.9576561537        2.1057378031
 H         -6.8780023639       -2.1982280812        1.5910642871
 H         -6.2753696278        1.5728287949        1.6710714634
 H         -7.1871899281        3.6790160395        2.5344487740
 H         -9.4893246799        4.3732473310        1.9466139859
 H        -10.8719497639        2.9029056787        0.4975340426
 H        -11.5208144744       -0.8977656550       -1.9675918606
 H        -10.7352386081       -3.0406328843       -2.9494668358
 H         -8.4126254418       -3.7875080317       -2.5312572460
 H         -6.9148222661       -2.4362241242       -1.1354273999
 H         -5.2941184905        0.9974898267       -0.7796402520
 H         -0.5314248707        0.5997011587       -2.4892317783
 H          1.7003689146        1.5510886722       -2.9495314508
 H          3.0604887489       -0.2359493960       -1.8697250963
 H          4.7723002820       -1.8697520766       -2.5218768296
 H          7.1607820346       -1.2340705470       -2.5127505730
 H          7.8021926089        1.0638995601       -1.8137305912
 H          6.8347043034        5.2179607152       -0.1975785755
 H          5.2419224282        6.9758416956        0.5412825557
 H          2.8091232779        6.5273477987        0.4374881919
 H          1.9904740503        4.3521338148       -0.3426247773
 H          2.2689677656        2.2483741274        1.2213890318
 H          0.0678282125        1.2509887080        1.6865691878
 H          0.2468086418       -1.9884191929       -1.2126438114
 H          2.6671192365       -2.4200574264       -1.1023577134
