 
        ______________________________________
       |                                      |
       |          ===================         |
       |             xTB for sTDA             |
       |          ===================         |
       |               S. Grimme              |
       |        Universitaet Bonn, MCTC       |
       |         2015-19, Version 1.0         |
       |     Wed Apr  3 09:14:55 CEST 2019    |
       |______________________________________|
 
        This code comes without any warranty
        for non-commercial, academia use only.
        Preliminary test version.
        Cite this work as:
        S. Grimme  &  C. Bannwarth, JCP 145 (2016) 054103
        if GBSA is used additionally:
        P. Shushkov, F. März, C. Bannwarth, S. Grimme, unpublished.
 
        with help from
        P. Shushkov, G. Brandenburg, S. Dohm, J. Pisarek,
        F. März, M. Checinski, S. Ehrlich, S. Spicher, 
        P. Pracht, E. Caldeweyher, S. Ehlert, and C. Bannwarth.
 
        usage        :
        xtb4stda <coord_file> [options]
        where <coord_file> is a valid file of TM)
        (*coord, Bohr) or xmol (*xyz, Angstroem)
        format.

        options:
        -chrg <int>   : molecular charge
        -uhf  <int>   : # of unpaired electrons(=2*S)
        -nox          : skip second, extended part in sTDA-xTB
        -pop          : do population analysis
                      : (default for -nox)
        -mowr <real>  : cut MO write above (def.3 Eh)
        -molden       : write formatted molden file
        -parx <file>  : read parameters for sTDA-xTB
                        calc (def:~/.param_stda2.xtb)
        -parv <file>  : read parameters for vTB part in
                        sTDA-xTB (def: ~/.param_stda1.xtb)
        -xtemp <real> : el. temp for xTB (def. 0 K)
        -etemp <real> : el. temp for GFN (def. 300 K)
        -fod          : calculate the FOD and write
                        molden.input file with
                        appropriate occupations
                        for plotting. Def. T=12500 K
 
        -acc <real>   : xTB accuracy (def. 1.0)
        -gbsa [string1] [string2]
                        use GBSA implicit solvent
                        for solvent [string1] and
                        solvation state [string2]=
                        reference, bar1M (default=1M)
        additional GFN/opt/MD/siman options read from
        $XTB4STDAHOME/.xtb4stdarc or $set in input
 
       spin and charge state information can be on:
       <.CHRG> (charge) and <.UHF> (=nalpha-nbeta)
       -uhf and -chrg override the file info.
       useful machine settings:
       setenv MKL_NUM_THREADS <NCORE_ON_YOUR_MACHINE>
       setenv OMP_STACKSIZE 500m
       limit stacksize unlimited
 
       total energies in Eh, gaps/HL energies in eV
       please read REVISION and HOWTO files carefully
 =============================
  # OMP threads =          48
 =============================
 
 xtb4stdahome directory:/home/penavora/Exe_xtb_crest/
 
 
 name of molecule           :
 comment line               :
 number of atoms            :    74
 number of electrons        :   216
 charge                     :  0
 spin                       : 0.0
 first test random number   :  0.6845
 
 -----------------------------------------
      charge density (VTB) calculation
 -----------------------------------------
 
      method parameters     
 k(s)        :  1.8000
 k(p)        :  2.8350
 k(d)        :  2.0860
 k(f)        :  2.0000
 Tscal       :  0.3300
 Gscal       :  0.3910
 fpol        :  1.0000
 Zcnf        :  0.6500
 Zqf         :  0.0000
 kcn         :  0.3000
 kEN1        : -0.5900
 wllscal     :  2.6000
 
     -------------------------
     ! NO SOLVENT MODEL USED !
     -------------------------
 
 doing EN charges ...
 sum q : -0.2109424D-14
 point charge moment (au)
     X       Y       Z   
  -0.5450   0.0963   0.0872  total (Debye):    1.424
 
            Z      q(EN)   CN      Cart. coordinates
     1  N   5.0  -0.219   1.023    19.84216    -2.05689    -1.30559
     2  C   4.0   0.243   2.112    17.73443    -1.63788    -1.02708
     3  C   4.0  -0.025   3.169    15.13744    -1.12056    -0.68366
     4  C   4.0  -0.074   3.187    13.54099    -0.93620    -2.77516
     5  C   4.0  -0.072   3.187    11.00828    -0.42419    -2.42797
     6  C   4.0  -0.005   3.240    10.02296    -0.09668    -0.00716
     7  C   4.0  -0.003   3.286     7.31002     0.45131     0.35251
     8  C   4.0  -0.004   3.280     5.74007    -1.36056     1.48187
     9  C   4.0  -0.072   3.183     6.66784    -3.76556     2.22735
    10  C   4.0  -0.072   3.136     5.13834    -5.49287     3.36258
    11  C   4.0  -0.072   3.136     2.58316    -4.91544     3.83673
    12  C   4.0  -0.073   3.184     1.60974    -2.64759     3.11472
    13  C   4.0  -0.004   3.280     3.12381    -0.81148     1.87448
    14  C   4.0  -0.003   3.287     2.13081     1.51204     1.06821
    15  C   4.0  -0.005   3.245    -0.56889     2.07474     1.48652
    16  C   4.0  -0.073   3.193    -1.27702     4.00831     3.13053
    17  C   4.0  -0.067   3.157    -3.79380     4.53103     3.61418
    18  C   4.0  -0.004   3.340    -5.62972     3.08545     2.43352
    19  C   4.0   0.003   3.412    -4.92057     1.14978     0.76750
    20  C   4.0  -0.066   3.206    -2.42068     0.63598     0.27937
    21  C   4.0  -0.055   4.350    -7.21859    -0.20674    -0.23529
    22  C   4.0   0.002   3.413    -7.17651    -2.99609     0.36564
    23  C   4.0  -0.066   3.160    -6.98892    -4.14080     2.69577
    24  C   4.0  -0.073   3.151    -6.95731    -6.76240     2.79881
    25  C   4.0  -0.073   3.148    -7.11097    -8.19282     0.60844
    26  C   4.0  -0.069   3.158    -7.29670    -7.04582    -1.73841
    27  C   4.0  -0.004   3.340    -7.32590    -4.43124    -1.85657
    28  C   4.0  -0.004   3.340    -7.48292    -2.71068    -3.99466
    29  C   4.0  -0.069   3.158    -7.67443    -3.16277    -6.56552
    30  C   4.0  -0.073   3.148    -7.79392    -1.11461    -8.19298
    31  C   4.0  -0.073   3.150    -7.72236     1.33956    -7.27687
    32  C   4.0  -0.066   3.160    -7.53135     1.80775    -4.70211
    33  C   4.0   0.002   3.408    -7.41365    -0.22422    -3.07969
    34  C   4.0   0.002   3.410    -9.33671     1.21161     1.04410
    35  C   4.0  -0.066   3.160   -11.90062     0.81409     0.83847
    36  C   4.0  -0.073   3.150   -13.51752     2.36553     2.20373
    37  C   4.0  -0.073   3.148   -12.57444     4.26944     3.73808
    38  C   4.0  -0.069   3.158    -9.99613     4.67392     3.95007
    39  C   4.0  -0.004   3.340    -8.37144     3.13407     2.59326
    40  C   4.0  -0.004   3.280     3.69306     3.30003    -0.10988
    41  C   4.0  -0.073   3.183     2.72803     5.62715    -1.03297
    42  C   4.0  -0.072   3.136     4.26973     7.37500    -2.11919
    43  C   4.0  -0.072   3.136     6.88153     6.90775    -2.34143
    44  C   4.0  -0.072   3.183     7.87341     4.67758    -1.53254
    45  C   4.0  -0.004   3.280     6.32348     2.77996    -0.43825
    46  C   4.0  -0.072   3.187    11.63022    -0.29001     2.07069
    47  C   4.0  -0.074   3.187    14.16790    -0.79287     1.74732
    48  H   1.0   0.075   1.005    14.30205    -1.19605    -4.65135
    49  H   1.0   0.075   1.005     9.76259    -0.28538    -4.03941
    50  H   1.0   0.076   1.007     8.62646    -4.21321     1.86790
    51  H   1.0   0.074   1.004     5.87354    -7.31466     3.91606
    52  H   1.0   0.074   1.004     1.40146    -6.29186     4.77163
    53  H   1.0   0.076   1.007    -0.35007    -2.21577     3.48126
    54  H   1.0   0.075   1.005     0.18281     5.09240     4.06063
    55  H   1.0   0.075   1.004    -4.30885     6.02680     4.90322
    56  H   1.0   0.076   1.006    -1.88566    -0.85382    -1.01124
    57  H   1.0   0.075   1.005    -6.87113    -3.02397     4.40149
    58  H   1.0   0.074   1.004    -6.81210    -7.69852     4.60685
    59  H   1.0   0.074   1.004    -7.08410   -10.23025     0.73542
    60  H   1.0   0.074   1.004    -7.41286    -8.16906    -3.43827
    61  H   1.0   0.074   1.004    -7.73197    -5.07033    -7.28856
    62  H   1.0   0.074   1.004    -7.94613    -1.43216   -10.20394
    63  H   1.0   0.074   1.004    -7.81857     2.90608    -8.58176
    64  H   1.0   0.075   1.005    -7.47953     3.71941    -3.98670
    65  H   1.0   0.075   1.005   -12.63361    -0.66942    -0.35738
    66  H   1.0   0.074   1.004   -15.53473     2.08602     2.06871
    67  H   1.0   0.074   1.004   -13.86983     5.45251     4.78214
    68  H   1.0   0.074   1.004    -9.27073     6.15865     5.14779
    69  H   1.0   0.076   1.007     0.72647     5.98520    -0.86452
    70  H   1.0   0.074   1.004     3.50635     9.13591    -2.81332
    71  H   1.0   0.074   1.004     8.08667     8.33157    -3.16974
    72  H   1.0   0.076   1.007     9.87551     4.32396    -1.71151
    73  H   1.0   0.075   1.005    10.87051    -0.02885     3.94750
    74  H   1.0   0.075   1.005    15.41380    -0.93494     3.35800
 
  Z AO/shell   Hii/eV     exponent
  1     Sat Feb 20 21:38:01 CET 2016    EN: 2.327 GAM: 0.473  GM3: 0.0000
     1s    -13.751157    1.051071
  6     Sat Feb 20 21:38:01 CET 2016    EN: 2.731 GAM: 0.422  GM3: 0.0000
     2s    -19.378245    2.021003
     2p    -11.993376    1.497917
  7     Sat Feb 20 21:38:01 CET 2016    EN: 3.573 GAM: 0.504  GM3: 0.0000
     2s    -21.576984    2.275442
     2p    -16.125120    2.056788
 
 dipole moment of classical point charges (au)
     X       Y       Z   
  -0.5450   0.0963   0.0872  total (Debye):    1.424

 
 Nbf   :          215
 T(el) :   300.0
 calculating S/T integrals ...
 cpu time for ints    1.88647200000000     
 Nao   :          215
 making H0...
 making H1...
 cpu time for H      0.109684000000000     
 solving ...
 cpu time for diag   0.969032000000000     
 
 gap (eV)           :   4.288
 Koopmans IP (eV)   :  13.088
 Eel (Eh)           :  -170.392825
 T,E(Fermi),NFOD :    300.000   -10.944  0.000000
 T,E(Fermi),NFOD :    300.000   -10.944  0.000000
 Nfod               :  0.0000
 Nfod/Nel           :  0.0000

          eigenvalues
 #    :          96         97         98         99        100        101        102        103
 occ. :        2.000      2.000      2.000      2.000      2.000      2.000      2.000      2.000
 eps  :       -16.556    -16.356    -15.759    -15.683    -15.584    -15.356    -15.332    -15.327
 #    :         104        105        106        107        108        109        110        111
 occ. :        2.000      2.000      2.000      2.000      2.000      0.000      0.000      0.000
 eps  :       -15.302    -15.144    -14.329    -14.079    -13.089     -8.801     -7.312     -7.302
 #    :         112        113        114        115        116        117        118        119
 occ. :        0.000      0.000      0.000      0.000      0.000      0.000      0.000      0.000
 eps  :        -7.238     -6.855     -6.083     -5.922     -5.874     -5.731     -5.500     -5.430
                            1  SCC done.
 making H1...
 cpu time for H       1.06201500000000     
 solving ...
 cpu time for diag   0.442908999999999     
 
 gap (eV)           :   4.289
 Koopmans IP (eV)   :  13.052
 Eel (Eh)           :  -170.044651
 T,E(Fermi),NFOD :    300.000   -10.907  0.000000
 T,E(Fermi),NFOD :    300.000   -10.907  0.000000
 Nfod               :  0.0000
 Nfod/Nel           :  0.0000

          eigenvalues
 #    :          96         97         98         99        100        101        102        103
 occ. :        2.000      2.000      2.000      2.000      2.000      2.000      2.000      2.000
 eps  :       -16.469    -16.282    -15.813    -15.669    -15.558    -15.334    -15.264    -15.240
 #    :         104        105        106        107        108        109        110        111
 occ. :        2.000      2.000      2.000      2.000      2.000      0.000      0.000      0.000
 eps  :       -15.217    -15.124    -14.242    -13.989    -13.053     -8.764     -7.244     -7.217
 #    :         112        113        114        115        116        117        118        119
 occ. :        0.000      0.000      0.000      0.000      0.000      0.000      0.000      0.000
 eps  :        -7.156     -6.841     -6.062     -5.895     -5.801     -5.684     -5.558     -5.410
                            2  SCC done.
 
 
 Mulliken/CM5 charges    n(s)   n(p)   n(d)   
    1 N  -0.2195 -0.3455   1.643  3.577  0.000
    2 C   0.1018  0.2205   1.176  2.722  0.000
    3 C   0.0096  0.0058   1.137  2.854  0.000
    4 C  -0.0216 -0.0741   1.144  2.878  0.000
    5 C  -0.0262 -0.0802   1.141  2.885  0.000
    6 C   0.0123  0.0020   1.173  2.815  0.000
    7 C  -0.0162 -0.0199   1.177  2.839  0.000
    8 C  -0.0025 -0.0067   1.170  2.833  0.000
    9 C  -0.0427 -0.0959   1.142  2.901  0.000
   10 C  -0.0330 -0.0894   1.136  2.897  0.000
   11 C  -0.0345 -0.0908   1.136  2.899  0.000
   12 C  -0.0381 -0.0915   1.142  2.896  0.000
   13 C  -0.0018 -0.0061   1.170  2.832  0.000
   14 C  -0.0077 -0.0114   1.178  2.829  0.000
   15 C   0.0027 -0.0074   1.169  2.828  0.000
   16 C  -0.0380 -0.0920   1.142  2.896  0.000
   17 C  -0.0342 -0.0873   1.139  2.896  0.000
   18 C  -0.0147 -0.0194   1.171  2.843  0.000
   19 C  -0.0109 -0.0155   1.193  2.817  0.000
   20 C  -0.0358 -0.0866   1.145  2.891  0.000
   21 C   0.0091  0.0068   1.207  2.784  0.000
   22 C  -0.0115 -0.0161   1.193  2.819  0.000
   23 C  -0.0337 -0.0865   1.139  2.895  0.000
   24 C  -0.0350 -0.0912   1.136  2.899  0.000
   25 C  -0.0353 -0.0915   1.135  2.900  0.000
   26 C  -0.0350 -0.0881   1.138  2.897  0.000
   27 C  -0.0135 -0.0181   1.172  2.842  0.000
   28 C  -0.0134 -0.0181   1.172  2.842  0.000
   29 C  -0.0350 -0.0881   1.138  2.897  0.000
   30 C  -0.0350 -0.0912   1.135  2.900  0.000
   31 C  -0.0344 -0.0906   1.136  2.898  0.000
   32 C  -0.0331 -0.0859   1.139  2.894  0.000
   33 C  -0.0110 -0.0156   1.192  2.819  0.000
   34 C  -0.0106 -0.0152   1.193  2.818  0.000
   35 C  -0.0328 -0.0856   1.139  2.894  0.000
   36 C  -0.0342 -0.0903   1.136  2.898  0.000
   37 C  -0.0351 -0.0913   1.135  2.900  0.000
   38 C  -0.0352 -0.0883   1.138  2.897  0.000
   39 C  -0.0131 -0.0177   1.171  2.842  0.000
   40 C  -0.0022 -0.0065   1.170  2.832  0.000
   41 C  -0.0383 -0.0917   1.142  2.896  0.000
   42 C  -0.0348 -0.0911   1.136  2.899  0.000
   43 C  -0.0331 -0.0895   1.136  2.897  0.000
   44 C  -0.0425 -0.0957   1.142  2.901  0.000
   45 C  -0.0025 -0.0068   1.170  2.833  0.000
   46 C  -0.0264 -0.0803   1.141  2.885  0.000
   47 C  -0.0216 -0.0742   1.144  2.878  0.000
   48 H   0.0484  0.1063   0.952  0.000  0.000
   49 H   0.0430  0.1012   0.957  0.000  0.000
   50 H   0.0409  0.1013   0.959  0.000  0.000
   51 H   0.0410  0.0975   0.959  0.000  0.000
   52 H   0.0413  0.0978   0.959  0.000  0.000
   53 H   0.0441  0.1051   0.956  0.000  0.000
   54 H   0.0421  0.1004   0.958  0.000  0.000
   55 H   0.0428  0.1000   0.957  0.000  0.000
   56 H   0.0418  0.1015   0.958  0.000  0.000
   57 H   0.0402  0.0981   0.960  0.000  0.000
   58 H   0.0408  0.0974   0.959  0.000  0.000
   59 H   0.0409  0.0974   0.959  0.000  0.000
   60 H   0.0400  0.0972   0.960  0.000  0.000
   61 H   0.0399  0.0971   0.960  0.000  0.000
   62 H   0.0410  0.0975   0.959  0.000  0.000
   63 H   0.0411  0.0976   0.959  0.000  0.000
   64 H   0.0403  0.0981   0.960  0.000  0.000
   65 H   0.0407  0.0986   0.959  0.000  0.000
   66 H   0.0412  0.0977   0.959  0.000  0.000
   67 H   0.0410  0.0976   0.959  0.000  0.000
   68 H   0.0398  0.0970   0.960  0.000  0.000
   69 H   0.0431  0.1036   0.957  0.000  0.000
   70 H   0.0412  0.0977   0.959  0.000  0.000
   71 H   0.0412  0.0977   0.959  0.000  0.000
   72 H   0.0410  0.1015   0.959  0.000  0.000
   73 H   0.0429  0.1011   0.957  0.000  0.000
   74 H   0.0484  0.1062   0.952  0.000  0.000
 Hirshfeld charges for QMDFF written to <charges>
 
 Loewdin charges    n(s)   n(p)   n(d)
    1 N  -0.2063   1.604  3.603  0.000
    2 C   0.0940   1.142  2.764  0.000
    3 C   0.0096   1.092  2.898  0.000
    4 C  -0.0134   1.089  2.924  0.000
    5 C  -0.0219   1.088  2.934  0.000
    6 C   0.0202   1.129  2.851  0.000
    7 C  -0.0158   1.136  2.880  0.000
    8 C   0.0002   1.127  2.873  0.000
    9 C  -0.0380   1.089  2.949  0.000
   10 C  -0.0253   1.081  2.944  0.000
   11 C  -0.0267   1.081  2.946  0.000
   12 C  -0.0336   1.089  2.944  0.000
   13 C   0.0007   1.128  2.872  0.000
   14 C  -0.0070   1.137  2.870  0.000
   15 C   0.0093   1.125  2.866  0.000
   16 C  -0.0330   1.089  2.945  0.000
   17 C  -0.0288   1.085  2.944  0.000
   18 C  -0.0121   1.129  2.883  0.000
   19 C  -0.0083   1.153  2.855  0.000
   20 C  -0.0337   1.093  2.941  0.000
   21 C   0.0139   1.166  2.820  0.000
   22 C  -0.0092   1.153  2.856  0.000
   23 C  -0.0288   1.085  2.944  0.000
   24 C  -0.0273   1.082  2.946  0.000
   25 C  -0.0276   1.081  2.947  0.000
   26 C  -0.0302   1.085  2.945  0.000
   27 C  -0.0107   1.129  2.881  0.000
   28 C  -0.0107   1.129  2.881  0.000
   29 C  -0.0301   1.085  2.945  0.000
   30 C  -0.0273   1.081  2.947  0.000
   31 C  -0.0267   1.082  2.945  0.000
   32 C  -0.0282   1.085  2.943  0.000
   33 C  -0.0088   1.152  2.857  0.000
   34 C  -0.0084   1.153  2.856  0.000
   35 C  -0.0279   1.085  2.943  0.000
   36 C  -0.0265   1.082  2.945  0.000
   37 C  -0.0273   1.081  2.947  0.000
   38 C  -0.0303   1.085  2.945  0.000
   39 C  -0.0101   1.129  2.881  0.000
   40 C   0.0003   1.127  2.873  0.000
   41 C  -0.0336   1.089  2.945  0.000
   42 C  -0.0270   1.081  2.946  0.000
   43 C  -0.0254   1.081  2.944  0.000
   44 C  -0.0378   1.089  2.949  0.000
   45 C   0.0001   1.127  2.873  0.000
   46 C  -0.0221   1.088  2.934  0.000
   47 C  -0.0135   1.089  2.924  0.000
   48 H   0.0388   0.961  0.000  0.000
   49 H   0.0344   0.966  0.000  0.000
   50 H   0.0330   0.967  0.000  0.000
   51 H   0.0333   0.967  0.000  0.000
   52 H   0.0335   0.966  0.000  0.000
   53 H   0.0359   0.964  0.000  0.000
   54 H   0.0341   0.966  0.000  0.000
   55 H   0.0347   0.965  0.000  0.000
   56 H   0.0332   0.967  0.000  0.000
   57 H   0.0320   0.968  0.000  0.000
   58 H   0.0332   0.967  0.000  0.000
   59 H   0.0333   0.967  0.000  0.000
   60 H   0.0321   0.968  0.000  0.000
   61 H   0.0321   0.968  0.000  0.000
   62 H   0.0333   0.967  0.000  0.000
   63 H   0.0334   0.967  0.000  0.000
   64 H   0.0320   0.968  0.000  0.000
   65 H   0.0324   0.968  0.000  0.000
   66 H   0.0335   0.967  0.000  0.000
   67 H   0.0334   0.967  0.000  0.000
   68 H   0.0319   0.968  0.000  0.000
   69 H   0.0349   0.965  0.000  0.000
   70 H   0.0334   0.967  0.000  0.000
   71 H   0.0334   0.967  0.000  0.000
   72 H   0.0332   0.967  0.000  0.000
   73 H   0.0343   0.966  0.000  0.000
   74 H   0.0388   0.961  0.000  0.000
 
 Wiberg/Mayer (AO) data. WBOs > 0.1 written file <wbo>
 largest (>0.05) Wiberg bond orders for each atom
           total WBO             WBO to atom ...
     1  N   3.047    C    2 2.823    C    3 0.075    C   47 0.068    C    4 0.068
     2  C   3.938    N    1 2.823    C    3 1.058
     3  C   3.964    C    4 1.338    C   47 1.338    C    2 1.058    C    6 0.099    N    1 0.075
     4  C   3.969    C    5 1.457    C    3 1.338    H   48 0.945    C   46 0.101    N    1 0.068
     5  C   3.970    C    4 1.457    C    6 1.370    H   49 0.945    C   47 0.101
     6  C   3.927    C   46 1.370    C    5 1.370    C    7 0.976    C    3 0.099
     7  C   3.948    C   45 1.309    C    8 1.308    C    6 0.976    C   14 0.124    C   43 0.051    C   10 0.051
     8  C   3.952    C    7 1.308    C    9 1.217    C   13 1.176
     9  C   3.963    C   10 1.596    C    8 1.217    H   50 0.941    C   12 0.117
    10  C   3.962    C    9 1.596    C   11 1.266    H   51 0.945    C    7 0.051
    11  C   3.961    C   12 1.595    C   10 1.266    H   52 0.945    C   14 0.050
    12  C   3.963    C   11 1.595    C   13 1.217    H   53 0.940    C    9 0.117
    13  C   3.951    C   14 1.306    C   12 1.217    C    8 1.176
    14  C   3.946    C   40 1.307    C   13 1.306    C   15 0.979    C    7 0.124    C   42 0.051    C   11 0.050
    15  C   3.932    C   16 1.379    C   20 1.356    C   14 0.979    C   18 0.097
    16  C   3.966    C   17 1.438    C   15 1.379    H   54 0.944    C   19 0.100
    17  C   3.956    C   16 1.438    C   18 1.375    H   55 0.943    C   20 0.095
    18  C   3.951    C   17 1.375    C   19 1.301    C   39 1.039    C   15 0.097
    19  C   3.941    C   20 1.440    C   18 1.301    C   21 0.925    C   16 0.100
    20  C   3.965    C   19 1.440    C   15 1.356    H   56 0.944    C   17 0.095
    21  C   3.930    C   33 0.928    C   34 0.927    C   22 0.926    C   19 0.925
    22  C   3.944    C   23 1.432    C   27 1.308    C   21 0.926    C   25 0.105
    23  C   3.971    C   22 1.432    C   24 1.410    H   57 0.946    C   26 0.101
    24  C   3.954    C   25 1.432    C   23 1.410    H   58 0.946    C   27 0.101
    25  C   3.971    C   24 1.432    C   26 1.431    H   59 0.945    C   22 0.105
    26  C   3.960    C   25 1.431    C   27 1.380    H   60 0.945    C   23 0.101
    27  C   3.955    C   26 1.380    C   22 1.308    C   28 1.036    C   24 0.101
    28  C   3.955    C   29 1.381    C   33 1.307    C   27 1.036    C   31 0.101
    29  C   3.960    C   30 1.431    C   28 1.381    H   61 0.945    C   32 0.100
    30  C   3.971    C   31 1.433    C   29 1.431    H   62 0.945    C   33 0.105
    31  C   3.954    C   30 1.433    C   32 1.410    H   63 0.946    C   28 0.101
    32  C   3.971    C   33 1.433    C   31 1.410    H   64 0.946    C   29 0.100
    33  C   3.944    C   32 1.433    C   28 1.307    C   21 0.928    C   30 0.105
    34  C   3.942    C   35 1.433    C   39 1.306    C   21 0.927    C   37 0.105
    35  C   3.971    C   34 1.433    C   36 1.409    H   65 0.946    C   38 0.100
    36  C   3.952    C   37 1.432    C   35 1.409    H   66 0.946    C   39 0.101
    37  C   3.971    C   36 1.432    C   38 1.431    H   67 0.945    C   34 0.105
    38  C   3.958    C   37 1.431    C   39 1.379    H   68 0.945    C   35 0.100
    39  C   3.953    C   38 1.379    C   34 1.306    C   18 1.039    C   36 0.101
    40  C   3.952    C   14 1.307    C   41 1.217    C   45 1.176
    41  C   3.963    C   42 1.596    C   40 1.217    H   69 0.940    C   44 0.117
    42  C   3.961    C   41 1.596    C   43 1.266    H   70 0.945    C   14 0.051
    43  C   3.962    C   44 1.596    C   42 1.266    H   71 0.945    C    7 0.051
    44  C   3.963    C   43 1.596    C   45 1.217    H   72 0.941    C   41 0.117
    45  C   3.952    C    7 1.309    C   44 1.217    C   40 1.176
    46  C   3.970    C   47 1.457    C    6 1.370    H   73 0.945    C    4 0.101
    47  C   3.969    C   46 1.457    C    3 1.338    H   74 0.945    C    5 0.101    N    1 0.068
    48  H   0.996    C    4 0.945
    49  H   0.995    C    5 0.945
    50  H   0.996    C    9 0.941
    51  H   0.995    C   10 0.945
    52  H   0.996    C   11 0.945
    53  H   0.996    C   12 0.940
    54  H   0.994    C   16 0.944
    55  H   0.994    C   17 0.943
    56  H   0.997    C   20 0.944
    57  H   0.997    C   23 0.946
    58  H   0.997    C   24 0.946
    59  H   0.994    C   25 0.945
    60  H   0.997    C   26 0.945
    61  H   0.997    C   29 0.945
    62  H   0.994    C   30 0.945
    63  H   0.997    C   31 0.946
    64  H   0.997    C   32 0.946
    65  H   0.997    C   35 0.946
    66  H   0.997    C   36 0.946
    67  H   0.994    C   37 0.945
    68  H   0.997    C   38 0.945
    69  H   0.996    C   41 0.940
    70  H   0.996    C   42 0.945
    71  H   0.996    C   43 0.945
    72  H   0.996    C   44 0.941
    73  H   0.995    C   46 0.945
    74  H   0.996    C   47 0.945
 
 --------------------------------------------
          xTB calculation for sTDA...
 --------------------------------------------
 
 reading parameter file /home/penavora/Exe_xtb_crest/.param_stda2.xtb
 
      method parameters     
 k(s)        :  1.6000
 k(p)        :  2.1800
 k(d)        :  1.9500
 k(f)        :  2.0000
 k(R-V)      :  2.2750
 k(R-R)      :  1.7650
 Tscal       :  0.2580
 Gscal       :  1.0000
 fpol        :  1.0000
 Zcnf        :  0.3430
 Zqf         :  0.0000
 kcn         :  2.7000
 Ryd Hsplit  :  0.7000
 lshift(virt):  3.1000
 lshift(OS)  :  0.2000
 wllscaling  :  2.6000
 
 mowrcut     : 3.000
 
  Z AO/shell   Hii/eV     exponent
  1     Sun Feb 14 09:53:25 CET 2016    EN: 2.327 GAM: 0.473  GM3: 0.0000
     1s    -14.339618    1.220000
     2sp    -3.348946    0.600000
  6     Sun Feb 14 09:53:25 CET 2016    EN: 2.731 GAM: 0.422  GM3: 0.0000
     2s    -22.009312    1.565095
     2p    -13.020408    1.596905
     3sp    -3.914040    0.824500
  7     Sun Feb 14 09:53:25 CET 2016    EN: 3.573 GAM: 0.504  GM3: 0.0000
     2s    -25.722000    2.064844
     2p    -18.684912    1.801692
     3sp    -4.344791    0.921400
 
 Nbf   :          511
 T(el) :     0.0
 calculating S/T integrals ...
 cpu time for ints    6.11490400000000     
 Nao   :          511
 making H0...
 making H1...
 cpu time for H      8.139999999999148E-003
 solving ...
 cpu time for diag   0.605955999999999     
 
 gap (eV)           :   6.304
 Koopmans IP (eV)   :  14.379
 Eel (Eh)           :  -186.700595

          eigenvalues
 #    :          96         97         98         99        100        101        102        103
 occ. :        2.000      2.000      2.000      2.000      2.000      2.000      2.000      2.000
 eps  :       -17.114    -17.018    -16.735    -16.488    -16.473    -16.371    -16.119    -16.101
 #    :         104        105        106        107        108        109        110        111
 occ. :        2.000      2.000      2.000      2.000      2.000      0.000      0.000      0.000
 eps  :       -16.079    -16.048    -15.341    -15.139    -14.380     -8.075     -7.033     -6.923
 #    :         112        113        114        115        116        117        118        119
 occ. :        0.000      0.000      0.000      0.000      0.000      0.000      0.000      0.000
 eps  :        -6.895     -6.287     -6.229     -6.014     -5.952     -5.908     -5.824     -5.643
                            1  SCC done.
 writing mo output ...
 molden style : F
 
speedup 18.30
cpu  time for all   12.40 s
wall time for all    0.68 s
