  50
 Etot=         -71.7263765629
 C         -9.2169260604       -0.8792494005       -0.4031075481
 C         -8.0303460639       -1.4746330567       -0.3692920989
 C         -6.7420332529       -0.8375927660       -0.1188124442
 C         -5.6167457316       -1.6404281263        0.0815485115
 C         -4.3786417631       -1.0850630640        0.3336752127
 C         -4.2214961453        0.2950359444        0.3772829906
 C         -2.8682556263        0.8931504745        0.6549372334
 O         -1.9154787474        0.2577194843       -0.1795191901
 C         -0.6066043480        0.6343957895       -0.0862809965
 C         -0.1074871028        1.6041888353        0.7715522546
 C          1.2476886707        1.9020990183        0.7733170470
 C          2.1359580007        1.2484425523       -0.0645301070
 C          3.6218514856        1.5668414288       -0.1307286893
 C          4.1066865966        2.4203255944        1.0511237308
 C          3.8533831082        2.3609166951       -1.4254420802
 C          4.4031158777        0.2622174042       -0.0854523275
 C          4.0735395831       -0.6797391676        0.8871232306
 C          4.7672701740       -1.8653549031        1.0091352357
 C          5.8260316783       -2.1409154489        0.1494606772
 O          6.4931541749       -3.3237818584        0.2945320343
 C          6.1681623629       -1.2110612066       -0.8212774303
 C          5.4633424416       -0.0239249557       -0.9327281498
 C          1.6213725977        0.2764057419       -0.9221482562
 C          0.2793511858       -0.0297326018       -0.9365937248
 C         -5.3315563925        1.1025611881        0.1651795504
 C         -6.5730224107        0.5467724780       -0.0744819637
 H        -10.1176220439       -1.4385903615       -0.5916627010
 H         -9.3443277554        0.1775062370       -0.2410996540
 H         -7.9776809079       -2.5459954137       -0.5236184778
 H         -5.7203114232       -2.7159912559        0.0464130836
 H         -3.5178069291       -1.7191824004        0.4865297109
 H         -2.6037131080        0.7315258293        1.7123639724
 H         -2.8840707152        1.9740516058        0.4598983340
 H         -0.7576982999        2.1402794376        1.4455833707
 H          1.5941264325        2.6634341774        1.4539580223
 H          3.8553485354        1.9514438474        1.9992170883
 H          3.6708245838        3.4159645775        1.0160178168
 H          5.1892654149        2.5216370086        0.9999875408
 H          3.6411696514        1.7508932661       -2.2999048775
 H          3.1864715260        3.2210726969       -1.4425528903
 H          4.8766214445        2.7246380430       -1.4810298227
 H          3.2491540456       -0.4834904207        1.5571931443
 H          4.5052661197       -2.5913868448        1.7634096169
 H          7.1981059636       -3.3792500645       -0.3641778154
 H          6.9901854367       -1.4149129614       -1.4953830915
 H          5.7590170604        0.6739994371       -1.6994939193
 H          2.2892674037       -0.2565083241       -1.5833025488
 H         -0.1144896125       -0.7839489481       -1.6007670193
 H         -5.2230124907        2.1778374566        0.1877075051
 H         -7.4166781088        1.1980478660       -0.2422210002
  50
 Etot=         -71.7264095839
 C         -9.2140330384       -0.8787018177       -0.4028804176
 C         -8.0279353952       -1.4741600111       -0.3679495567
 C         -6.7399817762       -0.8372825629       -0.1179654160
 C         -5.6146811248       -1.6397270488        0.0814608751
 C         -4.3764862563       -1.0844709501        0.3320572715
 C         -4.2195431011        0.2952918464        0.3761241359
 C         -2.8663404044        0.8928509424        0.6533314986
 O         -1.9142642781        0.2568803800       -0.1788152509
 C         -0.6075032528        0.6333699813       -0.0857186526
 C         -0.1082838233        1.6037261898        0.7715176513
 C          1.2468160158        1.9016317583        0.7735945187
 C          2.1346537288        1.2477351298       -0.0638506603
 C          3.6200185459        1.5657273480       -0.1305610509
 C          4.1052225155        2.4188996963        1.0504871636
 C          3.8524572426        2.3595578556       -1.4244331259
 C          4.4017234266        0.2623673173       -0.0856336875
 C          4.0719688363       -0.6792086959        0.8866419658
 C          4.7660596982       -1.8642070468        1.0086348054
 C          5.8248938511       -2.1398734394        0.1492194205
 O          6.4916511794       -3.3216003326        0.2949331329
 C          6.1662744373       -1.2100798711       -0.8218276705
 C          5.4614169302       -0.0230893648       -0.9330773406
 C          1.6207631938        0.2753403139       -0.9209272044
 C          0.2789785057       -0.0305153840       -0.9356264796
 C         -5.3298425050        1.1024160675        0.1651452420
 C         -6.5713924687        0.5467407387       -0.0733491551
 H        -10.1147638039       -1.4375202725       -0.5912794354
 H         -9.3412858333        0.1780083419       -0.2415849867
 H         -7.9755056197       -2.5452956638       -0.5226240101
 H         -5.7188041532       -2.7151189186        0.0461832072
 H         -3.5157449095       -1.7182119606        0.4836334399
 H         -2.6035837248        0.7327990982        1.7115833345
 H         -2.8829573023        1.9739346958        0.4583802724
 H         -0.7581287120        2.1403916439        1.4454017932
 H          1.5936800319        2.6633477745        1.4536881847
 H          3.8540948373        1.9491312036        1.9978054346
 H          3.6688245504        3.4142145841        1.0161786892
 H          5.1876534055        2.5205410339        0.9988782286
 H          3.6403229730        1.7489801313       -2.2981134923
 H          3.1854706955        3.2193908684       -1.4415155934
 H          4.8757097450        2.7231949113       -1.4802697076
 H          3.2471757913       -0.4827554432        1.5554443699
 H          4.5042035486       -2.5902084593        1.7620815983
 H          7.1963779572       -3.3788278319       -0.3629643596
 H          6.9887608287       -1.4129576749       -1.4958171291
 H          5.7574934637        0.6756031397       -1.6989757812
 H          2.2896290733       -0.2570776562       -1.5811636363
 H         -0.1145033017       -0.7838409604       -1.6000044597
 H         -5.2215949454        2.1777114065        0.1871886300
 H         -7.4154087621        1.1976175331       -0.2411285130
