  75
 Etot=        -110.0289025755
 C         -1.8701360806       -8.1670689596        0.8402879864
 C         -0.7805795512       -7.6545537482       -0.0948570046
 C         -0.5226454476       -6.1623076128        0.1002082966
 C          0.5767277896       -5.6422472430       -0.8357455048
 C          0.8018291062       -4.1754052698       -0.6163962919
 C          0.0564527623       -3.2316338532       -1.3142489831
 C          0.2254741095       -1.8799134671       -1.0853800398
 C          1.1456166816       -1.4505802267       -0.1357388895
 N          1.3114579676       -0.0725189397        0.1050965577
 C          0.3264955047        0.8404156654        0.3843833082
 C         -1.0702015817        0.4819010688        0.5843528969
 C         -1.3774046205       -0.6677506732        1.3129704126
 C         -2.6819622523       -1.0514992812        1.5325334302
 C         -3.7431893335       -0.2925273117        1.0349273544
 C         -5.1025074111       -0.6641084812        1.2474237009
 C         -6.1194585986        0.0913831552        0.7717590329
 C         -5.8676700748        1.2879696688        0.0380184085
 C         -6.9019427669        2.0836250182       -0.4588164006
 C         -6.6271556943        3.2392626944       -1.1674493081
 C         -5.3201542974        3.6275743715       -1.3986617585
 C         -4.2543014920        2.8626404650       -0.9203317285
 C         -2.8948468487        3.2285352783       -1.1407315574
 C         -1.8745336873        2.4766699003       -0.6651561199
 C         -2.1132684610        1.2860577781        0.0823206014
 C         -3.4568394082        0.8896639920        0.3074247412
 C         -4.5240386062        1.6784049067       -0.1912060133
 N          0.8287164500        2.0444128776        0.5131785349
 C          2.1737062806        1.9427189012        0.3162311406
 C          3.0137245035        3.1309787624        0.3484336857
 C          4.2107815680        3.2101236170       -0.3617249055
 C          4.9766919067        4.3599447839       -0.3117288565
 C          4.5585966565        5.4486451925        0.4365523444
 C          3.3597968110        5.3857240536        1.1291104456
 C          2.5919861999        4.2381019958        1.0850324651
 C          2.5012542560        0.6202769170        0.0650332356
 C          3.7851249729       -0.0234625480       -0.1857100231
 C          3.9589803751       -0.8848490816       -1.2675847551
 C          5.1813770432       -1.4938278817       -1.4849655012
 C          6.2432724382       -1.2532284730       -0.6289863889
 C          6.0798210923       -0.3944325071        0.4467688082
 C          4.8605156328        0.2163189095        0.6696363369
 C          1.8975999200       -2.3823707911        0.5699285664
 C          1.7233838340       -3.7310507517        0.3245063750
 H         -2.8060535554       -7.6417421812        0.6605776566
 H         -1.5856924044       -8.0125226089        1.8792781395
 H         -2.0381830799       -9.2306469971        0.6852176942
 H          0.1436048248       -8.2080821165        0.0882488972
 H         -1.0765471370       -7.8378715326       -1.1306069909
 H         -1.4441059272       -5.6054710241       -0.0859736257
 H         -0.2283128877       -5.9762208184        1.1358535170
 H          0.2784243252       -5.8223529484       -1.8703838588
 H          1.4992776754       -6.1935231944       -0.6438104131
 H         -0.6620188570       -3.5572942454       -2.0521272515
 H         -0.3517649061       -1.1516980019       -1.6367724828
 H         -0.5764157522       -1.2599846940        1.7313957034
 H         -2.8907168190       -1.9447965303        2.1034813392
 H         -5.2994890817       -1.5696170675        1.8039829642
 H         -7.1477328708       -0.1969422598        0.9390153351
 H         -7.9259295091        1.7862269650       -0.2824524439
 H         -7.4405032696        3.8434130574       -1.5434799969
 H         -5.1115826275        4.5314239222       -1.9533083472
 H         -2.6938693185        4.1299960635       -1.7025092982
 H         -0.8508128894        2.7766721083       -0.8253958475
 H          4.5357194911        2.3733880190       -0.9624145662
 H          5.9037196058        4.4084284712       -0.8653870944
 H          5.1613353169        6.3445294070        0.4737331204
 H          3.0234018088        6.2354066023        1.7061570092
 H          1.6539131742        4.1767439947        1.6160889572
 H          3.1374403631       -1.0673610611       -1.9456939914
 H          5.3044839319       -2.1576378178       -2.3283571762
 H          7.1965003301       -1.7311190127       -0.8003724554
 H          6.9048077378       -0.2023047133        1.1172956659
 H          4.7280204097        0.8844073320        1.5087225070
 H          2.6100139173       -2.0468543349        1.3093075974
 H          2.3125820803       -4.4486945674        0.8763522319
  75
 Etot=        -110.0289401395
 C         -1.8690474699       -8.1651717496        0.8396488497
 C         -0.7797632365       -7.6528515708       -0.0949980984
 C         -0.5220801705       -6.1610280980        0.1005979507
 C          0.5766201674       -5.6405593026       -0.8349160378
 C          0.8012672714       -4.1736935383       -0.6151998610
 C          0.0548508021       -3.2304208725       -1.3118155326
 C          0.2237937048       -1.8789052546       -1.0831435034
 C          1.1456148324       -1.4491060685       -0.1353975340
 N          1.3110827467       -0.0725762387        0.1046364977
 C          0.3258530085        0.8409148863        0.3828456330
 C         -1.0702738514        0.4814909834        0.5832307265
 C         -1.3769027616       -0.6693617787        1.3099340029
 C         -2.6813605002       -1.0521894952        1.5305560168
 C         -3.7424686764       -0.2928653786        1.0339422586
 C         -5.1015111644       -0.6639963151        1.2468558665
 C         -6.1183184402        0.0914573029        0.7713746694
 C         -5.8664659004        1.2876870369        0.0377386829
 C         -6.9005383206        2.0830192792       -0.4590612738
 C         -6.6256619792        3.2383255421       -1.1675781056
 C         -5.3188649344        3.6266372614       -1.3982490990
 C         -4.2531004061        2.8620921865       -0.9198948337
 C         -2.8937698787        3.2282992369       -1.1393615946
 C         -1.8734256791        2.4769047530       -0.6634528461
 C         -2.1130915463        1.2857290288        0.0820830696
 C         -3.4562094346        0.8892190798        0.3069095214
 C         -4.5231002589        1.6779450486       -0.1912756263
 N          0.8283194227        2.0442139899        0.5099628150
 C          2.1726925331        1.9424493303        0.3152016521
 C          3.0132765482        3.1297910381        0.3477874080
 C          4.2111376997        3.2075289506       -0.3605204087
 C          4.9763324782        4.3575108831       -0.3106863146
 C          4.5577676292        5.4462145476        0.4367928820
 C          3.3589233817        5.3833885346        1.1286754990
 C          2.5905750602        4.2365219361        1.0835181552
 C          2.5006479813        0.6197793956        0.0656384319
 C          3.7836937308       -0.0241764700       -0.1847006809
 C          3.9565738147       -0.8869534006       -1.2652974892
 C          5.1790097236       -1.4949850064       -1.4831959263
 C          6.2413174130       -1.2530490966       -0.6285491807
 C          6.0782914350       -0.3934379035        0.4462462449
 C          4.8593589437        0.2171951912        0.6693416797
 C          1.8988559810       -2.3808719345        0.5688860876
 C          1.7233772670       -3.7294175997        0.3246878755
 H         -2.8045526203       -7.6398055995        0.6598086592
 H         -1.5846847738       -8.0107227713        1.8783415242
 H         -2.0370367636       -9.2282714572        0.6843928921
 H          0.1443881962       -8.2060734135        0.0877764240
 H         -1.0752656974       -7.8356757387       -1.1307225439
 H         -1.4430510655       -5.6039296782       -0.0857440224
 H         -0.2272404299       -5.9749205577        1.1358387856
 H          0.2782117673       -5.8210118415       -1.8694716790
 H          1.4991547474       -6.1920451320       -0.6435349197
 H         -0.6632951374       -3.5570446247       -2.0496661889
 H         -0.3549456540       -1.1513565525       -1.6330624371
 H         -0.5761582069       -1.2619899950        1.7278915833
 H         -2.8905337866       -1.9451027476        2.1021225686
 H         -5.2985862887       -1.5694608540        1.8035808084
 H         -7.1466316867       -0.1965356082        0.9389766967
 H         -7.9244964189        1.7856926924       -0.2826976887
 H         -7.4389082500        3.8423685010       -1.5435124153
 H         -5.1105396680        4.5306019459       -1.9525398135
 H         -2.6934940524        4.1301612307       -1.7004415518
 H         -0.8498144041        2.7776503977       -0.8205996296
 H          4.5359760083        2.3712278146       -0.9614034199
 H          5.9032696995        4.4065374183       -0.8641383312
 H          5.1602653501        6.3421575568        0.4736116085
 H          3.0229593034        6.2331324111        1.7054733181
 H          1.6520469872        4.1753736128        1.6127970275
 H          3.1350691802       -1.0698178870       -1.9431786761
 H          5.3025065581       -2.1584699475       -2.3266668369
 H          7.1945500337       -1.7304789609       -0.8004143899
 H          6.9038537356       -0.2008154270        1.1156097676
 H          4.7278143707        0.8873057705        1.5064768824
 H          2.6133762170       -2.0456644044        1.3059449604
 H          2.3125755302       -4.4478034176        0.8757136386
