 
        ______________________________________
       |                                      |
       |          ===================         |
       |             xTB for sTDA             |
       |          ===================         |
       |               S. Grimme              |
       |        Universitaet Bonn, MCTC       |
       |         2015-19, Version 1.0         |
       |     Wed Apr  3 09:14:55 CEST 2019    |
       |______________________________________|
 
        This code comes without any warranty
        for non-commercial, academia use only.
        Preliminary test version.
        Cite this work as:
        S. Grimme  &  C. Bannwarth, JCP 145 (2016) 054103
        if GBSA is used additionally:
        P. Shushkov, F. März, C. Bannwarth, S. Grimme, unpublished.
 
        with help from
        P. Shushkov, G. Brandenburg, S. Dohm, J. Pisarek,
        F. März, M. Checinski, S. Ehrlich, S. Spicher, 
        P. Pracht, E. Caldeweyher, S. Ehlert, and C. Bannwarth.
 
        usage        :
        xtb4stda <coord_file> [options]
        where <coord_file> is a valid file of TM)
        (*coord, Bohr) or xmol (*xyz, Angstroem)
        format.

        options:
        -chrg <int>   : molecular charge
        -uhf  <int>   : # of unpaired electrons(=2*S)
        -nox          : skip second, extended part in sTDA-xTB
        -pop          : do population analysis
                      : (default for -nox)
        -mowr <real>  : cut MO write above (def.3 Eh)
        -molden       : write formatted molden file
        -parx <file>  : read parameters for sTDA-xTB
                        calc (def:~/.param_stda2.xtb)
        -parv <file>  : read parameters for vTB part in
                        sTDA-xTB (def: ~/.param_stda1.xtb)
        -xtemp <real> : el. temp for xTB (def. 0 K)
        -etemp <real> : el. temp for GFN (def. 300 K)
        -fod          : calculate the FOD and write
                        molden.input file with
                        appropriate occupations
                        for plotting. Def. T=12500 K
 
        -acc <real>   : xTB accuracy (def. 1.0)
        -gbsa [string1] [string2]
                        use GBSA implicit solvent
                        for solvent [string1] and
                        solvation state [string2]=
                        reference, bar1M (default=1M)
        additional GFN/opt/MD/siman options read from
        $XTB4STDAHOME/.xtb4stdarc or $set in input
 
       spin and charge state information can be on:
       <.CHRG> (charge) and <.UHF> (=nalpha-nbeta)
       -uhf and -chrg override the file info.
       useful machine settings:
       setenv MKL_NUM_THREADS <NCORE_ON_YOUR_MACHINE>
       setenv OMP_STACKSIZE 500m
       limit stacksize unlimited
 
       total energies in Eh, gaps/HL energies in eV
       please read REVISION and HOWTO files carefully
 =============================
  # OMP threads =          48
 =============================
 
 xtb4stdahome directory:/home/penavora/Exe_xtb_crest/
 
 argument            1 :--gbsa
 argument            2 :toluene
 
 name of molecule           :
 comment line               :
 number of atoms            :    59
 number of electrons        :   158
 charge                     :  0
 spin                       : 0.0
 first test random number   :  0.9983
 
 -----------------------------------------
      charge density (VTB) calculation
 -----------------------------------------
 
      method parameters     
 k(s)        :  1.8000
 k(p)        :  2.8350
 k(d)        :  2.0860
 k(f)        :  2.0000
 Tscal       :  0.3300
 Gscal       :  0.3910
 fpol        :  1.0000
 Zcnf        :  0.6500
 Zqf         :  0.0000
 kcn         :  0.3000
 kEN1        : -0.5900
 wllscal     :  2.6000
 
 Solvent             : toluene
 GBSA parameter file : /home/penavora/Exe_xtb_crest/.param_gbsa_toluene
 Gsolv ref. state (COSMO-RS): gsolv [1 M gas/solution]
 temperature (mdtemp)       :    298.150000000000     
 dielectric constant        :    7.00000000000000     
 rho                        :   0.867000000000000     
 mass                       :    92.1400000000000     
 surface tension            :    15.5689470637553     
 probe radius               :   0.641644990000000     
 vdW radii scaling          :    1.00000000000000     
 Gshift (Eh)                :   4.228772547061559E-003
 c1                         :    1.59772343000000     
 soset                      :   0.281999450000000     
 HB correction              :  F
 
 doing EN charges ...
 sum q : -0.1443290D-14
 point charge moment (au)
     X       Y       Z   
   0.3005   0.1506  -0.3303  total (Debye):    1.198
 
            Z      q(EN)   CN      Cart. coordinates
     1  BR  7.0   0.228   1.207     4.07188     8.23255     0.45207
     2  C   4.0  -0.332   4.015     1.37576     8.57378    -2.06726
     3  C   4.0  -0.181   4.130     2.26601     7.91659    -4.71296
     4  C   4.0  -0.169   4.077     3.31104     5.23704    -4.99593
     5  C   4.0  -0.167   4.065     1.41501     3.18186    -4.28162
     6  C   4.0  -0.162   4.062     2.48916     0.54796    -4.76810
     7  C   4.0  -0.164   4.121     0.74321    -1.61181    -3.95692
     8  C   4.0  -0.034   4.229     0.62556    -2.12845    -1.08609
     9  C   4.0  -0.166   4.137    -0.85527    -4.60149    -0.65634
    10  C   4.0  -0.163   4.064    -1.10981    -5.29999     2.13392
    11  C   4.0  -0.162   4.053    -2.75319    -7.64154     2.57355
    12  C   4.0  -0.168   4.073    -5.44235    -7.45613     1.52537
    13  C   4.0  -0.184   4.144    -6.96319    -5.26464     2.63081
    14  C   4.0  -0.330   4.016    -9.47176    -4.88975     1.29512
    15  BR  7.0   0.222   1.210    -8.96875    -3.71869    -2.18916
    16  C   4.0   0.001   3.419     3.22506    -2.22418     0.08364
    17  C   4.0  -0.090   3.281     5.20036    -3.82450    -0.48567
    18  C   4.0  -0.181   3.160     7.44194    -3.51431     0.83974
    19  BR  7.0   0.228   1.267    10.23138    -5.71084     0.08323
    20  C   4.0  -0.096   3.266     7.74412    -1.67342     2.67805
    21  C   4.0  -0.069   3.164     5.75131    -0.07488     3.24925
    22  C   4.0  -0.006   3.343     3.49406    -0.36079     1.95362
    23  C   4.0  -0.007   3.344     1.12442     1.01126     2.15302
    24  C   4.0  -0.072   3.168     0.41405     2.99007     3.71366
    25  C   4.0  -0.098   3.266    -2.01417     3.94897     3.50871
    26  C   4.0  -0.179   3.160    -3.67629     2.91478     1.76705
    27  BR  7.0   0.228   1.267    -7.04310     4.27439     1.54079
    28  C   4.0  -0.092   3.280    -3.00225     0.93657     0.18138
    29  C   4.0  -0.001   3.424    -0.57535     0.00425     0.37866
    30  H   1.0   0.075   1.029    -0.13606     7.33708    -1.42635
    31  H   1.0   0.074   1.028     0.76103    10.53525    -1.95405
    32  H   1.0   0.080   1.004     0.64033     8.15815    -5.96714
    33  H   1.0   0.079   1.005     3.71958     9.26412    -5.29609
    34  H   1.0   0.078   1.009     4.99749     5.03358    -3.81983
    35  H   1.0   0.081   1.003     3.89418     4.97805    -6.95955
    36  H   1.0   0.081   1.003    -0.32301     3.42795    -5.37107
    37  H   1.0   0.084   1.009     0.94875     3.35498    -2.28564
    38  H   1.0   0.082   1.005     4.30467     0.36915    -3.80250
    39  H   1.0   0.081   1.003     2.84625     0.35215    -6.79347
    40  H   1.0   0.082   1.004    -1.16883    -1.24086    -4.63655
    41  H   1.0   0.082   1.004     1.40250    -3.34267    -4.86574
    42  H   1.0   0.083   1.007    -2.71885    -4.35070    -1.49498
    43  H   1.0   0.083   1.004     0.09086    -6.13708    -1.65606
    44  H   1.0   0.081   1.004     0.76580    -5.67398     2.91335
    45  H   1.0   0.082   1.005    -1.88368    -3.70130     3.18229
    46  H   1.0   0.080   1.003    -2.84525    -7.99563     4.60616
    47  H   1.0   0.081   1.003    -1.83845    -9.27318     1.69958
    48  H   1.0   0.080   1.003    -6.42492    -9.22805     1.93119
    49  H   1.0   0.079   1.011    -5.35741    -7.26432    -0.52643
    50  H   1.0   0.081   1.008    -5.87865    -3.51579     2.50891
    51  H   1.0   0.081   1.003    -7.35758    -5.62553     4.62686
    52  H   1.0   0.074   1.027   -10.54565    -6.63984     1.15002
    53  H   1.0   0.074   1.028   -10.61285    -3.43487     2.20010
    54  H   1.0   0.075   1.009     5.03393    -5.26882    -1.91509
    55  H   1.0   0.074   1.008     9.52615    -1.49045     3.65288
    56  H   1.0   0.075   1.005     5.97476     1.37033     4.66942
    57  H   1.0   0.075   1.005     1.71788     3.79143     5.05946
    58  H   1.0   0.074   1.009    -2.61456     5.49391     4.69777
    59  H   1.0   0.074   1.010    -4.33727     0.18068    -1.16251
 
  Z AO/shell   Hii/eV     exponent
  1     Sat Feb 20 21:38:01 CET 2016    EN: 2.327 GAM: 0.473  GM3: 0.0000
     1s    -13.751157    1.051071
  6     Sat Feb 20 21:38:01 CET 2016    EN: 2.731 GAM: 0.422  GM3: 0.0000
     2s    -19.378245    2.021003
     2p    -11.993376    1.497917
 35     Sat Feb 20 23:13:41 CET 2016    EN: 0.811 GAM: 0.434  GM3: 0.0000
     4s    -19.000000    2.185561
     4p    -18.320992    2.124690
     4d     -1.898981    2.124690
 
 dipole moment of classical point charges (au)
     X       Y       Z   
   0.3005   0.1506  -0.3303  total (Debye):    1.198

 
 Nbf   :          170
 T(el) :   300.0
 calculating S/T integrals ...
 cpu time for ints    1.76391900000000     
 Nao   :          166
 making H0...
 making H1...
 cpu time for H      0.249307000000000     
 solving ...
 cpu time for diag    1.01529200000000     
 
 gap (eV)           :   6.054
 Koopmans IP (eV)   :  13.447
 Eel (Eh)           :  -120.607043
 T,E(Fermi),NFOD :    300.000   -10.419  0.000000
 T,E(Fermi),NFOD :    300.000   -10.419  0.000000
 Nfod               :  0.0000
 Nfod/Nel           :  0.0000

          eigenvalues
 #    :          67         68         69         70         71         72         73         74
 occ. :        2.000      2.000      2.000      2.000      2.000      2.000      2.000      2.000
 eps  :       -17.744    -17.520    -17.477    -17.339    -17.286    -17.134    -17.074    -16.905
 #    :          75         76         77         78         79         80         81         82
 occ. :        2.000      2.000      2.000      2.000      2.000      0.000      0.000      0.000
 eps  :       -16.730    -15.549    -15.329    -15.140    -13.448     -7.393     -7.087     -7.023
 #    :          83         84         85         86         87         88         89         90
 occ. :        0.000      0.000      0.000      0.000      0.000      0.000      0.000      0.000
 eps  :        -7.023     -6.327     -6.270     -5.814     -5.302     -5.123     -4.591     -4.253
                            1  SCC done.
 making H1...
 cpu time for H       1.09247800000000     
 solving ...
 cpu time for diag   0.296234000000000     
 
 gap (eV)           :   6.183
 Koopmans IP (eV)   :  13.560
 Eel (Eh)           :  -119.554897
 T,E(Fermi),NFOD :    300.000   -10.468  0.000000
 T,E(Fermi),NFOD :    300.000   -10.468  0.000000
 Nfod               :  0.0000
 Nfod/Nel           :  0.0000

          eigenvalues
 #    :          67         68         69         70         71         72         73         74
 occ. :        2.000      2.000      2.000      2.000      2.000      2.000      2.000      2.000
 eps  :       -17.468    -17.294    -17.242    -17.073    -17.053    -16.674    -16.638    -16.297
 #    :          75         76         77         78         79         80         81         82
 occ. :        2.000      2.000      2.000      2.000      2.000      0.000      0.000      0.000
 eps  :       -16.184    -15.506    -15.269    -15.086    -13.561     -7.377     -7.161     -6.801
 #    :          83         84         85         86         87         88         89         90
 occ. :        0.000      0.000      0.000      0.000      0.000      0.000      0.000      0.000
 eps  :        -6.664     -6.062     -5.968     -5.735     -5.226     -4.939     -4.275     -4.145
                            2  SCC done.
 
 
 Mulliken/CM5 charges    n(s)   n(p)   n(d)   
    1 BR -0.1539 -0.1489   1.845  5.318 -0.010
    2 C   0.0063 -0.1107   1.096  2.898  0.000
    3 C  -0.0333 -0.1442   1.142  2.891  0.000
    4 C  -0.0604 -0.1719   1.143  2.917  0.000
    5 C  -0.0684 -0.1804   1.143  2.925  0.000
    6 C  -0.0523 -0.1630   1.142  2.910  0.000
    7 C  -0.0439 -0.1499   1.151  2.893  0.000
    8 C   0.0108 -0.0072   1.235  2.754  0.000
    9 C  -0.0550 -0.1616   1.149  2.906  0.000
   10 C  -0.0569 -0.1678   1.140  2.917  0.000
   11 C  -0.0454 -0.1571   1.141  2.905  0.000
   12 C  -0.0663 -0.1781   1.143  2.923  0.000
   13 C  -0.0440 -0.1556   1.142  2.902  0.000
   14 C   0.0133 -0.1034   1.097  2.889  0.000
   15 BR -0.1497 -0.1456   1.845  5.314 -0.010
   16 C  -0.0262 -0.0342   1.199  2.827  0.000
   17 C  -0.0299 -0.0823   1.141  2.889  0.000
   18 C   0.0459  0.0252   1.128  2.826  0.000
   19 BR -0.0774 -0.0634   1.833  5.246 -0.002
   20 C  -0.0335 -0.0876   1.137  2.896  0.000
   21 C  -0.0350 -0.0883   1.139  2.896  0.000
   22 C  -0.0094 -0.0148   1.168  2.841  0.000
   23 C  -0.0095 -0.0157   1.169  2.841  0.000
   24 C  -0.0341 -0.0878   1.140  2.895  0.000
   25 C  -0.0310 -0.0855   1.137  2.894  0.000
   26 C   0.0479  0.0270   1.129  2.823  0.000
   27 BR -0.0784 -0.0646   1.834  5.247 -0.002
   28 C  -0.0290 -0.0824   1.141  2.888  0.000
   29 C  -0.0254 -0.0347   1.201  2.824  0.000
   30 H   0.0564  0.1128   0.944  0.000  0.000
   31 H   0.0620  0.1165   0.938  0.000  0.000
   32 H   0.0346  0.0899   0.965  0.000  0.000
   33 H   0.0360  0.0913   0.964  0.000  0.000
   34 H   0.0244  0.0815   0.976  0.000  0.000
   35 H   0.0309  0.0864   0.969  0.000  0.000
   36 H   0.0220  0.0782   0.978  0.000  0.000
   37 H   0.0326  0.0951   0.967  0.000  0.000
   38 H   0.0268  0.0857   0.973  0.000  0.000
   39 H   0.0317  0.0872   0.968  0.000  0.000
   40 H   0.0331  0.0907   0.967  0.000  0.000
   41 H   0.0409  0.0980   0.959  0.000  0.000
   42 H   0.0361  0.0957   0.964  0.000  0.000
   43 H   0.0305  0.0880   0.969  0.000  0.000
   44 H   0.0298  0.0870   0.970  0.000  0.000
   45 H   0.0296  0.0889   0.970  0.000  0.000
   46 H   0.0322  0.0875   0.968  0.000  0.000
   47 H   0.0317  0.0870   0.968  0.000  0.000
   48 H   0.0304  0.0857   0.970  0.000  0.000
   49 H   0.0293  0.0875   0.971  0.000  0.000
   50 H   0.0326  0.0908   0.967  0.000  0.000
   51 H   0.0318  0.0870   0.968  0.000  0.000
   52 H   0.0556  0.1106   0.944  0.000  0.000
   53 H   0.0632  0.1177   0.937  0.000  0.000
   54 H   0.0442  0.1029   0.956  0.000  0.000
   55 H   0.0452  0.1027   0.955  0.000  0.000
   56 H   0.0407  0.0981   0.959  0.000  0.000
   57 H   0.0403  0.0980   0.960  0.000  0.000
   58 H   0.0455  0.1031   0.954  0.000  0.000
   59 H   0.0438  0.1029   0.956  0.000  0.000
 Hirshfeld charges for QMDFF written to <charges>
 
 Loewdin charges    n(s)   n(p)   n(d)
    1 BR -0.1629   1.833  5.312  0.018
    2 C   0.0280   1.032  2.940  0.000
    3 C  -0.0280   1.083  2.945  0.000
    4 C  -0.0560   1.084  2.972  0.000
    5 C  -0.0656   1.084  2.981  0.000
    6 C  -0.0474   1.083  2.965  0.000
    7 C  -0.0410   1.093  2.948  0.000
    8 C   0.0181   1.196  2.786  0.000
    9 C  -0.0537   1.092  2.962  0.000
   10 C  -0.0529   1.081  2.972  0.000
   11 C  -0.0392   1.081  2.958  0.000
   12 C  -0.0629   1.085  2.978  0.000
   13 C  -0.0406   1.083  2.958  0.000
   14 C   0.0359   1.033  2.932  0.000
   15 BR -0.1584   1.833  5.308  0.017
   16 C  -0.0232   1.159  2.864  0.000
   17 C  -0.0309   1.090  2.941  0.000
   18 C   0.0714   1.080  2.848  0.000
   19 BR -0.0898   1.822  5.244  0.025
   20 C  -0.0315   1.085  2.946  0.000
   21 C  -0.0298   1.086  2.944  0.000
   22 C  -0.0076   1.126  2.881  0.000
   23 C  -0.0075   1.127  2.881  0.000
   24 C  -0.0290   1.086  2.943  0.000
   25 C  -0.0292   1.085  2.944  0.000
   26 C   0.0731   1.081  2.845  0.000
   27 BR -0.0906   1.822  5.244  0.024
   28 C  -0.0306   1.091  2.940  0.000
   29 C  -0.0219   1.160  2.861  0.000
   30 H   0.0514   0.949  0.000  0.000
   31 H   0.0560   0.944  0.000  0.000
   32 H   0.0312   0.969  0.000  0.000
   33 H   0.0327   0.967  0.000  0.000
   34 H   0.0229   0.977  0.000  0.000
   35 H   0.0282   0.972  0.000  0.000
   36 H   0.0200   0.980  0.000  0.000
   37 H   0.0301   0.970  0.000  0.000
   38 H   0.0244   0.976  0.000  0.000
   39 H   0.0290   0.971  0.000  0.000
   40 H   0.0304   0.970  0.000  0.000
   41 H   0.0377   0.962  0.000  0.000
   42 H   0.0339   0.966  0.000  0.000
   43 H   0.0279   0.972  0.000  0.000
   44 H   0.0271   0.973  0.000  0.000
   45 H   0.0275   0.973  0.000  0.000
   46 H   0.0293   0.971  0.000  0.000
   47 H   0.0289   0.971  0.000  0.000
   48 H   0.0277   0.972  0.000  0.000
   49 H   0.0281   0.972  0.000  0.000
   50 H   0.0305   0.969  0.000  0.000
   51 H   0.0285   0.972  0.000  0.000
   52 H   0.0499   0.950  0.000  0.000
   53 H   0.0571   0.943  0.000  0.000
   54 H   0.0362   0.964  0.000  0.000
   55 H   0.0372   0.963  0.000  0.000
   56 H   0.0330   0.967  0.000  0.000
   57 H   0.0329   0.967  0.000  0.000
   58 H   0.0375   0.963  0.000  0.000
   59 H   0.0365   0.964  0.000  0.000
 
 Wiberg/Mayer (AO) data. WBOs > 0.1 written file <wbo>
 largest (>0.05) Wiberg bond orders for each atom
           total WBO             WBO to atom ...
     1  BR  1.003    C    2 0.951
     2  C   3.936    C    3 1.000    H   30 0.978    H   31 0.975    BR   1 0.951
     3  C   3.967    C    2 1.000    C    4 0.988    H   33 0.964    H   32 0.964
     4  C   3.969    C    5 0.990    C    3 0.988    H   35 0.965    H   34 0.964
     5  C   3.970    C    6 0.991    C    4 0.990    H   36 0.970    H   37 0.962
     6  C   3.967    C    5 0.991    C    7 0.985    H   38 0.966    H   39 0.965
     7  C   3.960    C    6 0.985    H   40 0.965    H   41 0.961    C    8 0.933
     8  C   3.908    C   29 0.945    C   16 0.944    C    7 0.933    C    9 0.932
     9  C   3.963    C   10 0.989    H   43 0.966    H   42 0.963    C    8 0.932
    10  C   3.969    C    9 0.989    C   11 0.988    H   44 0.967    H   45 0.966
    11  C   3.968    C   12 0.988    C   10 0.988    H   47 0.967    H   46 0.967
    12  C   3.969    C   13 0.992    C   11 0.988    H   48 0.967    H   49 0.961
    13  C   3.968    C   14 0.998    C   12 0.992    H   50 0.965    H   51 0.964
    14  C   3.934    C   13 0.998    H   52 0.978    H   53 0.975    BR  15 0.952
    15  BR  1.012    C   14 0.952
    16  C   3.943    C   17 1.433    C   22 1.300    C    8 0.944    C   20 0.103
    17  C   3.968    C   16 1.433    C   18 1.377    H   54 0.943    C   21 0.097
    18  C   3.933    C   20 1.399    C   17 1.377    BR  19 0.993    C   22 0.093
    19  BR  1.116    C   18 0.993
    20  C   3.969    C   21 1.434    C   18 1.399    H   55 0.942    C   16 0.103
    21  C   3.959    C   20 1.434    C   22 1.379    H   56 0.944    C   17 0.097
    22  C   3.957    C   21 1.379    C   16 1.300    C   23 1.039    C   18 0.093
    23  C   3.957    C   24 1.379    C   29 1.296    C   22 1.039    C   26 0.093
    24  C   3.969    C   25 1.433    C   23 1.379    H   57 0.944    C   28 0.097
    25  C   3.968    C   24 1.433    C   26 1.399    H   58 0.942    C   29 0.103
    26  C   3.922    C   25 1.399    C   28 1.378    BR  27 0.991    C   23 0.093
    27  BR  1.113    C   26 0.991
    28  C   3.968    C   29 1.429    C   26 1.378    H   59 0.940    C   24 0.097
    29  C   3.942    C   28 1.429    C   23 1.296    C    8 0.945    C   25 0.103
    30  H   0.997    C    2 0.978
    31  H   0.996    C    2 0.975
    32  H   0.999    C    3 0.964
    33  H   0.997    C    3 0.964
    34  H   0.999    C    4 0.964
    35  H   0.999    C    4 0.965
    36  H   0.999    C    5 0.970
    37  H   0.999    C    5 0.962
    38  H   0.999    C    6 0.966
    39  H   0.998    C    6 0.965
    40  H   0.997    C    7 0.965
    41  H   0.996    C    7 0.961
    42  H   0.997    C    9 0.963
    43  H   0.997    C    9 0.966
    44  H   0.999    C   10 0.967
    45  H   0.999    C   10 0.966
    46  H   0.998    C   11 0.967
    47  H   0.998    C   11 0.967
    48  H   0.999    C   12 0.967
    49  H   0.999    C   12 0.961
    50  H   0.999    C   13 0.965
    51  H   0.999    C   13 0.964
    52  H   0.997    C   14 0.978
    53  H   0.995    C   14 0.975
    54  H   0.997    C   17 0.943
    55  H   0.994    C   20 0.942
    56  H   0.997    C   21 0.944
    57  H   0.997    C   24 0.944
    58  H   0.994    C   25 0.942
    59  H   0.997    C   28 0.940
 
 --------------------------------------------
          xTB calculation for sTDA...
 --------------------------------------------
 
 reading parameter file /home/penavora/Exe_xtb_crest/.param_stda2.xtb
 
      method parameters     
 k(s)        :  1.6000
 k(p)        :  2.1800
 k(d)        :  1.9500
 k(f)        :  2.0000
 k(R-V)      :  2.2750
 k(R-R)      :  1.7650
 Tscal       :  0.2580
 Gscal       :  1.0000
 fpol        :  1.0000
 Zcnf        :  0.3430
 Zqf         :  0.0000
 kcn         :  2.7000
 Ryd Hsplit  :  0.7000
 lshift(virt):  3.1000
 lshift(OS)  :  0.2000
 wllscaling  :  2.6000
 
 mowrcut     : 3.000
 
  Z AO/shell   Hii/eV     exponent
  1     Sun Feb 14 09:53:25 CET 2016    EN: 2.327 GAM: 0.473  GM3: 0.0000
     1s    -14.339618    1.220000
     2sp    -3.348946    0.600000
  6     Sun Feb 14 09:53:25 CET 2016    EN: 2.731 GAM: 0.422  GM3: 0.0000
     2s    -22.009312    1.565095
     2p    -13.020408    1.596905
     3sp    -3.914040    0.824500
 35     Sun Feb 21 17:52:41 CET 2016    EN: 0.811 GAM: 0.434  GM3: 0.0000
     4s    -26.543782    1.553543
     4p    -18.131194    2.798632
     5sp    -5.742330    0.872900
 
 Nbf   :          382
 T(el) :     0.0
 calculating S/T integrals ...
 cpu time for ints    6.73770700000000     
 Nao   :          382
 making H0...
 making H1...
 cpu time for H      0.418040999999999     
 solving ...
 cpu time for diag   0.865128000000000     
 
 gap (eV)           :   8.235
 Koopmans IP (eV)   :  15.078
 Eel (Eh)           :  -131.545846

          eigenvalues
 #    :          67         68         69         70         71         72         73         74
 occ. :        2.000      2.000      2.000      2.000      2.000      2.000      2.000      2.000
 eps  :       -18.126    -18.093    -18.008    -17.864    -17.806    -17.374    -17.339    -17.303
 #    :          75         76         77         78         79         80         81         82
 occ. :        2.000      2.000      2.000      2.000      2.000      0.000      0.000      0.000
 eps  :       -17.275    -16.929    -16.191    -15.975    -15.079     -6.844     -6.586     -6.198
 #    :          83         84         85         86         87         88         89         90
 occ. :        0.000      0.000      0.000      0.000      0.000      0.000      0.000      0.000
 eps  :        -6.072     -5.930     -5.740     -5.619     -4.915     -4.858     -4.790     -4.644
                            1  SCC done.
 writing mo output ...
 molden style : F
 
speedup 25.45
cpu  time for all   13.06 s
wall time for all    0.51 s
