 
        ______________________________________
       |                                      |
       |          ===================         |
       |             xTB for sTDA             |
       |          ===================         |
       |               S. Grimme              |
       |        Universitaet Bonn, MCTC       |
       |         2015-19, Version 1.0         |
       |     Wed Apr  3 09:14:55 CEST 2019    |
       |______________________________________|
 
        This code comes without any warranty
        for non-commercial, academia use only.
        Preliminary test version.
        Cite this work as:
        S. Grimme  &  C. Bannwarth, JCP 145 (2016) 054103
        if GBSA is used additionally:
        P. Shushkov, F. März, C. Bannwarth, S. Grimme, unpublished.
 
        with help from
        P. Shushkov, G. Brandenburg, S. Dohm, J. Pisarek,
        F. März, M. Checinski, S. Ehrlich, S. Spicher, 
        P. Pracht, E. Caldeweyher, S. Ehlert, and C. Bannwarth.
 
        usage        :
        xtb4stda <coord_file> [options]
        where <coord_file> is a valid file of TM)
        (*coord, Bohr) or xmol (*xyz, Angstroem)
        format.

        options:
        -chrg <int>   : molecular charge
        -uhf  <int>   : # of unpaired electrons(=2*S)
        -nox          : skip second, extended part in sTDA-xTB
        -pop          : do population analysis
                      : (default for -nox)
        -mowr <real>  : cut MO write above (def.3 Eh)
        -molden       : write formatted molden file
        -parx <file>  : read parameters for sTDA-xTB
                        calc (def:~/.param_stda2.xtb)
        -parv <file>  : read parameters for vTB part in
                        sTDA-xTB (def: ~/.param_stda1.xtb)
        -xtemp <real> : el. temp for xTB (def. 0 K)
        -etemp <real> : el. temp for GFN (def. 300 K)
        -fod          : calculate the FOD and write
                        molden.input file with
                        appropriate occupations
                        for plotting. Def. T=12500 K
 
        -acc <real>   : xTB accuracy (def. 1.0)
        -gbsa [string1] [string2]
                        use GBSA implicit solvent
                        for solvent [string1] and
                        solvation state [string2]=
                        reference, bar1M (default=1M)
        additional GFN/opt/MD/siman options read from
        $XTB4STDAHOME/.xtb4stdarc or $set in input
 
       spin and charge state information can be on:
       <.CHRG> (charge) and <.UHF> (=nalpha-nbeta)
       -uhf and -chrg override the file info.
       useful machine settings:
       setenv MKL_NUM_THREADS <NCORE_ON_YOUR_MACHINE>
       setenv OMP_STACKSIZE 500m
       limit stacksize unlimited
 
       total energies in Eh, gaps/HL energies in eV
       please read REVISION and HOWTO files carefully
 =============================
  # OMP threads =          48
 =============================
 
 xtb4stdahome directory:/home/penavora/Exe_xtb_crest/
 
 argument            1 :--gbsa
 argument            2 :toluene
 
 name of molecule           :
 comment line               :
 number of atoms            :    82
 number of electrons        :   228
 charge                     :  0
 spin                       : 0.0
 first test random number   :  0.1205
 
 -----------------------------------------
      charge density (VTB) calculation
 -----------------------------------------
 
      method parameters     
 k(s)        :  1.8000
 k(p)        :  2.8350
 k(d)        :  2.0860
 k(f)        :  2.0000
 Tscal       :  0.3300
 Gscal       :  0.3910
 fpol        :  1.0000
 Zcnf        :  0.6500
 Zqf         :  0.0000
 kcn         :  0.3000
 kEN1        : -0.5900
 wllscal     :  2.6000
 
 Solvent             : toluene
 GBSA parameter file : /home/penavora/Exe_xtb_crest/.param_gbsa_toluene
 Gsolv ref. state (COSMO-RS): gsolv [1 M gas/solution]
 temperature (mdtemp)       :    298.150000000000     
 dielectric constant        :    7.00000000000000     
 rho                        :   0.867000000000000     
 mass                       :    92.1400000000000     
 surface tension            :    15.5689470637553     
 probe radius               :   0.641644990000000     
 vdW radii scaling          :    1.00000000000000     
 Gshift (Eh)                :   4.228772547061559E-003
 c1                         :    1.59772343000000     
 soset                      :   0.281999450000000     
 HB correction              :  F
 
 doing EN charges ...
 sum q :  0.6661338D-15
 point charge moment (au)
     X       Y       Z   
  -0.5013  -0.1105  -0.1152  total (Debye):    1.337
 
            Z      q(EN)   CN      Cart. coordinates
     1  C   4.0  -0.073   3.143    -7.60963    -9.53234    -2.09423
     2  C   4.0  -0.072   3.142    -5.04812    -9.33041    -1.58650
     3  C   4.0  -0.074   3.197    -3.92038    -6.98012    -1.45669
     4  C   4.0   0.004   3.210    -5.33739    -4.78680    -1.82003
     5  C   4.0   0.082   3.501    -4.07165    -2.35017    -1.66078
     6  N   5.0  -0.204   2.297    -1.54811    -2.16112    -2.13422
     7  C   4.0   0.200   3.569    -0.93942     0.22924    -1.90649
     8  C   4.0   0.008   3.219     1.64162     1.12620    -2.12637
     9  C   4.0  -0.072   3.197     2.56197     3.19094    -0.77176
    10  C   4.0  -0.069   3.183     5.08166     3.82457    -0.89513
    11  C   4.0   0.069   3.211     6.76992     2.42125    -2.36167
    12  O   6.0  -0.133   2.066     9.22352     3.17528    -2.22341
    13  C   4.0  -0.111   4.078    11.13078     1.86659    -3.57325
    14  C   4.0  -0.161   4.045    11.80273    -0.76031    -2.55830
    15  C   4.0  -0.162   4.054    12.82706    -0.78651     0.14620
    16  C   4.0  -0.171   4.087    10.79721    -0.38050     2.17168
    17  C   4.0   0.017   3.185     8.58967    -2.18006     2.04984
    18  C   4.0  -0.074   3.191     8.76172    -4.62897     1.13305
    19  C   4.0  -0.072   3.147     6.67217    -6.22514     0.97773
    20  C   4.0  -0.067   3.153     4.30739    -5.43829     1.73834
    21  C   4.0  -0.001   3.384     4.06736    -3.01631     2.72007
    22  C   4.0   0.091   3.469     6.20852    -1.42850     2.89533
    23  N   5.0  -0.404   3.256     5.49665     0.80334     4.01832
    24  C   4.0   0.094   3.437     2.95742     0.74512     4.51357
    25  C   4.0  -0.063   3.152     1.42590     2.56759     5.61029
    26  C   4.0  -0.073   3.154    -1.10821     2.00955     5.89983
    27  C   4.0  -0.072   3.151    -2.10058    -0.30129     5.11646
    28  C   4.0  -0.067   3.158    -0.57995    -2.12851     4.03897
    29  C   4.0  -0.001   3.383     1.97503    -1.61506     3.73225
    30  C   4.0  -0.070   3.165     5.84134     0.41782    -3.79008
    31  C   4.0  -0.073   3.205     3.31649    -0.22222    -3.64539
    32  N   5.0  -0.328   3.372    -3.01352     1.66177    -1.31034
    33  C   4.0   0.088   3.254    -3.15135     4.30595    -1.05390
    34  C   4.0  -0.070   3.193    -4.22054     5.36814     1.09700
    35  C   4.0  -0.073   3.147    -4.38729     7.96777     1.31254
    36  C   4.0  -0.074   3.145    -3.49381     9.51101    -0.60366
    37  C   4.0  -0.073   3.146    -2.42980     8.44909    -2.74784
    38  C   4.0  -0.069   3.189    -2.26424     5.85212    -2.98679
    39  C   4.0   0.101   3.460    -5.03122     0.02295    -1.11928
    40  C   4.0   0.003   3.211    -7.57606     0.84494    -0.45949
    41  C   4.0  -0.074   3.194    -8.89338    -0.38311     1.46518
    42  C   4.0  -0.072   3.143   -11.30144     0.38531     2.11976
    43  C   4.0  -0.074   3.144   -12.43164     2.38832     0.86576
    44  C   4.0  -0.072   3.144   -11.14408     3.60841    -1.05863
    45  C   4.0  -0.073   3.193    -8.73334     2.84717    -1.72071
    46  C   4.0  -0.073   3.187    -7.90302    -5.01018    -2.37383
    47  C   4.0  -0.072   3.144    -9.02451    -7.36676    -2.49989
    48  H   1.0   0.074   1.004    -8.49665   -11.36900    -2.18896
    49  H   1.0   0.074   1.004    -3.92939   -11.01357    -1.29021
    50  H   1.0   0.076   1.006    -1.92497    -6.78723    -1.07966
    51  H   1.0   0.078   1.008     1.32215     4.26508     0.43858
    52  H   1.0   0.075   1.005     5.80796     5.40907     0.16554
    53  H   1.0   0.081   1.001    12.77490     3.11188    -3.42054
    54  H   1.0   0.079   1.000    10.60417     1.72230    -5.57466
    55  H   1.0   0.081   1.003    13.24342    -1.52134    -3.82548
    56  H   1.0   0.083   1.006    10.15373    -1.98960    -2.65169
    57  H   1.0   0.081   1.003    14.25410     0.69107     0.35262
    58  H   1.0   0.081   1.003    13.76394    -2.59482     0.47274
    59  H   1.0   0.083   1.006    10.08333     1.54773     2.00015
    60  H   1.0   0.080   1.003    11.69342    -0.54421     4.03152
    61  H   1.0   0.076   1.006    10.56703    -5.34652     0.51186
    62  H   1.0   0.074   1.004     6.92469    -8.11019     0.23445
    63  H   1.0   0.075   1.005     2.68563    -6.66632     1.59502
    64  H   1.0   0.179   1.010     6.62917     2.29858     4.31334
    65  H   1.0   0.074   1.004     2.18594     4.36442     6.21183
    66  H   1.0   0.074   1.005    -2.34416     3.39062     6.75764
    67  H   1.0   0.074   1.005    -4.09483    -0.66404     5.36770
    68  H   1.0   0.075   1.005    -1.35952    -3.91424     3.43385
    69  H   1.0   0.076   1.006     7.06105    -0.66644    -5.00870
    70  H   1.0   0.076   1.006     2.60432    -1.81375    -4.70242
    71  H   1.0   0.077   1.007    -4.89993     4.14908     2.58284
    72  H   1.0   0.074   1.004    -5.21779     8.78655     2.98670
    73  H   1.0   0.074   1.004    -3.62786    11.53910    -0.42883
    74  H   1.0   0.074   1.004    -1.73718     9.64389    -4.24965
    75  H   1.0   0.076   1.005    -1.44653     5.00619    -4.65539
    76  H   1.0   0.075   1.006    -8.00742    -1.94664     2.43464
    77  H   1.0   0.074   1.004   -12.29887    -0.57847     3.61799
    78  H   1.0   0.074   1.004   -14.31243     2.98955     1.38182
    79  H   1.0   0.074   1.004   -12.02093     5.15964    -2.05500
    80  H   1.0   0.076   1.006    -7.74994     3.79097    -3.24170
    81  H   1.0   0.076   1.006    -9.01579    -3.33592    -2.72614
    82  H   1.0   0.074   1.004   -11.01634    -7.51366    -2.92763
 
  Z AO/shell   Hii/eV     exponent
  1     Sat Feb 20 21:38:01 CET 2016    EN: 2.327 GAM: 0.473  GM3: 0.0000
     1s    -13.751157    1.051071
  6     Sat Feb 20 21:38:01 CET 2016    EN: 2.731 GAM: 0.422  GM3: 0.0000
     2s    -19.378245    2.021003
     2p    -11.993376    1.497917
  7     Sat Feb 20 21:38:01 CET 2016    EN: 3.573 GAM: 0.504  GM3: 0.0000
     2s    -21.576984    2.275442
     2p    -16.125120    2.056788
  8     Sat Feb 20 21:38:01 CET 2016    EN: 3.700 GAM: 0.587  GM3: 0.0000
     2s    -21.648843    2.110798
     2p    -17.239740    2.329048
 
 dipole moment of classical point charges (au)
     X       Y       Z   
  -0.5013  -0.1105  -0.1152  total (Debye):    1.337

 
 Nbf   :          223
 T(el) :   300.0
 calculating S/T integrals ...
 cpu time for ints    2.39686000000000     
 Nao   :          223
 making H0...
 making H1...
 cpu time for H      0.308371000000000     
 solving ...
 cpu time for diag    1.65205300000000     
 
 gap (eV)           :   5.245
 Koopmans IP (eV)   :  12.841
 Eel (Eh)           :  -177.497723
 T,E(Fermi),NFOD :    300.000   -10.218  0.000000
 T,E(Fermi),NFOD :    300.000   -10.218  0.000000
 Nfod               :  0.0000
 Nfod/Nel           :  0.0000

          eigenvalues
 #    :         102        103        104        105        106        107        108        109
 occ. :        2.000      2.000      2.000      2.000      2.000      2.000      2.000      2.000
 eps  :       -16.236    -15.958    -15.552    -15.541    -15.474    -15.331    -15.262    -15.228
 #    :         110        111        112        113        114        115        116        117
 occ. :        2.000      2.000      2.000      2.000      2.000      0.000      0.000      0.000
 eps  :       -14.568    -14.360    -13.929    -13.410    -12.842     -7.596     -7.006     -6.755
 #    :         118        119        120        121        122        123        124        125
 occ. :        0.000      0.000      0.000      0.000      0.000      0.000      0.000      0.000
 eps  :        -6.376     -5.815     -5.537     -5.401     -5.347     -5.255     -5.177     -5.122
                            1  SCC done.
 making H1...
 cpu time for H       1.80988000000000     
 solving ...
 cpu time for diag   0.406018000000000     
 
 gap (eV)           :   5.219
 Koopmans IP (eV)   :  12.852
 Eel (Eh)           :  -177.602118
 T,E(Fermi),NFOD :    300.000   -10.243  0.000000
 T,E(Fermi),NFOD :    300.000   -10.243  0.000000
 Nfod               :  0.0000
 Nfod/Nel           :  0.0000

          eigenvalues
 #    :         102        103        104        105        106        107        108        109
 occ. :        2.000      2.000      2.000      2.000      2.000      2.000      2.000      2.000
 eps  :       -15.888    -15.679    -15.659    -15.596    -15.524    -15.446    -15.176    -15.116
 #    :         110        111        112        113        114        115        116        117
 occ. :        2.000      2.000      2.000      2.000      2.000      0.000      0.000      0.000
 eps  :       -14.594    -14.153    -13.890    -13.263    -12.854     -7.634     -7.013     -6.678
 #    :         118        119        120        121        122        123        124        125
 occ. :        0.000      0.000      0.000      0.000      0.000      0.000      0.000      0.000
 eps  :        -6.486     -5.783     -5.681     -5.495     -5.426     -5.338     -5.256     -5.177
                            2  SCC done.
 
 
 Mulliken/CM5 charges    n(s)   n(p)   n(d)   
    1 C  -0.0429 -0.0993   1.136  2.907  0.000
    2 C  -0.0404 -0.0965   1.138  2.903  0.000
    3 C  -0.0425 -0.0941   1.139  2.904  0.000
    4 C   0.0219  0.0190   1.161  2.817  0.000
    5 C  -0.0184  0.0584   1.181  2.838  0.000
    6 N  -0.2595 -0.4445   1.530  3.729  0.000
    7 C   0.0788  0.2258   1.213  2.708  0.000
    8 C   0.0160  0.0174   1.149  2.835  0.000
    9 C  -0.0435 -0.0949   1.143  2.901  0.000
   10 C  -0.0436 -0.0939   1.132  2.911  0.000
   11 C   0.0858  0.1016   1.155  2.759  0.000
   12 O  -0.1527 -0.2435   1.458  4.695  0.000
   13 C   0.0315 -0.0503   1.143  2.825  0.000
   14 C  -0.0524 -0.1617   1.144  2.908  0.000
   15 C  -0.0489 -0.1594   1.141  2.908  0.000
   16 C  -0.0522 -0.1548   1.131  2.921  0.000
   17 C  -0.0075 -0.0168   1.185  2.823  0.000
   18 C  -0.0572 -0.1123   1.136  2.921  0.000
   19 C  -0.0623 -0.1185   1.134  2.929  0.000
   20 C  -0.0567 -0.1096   1.137  2.920  0.000
   21 C  -0.0224 -0.0193   1.163  2.860  0.000
   22 C   0.0294  0.0923   1.185  2.786  0.000
   23 N  -0.1031 -0.4629   1.191  3.913  0.000
   24 C   0.0343  0.0957   1.180  2.785  0.000
   25 C  -0.0503 -0.1000   1.135  2.915  0.000
   26 C  -0.0467 -0.1031   1.137  2.910  0.000
   27 C  -0.0603 -0.1165   1.133  2.928  0.000
   28 C  -0.0440 -0.0962   1.138  2.906  0.000
   29 C  -0.0188 -0.0157   1.161  2.858  0.000
   30 C  -0.0469 -0.1000   1.133  2.914  0.000
   31 C  -0.0342 -0.0855   1.138  2.896  0.000
   32 N  -0.0643 -0.3075   1.262  3.802  0.000
   33 C   0.0633  0.1169   1.172  2.764  0.000
   34 C  -0.0365 -0.0855   1.138  2.898  0.000
   35 C  -0.0230 -0.0793   1.136  2.887  0.000
   36 C  -0.0285 -0.0849   1.135  2.894  0.000
   37 C  -0.0242 -0.0805   1.136  2.888  0.000
   38 C  -0.0391 -0.0879   1.138  2.901  0.000
   39 C   0.0077  0.0803   1.196  2.796  0.000
   40 C   0.0093  0.0045   1.164  2.827  0.000
   41 C  -0.0383 -0.0922   1.141  2.897  0.000
   42 C  -0.0309 -0.0873   1.137  2.894  0.000
   43 C  -0.0322 -0.0887   1.136  2.896  0.000
   44 C  -0.0297 -0.0861   1.137  2.893  0.000
   45 C  -0.0427 -0.0951   1.143  2.900  0.000
   46 C  -0.0508 -0.1039   1.141  2.910  0.000
   47 C  -0.0371 -0.0934   1.137  2.900  0.000
   48 H   0.0402  0.0965   0.960  0.000  0.000
   49 H   0.0387  0.0950   0.961  0.000  0.000
   50 H   0.0336  0.0960   0.966  0.000  0.000
   51 H   0.0449  0.1094   0.955  0.000  0.000
   52 H   0.0381  0.0995   0.962  0.000  0.000
   53 H   0.0409  0.1059   0.959  0.000  0.000
   54 H   0.0456  0.1086   0.954  0.000  0.000
   55 H   0.0456  0.1011   0.954  0.000  0.000
   56 H   0.0323  0.0939   0.968  0.000  0.000
   57 H   0.0349  0.0909   0.965  0.000  0.000
   58 H   0.0352  0.0912   0.965  0.000  0.000
   59 H   0.0385  0.1036   0.962  0.000  0.000
   60 H   0.0421  0.0980   0.958  0.000  0.000
   61 H   0.0433  0.1021   0.957  0.000  0.000
   62 H   0.0380  0.0946   0.962  0.000  0.000
   63 H   0.0338  0.0913   0.966  0.000  0.000
   64 H   0.1459  0.3427   0.854  0.000  0.000
   65 H   0.0396  0.0981   0.960  0.000  0.000
   66 H   0.0465  0.1034   0.953  0.000  0.000
   67 H   0.0383  0.0956   0.962  0.000  0.000
   68 H   0.0341  0.0932   0.966  0.000  0.000
   69 H   0.0430  0.1035   0.957  0.000  0.000
   70 H   0.0375  0.0993   0.963  0.000  0.000
   71 H   0.0410  0.1038   0.959  0.000  0.000
   72 H   0.0484  0.1050   0.952  0.000  0.000
   73 H   0.0453  0.1019   0.955  0.000  0.000
   74 H   0.0473  0.1039   0.953  0.000  0.000
   75 H   0.0359  0.0972   0.964  0.000  0.000
   76 H   0.0353  0.0943   0.965  0.000  0.000
   77 H   0.0428  0.0993   0.957  0.000  0.000
   78 H   0.0425  0.0990   0.957  0.000  0.000
   79 H   0.0432  0.0997   0.957  0.000  0.000
   80 H   0.0368  0.0974   0.963  0.000  0.000
   81 H   0.0367  0.0970   0.963  0.000  0.000
   82 H   0.0413  0.0978   0.959  0.000  0.000
 Hirshfeld charges for QMDFF written to <charges>
 
 Loewdin charges    n(s)   n(p)   n(d)
    1 C  -0.0360   1.081  2.955  0.000
    2 C  -0.0316   1.082  2.949  0.000
    3 C  -0.0386   1.086  2.953  0.000
    4 C   0.0268   1.117  2.856  0.000
    5 C  -0.0294   1.148  2.881  0.000
    6 N  -0.2437   1.498  3.746  0.000
    7 C   0.0620   1.186  2.752  0.000
    8 C   0.0153   1.107  2.878  0.000
    9 C  -0.0367   1.089  2.948  0.000
   10 C  -0.0419   1.080  2.962  0.000
   11 C   0.0773   1.119  2.803  0.000
   12 O  -0.1152   1.420  4.695  0.000
   13 C   0.0259   1.088  2.886  0.000
   14 C  -0.0494   1.085  2.964  0.000
   15 C  -0.0437   1.081  2.962  0.000
   16 C  -0.0483   1.071  2.978  0.000
   17 C  -0.0043   1.143  2.861  0.000
   18 C  -0.0534   1.084  2.970  0.000
   19 C  -0.0551   1.079  2.976  0.000
   20 C  -0.0514   1.083  2.968  0.000
   21 C  -0.0232   1.122  2.901  0.000
   22 C   0.0214   1.151  2.828  0.000
   23 N  -0.0587   1.138  3.921  0.000
   24 C   0.0298   1.145  2.825  0.000
   25 C  -0.0472   1.082  2.965  0.000
   26 C  -0.0379   1.082  2.956  0.000
   27 C  -0.0544   1.079  2.976  0.000
   28 C  -0.0385   1.084  2.954  0.000
   29 C  -0.0205   1.120  2.900  0.000
   30 C  -0.0466   1.081  2.966  0.000
   31 C  -0.0273   1.085  2.943  0.000
   32 N  -0.0179   1.219  3.799  0.000
   33 C   0.0608   1.135  2.804  0.000
   34 C  -0.0339   1.086  2.948  0.000
   35 C  -0.0142   1.081  2.933  0.000
   36 C  -0.0217   1.080  2.941  0.000
   37 C  -0.0156   1.081  2.935  0.000
   38 C  -0.0359   1.086  2.950  0.000
   39 C  -0.0062   1.165  2.841  0.000
   40 C   0.0154   1.119  2.865  0.000
   41 C  -0.0337   1.088  2.946  0.000
   42 C  -0.0227   1.082  2.941  0.000
   43 C  -0.0250   1.081  2.943  0.000
   44 C  -0.0216   1.082  2.940  0.000
   45 C  -0.0380   1.089  2.949  0.000
   46 C  -0.0461   1.088  2.958  0.000
   47 C  -0.0285   1.082  2.946  0.000
   48 H   0.0324   0.968  0.000  0.000
   49 H   0.0310   0.969  0.000  0.000
   50 H   0.0265   0.973  0.000  0.000
   51 H   0.0366   0.963  0.000  0.000
   52 H   0.0304   0.970  0.000  0.000
   53 H   0.0352   0.965  0.000  0.000
   54 H   0.0403   0.960  0.000  0.000
   55 H   0.0421   0.958  0.000  0.000
   56 H   0.0304   0.970  0.000  0.000
   57 H   0.0318   0.968  0.000  0.000
   58 H   0.0326   0.967  0.000  0.000
   59 H   0.0352   0.965  0.000  0.000
   60 H   0.0385   0.962  0.000  0.000
   61 H   0.0366   0.963  0.000  0.000
   62 H   0.0313   0.969  0.000  0.000
   63 H   0.0276   0.972  0.000  0.000
   64 H   0.1256   0.874  0.000  0.000
   65 H   0.0317   0.968  0.000  0.000
   66 H   0.0386   0.961  0.000  0.000
   67 H   0.0317   0.968  0.000  0.000
   68 H   0.0276   0.972  0.000  0.000
   69 H   0.0364   0.964  0.000  0.000
   70 H   0.0298   0.970  0.000  0.000
   71 H   0.0329   0.967  0.000  0.000
   72 H   0.0394   0.961  0.000  0.000
   73 H   0.0370   0.963  0.000  0.000
   74 H   0.0385   0.961  0.000  0.000
   75 H   0.0282   0.972  0.000  0.000
   76 H   0.0281   0.972  0.000  0.000
   77 H   0.0346   0.965  0.000  0.000
   78 H   0.0344   0.966  0.000  0.000
   79 H   0.0348   0.965  0.000  0.000
   80 H   0.0291   0.971  0.000  0.000
   81 H   0.0292   0.971  0.000  0.000
   82 H   0.0332   0.967  0.000  0.000
 
 Wiberg/Mayer (AO) data. WBOs > 0.1 written file <wbo>
 largest (>0.05) Wiberg bond orders for each atom
           total WBO             WBO to atom ...
     1  C   3.968    C   47 1.423    C    2 1.421    H   48 0.947    C    4 0.102
     2  C   3.973    C    3 1.448    C    1 1.421    H   49 0.946    C   46 0.106
     3  C   3.969    C    2 1.448    C    4 1.358    H   50 0.947    C   47 0.106
     4  C   3.957    C   46 1.362    C    3 1.358    C    5 1.034    C    1 0.102
     5  C   3.932    C   39 1.501    N    6 1.177    C    4 1.034
     6  N   3.051    C    7 1.529    C    5 1.177    N   32 0.118
     7  C   3.902    N    6 1.529    N   32 1.134    C    8 1.044    C   39 0.059
     8  C   3.956    C   31 1.352    C    9 1.341    C    7 1.044    C   11 0.091
     9  C   3.970    C   10 1.475    C    8 1.341    H   51 0.940    C   30 0.096
    10  C   3.972    C    9 1.475    C   11 1.347    H   52 0.946    C   31 0.098
    11  C   3.932    C   30 1.353    C   10 1.347    O   12 1.057    C    8 0.091
    12  O   2.246    C   11 1.057    C   13 0.973    C   30 0.053
    13  C   3.934    C   14 0.983    H   53 0.974    O   12 0.973    H   54 0.961
    14  C   3.967    C   15 0.993    C   13 0.983    H   56 0.961    H   55 0.960
    15  C   3.968    C   14 0.993    C   16 0.986    H   57 0.966    H   58 0.965
    16  C   3.970    C   15 0.986    C   17 0.972    H   59 0.962    H   60 0.954
    17  C   3.944    C   18 1.422    C   22 1.327    C   16 0.972    C   20 0.100
    18  C   3.954    C   17 1.422    C   19 1.388    H   61 0.943    C   21 0.085
    19  C   3.968    C   20 1.464    C   18 1.388    H   62 0.944    C   22 0.087
    20  C   3.963    C   19 1.464    C   21 1.347    H   63 0.945    C   17 0.100
    21  C   3.956    C   20 1.347    C   22 1.264    C   29 1.091    C   18 0.085
    22  C   3.929    C   17 1.327    C   21 1.264    N   23 1.090    C   19 0.087
    23  N   3.437    C   24 1.100    C   22 1.090    H   64 0.952
    24  C   3.934    C   25 1.362    C   29 1.255    N   23 1.100    C   27 0.088
    25  C   3.968    C   26 1.454    C   24 1.362    H   65 0.945    C   28 0.102
    26  C   3.954    C   25 1.454    C   27 1.391    H   66 0.944    C   29 0.089
    27  C   3.969    C   28 1.460    C   26 1.391    H   67 0.945    C   24 0.088
    28  C   3.962    C   27 1.460    C   29 1.355    H   68 0.945    C   25 0.102
    29  C   3.957    C   28 1.355    C   24 1.255    C   21 1.091    C   26 0.089
    30  C   3.971    C   31 1.458    C   11 1.353    H   69 0.942    C    9 0.096    O   12 0.053
    31  C   3.970    C   30 1.458    C    8 1.352    H   70 0.945    C   10 0.098
    32  N   3.551    C    7 1.134    C   39 1.093    C   33 0.956    N    6 0.118
    33  C   3.928    C   34 1.389    C   38 1.385    N   32 0.956    C   36 0.109
    34  C   3.971    C   35 1.433    C   33 1.389    H   71 0.945    C   37 0.110
    35  C   3.973    C   34 1.433    C   36 1.430    H   72 0.944    C   38 0.110
    36  C   3.972    C   35 1.430    C   37 1.427    H   73 0.945    C   33 0.109
    37  C   3.973    C   38 1.437    C   36 1.427    H   74 0.944    C   34 0.110
    38  C   3.971    C   37 1.437    C   33 1.385    H   75 0.947    C   35 0.110
    39  C   3.900    C    5 1.501    N   32 1.093    C   40 1.012    C    7 0.059
    40  C   3.957    C   45 1.369    C   41 1.363    C   39 1.012    C   43 0.106
    41  C   3.970    C   42 1.445    C   40 1.363    H   76 0.947    C   44 0.107
    42  C   3.973    C   41 1.445    C   43 1.422    H   77 0.945    C   45 0.107
    43  C   3.968    C   44 1.427    C   42 1.422    H   78 0.947    C   40 0.106
    44  C   3.972    C   45 1.440    C   43 1.427    H   79 0.945    C   41 0.107
    45  C   3.968    C   44 1.440    C   40 1.369    H   80 0.946    C   42 0.107
    46  C   3.972    C   47 1.447    C    4 1.362    H   81 0.945    C    2 0.106
    47  C   3.974    C   46 1.447    C    1 1.423    H   82 0.946    C    3 0.106
    48  H   0.996    C    1 0.947
    49  H   0.997    C    2 0.946
    50  H   0.999    C    3 0.947
    51  H   0.997    C    9 0.940
    52  H   0.997    C   10 0.946
    53  H   0.998    C   13 0.974
    54  H   0.998    C   13 0.961
    55  H   0.998    C   14 0.960
    56  H   0.999    C   14 0.961
    57  H   0.997    C   15 0.966
    58  H   0.999    C   15 0.965
    59  H   0.998    C   16 0.962
    60  H   0.998    C   16 0.954
    61  H   0.997    C   18 0.943
    62  H   0.996    C   19 0.944
    63  H   0.995    C   20 0.945
    64  H   0.977    N   23 0.952
    65  H   0.997    C   25 0.945
    66  H   0.997    C   26 0.944
    67  H   0.997    C   27 0.945
    68  H   0.998    C   28 0.945
    69  H   0.996    C   30 0.942
    70  H   0.999    C   31 0.945
    71  H   0.998    C   34 0.945
    72  H   0.997    C   35 0.944
    73  H   0.998    C   36 0.945
    74  H   0.997    C   37 0.944
    75  H   0.999    C   38 0.947
    76  H   0.999    C   41 0.947
    77  H   0.996    C   42 0.945
    78  H   0.996    C   43 0.947
    79  H   0.996    C   44 0.945
    80  H   0.999    C   45 0.946
    81  H   0.999    C   46 0.945
    82  H   0.997    C   47 0.946
 
 --------------------------------------------
          xTB calculation for sTDA...
 --------------------------------------------
 
 reading parameter file /home/penavora/Exe_xtb_crest/.param_stda2.xtb
 
      method parameters     
 k(s)        :  1.6000
 k(p)        :  2.1800
 k(d)        :  1.9500
 k(f)        :  2.0000
 k(R-V)      :  2.2750
 k(R-R)      :  1.7650
 Tscal       :  0.2580
 Gscal       :  1.0000
 fpol        :  1.0000
 Zcnf        :  0.3430
 Zqf         :  0.0000
 kcn         :  2.7000
 Ryd Hsplit  :  0.7000
 lshift(virt):  3.1000
 lshift(OS)  :  0.2000
 wllscaling  :  2.6000
 
 mowrcut     : 3.000
 
  Z AO/shell   Hii/eV     exponent
  1     Sun Feb 14 09:53:25 CET 2016    EN: 2.327 GAM: 0.473  GM3: 0.0000
     1s    -14.339618    1.220000
     2sp    -3.348946    0.600000
  6     Sun Feb 14 09:53:25 CET 2016    EN: 2.731 GAM: 0.422  GM3: 0.0000
     2s    -22.009312    1.565095
     2p    -13.020408    1.596905
     3sp    -3.914040    0.824500
  7     Sun Feb 14 09:53:25 CET 2016    EN: 3.573 GAM: 0.504  GM3: 0.0000
     2s    -25.722000    2.064844
     2p    -18.684912    1.801692
     3sp    -4.344791    0.921400
  8     Sun Feb 14 09:53:25 CET 2016    EN: 3.700 GAM: 0.587  GM3: 0.0000
     2s    -33.859000    2.418661
     2p    -22.175911    1.973969
     3sp    -4.259392    1.013700
 
 Nbf   :          551
 T(el) :     0.0
 calculating S/T integrals ...
 cpu time for ints    7.20285600000000     
 Nao   :          551
 making H0...
 making H1...
 cpu time for H      0.841037000000000     
 solving ...
 cpu time for diag    2.11975000000000     
 
 gap (eV)           :   7.369
 Koopmans IP (eV)   :  13.785
 Eel (Eh)           :  -195.134758

          eigenvalues
 #    :         102        103        104        105        106        107        108        109
 occ. :        2.000      2.000      2.000      2.000      2.000      2.000      2.000      2.000
 eps  :       -16.560    -16.490    -16.249    -16.118    -16.021    -15.975    -15.925    -15.727
 #    :         110        111        112        113        114        115        116        117
 occ. :        2.000      2.000      2.000      2.000      2.000      0.000      0.000      0.000
 eps  :       -15.422    -15.125    -14.652    -14.035    -13.786     -6.416     -6.210     -6.037
 #    :         118        119        120        121        122        123        124        125
 occ. :        0.000      0.000      0.000      0.000      0.000      0.000      0.000      0.000
 eps  :        -5.863     -5.751     -5.711     -5.575     -5.520     -5.400     -5.305     -5.117
                            1  SCC done.
 writing mo output ...
 molden style : F
 
speedup 21.46
cpu  time for all   17.61 s
wall time for all    0.82 s
