  104
 Etot=        -159.6163734657
 C          8.9392760454       -0.7158890268       -0.6781707018
 C          7.4925179825       -0.5086369098       -0.3337487983
 C          6.7159749037       -1.5623033350        0.1587100424
 C          7.2830036676       -2.8972876747        0.4321513098
 C          8.3527936224       -3.0696848271        1.3050544863
 C          8.8479658425       -4.3343408812        1.5658790798
 C          8.2845210659       -5.4424633810        0.9556897145
 C          7.2144578633       -5.2809468447        0.0911783277
 C          6.7122732183       -4.0183181884       -0.1646971324
 C          5.3576494126       -1.3812826166        0.3919145065
 C          4.7623563568       -0.1601130837        0.1357999022
 N          3.3622236471        0.0117348493        0.3556900986
 C          2.9813343526        0.9548016523        1.3037003657
 O          3.8234092574        1.5856964296        1.9270963359
 C          1.5493906955        1.1239219870        1.5010259213
 C          1.0976099865        2.0385858206        2.4717382271
 C         -0.2468742830        2.1791463593        2.7014525550
 C         -1.1815020143        1.4551981906        1.9559079827
 C         -0.7739425768        0.5756649894        0.9484865737
 C         -1.6745579513       -0.1943064494        0.1493776515
 N         -3.0516233640        0.0046656792        0.1955058216
 C         -3.5769379700        1.2932507957        0.1628039290
 C         -2.8982894011        2.3114665586       -0.5148339296
 C         -3.3975429823        3.5934959215       -0.5206659283
 C         -4.5899168426        3.9073643264        0.1361097995
 C         -5.1132689367        5.2768653716        0.1326931883
 C         -4.2510309506        6.3653594474        0.2599478423
 C         -4.7443116583        7.6561270093        0.2633210316
 C         -6.1044739033        7.8832618537        0.1317108770
 C         -6.9700924006        6.8098283770        0.0007507767
 C         -6.4807489555        5.5175175685        0.0052796749
 C         -5.2676206116        2.8832032877        0.8015268069
 C         -4.7716953922        1.5990178465        0.8227949357
 C         -3.8912276489       -1.1011853967        0.1787322786
 C         -3.4992927539       -2.2762449731        0.8372095526
 C         -4.3043410681       -3.3948037759        0.8291020781
 C         -5.5183519418       -3.3479057540        0.1545193404
 C         -5.9137627784       -2.1725910740       -0.5120550250
 C         -5.1152635024       -1.0585680912       -0.5081974796
 C         -7.2580957412       -2.3623041093       -1.1767626670
 C         -8.2933207631       -1.3877509199       -0.6061180818
 C         -7.1515335453       -2.2025569901       -2.6965120008
 C         -7.5813373074       -3.7906307525       -0.7988904505
 C         -8.6936491896       -4.5381316759       -1.1170690521
 C         -8.7746100399       -5.8467851645       -0.6579687129
 C         -7.7565975167       -6.3970959599        0.1073172608
 C         -6.6347099850       -5.6545056356        0.4326106908
 C         -6.5503040490       -4.3469272235       -0.0233300301
 C         -1.1759029704       -1.1770033842       -0.7464400057
 C          0.1609911579       -1.3626688247       -0.9133081043
 C          1.0881934464       -0.5795597786       -0.1761815564
 C          0.6246375750        0.3796342976        0.7471790382
 C          2.5064707404       -0.7874749003       -0.3939969540
 O          2.9487263751       -1.5995448632       -1.1987539630
 C          5.5209413861        0.8922309652       -0.3458405474
 C          6.8818832059        0.7266792866       -0.5688740409
 C          7.6416281657        1.8848627933       -1.0829611320
 C          8.7095268453        2.4190966868       -0.3695761482
 C          9.3929572330        3.5208360227       -0.8506163643
 C          9.0222425158        4.1003537712       -2.0524563276
 C          7.9567476710        3.5787262692       -2.7666101171
 C          7.2670652324        2.4820613831       -2.2824977437
 H          9.2251573062       -0.0795304391       -1.5131686999
 H          9.5824282691       -0.4655202828        0.1649729802
 H          9.1238378929       -1.7546188734       -0.9430426658
 H          8.7829700381       -2.2094843510        1.7961236679
 H          9.6760889197       -4.4566895135        2.2493380436
 H          8.6754977750       -6.4293145905        1.1569291832
 H          6.7689461580       -6.1432602085       -0.3837613652
 H          5.8790710053       -3.8876301542       -0.8398233830
 H          4.7663699275       -2.1995666423        0.7738207346
 H          1.8364942213        2.5979079162        3.0229783201
 H         -0.6015705431        2.8624567913        3.4588700055
 H         -2.2302378353        1.5827302485        2.1752314647
 H         -1.9870083981        2.0766932698       -1.0438310470
 H         -2.8730107794        4.3629439171       -1.0664418972
 H         -3.1916698221        6.1941245509        0.3827170804
 H         -4.0655197210        8.4892949067        0.3709664834
 H         -6.4883551199        8.8924137787        0.1314730732
 H         -8.0311463558        6.9815292198       -0.1067773345
 H         -7.1598784322        4.6859966481       -0.1156762360
 H         -6.1764760680        3.1083869049        1.3391924460
 H         -5.2864195868        0.8265651465        1.3756323704
 H         -2.5613822461       -2.2826779747        1.3720747950
 H         -3.9966348846       -4.2888084284        1.3489906897
 H         -5.3975945648       -0.1630119623       -1.0417712644
 H         -8.3671399294       -1.5059967157        0.4729710663
 H         -8.0079310292       -0.3615486016       -0.8262758193
 H         -9.2703661752       -1.5785461612       -1.0429441993
 H         -6.4119509510       -2.8927209933       -3.0967062643
 H         -8.1100820351       -2.4121125861       -3.1646527964
 H         -6.8547265607       -1.1877152143       -2.9507525360
 H         -9.4927221209       -4.1218991816       -1.7129086096
 H         -9.6411189561       -6.4439253406       -0.9005525262
 H         -7.8419995681       -7.4169829108        0.4521675585
 H         -5.8428462364       -6.0834677891        1.0279755221
 H         -1.8873572711       -1.7350354596       -1.3379370147
 H          0.5559339964       -2.0809965638       -1.6133408633
 H          5.0587534792        1.8490623265       -0.5359544388
 H          8.9898014085        1.9782417206        0.5754914580
 H         10.2176180611        3.9307747456       -0.2853178222
 H          9.5595794892        4.9584007882       -2.4294719114
 H          7.6613696526        4.0295493552       -3.7032981522
 H          6.4373097892        2.0712973158       -2.8399190537
  104
 Etot=        -159.6163891933
 C          8.9388736003       -0.7159439872       -0.6783229417
 C          7.4923521719       -0.5085098316       -0.3335535556
 C          6.7154998418       -1.5625258260        0.1586311288
 C          7.2826162025       -2.8973000587        0.4322721180
 C          8.3526975967       -3.0696446795        1.3049983381
 C          8.8479141678       -4.3342713861        1.5657103331
 C          8.2844401833       -5.4424056460        0.9554386287
 C          7.2142928472       -5.2809136606        0.0909426427
 C          6.7117987948       -4.0183792378       -0.1646097817
 C          5.3570263529       -1.3817182205        0.3911644634
 C          4.7618145043       -0.1601870122        0.1357949135
 N          3.3621240786        0.0116383371        0.3556974581
 C          2.9813649346        0.9552947759        1.3035408065
 O          3.8240512568        1.5860850928        1.9268288268
 C          1.5496589625        1.1241048267        1.5007816537
 C          1.0977494825        2.0381886880        2.4708220326
 C         -0.2474288186        2.1785544933        2.7006717742
 C         -1.1815558322        1.4552992560        1.9552622339
 C         -0.7739872233        0.5755916198        0.9478615304
 C         -1.6747006584       -0.1939650355        0.1485920844
 N         -3.0516013887        0.0046787463        0.1953645190
 C         -3.5770026329        1.2928369045        0.1624299625
 C         -2.8977896997        2.3115504363       -0.5144996698
 C         -3.3970773568        3.5934213583       -0.5203077668
 C         -4.5898539041        3.9072716582        0.1361711167
 C         -5.1132012434        5.2766073845        0.1327159755
 C         -4.2509264013        6.3652675638        0.2596513429
 C         -4.7442517395        7.6559847599        0.2630573779
 C         -6.1044706818        7.8831034953        0.1315582216
 C         -6.9701187299        6.8096111666        0.0007775441
 C         -6.4808190356        5.5173178555        0.0055093280
 C         -5.2678602565        2.8828180091        0.8013027081
 C         -4.7720950976        1.5986987938        0.8223397828
 C         -3.8910607636       -1.1007582063        0.1792350290
 C         -3.4987222595       -2.2765320110        0.8371256348
 C         -4.3037329123       -3.3947737261        0.8292440474
 C         -5.5181713396       -3.3479377453        0.1545577829
 C         -5.9137696007       -2.1722263347       -0.5119088686
 C         -5.1156714963       -1.0581685149       -0.5076004111
 C         -7.2580155744       -2.3620762345       -1.1767893017
 C         -8.2933713925       -1.3876481687       -0.6061648634
 C         -7.1514632502       -2.2025323664       -2.6965570940
 C         -7.5811755580       -3.7903635468       -0.7988073903
 C         -8.6934574616       -4.5378311864       -1.1168335728
 C         -8.7743920161       -5.8465982994       -0.6577422165
 C         -7.7562554795       -6.3969741234        0.1075439867
 C         -6.6343425541       -5.6545414006        0.4327576868
 C         -6.5498244701       -4.3466988354       -0.0232303451
 C         -1.1762462003       -1.1758180877       -0.7462482469
 C          0.1615059126       -1.3620855964       -0.9125612711
 C          1.0881745592       -0.5797963951       -0.1760105615
 C          0.6247900703        0.3790796847        0.7468511910
 C          2.5061342998       -0.7881096123       -0.3938595026
 O          2.9489638684       -1.6003872306       -1.1984586627
 C          5.5208477390        0.8925335279       -0.3452746476
 C          6.8817677489        0.7270759325       -0.5683427591
 C          7.6416354270        1.8850777732       -1.0826227018
 C          8.7097353762        2.4191138138       -0.3693593444
 C          9.3931584872        3.5208302590       -0.8504332837
 C          9.0223918636        4.1003507230       -2.0522640197
 C          7.9568299502        3.5787785523       -2.7663802955
 C          7.2670300796        2.4822362600       -2.2821825201
 H          9.2248541696       -0.0793417974       -1.5130943354
 H          9.5819688953       -0.4657191457        0.1649190708
 H          9.1234382903       -1.7546416601       -0.9433175562
 H          8.7826352165       -2.2095144559        1.7963855829
 H          9.6758734017       -4.4566684801        2.2493308707
 H          8.6753929034       -6.4292474875        1.1566907596
 H          6.7690108835       -6.1431723201       -0.3842524862
 H          5.8787587865       -3.8876476770       -0.8399023507
 H          4.7656938641       -2.1999944194        0.7728949545
 H          1.8364441133        2.5973323790        3.0225328137
 H         -0.6021137843        2.8612667695        3.4587052306
 H         -2.2302900250        1.5829272617        2.1746339963
 H         -1.9867598929        2.0766615101       -1.0438528752
 H         -2.8728099439        4.3628023356       -1.0664338474
 H         -3.1915711070        6.1940960101        0.3824456388
 H         -4.0654939729        8.4891852058        0.3706877284
 H         -6.4883629540        8.8922586952        0.1312699335
 H         -8.0311680848        6.9813268907       -0.1067907142
 H         -7.1599851395        4.6858267040       -0.1153976196
 H         -6.1765138937        3.1080724362        1.3392849247
 H         -5.2864319958        0.8264201533        1.3757796909
 H         -2.5609452315       -2.2828561112        1.3721774700
 H         -3.9962681360       -4.2885694904        1.3496216620
 H         -5.3978077566       -0.1628283919       -1.0416499503
 H         -8.3671215687       -1.5058853391        0.4729309330
 H         -8.0080652830       -0.3614330391       -0.8263452015
 H         -9.2704206165       -1.5785505496       -1.0429416857
 H         -6.4118819899       -2.8927651862       -3.0966278927
 H         -8.1100098082       -2.4121610842       -3.1646848690
 H         -6.8546192043       -1.1877350344       -2.9509087271
 H         -9.4925411430       -4.1216389493       -1.7126872851
 H         -9.6408843787       -6.4437675945       -0.9003739740
 H         -7.8417339619       -7.4168510454        0.4524034556
 H         -5.8425510789       -6.0835806775        1.0281345123
 H         -1.8876053196       -1.7339870095       -1.3378269055
 H          0.5563314467       -2.0805672368       -1.6125321471
 H          5.0585872080        1.8492294339       -0.5357157127
 H          8.9899357051        1.9783543705        0.5757750106
 H         10.2177932138        3.9307802044       -0.2851288512
 H          9.5597519343        4.9583598419       -2.4293031418
 H          7.6614908292        4.0295456204       -3.7030919584
 H          6.4372887521        2.0714507586       -2.8395967097
