  73
 Etot=        -119.4113533899
 O          6.2880479116       -2.5819601232       -2.0378279476
 C          5.9293541119       -1.6719077336       -1.2968201104
 C          6.8722786635       -0.8173689107       -0.5652538075
 C          8.2529113312       -1.0110335505       -0.6865700358
 C          9.1387904047       -0.2132693628       -0.0006584975
 C          8.6605104037        0.8010454087        0.8261447765
 C          7.3062311496        1.0133142612        0.9626130359
 C          6.4035712563        0.2058759990        0.2682551189
 O          5.0856312816        0.4652412925        0.4449993305
 C          4.1696243516       -0.2899964329       -0.2056715346
 C          2.8290623494        0.0202270410        0.0136671919
 C          1.8262069357       -0.7089114611       -0.6056085201
 C          0.4126324378       -0.3831393262       -0.3604919654
 C         -0.0010655957        0.9426000259       -0.2770952195
 C         -1.3373512215        1.2495524796       -0.0427917047
 N         -1.7349740461        2.5897194670        0.0593686055
 C         -2.7783886690        3.1854162535       -0.6224666760
 C         -3.6261637892        2.6518805729       -1.5818538039
 C         -4.5830366596        3.4809561386       -2.1351941531
 C         -4.6931279012        4.8169306588       -1.7549233478
 C         -3.8346602171        5.3619098060       -0.8205003457
 C         -2.8652649375        4.5465886767       -0.2501496621
 C         -1.8196351648        4.7748923199        0.7084453113
 C         -1.4146380934        5.8882950349        1.4339824868
 C         -0.3549941319        5.7584428911        2.3098012613
 C          0.2879069047        4.5338166699        2.4791952160
 C         -0.0975510614        3.4124552836        1.7693082628
 C         -1.1446491079        3.5428605695        0.8680725367
 C         -2.2704603243        0.2301614080        0.1144338425
 C         -1.8623800567       -1.0968854433        0.0251114093
 N         -2.7890969459       -2.1329167642        0.2030376686
 C         -2.6399693137       -3.2081770347        1.0604176250
 C         -1.6108231128       -3.5011768355        1.9443844098
 C         -1.7273399534       -4.6411671187        2.7171929210
 C         -2.8416729369       -5.4725385947        2.6253790828
 C         -3.8794279865       -5.1741782206        1.7648535439
 C         -3.7852023238       -4.0332101537        0.9781203654
 C         -4.6614818475       -3.4228252045        0.0170855506
 C         -5.9059974942       -3.7672665632       -0.4949588563
 C         -6.4782378473       -2.9511673281       -1.4507454083
 C         -5.8165820394       -1.8142141721       -1.9097976093
 C         -4.5778582841       -1.4530921333       -1.4153010282
 C         -4.0098366879       -2.2520778491       -0.4338781468
 C         -0.5269534294       -1.3995920086       -0.2194851015
 C          2.1777607888       -1.7610948100       -1.4631151722
 C          3.4977679774       -2.0648192027       -1.6858747356
 C          4.5207533798       -1.3411029667       -1.0619939144
 H          8.5895239456       -1.8064808522       -1.3351015368
 H         10.2012463020       -0.3718185618       -0.1011545051
 H          9.3550865460        1.4270361397        1.3652451551
 H          6.9170494407        1.7938541536        1.5973233442
 H          2.5977983382        0.8268440777        0.6910833182
 H          0.7071835797        1.7421893221       -0.4272363305
 H         -3.5338841511        1.6248532372       -1.8989721907
 H         -5.2572446858        3.0856163602       -2.8810351539
 H         -5.4555648372        5.4337469833       -2.2077285582
 H         -3.9095239607        6.4017543560       -0.5392884264
 H         -1.9230350260        6.8334713148        1.3152534949
 H         -0.0229901130        6.6128364788        2.8812308890
 H          1.1032242262        4.4587259378        3.1840480664
 H          0.3925727344        2.4633601829        1.9242115069
 H         -3.2995733178        0.4673496212        0.3362634385
 H         -0.7491234533       -2.8578544246        2.0382114744
 H         -0.9374493939       -4.8914830581        3.4103579314
 H         -2.8940745678       -6.3564152272        3.2440589412
 H         -4.7504443320       -5.8094786339        1.7046237889
 H         -6.4104622674       -4.6585057439       -0.1527539212
 H         -7.4469430555       -3.1995058427       -1.8589589019
 H         -6.2795904042       -1.2041338360       -2.6716397014
 H         -4.0647738538       -0.5832452678       -1.7942697582
 H         -0.2223534622       -2.4321010251       -0.2861241003
 H          1.4049267983       -2.3203797765       -1.9666024719
 H          3.7874966185       -2.8677943610       -2.3475445043
  73
 Etot=        -119.4114385335
 O          6.2855434048       -2.5799920978       -2.0369321473
 C          5.9291291996       -1.6730530332       -1.2983635114
 C          6.8714279037       -0.8172513513       -0.5650318053
 C          8.2512343829       -1.0112110895       -0.6861576547
 C          9.1373815478       -0.2135747328       -0.0005140639
 C          8.6595939993        0.8007159418        0.8256491587
 C          7.3053899295        1.0129081465        0.9620051738
 C          6.4027793978        0.2058308745        0.2679387836
 O          5.0844625658        0.4661905949        0.4453302969
 C          4.1689825994       -0.2892201779       -0.2052829604
 C          2.8284471839        0.0207603867        0.0142404435
 C          1.8257407360       -0.7086175271       -0.6043054188
 C          0.4125919693       -0.3833891626       -0.3587187476
 C         -0.0010115539        0.9420055884       -0.2751408477
 C         -1.3374385197        1.2490216085       -0.0428182576
 N         -1.7347590610        2.5882492214        0.0590510063
 C         -2.7787172701        3.1835349166       -0.6219970213
 C         -3.6270675532        2.6499158714       -1.5804188537
 C         -4.5831457893        3.4796697688       -2.1337227753
 C         -4.6923361865        4.8154739063       -1.7539257288
 C         -3.8336887484        5.3602180401       -0.8200511659
 C         -2.8647689309        4.5446566746       -0.2502480710
 C         -1.8189719670        4.7729683242        0.7076487851
 C         -1.4144149835        5.8860967296        1.4329489796
 C         -0.3550501193        5.7562489975        2.3086113190
 C          0.2880757955        4.5321099631        2.4778207424
 C         -0.0964822618        3.4109506384        1.7673872929
 C         -1.1437157177        3.5413549424        0.8668153550
 C         -2.2706522037        0.2297786170        0.1123388895
 C         -1.8624380254       -1.0970566893        0.0243994985
 N         -2.7886301606       -2.1319695964        0.2024711560
 C         -2.6393702488       -3.2069129474        1.0596756277
 C         -1.6102850797       -3.4996418358        1.9431358243
 C         -1.7267355222       -4.6397589217        2.7155655638
 C         -2.8409251937       -5.4708016209        2.6239203273
 C         -3.8787858083       -5.1723843619        1.7640104183
 C         -3.7845916868       -4.0315249096        0.9778076624
 C         -4.6607614347       -3.4211981979        0.0171105329
 C         -5.9047443107       -3.7660463707       -0.4947728993
 C         -6.4767442073       -2.9504036434       -1.4506107991
 C         -5.8158519956       -1.8131587882       -1.9090778059
 C         -4.5776023593       -1.4512193800       -1.4144342664
 C         -4.0095678361       -2.2504261223       -0.4336401816
 C         -0.5266426905       -1.3997862103       -0.2175821327
 C          2.1771684192       -1.7603183171       -1.4612792836
 C          3.4972955174       -2.0634452881       -1.6844885794
 C          4.5195128958       -1.3400348369       -1.0613730730
 H          8.5873463837       -1.8061805800       -1.3347790903
 H         10.1999359877       -0.3716349424       -0.1011837580
 H          9.3542126860        1.4270759205        1.3645271216
 H          6.9164493824        1.7935215381        1.5968381295
 H          2.5963641158        0.8271009143        0.6920840270
 H          0.7074613522        1.7415030619       -0.4243688270
 H         -3.5351170499        1.6228332660       -1.8977387361
 H         -5.2569528803        3.0850080968       -2.8797893045
 H         -5.4541139801        5.4322665999       -2.2068344175
 H         -3.9073164315        6.3999806704       -0.5391760359
 H         -1.9237770454        6.8305147063        1.3146489407
 H         -0.0231973786        6.6102513532        2.8799599569
 H          1.1026851912        4.4568681044        3.1830018769
 H          0.3941360389        2.4616551023        1.9216308895
 H         -3.3000389239        0.4670086146        0.3317823813
 H         -0.7494347083       -2.8549904790        2.0374798163
 H         -0.9369706300       -4.8898694134        3.4084872026
 H         -2.8931727550       -6.3542157023        3.2425543159
 H         -4.7498224535       -5.8072190226        1.7036953083
 H         -6.4084238164       -4.6574687310       -0.1526750332
 H         -7.4448167377       -3.1990374967       -1.8590634542
 H         -6.2789433543       -1.2032001360       -2.6705535437
 H         -4.0646034690       -0.5810918822       -1.7932556822
 H         -0.2219187026       -2.4321956062       -0.2837793503
 H          1.4034081182       -2.3190497308       -1.9644772107
 H          3.7870591456       -2.8661622604       -2.3456667716
  73
 Etot=        -119.4114627776
 O          6.2833466301       -2.5792615963       -2.0376563219
 C          5.9288125315       -1.6743957017       -1.2998907429
 C          6.8704032109       -0.8166629489       -0.5646147238
 C          8.2496014105       -1.0109828301       -0.6859423761
 C          9.1363235214       -0.2134897926       -0.0005882499
 C          8.6590143558        0.8008278100        0.8251973404
 C          7.3047280911        1.0130557087        0.9616336939
 C          6.4020316231        0.2062691537        0.2679918335
 O          5.0834167431        0.4677499465        0.4462563729
 C          4.1684530245       -0.2880704981       -0.2041580233
 C          2.8279809383        0.0212283925        0.0159505515
 C          1.8253834983       -0.7086579952       -0.6019958347
 C          0.4126953442       -0.3838101031       -0.3562637643
 C         -0.0006689324        0.9413645922       -0.2729033649
 C         -1.3374452026        1.2484964896       -0.0433454710
 N         -1.7344636214        2.5867427390        0.0582819753
 C         -2.7792303788        3.1814942090       -0.6216846049
 C         -3.6282716227        2.6477048214       -1.5792006206
 C         -4.5839257626        3.4780434305       -2.1322972934
 C         -4.6921241748        4.8139244399       -1.7530632284
 C         -3.8329522504        5.3585966196       -0.8197647299
 C         -2.8644503443        4.5426254710       -0.2503774144
 C         -1.8180387592        4.7709943739        0.7065890439
 C         -1.4138864308        5.8838568254        1.4320310797
 C         -0.3545012206        5.7538007836        2.3075165466
 C          0.2890329605        4.5299665055        2.4761383478
 C         -0.0949906169        3.4090125724        1.7651318431
 C         -1.1424305740        3.5396897852        0.8650912767
 C         -2.2709465436        0.2294363551        0.1094131583
 C         -1.8624996032       -1.0972682698        0.0235702888
 N         -2.7883113607       -2.1310116912        0.2016397456
 C         -2.6387820704       -3.2056017187        1.0587070914
 C         -1.6096311167       -3.4976822201        1.9419734419
 C         -1.7257438180       -4.6379990217        2.7141038289
 C         -2.8397068429       -5.4691114027        2.6224552686
 C         -3.8780215508       -5.1707438524        1.7631524982
 C         -3.7840211912       -4.0299403150        0.9772245458
 C         -4.6603684632       -3.4194550454        0.0170036494
 C         -5.9039608639       -3.7647535472       -0.4949232601
 C         -6.4758878559       -2.9491872556       -1.4507560483
 C         -5.8156300907       -1.8114873145       -1.9085813824
 C         -4.5775684643       -1.4490576313       -1.4139102781
 C         -4.0095021790       -2.2486398125       -0.4336517282
 C         -0.5262779176       -1.4001690526       -0.2155179235
 C          2.1762710516       -1.7598048813       -1.4590323386
 C          3.4965655612       -2.0622059568       -1.6828280121
 C          4.5180383727       -1.3386353591       -1.0602757944
 H          8.5852338457       -1.8062542115       -1.3341375968
 H         10.1989026378       -0.3717550467       -0.1010209147
 H          9.3535958143        1.4274106483        1.3639601896
 H          6.9160658882        1.7939020820        1.5964043312
 H          2.5950820947        0.8274762173        0.6938306171
 H          0.7081322862        1.7407104487       -0.4210708284
 H         -3.5371487939        1.6204397926       -1.8962317550
 H         -5.2582551070        3.0835821275       -2.8777618597
 H         -5.4535257451        5.4307232644       -2.2060505234
 H         -3.9052151478        6.3983771298       -0.5391365665
 H         -1.9240239033        6.8277274130        1.3139531321
 H         -0.0229034398        6.6073361693        2.8793164766
 H          1.1034284321        4.4544636755        3.1812922921
 H          0.3958967437        2.4595682615        1.9186730116
 H         -3.3007116252        0.4667470902        0.3263676706
 H         -0.7493749860       -2.8520643745        2.0361024544
 H         -0.9356974430       -4.8879955439        3.4065085000
 H         -2.8914064804       -6.3524477523        3.2408643228
 H         -4.7493165842       -5.8050121056        1.7031233110
 H         -6.4068530224       -4.6565000824       -0.1529391009
 H         -7.4433714277       -3.1982070515       -1.8597961227
 H         -6.2788337169       -1.2014011647       -2.6696910164
 H         -4.0647941544       -0.5785785224       -1.7923464721
 H         -0.2213119324       -2.4325350616       -0.2803676791
 H          1.4015669999       -2.3182566187       -1.9613962039
 H          3.7862778287       -2.8647174871       -2.3439360246
