  61
 Etot=         -95.5089387854
 C          1.5439741211        0.7641669521        2.8945901468
 C          0.4423725320        0.2042719079        2.2737451433
 C          0.5714004490       -0.4064551140        1.0283337680
 C         -0.5926113856       -1.0057979254        0.3572468539
 C         -0.4853515470       -2.2333506067       -0.2927167601
 C         -1.5845353519       -2.7927486188       -0.9178129647
 C         -2.8004435783       -2.1341445133       -0.9220550025
 C         -2.9195131622       -0.9065732528       -0.2770007202
 N         -4.1463221643       -0.2263295528       -0.2767778844
 C         -4.3397797192        1.1021856713       -0.6114143636
 C         -3.4222903859        2.0415631642       -1.0607746198
 C         -3.8892111296        3.3083591631       -1.3540964700
 C         -5.2356977905        3.6417974462       -1.2153794863
 C         -6.1578963476        2.7070867908       -0.7919475839
 C         -5.7104066608        1.4267948997       -0.4912852951
 C         -6.3724636831        0.2292412660       -0.0592312014
 N         -7.6517098275        0.0148996086        0.2093607167
 C         -7.9730202326       -1.2001485777        0.6098702254
 C         -7.0576328436       -2.2387761093        0.7801474518
 C         -5.7161951436       -2.0322040779        0.5056957366
 C         -5.3666326501       -0.7682710324        0.0558442304
 C         -1.8202974456       -0.3535497314        0.3682307181
 C          1.8193382508       -0.4354753570        0.4166211101
 C          2.9264655649        0.1271388157        1.0406729939
 N          4.1770552021        0.0874309261        0.4107205704
 C          5.0210321781        1.1632997653        0.2161996319
 C          4.8386812736        2.4999577703        0.5403089051
 C          5.8432174484        3.3875738053        0.2054126414
 C          7.0007998569        2.9652555039       -0.4445484899
 C          7.1768704066        1.6408280933       -0.7915681381
 C          6.1811254609        0.7294914315       -0.4654901897
 C          6.0227288567       -0.6809856399       -0.6846357393
 C          6.8199697600       -1.6514129241       -1.2770701319
 C          6.3669030168       -2.9551480511       -1.3022312529
 C          5.1435347153       -3.2994012738       -0.7316065444
 C          4.3330138513       -2.3517743048       -0.1366102583
 C          4.7709482140       -1.0352454727       -0.1313107606
 C          2.7866619593        0.7266331124        2.2893130685
 H          1.4364624824        1.2256701848        3.8650143577
 H         -0.5189048389        0.2199405090        2.7648486359
 H          0.4575433647       -2.7589815198       -0.2912532559
 H         -1.4922369876       -3.7465703222       -1.4156738160
 H         -3.6520582938       -2.5545957432       -1.4350460999
 H         -2.3801533284        1.7911957171       -1.1905536298
 H         -3.1932166440        4.0569079450       -1.7033235533
 H         -5.5566386964        4.6447943727       -1.4535870189
 H         -7.2052063903        2.9451365985       -0.6955934883
 H         -9.0229005908       -1.3568131713        0.8181220702
 H         -7.3981598771       -3.2006724836        1.1311693868
 H         -4.9837542664       -2.8142666917        0.6463517703
 H         -1.9235874691        0.5953988996        0.8728751843
 H          1.9286381041       -0.8673859378       -0.5671131317
 H          3.9374342682        2.8405715242        1.0275726199
 H          5.7264243691        4.4331164057        0.4499720305
 H          7.7640248722        3.6898194753       -0.6865015377
 H          8.0664072819        1.3158852800       -1.3098552523
 H          7.7758263423       -1.3873278996       -1.7037386441
 H          6.9702025839       -3.7246152141       -1.7604891886
 H          4.8235457758       -4.3309164183       -0.7510515354
 H          3.3966512221       -2.6318281058        0.3224390374
 H          3.6516969268        1.1439259063        2.7818011014
