  120
 Etot=        -189.8479523171
 N         12.7642975377       -6.3562956623       -0.2605251495
 C         11.7808534948       -5.7684075442       -0.2160374748
 C         10.5686414822       -5.0444832843       -0.1624608194
 C          9.4702513379       -5.4645152520       -0.9142505159
 C          8.2889525363       -4.7557895187       -0.8561768214
 C          8.1767516485       -3.6163146320       -0.0585775465
 C          6.9154979154       -2.8650739863       -0.0092450064
 C          5.6903960733       -3.5386820942        0.0441092165
 C          4.5180089648       -2.8258413492        0.0742145791
 C          4.5253468931       -1.4281540783        0.0473713907
 C          5.7474434909       -0.7284815695        0.0073903461
 C          6.9252667525       -1.4789199186       -0.0220883645
 C          5.7474739969        0.7285517016       -0.0088537637
 C          6.9252861209        1.4789934063        0.0212677554
 C          6.9154991489        2.8651464373        0.0084047424
 C          8.1766542343        3.6164915417        0.0586419677
 C          8.2881245640        4.7559066334        0.8564333430
 C          9.4692674765        5.4648101911        0.9154029660
 C         10.5682454623        5.0450172667        0.1643339342
 C         11.7802871891        5.7691454893        0.2189408772
 N         12.7635463495        6.3572659190        0.2644824039
 C         10.4672616320        3.9093655225       -0.6405367371
 C          9.2823886014        3.2053616278       -0.6864444667
 C          5.6904270022        3.5387473120       -0.0457541037
 C          4.5180631271        2.8259073113       -0.0764628456
 C          4.5254065337        1.4282242434       -0.0494787841
 C          3.2703572719        0.7118255011       -0.0446858064
 N          2.1421174359        1.3960109512       -0.1091719670
 C          0.9919931402        0.7112603253       -0.0677310854
 C         -0.2383184868        1.3936795067       -0.1265581575
 C         -1.4262082333        0.7119603199       -0.0539201360
 C         -2.6908915994        1.4607342979       -0.0201289501
 C         -2.9768886459        2.4324953237       -0.9753251204
 C         -4.1494701547        3.1555350426       -0.9220449173
 C         -5.0585942634        2.9591635920        0.1200942524
 N         -6.2243329444        3.7190498825        0.1941276024
 C         -7.3779102987        3.2111340344        0.8051895827
 C         -7.7387089991        1.8732004378        0.6489100825
 C         -8.8656426601        1.3785312288        1.2768857796
 C         -9.6624648211        2.2097855105        2.0468863407
 C         -9.3191241853        3.5438690143        2.1902894316
 C         -8.1833211883        4.0427724255        1.5830852942
 C         -6.2375948267        5.0371076307       -0.2885869187
 C         -5.1496759468        5.8836721086       -0.0816375164
 C         -5.1763948164        7.1789130153       -0.5613190152
 C         -6.2854390883        7.6519255597       -1.2434503192
 C         -7.3718851595        6.8165195974       -1.4451191354
 C         -7.3511118235        5.5173443309       -0.9761250354
 C         -4.7645590983        1.9954143962        1.0875530231
 C         -3.6097432205        1.2488965532        1.0056950044
 C         -1.4263020691       -0.7113587717        0.0519478243
 C         -2.6910929689       -1.4599696897        0.0188630120
 C         -3.6109489864       -1.2476129094       -1.0059613182
 C         -4.7657710414       -1.9942085300       -1.0872042187
 C         -5.0587206122       -2.9586872555       -0.1201498121
 N         -6.2241317852       -3.7191095513       -0.1937478045
 C         -7.3785624567       -3.2115792286       -0.8034852268
 C         -8.1841928039       -4.0433463264       -1.5810246424
 C         -9.3209706996       -3.5449066509       -2.1867773770
 C         -9.6651124657       -2.2111491829       -2.0422551727
 C         -8.8680527189       -1.3797555695       -1.2726518705
 C         -7.7400999167       -1.8739720758       -0.6461440561
 C         -6.2361054227       -5.0375189586        0.2880868994
 C         -7.3485193189       -5.5188620251        0.9766242531
 C         -7.3679171124       -6.8183362043        1.4448579612
 C         -6.2811856330       -7.6529356780        1.2413979399
 C         -5.1732564018       -7.1788338829        0.5582099769
 C         -5.1479201505       -5.8832852982        0.0792928819
 C         -4.1486940208       -3.1554326795        0.9211385820
 C         -2.9761976966       -2.4322354329        0.9738291362
 C         -0.2384606087       -1.3932395056        0.1241407939
 C          0.9919277114       -0.7109779399        0.0650902957
 N          2.1420023361       -1.3958322923        0.1065367480
 C          3.2703051378       -0.7117292160        0.0422112986
 C          9.2819096868       -3.2049479210        0.6872404043
 C         10.4669245979       -3.9087613524        0.6422248691
 H          9.5552528837       -6.3420415866       -1.5382939134
 H          7.4456969278       -5.0732936457       -1.4513845254
 H          5.6733775939       -4.6177635764        0.0800096712
 H          3.5611138600       -3.3219621835        0.1142116711
 H          7.8805546151       -0.9826683864       -0.0886785059
 H          7.8805444107        0.9827573745        0.0884147781
 H          7.4444029367        5.0732152276        1.4510842062
 H          9.5536981339        6.3422907915        1.5395884109
 H         11.3189023441        3.5917166443       -1.2241561608
 H          9.2019681283        2.3378355991       -1.3248879672
 H          5.6734349112        4.6178250984       -0.0817578322
 H          3.5611850493        3.3220137328       -0.1170134511
 H         -0.2209348273        2.4708705079       -0.1964069695
 H         -2.2818501236        2.6009322871       -1.7853526004
 H         -4.3679856702        3.8844256672       -1.6884436103
 H         -7.1276666162        1.2298305707        0.0324749468
 H         -9.1281213213        0.3371422996        1.1620691151
 H        -10.5445310264        1.8197203159        2.5314252107
 H         -9.9329447973        4.1994510589        2.7902066347
 H         -7.9089521760        5.0796330734        1.7111486948
 H         -4.2888900357        5.5197332983        0.4601261878
 H         -4.3284171675        7.8263025562       -0.3928902051
 H         -6.3034682988        8.6654789558       -1.6141088327
 H         -8.2394266033        7.1764431638       -1.9783011895
 H         -8.1961007355        4.8640839714       -1.1381898968
 H         -5.4435276515        1.8439519951        1.9134698508
 H         -3.3966110018        0.5147524402        1.7685223546
 H         -3.3986110938       -0.5130276193       -1.7685826123
 H         -5.4455256703       -1.8423146957       -1.9123973245
 H         -7.9092386602       -5.0799470386       -1.7099356150
 H         -9.9349533062       -4.2005887836       -2.7864205879
 H        -10.5479867707       -1.8214517754       -2.5256175416
 H         -9.1311560756       -0.3386195775       -1.1569614640
 H         -7.1288643853       -1.2305142542       -0.0299951325
 H         -8.1937217320       -4.8662243023        1.1400790692
 H         -8.2345887974       -7.1791252036        1.9788678240
 H         -6.2981263519       -8.6667131575        1.6114937984
 H         -4.3250826116       -7.8255948838        0.3883633514
 H         -4.2880111300       -5.5184621656       -0.4632687614
 H         -4.3664238108       -3.8848105124        1.6872973376
 H         -2.2804672512       -2.6010029567        1.7831915049
 H         -0.2211885534       -2.4704337675        0.1939684946
 H          9.2009122230       -2.3373780715        1.3255504985
 H         11.3181139862       -3.5909153989        1.2263949663
