  60
 Etot=         -91.7909979316
 C         -2.2264106269       -3.0587895376        2.0316411316
 C         -0.8943465925       -2.8943596271        1.6989840078
 C         -0.4998326312       -1.8471228100        0.8691521882
 C          0.9150041294       -1.6487252408        0.5249373233
 C          1.7406171201       -2.7307110899        0.2116315420
 C          3.0561330968       -2.5206856066       -0.1166954050
 C          3.6232137113       -1.2381789123       -0.1394184695
 C          5.0092231837       -1.0229421069       -0.5090656228
 C          5.8239398258       -2.0766869361       -0.9472195785
 C          7.1360589670       -1.8790490896       -1.3039728116
 C          7.6809077803       -0.6031544672       -1.2381210665
 C          6.9015146446        0.4485720433       -0.8196801244
 C          5.5615521315        0.2748475598       -0.4459136663
 C          4.7389338752        1.3940721063       -0.0217479957
 C          5.2675690602        2.6863764934        0.1060712367
 C          4.4875559561        3.7570631184        0.4715816212
 C          3.1341507623        3.5681414634        0.7190739068
 C          2.5941950552        2.3085528419        0.6180614330
 C          3.3704121664        1.1964266099        0.2626474501
 C          2.8057937181       -0.1407670884        0.2074385652
 C          1.4631412046       -0.3798793878        0.5189991801
 C         -1.4674250238       -0.9827175454        0.3694051614
 C         -2.8052530107       -1.1447184633        0.7077223740
 N         -3.7629602213       -0.2537465472        0.2042218290
 C         -4.9467841817       -0.5990128036       -0.4166793085
 C         -5.4525824033       -1.8546436567       -0.7215021811
 C         -6.6668875739       -1.9193414257       -1.3773126264
 C         -7.3640839797       -0.7670175061       -1.7337651625
 C         -6.8538238919        0.4851944593       -1.4563589309
 C         -5.6348203318        0.5761675383       -0.7974844725
 C         -4.8185836539        1.6809128638       -0.3788451506
 C         -4.9627214411        3.0597973714       -0.4587707652
 C         -3.9736680732        3.8607934704        0.0755922044
 C         -2.8603790331        3.3031262960        0.7005308064
 C         -2.6956044980        1.9346585143        0.7933558914
 C         -3.6721180723        1.1235967468        0.2327005560
 C         -3.1851741727       -2.1868580703        1.5486630139
 H         -2.5211211446       -3.8666342286        2.6852355732
 H         -0.1506329810       -3.5653782859        2.1018059138
 H          1.3349268617       -3.7316483952        0.2060570421
 H          3.6576332433       -3.3824470969       -0.3556675761
 H          5.4246541636       -3.0749216959       -1.0224416129
 H          7.7377752098       -2.7109979511       -1.6390532688
 H          8.7098200347       -0.4358736978       -1.5206327772
 H          7.3488661582        1.4286783726       -0.7939791664
 H          6.3143768093        2.8642591573       -0.0780638601
 H          4.9254594171        4.7400819298        0.5629950374
 H          2.5096345571        4.4045868963        0.9960885062
 H          1.5424733649        2.1943752805        0.8238303423
 H          0.8198090896        0.4398199741        0.7937221326
 H         -1.1856567263       -0.1955308645       -0.3142560351
 H         -4.9116137575       -2.7535521898       -0.4667625577
 H         -7.0832977815       -2.8854193009       -1.6223200349
 H         -8.3120256008       -0.8601771021       -2.2425948314
 H         -7.3856130479        1.3786250086       -1.7472470131
 H         -5.8344845684        3.4915767277       -0.9269277298
 H         -4.0644646108        4.9354444588        0.0203868669
 H         -2.1117918596        3.9556937740        1.1256696755
 H         -1.8416641220        1.5117627112        1.3011031908
 H         -4.2214535535       -2.2977603196        1.8294956098
  60
 Etot=         -91.7909979656
 C         -2.2264121623       -3.0587968285        2.0316367450
 C         -0.8943452078       -2.8943642967        1.6989808872
 C         -0.4998318392       -1.8471246368        0.8691496628
 C          0.9150067560       -1.6487285966        0.5249362799
 C          1.7406179265       -2.7307101615        0.2116347167
 C          3.0561330664       -2.5206911742       -0.1166892140
 C          3.6232141440       -1.2381807224       -0.1394159056
 C          5.0092261462       -1.0229426756       -0.5090602660
 C          5.8239452775       -2.0766929505       -0.9472090141
 C          7.1360693445       -1.8790438005       -1.3039571758
 C          7.6809039497       -0.6031595935       -1.2381061534
 C          6.9015222157        0.4485707688       -0.8196765443
 C          5.5615522603        0.2748484938       -0.4459108272
 C          4.7389323982        1.3940749553       -0.0217544864
 C          5.2675602159        2.6863831341        0.1060583814
 C          4.4875443465        3.7570639790        0.4715572455
 C          3.1341453723        3.5681431053        0.7190479540
 C          2.5941866203        2.3085587475        0.6180440324
 C          3.3704084735        1.1964271191        0.2626380168
 C          2.8057902075       -0.1407683609        0.2074352622
 C          1.4631377238       -0.3798841490        0.5189969749
 C         -1.4674263261       -0.9827220988        0.3694056124
 C         -2.8052528961       -1.1447202295        0.7077200552
 N         -3.7629591547       -0.2537458581        0.2042172677
 C         -4.9467814102       -0.5990103333       -0.4166775500
 C         -5.4525777032       -1.8546380983       -0.7215073484
 C         -6.6668898064       -1.9193363802       -1.3773241734
 C         -7.3640803632       -0.7670080503       -1.7337670443
 C         -6.8538248497        0.4852018141       -1.4563578119
 C         -5.6348166932        0.5761725321       -0.7974791234
 C         -4.8185829284        1.6809134913       -0.3788358039
 C         -4.9627205794        3.0597984984       -0.4587549982
 C         -3.9736677080        3.8607951454        0.0756114801
 C         -2.8603751159        3.3031231345        0.7005487361
 C         -2.6956048525        1.9346516345        0.7933652661
 C         -3.6721173593        1.1235915102        0.2327085301
 C         -3.1851750481       -2.1868616008        1.5486563612
 H         -2.5211220205       -3.8666405556        2.6852285385
 H         -0.1506332890       -3.5653829757        2.1018032424
 H          1.3349304573       -3.7316519309        0.2060629727
 H          3.6576381114       -3.3824483729       -0.3556576935
 H          5.4246597810       -3.0749235613       -1.0224267733
 H          7.7377821893       -2.7110029166       -1.6390339231
 H          8.7098287075       -0.4358730743       -1.5206189105
 H          7.3488653779        1.4286790142       -0.7939753292
 H          6.3143724377        2.8642629800       -0.0780772260
 H          4.9254484399        4.7400882555        0.5629673954
 H          2.5096222640        4.4045904867        0.9960556446
 H          1.5424665077        2.1943753419        0.8238077698
 H          0.8198072140        0.4398185690        0.7937155623
 H         -1.1856551359       -0.1955323074       -0.3142566927
 H         -4.9116131343       -2.7535506367       -0.4667740078
 H         -7.0832958684       -2.8854118356       -1.6223335217
 H         -8.3120261452       -0.8601665257       -2.2426027034
 H         -7.3856100028        1.3786338286       -1.7472419058
 H         -5.8344825882        3.4915817261       -0.9269117625
 H         -4.0644624391        4.9354441662        0.0204113193
 H         -2.1117911701        3.9556879468        1.1256906577
 H         -1.8416631192        1.5117564938        1.3011134168
 H         -4.2214548857       -2.2977668427        1.8294894141
