  91
 Etot=        -139.3827463791
 C          1.2489903129       -3.3681373319        3.8618395774
 C          0.7958380402       -2.0673237664        4.0175822047
 C          0.4974666199       -1.2801396586        2.9127155825
 C          0.6767826116       -1.8187416994        1.6592530403
 C          1.1380919930       -3.1338928716        1.4937978208
 C          1.4257747353       -3.9146425110        2.6003723023
 C          1.2641344837       -3.4052342712        0.0680773121
 C          1.7160054575       -4.5234050552       -0.6111813326
 C          1.7764043675       -4.4782171565       -1.9955621249
 C          1.3952807377       -3.3398020702       -2.6881487764
 C          0.9325139291       -2.2167371210       -2.0136198601
 C          0.8753476905       -2.2559612130       -0.6395476107
 C          0.3646311705       -1.1846130615        0.3096498191
 C          1.0122539522        0.1580547455        0.1001129704
 C          0.2004138852        1.3237030394       -0.0279643086
 C          0.8412368786        2.5583365461       -0.3419216916
 C          2.1808233149        2.6542793776       -0.4822096183
 C          3.0206468952        1.5252994436       -0.2701536281
 C          4.4012676924        1.6465534021       -0.3776828682
 C          5.2539172746        0.5652414201       -0.1788323726
 C          6.7013139702        0.7003014653       -0.3130863504
 C          7.4673164715       -0.3667985649       -0.8397939509
 C          8.8184432604       -0.2602595496       -0.9826562767
 C          9.5010659802        0.9153007422       -0.5998510390
 C         10.8958280558        1.0545696586       -0.7305421614
 C         11.5219007941        2.2092445127       -0.3472913684
 C         10.7784243979        3.2746029743        0.1834420471
 C          9.4228161264        3.1701481229        0.3218402280
 C          8.7461417787        1.9930662795       -0.0656188234
 C          7.3525429714        1.8576353400        0.0615255592
 C          4.6661731505       -0.6625317661        0.1693857044
 C          3.3111234286       -0.8055135970        0.2839257715
 C          2.4163034116        0.2690637420        0.0417046083
 C         -1.2009775635        1.2692357550        0.1219697393
 C         -2.0056467818        2.4444663839        0.2597429971
 C         -3.3625784864        2.3847437292        0.2729666769
 C         -4.0569134970        1.1626798842        0.0979706872
 C         -5.5000351699        1.1911581500       -0.0314985309
 C         -6.2373480861        1.9278486028        0.8655568439
 C         -7.6487245479        1.9148830259        0.8743675925
 C         -8.3608497590        2.6265082256        1.8593219574
 C         -9.7286650374        2.5802151062        1.9104298909
 C        -10.4282991462        1.8118107584        0.9787028732
 C         -9.7540652595        1.1137854118        0.0035813387
 C         -8.3566796720        1.1491369857       -0.0857477851
 C         -7.6053896234        0.4667485012       -1.1146738230
 C         -8.2342273311       -0.2048390966       -2.1746673823
 C         -7.5128285035       -0.7936276251       -3.1845101859
 C         -6.1226467743       -0.7116040572       -3.1866549929
 C         -5.4776326447       -0.0707882248       -2.1591046272
 C         -6.1904470308        0.4985143101       -1.0915559232
 C         -3.3008865555       -0.0501864490        0.1280885598
 C         -3.9331998653       -1.2959422677        0.2155418328
 C         -3.1930039768       -2.4637670946        0.2696804457
 C         -1.8155289115       -2.4119415707        0.2623100539
 C         -1.1482854429       -1.1836644132        0.2179567294
 C         -1.8783549002        0.0029755147        0.1595230944
 H          1.4691879573       -3.9632342160        4.7360624831
 H          0.6702505214       -1.6612160652        5.0103856409
 H          0.1376561512       -0.2687884406        3.0333459743
 H          1.7809024238       -4.9279470494        2.4838860489
 H          2.0167014464       -5.4115229158       -0.0751187498
 H          2.1283847096       -5.3411481122       -2.5418573280
 H          1.4568073243       -3.3256799510       -3.7662959861
 H          0.6320023093       -1.3309823246       -2.5539488521
 H          0.2332130206        3.4310676807       -0.5176473936
 H          2.6417250483        3.5941029655       -0.7512030651
 H          4.8115426759        2.6083429473       -0.6515553678
 H          6.9597801571       -1.2656276268       -1.1581916589
 H          9.3905022665       -1.0783877325       -1.3978461699
 H         11.4641782528        0.2308629949       -1.1394767501
 H         12.5926725780        2.3092594746       -0.4497288200
 H         11.2888552359        4.1788590541        0.4820361923
 H          8.8468211255        3.9888307466        0.7299945172
 H          6.7946150878        2.6778108256        0.4906928810
 H          5.3018253357       -1.5085275357        0.3873192587
 H          2.9323854387       -1.7604948953        0.5947611899
 H         -1.5267808407        3.4028571407        0.3784501990
 H         -3.9398141420        3.2945116088        0.3537789568
 H         -5.7319181094        2.4728394982        1.6507041796
 H         -7.8035644145        3.2079053486        2.5802559568
 H        -10.2676593249        3.1275575715        2.6698125060
 H        -11.5064435670        1.7649164240        1.0252023442
 H        -10.3278415847        0.5264497751       -0.6959394242
 H         -9.3107665810       -0.2521787776       -2.2159933768
 H         -8.0247910605       -1.3030684665       -3.9877800898
 H         -5.5556675953       -1.1440680348       -3.9977225000
 H         -4.4011307841        0.0083415022       -2.1712603547
 H         -5.0105716189       -1.3433287822        0.2466846101
 H         -3.6966145039       -3.4171076419        0.3268998505
 H         -1.2510348278       -3.3300621369        0.3090903035
  91
 Etot=        -139.3827756069
 C          1.2492085854       -3.3682865299        3.8616572794
 C          0.7961420214       -2.0674531754        4.0174988498
 C          0.4976666286       -1.2801838408        2.9127113402
 C          0.6769099205       -1.8186985479        1.6592164482
 C          1.1381063252       -3.1338769662        1.4936396375
 C          1.4258480951       -3.9147156306        2.6001474445
 C          1.2640582851       -3.4051283997        0.0679340462
 C          1.7158060421       -4.5233129164       -0.6114017802
 C          1.7760988998       -4.4780845941       -1.9957758031
 C          1.3950137847       -3.3395988944       -2.6882738145
 C          0.9323696421       -2.2165138176       -2.0136831592
 C          0.8754099813       -2.2557472169       -0.6396070306
 C          0.3648828978       -1.1841949365        0.3096241212
 C          1.0126801488        0.1582263104        0.1002532880
 C          0.2007499170        1.3236705900       -0.0275695688
 C          0.8410802731        2.5581861335       -0.3419753830
 C          2.1808126066        2.6545404350       -0.4821761560
 C          3.0206054171        1.5257420014       -0.2698626181
 C          4.4010230603        1.6469922150       -0.3770030505
 C          5.2540204520        0.5650027361       -0.1790722987
 C          6.7007673283        0.7000325618       -0.3131909844
 C          7.4671683115       -0.3674079027       -0.8390263241
 C          8.8181260554       -0.2605124954       -0.9823092702
 C          9.5008035974        0.9153772132       -0.5997652755
 C         10.8953795411        1.0546443036       -0.7305028739
 C         11.5216521823        2.2094797126       -0.3471796686
 C         10.7782606132        3.2747833851        0.1835725837
 C          9.4225680994        3.1704213980        0.3218245251
 C          8.7457528907        1.9933175445       -0.0658048997
 C          7.3522726232        1.8581406054        0.0608360307
 C          4.6658748530       -0.6632813315        0.1682120423
 C          3.3112056761       -0.8060961259        0.2833359101
 C          2.4157645464        0.2690653210        0.0415325610
 C         -1.2014235748        1.2690981276        0.1225268454
 C         -2.0052130287        2.4426210403        0.2609077949
 C         -3.3632457541        2.3828785083        0.2748481658
 C         -4.0571399242        1.1621229850        0.0989596796
 C         -5.4993997759        1.1909044542       -0.0313811932
 C         -6.2375460072        1.9295462903        0.8650118510
 C         -7.6482239108        1.9156917864        0.8741525531
 C         -8.3608695347        2.6272327666        1.8594043158
 C         -9.7285814812        2.5807289340        1.9102593147
 C        -10.4280667694        1.8121348992        0.9784110671
 C         -9.7534978003        1.1138955149        0.0032919626
 C         -8.3563184508        1.1491763300       -0.0858561548
 C         -7.6048877999        0.4662415459       -1.1145024434
 C         -8.2337936875       -0.2048670728       -2.1746368474
 C         -7.5124242434       -0.7938759506       -3.1846291218
 C         -6.1223744325       -0.7119777505       -3.1867002359
 C         -5.4772882980       -0.0714133500       -2.1588586526
 C         -6.1899113689        0.4973260954       -1.0909341076
 C         -3.3012560230       -0.0497431653        0.1273616611
 C         -3.9333647844       -1.2961646280        0.2153209463
 C         -3.1931565070       -2.4631829360        0.2698144858
 C         -1.8150735734       -2.4112022879        0.2622905384
 C         -1.1479934410       -1.1834197987        0.2176168532
 C         -1.8784101791        0.0035784289        0.1589901079
 H          1.4694581722       -3.9634443646        4.7358237085
 H          0.6708195041       -1.6613296397        5.0103245862
 H          0.1380460707       -0.2687845344        3.0334485085
 H          1.7808579864       -4.9280477090        2.4835517911
 H          2.0163899443       -5.4114979897       -0.0753893226
 H          2.1278925921       -5.3410509765       -2.5421354575
 H          1.4564978374       -3.3254128485       -3.7664185985
 H          0.6319076072       -1.3307251309       -2.5539683478
 H          0.2328033096        3.4307653832       -0.5175601621
 H          2.6415957980        3.5944482977       -0.7510322210
 H          4.8113097745        2.6087669452       -0.6508754875
 H          6.9597590010       -1.2662154817       -1.1576577796
 H          9.3902013866       -1.0783786084       -1.3979971449
 H         11.4637422974        0.2308876916       -1.1393329715
 H         12.5924487479        2.3093910141       -0.4495047478
 H         11.2887332473        4.1789820507        0.4822693554
 H          8.8465910174        3.9891408859        0.7299149072
 H          6.7944227212        2.6782614176        0.4901896965
 H          5.3015147715       -1.5092134115        0.3863855397
 H          2.9326186477       -1.7608159563        0.5951193041
 H         -1.5264089968        3.4013540361        0.3772443671
 H         -3.9402710648        3.2929602854        0.3540985141
 H         -5.7323325701        2.4742308120        1.6504757582
 H         -7.8038018758        3.2089334038        2.5802369861
 H        -10.2677887690        3.1281835688        2.6694047908
 H        -11.5062112277        1.7650534971        1.0248303313
 H        -10.3271858089        0.5263318768       -0.6961165083
 H         -9.3103478073       -0.2518667532       -2.2160569479
 H         -8.0244461324       -1.3033024207       -3.9878663690
 H         -5.5553672158       -1.1445160635       -3.9977011143
 H         -4.4007917113        0.0077389349       -2.1710123623
 H         -5.0106909938       -1.3437981952        0.2471922720
 H         -3.6965572598       -3.4166063077        0.3277482088
 H         -1.2506265683       -3.3293396747        0.3095370364
