  78
 Etot=        -129.9879257797
 C         -4.2081231088        4.2264154226        1.3476773319
 C         -4.7305324472        3.0346603941        0.8698618873
 C         -3.8780503350        2.1262135390        0.2384298200
 C         -4.3856290195        0.8583308095       -0.2579301366
 N         -3.6923863185       -0.2507715782       -0.3488356776
 C         -4.5485122102       -1.1988789474       -0.8515978513
 C         -4.3406666535       -2.5417236086       -1.1511994349
 C         -5.4103038374       -3.2564743884       -1.6468609307
 C         -6.6606132641       -2.6683273644       -1.8495669473
 C         -6.8871687871       -1.3369481924       -1.5643296001
 C         -5.8177940230       -0.6132432294       -1.0640028990
 N         -5.6788475785        0.6919965211       -0.6708177404
 C         -2.5285950500        2.4145225776        0.0909832729
 C         -1.9777684731        3.5960461424        0.6102929060
 C         -0.5865640158        3.9312221486        0.5852556813
 N         -0.2940151996        5.2107041699        1.0996987326
 N          0.8703503075        5.5852042617        1.1415266433
 N          1.9448346121        5.0537831227        0.8338926068
 C          1.8359754211        3.7448777323        0.3205731089
 C          3.0993681123        3.1099628067        0.0049437967
 C          4.1721714468        3.8954434248       -0.4336673220
 C          5.3744490333        3.3077257088       -0.7762536183
 C          5.5333820934        1.9359618422       -0.7009352833
 C          4.4835025679        1.1374935812       -0.2386059797
 C          4.6588200990       -0.3015223909       -0.1789031180
 N          5.8195275504       -0.9023436010       -0.2846088999
 C          5.5675198446       -2.2409033468       -0.2049353021
 C          6.4267218700       -3.3365775048       -0.2534123120
 C          5.8651391413       -4.5906786023       -0.1558206051
 C          4.4850251176       -4.7750419803       -0.0145859773
 C          3.6125207297       -3.7073412474        0.0376519856
 C          4.1735626333       -2.4443385398       -0.0544132128
 N          3.6257049911       -1.1917256384       -0.0351180316
 C          3.2885784889        1.7327027359        0.1442764826
 C          0.5599915494        3.2130432525        0.1575577127
 C          0.4936929080        1.9157613376       -0.5509406833
 C          0.9790333229        1.8406657849       -1.8528470608
 C          1.0891611219        0.6147383844       -2.4852493963
 C          0.7114865035       -0.5429703009       -1.8312193920
 C          0.1778795379       -0.4697529577       -0.5469861745
 C         -0.2785520555       -1.6739199643        0.1396248162
 N          0.4367131545       -2.7509051958        0.3380155251
 C         -0.3875194917       -3.6140992175        1.0137899507
 C         -0.1590770323       -4.9047341129        1.4790699500
 C         -1.2016319276       -5.5480380665        2.1106210390
 C         -2.4465847277       -4.9376887148        2.2858464824
 C         -2.6929096865       -3.6554084914        1.8405861012
 C         -1.6499452956       -2.9987319988        1.2066046124
 N         -1.5374688165       -1.7496238077        0.6582428608
 C          0.0734713779        0.7597552995        0.0940603126
 C         -2.8664631854        4.5030173090        1.2290029120
 H         -4.8602294790        4.9391398311        1.8308859664
 H         -5.7762525887        2.8058257625        1.0123284624
 H         -3.3790244771       -3.0054558161       -1.0027802234
 H         -5.2810365833       -4.3011631553       -1.8866302734
 H         -7.4672290985       -3.2704742582       -2.2397379769
 H         -7.8522986298       -0.8796927149       -1.7227809372
 H         -6.3813047435        1.4101788327       -0.7183764886
 H         -1.9263981388        1.7070901158       -0.4499990828
 H          4.0393665411        4.9640095337       -0.5025865203
 H          6.1932027630        3.9252114256       -1.1145405700
 H          6.4582205346        1.4575937914       -0.9795525332
 H          7.4900454424       -3.1955483277       -0.3630765038
 H          6.5039345084       -5.4613373805       -0.1896002763
 H          4.0986280207       -5.7814419713        0.0541858897
 H          2.5446411336       -3.8230774751        0.1421449332
 H          2.6386843460       -1.0002750617        0.0196472268
 H          2.5102711576        1.1296645843        0.5819521329
 H          1.2881698512        2.7428832602       -2.3589162796
 H          1.4816841466        0.5646411615       -3.4892777696
 H          0.8120150204       -1.5072692350       -2.3045226760
 H          0.8002620719       -5.3790084266        1.3443015949
 H         -1.0587538740       -6.5527718791        2.4804345929
 H         -3.2332323684       -5.4859868568        2.7828903664
 H         -3.6541231565       -3.1813601287        1.9716863503
 H         -2.2943840848       -1.0865384195        0.4599474439
 H         -0.2985535484        0.8085780931        1.1076879983
 H         -2.4669142074        5.4250235790        1.6204220535
  78
 Etot=        -129.9879565328
 C         -4.2069079961        4.2265413502        1.3472687006
 C         -4.7297043284        3.0345376511        0.8696084234
 C         -3.8769276712        2.1255687093        0.2385384813
 C         -4.3847032327        0.8579130256       -0.2579043121
 N         -3.6917750635       -0.2515298838       -0.3486100597
 C         -4.5481509110       -1.1992907470       -0.8516329379
 C         -4.3406371702       -2.5421211231       -1.1513760679
 C         -5.4104096353       -3.2566652605       -1.6470902398
 C         -6.6605820894       -2.6682832969       -1.8496878160
 C         -6.8868251153       -1.3368399404       -1.5643362767
 C         -5.8172888046       -0.6133495959       -1.0640440138
 N         -5.6779511321        0.6918605650       -0.6708993811
 C         -2.5275938014        2.4133006254        0.0912557016
 C         -1.9760080606        3.5954416787        0.6102189626
 C         -0.5859770803        3.9307555180        0.5860494690
 N         -0.2942792179        5.2104055705        1.0995596872
 N          0.8704695877        5.5876096158        1.1411813724
 N          1.9449845607        5.0540652327        0.8325901210
 C          1.8356245115        3.7454508555        0.3207461139
 C          3.0977046388        3.1101219453        0.0046778897
 C          4.1717269324        3.8956842486       -0.4332120472
 C          5.3737098441        3.3079744878       -0.7761971574
 C          5.5328337568        1.9360060537       -0.7007768283
 C          4.4824465537        1.1375667627       -0.2383595388
 C          4.6577332761       -0.3012694912       -0.1788824360
 N          5.8186320312       -0.9025783378       -0.2850790846
 C          5.5669840554       -2.2407173461       -0.2050141363
 C          6.4264257937       -3.3366042128       -0.2535001061
 C          5.8648116359       -4.5905884319       -0.1561627863
 C          4.4844650490       -4.7747573379       -0.0148847888
 C          3.6117486261       -3.7068402291        0.0374104275
 C          4.1726460100       -2.4439900387       -0.0544544579
 N          3.6247600498       -1.1913450540       -0.0353519287
 C          3.2872714285        1.7324024655        0.1441045864
 C          0.5594314288        3.2126963806        0.1584200847
 C          0.4932593030        1.9155680242       -0.5508314462
 C          0.9787028472        1.8406709240       -1.8527209983
 C          1.0895420691        0.6147519410       -2.4850704196
 C          0.7119133534       -0.5430463845       -1.8311794764
 C          0.1782284319       -0.4699345951       -0.5469518773
 C         -0.2783267588       -1.6739716071        0.1396697044
 N          0.4370317173       -2.7510071277        0.3385831762
 C         -0.3872666954       -3.6142592869        1.0140459559
 C         -0.1589262687       -4.9049210300        1.4793564342
 C         -1.2014929827       -5.5480536958        2.1109906718
 C         -2.4463863878       -4.9374836629        2.2862239000
 C         -2.6926335342       -3.6552297897        1.8407994696
 C         -1.6496805054       -2.9986658762        1.2066749532
 N         -1.5372022575       -1.7496845065        0.6580142167
 C          0.0734877092        0.7594984802        0.0941810854
 C         -2.8654697042        4.5030408865        1.2286873415
 H         -4.8590448236        4.9393176226        1.8304244240
 H         -5.7754935019        2.8058590758        1.0120149912
 H         -3.3790395493       -3.0060303476       -1.0031333255
 H         -5.2813146052       -4.3013620197       -1.8869734060
 H         -7.4673001588       -3.2702570264       -2.2399375768
 H         -7.8518703059       -0.8793910209       -1.7227893692
 H         -6.3801955363        1.4102553102       -0.7184759416
 H         -1.9258986778        1.7060783703       -0.4505252024
 H          4.0393727227        4.9643567868       -0.5007845401
 H          6.1925732594        3.9254056352       -1.1143019148
 H          6.4578687290        1.4577509863       -0.9790491308
 H          7.4897402022       -3.1955436573       -0.3629403241
 H          6.5034972077       -5.4612677532       -0.1900172300
 H          4.0980500861       -5.7811177124        0.0538764659
 H          2.5437532579       -3.8224651736        0.1415617484
 H          2.6377170256       -0.9997707854        0.0194151083
 H          2.5093988756        1.1293754253        0.5825770427
 H          1.2873400521        2.7430260023       -2.3588664949
 H          1.4818159815        0.5648020865       -3.4892147821
 H          0.8116908426       -1.5072221196       -2.3049325625
 H          0.8003874949       -5.3792968869        1.3446541189
 H         -1.0586772907       -6.5527445399        2.4809146026
 H         -3.2330387219       -5.4856517523        2.7833689001
 H         -3.6537888799       -3.1811173035        1.9718152118
 H         -2.2942559902       -1.0865691193        0.4593273243
 H         -0.2989339465        0.8083090231        1.1076609632
 H         -2.4655709901        5.4248399692        1.6202644332
  78
 Etot=        -129.9879753785
 C         -4.2053241670        4.2262310758        1.3466705971
 C         -4.7285377243        3.0339554858        0.8694476842
 C         -3.8752747417        2.1245539851        0.2389685401
 C         -4.3831492779        0.8570878144       -0.2575562647
 N         -3.6906361020       -0.2528074115       -0.3482748827
 C         -4.5473968425       -1.2000923271       -0.8516117772
 C         -4.3404501143       -2.5429187960       -1.1516617309
 C         -5.4104801165       -3.2570106988       -1.6475716231
 C         -6.6603907710       -2.6681316016       -1.8500494243
 C         -6.8860323738       -1.3365867712       -1.5645403443
 C         -5.8162492329       -0.6135778865       -1.0641583797
 N         -5.6763247581        0.6915150054       -0.6709078224
 C         -2.5262198406        2.4118752804        0.0917322709
 C         -1.9736448298        3.5945554544        0.6101639900
 C         -0.5848272821        3.9301360047        0.5870740871
 N         -0.2939150348        5.2097716560        1.0990230617
 N          0.8706589302        5.5917058649        1.1400523285
 N          1.9446056716        5.0546714834        0.8298455970
 C          1.8353492310        3.7466629080        0.3209767952
 C          3.0958034243        3.1106490380        0.0052358190
 C          4.1714595325        3.8959787833       -0.4317208273
 C          5.3728747714        3.3082406393       -0.7753350343
 C          5.5319684367        1.9360132511       -0.7004750219
 C          4.4808291150        1.1378623842       -0.2381677233
 C          4.6557933352       -0.3007160694       -0.1790714887
 N          5.8169529287       -0.9027141309       -0.2856984733
 C          5.5655977754       -2.2401238835       -0.2053450486
 C          6.4251649632       -3.3363419411       -0.2539168573
 C          5.8634738346       -4.5901619070       -0.1568919835
 C          4.4829082875       -4.7742142597       -0.0157059247
 C          3.6100160640       -3.7061272281        0.0366916306
 C          4.1707855638       -2.4434478043       -0.0546457681
 N          3.6231163911       -1.1907241618       -0.0357176905
 C          3.2856736986        1.7324330349        0.1441935679
 C          0.5589064872        3.2120753992        0.1594156375
 C          0.4933231300        1.9151277535       -0.5504871012
 C          0.9784232060        1.8406918862       -1.8524864499
 C          1.0896764638        0.6148902505       -2.4850173810
 C          0.7123655476       -0.5431387667       -1.8313197361
 C          0.1788664083       -0.4703684959       -0.5469808886
 C         -0.2778429794       -1.6742478116        0.1396546116
 N          0.4376182895       -2.7513792031        0.3391824881
 C         -0.3866923421       -3.6144407373        1.0146354012
 C         -0.1585217285       -4.9050609899        1.4802258564
 C         -1.2011605198       -5.5479169405        2.1119518497
 C         -2.4459938818       -4.9370700455        2.2870650078
 C         -2.6921473333       -3.6549796375        1.8411609314
 C         -1.6491973451       -2.9986790976        1.2067426944
 N         -1.5366685423       -1.7499640017        0.6575804739
 C          0.0739816592        0.7589071889        0.0944635218
 C         -2.8642190574        4.5025233722        1.2283686865
 H         -4.8576596892        4.9393365139        1.8291392133
 H         -5.7743253993        2.8054360584        1.0117204697
 H         -3.3790083456       -3.0072444310       -1.0035715217
 H         -5.2817445924       -4.3017155599       -1.8876676603
 H         -7.4673763437       -3.2697460380       -2.2403133872
 H         -7.8509103579       -0.8787574738       -1.7229427298
 H         -6.3781532297        1.4103099794       -0.7185617633
 H         -1.9249128890        1.7046362289       -0.4504117276
 H          4.0393161248        4.9647282681       -0.4978506529
 H          6.1919187399        3.9255479366       -1.1131996875
 H          6.4569638414        1.4577400895       -0.9786604149
 H          7.4884702897       -3.1951472337       -0.3629365614
 H          6.5019569100       -5.4609290640       -0.1907735174
 H          4.0964774115       -5.7805244199        0.0529693426
 H          2.5419201217       -3.8216896021        0.1406055739
 H          2.6360629836       -0.9989321262        0.0191777353
 H          2.5077438690        1.1293086342        0.5824083086
 H          1.2863152281        2.7432783527       -2.3586797400
 H          1.4821328026        0.5651752245       -3.4891026550
 H          0.8121621690       -1.5071821104       -2.3053616720
 H          0.8006955446       -5.3796677190        1.3455289630
 H         -1.0585157687       -6.5525714113        2.4820136457
 H         -3.2326252692       -5.4849532543        2.7845222054
 H         -3.6532063445       -3.1807100554        1.9720872671
 H         -2.2939818367       -1.0868636545        0.4581304786
 H         -0.2985727304        0.8075472159        1.1078937282
 H         -2.4637878912        5.4243914417        1.6192091221
