  60
 Etot=         -95.7018457513
 C          1.2962760033        1.8054843778       -1.8788372288
 C          0.2579742307        1.0986654555       -1.3180343344
 C          0.5051746606        0.0539489130       -0.4045591463
 C         -0.6074553141       -0.6434222648        0.1712338864
 C         -0.4963164181       -1.8238714290        0.9169920909
 N         -1.5354239113       -2.4315493770        1.4182076094
 C         -2.7706496736       -1.9261401936        1.2265504949
 C         -2.9286979384       -0.8076854114        0.4161223185
 N         -4.1797832038       -0.2642559151        0.1951930519
 C         -5.3748095114       -0.9482871146        0.0411541010
 C         -5.6101833373       -2.3086991713       -0.0922492726
 C         -6.9182356835       -2.7247278647       -0.2654785655
 C         -7.9700433021       -1.8149875374       -0.3163843584
 C         -7.7378625688       -0.4557780031       -0.2192482896
 C         -6.4340155229       -0.0156872471       -0.0465776593
 C         -5.8419229605        1.2924791517        0.0507996128
 C         -6.3592532282        2.5792123679        0.0208521876
 C         -5.4860022546        3.6451617572        0.1339757911
 C         -4.1165732269        3.4395459758        0.2766948727
 C         -3.5790622363        2.1656534194        0.3141733377
 C         -4.4509066279        1.0960233645        0.1914008073
 N         -1.8731264376       -0.1913125230       -0.0953867430
 C          1.8380405548       -0.2268590450       -0.0716132830
 C          2.8747635106        0.4865998362       -0.6464980579
 N          4.2020412761        0.1809867135       -0.3037206600
 C          4.7728920018       -1.0733332393       -0.3310286596
 C          4.2250854202       -2.2847829238       -0.7304695016
 C          5.0320987499       -3.4051695624       -0.6796448287
 C          6.3555278779       -3.3294577202       -0.2509831486
 C          6.9131744270       -2.1230252411        0.1259771889
 C          6.1224951966       -0.9832265994        0.0840356708
 C          6.3652050489        0.4019118766        0.3787951794
 C          7.4724481067        1.1030425028        0.8355189238
 C          7.3556518953        2.4644521786        1.0390832527
 C          6.1505447868        3.1236894174        0.8066461525
 C          5.0343832653        2.4478153644        0.3523277800
 C          5.1521527722        1.0837279137        0.1237240864
 C          2.6132053234        1.5072064845       -1.5618836498
 H          1.0859110861        2.5968788251       -2.5834729493
 H         -0.7657595244        1.3278911636       -1.5695450564
 H          0.4640384319       -2.2948545636        1.0570762067
 H         -3.5902092377       -2.3610626614        1.7696880532
 H         -4.8025273914       -3.0238788534       -0.0821980759
 H         -7.1253704379       -3.7793088794       -0.3687881534
 H         -8.9778428495       -2.1788032114       -0.4486667743
 H         -8.5499059257        0.2522747102       -0.2834668141
 H         -7.4207213265        2.7404506100       -0.0902284470
 H         -5.8690586550        4.6545129662        0.1137001846
 H         -3.4597858526        4.2919570210        0.3648432821
 H         -2.5184597508        2.0060863718        0.4300096793
 H          2.0757262107       -0.9840872897        0.6597442737
 H          3.2059807139       -2.3480045523       -1.0814483860
 H          4.6290630249       -4.3603954777       -0.9823841630
 H          6.9531070680       -4.2284562128       -0.2230455667
 H          7.9432236172       -2.0629124137        0.4436495889
 H          8.4025266724        0.5905909180        1.0301901237
 H          8.2060073995        3.0287233443        1.3920812641
 H          6.0862824394        4.1862248995        0.9894388793
 H          4.0992060168        2.9621203961        0.1906087458
 H          3.4310576214        2.0388844355       -2.0225265177
  60
 Etot=         -95.7019761666
 C          1.2951356630        1.8064429988       -1.8780034767
 C          0.2568620149        1.1003494681       -1.3184058290
 C          0.5028099643        0.0534202989       -0.4033854082
 C         -0.6085258024       -0.6395340531        0.1738736858
 C         -0.4975645287       -1.8239075819        0.9200960426
 N         -1.5343578481       -2.4309211649        1.4196075335
 C         -2.7690284945       -1.9262732736        1.2266698392
 C         -2.9266230678       -0.8069354690        0.4130618144
 N         -4.1785609616       -0.2637479959        0.1926959014
 C         -5.3733057142       -0.9480265390        0.0396830332
 C         -5.6085602419       -2.3086746457       -0.0933417274
 C         -6.9167858163       -2.7250894721       -0.2653896036
 C         -7.9688332263       -1.8155906795       -0.3162105120
 C         -7.7369618108       -0.4561375560       -0.2191848250
 C         -6.4332438761       -0.0158063508       -0.0470485972
 C         -5.8414868930        1.2925033430        0.0505016709
 C         -6.3590662455        2.5790206616        0.0209712535
 C         -5.4856990310        3.6451334145        0.1340754352
 C         -4.1161413108        3.4396032639        0.2764075896
 C         -3.5783502070        2.1657224110        0.3132513461
 C         -4.4502023831        1.0960697454        0.1900484439
 N         -1.8746012092       -0.1890389439       -0.0958775080
 C          1.8377800493       -0.2284102026       -0.0711646706
 C          2.8737152492        0.4860512259       -0.6447213887
 N          4.2015000352        0.1805673986       -0.3027108588
 C          4.7724527585       -1.0733088467       -0.3309845786
 C          4.2243356748       -2.2847809042       -0.7307731148
 C          5.0312661645       -3.4053244371       -0.6800481217
 C          6.3547441282       -3.3297362670       -0.2514171239
 C          6.9128519004       -2.1231210360        0.1257350257
 C          6.1223417405       -0.9835699182        0.0839957505
 C          6.3650903739        0.4017490098        0.3788506962
 C          7.4721790093        1.1027693657        0.8351960556
 C          7.3551220594        2.4645703608        1.0387487795
 C          6.1499483514        3.1237444665        0.8063961904
 C          5.0335458979        2.4476048237        0.3527351043
 C          5.1514499577        1.0832154853        0.1243164564
 C          2.6130884358        1.5084299332       -1.5603132394
 H          1.0854368682        2.5972359154       -2.5835341738
 H         -0.7667676066        1.3307108256       -1.5687322024
 H          0.4616064844       -2.3001523006        1.0541286044
 H         -3.5874595076       -2.3588304462        1.7742375570
 H         -4.8007823280       -3.0236837400       -0.0830132873
 H         -7.1238528105       -3.7797018159       -0.3684259511
 H         -8.9765977675       -2.1795840789       -0.4485256491
 H         -8.5492450123        0.2517048612       -0.2831099209
 H         -7.4205639043        2.7401883816       -0.0902389221
 H         -5.8689605397        4.6544396997        0.1141228703
 H         -3.4595079315        4.2921006634        0.3646068366
 H         -2.5178428183        2.0053498806        0.4282940033
 H          2.0757006836       -0.9846488054        0.6612583630
 H          3.2051984365       -2.3476175549       -1.0814107782
 H          4.6281812135       -4.3604540736       -0.9827637143
 H          6.9522784218       -4.2287368313       -0.2235911888
 H          7.9429262211       -2.0631557187        0.4433253561
 H          8.4023394855        0.5904406561        1.0297509771
 H          8.2054662167        3.0288323231        1.3917360743
 H          6.0857543578        4.1862434981        0.9890787791
 H          4.0982923873        2.9615935447        0.1910620370
 H          3.4313797913        2.0368730115       -2.0240723474
  60
 Etot=         -95.7020667548
 C          1.2944374055        1.8075930590       -1.8765466898
 C          0.2562771384        1.1036583218       -1.3178016254
 C          0.4996749089        0.0528341508       -0.4012318458
 C         -0.6086413862       -0.6339086143        0.1764637731
 C         -0.4997311074       -1.8258079944        0.9225151627
 N         -1.5338225634       -2.4293521125        1.4203561617
 C         -2.7685096503       -1.9260873092        1.2281197906
 C         -2.9235375081       -0.8050261934        0.4095818072
 N         -4.1767343985       -0.2628604935        0.1888852515
 C         -5.3708380334       -0.9477951035        0.0374632137
 C         -5.6053856668       -2.3086967190       -0.0947654853
 C         -6.9136152074       -2.7259604999       -0.2654593505
 C         -7.9661535820       -1.8171507675       -0.3161647457
 C         -7.7351156716       -0.4573174153       -0.2194180802
 C         -6.4317164683       -0.0163156322       -0.0483301372
 C         -5.8405667589        1.2924634959        0.0493138753
 C         -6.3586697702        2.5786206274        0.0208166620
 C         -5.4854143816        3.6451129829        0.1340060930
 C         -4.1157723923        3.4400775274        0.2754721529
 C         -3.5773038312        2.1664260024        0.3104735027
 C         -4.4489411270        1.0964657590        0.1868541933
 N         -1.8766088874       -0.1864414847       -0.0949463633
 C          1.8374247679       -0.2298489102       -0.0701735380
 C          2.8719694416        0.4852347055       -0.6423022262
 N          4.2004282244        0.1798489973       -0.3013749666
 C          4.7712535032       -1.0734844352       -0.3305806199
 C          4.2226830283       -2.2848695958       -0.7307396916
 C          5.0295695652       -3.4055739603       -0.6807050313
 C          6.3530840797       -3.3303048254       -0.2524148476
 C          6.9118976768       -2.1235713765        0.1249472553
 C          6.1216783253       -0.9842694127        0.0837136088
 C          6.3644537840        0.4013607995        0.3788935468
 C          7.4713523269        1.1023274024        0.8345714121
 C          7.3539102296        2.4645714224        1.0380283821
 C          6.1486286392        3.1234644095        0.8060421809
 C          5.0319256311        2.4469719763        0.3533188085
 C          5.1500503930        1.0823526058        0.1250490545
 C          2.6135901143        1.5090203992       -1.5591140826
 H          1.0860062371        2.5989952147       -2.5819212633
 H         -0.7673846990        1.3350905565       -1.5665122454
 H          0.4582543819       -2.3070666874        1.0510765939
 H         -3.5848874963       -2.3534195468        1.7833308485
 H         -4.7970530071       -3.0230604699       -0.0840945123
 H         -7.1203292484       -3.7807367169       -0.3673276281
 H         -8.9738468108       -2.1816836748       -0.4476030527
 H         -8.5479582003        0.2499587882       -0.2825823680
 H         -7.4203147161        2.7395700957       -0.0892958605
 H         -5.8691643301        4.6542484955        0.1147866651
 H         -3.4595375454        4.2928149434        0.3641415510
 H         -2.5169023991        2.0052592348        0.4244891388
 H          2.0750354523       -0.9864327615        0.6620364550
 H          3.2035576124       -2.3468566990       -1.0812106639
 H          4.6264169996       -4.3605169657       -0.9837049307
 H          6.9505328016       -4.2293340617       -0.2247918136
 H          7.9420608772       -2.0641082378        0.4422565123
 H          8.4018451834        0.5904593405        1.0286235732
 H          8.2044097821        3.0288931966        1.3904799294
 H          6.0845794048        4.1859974254        0.9882580708
 H          4.0963609209        2.9602962119        0.1920083591
 H          3.4324091092        2.0360507618       -2.0231395332
  60
 Etot=         -95.7020792394
 C          1.2949106261        1.8084838198       -1.8754513554
 C          0.2567765993        1.1047859160       -1.3169848339
 C          0.4995258315        0.0529297747       -0.4007706193
 C         -0.6076837049       -0.6329084340        0.1766822956
 C         -0.5003047141       -1.8265041445        0.9231547008
 N         -1.5347355503       -2.4283623792        1.4201676428
 C         -2.7698188754       -1.9259131603        1.2293050599
 C         -2.9231026421       -0.8040912582        0.4098344792
 N         -4.1763692647       -0.2624592336        0.1881227940
 C         -5.3702277630       -0.9477456252        0.0371060286
 C         -5.6041427447       -2.3087097702       -0.0947968732
 C         -6.9122104081       -2.7264739789       -0.2652686112
 C         -7.9650282592       -1.8180630364       -0.3159405659
 C         -7.7345051032       -0.4580969394       -0.2195319149
 C         -6.4312632472       -0.0165865512       -0.0488189985
 C         -5.8403755768        1.2924719010        0.0484885594
 C         -6.3588138751        2.5785026654        0.0205317229
 C         -5.4858298488        3.6452051656        0.1337041907
 C         -4.1161390527        3.4405665589        0.2746486797
 C         -3.5773182229        2.1670948842        0.3090444462
 C         -4.4487101692        1.0969091741        0.1855443936
 N         -1.8765350474       -0.1867865193       -0.0936485538
 C          1.8375247004       -0.2297693693       -0.0700734955
 C          2.8717732375        0.4852930178       -0.6419540510
 N          4.2002660013        0.1796392061       -0.3012428829
 C          4.7708933122       -1.0736965351       -0.3305609780
 C          4.2221776796       -2.2849406044       -0.7308071230
 C          5.0289510589       -3.4057164090       -0.6810350815
 C          6.3524664740       -3.3306253246       -0.2528851622
 C          6.9114557274       -2.1240031084        0.1245505413
 C          6.1213803128       -0.9845979443        0.0835725454
 C          6.3642362377        0.4010831392        0.3788038383
 C          7.4711562260        1.1021803805        0.8341878323
 C          7.3536341089        2.4644251035        1.0376111166
 C          6.1482542086        3.1231781317        0.8060472942
 C          5.0315024908        2.4465809214        0.3537009611
 C          5.1497547570        1.0820501753        0.1252889091
 C          2.6140990272        1.5094270963       -1.5585076378
 H          1.0868430538        2.6002196133       -2.5806417209
 H         -0.7670443706        1.3365274630       -1.5649465902
 H          0.4573516998       -2.3087184162        1.0497538873
 H         -3.5857287661       -2.3514686753        1.7859793558
 H         -4.7954007404       -3.0226318373       -0.0839167295
 H         -7.1185137018       -3.7813484992       -0.3669976649
 H         -8.9725977969       -2.1829487738       -0.4472214378
 H         -8.5476219697        0.2488297108       -0.2828125257
 H         -7.4205449196        2.7392621975       -0.0888513272
 H         -5.8698905353        4.6542200275        0.1149991646
 H         -3.4600867128        4.2934414169        0.3634708382
 H         -2.5168316578        2.0062188319        0.4226604585
 H          2.0746308075       -0.9869975706        0.6616254073
 H          3.2029354533       -2.3466734515       -1.0810328395
 H          4.6256452736       -4.3606008466       -0.9840994170
 H          6.9498884985       -4.2296808293       -0.2254927508
 H          7.9417226120       -2.0648134949        0.4415511305
 H          8.4017826508        0.5905258623        1.0281185382
 H          8.2042020765        3.0287867271        1.3898188587
 H          6.0841210707        4.1857235682        0.9882703481
 H          4.0957434810        2.9596833938        0.1926966246
 H          3.4330710474        2.0358671089       -2.0226305151
