  64
 Etot=         -96.6418376419
 C         -0.1203075441        1.9939570509        1.3190031373
 C         -1.1048401436        0.9097356258        0.8274243613
 C         -1.5060359887        0.0828561030        2.0536838212
 C         -3.6390540772        1.2703252695        0.0009104160
 C         -4.4787174613        2.4750077303        0.2623925507
 C         -5.8315810661        2.0708885533        0.7174363589
 C         -6.1336413449        0.8151014502        1.0370582607
 C         -5.2225455470       -0.3894561154        0.9569168884
 C         -3.1677529596       -0.8929808254       -0.5826693789
 N         -2.7805163125       -2.1914095973       -0.2685985670
 C         -1.4630412976       -2.4960619223        0.0053161104
 C         -1.2446937955       -3.8568982941        0.2826485320
 C          0.0097486396       -4.3874103066        0.4540401832
 C          1.0980818706       -3.5496185893        0.3162492357
 C          0.9092879043       -2.1880141228        0.1017018073
 C          2.1718661554       -1.4186828421       -0.0189008430
 O          3.1802719324       -1.8542555040       -0.5393778588
 C          4.0529764931        1.2155469290       -0.3890978278
 C          5.3905473518        1.7101842017       -0.1260023093
 C          6.2320211845        1.2497145414        0.8262762749
 C          5.8901601413        0.2589020433        1.8015531239
 C          4.6634875673        0.1532452185        2.3292527480
 C          3.6296783480        1.1890157691        2.0301061004
 C         -0.3684466463       -1.5931066987        0.0122818873
 C          3.7280224164        1.1777574703       -1.8025836440
 C          3.2318161783        0.8334446832        0.6279043683
 C          2.0034375414       -0.0092930278        0.5034300950
 C          0.9892470165        0.3631192963       -0.5409526553
 C          1.2745976089        0.7415710107       -1.7992183040
 C          2.5400708273        1.0267517134       -2.4094333480
 S         -0.1559173156        0.7806777150       -2.8489059031
 C         -1.1509013456        0.0783906918       -1.5797683786
 C         -2.4158126170       -0.2886533263       -1.7071528096
 C         -4.0405103657       -0.1074826313        0.0763228284
 C         -3.3659918710        2.1485348610        1.2198498696
 C         -2.2602582641        1.7836124325        0.2684425391
 C         -0.4304047067       -0.0621497481       -0.2670417305
 H          0.4087513709        2.4648233095        0.4943865690
 H         -0.6919886872        2.7638859068        1.8338435386
 H          0.6050854628        1.6083547354        2.0248131820
 H         -2.3761882080       -0.5350453925        1.8644048278
 H         -0.6853637267       -0.5732100526        2.3389465451
 H         -1.7153928455        0.7368848585        2.8962828989
 H         -4.4047834932        3.3585355312       -0.3641061977
 H         -6.5844078277        2.8432444489        0.7919988751
 H         -7.1318221579        0.5888178061        1.3899879403
 H         -5.7916050494       -1.2384549503        0.5658058776
 H         -3.4705973405       -2.8269825956        0.1060654710
 H         -2.1098185276       -4.5038128453        0.3262804665
 H          0.1408418518       -5.4388807642        0.6572671131
 H          2.1096171646       -3.9216852769        0.3747716955
 H          5.7985710574        2.3777642714       -0.8750486815
 H          7.2688415455        1.5596659965        0.7872166298
 H          6.6715733927       -0.4281560092        2.0976136398
 H          4.3971606524       -0.6725195000        2.9730947306
 H          2.7961376277        1.1380920787        2.7272895588
 H          4.5720137018        1.3676692264       -2.4537444329
 H          4.0743446556        2.1866684666        2.0570577868
 H          1.5079575803       -0.0820543035        1.4716916165
 H          2.5038740800        1.1064083348       -3.4882233126
 H         -2.9589098803       -0.1555274192       -2.6312702519
 H         -4.9135974648       -0.6621510844        1.9763119103
 H         -3.4732298136        1.9264941749        2.2599966361
 H         -1.8865340386        2.5613333724       -0.3960751339
  64
 Etot=         -96.6420265163
 C         -0.1187480842        1.9906449507        1.3166852121
 C         -1.1042300591        0.9075133419        0.8260056980
 C         -1.5058703129        0.0824746352        2.0528123292
 C         -3.6371332410        1.2699520611        0.0009056025
 C         -4.4765560604        2.4741899756        0.2630149403
 C         -5.8292877251        2.0699759799        0.7172686073
 C         -6.1316460696        0.8145612694        1.0369132109
 C         -5.2204478649       -0.3898755578        0.9565204311
 C         -3.1668003215       -0.8928562212       -0.5836040420
 N         -2.7806933793       -2.1905058129       -0.2697421003
 C         -1.4624487557       -2.4948363386        0.0038155147
 C         -1.2466713410       -3.8549766261        0.2825022756
 C          0.0070509848       -4.3865374186        0.4567488588
 C          1.0956468528       -3.5498487308        0.3210705070
 C          0.9092418434       -2.1889147902        0.1036698420
 C          2.1769525639       -1.4246829195       -0.0184121243
 O          3.1837341705       -1.8680746954       -0.5247889755
 C          4.0515085617        1.2175726176       -0.3893191813
 C          5.3880613769        1.7127463379       -0.1250332068
 C          6.2294528698        1.2526761234        0.8274457272
 C          5.8880793638        0.2612396295        1.8016448591
 C          4.6613464231        0.1540952183        2.3280108180
 C          3.6278352637        1.1888228107        2.0274601225
 C         -0.3672975662       -1.5932488711        0.0105575351
 C          3.7260934617        1.1831152669       -1.8026470938
 C          3.2305814098        0.8326139642        0.6256257631
 C          2.0045802639       -0.0118950939        0.5006521912
 C          0.9896360042        0.3654479443       -0.5405696559
 C          1.2730605541        0.7473662355       -1.7972902507
 C          2.5378405277        1.0333215613       -2.4083908427
 S         -0.1581277401        0.7854905067       -2.8472423116
 C         -1.1500935094        0.0787755011       -1.5794645434
 C         -2.4146525912       -0.2886320651       -1.7072122165
 C         -4.0394374602       -0.1074777892        0.0746281101
 C         -3.3637942338        2.1473065854        1.2204367601
 C         -2.2585235845        1.7825767092        0.2685887635
 C         -0.4289982619       -0.0624299447       -0.2675875675
 H          0.4098506121        2.4581428286        0.4907856674
 H         -0.6903077123        2.7611931410        1.8310063189
 H          0.6066612481        1.6049230931        2.0219626706
 H         -2.3763426237       -0.5339992723        1.8635099238
 H         -0.6853999237       -0.5737658860        2.3374989549
 H         -1.7152549044        0.7374113408        2.8950510874
 H         -4.4028324770        3.3588368909       -0.3614499074
 H         -6.5819911431        2.8419528300        0.7919287100
 H         -7.1296237227        0.5884823846        1.3897039652
 H         -5.7900616100       -1.2389997079        0.5661378326
 H         -3.4698089286       -2.8236546402        0.1085243641
 H         -2.1128214767       -4.5009647645        0.3251304951
 H          0.1365689014       -5.4382785526        0.6590209703
 H          2.1055387893       -3.9237974939        0.3774576221
 H          5.7975072215        2.3783676104       -0.8748737031
 H          7.2663228204        1.5615775067        0.7881875175
 H          6.6686609327       -0.4267015520        2.0960333359
 H          4.3946072559       -0.6720204305        2.9707464678
 H          2.7943287569        1.1390785130        2.7249912205
 H          4.5703664557        1.3699506638       -2.4534538770
 H          4.0747274483        2.1846602440        2.0535208126
 H          1.5103357750       -0.0840889774        1.4696574563
 H          2.5017839804        1.1086116450       -3.4870413309
 H         -2.9588493553       -0.1531332327       -2.6299715774
 H         -4.9112582805       -0.6624862016        1.9762648926
 H         -3.4722481286        1.9237025081        2.2596937038
 H         -1.8848246553        2.5603422939       -0.3945457218
  64
 Etot=         -96.6421469992
 C         -0.1157103589        1.9875484791        1.3148749414
 C         -1.1021641774        0.9051630144        0.8244154668
 C         -1.5045798660        0.0803320815        2.0508536008
 C         -3.6343960427        1.2700782285        0.0006520602
 C         -4.4731432687        2.4738011142        0.2642032775
 C         -5.8256581746        2.0693299985        0.7178615046
 C         -6.1284917795        0.8140351618        1.0371911003
 C         -5.2171382141       -0.3902645618        0.9559395466
 C         -3.1655007787       -0.8922619804       -0.5857311162
 N         -2.7814468321       -2.1894585202       -0.2725548595
 C         -1.4623153496       -2.4937824248        0.0016001470
 C         -1.2508090833       -3.8535493738        0.2817136628
 C          0.0014676840       -4.3875698850        0.4600403565
 C          1.0910323430       -3.5529164931        0.3257869326
 C          0.9087736519       -2.1920818248        0.1051270748
 C          2.1857074367       -1.4361628067       -0.0117831067
 O          3.1934703105       -1.8913539869       -0.4964125379
 C          4.0493832013        1.2215678028       -0.3911284067
 C          5.3846379967        1.7170269494       -0.1250237345
 C          6.2255338796        1.2573453679        0.8283542696
 C          5.8844192487        0.2646705243        1.8009819202
 C          4.6569530546        0.1547155455        2.3248618919
 C          3.6241177739        1.1891767020        2.0231230044
 C         -0.3659303422       -1.5941624430        0.0082598510
 C          3.7245633038        1.1883842927       -1.8047808425
 C          3.2282400522        0.8320436451        0.6213234054
 C          2.0059802387       -0.0167510158        0.4956937561
 C          0.9902539754        0.3646739138       -0.5420254955
 C          1.2717294839        0.7524145449       -1.7963751108
 C          2.5357910749        1.0393193743       -2.4088967605
 S         -0.1612634883        0.7938987434       -2.8454318870
 C         -1.1491010222        0.0798805615       -1.5801883127
 C         -2.4135338962       -0.2872558299       -1.7083347206
 C         -4.0380805229       -0.1068943399        0.0718523101
 C         -3.3602041327        2.1455110330        1.2214573272
 C         -2.2556819786        1.7812737745        0.2684856983
 C         -0.4278399659       -0.0635105185       -0.2689797955
 H          0.4123290712        2.4529051258        0.4882278459
 H         -0.6863300200        2.7584684655        1.8295422662
 H          0.6096335671        1.6009015419        2.0192786588
 H         -2.3761304538       -0.5340223830        1.8619427722
 H         -0.6848585283       -0.5765999023        2.3352112782
 H         -1.7130510176        0.7361323647        2.8928503688
 H         -4.3996028523        3.3601645481       -0.3575052710
 H         -6.5785037483        2.8408034489        0.7922587208
 H         -7.1264387576        0.5878821806        1.3892226507
 H         -5.7871536103       -1.2398192204        0.5667320190
 H         -3.4694946425       -2.8181888185        0.1131557339
 H         -2.1186833585       -4.4974920617        0.3233620456
 H          0.1278924258       -5.4389709517        0.6654787506
 H          2.0990398602       -3.9291049486        0.3868210891
 H          5.7953861929        2.3828541374       -0.8738285221
 H          7.2619807032        1.5671081279        0.7908102647
 H          6.6652375145       -0.4220106975        2.0961100674
 H          4.3894667911       -0.6725856357        2.9654236779
 H          2.7902531645        1.1412702770        2.7205358216
 H          4.5681029338        1.3780131576       -2.4548987735
 H          4.0732861772        2.1832621673        2.0474537148
 H          1.5140222258       -0.0899850675        1.4658799322
 H          2.4973932459        1.1210250736       -3.4865720332
 H         -2.9589844327       -0.1487602382       -2.6296041160
 H         -4.9064672038       -0.6628122274        1.9756360985
 H         -3.4704569649        1.9187791864        2.2595245255
 H         -1.8820541281        2.5595966342       -0.3928985673
  64
 Etot=         -96.6422005536
 C         -0.1124775483        1.9843314555        1.3139708540
 C         -1.1003051578        0.9031157921        0.8231645430
 C         -1.5027482666        0.0778640785        2.0494111429
 C         -3.6324821668        1.2708129097        0.0004894301
 C         -4.4706772209        2.4742827829        0.2656756624
 C         -5.8231484442        2.0694176235        0.7189523905
 C         -6.1262119909        0.8139208906        1.0375959644
 C         -5.2146276916       -0.3902020848        0.9555178949
 C         -3.1647186091       -0.8914599726       -0.5881135377
 N         -2.7823788726       -2.1891688091       -0.2762149902
 C         -1.4630217941       -2.4941151531       -0.0007572432
 C         -1.2547222578       -3.8538799824        0.2812949446
 C         -0.0037905866       -4.3898964741        0.4636686717
 C          1.0868952872       -3.5566739934        0.3304975101
 C          0.9078436323       -2.1955354883        0.1066913366
 C          2.1899771278       -1.4443369548       -0.0040426342
 O          3.2027390282       -1.9097102990       -0.4678398930
 C          4.0486359008        1.2242219556       -0.3933023342
 C          5.3823773136        1.7215137278       -0.1250615391
 C          6.2227089662        1.2620881043        0.8292038612
 C          5.8817104919        0.2679743196        1.8003413259
 C          4.6534025582        0.1555079635        2.3221652308
 C          3.6207578500        1.1899029383        2.0198655303
 C         -0.3655554047       -1.5956608699        0.0061149329
 C          3.7239408994        1.1945499047       -1.8072386986
 C          3.2270520360        0.8313140730        0.6177319778
 C          2.0064503756       -0.0199506205        0.4913806292
 C          0.9909042936        0.3626537560       -0.5448225637
 C          1.2716762744        0.7550827006       -1.7974769827
 C          2.5346918664        1.0459366255       -2.4104680533
 S         -0.1628354039        0.8000622550       -2.8452710976
 C         -1.1486044167        0.0810291519       -1.5820546081
 C         -2.4132341958       -0.2854792869       -1.7103736272
 C         -4.0370367713       -0.1060197277        0.0698538898
 C         -3.3575596266        2.1444183410        1.2225887774
 C         -2.2534704652        1.7807026878        0.2687596050
 C         -0.4271051966       -0.0649870464       -0.2712404938
 H          0.4152012112        2.4500593761        0.4873720616
 H         -0.6819790563        2.7551963523        1.8298189389
 H          0.6129667657        1.5959931048        2.0173469675
 H         -2.3753194632       -0.5350503223        1.8606862062
 H         -0.6837797653       -0.5802617872        2.3329793178
 H         -1.7097765978        0.7335485931        2.8918876356
 H         -4.3970874722        3.3618460523       -0.3543082104
 H         -6.5761442121        2.8407130343        0.7936693393
 H         -7.1241540889        0.5875550349        1.3893674988
 H         -5.7847590016       -1.2400887488        0.5671610106
 H         -3.4701358577       -2.8138453288        0.1166667669
 H         -2.1238932557       -4.4960592821        0.3220416718
 H          0.1202151506       -5.4411669282        0.6711140663
 H          2.0940620765       -3.9346988312        0.3950858259
 H          5.7936323791        2.3883997540       -0.8726670619
 H          7.2589146717        1.5726228719        0.7927707792
 H          6.6629978378       -0.4179904698        2.0958287752
 H          4.3853391158       -0.6733038641        2.9605153200
 H          2.7862441134        1.1427920402        2.7165073317
 H          4.5671192659        1.3863349629       -2.4571034514
 H          4.0703387183        2.1836910280        2.0433611248
 H          1.5148127798       -0.0928909186        1.4619964713
 H          2.4952718848        1.1282770987       -3.4880597871
 H         -2.9595152533       -0.1444140652       -2.6307474978
 H         -4.9022687166       -0.6626649009        1.9747960032
 H         -3.4688196229        1.9149935769        2.2599493761
 H         -1.8796558309        2.5598144254       -0.3915368501
  64
 Etot=         -96.6422463011
 C         -0.1081350407        1.9800976022        1.3132669714
 C         -1.0973131973        0.9003822481        0.8213962648
 C         -1.4996954985        0.0739649356        2.0470743577
 C         -3.6298675506        1.2719826707        0.0002005945
 C         -4.4672466866        2.4753004342        0.2682401235
 C         -5.8197492707        2.0700402051        0.7212864107
 C         -6.1231020602        0.8141473157        1.0384921655
 C         -5.2113556199       -0.3898092512        0.9550349255
 C         -3.1640059743       -0.8901155942       -0.5919819792
 N         -2.7838499250       -2.1891710332       -0.2826738150
 C         -1.4647534814       -2.4953386682       -0.0041957846
 C         -1.2604066506       -3.8552708102        0.2804741561
 C         -0.0113175518       -4.3939150327        0.4679614060
 C          1.0811361990       -3.5626174243        0.3367118947
 C          0.9063681873       -2.2008889345        0.1096178562
 C          2.1928402638       -1.4543264971        0.0099051245
 O          3.2137116986       -1.9318110413       -0.4257610825
 C          4.0478040278        1.2275622189       -0.3966982741
 C          5.3795041477        1.7279504122       -0.1255294193
 C          6.2191727883        1.2690050949        0.8299752974
 C          5.8785492536        0.2728216578        1.7989349797
 C          4.6490835120        0.1567974328        2.3179357404
 C          3.6162418789        1.1909100242        2.0156632061
 C         -0.3656328890       -1.5984269820        0.0034954908
 C          3.7238478426        1.2009809168       -1.8109512576
 C          3.2259693684        0.8302002493        0.6130175217
 C          2.0066265371       -0.0238166712        0.4862695672
 C          0.9919430901        0.3588478350       -0.5492419492
 C          1.2725467465        0.7560934739       -1.8001445243
 C          2.5343389153        1.0513945049       -2.4135572418
 S         -0.1636309989        0.8059852168       -2.8463174060
 C         -1.1481128474        0.0822034155       -1.5853345387
 C         -2.4132514936       -0.2827097495       -1.7138942005
 C         -4.0354380057       -0.1047426826        0.0675044035
 C         -3.3537744319        2.1429078439        1.2242144096
 C         -2.2502708143        1.7800224452        0.2692160547
 C         -0.4260855243       -0.0677961663       -0.2750054519
 H          0.4195789386        2.4471958684        0.4872471941
 H         -0.6764677344        2.7506228910        1.8307966890
 H          0.6172002130        1.5896980417        2.0156354288
 H         -2.3736685450       -0.5372181871        1.8584626994
 H         -0.6817285523       -0.5861875838        2.3290164139
 H         -1.7044323965        0.7288554671        2.8906799077
 H         -4.3934496749        3.3642571245       -0.3498236260
 H         -6.5728739244        2.8412992368        0.7966417863
 H         -7.1211654872        0.5874607850        1.3898313815
 H         -5.7816986083       -1.2399562235        0.5676582041
 H         -3.4718132828       -2.8080272696        0.1199299555
 H         -2.1313092132       -4.4950032384        0.3203643988
 H          0.1096164957       -5.4448535764        0.6788516250
 H          2.0875446487       -3.9425619417        0.4072372068
 H          5.7908273867        2.3967974832       -0.8714000256
 H          7.2547992100        1.5818304545        0.7955742125
 H          6.6607755082       -0.4120094564        2.0950042832
 H          4.3805230895       -0.6742034597        2.9532683277
 H          2.7807933803        1.1436159640        2.7109680186
 H          4.5659213603        1.3998088851       -2.4603863558
 H          4.0649567903        2.1851944636        2.0389307895
 H          1.5143502683       -0.0938283509        1.4571844105
 H          2.4926548551        1.1408953846       -3.4907133366
 H         -2.9603290667       -0.1379597459       -2.6333148237
 H         -4.8967874106       -0.6620516188        1.9736335720
 H         -3.4656356228        1.9100311712        2.2608509312
 H         -1.8759919806        2.5604849492       -0.3895738271
