  86
 Etot=        -122.9196208528
 C          0.4574603909       -1.8351548612       -4.1701214043
 C          1.0099716077       -2.9584214467       -3.3003902855
 C         -0.0167791734       -3.4362158898       -2.2758188355
 C          0.5321280752       -4.5603677890       -1.3967856452
 C         -0.4336547250       -4.9776401628       -0.2758542505
 C         -0.4062435847       -6.4924306131       -0.0286343373
 C         -1.1371135734       -7.2780235035       -1.1121574225
 C         -0.1030093416       -4.2575933699        1.0499760585
 N         -0.0588698416       -2.8302229653        0.9172656980
 C          1.0741747890       -2.0634312744        0.8075656876
 C          2.4055896625       -2.4246394214        0.9011293275
 C          3.3756931126       -1.4268025423        0.7656013935
 C          3.0078268516       -0.0991727248        0.5226794575
 N          3.9985784142        0.8721083260        0.3827977404
 C          5.0779379084        1.0583002850        1.2275104712
 C          5.3973542056        0.4037108564        2.4060687525
 C          6.5308283786        0.8189983745        3.0924710557
 C          7.3165469882        1.8667429988        2.6218994040
 C          6.9865018723        2.5446616597        1.4614361767
 C          5.8550999211        2.1461590857        0.7565278645
 C          5.2117230696        2.6258010842       -0.4316451377
 C          5.5082093544        3.6351089259       -1.3422646101
 C          4.6692041094        3.8144631609       -2.4282342678
 C          3.5591970384        2.9983616345       -2.6240117510
 C          3.2448501986        1.9834067531       -1.7300317018
 C          4.0639431409        1.8171447082       -0.6250793456
 C          1.6645268717        0.2786507640        0.4272613700
 C          0.6850956049       -0.7054754872        0.5887561644
 C         -0.7340433877       -0.6834867360        0.5759778461
 C         -1.6836042062        0.3275247324        0.4015084975
 C         -3.0381824101       -0.0167808361        0.4631248494
 N         -3.9987124175        0.9830900389        0.3082860443
 C         -4.0087900658        1.9422003202       -0.6881559772
 C         -3.1567618613        2.0973279853       -1.7698529260
 C         -3.4139960033        3.1355030300       -2.6551251098
 C         -4.5011406634        3.9853261383       -2.4748224463
 C         -5.3738776620        3.8171463925       -1.4140883027
 C         -5.1343717770        2.7852017258       -0.5122280379
 C         -5.8231379800        2.3107190485        0.6523810075
 C         -6.9592483904        2.7361333298        1.3334221927
 C         -7.3409551805        2.0544304476        2.4755496986
 C         -6.6013256718        0.9759200491        2.9514201066
 C         -5.4642578802        0.5336205739        2.2887774556
 C         -5.0928626484        1.1928639028        1.1280082956
 C         -3.4470203842       -1.3357951702        0.6850158255
 C         -2.5066038374       -2.3595708545        0.8402280911
 C         -1.1662977742       -2.0285263574        0.7841919321
 H          0.1541651664       -0.9916574116       -3.5528336086
 H         -0.4109732707       -2.1760438396       -4.7306321724
 H          1.2095493337       -1.4910157008       -4.8769846991
 H          1.3099645218       -3.7956233392       -3.9356966398
 H          1.9013552183       -2.6034794812       -2.7766735396
 H         -0.3148382927       -2.5867227631       -1.6599967146
 H         -0.9094497819       -3.7903522149       -2.7982588309
 H          0.7425367145       -5.4202553187       -2.0347695223
 H          1.4830594666       -4.2427201683       -0.9653534836
 H         -1.4488385891       -4.6950386580       -0.5712729473
 H          0.6312667447       -6.8280829928        0.0331164214
 H         -0.8800173122       -6.7070020450        0.9323618692
 H         -2.1838442205       -6.9838750842       -1.1542873536
 H         -1.0891689539       -8.3439500333       -0.9006125292
 H         -0.6959735448       -7.1063482822       -2.0907904625
 H          0.8662039895       -4.6024163460        1.4151532590
 H         -0.8616104891       -4.5138175383        1.7966435514
 H          2.7167610950       -3.4455166452        1.0587576880
 H          4.4209481064       -1.6889376810        0.7986347672
 H          4.7808347837       -0.3947046168        2.7893764819
 H          6.8028140286        0.3214718426        4.0115446842
 H          8.1930632310        2.1612411970        3.1809988591
 H          7.5873776319        3.3703235775        1.1112237091
 H          6.3792786393        4.2579404547       -1.2053325256
 H          4.8833814178        4.5943269927       -3.1447404338
 H          2.9326811874        3.1510831531       -3.4902293380
 H          2.3955002540        1.3402512014       -1.9005028520
 H          1.3951347265        1.3136818701        0.2922268089
 H         -1.3850119976        1.3563379114        0.2812040205
 H         -2.3252099097        1.4283263051       -1.9296536090
 H         -2.7600942820        3.2806980189       -3.5021770648
 H         -4.6702445928        4.7831711192       -3.1835634151
 H         -6.2271119907        4.4666565082       -1.2893919647
 H         -7.5243402327        3.5850866208        0.9792619192
 H         -8.2219256651        2.3697150515        3.0159205312
 H         -6.9132011748        0.4748130928        3.8558159879
 H         -4.8839921725       -0.2893220857        2.6766648260
 H         -4.4993093948       -1.5701205302        0.6893573998
 H         -2.8402027084       -3.3747240815        0.9831211529
  86
 Etot=        -122.9197012684
 C          0.4584007448       -1.8349403871       -4.1643608822
 C          1.0102964449       -2.9578809505       -3.2947756716
 C         -0.0182696337       -3.4343381870       -2.2723300519
 C          0.5321669693       -4.5586946257       -1.3954788675
 C         -0.4346259638       -4.9754007809       -0.2763596725
 C         -0.4064630584       -6.4893071920       -0.0286300695
 C         -1.1362003386       -7.2751655888       -1.1119611337
 C         -0.1030799702       -4.2552860601        1.0480142956
 N         -0.0588736910       -2.8292226452        0.9132955031
 C          1.0742386270       -2.0632490397        0.8024641363
 C          2.4048873654       -2.4247367041        0.8970926227
 C          3.3755957042       -1.4261952991        0.7647266652
 C          3.0072952352       -0.0987056894        0.5213755799
 N          3.9975475090        0.8717980552        0.3825908306
 C          5.0766910753        1.0571407810        1.2264078813
 C          5.3966957911        0.4018178009        2.4043595473
 C          6.5295644905        0.8173553139        3.0905253560
 C          7.3150562632        1.8650677513        2.6202643606
 C          6.9848504937        2.5433083391        1.4603171537
 C          5.8539428407        2.1449577609        0.7561337765
 C          5.2102150080        2.6248885297       -0.4316241966
 C          5.5067239787        3.6335525455       -1.3416723821
 C          4.6672268463        3.8131988680       -2.4269012310
 C          3.5574756482        2.9970574636       -2.6225509508
 C          3.2426517018        1.9827382851       -1.7287045228
 C          4.0624108574        1.8164728906       -0.6242694765
 C          1.6647580442        0.2788339838        0.4222396015
 C          0.6847690334       -0.7055325257        0.5829527441
 C         -0.7335563305       -0.6833907946        0.5707687750
 C         -1.6836807107        0.3279361143        0.3972273932
 C         -3.0376502106       -0.0159586494        0.4626915952
 N         -3.9976790413        0.9831063021        0.3085354142
 C         -4.0073948159        1.9418512922       -0.6869261783
 C         -3.1547226668        2.0972344168       -1.7680007768
 C         -3.4127257025        3.1343850277       -2.6534508710
 C         -4.4997661799        3.9840346481       -2.4734425994
 C         -5.3728276223        3.8156401257       -1.4133183997
 C         -5.1330880638        2.7844814793       -0.5119275704
 C         -5.8220862175        2.3097151010        0.6523273401
 C         -6.9577690238        2.7348233176        1.3325210948
 C         -7.3396260449        2.0526524897        2.4740367295
 C         -6.6000736186        0.9742851945        2.9496220682
 C         -5.4634265176        0.5319395723        2.2874061522
 C         -5.0916557496        1.1919425086        1.1272515572
 C         -3.4469662667       -1.3346082994        0.6861969545
 C         -2.5059511337       -2.3591822953        0.8382397767
 C         -1.1663009360       -2.0281034925        0.7801773995
 H          0.1565592000       -0.9915645250       -3.5466698338
 H         -0.4100985150       -2.1755040519       -4.7243778507
 H          1.2099204550       -1.4918741797       -4.8716656563
 H          1.3112193231       -3.7945743898       -3.9299567564
 H          1.8995525778       -2.6027641326       -2.7686773726
 H         -0.3147570495       -2.5858720446       -1.6565081442
 H         -0.9094109302       -3.7896143970       -2.7959987066
 H          0.7423799105       -5.4187958587       -2.0328257902
 H          1.4809322255       -4.2396960581       -0.9623906961
 H         -1.4490129129       -4.6930525950       -0.5712956186
 H          0.6309829201       -6.8247075630        0.0332888143
 H         -0.8799870915       -6.7039131175        0.9324238373
 H         -2.1827809817       -6.9814861610       -1.1539917001
 H         -1.0878426175       -8.3408627569       -0.9014235107
 H         -0.6947838731       -7.1019547539       -2.0899926985
 H          0.8664428867       -4.6000038617        1.4116173447
 H         -0.8614689240       -4.5121380664        1.7947413277
 H          2.7155304491       -3.4457609577        1.0571062939
 H          4.4205476799       -1.6879392443        0.7997819720
 H          4.7801101008       -0.3966172332        2.7870824391
 H          6.8015267326        0.3200276887        4.0093263965
 H          8.1910550289        2.1595029359        3.1793220121
 H          7.5851165310        3.3691351036        1.1103074700
 H          6.3774800634        4.2562598109       -1.2045403546
 H          4.8809748406        4.5930398691       -3.1429731784
 H          2.9312268704        3.1497667413       -3.4885913649
 H          2.3940781396        1.3386352114       -1.8990800224
 H          1.3958070486        1.3134853109        0.2876646717
 H         -1.3854271394        1.3562089129        0.2763858330
 H         -2.3234595041        1.4280365175       -1.9271710867
 H         -2.7594081796        3.2791555146       -3.5006734137
 H         -4.6687666274        4.7814186529       -3.1820968494
 H         -6.2260899804        4.4646258289       -1.2886761663
 H         -7.5223079513        3.5838169924        0.9784571594
 H         -8.2201630257        2.3677022788        3.0143740508
 H         -6.9116294158        0.4737466769        3.8540201914
 H         -4.8827966143       -0.2907665108        2.6748969685
 H         -4.4989914143       -1.5686547590        0.6917256279
 H         -2.8391625941       -3.3744911947        0.9831444602
  86
 Etot=        -122.9197422963
 C          0.4610400182       -1.8313764512       -4.1560491256
 C          1.0117805034       -2.9545662320       -3.2867855667
 C         -0.0191383391       -3.4321013869       -2.2679718370
 C          0.5312961965       -4.5568236024       -1.3924431623
 C         -0.4361248157       -4.9737182368       -0.2747507103
 C         -0.4073433535       -6.4867078799       -0.0269432350
 C         -1.1353941203       -7.2714383214       -1.1117222826
 C         -0.1036028853       -4.2525016714        1.0478754480
 N         -0.0591177645       -2.8280680609        0.9091255781
 C          1.0742405184       -2.0632977118        0.7961282470
 C          2.4039895650       -2.4253147485        0.8926779187
 C          3.3754717790       -1.4263888643        0.7628818950
 C          3.0065156899       -0.0992539317        0.5182208254
 N          3.9961793801        0.8706449068        0.3815071803
 C          5.0749701472        1.0549000089        1.2244627237
 C          5.3956234481        0.3986122531        2.4018804547
 C          6.5281052489        0.8141414256        3.0877171594
 C          7.3133186261        1.8622377662        2.6181308171
 C          6.9827218422        2.5412030371        1.4587841682
 C          5.8522142619        2.1429494924        0.7552043135
 C          5.2076401503        2.6238503247       -0.4319555331
 C          5.5038115791        3.6324034617       -1.3412238863
 C          4.6635101836        3.8124002841       -2.4257039483
 C          3.5541196666        2.9958688860       -2.6212079811
 C          3.2395640819        1.9814724656       -1.7280371516
 C          4.0601590737        1.8152271048       -0.6240104277
 C          1.6648853112        0.2784391282        0.4142935725
 C          0.6842449437       -0.7060093689        0.5740311310
 C         -0.7329022587       -0.6835525182        0.5627253971
 C         -1.6835245817        0.3280349454        0.3902182063
 C         -3.0368214027       -0.0156630088        0.4610576791
 N         -3.9961615364        0.9828090321        0.3084647509
 C         -4.0051978469        1.9413994661       -0.6857239445
 C         -3.1518043129        2.0970054306       -1.7663895033
 C         -3.4102621337        3.1334629518       -2.6517505554
 C         -4.4974181578        3.9829302386       -2.4722779103
 C         -5.3709350413        3.8143094575       -1.4126295653
 C         -5.1309448699        2.7837615818       -0.5116576077
 C         -5.8206597610        2.3080734405        0.6520816620
 C         -6.9561726132        2.7327454549        1.3314127183
 C         -7.3382723098        2.0498097612        2.4723310431
 C         -6.5985579790        0.9714947457        2.9474977077
 C         -5.4620133636        0.5294896411        2.2858918522
 C         -5.0898882799        1.1904120140        1.1261991710
 C         -3.4470088236       -1.3336462439        0.6873412818
 C         -2.5053873503       -2.3588443524        0.8366253620
 C         -1.1665215227       -2.0276486616        0.7753002635
 H          0.1609777319       -0.9882666723       -3.5374898660
 H         -0.4083214727       -2.1715410817       -4.7145831765
 H          1.2117252189       -1.4893662845       -4.8643100647
 H          1.3148666680       -3.7905863919       -3.9214094185
 H          1.8982881335       -2.5994694757       -2.7569140999
 H         -0.3152668778       -2.5851704188       -1.6519462578
 H         -0.9087084264       -3.7876768444       -2.7934241874
 H          0.7422815092       -5.4159840567       -2.0301927219
 H          1.4781953572       -4.2366564617       -0.9580536217
 H         -1.4497248606       -4.6914811472       -0.5697963333
 H          0.6303171722       -6.8211682408        0.0355573449
 H         -0.8811378727       -6.7017953174        0.9338593339
 H         -2.1820300925       -6.9784785772       -1.1539532229
 H         -1.0861215656       -8.3372233672       -0.9035864798
 H         -0.6933477994       -7.0952431930       -2.0888585155
 H          0.8663676431       -4.5969499918        1.4097926431
 H         -0.8611848803       -4.5086728171        1.7956787496
 H          2.7140855714       -3.4465161408        1.0540761837
 H          4.4201052902       -1.6877204784        0.8003928753
 H          4.7789085525       -0.4000452564        2.7836371602
 H          6.8004294452        0.3164291775        4.0059635924
 H          8.1889968573        2.1563692748        3.1771957928
 H          7.5823423931        3.3673588912        1.1090156226
 H          6.3747055134        4.2546047715       -1.2042683620
 H          4.8766893698        4.5921825130       -3.1415534452
 H          2.9277633000        3.1487968477       -3.4869078387
 H          2.3917068061        1.3364245635       -1.8978618443
 H          1.3964634785        1.3128164552        0.2795825201
 H         -1.3855232142        1.3558783157        0.2686105141
 H         -2.3207087379        1.4276256782       -1.9245368103
 H         -2.7570330939        3.2782149873       -3.4988332209
 H         -4.6663241998        4.7797446603       -3.1811101531
 H         -6.2245786601        4.4625109178       -1.2882480726
 H         -7.5202211692        3.5818371949        0.9773951885
 H         -8.2187975804        2.3640864059        3.0124825397
 H         -6.9104466810        0.4706663148        3.8513603783
 H         -4.8808697065       -0.2930655240        2.6726530939
 H         -4.4988107335       -1.5671781621        0.6954177592
 H         -2.8381863724       -3.3741861356        0.9834987277
