  58
 Etot=         -92.2021970611
 N          5.9222064285       -3.1329976753       -2.3527221684
 C          6.0537048018       -2.2221561227       -1.6638476473
 C          6.3104304599       -1.1181285028       -0.8269414662
 C          7.6970455582       -0.9248541523       -0.6720433787
 N          8.8403260115       -0.8314922642       -0.5955110453
 C          5.3423371257       -0.3411292135       -0.2448225689
 C          5.5585343958        0.8098948109        0.6296876669
 C          6.7229534183        1.3984585242        1.0933912377
 C          6.6225211948        2.5047784963        1.9294936144
 C          5.3875113789        3.0136740598        2.2956246171
 C          4.2108189138        2.4305129156        1.8356617965
 C          4.3008007398        1.3324662765        1.0067323930
 C          3.2662602194        0.5206448857        0.3752059974
 C          1.8966544577        0.6158096728        0.4240507857
 C          1.1171119022       -0.3191973563       -0.2744402585
 C         -0.3430760518       -0.2446909646       -0.2220041106
 C         -1.0005923541        0.9879461398       -0.2172881731
 C         -2.3746381855        1.0628129925       -0.1653179606
 C         -3.1485174786       -0.0997816694       -0.0989933784
 N         -4.5362435875       -0.0284112501       -0.0317405115
 C         -5.2594447944       -0.9741312704        0.7110034397
 C         -4.7755107626       -1.4305352809        1.9367686317
 C         -5.4950134314       -2.3571639618        2.6668646406
 C         -6.7069296422       -2.8347575064        2.1942952533
 C         -7.1941647083       -2.3803466916        0.9792836555
 C         -6.4778949253       -1.4598960980        0.2379903631
 C         -5.2277026475        0.9924652808       -0.7013840586
 C         -4.8237520091        1.4059135023       -1.9705615306
 C         -5.5122886374        2.4083208073       -2.6267736714
 C         -6.6142053877        3.0058511563       -2.0359579957
 C         -7.0223205088        2.5945286533       -0.7772199390
 C         -6.3350256722        1.5988811825       -0.1093789318
 C         -2.4952977329       -1.3361223663       -0.0993226391
 C         -1.1215985749       -1.4034006499       -0.1676135558
 C          1.7554452620       -1.3212711922       -1.0100416112
 C          3.1351252442       -1.4163142622       -1.0730958197
 C          3.9046593673       -0.4944940192       -0.3770495828
 H          7.6934357541        1.0159873231        0.8190214738
 H          7.5247477493        2.9704441876        2.2964506850
 H          5.3371366238        3.8739383125        2.9465180142
 H          3.2510398855        2.8307050136        2.1242514868
 H          1.4200347526        1.3820049434        1.0155845787
 H         -0.4266537591        1.9005956329       -0.2781130867
 H         -2.8628812090        2.0261845420       -0.1665031195
 H         -3.8365372501       -1.0509966508        2.3128020517
 H         -5.1105902205       -2.7012395528        3.6160408172
 H         -7.2681580579       -3.5559633349        2.7691844601
 H         -8.1358938897       -2.7508548963        0.6013648781
 H         -6.8562470702       -1.1122102018       -0.7123271711
 H         -3.9727067750        0.9326744068       -2.4384485325
 H         -5.1914108364        2.7178468579       -3.6107688906
 H         -7.1519669584        3.7858753790       -2.5535835234
 H         -7.8773638437        3.0580185343       -0.3071480989
 H         -6.6498294130        1.2851362085        0.8752315173
 H         -3.0778401869       -2.2443627089       -0.0520549604
 H         -0.6405945893       -2.3700821570       -0.1548489219
 H          1.1586131881       -2.0286732944       -1.5654252516
 H          3.5929355286       -2.1973773815       -1.6597760004
  58
 Etot=         -92.2022369414
 N          5.9142710715       -3.1311663582       -2.3512405973
 C          6.0488817269       -2.2213971029       -1.6634807071
 C          6.3085213863       -1.1177726058       -0.8255845612
 C          7.6957608452       -0.9230373315       -0.6696677668
 N          8.8376101849       -0.8276666220       -0.5920900728
 C          5.3423364559       -0.3411354500       -0.2451487228
 C          5.5585759722        0.8100073348        0.6286418953
 C          6.7229049946        1.3980127063        1.0920408373
 C          6.6222768661        2.5037407052        1.9282741081
 C          5.3876093049        3.0127722078        2.2945276144
 C          4.2112027882        2.4301207737        1.8346358232
 C          4.3009576879        1.3324783784        1.0053426588
 C          3.2664329246        0.5204887905        0.3748216530
 C          1.8965246316        0.6148516211        0.4245794575
 C          1.1173019075       -0.3196546771       -0.2734618784
 C         -0.3431552368       -0.2449848776       -0.2211858978
 C         -1.0006791859        0.9871332999       -0.2184242160
 C         -2.3746753114        1.0622767820       -0.1666034150
 C         -3.1483534404       -0.0998929156       -0.0989782139
 N         -4.5356389872       -0.0284629495       -0.0317753967
 C         -5.2587588285       -0.9740626517        0.7107833370
 C         -4.7743585534       -1.4312438801        1.9356449734
 C         -5.4941476365       -2.3574372797        2.6655493188
 C         -6.7059461187       -2.8343632962        2.1929977322
 C         -7.1934087624       -2.3791622650        0.9787543121
 C         -6.4773887370       -1.4584805468        0.2380142748
 C         -5.2270044175        0.9923813489       -0.7011244095
 C         -4.8225011421        1.4062047199       -1.9695976728
 C         -5.5112322649        2.4081227420       -2.6258028315
 C         -6.6131042940        3.0050726897       -2.0351547622
 C         -7.0214330281        2.5935630272       -0.7769249078
 C         -6.3347469108        1.5975881269       -0.1094966270
 C         -2.4952990183       -1.3358363742       -0.0978467805
 C         -1.1216442321       -1.4030798019       -0.1654282783
 C          1.7555919612       -1.3207403699       -1.0095616929
 C          3.1353224798       -1.4158720983       -1.0730203744
 C          3.9041098956       -0.4942833595       -0.3774471950
 H          7.6930879545        1.0154052012        0.8174957952
 H          7.5241336059        2.9694699109        2.2955838863
 H          5.3370195521        3.8728010408        2.9455957016
 H          3.2511150491        2.8300778715        2.1237716358
 H          1.4196158919        1.3814107781        1.0163347087
 H         -0.4263855934        1.8997714082       -0.2799360370
 H         -2.8632024399        2.0256198591       -0.1681725600
 H         -3.8353187320       -1.0513585715        2.3114794738
 H         -5.1099963787       -2.7013945473        3.6145293990
 H         -7.2671785251       -3.5551601941        2.7677482259
 H         -8.1350230144       -2.7491027458        0.6008806853
 H         -6.8552860043       -1.1100728057       -0.7121890008
 H         -3.9708147790        0.9332449964       -2.4368208520
 H         -5.1902849860        2.7177251978       -3.6094481915
 H         -7.1507195587        3.7848459930       -2.5526335128
 H         -7.8768262797        3.0562609026       -0.3073454281
 H         -6.6498798740        1.2826796930        0.8746773698
 H         -3.0782766773       -2.2438377813       -0.0507251062
 H         -0.6404910449       -2.3697490120       -0.1525386294
 H          1.1580918641       -2.0274442981       -1.5652886035
 H          3.5934022016       -2.1969372878       -1.6591254829
