  75
 Etot=        -109.9594921459
 C         -2.5963038671        5.9827180638        0.9445496057
 C         -2.8434899854        5.2486135205       -0.3810243885
 C         -2.1157032424        6.0112435561       -1.4912337859
 C         -4.3443162665        5.2465255897       -0.7044845174
 C         -2.3660807686        3.8118780841       -0.2468902265
 C         -1.3782431298        3.2636093034       -1.0577317208
 C         -0.9723935139        1.9506449856       -0.9109290130
 C         -1.5440660162        1.1495223916        0.0695076307
 N         -1.1497240670       -0.1927068495        0.2043091717
 C          0.1413436657       -0.6999663378        0.3061162155
 C          1.3061560491        0.0874011500        0.5064519435
 C          1.2119496120        1.3469264019        1.1417148914
 C          2.2971506693        2.1375452421        1.3491005933
 C          3.6014935509        1.7364446118        0.9128861275
 C          4.7139696845        2.5518890137        1.0887809227
 C          5.9746718784        2.1389593740        0.6828872589
 C          6.1567590811        0.8871156973        0.0856590068
 C          7.4358427033        0.4379805088       -0.3363729161
 C          7.5928193407       -0.8039995663       -0.9230769344
 C          6.5097408235       -1.6343232895       -1.1152793425
 C          5.2061598180       -1.2317555373       -0.7102699895
 C          4.0867830393       -2.0456456173       -0.8885973456
 C          2.8227238188       -1.6274036849       -0.4928952431
 C          2.6240720557       -0.3892337780        0.1124420943
 C          3.7459327474        0.4596271989        0.3083211337
 C          5.0330798250        0.0391509320       -0.1039034747
 N          0.1028266456       -2.0264708382        0.2690954227
 C         -1.1853253135       -2.4002678377        0.1628821878
 C         -1.5433958224       -3.8065221739        0.0757969744
 C         -0.6866985867       -4.7521188205        0.6402878527
 C         -0.9878151313       -6.0978722773        0.5718526401
 C         -2.1431577332       -6.5208714290       -0.0660211247
 C         -2.9882573819       -5.5894275517       -0.6472271431
 C         -2.6930558692       -4.2409514200       -0.5823599165
 C         -2.0012389912       -1.2655069201        0.1216445158
 C         -3.4460760382       -1.1417409432        0.0276145209
 C         -4.2598533845       -1.8906133219        0.8799551121
 C         -5.6342426628       -1.7789394830        0.8090236032
 C         -6.2185599059       -0.9217135495       -0.1103516566
 C         -5.4187446654       -0.1812131203       -0.9650058580
 C         -4.0425347847       -0.2867757835       -0.8997726133
 C         -2.5333376453        1.6795988443        0.8902377447
 C         -2.9316466446        2.9903329656        0.7261803634
 H         -3.1469659146        5.5251903025        1.7616466838
 H         -1.5372207907        5.9626867587        1.1929772281
 H         -2.9115925594        7.0204870939        0.8613694402
 H         -2.2821241425        5.5470990773       -2.4605682958
 H         -2.4951025502        7.0298926526       -1.5384415142
 H         -1.0468315853        6.0603721954       -1.2969969153
 H         -4.9201534538        4.7688469113        0.0832732799
 H         -4.7035492947        6.2669826510       -0.8181669941
 H         -4.5277184408        4.7106977078       -1.6335572162
 H         -0.9088525867        3.8528311097       -1.8277237822
 H         -0.2064494196        1.5414332136       -1.5533143255
 H          0.2540437123        1.6688492559        1.5220040199
 H          2.1967927372        3.0801454374        1.8668980876
 H          4.5880832618        3.5213040341        1.5501956029
 H          6.8288217126        2.7843718278        0.8284587024
 H          8.2869326209        1.0863153966       -0.1892310022
 H          8.5766070034       -1.1251508759       -1.2356328489
 H          6.6318205388       -2.6029797960       -1.5766286920
 H          4.2075413852       -3.0171725059       -1.3458167254
 H          1.9758711725       -2.2763250917       -0.6442212581
 H          0.2104512894       -4.4060560277        1.1300009742
 H         -0.3208576120       -6.8219645749        1.0169466804
 H         -2.3809378323       -7.5733549063       -0.1172462113
 H         -3.8816497459       -5.9164846175       -1.1595226621
 H         -3.3464866050       -3.5243420567       -1.0571440040
 H         -3.8015116593       -2.5539313840        1.5988961736
 H         -6.2535325132       -2.3602223326        1.4762052895
 H         -7.2935394387       -0.8343962646       -0.1626317341
 H         -5.8691405504        0.4813080112       -1.6895643482
 H         -3.4264160177        0.2804771576       -1.5821774596
 H         -2.9804625917        1.0651161189        1.6576868219
 H         -3.7003152944        3.3735656880        1.3794235451
  75
 Etot=        -109.9595238403
 C         -2.5964660752        5.9828777454        0.9444808673
 C         -2.8436457927        5.2487679799       -0.3810901525
 C         -2.1158835262        6.0113576457       -1.4913304446
 C         -4.3444783528        5.2465719645       -0.7045323369
 C         -2.3661484627        3.8121030871       -0.2469017511
 C         -1.3779812663        3.2639311500       -1.0575135799
 C         -0.9717882254        1.9511885594       -0.9103961353
 C         -1.5439013967        1.1498948209        0.0698268741
 N         -1.1497163899       -0.1921041670        0.2046378722
 C          0.1425025845       -0.6999023943        0.3055873498
 C          1.3062424045        0.0865189369        0.5055603381
 C          1.2119436767        1.3472370999        1.1393468492
 C          2.2972439687        2.1371607054        1.3478356156
 C          3.6010552895        1.7360704875        0.9126185198
 C          4.7143182025        2.5519842467        1.0888499711
 C          5.9741318492        2.1394519316        0.6835687418
 C          6.1565712811        0.8867565680        0.0857836313
 C          7.4345260488        0.4381522197       -0.3358997884
 C          7.5916758416       -0.8037977429       -0.9226100611
 C          6.5088329307       -1.6341806150       -1.1149055157
 C          5.2061971190       -1.2321444539       -0.7101510259
 C          4.0861084191       -2.0466180054       -0.8886160607
 C          2.8230538496       -1.6290012994       -0.4928083144
 C          2.6239989429       -0.3902974573        0.1133122767
 C          3.7456762835        0.4588807311        0.3086399034
 C          5.0329180247        0.0386623685       -0.1036863744
 N          0.1036062863       -2.0274111601        0.2670461936
 C         -1.1843155628       -2.4004117260        0.1630112589
 C         -1.5429679534       -3.8062826819        0.0761092908
 C         -0.6860528565       -4.7521519516        0.6400944749
 C         -0.9874912670       -6.0977879441        0.5717208517
 C         -2.1430713999       -6.5205343259       -0.0660327586
 C         -2.9882654190       -5.5889161334       -0.6469535152
 C         -2.6931439139       -4.2404588141       -0.5816554234
 C         -2.0010069372       -1.2648146122        0.1221823238
 C         -3.4454481600       -1.1415200424        0.0280395692
 C         -4.2594820797       -1.8916114721        0.8795299065
 C         -5.6337859743       -1.7795799187        0.8088229715
 C         -6.2181543177       -0.9218246729       -0.1101788940
 C         -5.4182699123       -0.1808105665       -0.9645140764
 C         -4.0421328164       -0.2857329669       -0.8988767519
 C         -2.5338296851        1.6798031611        0.8900891513
 C         -2.9319569355        2.9905027948        0.7260683329
 H         -3.1470866880        5.5253045928        1.7615822350
 H         -1.5373759053        5.9628327834        1.1928714127
 H         -2.9117711166        7.0206450684        0.8613305058
 H         -2.2823298681        5.5471717508       -2.4606436582
 H         -2.4952711298        7.0300111633       -1.5385525022
 H         -1.0470093810        6.0604518829       -1.2971146564
 H         -4.9202624488        4.7688766266        0.0832588800
 H         -4.7037913115        6.2669968206       -0.8182501633
 H         -4.5278513427        4.7106768017       -1.6335751820
 H         -0.9087854352        3.8530537296       -1.8276939234
 H         -0.2058637670        1.5419374333       -1.5527752256
 H          0.2541702430        1.6690457567        1.5201531301
 H          2.1970060566        3.0792359852        1.8666101581
 H          4.5882869874        3.5214992998        1.5500196629
 H          6.8282287350        2.7848945578        0.8291891808
 H          8.2855735297        1.0865042715       -0.1888131916
 H          8.5755382024       -1.1247999491       -1.2352227786
 H          6.6310725274       -2.6026732787       -1.5764793116
 H          4.2069716235       -3.0180375405       -1.3459717142
 H          1.9762088560       -2.2777377034       -0.6447285678
 H          0.2110904616       -4.4061780994        1.1298389469
 H         -0.3206511057       -6.8220053978        1.0167314562
 H         -2.3809418523       -7.5729838036       -0.1174088517
 H         -3.8815855995       -5.9158807034       -1.1594097987
 H         -3.3463530793       -3.5238163368       -1.0566841497
 H         -3.8012391327       -2.5547072263        1.5987375237
 H         -6.2530946194       -2.3607006306        1.4761200356
 H         -7.2931333089       -0.8344932736       -0.1624251088
 H         -5.8687148757        0.4815286571       -1.6891966984
 H         -3.4261157841        0.2814469812       -1.5814009500
 H         -2.9809181646        1.0653673863        1.6576030312
 H         -3.7004512053        3.3738327867        1.3794569618
  75
 Etot=        -109.9595410252
 C         -2.5968112633        5.9832866916        0.9442872418
 C         -2.8439818972        5.2490956653       -0.3812468906
 C         -2.1163223135        6.0116725978       -1.4915532035
 C         -4.3448307092        5.2467434449       -0.7046450614
 C         -2.3663097614        3.8125414419       -0.2469239181
 C         -1.3776909898        3.2644545339       -1.0571410383
 C         -0.9711454901        1.9519464044       -0.9096813259
 C         -1.5438592649        1.1503166895        0.0701692784
 N         -1.1500222665       -0.1913410675        0.2050694142
 C          0.1440574807       -0.6994858716        0.3040410158
 C          1.3061998119        0.0854109154        0.5038440963
 C          1.2118161669        1.3478495245        1.1363026896
 C          2.2971565195        2.1366150344        1.3462528063
 C          3.6004233253        1.7351956372        0.9124175132
 C          4.7144994058        2.5516709820        1.0887279789
 C          5.9733168982        2.1396252742        0.6845101730
 C          6.1566075478        0.8857922522        0.0861413932
 C          7.4332937924        0.4381814807       -0.3351651522
 C          7.5909594438       -0.8038068617       -0.9221092430
 C          6.5083148976       -1.6343063773       -1.1144138048
 C          5.2068793320       -1.2329022545       -0.7096067243
 C          4.0858172555       -2.0479832097       -0.8881772156
 C          2.8239557884       -1.6309736295       -0.4925188997
 C          2.6241765472       -0.3916240185        0.1143520775
 C          3.7455301870        0.4575611511        0.3093911306
 C          5.0330361840        0.0376113604       -0.1029633612
 N          0.1040899453       -2.0283004089        0.2639551508
 C         -1.1830481569       -2.4003957712        0.1628782354
 C         -1.5424771241       -3.8057952981        0.0761945041
 C         -0.6853834245       -4.7519975009        0.6397450128
 C         -0.9871205041       -6.0975157478        0.5713961575
 C         -2.1430108033       -6.5199507123       -0.0660937337
 C         -2.9882931212       -5.5881283124       -0.6466520745
 C         -2.6931025790       -4.2397386215       -0.5811841102
 C         -2.0009940876       -1.2638054540        0.1235229355
 C         -3.4447281840       -1.1415063350        0.0291557928
 C         -4.2591503181       -1.8931160499        0.8794006102
 C         -5.6333067118       -1.7808095174        0.8086913092
 C         -6.2177001838       -0.9222033695       -0.1096475427
 C         -5.4176438281       -0.1803233746       -0.9632523546
 C         -4.0416531271       -0.2845948193       -0.8970930686
 C         -2.5344909684        1.6801774683        0.8898915685
 C         -2.9323730746        2.9908582759        0.7259078785
 H         -3.1473591018        5.5256573085        1.7614078661
 H         -1.5377084034        5.9632740398        1.1926267205
 H         -2.9121813938        7.0210358466        0.8611633923
 H         -2.2827953742        5.5473888783       -2.4608177430
 H         -2.4957283448        7.0303167885       -1.5388341685
 H         -1.0474432402        6.0607790673       -1.2973877633
 H         -4.9205339610        4.7690516953        0.0832082620
 H         -4.7042788215        6.2671094942       -0.8184626744
 H         -4.5281614796        4.7107126787       -1.6336202950
 H         -0.9082641738        3.8536687982       -1.8271109722
 H         -0.2045891434        1.5429066042       -1.5514196606
 H          0.2538388012        1.6703836214        1.5158749524
 H          2.1966692036        3.0788120876        1.8648476985
 H          4.5876320479        3.5213325485        1.5494302622
 H          6.8276093624        2.7847949991        0.8301595056
 H          8.2843669307        1.0865983218       -0.1882864195
 H          8.5749015957       -1.1244768615       -1.2347957030
 H          6.6308863296       -2.6025953594       -1.5763943697
 H          4.2072219890       -3.0191324561       -1.3459707806
 H          1.9769528802       -2.2794688838       -0.6445367289
 H          0.2121528368       -4.4061548569        1.1288389548
 H         -0.3202128681       -6.8219387997        1.0159357988
 H         -2.3810128816       -7.5723504533       -0.1176117807
 H         -3.8818427793       -5.9149403251       -1.1587596133
 H         -3.3466393616       -3.5229496479       -1.0554649037
 H         -3.8010462390       -2.5572474526        1.5977236763
 H         -6.2527162516       -2.3627059451        1.4752025287
 H         -7.2926501888       -0.8348624877       -0.1619447489
 H         -5.8680610269        0.4825843609       -1.6874301733
 H         -3.4255778808        0.2840056710       -1.5783545773
 H         -2.9820126122        1.0656145989        1.6570458520
 H         -3.7013284006        3.3740733498        1.3788272285
