 
        ______________________________________
       |                                      |
       |          ===================         |
       |             xTB for sTDA             |
       |          ===================         |
       |               S. Grimme              |
       |        Universitaet Bonn, MCTC       |
       |         2015-19, Version 1.0         |
       |     Wed Apr  3 09:14:55 CEST 2019    |
       |______________________________________|
 
        This code comes without any warranty
        for non-commercial, academia use only.
        Preliminary test version.
        Cite this work as:
        S. Grimme  &  C. Bannwarth, JCP 145 (2016) 054103
        if GBSA is used additionally:
        P. Shushkov, F. März, C. Bannwarth, S. Grimme, unpublished.
 
        with help from
        P. Shushkov, G. Brandenburg, S. Dohm, J. Pisarek,
        F. März, M. Checinski, S. Ehrlich, S. Spicher, 
        P. Pracht, E. Caldeweyher, S. Ehlert, and C. Bannwarth.
 
        usage        :
        xtb4stda <coord_file> [options]
        where <coord_file> is a valid file of TM)
        (*coord, Bohr) or xmol (*xyz, Angstroem)
        format.

        options:
        -chrg <int>   : molecular charge
        -uhf  <int>   : # of unpaired electrons(=2*S)
        -nox          : skip second, extended part in sTDA-xTB
        -pop          : do population analysis
                      : (default for -nox)
        -mowr <real>  : cut MO write above (def.3 Eh)
        -molden       : write formatted molden file
        -parx <file>  : read parameters for sTDA-xTB
                        calc (def:~/.param_stda2.xtb)
        -parv <file>  : read parameters for vTB part in
                        sTDA-xTB (def: ~/.param_stda1.xtb)
        -xtemp <real> : el. temp for xTB (def. 0 K)
        -etemp <real> : el. temp for GFN (def. 300 K)
        -fod          : calculate the FOD and write
                        molden.input file with
                        appropriate occupations
                        for plotting. Def. T=12500 K
 
        -acc <real>   : xTB accuracy (def. 1.0)
        -gbsa [string1] [string2]
                        use GBSA implicit solvent
                        for solvent [string1] and
                        solvation state [string2]=
                        reference, bar1M (default=1M)
        additional GFN/opt/MD/siman options read from
        $XTB4STDAHOME/.xtb4stdarc or $set in input
 
       spin and charge state information can be on:
       <.CHRG> (charge) and <.UHF> (=nalpha-nbeta)
       -uhf and -chrg override the file info.
       useful machine settings:
       setenv MKL_NUM_THREADS <NCORE_ON_YOUR_MACHINE>
       setenv OMP_STACKSIZE 500m
       limit stacksize unlimited
 
       total energies in Eh, gaps/HL energies in eV
       please read REVISION and HOWTO files carefully
 =============================
  # OMP threads =          48
 =============================
 
 xtb4stdahome directory:/home/penavora/Exe_xtb_crest/
 
 argument            1 :--gbsa
 argument            2 :toluene
 
 name of molecule           :
 comment line               :
 number of atoms            :    74
 number of electrons        :   214
 charge                     :  0
 spin                       : 0.0
 first test random number   :  0.1587
 
 -----------------------------------------
      charge density (VTB) calculation
 -----------------------------------------
 
      method parameters     
 k(s)        :  1.8000
 k(p)        :  2.8350
 k(d)        :  2.0860
 k(f)        :  2.0000
 Tscal       :  0.3300
 Gscal       :  0.3910
 fpol        :  1.0000
 Zcnf        :  0.6500
 Zqf         :  0.0000
 kcn         :  0.3000
 kEN1        : -0.5900
 wllscal     :  2.6000
 
 Solvent             : toluene
 GBSA parameter file : /home/penavora/Exe_xtb_crest/.param_gbsa_toluene
 Gsolv ref. state (COSMO-RS): gsolv [1 M gas/solution]
 temperature (mdtemp)       :    298.150000000000     
 dielectric constant        :    7.00000000000000     
 rho                        :   0.867000000000000     
 mass                       :    92.1400000000000     
 surface tension            :    15.5689470637553     
 probe radius               :   0.641644990000000     
 vdW radii scaling          :    1.00000000000000     
 Gshift (Eh)                :   4.228772547061559E-003
 c1                         :    1.59772343000000     
 soset                      :   0.281999450000000     
 HB correction              :  F
 
 doing EN charges ...
 sum q :  0.1332268D-14
 point charge moment (au)
     X       Y       Z   
  -0.1360   0.5869   0.0446  total (Debye):    1.536
 
            Z      q(EN)   CN      Cart. coordinates
     1  C   4.0  -0.244   4.104   -12.80134     4.58667     3.29307
     2  C   4.0  -0.032   4.138   -11.63099     3.59123     0.82096
     3  C   4.0  -0.244   4.104   -13.02943     4.70691    -1.47551
     4  C   4.0   0.010   3.299   -11.90066     0.73697     0.76427
     5  C   4.0  -0.072   3.197   -14.29222    -0.33690     0.88428
     6  C   4.0  -0.072   3.140   -14.65587    -2.92446     0.87951
     7  C   4.0  -0.072   3.144   -12.57665    -4.50617     0.78072
     8  C   4.0  -0.069   3.200   -10.17909    -3.49032     0.65911
     9  C   4.0   0.095   3.300    -9.81127    -0.87452     0.61504
    10  N   5.0  -0.312   3.254    -7.37396     0.08878     0.48009
    11  C   4.0   0.079   3.292    -5.31371    -1.60102     0.20049
    12  C   4.0  -0.067   3.188    -3.70863    -2.07074     2.23548
    13  C   4.0  -0.080   3.238    -1.64589    -3.64644     1.93034
    14  C   4.0  -0.049   3.184    -1.21491    -4.75257    -0.39786
    15  S   6.0   0.559   4.388     1.61120    -6.58963    -0.81461
    16  O   6.0  -0.223   1.026     1.82421    -8.40262     1.22564
    17  O   6.0  -0.222   1.026     1.61012    -7.61535    -3.35423
    18  C   4.0  -0.049   3.183     4.08391    -4.29827    -0.52740
    19  C   4.0  -0.080   3.235     6.25492    -4.89778     0.82526
    20  C   4.0  -0.062   3.157     8.19015    -3.16377     1.06838
    21  C   4.0   0.093   3.469     7.87558    -0.80432    -0.04925
    22  C   4.0   0.001   3.380     5.65899    -0.20817    -1.44357
    23  C   4.0  -0.076   3.254     3.75135    -1.98863    -1.68882
    24  C   4.0   0.000   3.371     5.98087     2.32628    -2.35368
    25  C   4.0  -0.068   3.151     4.46821     3.94955    -3.76042
    26  C   4.0  -0.073   3.145     5.36223     6.34378    -4.28127
    27  C   4.0  -0.073   3.151     7.71827     7.13384    -3.40364
    28  C   4.0  -0.063   3.153     9.25205     5.55619    -1.99814
    29  C   4.0   0.087   3.473     8.37777     3.13454    -1.49407
    30  N   5.0  -0.324   3.315     9.49116     1.22104    -0.10842
    31  C   4.0   0.087   3.244    11.89103     1.33740     1.03903
    32  C   4.0  -0.070   3.185    13.99832     1.99089    -0.38940
    33  C   4.0  -0.073   3.145    16.35041     2.11397     0.74530
    34  C   4.0  -0.074   3.143    16.61600     1.57399     3.29320
    35  C   4.0  -0.073   3.145    14.51736     0.91561     4.71304
    36  C   4.0  -0.070   3.184    12.15476     0.80409     3.59907
    37  C   4.0  -0.079   3.229    -2.81491    -4.33985    -2.41999
    38  C   4.0  -0.067   3.188    -4.87651    -2.75895    -2.12242
    39  C   4.0   0.094   3.300    -6.90021     2.67227     0.51710
    40  C   4.0  -0.069   3.201    -4.41776     3.55559     0.31953
    41  C   4.0  -0.072   3.144    -3.89004     6.10816     0.35931
    42  C   4.0  -0.072   3.140    -5.84010     7.83461     0.58336
    43  C   4.0  -0.072   3.197    -8.30000     6.96700     0.73787
    44  C   4.0   0.010   3.299    -8.88486     4.40843     0.70180
    45  H   1.0   0.082   0.999   -11.81549     3.78209     4.90979
    46  H   1.0   0.083   1.000   -12.65949     6.63190     3.39943
    47  H   1.0   0.083   1.000   -14.78470     4.07351     3.42370
    48  H   1.0   0.082   0.999   -12.18821     4.00591    -3.21739
    49  H   1.0   0.083   1.000   -12.91434     6.75673    -1.47899
    50  H   1.0   0.083   1.000   -15.01193     4.17390    -1.45365
    51  H   1.0   0.076   1.006   -15.93063     0.87383     0.98631
    52  H   1.0   0.074   1.004   -16.54285    -3.69518     0.96839
    53  H   1.0   0.074   1.004   -12.81294    -6.53349     0.80522
    54  H   1.0   0.077   1.007    -8.56639    -4.73820     0.60646
    55  H   1.0   0.076   1.005    -4.07741    -1.17550     4.03096
    56  H   1.0   0.076   1.007    -0.36791    -4.03737     3.46953
    57  H   1.0   0.076   1.007     6.37509    -6.74718     1.67442
    58  H   1.0   0.076   1.005     9.89338    -3.63595     2.08332
    59  H   1.0   0.077   1.008     2.05942    -1.60397    -2.75694
    60  H   1.0   0.075   1.004     2.63536     3.34353    -4.41910
    61  H   1.0   0.074   1.004     4.22067     7.63572    -5.37298
    62  H   1.0   0.074   1.004     8.35503     9.02629    -3.82591
    63  H   1.0   0.075   1.005    11.05964     6.19344    -1.30154
    64  H   1.0   0.075   1.005    13.78538     2.37734    -2.38165
    65  H   1.0   0.074   1.004    17.98283     2.62103    -0.36938
    66  H   1.0   0.074   1.004    18.45542     1.66590     4.17095
    67  H   1.0   0.074   1.004    14.71570     0.49939     6.70087
    68  H   1.0   0.076   1.005    10.50762     0.32512     4.70403
    69  H   1.0   0.076   1.007    -2.40227    -5.24879    -4.19821
    70  H   1.0   0.076   1.005    -6.14372    -2.39902    -3.68014
    71  H   1.0   0.077   1.008    -2.88339     2.22718     0.12790
    72  H   1.0   0.074   1.004    -1.95446     6.73891     0.20944
    73  H   1.0   0.074   1.004    -5.45507     9.83779     0.62132
    74  H   1.0   0.076   1.006    -9.80553     8.33525     0.88518
 
  Z AO/shell   Hii/eV     exponent
  1     Sat Feb 20 21:38:01 CET 2016    EN: 2.327 GAM: 0.473  GM3: 0.0000
     1s    -13.751157    1.051071
  6     Sat Feb 20 21:38:01 CET 2016    EN: 2.731 GAM: 0.422  GM3: 0.0000
     2s    -19.378245    2.021003
     2p    -11.993376    1.497917
  7     Sat Feb 20 21:38:01 CET 2016    EN: 3.573 GAM: 0.504  GM3: 0.0000
     2s    -21.576984    2.275442
     2p    -16.125120    2.056788
  8     Sat Feb 20 21:38:01 CET 2016    EN: 3.700 GAM: 0.587  GM3: 0.0000
     2s    -21.648843    2.110798
     2p    -17.239740    2.329048
 16     Sat Feb 20 23:13:41 CET 2016    EN: 1.915 GAM: 0.389  GM3: 0.0000
     3s    -22.000000    2.671470
     3p    -15.834192    1.836978
     3d     -2.593599    1.836978
 
 dipole moment of classical point charges (au)
     X       Y       Z   
  -0.1360   0.5869   0.0446  total (Debye):    1.536

 
 Nbf   :          212
 T(el) :   300.0
 calculating S/T integrals ...
 cpu time for ints    1.81517100000000     
 Nao   :          211
 making H0...
 making H1...
 cpu time for H      0.279983000000000     
 solving ...
 cpu time for diag   0.601573000000000     
 
 gap (eV)           :   1.806
 Koopmans IP (eV)   :  12.793
 Eel (Eh)           :  -166.422919
 T,E(Fermi),NFOD :    300.000   -11.890  0.000000
 T,E(Fermi),NFOD :    300.000   -11.890  0.000000
 Nfod               :  0.0000
 Nfod/Nel           :  0.0000

          eigenvalues
 #    :          95         96         97         98         99        100        101        102
 occ. :        2.000      2.000      2.000      2.000      2.000      2.000      2.000      2.000
 eps  :       -16.430    -16.140    -15.473    -15.449    -15.414    -15.294    -15.275    -15.153
 #    :         103        104        105        106        107        108        109        110
 occ. :        2.000      2.000      2.000      2.000      2.000      0.000      0.000      0.000
 eps  :       -15.145    -15.083    -13.954    -13.283    -12.794    -10.988     -7.134     -6.790
 #    :         111        112        113        114        115        116        117        118
 occ. :        0.000      0.000      0.000      0.000      0.000      0.000      0.000      0.000
 eps  :        -6.759     -6.508     -5.945     -5.633     -5.564     -5.378     -5.350     -5.261
                            1  SCC done.
 making H1...
 cpu time for H      0.743105000000000     
 solving ...
 cpu time for diag   0.237978000000000     
 
 gap (eV)           :   1.472
 Koopmans IP (eV)   :  12.803
 Eel (Eh)           :  -166.878830
 T,E(Fermi),NFOD :    300.000   -12.067  0.000000
 T,E(Fermi),NFOD :    300.000   -12.067  0.000000
 Nfod               :  0.0000
 Nfod/Nel           :  0.0000

          eigenvalues
 #    :          95         96         97         98         99        100        101        102
 occ. :        2.000      2.000      2.000      2.000      2.000      2.000      2.000      2.000
 eps  :       -16.214    -15.826    -15.794    -15.715    -15.540    -15.333    -15.273    -15.228
 #    :         103        104        105        106        107        108        109        110
 occ. :        2.000      2.000      2.000      2.000      2.000      0.000      0.000      0.000
 eps  :       -15.151    -15.049    -14.114    -13.415    -12.804    -11.332     -7.657     -7.030
 #    :         111        112        113        114        115        116        117        118
 occ. :        0.000      0.000      0.000      0.000      0.000      0.000      0.000      0.000
 eps  :        -6.911     -6.822     -6.250     -5.761     -5.714     -5.508     -5.429     -5.271
                            2  SCC done.
 
 
 Mulliken/CM5 charges    n(s)   n(p)   n(d)   
    1 C  -0.1004 -0.2475   1.108  2.992  0.000
    2 C   0.0219  0.0020   1.225  2.753  0.000
    3 C  -0.1002 -0.2472   1.108  2.992  0.000
    4 C  -0.0211 -0.0236   1.186  2.835  0.000
    5 C  -0.0417 -0.0965   1.140  2.902  0.000
    6 C  -0.0513 -0.1078   1.132  2.919  0.000
    7 C  -0.0378 -0.0939   1.136  2.902  0.000
    8 C  -0.0567 -0.1046   1.134  2.922  0.000
    9 C   0.0486  0.1102   1.180  2.771  0.000
   10 N  -0.1225 -0.3643   1.226  3.896  0.000
   11 C   0.0713  0.1219   1.180  2.749  0.000
   12 C   0.0024 -0.0469   1.140  2.858  0.000
   13 C  -0.0050 -0.0566   1.136  2.869  0.000
   14 C  -0.0002  0.0050   1.210  2.790  0.000
   15 S   0.4186  0.4679   1.552  3.202  0.827
   16 O  -0.4093 -0.4591   1.679  4.730  0.000
   17 O  -0.4131 -0.4626   1.679  4.734  0.000
   18 C  -0.0126 -0.0063   1.204  2.808  0.000
   19 C  -0.0236 -0.0747   1.133  2.891  0.000
   20 C  -0.0135 -0.0623   1.133  2.880  0.000
   21 C   0.0481  0.1130   1.184  2.768  0.000
   22 C  -0.0150 -0.0117   1.166  2.849  0.000
   23 C  -0.0196 -0.0676   1.138  2.881  0.000
   24 C  -0.0300 -0.0271   1.165  2.865  0.000
   25 C  -0.0304 -0.0832   1.138  2.892  0.000
   26 C  -0.0427 -0.0989   1.132  2.911  0.000
   27 C  -0.0315 -0.0875   1.135  2.896  0.000
   28 C  -0.0334 -0.0827   1.134  2.900  0.000
   29 C   0.0381  0.1011   1.184  2.778  0.000
   30 N  -0.0870 -0.3324   1.235  3.852  0.000
   31 C   0.0542  0.1086   1.173  2.773  0.000
   32 C  -0.0309 -0.0796   1.137  2.894  0.000
   33 C  -0.0271 -0.0832   1.136  2.891  0.000
   34 C  -0.0331 -0.0895   1.135  2.899  0.000
   35 C  -0.0268 -0.0829   1.136  2.891  0.000
   36 C  -0.0326 -0.0813   1.138  2.895  0.000
   37 C  -0.0063 -0.0579   1.135  2.871  0.000
   38 C  -0.0004 -0.0494   1.140  2.860  0.000
   39 C   0.0458  0.1072   1.181  2.773  0.000
   40 C  -0.0545 -0.1026   1.135  2.920  0.000
   41 C  -0.0333 -0.0894   1.136  2.897  0.000
   42 C  -0.0494 -0.1058   1.132  2.917  0.000
   43 C  -0.0420 -0.0968   1.140  2.902  0.000
   44 C  -0.0229 -0.0254   1.186  2.837  0.000
   45 H   0.0312  0.0851   0.969  0.000  0.000
   46 H   0.0348  0.0890   0.965  0.000  0.000
   47 H   0.0340  0.0882   0.966  0.000  0.000
   48 H   0.0315  0.0853   0.969  0.000  0.000
   49 H   0.0346  0.0888   0.965  0.000  0.000
   50 H   0.0339  0.0881   0.966  0.000  0.000
   51 H   0.0438  0.1028   0.956  0.000  0.000
   52 H   0.0396  0.0961   0.960  0.000  0.000
   53 H   0.0426  0.0991   0.957  0.000  0.000
   54 H   0.0378  0.1012   0.962  0.000  0.000
   55 H   0.0588  0.1192   0.941  0.000  0.000
   56 H   0.0548  0.1151   0.945  0.000  0.000
   57 H   0.0491  0.1107   0.951  0.000  0.000
   58 H   0.0600  0.1200   0.940  0.000  0.000
   59 H   0.0550  0.1162   0.945  0.000  0.000
   60 H   0.0453  0.1026   0.955  0.000  0.000
   61 H   0.0433  0.0998   0.957  0.000  0.000
   62 H   0.0461  0.1027   0.954  0.000  0.000
   63 H   0.0435  0.1033   0.957  0.000  0.000
   64 H   0.0397  0.1006   0.960  0.000  0.000
   65 H   0.0451  0.1016   0.955  0.000  0.000
   66 H   0.0417  0.0982   0.958  0.000  0.000
   67 H   0.0455  0.1021   0.954  0.000  0.000
   68 H   0.0407  0.1015   0.959  0.000  0.000
   69 H   0.0507  0.1126   0.949  0.000  0.000
   70 H   0.0573  0.1178   0.943  0.000  0.000
   71 H   0.0403  0.1041   0.960  0.000  0.000
   72 H   0.0451  0.1017   0.955  0.000  0.000
   73 H   0.0396  0.0961   0.960  0.000  0.000
   74 H   0.0430  0.1020   0.957  0.000  0.000
 Hirshfeld charges for QMDFF written to <charges>
 
 Loewdin charges    n(s)   n(p)   n(d)
    1 C  -0.1066   1.038  3.069  0.000
    2 C   0.0327   1.184  2.783  0.000
    3 C  -0.1064   1.038  3.068  0.000
    4 C  -0.0228   1.146  2.876  0.000
    5 C  -0.0364   1.087  2.950  0.000
    6 C  -0.0456   1.078  2.967  0.000
    7 C  -0.0287   1.081  2.948  0.000
    8 C  -0.0557   1.083  2.973  0.000
    9 C   0.0436   1.144  2.812  0.000
   10 N  -0.0836   1.185  3.899  0.000
   11 C   0.0709   1.142  2.787  0.000
   12 C   0.0058   1.087  2.907  0.000
   13 C   0.0003   1.082  2.918  0.000
   14 C   0.0205   1.165  2.814  0.000
   15 S   0.3210   1.525  3.197  0.957
   16 O  -0.3665   1.649  4.717  0.000
   17 O  -0.3703   1.650  4.720  0.000
   18 C   0.0068   1.160  2.834  0.000
   19 C  -0.0188   1.080  2.939  0.000
   20 C  -0.0114   1.080  2.931  0.000
   21 C   0.0416   1.149  2.809  0.000
   22 C  -0.0144   1.125  2.889  0.000
   23 C  -0.0171   1.086  2.931  0.000
   24 C  -0.0298   1.124  2.906  0.000
   25 C  -0.0247   1.084  2.940  0.000
   26 C  -0.0366   1.078  2.959  0.000
   27 C  -0.0230   1.081  2.942  0.000
   28 C  -0.0318   1.082  2.950  0.000
   29 C   0.0322   1.149  2.819  0.000
   30 N  -0.0444   1.192  3.852  0.000
   31 C   0.0520   1.136  2.812  0.000
   32 C  -0.0285   1.084  2.944  0.000
   33 C  -0.0183   1.081  2.938  0.000
   34 C  -0.0264   1.080  2.946  0.000
   35 C  -0.0180   1.081  2.937  0.000
   36 C  -0.0299   1.085  2.945  0.000
   37 C  -0.0015   1.082  2.920  0.000
   38 C   0.0030   1.087  2.910  0.000
   39 C   0.0412   1.145  2.814  0.000
   40 C  -0.0535   1.083  2.970  0.000
   41 C  -0.0243   1.080  2.944  0.000
   42 C  -0.0436   1.078  2.966  0.000
   43 C  -0.0367   1.087  2.950  0.000
   44 C  -0.0246   1.146  2.878  0.000
   45 H   0.0312   0.969  0.000  0.000
   46 H   0.0353   0.965  0.000  0.000
   47 H   0.0346   0.965  0.000  0.000
   48 H   0.0314   0.969  0.000  0.000
   49 H   0.0350   0.965  0.000  0.000
   50 H   0.0345   0.966  0.000  0.000
   51 H   0.0372   0.963  0.000  0.000
   52 H   0.0325   0.968  0.000  0.000
   53 H   0.0349   0.965  0.000  0.000
   54 H   0.0306   0.969  0.000  0.000
   55 H   0.0480   0.952  0.000  0.000
   56 H   0.0445   0.955  0.000  0.000
   57 H   0.0403   0.960  0.000  0.000
   58 H   0.0497   0.950  0.000  0.000
   59 H   0.0447   0.955  0.000  0.000
   60 H   0.0367   0.963  0.000  0.000
   61 H   0.0356   0.964  0.000  0.000
   62 H   0.0380   0.962  0.000  0.000
   63 H   0.0352   0.965  0.000  0.000
   64 H   0.0317   0.968  0.000  0.000
   65 H   0.0367   0.963  0.000  0.000
   66 H   0.0340   0.966  0.000  0.000
   67 H   0.0370   0.963  0.000  0.000
   68 H   0.0325   0.968  0.000  0.000
   69 H   0.0411   0.959  0.000  0.000
   70 H   0.0467   0.953  0.000  0.000
   71 H   0.0328   0.967  0.000  0.000
   72 H   0.0370   0.963  0.000  0.000
   73 H   0.0325   0.967  0.000  0.000
   74 H   0.0366   0.963  0.000  0.000
 
 Wiberg/Mayer (AO) data. WBOs > 0.1 written file <wbo>
 largest (>0.05) Wiberg bond orders for each atom
           total WBO             WBO to atom ...
     1  C   3.978    H   45 0.978    H   47 0.976    H   46 0.976    C    2 0.954
     2  C   3.924    C    1 0.954    C    3 0.953    C   44 0.947    C    4 0.947
     3  C   3.978    H   48 0.978    H   50 0.976    H   49 0.976    C    2 0.953
     4  C   3.944    C    5 1.401    C    9 1.333    C    2 0.947    C    7 0.103
     5  C   3.971    C    6 1.432    C    4 1.401    H   51 0.942    C    8 0.105
     6  C   3.970    C    5 1.432    C    7 1.416    H   52 0.945    C    9 0.098
     7  C   3.973    C    8 1.451    C    6 1.416    H   53 0.944    C    4 0.103
     8  C   3.968    C    7 1.451    C    9 1.357    H   54 0.942    C    5 0.105
     9  C   3.931    C    8 1.357    C    4 1.333    N   10 1.027    C    6 0.098
    10  N   3.367    C    9 1.027    C   39 1.024    C   11 0.954
    11  C   3.932    C   38 1.389    C   12 1.385    N   10 0.954    C   14 0.105
    12  C   3.966    C   13 1.425    C   11 1.385    H   55 0.940    C   37 0.108
    13  C   3.970    C   12 1.425    C   14 1.405    H   56 0.943    C   38 0.109
    14  C   3.899    C   37 1.408    C   13 1.405    S   15 0.747    C   11 0.105    O   16 0.061    O   17 0.061
    15  S   5.052    O   16 1.704    O   17 1.700    C   18 0.753    C   14 0.747
    16  O   1.987    S   15 1.704    O   17 0.110    C   14 0.061    C   18 0.061
    17  O   1.983    S   15 1.700    O   16 0.110    C   14 0.061    C   18 0.060
    18  C   3.891    C   23 1.430    C   19 1.368    S   15 0.753    C   21 0.084    O   16 0.061    O   17 0.060
    19  C   3.951    C   20 1.448    C   18 1.368    H   57 0.944    C   22 0.084
    20  C   3.963    C   19 1.448    C   21 1.360    H   58 0.936    C   23 0.097
    21  C   3.930    C   20 1.360    C   22 1.246    N   30 1.086    C   18 0.084
    22  C   3.952    C   23 1.351    C   21 1.246    C   24 1.089    C   19 0.084
    23  C   3.957    C   18 1.430    C   22 1.351    H   59 0.941    C   20 0.097
    24  C   3.945    C   25 1.348    C   29 1.266    C   22 1.089    C   27 0.089
    25  C   3.961    C   26 1.465    C   24 1.348    H   60 0.944    C   28 0.104
    26  C   3.968    C   25 1.465    C   27 1.391    H   61 0.945    C   29 0.091
    27  C   3.952    C   28 1.456    C   26 1.391    H   62 0.944    C   24 0.089
    28  C   3.967    C   27 1.456    C   29 1.366    H   63 0.943    C   25 0.104
    29  C   3.925    C   28 1.366    C   24 1.266    N   30 1.053    C   26 0.091
    30  N   3.457    C   21 1.086    C   29 1.053    C   31 0.960
    31  C   3.929    C   36 1.390    C   32 1.390    N   30 0.960    C   34 0.109
    32  C   3.970    C   33 1.435    C   31 1.390    H   64 0.947    C   35 0.110
    33  C   3.973    C   32 1.435    C   34 1.429    H   65 0.945    C   36 0.110
    34  C   3.973    C   33 1.429    C   35 1.429    H   66 0.946    C   31 0.109
    35  C   3.973    C   36 1.435    C   34 1.429    H   67 0.945    C   32 0.110
    36  C   3.970    C   35 1.435    C   31 1.390    H   68 0.947    C   33 0.110
    37  C   3.969    C   38 1.421    C   14 1.408    H   69 0.943    C   12 0.108
    38  C   3.965    C   37 1.421    C   11 1.389    H   70 0.940    C   13 0.109
    39  C   3.930    C   40 1.357    C   44 1.334    N   10 1.024    C   42 0.099
    40  C   3.967    C   41 1.450    C   39 1.357    H   71 0.941    C   43 0.106
    41  C   3.973    C   40 1.450    C   42 1.416    H   72 0.944    C   44 0.103
    42  C   3.970    C   43 1.432    C   41 1.416    H   73 0.945    C   39 0.099
    43  C   3.971    C   42 1.432    C   44 1.401    H   74 0.942    C   40 0.106
    44  C   3.944    C   43 1.401    C   39 1.334    C    2 0.947    C   41 0.103
    45  H   0.999    C    1 0.978
    46  H   0.997    C    1 0.976
    47  H   0.997    C    1 0.976
    48  H   0.999    C    3 0.978
    49  H   0.997    C    3 0.976
    50  H   0.997    C    3 0.976
    51  H   0.997    C    5 0.942
    52  H   0.997    C    6 0.945
    53  H   0.994    C    7 0.944
    54  H   0.997    C    8 0.942
    55  H   0.994    C   12 0.940
    56  H   0.996    C   13 0.943
    57  H   0.997    C   19 0.944
    58  H   0.991    C   20 0.936
    59  H   0.996    C   23 0.941
    60  H   0.997    C   25 0.944
    61  H   0.996    C   26 0.945
    62  H   0.997    C   27 0.944
    63  H   0.996    C   28 0.943
    64  H   0.998    C   32 0.947
    65  H   0.997    C   33 0.945
    66  H   0.998    C   34 0.946
    67  H   0.997    C   35 0.945
    68  H   0.998    C   36 0.947
    69  H   0.997    C   37 0.943
    70  H   0.993    C   38 0.940
    71  H   0.997    C   40 0.941
    72  H   0.994    C   41 0.944
    73  H   0.997    C   42 0.945
    74  H   0.997    C   43 0.942
 
 --------------------------------------------
          xTB calculation for sTDA...
 --------------------------------------------
 
 reading parameter file /home/penavora/Exe_xtb_crest/.param_stda2.xtb
 
      method parameters     
 k(s)        :  1.6000
 k(p)        :  2.1800
 k(d)        :  1.9500
 k(f)        :  2.0000
 k(R-V)      :  2.2750
 k(R-R)      :  1.7650
 Tscal       :  0.2580
 Gscal       :  1.0000
 fpol        :  1.0000
 Zcnf        :  0.3430
 Zqf         :  0.0000
 kcn         :  2.7000
 Ryd Hsplit  :  0.7000
 lshift(virt):  3.1000
 lshift(OS)  :  0.2000
 wllscaling  :  2.6000
 
 mowrcut     : 3.000
 
  Z AO/shell   Hii/eV     exponent
  1     Sun Feb 14 09:53:25 CET 2016    EN: 2.327 GAM: 0.473  GM3: 0.0000
     1s    -14.339618    1.220000
     2sp    -3.348946    0.600000
  6     Sun Feb 14 09:53:25 CET 2016    EN: 2.731 GAM: 0.422  GM3: 0.0000
     2s    -22.009312    1.565095
     2p    -13.020408    1.596905
     3sp    -3.914040    0.824500
  7     Sun Feb 14 09:53:25 CET 2016    EN: 3.573 GAM: 0.504  GM3: 0.0000
     2s    -25.722000    2.064844
     2p    -18.684912    1.801692
     3sp    -4.344791    0.921400
  8     Sun Feb 14 09:53:25 CET 2016    EN: 3.700 GAM: 0.587  GM3: 0.0000
     2s    -33.859000    2.418661
     2p    -22.175911    1.973969
     3sp    -4.259392    1.013700
 16     Sun Feb 21 16:35:57 CET 2016    EN: 1.915 GAM: 0.200  GM3: 0.0000
     3s    -17.898811    2.619580
     3p    -15.317401    1.798798
     4sp    -4.455139    0.843200
 
 Nbf   :          502
 T(el) :     0.0
 calculating S/T integrals ...
 cpu time for ints    8.69124500000000     
 Nao   :          502
 making H0...
 making H1...
 cpu time for H      0.681873000000001     
 solving ...
 cpu time for diag    1.18795100000000     
 
 gap (eV)           :   6.726
 Koopmans IP (eV)   :  13.501
 Eel (Eh)           :  -184.018501

          eigenvalues
 #    :          95         96         97         98         99        100        101        102
 occ. :        2.000      2.000      2.000      2.000      2.000      2.000      2.000      2.000
 eps  :       -16.957    -16.691    -16.390    -16.371    -16.277    -16.256    -16.004    -15.908
 #    :         103        104        105        106        107        108        109        110
 occ. :        2.000      2.000      2.000      2.000      2.000      0.000      0.000      0.000
 eps  :       -15.872    -15.723    -15.248    -14.351    -13.503     -6.776     -6.372     -6.310
 #    :         111        112        113        114        115        116        117        118
 occ. :        0.000      0.000      0.000      0.000      0.000      0.000      0.000      0.000
 eps  :        -6.064     -5.931     -5.869     -5.712     -5.588     -5.545     -5.395     -5.180
                            1  SCC done.
 writing mo output ...
 molden style : F
 
speedup 25.45
cpu  time for all   15.81 s
wall time for all    0.62 s
