  66
 Etot=         -93.7685512917
 C          6.8959123830        1.5500486300        0.8665552568
 C          6.0879482363        0.2565334959        0.7920991441
 C          6.4751683445       -0.6450942972        1.9712506709
 O          4.6996696528        0.5537149960        0.9373627626
 B          3.9910424447       -0.2150840724        0.0584890000
 C          2.4308700185       -0.2884368934        0.0289778782
 C          1.6562908026        0.4767800406        0.9027767672
 C          0.2782066113        0.4211590307        0.8759122600
 C         -0.3787375531       -0.4107260118       -0.0298759043
 C         -1.8475559560       -0.5004914894       -0.0522769117
 C         -2.6407371879        0.5938654996       -0.0237544234
 C         -2.1075630928        1.9582216483       -0.1709353460
 C         -1.1742141685        2.2627647033       -1.1600721678
 C         -0.6989347186        3.5521861634       -1.3017485647
 C         -1.1475994670        4.5583047873       -0.4617866672
 C         -2.0847531877        4.2688748103        0.5159152028
 C         -2.5668596716        2.9812829612        0.6565122903
 C         -4.0995372255        0.5075889875        0.1566007518
 C         -4.9493748430        1.2773977517       -0.6354182862
 C         -6.3191691499        1.2157430315       -0.4621287690
 C         -6.8611591714        0.3964025781        0.5140750873
 C         -6.0237874332       -0.3581818920        1.3194278868
 C         -4.6544363257       -0.3041735015        1.1441575119
 C         -2.3900085993       -1.8682093368       -0.1061015850
 C         -1.8459804167       -2.8669974158        0.6993364195
 C         -2.3381115166       -4.1574183625        0.6470183939
 C         -3.3701876608       -4.4744702243       -0.2203864448
 C         -3.9039085491       -3.4932624903       -1.0398086637
 C         -3.4189486037       -2.2007087766       -0.9851668001
 C          0.3863836733       -1.1959122995       -0.8912758887
 C          1.7644135240       -1.1260479334       -0.8666431652
 O          4.8023156684       -0.9127033991       -0.7907448775
 C          6.1498863887       -0.4865065153       -0.5923067143
 C          7.0782366497       -1.6981281410       -0.6327816574
 C          6.4960297170        0.4495614720       -1.7572725389
 H          6.7946571332        1.9708967285        1.8638830391
 H          7.9463451875        1.3484791664        0.6749295425
 H          6.5311034680        2.2830995364        0.1544116054
 H          6.2492660840       -0.1194639874        2.8962733777
 H          7.5337470632       -0.8858121347        1.9507571009
 H          5.8884363087       -1.5602269323        1.9539075217
 H          2.1579686246        1.1198746543        1.6102422800
 H         -0.3021739533        1.0146096720        1.5676701054
 H         -0.8309849287        1.4841273086       -1.8251088811
 H          0.0232966900        3.7745302640       -2.0737958056
 H         -0.7724373279        5.5651267795       -0.5723499613
 H         -2.4425928527        5.0504787213        1.1705611364
 H         -3.2969233389        2.7563499933        1.4214567888
 H         -4.5273393855        1.9164631254       -1.3984344667
 H         -6.9669925312        1.8107860985       -1.0896407709
 H         -7.9316112410        0.3503284570        0.6506533710
 H         -6.4406198664       -0.9897134640        2.0905787207
 H         -4.0039355082       -0.8845777369        1.7818485864
 H         -1.0407616845       -2.6201461681        1.3769418635
 H         -1.9136453647       -4.9200013970        1.2840309385
 H         -3.7531817983       -5.4835509646       -0.2621895734
 H         -4.7005043736       -3.7378523650       -1.7274673526
 H         -3.8293440516       -1.4414901354       -1.6346516478
 H         -0.1123730300       -1.8513470829       -1.5921063437
 H          2.3498215852       -1.7278099295       -1.5457521595
 H          8.0964398194       -1.3991768373       -0.3989897925
 H          6.7556061332       -2.4641166874        0.0649281980
 H          7.0575408033       -2.1239160080       -1.6329369680
 H          6.3546383374       -0.0928102962       -2.6893871290
 H          5.8269634755        1.3064852395       -1.7632751421
 H          7.5263340063        0.7869789451       -1.6972440376
