  57
 Etot=         -93.1250846827
 C         -6.7141575241       -3.7248755805        0.0456707932
 O         -5.3441204408       -4.0330742225        0.0081516649
 C         -4.4478496397       -3.0009475720       -0.0007229668
 C         -3.0992572571       -3.3895527583       -0.0331646217
 C         -2.0764826122       -2.4676537094       -0.0319740255
 C         -2.4109250527       -1.1203248256        0.0148255828
 C         -3.7623909872       -0.7179125544        0.0085662955
 C         -4.7875244089       -1.6586652871        0.0069893921
 C         -3.7633761506        0.7173460253       -0.0102456056
 C         -4.7898565540        1.6566054027       -0.0060324860
 C         -4.4521274245        2.9993786203        0.0010887308
 O         -5.3499542575        4.0301778084       -0.0049706332
 C         -6.7196770359        3.7199051380       -0.0365416234
 C         -3.1040167027        3.3899166726        0.0298614257
 C         -2.0798983545        2.4694960389        0.0261479153
 C         -2.4124693398        1.1216742066       -0.0195118958
 N         -1.5980251762        0.0012237538       -0.0031778459
 C         -0.2062233946        0.0017564005       -0.0022729929
 C          0.4994355312       -0.8279098974        0.8695350928
 C          1.8772474218       -0.8359018148        0.8603961856
 C          2.5854327843        0.0015050155       -0.0004801115
 C          4.0496892595        0.0007507476        0.0001815203
 C          4.7820112211        1.1958469492        0.0494317060
 C          4.1379767417        2.4472064092        0.1512862593
 N          3.6601879358        3.4850330678        0.2546861649
 C          6.1876816509        1.1460001387        0.0513394666
 C          7.0032030523        2.3928796351        0.1155413467
 N          6.8418735287       -0.0012162386        0.0016814769
 C          6.1861373463       -1.1475200058       -0.0487087088
 C          6.9999315500       -2.3955723432       -0.1120302853
 C          4.7804085158       -1.1953723004       -0.0483245833
 C          4.1347666275       -2.4458538600       -0.1508532780
 N          3.6557746976       -3.4830810202       -0.2547234586
 C          1.8784853998        0.8392847751       -0.8619931921
 C          0.5006305676        0.8315745615       -0.8729203641
 H         -7.0254120467       -3.1616875407       -0.8407603239
 H         -7.2324948819       -4.6824058898        0.0620446884
 H         -6.9750094343       -3.1578299746        0.9458152155
 H         -2.8853511710       -4.4458349002       -0.0637372681
 H         -1.0494842511       -2.7942141441       -0.0818381999
 H         -5.8130748699       -1.3267067878        0.0051673107
 H         -5.8149067724        1.3231285257       -0.0017601532
 H         -6.9837164206        3.1528662391       -0.9357596575
 H         -7.2395476323        4.6766465281       -0.0501585536
 H         -7.0260828749        3.1558424801        0.8510248644
 H         -2.8915586139        4.4465118300        0.0597617543
 H         -1.0532738708        2.7976026820        0.0733506980
 H         -0.0394642053       -1.4489340601        1.5678730216
 H          2.4106397850       -1.4697636243        1.5534269710
 H          8.0583259609        2.1360075321        0.1044820354
 H          6.7723394342        2.9489764574        1.0235231467
 H          6.7758313535        3.0397922619       -0.7309269531
 H          8.0554149471       -2.1402873252       -0.0989659016
 H          6.7698852321       -2.9508457723       -1.0207280124
 H          6.7700441596       -3.0425956962        0.7336708676
 H          2.4128943920        1.4731758420       -1.5542171199
 H         -0.0372164037        1.4527866857       -1.5719017327
  57
 Etot=         -93.1250847005
 C         -6.7141627963       -3.7248718229        0.0456508654
 O         -5.3441192788       -4.0330765697        0.0081430654
 C         -4.4478517346       -3.0009474064       -0.0007314243
 C         -3.0992531914       -3.3895517325       -0.0331693018
 C         -2.0764854378       -2.4676540583       -0.0319741241
 C         -2.4109220888       -1.1203227121        0.0148246680
 C         -3.7623872388       -0.7179085211        0.0085663460
 C         -4.7875287045       -1.6586683279        0.0069849636
 C         -3.7633721622        0.7173419867       -0.0102450223
 C         -4.7898601811        1.6566085009       -0.0060272045
 C         -4.4521284229        2.9993787059        0.0010972697
 O         -5.3499516332        4.0301804224       -0.0049613664
 C         -6.7196807653        3.7199023777       -0.0365245562
 C         -3.1040112421        3.3899150594        0.0298677683
 C         -2.0799003279        2.4694955182        0.0261519627
 C         -2.4124656649        1.1216707332       -0.0195103986
 N         -1.5980266847        0.0012233952       -0.0031730153
 C         -0.2062255660        0.0017501023       -0.0022706099
 C          0.4994344761       -0.8279071656        0.8695368153
 C          1.8772474899       -0.8358988808        0.8604001525
 C          2.5854386818        0.0015100365       -0.0004819097
 C          4.0496832806        0.0007514098        0.0001808975
 C          4.7820111787        1.1958438991        0.0494242007
 C          4.1379671138        2.4472301931        0.1512772825
 N          3.6601945142        3.4850183728        0.2546491756
 C          6.1876786889        1.1460030364        0.0513301003
 C          7.0032024430        2.3928872342        0.1155227050
 N          6.8418802620       -0.0012158377        0.0016819960
 C          6.1861350426       -1.1475218930       -0.0487002896
 C          6.9999319654       -2.3955788872       -0.1120121068
 C          4.7804093463       -1.1953687412       -0.0483197173
 C          4.1347593946       -2.4458819122       -0.1508426158
 N          3.6557820353       -3.4830633877       -0.2546921422
 C          1.8784850919        0.8392807666       -0.8619969874
 C          0.5006283615        0.8315708951       -0.8729213388
 H         -7.0254064800       -3.1616856216       -0.8407811662
 H         -7.2324957606       -4.6824073038        0.0620201906
 H         -6.9750160602       -3.1578316750        0.9457934485
 H         -2.8853520193       -4.4458353973       -0.0637423785
 H         -1.0494839670       -2.7942150856       -0.0818372219
 H         -5.8130753487       -1.3267058936        0.0051618732
 H         -5.8149067675        1.3231283656       -0.0017547387
 H         -6.9837197007        3.1528685126       -0.9357411261
 H         -7.2395465842        4.6766490588       -0.0501383079
 H         -7.0260780523        3.1558421753        0.8510422239
 H         -2.8915577379        4.4465116818        0.0597695741
 H         -1.0532724635        2.7976021854        0.0733539534
 H         -0.0394634413       -1.4489298832        1.5678788723
 H          2.4106409346       -1.4697585733        1.5534322658
 H          8.0583270274        2.1360084866        0.1044628794
 H          6.7723401860        2.9489845515        1.0235010344
 H          6.7758289247        3.0397884471       -0.7309502318
 H          8.0554169933       -2.1402866953       -0.0989475709
 H          6.7698872274       -2.9508532962       -1.0207059285
 H          6.7700435959       -3.0425905851        0.7336938973
 H          2.4128940087        1.4731694316       -1.5542229580
 H         -0.0372174253        1.4527810503       -1.5719056495
