  54
 Etot=         -95.1529080105
 F         -1.3947699298       -0.9529506507        2.2284707347
 C         -0.7181173423       -0.5814640381        1.1146964504
 C          0.6549285278       -0.5430628629        1.2320872034
 C          1.4435244710       -0.1047200615        0.1659730795
 N          2.8641735963       -0.0665947181        0.2490312137
 C          3.4329929040        1.0849921500        0.7300570766
 C          2.6428641218        2.0886509406        1.3158266160
 C          3.1907369127        3.2457672431        1.8019230669
 C          4.5842032610        3.4798005077        1.6967955201
 C          5.3782811190        2.5446204841        1.0968019854
 C          4.8470248939        1.3355009010        0.6262223475
 S          5.8950205479        0.3090679097       -0.2892319868
 C          4.9639076856       -1.1381019256       -0.4525699030
 C          5.6013664512       -2.2602428965       -0.9995549967
 C          4.9053198137       -3.4000214244       -1.2852779351
 C          3.5054179474       -3.4348153138       -1.0648450177
 C          2.8542165584       -2.3369580093       -0.5697757511
 C          3.5404624239       -1.1570774658       -0.2343780352
 C          0.7836827483        0.3203269770       -0.9799511024
 F          1.5107759049        0.7980205226       -2.0114238117
 C         -0.5849791821        0.2768864643       -1.1036877822
 C         -1.3963434582       -0.2240075626       -0.0628641277
 N         -2.7612667290       -0.2770999916       -0.1996498926
 C         -3.6338723283       -0.8264272720        0.7660835113
 C         -3.5176388576       -2.1466559658        1.1856816070
 C         -4.3938453366       -2.6525225450        2.1265416890
 C         -5.4095248349       -1.8583470774        2.6358884666
 C         -5.5684721400       -0.5607313727        2.1835671094
 C         -4.6874824798       -0.0512371994        1.2450494200
 S         -4.9033097924        1.5884695040        0.5998860946
 C         -4.4681647795        1.1939876200       -1.0740595199
 C         -5.1577773222        1.7657566472       -2.1301153789
 C         -4.8478026717        1.4031943754       -3.4291699521
 C         -3.8825918924        0.4362617868       -3.6662973213
 C         -3.1953320682       -0.1384963431       -2.6133990066
 C         -3.4476576801        0.2714869782       -1.3070389618
 H          1.1107126508       -0.8380406129        2.1631743579
 H          1.5783038242        1.9331464412        1.3986807836
 H          2.5586156786        3.9875599410        2.2625916222
 H          5.0053109440        4.3944527602        2.0814774472
 H          6.4396012818        2.7065665606        0.9806039597
 H          6.6652189501       -2.1988474630       -1.1743556834
 H          5.4079641741       -4.2680691698       -1.6798177007
 H          2.9521711888       -4.3313029970       -1.2940817788
 H          1.7870973704       -2.3798282590       -0.4136285038
 H         -1.0261347280        0.6615427755       -2.0064207564
 H         -2.7220231099       -2.7590256517        0.7881354584
 H         -4.2842361752       -3.6721292481        2.4623407011
 H         -6.0877681709       -2.2534754273        3.3761866617
 H         -6.3656375063        0.0648256567        2.5541849104
 H         -5.9297567330        2.4906911764       -1.9242781389
 H         -5.3755708620        1.8573491606       -4.2531737723
 H         -3.6665680933        0.1235797132       -4.6764416064
 H         -2.4607868158       -0.9084068458       -2.7956280100
