 
        ______________________________________
       |                                      |
       |          ===================         |
       |             xTB for sTDA             |
       |          ===================         |
       |               S. Grimme              |
       |        Universitaet Bonn, MCTC       |
       |         2015-19, Version 1.0         |
       |     Wed Apr  3 09:14:55 CEST 2019    |
       |______________________________________|
 
        This code comes without any warranty
        for non-commercial, academia use only.
        Preliminary test version.
        Cite this work as:
        S. Grimme  &  C. Bannwarth, JCP 145 (2016) 054103
        if GBSA is used additionally:
        P. Shushkov, F. März, C. Bannwarth, S. Grimme, unpublished.
 
        with help from
        P. Shushkov, G. Brandenburg, S. Dohm, J. Pisarek,
        F. März, M. Checinski, S. Ehrlich, S. Spicher, 
        P. Pracht, E. Caldeweyher, S. Ehlert, and C. Bannwarth.
 
        usage        :
        xtb4stda <coord_file> [options]
        where <coord_file> is a valid file of TM)
        (*coord, Bohr) or xmol (*xyz, Angstroem)
        format.

        options:
        -chrg <int>   : molecular charge
        -uhf  <int>   : # of unpaired electrons(=2*S)
        -nox          : skip second, extended part in sTDA-xTB
        -pop          : do population analysis
                      : (default for -nox)
        -mowr <real>  : cut MO write above (def.3 Eh)
        -molden       : write formatted molden file
        -parx <file>  : read parameters for sTDA-xTB
                        calc (def:~/.param_stda2.xtb)
        -parv <file>  : read parameters for vTB part in
                        sTDA-xTB (def: ~/.param_stda1.xtb)
        -xtemp <real> : el. temp for xTB (def. 0 K)
        -etemp <real> : el. temp for GFN (def. 300 K)
        -fod          : calculate the FOD and write
                        molden.input file with
                        appropriate occupations
                        for plotting. Def. T=12500 K
 
        -acc <real>   : xTB accuracy (def. 1.0)
        -gbsa [string1] [string2]
                        use GBSA implicit solvent
                        for solvent [string1] and
                        solvation state [string2]=
                        reference, bar1M (default=1M)
        additional GFN/opt/MD/siman options read from
        $XTB4STDAHOME/.xtb4stdarc or $set in input
 
       spin and charge state information can be on:
       <.CHRG> (charge) and <.UHF> (=nalpha-nbeta)
       -uhf and -chrg override the file info.
       useful machine settings:
       setenv MKL_NUM_THREADS <NCORE_ON_YOUR_MACHINE>
       setenv OMP_STACKSIZE 500m
       limit stacksize unlimited
 
       total energies in Eh, gaps/HL energies in eV
       please read REVISION and HOWTO files carefully
 =============================
  # OMP threads =          48
 =============================
 
 xtb4stdahome directory:/home/penavora/Exe_xtb_crest/
 
 argument            1 :--gbsa
 argument            2 :toluene
 
 name of molecule           :
 comment line               :
 number of atoms            :   153
 number of electrons        :   416
 charge                     :  0
 spin                       : 0.0
 first test random number   :  0.6617
 
 -----------------------------------------
      charge density (VTB) calculation
 -----------------------------------------
 
      method parameters     
 k(s)        :  1.8000
 k(p)        :  2.8350
 k(d)        :  2.0860
 k(f)        :  2.0000
 Tscal       :  0.3300
 Gscal       :  0.3910
 fpol        :  1.0000
 Zcnf        :  0.6500
 Zqf         :  0.0000
 kcn         :  0.3000
 kEN1        : -0.5900
 wllscal     :  2.6000
 
 Solvent             : toluene
 GBSA parameter file : /home/penavora/Exe_xtb_crest/.param_gbsa_toluene
 Gsolv ref. state (COSMO-RS): gsolv [1 M gas/solution]
 temperature (mdtemp)       :    298.150000000000     
 dielectric constant        :    7.00000000000000     
 rho                        :   0.867000000000000     
 mass                       :    92.1400000000000     
 surface tension            :    15.5689470637553     
 probe radius               :   0.641644990000000     
 vdW radii scaling          :    1.00000000000000     
 Gshift (Eh)                :   4.228772547061559E-003
 c1                         :    1.59772343000000     
 soset                      :   0.281999450000000     
 HB correction              :  F
 
 doing EN charges ...
 sum q : -0.8881784D-15
 point charge moment (au)
     X       Y       Z   
   0.0038   0.0595  -0.0093  total (Debye):    0.153
 
            Z      q(EN)   CN      Cart. coordinates
     1  C   4.0  -0.244   4.101    24.88842    -7.47777    -4.25076
     2  C   4.0  -0.023   4.075    24.08416    -5.16039    -2.71405
     3  C   4.0  -0.244   4.100    24.97635    -5.53478     0.02266
     4  C   4.0  -0.244   4.100    25.37561    -2.82756    -3.86058
     5  C   4.0   0.006   3.239    21.23495    -4.76227    -2.72011
     6  C   4.0  -0.073   3.183    19.56494    -6.39833    -3.94004
     7  C   4.0  -0.067   3.165    16.99553    -5.99558    -3.84532
     8  C   4.0   0.067   3.272    16.01198    -3.92376    -2.55076
     9  C   4.0   0.057   3.173    17.62133    -2.17551    -1.35779
    10  C   4.0  -0.072   3.225    20.21144    -2.70482    -1.46632
    11  B   3.0  -0.181   3.195    16.35861     0.11618    -0.04632
    12  C   4.0   0.057   3.174    17.41026     2.54615     1.20019
    13  C   4.0  -0.072   3.216    19.92928     3.37619     1.16064
    14  C   4.0   0.006   3.239    20.76154     5.54243     2.35734
    15  C   4.0  -0.023   4.075    23.49755     6.42665     2.29273
    16  C   4.0  -0.244   4.100    24.52058     6.53376     5.00696
    17  C   4.0  -0.244   4.101    23.60687     9.06855     1.09561
    18  C   4.0  -0.244   4.101    25.20564     4.66860     0.75364
    19  C   4.0  -0.073   3.192    18.97278     6.96899     3.68258
    20  C   4.0  -0.066   3.163    16.47269     6.27073     3.73588
    21  C   4.0   0.067   3.272    15.67323     4.09250     2.48198
    22  O   6.0  -0.159   2.107    13.13039     3.65893     2.61488
    23  C   4.0   0.076   3.263    12.03186     1.73560     1.34798
    24  C   4.0  -0.063   3.200     9.40770     1.59593     1.41912
    25  C   4.0   0.078   3.292     8.19285    -0.33373     0.12315
    26  N   5.0  -0.313   3.256     5.50742    -0.45516     0.15048
    27  C   4.0   0.097   3.301     4.15321     1.09651    -1.47049
    28  C   4.0  -0.069   3.199     5.41829     2.69312    -3.15218
    29  C   4.0  -0.072   3.145     4.09479     4.25225    -4.77071
    30  C   4.0  -0.072   3.141     1.47859     4.24812    -4.75998
    31  C   4.0  -0.070   3.201     0.21760     2.65296    -3.11949
    32  C   4.0   0.009   3.332     1.51279     1.07437    -1.47783
    33  C   4.0  -0.053   4.278    -0.00627    -0.63136     0.25291
    34  C   4.0   0.009   3.332     1.68187    -2.27974     1.87491
    35  C   4.0  -0.070   3.201     0.54894    -3.97196     3.52326
    36  C   4.0  -0.072   3.141     1.96804    -5.50683     5.09078
    37  C   4.0  -0.072   3.145     4.57776    -5.33267     5.02008
    38  C   4.0  -0.069   3.198     5.74110    -3.66016     3.39132
    39  C   4.0   0.097   3.299     4.31661    -2.12313     1.78366
    40  C   4.0   0.009   3.332    -1.57741     1.02589     1.98285
    41  C   4.0  -0.070   3.201    -0.33364     2.58289     3.68366
    42  C   4.0  -0.072   3.141    -1.64584     4.15000     5.31118
    43  C   4.0  -0.072   3.145    -4.26134     4.14932     5.24606
    44  C   4.0  -0.069   3.199    -5.53419     2.60988     3.56902
    45  C   4.0   0.097   3.301    -4.21666     1.04030     1.90240
    46  N   5.0  -0.313   3.256    -5.52019    -0.49436     0.22482
    47  C   4.0   0.078   3.292    -8.20285    -0.34323     0.14131
    48  C   4.0  -0.063   3.199    -9.64672    -2.13121     1.40594
    49  C   4.0   0.075   3.263   -12.26873    -1.96662     1.30488
    50  C   4.0   0.063   3.235   -13.48056    -0.01121    -0.01406
    51  C   4.0   0.076   3.263   -11.95854     1.76841    -1.25748
    52  C   4.0  -0.063   3.201    -9.33569     1.60363    -1.20221
    53  O   6.0  -0.159   2.107   -12.97769     3.70293    -2.57263
    54  C   4.0   0.067   3.272   -15.52039     4.16040    -2.55855
    55  C   4.0  -0.066   3.163   -16.24020     6.34971    -3.84066
    56  C   4.0  -0.073   3.192   -18.73313     7.07370    -3.89643
    57  C   4.0   0.006   3.239   -20.59345     5.66361    -2.65500
    58  C   4.0  -0.023   4.075   -23.31948     6.57852    -2.70554
    59  C   4.0  -0.244   4.100   -24.23147     6.67233    -5.45938
    60  C   4.0  -0.244   4.101   -23.44836     9.23205    -1.53603
    61  C   4.0  -0.244   4.101   -25.10524     4.85263    -1.21940
    62  C   4.0  -0.072   3.216   -19.83963     3.48218    -1.43384
    63  C   4.0   0.057   3.175   -17.33011     2.62610    -1.36620
    64  B   3.0  -0.181   3.196   -16.36114     0.17804    -0.08919
    65  C   4.0   0.057   3.175   -17.70546    -2.11869     1.12665
    66  C   4.0  -0.072   3.216   -20.30604    -2.63582     1.06266
    67  C   4.0   0.006   3.239   -21.40103    -4.70242     2.22354
    68  C   4.0  -0.023   4.075   -24.22320    -5.24827     2.13027
    69  C   4.0  -0.244   4.100   -25.27259    -5.26943     4.83635
    70  C   4.0  -0.244   4.101   -25.69386    -3.27421     0.60799
    71  C   4.0  -0.244   4.101   -24.64238    -7.84043     0.89319
    72  C   4.0  -0.073   3.192   -19.80616    -6.35249     3.53655
    73  C   4.0  -0.066   3.163   -17.24012    -5.96189     3.61366
    74  C   4.0   0.067   3.272   -16.17509    -3.87976     2.39467
    75  O   6.0  -0.159   2.107   -13.59865    -3.75577     2.54700
    76  C   4.0   0.097   3.299    -4.28103    -2.17113    -1.36308
    77  C   4.0  -0.069   3.198    -5.65583    -3.72673    -2.99593
    78  C   4.0  -0.072   3.146    -4.44351    -5.41068    -4.57644
    79  C   4.0  -0.072   3.141    -1.83267    -5.57961    -4.57138
    80  C   4.0  -0.070   3.201    -0.46196    -4.02453    -2.98092
    81  C   4.0   0.009   3.332    -1.64425    -2.31951    -1.38128
    82  C   4.0  -0.063   3.200     9.55819    -2.13262    -1.21094
    83  C   4.0   0.076   3.263    12.18332    -1.99264    -1.23706
    84  C   4.0   0.062   3.235    13.47639    -0.05261     0.02659
    85  O   6.0  -0.159   2.107    13.43138    -3.78817    -2.55160
    86  H   1.0   0.082   0.999    24.32646    -7.29183    -6.21926
    87  H   1.0   0.082   0.999    24.07893    -9.20095    -3.47599
    88  H   1.0   0.082   1.000    26.93605    -7.65965    -4.19067
    89  H   1.0   0.082   0.999    24.06566    -7.18396     0.84796
    90  H   1.0   0.083   1.000    24.52765    -3.90551     1.18824
    91  H   1.0   0.082   0.999    27.01164    -5.82249     0.06914
    92  H   1.0   0.082   0.999    27.41110    -3.10904    -3.92823
    93  H   1.0   0.082   0.999    24.69710    -2.50859    -5.77567
    94  H   1.0   0.083   1.000    24.99963    -1.14119    -2.75409
    95  H   1.0   0.076   1.006    20.24799    -8.02230    -4.96035
    96  H   1.0   0.075   1.005    15.69661    -7.28124    -4.75341
    97  H   1.0   0.078   1.008    21.46043    -1.43672    -0.48025
    98  H   1.0   0.079   1.009    21.24789     2.25409     0.09853
    99  H   1.0   0.082   0.999    24.40250     4.67844     5.88676
   100  H   1.0   0.083   1.000    23.45744     7.86004     6.15857
   101  H   1.0   0.082   0.999    26.48917     7.12695     4.99652
   102  H   1.0   0.083   1.000    22.52893    10.43356     2.18667
   103  H   1.0   0.082   0.999    22.83874     9.01747    -0.81159
   104  H   1.0   0.082   0.999    25.55469     9.71972     0.99721
   105  H   1.0   0.083   1.000    25.24935     2.78356     1.57057
   106  H   1.0   0.083   0.999    24.58013     4.55313    -1.20079
   107  H   1.0   0.082   1.000    27.12610     5.40385     0.76130
   108  H   1.0   0.076   1.006    19.53031     8.66539     4.66728
   109  H   1.0   0.075   1.005    15.08164     7.39272     4.72074
   110  H   1.0   0.077   1.005     8.34118     2.99510     2.44784
   111  H   1.0   0.077   1.007     7.45726     2.70297    -3.18834
   112  H   1.0   0.074   1.004     5.11843     5.47163    -6.04843
   113  H   1.0   0.074   1.004     0.43254     5.46466    -6.01965
   114  H   1.0   0.076   1.007    -1.82386     2.61852    -3.10354
   115  H   1.0   0.076   1.007    -1.49068    -4.07345     3.57045
   116  H   1.0   0.074   1.004     1.04843    -6.81329     6.35900
   117  H   1.0   0.074   1.004     5.72137    -6.50220     6.24137
   118  H   1.0   0.077   1.007     7.77645    -3.53259     3.36038
   119  H   1.0   0.076   1.007     1.70784     2.55520     3.72309
   120  H   1.0   0.074   1.004    -0.63958     5.35091     6.61740
   121  H   1.0   0.074   1.004    -5.32394     5.34911     6.51042
   122  H   1.0   0.077   1.007    -7.57356     2.61408     3.54558
   123  H   1.0   0.077   1.005    -8.75829    -3.64431     2.44315
   124  H   1.0   0.077   1.005    -8.20755     2.99430    -2.17514
   125  H   1.0   0.075   1.005   -14.79514     7.46037    -4.75848
   126  H   1.0   0.076   1.006   -19.22875     8.77774    -4.90091
   127  H   1.0   0.083   0.999   -23.10162     7.96988    -6.58013
   128  H   1.0   0.082   0.999   -26.18954     7.29503    -5.53421
   129  H   1.0   0.082   0.999   -24.10697     4.80610    -6.31464
   130  H   1.0   0.082   0.999   -22.75026     9.19171     0.39823
   131  H   1.0   0.083   1.000   -22.32074    10.57916    -2.59867
   132  H   1.0   0.082   0.999   -25.39281     9.90025    -1.51374
   133  H   1.0   0.082   1.000   -27.01501     5.61050    -1.30507
   134  H   1.0   0.083   0.999   -24.55328     4.74680     0.75762
   135  H   1.0   0.083   1.000   -25.14082     2.96095    -2.02004
   136  H   1.0   0.079   1.009   -21.21620     2.36857    -0.43817
   137  H   1.0   0.079   1.009   -21.47203    -1.34682     0.01146
   138  H   1.0   0.082   0.999   -24.94430    -3.45227     5.74183
   139  H   1.0   0.083   1.000   -24.38218    -6.72670     5.97621
   140  H   1.0   0.082   0.999   -27.29719    -5.62651     4.80538
   141  H   1.0   0.082   1.000   -27.69035    -3.76705     0.60065
   142  H   1.0   0.083   1.000   -25.50729    -1.40760     1.44573
   143  H   1.0   0.083   0.999   -25.04927    -3.21448    -1.34272
   144  H   1.0   0.083   1.000   -23.74632    -9.34147     1.97010
   145  H   1.0   0.082   0.999   -26.65399    -8.24911     0.77392
   146  H   1.0   0.082   0.999   -23.85949    -7.85660    -1.00874
   147  H   1.0   0.076   1.006   -20.57088    -7.98294     4.49339
   148  H   1.0   0.075   1.005   -16.00219    -7.25716     4.59032
   149  H   1.0   0.077   1.007    -7.69136    -3.60467    -3.02509
   150  H   1.0   0.074   1.004    -5.54993    -6.59377    -5.81875
   151  H   1.0   0.074   1.004    -0.87453    -6.89545    -5.80081
   152  H   1.0   0.076   1.007     1.57822    -4.11943    -2.97300
   153  H   1.0   0.077   1.005     8.60826    -3.63361    -2.21031
 
  Z AO/shell   Hii/eV     exponent
  1     Sat Feb 20 21:38:01 CET 2016    EN: 2.327 GAM: 0.473  GM3: 0.0000
     1s    -13.751157    1.051071
  5     Sat Feb 20 21:38:01 CET 2016    EN: 3.405 GAM: 0.339  GM3: 0.0000
     2s    -17.927409    2.170332
     2p     -8.538581    1.400095
  6     Sat Feb 20 21:38:01 CET 2016    EN: 2.731 GAM: 0.422  GM3: 0.0000
     2s    -19.378245    2.021003
     2p    -11.993376    1.497917
  7     Sat Feb 20 21:38:01 CET 2016    EN: 3.573 GAM: 0.504  GM3: 0.0000
     2s    -21.576984    2.275442
     2p    -16.125120    2.056788
  8     Sat Feb 20 21:38:01 CET 2016    EN: 3.700 GAM: 0.587  GM3: 0.0000
     2s    -21.648843    2.110798
     2p    -17.239740    2.329048
 
 dipole moment of classical point charges (au)
     X       Y       Z   
   0.0038   0.0595  -0.0093  total (Debye):    0.153

 
 Nbf   :          408
 T(el) :   300.0
 calculating S/T integrals ...
 cpu time for ints    3.74923200000000     
 Nao   :          408
 making H0...
 making H1...
 cpu time for H      0.769558000000000     
 solving ...
 cpu time for diag    1.18597500000000     
 
 gap (eV)           :   3.992
 Koopmans IP (eV)   :  12.780
 Eel (Eh)           :  -321.815988
 T,E(Fermi),NFOD :    300.000   -10.784  0.000000
 T,E(Fermi),NFOD :    300.000   -10.784  0.000000
 Nfod               :  0.0000
 Nfod/Nel           :  0.0000

          eigenvalues
 #    :         196        197        198        199        200        201        202        203
 occ. :        2.000      2.000      2.000      2.000      2.000      2.000      2.000      2.000
 eps  :       -15.231    -15.202    -15.135    -15.119    -15.064    -15.031    -14.753    -14.509
 #    :         204        205        206        207        208        209        210        211
 occ. :        2.000      2.000      2.000      2.000      2.000      0.000      0.000      0.000
 eps  :       -14.493    -13.618    -13.615    -12.792    -12.781     -8.789     -8.786     -8.691
 #    :         212        213        214        215        216        217        218        219
 occ. :        0.000      0.000      0.000      0.000      0.000      0.000      0.000      0.000
 eps  :        -8.679     -7.131     -6.271     -6.265     -6.198     -5.978     -5.757     -5.749
                            1  SCC done.
 making H1...
 cpu time for H       1.80251500000000     
 solving ...
 cpu time for diag   0.636552000000000     
 
 gap (eV)           :   4.188
 Koopmans IP (eV)   :  12.881
 Eel (Eh)           :  -322.365204
 T,E(Fermi),NFOD :    300.000   -10.787  0.000000
 T,E(Fermi),NFOD :    300.000   -10.787  0.000000
 Nfod               :  0.0000
 Nfod/Nel           :  0.0000

          eigenvalues
 #    :         196        197        198        199        200        201        202        203
 occ. :        2.000      2.000      2.000      2.000      2.000      2.000      2.000      2.000
 eps  :       -15.239    -15.227    -15.177    -15.174    -15.106    -15.087    -14.905    -14.397
 #    :         204        205        206        207        208        209        210        211
 occ. :        2.000      2.000      2.000      2.000      2.000      0.000      0.000      0.000
 eps  :       -14.384    -13.604    -13.602    -12.892    -12.882     -8.694     -8.689     -8.506
 #    :         212        213        214        215        216        217        218        219
 occ. :        0.000      0.000      0.000      0.000      0.000      0.000      0.000      0.000
 eps  :        -8.481     -7.358     -6.315     -6.285     -6.277     -6.004     -5.853     -5.807
                            2  SCC done.
 
 
 Mulliken/CM5 charges    n(s)   n(p)   n(d)   
    1 C  -0.0983 -0.2476   1.100  2.998  0.000
    2 C   0.0297 -0.0016   1.231  2.739  0.000
    3 C  -0.0999 -0.2483   1.104  2.996  0.000
    4 C  -0.1001 -0.2486   1.103  2.997  0.000
    5 C  -0.0093 -0.0213   1.188  2.822  0.000
    6 C  -0.0335 -0.0880   1.143  2.890  0.000
    7 C  -0.0425 -0.0929   1.135  2.907  0.000
    8 C   0.0885  0.1150   1.167  2.744  0.000
    9 C  -0.0760 -0.0140   1.231  2.845  0.000
   10 C  -0.0409 -0.0888   1.150  2.891  0.000
   11 B   0.0167 -0.2184   1.199  1.784  0.000
   12 C  -0.0761 -0.0141   1.232  2.845  0.000
   13 C  -0.0429 -0.0906   1.149  2.894  0.000
   14 C  -0.0094 -0.0215   1.187  2.822  0.000
   15 C   0.0297 -0.0017   1.231  2.739  0.000
   16 C  -0.0999 -0.2482   1.104  2.996  0.000
   17 C  -0.1001 -0.2484   1.104  2.996  0.000
   18 C  -0.0979 -0.2474   1.100  2.998  0.000
   19 C  -0.0322 -0.0870   1.144  2.888  0.000
   20 C  -0.0421 -0.0925   1.135  2.907  0.000
   21 C   0.0889  0.1155   1.167  2.744  0.000
   22 O  -0.0911 -0.1567   1.435  4.656  0.000
   23 C   0.1003  0.1280   1.157  2.742  0.000
   24 C  -0.0526 -0.0957   1.132  2.921  0.000
   25 C   0.0694  0.1200   1.175  2.755  0.000
   26 N  -0.1130 -0.3560   1.223  3.890  0.000
   27 C   0.0520  0.1137   1.179  2.769  0.000
   28 C  -0.0580 -0.1060   1.135  2.923  0.000
   29 C  -0.0393 -0.0954   1.136  2.904  0.000
   30 C  -0.0529 -0.1092   1.133  2.920  0.000
   31 C  -0.0494 -0.1019   1.141  2.909  0.000
   32 C  -0.0116 -0.0117   1.187  2.824  0.000
   33 C   0.0336  0.0325   1.203  2.763  0.000
   34 C  -0.0109 -0.0114   1.186  2.825  0.000
   35 C  -0.0491 -0.1017   1.141  2.909  0.000
   36 C  -0.0527 -0.1090   1.133  2.920  0.000
   37 C  -0.0390 -0.0951   1.136  2.903  0.000
   38 C  -0.0577 -0.1057   1.135  2.922  0.000
   39 C   0.0521  0.1137   1.179  2.769  0.000
   40 C  -0.0115 -0.0116   1.187  2.824  0.000
   41 C  -0.0493 -0.1018   1.141  2.909  0.000
   42 C  -0.0528 -0.1091   1.133  2.920  0.000
   43 C  -0.0392 -0.0953   1.136  2.904  0.000
   44 C  -0.0578 -0.1058   1.135  2.923  0.000
   45 C   0.0520  0.1137   1.179  2.769  0.000
   46 N  -0.1131 -0.3562   1.223  3.890  0.000
   47 C   0.0693  0.1200   1.175  2.755  0.000
   48 C  -0.0523 -0.0955   1.132  2.920  0.000
   49 C   0.1002  0.1279   1.157  2.742  0.000
   50 C  -0.0961 -0.0246   1.227  2.869  0.000
   51 C   0.1002  0.1279   1.157  2.742  0.000
   52 C  -0.0528 -0.0958   1.132  2.921  0.000
   53 O  -0.0914 -0.1570   1.435  4.656  0.000
   54 C   0.0888  0.1154   1.167  2.744  0.000
   55 C  -0.0422 -0.0926   1.135  2.907  0.000
   56 C  -0.0324 -0.0871   1.144  2.888  0.000
   57 C  -0.0094 -0.0215   1.187  2.822  0.000
   58 C   0.0297 -0.0017   1.231  2.739  0.000
   59 C  -0.0999 -0.2482   1.104  2.996  0.000
   60 C  -0.1002 -0.2485   1.104  2.996  0.000
   61 C  -0.0979 -0.2475   1.100  2.998  0.000
   62 C  -0.0428 -0.0905   1.149  2.894  0.000
   63 C  -0.0760 -0.0139   1.231  2.845  0.000
   64 B   0.0163 -0.2191   1.199  1.785  0.000
   65 C  -0.0760 -0.0140   1.231  2.845  0.000
   66 C  -0.0428 -0.0905   1.149  2.894  0.000
   67 C  -0.0094 -0.0215   1.187  2.822  0.000
   68 C   0.0297 -0.0017   1.231  2.739  0.000
   69 C  -0.0999 -0.2483   1.104  2.996  0.000
   70 C  -0.0980 -0.2476   1.100  2.998  0.000
   71 C  -0.1001 -0.2484   1.104  2.996  0.000
   72 C  -0.0323 -0.0870   1.144  2.888  0.000
   73 C  -0.0421 -0.0925   1.135  2.907  0.000
   74 C   0.0888  0.1154   1.167  2.744  0.000
   75 O  -0.0913 -0.1568   1.435  4.656  0.000
   76 C   0.0521  0.1137   1.179  2.769  0.000
   77 C  -0.0579 -0.1059   1.135  2.923  0.000
   78 C  -0.0391 -0.0952   1.136  2.903  0.000
   79 C  -0.0528 -0.1091   1.133  2.920  0.000
   80 C  -0.0492 -0.1018   1.141  2.909  0.000
   81 C  -0.0112 -0.0115   1.187  2.824  0.000
   82 C  -0.0525 -0.0957   1.132  2.921  0.000
   83 C   0.1003  0.1280   1.157  2.742  0.000
   84 C  -0.0962 -0.0247   1.227  2.869  0.000
   85 O  -0.0915 -0.1571   1.435  4.656  0.000
   86 H   0.0352  0.0889   0.965  0.000  0.000
   87 H   0.0354  0.0891   0.965  0.000  0.000
   88 H   0.0346  0.0880   0.965  0.000  0.000
   89 H   0.0313  0.0847   0.969  0.000  0.000
   90 H   0.0344  0.0884   0.966  0.000  0.000
   91 H   0.0325  0.0857   0.967  0.000  0.000
   92 H   0.0327  0.0859   0.967  0.000  0.000
   93 H   0.0315  0.0849   0.968  0.000  0.000
   94 H   0.0356  0.0898   0.964  0.000  0.000
   95 H   0.0485  0.1076   0.952  0.000  0.000
   96 H   0.0393  0.0997   0.961  0.000  0.000
   97 H   0.0471  0.1093   0.953  0.000  0.000
   98 H   0.0481  0.1109   0.952  0.000  0.000
   99 H   0.0318  0.0851   0.968  0.000  0.000
  100 H   0.0353  0.0893   0.965  0.000  0.000
  101 H   0.0328  0.0861   0.967  0.000  0.000
  102 H   0.0354  0.0894   0.965  0.000  0.000
  103 H   0.0314  0.0848   0.969  0.000  0.000
  104 H   0.0328  0.0860   0.967  0.000  0.000
  105 H   0.0353  0.0890   0.965  0.000  0.000
  106 H   0.0348  0.0885   0.965  0.000  0.000
  107 H   0.0343  0.0877   0.966  0.000  0.000
  108 H   0.0475  0.1062   0.953  0.000  0.000
  109 H   0.0394  0.0997   0.961  0.000  0.000
  110 H   0.0384  0.1020   0.962  0.000  0.000
  111 H   0.0383  0.1017   0.962  0.000  0.000
  112 H   0.0436  0.1001   0.956  0.000  0.000
  113 H   0.0399  0.0964   0.960  0.000  0.000
  114 H   0.0385  0.0997   0.962  0.000  0.000
  115 H   0.0380  0.0984   0.962  0.000  0.000
  116 H   0.0400  0.0965   0.960  0.000  0.000
  117 H   0.0438  0.1004   0.956  0.000  0.000
  118 H   0.0385  0.1018   0.961  0.000  0.000
  119 H   0.0383  0.0992   0.962  0.000  0.000
  120 H   0.0400  0.0965   0.960  0.000  0.000
  121 H   0.0437  0.1002   0.956  0.000  0.000
  122 H   0.0384  0.1017   0.962  0.000  0.000
  123 H   0.0387  0.1022   0.961  0.000  0.000
  124 H   0.0383  0.1020   0.962  0.000  0.000
  125 H   0.0394  0.0997   0.961  0.000  0.000
  126 H   0.0475  0.1062   0.953  0.000  0.000
  127 H   0.0352  0.0892   0.965  0.000  0.000
  128 H   0.0328  0.0860   0.967  0.000  0.000
  129 H   0.0318  0.0852   0.968  0.000  0.000
  130 H   0.0313  0.0847   0.969  0.000  0.000
  131 H   0.0355  0.0895   0.964  0.000  0.000
  132 H   0.0328  0.0860   0.967  0.000  0.000
  133 H   0.0343  0.0877   0.966  0.000  0.000
  134 H   0.0345  0.0882   0.966  0.000  0.000
  135 H   0.0356  0.0895   0.964  0.000  0.000
  136 H   0.0481  0.1108   0.952  0.000  0.000
  137 H   0.0481  0.1109   0.952  0.000  0.000
  138 H   0.0318  0.0852   0.968  0.000  0.000
  139 H   0.0353  0.0893   0.965  0.000  0.000
  140 H   0.0328  0.0861   0.967  0.000  0.000
  141 H   0.0343  0.0877   0.966  0.000  0.000
  142 H   0.0356  0.0894   0.964  0.000  0.000
  143 H   0.0346  0.0883   0.965  0.000  0.000
  144 H   0.0354  0.0894   0.965  0.000  0.000
  145 H   0.0328  0.0860   0.967  0.000  0.000
  146 H   0.0313  0.0847   0.969  0.000  0.000
  147 H   0.0475  0.1062   0.953  0.000  0.000
  148 H   0.0394  0.0998   0.961  0.000  0.000
  149 H   0.0385  0.1018   0.962  0.000  0.000
  150 H   0.0438  0.1003   0.956  0.000  0.000
  151 H   0.0400  0.0965   0.960  0.000  0.000
  152 H   0.0381  0.0987   0.962  0.000  0.000
  153 H   0.0385  0.1021   0.961  0.000  0.000
 Hirshfeld charges for QMDFF written to <charges>
 
 Loewdin charges    n(s)   n(p)   n(d)
    1 C  -0.1034   1.030  3.074  0.000
    2 C   0.0435   1.190  2.767  0.000
    3 C  -0.1056   1.033  3.073  0.000
    4 C  -0.1059   1.033  3.073  0.000
    5 C  -0.0069   1.146  2.860  0.000
    6 C  -0.0267   1.089  2.938  0.000
    7 C  -0.0402   1.083  2.958  0.000
    8 C   0.0790   1.132  2.789  0.000
    9 C  -0.0602   1.183  2.877  0.000
   10 C  -0.0366   1.098  2.939  0.000
   11 B  -0.0521   1.176  1.877  0.000
   12 C  -0.0603   1.183  2.877  0.000
   13 C  -0.0389   1.097  2.942  0.000
   14 C  -0.0071   1.146  2.861  0.000
   15 C   0.0434   1.190  2.767  0.000
   16 C  -0.1054   1.033  3.073  0.000
   17 C  -0.1057   1.033  3.073  0.000
   18 C  -0.1033   1.029  3.074  0.000
   19 C  -0.0252   1.090  2.935  0.000
   20 C  -0.0399   1.082  2.958  0.000
   21 C   0.0794   1.132  2.788  0.000
   22 O  -0.0465   1.393  4.654  0.000
   23 C   0.0919   1.122  2.787  0.000
   24 C  -0.0577   1.082  2.976  0.000
   25 C   0.0721   1.136  2.791  0.000
   26 N  -0.0748   1.182  3.893  0.000
   27 C   0.0464   1.143  2.810  0.000
   28 C  -0.0565   1.084  2.973  0.000
   29 C  -0.0303   1.080  2.950  0.000
   30 C  -0.0470   1.078  2.969  0.000
   31 C  -0.0431   1.087  2.956  0.000
   32 C  -0.0139   1.149  2.865  0.000
   33 C   0.0376   1.163  2.800  0.000
   34 C  -0.0130   1.147  2.866  0.000
   35 C  -0.0427   1.087  2.956  0.000
   36 C  -0.0468   1.078  2.968  0.000
   37 C  -0.0300   1.080  2.950  0.000
   38 C  -0.0562   1.083  2.973  0.000
   39 C   0.0466   1.143  2.810  0.000
   40 C  -0.0137   1.148  2.865  0.000
   41 C  -0.0430   1.087  2.956  0.000
   42 C  -0.0469   1.078  2.969  0.000
   43 C  -0.0302   1.080  2.950  0.000
   44 C  -0.0563   1.084  2.973  0.000
   45 C   0.0465   1.143  2.810  0.000
   46 N  -0.0748   1.182  3.893  0.000
   47 C   0.0720   1.136  2.792  0.000
   48 C  -0.0573   1.082  2.975  0.000
   49 C   0.0918   1.122  2.787  0.000
   50 C  -0.0863   1.181  2.906  0.000
   51 C   0.0918   1.121  2.787  0.000
   52 C  -0.0579   1.082  2.976  0.000
   53 O  -0.0469   1.393  4.654  0.000
   54 C   0.0793   1.132  2.789  0.000
   55 C  -0.0400   1.082  2.958  0.000
   56 C  -0.0253   1.090  2.935  0.000
   57 C  -0.0071   1.146  2.861  0.000
   58 C   0.0434   1.190  2.767  0.000
   59 C  -0.1054   1.033  3.073  0.000
   60 C  -0.1058   1.033  3.073  0.000
   61 C  -0.1034   1.029  3.074  0.000
   62 C  -0.0388   1.097  2.942  0.000
   63 C  -0.0602   1.183  2.877  0.000
   64 B  -0.0526   1.175  1.877  0.000
   65 C  -0.0602   1.183  2.877  0.000
   66 C  -0.0388   1.097  2.942  0.000
   67 C  -0.0071   1.146  2.861  0.000
   68 C   0.0434   1.190  2.767  0.000
   69 C  -0.1055   1.033  3.073  0.000
   70 C  -0.1034   1.029  3.074  0.000
   71 C  -0.1057   1.033  3.073  0.000
   72 C  -0.0253   1.090  2.935  0.000
   73 C  -0.0399   1.082  2.957  0.000
   74 C   0.0794   1.132  2.789  0.000
   75 O  -0.0468   1.393  4.654  0.000
   76 C   0.0466   1.143  2.810  0.000
   77 C  -0.0564   1.084  2.973  0.000
   78 C  -0.0301   1.080  2.950  0.000
   79 C  -0.0469   1.078  2.969  0.000
   80 C  -0.0429   1.087  2.956  0.000
   81 C  -0.0133   1.148  2.866  0.000
   82 C  -0.0576   1.082  2.975  0.000
   83 C   0.0919   1.122  2.787  0.000
   84 C  -0.0864   1.181  2.906  0.000
   85 O  -0.0470   1.393  4.654  0.000
   86 H   0.0353   0.965  0.000  0.000
   87 H   0.0356   0.964  0.000  0.000
   88 H   0.0349   0.965  0.000  0.000
   89 H   0.0316   0.968  0.000  0.000
   90 H   0.0350   0.965  0.000  0.000
   91 H   0.0328   0.967  0.000  0.000
   92 H   0.0330   0.967  0.000  0.000
   93 H   0.0318   0.968  0.000  0.000
   94 H   0.0362   0.964  0.000  0.000
   95 H   0.0405   0.959  0.000  0.000
   96 H   0.0313   0.969  0.000  0.000
   97 H   0.0412   0.959  0.000  0.000
   98 H   0.0419   0.958  0.000  0.000
   99 H   0.0320   0.968  0.000  0.000
  100 H   0.0357   0.964  0.000  0.000
  101 H   0.0331   0.967  0.000  0.000
  102 H   0.0357   0.964  0.000  0.000
  103 H   0.0316   0.968  0.000  0.000
  104 H   0.0331   0.967  0.000  0.000
  105 H   0.0355   0.964  0.000  0.000
  106 H   0.0351   0.965  0.000  0.000
  107 H   0.0347   0.965  0.000  0.000
  108 H   0.0399   0.960  0.000  0.000
  109 H   0.0313   0.969  0.000  0.000
  110 H   0.0304   0.970  0.000  0.000
  111 H   0.0310   0.969  0.000  0.000
  112 H   0.0357   0.964  0.000  0.000
  113 H   0.0327   0.967  0.000  0.000
  114 H   0.0310   0.969  0.000  0.000
  115 H   0.0305   0.969  0.000  0.000
  116 H   0.0328   0.967  0.000  0.000
  117 H   0.0359   0.964  0.000  0.000
  118 H   0.0312   0.969  0.000  0.000
  119 H   0.0308   0.969  0.000  0.000
  120 H   0.0327   0.967  0.000  0.000
  121 H   0.0358   0.964  0.000  0.000
  122 H   0.0310   0.969  0.000  0.000
  123 H   0.0307   0.969  0.000  0.000
  124 H   0.0303   0.970  0.000  0.000
  125 H   0.0313   0.969  0.000  0.000
  126 H   0.0399   0.960  0.000  0.000
  127 H   0.0356   0.964  0.000  0.000
  128 H   0.0331   0.967  0.000  0.000
  129 H   0.0320   0.968  0.000  0.000
  130 H   0.0316   0.968  0.000  0.000
  131 H   0.0359   0.964  0.000  0.000
  132 H   0.0331   0.967  0.000  0.000
  133 H   0.0347   0.965  0.000  0.000
  134 H   0.0348   0.965  0.000  0.000
  135 H   0.0359   0.964  0.000  0.000
  136 H   0.0418   0.958  0.000  0.000
  137 H   0.0418   0.958  0.000  0.000
  138 H   0.0320   0.968  0.000  0.000
  139 H   0.0357   0.964  0.000  0.000
  140 H   0.0331   0.967  0.000  0.000
  141 H   0.0347   0.965  0.000  0.000
  142 H   0.0358   0.964  0.000  0.000
  143 H   0.0349   0.965  0.000  0.000
  144 H   0.0358   0.964  0.000  0.000
  145 H   0.0331   0.967  0.000  0.000
  146 H   0.0316   0.968  0.000  0.000
  147 H   0.0399   0.960  0.000  0.000
  148 H   0.0313   0.969  0.000  0.000
  149 H   0.0311   0.969  0.000  0.000
  150 H   0.0359   0.964  0.000  0.000
  151 H   0.0328   0.967  0.000  0.000
  152 H   0.0306   0.969  0.000  0.000
  153 H   0.0305   0.969  0.000  0.000
 
 Wiberg/Mayer (AO) data. WBOs > 0.1 written file <wbo>
 largest (>0.05) Wiberg bond orders for each atom
           total WBO             WBO to atom ...
     1  C   3.981    H   88 0.978    H   86 0.978    H   87 0.977    C    2 0.976
     2  C   3.918    C    1 0.976    C    4 0.967    C    3 0.966    C    5 0.935
     3  C   3.980    H   89 0.978    H   91 0.978    H   90 0.976    C    2 0.966
     4  C   3.981    H   93 0.978    H   92 0.978    H   94 0.976    C    2 0.967
     5  C   3.942    C   10 1.423    C    6 1.357    C    2 0.935    C    8 0.093
     6  C   3.965    C    7 1.465    C    5 1.357    H   95 0.942    C    9 0.095
     7  C   3.967    C    6 1.465    C    8 1.359    H   96 0.943    C   10 0.104
     8  C   3.918    C    7 1.359    C    9 1.316    O   85 1.033    C    5 0.093
     9  C   3.911    C   10 1.365    C    8 1.316    B   11 0.968    C    6 0.095
    10  C   3.965    C    5 1.423    C    9 1.365    H   97 0.937    C    7 0.104
    11  B   3.348    C   84 1.016    C   12 0.970    C    9 0.968
    12  C   3.911    C   13 1.354    C   21 1.324    B   11 0.970    C   19 0.095
    13  C   3.965    C   14 1.436    C   12 1.354    H   98 0.937    C   20 0.103
    14  C   3.943    C   13 1.436    C   19 1.345    C   15 0.936    C   21 0.092
    15  C   3.918    C   18 0.977    C   17 0.966    C   16 0.966    C   14 0.936
    16  C   3.980    H   99 0.978    H  101 0.978    H  100 0.976    C   15 0.966
    17  C   3.980    H  103 0.978    H  104 0.978    H  102 0.976    C   15 0.966
    18  C   3.982    H  107 0.978    H  105 0.978    H  106 0.977    C   15 0.977
    19  C   3.965    C   20 1.477    C   14 1.345    H  108 0.942    C   12 0.095
    20  C   3.967    C   19 1.477    C   21 1.350    H  109 0.944    C   13 0.103
    21  C   3.918    C   20 1.350    C   12 1.324    O   22 1.034    C   14 0.092
    22  O   2.384    C   23 1.056    C   21 1.034
    23  C   3.925    C   24 1.375    C   84 1.298    O   22 1.056    C   82 0.091
    24  C   3.961    C   25 1.394    C   23 1.375    H  110 0.945    C   83 0.091
    25  C   3.928    C   24 1.394    C   82 1.393    N   26 0.947    C   84 0.083
    26  N   3.370    C   39 1.030    C   27 1.030    C   25 0.947
    27  C   3.929    C   28 1.355    C   32 1.331    N   26 1.030    C   30 0.098
    28  C   3.966    C   29 1.450    C   27 1.355    H  111 0.942    C   31 0.104
    29  C   3.972    C   28 1.450    C   30 1.416    H  112 0.944    C   32 0.103
    30  C   3.969    C   31 1.431    C   29 1.416    H  113 0.945    C   27 0.098
    31  C   3.970    C   30 1.431    C   32 1.406    H  114 0.944    C   28 0.104
    32  C   3.941    C   31 1.406    C   27 1.331    C   33 0.925    C   29 0.103
    33  C   3.931    C   34 0.928    C   81 0.927    C   40 0.925    C   32 0.925
    34  C   3.942    C   35 1.406    C   39 1.330    C   33 0.928    C   37 0.104
    35  C   3.970    C   36 1.431    C   34 1.406    H  115 0.944    C   38 0.104
    36  C   3.969    C   35 1.431    C   37 1.416    H  116 0.945    C   39 0.098
    37  C   3.972    C   38 1.450    C   36 1.416    H  117 0.944    C   34 0.104
    38  C   3.966    C   37 1.450    C   39 1.356    H  118 0.942    C   35 0.104
    39  C   3.928    C   38 1.356    C   34 1.330    N   26 1.030    C   36 0.098
    40  C   3.941    C   41 1.406    C   45 1.331    C   33 0.925    C   43 0.103
    41  C   3.970    C   42 1.431    C   40 1.406    H  119 0.944    C   44 0.104
    42  C   3.969    C   41 1.431    C   43 1.416    H  120 0.945    C   45 0.098
    43  C   3.972    C   44 1.450    C   42 1.416    H  121 0.944    C   40 0.103
    44  C   3.966    C   43 1.450    C   45 1.356    H  122 0.942    C   41 0.104
    45  C   3.929    C   44 1.356    C   40 1.331    N   46 1.030    C   42 0.098
    46  N   3.370    C   76 1.030    C   45 1.030    C   47 0.947
    47  C   3.928    C   52 1.394    C   48 1.393    N   46 0.947    C   50 0.083
    48  C   3.961    C   47 1.393    C   49 1.375    H  123 0.945    C   51 0.091
    49  C   3.925    C   48 1.375    C   50 1.298    O   75 1.056    C   52 0.091
    50  C   3.908    C   51 1.298    C   49 1.298    B   64 1.016    C   47 0.083
    51  C   3.925    C   52 1.375    C   50 1.298    O   53 1.056    C   48 0.091
    52  C   3.961    C   47 1.394    C   51 1.375    H  124 0.945    C   49 0.091
    53  O   2.384    C   51 1.056    C   54 1.034
    54  C   3.918    C   55 1.350    C   63 1.324    O   53 1.034    C   57 0.092
    55  C   3.967    C   56 1.477    C   54 1.350    H  125 0.944    C   62 0.103
    56  C   3.965    C   55 1.477    C   57 1.345    H  126 0.942    C   63 0.095
    57  C   3.943    C   62 1.436    C   56 1.345    C   58 0.936    C   54 0.092
    58  C   3.918    C   61 0.977    C   60 0.966    C   59 0.966    C   57 0.936
    59  C   3.980    H  129 0.978    H  128 0.978    H  127 0.976    C   58 0.966
    60  C   3.980    H  130 0.978    H  132 0.978    H  131 0.976    C   58 0.966
    61  C   3.983    H  133 0.978    H  134 0.978    H  135 0.977    C   58 0.977
    62  C   3.965    C   57 1.436    C   63 1.354    H  136 0.937    C   55 0.103
    63  C   3.911    C   62 1.354    C   54 1.324    B   64 0.969    C   56 0.095
    64  B   3.349    C   50 1.016    C   65 0.969    C   63 0.969
    65  C   3.911    C   66 1.354    C   74 1.324    B   64 0.969    C   72 0.095
    66  C   3.965    C   67 1.436    C   65 1.354    H  137 0.937    C   73 0.103
    67  C   3.943    C   66 1.436    C   72 1.345    C   68 0.936    C   74 0.092
    68  C   3.918    C   70 0.977    C   69 0.966    C   71 0.966    C   67 0.936
    69  C   3.980    H  138 0.978    H  140 0.978    H  139 0.976    C   68 0.966
    70  C   3.983    H  141 0.978    H  143 0.978    H  142 0.977    C   68 0.977
    71  C   3.980    H  146 0.978    H  145 0.978    H  144 0.976    C   68 0.966
    72  C   3.965    C   73 1.476    C   67 1.345    H  147 0.942    C   65 0.095
    73  C   3.967    C   72 1.476    C   74 1.350    H  148 0.944    C   66 0.103
    74  C   3.918    C   73 1.350    C   65 1.324    O   75 1.034    C   67 0.092
    75  O   2.384    C   49 1.056    C   74 1.034
    76  C   3.928    C   77 1.356    C   81 1.330    N   46 1.030    C   79 0.098
    77  C   3.966    C   78 1.450    C   76 1.356    H  149 0.942    C   80 0.104
    78  C   3.972    C   77 1.450    C   79 1.416    H  150 0.944    C   81 0.104
    79  C   3.969    C   80 1.431    C   78 1.416    H  151 0.945    C   76 0.098
    80  C   3.970    C   79 1.431    C   81 1.406    H  152 0.944    C   77 0.104
    81  C   3.941    C   80 1.406    C   76 1.330    C   33 0.927    C   78 0.104
    82  C   3.961    C   25 1.393    C   83 1.375    H  153 0.945    C   23 0.091
    83  C   3.925    C   82 1.375    C   84 1.298    O   85 1.056    C   24 0.091
    84  C   3.908    C   23 1.298    C   83 1.298    B   11 1.016    C   25 0.083
    85  O   2.383    C   83 1.056    C    8 1.033
    86  H   0.999    C    1 0.978
    87  H   0.999    C    1 0.977
    88  H   0.997    C    1 0.978
    89  H   0.999    C    3 0.978
    90  H   0.999    C    3 0.976
    91  H   0.997    C    3 0.978
    92  H   0.997    C    4 0.978
    93  H   0.999    C    4 0.978
    94  H   0.999    C    4 0.976
    95  H   0.993    C    6 0.942
    96  H   0.994    C    7 0.943
    97  H   0.998    C   10 0.937
    98  H   0.998    C   13 0.937
    99  H   0.999    C   16 0.978
   100  H   0.999    C   16 0.976
   101  H   0.997    C   16 0.978
   102  H   0.999    C   17 0.976
   103  H   0.999    C   17 0.978
   104  H   0.997    C   17 0.978
   105  H   0.999    C   18 0.978
   106  H   0.999    C   18 0.977
   107  H   0.998    C   18 0.978
   108  H   0.993    C   19 0.942
   109  H   0.994    C   20 0.944
   110  H   0.996    C   24 0.945
   111  H   0.996    C   28 0.942
   112  H   0.994    C   29 0.944
   113  H   0.996    C   30 0.945
   114  H   0.997    C   31 0.944
   115  H   0.997    C   35 0.944
   116  H   0.996    C   36 0.945
   117  H   0.994    C   37 0.944
   118  H   0.996    C   38 0.942
   119  H   0.997    C   41 0.944
   120  H   0.996    C   42 0.945
   121  H   0.994    C   43 0.944
   122  H   0.996    C   44 0.942
   123  H   0.996    C   48 0.945
   124  H   0.996    C   52 0.945
   125  H   0.994    C   55 0.944
   126  H   0.993    C   56 0.942
   127  H   0.999    C   59 0.976
   128  H   0.997    C   59 0.978
   129  H   0.999    C   59 0.978
   130  H   0.999    C   60 0.978
   131  H   0.999    C   60 0.976
   132  H   0.997    C   60 0.978
   133  H   0.998    C   61 0.978
   134  H   0.999    C   61 0.978
   135  H   0.999    C   61 0.977
   136  H   0.998    C   62 0.937
   137  H   0.998    C   66 0.937
   138  H   0.999    C   69 0.978
   139  H   0.999    C   69 0.976
   140  H   0.997    C   69 0.978
   141  H   0.998    C   70 0.978
   142  H   0.999    C   70 0.977
   143  H   0.999    C   70 0.978
   144  H   0.999    C   71 0.976
   145  H   0.997    C   71 0.978
   146  H   0.999    C   71 0.978
   147  H   0.993    C   72 0.942
   148  H   0.994    C   73 0.944
   149  H   0.996    C   77 0.942
   150  H   0.994    C   78 0.944
   151  H   0.996    C   79 0.945
   152  H   0.997    C   80 0.944
   153  H   0.996    C   82 0.945
 
 --------------------------------------------
          xTB calculation for sTDA...
 --------------------------------------------
 
 reading parameter file /home/penavora/Exe_xtb_crest/.param_stda2.xtb
 
      method parameters     
 k(s)        :  1.6000
 k(p)        :  2.1800
 k(d)        :  1.9500
 k(f)        :  2.0000
 k(R-V)      :  2.2750
 k(R-R)      :  1.7650
 Tscal       :  0.2580
 Gscal       :  1.0000
 fpol        :  1.0000
 Zcnf        :  0.3430
 Zqf         :  0.0000
 kcn         :  2.7000
 Ryd Hsplit  :  0.7000
 lshift(virt):  3.1000
 lshift(OS)  :  0.2000
 wllscaling  :  2.6000
 
 mowrcut     : 3.000
 
  Z AO/shell   Hii/eV     exponent
  1     Sun Feb 14 09:53:25 CET 2016    EN: 2.327 GAM: 0.473  GM3: 0.0000
     1s    -14.339618    1.220000
     2sp    -3.348946    0.600000
  5     Sun Feb 21 12:17:47 CET 2016    EN: 3.405 GAM: 0.339  GM3: 0.0000
     2s    -11.906683    1.287851
     2p    -10.782319    1.444987
     3sp    -5.346133    0.718700
  6     Sun Feb 14 09:53:25 CET 2016    EN: 2.731 GAM: 0.422  GM3: 0.0000
     2s    -22.009312    1.565095
     2p    -13.020408    1.596905
     3sp    -3.914040    0.824500
  7     Sun Feb 14 09:53:25 CET 2016    EN: 3.573 GAM: 0.504  GM3: 0.0000
     2s    -25.722000    2.064844
     2p    -18.684912    1.801692
     3sp    -4.344791    0.921400
  8     Sun Feb 14 09:53:25 CET 2016    EN: 3.700 GAM: 0.587  GM3: 0.0000
     2s    -33.859000    2.418661
     2p    -22.175911    1.973969
     3sp    -4.259392    1.013700
 
 Nbf   :         1020
 T(el) :     0.0
 calculating S/T integrals ...
 cpu time for ints    7.95060800000000     
 Nao   :         1020
 making H0...
 making H1...
 cpu time for H       3.86729400000000     
 solving ...
 cpu time for diag    3.60408400000000     
 
 gap (eV)           :   5.790
 Koopmans IP (eV)   :  13.506
 Eel (Eh)           :  -359.721520

          eigenvalues
 #    :         196        197        198        199        200        201        202        203
 occ. :        2.000      2.000      2.000      2.000      2.000      2.000      2.000      2.000
 eps  :       -16.148    -16.142    -16.035    -16.009    -15.707    -15.694    -15.565    -15.522
 #    :         204        205        206        207        208        209        210        211
 occ. :        2.000      2.000      2.000      2.000      2.000      0.000      0.000      0.000
 eps  :       -15.504    -14.724    -14.723    -13.516    -13.507     -7.716     -7.708     -6.153
 #    :         212        213        214        215        216        217        218        219
 occ. :        0.000      0.000      0.000      0.000      0.000      0.000      0.000      0.000
 eps  :        -6.151     -6.059     -6.056     -5.932     -5.832     -5.830     -5.665     -5.620
                            1  SCC done.
 writing mo output ...
 molden style : F
 
speedup 17.80
cpu  time for all   27.10 s
wall time for all    1.52 s
