  103
 Etot=        -159.3064071452
 C          8.2286018875        1.6228726511       -1.5320928704
 C          7.0265167079        1.7128766075       -0.8491867706
 C          6.4470412382        0.5840517071       -0.3042090520
 C          7.0661260828       -0.6589552996       -0.4390590733
 N          6.4738157385       -1.8024396814        0.1105717032
 C          7.2538098510       -2.7954714605        0.7067829679
 C          6.8695792614       -4.1345657920        0.6246969154
 C          7.6392986513       -5.1167892133        1.2158832180
 C          8.8038553511       -4.7860448715        1.8895478079
 C          9.1909668703       -3.4583231448        1.9721549978
 C          8.4242760259       -2.4672030924        1.3915896723
 C          5.0809698659       -1.9235308621        0.0800811760
 C          4.3700677594       -1.5349910605       -1.0558133696
 C          2.9947612903       -1.6124507555       -1.0777507261
 C          2.2818445139       -2.0623865113        0.0350905617
 C          0.8147082286       -2.0405911805        0.0282829784
 C          0.0968072497       -2.3813246543       -1.1183453396
 C         -1.2760997574       -2.2805369243       -1.1443259077
 C         -1.9772087861       -1.8157890394       -0.0300779783
 C         -3.4212083479       -1.7094738327       -0.1375764686
 N         -4.1389730483       -2.5576139519       -0.8330895746
 C         -5.4277967452       -2.1537133334       -0.7023680965
 C         -6.5943946809       -2.7811816592       -1.2210111315
 C         -6.5115966412       -3.9632137620       -1.9641812264
 C         -7.6520007779       -4.5783865007       -2.4165073448
 C         -8.8936348306       -4.0179018725       -2.1235927154
 C         -8.9858482306       -2.8515501551       -1.4003746537
 C         -7.8430649497       -2.1859097369       -0.9314987107
 C         -7.9028669701       -0.9309139535       -0.2017387994
 C         -9.1180713811       -0.2652588294        0.0115681767
 C         -9.1829306292        0.9485582956        0.6537227475
 C         -8.0177448461        1.5656296233        1.0966687860
 C         -6.8073529367        0.9432597377        0.9156899727
 C         -6.7223682202       -0.3113314048        0.2946722344
 C         -5.4955824203       -1.0025513784        0.0821730174
 N         -4.1959521786       -0.7354364582        0.4514812893
 C         -3.7398111614        0.2962930971        1.2990692422
 C         -4.1794054993        0.3304094827        2.6219400831
 C         -3.7772435725        1.3713429154        3.4408621439
 C         -2.9438452783        2.3595908451        2.9564174572
 C         -2.4587980086        2.3136909888        1.6436979731
 C         -1.5906854769        3.3743407672        1.1534588535
 C         -1.9552231123        4.7064393097        1.3744793878
 C         -1.2406829191        5.7498181108        0.8506718115
 C         -0.0553031106        5.5156884853        0.0821169009
 C          0.6829897037        6.5583424285       -0.4685095246
 C          1.8492978668        6.3098689536       -1.1860793402
 C          2.3234807069        5.0077883478       -1.3482693782
 C          3.5295983800        4.7246792481       -2.0543924367
 C          3.9855418035        3.4270858449       -2.1839962370
 C          3.2906383556        2.3734320078       -1.6279035283
 C          2.0724475794        2.6009004116       -0.9201186110
 C          1.3487451942        1.5625489363       -0.3391263021
 C          0.1532671924        1.8063584886        0.3311164366
 C         -0.3644453833        3.0938630006        0.4415763114
 C          0.3826638845        4.1771184418       -0.0945493103
 C          1.5883536968        3.9286735708       -0.7902568910
 C         -2.8716115444        1.2624130434        0.8181870209
 C         -1.2693294213       -1.5146098359        1.1316631614
 C          0.1063870743       -1.6308330050        1.1571988290
 C          3.0005922433       -2.4746310165        1.1562220402
 C          4.3780180892       -2.4158550761        1.1796771917
 C          8.2748177498       -0.7447212370       -1.1293029182
 C          8.8484654095        0.3909922019       -1.6671559465
 H          8.6808492810        2.5069889645       -1.9551344559
 H          6.5376335450        2.6683028353       -0.7296180213
 H          5.5151480971        0.6603654105        0.2368487983
 H          5.9687013732       -4.3967497113        0.0894252836
 H          7.3317134232       -6.1494609006        1.1420197846
 H          9.4048835908       -5.5569865446        2.3469687695
 H         10.0936991152       -3.1903533160        2.5011007694
 H          8.7221063945       -1.4318935058        1.4697287806
 H          4.9095966395       -1.1697202522       -1.9179093048
 H          2.4606520863       -1.2964470213       -1.9623575218
 H          0.6234127347       -2.7412100445       -1.9900041809
 H         -1.8349825114       -2.5491572446       -2.0270022609
 H         -5.5309728455       -4.3700202910       -2.1564977301
 H         -7.5935644090       -5.4924648892       -2.9888760732
 H         -9.7950293587       -4.5043065914       -2.4680095286
 H         -9.9687922037       -2.4580981837       -1.1947752205
 H        -10.0374226685       -0.7012530188       -0.3445772161
 H        -10.1383042142        1.4310319932        0.7992301824
 H         -8.0624520078        2.5326905649        1.5754616686
 H         -5.9062320987        1.4378145747        1.2407215182
 H         -4.8432454359       -0.4401607667        2.9843849283
 H         -4.1209453449        1.4085797177        4.4639237980
 H         -2.6303414926        3.1644432653        3.6042590559
 H         -2.8624781372        4.9069307376        1.9277364205
 H         -1.5656972408        6.7688253333        0.9980751542
 H          0.3440385250        7.5752425380       -0.3317264332
 H          2.4028585189        7.1327116294       -1.6146516386
 H          4.0819855128        5.5474121074       -2.4831909652
 H          4.9009516399        3.2343734417       -2.7261113355
 H          3.6546174031        1.3613021112       -1.7181411979
 H          1.7230731548        0.5530083790       -0.4043135378
 H         -0.3647230748        0.9766627491        0.7861422794
 H         -2.5504271811        1.2260007193       -0.2126091531
 H         -1.7919909586       -1.1977741514        2.0225142987
 H          0.6438427453       -1.3683192869        2.0570689847
 H          2.4717777921       -2.8525386218        2.0185935767
 H          4.9212412204       -2.7334033098        2.0577108867
 H          8.7545028671       -1.7057979729       -1.2436773562
 H          9.7831629273        0.3117528013       -2.2024865970
  103
 Etot=        -159.3064395932
 C          8.2284087841        1.6225862557       -1.5321514549
 C          7.0262399170        1.7127858205       -0.8493060844
 C          6.4465892184        0.5840268099       -0.3044500918
 C          7.0658428627       -0.6589773884       -0.4391324810
 N          6.4735161920       -1.8024074669        0.1106384869
 C          7.2535153200       -2.7951924581        0.7069792218
 C          6.8692080269       -4.1343678990        0.6250970092
 C          7.6391735452       -5.1164713858        1.2161084630
 C          8.8037726119       -4.7855001574        1.8896962880
 C          9.1908646491       -3.4577106835        1.9722291713
 C          8.4241962509       -2.4666956207        1.3915019344
 C          5.0807763780       -1.9236461001        0.0800404758
 C          4.3698644448       -1.5349465024       -1.0559394649
 C          2.9946684155       -1.6129970825       -1.0780444395
 C          2.2817066656       -2.0627345360        0.0350263562
 C          0.8146798313       -2.0409806615        0.0282571342
 C          0.0967755879       -2.3815229460       -1.1185399417
 C         -1.2761157989       -2.2811383702       -1.1443426293
 C         -1.9772250887       -1.8162153962       -0.0300333716
 C         -3.4210906170       -1.7096800001       -0.1376072351
 N         -4.1388861967       -2.5577943980       -0.8336099910
 C         -5.4274593079       -2.1539063336       -0.7026914360
 C         -6.5941188124       -2.7812920250       -1.2211503027
 C         -6.5114420377       -3.9634064526       -1.9642675409
 C         -7.6519330600       -4.5784303102       -2.4166953975
 C         -8.8934447327       -4.0176697510       -2.1239587294
 C         -8.9855194551       -2.8511908724       -1.4007195532
 C         -7.8427207220       -2.1857974980       -0.9317148138
 C         -7.9023709434       -0.9307150273       -0.2018901639
 C         -9.1175734168       -0.2652292710        0.0116200851
 C         -9.1824028693        0.9485985933        0.6539350008
 C         -8.0172061955        1.5657126431        1.0968215758
 C         -6.8067404069        0.9434451395        0.9156870711
 C         -6.7217885408       -0.3110675772        0.2944313649
 C         -5.4949523551       -1.0022203676        0.0819164723
 N         -4.1955804666       -0.7354751609        0.4513449977
 C         -3.7387858530        0.2963277365        1.2989955335
 C         -4.1792070817        0.3306165701        2.6219551160
 C         -3.7777559274        1.3726032444        3.4405285058
 C         -2.9451993725        2.3610733034        2.9559841604
 C         -2.4579575347        2.3144829953        1.6431325008
 C         -1.5899410166        3.3737503296        1.1534929239
 C         -1.9529202474        4.7062699898        1.3764141383
 C         -1.2392801312        5.7492746355        0.8515348427
 C         -0.0552956232        5.5154027985        0.0825767726
 C          0.6834437694        6.5587793484       -0.4687276915
 C          1.8486500495        6.3106749065       -1.1858782639
 C          2.3234307464        5.0075629449       -1.3483368288
 C          3.5283588518        4.7247711020       -2.0536674113
 C          3.9841688142        3.4272129711       -2.1834776452
 C          3.2893869225        2.3735706150       -1.6276132520
 C          2.0722229261        2.6006878874       -0.9206062679
 C          1.3476994848        1.5616424361       -0.3392085388
 C          0.1530324480        1.8052212707        0.3300283862
 C         -0.3654004785        3.0935279193        0.4404519244
 C          0.3823281690        4.1767643826       -0.0948117665
 C          1.5881374722        3.9284209537       -0.7904974200
 C         -2.8700516618        1.2614797108        0.8181682848
 C         -1.2693020925       -1.5149382408        1.1317762133
 C          0.1063201081       -1.6315222587        1.1574000538
 C          3.0005201349       -2.4747643046        1.1563612704
 C          4.3779075367       -2.4162985261        1.1796914378
 C          8.2747373323       -0.7449589187       -1.1291245566
 C          8.8483446532        0.3906828835       -1.6671509687
 H          8.6806360932        2.5066140608       -1.9553301039
 H          6.5372140088        2.6681158058       -0.7301107993
 H          5.5147589943        0.6604799283        0.2366321891
 H          5.9685952352       -4.3966950586        0.0894717339
 H          7.3318166178       -6.1491757040        1.1421600764
 H          9.4048801824       -5.5563542222        2.3471144746
 H         10.0934815240       -3.1896581831        2.5012710004
 H          8.7216543986       -1.4313216029        1.4700057670
 H          4.9093583328       -1.1696532595       -1.9180239904
 H          2.4605794078       -1.2969231277       -1.9625687547
 H          0.6233625572       -2.7412101498       -1.9902920770
 H         -1.8349841595       -2.5496385660       -2.0270633588
 H         -5.5308528654       -4.3703116006       -2.1565066390
 H         -7.5936076060       -5.4925245005       -2.9890176261
 H         -9.7948887567       -4.5038759572       -2.4684944068
 H         -9.9684084608       -2.4574988054       -1.1953493966
 H        -10.0369699402       -0.7012902900       -0.3443579622
 H        -10.1378247702        1.4309079907        0.7996924203
 H         -8.0619732770        2.5326454641        1.5757975285
 H         -5.9056136227        1.4377032118        1.2410530498
 H         -4.8427869356       -0.4401679320        2.9845302861
 H         -4.1208912012        1.4093863950        4.4638253269
 H         -2.6314956175        3.1656239124        3.6040619419
 H         -2.8604034007        4.9069456811        1.9293584865
 H         -1.5651355444        6.7681898094        0.9977123905
 H          0.3444791606        7.5756769179       -0.3318067667
 H          2.4021163307        7.1335501508       -1.6145298614
 H          4.0809705379        5.5474607183       -2.4822069709
 H          4.8995658119        3.2345405900       -2.7258603891
 H          3.6533265273        1.3614453469       -1.7182488082
 H          1.7224072436        0.5522034043       -0.4038125974
 H         -0.3644158750        0.9758170031        0.7862008033
 H         -2.5494506628        1.2251953366       -0.2128120408
 H         -1.7918906778       -1.1973120221        2.0223364959
 H          0.6437976707       -1.3682651595        2.0570098886
 H          2.4717165347       -2.8520886499        2.0189660460
 H          4.9211180269       -2.7330629937        2.0580223031
 H          8.7541339171       -1.7061481097       -1.2438659284
 H          9.7829222250        0.3113511750       -2.2026431277
  103
 Etot=        -159.3064538547
 C          8.2279856634        1.6221427271       -1.5325758303
 C          7.0257014197        1.7126071129       -0.8499089965
 C          6.4459426308        0.5839846842       -0.3049131794
 C          7.0653602642       -0.6589927498       -0.4393143451
 N          6.4730528319       -1.8023066961        0.1107663757
 C          7.2530749361       -2.7947115157        0.7073821814
 C          6.8689226864       -4.1340069300        0.6256161410
 C          7.6391619129       -5.1158813733        1.2165898555
 C          8.8037216006       -4.7845375935        1.8901215279
 C          9.1905737520       -3.4566449333        1.9726438034
 C          8.4237588746       -2.4658243064        1.3918347069
 C          5.0804817149       -1.9237304362        0.0800236792
 C          4.3695877957       -1.5351779507       -1.0561252494
 C          2.9945181906       -1.6138413420       -1.0783895359
 C          2.2815445577       -2.0632825889        0.0349263451
 C          0.8147280552       -2.0416174290        0.0281932665
 C          0.0967926217       -2.3820896719       -1.1186967005
 C         -1.2760552995       -2.2820171168       -1.1443044665
 C         -1.9770790512       -1.8167983745       -0.0299590055
 C         -3.4207225398       -1.7099611358       -0.1375223191
 N         -4.1386168824       -2.5580657727       -0.8339678270
 C         -5.4268543128       -2.1540466349       -0.7031343008
 C         -6.5936069259       -2.7812106956       -1.2214953554
 C         -6.5110926839       -3.9634856883       -1.9644354555
 C         -7.6516928265       -4.5782977437       -2.4170169617
 C         -8.8930437595       -4.0171043806       -2.1246801529
 C         -8.9849505300       -2.8504705771       -1.4014879296
 C         -7.8421481148       -2.1854536695       -0.9322126000
 C         -7.9016101121       -0.9303763470       -0.2021552295
 C         -9.1167374115       -0.2650549400        0.0117757562
 C         -9.1814328511        0.9487029991        0.6544075057
 C         -8.0162007089        1.5657431264        1.0972335128
 C         -6.8057248146        0.9435190797        0.9158329423
 C         -6.7209321746       -0.3108700784        0.2942261283
 C         -5.4940841156       -1.0019476370        0.0817460844
 N         -4.1950665933       -0.7357799336        0.4513802737
 C         -3.7376578491        0.2962443260        1.2990896281
 C         -4.1791703566        0.3305853691        2.6220019604
 C         -3.7788327382        1.3739905232        3.4399360813
 C         -2.9474918090        2.3627863445        2.9552763894
 C         -2.4573405441        2.3154401268        1.6425663835
 C         -1.5894020222        3.3730029977        1.1539682826
 C         -1.9504759508        4.7063397051        1.3794243442
 C         -1.2379313229        5.7487765674        0.8530080174
 C         -0.0555967117        5.5149168896        0.0829954019
 C          0.6838361236        6.5588556753       -0.4686970580
 C          1.8477484643        6.3111547872       -1.1857175989
 C          2.3232911601        5.0070194727       -1.3487464344
 C          3.5271607043        4.7248133517       -2.0531805544
 C          3.9829080213        3.4271519570       -2.1836152672
 C          3.2879882554        2.3735077873       -1.6281088871
 C          2.0718265955        2.6005004340       -0.9218483987
 C          1.3464054736        1.5609074309       -0.3398182276
 C          0.1527582747        1.8043647914        0.3287395931
 C         -0.3666160810        3.0933982885        0.4391923907
 C          0.3815543109        4.1763251497       -0.0955623001
 C          1.5875744338        3.9280375726       -0.7913329546
 C         -2.8684135690        1.2603131627        0.8184264272
 C         -1.2690834793       -1.5152430058        1.1318204664
 C          0.1064192032       -1.6321047312        1.1574542525
 C          3.0003867183       -2.4746599729        1.1566013760
 C          4.3777031427       -2.4163065495        1.1798705073
 C          8.2742954408       -0.7453248056       -1.1292275505
 C          8.8479396473        0.3902084978       -1.6674314307
 H          8.6803229400        2.5060746559       -1.9557871604
 H          6.5366677415        2.6679128665       -0.7309929742
 H          5.5140570870        0.6605651690        0.2359965301
 H          5.9683251691       -4.3964867301        0.0900703034
 H          7.3320449884       -6.1486427966        1.1427792163
 H          9.4050358245       -5.5552344432        2.3474933619
 H         10.0932380009       -3.1884482922        2.5014801421
 H          8.7211258326       -1.4304135826        1.4699431623
 H          4.9090556772       -1.1696802769       -1.9181097676
 H          2.4604019989       -1.2980751604       -1.9629539855
 H          0.6233625059       -2.7414096715       -1.9906024983
 H         -1.8350022917       -2.5506034612       -2.0269464413
 H         -5.5305635482       -4.3706399696       -2.1564221271
 H         -7.5935070865       -5.4924765301       -2.9891980885
 H         -9.7945695542       -4.5029828472       -2.4694387839
 H         -9.9677963581       -2.4565003414       -1.1965067246
 H        -10.0362480601       -0.7010959236       -0.3439123079
 H        -10.1368734334        1.4308690941        0.8004933046
 H         -8.0609514615        2.5325405106        1.5764381143
 H         -5.9044904742        1.4374771341        1.2412793475
 H         -4.8425250343       -0.4402983761        2.9846249864
 H         -4.1229337209        1.4113178003        4.4629152515
 H         -2.6352735065        3.1682826194        3.6028663001
 H         -2.8564574437        4.9072851557        1.9347565139
 H         -1.5637333762        6.7677310998        0.9994331623
 H          0.3446714138        7.5756315722       -0.3310118472
 H          2.4013925201        7.1337775978       -1.6146710373
 H          4.0803140319        5.5474472334       -2.4812324688
 H          4.8984151195        3.2346322217       -2.7259780681
 H          3.6521138784        1.3614013900       -1.7190613684
 H          1.7216647158        0.5516379657       -0.4043833096
 H         -0.3648808850        0.9753962841        0.7855536558
 H         -2.5463376149        1.2229795932       -0.2120605223
 H         -1.7916674294       -1.1974474124        2.0222734926
 H          0.6438731841       -1.3693031037        2.0571832844
 H          2.4715726846       -2.8516692458        2.0193134964
 H          4.9209894988       -2.7331334827        2.0581220284
 H          8.7536096530       -1.7065754791       -1.2437649480
 H          9.7826335174        0.3108127888       -2.2026726676
