  82
 Etot=        -127.5263513360
 C          9.4600064568        1.0117272642        0.2927363200
 C          8.8491954455       -0.3891559263        0.3863251617
 C          9.4826047338       -1.2600770356       -0.7080694643
 C          9.1831899768       -0.9654900299        1.7695739881
 C          7.3397910682       -0.3852590301        0.2029442375
 C          6.6081744784        0.7743579704       -0.0243162340
 C          5.2347451765        0.7387419729       -0.1837019047
 C          4.5611726131       -0.4696583934       -0.1278625448
 N          3.1447406536       -0.5106921772       -0.2978917415
 C          2.6415222200       -0.0654107801       -1.5163809973
 O          3.3961446845        0.3322354840       -2.3948920532
 C          1.1970334309       -0.1079650962       -1.6668903999
 C          0.6165370070        0.3274795106       -2.8795177621
 C         -0.7422247255        0.2766700842       -3.0452095607
 C         -1.5725526934       -0.1815742863       -2.0164948256
 C         -1.0334488491       -0.5923309545       -0.7914999459
 C         -1.8218279661       -1.0543847019        0.2947690197
 N         -3.2278801120       -0.9704469083        0.2343037138
 C         -3.9805160042       -2.1304637016        0.2360842856
 C         -3.3298152901       -3.3727125992        0.2504189999
 C         -4.0491780850       -4.5455975564        0.2798032830
 C         -5.4346634412       -4.5047170934        0.2685556472
 C         -6.0792119993       -3.2836309528        0.1965635027
 C         -5.3805233961       -2.0839408250        0.1730592787
 C         -6.1377163600       -0.7814288126        0.0293960057
 C         -6.8946678949       -0.8125145516       -1.3125638820
 C         -7.1306566003       -0.6505815966        1.2004083990
 C         -5.2164630665        0.4207717532        0.0469707858
 C         -5.7755112988        1.6953422774       -0.0404462341
 C         -5.0254861786        2.8507794373        0.0289263084
 C         -3.6572472574        2.7266100654        0.2297402784
 C         -3.0721669127        1.4519159371        0.3154538414
 O         -1.7372233810        1.5409104087        0.5465101295
 C         -1.4331447038        2.8628425767        0.5990182998
 C         -0.1781203873        3.4092951685        0.8015641889
 C         -0.0902033444        4.7890204650        0.8111248761
 C         -1.2145310777        5.5925176003        0.6270236874
 C         -2.4653244961        5.0440735057        0.4239657580
 C         -2.5774945556        3.6596019487        0.4074266995
 C         -3.8264867392        0.2721487196        0.1844642171
 C         -1.2194983211       -1.5411429405        1.4764059064
 C          0.1356941953       -1.5230406304        1.6228312030
 C          0.9597714800       -1.0321801829        0.5771679913
 C          0.3804844646       -0.5742139060       -0.6229534675
 C          2.3951759453       -0.9987612942        0.7694605280
 O          2.9432786806       -1.3555756210        1.8067385418
 C          5.2711717413       -1.6396484589        0.0940646646
 C          6.6399165865       -1.5890643862        0.2608483417
 H          9.0628354736        1.6640444962        1.0669256643
 H         10.5379549949        0.9469413221        0.4287147872
 H          9.2706033750        1.4562636950       -0.6814066259
 H         10.5662497989       -1.2582753785       -0.6083911704
 H          9.2245431075       -0.8725907459       -1.6913259302
 H          9.1368136238       -2.2879757832       -0.6462802621
 H          8.7151610746       -0.3669048144        2.5481506357
 H          8.8294200731       -1.9876328385        1.8690846592
 H         10.2597986922       -0.9598247899        1.9281813377
 H          7.0982492699        1.7326675919       -0.0775290202
 H          4.6850609957        1.6509259238       -0.3596941275
 H          1.2753840606        0.6910702172       -3.6518560045
 H         -1.1901681416        0.6041930889       -3.9719791140
 H         -2.6414715614       -0.2099012116       -2.1733514122
 H         -2.2526570391       -3.4066299286        0.2262214370
 H         -3.5302785806       -5.4913363013        0.2990871618
 H         -6.0090478249       -5.4176978649        0.2917445489
 H         -7.1571970088       -3.2722745844        0.1520005540
 H         -6.1890612257       -0.9157267431       -2.1345120215
 H         -7.5850739927       -1.6501685674       -1.3467139803
 H         -7.4605638754        0.1027773378       -1.4588345720
 H         -6.5887365450       -0.6207264608        2.1435034975
 H         -7.7183296812        0.2581616605        1.1137774490
 H         -7.8140049289       -1.4940894829        1.2235792565
 H         -6.8424254150        1.7883079167       -0.1668029914
 H         -5.4869057627        3.8214760518       -0.0526694967
 H          0.6833395430        2.7767837891        0.9414244223
 H          0.8710760450        5.2551368866        0.9635668676
 H         -1.1003735853        6.6658877973        0.6424321793
 H         -3.3332276552        5.6686726197        0.2793136224
 H         -1.8610998835       -1.8676875161        2.2824847756
 H          0.6169906741       -1.8519431122        2.5297554080
 H          4.7490520086       -2.5830343356        0.1408963036
 H          7.1678083068       -2.5146021188        0.4342913069
  82
 Etot=        -127.5263678201
 C          9.4597512188        1.0117970884        0.2926536333
 C          8.8488697110       -0.3890566352        0.3863076781
 C          9.4822155307       -1.2601819432       -0.7080457411
 C          9.1827839292       -0.9655781873        1.7695478794
 C          7.3395691276       -0.3852674243        0.2029691739
 C          6.6078587626        0.7745521583       -0.0248592232
 C          5.2346343249        0.7388846690       -0.1847415705
 C          4.5606523226       -0.4697175708       -0.1279678556
 N          3.1448406632       -0.5106398386       -0.2978714955
 C          2.6414676400       -0.0646552485       -1.5165485530
 O          3.3966784053        0.3332825230       -2.3949492894
 C          1.1973380838       -0.1078554459       -1.6669025032
 C          0.6169001519        0.3273991908       -2.8785831819
 C         -0.7426111006        0.2761873114       -3.0442860366
 C         -1.5723815691       -0.1813873423       -2.0161768259
 C         -1.0332311640       -0.5923947026       -0.7912405683
 C         -1.8215779884       -1.0539753138        0.2952160106
 N         -3.2276568382       -0.9703898717        0.2344614721
 C         -3.9802019873       -2.1301446259        0.2355904848
 C         -3.3294686133       -3.3725693704        0.2501371216
 C         -4.0488346303       -4.5453738267        0.2795814784
 C         -5.4344424912       -4.5045516208        0.2685180990
 C         -6.0791289563       -3.2834990904        0.1965703447
 C         -5.3804720748       -2.0838227722        0.1728347883
 C         -6.1377244845       -0.7814901973        0.0293837628
 C         -6.8947351478       -0.8125647684       -1.3125829482
 C         -7.1306890870       -0.6506521425        1.2004324221
 C         -5.2165048721        0.4205434732        0.0469627983
 C         -5.7754464734        1.6949950457       -0.0406795235
 C         -5.0253158129        2.8505521837        0.0287889267
 C         -3.6570737442        2.7264687954        0.2296741030
 C         -3.0718364631        1.4518003044        0.3155792808
 O         -1.7371594916        1.5410593447        0.5465257209
 C         -1.4330672654        2.8628293806        0.5990097956
 C         -0.1780052868        3.4093028329        0.8015815263
 C         -0.0901403203        4.7890163498        0.8111087635
 C         -1.2145392547        5.5925132554        0.6270502809
 C         -2.4653646305        5.0440743757        0.4239961092
 C         -2.5774796571        3.6596095685        0.4074193556
 C         -3.8262139978        0.2716922123        0.1848914661
 C         -1.2197353907       -1.5399057066        1.4758362813
 C          0.1363965742       -1.5230195243        1.6219740309
 C          0.9599818174       -1.0325185580        0.5771753148
 C          0.3808107600       -0.5746392105       -0.6226818585
 C          2.3950546929       -0.9995797418        0.7696368645
 O          2.9438809090       -1.3564426993        1.8068960334
 C          5.2708057411       -1.6398545113        0.0950381174
 C          6.6394744406       -1.5893082431        0.2614212546
 H          9.0626387123        1.6641986989        1.0667967463
 H         10.5376567009        0.9468795211        0.4287654513
 H          9.2705766838        1.4563115624       -0.6815403104
 H         10.5658312277       -1.2582100458       -0.6082344881
 H          9.2242535258       -0.8727496462       -1.6913412045
 H          9.1365836532       -2.2881294609       -0.6462158364
 H          8.7149402058       -0.3669457612        2.5481834163
 H          8.8290496432       -1.9877216911        1.8691507167
 H         10.2594057365       -0.9599272659        1.9279406359
 H          7.0979417007        1.7328833986       -0.0774788523
 H          4.6849368436        1.6510350646       -0.3605997788
 H          1.2755047859        0.6909715176       -3.6511387849
 H         -1.1905612002        0.6032786657       -3.9712731533
 H         -2.6413481883       -0.2090834868       -2.1729663163
 H         -2.2523244417       -3.4063300373        0.2260095018
 H         -3.5299576849       -5.4911226062        0.2988232872
 H         -6.0088060001       -5.4175616116        0.2917978555
 H         -7.1571288698       -3.2722350794        0.1521099349
 H         -6.1891211559       -0.9156007514       -2.1345386406
 H         -7.5850272859       -1.6503122348       -1.3467484337
 H         -7.4607247867        0.1026911854       -1.4587064906
 H         -6.5887454460       -0.6207669573        2.1435105410
 H         -7.7183748772        0.2580831549        1.1137676214
 H         -7.8139936808       -1.4941940689        1.2236017638
 H         -6.8423795865        1.7880301310       -0.1669153842
 H         -5.4867836186        3.8212443679       -0.0527431003
 H          0.6834182967        2.7767464785        0.9413345571
 H          0.8711298256        5.2551810554        0.9634511916
 H         -1.1003948647        6.6658900658        0.6423980193
 H         -3.3332581728        5.6686847136        0.2793093502
 H         -1.8613559645       -1.8664783675        2.2819711223
 H          0.6175649233       -1.8525178482        2.5287544820
 H          4.7486942515       -2.5831966299        0.1417067663
 H          7.1675174067       -2.5148804231        0.4341508326
