 
        ______________________________________
       |                                      |
       |          ===================         |
       |             xTB for sTDA             |
       |          ===================         |
       |               S. Grimme              |
       |        Universitaet Bonn, MCTC       |
       |         2015-19, Version 1.0         |
       |     Wed Apr  3 09:14:55 CEST 2019    |
       |______________________________________|
 
        This code comes without any warranty
        for non-commercial, academia use only.
        Preliminary test version.
        Cite this work as:
        S. Grimme  &  C. Bannwarth, JCP 145 (2016) 054103
        if GBSA is used additionally:
        P. Shushkov, F. März, C. Bannwarth, S. Grimme, unpublished.
 
        with help from
        P. Shushkov, G. Brandenburg, S. Dohm, J. Pisarek,
        F. März, M. Checinski, S. Ehrlich, S. Spicher, 
        P. Pracht, E. Caldeweyher, S. Ehlert, and C. Bannwarth.
 
        usage        :
        xtb4stda <coord_file> [options]
        where <coord_file> is a valid file of TM)
        (*coord, Bohr) or xmol (*xyz, Angstroem)
        format.

        options:
        -chrg <int>   : molecular charge
        -uhf  <int>   : # of unpaired electrons(=2*S)
        -nox          : skip second, extended part in sTDA-xTB
        -pop          : do population analysis
                      : (default for -nox)
        -mowr <real>  : cut MO write above (def.3 Eh)
        -molden       : write formatted molden file
        -parx <file>  : read parameters for sTDA-xTB
                        calc (def:~/.param_stda2.xtb)
        -parv <file>  : read parameters for vTB part in
                        sTDA-xTB (def: ~/.param_stda1.xtb)
        -xtemp <real> : el. temp for xTB (def. 0 K)
        -etemp <real> : el. temp for GFN (def. 300 K)
        -fod          : calculate the FOD and write
                        molden.input file with
                        appropriate occupations
                        for plotting. Def. T=12500 K
 
        -acc <real>   : xTB accuracy (def. 1.0)
        -gbsa [string1] [string2]
                        use GBSA implicit solvent
                        for solvent [string1] and
                        solvation state [string2]=
                        reference, bar1M (default=1M)
        additional GFN/opt/MD/siman options read from
        $XTB4STDAHOME/.xtb4stdarc or $set in input
 
       spin and charge state information can be on:
       <.CHRG> (charge) and <.UHF> (=nalpha-nbeta)
       -uhf and -chrg override the file info.
       useful machine settings:
       setenv MKL_NUM_THREADS <NCORE_ON_YOUR_MACHINE>
       setenv OMP_STACKSIZE 500m
       limit stacksize unlimited
 
       total energies in Eh, gaps/HL energies in eV
       please read REVISION and HOWTO files carefully
 =============================
  # OMP threads =          48
 =============================
 
 xtb4stdahome directory:/home/penavora/Exe_xtb_crest/
 
 
 name of molecule           :
 comment line               :
 number of atoms            :    97
 number of electrons        :   274
 charge                     :  0
 spin                       : 0.0
 first test random number   :  0.3636
 
 -----------------------------------------
      charge density (VTB) calculation
 -----------------------------------------
 
      method parameters     
 k(s)        :  1.8000
 k(p)        :  2.8350
 k(d)        :  2.0860
 k(f)        :  2.0000
 Tscal       :  0.3300
 Gscal       :  0.3910
 fpol        :  1.0000
 Zcnf        :  0.6500
 Zqf         :  0.0000
 kcn         :  0.3000
 kEN1        : -0.5900
 wllscal     :  2.6000
 
     -------------------------
     ! NO SOLVENT MODEL USED !
     -------------------------
 
 doing EN charges ...
 sum q :  0.1110223D-15
 point charge moment (au)
     X       Y       Z   
   0.1826  -0.6204   0.1012  total (Debye):    1.664
 
            Z      q(EN)   CN      Cart. coordinates
     1  C   4.0  -0.242   4.020    -8.76532     4.06124     5.24277
     2  C   4.0  -0.162   4.028   -10.26775     6.05023     3.79794
     3  C   4.0  -0.162   4.059    -8.58131     7.89822     2.35193
     4  C   4.0  -0.164   4.064    -7.33830     6.69613     0.04174
     5  C   4.0  -0.162   4.058    -5.45095     8.48752    -1.20595
     6  C   4.0  -0.161   4.054    -4.24345     7.40621    -3.60200
     7  C   4.0  -0.159   4.067    -3.04178     4.80190    -3.26504
     8  C   4.0  -0.095   4.115    -1.04357     4.74907    -1.18157
     9  N   5.0  -0.294   3.292    -0.05345     2.22834    -0.83429
    10  C   4.0   0.207   3.262     2.32658     1.49095    -1.65632
    11  O   6.0  -0.106   1.068     3.72396     2.76781    -2.92412
    12  C   4.0  -0.018   3.587     2.62339    -1.10300    -0.71169
    13  C   4.0  -0.075   3.245     4.48688    -2.87757    -0.59351
    14  C   4.0  -0.006   3.289     7.17981    -2.65658    -1.08638
    15  C   4.0  -0.074   3.201     8.43698    -4.59283    -2.35194
    16  C   4.0  -0.072   3.141    10.98755    -4.42767    -2.87572
    17  C   4.0  -0.072   3.143    12.33904    -2.32489    -2.09511
    18  C   4.0  -0.069   3.190    11.14142    -0.41807    -0.77227
    19  C   4.0   0.092   3.278     8.56855    -0.54719    -0.24671
    20  N   5.0  -0.324   3.323     7.43486     1.40202     1.13575
    21  C   4.0   0.087   3.489     5.79152     1.09993     3.14117
    22  C   4.0  -0.064   3.174     5.30930    -1.03213     4.59176
    23  C   4.0  -0.073   3.156     3.51972    -0.84344     6.48260
    24  C   4.0  -0.073   3.148     2.27106     1.42272     6.96821
    25  C   4.0  -0.067   3.156     2.84672     3.58346     5.62473
    26  C   4.0   0.000   3.378     4.63682     3.43820     3.71091
    27  C   4.0   0.000   3.381     5.70226     5.25585     1.99974
    28  C   4.0  -0.067   3.155     5.31445     7.82606     1.64440
    29  C   4.0  -0.073   3.147     6.64519     9.03871    -0.24229
    30  C   4.0  -0.073   3.154     8.31626     7.71109    -1.78148
    31  C   4.0  -0.063   3.158     8.72050     5.15044    -1.47264
    32  C   4.0   0.086   3.478     7.41989     3.93052     0.44482
    33  S   6.0   0.216   2.695     3.23789    -5.66839     0.66930
    34  C   4.0  -0.074   3.245     0.23349    -4.34155     1.11406
    35  C   4.0  -0.007   3.290    -1.79986    -5.90889     2.07578
    36  C   4.0  -0.075   3.210    -1.27383    -7.63172     4.00204
    37  C   4.0  -0.072   3.140    -3.13770    -9.14838     5.01163
    38  C   4.0  -0.072   3.143    -5.57776    -9.00116     4.06902
    39  C   4.0  -0.069   3.194    -6.12462    -7.35519     2.11955
    40  C   4.0   0.094   3.275    -4.27040    -5.78889     1.09909
    41  N   5.0  -0.326   3.324    -4.92236    -4.19015    -0.89802
    42  C   4.0   0.086   3.478    -6.95632    -2.53896    -0.89295
    43  C   4.0  -0.063   3.159    -8.76463    -2.10916     0.95313
    44  C   4.0  -0.074   3.156   -10.62414    -0.34635     0.45315
    45  C   4.0  -0.073   3.149   -10.68027     0.99288    -1.81119
    46  C   4.0  -0.067   3.156    -8.83993     0.63220    -3.62295
    47  C   4.0  -0.000   3.380    -6.96091    -1.14249    -3.16616
    48  C   4.0  -0.000   3.380    -4.81385    -1.98257    -4.59768
    49  C   4.0  -0.067   3.155    -3.83224    -1.30975    -6.93637
    50  C   4.0  -0.073   3.147    -1.72502    -2.56825    -7.81907
    51  C   4.0  -0.073   3.154    -0.64809    -4.53085    -6.43463
    52  C   4.0  -0.064   3.170    -1.59585    -5.23500    -4.10677
    53  C   4.0   0.088   3.480    -3.63509    -3.89076    -3.14845
    54  C   4.0  -0.016   3.569     0.26494    -1.89043     0.31080
    55  C   4.0   0.206   3.264    -1.40008     0.33472     0.38625
    56  O   6.0  -0.106   1.068    -3.44246     0.61991     1.36083
    57  H   1.0   0.081   0.999    -7.48869     4.96302     6.57944
    58  H   1.0   0.081   0.999   -10.03559     2.83457     6.29601
    59  H   1.0   0.082   1.000    -7.65547     2.89070     3.97167
    60  H   1.0   0.081   1.003   -11.54184     5.11866     2.46923
    61  H   1.0   0.080   1.002   -11.42620     7.11390     5.13805
    62  H   1.0   0.080   1.003    -9.71135     9.51821     1.74477
    63  H   1.0   0.081   1.003    -7.11763     8.60780     3.62493
    64  H   1.0   0.082   1.004    -8.79499     6.17659    -1.32424
    65  H   1.0   0.084   1.006    -6.38397     4.96744     0.62032
    66  H   1.0   0.080   1.003    -6.41719    10.24407    -1.70738
    67  H   1.0   0.081   1.003    -3.97607     8.97883     0.15118
    68  H   1.0   0.081   1.003    -2.80974     8.73159    -4.27490
    69  H   1.0   0.081   1.003    -5.68889     7.25262    -5.06799
    70  H   1.0   0.084   1.006    -4.50035     3.41816    -2.81267
    71  H   1.0   0.081   1.003    -2.15735     4.22762    -5.04076
    72  H   1.0   0.084   1.005    -1.86585     5.33348     0.61901
    73  H   1.0   0.084   1.004     0.55360     5.97081    -1.65212
    74  H   1.0   0.075   1.007     7.36448    -6.22148    -2.95707
    75  H   1.0   0.074   1.004    11.92030    -5.93486    -3.88391
    76  H   1.0   0.074   1.004    14.33609    -2.18528    -2.48706
    77  H   1.0   0.076   1.006    12.20243     1.18424    -0.08734
    78  H   1.0   0.075   1.007     6.30754    -2.78182     4.26195
    79  H   1.0   0.074   1.005     3.08534    -2.48543     7.61474
    80  H   1.0   0.074   1.005     0.86201     1.48802     8.44184
    81  H   1.0   0.075   1.005     1.93050     5.35615     6.04903
    82  H   1.0   0.074   1.004     3.98994     8.84143     2.81927
    83  H   1.0   0.074   1.004     6.37530    11.03830    -0.55005
    84  H   1.0   0.074   1.005     9.30787     8.70343    -3.26375
    85  H   1.0   0.076   1.005     9.97027     4.13374    -2.72140
    86  H   1.0   0.075   1.009     0.63341    -7.73217     4.72403
    87  H   1.0   0.074   1.004    -2.69169   -10.44645     6.51952
    88  H   1.0   0.074   1.004    -7.04680   -10.19425     4.83033
    89  H   1.0   0.076   1.006    -8.00144    -7.29634     1.32210
    90  H   1.0   0.076   1.005    -8.71200    -3.08780     2.74079
    91  H   1.0   0.074   1.005   -12.06299     0.00500     1.85658
    92  H   1.0   0.074   1.005   -12.17612     2.34276    -2.13809
    93  H   1.0   0.075   1.005    -8.84983     1.69935    -5.36265
    94  H   1.0   0.075   1.005    -4.71238     0.16460    -8.03810
    95  H   1.0   0.074   1.004    -0.91642    -2.05835    -9.62144
    96  H   1.0   0.074   1.005     0.95662    -5.53190    -7.20193
    97  H   1.0   0.076   1.007    -0.78206    -6.80160    -3.08322
 
  Z AO/shell   Hii/eV     exponent
  1     Sat Feb 20 21:38:01 CET 2016    EN: 2.327 GAM: 0.473  GM3: 0.0000
     1s    -13.751157    1.051071
  6     Sat Feb 20 21:38:01 CET 2016    EN: 2.731 GAM: 0.422  GM3: 0.0000
     2s    -19.378245    2.021003
     2p    -11.993376    1.497917
  7     Sat Feb 20 21:38:01 CET 2016    EN: 3.573 GAM: 0.504  GM3: 0.0000
     2s    -21.576984    2.275442
     2p    -16.125120    2.056788
  8     Sat Feb 20 21:38:01 CET 2016    EN: 3.700 GAM: 0.587  GM3: 0.0000
     2s    -21.648843    2.110798
     2p    -17.239740    2.329048
 16     Sat Feb 20 23:13:41 CET 2016    EN: 1.915 GAM: 0.389  GM3: 0.0000
     3s    -22.000000    2.671470
     3p    -15.834192    1.836978
     3d     -2.593599    1.836978
 
 dipole moment of classical point charges (au)
     X       Y       Z   
   0.1826  -0.6204   0.1012  total (Debye):    1.664

 
 Nbf   :          271
 T(el) :   300.0
 calculating S/T integrals ...
 cpu time for ints    3.20788100000000     
 Nao   :          270
 making H0...
 making H1...
 cpu time for H      0.208126000000000     
 solving ...
 cpu time for diag   0.853228000000001     
 
 gap (eV)           :   4.832
 Koopmans IP (eV)   :  13.323
 Eel (Eh)           :  -213.507632
 T,E(Fermi),NFOD :    300.000   -10.907  0.000000
 T,E(Fermi),NFOD :    300.000   -10.907  0.000000
 Nfod               :  0.0000
 Nfod/Nel           :  0.0000

          eigenvalues
 #    :         125        126        127        128        129        130        131        132
 occ. :        2.000      2.000      2.000      2.000      2.000      2.000      2.000      2.000
 eps  :       -15.967    -15.824    -15.494    -15.480    -15.449    -15.415    -15.351    -14.858
 #    :         133        134        135        136        137        138        139        140
 occ. :        2.000      2.000      2.000      2.000      2.000      0.000      0.000      0.000
 eps  :       -14.085    -14.026    -13.614    -13.399    -13.324     -8.492     -8.241     -8.024
 #    :         141        142        143        144        145        146        147        148
 occ. :        0.000      0.000      0.000      0.000      0.000      0.000      0.000      0.000
 eps  :        -7.162     -6.841     -6.775     -6.159     -5.816     -5.724     -5.655     -5.610
                            1  SCC done.
 making H1...
 cpu time for H       1.00665500000000     
 solving ...
 cpu time for diag   0.563077000000000     
 
 gap (eV)           :   4.882
 Koopmans IP (eV)   :  13.226
 Eel (Eh)           :  -212.080605
 T,E(Fermi),NFOD :    300.000   -10.785  0.000000
 T,E(Fermi),NFOD :    300.000   -10.785  0.000000
 Nfod               :  0.0000
 Nfod/Nel           :  0.0000

          eigenvalues
 #    :         125        126        127        128        129        130        131        132
 occ. :        2.000      2.000      2.000      2.000      2.000      2.000      2.000      2.000
 eps  :       -15.518    -15.409    -15.337    -15.290    -14.997    -14.511    -14.390    -14.315
 #    :         133        134        135        136        137        138        139        140
 occ. :        2.000      2.000      2.000      2.000      2.000      0.000      0.000      0.000
 eps  :       -13.951    -13.841    -13.666    -13.265    -13.227     -8.345     -8.244     -7.911
 #    :         141        142        143        144        145        146        147        148
 occ. :        0.000      0.000      0.000      0.000      0.000      0.000      0.000      0.000
 eps  :        -7.137     -6.659     -6.612     -6.099     -5.787     -5.672     -5.637     -5.631
                            2  SCC done.
 
 
 Mulliken/CM5 charges    n(s)   n(p)   n(d)   
    1 C  -0.0976 -0.2508   1.092  3.005  0.000
    2 C  -0.0470 -0.1607   1.135  2.912  0.000
    3 C  -0.0575 -0.1695   1.142  2.915  0.000
    4 C  -0.0662 -0.1793   1.141  2.926  0.000
    5 C  -0.0584 -0.1705   1.141  2.917  0.000
    6 C  -0.0468 -0.1582   1.140  2.906  0.000
    7 C  -0.0535 -0.1592   1.143  2.911  0.000
    8 C   0.0142 -0.0309   1.151  2.835  0.000
    9 N  -0.1210 -0.3749   1.281  3.840  0.000
   10 C   0.2003  0.3029   1.172  2.628  0.000
   11 O  -0.2581 -0.3016   1.627  4.631  0.000
   12 C  -0.0494 -0.0373   1.185  2.865  0.000
   13 C  -0.0175 -0.0042   1.193  2.825  0.000
   14 C   0.0109  0.0122   1.162  2.827  0.000
   15 C  -0.0322 -0.0844   1.142  2.890  0.000
   16 C  -0.0317 -0.0880   1.133  2.898  0.000
   17 C  -0.0259 -0.0821   1.136  2.890  0.000
   18 C  -0.0279 -0.0763   1.137  2.891  0.000
   19 C   0.0656  0.1254   1.178  2.756  0.000
   20 N  -0.0964 -0.3420   1.238  3.858  0.000
   21 C   0.0323  0.0962   1.185  2.783  0.000
   22 C  -0.0506 -0.0990   1.137  2.914  0.000
   23 C  -0.0427 -0.0986   1.135  2.908  0.000
   24 C  -0.0468 -0.1029   1.131  2.915  0.000
   25 C  -0.0344 -0.0871   1.138  2.897  0.000
   26 C  -0.0253 -0.0221   1.166  2.859  0.000
   27 C  -0.0247 -0.0215   1.165  2.860  0.000
   28 C  -0.0360 -0.0889   1.138  2.898  0.000
   29 C  -0.0476 -0.1038   1.131  2.916  0.000
   30 C  -0.0369 -0.0928   1.134  2.903  0.000
   31 C  -0.0380 -0.0870   1.133  2.905  0.000
   32 C   0.0439  0.1070   1.183  2.774  0.000
   33 S   0.1125  0.0736   1.891  3.955  0.041
   34 C  -0.0160 -0.0033   1.193  2.823  0.000
   35 C   0.0110  0.0122   1.161  2.828  0.000
   36 C  -0.0335 -0.0857   1.143  2.891  0.000
   37 C  -0.0324 -0.0887   1.133  2.899  0.000
   38 C  -0.0266 -0.0827   1.136  2.890  0.000
   39 C  -0.0295 -0.0779   1.137  2.892  0.000
   40 C   0.0664  0.1265   1.177  2.756  0.000
   41 N  -0.0916 -0.3378   1.233  3.858  0.000
   42 C   0.0447  0.1075   1.182  2.774  0.000
   43 C  -0.0393 -0.0890   1.134  2.905  0.000
   44 C  -0.0377 -0.0948   1.134  2.903  0.000
   45 C  -0.0474 -0.1047   1.131  2.916  0.000
   46 C  -0.0351 -0.0891   1.138  2.897  0.000
   47 C  -0.0236 -0.0213   1.165  2.859  0.000
   48 C  -0.0243 -0.0217   1.166  2.859  0.000
   49 C  -0.0353 -0.0885   1.138  2.898  0.000
   50 C  -0.0474 -0.1036   1.131  2.916  0.000
   51 C  -0.0417 -0.0977   1.135  2.907  0.000
   52 C  -0.0506 -0.0991   1.137  2.914  0.000
   53 C   0.0342  0.0981   1.183  2.782  0.000
   54 C  -0.0491 -0.0373   1.185  2.864  0.000
   55 C   0.1992  0.3013   1.172  2.629  0.000
   56 O  -0.2547 -0.3015   1.627  4.627  0.000
   57 H   0.0261  0.0784   0.974  0.000  0.000
   58 H   0.0314  0.0831   0.969  0.000  0.000
   59 H   0.0368  0.0919   0.963  0.000  0.000
   60 H   0.0273  0.0834   0.973  0.000  0.000
   61 H   0.0305  0.0850   0.970  0.000  0.000
   62 H   0.0270  0.0822   0.973  0.000  0.000
   63 H   0.0242  0.0804   0.976  0.000  0.000
   64 H   0.0233  0.0804   0.977  0.000  0.000
   65 H   0.0372  0.0982   0.963  0.000  0.000
   66 H   0.0276  0.0830   0.972  0.000  0.000
   67 H   0.0264  0.0829   0.974  0.000  0.000
   68 H   0.0317  0.0870   0.968  0.000  0.000
   69 H   0.0333  0.0887   0.967  0.000  0.000
   70 H   0.0358  0.1005   0.964  0.000  0.000
   71 H   0.0312  0.0899   0.969  0.000  0.000
   72 H   0.0485  0.1195   0.952  0.000  0.000
   73 H   0.0476  0.1193   0.952  0.000  0.000
   74 H   0.0429  0.1019   0.957  0.000  0.000
   75 H   0.0438  0.1004   0.956  0.000  0.000
   76 H   0.0462  0.1028   0.954  0.000  0.000
   77 H   0.0446  0.1060   0.955  0.000  0.000
   78 H   0.0382  0.1001   0.962  0.000  0.000
   79 H   0.0417  0.0985   0.958  0.000  0.000
   80 H   0.0406  0.0973   0.959  0.000  0.000
   81 H   0.0427  0.1001   0.957  0.000  0.000
   82 H   0.0406  0.0978   0.959  0.000  0.000
   83 H   0.0386  0.0951   0.961  0.000  0.000
   84 H   0.0417  0.0984   0.958  0.000  0.000
   85 H   0.0395  0.1000   0.960  0.000  0.000
   86 H   0.0434  0.1030   0.957  0.000  0.000
   87 H   0.0438  0.1004   0.956  0.000  0.000
   88 H   0.0461  0.1027   0.954  0.000  0.000
   89 H   0.0449  0.1067   0.955  0.000  0.000
   90 H   0.0397  0.1002   0.960  0.000  0.000
   91 H   0.0425  0.0996   0.957  0.000  0.000
   92 H   0.0392  0.0959   0.961  0.000  0.000
   93 H   0.0411  0.0985   0.959  0.000  0.000
   94 H   0.0423  0.0997   0.958  0.000  0.000
   95 H   0.0401  0.0967   0.960  0.000  0.000
   96 H   0.0420  0.0987   0.958  0.000  0.000
   97 H   0.0382  0.1004   0.962  0.000  0.000
 Hirshfeld charges for QMDFF written to <charges>
 
 Loewdin charges    n(s)   n(p)   n(d)
    1 C  -0.1001   1.020  3.080  0.000
    2 C  -0.0402   1.075  2.965  0.000
    3 C  -0.0528   1.083  2.970  0.000
    4 C  -0.0633   1.082  2.982  0.000
    5 C  -0.0538   1.082  2.972  0.000
    6 C  -0.0400   1.080  2.960  0.000
    7 C  -0.0504   1.084  2.967  0.000
    8 C   0.0136   1.095  2.891  0.000
    9 N  -0.0874   1.245  3.843  0.000
   10 C   0.1805   1.144  2.675  0.000
   11 O  -0.2436   1.597  4.647  0.000
   12 C  -0.0563   1.148  2.909  0.000
   13 C   0.0062   1.148  2.846  0.000
   14 C   0.0104   1.120  2.869  0.000
   15 C  -0.0262   1.088  2.938  0.000
   16 C  -0.0250   1.079  2.946  0.000
   17 C  -0.0172   1.081  2.937  0.000
   18 C  -0.0251   1.084  2.941  0.000
   19 C   0.0592   1.143  2.798  0.000
   20 N  -0.0551   1.196  3.859  0.000
   21 C   0.0264   1.150  2.824  0.000
   22 C  -0.0483   1.085  2.964  0.000
   23 C  -0.0344   1.080  2.954  0.000
   24 C  -0.0408   1.077  2.963  0.000
   25 C  -0.0287   1.084  2.945  0.000
   26 C  -0.0253   1.125  2.901  0.000
   27 C  -0.0248   1.123  2.901  0.000
   28 C  -0.0304   1.084  2.947  0.000
   29 C  -0.0417   1.077  2.964  0.000
   30 C  -0.0288   1.079  2.949  0.000
   31 C  -0.0366   1.081  2.955  0.000
   32 C   0.0376   1.148  2.815  0.000
   33 S   0.0765   1.878  3.951  0.094
   34 C   0.0078   1.148  2.844  0.000
   35 C   0.0104   1.119  2.870  0.000
   36 C  -0.0275   1.089  2.938  0.000
   37 C  -0.0257   1.079  2.947  0.000
   38 C  -0.0177   1.081  2.937  0.000
   39 C  -0.0268   1.085  2.942  0.000
   40 C   0.0599   1.142  2.798  0.000
   41 N  -0.0500   1.191  3.859  0.000
   42 C   0.0383   1.147  2.815  0.000
   43 C  -0.0378   1.082  2.956  0.000
   44 C  -0.0297   1.080  2.950  0.000
   45 C  -0.0416   1.078  2.964  0.000
   46 C  -0.0294   1.084  2.945  0.000
   47 C  -0.0236   1.123  2.900  0.000
   48 C  -0.0243   1.124  2.900  0.000
   49 C  -0.0297   1.084  2.946  0.000
   50 C  -0.0414   1.077  2.964  0.000
   51 C  -0.0335   1.080  2.953  0.000
   52 C  -0.0485   1.084  2.964  0.000
   53 C   0.0281   1.149  2.823  0.000
   54 C  -0.0564   1.148  2.908  0.000
   55 C   0.1795   1.145  2.676  0.000
   56 O  -0.2402   1.597  4.644  0.000
   57 H   0.0267   0.973  0.000  0.000
   58 H   0.0318   0.968  0.000  0.000
   59 H   0.0364   0.964  0.000  0.000
   60 H   0.0250   0.975  0.000  0.000
   61 H   0.0279   0.972  0.000  0.000
   62 H   0.0247   0.975  0.000  0.000
   63 H   0.0221   0.978  0.000  0.000
   64 H   0.0214   0.979  0.000  0.000
   65 H   0.0347   0.965  0.000  0.000
   66 H   0.0253   0.975  0.000  0.000
   67 H   0.0245   0.976  0.000  0.000
   68 H   0.0289   0.971  0.000  0.000
   69 H   0.0304   0.970  0.000  0.000
   70 H   0.0325   0.967  0.000  0.000
   71 H   0.0282   0.972  0.000  0.000
   72 H   0.0429   0.957  0.000  0.000
   73 H   0.0413   0.959  0.000  0.000
   74 H   0.0347   0.965  0.000  0.000
   75 H   0.0359   0.964  0.000  0.000
   76 H   0.0379   0.962  0.000  0.000
   77 H   0.0363   0.964  0.000  0.000
   78 H   0.0308   0.969  0.000  0.000
   79 H   0.0343   0.966  0.000  0.000
   80 H   0.0333   0.967  0.000  0.000
   81 H   0.0347   0.965  0.000  0.000
   82 H   0.0329   0.967  0.000  0.000
   83 H   0.0316   0.968  0.000  0.000
   84 H   0.0343   0.966  0.000  0.000
   85 H   0.0321   0.968  0.000  0.000
   86 H   0.0353   0.965  0.000  0.000
   87 H   0.0360   0.964  0.000  0.000
   88 H   0.0379   0.962  0.000  0.000
   89 H   0.0366   0.963  0.000  0.000
   90 H   0.0324   0.968  0.000  0.000
   91 H   0.0354   0.965  0.000  0.000
   92 H   0.0326   0.967  0.000  0.000
   93 H   0.0336   0.966  0.000  0.000
   94 H   0.0345   0.966  0.000  0.000
   95 H   0.0329   0.967  0.000  0.000
   96 H   0.0345   0.965  0.000  0.000
   97 H   0.0308   0.969  0.000  0.000
 
 Wiberg/Mayer (AO) data. WBOs > 0.1 written file <wbo>
 largest (>0.05) Wiberg bond orders for each atom
           total WBO             WBO to atom ...
     1  C   3.985    C    2 1.010    H   57 0.984    H   59 0.981    H   58 0.980
     2  C   3.971    C    1 1.010    C    3 0.990    H   60 0.969    H   61 0.968
     3  C   3.970    C    4 0.991    C    2 0.990    H   63 0.968    H   62 0.967
     4  C   3.971    C    3 0.991    C    5 0.991    H   64 0.969    H   65 0.966
     5  C   3.970    C    4 0.991    C    6 0.987    H   67 0.970    H   66 0.967
     6  C   3.968    C    7 0.988    C    5 0.987    H   68 0.967    H   69 0.967
     7  C   3.967    C    6 0.988    C    8 0.985    H   71 0.967    H   70 0.965
     8  C   3.935    C    7 0.985    H   73 0.968    H   72 0.967    N    9 0.951
     9  N   3.465    C   55 1.036    C   10 1.036    C    8 0.951    O   11 0.147    O   56 0.146
    10  C   3.914    O   11 1.790    N    9 1.036    C   12 0.983
    11  O   2.163    C   10 1.790    N    9 0.147    C   12 0.064
    12  C   3.942    C   13 1.513    C   54 1.150    C   10 0.983    O   11 0.064    S   33 0.061
    13  C   3.929    C   12 1.513    S   33 1.102    C   14 1.034    C   34 0.077
    14  C   3.949    C   15 1.368    C   19 1.309    C   13 1.034    C   17 0.101
    15  C   3.966    C   16 1.444    C   14 1.368    H   74 0.943    C   18 0.103
    16  C   3.970    C   15 1.444    C   17 1.417    H   75 0.944    C   19 0.102
    17  C   3.959    C   18 1.433    C   16 1.417    H   76 0.944    C   14 0.101
    18  C   3.968    C   17 1.433    C   19 1.395    H   77 0.943    C   15 0.103
    19  C   3.927    C   18 1.395    C   14 1.309    N   20 0.982    C   16 0.102
    20  N   3.440    C   21 1.055    C   32 1.043    C   19 0.982
    21  C   3.928    C   22 1.367    C   26 1.267    N   20 1.055    C   24 0.091
    22  C   3.968    C   23 1.453    C   21 1.367    H   78 0.943    C   25 0.102
    23  C   3.954    C   22 1.453    C   24 1.393    H   79 0.945    C   26 0.090
    24  C   3.969    C   25 1.461    C   23 1.393    H   80 0.945    C   21 0.091
    25  C   3.961    C   24 1.461    C   26 1.353    H   81 0.945    C   22 0.102
    26  C   3.955    C   25 1.353    C   21 1.267    C   27 1.086    C   23 0.090
    27  C   3.955    C   28 1.354    C   32 1.268    C   26 1.086    C   30 0.091
    28  C   3.961    C   29 1.459    C   27 1.354    H   82 0.945    C   31 0.102
    29  C   3.969    C   28 1.459    C   30 1.396    H   83 0.945    C   32 0.092
    30  C   3.954    C   31 1.449    C   29 1.396    H   84 0.945    C   27 0.091
    31  C   3.969    C   30 1.449    C   32 1.374    H   85 0.944    C   28 0.102
    32  C   3.927    C   31 1.374    C   27 1.268    N   20 1.043    C   29 0.092
    33  S   2.541    C   13 1.102    C   34 1.099    C   12 0.061    C   54 0.060
    34  C   3.930    C   54 1.507    S   33 1.099    C   35 1.045    C   13 0.077
    35  C   3.950    C   36 1.357    C   40 1.310    C   34 1.045    C   38 0.099
    36  C   3.966    C   37 1.450    C   35 1.357    H   86 0.942    C   39 0.103
    37  C   3.970    C   36 1.450    C   38 1.411    H   87 0.944    C   40 0.101
    38  C   3.957    C   39 1.438    C   37 1.411    H   88 0.944    C   35 0.099
    39  C   3.968    C   38 1.438    C   40 1.389    H   89 0.943    C   36 0.103
    40  C   3.928    C   39 1.389    C   35 1.310    N   41 0.987    C   37 0.101
    41  N   3.451    C   53 1.056    C   42 1.046    C   40 0.987
    42  C   3.927    C   43 1.371    C   47 1.268    N   41 1.046    C   45 0.091
    43  C   3.969    C   44 1.450    C   42 1.371    H   90 0.943    C   46 0.102
    44  C   3.953    C   43 1.450    C   45 1.394    H   91 0.944    C   47 0.090
    45  C   3.969    C   46 1.459    C   44 1.394    H   92 0.944    C   42 0.091
    46  C   3.961    C   45 1.459    C   47 1.351    H   93 0.945    C   43 0.102
    47  C   3.955    C   46 1.351    C   42 1.268    C   48 1.086    C   44 0.090
    48  C   3.954    C   49 1.353    C   53 1.266    C   47 1.086    C   51 0.090
    49  C   3.961    C   50 1.460    C   48 1.353    H   94 0.945    C   52 0.102
    50  C   3.969    C   49 1.460    C   51 1.393    H   95 0.945    C   53 0.091
    51  C   3.954    C   52 1.453    C   50 1.393    H   96 0.945    C   48 0.090
    52  C   3.967    C   51 1.453    C   53 1.367    H   97 0.943    C   49 0.102
    53  C   3.928    C   52 1.367    C   48 1.266    N   41 1.056    C   50 0.091
    54  C   3.941    C   34 1.507    C   12 1.150    C   55 0.984    O   56 0.065    S   33 0.060
    55  C   3.914    O   56 1.789    N    9 1.036    C   54 0.984
    56  O   2.168    C   55 1.789    N    9 0.146    C   54 0.065
    57  H   0.999    C    1 0.984
    58  H   0.999    C    1 0.980
    59  H   0.999    C    1 0.981
    60  H   0.999    C    2 0.969
    61  H   0.998    C    2 0.968
    62  H   0.999    C    3 0.967
    63  H   0.999    C    3 0.968
    64  H   0.999    C    4 0.969
    65  H   0.999    C    4 0.966
    66  H   0.999    C    5 0.967
    67  H   0.999    C    5 0.970
    68  H   0.998    C    6 0.967
    69  H   0.998    C    6 0.967
    70  H   0.999    C    7 0.965
    71  H   0.999    C    7 0.967
    72  H   0.997    C    8 0.967
    73  H   0.997    C    8 0.968
    74  H   0.997    C   15 0.943
    75  H   0.996    C   16 0.944
    76  H   0.995    C   17 0.944
    77  H   0.996    C   18 0.943
    78  H   0.997    C   22 0.943
    79  H   0.997    C   23 0.945
    80  H   0.997    C   24 0.945
    81  H   0.997    C   25 0.945
    82  H   0.997    C   28 0.945
    83  H   0.997    C   29 0.945
    84  H   0.997    C   30 0.945
    85  H   0.997    C   31 0.944
    86  H   0.997    C   36 0.942
    87  H   0.996    C   37 0.944
    88  H   0.994    C   38 0.944
    89  H   0.996    C   39 0.943
    90  H   0.997    C   43 0.943
    91  H   0.997    C   44 0.944
    92  H   0.997    C   45 0.944
    93  H   0.997    C   46 0.945
    94  H   0.997    C   49 0.945
    95  H   0.997    C   50 0.945
    96  H   0.997    C   51 0.945
    97  H   0.997    C   52 0.943
 
 --------------------------------------------
          xTB calculation for sTDA...
 --------------------------------------------
 
 reading parameter file /home/penavora/Exe_xtb_crest/.param_stda2.xtb
 
      method parameters     
 k(s)        :  1.6000
 k(p)        :  2.1800
 k(d)        :  1.9500
 k(f)        :  2.0000
 k(R-V)      :  2.2750
 k(R-R)      :  1.7650
 Tscal       :  0.2580
 Gscal       :  1.0000
 fpol        :  1.0000
 Zcnf        :  0.3430
 Zqf         :  0.0000
 kcn         :  2.7000
 Ryd Hsplit  :  0.7000
 lshift(virt):  3.1000
 lshift(OS)  :  0.2000
 wllscaling  :  2.6000
 
 mowrcut     : 3.000
 
  Z AO/shell   Hii/eV     exponent
  1     Sun Feb 14 09:53:25 CET 2016    EN: 2.327 GAM: 0.473  GM3: 0.0000
     1s    -14.339618    1.220000
     2sp    -3.348946    0.600000
  6     Sun Feb 14 09:53:25 CET 2016    EN: 2.731 GAM: 0.422  GM3: 0.0000
     2s    -22.009312    1.565095
     2p    -13.020408    1.596905
     3sp    -3.914040    0.824500
  7     Sun Feb 14 09:53:25 CET 2016    EN: 3.573 GAM: 0.504  GM3: 0.0000
     2s    -25.722000    2.064844
     2p    -18.684912    1.801692
     3sp    -4.344791    0.921400
  8     Sun Feb 14 09:53:25 CET 2016    EN: 3.700 GAM: 0.587  GM3: 0.0000
     2s    -33.859000    2.418661
     2p    -22.175911    1.973969
     3sp    -4.259392    1.013700
 16     Sun Feb 21 16:35:57 CET 2016    EN: 1.915 GAM: 0.200  GM3: 0.0000
     3s    -17.898811    2.619580
     3p    -15.317401    1.798798
     4sp    -4.455139    0.843200
 
 Nbf   :          653
 T(el) :     0.0
 calculating S/T integrals ...
 cpu time for ints    5.80535400000000     
 Nao   :          653
 making H0...
 making H1...
 cpu time for H      1.363899999999951E-002
 solving ...
 cpu time for diag   0.861471000000000     
 
 gap (eV)           :   6.785
 Koopmans IP (eV)   :  14.022
 Eel (Eh)           :  -234.691341

          eigenvalues
 #    :         125        126        127        128        129        130        131        132
 occ. :        2.000      2.000      2.000      2.000      2.000      2.000      2.000      2.000
 eps  :       -16.646    -16.586    -16.369    -16.359    -16.162    -15.985    -15.897    -15.436
 #    :         133        134        135        136        137        138        139        140
 occ. :        2.000      2.000      2.000      2.000      2.000      0.000      0.000      0.000
 eps  :       -14.936    -14.819    -14.637    -14.040    -14.024     -7.238     -7.120     -6.418
 #    :         141        142        143        144        145        146        147        148
 occ. :        0.000      0.000      0.000      0.000      0.000      0.000      0.000      0.000
 eps  :        -6.389     -6.058     -6.032     -5.819     -5.556     -5.508     -5.353     -5.076
                            1  SCC done.
 writing mo output ...
 molden style : F
 
speedup 14.11
cpu  time for all   14.25 s
wall time for all    1.01 s
