 
        ______________________________________
       |                                      |
       |          ===================         |
       |             xTB for sTDA             |
       |          ===================         |
       |               S. Grimme              |
       |        Universitaet Bonn, MCTC       |
       |         2015-19, Version 1.0         |
       |     Wed Apr  3 09:14:55 CEST 2019    |
       |______________________________________|
 
        This code comes without any warranty
        for non-commercial, academia use only.
        Preliminary test version.
        Cite this work as:
        S. Grimme  &  C. Bannwarth, JCP 145 (2016) 054103
        if GBSA is used additionally:
        P. Shushkov, F. März, C. Bannwarth, S. Grimme, unpublished.
 
        with help from
        P. Shushkov, G. Brandenburg, S. Dohm, J. Pisarek,
        F. März, M. Checinski, S. Ehrlich, S. Spicher, 
        P. Pracht, E. Caldeweyher, S. Ehlert, and C. Bannwarth.
 
        usage        :
        xtb4stda <coord_file> [options]
        where <coord_file> is a valid file of TM)
        (*coord, Bohr) or xmol (*xyz, Angstroem)
        format.

        options:
        -chrg <int>   : molecular charge
        -uhf  <int>   : # of unpaired electrons(=2*S)
        -nox          : skip second, extended part in sTDA-xTB
        -pop          : do population analysis
                      : (default for -nox)
        -mowr <real>  : cut MO write above (def.3 Eh)
        -molden       : write formatted molden file
        -parx <file>  : read parameters for sTDA-xTB
                        calc (def:~/.param_stda2.xtb)
        -parv <file>  : read parameters for vTB part in
                        sTDA-xTB (def: ~/.param_stda1.xtb)
        -xtemp <real> : el. temp for xTB (def. 0 K)
        -etemp <real> : el. temp for GFN (def. 300 K)
        -fod          : calculate the FOD and write
                        molden.input file with
                        appropriate occupations
                        for plotting. Def. T=12500 K
 
        -acc <real>   : xTB accuracy (def. 1.0)
        -gbsa [string1] [string2]
                        use GBSA implicit solvent
                        for solvent [string1] and
                        solvation state [string2]=
                        reference, bar1M (default=1M)
        additional GFN/opt/MD/siman options read from
        $XTB4STDAHOME/.xtb4stdarc or $set in input
 
       spin and charge state information can be on:
       <.CHRG> (charge) and <.UHF> (=nalpha-nbeta)
       -uhf and -chrg override the file info.
       useful machine settings:
       setenv MKL_NUM_THREADS <NCORE_ON_YOUR_MACHINE>
       setenv OMP_STACKSIZE 500m
       limit stacksize unlimited
 
       total energies in Eh, gaps/HL energies in eV
       please read REVISION and HOWTO files carefully
 =============================
  # OMP threads =          48
 =============================
 
 xtb4stdahome directory:/home/penavora/Exe_xtb_crest/
 
 argument            1 :--gbsa
 argument            2 :toluene
 
 name of molecule           :
 comment line               :
 number of atoms            :    93
 number of electrons        :   262
 charge                     :  0
 spin                       : 0.0
 first test random number   :  0.2228
 
 -----------------------------------------
      charge density (VTB) calculation
 -----------------------------------------
 
      method parameters     
 k(s)        :  1.8000
 k(p)        :  2.8350
 k(d)        :  2.0860
 k(f)        :  2.0000
 Tscal       :  0.3300
 Gscal       :  0.3910
 fpol        :  1.0000
 Zcnf        :  0.6500
 Zqf         :  0.0000
 kcn         :  0.3000
 kEN1        : -0.5900
 wllscal     :  2.6000
 
 Solvent             : toluene
 GBSA parameter file : /home/penavora/Exe_xtb_crest/.param_gbsa_toluene
 Gsolv ref. state (COSMO-RS): gsolv [1 M gas/solution]
 temperature (mdtemp)       :    298.150000000000     
 dielectric constant        :    7.00000000000000     
 rho                        :   0.867000000000000     
 mass                       :    92.1400000000000     
 surface tension            :    15.5689470637553     
 probe radius               :   0.641644990000000     
 vdW radii scaling          :    1.00000000000000     
 Gshift (Eh)                :   4.228772547061559E-003
 c1                         :    1.59772343000000     
 soset                      :   0.281999450000000     
 HB correction              :  F
 
 doing EN charges ...
 sum q :  0.3330669D-14
 point charge moment (au)
     X       Y       Z   
  -0.0963   0.0723  -0.0069  total (Debye):    0.306
 
            Z      q(EN)   CN      Cart. coordinates
     1  C   4.0  -0.245   4.106     8.27788    -5.84023     1.33768
     2  C   4.0  -0.032   4.142     5.81025    -6.59677     2.67911
     3  C   4.0  -0.244   4.106     6.39852    -8.06534     5.12474
     4  C   4.0   0.010   3.302     4.27949    -8.30425     0.96417
     5  C   4.0  -0.072   3.199     5.31897   -10.58371     0.17813
     6  C   4.0  -0.072   3.140     3.97937   -12.30467    -1.25774
     7  C   4.0  -0.072   3.145     1.49417   -11.77777    -1.87319
     8  C   4.0  -0.070   3.202     0.42128    -9.52355    -1.12498
     9  C   4.0   0.093   3.299     1.80803    -7.72351     0.22703
    10  N   5.0  -0.311   3.247     0.69169    -5.43423     0.90194
    11  C   4.0   0.082   3.286    -1.76891    -4.88185     0.04346
    12  C   4.0  -0.069   3.189    -2.29412    -4.76577    -2.53822
    13  C   4.0  -0.071   3.184    -4.70495    -4.23492    -3.37106
    14  C   4.0  -0.002   3.218    -6.62764    -3.71010    -1.64650
    15  C   4.0   0.102   3.165    -9.15426    -3.00229    -2.58065
    16  O   6.0  -0.103   1.060   -10.17878    -3.99653    -4.38911
    17  C   4.0   0.097   3.277   -10.34435    -0.82612    -1.23245
    18  C   4.0  -0.068   3.170   -12.94798    -0.42198    -1.29027
    19  C   4.0  -0.071   3.148   -13.90218     1.70397    -0.09358
    20  C   4.0  -0.068   3.176   -12.23429     3.35972     1.05885
    21  C   4.0   0.099   3.269    -9.65060     2.82039     0.97549
    22  C   4.0   0.100   3.161    -7.80998     4.58002     2.19953
    23  O   6.0  -0.102   1.067    -8.50380     5.92659     3.94704
    24  C   4.0  -0.001   3.204    -5.19939     4.61201     1.24901
    25  C   4.0  -0.072   3.186    -4.51272     3.76723    -1.15520
    26  C   4.0  -0.069   3.182    -2.02612     3.85104    -1.93473
    27  C   4.0   0.085   3.277    -0.14834     4.78957    -0.33823
    28  N   5.0  -0.311   3.255     2.40602     4.94512    -1.04569
    29  C   4.0   0.091   3.307     3.82444     2.86190    -1.83087
    30  C   4.0  -0.070   3.195     2.70439     0.56088    -2.45074
    31  C   4.0  -0.073   3.152     4.13969    -1.40457    -3.39320
    32  C   4.0  -0.072   3.144     6.70805    -1.10040    -3.74663
    33  C   4.0  -0.072   3.188     7.85267     1.12532    -2.98492
    34  C   4.0   0.009   3.317     6.46623     3.09786    -1.96562
    35  C   4.0  -0.032   4.147     7.69555     5.39603    -0.77008
    36  C   4.0  -0.244   4.098    10.44895     5.75508    -1.57170
    37  C   4.0  -0.244   4.120     7.63319     4.98967     2.11976
    38  C   4.0   0.010   3.310     6.07210     7.67596    -1.35947
    39  C   4.0  -0.072   3.184     7.03797    10.06793    -1.81815
    40  C   4.0  -0.072   3.143     5.46625    12.12891    -2.17504
    41  C   4.0  -0.072   3.144     2.87306    11.80967    -2.09530
    42  C   4.0  -0.068   3.197     1.86825     9.43531    -1.69697
    43  C   4.0   0.089   3.335     3.44696     7.35909    -1.31456
    44  C   4.0  -0.068   3.192    -0.84793     5.74009     2.02703
    45  C   4.0  -0.072   3.190    -3.32486     5.64518     2.80618
    46  N   5.0  -0.226   2.232    -8.74806     0.75697    -0.11882
    47  C   4.0  -0.071   3.188    -6.10853    -3.83626     0.93527
    48  C   4.0  -0.068   3.190    -3.72013    -4.45912     1.76740
    49  C   4.0   0.093   3.300     1.95275    -3.69856     2.43254
    50  C   4.0  -0.070   3.208     0.83327    -1.37526     3.00953
    51  C   4.0  -0.072   3.151     2.01349     0.34336     4.57131
    52  C   4.0  -0.072   3.142     4.37156    -0.19338     5.55893
    53  C   4.0  -0.072   3.202     5.53094    -2.43923     4.90812
    54  C   4.0   0.009   3.305     4.37789    -4.21022     3.35163
    55  H   1.0   0.083   1.001     7.84210    -4.70662    -0.32071
    56  H   1.0   0.083   1.000     9.33183    -7.49896     0.74444
    57  H   1.0   0.083   1.000     9.47678    -4.73069     2.58084
    58  H   1.0   0.083   1.000     7.47764    -9.76387     4.71822
    59  H   1.0   0.082   0.999     4.64588    -8.61730     6.05069
    60  H   1.0   0.083   1.000     7.48399    -6.91081     6.42983
    61  H   1.0   0.076   1.006     7.23285   -11.04474     0.71150
    62  H   1.0   0.074   1.004     4.85049   -14.05216    -1.84908
    63  H   1.0   0.074   1.004     0.37725   -13.12255    -2.92679
    64  H   1.0   0.077   1.008    -1.53374    -9.17005    -1.58034
    65  H   1.0   0.076   1.006    -0.80099    -5.10113    -3.88667
    66  H   1.0   0.075   1.005    -5.11727    -4.14966    -5.36807
    67  H   1.0   0.075   1.004   -14.15154    -1.76343    -2.24374
    68  H   1.0   0.074   1.004   -15.90922     2.07068    -0.07199
    69  H   1.0   0.075   1.005   -12.86803     5.05307     2.00171
    70  H   1.0   0.077   1.008    -5.93606     3.09035    -2.44508
    71  H   1.0   0.076   1.006    -1.54768     3.27721    -3.83264
    72  H   1.0   0.078   1.009     0.70691     0.28072    -2.17989
    73  H   1.0   0.075   1.005     3.24287    -3.17330    -3.86982
    74  H   1.0   0.074   1.004     7.82900    -2.59885    -4.56165
    75  H   1.0   0.077   1.007     9.87297     1.28791    -3.17650
    76  H   1.0   0.083   1.000    11.56333     4.11126    -1.05050
    77  H   1.0   0.083   1.000    11.26617     7.36569    -0.59433
    78  H   1.0   0.082   0.999    10.59492     6.05452    -3.60041
    79  H   1.0   0.083   0.999     8.37046     6.65097     3.08178
    80  H   1.0   0.083   1.000     8.77949     3.35955     2.62275
    81  H   1.0   0.084   1.001     5.71408     4.64618     2.76627
    82  H   1.0   0.076   1.006     9.05182    10.36150    -1.88523
    83  H   1.0   0.074   1.004     6.26845    13.97488    -2.50976
    84  H   1.0   0.074   1.004     1.62421    13.39978    -2.37375
    85  H   1.0   0.076   1.007    -0.15636     9.18302    -1.70074
    86  H   1.0   0.076   1.006     0.58275     6.56287     3.22831
    87  H   1.0   0.075   1.005    -3.86986     6.34466     4.64503
    88  H   1.0   0.076   1.006    -7.59872    -3.51209     2.28901
    89  H   1.0   0.076   1.006    -3.33906    -4.61534     3.76611
    90  H   1.0   0.078   1.009    -0.98691    -0.89095     2.23117
    91  H   1.0   0.075   1.006     1.07377     2.10002     5.00819
    92  H   1.0   0.074   1.004     5.30779     1.12594     6.80134
    93  H   1.0   0.076   1.006     7.39364    -2.82026     5.64518
 
  Z AO/shell   Hii/eV     exponent
  1     Sat Feb 20 21:38:01 CET 2016    EN: 2.327 GAM: 0.473  GM3: 0.0000
     1s    -13.751157    1.051071
  6     Sat Feb 20 21:38:01 CET 2016    EN: 2.731 GAM: 0.422  GM3: 0.0000
     2s    -19.378245    2.021003
     2p    -11.993376    1.497917
  7     Sat Feb 20 21:38:01 CET 2016    EN: 3.573 GAM: 0.504  GM3: 0.0000
     2s    -21.576984    2.275442
     2p    -16.125120    2.056788
  8     Sat Feb 20 21:38:01 CET 2016    EN: 3.700 GAM: 0.587  GM3: 0.0000
     2s    -21.648843    2.110798
     2p    -17.239740    2.329048
 
 dipole moment of classical point charges (au)
     X       Y       Z   
  -0.0963   0.0723  -0.0069  total (Debye):    0.306

 
 Nbf   :          255
 T(el) :   300.0
 calculating S/T integrals ...
 cpu time for ints    1.21513600000000     
 Nao   :          255
 making H0...
 making H1...
 cpu time for H      0.260514000000000     
 solving ...
 cpu time for diag   0.683203000000000     
 
 gap (eV)           :   2.986
 Koopmans IP (eV)   :  12.580
 Eel (Eh)           :  -202.556802
 T,E(Fermi),NFOD :    300.000   -11.087  0.000000
 T,E(Fermi),NFOD :    300.000   -11.087  0.000000
 Nfod               :  0.0000
 Nfod/Nel           :  0.0000

          eigenvalues
 #    :         119        120        121        122        123        124        125        126
 occ. :        2.000      2.000      2.000      2.000      2.000      2.000      2.000      2.000
 eps  :       -15.396    -15.359    -15.314    -15.212    -15.151    -15.106    -15.043    -14.985
 #    :         127        128        129        130        131        132        133        134
 occ. :        2.000      2.000      2.000      2.000      2.000      0.000      0.000      0.000
 eps  :       -14.961    -14.900    -14.746    -12.717    -12.581     -9.594     -8.991     -6.664
 #    :         135        136        137        138        139        140        141        142
 occ. :        0.000      0.000      0.000      0.000      0.000      0.000      0.000      0.000
 eps  :        -6.622     -6.532     -5.685     -5.599     -5.451     -5.290     -5.231     -5.186
                            1  SCC done.
 making H1...
 cpu time for H      0.889371000000000     
 solving ...
 cpu time for diag   0.448377000000000     
 
 gap (eV)           :   3.241
 Koopmans IP (eV)   :  12.753
 Eel (Eh)           :  -203.592094
 T,E(Fermi),NFOD :    300.000   -11.132  0.000000
 T,E(Fermi),NFOD :    300.000   -11.132  0.000000
 Nfod               :  0.0000
 Nfod/Nel           :  0.0000

          eigenvalues
 #    :         119        120        121        122        123        124        125        126
 occ. :        2.000      2.000      2.000      2.000      2.000      2.000      2.000      2.000
 eps  :       -15.444    -15.335    -15.274    -15.252    -15.186    -15.132    -15.107    -15.010
 #    :         127        128        129        130        131        132        133        134
 occ. :        2.000      2.000      2.000      2.000      2.000      0.000      0.000      0.000
 eps  :       -14.910    -14.646    -14.590    -12.875    -12.754     -9.513     -9.145     -6.913
 #    :         135        136        137        138        139        140        141        142
 occ. :        0.000      0.000      0.000      0.000      0.000      0.000      0.000      0.000
 eps  :        -6.872     -6.752     -5.957     -5.798     -5.569     -5.518     -5.456     -5.373
                            2  SCC done.
 
 
 Mulliken/CM5 charges    n(s)   n(p)   n(d)   
    1 C  -0.1029 -0.2504   1.108  2.995  0.000
    2 C   0.0222  0.0021   1.224  2.753  0.000
    3 C  -0.1021 -0.2492   1.109  2.993  0.000
    4 C  -0.0202 -0.0229   1.186  2.835  0.000
    5 C  -0.0433 -0.0982   1.140  2.903  0.000
    6 C  -0.0504 -0.1069   1.132  2.918  0.000
    7 C  -0.0377 -0.0939   1.136  2.902  0.000
    8 C  -0.0555 -0.1040   1.135  2.920  0.000
    9 C   0.0493  0.1097   1.181  2.770  0.000
   10 N  -0.1166 -0.3590   1.228  3.889  0.000
   11 C   0.0606  0.1124   1.182  2.758  0.000
   12 C  -0.0199 -0.0703   1.138  2.881  0.000
   13 C  -0.0223 -0.0746   1.142  2.880  0.000
   14 C  -0.0129 -0.0161   1.171  2.841  0.000
   15 C   0.1751  0.2136   1.183  2.642  0.000
   16 O  -0.2733 -0.3189   1.630  4.643  0.000
   17 C   0.0364  0.1108   1.201  2.762  0.000
   18 C  -0.0030 -0.0498   1.150  2.853  0.000
   19 C   0.0195 -0.0341   1.146  2.834  0.000
   20 C  -0.0052 -0.0518   1.150  2.855  0.000
   21 C   0.0394  0.1144   1.200  2.760  0.000
   22 C   0.1652  0.2029   1.184  2.651  0.000
   23 O  -0.2892 -0.3371   1.629  4.660  0.000
   24 C  -0.0115 -0.0152   1.170  2.841  0.000
   25 C  -0.0199 -0.0711   1.146  2.874  0.000
   26 C  -0.0175 -0.0682   1.138  2.879  0.000
   27 C   0.0644  0.1174   1.184  2.752  0.000
   28 N  -0.1233 -0.3682   1.230  3.894  0.000
   29 C   0.0473  0.1069   1.182  2.770  0.000
   30 C  -0.0531 -0.1024   1.136  2.917  0.000
   31 C  -0.0356 -0.0923   1.135  2.900  0.000
   32 C  -0.0470 -0.1044   1.133  2.914  0.000
   33 C  -0.0426 -0.0973   1.139  2.904  0.000
   34 C  -0.0215 -0.0237   1.188  2.833  0.000
   35 C   0.0215  0.0021   1.224  2.755  0.000
   36 C  -0.0930 -0.2419   1.097  2.996  0.000
   37 C  -0.1016 -0.2474   1.113  2.989  0.000
   38 C  -0.0196 -0.0219   1.189  2.831  0.000
   39 C  -0.0425 -0.0970   1.139  2.903  0.000
   40 C  -0.0469 -0.1033   1.133  2.914  0.000
   41 C  -0.0370 -0.0931   1.136  2.901  0.000
   42 C  -0.0504 -0.0986   1.136  2.914  0.000
   43 C   0.0434  0.1028   1.183  2.773  0.000
   44 C  -0.0180 -0.0674   1.137  2.881  0.000
   45 C  -0.0218 -0.0740   1.144  2.877  0.000
   46 N  -0.2037 -0.4036   1.480  3.723  0.000
   47 C  -0.0215 -0.0727   1.142  2.879  0.000
   48 C  -0.0180 -0.0679   1.138  2.880  0.000
   49 C   0.0493  0.1096   1.181  2.770  0.000
   50 C  -0.0561 -0.1053   1.136  2.920  0.000
   51 C  -0.0365 -0.0933   1.136  2.901  0.000
   52 C  -0.0480 -0.1051   1.132  2.916  0.000
   53 C  -0.0409 -0.0959   1.139  2.902  0.000
   54 C  -0.0201 -0.0228   1.185  2.835  0.000
   55 H   0.0346  0.0901   0.965  0.000  0.000
   56 H   0.0336  0.0878   0.966  0.000  0.000
   57 H   0.0338  0.0881   0.966  0.000  0.000
   58 H   0.0335  0.0877   0.967  0.000  0.000
   59 H   0.0300  0.0839   0.970  0.000  0.000
   60 H   0.0339  0.0880   0.966  0.000  0.000
   61 H   0.0430  0.1021   0.957  0.000  0.000
   62 H   0.0392  0.0956   0.961  0.000  0.000
   63 H   0.0426  0.0991   0.957  0.000  0.000
   64 H   0.0397  0.1037   0.960  0.000  0.000
   65 H   0.0463  0.1076   0.954  0.000  0.000
   66 H   0.0459  0.1056   0.954  0.000  0.000
   67 H   0.0522  0.1123   0.948  0.000  0.000
   68 H   0.0572  0.1137   0.943  0.000  0.000
   69 H   0.0505  0.1113   0.950  0.000  0.000
   70 H   0.0535  0.1205   0.946  0.000  0.000
   71 H   0.0482  0.1090   0.952  0.000  0.000
   72 H   0.0433  0.1084   0.957  0.000  0.000
   73 H   0.0438  0.1026   0.956  0.000  0.000
   74 H   0.0390  0.0956   0.961  0.000  0.000
   75 H   0.0426  0.1018   0.957  0.000  0.000
   76 H   0.0393  0.0935   0.961  0.000  0.000
   77 H   0.0389  0.0931   0.961  0.000  0.000
   78 H   0.0342  0.0880   0.966  0.000  0.000
   79 H   0.0298  0.0835   0.970  0.000  0.000
   80 H   0.0307  0.0847   0.969  0.000  0.000
   81 H   0.0352  0.0940   0.965  0.000  0.000
   82 H   0.0442  0.1033   0.956  0.000  0.000
   83 H   0.0398  0.0963   0.960  0.000  0.000
   84 H   0.0428  0.0993   0.957  0.000  0.000
   85 H   0.0383  0.1014   0.962  0.000  0.000
   86 H   0.0441  0.1055   0.956  0.000  0.000
   87 H   0.0444  0.1059   0.956  0.000  0.000
   88 H   0.0503  0.1120   0.950  0.000  0.000
   89 H   0.0444  0.1054   0.956  0.000  0.000
   90 H   0.0416  0.1069   0.958  0.000  0.000
   91 H   0.0434  0.1020   0.957  0.000  0.000
   92 H   0.0390  0.0957   0.961  0.000  0.000
   93 H   0.0419  0.1010   0.958  0.000  0.000
 Hirshfeld charges for QMDFF written to <charges>
 
 Loewdin charges    n(s)   n(p)   n(d)
    1 C  -0.1100   1.038  3.072  0.000
    2 C   0.0329   1.183  2.784  0.000
    3 C  -0.1085   1.039  3.069  0.000
    4 C  -0.0219   1.146  2.875  0.000
    5 C  -0.0380   1.087  2.951  0.000
    6 C  -0.0447   1.078  2.967  0.000
    7 C  -0.0287   1.081  2.948  0.000
    8 C  -0.0547   1.084  2.971  0.000
    9 C   0.0444   1.145  2.810  0.000
   10 N  -0.0775   1.187  3.891  0.000
   11 C   0.0609   1.144  2.795  0.000
   12 C  -0.0180   1.086  2.932  0.000
   13 C  -0.0149   1.088  2.927  0.000
   14 C  -0.0139   1.130  2.884  0.000
   15 C   0.1662   1.148  2.686  0.000
   16 O  -0.2553   1.599  4.657  0.000
   17 C   0.0279   1.167  2.805  0.000
   18 C   0.0017   1.096  2.902  0.000
   19 C   0.0315   1.090  2.879  0.000
   20 C  -0.0005   1.097  2.904  0.000
   21 C   0.0310   1.166  2.803  0.000
   22 C   0.1565   1.149  2.695  0.000
   23 O  -0.2715   1.598  4.673  0.000
   24 C  -0.0132   1.129  2.884  0.000
   25 C  -0.0116   1.091  2.921  0.000
   26 C  -0.0157   1.086  2.930  0.000
   27 C   0.0650   1.146  2.789  0.000
   28 N  -0.0852   1.189  3.896  0.000
   29 C   0.0428   1.146  2.811  0.000
   30 C  -0.0531   1.085  2.968  0.000
   31 C  -0.0276   1.080  2.947  0.000
   32 C  -0.0412   1.079  2.962  0.000
   33 C  -0.0381   1.085  2.953  0.000
   34 C  -0.0229   1.149  2.874  0.000
   35 C   0.0324   1.182  2.785  0.000
   36 C  -0.0984   1.026  3.072  0.000
   37 C  -0.1074   1.043  3.064  0.000
   38 C  -0.0209   1.149  2.872  0.000
   39 C  -0.0377   1.086  2.952  0.000
   40 C  -0.0407   1.079  2.962  0.000
   41 C  -0.0282   1.080  2.948  0.000
   42 C  -0.0490   1.085  2.964  0.000
   43 C   0.0390   1.147  2.814  0.000
   44 C  -0.0161   1.085  2.931  0.000
   45 C  -0.0138   1.090  2.924  0.000
   46 N  -0.1815   1.445  3.736  0.000
   47 C  -0.0139   1.088  2.926  0.000
   48 C  -0.0158   1.085  2.930  0.000
   49 C   0.0445   1.145  2.811  0.000
   50 C  -0.0555   1.085  2.971  0.000
   51 C  -0.0285   1.081  2.948  0.000
   52 C  -0.0425   1.078  2.965  0.000
   53 C  -0.0360   1.086  2.950  0.000
   54 C  -0.0218   1.146  2.876  0.000
   55 H   0.0346   0.965  0.000  0.000
   56 H   0.0343   0.966  0.000  0.000
   57 H   0.0345   0.966  0.000  0.000
   58 H   0.0340   0.966  0.000  0.000
   59 H   0.0302   0.970  0.000  0.000
   60 H   0.0345   0.966  0.000  0.000
   61 H   0.0366   0.963  0.000  0.000
   62 H   0.0321   0.968  0.000  0.000
   63 H   0.0349   0.965  0.000  0.000
   64 H   0.0326   0.967  0.000  0.000
   65 H   0.0380   0.962  0.000  0.000
   66 H   0.0369   0.963  0.000  0.000
   67 H   0.0422   0.958  0.000  0.000
   68 H   0.0455   0.955  0.000  0.000
   69 H   0.0407   0.959  0.000  0.000
   70 H   0.0434   0.957  0.000  0.000
   71 H   0.0398   0.960  0.000  0.000
   72 H   0.0365   0.963  0.000  0.000
   73 H   0.0366   0.963  0.000  0.000
   74 H   0.0326   0.967  0.000  0.000
   75 H   0.0360   0.964  0.000  0.000
   76 H   0.0397   0.960  0.000  0.000
   77 H   0.0393   0.961  0.000  0.000
   78 H   0.0339   0.966  0.000  0.000
   79 H   0.0301   0.970  0.000  0.000
   80 H   0.0310   0.969  0.000  0.000
   81 H   0.0349   0.965  0.000  0.000
   82 H   0.0373   0.963  0.000  0.000
   83 H   0.0327   0.967  0.000  0.000
   84 H   0.0350   0.965  0.000  0.000
   85 H   0.0309   0.969  0.000  0.000
   86 H   0.0357   0.964  0.000  0.000
   87 H   0.0355   0.964  0.000  0.000
   88 H   0.0406   0.959  0.000  0.000
   89 H   0.0358   0.964  0.000  0.000
   90 H   0.0347   0.965  0.000  0.000
   91 H   0.0362   0.964  0.000  0.000
   92 H   0.0323   0.968  0.000  0.000
   93 H   0.0357   0.964  0.000  0.000
 
 Wiberg/Mayer (AO) data. WBOs > 0.1 written file <wbo>
 largest (>0.05) Wiberg bond orders for each atom
           total WBO             WBO to atom ...
     1  C   3.978    H   57 0.976    H   56 0.976    H   55 0.974    C    2 0.954
     2  C   3.924    C    1 0.954    C    3 0.952    C    4 0.948    C   54 0.948
     3  C   3.978    H   59 0.978    H   58 0.976    H   60 0.976    C    2 0.952
     4  C   3.944    C    5 1.399    C    9 1.336    C    2 0.948    C    7 0.103
     5  C   3.971    C    6 1.434    C    4 1.399    H   61 0.942    C    8 0.105
     6  C   3.970    C    5 1.434    C    7 1.414    H   62 0.945    C    9 0.099
     7  C   3.973    C    8 1.452    C    6 1.414    H   63 0.944    C    4 0.103
     8  C   3.967    C    7 1.452    C    9 1.356    H   64 0.940    C    5 0.105
     9  C   3.930    C    8 1.356    C    4 1.336    N   10 1.023    C    6 0.099
    10  N   3.383    C    9 1.023    C   49 1.021    C   11 0.973
    11  C   3.930    C   12 1.372    C   48 1.370    N   10 0.973    C   14 0.101
    12  C   3.969    C   13 1.453    C   11 1.372    H   65 0.942    C   47 0.100
    13  C   3.969    C   12 1.453    C   14 1.357    H   66 0.945    C   48 0.100
    14  C   3.953    C   47 1.359    C   13 1.357    C   15 0.985    C   11 0.101    O   16 0.058
    15  C   3.895    O   16 1.811    C   14 0.985    C   17 0.965
    16  O   2.119    C   15 1.811    C   17 0.059    C   14 0.058
    17  C   3.934    N   46 1.366    C   18 1.363    C   15 0.965    C   20 0.088    O   16 0.059
    18  C   3.964    C   19 1.420    C   17 1.363    H   67 0.946    C   21 0.088
    19  C   3.964    C   20 1.427    C   18 1.420    H   68 0.941    N   46 0.111
    20  C   3.964    C   19 1.427    C   21 1.356    H   69 0.946    C   17 0.088
    21  C   3.935    N   46 1.377    C   20 1.356    C   22 0.966    C   18 0.088    O   23 0.058
    22  C   3.896    O   23 1.777    C   24 1.017    C   21 0.966
    23  O   2.102    C   22 1.777    C   24 0.058    C   21 0.058
    24  C   3.953    C   25 1.351    C   45 1.333    C   22 1.017    C   27 0.097    O   23 0.058
    25  C   3.969    C   26 1.455    C   24 1.351    H   70 0.939    C   44 0.097
    26  C   3.968    C   25 1.455    C   27 1.370    H   71 0.942    C   45 0.097
    27  C   3.930    C   26 1.370    C   44 1.359    N   28 0.980    C   24 0.097
    28  N   3.358    C   29 1.014    C   43 1.008    C   27 0.980
    29  C   3.929    C   30 1.375    C   34 1.322    N   28 1.014    C   32 0.101
    30  C   3.967    C   31 1.437    C   29 1.375    H   72 0.937    C   33 0.104
    31  C   3.972    C   30 1.437    C   32 1.424    H   73 0.942    C   34 0.104
    32  C   3.969    C   31 1.424    C   33 1.421    H   74 0.943    C   29 0.101
    33  C   3.971    C   32 1.421    C   34 1.413    H   75 0.942    C   30 0.104
    34  C   3.943    C   33 1.413    C   29 1.322    C   35 0.942    C   31 0.104
    35  C   3.925    C   36 0.972    C   37 0.945    C   38 0.943    C   34 0.942
    36  C   3.981    H   78 0.979    H   77 0.977    H   76 0.977    C   35 0.972
    37  C   3.978    H   79 0.977    H   80 0.977    H   81 0.975    C   35 0.945
    38  C   3.943    C   39 1.405    C   43 1.332    C   35 0.943    C   41 0.103
    39  C   3.971    C   40 1.427    C   38 1.405    H   82 0.942    C   42 0.105
    40  C   3.970    C   39 1.427    C   41 1.421    H   83 0.945    C   43 0.102
    41  C   3.973    C   42 1.443    C   40 1.421    H   84 0.944    C   38 0.103
    42  C   3.967    C   41 1.443    C   43 1.370    H   85 0.943    C   39 0.105
    43  C   3.929    C   42 1.370    C   38 1.332    N   28 1.008    C   40 0.102
    44  C   3.969    C   45 1.472    C   27 1.359    H   86 0.943    C   25 0.097
    45  C   3.968    C   44 1.472    C   24 1.333    H   87 0.944    C   26 0.097
    46  N   3.092    C   21 1.377    C   17 1.366    C   19 0.111
    47  C   3.970    C   48 1.455    C   14 1.359    H   88 0.943    C   12 0.100
    48  C   3.970    C   47 1.455    C   11 1.370    H   89 0.944    C   13 0.100
    49  C   3.930    C   50 1.356    C   54 1.336    N   10 1.021    C   52 0.099
    50  C   3.967    C   51 1.451    C   49 1.356    H   90 0.939    C   53 0.105
    51  C   3.973    C   50 1.451    C   52 1.414    H   91 0.941    C   54 0.103
    52  C   3.970    C   53 1.434    C   51 1.414    H   92 0.944    C   49 0.099
    53  C   3.971    C   52 1.434    C   54 1.399    H   93 0.942    C   50 0.105
    54  C   3.944    C   53 1.399    C   49 1.336    C    2 0.948    C   51 0.103
    55  H   0.999    C    1 0.974
    56  H   0.997    C    1 0.976
    57  H   0.997    C    1 0.976
    58  H   0.997    C    3 0.976
    59  H   0.999    C    3 0.978
    60  H   0.997    C    3 0.976
    61  H   0.997    C    5 0.942
    62  H   0.997    C    6 0.945
    63  H   0.994    C    7 0.944
    64  H   0.997    C    8 0.940
    65  H   0.996    C   12 0.942
    66  H   0.997    C   13 0.945
    67  H   0.995    C   18 0.946
    68  H   0.992    C   19 0.941
    69  H   0.997    C   20 0.946
    70  H   0.996    C   25 0.939
    71  H   0.996    C   26 0.942
    72  H   0.997    C   30 0.937
    73  H   0.994    C   31 0.942
    74  H   0.996    C   32 0.943
    75  H   0.997    C   33 0.942
    76  H   0.997    C   36 0.977
    77  H   0.997    C   36 0.977
    78  H   0.999    C   36 0.979
    79  H   0.997    C   37 0.977
    80  H   0.997    C   37 0.977
    81  H   0.999    C   37 0.975
    82  H   0.997    C   39 0.942
    83  H   0.996    C   40 0.945
    84  H   0.994    C   41 0.944
    85  H   0.997    C   42 0.943
    86  H   0.996    C   44 0.943
    87  H   0.997    C   45 0.944
    88  H   0.997    C   47 0.943
    89  H   0.996    C   48 0.944
    90  H   0.997    C   50 0.939
    91  H   0.994    C   51 0.941
    92  H   0.997    C   52 0.944
    93  H   0.997    C   53 0.942
 
 --------------------------------------------
          xTB calculation for sTDA...
 --------------------------------------------
 
 reading parameter file /home/penavora/Exe_xtb_crest/.param_stda2.xtb
 
      method parameters     
 k(s)        :  1.6000
 k(p)        :  2.1800
 k(d)        :  1.9500
 k(f)        :  2.0000
 k(R-V)      :  2.2750
 k(R-R)      :  1.7650
 Tscal       :  0.2580
 Gscal       :  1.0000
 fpol        :  1.0000
 Zcnf        :  0.3430
 Zqf         :  0.0000
 kcn         :  2.7000
 Ryd Hsplit  :  0.7000
 lshift(virt):  3.1000
 lshift(OS)  :  0.2000
 wllscaling  :  2.6000
 
 mowrcut     : 3.000
 
  Z AO/shell   Hii/eV     exponent
  1     Sun Feb 14 09:53:25 CET 2016    EN: 2.327 GAM: 0.473  GM3: 0.0000
     1s    -14.339618    1.220000
     2sp    -3.348946    0.600000
  6     Sun Feb 14 09:53:25 CET 2016    EN: 2.731 GAM: 0.422  GM3: 0.0000
     2s    -22.009312    1.565095
     2p    -13.020408    1.596905
     3sp    -3.914040    0.824500
  7     Sun Feb 14 09:53:25 CET 2016    EN: 3.573 GAM: 0.504  GM3: 0.0000
     2s    -25.722000    2.064844
     2p    -18.684912    1.801692
     3sp    -4.344791    0.921400
  8     Sun Feb 14 09:53:25 CET 2016    EN: 3.700 GAM: 0.587  GM3: 0.0000
     2s    -33.859000    2.418661
     2p    -22.175911    1.973969
     3sp    -4.259392    1.013700
 
 Nbf   :          627
 T(el) :     0.0
 calculating S/T integrals ...
 cpu time for ints    7.88930200000000     
 Nao   :          627
 making H0...
 making H1...
 cpu time for H       1.29104700000000     
 solving ...
 cpu time for diag    1.28508500000000     
 
 gap (eV)           :   5.201
 Koopmans IP (eV)   :  13.307
 Eel (Eh)           :  -225.472307

          eigenvalues
 #    :         119        120        121        122        123        124        125        126
 occ. :        2.000      2.000      2.000      2.000      2.000      2.000      2.000      2.000
 eps  :       -16.345    -16.324    -16.187    -16.127    -15.948    -15.847    -15.824    -15.761
 #    :         127        128        129        130        131        132        133        134
 occ. :        2.000      2.000      2.000      2.000      2.000      0.000      0.000      0.000
 eps  :       -15.678    -15.515    -15.481    -13.398    -13.308     -8.106     -7.828     -6.369
 #    :         135        136        137        138        139        140        141        142
 occ. :        0.000      0.000      0.000      0.000      0.000      0.000      0.000      0.000
 eps  :        -6.187     -5.894     -5.870     -5.571     -5.540     -5.508     -5.486     -5.364
                            1  SCC done.
 writing mo output ...
 molden style : F
 
speedup 17.52
cpu  time for all   15.59 s
wall time for all    0.89 s
