 
        ______________________________________
       |                                      |
       |          ===================         |
       |             xTB for sTDA             |
       |          ===================         |
       |               S. Grimme              |
       |        Universitaet Bonn, MCTC       |
       |         2015-19, Version 1.0         |
       |     Wed Apr  3 09:14:55 CEST 2019    |
       |______________________________________|
 
        This code comes without any warranty
        for non-commercial, academia use only.
        Preliminary test version.
        Cite this work as:
        S. Grimme  &  C. Bannwarth, JCP 145 (2016) 054103
        if GBSA is used additionally:
        P. Shushkov, F. März, C. Bannwarth, S. Grimme, unpublished.
 
        with help from
        P. Shushkov, G. Brandenburg, S. Dohm, J. Pisarek,
        F. März, M. Checinski, S. Ehrlich, S. Spicher, 
        P. Pracht, E. Caldeweyher, S. Ehlert, and C. Bannwarth.
 
        usage        :
        xtb4stda <coord_file> [options]
        where <coord_file> is a valid file of TM)
        (*coord, Bohr) or xmol (*xyz, Angstroem)
        format.

        options:
        -chrg <int>   : molecular charge
        -uhf  <int>   : # of unpaired electrons(=2*S)
        -nox          : skip second, extended part in sTDA-xTB
        -pop          : do population analysis
                      : (default for -nox)
        -mowr <real>  : cut MO write above (def.3 Eh)
        -molden       : write formatted molden file
        -parx <file>  : read parameters for sTDA-xTB
                        calc (def:~/.param_stda2.xtb)
        -parv <file>  : read parameters for vTB part in
                        sTDA-xTB (def: ~/.param_stda1.xtb)
        -xtemp <real> : el. temp for xTB (def. 0 K)
        -etemp <real> : el. temp for GFN (def. 300 K)
        -fod          : calculate the FOD and write
                        molden.input file with
                        appropriate occupations
                        for plotting. Def. T=12500 K
 
        -acc <real>   : xTB accuracy (def. 1.0)
        -gbsa [string1] [string2]
                        use GBSA implicit solvent
                        for solvent [string1] and
                        solvation state [string2]=
                        reference, bar1M (default=1M)
        additional GFN/opt/MD/siman options read from
        $XTB4STDAHOME/.xtb4stdarc or $set in input
 
       spin and charge state information can be on:
       <.CHRG> (charge) and <.UHF> (=nalpha-nbeta)
       -uhf and -chrg override the file info.
       useful machine settings:
       setenv MKL_NUM_THREADS <NCORE_ON_YOUR_MACHINE>
       setenv OMP_STACKSIZE 500m
       limit stacksize unlimited
 
       total energies in Eh, gaps/HL energies in eV
       please read REVISION and HOWTO files carefully
 =============================
  # OMP threads =          48
 =============================
 
 xtb4stdahome directory:/home/penavora/Exe_xtb_crest/
 
 argument            1 :--gbsa
 argument            2 :toluene
 
 name of molecule           :
 comment line               :
 number of atoms            :    85
 number of electrons        :   236
 charge                     :  0
 spin                       : 0.0
 first test random number   :  0.8823
 
 -----------------------------------------
      charge density (VTB) calculation
 -----------------------------------------
 
      method parameters     
 k(s)        :  1.8000
 k(p)        :  2.8350
 k(d)        :  2.0860
 k(f)        :  2.0000
 Tscal       :  0.3300
 Gscal       :  0.3910
 fpol        :  1.0000
 Zcnf        :  0.6500
 Zqf         :  0.0000
 kcn         :  0.3000
 kEN1        : -0.5900
 wllscal     :  2.6000
 
 Solvent             : toluene
 GBSA parameter file : /home/penavora/Exe_xtb_crest/.param_gbsa_toluene
 Gsolv ref. state (COSMO-RS): gsolv [1 M gas/solution]
 temperature (mdtemp)       :    298.150000000000     
 dielectric constant        :    7.00000000000000     
 rho                        :   0.867000000000000     
 mass                       :    92.1400000000000     
 surface tension            :    15.5689470637553     
 probe radius               :   0.641644990000000     
 vdW radii scaling          :    1.00000000000000     
 Gshift (Eh)                :   4.228772547061559E-003
 c1                         :    1.59772343000000     
 soset                      :   0.281999450000000     
 HB correction              :  F
 
 doing EN charges ...
 sum q : -0.3108624D-14
 point charge moment (au)
     X       Y       Z   
  -0.1172  -0.0394  -0.5339  total (Debye):    1.393
 
            Z      q(EN)   CN      Cart. coordinates
     1  C   4.0  -0.252   4.050   -13.90318    -9.22819     1.96514
     2  C   4.0   0.008   3.149   -12.56647    -6.79712     1.39058
     3  C   4.0  -0.073   3.180   -13.50371    -5.10213    -0.38102
     4  C   4.0  -0.069   3.188   -12.25969    -2.86952    -0.91248
     5  C   4.0   0.089   3.270   -10.03031    -2.25105     0.35017
     6  N   5.0  -0.311   3.253    -8.72750    -0.01315    -0.16046
     7  C   4.0   0.089   3.270    -9.96740     2.20189    -0.88505
     8  C   4.0  -0.069   3.188   -12.38687     2.77993    -0.01114
     9  C   4.0  -0.073   3.181   -13.55959     4.99438    -0.73886
    10  C   4.0   0.008   3.149   -12.36754     6.71119    -2.32931
    11  C   4.0  -0.252   4.050   -13.65769     9.09958    -3.14020
    12  C   4.0  -0.073   3.182    -9.94697     6.13672    -3.17441
    13  C   4.0  -0.068   3.194    -8.76048     3.92052    -2.47888
    14  C   4.0   0.084   3.338    -6.07128     0.01505     0.07526
    15  C   4.0   0.001   3.278    -4.59865    -1.61326    -1.42422
    16  C   4.0  -0.072   3.185    -5.68512    -3.23102    -3.26539
    17  C   4.0  -0.072   3.137    -4.23398    -4.82725    -4.66786
    18  C   4.0  -0.072   3.135    -1.60049    -4.92440    -4.29540
    19  C   4.0  -0.073   3.184    -0.47753    -3.35954    -2.59081
    20  C   4.0  -0.003   3.280    -1.91182    -1.61605    -1.13994
    21  C   4.0  -0.002   3.285    -0.75719     0.07087     0.54643
    22  C   4.0  -0.005   3.240     2.02646     0.09896     0.79707
    23  C   4.0  -0.071   3.189     3.53216     1.02663    -1.15330
    24  C   4.0  -0.079   3.253     6.13365     1.06262    -0.92608
    25  C   4.0  -0.021   3.169     7.26637     0.15923     1.26314
    26  P   5.0   0.253   4.860    10.67490     0.07107     1.73091
    27  O   6.0  -0.178   1.021    11.40793     0.25319     4.41544
    28  C   4.0  -0.021   3.170    11.96638     2.62224    -0.18974
    29  C   4.0  -0.081   3.256    12.43750     2.38003    -2.76074
    30  C   4.0  -0.071   3.146    13.40982     4.40754    -4.09579
    31  C   4.0  -0.074   3.146    13.91313     6.66929    -2.87394
    32  C   4.0  -0.070   3.144    13.45223     6.90934    -0.30695
    33  C   4.0  -0.083   3.305    12.47973     4.88629     1.03353
    34  C   4.0  -0.021   3.170    11.74448    -2.84518     0.24133
    35  C   4.0  -0.083   3.306    13.91899    -3.94465     1.21465
    36  C   4.0  -0.070   3.144    14.86292    -6.14170     0.15763
    37  C   4.0  -0.074   3.146    13.63035    -7.24301    -1.87401
    38  C   4.0  -0.071   3.146    11.45268    -6.15405    -2.84002
    39  C   4.0  -0.081   3.256    10.50371    -3.95624    -1.78732
    40  C   4.0  -0.082   3.306     5.77750    -0.76141     3.21905
    41  C   4.0  -0.069   3.188     3.17716    -0.78996     2.99186
    42  C   4.0  -0.004   3.280    -2.22518     1.72969     2.00131
    43  C   4.0  -0.072   3.184    -1.10467     3.49642     3.68220
    44  C   4.0  -0.072   3.135    -2.54307     5.02915     5.16471
    45  C   4.0  -0.072   3.137    -5.19846     4.87640     5.06784
    46  C   4.0  -0.072   3.185    -6.34670     3.25633     3.43143
    47  C   4.0   0.001   3.278    -4.91957     1.66981     1.80877
    48  C   4.0  -0.068   3.193    -9.07665    -3.95042     2.12746
    49  C   4.0  -0.073   3.182   -10.32728    -6.18353     2.62359
    50  H   1.0   0.082   0.999   -15.64862    -9.37924     0.89206
    51  H   1.0   0.080   0.999   -14.35073    -9.34681     3.97160
    52  H   1.0   0.080   0.999   -12.70279   -10.83445     1.49506
    53  H   1.0   0.074   1.005   -15.22955    -5.53809    -1.38361
    54  H   1.0   0.076   1.006   -13.00356    -1.60218    -2.33033
    55  H   1.0   0.076   1.006   -13.33343     1.49728     1.26507
    56  H   1.0   0.074   1.005   -15.43336     5.40390    -0.03521
    57  H   1.0   0.081   0.999   -15.18111     9.58570    -1.84939
    58  H   1.0   0.081   0.999   -12.32085    10.66047    -3.21429
    59  H   1.0   0.080   0.999   -14.46212     8.86596    -5.02410
    60  H   1.0   0.074   1.005    -8.97662     7.44214    -4.41034
    61  H   1.0   0.076   1.006    -6.88220     3.50585    -3.16387
    62  H   1.0   0.077   1.008    -7.70162    -3.17622    -3.55917
    63  H   1.0   0.074   1.004    -5.09604    -6.03672    -6.06803
    64  H   1.0   0.074   1.004    -0.48164    -6.24016    -5.38365
    65  H   1.0   0.076   1.007     1.54205    -3.42705    -2.30763
    66  H   1.0   0.075   1.005     2.64457     1.73571    -2.85022
    67  H   1.0   0.076   1.008     7.28653     1.80890    -2.43748
    68  H   1.0   0.076   1.008    12.06366     0.60652    -3.70202
    69  H   1.0   0.074   1.004    13.78170     4.22118    -6.09444
    70  H   1.0   0.074   1.004    14.67602     8.24459    -3.92379
    71  H   1.0   0.074   1.004    13.85286     8.66817     0.64859
    72  H   1.0   0.077   1.010    12.12328     5.01861     3.04168
    73  H   1.0   0.077   1.010    14.83533    -3.05825     2.81219
    74  H   1.0   0.074   1.004    16.55513    -6.99408     0.91709
    75  H   1.0   0.074   1.004    14.36343    -8.95910    -2.70079
    76  H   1.0   0.074   1.004    10.48798    -7.02300    -4.41555
    77  H   1.0   0.076   1.008     8.79641    -3.11081    -2.52322
    78  H   1.0   0.077   1.010     6.69371    -1.43261     4.91824
    79  H   1.0   0.075   1.005     2.01957    -1.50967     4.51231
    80  H   1.0   0.076   1.007     0.93162     3.60425     3.76553
    81  H   1.0   0.074   1.004    -1.65931     6.36068     6.43501
    82  H   1.0   0.074   1.004    -6.31802     6.06078     6.29670
    83  H   1.0   0.077   1.008    -8.38175     3.15802     3.36744
    84  H   1.0   0.076   1.006    -7.34658    -3.50318     3.11568
    85  H   1.0   0.074   1.005    -9.55861    -7.47268     4.00946
 
  Z AO/shell   Hii/eV     exponent
  1     Sat Feb 20 21:38:01 CET 2016    EN: 2.327 GAM: 0.473  GM3: 0.0000
     1s    -13.751157    1.051071
  6     Sat Feb 20 21:38:01 CET 2016    EN: 2.731 GAM: 0.422  GM3: 0.0000
     2s    -19.378245    2.021003
     2p    -11.993376    1.497917
  7     Sat Feb 20 21:38:01 CET 2016    EN: 3.573 GAM: 0.504  GM3: 0.0000
     2s    -21.576984    2.275442
     2p    -16.125120    2.056788
  8     Sat Feb 20 21:38:01 CET 2016    EN: 3.700 GAM: 0.587  GM3: 0.0000
     2s    -21.648843    2.110798
     2p    -17.239740    2.329048
 15     Sat Feb 20 23:13:41 CET 2016    EN: 2.235 GAM: 0.347  GM3: 0.0000
     3s    -16.887204    2.722003
     3p    -14.235194    1.529152
     3d      0.824249    1.529152
 
 dipole moment of classical point charges (au)
     X       Y       Z   
  -0.1172  -0.0394  -0.5339  total (Debye):    1.393

 
 Nbf   :          238
 T(el) :   300.0
 calculating S/T integrals ...
 cpu time for ints    2.10675500000000     
 Nao   :          237
 making H0...
 making H1...
 cpu time for H      0.377101000000001     
 solving ...
 cpu time for diag   0.749099000000000     
 
 gap (eV)           :   0.743
 Koopmans IP (eV)   :  12.460
 Eel (Eh)           :  -183.705382
 T,E(Fermi),NFOD :    300.000   -12.089  0.000001
 T,E(Fermi),NFOD :    300.000   -12.089  0.000001
 Nfod               :  0.0000
 Nfod/Nel           :  0.0000

          eigenvalues
 #    :         106        107        108        109        110        111        112        113
 occ. :        2.000      2.000      2.000      2.000      2.000      2.000      2.000      2.000
 eps  :       -15.570    -15.558    -15.544    -15.489    -15.447    -15.429    -15.422    -15.392
 #    :         114        115        116        117        118        119        120        121
 occ. :        2.000      2.000      2.000      2.000      2.000      0.000      0.000      0.000
 eps  :       -15.137    -14.971    -14.786    -13.344    -12.461    -11.718     -8.452     -6.779
 #    :         122        123        124        125        126        127        128        129
 occ. :        0.000      0.000      0.000      0.000      0.000      0.000      0.000      0.000
 eps  :        -6.461     -6.448     -5.925     -5.759     -5.603     -5.466     -5.458     -5.399
                            1  SCC done.
 making H1...
 cpu time for H      0.940612000000000     
 solving ...
 cpu time for diag   0.384055000000000     
 
 gap (eV)           :   0.575
 Koopmans IP (eV)   :  12.412
 Eel (Eh)           :  -183.733598
 T,E(Fermi),NFOD :    300.000   -12.124  0.000029
 T,E(Fermi),NFOD :    300.000   -12.124  0.000029
 Nfod               :  0.0001
 Nfod/Nel           :  0.0000

          eigenvalues
 #    :         106        107        108        109        110        111        112        113
 occ. :        2.000      2.000      2.000      2.000      2.000      2.000      2.000      2.000
 eps  :       -15.643    -15.632    -15.586    -15.465    -15.391    -15.351    -15.292    -15.107
 #    :         114        115        116        117        118        119        120        121
 occ. :        2.000      2.000      2.000      2.000      2.000      0.000      0.000      0.000
 eps  :       -15.086    -15.008    -14.768    -13.325    -12.413    -11.837     -8.502     -6.856
 #    :         122        123        124        125        126        127        128        129
 occ. :        0.000      0.000      0.000      0.000      0.000      0.000      0.000      0.000
 eps  :        -6.688     -6.612     -6.102     -5.795     -5.630     -5.550     -5.540     -5.524
                            2  SCC done.
 
 
 Mulliken/CM5 charges    n(s)   n(p)   n(d)   
    1 C  -0.0831 -0.2285   1.079  3.004  0.000
    2 C  -0.0065 -0.0245   1.176  2.831  0.000
    3 C  -0.0494 -0.1035   1.138  2.911  0.000
    4 C  -0.0473 -0.0969   1.136  2.911  0.000
    5 C   0.0509  0.1058   1.174  2.775  0.000
    6 N  -0.1234 -0.3731   1.220  3.903  0.000
    7 C   0.0506  0.1055   1.174  2.775  0.000
    8 C  -0.0477 -0.0973   1.137  2.911  0.000
    9 C  -0.0497 -0.1039   1.138  2.912  0.000
   10 C  -0.0064 -0.0245   1.176  2.830  0.000
   11 C  -0.0830 -0.2284   1.079  3.004  0.000
   12 C  -0.0491 -0.1031   1.137  2.912  0.000
   13 C  -0.0491 -0.0972   1.136  2.913  0.000
   14 C   0.0457  0.1040   1.192  2.762  0.000
   15 C   0.0021  0.0025   1.168  2.830  0.000
   16 C  -0.0411 -0.0927   1.142  2.899  0.000
   17 C  -0.0337 -0.0900   1.135  2.898  0.000
   18 C  -0.0327 -0.0890   1.136  2.896  0.000
   19 C  -0.0409 -0.0942   1.141  2.900  0.000
   20 C  -0.0016 -0.0058   1.170  2.832  0.000
   21 C  -0.0174 -0.0211   1.175  2.843  0.000
   22 C   0.0128  0.0025   1.171  2.816  0.000
   23 C  -0.0177 -0.0716   1.144  2.873  0.000
   24 C  -0.0294 -0.0805   1.143  2.887  0.000
   25 C  -0.0488 -0.0240   1.208  2.840  0.000
   26 P   0.3652  0.2454   1.379  3.004  0.252
   27 O  -0.5081 -0.5280   1.628  4.880  0.000
   28 C  -0.0492 -0.0245   1.210  2.839  0.000
   29 C  -0.0316 -0.0827   1.143  2.889  0.000
   30 C  -0.0128 -0.0690   1.139  2.874  0.000
   31 C  -0.0186 -0.0749   1.137  2.881  0.000
   32 C  -0.0237 -0.0797   1.140  2.884  0.000
   33 C  -0.0422 -0.0914   1.142  2.900  0.000
   34 C  -0.0491 -0.0245   1.210  2.839  0.000
   35 C  -0.0421 -0.0913   1.142  2.900  0.000
   36 C  -0.0236 -0.0796   1.140  2.884  0.000
   37 C  -0.0185 -0.0748   1.137  2.881  0.000
   38 C  -0.0127 -0.0689   1.139  2.874  0.000
   39 C  -0.0319 -0.0829   1.143  2.889  0.000
   40 C  -0.0390 -0.0882   1.142  2.897  0.000
   41 C  -0.0257 -0.0795   1.145  2.881  0.000
   42 C  -0.0019 -0.0060   1.169  2.832  0.000
   43 C  -0.0433 -0.0965   1.141  2.902  0.000
   44 C  -0.0370 -0.0933   1.136  2.901  0.000
   45 C  -0.0364 -0.0927   1.135  2.901  0.000
   46 C  -0.0403 -0.0919   1.142  2.898  0.000
   47 C   0.0020  0.0024   1.168  2.830  0.000
   48 C  -0.0498 -0.0979   1.136  2.914  0.000
   49 C  -0.0495 -0.1035   1.137  2.912  0.000
   50 H   0.0401  0.0930   0.960  0.000  0.000
   51 H   0.0414  0.0937   0.959  0.000  0.000
   52 H   0.0417  0.0940   0.958  0.000  0.000
   53 H   0.0388  0.0961   0.961  0.000  0.000
   54 H   0.0390  0.1006   0.961  0.000  0.000
   55 H   0.0386  0.1003   0.961  0.000  0.000
   56 H   0.0385  0.0958   0.962  0.000  0.000
   57 H   0.0403  0.0931   0.960  0.000  0.000
   58 H   0.0407  0.0934   0.959  0.000  0.000
   59 H   0.0423  0.0944   0.958  0.000  0.000
   60 H   0.0371  0.0945   0.963  0.000  0.000
   61 H   0.0360  0.0981   0.964  0.000  0.000
   62 H   0.0428  0.1079   0.957  0.000  0.000
   63 H   0.0409  0.0974   0.959  0.000  0.000
   64 H   0.0433  0.0997   0.957  0.000  0.000
   65 H   0.0422  0.1026   0.958  0.000  0.000
   66 H   0.0491  0.1071   0.951  0.000  0.000
   67 H   0.0507  0.1107   0.949  0.000  0.000
   68 H   0.0482  0.1081   0.952  0.000  0.000
   69 H   0.0519  0.1084   0.948  0.000  0.000
   70 H   0.0493  0.1058   0.951  0.000  0.000
   71 H   0.0454  0.1018   0.955  0.000  0.000
   72 H   0.0339  0.0953   0.966  0.000  0.000
   73 H   0.0336  0.0949   0.966  0.000  0.000
   74 H   0.0452  0.1017   0.955  0.000  0.000
   75 H   0.0493  0.1058   0.951  0.000  0.000
   76 H   0.0522  0.1086   0.948  0.000  0.000
   77 H   0.0481  0.1081   0.952  0.000  0.000
   78 H   0.0363  0.0978   0.964  0.000  0.000
   79 H   0.0423  0.1004   0.958  0.000  0.000
   80 H   0.0396  0.1000   0.960  0.000  0.000
   81 H   0.0408  0.0972   0.959  0.000  0.000
   82 H   0.0405  0.0970   0.960  0.000  0.000
   83 H   0.0435  0.1086   0.957  0.000  0.000
   84 H   0.0352  0.0974   0.965  0.000  0.000
   85 H   0.0365  0.0938   0.964  0.000  0.000
 Hirshfeld charges for QMDFF written to <charges>
 
 Loewdin charges    n(s)   n(p)   n(d)
    1 C  -0.0848   1.005  3.080  0.000
    2 C   0.0019   1.132  2.866  0.000
    3 C  -0.0442   1.085  2.959  0.000
    4 C  -0.0448   1.084  2.961  0.000
    5 C   0.0480   1.137  2.815  0.000
    6 N  -0.0861   1.180  3.906  0.000
    7 C   0.0477   1.137  2.815  0.000
    8 C  -0.0451   1.084  2.961  0.000
    9 C  -0.0445   1.085  2.960  0.000
   10 C   0.0020   1.132  2.866  0.000
   11 C  -0.0847   1.005  3.080  0.000
   12 C  -0.0437   1.084  2.960  0.000
   13 C  -0.0468   1.083  2.963  0.000
   14 C   0.0387   1.158  2.803  0.000
   15 C   0.0024   1.126  2.871  0.000
   16 C  -0.0362   1.089  2.947  0.000
   17 C  -0.0262   1.081  2.946  0.000
   18 C  -0.0247   1.082  2.943  0.000
   19 C  -0.0363   1.088  2.948  0.000
   20 C   0.0019   1.127  2.871  0.000
   21 C  -0.0182   1.134  2.884  0.000
   22 C   0.0198   1.126  2.854  0.000
   23 C  -0.0128   1.091  2.922  0.000
   24 C  -0.0230   1.089  2.934  0.000
   25 C  -0.0097   1.155  2.854  0.000
   26 P   0.1803   1.365  3.020  0.434
   27 O  -0.4227   1.576  4.847  0.000
   28 C  -0.0096   1.157  2.853  0.000
   29 C  -0.0255   1.089  2.936  0.000
   30 C  -0.0048   1.084  2.921  0.000
   31 C  -0.0108   1.082  2.928  0.000
   32 C  -0.0157   1.085  2.930  0.000
   33 C  -0.0359   1.089  2.947  0.000
   34 C  -0.0096   1.156  2.853  0.000
   35 C  -0.0359   1.089  2.947  0.000
   36 C  -0.0156   1.085  2.930  0.000
   37 C  -0.0107   1.082  2.928  0.000
   38 C  -0.0046   1.084  2.920  0.000
   39 C  -0.0257   1.089  2.936  0.000
   40 C  -0.0324   1.089  2.943  0.000
   41 C  -0.0213   1.092  2.929  0.000
   42 C   0.0015   1.127  2.872  0.000
   43 C  -0.0387   1.088  2.951  0.000
   44 C  -0.0291   1.082  2.948  0.000
   45 C  -0.0290   1.081  2.948  0.000
   46 C  -0.0353   1.089  2.946  0.000
   47 C   0.0022   1.126  2.872  0.000
   48 C  -0.0475   1.083  2.964  0.000
   49 C  -0.0441   1.083  2.961  0.000
   50 H   0.0393   0.961  0.000  0.000
   51 H   0.0405   0.960  0.000  0.000
   52 H   0.0407   0.959  0.000  0.000
   53 H   0.0316   0.968  0.000  0.000
   54 H   0.0317   0.968  0.000  0.000
   55 H   0.0314   0.969  0.000  0.000
   56 H   0.0312   0.969  0.000  0.000
   57 H   0.0395   0.961  0.000  0.000
   58 H   0.0398   0.960  0.000  0.000
   59 H   0.0413   0.959  0.000  0.000
   60 H   0.0299   0.970  0.000  0.000
   61 H   0.0287   0.971  0.000  0.000
   62 H   0.0346   0.965  0.000  0.000
   63 H   0.0332   0.967  0.000  0.000
   64 H   0.0352   0.965  0.000  0.000
   65 H   0.0342   0.966  0.000  0.000
   66 H   0.0398   0.960  0.000  0.000
   67 H   0.0417   0.958  0.000  0.000
   68 H   0.0394   0.961  0.000  0.000
   69 H   0.0424   0.958  0.000  0.000
   70 H   0.0404   0.960  0.000  0.000
   71 H   0.0367   0.963  0.000  0.000
   72 H   0.0272   0.973  0.000  0.000
   73 H   0.0270   0.973  0.000  0.000
   74 H   0.0366   0.963  0.000  0.000
   75 H   0.0404   0.960  0.000  0.000
   76 H   0.0426   0.957  0.000  0.000
   77 H   0.0393   0.961  0.000  0.000
   78 H   0.0295   0.970  0.000  0.000
   79 H   0.0340   0.966  0.000  0.000
   80 H   0.0320   0.968  0.000  0.000
   81 H   0.0331   0.967  0.000  0.000
   82 H   0.0329   0.967  0.000  0.000
   83 H   0.0352   0.965  0.000  0.000
   84 H   0.0280   0.972  0.000  0.000
   85 H   0.0293   0.971  0.000  0.000
 
 Wiberg/Mayer (AO) data. WBOs > 0.1 written file <wbo>
 largest (>0.05) Wiberg bond orders for each atom
           total WBO             WBO to atom ...
     1  C   3.987    C    2 0.992    H   50 0.979    H   51 0.973    H   52 0.972
     2  C   3.950    C    3 1.394    C   49 1.385    C    1 0.992    C    5 0.102
     3  C   3.972    C    4 1.442    C    2 1.394    H   53 0.944    C   48 0.103
     4  C   3.969    C    3 1.442    C    5 1.366    H   54 0.944    C   49 0.106
     5  C   3.935    C    4 1.366    C   48 1.362    N    6 1.003    C    2 0.102
     6  N   3.331    C    5 1.003    C    7 1.003    C   14 0.978
     7  C   3.935    C   13 1.365    C    8 1.364    N    6 1.003    C   10 0.102
     8  C   3.969    C    9 1.445    C    7 1.364    H   55 0.944    C   12 0.105
     9  C   3.972    C    8 1.445    C   10 1.391    H   56 0.944    C   13 0.104
    10  C   3.950    C    9 1.391    C   12 1.388    C   11 0.992    C    7 0.102
    11  C   3.987    C   10 0.992    H   57 0.978    H   58 0.976    H   59 0.970
    12  C   3.973    C   13 1.449    C   10 1.388    H   60 0.945    C    8 0.105
    13  C   3.970    C   12 1.449    C    7 1.365    H   61 0.945    C    9 0.104
    14  C   3.922    C   15 1.302    C   47 1.301    N    6 0.978    C   21 0.124    C   17 0.051    C   45 0.051
    15  C   3.952    C   14 1.302    C   16 1.222    C   20 1.175    C   18 0.050
    16  C   3.963    C   17 1.591    C   15 1.222    H   62 0.940    C   19 0.117
    17  C   3.962    C   16 1.591    C   18 1.268    H   63 0.945    C   14 0.051
    18  C   3.962    C   19 1.594    C   17 1.268    H   64 0.945    C   15 0.050    C   21 0.050
    19  C   3.964    C   18 1.594    C   20 1.216    H   65 0.941    C   16 0.117
    20  C   3.953    C   21 1.309    C   19 1.216    C   15 1.175
    21  C   3.945    C   20 1.309    C   42 1.308    C   22 0.969    C   14 0.124    C   18 0.050
    22  C   3.947    C   23 1.380    C   41 1.380    C   21 0.969    C   25 0.107
    23  C   3.965    C   24 1.429    C   22 1.380    H   66 0.941    C   40 0.107
    24  C   3.968    C   23 1.429    C   25 1.406    H   67 0.942    C   41 0.107
    25  C   3.927    C   40 1.408    C   24 1.406    P   26 0.817    C   22 0.107    O   27 0.076
    26  P   4.281    O   27 1.629    C   25 0.817    C   28 0.815    C   34 0.815
    27  O   1.940    P   26 1.629    C   25 0.076    C   28 0.076    C   34 0.075
    28  C   3.930    C   33 1.413    C   29 1.410    P   26 0.815    C   31 0.110    O   27 0.076
    29  C   3.971    C   30 1.423    C   28 1.410    H   68 0.944    C   32 0.111
    30  C   3.971    C   31 1.430    C   29 1.423    H   69 0.942    C   33 0.112
    31  C   3.968    C   32 1.431    C   30 1.430    H   70 0.943    C   28 0.110
    32  C   3.970    C   31 1.431    C   33 1.423    H   71 0.943    C   29 0.111
    33  C   3.971    C   32 1.423    C   28 1.413    H   72 0.947    C   30 0.112
    34  C   3.930    C   35 1.413    C   39 1.411    P   26 0.815    C   37 0.110    O   27 0.075
    35  C   3.971    C   36 1.423    C   34 1.413    H   73 0.947    C   38 0.112
    36  C   3.970    C   37 1.431    C   35 1.423    H   74 0.943    C   39 0.111
    37  C   3.968    C   36 1.431    C   38 1.430    H   75 0.943    C   34 0.110
    38  C   3.971    C   37 1.430    C   39 1.422    H   76 0.942    C   35 0.112
    39  C   3.971    C   38 1.422    C   34 1.411    H   77 0.944    C   36 0.111
    40  C   3.968    C   41 1.430    C   25 1.408    H   78 0.945    C   23 0.107
    41  C   3.964    C   40 1.430    C   22 1.380    H   79 0.943    C   24 0.107
    42  C   3.953    C   21 1.308    C   43 1.217    C   47 1.175    C   45 0.050
    43  C   3.964    C   44 1.594    C   42 1.217    H   80 0.941    C   46 0.117
    44  C   3.962    C   43 1.594    C   45 1.268    H   81 0.945    C   47 0.050
    45  C   3.962    C   46 1.591    C   44 1.268    H   82 0.945    C   14 0.051    C   42 0.050
    46  C   3.963    C   45 1.591    C   47 1.222    H   83 0.940    C   43 0.117
    47  C   3.952    C   14 1.301    C   46 1.222    C   42 1.175    C   44 0.050
    48  C   3.970    C   49 1.452    C    5 1.362    H   84 0.945    C    3 0.103
    49  C   3.973    C   48 1.452    C    2 1.385    H   85 0.945    C    4 0.106
    50  H   0.997    C    1 0.979
    51  H   0.997    C    1 0.973
    52  H   0.997    C    1 0.972
    53  H   0.998    C    3 0.944
    54  H   0.998    C    4 0.944
    55  H   0.998    C    8 0.944
    56  H   0.998    C    9 0.944
    57  H   0.997    C   11 0.978
    58  H   0.997    C   11 0.976
    59  H   0.997    C   11 0.970
    60  H   0.998    C   12 0.945
    61  H   0.998    C   13 0.945
    62  H   0.996    C   16 0.940
    63  H   0.996    C   17 0.945
    64  H   0.994    C   18 0.945
    65  H   0.996    C   19 0.941
    66  H   0.994    C   23 0.941
    67  H   0.995    C   24 0.942
    68  H   0.998    C   29 0.944
    69  H   0.994    C   30 0.942
    70  H   0.991    C   31 0.943
    71  H   0.995    C   32 0.943
    72  H   0.999    C   33 0.947
    73  H   0.999    C   35 0.947
    74  H   0.995    C   36 0.943
    75  H   0.991    C   37 0.943
    76  H   0.994    C   38 0.942
    77  H   0.998    C   39 0.944
    78  H   0.997    C   40 0.945
    79  H   0.995    C   41 0.943
    80  H   0.996    C   43 0.941
    81  H   0.994    C   44 0.945
    82  H   0.996    C   45 0.945
    83  H   0.996    C   46 0.940
    84  H   0.998    C   48 0.945
    85  H   0.998    C   49 0.945
 
 --------------------------------------------
          xTB calculation for sTDA...
 --------------------------------------------
 
 reading parameter file /home/penavora/Exe_xtb_crest/.param_stda2.xtb
 
      method parameters     
 k(s)        :  1.6000
 k(p)        :  2.1800
 k(d)        :  1.9500
 k(f)        :  2.0000
 k(R-V)      :  2.2750
 k(R-R)      :  1.7650
 Tscal       :  0.2580
 Gscal       :  1.0000
 fpol        :  1.0000
 Zcnf        :  0.3430
 Zqf         :  0.0000
 kcn         :  2.7000
 Ryd Hsplit  :  0.7000
 lshift(virt):  3.1000
 lshift(OS)  :  0.2000
 wllscaling  :  2.6000
 
 mowrcut     : 3.000
 
  Z AO/shell   Hii/eV     exponent
  1     Sun Feb 14 09:53:25 CET 2016    EN: 2.327 GAM: 0.473  GM3: 0.0000
     1s    -14.339618    1.220000
     2sp    -3.348946    0.600000
  6     Sun Feb 14 09:53:25 CET 2016    EN: 2.731 GAM: 0.422  GM3: 0.0000
     2s    -22.009312    1.565095
     2p    -13.020408    1.596905
     3sp    -3.914040    0.824500
  7     Sun Feb 14 09:53:25 CET 2016    EN: 3.573 GAM: 0.504  GM3: 0.0000
     2s    -25.722000    2.064844
     2p    -18.684912    1.801692
     3sp    -4.344791    0.921400
  8     Sun Feb 14 09:53:25 CET 2016    EN: 3.700 GAM: 0.587  GM3: 0.0000
     2s    -33.859000    2.418661
     2p    -22.175911    1.973969
     3sp    -4.259392    1.013700
 15     Sun Feb 21 16:40:31 CET 2016    EN: 2.235 GAM: 0.200  GM3: 0.0000
     3s    -20.712789    1.471896
     3p    -13.727605    1.794648
     4sp    -5.155360    0.764700
 
 Nbf   :          572
 T(el) :     0.0
 calculating S/T integrals ...
 cpu time for ints    8.17645800000000     
 Nao   :          572
 making H0...
 making H1...
 cpu time for H      0.977408000000000     
 solving ...
 cpu time for diag    1.25078700000000     
 
 gap (eV)           :   5.646
 Koopmans IP (eV)   :  13.379
 Eel (Eh)           :  -201.345151

          eigenvalues
 #    :         106        107        108        109        110        111        112        113
 occ. :        2.000      2.000      2.000      2.000      2.000      2.000      2.000      2.000
 eps  :       -16.351    -16.340    -16.324    -16.156    -16.120    -16.003    -15.944    -15.879
 #    :         114        115        116        117        118        119        120        121
 occ. :        2.000      2.000      2.000      2.000      2.000      0.000      0.000      0.000
 eps  :       -15.865    -15.837    -15.693    -14.405    -13.380     -7.734     -6.027     -6.022
 #    :         122        123        124        125        126        127        128        129
 occ. :        0.000      0.000      0.000      0.000      0.000      0.000      0.000      0.000
 eps  :        -6.009     -5.994     -5.949     -5.946     -5.900     -5.807     -5.630     -5.592
                            1  SCC done.
 writing mo output ...
 molden style : F
 
speedup 22.34
cpu  time for all   16.79 s
wall time for all    0.75 s
