  78
 Etot=        -124.5204288216
 N         -1.8931149694        6.6452715805       -0.7790959508
 C         -2.2476756092        5.5602754922       -0.6615507116
 C         -2.6843908646        4.2242592698       -0.5155159555
 C         -2.3080535548        3.2618263428       -1.4547425717
 C         -2.7342097913        1.9574175423       -1.3091479070
 C         -3.5388531331        1.6048678884       -0.2278339042
 N         -3.9380377112        0.2678460087       -0.0643485601
 C         -3.0759928765       -0.7984603228        0.1035398539
 C         -1.6251044797       -0.6936642151        0.1163089623
 C         -0.8791216988       -1.7091336386       -0.4832660163
 C          0.4986317694       -1.6572266054       -0.4899025778
 C          1.1765601705       -0.5934493729        0.1059231877
 C          2.6442757986       -0.5331256629        0.0917997125
 C          3.3067822186        0.6756167551       -0.1180485249
 C          4.6857973302        0.7343292808       -0.1399077431
 C          5.4382208279       -0.4192854146        0.0644239043
 N          6.8395162161       -0.3631886235        0.0506290706
 C          7.6725188829       -1.1714113930       -0.6972745834
 C          7.3516286249       -2.1562173544       -1.6212665211
 C          8.3908996958       -2.8061411666       -2.2593035625
 C          9.7211349631       -2.4848085326       -1.9955201217
 C         10.0460810780       -1.4897194633       -1.0949887010
 C          9.0186309537       -0.8205430682       -0.4417991749
 C          8.9859831664        0.2517868735        0.5136191975
 C          9.9709429217        0.9938812685        1.1532813405
 C          9.5869312337        1.9634345536        2.0583939726
 C          8.2405386439        2.1884394185        2.3393841668
 C          7.2426001745        1.4640480496        1.7156613099
 C          7.6214447510        0.5039850553        0.7875727427
 C          4.7859308040       -1.6300116913        0.2829930733
 C          3.4067529502       -1.6838535826        0.2882710896
 C          0.4277370427        0.4064190157        0.7248775929
 C         -0.9515361443        0.3574596961        0.7367011163
 N         -3.7168433112       -1.9260788772        0.2721465999
 C         -5.0417090268       -1.6187897360        0.2243227145
 C         -6.1473363452       -2.4959001209        0.4087271925
 C         -5.9591358499       -3.8561047433        0.6779927784
 C         -7.0382226761       -4.6750803612        0.9001802494
 C         -8.3239849732       -4.1382548199        0.8617011890
 C         -8.5213259744       -2.8045231822        0.5888157785
 C         -7.4449261987       -1.9377840079        0.3420550102
 C         -7.6218967167       -0.5352649495        0.0052684082
 C         -8.8963099876        0.0229723349       -0.1728525979
 C         -9.0735825148        1.3345144153       -0.5460651859
 C         -7.9699121748        2.1489352854       -0.7806453880
 C         -6.7047505987        1.6438386377       -0.6073757912
 C         -6.5020409524        0.3191523042       -0.1936017813
 C         -5.2136396809       -0.2547705522        0.0019767815
 C         -3.9130729431        2.5655553900        0.7122678517
 C         -3.4912586838        3.8707825729        0.5693516739
 H         -1.6874849637        3.5435378027       -2.2918594962
 H         -2.4485225426        1.2050338756       -2.0284335521
 H         -1.4025339631       -2.5315288974       -0.9465509210
 H          1.0585301617       -2.4391794378       -0.9807316757
 H          2.7348258481        1.5743471941       -0.2956877691
 H          5.1887100473        1.6709420400       -0.3300451146
 H          6.3239509213       -2.4012729276       -1.8436843146
 H          8.1673511419       -3.5785303294       -2.9809652584
 H         10.5056852971       -3.0181780131       -2.5122664335
 H         11.0768825921       -1.2313353638       -0.9027616763
 H         11.0150213935        0.8101702024        0.9474488453
 H         10.3376916973        2.5523308967        2.5649474743
 H          7.9713505244        2.9438233311        3.0635056934
 H          6.2030501663        1.6345812193        1.9519889257
 H          5.3670057299       -2.5223183665        0.4627916590
 H          2.9128099003       -2.6250613800        0.4784018577
 H          0.9327405867        1.2183870407        1.2269170561
 H         -1.5033961822        1.1271925294        1.2554377773
 H         -4.9468725295       -4.2291841314        0.7129481213
 H         -6.8961910283       -5.7249178188        1.1105229341
 H         -9.1758113603       -4.7765122408        1.0477536614
 H         -9.5336314709       -2.4333998651        0.5732013044
 H         -9.7728876687       -0.5872932200       -0.0282435457
 H        -10.0711894306        1.7281895484       -0.6739158333
 H         -8.1056603245        3.1708235037       -1.1027728677
 H         -5.8527376372        2.2717056111       -0.8136343775
 H         -4.5341671899        2.2783544802        1.5478992705
 H         -3.7763428602        4.6194831498        1.2929488151
  78
 Etot=        -124.5204658831
 N         -1.8929245097        6.6425284133       -0.7785881266
 C         -2.2482459432        5.5587712533       -0.6612522176
 C         -2.6843100571        4.2225441572       -0.5150428763
 C         -2.3070963729        3.2599502354       -1.4530921331
 C         -2.7333116372        1.9558266020       -1.3078306867
 C         -3.5392433143        1.6034178691       -0.2275880378
 N         -3.9379272779        0.2679056848       -0.0644982889
 C         -3.0755810114       -0.7986692297        0.1023702954
 C         -1.6250904417       -0.6928796901        0.1149056256
 C         -0.8793208304       -1.7091037383       -0.4827727888
 C          0.4982526798       -1.6573016395       -0.4891132985
 C          1.1763420887       -0.5930391973        0.1052097505
 C          2.6438754569       -0.5329493296        0.0916587736
 C          3.3067576091        0.6756999076       -0.1163720070
 C          4.6855882483        0.7345390725       -0.1375307703
 C          5.4381718990       -0.4193001233        0.0644423920
 N          6.8383082436       -0.3633437165        0.0507238192
 C          7.6714113359       -1.1723205112       -0.6964085683
 C          7.3507882441       -2.1575066157       -1.6194496548
 C          8.3902749214       -2.8065003121       -2.2577002173
 C          9.7199895146       -2.4840332059       -1.9946832150
 C         10.0445529608       -1.4887563544       -1.0947060761
 C          9.0170293809       -0.8205198161       -0.4416455814
 C          8.9843804126        0.2516160043        0.5135234413
 C          9.9694421485        0.9929324682        1.1529618736
 C          9.5857261864        1.9627528401        2.0574278955
 C          8.2397696276        2.1884890698        2.3379817971
 C          7.2415748621        1.4650697929        1.7139457798
 C          7.6202665733        0.5046550792        0.7868285190
 C          4.7854752414       -1.6301674116        0.2805751938
 C          3.4064771104       -1.6836877851        0.2865165711
 C          0.4275204797        0.4076880728        0.7222676493
 C         -0.9516655223        0.3594820084        0.7330314996
 N         -3.7163109245       -1.9251997875        0.2707624935
 C         -5.0406557363       -1.6184066930        0.2243519539
 C         -6.1461756712       -2.4952479073        0.4086963803
 C         -5.9575096938       -3.8548464130        0.6780419020
 C         -7.0366294141       -4.6735430618        0.8998087882
 C         -8.3222996688       -4.1371452890        0.8605039160
 C         -8.5198269223       -2.8037667445        0.5874561850
 C         -7.4434612606       -1.9373340020        0.3414483243
 C         -7.6205697841       -0.5351028026        0.0053938030
 C         -8.8947454774        0.0226957246       -0.1726156565
 C         -9.0722364632        1.3340469765       -0.5452601024
 C         -7.9690606807        2.1489062563       -0.7787980872
 C         -6.7039389068        1.6445574931       -0.6050668054
 C         -6.5011683442        0.3198182329       -0.1921567672
 C         -5.2132096908       -0.2543936006        0.0026162748
 C         -3.9136612560        2.5643490866        0.7120099688
 C         -3.4912873272        3.8690826691        0.5691683109
 H         -1.6866697864        3.5421847713       -2.2902792367
 H         -2.4476336903        1.2030588434       -2.0269339686
 H         -1.4029135417       -2.5325586339       -0.9433160241
 H          1.0587529975       -2.4396150799       -0.9790619402
 H          2.7345711970        1.5744933085       -0.2939850157
 H          5.1886133724        1.6711952271       -0.3267809294
 H          6.3230736351       -2.4025848462       -1.8419692145
 H          8.1670224725       -3.5786428261       -2.9792162361
 H         10.5043127672       -3.0169497758       -2.5114075934
 H         11.0747674608       -1.2289307746       -0.9028848609
 H         11.0130812671        0.8081525288        0.9472693858
 H         10.3362171743        2.5513632502        2.5638537063
 H          7.9708108805        2.9433951569        3.0621647960
 H          6.2019501947        1.6354754946        1.9504069618
 H          5.3666213512       -2.5224063213        0.4601642229
 H          2.9122710424       -2.6247633301        0.4769680642
 H          0.9329860882        1.2192594190        1.2248970045
 H         -1.5034831481        1.1295109440        1.2519902285
 H         -4.9453842004       -4.2271263061        0.7134946841
 H         -6.8951680905       -5.7231816044        1.1102868333
 H         -9.1741154371       -4.7752478207        1.0463344713
 H         -9.5322263137       -2.4326874458        0.5716034266
 H         -9.7712124942       -0.5879321038       -0.0287205973
 H        -10.0696670077        1.7274197854       -0.6737723659
 H         -8.1051980969        3.1704473655       -1.1012889963
 H         -5.8520168475        2.2730078699       -0.8121844036
 H         -4.5359788698        2.2773165822        1.5468450177
 H         -3.7762178286        4.6184003368        1.2923586149
