 
        ______________________________________
       |                                      |
       |          ===================         |
       |             xTB for sTDA             |
       |          ===================         |
       |               S. Grimme              |
       |        Universitaet Bonn, MCTC       |
       |         2015-19, Version 1.0         |
       |     Wed Apr  3 09:14:55 CEST 2019    |
       |______________________________________|
 
        This code comes without any warranty
        for non-commercial, academia use only.
        Preliminary test version.
        Cite this work as:
        S. Grimme  &  C. Bannwarth, JCP 145 (2016) 054103
        if GBSA is used additionally:
        P. Shushkov, F. März, C. Bannwarth, S. Grimme, unpublished.
 
        with help from
        P. Shushkov, G. Brandenburg, S. Dohm, J. Pisarek,
        F. März, M. Checinski, S. Ehrlich, S. Spicher, 
        P. Pracht, E. Caldeweyher, S. Ehlert, and C. Bannwarth.
 
        usage        :
        xtb4stda <coord_file> [options]
        where <coord_file> is a valid file of TM)
        (*coord, Bohr) or xmol (*xyz, Angstroem)
        format.

        options:
        -chrg <int>   : molecular charge
        -uhf  <int>   : # of unpaired electrons(=2*S)
        -nox          : skip second, extended part in sTDA-xTB
        -pop          : do population analysis
                      : (default for -nox)
        -mowr <real>  : cut MO write above (def.3 Eh)
        -molden       : write formatted molden file
        -parx <file>  : read parameters for sTDA-xTB
                        calc (def:~/.param_stda2.xtb)
        -parv <file>  : read parameters for vTB part in
                        sTDA-xTB (def: ~/.param_stda1.xtb)
        -xtemp <real> : el. temp for xTB (def. 0 K)
        -etemp <real> : el. temp for GFN (def. 300 K)
        -fod          : calculate the FOD and write
                        molden.input file with
                        appropriate occupations
                        for plotting. Def. T=12500 K
 
        -acc <real>   : xTB accuracy (def. 1.0)
        -gbsa [string1] [string2]
                        use GBSA implicit solvent
                        for solvent [string1] and
                        solvation state [string2]=
                        reference, bar1M (default=1M)
        additional GFN/opt/MD/siman options read from
        $XTB4STDAHOME/.xtb4stdarc or $set in input
 
       spin and charge state information can be on:
       <.CHRG> (charge) and <.UHF> (=nalpha-nbeta)
       -uhf and -chrg override the file info.
       useful machine settings:
       setenv MKL_NUM_THREADS <NCORE_ON_YOUR_MACHINE>
       setenv OMP_STACKSIZE 500m
       limit stacksize unlimited
 
       total energies in Eh, gaps/HL energies in eV
       please read REVISION and HOWTO files carefully
 =============================
  # OMP threads =          48
 =============================
 
 xtb4stdahome directory:/home/penavora/Exe_xtb_crest/
 
 argument            1 :--gbsa
 argument            2 :toluene
 
 name of molecule           :
 comment line               :
 number of atoms            :    60
 number of electrons        :   190
 charge                     :  0
 spin                       : 0.0
 first test random number   :  0.9354
 
 -----------------------------------------
      charge density (VTB) calculation
 -----------------------------------------
 
      method parameters     
 k(s)        :  1.8000
 k(p)        :  2.8350
 k(d)        :  2.0860
 k(f)        :  2.0000
 Tscal       :  0.3300
 Gscal       :  0.3910
 fpol        :  1.0000
 Zcnf        :  0.6500
 Zqf         :  0.0000
 kcn         :  0.3000
 kEN1        : -0.5900
 wllscal     :  2.6000
 
 Solvent             : toluene
 GBSA parameter file : /home/penavora/Exe_xtb_crest/.param_gbsa_toluene
 Gsolv ref. state (COSMO-RS): gsolv [1 M gas/solution]
 temperature (mdtemp)       :    298.150000000000     
 dielectric constant        :    7.00000000000000     
 rho                        :   0.867000000000000     
 mass                       :    92.1400000000000     
 surface tension            :    15.5689470637553     
 probe radius               :   0.641644990000000     
 vdW radii scaling          :    1.00000000000000     
 Gshift (Eh)                :   4.228772547061559E-003
 c1                         :    1.59772343000000     
 soset                      :   0.281999450000000     
 HB correction              :  F
 
 doing EN charges ...
 sum q : -0.9992007D-15
 point charge moment (au)
     X       Y       Z   
  -0.0950   0.0264   0.1630  total (Debye):    0.484
 
            Z      q(EN)   CN      Cart. coordinates
     1  O   6.0  -0.104   1.049    11.74724    -4.01956     2.54479
     2  C   4.0   0.181   3.098    10.88962    -1.91282     2.83667
     3  O   6.0  -0.211   2.044    12.39316     0.12018     2.98964
     4  C   4.0  -0.001   3.198     8.17775    -1.32125     3.05428
     5  C   4.0  -0.072   3.185     6.43253    -3.29415     2.94502
     6  C   4.0  -0.073   3.183     3.88009    -2.80508     3.15051
     7  C   4.0   0.008   3.196     3.00648    -0.33997     3.45181
     8  C   4.0  -0.179   4.177     0.23390     0.21184     3.67896
     9  C   4.0  -0.044   4.215    -1.16517     0.31155     1.09272
    10  C   4.0   0.005   3.277     0.20007     2.33152    -0.42700
    11  C   4.0  -0.071   3.191    -0.67812     4.81216    -0.43994
    12  C   4.0  -0.072   3.185     0.63184     6.68739    -1.69378
    13  C   4.0  -0.001   3.197     2.87539     6.12693    -2.95465
    14  C   4.0   0.182   3.097     4.22303     8.17014    -4.28589
    15  O   6.0  -0.105   1.049     3.53072    10.35412    -4.36326
    16  O   6.0  -0.211   2.044     6.34132     7.40585    -5.44279
    17  C   4.0  -0.072   3.180     3.79405     3.65917    -2.90751
    18  C   4.0  -0.073   3.202     2.47550     1.79659    -1.64347
    19  C   4.0   0.004   3.281    -1.27018    -2.26384    -0.19673
    20  C   4.0  -0.072   3.192    -1.97219    -4.39157     1.19161
    21  C   4.0  -0.072   3.185    -2.19753    -6.72635     0.05627
    22  C   4.0  -0.001   3.197    -1.75896    -6.99734    -2.52713
    23  C   4.0   0.182   3.097    -2.00195    -9.52060    -3.68235
    24  O   6.0  -0.105   1.049    -2.57551   -11.42514    -2.54275
    25  O   6.0  -0.211   2.044    -1.52507    -9.55092    -6.16846
    26  C   4.0  -0.072   3.179    -1.14733    -4.86852    -3.94753
    27  C   4.0  -0.072   3.191    -0.92923    -2.53763    -2.79195
    28  C   4.0   0.003   3.289    -3.95600     0.97971     1.40779
    29  C   4.0  -0.071   3.178    -5.15682     1.17448     3.73677
    30  C   4.0  -0.073   3.187    -7.71040     1.70740     3.87593
    31  C   4.0  -0.001   3.197    -9.12758     2.05517     1.68666
    32  C   4.0   0.182   3.097   -11.84607     2.62248     1.91295
    33  O   6.0  -0.105   1.049   -12.97862     2.80174     3.89786
    34  O   6.0  -0.211   2.044   -13.00748     2.93808    -0.31405
    35  C   4.0  -0.072   3.177    -7.93781     1.85979    -0.65749
    36  C   4.0  -0.072   3.200    -5.39205     1.32361    -0.77873
    37  C   4.0  -0.073   3.189     4.76103     1.61869     3.57319
    38  C   4.0  -0.072   3.178     7.31931     1.14804     3.38075
    39  H   1.0   0.128   1.011    14.15407    -0.37465     2.83894
    40  H   1.0   0.075   1.005     7.12381    -5.19943     2.70619
    41  H   1.0   0.076   1.006     2.55501    -4.35260     3.07212
    42  H   1.0   0.085   1.006    -0.62466    -1.22559     4.87320
    43  H   1.0   0.084   1.006    -0.00444     2.05339     4.57451
    44  H   1.0   0.076   1.007    -2.40339     5.29021     0.53678
    45  H   1.0   0.075   1.005    -0.05173     8.60989    -1.71576
    46  H   1.0   0.128   1.011     7.15609     8.81735    -6.28657
    47  H   1.0   0.076   1.005     5.54485     3.21708    -3.85251
    48  H   1.0   0.077   1.008     3.23030    -0.09649    -1.60831
    49  H   1.0   0.076   1.006    -2.38078    -4.24018     3.18246
    50  H   1.0   0.075   1.005    -2.72358    -8.37423     1.13913
    51  H   1.0   0.128   1.011    -1.71054   -11.25011    -6.83659
    52  H   1.0   0.076   1.005    -0.85672    -5.04931    -5.95693
    53  H   1.0   0.077   1.008    -0.48964    -0.91742    -3.94771
    54  H   1.0   0.077   1.006    -4.13021     0.92931     5.47702
    55  H   1.0   0.075   1.005    -8.64718     1.86408     5.68216
    56  H   1.0   0.128   1.011   -14.78755     3.30728    -0.06259
    57  H   1.0   0.076   1.005    -9.02158     2.12710    -2.36258
    58  H   1.0   0.077   1.007    -4.49120     1.17751    -2.60196
    59  H   1.0   0.075   1.006     4.11310     3.53733     3.82639
    60  H   1.0   0.076   1.005     8.66502     2.67580     3.47892
 
  Z AO/shell   Hii/eV     exponent
  1     Sat Feb 20 21:38:01 CET 2016    EN: 2.327 GAM: 0.473  GM3: 0.0000
     1s    -13.751157    1.051071
  6     Sat Feb 20 21:38:01 CET 2016    EN: 2.731 GAM: 0.422  GM3: 0.0000
     2s    -19.378245    2.021003
     2p    -11.993376    1.497917
  8     Sat Feb 20 21:38:01 CET 2016    EN: 3.700 GAM: 0.587  GM3: 0.0000
     2s    -21.648843    2.110798
     2p    -17.239740    2.329048
 
 dipole moment of classical point charges (au)
     X       Y       Z   
  -0.0950   0.0264   0.1630  total (Debye):    0.484

 
 Nbf   :          174
 T(el) :   300.0
 calculating S/T integrals ...
 cpu time for ints    1.44222600000000     
 Nao   :          174
 making H0...
 making H1...
 cpu time for H      0.200909000000000     
 solving ...
 cpu time for diag   0.638989000000000     
 
 gap (eV)           :   6.635
 Koopmans IP (eV)   :  14.850
 Eel (Eh)           :  -148.251171
 T,E(Fermi),NFOD :    300.000   -11.533  0.000000
 T,E(Fermi),NFOD :    300.000   -11.533  0.000000
 Nfod               :  0.0000
 Nfod/Nel           :  0.0000

          eigenvalues
 #    :          83         84         85         86         87         88         89         90
 occ. :        2.000      2.000      2.000      2.000      2.000      2.000      2.000      2.000
 eps  :       -16.728    -16.303    -16.287    -16.257    -16.236    -15.625    -15.566    -15.488
 #    :          91         92         93         94         95         96         97         98
 occ. :        2.000      2.000      2.000      2.000      2.000      0.000      0.000      0.000
 eps  :       -15.448    -15.396    -15.153    -14.984    -14.852     -8.216     -8.163     -7.960
 #    :          99        100        101        102        103        104        105        106
 occ. :        0.000      0.000      0.000      0.000      0.000      0.000      0.000      0.000
 eps  :        -7.783     -6.764     -5.416     -5.312     -5.234     -5.081     -4.809     -3.934
                            1  SCC done.
 making H1...
 cpu time for H      0.739255000000000     
 solving ...
 cpu time for diag   0.258866000000000     
 
 gap (eV)           :   6.631
 Koopmans IP (eV)   :  14.787
 Eel (Eh)           :  -146.648515
 T,E(Fermi),NFOD :    300.000   -11.471  0.000000
 T,E(Fermi),NFOD :    300.000   -11.471  0.000000
 Nfod               :  0.0000
 Nfod/Nel           :  0.0000

          eigenvalues
 #    :          83         84         85         86         87         88         89         90
 occ. :        2.000      2.000      2.000      2.000      2.000      2.000      2.000      2.000
 eps  :       -15.744    -15.569    -15.531    -15.480    -15.427    -15.362    -15.116    -14.976
 #    :          91         92         93         94         95         96         97         98
 occ. :        2.000      2.000      2.000      2.000      2.000      0.000      0.000      0.000
 eps  :       -14.892    -14.857    -14.856    -14.817    -14.788     -8.157     -8.110     -7.850
 #    :          99        100        101        102        103        104        105        106
 occ. :        0.000      0.000      0.000      0.000      0.000      0.000      0.000      0.000
 eps  :        -7.719     -6.986     -5.382     -5.305     -5.220     -5.056     -4.894     -4.006
                            2  SCC done.
 
 
 Mulliken/CM5 charges    n(s)   n(p)   n(d)   
    1 O  -0.3770 -0.4254   1.628  4.749  0.000
    2 C   0.2287  0.2832   1.154  2.617  0.000
    3 O  -0.1324 -0.3293   1.412  4.720  0.000
    4 C  -0.0149 -0.0186   1.167  2.848  0.000
    5 C  -0.0271 -0.0795   1.143  2.884  0.000
    6 C  -0.0269 -0.0815   1.139  2.888  0.000
    7 C   0.0007 -0.0153   1.191  2.809  0.000
    8 C  -0.0453 -0.1453   1.143  2.902  0.000
    9 C  -0.0029 -0.0148   1.237  2.766  0.000
   10 C  -0.0155 -0.0263   1.199  2.816  0.000
   11 C  -0.0190 -0.0728   1.137  2.882  0.000
   12 C  -0.0230 -0.0754   1.142  2.881  0.000
   13 C  -0.0117 -0.0154   1.167  2.845  0.000
   14 C   0.2302  0.2847   1.154  2.616  0.000
   15 O  -0.3744 -0.4228   1.627  4.747  0.000
   16 O  -0.1316 -0.3285   1.412  4.720  0.000
   17 C  -0.0177 -0.0702   1.143  2.875  0.000
   18 C  -0.0218 -0.0769   1.142  2.880  0.000
   19 C  -0.0130 -0.0233   1.201  2.812  0.000
   20 C  -0.0206 -0.0758   1.138  2.883  0.000
   21 C  -0.0250 -0.0776   1.143  2.882  0.000
   22 C  -0.0139 -0.0175   1.167  2.847  0.000
   23 C   0.2292  0.2838   1.154  2.617  0.000
   24 O  -0.3752 -0.4235   1.627  4.748  0.000
   25 O  -0.1313 -0.3282   1.412  4.720  0.000
   26 C  -0.0186 -0.0710   1.144  2.875  0.000
   27 C  -0.0201 -0.0751   1.140  2.880  0.000
   28 C  -0.0087 -0.0197   1.201  2.808  0.000
   29 C  -0.0199 -0.0749   1.137  2.883  0.000
   30 C  -0.0246 -0.0770   1.144  2.881  0.000
   31 C  -0.0144 -0.0180   1.167  2.847  0.000
   32 C   0.2290  0.2836   1.154  2.617  0.000
   33 O  -0.3745 -0.4229   1.627  4.747  0.000
   34 O  -0.1319 -0.3288   1.412  4.720  0.000
   35 C  -0.0195 -0.0719   1.143  2.877  0.000
   36 C  -0.0210 -0.0750   1.139  2.882  0.000
   37 C  -0.0223 -0.0768   1.140  2.882  0.000
   38 C  -0.0203 -0.0727   1.144  2.877  0.000
   39 H   0.1869  0.3619   0.813  0.000  0.000
   40 H   0.0398  0.1008   0.960  0.000  0.000
   41 H   0.0441  0.1040   0.956  0.000  0.000
   42 H   0.0582  0.1179   0.942  0.000  0.000
   43 H   0.0543  0.1139   0.946  0.000  0.000
   44 H   0.0456  0.1062   0.954  0.000  0.000
   45 H   0.0416  0.1026   0.958  0.000  0.000
   46 H   0.1870  0.3620   0.813  0.000  0.000
   47 H   0.0484  0.1107   0.952  0.000  0.000
   48 H   0.0485  0.1105   0.952  0.000  0.000
   49 H   0.0492  0.1086   0.951  0.000  0.000
   50 H   0.0421  0.1031   0.958  0.000  0.000
   51 H   0.1870  0.3620   0.813  0.000  0.000
   52 H   0.0489  0.1111   0.951  0.000  0.000
   53 H   0.0492  0.1103   0.951  0.000  0.000
   54 H   0.0508  0.1100   0.949  0.000  0.000
   55 H   0.0430  0.1040   0.957  0.000  0.000
   56 H   0.1872  0.3621   0.813  0.000  0.000
   57 H   0.0482  0.1104   0.952  0.000  0.000
   58 H   0.0463  0.1069   0.954  0.000  0.000
   59 H   0.0449  0.1034   0.955  0.000  0.000
   60 H   0.0476  0.1099   0.952  0.000  0.000
 Hirshfeld charges for QMDFF written to <charges>
 
 Loewdin charges    n(s)   n(p)   n(d)
    1 O  -0.3606   1.596  4.764  0.000
    2 C   0.2060   1.126  2.668  0.000
    3 O  -0.0859   1.357  4.729  0.000
    4 C  -0.0168   1.125  2.892  0.000
    5 C  -0.0196   1.089  2.931  0.000
    6 C  -0.0240   1.086  2.938  0.000
    7 C   0.0120   1.146  2.842  0.000
    8 C  -0.0442   1.084  2.960  0.000
    9 C   0.0057   1.197  2.797  0.000
   10 C  -0.0072   1.156  2.851  0.000
   11 C  -0.0164   1.085  2.932  0.000
   12 C  -0.0158   1.088  2.928  0.000
   13 C  -0.0136   1.125  2.888  0.000
   14 C   0.2073   1.126  2.667  0.000
   15 O  -0.3580   1.596  4.762  0.000
   16 O  -0.0849   1.356  4.729  0.000
   17 C  -0.0107   1.089  2.922  0.000
   18 C  -0.0187   1.089  2.930  0.000
   19 C  -0.0047   1.159  2.846  0.000
   20 C  -0.0179   1.085  2.933  0.000
   21 C  -0.0176   1.088  2.929  0.000
   22 C  -0.0157   1.125  2.890  0.000
   23 C   0.2065   1.126  2.668  0.000
   24 O  -0.3588   1.596  4.763  0.000
   25 O  -0.0847   1.356  4.728  0.000
   26 C  -0.0111   1.089  2.922  0.000
   27 C  -0.0178   1.087  2.930  0.000
   28 C  -0.0001   1.158  2.842  0.000
   29 C  -0.0176   1.084  2.934  0.000
   30 C  -0.0169   1.089  2.928  0.000
   31 C  -0.0162   1.125  2.891  0.000
   32 C   0.2063   1.126  2.668  0.000
   33 O  -0.3582   1.596  4.762  0.000
   34 O  -0.0852   1.356  4.729  0.000
   35 C  -0.0121   1.088  2.924  0.000
   36 C  -0.0178   1.086  2.932  0.000
   37 C  -0.0188   1.087  2.932  0.000
   38 C  -0.0128   1.089  2.924  0.000
   39 H   0.1541   0.846  0.000  0.000
   40 H   0.0315   0.969  0.000  0.000
   41 H   0.0358   0.964  0.000  0.000
   42 H   0.0537   0.946  0.000  0.000
   43 H   0.0490   0.951  0.000  0.000
   44 H   0.0368   0.963  0.000  0.000
   45 H   0.0331   0.967  0.000  0.000
   46 H   0.1542   0.846  0.000  0.000
   47 H   0.0387   0.961  0.000  0.000
   48 H   0.0398   0.960  0.000  0.000
   49 H   0.0411   0.959  0.000  0.000
   50 H   0.0335   0.967  0.000  0.000
   51 H   0.1542   0.846  0.000  0.000
   52 H   0.0391   0.961  0.000  0.000
   53 H   0.0408   0.959  0.000  0.000
   54 H   0.0422   0.958  0.000  0.000
   55 H   0.0342   0.966  0.000  0.000
   56 H   0.1543   0.846  0.000  0.000
   57 H   0.0385   0.961  0.000  0.000
   58 H   0.0375   0.963  0.000  0.000
   59 H   0.0363   0.964  0.000  0.000
   60 H   0.0380   0.962  0.000  0.000
 
 Wiberg/Mayer (AO) data. WBOs > 0.1 written file <wbo>
 largest (>0.05) Wiberg bond orders for each atom
           total WBO             WBO to atom ...
     1  O   2.026    C    2 1.706    O    3 0.169    C    4 0.057
     2  C   3.909    O    1 1.706    O    3 1.124    C    4 1.006
     3  O   2.306    C    2 1.124    H   39 0.952    O    1 0.169
     4  C   3.957    C   38 1.359    C    5 1.353    C    2 1.006    C    7 0.098    O    1 0.057
     5  C   3.973    C    6 1.458    C    4 1.353    H   40 0.946    C   37 0.101
     6  C   3.972    C    5 1.458    C    7 1.376    H   41 0.942    C   38 0.101
     7  C   3.948    C   37 1.379    C    6 1.376    C    8 0.986    C    4 0.098
     8  C   3.960    C    7 0.986    H   43 0.959    H   42 0.951    C    9 0.911
     9  C   3.913    C   10 0.938    C   19 0.928    C   28 0.923    C    8 0.911
    10  C   3.943    C   11 1.385    C   18 1.376    C    9 0.938    C   13 0.099
    11  C   3.971    C   12 1.451    C   10 1.385    H   44 0.942    C   17 0.101
    12  C   3.971    C   11 1.451    C   13 1.357    H   45 0.945    C   18 0.102
    13  C   3.957    C   17 1.358    C   12 1.357    C   14 1.003    C   10 0.099    O   15 0.057
    14  C   3.909    O   15 1.708    O   16 1.125    C   13 1.003
    15  O   2.029    C   14 1.708    O   16 0.170    C   13 0.057
    16  O   2.308    C   14 1.125    H   46 0.952    O   15 0.170
    17  C   3.971    C   18 1.451    C   13 1.358    H   47 0.944    C   11 0.101
    18  C   3.971    C   17 1.451    C   10 1.376    H   48 0.941    C   12 0.102
    19  C   3.941    C   27 1.384    C   20 1.377    C    9 0.928    C   22 0.099
    20  C   3.971    C   21 1.457    C   19 1.377    H   49 0.942    C   26 0.101
    21  C   3.972    C   20 1.457    C   22 1.353    H   50 0.945    C   27 0.101
    22  C   3.956    C   26 1.362    C   21 1.353    C   23 1.003    C   19 0.099    O   24 0.057
    23  C   3.909    O   24 1.707    O   25 1.125    C   22 1.003
    24  O   2.028    C   23 1.707    O   25 0.170    C   22 0.057
    25  O   2.308    C   23 1.125    H   51 0.952    O   24 0.170
    26  C   3.970    C   27 1.448    C   22 1.362    H   52 0.944    C   20 0.101
    27  C   3.970    C   26 1.448    C   19 1.384    H   53 0.940    C   21 0.101
    28  C   3.940    C   29 1.392    C   36 1.372    C    9 0.923    C   31 0.100
    29  C   3.969    C   30 1.444    C   28 1.392    H   54 0.943    C   35 0.100
    30  C   3.971    C   29 1.444    C   31 1.364    H   55 0.945    C   36 0.103
    31  C   3.957    C   30 1.364    C   35 1.351    C   32 1.003    C   28 0.100    O   33 0.057
    32  C   3.909    O   33 1.708    O   34 1.125    C   31 1.003
    33  O   2.029    C   32 1.708    O   34 0.170    C   31 0.057
    34  O   2.307    C   32 1.125    H   56 0.952    O   33 0.170
    35  C   3.971    C   36 1.463    C   31 1.351    H   57 0.944    C   29 0.100
    36  C   3.971    C   35 1.463    C   28 1.372    H   58 0.943    C   30 0.103
    37  C   3.972    C   38 1.453    C    7 1.379    H   59 0.944    C    5 0.101
    38  C   3.972    C   37 1.453    C    4 1.359    H   60 0.945    C    6 0.101
    39  H   0.965    O    3 0.952
    40  H   0.997    C    5 0.946
    41  H   0.997    C    6 0.942
    42  H   0.993    C    8 0.951
    43  H   0.995    C    8 0.959
    44  H   0.997    C   11 0.942
    45  H   0.997    C   12 0.945
    46  H   0.965    O   16 0.952
    47  H   0.996    C   17 0.944
    48  H   0.996    C   18 0.941
    49  H   0.996    C   20 0.942
    50  H   0.997    C   21 0.945
    51  H   0.965    O   25 0.952
    52  H   0.996    C   26 0.944
    53  H   0.996    C   27 0.940
    54  H   0.996    C   29 0.943
    55  H   0.996    C   30 0.945
    56  H   0.965    O   34 0.952
    57  H   0.996    C   35 0.944
    58  H   0.996    C   36 0.943
    59  H   0.996    C   37 0.944
    60  H   0.996    C   38 0.945
 
 --------------------------------------------
          xTB calculation for sTDA...
 --------------------------------------------
 
 reading parameter file /home/penavora/Exe_xtb_crest/.param_stda2.xtb
 
      method parameters     
 k(s)        :  1.6000
 k(p)        :  2.1800
 k(d)        :  1.9500
 k(f)        :  2.0000
 k(R-V)      :  2.2750
 k(R-R)      :  1.7650
 Tscal       :  0.2580
 Gscal       :  1.0000
 fpol        :  1.0000
 Zcnf        :  0.3430
 Zqf         :  0.0000
 kcn         :  2.7000
 Ryd Hsplit  :  0.7000
 lshift(virt):  3.1000
 lshift(OS)  :  0.2000
 wllscaling  :  2.6000
 
 mowrcut     : 3.000
 
  Z AO/shell   Hii/eV     exponent
  1     Sun Feb 14 09:53:25 CET 2016    EN: 2.327 GAM: 0.473  GM3: 0.0000
     1s    -14.339618    1.220000
     2sp    -3.348946    0.600000
  6     Sun Feb 14 09:53:25 CET 2016    EN: 2.731 GAM: 0.422  GM3: 0.0000
     2s    -22.009312    1.565095
     2p    -13.020408    1.596905
     3sp    -3.914040    0.824500
  8     Sun Feb 14 09:53:25 CET 2016    EN: 3.700 GAM: 0.587  GM3: 0.0000
     2s    -33.859000    2.418661
     2p    -22.175911    1.973969
     3sp    -4.259392    1.013700
 
 Nbf   :          414
 T(el) :     0.0
 calculating S/T integrals ...
 cpu time for ints    8.26106200000000     
 Nao   :          414
 making H0...
 making H1...
 cpu time for H      0.471475000000000     
 solving ...
 cpu time for diag   0.657622000000000     
 
 gap (eV)           :   8.646
 Koopmans IP (eV)   :  15.853
 Eel (Eh)           :  -170.608159

          eigenvalues
 #    :          83         84         85         86         87         88         89         90
 occ. :        2.000      2.000      2.000      2.000      2.000      2.000      2.000      2.000
 eps  :       -18.357    -17.209    -17.187    -17.183    -17.166    -16.501    -16.435    -16.380
 #    :          91         92         93         94         95         96         97         98
 occ. :        2.000      2.000      2.000      2.000      2.000      0.000      0.000      0.000
 eps  :       -16.321    -16.271    -16.066    -15.983    -15.854     -7.207     -7.092     -6.982
 #    :          99        100        101        102        103        104        105        106
 occ. :        0.000      0.000      0.000      0.000      0.000      0.000      0.000      0.000
 eps  :        -6.882     -5.995     -5.947     -5.867     -5.752     -5.146     -4.905     -4.806
                            1  SCC done.
 writing mo output ...
 molden style : F
 
speedup 27.32
cpu  time for all   13.88 s
wall time for all    0.51 s
