  103
 Etot=        -158.0272308818
 C          0.7163695340        7.6396856839        4.7184191310
 C         -0.0428766358        7.4310385464        5.8603067902
 N         -0.7337506696        6.3241389536        6.0739915498
 C         -0.7039383211        5.3796459733        5.1547587531
 C          0.0131413558        5.4769737496        3.9603967083
 C          0.0008518819        4.3923088641        2.9729611396
 C          1.1690693716        4.0203684883        2.3104898650
 C          1.1534144360        2.9961322015        1.3852324274
 C         -0.0220006058        2.3135186523        1.0820373314
 Si        -0.0241799319        0.9358950732       -0.2167849417
 C         -0.1022620764        1.6841820706       -1.9544060041
 C          0.2620954883        3.0049258540       -2.1973369624
 C          0.2160112626        3.5386993682       -3.4700740704
 C         -0.1931097935        2.7587599651       -4.5496431709
 C         -0.2445130939        3.3205651709       -5.9036562496
 C          0.1662262950        2.5896674654       -7.0174987323
 C          0.0969447156        3.1695637748       -8.2716314744
 C         -0.3798250838        4.4681439556       -8.3728126814
 N         -0.7798790004        5.1723217929       -7.3276735194
 C         -0.7154593562        4.6147758987       -6.1348091937
 C         -0.5597914696        1.4350337488       -4.3144855817
 C         -0.5169168564        0.9129678852       -3.0373808102
 C         -1.5346406016       -0.1786237939        0.0260540382
 C         -2.7839375794        0.2162167200       -0.4465093531
 C         -3.9037855755       -0.5696241430       -0.2630695517
 C         -3.7985971799       -1.7816203056        0.4148038071
 N         -4.9303612556       -2.5817469496        0.6111155229
 C         -6.1415036983       -2.1574397909        1.1223967275
 C         -6.5125805106       -0.9068557720        1.5951286094
 C         -7.7951220835       -0.7574997563        2.0870072717
 C         -8.6908937282       -1.8238625031        2.1198046432
 C         -8.3194553285       -3.0764096114        1.6739820076
 C         -7.0354083854       -3.2513639143        1.1751950931
 C         -6.3215137624       -4.3872057823        0.6626319811
 C         -6.6659676732       -5.7157587252        0.4518195577
 C         -5.7236258232       -6.5650271681       -0.0925878395
 C         -4.4571305602       -6.1005990580       -0.4402473248
 C         -4.0910938845       -4.7833266562       -0.2402468647
 C         -5.0254037622       -3.9308636006        0.3303369945
 C         -2.5565299897       -2.1905741597        0.8925521879
 C         -1.4445314047       -1.3966228224        0.6926543237
 C          1.5660943418       -0.0725663083       -0.0217004963
 C          2.0400603154       -0.4029305577        1.2455865507
 C          3.1872645724       -1.1524173661        1.4119169065
 C          3.9033680876       -1.5831564270        0.2979092621
 N          5.0733121131       -2.3352528932        0.4572436193
 C          5.3685622416       -3.5189385566       -0.1906221187
 C          4.5961816109       -4.2603588461       -1.0732087999
 C          5.1262041595       -5.4397534900       -1.5603635060
 C          6.3898953798       -5.8831523786       -1.1767961756
 C          7.1523285259       -5.1628499302       -0.2793001793
 C          6.6410581973       -3.9740916278        0.2243258967
 C          7.1338065796       -3.0071450886        1.1649267271
 C          8.3130008074       -2.8950137456        1.8895738135
 C          8.4836745841       -1.7976842873        2.7095334179
 C          7.5034317338       -0.8119940896        2.7997143826
 C          6.3221377178       -0.9012565172        2.0885693627
 C          6.1339258220       -2.0146342826        1.2822295103
 C          3.4469526774       -1.2540432798       -0.9755725823
 C          2.2907592097       -0.5138575049       -1.1244788826
 C         -1.1838262917        2.6897984717        1.7489392558
 C         -1.1772849049        3.7081591815        2.6815035656
 C          0.7422983206        6.6472686923        3.7548990835
 H          1.2670913292        8.5580446125        4.5839741179
 H         -0.1037969789        8.1787076718        6.6399457178
 H         -1.2688682143        4.4856670974        5.3865696725
 H          2.0969899167        4.5247270072        2.5404973693
 H          2.0713058929        2.7129007953        0.8888540437
 H          0.5836394496        3.6241511946       -1.3720824628
 H          0.5176690587        4.5626585017       -3.6373864834
 H          0.5532712859        1.5877073937       -6.8955446730
 H          0.4122264023        2.6291189380       -9.1509937914
 H         -0.4462200256        4.9703733136       -9.3287976502
 H         -1.0743592395        5.2246191302       -5.3154391976
 H         -0.9014176366        0.8214539366       -5.1361172816
 H         -0.8168329988       -0.1124157008       -2.8711799083
 H         -2.8751783384        1.1516698653       -0.9804602984
 H         -4.8614557861       -0.2604920898       -0.6553865967
 H         -5.8204291643       -0.0782888499        1.5914911434
 H         -8.1087903510        0.2071364326        2.4580867614
 H         -9.6854587849       -1.6656357955        2.5094585940
 H         -9.0075366849       -3.9072744901        1.7147376725
 H         -7.6531684008       -6.0710982740        0.7059858493
 H         -5.9699254523       -7.6026653486       -0.2619871233
 H         -3.7459042887       -6.7847619224       -0.8792889214
 H         -3.1130022476       -4.4296629452       -0.5299924262
 H         -2.4748451183       -3.1223986665        1.4324495324
 H         -0.4853274521       -1.7257544110        1.0654573357
 H          1.4961477474       -0.0668931095        2.1171671244
 H          3.5287394636       -1.4209759143        2.4007790277
 H          3.6082143963       -3.9350459816       -1.3626900923
 H          4.5457472162       -6.0331850280       -2.2514546954
 H          6.7698757574       -6.8089135349       -1.5825578444
 H          8.1245405173       -5.5145148013        0.0314562774
 H          9.0793641077       -3.6507827651        1.8062741543
 H          9.3920588498       -1.6924830613        3.2838165140
 H          7.6718146519        0.0434296745        3.4373329895
 H          5.5770481328       -0.1224728335        2.1517955099
 H          4.0129083519       -1.5672765525       -1.8405291631
 H          1.9487732933       -0.2595440620       -2.1174038533
 H         -2.1073921548        2.1716763848        1.5335942235
 H         -2.0945848000        3.9934295745        3.1761088148
 H          1.3041515983        6.7822002834        2.8412503010
  103
 Etot=        -158.0272309093
 C          0.7163710666        7.6396883578        4.7184320309
 C         -0.0428730508        7.4310271684        5.8603038310
 N         -0.7337540126        6.3241478303        6.0739942245
 C         -0.7039400037        5.3796388457        5.1547525397
 C          0.0131402472        5.4769745908        3.9603968561
 C          0.0008555329        4.3923080892        2.9729572354
 C          1.1690667276        4.0203699057        2.3104770744
 C          1.1534164815        2.9961387366        1.3852273073
 C         -0.0220013121        2.3135238347        1.0820422991
 Si        -0.0241811833        0.9358948118       -0.2167825807
 C         -0.1022650673        1.6841843791       -1.9544141380
 C          0.2620916382        3.0049249787       -2.1973373565
 C          0.2160146803        3.5386968206       -3.4700681366
 C         -0.1931099063        2.7587607463       -4.5496410840
 C         -0.2445141382        3.3205647917       -5.9036570574
 C          0.1662291460        2.5896623298       -7.0174961033
 C          0.0969458832        3.1695707076       -8.2716385124
 C         -0.3798116825        4.4681441405       -8.3727968297
 N         -0.7798789240        5.1723247962       -7.3276866755
 C         -0.7154721017        4.6147781868       -6.1348002030
 C         -0.5597978722        1.4350331616       -4.3144831648
 C         -0.5169178995        0.9129689323       -3.0373798491
 C         -1.5346454711       -0.1786269282        0.0260567698
 C         -2.7839454214        0.2162163241       -0.4465041551
 C         -3.9037823085       -0.5696290028       -0.2630665145
 C         -3.7985923218       -1.7816189429        0.4148111882
 N         -4.9303567114       -2.5817508422        0.6111150325
 C         -6.1414980077       -2.1574446894        1.1223948206
 C         -6.5125722101       -0.9068541635        1.5951250302
 C         -7.7951241925       -0.7574947892        2.0870054162
 C         -8.6908855951       -1.8238639186        2.1197965719
 C         -8.3194600349       -3.0764030098        1.6739894738
 C         -7.0354013576       -3.2513721885        1.1751964621
 C         -6.3215194330       -4.3872066411        0.6626400114
 C         -6.6659651596       -5.7157635313        0.4518053590
 C         -5.7236365052       -6.5650241467       -0.0925920737
 C         -4.4571297672       -6.1006067249       -0.4402521992
 C         -4.0910953420       -4.7833318222       -0.2402437995
 C         -5.0253958998       -3.9308796550        0.3303404703
 C         -2.5565254729       -2.1905726982        0.8925608696
 C         -1.4445300175       -1.3966245784        0.6926569593
 C          1.5660949032       -0.0725684097       -0.0217025401
 C          2.0400554446       -0.4029380027        1.2455890229
 C          3.1872574860       -1.1524204935        1.4119196987
 C          3.9033630623       -1.5831649991        0.2979083000
 N          5.0733228122       -2.3352247553        0.4572127890
 C          5.3685611035       -3.5189297694       -0.1906154546
 C          4.5961767885       -4.2603478774       -1.0732140553
 C          5.1262033408       -5.4397542774       -1.5603669908
 C          6.3898916606       -5.8831507946       -1.1767859893
 C          7.1523170303       -5.1628614836       -0.2792931397
 C          6.6410532702       -3.9740883262        0.2243380777
 C          7.1338047471       -3.0071506461        1.1649204557
 C          8.3130075729       -2.8950033751        1.8895753052
 C          8.4836745578       -1.7976873788        2.7095265536
 C          7.5034402041       -0.8119933664        2.7997181358
 C          6.3221381730       -0.9012538593        2.0885646674
 C          6.1339281857       -2.0146328554        1.2822444603
 C          3.4469503868       -1.2540390057       -0.9755715411
 C          2.2907651512       -0.5138560248       -1.1244815569
 C         -1.1838216262        2.6897959989        1.7489403062
 C         -1.1772836188        3.7081529542        2.6815035258
 C          0.7423033674        6.6472735264        3.7548888167
 H          1.2670937921        8.5580444975        4.5839783317
 H         -0.1037970337        8.1787076500        6.6399517269
 H         -1.2688760727        4.4856688004        5.3865594050
 H          2.0969899557        4.5247299079        2.5404911381
 H          2.0713041571        2.7129025416        0.8888484178
 H          0.5836419826        3.6241498993       -1.3720810192
 H          0.5176696496        4.5626596383       -3.6373868525
 H          0.5532708910        1.5877087176       -6.8955424482
 H          0.4122274240        2.6291167689       -9.1509916864
 H         -0.4462196783        4.9703768867       -9.3288043182
 H         -1.0743580277        5.2246183506       -5.3154394220
 H         -0.9014233275        0.8214574411       -5.1361181298
 H         -0.8168397741       -0.1124140304       -2.8711767535
 H         -2.8751826810        1.1516686480       -0.9804559157
 H         -4.8614600793       -0.2604989974       -0.6553821166
 H         -5.8204201013       -0.0782913565        1.5914943910
 H         -8.1087832031        0.2071409844        2.4580803330
 H         -9.6854608204       -1.6656274020        2.5094528685
 H         -9.0075389765       -3.9072735270        1.7147374277
 H         -7.6531756187       -6.0710991844        0.7059871619
 H         -5.9699323775       -7.6026692340       -0.2619988957
 H         -3.7459088016       -6.7847659207       -0.8792946121
 H         -3.1129994356       -4.4296702197       -0.5299885441
 H         -2.4748389278       -3.1224018579        1.4324522257
 H         -0.4853234720       -1.7257481793        1.0654586457
 H          1.4961452648       -0.0668913386        2.1171639053
 H          3.5287412675       -1.4209686582        2.4007784534
 H          3.6082116487       -3.9350456311       -1.3626936771
 H          4.5457407728       -6.0331796738       -2.2514479640
 H          6.7698672921       -6.8089159434       -1.5825536856
 H          8.1245421366       -5.5145129860        0.0314635080
 H          9.0793597350       -3.6507941713        1.8062750838
 H          9.3920645272       -1.6924846922        3.2838195518
 H          7.6718202973        0.0434299181        3.4373265471
 H          5.5770588448       -0.1224651446        2.1517949413
 H          4.0129080749       -1.5672773795       -1.8405286357
 H          1.9487659990       -0.2595493787       -2.1174034561
 H         -2.1073876970        2.1716718867        1.5335941338
 H         -2.0945826565        3.9934303294        3.1761090473
 H          1.3041557885        6.7822012494        2.8412556724
