 
        ______________________________________
       |                                      |
       |          ===================         |
       |             xTB for sTDA             |
       |          ===================         |
       |               S. Grimme              |
       |        Universitaet Bonn, MCTC       |
       |         2015-19, Version 1.0         |
       |     Wed Apr  3 09:14:55 CEST 2019    |
       |______________________________________|
 
        This code comes without any warranty
        for non-commercial, academia use only.
        Preliminary test version.
        Cite this work as:
        S. Grimme  &  C. Bannwarth, JCP 145 (2016) 054103
        if GBSA is used additionally:
        P. Shushkov, F. März, C. Bannwarth, S. Grimme, unpublished.
 
        with help from
        P. Shushkov, G. Brandenburg, S. Dohm, J. Pisarek,
        F. März, M. Checinski, S. Ehrlich, S. Spicher, 
        P. Pracht, E. Caldeweyher, S. Ehlert, and C. Bannwarth.
 
        usage        :
        xtb4stda <coord_file> [options]
        where <coord_file> is a valid file of TM)
        (*coord, Bohr) or xmol (*xyz, Angstroem)
        format.

        options:
        -chrg <int>   : molecular charge
        -uhf  <int>   : # of unpaired electrons(=2*S)
        -nox          : skip second, extended part in sTDA-xTB
        -pop          : do population analysis
                      : (default for -nox)
        -mowr <real>  : cut MO write above (def.3 Eh)
        -molden       : write formatted molden file
        -parx <file>  : read parameters for sTDA-xTB
                        calc (def:~/.param_stda2.xtb)
        -parv <file>  : read parameters for vTB part in
                        sTDA-xTB (def: ~/.param_stda1.xtb)
        -xtemp <real> : el. temp for xTB (def. 0 K)
        -etemp <real> : el. temp for GFN (def. 300 K)
        -fod          : calculate the FOD and write
                        molden.input file with
                        appropriate occupations
                        for plotting. Def. T=12500 K
 
        -acc <real>   : xTB accuracy (def. 1.0)
        -gbsa [string1] [string2]
                        use GBSA implicit solvent
                        for solvent [string1] and
                        solvation state [string2]=
                        reference, bar1M (default=1M)
        additional GFN/opt/MD/siman options read from
        $XTB4STDAHOME/.xtb4stdarc or $set in input
 
       spin and charge state information can be on:
       <.CHRG> (charge) and <.UHF> (=nalpha-nbeta)
       -uhf and -chrg override the file info.
       useful machine settings:
       setenv MKL_NUM_THREADS <NCORE_ON_YOUR_MACHINE>
       setenv OMP_STACKSIZE 500m
       limit stacksize unlimited
 
       total energies in Eh, gaps/HL energies in eV
       please read REVISION and HOWTO files carefully
 =============================
  # OMP threads =          48
 =============================
 
 xtb4stdahome directory:/home/penavora/Exe_xtb_crest/
 
 
 name of molecule           :
 comment line               :
 number of atoms            :    50
 number of electrons        :   132
 charge                     :  0
 spin                       : 0.0
 first test random number   :  0.8614
 
 -----------------------------------------
      charge density (VTB) calculation
 -----------------------------------------
 
      method parameters     
 k(s)        :  1.8000
 k(p)        :  2.8350
 k(d)        :  2.0860
 k(f)        :  2.0000
 Tscal       :  0.3300
 Gscal       :  0.3910
 fpol        :  1.0000
 Zcnf        :  0.6500
 Zqf         :  0.0000
 kcn         :  0.3000
 kEN1        : -0.5900
 wllscal     :  2.6000
 
     -------------------------
     ! NO SOLVENT MODEL USED !
     -------------------------
 
 doing EN charges ...
 sum q :  0.6661338D-15
 point charge moment (au)
     X       Y       Z   
  -0.3461  -0.2231  -0.3634  total (Debye):    1.396
 
            Z      q(EN)   CN      Cart. coordinates
     1  C   4.0  -0.143   3.042   -14.32634    -3.97237    -0.89977
     2  C   4.0  -0.072   3.090   -12.46576    -3.32051     0.65190
     3  C   4.0  -0.005   3.181   -10.65876    -1.27274     0.29220
     4  C   4.0  -0.074   3.192    -8.97552    -0.69630     2.23897
     5  C   4.0  -0.072   3.180    -7.24184     1.23811     1.99984
     6  C   4.0   0.009   3.176    -7.11924     2.64308    -0.21172
     7  C   4.0  -0.120   4.125    -5.25158     4.78113    -0.48698
     8  O   6.0  -0.132   2.068    -3.11441     4.59188     1.08890
     9  C   4.0   0.066   3.219    -1.40359     2.71301     0.63743
    10  C   4.0  -0.070   3.170    -1.61342     0.88047    -1.22504
    11  C   4.0  -0.072   3.187     0.26585    -0.92372    -1.51067
    12  C   4.0   0.004   3.267     2.38351    -0.95255     0.02664
    13  C   4.0  -0.034   4.135     4.46485    -2.92367    -0.16426
    14  C   4.0  -0.244   4.107     4.35845    -4.45297    -2.62802
    15  C   4.0  -0.244   4.107     4.10786    -4.75190     2.06059
    16  C   4.0   0.004   3.268     7.00610    -1.58315    -0.11963
    17  C   4.0  -0.072   3.184     9.03941    -2.38338     1.33328
    18  C   4.0  -0.071   3.166    11.33357    -1.13709     1.25429
    19  C   4.0   0.068   3.161    11.64891     0.95318    -0.30118
    20  O   6.0  -0.208   2.041    13.93674     2.13559    -0.32795
    21  C   4.0  -0.069   3.160     9.63314     1.76762    -1.77280
    22  C   4.0  -0.072   3.200     7.35047     0.50698    -1.67625
    23  C   4.0  -0.072   3.199     2.56369     0.88935     1.90164
    24  C   4.0  -0.069   3.172     0.71426     2.69210     2.20781
    25  C   4.0  -0.072   3.177    -8.77603     2.07462    -2.16962
    26  C   4.0  -0.074   3.183   -10.52206     0.15453    -1.92201
    27  H   1.0   0.073   1.001   -15.57540    -5.51709    -0.46135
    28  H   1.0   0.073   1.001   -14.69323    -3.00533    -2.65150
    29  H   1.0   0.072   1.006   -12.22191    -4.36581     2.39563
    30  H   1.0   0.075   1.005    -9.03965    -1.77764     3.97070
    31  H   1.0   0.075   1.006    -5.96036     1.66330     3.53046
    32  H   1.0   0.080   1.001    -6.15589     6.55388     0.09373
    33  H   1.0   0.079   1.000    -4.67763     4.97766    -2.47470
    34  H   1.0   0.076   1.007    -3.23591     0.81303    -2.45796
    35  H   1.0   0.076   1.006     0.03042    -2.31768    -2.97877
    36  H   1.0   0.083   1.000     4.37781    -3.21185    -4.26512
    37  H   1.0   0.083   0.999     2.67556    -5.63072    -2.69192
    38  H   1.0   0.082   1.000     6.00555    -5.68036    -2.73519
    39  H   1.0   0.083   1.000     4.41245    -3.79627     3.85327
    40  H   1.0   0.082   1.000     2.18271    -5.47607     2.03884
    41  H   1.0   0.083   0.999     5.39438    -6.34802     1.91762
    42  H   1.0   0.076   1.006     8.86223    -3.99962     2.56101
    43  H   1.0   0.075   1.005    12.90662    -1.76082     2.39041
    44  H   1.0   0.133   1.012    13.88199     3.54689    -1.48030
    45  H   1.0   0.073   1.004     9.85581     3.39437    -2.99346
    46  H   1.0   0.076   1.006     5.79699     1.17386    -2.82085
    47  H   1.0   0.076   1.006     4.19710     0.91736     3.12601
    48  H   1.0   0.075   1.005     0.86406     4.11982     3.65544
    49  H   1.0   0.074   1.005    -8.69111     3.15211    -3.90416
    50  H   1.0   0.075   1.005   -11.78007    -0.25031    -3.47448
 
  Z AO/shell   Hii/eV     exponent
  1     Sat Feb 20 21:38:01 CET 2016    EN: 2.327 GAM: 0.473  GM3: 0.0000
     1s    -13.751157    1.051071
  6     Sat Feb 20 21:38:01 CET 2016    EN: 2.731 GAM: 0.422  GM3: 0.0000
     2s    -19.378245    2.021003
     2p    -11.993376    1.497917
  8     Sat Feb 20 21:38:01 CET 2016    EN: 3.700 GAM: 0.587  GM3: 0.0000
     2s    -21.648843    2.110798
     2p    -17.239740    2.329048
 
 dipole moment of classical point charges (au)
     X       Y       Z   
  -0.3461  -0.2231  -0.3634  total (Debye):    1.396

 
 Nbf   :          128
 T(el) :   300.0
 calculating S/T integrals ...
 cpu time for ints   0.676555000000000     
 Nao   :          128
 making H0...
 making H1...
 cpu time for H      5.112400000000017E-002
 solving ...
 cpu time for diag   0.612756000000000     
 
 gap (eV)           :   7.151
 Koopmans IP (eV)   :  14.099
 Eel (Eh)           :  -102.622590
 T,E(Fermi),NFOD :    300.000   -10.524  0.000000
 T,E(Fermi),NFOD :    300.000   -10.524  0.000000
 Nfod               :  0.0000
 Nfod/Nel           :  0.0000

          eigenvalues
 #    :          54         55         56         57         58         59         60         61
 occ. :        2.000      2.000      2.000      2.000      2.000      2.000      2.000      2.000
 eps  :       -17.839    -17.785    -17.292    -17.142    -17.116    -16.873    -16.637    -15.620
 #    :          62         63         64         65         66         67         68         69
 occ. :        2.000      2.000      2.000      2.000      2.000      0.000      0.000      0.000
 eps  :       -15.588    -15.544    -14.369    -14.325    -14.100     -6.949     -6.565     -5.522
 #    :          70         71         72         73         74         75         76         77
 occ. :        0.000      0.000      0.000      0.000      0.000      0.000      0.000      0.000
 eps  :        -5.469     -5.351     -5.309     -5.292     -5.253     -3.522     -3.248     -2.458
                            1  SCC done.
 making H1...
 cpu time for H      0.662442000000000     
 solving ...
 cpu time for diag   0.295699000000000     
 
 gap (eV)           :   6.870
 Koopmans IP (eV)   :  13.703
 Eel (Eh)           :  -101.868963
 T,E(Fermi),NFOD :    300.000   -10.268  0.000000
 T,E(Fermi),NFOD :    300.000   -10.268  0.000000
 Nfod               :  0.0000
 Nfod/Nel           :  0.0000

          eigenvalues
 #    :          54         55         56         57         58         59         60         61
 occ. :        2.000      2.000      2.000      2.000      2.000      2.000      2.000      2.000
 eps  :       -17.792    -17.620    -16.953    -16.790    -16.510    -16.371    -16.189    -15.487
 #    :          62         63         64         65         66         67         68         69
 occ. :        2.000      2.000      2.000      2.000      2.000      0.000      0.000      0.000
 eps  :       -15.406    -15.339    -14.264    -13.898    -13.704     -6.834     -6.476     -5.531
 #    :          70         71         72         73         74         75         76         77
 occ. :        0.000      0.000      0.000      0.000      0.000      0.000      0.000      0.000
 eps  :        -5.293     -5.209     -5.156     -5.118     -5.060     -3.347     -3.113     -2.360
                            2  SCC done.
 
 
 Mulliken/CM5 charges    n(s)   n(p)   n(d)   
    1 C  -0.0812 -0.1849   1.112  2.969  0.000
    2 C  -0.0307 -0.0888   1.138  2.893  0.000
    3 C  -0.0063 -0.0180   1.161  2.845  0.000
    4 C  -0.0390 -0.0929   1.142  2.897  0.000
    5 C  -0.0405 -0.0936   1.136  2.904  0.000
    6 C   0.0013 -0.0128   1.185  2.813  0.000
    7 C   0.0423 -0.0320   1.125  2.833  0.000
    8 O  -0.1556 -0.2425   1.461  4.694  0.000
    9 C   0.0729  0.0886   1.155  2.772  0.000
   10 C  -0.0571 -0.1095   1.135  2.922  0.000
   11 C  -0.0466 -0.1014   1.139  2.907  0.000
   12 C  -0.0239 -0.0359   1.186  2.837  0.000
   13 C   0.0236  0.0004   1.224  2.752  0.000
   14 C  -0.0977 -0.2454   1.105  2.992  0.000
   15 C  -0.0972 -0.2449   1.105  2.992  0.000
   16 C  -0.0257 -0.0376   1.186  2.840  0.000
   17 C  -0.0466 -0.1012   1.139  2.907  0.000
   18 C  -0.0514 -0.1028   1.131  2.920  0.000
   19 C   0.0696  0.0809   1.155  2.775  0.000
   20 O  -0.1753 -0.3754   1.407  4.768  0.000
   21 C  -0.0615 -0.1139   1.137  2.925  0.000
   22 C  -0.0441 -0.0981   1.141  2.903  0.000
   23 C  -0.0438 -0.0977   1.141  2.903  0.000
   24 C  -0.0489 -0.1000   1.133  2.916  0.000
   25 C  -0.0454 -0.0999   1.136  2.909  0.000
   26 C  -0.0383 -0.0922   1.139  2.899  0.000
   27 H   0.0413  0.0948   0.959  0.000  0.000
   28 H   0.0330  0.0877   0.967  0.000  0.000
   29 H   0.0355  0.0931   0.964  0.000  0.000
   30 H   0.0377  0.0952   0.962  0.000  0.000
   31 H   0.0401  0.1018   0.960  0.000  0.000
   32 H   0.0516  0.1165   0.948  0.000  0.000
   33 H   0.0472  0.1110   0.953  0.000  0.000
   34 H   0.0393  0.1012   0.961  0.000  0.000
   35 H   0.0421  0.1011   0.958  0.000  0.000
   36 H   0.0359  0.0903   0.964  0.000  0.000
   37 H   0.0337  0.0874   0.966  0.000  0.000
   38 H   0.0344  0.0882   0.966  0.000  0.000
   39 H   0.0367  0.0911   0.963  0.000  0.000
   40 H   0.0341  0.0880   0.966  0.000  0.000
   41 H   0.0339  0.0876   0.966  0.000  0.000
   42 H   0.0410  0.1000   0.959  0.000  0.000
   43 H   0.0370  0.0968   0.963  0.000  0.000
   44 H   0.1655  0.3389   0.835  0.000  0.000
   45 H   0.0323  0.0909   0.968  0.000  0.000
   46 H   0.0408  0.1005   0.959  0.000  0.000
   47 H   0.0405  0.1002   0.959  0.000  0.000
   48 H   0.0363  0.0965   0.964  0.000  0.000
   49 H   0.0355  0.0928   0.965  0.000  0.000
   50 H   0.0415  0.0998   0.958  0.000  0.000
 Hirshfeld charges for QMDFF written to <charges>
 
 Loewdin charges    n(s)   n(p)   n(d)
    1 C  -0.0774   1.047  3.031  0.000
    2 C  -0.0210   1.083  2.938  0.000
    3 C  -0.0002   1.117  2.883  0.000
    4 C  -0.0334   1.089  2.944  0.000
    5 C  -0.0363   1.083  2.954  0.000
    6 C   0.0083   1.142  2.850  0.000
    7 C   0.0356   1.069  2.895  0.000
    8 O  -0.1184   1.424  4.694  0.000
    9 C   0.0647   1.119  2.816  0.000
   10 C  -0.0561   1.083  2.973  0.000
   11 C  -0.0409   1.086  2.955  0.000
   12 C  -0.0212   1.145  2.876  0.000
   13 C   0.0351   1.183  2.782  0.000
   14 C  -0.1026   1.035  3.068  0.000
   15 C  -0.1020   1.034  3.068  0.000
   16 C  -0.0231   1.145  2.878  0.000
   17 C  -0.0408   1.086  2.955  0.000
   18 C  -0.0496   1.079  2.971  0.000
   19 C   0.0646   1.118  2.817  0.000
   20 O  -0.1313   1.354  4.777  0.000
   21 C  -0.0596   1.085  2.975  0.000
   22 C  -0.0380   1.087  2.951  0.000
   23 C  -0.0376   1.087  2.951  0.000
   24 C  -0.0468   1.080  2.966  0.000
   25 C  -0.0404   1.083  2.958  0.000
   26 C  -0.0336   1.086  2.948  0.000
   27 H   0.0371   0.963  0.000  0.000
   28 H   0.0298   0.970  0.000  0.000
   29 H   0.0280   0.972  0.000  0.000
   30 H   0.0303   0.970  0.000  0.000
   31 H   0.0319   0.968  0.000  0.000
   32 H   0.0451   0.955  0.000  0.000
   33 H   0.0416   0.958  0.000  0.000
   34 H   0.0323   0.968  0.000  0.000
   35 H   0.0351   0.965  0.000  0.000
   36 H   0.0357   0.964  0.000  0.000
   37 H   0.0341   0.966  0.000  0.000
   38 H   0.0343   0.966  0.000  0.000
   39 H   0.0364   0.964  0.000  0.000
   40 H   0.0340   0.966  0.000  0.000
   41 H   0.0344   0.966  0.000  0.000
   42 H   0.0339   0.966  0.000  0.000
   43 H   0.0292   0.971  0.000  0.000
   44 H   0.1363   0.864  0.000  0.000
   45 H   0.0261   0.974  0.000  0.000
   46 H   0.0330   0.967  0.000  0.000
   47 H   0.0328   0.967  0.000  0.000
   48 H   0.0285   0.972  0.000  0.000
   49 H   0.0284   0.972  0.000  0.000
   50 H   0.0342   0.966  0.000  0.000
 
 Wiberg/Mayer (AO) data. WBOs > 0.1 written file <wbo>
 largest (>0.05) Wiberg bond orders for each atom
           total WBO             WBO to atom ...
     1  C   3.981    C    2 1.916    H   27 0.962    H   28 0.962    C    4 0.057
     2  C   3.972    C    1 1.916    C    3 1.057    H   29 0.943
     3  C   3.962    C    4 1.360    C   26 1.351    C    2 1.057    C    6 0.100
     4  C   3.974    C    5 1.449    C    3 1.360    H   30 0.945    C   25 0.102    C    1 0.057
     5  C   3.973    C    4 1.449    C    6 1.391    H   31 0.946    C   26 0.103
     6  C   3.950    C    5 1.391    C   25 1.383    C    7 0.964    C    3 0.100
     7  C   3.944    O    8 0.982    C    6 0.964    H   32 0.961    H   33 0.958
     8  O   2.228    C    9 1.038    C    7 0.982    C   10 0.053
     9  C   3.938    C   10 1.377    C   24 1.354    O    8 1.038    C   12 0.101
    10  C   3.970    C   11 1.427    C    9 1.377    H   34 0.943    C   23 0.105    O    8 0.053
    11  C   3.972    C   10 1.427    C   12 1.407    H   35 0.944    C   24 0.105
    12  C   3.948    C   11 1.407    C   23 1.370    C   13 0.936    C    9 0.101
    13  C   3.924    C   15 0.963    C   14 0.963    C   12 0.936    C   16 0.936
    14  C   3.979    H   38 0.978    H   36 0.977    H   37 0.977    C   13 0.963
    15  C   3.979    H   40 0.978    H   39 0.977    H   41 0.977    C   13 0.963
    16  C   3.949    C   17 1.392    C   22 1.385    C   13 0.936    C   19 0.100
    17  C   3.973    C   18 1.445    C   16 1.392    H   42 0.945    C   21 0.104
    18  C   3.972    C   17 1.445    C   19 1.369    H   43 0.946    C   22 0.106
    19  C   3.941    C   18 1.369    C   21 1.359    O   20 1.053    C   16 0.100
    20  O   2.179    C   19 1.053    H   44 0.960    C   21 0.056
    21  C   3.971    C   22 1.450    C   19 1.359    H   45 0.945    C   17 0.104    O   20 0.056
    22  C   3.974    C   21 1.450    C   16 1.385    H   46 0.944    C   18 0.106
    23  C   3.973    C   24 1.468    C   12 1.370    H   47 0.945    C   10 0.105
    24  C   3.972    C   23 1.468    C    9 1.354    H   48 0.947    C   11 0.105
    25  C   3.974    C   26 1.457    C    6 1.383    H   49 0.946    C    4 0.102
    26  C   3.974    C   25 1.457    C    3 1.351    H   50 0.944    C    5 0.103
    27  H   0.996    C    1 0.962
    28  H   0.999    C    1 0.962
    29  H   0.997    C    2 0.943
    30  H   0.998    C    4 0.945
    31  H   0.997    C    5 0.946
    32  H   0.996    C    7 0.961
    33  H   0.996    C    7 0.958
    34  H   0.997    C   10 0.943
    35  H   0.998    C   11 0.944
    36  H   0.999    C   14 0.977
    37  H   0.997    C   14 0.977
    38  H   0.998    C   14 0.978
    39  H   0.999    C   15 0.977
    40  H   0.998    C   15 0.978
    41  H   0.997    C   15 0.977
    42  H   0.998    C   17 0.945
    43  H   0.997    C   18 0.946
    44  H   0.973    O   20 0.960
    45  H   0.998    C   21 0.945
    46  H   0.998    C   22 0.944
    47  H   0.998    C   23 0.945
    48  H   0.997    C   24 0.947
    49  H   0.997    C   25 0.946
    50  H   0.997    C   26 0.944
 
 --------------------------------------------
          xTB calculation for sTDA...
 --------------------------------------------
 
 reading parameter file /home/penavora/Exe_xtb_crest/.param_stda2.xtb
 
      method parameters     
 k(s)        :  1.6000
 k(p)        :  2.1800
 k(d)        :  1.9500
 k(f)        :  2.0000
 k(R-V)      :  2.2750
 k(R-R)      :  1.7650
 Tscal       :  0.2580
 Gscal       :  1.0000
 fpol        :  1.0000
 Zcnf        :  0.3430
 Zqf         :  0.0000
 kcn         :  2.7000
 Ryd Hsplit  :  0.7000
 lshift(virt):  3.1000
 lshift(OS)  :  0.2000
 wllscaling  :  2.6000
 
 mowrcut     : 3.000
 
  Z AO/shell   Hii/eV     exponent
  1     Sun Feb 14 09:53:25 CET 2016    EN: 2.327 GAM: 0.473  GM3: 0.0000
     1s    -14.339618    1.220000
     2sp    -3.348946    0.600000
  6     Sun Feb 14 09:53:25 CET 2016    EN: 2.731 GAM: 0.422  GM3: 0.0000
     2s    -22.009312    1.565095
     2p    -13.020408    1.596905
     3sp    -3.914040    0.824500
  8     Sun Feb 14 09:53:25 CET 2016    EN: 3.700 GAM: 0.587  GM3: 0.0000
     2s    -33.859000    2.418661
     2p    -22.175911    1.973969
     3sp    -4.259392    1.013700
 
 Nbf   :          328
 T(el) :     0.0
 calculating S/T integrals ...
 cpu time for ints    5.63409300000000     
 Nao   :          328
 making H0...
 making H1...
 cpu time for H      3.025999999998419E-003
 solving ...
 cpu time for diag   0.297995000000000     
 
 gap (eV)           :   7.944
 Koopmans IP (eV)   :  14.799
 Eel (Eh)           :  -114.085222

          eigenvalues
 #    :          54         55         56         57         58         59         60         61
 occ. :        2.000      2.000      2.000      2.000      2.000      2.000      2.000      2.000
 eps  :       -18.623    -18.472    -18.451    -18.129    -18.018    -17.947    -17.427    -16.235
 #    :          62         63         64         65         66         67         68         69
 occ. :        2.000      2.000      2.000      2.000      2.000      0.000      0.000      0.000
 eps  :       -16.035    -15.977    -15.303    -15.063    -14.800     -6.855     -5.807     -5.662
 #    :          70         71         72         73         74         75         76         77
 occ. :        0.000      0.000      0.000      0.000      0.000      0.000      0.000      0.000
 eps  :        -5.543     -5.328     -5.243     -5.054     -4.842     -4.503     -4.482     -4.379
                            1  SCC done.
 writing mo output ...
 molden style : F
 
speedup 22.52
cpu  time for all    8.71 s
wall time for all    0.39 s
