  76
 Etot=        -117.3065431628
 O          7.4064505783        3.4201511054        0.5937987290
 C          7.5196707766        2.2452756448        0.2719549484
 C          8.8373057379        1.6697357350       -0.0908319385
 C          9.1790984069        0.3580498516        0.2364428955
 C         10.4338008955       -0.1297189450       -0.0807117884
 C         11.3533345053        0.6782343941       -0.7313041753
 C         11.0236362872        1.9863568232       -1.0509308392
 C          9.7768409491        2.4836675276       -0.7223690816
 C          6.3487541979        1.3417985140        0.2335355081
 C          5.2782106631        1.5900181711        1.0942620273
 C          4.1618850189        0.7823285372        1.0834859845
 C          4.0783739184       -0.2816831308        0.1838495390
 N          2.9454629503       -1.0964929929        0.1591095329
 C          2.9394702517       -2.4811481220        0.1475843397
 C          4.0007939933       -3.3723344167        0.2162268083
 C          3.7104973137       -4.7241311725        0.2251733657
 C          2.3975964851       -5.1870624996        0.1781294833
 C          1.3359105233       -4.3046240193        0.1371634909
 C          1.6034823424       -2.9420912641        0.1272601280
 C          0.7665291348       -1.7730876266        0.1144181487
 C         -0.6070632067       -1.5921587791        0.0701499715
 C         -1.1228555213       -0.3017452621        0.0479542474
 C         -2.5750803429       -0.0801263342        0.0136374991
 C         -3.1643376731        0.9365855374        0.7644630282
 C         -4.5280385191        1.1406197321        0.7428758285
 C         -5.3516604922        0.3376816568       -0.0467612416
 N         -6.7353048759        0.5442522263       -0.0758871839
 C         -7.2501751863        1.8451510672       -0.0291497524
 C         -8.4201677771        2.1193463973        0.6797117284
 C         -8.9273200284        3.4039594668        0.7174773715
 C         -8.2763662783        4.4359617736        0.0606607412
 C         -7.1108947433        4.1705211133       -0.6403172269
 C         -6.6009948291        2.8875090203       -0.6915633091
 C         -7.6036356371       -0.5517750984       -0.1473543965
 C         -8.7710916717       -0.4822597340       -0.9079697988
 C         -9.6265779373       -1.5652835658       -0.9718417765
 C         -9.3311877450       -2.7350264357       -0.2902350553
 C         -8.1708728371       -2.8111483853        0.4634099832
 C         -7.3134350231       -1.7305655685        0.5402381929
 C         -4.7677261815       -0.6762946763       -0.8068243710
 C         -3.4048036629       -0.8826052801       -0.7687839498
 C         -0.2443788331        0.7910320551        0.0459382788
 C          1.1261764823        0.6330495989        0.0835865185
 C          1.6331431617       -0.6574957442        0.1412308377
 C          5.1336560724       -0.5161898359       -0.6990920056
 C          6.2584400913        0.2815245416       -0.6695535649
 H          8.4715322057       -0.2664371406        0.7615328621
 H         10.6964808860       -1.1438824517        0.1818266781
 H         12.3295592197        0.2908134690       -0.9828960526
 H         11.7410137487        2.6199980188       -1.5510652804
 H          9.5049308013        3.5029725192       -0.9565368228
 H          5.3523862135        2.4171970449        1.7851609159
 H          3.3555401239        0.9584045252        1.7789517459
 H          5.0219399006       -3.0278356180        0.2734947951
 H          4.5205401039       -5.4371040446        0.2742464200
 H          2.2115709600       -6.2510097791        0.1844322788
 H          0.3172355160       -4.6619876695        0.1199528408
 H         -1.2675825744       -2.4459323553        0.0700305707
 H         -2.5479504800        1.5573192692        1.3983912129
 H         -4.9682376263        1.9229318767        1.3443445917
 H         -8.9252760833        1.3190162748        1.2010351406
 H         -9.8333511845        3.6018896179        1.2718550055
 H         -8.6739381894        5.4392180886        0.0954607500
 H         -6.5986273664        4.9674674759       -1.1599558198
 H         -5.6976564258        2.6821933073       -1.2475470359
 H         -8.9995396225        0.4249691270       -1.4483863421
 H        -10.5263023832       -1.4980633341       -1.5663318619
 H        -10.0005816911       -3.5803989842       -0.3451497967
 H         -7.9349635436       -3.7166968756        1.0035613262
 H         -6.4139720226       -1.7898271747        1.1358524676
 H         -5.3924772038       -1.2979604254       -1.4319106445
 H         -2.9712005221       -1.6606663080       -1.3800788902
 H         -0.6543861970        1.7885103609       -0.0123671783
 H          1.7777840211        1.4930563952        0.0519873506
 H          5.0542162168       -1.3142991590       -1.4214696220
 H          7.0573722179        0.1057393456       -1.3740076269
  76
 Etot=        -117.3066068513
 O          7.4051502577        3.4177576555        0.5930303143
 C          7.5189157866        2.2466715542        0.2729489328
 C          8.8366088769        1.6696538123       -0.0907622023
 C          9.1783197856        0.3583497839        0.2362506527
 C         10.4326617496       -0.1296757348       -0.0810305445
 C         11.3517105446        0.6778399232       -0.7320898435
 C         11.0220585167        1.9855736362       -1.0515112021
 C          9.7755592432        2.4828443182       -0.7228900626
 C          6.3482543964        1.3406171713        0.2344244602
 C          5.2777594611        1.5887159857        1.0942174623
 C          4.1609105974        0.7819282364        1.0824063718
 C          4.0772336988       -0.2815398056        0.1828840511
 N          2.9446522266       -1.0958907152        0.1582130997
 C          2.9388841830       -2.4801635019        0.1472353255
 C          4.0002424606       -3.3708797681        0.2156081480
 C          3.7101817282       -4.7224902899        0.2246358030
 C          2.3976437650       -5.1854321805        0.1775191795
 C          1.3359631834       -4.3034281932        0.1371021359
 C          1.6031220904       -2.9411807107        0.1271672748
 C          0.7660480984       -1.7725726502        0.1144991778
 C         -0.6073991328       -1.5919274587        0.0704928682
 C         -1.1232170027       -0.3017573249        0.0482676465
 C         -2.5751140622       -0.0801649958        0.0136551541
 C         -3.1639876778        0.9376955080        0.7627911468
 C         -4.5274722413        1.1420238159        0.7410779966
 C         -5.3512983217        0.3375862041       -0.0466113767
 N         -6.7341261934        0.5440247988       -0.0757674930
 C         -7.2490867201        1.8442703733       -0.0291658539
 C         -8.4198791457        2.1176466596        0.6781554101
 C         -8.9265698389        3.4021347999        0.7165627558
 C         -8.2751934783        4.4341773896        0.0608973821
 C         -7.1096178900        4.1691617524       -0.6394299480
 C         -6.5991750584        2.8866261508       -0.6901862092
 C         -7.6021953511       -0.5514068172       -0.1476706150
 C         -8.7704205566       -0.4807338010       -0.9065464862
 C         -9.6255308839       -1.5636993366       -0.9709111245
 C         -9.3300614532       -2.7334645228       -0.2899807683
 C         -8.1692153559       -2.8103943801        0.4621882959
 C         -7.3113885830       -1.7304260880        0.5386433958
 C         -4.7677573374       -0.6780568087       -0.8045294419
 C         -3.4049316269       -0.8839121430       -0.7670006697
 C         -0.2449938636        0.7909201388        0.0468282448
 C          1.1254950732        0.6332290342        0.0841968632
 C          1.6324631099       -0.6570454892        0.1410578292
 C          5.1330328903       -0.5167773700       -0.6986666198
 C          6.2581110985        0.2805645967       -0.6681745036
 H          8.4708100260       -0.2660991224        0.7621201974
 H         10.6955999576       -1.1436507927        0.1819829787
 H         12.3278985835        0.2902868310       -0.9831684123
 H         11.7399386733        2.6191277782       -1.5507336263
 H          9.5046959599        3.5024112494       -0.9543770567
 H          5.3512099088        2.4169219502        1.7831962507
 H          3.3538468563        0.9574987553        1.7771881852
 H          5.0214221464       -3.0257190908        0.2739414420
 H          4.5202268851       -5.4350163157        0.2741007853
 H          2.2120702197       -6.2490738168        0.1840121694
 H          0.3174299363       -4.6605994317        0.1200573778
 H         -1.2676602822       -2.4458551332        0.0703525895
 H         -2.5472834015        1.5580120422        1.3966485082
 H         -4.9677714490        1.9246222841        1.3417830697
 H         -8.9250281588        1.3170086273        1.1985750748
 H         -9.8326161336        3.5999305412        1.2704287095
 H         -8.6729515113        5.4370426502        0.0953250064
 H         -6.5977623297        4.9660214297       -1.1589496912
 H         -5.6957146564        2.6811734192       -1.2456808130
 H         -8.9988917696        0.4268782021       -1.4460179266
 H        -10.5252130065       -1.4962872875       -1.5649102287
 H         -9.9994187895       -3.5784998526       -0.3449031200
 H         -7.9335160000       -3.7158972656        1.0019655253
 H         -6.4119499874       -1.7895897694        1.1340689025
 H         -5.3928392648       -1.2998879972       -1.4288384765
 H         -2.9710366138       -1.6614372591       -1.3785857154
 H         -0.6552080557        1.7881878625       -0.0116053358
 H          1.7774436587        1.4930494962        0.0523806652
 H          5.0527255478       -1.3144447077       -1.4216761807
 H          7.0578027571        0.1042485086       -1.3720515883
  76
 Etot=        -117.3066245303
 O          7.4032127509        3.4177726205        0.5930707110
 C          7.5178788276        2.2486725466        0.2742523843
 C          8.8358410636        1.6694679293       -0.0898298162
 C          9.1772320964        0.3583524251        0.2369483145
 C         10.4311494015       -0.1301773184       -0.0809606075
 C         11.3499101698        0.6769953308       -0.7326664512
 C         11.0206055277        1.9847569215       -1.0515500483
 C          9.7745572139        2.4823588097       -0.7220395823
 C          6.3474354600        1.3395957096        0.2350703372
 C          5.2766780961        1.5882702369        1.0937810734
 C          4.1596421259        0.7818688696        1.0814559490
 C          4.0761915488       -0.2813372012        0.1819613206
 N          2.9437612133       -1.0951808241        0.1570291525
 C          2.9382665902       -2.4791301641        0.1466240391
 C          3.9998118557       -3.3693657682        0.2150852092
 C          3.7101038519       -4.7209607401        0.2241860070
 C          2.3977776463       -5.1841249672        0.1769299652
 C          1.3358958432       -4.3025220459        0.1368839064
 C          1.6026741164       -2.9403704070        0.1268484844
 C          0.7655416856       -1.7720395930        0.1143883920
 C         -0.6077737260       -1.5916700570        0.0706795869
 C         -1.1234675639       -0.3015763474        0.0486013115
 C         -2.5749522894       -0.0801033365        0.0137748619
 C         -3.1633821857        0.9391096310        0.7612174779
 C         -4.5266284123        1.1436933505        0.7392786216
 C         -5.3506118375        0.3374069023       -0.0463572006
 N         -6.7327083222        0.5437095807       -0.0755244550
 C         -7.2477643417        1.8434748856       -0.0291203269
 C         -8.4194492087        2.1160311139        0.6768243561
 C         -8.9260872401        3.4003740165        0.7154436131
 C         -8.2741236173        4.4326315196        0.0609035171
 C         -7.1079699732        4.1681798942       -0.6384762795
 C         -6.5971009593        2.8859411381       -0.6889503936
 C         -7.6006758392       -0.5512002959       -0.1478416715
 C         -8.7696555311       -0.4793103082       -0.9052664258
 C         -9.6247973916       -1.5620554405       -0.9698368733
 C         -9.3289493858       -2.7322765602       -0.2900284534
 C         -8.1674373226       -2.8101986930        0.4608276628
 C         -7.3092652417       -1.7306738076        0.5371975623
 C         -4.7674536493       -0.6799500686       -0.8022806592
 C         -3.4047486905       -0.8853410776       -0.7652188275
 C         -0.2455816550        0.7912054996        0.0475115998
 C          1.1248393641        0.6337865997        0.0844501819
 C          1.6317416314       -0.6564211356        0.1405577545
 C          5.1323772319       -0.5171227388       -0.6987363395
 C          6.2577883151        0.2797310408       -0.6672068294
 H          8.4697674992       -0.2659895241        0.7634118825
 H         10.6940325997       -1.1441768611        0.1819980749
 H         12.3256640154        0.2888592027       -0.9843461722
 H         11.7383647036        2.6176999155       -1.5516140924
 H          9.5035110493        3.5014754121       -0.9541078332
 H          5.3500325761        2.4165767533        1.7823268101
 H          3.3517141697        0.9570192304        1.7753824437
 H          5.0208718739       -3.0234061479        0.2737463240
 H          4.5203614442       -5.4330317148        0.2735141325
 H          2.2127061559       -6.2476604458        0.1832037867
 H          0.3173961332       -4.6595518850        0.1201457572
 H         -1.2678296446       -2.4457402066        0.0707583776
 H         -2.5461069375        1.5605155694        1.3933640912
 H         -4.9669349698        1.9276878981        1.3379815570
 H         -8.9250562120        1.3147862175        1.1956554836
 H         -9.8326459668        3.5978261713        1.2683211851
 H         -8.6718211379        5.4353309317        0.0954833531
 H         -6.5957769751        4.9652663380       -1.1569836326
 H         -5.6927877846        2.6805172211       -1.2429487579
 H         -8.9983488044        0.4290352619       -1.4432558328
 H        -10.5250850827       -1.4938841539       -1.5625623810
 H         -9.9985333440       -3.5769302989       -0.3448350244
 H         -7.9314010115       -3.7161487380        0.9994372911
 H         -6.4088037482       -1.7904330585        1.1308971031
 H         -5.3931374478       -1.3033276943       -1.4242961522
 H         -2.9708744659       -1.6645506783       -1.3745850631
 H         -0.6561066009        1.7883229325       -0.0103775025
 H          1.7770584279        1.4934449493        0.0528326357
 H          5.0516368540       -1.3148585255       -1.4217554945
 H          7.0584141421        0.1024052497       -1.3700227829
