  82
 Etot=        -133.7143944756
 N          3.2912217153        1.1382959153        1.6680153301
 C          2.3604611184        0.7847220942        1.0701271384
 C          1.2575995559        0.3752748239        0.3556194740
 C          0.3031089682        1.3410205674       -0.1554544432
 N          0.6503032447        2.6934061886       -0.1083959237
 C          1.8402621597        3.2679557567       -0.5248629097
 C          2.8697853278        2.5677438084       -1.2697071740
 C          2.5623347450        1.5518844533       -2.1754066217
 C          3.5720239286        0.9362342116       -2.8937641573
 C          4.8908760930        1.3203251080       -2.7146719501
 C          5.1998421983        2.3362440459       -1.8225344016
 C          4.1977402181        2.9637244148       -1.1104010220
 N          1.9019935399        4.5423029517       -0.2454043517
 C          0.7289225929        4.8669875511        0.3656704820
 C          0.2792000372        6.0800637497        0.8754093413
 C         -0.9701289918        6.1068886384        1.4592349803
 C         -1.7617013739        4.9587086187        1.5505768029
 C         -1.3357414181        3.7437029472        1.0524003382
 C         -0.0882476417        3.7101920429        0.4512071763
 C         -0.9104328704        0.9391372941       -0.6281469517
 C         -1.2279647766       -0.4409945839       -0.7238021472
 N         -2.4287178074       -0.8308779895       -1.2901776030
 C         -3.6880760791       -0.2941105136       -1.0323785665
 C         -3.9926830633        0.5975661807        0.0636956428
 C         -3.2897174161        0.5577645398        1.2717125214
 C         -3.6551227205        1.3860595128        2.3150847577
 C         -4.7162380878        2.2678248471        2.1735391629
 C         -5.4300295973        2.3000862348        0.9843969562
 C         -5.0810938687        1.4677856184       -0.0588885326
 N         -4.6039386214       -0.7811677954       -1.8365455310
 C         -3.9855424100       -1.6858649537       -2.6380311629
 C         -4.4881398286       -2.4702993452       -3.6708949458
 C         -3.6061993175       -3.2909344188       -4.3427222419
 C         -2.2472810640       -3.3333652390       -4.0161578611
 C         -1.7256911314       -2.5666624280       -2.9932756459
 C         -2.6060977908       -1.7516876872       -2.2964729900
 C         -0.2850741235       -1.4048519621       -0.3018208991
 C          0.9117196494       -1.0264834131        0.2367674890
 N          1.7847633441       -1.9882816044        0.7486634481
 C          1.4365688244       -3.0375688591        1.5794415930
 C          0.1238706124       -3.1861068131        2.1900542077
 C         -0.5772451412       -2.0898083094        2.6920310892
 C         -1.8130273102       -2.2707163394        3.2829373157
 C         -2.3635599259       -3.5391602283        3.3785574310
 C         -1.6606275403       -4.6342621342        2.9039028189
 C         -0.4205471975       -4.4627122793        2.3186494705
 N          2.4331977527       -3.8513079670        1.7996183489
 C          3.5045596990       -3.3505752474        1.1197220103
 C          4.8032781738       -3.8316058432        1.0034936899
 C          5.6850366296       -3.1129970952        0.2215516985
 C          5.2930578201       -1.9487321495       -0.4407147002
 C          4.0066058926       -1.4544960587       -0.3418354291
 C          3.1197174133       -2.1596905915        0.4536575082
 H          1.5346574563        1.2633806139       -2.3452443049
 H          3.3266447957        0.1531967750       -3.5968089357
 H          5.6744291452        0.8305836949       -3.2735781758
 H          6.2270094833        2.6374924646       -1.6833664901
 H          4.4183902426        3.7553050421       -0.4129405860
 H          0.8988909922        6.9595900878        0.8125704342
 H         -1.3497396268        7.0347555296        1.8601320619
 H         -2.7324060376        5.0213078730        2.0187719583
 H         -1.9513746355        2.8613007396        1.1300492878
 H         -1.6156060526        1.6663469946       -1.0015660459
 H         -2.4813210851       -0.1464751982        1.4032797071
 H         -3.1088993346        1.3457674376        3.2466656835
 H         -4.9905078859        2.9179927313        2.9906163623
 H         -6.2633109632        2.9780415248        0.8746894800
 H         -5.6317866944        1.4743651515       -0.9863538168
 H         -5.5330555549       -2.4224998448       -3.9307602207
 H         -3.9675294055       -3.9140289350       -5.1470945501
 H         -1.5915205612       -3.9814160939       -4.5774150073
 H         -0.6746825688       -2.6034685842       -2.7506863022
 H         -0.5409218634       -2.4517939026       -0.3634925084
 H         -0.1408403701       -1.1019557617        2.6451124448
 H         -2.3496958716       -1.4209931967        3.6785756657
 H         -3.3335649886       -3.6722732345        3.8335469135
 H         -2.0800462798       -5.6253260958        2.9922023673
 H          0.1423411966       -5.3064625131        1.9506625654
 H          5.0958328921       -4.7373276836        1.5094303755
 H          6.7031031487       -3.4568310012        0.1164007091
 H          6.0122778119       -1.4144260654       -1.0424674582
 H          3.7193438874       -0.5490756072       -0.8511029029
  82
 Etot=        -133.7145673877
 N          3.2866538789        1.1436445902        1.6703706922
 C          2.3670914740        0.7822646498        1.0626377193
 C          1.2563624649        0.3742779329        0.3558563324
 C          0.3042938767        1.3384199373       -0.1517738313
 N          0.6510535838        2.6915303940       -0.1068917810
 C          1.8406740215        3.2667402275       -0.5238121694
 C          2.8696645223        2.5676900328       -1.2693843833
 C          2.5622041742        1.5512526164       -2.1749947617
 C          3.5718963754        0.9361190429       -2.8935582930
 C          4.8908294793        1.3204526229       -2.7144897042
 C          5.1998102274        2.3369311968       -1.8226628676
 C          4.1977669952        2.9646054318       -1.1108781961
 N          1.9031605137        4.5416039849       -0.2429098080
 C          0.7296567602        4.8661466897        0.3658223638
 C          0.2794721101        6.0799085250        0.8750259829
 C         -0.9695189878        6.1065646634        1.4587538070
 C         -1.7612202061        4.9578737734        1.5500986086
 C         -1.3350939305        3.7423721686        1.0527927474
 C         -0.0877207393        3.7085964856        0.4515475209
 C         -0.9102204738        0.9368783098       -0.6272047211
 C         -1.2271194430       -0.4412164519       -0.7240614015
 N         -2.4280723045       -0.8311984339       -1.2894998781
 C         -3.6880645442       -0.2930564957       -1.0326085457
 C         -3.9926923618        0.5968075071        0.0628031393
 C         -3.2880728827        0.5587422340        1.2712857312
 C         -3.6541141755        1.3863463561        2.3144324400
 C         -4.7162144012        2.2677866335        2.1731298820
 C         -5.4310666218        2.2991070556        0.9839554587
 C         -5.0831463731        1.4663984347       -0.0587837840
 N         -4.6040694262       -0.7766514520       -1.8418782315
 C         -3.9867207189       -1.6847941536       -2.6379439283
 C         -4.4893339959       -2.4702949897       -3.6712929141
 C         -3.6073517925       -3.2905745427       -4.3425569422
 C         -2.2478455554       -3.3334811859       -4.0152873517
 C         -1.7263046079       -2.5675298673       -2.9913054448
 C         -2.6063310277       -1.7526041383       -2.2946385340
 C         -0.2854875080       -1.4035222630       -0.3023552179
 C          0.9115630231       -1.0234599964        0.2385854095
 N          1.7846990093       -1.9864007156        0.7493840073
 C          1.4364337771       -3.0367527913        1.5790622771
 C          0.1242160729       -3.1854668780        2.1896461116
 C         -0.5773838336       -2.0890926173        2.6915157516
 C         -1.8129182448       -2.2703382486        3.2825559541
 C         -2.3632174116       -3.5390898770        3.3782986199
 C         -1.6600000510       -4.6341984291        2.9037132446
 C         -0.4198782824       -4.4625507440        2.3187695222
 N          2.4324322355       -3.8531477719        1.7968719235
 C          3.5038915684       -3.3504650909        1.1198241657
 C          4.8030774993       -3.8317208845        1.0035643195
 C          5.6845563380       -3.1132141522        0.2217700211
 C          5.2925465432       -1.9481694092       -0.4401768724
 C          4.0061880829       -1.4533116981       -0.3409986120
 C          3.1192979952       -2.1581879966        0.4545100135
 H          1.5345948109        1.2628457197       -2.3450728878
 H          3.3266050197        0.1532629121       -3.5968292188
 H          5.6744183213        0.8307640218       -3.2734238970
 H          6.2269909906        2.6380561657       -1.6834004583
 H          4.4184472892        3.7557192045       -0.4129235216
 H          0.8986980323        6.9596916012        0.8113529839
 H         -1.3492576097        7.0344059134        1.8596154457
 H         -2.7319920516        5.0206143016        2.0181641926
 H         -1.9503822984        2.8598706114        1.1318062541
 H         -1.6148859729        1.6643604814       -1.0013027827
 H         -2.4804922348       -0.1462302038        1.4035241973
 H         -3.1085621245        1.3455378816        3.2464034519
 H         -4.9904784481        2.9180070270        2.9901961261
 H         -6.2638460021        2.9776686850        0.8741187457
 H         -5.6335802272        1.4734983709       -0.9863563524
 H         -5.5343301568       -2.4233541521       -3.9307722371
 H         -3.9683995032       -3.9137207152       -5.1470298298
 H         -1.5919624276       -3.9812353274       -4.5768019382
 H         -0.6750770471       -2.6035318050       -2.7494999709
 H         -0.5401424213       -2.4507420621       -0.3656472344
 H         -0.1410940040       -1.1012363076        2.6447516536
 H         -2.3496557433       -1.4207811704        3.6783962626
 H         -3.3331846210       -3.6723837150        3.8333353816
 H         -2.0794712618       -5.6252760705        2.9916930816
 H          0.1429944820       -5.3062067131        1.9505637352
 H          5.0958748503       -4.7370206234        1.5100888229
 H          6.7026269921       -3.4570392820        0.1165301104
 H          6.0119009696       -1.4139361562       -1.0418658076
 H          3.7186251083       -0.5485256073       -0.8511511291
  82
 Etot=        -133.7149078299
 N          3.3073593526        1.1350170168        1.6434334239
 C          2.3702483568        0.7874474640        1.0640034195
 C          1.2473412848        0.3735101371        0.3640890675
 C          0.3074603811        1.3297790276       -0.1382606469
 N          0.6524082203        2.6857552664       -0.1019902255
 C          1.8416734284        3.2617275191       -0.5187994927
 C          2.8688814524        2.5672550265       -1.2672114815
 C          2.5616819118        1.5493501470       -2.1731615675
 C          3.5713498770        0.9364017115       -2.8927296470
 C          4.8905475001        1.3215962931       -2.7138595069
 C          5.1994078323        2.3398237529       -1.8230205205
 C          4.1975808535        2.9674952891       -1.1118224388
 N          1.9064840446        4.5386839767       -0.2332179178
 C          0.7320258009        4.8629803934        0.3672122144
 C          0.2800977146        6.0794002215        0.8741968173
 C         -0.9676614296        6.1057799412        1.4570232179
 C         -1.7597207940        4.9553213870        1.5490673438
 C         -1.3330797438        3.7381029991        1.0552685926
 C         -0.0867797790        3.7034549612        0.4531049906
 C         -0.9086830531        0.9290790683       -0.6268677169
 C         -1.2221325883       -0.4427352890       -0.7266802175
 N         -2.4249648480       -0.8339707005       -1.2864331002
 C         -3.6862787396       -0.2869093110       -1.0344286376
 C         -3.9916100730        0.5940188428        0.0577579490
 C         -3.2805426864        0.5634763760        1.2685460055
 C         -3.6498519032        1.3875584356        2.3108684287
 C         -4.7162699126        2.2672610227        2.1710135700
 C         -5.4357401859        2.2939793028        0.9819340967
 C         -5.0917822250        1.4599421995       -0.0585253826
 N         -4.6027919239       -0.7562605465       -1.8663125612
 C         -3.9911643415       -1.6788137049       -2.6387318929
 C         -4.4940986908       -2.4691480031       -3.6742953509
 C         -3.6130017215       -3.2890747663       -4.3419653639
 C         -2.2511535133       -3.3347831215       -4.0116528142
 C         -1.7296146927       -2.5723241961       -2.9832396778
 C         -2.6074481666       -1.7580015651       -2.2865104362
 C         -0.2835764113       -1.3992048900       -0.3058179580
 C          0.9116349781       -1.0105074294        0.2482036972
 N          1.7848272779       -1.9782366381        0.7550660830
 C          1.4351376330       -3.0335204293        1.5779348491
 C          0.1249180339       -3.1831031566        2.1881823648
 C         -0.5787295136       -2.0865765612        2.6893934933
 C         -1.8132435878       -2.2691702560        3.2810151698
 C         -2.3623989536       -3.5390478474        3.3773401328
 C         -1.6578868106       -4.6340167018        2.9031723319
 C         -0.4176618956       -4.4618874581        2.3194244196
 N          2.4290591891       -3.8595421871        1.7865731236
 C          3.5007975100       -3.3499924815        1.1202404550
 C          4.8017007286       -3.8321061839        1.0033234165
 C          5.6823175379       -3.1135076717        0.2231140254
 C          5.2903844372       -1.9454439354       -0.4372237635
 C          4.0047070445       -1.4481707721       -0.3363099642
 C          3.1180360258       -2.1513299385        0.4599923742
 H          1.5344141921        1.2600715672       -2.3426834696
 H          3.3265732541        0.1536596006       -3.5963111315
 H          5.6743066777        0.8319415616       -3.2726568451
 H          6.2265188989        2.6414301057       -1.6845178860
 H          4.4178935476        3.7586558363       -0.4139165515
 H          0.8977806422        6.9599240522        0.8067074559
 H         -1.3483015173        7.0335765376        1.8571091336
 H         -2.7307760263        5.0187745324        2.0164759264
 H         -1.9470895869        2.8552502853        1.1392945145
 H         -1.6114341132        1.6579146650       -1.0023663866
 H         -2.4743184704       -0.1423823331        1.4023124379
 H         -3.1055349158        1.3467025324        3.2436297691
 H         -4.9904419578        2.9177216454        2.9879102108
 H         -6.2682597842        2.9730256839        0.8728201621
 H         -5.6436346848        1.4657436271       -0.9850573107
 H         -5.5395461235       -2.4254535792       -3.9316098756
 H         -3.9727221579       -3.9124678288       -5.1468665538
 H         -1.5951211576       -3.9814274328       -4.5743432140
 H         -0.6776840703       -2.6063375732       -2.7441562727
 H         -0.5320408858       -2.4478413628       -0.3737916671
 H         -0.1430622230       -1.0986188023        2.6427615992
 H         -2.3505354810       -1.4202475266        3.6772830495
 H         -3.3321733710       -3.6731137208        3.8325465583
 H         -2.0770906484       -5.6252609744        2.9906794869
 H          0.1459878603       -5.3050412266        1.9514051220
 H          5.0949705918       -4.7362598196        1.5114873061
 H          6.7002714098       -3.4573979999        0.1167606213
 H          6.0101023764       -1.4118978201       -1.0391977927
 H          3.7160429133       -0.5458030608       -0.8500364161
  82
 Etot=        -133.7152230505
 N          3.3116294053        1.1452608749        1.6386525521
 C          2.3885660528        0.7852594687        1.0475971891
 C          1.2416467288        0.3722710147        0.3713594865
 C          0.3102030166        1.3244869729       -0.1276205037
 N          0.6533543836        2.6831270237       -0.0991608005
 C          1.8421834376        3.2576400712       -0.5150871913
 C          2.8686865529        2.5664674613       -1.2656697667
 C          2.5619853446        1.5493730357       -2.1730813045
 C          3.5716005417        0.9379840768       -2.8932568577
 C          4.8908934997        1.3235527502       -2.7142940886
 C          5.1992852793        2.3423704717       -1.8240013903
 C          4.1974785399        2.9687086459       -1.1120356560
 N          1.9076866514        4.5359062799       -0.2275360140
 C          0.7338557337        4.8602069316        0.3696272230
 C          0.2803592742        6.0785828482        0.8741420831
 C         -0.9666302045        6.1052931964        1.4558331591
 C         -1.7581890178        4.9538494688        1.5499034746
 C         -1.3305048813        3.7353569984        1.0601235535
 C         -0.0856308152        3.7004161724        0.4564593459
 C         -0.9060789611        0.9247663565       -0.6262155971
 C         -1.2170878348       -0.4447820193       -0.7273292787
 N         -2.4225028028       -0.8377357274       -1.2817545044
 C         -3.6821924245       -0.2775134523       -1.0372957956
 C         -3.9900231957        0.5920661259        0.0516284308
 C         -3.2726400258        0.5695849214        1.2645400690
 C         -3.6455742868        1.3896740173        2.3061475159
 C         -4.7171879289        2.2662673096        2.1686809666
 C         -5.4423284386        2.2867200334        0.9806014860
 C         -5.1016936995        1.4520863956       -0.0577645345
 N         -4.5986463292       -0.7338179978       -1.8929267895
 C         -3.9943417070       -1.6696659052       -2.6415323321
 C         -4.4983350496       -2.4657262294       -3.6790986389
 C         -3.6197094966       -3.2871198205       -4.3416803470
 C         -2.2564004953       -3.3368774733       -4.0077259158
 C         -1.7342043020       -2.5773196525       -2.9755175122
 C         -2.6088270023       -1.7635294738       -2.2785872366
 C         -0.2804061001       -1.3985860412       -0.3062771828
 C          0.9120745523       -1.0032598577        0.2573772472
 N          1.7854953439       -1.9748133714        0.7609034037
 C          1.4338849374       -3.0326428356        1.5776546342
 C          0.1252045839       -3.1824054666        2.1881715478
 C         -0.5803396258       -2.0857805657        2.6877051970
 C         -1.8143983924       -2.2690084537        3.2794856385
 C         -2.3624137585       -3.5394460356        3.3768247754
 C         -1.6566194151       -4.6342530098        2.9038366166
 C         -0.4161887340       -4.4618731775        2.3211881198
 N          2.4267140825       -3.8642643295        1.7797983160
 C          3.4983819340       -3.3513502430        1.1194476094
 C          4.8006054870       -3.8333999309        1.0020180388
 C          5.6808030751       -3.1138636903        0.2243758268
 C          5.2889690246       -1.9439903227       -0.4345721136
 C          4.0037421514       -1.4461943106       -0.3330623247
 C          3.1177409860       -2.1482460145        0.4642312307
 H          1.5350217354        1.2575550731       -2.3398398134
 H          3.3273792127        0.1547266386       -3.5964774591
 H          5.6748567171        0.8336998559       -3.2725573423
 H          6.2261420828        2.6455170460       -1.6871459908
 H          4.4168029984        3.7613262757       -0.4155180498
 H          0.8971039268        6.9594090622        0.8026131756
 H         -1.3488060048        7.0332197571        1.8540542313
 H         -2.7296489969        5.0180790680        2.0163533825
 H         -1.9435844287        2.8522199630        1.1475270308
 H         -1.6059352548        1.6553217309       -1.0034663735
 H         -2.4643892203       -0.1337432411        1.3975126932
 H         -3.1003306634        1.3515089752        3.2385495649
 H         -4.9910229785        2.9170606396        2.9851985943
 H         -6.2771211142        2.9633929487        0.8739418768
 H         -5.6573007015        1.4527398214       -0.9818991294
 H         -5.5442981169       -2.4237932684       -3.9339348465
 H         -3.9779296361       -3.9110492682       -5.1468286090
 H         -1.6008685127       -3.9833568212       -4.5710619606
 H         -0.6819709638       -2.6119791524       -2.7379352042
 H         -0.5220178667       -2.4484109701       -0.3778331375
 H         -0.1455254505       -1.0975727631        2.6400673481
 H         -2.3526937091       -1.4203172503        3.6749078668
 H         -3.3321541220       -3.6739506214        3.8318534040
 H         -2.0752110803       -5.6256868106        2.9919402780
 H          0.1489562213       -5.3044695681        1.9544101505
 H          5.0936444583       -4.7371479526        1.5109008592
 H          6.6988129247       -3.4571625967        0.1169939220
 H          6.0089605181       -1.4104943555       -1.0362613446
 H          3.7144877631       -0.5448025226       -0.8481974059
  82
 Etot=        -133.7150563347
 N          3.3290027440        1.1547114147        1.6243149115
 C          2.4140162691        0.7872049386        1.0307327244
 C          1.2330313021        0.3721269839        0.3878442664
 C          0.3162789880        1.3167938367       -0.1114050646
 N          0.6553884830        2.6806599191       -0.0957601744
 C          1.8419143493        3.2514312706       -0.5101231108
 C          2.8687276972        2.5649494216       -1.2646056374
 C          2.5633627376        1.5516571466       -2.1757875275
 C          3.5730782158        0.9423762261       -2.8963375003
 C          4.8923898706        1.3283617046       -2.7164430667
 C          5.1992661385        2.3472088463       -1.8267190962
 C          4.1968693609        2.9698766372       -1.1122694325
 N          1.9077390537        4.5312437203       -0.2218259696
 C          0.7362230467        4.8554820496        0.3750327532
 C          0.2799609309        6.0771692090        0.8739673072
 C         -0.9658191693        6.1049230702        1.4542477031
 C         -1.7554518137        4.9523707069        1.5531076459
 C         -1.3250437420        3.7313046405        1.0716674687
 C         -0.0827146194        3.6963709983        0.4657140788
 C         -0.8984981127        0.9172578825       -0.6281561370
 C         -1.2054974297       -0.4495221489       -0.7279323156
 N         -2.4172432919       -0.8467152754       -1.2697183374
 C         -3.6699312485       -0.2547449379       -1.0437333997
 C         -3.9865167780        0.5876595995        0.0385254266
 C         -3.2541344181        0.5851743656        1.2555244854
 C         -3.6353517355        1.3967243165        2.2951160120
 C         -4.7209160688        2.2634126536        2.1637041319
 C         -5.4605926778        2.2668984969        0.9790309013
 C         -5.1259487827        1.4316963847       -0.0548050391
 N         -4.5863970651       -0.6841808563       -1.9516949072
 C         -3.9992000697       -1.6470881292       -2.6491739841
 C         -4.5070246413       -2.4561171110       -3.6908171416
 C         -3.6347223626       -3.2824115957       -4.3429522425
 C         -2.2700920337       -3.3425917207       -4.0005728524
 C         -1.7449918866       -2.5878580353       -2.9598568636
 C         -2.6112398161       -1.7741422992       -2.2637672587
 C         -0.2714303579       -1.3982000187       -0.3056333284
 C          0.9152693712       -0.9914532736        0.2756548644
 N          1.7883938331       -1.9697727950        0.7752436525
 C          1.4329149363       -3.0311554267        1.5802884814
 C          0.1256899554       -3.1819304404        2.1909741816
 C         -0.5835551542       -2.0854967703        2.6861189323
 C         -1.8179913289       -2.2696116107        3.2765308045
 C         -2.3633822032       -3.5407878115        3.3761667356
 C         -1.6546782116       -4.6352085480        2.9065827893
 C         -0.4136086840       -4.4619856516        2.3260234742
 N          2.4233088871       -3.8709403740        1.7717564943
 C          3.4951336202       -3.3543763607        1.1186090182
 C          4.7990660941       -3.8364726598        0.9995594743
 C          5.6786344287       -3.1150840116        0.2265074297
 C          5.2871056750       -1.9425136118       -0.4296758037
 C          4.0024927287       -1.4449733980       -0.3279099756
 C          3.1186787538       -2.1450835075        0.4723563794
 H          1.5368124091        1.2552300865       -2.3376256252
 H          3.3298361419        0.1591239454       -3.5999468347
 H          5.6768268664        0.8386572848       -3.2739885931
 H          6.2255240791        2.6534157789       -1.6922430333
 H          4.4141825629        3.7629360932       -0.4156048157
 H          0.8957038134        6.9581060217        0.7950485425
 H         -1.3509953344        7.0332531676        1.8485188365
 H         -2.7273708786        5.0178001227        2.0184887296
 H         -1.9356666240        2.8471300220        1.1657758140
 H         -1.5933534446        1.6504663765       -1.0082460942
 H         -2.4398845651       -0.1110304332        1.3859720596
 H         -3.0877384390        1.3655288781        3.2265963732
 H         -4.9943162894        2.9150000068        2.9791343839
 H         -6.3019533095        2.9365167327        0.8784547835
 H         -5.6884592019        1.4208925324       -0.9744884727
 H         -5.5537804822       -2.4136973884       -3.9412309283
 H         -3.9902326524       -3.9084288990       -5.1476414113
 H         -1.6163912462       -3.9907675223       -4.5637667140
 H         -0.6924129513       -2.6269955609       -2.7243161981
 H         -0.5000661683       -2.4500536367       -0.3816335958
 H         -0.1506242713       -1.0966402646        2.6365453868
 H         -2.3589851278       -1.4210033128        3.6685651475
 H         -3.3333554380       -3.6761206933        3.8302690596
 H         -2.0717984196       -5.6271236528        2.9961920312
 H          0.1549130054       -5.3033880331        1.9619879461
 H          5.0908532540       -4.7405862533        1.5084035494
 H          6.6969318705       -3.4568122475        0.1174232539
 H          6.0074485059       -1.4087688167       -1.0306919896
 H          3.7116839790       -0.5456151869       -0.8460791815
  82
 Etot=        -133.7157506295
 N          3.3189483113        1.1509860812        1.6391884467
 C          2.4008027668        0.7868405919        1.0415031550
 C          1.2418805103        0.3735173210        0.3791360778
 C          0.3133276631        1.3248734142       -0.1253483672
 N          0.6541706198        2.6854583756       -0.1000531986
 C          1.8412988496        3.2565962141       -0.5148651219
 C          2.8695547383        2.5655530467       -1.2665935355
 C          2.5637963330        1.5526957202       -2.1767705303
 C          3.5735634406        0.9416694499       -2.8968074972
 C          4.8925635298        1.3272702520       -2.7170685025
 C          5.1996962542        2.3445937797       -1.8262472511
 C          4.1971649509        2.9675733101       -1.1114970689
 N          1.9053234950        4.5343044676       -0.2308649933
 C          0.7340787431        4.8584189857        0.3735056469
 C          0.2796019583        6.0774367165        0.8746142068
 C         -0.9675116604        6.1052595686        1.4560152468
 C         -1.7568983090        4.9542968295        1.5541933782
 C         -1.3272837498        3.7349294172        1.0687254187
 C         -0.0835833739        3.7008272505        0.4639609170
 C         -0.9003600936        0.9240397549       -0.6291404022
 C         -1.2103375521       -0.4477307984       -0.7266062857
 N         -2.4197750498       -0.8432468333       -1.2739604276
 C         -3.6714255118       -0.2599952579       -1.0428634486
 C         -3.9873949405        0.5916617032        0.0435675774
 C         -3.2619788882        0.5811523306        1.2581747498
 C         -3.6401300231        1.3960859797        2.2988485913
 C         -4.7216054523        2.2639293971        2.1660149939
 C         -5.4564966328        2.2719314365        0.9814043500
 C         -5.1169617535        1.4387736867       -0.0552042262
 N         -4.5878539574       -0.7054884595       -1.9249651439
 C         -3.9944104348       -1.6534296637       -2.6479417982
 C         -4.5020332121       -2.4565546122       -3.6870173225
 C         -3.6285927054       -3.2842457388       -4.3431919277
 C         -2.2665794864       -3.3420229856       -4.0044143681
 C         -1.7414083072       -2.5841485084       -2.9679700118
 C         -2.6098136730       -1.7683606483       -2.2727641393
 C         -0.2732071468       -1.4012054759       -0.3035928136
 C          0.9158503897       -1.0028539988        0.2653813870
 N          1.7883783641       -1.9761455907        0.7697240235
 C          1.4344126601       -3.0336165682        1.5815576046
 C          0.1249902652       -3.1837380135        2.1920673046
 C         -0.5823701149       -2.0874824855        2.6879875549
 C         -1.8178032515       -2.2705383795        3.2777053911
 C         -2.3641313966       -3.5408311632        3.3767644067
 C         -1.6564834214       -4.6353890352        2.9068447928
 C         -0.4155409043       -4.4624431691        2.3251349110
 N          2.4263928438       -3.8645645697        1.7820828992
 C          3.4981409753       -3.3540580190        1.1189086535
 C          4.8001913733       -3.8357925339        1.0003259682
 C          5.6807016228       -3.1146664506        0.2253031853
 C          5.2892795690       -1.9448218557       -0.4324697586
 C          4.0041624876       -1.4488258048       -0.3317883316
 C          3.1199527745       -2.1507233197        0.4674819576
 H          1.5368476567        1.2582362665       -2.3405987898
 H          3.3297824883        0.1586957674       -3.6005310327
 H          5.6767964200        0.8378471269       -3.2751345926
 H          6.2260471380        2.6501003562       -1.6907138792
 H          4.4150473602        3.7602675048       -0.4145133420
 H          0.8966343881        6.9578124727        0.7995409665
 H         -1.3516564430        7.0337743261        1.8509115606
 H         -2.7284787883        5.0189313607        2.0203499333
 H         -1.9390426875        2.8510677853        1.1582664214
 H         -1.5977653370        1.6555762761       -1.0074291620
 H         -2.4461403682       -0.1139244704        1.3871372180
 H         -3.0908779843        1.3653214555        3.2293253151
 H         -4.9953757066        2.9151087315        2.9816925245
 H         -6.2991487587        2.9398345650        0.8805204177
 H         -5.6790482736        1.4279103994       -0.9753189902
 H         -5.5480356755       -2.4092485471       -3.9406554004
 H         -3.9860730384       -3.9097643755       -5.1473971440
 H         -1.6131901276       -3.9917193724       -4.5661209827
 H         -0.6898027992       -2.6268176622       -2.7287079122
 H         -0.5086464449       -2.4516703402       -0.3743936728
 H         -0.1488197166       -1.0987047595        2.6388787366
 H         -2.3582795771       -1.4213957527        3.6694074551
 H         -3.3342896230       -3.6755842459        3.8307127546
 H         -2.0737559747       -5.6272054537        2.9968001789
 H          0.1522494870       -5.3043838603        1.9610203969
 H          5.0915053366       -4.7412609229        1.5071904769
 H          6.6989652429       -3.4568175800        0.1171952183
 H          6.0092366595       -1.4107321383       -1.0335588108
 H          3.7143560720       -0.5473568463       -0.8468934155
  82
 Etot=        -133.7159321553
 N          3.3243684198        1.1444852413        1.6362856364
 C          2.3973143843        0.7897072425        1.0487943031
 C          1.2431368149        0.3742887264        0.3813878474
 C          0.3149041592        1.3245317566       -0.1256083646
 N          0.6552398943        2.6853621285       -0.0998142759
 C          1.8406697973        3.2571094726       -0.5163623216
 C          2.8698972919        2.5654668110       -1.2683420270
 C          2.5644172508        1.5542503325       -2.1797659244
 C          3.5745333531        0.9433884076       -2.8996420070
 C          4.8934109677        1.3289141264       -2.7188887635
 C          5.2000926899        2.3448947373       -1.8267291122
 C          4.1970574943        2.9667748748       -1.1112487105
 N          1.9045498298        4.5342760196       -0.2338733945
 C          0.7339331103        4.8581355526        0.3744506652
 C          0.2795149091        6.0770957553        0.8744467776
 C         -0.9676914531        6.1050170023        1.4566232422
 C         -1.7561242228        4.9541973072        1.5560650100
 C         -1.3259935512        3.7345621352        1.0711304454
 C         -0.0820773909        3.7007054344        0.4669233170
 C         -0.8976257897        0.9228671809       -0.6309860087
 C         -1.2077934155       -0.4487237232       -0.7274508264
 N         -2.4183479644       -0.8447894179       -1.2718233485
 C         -3.6660678772       -0.2528194407       -1.0456256415
 C         -3.9860617852        0.5928844366        0.0412013097
 C         -3.2576321808        0.5878377407        1.2555247170
 C         -3.6385000359        1.4006239711        2.2962213996
 C         -4.7256050893        2.2623399453        2.1656351925
 C         -5.4647591905        2.2637940792        0.9831188347
 C         -5.1231685612        1.4325772042       -0.0536366752
 N         -4.5830790961       -0.6943289233       -1.9349205641
 C         -3.9930447453       -1.6462585376       -2.6510714502
 C         -4.5024584207       -2.4498992787       -3.6907431138
 C         -3.6313939490       -3.2823853744       -4.3441115632
 C         -2.2707809727       -3.3455588705       -4.0027812979
 C         -1.7438639648       -2.5887022205       -2.9647052166
 C         -2.6095523222       -1.7695379879       -2.2721077845
 C         -0.2704777192       -1.4009416334       -0.3033301089
 C          0.9178185483       -1.0023283191        0.2670318279
 N          1.7896250812       -1.9754290846        0.7732744889
 C          1.4358265798       -3.0328407814        1.5849082749
 C          0.1252879037       -3.1837651170        2.1948556153
 C         -0.5828609055       -2.0878153148        2.6893137252
 C         -1.8194486290       -2.2710519823        3.2770727149
 C         -2.3649492297       -3.5414818470        3.3765459799
 C         -1.6562000554       -4.6359541627        2.9082322150
 C         -0.4148445705       -4.4624336934        2.3272159792
 N          2.4269978132       -3.8635479287        1.7853048405
 C          3.4990828838       -3.3543115198        1.1197640458
 C          4.8004134437       -3.8367359371        1.0002964069
 C          5.6810267609       -3.1154655880        0.2250774576
 C          5.2897389374       -1.9456654563       -0.4322272293
 C          4.0046513695       -1.4496174737       -0.3312308836
 C          3.1209852839       -2.1517367563        0.4686143477
 H          1.5374107442        1.2605019698       -2.3449118785
 H          3.3309579085        0.1612499303       -3.6043508742
 H          5.6778188763        0.8403408677       -3.2774967831
 H          6.2262837136        2.6506349963       -1.6903983713
 H          4.4148383843        3.7579795750       -0.4124986422
 H          0.8964136156        6.9575502660        0.7986177236
 H         -1.3520419130        7.0338876165        1.8505702089
 H         -2.7275521335        5.0185507095        2.0226882707
 H         -1.9370307409        2.8503003931        1.1614679420
 H         -1.5947467141        1.6542278999       -1.0100553935
 H         -2.4379964705       -0.1030380652        1.3828404844
 H         -3.0871931653        1.3736107239        3.2256681209
 H         -5.0003104719        2.9132599950        2.9810742640
 H         -6.3123321106        2.9259755996        0.8849317640
 H         -5.6874971369        1.4164475659       -0.9722972594
 H         -5.5480871189       -2.3978291316       -3.9450815850
 H         -3.9898300102       -3.9082010572       -5.1476819513
 H         -1.6185689758       -3.9977531157       -4.5628837373
 H         -0.6926594247       -2.6361760388       -2.7243933319
 H         -0.5054088045       -2.4516081914       -0.3725271014
 H         -0.1498371801       -1.0987836860        2.6404656602
 H         -2.3610692928       -1.4217225441        3.6667930043
 H         -3.3355302706       -3.6765555536        3.8296040870
 H         -2.0729036516       -5.6280012672        2.9985097869
 H          0.1535737519       -5.3042707067        1.9637088698
 H          5.0913280577       -4.7429967987        1.5061052526
 H          6.6992826838       -3.4576989431        0.1168451863
 H          6.0095387130       -1.4116195954       -1.0335682101
 H          3.7143526649       -0.5485714571       -0.8469367389
  82
 Etot=        -133.7161422353
 N          3.3289514509        1.1388995614        1.6404958520
 C          2.3966831251        0.7933218943        1.0578648475
 C          1.2467565296        0.3748926748        0.3859801083
 C          0.3199527296        1.3229351528       -0.1256038635
 N          0.6591676378        2.6842185192       -0.0983960628
 C          1.8398863473        3.2584614960       -0.5205543835
 C          2.8711570169        2.5652931501       -1.2732060254
 C          2.5660453286        1.5591435378       -2.1889839883
 C          3.5771020760        0.9488684599       -2.9085435181
 C          4.8958236038        1.3331897831       -2.7241451149
 C          5.2017011454        2.3446154816       -1.8272684368
 C          4.1975090101        2.9636695975       -1.1098816638
 N          1.9032103708        4.5344968493       -0.2422839171
 C          0.7342181976        4.8573681296        0.3761452480
 C          0.2799775302        6.0761030402        0.8736472383
 C         -0.9671571885        6.1038118033        1.4583982706
 C         -1.7529863664        4.9530678355        1.5609984175
 C         -1.3214136055        3.7327910215        1.0773595709
 C         -0.0771615799        3.6997226753        0.4742923465
 C         -0.8898302398        0.9196280101       -0.6360426786
 C         -1.2009431500       -0.4510642821       -0.7301694022
 N         -2.4144079382       -0.8479576843       -1.2666248514
 C         -3.6520838866       -0.2343203946       -1.0527665650
 C         -3.9826909491        0.5962918522        0.0357063385
 C         -3.2464755727        0.6064311653        1.2490104244
 C         -3.6354331710        1.4134104415        2.2897727899
 C         -4.7388500075        2.2568578351        2.1650842228
 C         -5.4889764783        2.2400583633        0.9881151526
 C         -5.1400739199        1.4149487969       -0.0494050221
 N         -4.5707394125       -0.6643573650       -1.9599464248
 C         -3.9892097437       -1.6264195973       -2.6601201632
 C         -4.5034442807       -2.4298133563       -3.7016858520
 C         -3.6390657946       -3.2761520885       -4.3468544661
 C         -2.2827047333       -3.3554458011       -3.9973217563
 C         -1.7509546797       -2.6015576005       -2.9550059274
 C         -2.6090686447       -1.7715196467       -2.2708825094
 C         -0.2640847806       -1.4004963955       -0.3026848090
 C          0.9226335278       -1.0013001649        0.2712927094
 N          1.7927548943       -1.9736712053        0.7822356524
 C          1.4401446316       -3.0308905086        1.5943542539
 C          0.1268948294       -3.1835065895        2.2027070494
 C         -0.5837095020       -2.0882138804        2.6929696054
 C         -1.8234505331       -2.2720399966        3.2751723397
 C         -2.3668031836       -3.5429250550        3.3753806561
 C         -1.6549151104       -4.6371695765        2.9114605390
 C         -0.4121734962       -4.4622352362        2.3331127626
 N          2.4292271883       -3.8611691530        1.7943306858
 C          3.5018910035       -3.3548984193        1.1226003268
 C          4.8013637212       -3.8391663332        1.0008102202
 C          5.6818752834       -3.1179385868        0.2242718697
 C          5.2906901173       -1.9483293733       -0.4319347913
 C          4.0056922523       -1.4518261829       -0.3297821930
 C          3.1234465683       -2.1544633771        0.4714819763
 H          1.5389089495        1.2672053310       -2.3575672957
 H          3.3340577368        0.1693013922       -3.6162451611
 H          5.6806701843        0.8468715996       -3.2842326974
 H          6.2275678630        2.6503377750       -1.6882882008
 H          4.4152284245        3.7513388251       -0.4070520616
 H          0.8956122611        6.9572984518        0.7952351690
 H         -1.3517276272        7.0335033700        1.8503555245
 H         -2.7243178958        5.0165022948        2.0282192813
 H         -1.9307970908        2.8476483557        1.1692359445
 H         -1.5864266628        1.6508089586       -1.0165975756
 H         -2.4155178740       -0.0716668037        1.3723327352
 H         -3.0779617377        1.3977868171        3.2160568861
 H         -5.0176061528        2.9061826877        2.9801967378
 H         -6.3510226011        2.8850576618        0.8971851537
 H         -5.7102451224        1.3844368396       -0.9641740172
 H         -5.5475357068       -2.3637624025       -3.9594880915
 H         -4.0006150334       -3.9014848974       -5.1494577539
 H         -1.6340319001       -4.0162329522       -4.5514490223
 H         -0.7012551264       -2.6635686827       -2.7107402416
 H         -0.4982835112       -2.4516920685       -0.3681488935
 H         -0.1520848772       -1.0985095718        2.6451357058
 H         -2.3683103127       -1.4222907413        3.6594807063
 H         -3.3387406797       -3.6789277845        3.8255366344
 H         -2.0700647299       -5.6298324752        3.0024863315
 H          0.1580308986       -5.3039700760        1.9719058356
 H          5.0920126874       -4.7466685321        1.5047516124
 H          6.6997549907       -3.4611372799        0.1148951965
 H          6.0099530824       -1.4144940433       -1.0342013572
 H          3.7140948070       -0.5520381175       -0.8472254019
  82
 Etot=        -133.7162159099
 N          3.3284848311        1.1373390869        1.6441862442
 C          2.3963409275        0.7937564298        1.0610730952
 C          1.2484300570        0.3744474576        0.3863977525
 C          0.3225577622        1.3221980639       -0.1260593919
 N          0.6617272301        2.6831479296       -0.0974852541
 C          1.8407966403        3.2593872569       -0.5227121000
 C          2.8721541802        2.5655810727       -1.2753932109
 C          2.5667258750        1.5614573117       -2.1933305807
 C          3.5780488666        0.9516885807       -2.9131474177
 C          4.8969156261        1.3345175739       -2.7265848244
 C          5.2030531538        2.3433468077       -1.8267855625
 C          4.1986824808        2.9619529596       -1.1091802344
 N          1.9037979961        4.5352614887       -0.2456853701
 C          0.7350620202        4.8575358659        0.3752325807
 C          0.2809275949        6.0759489636        0.8726659683
 C         -0.9657793830        6.1028964666        1.4591597155
 C         -1.7507154025        4.9518202712        1.5624682267
 C         -1.3187521177        3.7315928840        1.0785094500
 C         -0.0745242488        3.6989921764        0.4754363621
 C         -0.8865970441        0.9187278133       -0.6383368790
 C         -1.1986202563       -0.4511915121       -0.7317866939
 N         -2.4127928736       -0.8473563032       -1.2663342410
 C         -3.6476823910       -0.2290486393       -1.0550957472
 C         -3.9817949625        0.5981150802        0.0351814182
 C         -3.2439375551        0.6139262876        1.2474061518
 C         -3.6369080456        1.4187880611        2.2884229779
 C         -4.7475737472        2.2528103071        2.1657508209
 C         -5.5004088093        2.2286971386        0.9907881540
 C         -5.1457281449        1.4074453881       -0.0478610785
 N         -4.5668911576       -0.6552511540       -1.9642715859
 C         -3.9870953968       -1.6191307245       -2.6639409209
 C         -4.5030050039       -2.4193765730       -3.7065664242
 C         -3.6415714972       -3.2721998882       -4.3481308893
 C         -2.2875628762       -3.3599706484       -3.9937538537
 C         -1.7538858267       -2.6074833793       -2.9506941862
 C         -2.6089196624       -1.7704420980       -2.2717022178
 C         -0.2626716593       -1.4000685117       -0.3023788663
 C          0.9241318278       -1.0010966493        0.2722389672
 N          1.7937824784       -1.9726929266        0.7848443815
 C          1.4424388006       -3.0298407813        1.5986638770
 C          0.1284068724       -3.1827265847        2.2061498554
 C         -0.5835510001       -2.0875759257        2.6945753352
 C         -1.8245749798       -2.2718224228        3.2741522740
 C         -2.3672312863       -3.5430333864        3.3741609566
 C         -1.6537536380       -4.6372106401        2.9123471891
 C         -0.4101225077       -4.4617918589        2.3360072204
 N          2.4309872374       -3.8600846159        1.7986762209
 C          3.5035159424       -3.3544913389        1.1246705659
 C          4.8022596764       -3.8395992415        1.0019054627
 C          5.6822367200       -3.1191339492        0.2234913565
 C          5.2908017996       -1.9497177161       -0.4326202462
 C          4.0059780447       -1.4523820529       -0.3292497060
 C          3.1241611946       -2.1550378883        0.4725101419
 H          1.5394712571        1.2712157512       -2.3641886856
 H          3.3349974112        0.1741180862       -3.6230281566
 H          5.6818229506        0.8491510760       -3.2874817410
 H          6.2290525207        2.6475444807       -1.6855024681
 H          4.4169427965        3.7472213872       -0.4038580263
 H          0.8953372499        6.9578970582        0.7934610481
 H         -1.3498946717        7.0326417947        1.8514286974
 H         -2.7219442780        5.0144742524        2.0300914011
 H         -1.9276653930        2.8462126315        1.1705491729
 H         -1.5831235735        1.6498182387       -1.0196647746
 H         -2.4075499680       -0.0575743981        1.3697889408
 H         -3.0769031710        1.4086213452        3.2132451870
 H         -5.0299273689        2.9003207966        2.9811406484
 H         -6.3689864295        2.8651391289        0.9022507664
 H         -5.7172591314        1.3716320867       -0.9614538013
 H         -5.5457356088       -2.3463605376       -3.9679023368
 H         -4.0051952730       -3.8957613576       -5.1512050952
 H         -1.6408325086       -4.0260578399       -4.5439179373
 H         -0.7053336876       -2.6766661915       -2.7036965500
 H         -0.4978063779       -2.4513382969       -0.3667057149
 H         -0.1524188182       -1.0976389416        2.6475032406
 H         -2.3707910862       -1.4220607053        3.6564379063
 H         -3.3399999499       -3.6794874650        3.8224793662
 H         -2.0684363575       -5.6300863116        3.0031317331
 H          0.1606981672       -5.3036148984        1.9759598672
 H          5.0936686012       -4.7467389775        1.5060124669
 H          6.6996777657       -3.4633741007        0.1131560685
 H          6.0096409608       -1.4162533466       -1.0357777105
 H          3.7140350216       -0.5529628505       -0.8471399805
  82
 Etot=        -133.7163202915
 N          3.3260277115        1.1382385448        1.6516999258
 C          2.3988082809        0.7925931838        1.0618293917
 C          1.2506157984        0.3733083463        0.3859769081
 C          0.3266616377        1.3217839365       -0.1272409952
 N          0.6660646321        2.6821311325       -0.0967898908
 C          1.8440275002        3.2603360276       -0.5251159306
 C          2.8747856704        2.5656564814       -1.2773938180
 C          2.5683634184        1.5648499141       -2.1988896150
 C          3.5795530599        0.9561270029       -2.9198833445
 C          4.8988636418        1.3358720204       -2.7303575459
 C          5.2061198540        2.3402576390       -1.8257512539
 C          4.2020543752        2.9583745747       -1.1074776734
 N          1.9063096472        4.5363081478       -0.2493513672
 C          0.7378247927        4.8579249048        0.3728784283
 C          0.2839590993        6.0757477712        0.8714719870
 C         -0.9619543757        6.1015706540        1.4601556452
 C         -1.7464117024        4.9501225595        1.5633804520
 C         -1.3142724338        3.7302645696        1.0785019124
 C         -0.0704077688        3.6982464898        0.4746905186
 C         -0.8821879580        0.9186515453       -0.6414508470
 C         -1.1956224039       -0.4507342977       -0.7334334218
 N         -2.4106580525       -0.8453386410       -1.2666155976
 C         -3.6435784396       -0.2246123008       -1.0565409416
 C         -3.9815015316        0.5997362205        0.0361410141
 C         -3.2426612352        0.6235180165        1.2468344376
 C         -3.6427943181        1.4250796301        2.2882179426
 C         -4.7639094595        2.2446169407        2.1675944814
 C         -5.5183003514        2.2108830979        0.9944457857
 C         -5.1536677816        1.3955842051       -0.0457905987
 N         -4.5629141163       -0.6457242705       -1.9657812848
 C         -3.9843764992       -1.6097170063       -2.6690184051
 C         -4.5023270327       -2.4040413996       -3.7134937243
 C         -3.6451906923       -3.2653446447       -4.3502766334
 C         -2.2946541060       -3.3655054323       -3.9881781538
 C         -1.7585018863       -2.6148692688       -2.9449844353
 C         -2.6090679876       -1.7672483170       -2.2732600428
 C         -0.2614405668       -1.4001258379       -0.3013245978
 C          0.9258303067       -1.0014934379        0.2733854323
 N          1.7952365864       -1.9719987826        0.7874788420
 C          1.4457223832       -3.0285305519        1.6044502727
 C          0.1312763535       -3.1810407986        2.2107456148
 C         -0.5829706376       -2.0858752333        2.6960804890
 C         -1.8256548945       -2.2705621988        3.2719086552
 C         -2.3676917468       -3.5421538483        3.3713675809
 C         -1.6517348374       -4.6363414216        2.9131770361
 C         -0.4064559502       -4.4606189832        2.3406779931
 N          2.4343801518       -3.8581617564        1.8050277152
 C          3.5060190311       -3.3533194794        1.1282108823
 C          4.8041686894       -3.8390840585        1.0042668369
 C          5.6828062997       -3.1203695490        0.2222253516
 C          5.2905667863       -1.9517668084       -0.4346861769
 C          4.0060968352       -1.4533371050       -0.3293699570
 C          3.1250674406       -2.1553240601        0.4737870884
 H          1.5408677983        1.2767684685       -2.3717997748
 H          3.3360682688        0.1817817830       -3.6331245097
 H          5.6835207206        0.8517976887       -3.2927476383
 H          6.2324959484        2.6418289490       -1.6817240675
 H          4.4212767711        3.7409133588       -0.3995135056
 H          0.8968798350        6.9586008135        0.7920918797
 H         -1.3450941821        7.0310568388        1.8539029140
 H         -2.7176452272        5.0118630130        2.0311332004
 H         -1.9233255925        2.8449548194        1.1695919981
 H         -1.5783529253        1.6498016001       -1.0238598109
 H         -2.3984838011       -0.0379415834        1.3691622155
 H         -3.0804703858        1.4224852465        3.2115318869
 H         -5.0532530303        2.8884481669        2.9836524779
 H         -6.3953140227        2.8353138973        0.9077605988
 H         -5.7251842716        1.3538788701       -0.9587932751
 H         -5.5428210725       -2.3220578550       -3.9805393788
 H         -4.0117842427       -3.8856471326       -5.1545556192
 H         -1.6511775299       -4.0399825224       -4.5321030108
 H         -0.7118153469       -2.6936876991       -2.6939897071
 H         -0.4983006151       -2.4512490843       -0.3642933266
 H         -0.1524281374       -1.0956805357        2.6496606947
 H         -2.3738330346       -1.4208159237        3.6513262471
 H         -3.3419426099       -3.6790242041        3.8163423831
 H         -2.0658949250       -5.6294446168        3.0036463269
 H          0.1657889131       -5.3026341058        1.9834351746
 H          5.0972995654       -4.7447763748        1.5097989079
 H          6.6995697808       -3.4660365159        0.1102625416
 H          6.0084971187       -1.4192210582       -1.0397790781
 H          3.7138504269       -0.5541851608       -0.8475303414
  82
 Etot=        -133.7164031691
 N          3.3251745130        1.1394330259        1.6587407895
 C          2.4030259702        0.7915259058        1.0617683131
 C          1.2533462948        0.3723959229        0.3857184802
 C          0.3319142824        1.3215748480       -0.1288422327
 N          0.6713748821        2.6816910791       -0.0972867481
 C          1.8489423138        3.2606201264       -0.5272453246
 C          2.8790626348        2.5652312088       -1.2791203045
 C          2.5712364092        1.5688454406       -2.2049850070
 C          3.5817860406        0.9613025228       -2.9278059501
 C          4.9017715934        1.3369060955       -2.7350850716
 C          5.2106609178        2.3358853321       -1.8249521129
 C          4.2072534691        2.9534984663       -1.1054902990
 N          1.9101580355        4.5367680457       -0.2526661835
 C          0.7420892648        4.8579207780        0.3701878224
 C          0.2883494590        6.0751869438        0.8702171658
 C         -0.9565856581        6.0999977115        1.4610319900
 C         -1.7407300599        4.9482583940        1.5642427374
 C         -1.3085778220        3.7289089049        1.0783677794
 C         -0.0654404510        3.6975821664        0.4730290936
 C         -0.8767841624        0.9187906829       -0.6448246247
 C         -1.1916153241       -0.4504578266       -0.7341146598
 N         -2.4079702482       -0.8435145962       -1.2658529275
 C         -3.6390991950       -0.2185993074       -1.0575670414
 C         -3.9814162635        0.6014896098        0.0367776116
 C         -3.2407532362        0.6361518989        1.2461493785
 C         -3.6513585127        1.4320508955        2.2881613187
 C         -4.7862813415        2.2330625673        2.1704014761
 C         -5.5425313418        2.1876450525        0.9988326184
 C         -5.1657319013        1.3799134460       -0.0429501641
 N         -4.5579320297       -0.6319433160       -1.9704531053
 C         -3.9817289980       -1.5969424296       -2.6752672797
 C         -4.5020226842       -2.3850551321       -3.7226807005
 C         -3.6503989918       -3.2565043061       -4.3532677454
 C         -2.3038068219       -3.3717509061       -3.9814269958
 C         -1.7648209235       -2.6235313613       -2.9377035391
 C         -2.6094458900       -1.7638273604       -2.2738523640
 C         -0.2593700758       -1.4006306241       -0.2992068832
 C          0.9282356346       -1.0017232132        0.2755842039
 N          1.7975437516       -1.9714385160        0.7910357308
 C          1.4495188937       -3.0266424136        1.6111722570
 C          0.1348772980       -3.1786830706        2.2161705767
 C         -0.5824188074       -2.0834361276        2.6970843113
 C         -1.8271359961       -2.2684227599        3.2682731593
 C         -2.3684131376       -3.5403879422        3.3674469105
 C         -1.6491720408       -4.6346973414        2.9145428606
 C         -0.4017344058       -4.4587620540        2.3470210834
 N          2.4387961264       -3.8552608598        1.8122711172
 C          3.5090874332       -3.3515704960        1.1325905280
 C          4.8068901291       -3.8377529847        1.0071787976
 C          5.6837133889       -3.1212844840        0.2209215549
 C          5.2903331836       -1.9539638579       -0.4375525552
 C          4.0063494833       -1.4546737582       -0.3301366536
 C          3.1266792218       -2.1550921818        0.4758068966
 H          1.5432388502        1.2837599014       -2.3798592255
 H          3.3373044797        0.1913349571       -3.6454652989
 H          5.6858815923        0.8539908075       -3.2992022475
 H          6.2376856368        2.6336151718       -1.6776313852
 H          4.4276764349        3.7321720757       -0.3936362018
 H          0.9001215925        6.9587493498        0.7906045931
 H         -1.3389802142        7.0290782636        1.8563996216
 H         -2.7115563204        5.0091419254        2.0329151670
 H         -1.9176344317        2.8435053979        1.1689838948
 H         -1.5719476547        1.6500772866       -1.0288935409
 H         -2.3858560778       -0.0117251522        1.3679483164
 H         -3.0863992006        1.4390604129        3.2098447490
 H         -5.0849228966        2.8714626887        2.9875559956
 H         -6.4309081866        2.7963596724        0.9146645766
 H         -5.7384432264        1.3293881076       -0.9547727764
 H         -5.5397746693       -2.2921193887       -3.9967524849
 H         -4.0195996040       -3.8730303011       -5.1592659885
 H         -1.6648019356       -4.0566120813       -4.5178598847
 H         -0.7204819318       -2.7142370266       -2.6812582049
 H         -0.4974890676       -2.4515117471       -0.3602090336
 H         -0.1525789384       -1.0929409857        2.6508196387
 H         -2.3778181558       -1.4186096661        3.6439253201
 H         -3.3445799405       -3.6775311980        3.8080770737
 H         -2.0626709560       -5.6280682048        3.0050132462
 H          0.1728735402       -5.3008302829        1.9937827764
 H          5.1017032460       -4.7418347243        1.5144981896
 H          6.6998357729       -3.4681104043        0.1069662134
 H          6.0069810813       -1.4229290019       -1.0455031459
 H          3.7135422887       -0.5560404890       -0.8489812707
  82
 Etot=        -133.7164603808
 N          3.3266812432        1.1393216384        1.6618118331
 C          2.4065465414        0.7912350680        1.0619363543
 C          1.2564783807        0.3721638654        0.3850387522
 C          0.3369121183        1.3216073971       -0.1311936151
 N          0.6764462515        2.6817329010       -0.0994644824
 C          1.8545294988        3.2602712475       -0.5289174093
 C          2.8842255762        2.5644525866       -1.2804560302
 C          2.5746990542        1.5727777727       -2.2107762906
 C          3.5842185751        0.9658655683       -2.9354245399
 C          4.9050782513        1.3365557493       -2.7393810625
 C          5.2159293997        2.3299719344       -1.8237845127
 C          4.2134658800        2.9476225695       -1.1031307851
 N          1.9149380113        4.5365143243       -0.2544928244
 C          0.7469205924        4.8575810123        0.3675812577
 C          0.2929918999        6.0744405026        0.8687849249
 C         -0.9509494534        6.0984044379        1.4613737864
 C         -1.7347165854        4.9462926009        1.5650973428
 C         -1.3028614189        3.7275948866        1.0778356962
 C         -0.0606725023        3.6970617469        0.4703921224
 C         -0.8718911570        0.9190665820       -0.6476663652
 C         -1.1882481334       -0.4501710287       -0.7335736388
 N         -2.4057052995       -0.8417332896       -1.2647811504
 C         -3.6359242640       -0.2123587727       -1.0580866509
 C         -3.9823780471        0.6033069212        0.0373296683
 C         -3.2398880701        0.6491363684        1.2456149619
 C         -3.6616839606        1.4379688299        2.2886412308
 C         -4.8103257042        2.2200596556        2.1742610885
 C         -5.5681191770        2.1635679562        1.0038954899
 C         -5.1793647436        1.3640310326       -0.0394781820
 N         -4.5534069039       -0.6184499872       -1.9756316165
 C         -3.9794116251       -1.5842151644       -2.6810075609
 C         -4.5012203942       -2.3664521945       -3.7320304406
 C         -3.6550059597       -3.2473745753       -4.3564104075
 C         -2.3122691308       -3.3771187244       -3.9747694800
 C         -1.7711302128       -2.6316099121       -2.9302896232
 C         -2.6098893211       -1.7607485283       -2.2734548237
 C         -0.2574846331       -1.4009280101       -0.2964500993
 C          0.9306161653       -1.0016046785        0.2776003078
 N          1.8000674872       -1.9707697817        0.7941190263
 C          1.4530742880       -3.0241511616        1.6171246963
 C          0.1383609751       -3.1759614112        2.2210604822
 C         -0.5819016716       -2.0805651938        2.6973357601
 C         -1.8285859158       -2.2656400147        3.2639897336
 C         -2.3690881602       -3.5379402813        3.3633551505
 C         -1.6465646787       -4.6324929333        2.9162480202
 C         -0.3970656230       -4.4564507558        2.3534631066
 N          2.4433257882       -3.8516219054        1.8188558917
 C          3.5122496726       -3.3491888740        1.1369083075
 C          4.8099535333       -3.8355976820        1.0100361439
 C          5.6849171055       -3.1215064415        0.2197912031
 C          5.2903099787       -1.9556824635       -0.4408057970
 C          4.0068182534       -1.4558502059       -0.3316503746
 C          3.1287013172       -2.1540937899        0.4778817825
 H          1.5459950923        1.2912883036       -2.3874742915
 H          3.3383055712        0.2002596468       -3.6572666727
 H          5.6884256846        0.8542432164       -3.3050267638
 H          6.2437387153        2.6235606432       -1.6736018957
 H          4.4351554276        3.7228058810       -0.3878360647
 H          0.9041735935        6.9584025618        0.7888738913
 H         -1.3331102798        7.0270011565        1.8581004804
 H         -2.7046427827        5.0064704162        2.0356839767
 H         -1.9115682899        2.8418400091        1.1686629429
 H         -1.5659840325        1.6504041003       -1.0333220278
 H         -2.3740516559        0.0155191431        1.3662320731
 H         -3.0947420065        1.4540926712        3.2090095121
 H         -5.1184249740        2.8520799350        2.9929143408
 H         -6.4670906672        2.7569905605        0.9220717044
 H         -5.7525712269        1.3052930505       -0.9504646577
 H         -5.5360136967       -2.2623752552       -4.0134713355
 H         -4.0256232101       -3.8603920869       -5.1644072305
 H         -1.6780277018       -4.0716689332       -4.5043644822
 H         -0.7293663333       -2.7337585097       -2.6676453898
 H         -0.4966268396       -2.4515358407       -0.3549757924
 H         -0.1527198005       -1.0897928264        2.6506906009
 H         -2.3817950686       -1.4156453939        3.6355727646
 H         -3.3471672208       -3.6751282541        3.7996448269
 H         -2.0592953712       -5.6261370566        3.0073066656
 H          0.1802958300       -5.2984743110        2.0046216019
 H          5.1059090466       -4.7383449004        1.5190667163
 H          6.7006067986       -3.4689718364        0.1040404682
 H          6.0056152635       -1.4265572416       -1.0519867174
 H          3.7131924550       -0.5581430344       -0.8518068313
  82
 Etot=        -133.7164978164
 N          3.3301175098        1.1386547254        1.6604830718
 C          2.4095058859        0.7913420884        1.0610623180
 C          1.2595882119        0.3725253682        0.3837152826
 C          0.3407337968        1.3218579287       -0.1339270105
 N          0.6805200625        2.6820923817       -0.1030259059
 C          1.8597118507        3.2595822543       -0.5302137309
 C          2.8893039339        2.5635694612       -1.2815740362
 C          2.5780720601        1.5759047646       -2.2154864654
 C          3.5864429474        0.9686844280       -2.9413425972
 C          4.9082004658        1.3345133033       -2.7423011099
 C          5.2209274508        2.3234425476       -1.8225617971
 C          4.2194835217        2.9419235580       -1.1011871110
 N          1.9198753280        4.5358202083       -0.2550191768
 C          0.7515557833        4.8570069160        0.3656169717
 C          0.2971889775        6.0736558519        0.8674441871
 C         -0.9459948941        6.0970191788        1.4611327055
 C         -1.7292679884        4.9444929919        1.5657993875
 C         -1.2978792106        3.7264367775        1.0770200836
 C         -0.0566764762        3.6967584232        0.4673785231
 C         -0.8684713872        0.9195097680       -0.6494054448
 C         -1.1865260217       -0.4497195927       -0.7319453483
 N         -2.4045302789       -0.8399295601       -1.2636366251
 C         -3.6347496799       -0.2066717072       -1.0582290335
 C         -3.9846199498        0.6050113666        0.0377884934
 C         -3.2409890531        0.6599328384        1.2454296593
 C         -3.6724114525        1.4414837620        2.2898216499
 C         -4.8319878383        2.2075351431        2.1788191625
 C         -5.5902285926        2.1430672415        1.0089261736
 C         -5.1916128710        1.3514098195       -0.0361659507
 N         -4.5501574518       -0.6076501673       -1.9803010719
 C         -3.9776866401       -1.5739257043       -2.6851540789
 C         -4.4996185811       -2.3515220133       -3.7398338647
 C         -3.6575697271       -3.2393945134       -4.3590948103
 C         -2.3180625755       -3.3803171306       -3.9692151237
 C         -1.7760935602       -2.6374394626       -2.9237154296
 C         -2.6103638305       -1.7583109310       -2.2720732609
 C         -0.2565066872       -1.4007516618       -0.2936104707
 C          0.9323545294       -1.0012111127        0.2787288009
 N          1.8021425877       -1.9700457411        0.7958481197
 C          1.4558160902       -3.0214470469        1.6211670230
 C          0.1410924350       -3.1733238070        2.2245733796
 C         -0.5815351565       -2.0776760048        2.6966860118
 C         -1.8297889095       -2.2626193242        3.2597270226
 C         -2.3694955059       -3.5351953315        3.3599789212
 C         -1.6442325861       -4.6300945084        2.9182783853
 C         -0.3932054195       -4.4540740021        2.3589848807
 N          2.4471224066       -3.8477662123        1.8238521703
 C          3.5149705189       -3.3464684342        1.1403667138
 C          4.8127864587       -3.8328942081        1.0124288614
 C          5.6862148262       -3.1209098943        0.2190553768
 C          5.2904618148       -1.9566602475       -0.4439686183
 C          4.0072802333       -1.4567536768       -0.3339389436
 C          3.1306230774       -2.1526733458        0.4792574110
 H          1.5485821920        1.2982967546       -2.3939933528
 H          3.3389274200        0.2068592260       -3.6666091232
 H          5.6907637018        0.8519457639       -3.3087783306
 H          6.2495947089        2.6126907111       -1.6697028957
 H          4.4425424555        3.7136365360       -0.3825075032
 H          0.9082591179        6.9577185021        0.7870283528
 H         -1.3284946375        7.0251773354        1.8585839755
 H         -2.6980446399        5.0041996280        2.0387962877
 H         -1.9059878559        2.8401837542        1.1684137091
 H         -1.5617773928        1.6508720253       -1.0360969153
 H         -2.3661778910        0.0386674597        1.3642996353
 H         -3.1043550301        1.4646597379        3.2093288834
 H         -5.1480976710        2.8330675359        2.9992917548
 H         -6.4978147212        2.7234705067        0.9294450303
 H         -5.7652306839        1.2857493610       -0.9464322564
 H         -5.5316830813       -2.2382466221       -4.0275793387
 H         -4.0280391316       -3.8496653777       -5.1691892206
 H         -1.6878233228       -4.0819194710       -4.4938966961
 H         -0.7367538087       -2.7482621749       -2.6552307489
 H         -0.4964624908       -2.4511512979       -0.3495437457
 H         -0.1529108131       -1.0866804990        2.6492346205
 H         -2.3851013789       -1.4123430817        3.6275463746
 H         -3.3490892567       -3.6722229693        3.7928281726
 H         -2.0561927884       -5.6239649296        3.0104777367
 H          0.1865145384       -5.2959964103        2.0138290300
 H          5.1092227642       -4.7346692095        1.5229845114
 H          6.7017537509       -3.4684262726        0.1021102280
 H          6.0046700371       -1.4294302262       -1.0580317244
 H          3.7126708815       -0.5603508418       -0.8559514114
