 
        ______________________________________
       |                                      |
       |          ===================         |
       |             xTB for sTDA             |
       |          ===================         |
       |               S. Grimme              |
       |        Universitaet Bonn, MCTC       |
       |         2015-19, Version 1.0         |
       |     Wed Apr  3 09:14:55 CEST 2019    |
       |______________________________________|
 
        This code comes without any warranty
        for non-commercial, academia use only.
        Preliminary test version.
        Cite this work as:
        S. Grimme  &  C. Bannwarth, JCP 145 (2016) 054103
        if GBSA is used additionally:
        P. Shushkov, F. März, C. Bannwarth, S. Grimme, unpublished.
 
        with help from
        P. Shushkov, G. Brandenburg, S. Dohm, J. Pisarek,
        F. März, M. Checinski, S. Ehrlich, S. Spicher, 
        P. Pracht, E. Caldeweyher, S. Ehlert, and C. Bannwarth.
 
        usage        :
        xtb4stda <coord_file> [options]
        where <coord_file> is a valid file of TM)
        (*coord, Bohr) or xmol (*xyz, Angstroem)
        format.

        options:
        -chrg <int>   : molecular charge
        -uhf  <int>   : # of unpaired electrons(=2*S)
        -nox          : skip second, extended part in sTDA-xTB
        -pop          : do population analysis
                      : (default for -nox)
        -mowr <real>  : cut MO write above (def.3 Eh)
        -molden       : write formatted molden file
        -parx <file>  : read parameters for sTDA-xTB
                        calc (def:~/.param_stda2.xtb)
        -parv <file>  : read parameters for vTB part in
                        sTDA-xTB (def: ~/.param_stda1.xtb)
        -xtemp <real> : el. temp for xTB (def. 0 K)
        -etemp <real> : el. temp for GFN (def. 300 K)
        -fod          : calculate the FOD and write
                        molden.input file with
                        appropriate occupations
                        for plotting. Def. T=12500 K
 
        -acc <real>   : xTB accuracy (def. 1.0)
        -gbsa [string1] [string2]
                        use GBSA implicit solvent
                        for solvent [string1] and
                        solvation state [string2]=
                        reference, bar1M (default=1M)
        additional GFN/opt/MD/siman options read from
        $XTB4STDAHOME/.xtb4stdarc or $set in input
 
       spin and charge state information can be on:
       <.CHRG> (charge) and <.UHF> (=nalpha-nbeta)
       -uhf and -chrg override the file info.
       useful machine settings:
       setenv MKL_NUM_THREADS <NCORE_ON_YOUR_MACHINE>
       setenv OMP_STACKSIZE 500m
       limit stacksize unlimited
 
       total energies in Eh, gaps/HL energies in eV
       please read REVISION and HOWTO files carefully
 =============================
  # OMP threads =          48
 =============================
 
 xtb4stdahome directory:/home/penavora/Exe_xtb_crest/
 
 argument            1 :--gbsa
 argument            2 :toluene
 
 name of molecule           :
 comment line               :
 number of atoms            :    54
 number of electrons        :   170
 charge                     :  0
 spin                       : 0.0
 first test random number   :  0.9193
 
 -----------------------------------------
      charge density (VTB) calculation
 -----------------------------------------
 
      method parameters     
 k(s)        :  1.8000
 k(p)        :  2.8350
 k(d)        :  2.0860
 k(f)        :  2.0000
 Tscal       :  0.3300
 Gscal       :  0.3910
 fpol        :  1.0000
 Zcnf        :  0.6500
 Zqf         :  0.0000
 kcn         :  0.3000
 kEN1        : -0.5900
 wllscal     :  2.6000
 
 Solvent             : toluene
 GBSA parameter file : /home/penavora/Exe_xtb_crest/.param_gbsa_toluene
 Gsolv ref. state (COSMO-RS): gsolv [1 M gas/solution]
 temperature (mdtemp)       :    298.150000000000     
 dielectric constant        :    7.00000000000000     
 rho                        :   0.867000000000000     
 mass                       :    92.1400000000000     
 surface tension            :    15.5689470637553     
 probe radius               :   0.641644990000000     
 vdW radii scaling          :    1.00000000000000     
 Gshift (Eh)                :   4.228772547061559E-003
 c1                         :    1.59772343000000     
 soset                      :   0.281999450000000     
 HB correction              :  F
 
 doing EN charges ...
 sum q : -0.1110223D-15
 point charge moment (au)
     X       Y       Z   
  -0.4336   0.3435  -0.1812  total (Debye):    1.480
 
            Z      q(EN)   CN      Cart. coordinates
     1  C   4.0  -0.069   3.137   -10.87690     4.14287    -4.72130
     2  C   4.0  -0.072   3.153    -9.01914     5.70207    -3.72876
     3  C   4.0  -0.067   3.178    -7.03124     4.61843    -2.41898
     4  C   4.0   0.097   3.313    -7.00049     2.00214    -2.12662
     5  C   4.0   0.114   3.326    -4.94497     0.73661    -0.76376
     6  N   5.0  -0.212   2.205    -2.62408     1.49620    -1.17215
     7  C   4.0   0.094   3.316    -0.72872     0.12445    -0.15216
     8  C   4.0  -0.062   3.219     1.80013     0.84551    -0.49150
     9  C   4.0   0.094   3.259     3.67236    -0.74615     0.38655
    10  N   5.0  -0.305   3.236     6.23974    -0.16451     0.15610
    11  C   4.0   0.091   3.287     7.87475    -1.85301    -1.07180
    12  C   4.0  -0.069   3.193     6.99620    -3.97546    -2.34701
    13  C   4.0  -0.073   3.144     8.65868    -5.60470    -3.54861
    14  C   4.0  -0.073   3.142    11.22400    -5.12175    -3.52994
    15  C   4.0  -0.068   3.169    12.12350    -2.96875    -2.34038
    16  C   4.0   0.068   3.284    10.46987    -1.33797    -1.13684
    17  O   6.0  -0.149   2.098    11.49188     0.78735    -0.06255
    18  C   4.0   0.067   3.285     9.86437     2.47622     1.04225
    19  C   4.0  -0.068   3.170    10.93368     4.63223     2.06827
    20  C   4.0  -0.073   3.142     9.43765     6.39734     3.29389
    21  C   4.0  -0.073   3.144     6.87171     5.97251     3.51228
    22  C   4.0  -0.069   3.191     5.79165     3.82102     2.47882
    23  C   4.0   0.091   3.279     7.25360     2.05901     1.19231
    24  C   4.0   0.046   3.251     2.92951    -3.03554     1.57081
    25  N   5.0  -0.212   2.157     0.59983    -3.71691     1.95024
    26  C   4.0   0.183   3.382    -1.25772    -2.17157     1.15405
    27  N   5.0  -0.212   2.215    -3.64600    -2.80457     1.71820
    28  C   4.0   0.114   3.329    -5.46537    -1.34289     0.88372
    29  C   4.0   0.097   3.312    -8.04533    -1.83003     1.76294
    30  C   4.0  -0.067   3.179    -8.90651    -4.29076     2.13845
    31  C   4.0  -0.072   3.153   -11.35725    -4.63735     2.98255
    32  C   4.0  -0.069   3.137   -12.84410    -2.52859     3.44466
    33  C   4.0   0.031   3.213   -11.79176    -0.15946     3.04988
    34  N   5.0  -0.218   2.183    -9.46238     0.19763     2.23070
    35  N   5.0  -0.218   2.182    -8.76858     0.49951    -3.10117
    36  C   4.0   0.031   3.214   -10.64446     1.55581    -4.36206
    37  H   1.0   0.074   1.004   -12.45837     4.90628    -5.75507
    38  H   1.0   0.074   1.004    -9.11434     7.72575    -3.97647
    39  H   1.0   0.076   1.005    -5.53346     5.74002    -1.61275
    40  H   1.0   0.076   1.005     2.22383     2.58964    -1.46225
    41  H   1.0   0.077   1.007     4.99430    -4.35848    -2.41474
    42  H   1.0   0.074   1.005     7.92110    -7.24513    -4.50804
    43  H   1.0   0.075   1.004    12.52522    -6.38694    -4.45592
    44  H   1.0   0.075   1.005    14.10833    -2.50764    -2.32857
    45  H   1.0   0.075   1.005    12.94936     4.87792     1.89694
    46  H   1.0   0.075   1.004    10.28521     8.07296     4.08456
    47  H   1.0   0.074   1.005     5.68184     7.30515     4.49437
    48  H   1.0   0.077   1.007     3.79096     3.50472     2.70636
    49  H   1.0   0.076   1.006     4.35834    -4.31811     2.27973
    50  H   1.0   0.076   1.005    -7.65906    -5.85565     1.75721
    51  H   1.0   0.074   1.004   -12.09360    -6.51733     3.28059
    52  H   1.0   0.074   1.004   -14.76352    -2.71127     4.10441
    53  H   1.0   0.075   1.004   -12.85457     1.55131     3.40939
    54  H   1.0   0.075   1.004   -12.02198     0.24760    -5.12106
 
  Z AO/shell   Hii/eV     exponent
  1     Sat Feb 20 21:38:01 CET 2016    EN: 2.327 GAM: 0.473  GM3: 0.0000
     1s    -13.751157    1.051071
  6     Sat Feb 20 21:38:01 CET 2016    EN: 2.731 GAM: 0.422  GM3: 0.0000
     2s    -19.378245    2.021003
     2p    -11.993376    1.497917
  7     Sat Feb 20 21:38:01 CET 2016    EN: 3.573 GAM: 0.504  GM3: 0.0000
     2s    -21.576984    2.275442
     2p    -16.125120    2.056788
  8     Sat Feb 20 21:38:01 CET 2016    EN: 3.700 GAM: 0.587  GM3: 0.0000
     2s    -21.648843    2.110798
     2p    -17.239740    2.329048
 
 dipole moment of classical point charges (au)
     X       Y       Z   
  -0.4336   0.3435  -0.1812  total (Debye):    1.480

 
 Nbf   :          162
 T(el) :   300.0
 calculating S/T integrals ...
 cpu time for ints   0.687943000000000     
 Nao   :          162
 making H0...
 making H1...
 cpu time for H      0.190190000000000     
 solving ...
 cpu time for diag   0.552272000000000     
 
 gap (eV)           :   1.632
 Koopmans IP (eV)   :  12.663
 Eel (Eh)           :  -136.076802
 T,E(Fermi),NFOD :    300.000   -11.847  0.000000
 T,E(Fermi),NFOD :    300.000   -11.847  0.000000
 Nfod               :  0.0000
 Nfod/Nel           :  0.0000

          eigenvalues
 #    :          73         74         75         76         77         78         79         80
 occ. :        2.000      2.000      2.000      2.000      2.000      2.000      2.000      2.000
 eps  :       -17.031    -16.984    -16.622    -16.364    -16.311    -16.189    -15.817    -15.635
 #    :          81         82         83         84         85         86         87         88
 occ. :        2.000      2.000      2.000      2.000      2.000      0.000      0.000      0.000
 eps  :       -15.462    -15.299    -14.913    -14.571    -12.664    -11.032     -8.769     -7.795
 #    :          89         90         91         92         93         94         95         96
 occ. :        0.000      0.000      0.000      0.000      0.000      0.000      0.000      0.000
 eps  :        -7.277     -6.872     -6.698     -5.673     -5.573     -5.478     -5.399     -5.304
                            1  SCC done.
 making H1...
 cpu time for H      0.609667000000000     
 solving ...
 cpu time for diag   0.618965000000000     
 
 gap (eV)           :   1.927
 Koopmans IP (eV)   :  12.660
 Eel (Eh)           :  -135.677005
 T,E(Fermi),NFOD :    300.000   -11.697  0.000000
 T,E(Fermi),NFOD :    300.000   -11.697  0.000000
 Nfod               :  0.0000
 Nfod/Nel           :  0.0000

          eigenvalues
 #    :          73         74         75         76         77         78         79         80
 occ. :        2.000      2.000      2.000      2.000      2.000      2.000      2.000      2.000
 eps  :       -16.694    -16.532    -16.433    -16.311    -15.745    -15.635    -15.553    -15.437
 #    :          81         82         83         84         85         86         87         88
 occ. :        2.000      2.000      2.000      2.000      2.000      0.000      0.000      0.000
 eps  :       -15.364    -15.023    -14.694    -14.508    -12.661    -10.735     -8.614     -7.616
 #    :          89         90         91         92         93         94         95         96
 occ. :        0.000      0.000      0.000      0.000      0.000      0.000      0.000      0.000
 eps  :        -7.162     -6.956     -6.815     -5.903     -5.644     -5.586     -5.423     -5.343
                            2  SCC done.
 
 
 Mulliken/CM5 charges    n(s)   n(p)   n(d)   
    1 C  -0.0096 -0.0602   1.142  2.868  0.000
    2 C   0.0025 -0.0512   1.149  2.848  0.000
    3 C  -0.0288 -0.0744   1.145  2.883  0.000
    4 C   0.0609  0.1410   1.178  2.761  0.000
    5 C   0.0952  0.1879   1.197  2.708  0.000
    6 N  -0.2164 -0.4000   1.493  3.724  0.000
    7 C   0.0509  0.1308   1.185  2.764  0.000
    8 C  -0.0139 -0.0522   1.156  2.858  0.000
    9 C   0.0753  0.1364   1.183  2.741  0.000
   10 N  -0.1305 -0.3668   1.230  3.901  0.000
   11 C   0.0382  0.0995   1.178  2.784  0.000
   12 C  -0.0564 -0.1049   1.134  2.922  0.000
   13 C  -0.0395 -0.0957   1.133  2.906  0.000
   14 C  -0.0400 -0.0962   1.133  2.907  0.000
   15 C  -0.0415 -0.0921   1.133  2.909  0.000
   16 C   0.0751  0.1005   1.153  2.772  0.000
   17 O  -0.1357 -0.1992   1.450  4.686  0.000
   18 C   0.0744  0.0998   1.153  2.773  0.000
   19 C  -0.0421 -0.0927   1.133  2.909  0.000
   20 C  -0.0404 -0.0966   1.133  2.908  0.000
   21 C  -0.0396 -0.0958   1.133  2.906  0.000
   22 C  -0.0565 -0.1052   1.134  2.922  0.000
   23 C   0.0393  0.1004   1.178  2.783  0.000
   24 C   0.0411  0.0787   1.171  2.787  0.000
   25 N  -0.1926 -0.3779   1.483  3.709  0.000
   26 C   0.0862  0.2394   1.192  2.722  0.000
   27 N  -0.2076 -0.3848   1.487  3.721  0.000
   28 C   0.0926  0.1852   1.198  2.709  0.000
   29 C   0.0619  0.1417   1.177  2.761  0.000
   30 C  -0.0310 -0.0767   1.145  2.886  0.000
   31 C   0.0013 -0.0524   1.149  2.850  0.000
   32 C  -0.0089 -0.0594   1.142  2.867  0.000
   33 C   0.0272  0.0537   1.161  2.812  0.000
   34 N  -0.2142 -0.4085   1.485  3.730  0.000
   35 N  -0.2177 -0.4115   1.485  3.733  0.000
   36 C   0.0252  0.0516   1.160  2.814  0.000
   37 H   0.0565  0.1134   0.943  0.000  0.000
   38 H   0.0565  0.1130   0.944  0.000  0.000
   39 H   0.0436  0.1041   0.956  0.000  0.000
   40 H   0.0527  0.1162   0.947  0.000  0.000
   41 H   0.0408  0.1042   0.959  0.000  0.000
   42 H   0.0497  0.1065   0.950  0.000  0.000
   43 H   0.0495  0.1062   0.951  0.000  0.000
   44 H   0.0444  0.1047   0.956  0.000  0.000
   45 H   0.0441  0.1044   0.956  0.000  0.000
   46 H   0.0495  0.1062   0.951  0.000  0.000
   47 H   0.0499  0.1067   0.950  0.000  0.000
   48 H   0.0409  0.1040   0.959  0.000  0.000
   49 H   0.0699  0.1418   0.930  0.000  0.000
   50 H   0.0405  0.1016   0.959  0.000  0.000
   51 H   0.0555  0.1120   0.944  0.000  0.000
   52 H   0.0573  0.1142   0.943  0.000  0.000
   53 H   0.0580  0.1253   0.942  0.000  0.000
   54 H   0.0562  0.1235   0.944  0.000  0.000
 Hirshfeld charges for QMDFF written to <charges>
 
 Loewdin charges    n(s)   n(p)   n(d)
    1 C  -0.0051   1.088  2.917  0.000
    2 C   0.0164   1.092  2.891  0.000
    3 C  -0.0256   1.093  2.933  0.000
    4 C   0.0551   1.143  2.802  0.000
    5 C   0.0847   1.164  2.751  0.000
    6 N  -0.1923   1.457  3.735  0.000
    7 C   0.0416   1.150  2.808  0.000
    8 C  -0.0094   1.103  2.906  0.000
    9 C   0.0687   1.148  2.783  0.000
   10 N  -0.0915   1.189  3.903  0.000
   11 C   0.0311   1.143  2.826  0.000
   12 C  -0.0540   1.082  2.972  0.000
   13 C  -0.0317   1.078  2.953  0.000
   14 C  -0.0325   1.078  2.955  0.000
   15 C  -0.0386   1.080  2.959  0.000
   16 C   0.0611   1.119  2.820  0.000
   17 O  -0.0959   1.410  4.686  0.000
   18 C   0.0605   1.119  2.820  0.000
   19 C  -0.0392   1.080  2.959  0.000
   20 C  -0.0328   1.078  2.955  0.000
   21 C  -0.0317   1.078  2.953  0.000
   22 C  -0.0546   1.082  2.973  0.000
   23 C   0.0321   1.143  2.825  0.000
   24 C   0.0410   1.125  2.834  0.000
   25 N  -0.1701   1.448  3.723  0.000
   26 C   0.0673   1.165  2.768  0.000
   27 N  -0.1846   1.452  3.733  0.000
   28 C   0.0825   1.165  2.753  0.000
   29 C   0.0559   1.142  2.802  0.000
   30 C  -0.0278   1.093  2.935  0.000
   31 C   0.0150   1.092  2.893  0.000
   32 C  -0.0042   1.088  2.916  0.000
   33 C   0.0298   1.113  2.858  0.000
   34 N  -0.1921   1.449  3.743  0.000
   35 N  -0.1954   1.449  3.746  0.000
   36 C   0.0276   1.112  2.860  0.000
   37 H   0.0462   0.954  0.000  0.000
   38 H   0.0448   0.955  0.000  0.000
   39 H   0.0349   0.965  0.000  0.000
   40 H   0.0412   0.959  0.000  0.000
   41 H   0.0335   0.966  0.000  0.000
   42 H   0.0411   0.959  0.000  0.000
   43 H   0.0408   0.959  0.000  0.000
   44 H   0.0357   0.964  0.000  0.000
   45 H   0.0354   0.965  0.000  0.000
   46 H   0.0408   0.959  0.000  0.000
   47 H   0.0413   0.959  0.000  0.000
   48 H   0.0337   0.966  0.000  0.000
   49 H   0.0558   0.944  0.000  0.000
   50 H   0.0324   0.968  0.000  0.000
   51 H   0.0440   0.956  0.000  0.000
   52 H   0.0469   0.953  0.000  0.000
   53 H   0.0458   0.954  0.000  0.000
   54 H   0.0443   0.956  0.000  0.000
 
 Wiberg/Mayer (AO) data. WBOs > 0.1 written file <wbo>
 largest (>0.05) Wiberg bond orders for each atom
           total WBO             WBO to atom ...
     1  C   3.965    C   36 1.425    C    2 1.416    H   37 0.945    C    4 0.098
     2  C   3.966    C    3 1.428    C    1 1.416    H   38 0.943    N   35 0.116
     3  C   3.968    C    2 1.428    C    4 1.376    H   39 0.947    C   36 0.097
     4  C   3.945    C    3 1.376    N   35 1.354    C    5 1.013    C    1 0.098
     5  C   3.925    N    6 1.500    C   28 1.161    C    4 1.013    C   26 0.055
     6  N   3.093    C    5 1.500    C    7 1.230    N   27 0.102
     7  C   3.935    C    8 1.282    N    6 1.230    C   26 1.183    C   24 0.055    C   28 0.054
     8  C   3.957    C    9 1.462    C    7 1.282    H   40 0.938    N   25 0.110
     9  C   3.924    C    8 1.462    C   24 1.250    N   10 0.993    C   26 0.059
    10  N   3.352    C   11 0.997    C   23 0.994    C    9 0.993
    11  C   3.927    C   12 1.390    C   16 1.310    N   10 0.997    C   14 0.101
    12  C   3.965    C   13 1.420    C   11 1.390    H   41 0.941    C   15 0.101
    13  C   3.972    C   14 1.437    C   12 1.420    H   42 0.943    C   16 0.101
    14  C   3.969    C   13 1.437    C   15 1.418    H   43 0.943    C   11 0.101
    15  C   3.969    C   14 1.418    C   16 1.404    H   44 0.945    C   12 0.101
    16  C   3.929    C   15 1.404    C   11 1.310    O   17 1.010    C   13 0.101
    17  O   2.298    C   16 1.010    C   18 1.009
    18  C   3.928    C   19 1.404    C   23 1.310    O   17 1.009    C   21 0.102
    19  C   3.968    C   20 1.418    C   18 1.404    H   45 0.945    C   22 0.101
    20  C   3.969    C   21 1.437    C   19 1.418    H   46 0.943    C   23 0.101
    21  C   3.971    C   20 1.437    C   22 1.420    H   47 0.943    C   18 0.102
    22  C   3.967    C   21 1.420    C   23 1.392    H   48 0.941    C   19 0.101
    23  C   3.927    C   22 1.392    C   18 1.310    N   10 0.994    C   20 0.101
    24  C   3.939    N   25 1.546    C    9 1.250    H   49 0.943    C    7 0.055
    25  N   3.117    C   24 1.546    C   26 1.253    C    8 0.110
    26  C   3.928    N   27 1.267    N   25 1.253    C    7 1.183    C    9 0.059    C    5 0.055
    27  N   3.091    C   28 1.478    C   26 1.267    N    6 0.102
    28  C   3.916    N   27 1.478    C    5 1.161    C   29 1.023    C    7 0.054
    29  C   3.945    C   30 1.371    N   34 1.351    C   28 1.023    C   32 0.097
    30  C   3.967    C   31 1.430    C   29 1.371    H   50 0.947    C   33 0.096
    31  C   3.966    C   30 1.430    C   32 1.415    H   51 0.943    N   34 0.115
    32  C   3.962    C   33 1.424    C   31 1.415    H   52 0.945    C   29 0.097
    33  C   3.956    N   34 1.433    C   32 1.424    H   53 0.947    C   30 0.096
    34  N   3.076    C   33 1.433    C   29 1.351    C   31 0.115
    35  N   3.077    C   36 1.431    C    4 1.354    C    2 0.116
    36  C   3.956    N   35 1.431    C    1 1.425    H   54 0.948    C    3 0.097
    37  H   0.996    C    1 0.945
    38  H   0.995    C    2 0.943
    39  H   0.998    C    3 0.947
    40  H   0.997    C    8 0.938
    41  H   0.998    C   12 0.941
    42  H   0.997    C   13 0.943
    43  H   0.997    C   14 0.943
    44  H   0.997    C   15 0.945
    45  H   0.997    C   19 0.945
    46  H   0.997    C   20 0.943
    47  H   0.997    C   21 0.943
    48  H   0.998    C   22 0.941
    49  H   0.994    C   24 0.943
    50  H   0.998    C   30 0.947
    51  H   0.995    C   31 0.943
    52  H   0.996    C   32 0.945
    53  H   0.995    C   33 0.947
    54  H   0.996    C   36 0.948
 
 --------------------------------------------
          xTB calculation for sTDA...
 --------------------------------------------
 
 reading parameter file /home/penavora/Exe_xtb_crest/.param_stda2.xtb
 
      method parameters     
 k(s)        :  1.6000
 k(p)        :  2.1800
 k(d)        :  1.9500
 k(f)        :  2.0000
 k(R-V)      :  2.2750
 k(R-R)      :  1.7650
 Tscal       :  0.2580
 Gscal       :  1.0000
 fpol        :  1.0000
 Zcnf        :  0.3430
 Zqf         :  0.0000
 kcn         :  2.7000
 Ryd Hsplit  :  0.7000
 lshift(virt):  3.1000
 lshift(OS)  :  0.2000
 wllscaling  :  2.6000
 
 mowrcut     : 3.000
 
  Z AO/shell   Hii/eV     exponent
  1     Sun Feb 14 09:53:25 CET 2016    EN: 2.327 GAM: 0.473  GM3: 0.0000
     1s    -14.339618    1.220000
     2sp    -3.348946    0.600000
  6     Sun Feb 14 09:53:25 CET 2016    EN: 2.731 GAM: 0.422  GM3: 0.0000
     2s    -22.009312    1.565095
     2p    -13.020408    1.596905
     3sp    -3.914040    0.824500
  7     Sun Feb 14 09:53:25 CET 2016    EN: 3.573 GAM: 0.504  GM3: 0.0000
     2s    -25.722000    2.064844
     2p    -18.684912    1.801692
     3sp    -4.344791    0.921400
  8     Sun Feb 14 09:53:25 CET 2016    EN: 3.700 GAM: 0.587  GM3: 0.0000
     2s    -33.859000    2.418661
     2p    -22.175911    1.973969
     3sp    -4.259392    1.013700
 
 Nbf   :          378
 T(el) :     0.0
 calculating S/T integrals ...
 cpu time for ints    6.01182100000000     
 Nao   :          378
 making H0...
 making H1...
 cpu time for H      0.347754000000000     
 solving ...
 cpu time for diag    1.18872800000000     
 
 gap (eV)           :   4.893
 Koopmans IP (eV)   :  13.362
 Eel (Eh)           :  -150.678853

          eigenvalues
 #    :          73         74         75         76         77         78         79         80
 occ. :        2.000      2.000      2.000      2.000      2.000      2.000      2.000      2.000
 eps  :       -17.755    -17.569    -17.427    -17.141    -16.772    -16.668    -16.587    -16.447
 #    :          81         82         83         84         85         86         87         88
 occ. :        2.000      2.000      2.000      2.000      2.000      0.000      0.000      0.000
 eps  :       -16.414    -15.955    -15.749    -15.513    -13.363     -8.470     -7.601     -6.379
 #    :          89         90         91         92         93         94         95         96
 occ. :        0.000      0.000      0.000      0.000      0.000      0.000      0.000      0.000
 eps  :        -6.361     -6.211     -6.139     -6.106     -5.981     -5.489     -5.409     -5.294
                            1  SCC done.
 writing mo output ...
 molden style : F
 
speedup 28.34
cpu  time for all   11.33 s
wall time for all    0.40 s
