  100
 Etot=        -154.3781952156
 C         -6.3109025700        4.1844943222        2.8283881581
 C         -5.4097197384        4.0681614080        1.6368344974
 C         -4.9023199495        5.1964914318        1.0023987345
 C         -4.0970103817        5.0685765689       -0.1137233872
 C         -3.7598467871        3.8296193697       -0.6435123004
 C         -2.9153688684        3.7578700424       -1.8791900687
 C         -4.2544410127        2.6894880739        0.0042343886
 N         -3.9728087032        1.3899644387       -0.4593938069
 C         -2.7087435425        0.9939888421       -0.8817228997
 C         -2.6105716188        0.2113463077       -2.0397437641
 C         -1.4053539291       -0.2024264706       -2.5287160982
 C         -0.1941245919        0.1381197595       -1.8583245097
 C          1.0507097519       -0.2345428784       -2.3615230000
 C          2.2194656421        0.0699530131       -1.6826301741
 C          2.1861723830        0.7424154610       -0.4588883220
 C          3.3730893953        1.0372367125        0.3003647180
 N          4.6039997116        0.4796567266       -0.0286196633
 C          5.7433214504        1.3096801221        0.0276420060
 C          5.6872826056        2.5278267979       -0.6493427849
 C          6.7561085407        3.4057074151       -0.6476360970
 C          6.6895325016        4.7139904826       -1.3750303769
 C          7.9033457064        3.0417416798        0.0521919316
 C          7.9560712491        1.8459991861        0.7418361859
 C          6.8851482691        0.9602124002        0.7577170302
 C          6.9652267020       -0.2987238971        1.5665219192
 C          4.7275030836       -0.8594566036       -0.3608833291
 C          5.7596660349       -1.3216187325       -1.1836058332
 C          5.8863609573       -2.6624696369       -1.5185383518
 C          4.9904964479       -3.6111816554       -1.0625156791
 C          3.9490558822       -3.1822143075       -0.2441848982
 C          3.8279026724       -1.8270385354        0.1031173185
 O          2.7613618170       -1.6102605876        0.9276677369
 C          2.1712083526       -2.8214404689        1.1128243012
 C          1.0450183993       -3.0770825166        1.8749427231
 C          0.6090432560       -4.3888808772        1.9367949838
 C          1.2729641265       -5.4084624307        1.2572101997
 C          2.3952000557       -5.1501773936        0.4945520492
 C          2.8537230742       -3.8406318400        0.4196607305
 C          3.2972958975        1.8956625541        1.4029945755
 C          2.0966153660        2.3622437075        1.8583031367
 C          0.8785398011        1.9907204658        1.2150622214
 C         -0.3647300943        2.3679635131        1.7175194915
 C         -1.5384598133        2.0309283795        1.0614236822
 C         -1.5168767142        1.3370770301       -0.1510332596
 C         -0.2619750885        0.8965814522       -0.6601785085
 C          0.9355046852        1.2059830291        0.0333230659
 C         -5.0200109938        0.4763891278       -0.5461568047
 C         -6.3260133093        0.8731469010       -0.8530569299
 C         -7.3711191531       -0.0357645661       -0.9296590856
 C         -7.1722155288       -1.3875502289       -0.7183180668
 C         -5.8810460363       -1.8166059094       -0.4241237047
 C         -4.8247345828       -0.8937101524       -0.3360411297
 O         -3.6440057886       -1.5059421729       -0.0293481038
 C         -3.9191117338       -2.8362133927        0.0709485657
 C         -3.0119252512       -3.8443760831        0.3440548514
 C         -3.5023962480       -5.1377482571        0.3922096910
 C         -4.8511267194       -5.4136105477        0.1768962513
 C         -5.7542134429       -4.4056245705       -0.0986585013
 C         -5.2845592783       -3.0990416168       -0.1556168053
 C         -5.0737150207        2.8263709358        1.1261493592
 H         -6.1386492954        5.1203207837        3.3544714608
 H         -7.3532543259        4.1619268457        2.5079740166
 H         -6.1540417828        3.3559133088        3.5154776407
 H         -5.1430624443        6.1791295866        1.3806317795
 H         -3.7239941437        5.9583383577       -0.6006266780
 H         -1.8743464530        3.5572610795       -1.6240027688
 H         -3.2541099278        2.9653951752       -2.5432852260
 H         -2.9570858610        4.7043844800       -2.4135246098
 H         -3.5194320878       -0.0325466068       -2.5750700540
 H         -1.3493510831       -0.7753055034       -3.4423940185
 H          1.1013122959       -0.7816391136       -3.2925862998
 H          3.1637575665       -0.2265433011       -2.1145127788
 H          4.7819688633        2.7733798806       -1.1870041127
 H          5.7653769325        4.7979615275       -1.9409236989
 H          7.5315684157        4.8131445823       -2.0585013508
 H          6.7378856806        5.5399889825       -0.6657551316
 H          8.7540932821        3.7072005714        0.0648305749
 H          8.8472162768        1.5928702266        1.2984059190
 H          7.6823125884       -0.1779063382        2.3754034973
 H          5.9958269714       -0.5529076003        1.9914393921
 H          7.2871417428       -1.1375320746        0.9480585967
 H          6.4656017238       -0.6031657952       -1.5729709206
 H          6.7031729274       -2.9625222455       -2.1579884182
 H          5.0892949604       -4.6510646018       -1.3288664706
 H          0.5354928261       -2.2782176285        2.3910391299
 H         -0.2646253225       -4.6261970462        2.5254073445
 H          0.9001966001       -6.4192299861        1.3314307266
 H          2.9067750828       -5.9419280612       -0.0309636903
 H          4.2105081673        2.1455170308        1.9257788639
 H          2.0474211014        2.9875738133        2.7371517324
 H         -0.4128517414        2.9384654166        2.6344012993
 H         -2.4772536760        2.3280281382        1.4996594585
 H         -6.5146331578        1.9199875325       -1.0364758438
 H         -8.3589841704        0.3281685201       -1.1691305151
 H         -7.9853907150       -2.0923752303       -0.7819661354
 H         -1.9686183121       -3.6217324279        0.5031014956
 H         -2.8233019509       -5.9512931158        0.5975062399
 H         -5.1927606724       -6.4369379873        0.2238689651
 H         -6.7976885493       -4.6213738151       -0.2695505847
 H         -5.4424965779        1.9315456615        1.6085700463
  100
 Etot=        -154.3782633966
 C         -6.3099118762        4.1836188696        2.8271332532
 C         -5.4090423257        4.0664635341        1.6356168341
 C         -4.9009302463        5.1946656442        1.0023521965
 C         -4.0950671161        5.0663520539       -0.1130760540
 C         -3.7586772860        3.8274638099       -0.6423439733
 C         -2.9137897625        3.7541552214       -1.8771227208
 C         -4.2538853248        2.6873660086        0.0043944665
 N         -3.9719391351        1.3891992204       -0.4587470800
 C         -2.7080287074        0.9940807406       -0.8816855731
 C         -2.6102667600        0.2112000293       -2.0395049432
 C         -1.4050575543       -0.2018691558       -2.5283652654
 C         -0.1939439240        0.1383816626       -1.8576844856
 C          1.0505395670       -0.2353819874       -2.3602200463
 C          2.2195003414        0.0683379363       -1.6814371038
 C          2.1856086023        0.7418233679       -0.4585860223
 C          3.3721567758        1.0371580259        0.3006055392
 N          4.6028776337        0.4796190571       -0.0279496251
 C          5.7410151495        1.3089538639        0.0275087345
 C          5.6852901372        2.5273934255       -0.6485666603
 C          6.7545002070        3.4042303114       -0.6468735267
 C          6.6890071528        4.7123875735       -1.3742258160
 C          7.9017232534        3.0405646690        0.0525159392
 C          7.9541158972        1.8448280722        0.7417798487
 C          6.8831754362        0.9596883567        0.7568885190
 C          6.9620462621       -0.2996493196        1.5644138855
 C          4.7268358445       -0.8591281971       -0.3593203373
 C          5.7592017937       -1.3209227168       -1.1815584529
 C          5.8859397090       -2.6617165321       -1.5165733631
 C          4.9897856107       -3.6101042413       -1.0613002648
 C          3.9478603545       -3.1809264775       -0.2440527989
 C          3.8265528705       -1.8260777732        0.1039464639
 O          2.7606896154       -1.6094187489        0.9267382001
 C          2.1693378953       -2.8188749659        1.1100972991
 C          1.0418285658       -3.0745389983        1.8700939872
 C          0.6054674253       -4.3860654379        1.9313926037
 C          1.2710597636       -5.4060878344        1.2544649695
 C          2.3943458156       -5.1481589790        0.4937581039
 C          2.8525318293       -3.8388188094        0.4187917154
 C          3.2969924650        1.8956560280        1.4029964932
 C          2.0963648595        2.3618539453        1.8582570173
 C          0.8784148890        1.9909192872        1.2144277300
 C         -0.3643973045        2.3697520022        1.7159124652
 C         -1.5384346166        2.0337371142        1.0597306401
 C         -1.5164048953        1.3384257915       -0.1516208086
 C         -0.2617704604        0.8976423231       -0.6604567649
 C          0.9353729643        1.2061671404        0.0330788675
 C         -5.0187282198        0.4759960991       -0.5451593128
 C         -6.3247746687        0.8728127315       -0.8511742523
 C         -7.3694607192       -0.0362924873       -0.9286579559
 C         -7.1701354754       -1.3879562595       -0.7186631270
 C         -5.8789348676       -1.8167162047       -0.4248693836
 C         -4.8226469427       -0.8940077856       -0.3367812967
 O         -3.6430205193       -1.5051675434       -0.0305390974
 C         -3.9169018819       -2.8342247837        0.0704478147
 C         -3.0095735748       -3.8416383119        0.3452622377
 C         -3.4996238602       -5.1349081852        0.3940418938
 C         -4.8480601517       -5.4117124849        0.1783269787
 C         -5.7513987374       -4.4046372035       -0.0983533071
 C         -5.2821707317       -3.0982426666       -0.1561634253
 C         -5.0740243692        2.8246410053        1.1253571371
 H         -6.1368091073        5.1190239230        3.3535875302
 H         -7.3525148438        4.1623062157        2.5078858539
 H         -6.1535652794        3.3552452752        3.5143482367
 H         -5.1418680048        6.1772311109        1.3804756980
 H         -3.7223203967        5.9560329534       -0.6002624869
 H         -1.8736688840        3.5515522004       -1.6211040550
 H         -3.2538986583        2.9624222119       -2.5409948547
 H         -2.9540978899        4.7009156535       -2.4114247698
 H         -3.5192032677       -0.0333895018       -2.5738194934
 H         -1.3489470165       -0.7747460141       -3.4416843097
 H          1.1008114037       -0.7823548172       -3.2910404870
 H          3.1638138283       -0.2274754301       -2.1134390816
 H          4.7802636137        2.7735864167       -1.1858532801
 H          5.7650920424        4.7968989978       -1.9402174793
 H          7.5307292424        4.8114549841       -2.0579859788
 H          6.7376830041        5.5388298699       -0.6656812124
 H          8.7526617911        3.7057234089        0.0647057553
 H          8.8453577189        1.5914818543        1.2981156664
 H          7.6798500197       -0.1798135923        2.3729445117
 H          5.9925474860       -0.5518897098        1.9895372362
 H          7.2822138785       -1.1389143025        0.9455969340
 H          6.4652787021       -0.6024236219       -1.5707623940
 H          6.7026793639       -2.9617549691       -2.1561596321
 H          5.0886229741       -4.6499693489       -1.3277700990
 H          0.5327256824       -2.2763663980        2.3866919633
 H         -0.2688654717       -4.6240063226        2.5190284995
 H          0.8988268976       -6.4170263411        1.3293537073
 H          2.9070242125       -5.9401146809       -0.0305180867
 H          4.2104941986        2.1451491855        1.9254213758
 H          2.0471830778        2.9870622688        2.7369406309
 H         -0.4121914249        2.9399925544        2.6327347287
 H         -2.4770370600        2.3299813247        1.4987231734
 H         -6.5138550708        1.9198243597       -1.0337184250
 H         -8.3574619550        0.3275161022       -1.1678387034
 H         -7.9833850044       -2.0927438261       -0.7817339236
 H         -1.9663285605       -3.6189317290        0.5050162735
 H         -2.8201029396       -5.9479490699        0.6005555646
 H         -5.1894373693       -6.4350895359        0.2258704955
 H         -6.7949249964       -4.6209083400       -0.2690093774
 H         -5.4440335262        1.9302402005        1.6071624377
  100
 Etot=        -154.3783181344
 C         -6.3084456564        4.1821973359        2.8256601709
 C         -5.4079292843        4.0640637100        1.6341886042
 C         -4.8982319324        5.1920777681        1.0024664116
 C         -4.0912515971        5.0630716622       -0.1120891197
 C         -3.7558230666        3.8241029515       -0.6402534187
 C         -2.9096049039        3.7476884476       -1.8736035955
 C         -4.2528261938        2.6840271453        0.0049477590
 N         -3.9707066865        1.3878973360       -0.4578029852
 C         -2.7070795373        0.9937083083       -0.8815541359
 C         -2.6098954625        0.2102607258       -2.0391324300
 C         -1.4046275332       -0.2017613442       -2.5279585235
 C         -0.1937965218        0.1384351954       -1.8567787341
 C          1.0502401606       -0.2369283639       -2.3584644149
 C          2.2194884936        0.0663924662       -1.6800473811
 C          2.1846454798        0.7417618050       -0.4584592501
 C          3.3704360143        1.0376435717        0.3009276359
 N          4.6008417080        0.4799806795       -0.0272313797
 C          5.7371693382        1.3082426317        0.0272730904
 C          5.6818578855        2.5275311483       -0.6471462829
 C          6.7520323339        3.4024716954       -0.6455674741
 C          6.6878475897        4.7103521229       -1.3730568445
 C          7.8994571757        3.0384579098        0.0529013829
 C          7.9512977071        1.8422804059        0.7414588522
 C          6.8799897925        0.9584375123        0.7554975030
 C          6.9559863739       -0.3017887173        1.5614087681
 C          4.7252759826       -0.8583301265       -0.3576802182
 C          5.7584519675       -1.3198071750       -1.1785565174
 C          5.8855874794       -2.6606978403       -1.5131807943
 C          4.9887991677       -3.6085878769       -1.0589273404
 C          3.9456018847       -3.1789170060       -0.2437479613
 C          3.8235277145       -1.8242044193        0.1045531325
 O          2.7577481463       -1.6074203784        0.9236232570
 C          2.1646741655       -2.8142841393        1.1050796652
 C          1.0341505196       -3.0696446814        1.8607945755
 C          0.5969427769       -4.3807263364        1.9209142306
 C          1.2652440011       -5.4017656418        1.2482522051
 C          2.3910009143       -5.1447258559        0.4913618442
 C          2.8489252098       -3.8356083024        0.4163871143
 C          3.2962722586        1.8960369023        1.4033778868
 C          2.0957779806        2.3621998889        1.8584272573
 C          0.8781153908        1.9923544266        1.2133431437
 C         -0.3641199198        2.3733758520        1.7135204541
 C         -1.5386118994        2.0378847007        1.0576082225
 C         -1.5160114556        1.3399926315       -0.1520872549
 C         -0.2617273134        0.8988356573       -0.6606223454
 C          0.9350291876        1.2070444275        0.0326682144
 C         -5.0169433247        0.4752460469       -0.5440341934
 C         -6.3232356338        0.8718161714       -0.8483886751
 C         -7.3670812413       -0.0380267561       -0.9266492792
 C         -7.1664796826       -1.3896413646       -0.7188419101
 C         -5.8748773698       -1.8176530294       -0.4259216832
 C         -4.8189167738       -0.8945940631       -0.3380287721
 O         -3.6405764551       -1.5034391896       -0.0321068561
 C         -3.9117080525       -2.8309308132        0.0701237213
 C         -3.0036311711       -3.8368043790        0.3480715895
 C         -3.4924135905       -5.1302408885        0.3986938462
 C         -4.8402467110       -5.4093659588        0.1821000914
 C         -5.7445570184       -4.4041819070       -0.0971569353
 C         -5.2767210145       -3.0976396048       -0.1567702370
 C         -5.0748167099        2.8220037339        1.1244251249
 H         -6.1332897844        5.1169068354        3.3527051631
 H         -7.3513438749        4.1632475869        2.5075596707
 H         -6.1532638173        3.3534725894        3.5126155719
 H         -5.1383943993        6.1744859421        1.3811155105
 H         -3.7169405166        5.9524050885       -0.5986229497
 H         -1.8710410588        3.5407213265       -1.6161519136
 H         -3.2524134812        2.9574860584       -2.5375835388
 H         -2.9457895140        4.6946868689       -2.4079841412
 H         -3.5189897736       -0.0345760526       -2.5724280556
 H         -1.3481017972       -0.7742978998       -3.4411662630
 H          1.0999139454       -0.7853782961       -3.2881778526
 H          3.1637089109       -0.2304214596       -2.1111026707
 H          4.7769126277        2.7751913253       -1.1834594180
 H          5.7640003590        4.7957755027       -1.9390360589
 H          7.5292933192        4.8084106536       -2.0572504669
 H          6.7375276586        5.5372237061       -0.6652365009
 H          8.7505162352        3.7032818937        0.0649148543
 H          8.8423767878        1.5883470723        1.2977790884
 H          7.6755934388       -0.1851881498        2.3689170899
 H          5.9862358709       -0.5503913172        1.9875298681
 H          7.2718528180       -1.1419814358        0.9416231164
 H          6.4650155629       -0.6013341348       -1.5669765832
 H          6.7030836224       -2.9608804766       -2.1517313107
 H          5.0875489875       -4.6484333207       -1.3254768441
 H          0.5231807111       -2.2715635784        2.3749314964
 H         -0.2803774234       -4.6188491055        2.5042356137
 H          0.8931935622       -6.4127338725        1.3235096169
 H          2.9066602050       -5.9371932753       -0.0293708259
 H          4.2102576229        2.1446798308        1.9252396762
 H          2.0464201406        2.9867899721        2.7373108068
 H         -0.4113622254        2.9451509377        2.6292160957
 H         -2.4766440844        2.3356922936        1.4962791041
 H         -6.5134636417        1.9191137120       -1.0284451277
 H         -8.3555010813        0.3254014304       -1.1646745008
 H         -7.9793165832       -2.0948429405       -0.7821272018
 H         -1.9606848016       -3.6132935977        0.5090455652
 H         -2.8119455465       -5.9419063549        0.6080354006
 H         -5.1806324932       -6.4329559431        0.2311930357
 H         -6.7878980180       -4.6217311260       -0.2679439324
 H         -5.4469404740        1.9282192472        1.6053581328
  100
 Etot=        -154.3783502825
 C         -6.3075481348        4.1817817179        2.8251076733
 C         -5.4068365799        4.0632243034        1.6337918158
 C         -4.8948331281        5.1909183763        1.0032767329
 C         -4.0867514682        5.0613872238       -0.1106582670
 C         -3.7526394196        3.8222414883       -0.6386391996
 C         -2.9047429305        3.7434842457       -1.8708365198
 C         -4.2522341313        2.6823007340        0.0052712181
 N         -3.9704559334        1.3870001759       -0.4574823613
 C         -2.7069776711        0.9929300459       -0.8814160326
 C         -2.6099736096        0.2092068208       -2.0389851622
 C         -1.4046926021       -0.2026015056       -2.5276798231
 C         -0.1941335456        0.1377926672       -1.8561045613
 C          1.0497033651       -0.2387707591       -2.3572197675
 C          2.2190229653        0.0652950577       -1.6793390810
 C          2.1837930714        0.7424462501       -0.4586530557
 C          3.3690526007        1.0386647617        0.3008604261
 N          4.5992611659        0.4806015886       -0.0270896459
 C          5.7348185599        1.3082842565        0.0273557899
 C          5.6798600840        2.5283379202       -0.6458314850
 C          6.7509828167        3.4019366882       -0.6443361884
 C          6.6874791562        4.7097776610       -1.3719653252
 C          7.8984938360        3.0367457298        0.0534473830
 C          7.9497564928        1.8400436173        0.7415518068
 C          6.8778900619        0.9572578210        0.7550177446
 C          6.9511226350       -0.3037989433        1.5600635592
 C          4.7236908163       -0.8576754453       -0.3572532819
 C          5.7579283485       -1.3194279214       -1.1764204745
 C          5.8855580734       -2.6605903830       -1.5100392908
 C          4.9879012760       -3.6079924900       -1.0565848920
 C          3.9432502598       -3.1777190988       -0.2434552967
 C          3.8204770275       -1.8227178437        0.1041202195
 O          2.7530574351       -1.6052003814        0.9194107439
 C          2.1581972508       -2.8106277263        1.0993737001
 C          1.0238038814       -3.0649837000        1.8498596893
 C          0.5857475350       -4.3757136286        1.9090763175
 C          1.2570565927       -5.3980530015        1.2411326498
 C          2.3862241261       -5.1422934120        0.4889246440
 C          2.8444317017       -3.8332904154        0.4140234430
 C          3.2954666050        1.8968320992        1.4036564161
 C          2.0951746783        2.3637048091        1.8582881523
 C          0.8777497728        1.9946192922        1.2122841623
 C         -0.3642520808        2.3774060067        1.7113893240
 C         -1.5389026468        2.0411710279        1.0560539662
 C         -1.5163086912        1.3407674978       -0.1522652673
 C         -0.2621752684        0.8992518713       -0.6605953439
 C          0.9345034034        1.2082685460        0.0322560964
 C         -5.0163952011        0.4743173638       -0.5435422347
 C         -6.3231892687        0.8699034200       -0.8463295011
 C         -7.3658495964       -0.0413334030       -0.9247486816
 C         -7.1632745596       -1.3929661792       -0.7187403074
 C         -5.8710300173       -1.8198028505       -0.4264800405
 C         -4.8161552013       -0.8953296205       -0.3385019400
 O         -3.6376193472       -1.5017517095       -0.0324098344
 C         -3.9060071488       -2.8289363799        0.0709287160
 C         -2.9966170440       -3.8329925867        0.3514566496
 C         -3.4834572291       -5.1270118706        0.4044130895
 C         -4.8306066936       -5.4088854162        0.1869885296
 C         -5.7363590815       -4.4057595959       -0.0951004082
 C         -5.2706701404       -3.0985309190       -0.1564891972
 C         -5.0755093790        2.8208600004        1.1238804871
 H         -6.1304877765        5.1155738749        3.3531873940
 H         -7.3504410094        4.1651694162        2.5068927032
 H         -6.1540169199        3.3519248322        3.5111418392
 H         -5.1341659740        6.1732941057        1.3823072891
 H         -3.7106579546        5.9503224172       -0.5964878896
 H         -1.8675040016        3.5316321589       -1.6121277976
 H         -3.2501902644        2.9551956535       -2.5358014248
 H         -2.9358648064        4.6909057024       -2.4047115018
 H         -3.5192374517       -0.0355937745       -2.5718966949
 H         -1.3477117226       -0.7751751436       -3.4408581474
 H          1.0990501194       -0.7886789668       -3.2861242969
 H          3.1631318361       -0.2323431563       -2.1098140410
 H          4.7746557829        2.7773644566       -1.1811370208
 H          5.7633671843        4.7958042956       -1.9375237499
 H          7.5286300933        4.8066515388       -2.0567014840
 H          6.7382384718        5.5368301880       -0.6644489306
 H          8.7499377132        3.7009511906        0.0651644370
 H          8.8407890504        1.5850167536        1.2973884102
 H          7.6727722280       -0.1907900846        2.3662082571
 H          5.9811447702       -0.5488193694        1.9879068495
 H          7.2621188437       -1.1449874533        0.9391413155
 H          6.4648116025       -0.6010591315       -1.5643364274
 H          6.7041084889       -2.9610774526       -2.1470546533
 H          5.0868784841       -4.6479916519       -1.3223429611
 H          0.5107561886       -2.2662704707        2.3611432144
 H         -0.2941456783       -4.6132690558        2.4887244384
 H          0.8844095538       -6.4087762247        1.3161117754
 H          2.9039855663       -5.9351112354       -0.0291517392
 H          4.2096845711        2.1442543473        1.9255867192
 H          2.0455550021        2.9879612785        2.7373995551
 H         -0.4112555158        2.9510559213        2.6259537793
 H         -2.4764200286        2.3407041327        1.4943449025
 H         -6.5147715216        1.9172096575       -1.0246724447
 H         -8.3549015469        0.3212568357       -1.1613285718
 H         -7.9752869596       -2.0990357026       -0.7824208438
 H         -1.9541071232       -3.6077364423        0.5128372252
 H         -2.8017842443       -5.9369825540        0.6163564483
 H         -5.1693707733       -6.4328868654        0.2378345817
 H         -6.7791996881       -4.6250381944       -0.2665855464
 H         -5.4492833521        1.9274346250        1.6042034879
