  90
 Etot=        -139.5174734645
 C         -6.8749948316       -2.8269696859       -1.8991600839
 C         -5.6417316100       -2.4903021486       -2.4330782557
 C         -4.4773553859       -2.8125777725       -1.7644389947
 C         -4.5304552977       -3.4745470994       -0.5370674647
 N         -3.3545985631       -3.7940417773        0.1477322845
 C         -3.2684462254       -4.9762860968        0.8887608254
 C         -3.8744543711       -6.1461600161        0.4294577438
 C         -3.7856178328       -7.3111467145        1.1656525403
 C         -3.0878410497       -7.3345002497        2.3623834103
 C         -2.4796209875       -6.1771639630        2.8205123731
 C         -2.5692072717       -5.0050048590        2.0958251230
 C         -2.2633792934       -2.9150202578        0.1047975693
 C         -0.9580227180       -3.4276102005        0.0410084755
 C          0.1435664579       -2.6011586459       -0.0110541113
 C         -0.0655665499       -1.2280953212       -0.0224291994
 C         -1.3751771548       -0.6984381994        0.0596072247
 C         -2.4723629788       -1.5404742669        0.1279912012
 C         -1.2350856669        0.7304687743        0.0649737341
 C         -2.1493656150        1.7695472048        0.1154996834
 C         -1.6787060070        3.0769549900        0.0646691352
 N         -2.5770795665        4.1525496710        0.1010141978
 C         -2.2460716692        5.3107916197        0.8099200983
 C         -2.6220166279        6.5666130362        0.3319394035
 C         -2.2911009061        7.7071104530        1.0367627334
 C         -1.5760107549        7.6191158263        2.2201899395
 C         -1.1955597665        6.3751785519        2.6967650097
 C         -1.5281690774        5.2280775263        2.0035283731
 C         -3.8036340351        4.0571585533       -0.5625384288
 C         -3.9005773345        3.3767022773       -1.7770067706
 C         -5.1163245015        3.2766388341       -2.4240889869
 C         -6.2512900233        3.8567565805       -1.8812104351
 C         -6.1603507591        4.5371828414       -0.6778848748
 C         -4.9510131038        4.6353404856       -0.0182190808
 C         -0.3010667625        3.3260175007       -0.0407113001
 C          0.6203822611        2.3021556318       -0.0758834432
 C          0.1525594199        0.9959215160       -0.0097455854
 N          0.8450976255       -0.1944349679       -0.0604317618
 C          2.2398553644       -0.3293699805       -0.1389493077
 C          2.8140284289       -1.1482783447       -1.1072354836
 C          4.1848352764       -1.2821911734       -1.1768631775
 C          5.0228152565       -0.5970001213       -0.2948492717
 C          6.4770204646       -0.7388493291       -0.3741178125
 C          7.0590949334       -1.9633848553       -0.6942974809
 C          8.4321460219       -2.1077921701       -0.7563368259
 C          9.2860107738       -1.0331249550       -0.5137133341
 N         10.6119880190       -1.1337106721       -0.5712623503
 C         11.3862879028       -0.0787561866       -0.3357970292
 C         10.8256622256        1.1430162249       -0.0258873684
 N          9.5094351658        1.2860363826        0.0462764970
 C          8.6932161384        0.2495327694       -0.1835744500
 C          7.3126158298        0.3544414010       -0.1204924779
 C          4.4333288777        0.2267183381        0.6663677282
 C          3.0630006679        0.3557261082        0.7505335682
 C         -5.7756349386       -3.8066747112       -0.0019270591
 C         -6.9339661988       -3.4877376421       -0.6829646605
 H         -7.7828062954       -2.5761102856       -2.4263240273
 H         -5.5850489434       -1.9795614822       -3.3831219353
 H         -3.5174033412       -2.5580262399       -2.1890801999
 H         -4.4089952856       -6.1336931758       -0.5091359591
 H         -4.2574657532       -8.2101867855        0.7972818840
 H         -3.0183154773       -8.2478233467        2.9333067461
 H         -1.9377281323       -6.1844976576        3.7548213773
 H         -2.1030997529       -4.1012935103        2.4602779507
 H         -0.8215271861       -4.4986442769        0.0314467672
 H          1.1390559834       -3.0160473099       -0.0434303994
 H         -3.4719427307       -1.1396183642        0.2001251346
 H         -3.2077009955        1.5700773363        0.1869956424
 H         -3.1689842059        6.6390620459       -0.5967113420
 H         -2.5862265779        8.6730111938        0.6539692417
 H         -1.3168743859        8.5131840097        2.7664675395
 H         -0.6422760956        6.2964522272        3.6210692203
 H         -1.2398972794        4.2585571845        2.3825881402
 H         -3.0155522763        2.9328311322       -2.2087231447
 H         -5.1759733133        2.7485992078       -3.3644326087
 H         -7.1991181919        3.7790600412       -2.3916463372
 H         -7.0406519268        4.9878884621       -0.2436161022
 H         -4.8866821403        5.1553782277        0.9263534336
 H          0.0365676213        4.3496581232       -0.1043583217
 H          1.6734107029        2.5149141010       -0.1763497654
 H          2.1793377813       -1.6607787241       -1.8151228413
 H          4.6168573877       -1.9035951774       -1.9469374258
 H          6.4324665352       -2.8255277411       -0.8669401849
 H          8.8768397700       -3.0624678514       -0.9909852006
 H         12.4531343221       -0.2159834918       -0.3983568566
 H         11.4341558135        2.0120187741        0.1655271680
 H          6.8937060551        1.3232352653        0.1027692118
 H          5.0590898145        0.7474513002        1.3753617361
 H          2.6193489516        0.9735820021        1.5173789449
 H         -5.8263711793       -4.3100352234        0.9524502549
 H         -7.8907858468       -3.7491924010       -0.2554169153
  90
 Etot=        -139.5175112745
 C         -6.8747589456       -2.8269765666       -1.8989819521
 C         -5.6415028708       -2.4901542860       -2.4329055023
 C         -4.4771218411       -2.8121772815       -1.7641572810
 C         -4.5303249928       -3.4742656611       -0.5368026440
 N         -3.3543853216       -3.7938765029        0.1477722813
 C         -3.2681639591       -4.9763036937        0.8886089344
 C         -3.8744707140       -6.1460350677        0.4292657807
 C         -3.7856550395       -7.3110368547        1.1654391484
 C         -3.0879145042       -7.3343507283        2.3622276576
 C         -2.4796473949       -6.1770542272        2.8204842505
 C         -2.5689407191       -5.0049372297        2.0957070022
 C         -2.2633697643       -2.9150986097        0.1046468393
 C         -0.9577000576       -3.4276439033        0.0418416136
 C          0.1436319730       -2.6010934198       -0.0103765219
 C         -0.0657051746       -1.2277983834       -0.0218309790
 C         -1.3757794045       -0.6983531112        0.0595545754
 C         -2.4727858251       -1.5403412461        0.1271179618
 C         -1.2356639001        0.7305093476        0.0648445306
 C         -2.1497334148        1.7695101598        0.1148170777
 C         -1.6785962088        3.0770438971        0.0644346136
 N         -2.5768170067        4.1523591798        0.1009736914
 C         -2.2457134555        5.3107522438        0.8097081616
 C         -2.6220665425        6.5664992490        0.3317742711
 C         -2.2912123281        7.7069916492        1.0366368681
 C         -1.5760993023        7.6189346428        2.2200825654
 C         -1.1955022701        6.3750251852        2.6966992388
 C         -1.5278034232        5.2279282875        2.0033283980
 C         -3.8035020008        4.0568642201       -0.5623023080
 C         -3.9004030739        3.3762534904       -1.7767417648
 C         -5.1161194477        3.2764435203       -2.4239164279
 C         -6.2510389131        3.8567013052       -1.8810098500
 C         -6.1601360587        4.5371902047       -0.6776678828
 C         -4.9507995036        4.6353755447       -0.0180123067
 C         -0.3006399616        3.3259928670       -0.0403157306
 C          0.6204743781        2.3020390048       -0.0762397750
 C          0.1523589482        0.9956229675       -0.0102741471
 N          0.8445801840       -0.1944242293       -0.0603729477
 C          2.2399226053       -0.3295731359       -0.1388008965
 C          2.8140545803       -1.1493176330       -1.1068568678
 C          4.1845335703       -1.2835388368       -1.1764437702
 C          5.0234666656       -0.5975910931       -0.2947630712
 C          6.4766236814       -0.7382999326       -0.3747458842
 C          7.0590586320       -1.9625947980       -0.6967105453
 C          8.4319136030       -2.1078407800       -0.7573628015
 C          9.2871029284       -1.0324855543       -0.5138079967
 N         10.6107282223       -1.1342165137       -0.5714396472
 C         11.3849310213       -0.0799107619       -0.3358211888
 C         10.8239775507        1.1430968605       -0.0254391383
 N          9.5092619207        1.2867347058        0.0475749403
 C          8.6940386374        0.2508266340       -0.1823555838
 C          7.3130016592        0.3555954094       -0.1190325754
 C          4.4334039259        0.2274257103        0.6660508860
 C          3.0633471541        0.3561913771        0.7503917199
 C         -5.7754946532       -3.8067226453       -0.0017002902
 C         -6.9338038445       -3.4877880864       -0.6827647446
 H         -7.7825419342       -2.5763235115       -2.4262463227
 H         -5.5848247533       -1.9797340039       -3.3830885172
 H         -3.5171547427       -2.5581611808       -2.1890696627
 H         -4.4086965290       -6.1336090998       -0.5095004162
 H         -4.2574520531       -8.2100473990        0.7970329728
 H         -3.0183706038       -8.2476778028        2.9330825087
 H         -1.9378123538       -6.1844245284        3.7547789647
 H         -2.1031836831       -4.1011505731        2.4603995325
 H         -0.8210886011       -4.4986391296        0.0320824548
 H          1.1391197770       -3.0157429333       -0.0434340154
 H         -3.4724047377       -1.1396365062        0.1997856953
 H         -3.2080755056        1.5702312459        0.1870092210
 H         -3.1687088561        6.6389540510       -0.5970605632
 H         -2.5862810999        8.6728649255        0.6538284503
 H         -1.3169726037        8.5129822766        2.7663321189
 H         -0.6423047230        6.2963161894        3.6210051324
 H         -1.2398706526        4.2584010168        2.3826021152
 H         -3.0152694930        2.9329196965       -2.2087711589
 H         -5.1757438485        2.7486707184       -3.3643779956
 H         -7.1988171152        3.7791717650       -2.3915155337
 H         -7.0404031297        4.9879479074       -0.2434646520
 H         -4.8865065529        5.1552068324        0.9266614909
 H          0.0371055192        4.3495565977       -0.1042073170
 H          1.6734590882        2.5144973077       -0.1770833257
 H          2.1792700484       -1.6609057265       -1.8154416636
 H          4.6162883438       -1.9048605082       -1.9466947882
 H          6.4323545234       -2.8249716917       -0.8687089778
 H          8.8766274485       -3.0629232048       -0.9906005708
 H         12.4520617104       -0.2181227440       -0.3987050021
 H         11.4324993515        2.0126622308        0.1658500007
 H          6.8943232254        1.3245625355        0.1039020231
 H          5.0591672274        0.7485071143        1.3747138578
 H          2.6196517711        0.9733816147        1.5178550971
 H         -5.8262421619       -4.3098743338        0.9527728903
 H         -7.8906072024       -3.7493077343       -0.2553011968
