 
        ______________________________________
       |                                      |
       |          ===================         |
       |             xTB for sTDA             |
       |          ===================         |
       |               S. Grimme              |
       |        Universitaet Bonn, MCTC       |
       |         2015-19, Version 1.0         |
       |     Wed Apr  3 09:14:55 CEST 2019    |
       |______________________________________|
 
        This code comes without any warranty
        for non-commercial, academia use only.
        Preliminary test version.
        Cite this work as:
        S. Grimme  &  C. Bannwarth, JCP 145 (2016) 054103
        if GBSA is used additionally:
        P. Shushkov, F. März, C. Bannwarth, S. Grimme, unpublished.
 
        with help from
        P. Shushkov, G. Brandenburg, S. Dohm, J. Pisarek,
        F. März, M. Checinski, S. Ehrlich, S. Spicher, 
        P. Pracht, E. Caldeweyher, S. Ehlert, and C. Bannwarth.
 
        usage        :
        xtb4stda <coord_file> [options]
        where <coord_file> is a valid file of TM)
        (*coord, Bohr) or xmol (*xyz, Angstroem)
        format.

        options:
        -chrg <int>   : molecular charge
        -uhf  <int>   : # of unpaired electrons(=2*S)
        -nox          : skip second, extended part in sTDA-xTB
        -pop          : do population analysis
                      : (default for -nox)
        -mowr <real>  : cut MO write above (def.3 Eh)
        -molden       : write formatted molden file
        -parx <file>  : read parameters for sTDA-xTB
                        calc (def:~/.param_stda2.xtb)
        -parv <file>  : read parameters for vTB part in
                        sTDA-xTB (def: ~/.param_stda1.xtb)
        -xtemp <real> : el. temp for xTB (def. 0 K)
        -etemp <real> : el. temp for GFN (def. 300 K)
        -fod          : calculate the FOD and write
                        molden.input file with
                        appropriate occupations
                        for plotting. Def. T=12500 K
 
        -acc <real>   : xTB accuracy (def. 1.0)
        -gbsa [string1] [string2]
                        use GBSA implicit solvent
                        for solvent [string1] and
                        solvation state [string2]=
                        reference, bar1M (default=1M)
        additional GFN/opt/MD/siman options read from
        $XTB4STDAHOME/.xtb4stdarc or $set in input
 
       spin and charge state information can be on:
       <.CHRG> (charge) and <.UHF> (=nalpha-nbeta)
       -uhf and -chrg override the file info.
       useful machine settings:
       setenv MKL_NUM_THREADS <NCORE_ON_YOUR_MACHINE>
       setenv OMP_STACKSIZE 500m
       limit stacksize unlimited
 
       total energies in Eh, gaps/HL energies in eV
       please read REVISION and HOWTO files carefully
 =============================
  # OMP threads =          48
 =============================
 
 xtb4stdahome directory:/home/penavora/Exe_xtb_crest/
 
 argument            1 :--gbsa
 argument            2 :toluene
 
 name of molecule           :
 comment line               :
 number of atoms            :    99
 number of electrons        :   280
 charge                     :  0
 spin                       : 0.0
 first test random number   :  0.1117
 
 -----------------------------------------
      charge density (VTB) calculation
 -----------------------------------------
 
      method parameters     
 k(s)        :  1.8000
 k(p)        :  2.8350
 k(d)        :  2.0860
 k(f)        :  2.0000
 Tscal       :  0.3300
 Gscal       :  0.3910
 fpol        :  1.0000
 Zcnf        :  0.6500
 Zqf         :  0.0000
 kcn         :  0.3000
 kEN1        : -0.5900
 wllscal     :  2.6000
 
 Solvent             : toluene
 GBSA parameter file : /home/penavora/Exe_xtb_crest/.param_gbsa_toluene
 Gsolv ref. state (COSMO-RS): gsolv [1 M gas/solution]
 temperature (mdtemp)       :    298.150000000000     
 dielectric constant        :    7.00000000000000     
 rho                        :   0.867000000000000     
 mass                       :    92.1400000000000     
 surface tension            :    15.5689470637553     
 probe radius               :   0.641644990000000     
 vdW radii scaling          :    1.00000000000000     
 Gshift (Eh)                :   4.228772547061559E-003
 c1                         :    1.59772343000000     
 soset                      :   0.281999450000000     
 HB correction              :  F
 
 doing EN charges ...
 sum q :  0.1887379D-14
 point charge moment (au)
     X       Y       Z   
   0.0013   0.2061  -0.0137  total (Debye):    0.525
 
            Z      q(EN)   CN      Cart. coordinates
     1  C   4.0  -0.252   4.050   -16.06869    -7.91512     5.64719
     2  C   4.0   0.008   3.149   -14.25911    -6.24338     4.24962
     3  C   4.0  -0.073   3.182   -11.91427    -5.65632     5.28389
     4  C   4.0  -0.068   3.188   -10.21526    -4.14379     4.00822
     5  C   4.0   0.086   3.272   -10.81428    -3.18433     1.62834
     6  N   5.0  -0.311   3.244    -9.08747    -1.65712     0.31876
     7  C   4.0   0.086   3.274    -9.96851     0.41008    -1.08738
     8  C   4.0  -0.068   3.191    -8.90098     1.00359    -3.42133
     9  C   4.0  -0.073   3.180    -9.76186     3.05468    -4.78708
    10  C   4.0   0.008   3.149   -11.72449     4.55370    -3.89428
    11  C   4.0  -0.252   4.050   -12.64843     6.79271    -5.36290
    12  C   4.0  -0.073   3.182   -12.79896     3.93663    -1.57550
    13  C   4.0  -0.068   3.188   -11.93688     1.90796    -0.17997
    14  C   4.0   0.091   3.276    -6.51823    -2.23133     0.33676
    15  C   4.0  -0.069   3.193    -5.69486    -4.74256     0.40202
    16  C   4.0  -0.067   3.157    -3.15400    -5.34195     0.34998
    17  C   4.0  -0.004   3.334    -1.38710    -3.41079     0.20496
    18  C   4.0   0.003   3.409    -2.21444    -0.89048     0.16904
    19  C   4.0  -0.062   3.210    -4.73234    -0.27800     0.24883
    20  C   4.0  -0.055   4.349     0.00976     0.89435    -0.05214
    21  C   4.0   0.003   3.409     0.25802     2.78561     2.06198
    22  C   4.0  -0.068   3.205     0.58642     2.32689     4.59802
    23  C   4.0  -0.024   3.174     0.86885     4.40444     6.21171
    24  C   4.0   0.241   2.115     1.25495     3.99759     8.81956
    25  N   5.0  -0.217   1.024     1.58726     3.66997    10.93860
    26  C   4.0  -0.075   3.192     0.80458     6.87759     5.27823
    27  C   4.0  -0.068   3.155     0.46236     7.31937     2.72751
    28  C   4.0  -0.004   3.340     0.19808     5.26730     1.11488
    29  C   4.0  -0.004   3.340    -0.13392     5.14755    -1.60560
    30  C   4.0  -0.068   3.155    -0.37718     7.04978    -3.39545
    31  C   4.0  -0.075   3.192    -0.72055     6.38502    -5.89721
    32  C   4.0  -0.024   3.174    -0.80810     3.83912    -6.60624
    33  C   4.0   0.241   2.115    -1.19288     3.20383    -9.16825
    34  N   5.0  -0.217   1.024    -1.52171     2.69022   -11.25061
    35  C   4.0  -0.068   3.206    -0.54830     1.91149    -4.81283
    36  C   4.0   0.003   3.409    -0.21759     2.59193    -2.32739
    37  C   4.0   0.003   3.409     2.20938    -0.93266    -0.11796
    38  C   4.0  -0.062   3.210     4.73558    -0.36345    -0.24246
    39  C   4.0   0.091   3.277     6.49374    -2.34205    -0.16874
    40  N   5.0  -0.311   3.244     9.07133    -1.80504    -0.19437
    41  C   4.0   0.086   3.274     9.98255     0.35288     1.04569
    42  C   4.0  -0.068   3.188    11.96953     1.75074     0.02425
    43  C   4.0  -0.073   3.182    12.85469     3.87320     1.25458
    44  C   4.0   0.008   3.149    11.78576     4.68682     3.51564
    45  C   4.0  -0.252   4.050    12.76608     7.00588     4.81371
    46  C   4.0  -0.073   3.180     9.80769     3.28602     4.52352
    47  C   4.0  -0.068   3.191     8.92279     1.14244     3.32396
    48  C   4.0   0.086   3.272    10.76918    -3.44156    -1.40533
    49  C   4.0  -0.068   3.188    10.14012    -4.55840    -3.70739
    50  C   4.0  -0.073   3.182    11.81673    -6.16773    -4.89178
    51  C   4.0   0.008   3.149    14.16656    -6.70075    -3.84088
    52  C   4.0  -0.252   4.050    15.95516    -8.47612    -5.13380
    53  C   4.0  -0.073   3.180    14.78533    -5.57123    -1.55242
    54  C   4.0  -0.068   3.188    13.11735    -3.97033    -0.33923
    55  C   4.0  -0.069   3.193     5.63659    -4.83885    -0.03341
    56  C   4.0  -0.067   3.157     3.08758    -5.39709     0.06359
    57  C   4.0  -0.004   3.334     1.34770    -3.43633     0.04899
    58  C   4.0  -0.068   3.188   -13.15941    -3.76251     0.58190
    59  C   4.0  -0.073   3.180   -14.85075    -5.26467     1.88633
    60  H   1.0   0.082   0.999   -17.94748    -7.81780     4.82167
    61  H   1.0   0.081   0.999   -16.18111    -7.36915     7.62745
    62  H   1.0   0.080   0.999   -15.42796    -9.87245     5.56974
    63  H   1.0   0.074   1.005   -11.41867    -6.38391     7.12706
    64  H   1.0   0.075   1.006    -8.40958    -3.69155     4.84763
    65  H   1.0   0.076   1.006    -7.39747    -0.16031    -4.16574
    66  H   1.0   0.074   1.005    -8.90298     3.47881    -6.59215
    67  H   1.0   0.080   0.999   -11.92380     8.53416    -4.53144
    68  H   1.0   0.081   0.999   -12.01668     6.69979    -7.31594
    69  H   1.0   0.081   0.999   -14.70269     6.88732    -5.32975
    70  H   1.0   0.074   1.005   -14.32796     5.07577    -0.84302
    71  H   1.0   0.076   1.006   -12.78523     1.46630     1.62397
    72  H   1.0   0.076   1.006    -7.08645    -6.23448     0.46431
    73  H   1.0   0.075   1.005    -2.56342    -7.29455     0.37903
    74  H   1.0   0.077   1.007    -5.34774     1.66835     0.22708
    75  H   1.0   0.076   1.005     0.64265     0.42632     5.34025
    76  H   1.0   0.075   1.005     1.03200     8.43536     6.57738
    77  H   1.0   0.075   1.005     0.41888     9.22744     2.01021
    78  H   1.0   0.075   1.005    -0.31607     9.01378    -2.85129
    79  H   1.0   0.075   1.005    -0.92960     7.82275    -7.33089
    80  H   1.0   0.076   1.005    -0.62187    -0.04721    -5.38246
    81  H   1.0   0.077   1.007     5.37863     1.56938    -0.37656
    82  H   1.0   0.076   1.006    12.81138     1.15897    -1.73926
    83  H   1.0   0.074   1.005    14.39645     4.93359     0.43571
    84  H   1.0   0.080   0.999    12.66794     8.63211     3.55466
    85  H   1.0   0.082   1.000    11.67656     7.41558     6.50659
    86  H   1.0   0.080   0.999    14.73755     6.74684     5.34970
    87  H   1.0   0.074   1.005     8.95197     3.86206     6.28752
    88  H   1.0   0.076   1.006     7.40345     0.06141     4.15596
    89  H   1.0   0.075   1.006     8.33022    -4.14952    -4.56025
    90  H   1.0   0.074   1.005    11.29818    -7.01414    -6.67706
    91  H   1.0   0.081   0.999    15.93041    -8.18071    -7.16897
    92  H   1.0   0.081   0.999    17.87358    -8.21841    -4.44460
    93  H   1.0   0.080   0.999    15.39790   -10.42780    -4.77314
    94  H   1.0   0.074   1.005    16.59738    -5.95881    -0.69324
    95  H   1.0   0.076   1.006    13.62520    -3.11869     1.44569
    96  H   1.0   0.076   1.006     7.00814    -6.34952     0.02494
    97  H   1.0   0.075   1.005     2.46976    -7.33729     0.19057
    98  H   1.0   0.076   1.006   -13.64564    -3.03064    -1.26123
    99  H   1.0   0.074   1.005   -16.65899    -5.69444     1.03923
 
  Z AO/shell   Hii/eV     exponent
  1     Sat Feb 20 21:38:01 CET 2016    EN: 2.327 GAM: 0.473  GM3: 0.0000
     1s    -13.751157    1.051071
  6     Sat Feb 20 21:38:01 CET 2016    EN: 2.731 GAM: 0.422  GM3: 0.0000
     2s    -19.378245    2.021003
     2p    -11.993376    1.497917
  7     Sat Feb 20 21:38:01 CET 2016    EN: 3.573 GAM: 0.504  GM3: 0.0000
     2s    -21.576984    2.275442
     2p    -16.125120    2.056788
 
 dipole moment of classical point charges (au)
     X       Y       Z   
   0.0013   0.2061  -0.0137  total (Debye):    0.525

 
 Nbf   :          276
 T(el) :   300.0
 calculating S/T integrals ...
 cpu time for ints    2.16112800000000     
 Nao   :          276
 making H0...
 making H1...
 cpu time for H      0.387811000000000     
 solving ...
 cpu time for diag   0.861426000000000     
 
 gap (eV)           :   3.915
 Koopmans IP (eV)   :  12.239
 Eel (Eh)           :  -217.849108
 T,E(Fermi),NFOD :    300.000   -10.281  0.000000
 T,E(Fermi),NFOD :    300.000   -10.281  0.000000
 Nfod               :  0.0000
 Nfod/Nel           :  0.0000

          eigenvalues
 #    :         128        129        130        131        132        133        134        135
 occ. :        2.000      2.000      2.000      2.000      2.000      2.000      2.000      2.000
 eps  :       -15.436    -15.410    -15.356    -15.324    -15.058    -15.054    -14.968    -14.816
 #    :         136        137        138        139        140        141        142        143
 occ. :        2.000      2.000      2.000      2.000      2.000      0.000      0.000      0.000
 eps  :       -14.805    -14.201    -13.929    -12.831    -12.240     -8.324     -7.040     -6.802
 #    :         144        145        146        147        148        149        150        151
 occ. :        0.000      0.000      0.000      0.000      0.000      0.000      0.000      0.000
 eps  :        -6.435     -6.119     -5.817     -5.616     -5.540     -5.290     -5.257     -5.250
                            1  SCC done.
 making H1...
 cpu time for H       1.10370200000000     
 solving ...
 cpu time for diag   0.385916000000000     
 
 gap (eV)           :   3.722
 Koopmans IP (eV)   :  12.241
 Eel (Eh)           :  -218.639435
 T,E(Fermi),NFOD :    300.000   -10.380  0.000000
 T,E(Fermi),NFOD :    300.000   -10.380  0.000000
 Nfod               :  0.0000
 Nfod/Nel           :  0.0000

          eigenvalues
 #    :         128        129        130        131        132        133        134        135
 occ. :        2.000      2.000      2.000      2.000      2.000      2.000      2.000      2.000
 eps  :       -15.374    -15.370    -15.352    -15.289    -15.267    -15.199    -15.117    -14.831
 #    :         136        137        138        139        140        141        142        143
 occ. :        2.000      2.000      2.000      2.000      2.000      0.000      0.000      0.000
 eps  :       -14.826    -14.356    -14.151    -12.778    -12.242     -8.520     -7.370     -7.011
 #    :         144        145        146        147        148        149        150        151
 occ. :        0.000      0.000      0.000      0.000      0.000      0.000      0.000      0.000
 eps  :        -6.563     -6.260     -5.938     -5.791     -5.694     -5.369     -5.315     -5.309
                            2  SCC done.
 
 
 Mulliken/CM5 charges    n(s)   n(p)   n(d)   
    1 C  -0.0829 -0.2283   1.079  3.004  0.000
    2 C  -0.0038 -0.0219   1.176  2.827  0.000
    3 C  -0.0484 -0.1024   1.137  2.911  0.000
    4 C  -0.0439 -0.0926   1.137  2.907  0.000
    5 C   0.0488  0.1032   1.174  2.778  0.000
    6 N  -0.1238 -0.3687   1.222  3.902  0.000
    7 C   0.0464  0.1010   1.174  2.779  0.000
    8 C  -0.0464 -0.0952   1.137  2.909  0.000
    9 C  -0.0495 -0.1036   1.138  2.912  0.000
   10 C  -0.0035 -0.0215   1.177  2.827  0.000
   11 C  -0.0827 -0.2282   1.079  3.004  0.000
   12 C  -0.0467 -0.1007   1.137  2.910  0.000
   13 C  -0.0425 -0.0911   1.136  2.906  0.000
   14 C   0.0550  0.1115   1.176  2.769  0.000
   15 C  -0.0415 -0.0899   1.134  2.908  0.000
   16 C  -0.0295 -0.0824   1.136  2.893  0.000
   17 C  -0.0222 -0.0268   1.167  2.855  0.000
   18 C  -0.0209 -0.0251   1.192  2.828  0.000
   19 C  -0.0416 -0.0867   1.138  2.904  0.000
   20 C   0.0108  0.0084   1.209  2.780  0.000
   21 C  -0.0089 -0.0133   1.193  2.816  0.000
   22 C  -0.0088 -0.0577   1.143  2.866  0.000
   23 C   0.0103  0.0069   1.135  2.855  0.000
   24 C   0.1292  0.2474   1.179  2.692  0.000
   25 N  -0.2895 -0.4151   1.646  3.643  0.000
   26 C  -0.0057 -0.0581   1.142  2.864  0.000
   27 C   0.0007 -0.0523   1.135  2.864  0.000
   28 C   0.0031 -0.0015   1.175  2.822  0.000
   29 C   0.0030 -0.0016   1.175  2.822  0.000
   30 C   0.0007 -0.0523   1.135  2.864  0.000
   31 C  -0.0057 -0.0580   1.142  2.864  0.000
   32 C   0.0104  0.0069   1.135  2.855  0.000
   33 C   0.1292  0.2474   1.179  2.692  0.000
   34 N  -0.2895 -0.4151   1.646  3.643  0.000
   35 C  -0.0088 -0.0578   1.143  2.866  0.000
   36 C  -0.0090 -0.0134   1.194  2.816  0.000
   37 C  -0.0208 -0.0251   1.192  2.828  0.000
   38 C  -0.0415 -0.0865   1.138  2.904  0.000
   39 C   0.0550  0.1114   1.176  2.769  0.000
   40 N  -0.1239 -0.3687   1.222  3.902  0.000
   41 C   0.0465  0.1011   1.174  2.779  0.000
   42 C  -0.0425 -0.0911   1.136  2.906  0.000
   43 C  -0.0465 -0.1005   1.137  2.910  0.000
   44 C  -0.0036 -0.0217   1.176  2.827  0.000
   45 C  -0.0828 -0.2282   1.079  3.004  0.000
   46 C  -0.0497 -0.1038   1.138  2.912  0.000
   47 C  -0.0466 -0.0954   1.137  2.909  0.000
   48 C   0.0487  0.1033   1.174  2.778  0.000
   49 C  -0.0441 -0.0928   1.137  2.907  0.000
   50 C  -0.0485 -0.1026   1.137  2.911  0.000
   51 C  -0.0039 -0.0219   1.176  2.827  0.000
   52 C  -0.0828 -0.2283   1.079  3.004  0.000
   53 C  -0.0487 -0.1028   1.138  2.911  0.000
   54 C  -0.0440 -0.0926   1.136  2.908  0.000
   55 C  -0.0412 -0.0896   1.134  2.907  0.000
   56 C  -0.0295 -0.0823   1.136  2.893  0.000
   57 C  -0.0220 -0.0266   1.167  2.855  0.000
   58 C  -0.0441 -0.0927   1.136  2.908  0.000
   59 C  -0.0488 -0.1029   1.138  2.911  0.000
   60 H   0.0400  0.0929   0.960  0.000  0.000
   61 H   0.0414  0.0939   0.959  0.000  0.000
   62 H   0.0424  0.0945   0.958  0.000  0.000
   63 H   0.0379  0.0952   0.962  0.000  0.000
   64 H   0.0383  0.0996   0.962  0.000  0.000
   65 H   0.0377  0.0995   0.962  0.000  0.000
   66 H   0.0370  0.0944   0.963  0.000  0.000
   67 H   0.0440  0.0961   0.956  0.000  0.000
   68 H   0.0392  0.0921   0.961  0.000  0.000
   69 H   0.0411  0.0937   0.959  0.000  0.000
   70 H   0.0382  0.0956   0.962  0.000  0.000
   71 H   0.0374  0.0989   0.963  0.000  0.000
   72 H   0.0411  0.1030   0.959  0.000  0.000
   73 H   0.0472  0.1045   0.953  0.000  0.000
   74 H   0.0407  0.1041   0.959  0.000  0.000
   75 H   0.0483  0.1076   0.952  0.000  0.000
   76 H   0.0543  0.1122   0.946  0.000  0.000
   77 H   0.0555  0.1129   0.944  0.000  0.000
   78 H   0.0555  0.1129   0.944  0.000  0.000
   79 H   0.0543  0.1122   0.946  0.000  0.000
   80 H   0.0483  0.1076   0.952  0.000  0.000
   81 H   0.0407  0.1040   0.959  0.000  0.000
   82 H   0.0375  0.0990   0.962  0.000  0.000
   83 H   0.0381  0.0955   0.962  0.000  0.000
   84 H   0.0434  0.0957   0.957  0.000  0.000
   85 H   0.0392  0.0922   0.961  0.000  0.000
   86 H   0.0415  0.0939   0.958  0.000  0.000
   87 H   0.0370  0.0943   0.963  0.000  0.000
   88 H   0.0377  0.0994   0.962  0.000  0.000
   89 H   0.0383  0.0996   0.962  0.000  0.000
   90 H   0.0379  0.0952   0.962  0.000  0.000
   91 H   0.0411  0.0938   0.959  0.000  0.000
   92 H   0.0402  0.0931   0.960  0.000  0.000
   93 H   0.0424  0.0945   0.958  0.000  0.000
   94 H   0.0379  0.0952   0.962  0.000  0.000
   95 H   0.0372  0.0986   0.963  0.000  0.000
   96 H   0.0411  0.1030   0.959  0.000  0.000
   97 H   0.0472  0.1045   0.953  0.000  0.000
   98 H   0.0371  0.0986   0.963  0.000  0.000
   99 H   0.0379  0.0952   0.962  0.000  0.000
 Hirshfeld charges for QMDFF written to <charges>
 
 Loewdin charges    n(s)   n(p)   n(d)
    1 C  -0.0846   1.005  3.080  0.000
    2 C   0.0048   1.132  2.863  0.000
    3 C  -0.0431   1.084  2.959  0.000
    4 C  -0.0411   1.084  2.957  0.000
    5 C   0.0459   1.137  2.817  0.000
    6 N  -0.0859   1.181  3.905  0.000
    7 C   0.0437   1.137  2.819  0.000
    8 C  -0.0437   1.085  2.959  0.000
    9 C  -0.0445   1.085  2.960  0.000
   10 C   0.0051   1.132  2.862  0.000
   11 C  -0.0844   1.005  3.080  0.000
   12 C  -0.0415   1.083  2.958  0.000
   13 C  -0.0400   1.084  2.956  0.000
   14 C   0.0527   1.139  2.808  0.000
   15 C  -0.0398   1.082  2.958  0.000
   16 C  -0.0236   1.082  2.941  0.000
   17 C  -0.0208   1.125  2.896  0.000
   18 C  -0.0168   1.152  2.865  0.000
   19 C  -0.0427   1.087  2.956  0.000
   20 C   0.0163   1.168  2.815  0.000
   21 C  -0.0066   1.153  2.853  0.000
   22 C  -0.0049   1.090  2.915  0.000
   23 C   0.0096   1.091  2.899  0.000
   24 C   0.1209   1.145  2.734  0.000
   25 N  -0.2729   1.606  3.666  0.000
   26 C   0.0022   1.087  2.910  0.000
   27 C   0.0043   1.082  2.914  0.000
   28 C   0.0072   1.132  2.861  0.000
   29 C   0.0072   1.132  2.861  0.000
   30 C   0.0043   1.082  2.914  0.000
   31 C   0.0022   1.087  2.910  0.000
   32 C   0.0096   1.091  2.899  0.000
   33 C   0.1209   1.145  2.734  0.000
   34 N  -0.2729   1.606  3.666  0.000
   35 C  -0.0049   1.090  2.915  0.000
   36 C  -0.0067   1.153  2.853  0.000
   37 C  -0.0168   1.152  2.865  0.000
   38 C  -0.0426   1.087  2.956  0.000
   39 C   0.0527   1.139  2.809  0.000
   40 N  -0.0859   1.181  3.905  0.000
   41 C   0.0438   1.137  2.819  0.000
   42 C  -0.0400   1.084  2.956  0.000
   43 C  -0.0412   1.083  2.958  0.000
   44 C   0.0050   1.132  2.863  0.000
   45 C  -0.0845   1.005  3.080  0.000
   46 C  -0.0448   1.085  2.960  0.000
   47 C  -0.0440   1.085  2.959  0.000
   48 C   0.0459   1.137  2.817  0.000
   49 C  -0.0413   1.084  2.957  0.000
   50 C  -0.0432   1.084  2.959  0.000
   51 C   0.0048   1.132  2.863  0.000
   52 C  -0.0846   1.005  3.080  0.000
   53 C  -0.0437   1.084  2.959  0.000
   54 C  -0.0414   1.084  2.957  0.000
   55 C  -0.0394   1.082  2.958  0.000
   56 C  -0.0235   1.082  2.941  0.000
   57 C  -0.0206   1.125  2.896  0.000
   58 C  -0.0415   1.084  2.957  0.000
   59 C  -0.0438   1.084  2.959  0.000
   60 H   0.0392   0.961  0.000  0.000
   61 H   0.0405   0.960  0.000  0.000
   62 H   0.0413   0.959  0.000  0.000
   63 H   0.0306   0.969  0.000  0.000
   64 H   0.0306   0.969  0.000  0.000
   65 H   0.0303   0.970  0.000  0.000
   66 H   0.0301   0.970  0.000  0.000
   67 H   0.0427   0.957  0.000  0.000
   68 H   0.0386   0.961  0.000  0.000
   69 H   0.0402   0.960  0.000  0.000
   70 H   0.0308   0.969  0.000  0.000
   71 H   0.0299   0.970  0.000  0.000
   72 H   0.0335   0.966  0.000  0.000
   73 H   0.0387   0.961  0.000  0.000
   74 H   0.0324   0.968  0.000  0.000
   75 H   0.0383   0.962  0.000  0.000
   76 H   0.0441   0.956  0.000  0.000
   77 H   0.0453   0.955  0.000  0.000
   78 H   0.0454   0.955  0.000  0.000
   79 H   0.0441   0.956  0.000  0.000
   80 H   0.0383   0.962  0.000  0.000
   81 H   0.0324   0.968  0.000  0.000
   82 H   0.0300   0.970  0.000  0.000
   83 H   0.0307   0.969  0.000  0.000
   84 H   0.0421   0.958  0.000  0.000
   85 H   0.0385   0.961  0.000  0.000
   86 H   0.0406   0.959  0.000  0.000
   87 H   0.0301   0.970  0.000  0.000
   88 H   0.0302   0.970  0.000  0.000
   89 H   0.0306   0.969  0.000  0.000
   90 H   0.0306   0.969  0.000  0.000
   91 H   0.0402   0.960  0.000  0.000
   92 H   0.0394   0.961  0.000  0.000
   93 H   0.0414   0.959  0.000  0.000
   94 H   0.0307   0.969  0.000  0.000
   95 H   0.0297   0.970  0.000  0.000
   96 H   0.0335   0.967  0.000  0.000
   97 H   0.0388   0.961  0.000  0.000
   98 H   0.0297   0.970  0.000  0.000
   99 H   0.0308   0.969  0.000  0.000
 
 Wiberg/Mayer (AO) data. WBOs > 0.1 written file <wbo>
 largest (>0.05) Wiberg bond orders for each atom
           total WBO             WBO to atom ...
     1  C   3.987    C    2 0.992    H   60 0.979    H   61 0.975    H   62 0.970
     2  C   3.951    C   59 1.395    C    3 1.386    C    1 0.992    C    5 0.104
     3  C   3.973    C    4 1.450    C    2 1.386    H   63 0.945    C   58 0.106
     4  C   3.970    C    3 1.450    C    5 1.368    H   64 0.945    C   59 0.105
     5  C   3.934    C   58 1.376    C    4 1.368    N    6 0.990    C    2 0.104
     6  N   3.336    C   14 1.011    C    7 0.991    C    5 0.990
     7  C   3.934    C    8 1.373    C   13 1.370    N    6 0.991    C   10 0.104
     8  C   3.970    C    9 1.442    C    7 1.373    H   65 0.945    C   12 0.106
     9  C   3.972    C    8 1.442    C   10 1.393    H   66 0.944    C   13 0.104
    10  C   3.950    C    9 1.393    C   12 1.387    C   11 0.992    C    7 0.104
    11  C   3.987    C   10 0.992    H   68 0.979    H   69 0.975    H   67 0.970
    12  C   3.973    C   13 1.449    C   10 1.387    H   70 0.945    C    8 0.106
    13  C   3.970    C   12 1.449    C    7 1.370    H   71 0.945    C    9 0.104
    14  C   3.911    C   15 1.366    C   19 1.340    N    6 1.011    C   17 0.093
    15  C   3.966    C   16 1.449    C   14 1.366    H   72 0.943    C   18 0.096
    16  C   3.955    C   15 1.449    C   17 1.367    H   73 0.942    C   19 0.092
    17  C   3.949    C   16 1.367    C   18 1.294    C   57 1.047    C   14 0.093
    18  C   3.939    C   19 1.455    C   17 1.294    C   20 0.921    C   15 0.096
    19  C   3.966    C   18 1.455    C   14 1.340    H   74 0.944    C   16 0.092
    20  C   3.923    C   21 0.929    C   36 0.928    C   37 0.921    C   18 0.921
    21  C   3.939    C   22 1.454    C   28 1.292    C   20 0.929    C   26 0.095
    22  C   3.967    C   21 1.454    C   23 1.315    H   75 0.945    C   27 0.091    N   25 0.066
    23  C   3.943    C   26 1.333    C   22 1.315    C   24 1.070    C   28 0.088    N   25 0.076
    24  C   3.926    N   25 2.792    C   23 1.070
    25  N   3.016    C   24 2.792    C   23 0.076    C   26 0.069    C   22 0.066
    26  C   3.967    C   27 1.456    C   23 1.333    H   76 0.943    C   21 0.095    N   25 0.069
    27  C   3.956    C   26 1.456    C   28 1.363    H   77 0.942    C   22 0.091
    28  C   3.928    C   27 1.363    C   21 1.292    C   29 1.049    C   23 0.088
    29  C   3.928    C   30 1.363    C   36 1.292    C   28 1.049    C   32 0.088
    30  C   3.956    C   31 1.456    C   29 1.363    H   78 0.942    C   35 0.091
    31  C   3.967    C   30 1.456    C   32 1.333    H   79 0.943    C   36 0.095    N   34 0.069
    32  C   3.943    C   31 1.333    C   35 1.315    C   33 1.069    C   29 0.088    N   34 0.076
    33  C   3.926    N   34 2.792    C   32 1.069
    34  N   3.016    C   33 2.792    C   32 0.076    C   31 0.069    C   35 0.066
    35  C   3.967    C   36 1.454    C   32 1.315    H   80 0.945    C   30 0.091    N   34 0.066
    36  C   3.939    C   35 1.454    C   29 1.292    C   20 0.928    C   31 0.095
    37  C   3.939    C   38 1.455    C   57 1.293    C   20 0.921    C   55 0.096
    38  C   3.966    C   37 1.455    C   39 1.341    H   81 0.944    C   56 0.092
    39  C   3.911    C   55 1.366    C   38 1.341    N   40 1.010    C   57 0.093
    40  N   3.336    C   39 1.010    C   41 0.992    C   48 0.990
    41  C   3.935    C   47 1.375    C   42 1.368    N   40 0.992    C   44 0.104
    42  C   3.970    C   43 1.451    C   41 1.368    H   82 0.945    C   46 0.104
    43  C   3.973    C   42 1.451    C   44 1.385    H   83 0.945    C   47 0.106
    44  C   3.950    C   46 1.395    C   43 1.385    C   45 0.992    C   41 0.104
    45  C   3.987    C   44 0.992    H   85 0.979    H   84 0.973    H   86 0.972
    46  C   3.972    C   47 1.440    C   44 1.395    H   87 0.944    C   42 0.104
    47  C   3.970    C   46 1.440    C   41 1.375    H   88 0.945    C   43 0.106
    48  C   3.934    C   54 1.375    C   49 1.369    N   40 0.990    C   51 0.104
    49  C   3.970    C   50 1.449    C   48 1.369    H   89 0.945    C   53 0.105
    50  C   3.973    C   49 1.449    C   51 1.387    H   90 0.945    C   54 0.106
    51  C   3.951    C   53 1.394    C   50 1.387    C   52 0.992    C   48 0.104
    52  C   3.987    C   51 0.992    H   92 0.979    H   91 0.976    H   93 0.970
    53  C   3.972    C   54 1.441    C   51 1.394    H   94 0.944    C   49 0.105
    54  C   3.970    C   53 1.441    C   48 1.375    H   95 0.945    C   50 0.106
    55  C   3.966    C   56 1.449    C   39 1.366    H   96 0.943    C   37 0.096
    56  C   3.955    C   55 1.449    C   57 1.367    H   97 0.942    C   38 0.092
    57  C   3.949    C   56 1.367    C   37 1.293    C   17 1.047    C   39 0.093
    58  C   3.970    C   59 1.440    C    5 1.376    H   98 0.945    C    3 0.106
    59  C   3.972    C   58 1.440    C    2 1.395    H   99 0.944    C    4 0.105
    60  H   0.997    C    1 0.979
    61  H   0.997    C    1 0.975
    62  H   0.997    C    1 0.970
    63  H   0.998    C    3 0.945
    64  H   0.998    C    4 0.945
    65  H   0.998    C    8 0.945
    66  H   0.998    C    9 0.944
    67  H   0.997    C   11 0.970
    68  H   0.997    C   11 0.979
    69  H   0.997    C   11 0.975
    70  H   0.998    C   12 0.945
    71  H   0.998    C   13 0.945
    72  H   0.994    C   15 0.943
    73  H   0.995    C   16 0.942
    74  H   0.997    C   19 0.944
    75  H   0.996    C   22 0.945
    76  H   0.993    C   26 0.943
    77  H   0.992    C   27 0.942
    78  H   0.992    C   30 0.942
    79  H   0.993    C   31 0.943
    80  H   0.996    C   35 0.945
    81  H   0.997    C   38 0.944
    82  H   0.998    C   42 0.945
    83  H   0.998    C   43 0.945
    84  H   0.997    C   45 0.973
    85  H   0.997    C   45 0.979
    86  H   0.998    C   45 0.972
    87  H   0.998    C   46 0.944
    88  H   0.998    C   47 0.945
    89  H   0.998    C   49 0.945
    90  H   0.998    C   50 0.945
    91  H   0.997    C   52 0.976
    92  H   0.997    C   52 0.979
    93  H   0.997    C   52 0.970
    94  H   0.998    C   53 0.944
    95  H   0.998    C   54 0.945
    96  H   0.994    C   55 0.943
    97  H   0.995    C   56 0.942
    98  H   0.998    C   58 0.945
    99  H   0.998    C   59 0.944
 
 --------------------------------------------
          xTB calculation for sTDA...
 --------------------------------------------
 
 reading parameter file /home/penavora/Exe_xtb_crest/.param_stda2.xtb
 
      method parameters     
 k(s)        :  1.6000
 k(p)        :  2.1800
 k(d)        :  1.9500
 k(f)        :  2.0000
 k(R-V)      :  2.2750
 k(R-R)      :  1.7650
 Tscal       :  0.2580
 Gscal       :  1.0000
 fpol        :  1.0000
 Zcnf        :  0.3430
 Zqf         :  0.0000
 kcn         :  2.7000
 Ryd Hsplit  :  0.7000
 lshift(virt):  3.1000
 lshift(OS)  :  0.2000
 wllscaling  :  2.6000
 
 mowrcut     : 3.000
 
  Z AO/shell   Hii/eV     exponent
  1     Sun Feb 14 09:53:25 CET 2016    EN: 2.327 GAM: 0.473  GM3: 0.0000
     1s    -14.339618    1.220000
     2sp    -3.348946    0.600000
  6     Sun Feb 14 09:53:25 CET 2016    EN: 2.731 GAM: 0.422  GM3: 0.0000
     2s    -22.009312    1.565095
     2p    -13.020408    1.596905
     3sp    -3.914040    0.824500
  7     Sun Feb 14 09:53:25 CET 2016    EN: 3.573 GAM: 0.504  GM3: 0.0000
     2s    -25.722000    2.064844
     2p    -18.684912    1.801692
     3sp    -4.344791    0.921400
 
 Nbf   :          672
 T(el) :     0.0
 calculating S/T integrals ...
 cpu time for ints    7.71773900000000     
 Nao   :          672
 making H0...
 making H1...
 cpu time for H       1.27995400000000     
 solving ...
 cpu time for diag    1.22852200000000     
 
 gap (eV)           :   5.279
 Koopmans IP (eV)   :  13.149
 Eel (Eh)           :  -240.558875

          eigenvalues
 #    :         128        129        130        131        132        133        134        135
 occ. :        2.000      2.000      2.000      2.000      2.000      2.000      2.000      2.000
 eps  :       -16.386    -16.103    -16.062    -16.026    -15.978    -15.970    -15.901    -15.787
 #    :         136        137        138        139        140        141        142        143
 occ. :        2.000      2.000      2.000      2.000      2.000      0.000      0.000      0.000
 eps  :       -15.767    -15.597    -15.269    -13.673    -13.151     -7.871     -6.603     -6.313
 #    :         144        145        146        147        148        149        150        151
 occ. :        0.000      0.000      0.000      0.000      0.000      0.000      0.000      0.000
 eps  :        -6.276     -6.046     -5.825     -5.818     -5.800     -5.708     -5.589     -5.531
                            1  SCC done.
 writing mo output ...
 molden style : F
 
speedup 18.01
cpu  time for all   17.03 s
wall time for all    0.95 s
