  56
 Etot=         -91.6447940645
 O         -0.4447692685       -4.2243967494       -2.5019530041
 C         -0.9403432239       -3.1179772766       -2.6138184203
 O         -2.1425797419       -2.9507757814       -3.1970969762
 C         -0.3287167424       -1.8742827715       -2.1475987245
 C          0.9077227018       -1.9308792233       -1.4889053325
 C          1.5046251422       -0.7897867222       -1.0217922635
 C          0.8873911709        0.4696130175       -1.1800355598
 C          1.4725181050        1.6538152966       -0.6322129770
 C          0.6670564679        2.7788119245       -0.2445887977
 C         -0.6085069860        2.7905277637        0.2344080176
 C         -1.4302225478        1.6812515153        0.6321236341
 C         -2.8614197312        1.8352570010        0.5204739815
 C         -3.7373465051        1.2237001768        1.4333456861
 C         -5.1004620876        1.4100114516        1.3387408413
 C         -5.6338702948        2.2042117332        0.3332780539
 C         -4.7843560694        2.8221385461       -0.5739112459
 C         -3.4198964510        2.6482274472       -0.4804290455
 C         -0.8610614641        0.4918906478        1.1859556120
 C          0.3755341532        0.5208154529        1.8657542459
 C          0.9488005679       -0.6305644260        2.3401246457
 C          0.3195115216       -1.8680656697        2.1575633860
 C          0.9749173787       -3.0801775655        2.6474691739
 O          2.0698435267       -3.1145335907        3.1786973105
 O          0.2557277829       -4.2030930767        2.4616463571
 C         -0.9192674101       -1.9109471313        1.5037211921
 C         -1.4963404832       -0.7590779152        1.0353823694
 C          2.9054847154        1.7862092166       -0.5162344128
 C          3.7752999318        1.1544781336       -1.4210749605
 C          5.1408835390        1.3180246082       -1.3207737493
 C          5.6827853474        2.1092617444       -0.3175875250
 C          4.8394842903        2.7478519305        0.5810119401
 C          3.4727849847        2.5967108099        0.4816597236
 C         -0.3466241697        0.5127109867       -1.8636068873
 C         -0.9396640081       -0.6294344867       -2.3383019790
 H         -2.4938780667       -3.8093326637       -3.4831408983
 H          1.3681123120       -2.8975957710       -1.3461423605
 H          2.4319287022       -0.8575609363       -0.4733746063
 H          1.1493650911        3.7431808556       -0.3547775011
 H         -1.0756259777        3.7631859843        0.3368871932
 H         -3.3303625268        0.6348941076        2.2419371938
 H         -5.7555090283        0.9395305107        2.0578740298
 H         -6.7020384898        2.3455398739        0.2615486349
 H         -5.1940502710        3.4413300196       -1.3589063043
 H         -2.7708203057        3.1184049954       -1.2040870904
 H          0.8530864746        1.4701118058        2.0485282521
 H          1.8929961309       -0.6085098041        2.8645918079
 H          0.7471075783       -4.9710432183        2.7948850448
 H         -1.4031908372       -2.8643232366        1.3582210299
 H         -2.4265096677       -0.8126328535        0.4903939436
 H          3.3626750872        0.5667358155       -2.2276280152
 H          5.7913252037        0.8311049992       -2.0331083989
 H          6.7529042442        2.2317492338       -0.2405793785
 H          5.2557825407        3.3648803982        1.3642145485
 H          2.8285761105        3.0823064089        1.1995312309
 H         -0.8079602929        1.4693245358       -2.0502675538
 H         -1.8798946212       -0.5800472442       -2.8655048218
  56
 Etot=         -91.6449255975
 O         -0.4460702366       -4.2212936717       -2.5015024519
 C         -0.9420599824       -3.1190018349       -2.6109737265
 O         -2.1437319289       -2.9499234858       -3.1945558573
 C         -0.3303436749       -1.8732476961       -2.1427172385
 C          0.9051273277       -1.9299669114       -1.4844572637
 C          1.5031844561       -0.7885352868       -1.0192038419
 C          0.8859436392        0.4699890549       -1.1783034705
 C          1.4714796644        1.6538335504       -0.6308095498
 C          0.6671158371        2.7798515002       -0.2441488265
 C         -0.6084280717        2.7917432319        0.2343239076
 C         -1.4292527730        1.6816126842        0.6311999226
 C         -2.8597691292        1.8344115786        0.5190620847
 C         -3.7354240109        1.2217959615        1.4311254381
 C         -5.0982952736        1.4080566923        1.3371183904
 C         -5.6320826516        2.2026654175        0.3326267993
 C         -4.7831305973        2.8207988349       -0.5743447736
 C         -3.4188431261        2.6472571234       -0.4812128236
 C         -0.8596120907        0.4924873328        1.1845377565
 C          0.3770644371        0.5215523525        1.8627885097
 C          0.9505979944       -0.6304684195        2.3356657384
 C          0.3213693149       -1.8666739445        2.1528739013
 C          0.9780357405       -3.0804105777        2.6449315435
 O          2.0694673621       -3.1127671756        3.1755522108
 O          0.2570765580       -4.2012584544        2.4604970997
 C         -0.9163753669       -1.9098989837        1.4994035878
 C         -1.4948921096       -0.7576725249        1.0331318552
 C          2.9037322297        1.7847932132       -0.5143005321
 C          3.7731233917        1.1517437508       -1.4182668949
 C          5.1384506355        1.3157767901       -1.3190015349
 C          5.6807514672        2.1077948792       -0.3170726118
 C          4.8380697366        2.7465613983        0.5814051743
 C          3.4715521768        2.5955219818        0.4826806549
 C         -0.3480366533        0.5133812758       -1.8606598484
 C         -0.9413050271       -0.6295150148       -2.3337309564
 H         -2.4923510254       -3.8080107722       -3.4848461516
 H          1.3635928361       -2.8963414496       -1.3404049862
 H          2.4295280592       -0.8546964478       -0.4698897338
 H          1.1496369896        3.7444290100       -0.3549236210
 H         -1.0758921566        3.7646144922        0.3368644762
 H         -3.3275095167        0.6326594512        2.2389517219
 H         -5.7527770688        0.9379736184        2.0565705306
 H         -6.6998746531        2.3441197953        0.2612316478
 H         -5.1927434257        3.4402868821       -1.3588308574
 H         -2.7694822098        3.1179774453       -1.2048004770
 H          0.8549141505        1.4709759981        2.0443413031
 H          1.8940134793       -0.6089741265        2.8601497272
 H          0.7471998528       -4.9689165323        2.7957205440
 H         -1.3984763420       -2.8632669891        1.3520597647
 H         -2.4243562616       -0.8100462647        0.4870151017
 H          3.3594583745        0.5635670567       -2.2237790483
 H          5.7883050658        0.8294098781       -2.0317589318
 H          6.7504749243        2.2306667916       -0.2406198137
 H          5.2543556873        3.3637714003        1.3641367858
 H          2.8270564523        3.0817452666        1.2003059922
 H         -0.8098407485        1.4701403251       -2.0467080826
 H         -1.8807781960       -0.5803186167       -2.8619179744
  56
 Etot=         -91.6449817697
 O         -0.4474936946       -4.2195595104       -2.4991373639
 C         -0.9443760367       -3.1201720295       -2.6073209437
 O         -2.1456897396       -2.9479915710       -3.1910761565
 C         -0.3336745270       -1.8716695139       -2.1358277100
 C          0.9001914922       -1.9291266102       -1.4765051892
 C          1.4994055243       -0.7871695885       -1.0133922958
 C          0.8829050504        0.4708599752       -1.1754513451
 C          1.4697433634        1.6546454551       -0.6290849156
 C          0.6670351734        2.7823704198       -0.2440248833
 C         -0.6083326409        2.7945034900        0.2343405235
 C         -1.4277077781        1.6829509485        0.6300960909
 C         -2.8575871025        1.8337065224        0.5170915217
 C         -3.7328871165        1.2192415443        1.4282010854
 C         -5.0956245382        1.4048500515        1.3347159226
 C         -5.6300433329        2.2000986462        0.3312145480
 C         -4.7817407925        2.8191035130       -0.5755104855
 C         -3.4174862886        2.6465062253       -0.4825774138
 C         -0.8567635445        0.4936752751        1.1820314848
 C          0.3800382340        0.5230298685        1.8589714231
 C          0.9542709930       -0.6299151384        2.3295523349
 C          0.3249299370       -1.8648056067        2.1455910276
 C          0.9829614715       -3.0802447584        2.6412879776
 O          2.0725804208       -3.1101808135        3.1707947061
 O          0.2592047221       -4.1984874289        2.4578063462
 C         -0.9114574513       -1.9088447365        1.4916149213
 C         -1.4913372186       -0.7560310356        1.0276899319
 C          2.9013365647        1.7833419448       -0.5115883158
 C          3.7702180257        1.1481681010       -1.4145279196
 C          5.1353764833        1.3121026854       -1.3162550752
 C          5.6783397582        2.1052347578       -0.3157080378
 C          4.8364136714        2.7447746554        0.5826849172
 C          3.4699471407        2.5943814189        0.4844976753
 C         -0.3508450823        0.5147462453       -1.8572201537
 C         -0.9444585227       -0.6290514181       -2.3285029545
 H         -2.4924155091       -3.8054078196       -3.4854946457
 H          1.3570804129       -2.8954338026       -1.3309647094
 H          2.4252605037       -0.8514239591       -0.4636404041
 H          1.1502893484        3.7467324634       -0.3552530890
 H         -1.0764608733        3.7672401111        0.3370262792
 H         -3.3237343004        0.6293710086        2.2348465985
 H         -5.7494891386        0.9337179666        2.0537804358
 H         -6.6976383416        2.3413438161        0.2601458926
 H         -5.1914062296        3.4387180241       -1.3596864787
 H         -2.7679461061        3.1179462692       -1.2059269152
 H          0.8576355860        1.4725835981        2.0403010379
 H          1.8979513464       -0.6091344629        2.8527986975
 H          0.7471493013       -4.9665921239        2.7950702834
 H         -1.3921020114       -2.8622884498        1.3423555450
 H         -2.4208848183       -0.8067921567        0.4817509910
 H          3.3551930421        0.5588244715       -2.2183710908
 H          5.7845592809        0.8247572102       -2.0286720681
 H          6.7478246262        2.2284843532       -0.2400870291
 H          5.2528361010        3.3624274919        1.3647993037
 H          2.8252638157        3.0814335667        1.2017103643
 H         -0.8127220884        1.4715435120       -2.0432704451
 H         -1.8846930332       -0.5803322377       -2.8551595424
  56
 Etot=         -91.6450003757
 O         -0.4488567865       -4.2190199313       -2.4965972025
 C         -0.9470456283       -3.1202625468       -2.6035481792
 O         -2.1477338103       -2.9466350413       -3.1883208421
 C         -0.3369615196       -1.8706945210       -2.1308821742
 C          0.8963898264       -1.9286184666       -1.4709567414
 C          1.4961306523       -0.7863899040       -1.0090063474
 C          0.8806140433        0.4717474863       -1.1737907845
 C          1.4685477463        1.6556675121       -0.6283265996
 C          0.6669348939        2.7845111146       -0.2441750566
 C         -0.6082546965        2.7968230602        0.2345164303
 C         -1.4266925755        1.6843799662        0.6297602124
 C         -2.8564085812        1.8336429478        0.5160438683
 C         -3.7314830538        1.2174535896        1.4263287205
 C         -5.0942757538        1.4019835800        1.3326942359
 C         -5.6291067791        2.1977487412        0.3297531255
 C         -4.7811577265        2.8178983431       -0.5765638530
 C         -3.4167987259        2.6463953475       -0.4834409657
 C         -0.8546866970        0.4949061760        1.1807579633
 C          0.3822790440        0.5244696509        1.8571703566
 C          0.9574316267       -0.6290349693        2.3257479960
 C          0.3283178742       -1.8635915342        2.1403194382
 C          0.9870971525       -3.0797218106        2.6369233162
 O          2.0766006807       -3.1084099124        3.1664211380
 O          0.2613068796       -4.1966016080        2.4552880330
 C         -0.9076935947       -1.9081221916        1.4861719094
 C         -1.4883556167       -0.7549152491        1.0239333991
 C          2.8999639737        1.7827735099       -0.5100231885
 C          3.7685426445        1.1456869166       -1.4120370565
 C          5.1337167381        1.3088453247       -1.3138915931
 C          5.6771118106        2.1029302359       -0.3142696015
 C          4.8356138863        2.7436028275        0.5837608320
 C          3.4690715513        2.5940354916        0.4856496267
 C         -0.3531467579        0.5158211218       -1.8553113881
 C         -0.9475705557       -0.6284716159       -2.3248595284
 H         -2.4937179495       -3.8035455761       -3.4851979788
 H          1.3521079529       -2.8951850679       -1.3232436765
 H          2.4211943356       -0.8500141815       -0.4578891694
 H          1.1507335639        3.7484960622       -0.3559542095
 H         -1.0768479925        3.7692710183        0.3373729487
 H         -3.3216456419        0.6272300231        2.2323734107
 H         -5.7478467558        0.9296808701        2.0512666342
 H         -6.6967651055        2.3384917354        0.2587386406
 H         -5.1910275423        3.4375546020       -1.3606068180
 H         -2.7673134900        3.1185661021       -1.2063929279
 H          0.8592312400        1.4741085825        2.0394511819
 H          1.9015334939       -0.6085330567        2.8482707158
 H          0.7474730107       -4.9653008428        2.7939721706
 H         -1.3872694306       -2.8617700425        1.3346600040
 H         -2.4171346794       -0.8052010972        0.4767089603
 H          3.3527761047        0.5557018832       -2.2150217404
 H          5.7825606045        0.8202721215       -2.0257860762
 H          6.7466358115        2.2259695600       -0.2389739098
 H          5.2522963238        3.3614626922        1.3655790377
 H          2.8244604193        3.0817742382        1.2024864210
 H         -0.8143571519        1.4726297330       -2.0426092782
 H         -1.8875757536       -0.5797321656       -2.8519135496
