  100
 Etot=        -154.4403808957
 C         -8.0260353177        2.1832886775       -2.4942082404
 C         -6.8816071545        2.4248561615       -1.5572387611
 C         -6.8485592379        3.5370902458       -0.7278793974
 C         -5.7967955576        3.7257603702        0.1502241139
 C         -4.7503082343        2.8204524162        0.2412870578
 C         -3.6475880193        3.0326542117        1.2332620465
 C         -4.7753701497        1.7050811717       -0.6030692222
 N         -3.7443556447        0.7430783683       -0.5484116455
 C         -2.4223838947        1.1610028416       -0.7438837892
 C         -2.1680895308        2.1680421397       -1.6733250225
 C         -0.8832364918        2.5891274235       -1.9307194029
 C          0.2031812305        2.0148609314       -1.2673907412
 C          1.5442505101        2.3801426756       -1.5621786984
 C          2.5888814051        1.8328475766       -0.8977288679
 C          2.3891147439        0.8802580163        0.1430294724
 C          3.4496662423        0.3132203351        0.8779698287
 N          4.7813472594        0.7024384421        0.6890167394
 C          5.1685476742        2.0500854777        0.5769510713
 C          6.1131371190        2.3889497939       -0.3940163507
 C          6.5448110678        3.6906752746       -0.5662004045
 C          7.5654354362        4.0377191353       -1.6069772163
 C          6.0051747937        4.6772297369        0.2523365425
 C          5.0772898480        4.3483886986        1.2199872291
 C          4.6472050979        3.0417081008        1.4157622201
 C          3.6706392968        2.7419424745        2.5123186351
 C          5.7574855614       -0.2893390827        0.6318010765
 C          7.0495169078       -0.0919818850        1.1186208477
 C          8.0212679033       -1.0816408498        1.0469062836
 C          7.7527064712       -2.3216623602        0.5018645323
 C          6.4701905092       -2.5528963265        0.0171444812
 C          5.4935173954       -1.5446495228        0.0768227811
 O          4.3081444824       -1.9568823877       -0.4605409289
 C          4.5015973597       -3.2381361433       -0.8680947956
 C          3.5632286153       -4.0603986587       -1.4658504800
 C          3.9673353836       -5.3393895149       -1.8035431587
 C          5.2639167391       -5.7828100769       -1.5535846421
 C          6.1990605826       -4.9612228859       -0.9555563770
 C          5.8158019234       -3.6728769890       -0.6071372714
 C          3.1845883850       -0.6761799143        1.8268181950
 C          1.9012907720       -1.0892380708        2.0900057399
 C          0.8175142644       -0.5211668267        1.4158858940
 C         -0.5232496390       -0.8863441924        1.7111033414
 C         -1.5664608123       -0.3467886210        1.0380194814
 C         -1.3592121331        0.6018496198       -0.0038775656
 C         -0.0334596994        1.0241654014       -0.2821742118
 C          1.0606292237        0.4635171122        0.4276086162
 C         -4.0886809433       -0.6017018775       -0.6143510948
 C         -3.3036339755       -1.5504318605       -1.2700864719
 C         -3.6554847449       -2.8932534143       -1.3109482858
 C         -4.8141627792       -3.3575131419       -0.7211859480
 C         -5.6251430063       -2.4334412439       -0.0711518720
 C         -5.2569511765       -1.0793652805       -0.0134695885
 O         -6.1693644496       -0.3363001505        0.6810665242
 C         -7.1430900749       -1.1990346401        1.0696802918
 C         -8.2802826621       -0.8832030506        1.7916454163
 C         -9.1518268021       -1.9168272202        2.0836048354
 C         -8.8968184431       -3.2221652981        1.6696991623
 C         -7.7616445682       -3.5359017381        0.9484778978
 C         -6.8725258064       -2.5141339992        0.6427362216
 C         -5.8310075892        1.5240815619       -1.4900087045
 H         -8.5843562951        3.0993280200       -2.6713548713
 H         -7.6713308662        1.7954553618       -3.4471021863
 H         -8.7063893444        1.4460987510       -2.0662446379
 H         -7.6528112959        4.2576290505       -0.7637429242
 H         -5.7946644535        4.5926449794        0.7959933006
 H         -3.3671334301        2.0933129584        1.7058514830
 H         -2.7595888984        3.4393721502        0.7475769418
 H         -3.9646515919        3.7318922535        2.0035597256
 H         -3.0001461677        2.6035536807       -2.2081619506
 H         -0.7046377800        3.3575916590       -2.6688913817
 H          1.7144863150        3.1041265087       -2.3464453240
 H          3.5942219942        2.1139714541       -1.1655926798
 H          6.5044334357        1.6053433337       -1.0282100649
 H          8.4851223328        4.3789551910       -1.1322484656
 H          7.2023718705        4.8428937043       -2.2438734452
 H          7.7973369418        3.1764158600       -2.2281958628
 H          6.3202879613        5.7033433148        0.1328643017
 H          4.6795412683        5.1252147906        1.8574816003
 H          2.6577058340        2.6506581707        2.1184500703
 H          3.9189867620        1.8095992007        3.0151166213
 H          3.6772671088        3.5458686628        3.2451775722
 H          7.2929165195        0.8623189326        1.5608958775
 H          9.0054285833       -0.8707605891        1.4376919776
 H          8.5077851656       -3.0895659640        0.4506250624
 H          2.5614546347       -3.7085492275       -1.6533696151
 H          3.2615130143       -6.0095103952       -2.2709246206
 H          5.5389460150       -6.7888468467       -1.8333631445
 H          7.2029448828       -5.3065431184       -0.7611901786
 H          4.0118905696       -1.1050216687        2.3757636539
 H          1.7196863636       -1.8472761217        2.8382129928
 H         -0.6935758273       -1.6051539168        2.5000897595
 H         -2.5757646669       -0.6255272447        1.2990143755
 H         -2.3968331451       -1.2241249352       -1.7561943936
 H         -3.0058712705       -3.5823917241       -1.8294889698
 H         -5.0880065914       -4.3996041184       -0.7600804152
 H         -8.4695603899        0.1305735466        2.1064307407
 H        -10.0502528455       -1.7070702901        2.6445199979
 H         -9.6028409482       -4.0003494977        1.9188603015
 H         -7.5659133712       -4.5476042134        0.6274530155
 H         -5.8276765651        0.6573140500       -2.1373767152
