  101
 Etot=        -158.8696951473
 C          5.5175439498       -1.3804231857       -1.8277726722
 C          6.3515567377       -0.6825150038       -0.7966875441
 C          7.7051512197       -0.9555803973       -0.6828848614
 C          8.4886891797       -0.3174501561        0.2730106920
 N          9.8548870113       -0.6156737241        0.3748139743
 C         10.8824966634        0.3051740048        0.3989448502
 C         10.8344589760        1.6866108115        0.2764089207
 C         12.0297447251        2.3788644855        0.3075260646
 C         13.2490132808        1.7196907545        0.4484707562
 C         13.3049852840        0.3437316250        0.5470214060
 C         12.1169452427       -0.3743162746        0.5180060553
 C         11.8070702506       -1.7754747408        0.5734564708
 C         12.5809719198       -2.9208881713        0.7040030056
 C         11.9468246478       -4.1464929994        0.7463481123
 C         10.5584473967       -4.2376001456        0.6747873051
 C          9.7670158335       -3.1126054072        0.5447782854
 C         10.3999875991       -1.8794583074        0.4785174425
 C          7.9087107317        0.6167276420        1.1243391132
 C          6.5629641282        0.9033529077        1.0052475293
 C          5.7759188543        0.2618028914        0.0575407178
 C          4.3336307081        0.5831613917       -0.0366835525
 C          3.3975137975       -0.2719848887        0.5310103106
 C          2.0471495512        0.0094771519        0.4697836731
 C          1.6149009185        1.1609074588       -0.1809749168
 N          0.2497670699        1.4597632046       -0.2587410580
 C         -0.3306471901        2.6734004270        0.0492689958
 C          0.2493188602        3.8298527197        0.5517512074
 C         -0.5764144343        4.9088572887        0.8061852509
 C         -1.9484705958        4.8441696943        0.5782128773
 C         -2.5353062008        3.6871196452        0.1012062412
 C         -1.7269115942        2.5919108989       -0.1632022113
 C         -1.9920667296        1.2567425727       -0.6285420336
 C         -3.1492453500        0.6113578983       -1.0257909800
 C         -3.0681231399       -0.7229656574       -1.4329981351
 C         -4.2472119031       -1.4737842403       -1.8780625453
 O         -4.0951902980       -2.3396471822       -2.7938387178
 C         -5.5369570019       -1.2339796220       -1.3004638650
 C         -6.6739621344       -1.7589357622       -1.9668868735
 C         -7.9339379279       -1.5784892184       -1.4679656141
 C         -8.1205133835       -0.8891741375       -0.2628518848
 N         -9.4247519373       -0.6879881730        0.2564671465
 C        -10.1704627428       -1.7600075526        0.7161409836
 C         -9.6675023943       -3.0604599463        0.7257606078
 C        -10.4422790134       -4.1093205265        1.1841237134
 C        -11.7281172808       -3.8841855654        1.6479439882
 C        -12.2374443604       -2.5963109424        1.6669151302
 C        -11.4682858734       -1.5390464076        1.2111735901
 O        -12.0180177809       -0.2891966135        1.2749831716
 C        -11.2652658695        0.7603228219        0.8283012709
 C        -11.8310366578        2.0224869118        0.8940269992
 C        -11.1273958918        3.1237191590        0.4353127038
 C         -9.8611632085        2.9568400753       -0.1011533214
 C         -9.2878544540        1.7010029377       -0.1696089255
 C         -9.9716030036        0.5828591371        0.3060092595
 C         -7.0075610799       -0.4179528488        0.4419681650
 C         -5.7428177968       -0.5937004979       -0.0576808184
 C         -1.8072487449       -1.3443351516       -1.5331891222
 C         -0.6484837823       -0.7091865219       -1.1519211819
 C         -0.7440377137        0.5917131532       -0.6685820169
 C          2.5498880601        2.0143556674       -0.7595156528
 C          3.9061200814        1.7427892366       -0.6893933311
 C          4.9022577027        2.6714279070       -1.3152286966
 H          4.8575785563       -2.1051870293       -1.3516300381
 H          4.8895190885       -0.6692376935       -2.3617093785
 H          6.1458940751       -1.9058916038       -2.5424529096
 H          8.1681266779       -1.6640022160       -1.3545668472
 H          9.8956985512        2.2046737936        0.1496739396
 H         12.0189009880        3.4551587411        0.2169866572
 H         14.1612497252        2.2971463935        0.4713107108
 H         14.2508352389       -0.1683142238        0.6405156229
 H         13.6558472624       -2.8489290076        0.7750280677
 H         12.5303008532       -5.0497585135        0.8453514113
 H         10.0898939654       -5.2094601899        0.7258228709
 H          8.6909717958       -3.1920460053        0.5080393999
 H          8.5090643651        1.1004052214        1.8797937338
 H          6.1063064759        1.6245616169        1.6677547362
 H          3.7384096145       -1.1614045806        1.0410742825
 H          1.3273569925       -0.6465315984        0.9348717300
 H          1.3091642185        3.8847518219        0.7494403258
 H         -0.1476804336        5.8211179033        1.1942670041
 H         -2.5601054318        5.7090757019        0.7880189039
 H         -3.6015594943        3.6306434371       -0.0589009912
 H         -4.0869629403        1.1441893981       -1.0522306847
 H         -6.5104336749       -2.2858542986       -2.8944328531
 H         -8.7973484818       -1.9520728766       -2.0001208689
 H         -8.6633208803       -3.2372549894        0.3754579408
 H        -10.0347575953       -5.1081164130        1.1800354103
 H        -12.3327214915       -4.7037308774        2.0023575156
 H        -13.2288377453       -2.3871082064        2.0353512656
 H        -12.8238784715        2.1179880983        1.3032582874
 H        -11.5728288130        4.1041999140        0.4906082547
 H         -9.3139622547        3.8088655021       -0.4732655893
 H         -8.3069189319        1.5717434141       -0.5978567311
 H         -7.1569087984        0.0682991112        1.3962610613
 H         -4.8948139792       -0.2727323319        0.5275332100
 H         -1.7734861223       -2.3541700882       -1.9120159372
 H          0.3061347919       -1.2062944602       -1.2364336190
 H          2.2049705763        2.8918509228       -1.2870040763
 H          5.4528823105        3.2098268141       -0.5441537809
 H          4.4055795179        3.3976172843       -1.9537429529
 H          5.6280328046        2.1157045403       -1.9066932138
  101
 Etot=        -158.8697498294
 C          5.5174820691       -1.3805417510       -1.8277295909
 C          6.3513525842       -0.6826682438       -0.7965651440
 C          7.7049349465       -0.9557529408       -0.6826638272
 C          8.4884923413       -0.3174681908        0.2731597019
 N          9.8546846316       -0.6156925756        0.3750136956
 C         10.8822748249        0.3051784801        0.3991267083
 C         10.8341720560        1.6866498755        0.2766690260
 C         12.0294663240        2.3789286085        0.3076994226
 C         13.2487418580        1.7197390722        0.4484346937
 C         13.3047640304        0.3437082897        0.5469127804
 C         12.1167563234       -0.3743097499        0.5180094047
 C         11.8068785469       -1.7755274948        0.5734117151
 C         12.5807805834       -2.9209043495        0.7038070714
 C         11.9465758887       -4.1465554184        0.7461596088
 C         10.5581973196       -4.2376740903        0.6747627284
 C          9.7667530745       -3.1126524223        0.5448837649
 C         10.3997750749       -1.8794999754        0.4786087215
 C          7.9085186400        0.6169035542        1.1243278313
 C          6.5627962601        0.9035695039        1.0051275183
 C          5.7756788037        0.2618789103        0.0574994618
 C          4.3334151505        0.5832925438       -0.0367615859
 C          3.3970594553       -0.2721555946        0.5305305103
 C          2.0467827380        0.0091616832        0.4691101631
 C          1.6145436975        1.1613061277       -0.1810010747
 N          0.2497616774        1.4600568339       -0.2588555068
 C         -0.3303441905        2.6738643984        0.0487964146
 C          0.2499065189        3.8302754101        0.5515145651
 C         -0.5757870316        4.9094099480        0.8062436447
 C         -1.9477308899        4.8446706138        0.5782803730
 C         -2.5348316756        3.6873023010        0.1010261256
 C         -1.7267507456        2.5923114139       -0.1634276923
 C         -1.9924299696        1.2566859535       -0.6283519653
 C         -3.1492557338        0.6113863230       -1.0249811254
 C         -3.0686628699       -0.7241428027       -1.4324215835
 C         -4.2465620075       -1.4757437476       -1.8796915813
 O         -4.0949031185       -2.3405878363       -2.7911814851
 C         -5.5368070514       -1.2334283762       -1.3012356954
 C         -6.6741797804       -1.7594561850       -1.9667739213
 C         -7.9338953561       -1.5802095869       -1.4678282792
 C         -8.1207628298       -0.8890049302       -0.2628200103
 N         -9.4246313272       -0.6879629949        0.2564000685
 C        -10.1703051400       -1.7596778862        0.7154822388
 C         -9.6671543806       -3.0604515603        0.7249240618
 C        -10.4418706087       -4.1090530513        1.1833746787
 C        -11.7280972571       -3.8839363915        1.6476331374
 C        -12.2377069350       -2.5962254434        1.6668239638
 C        -11.4686536564       -1.5388115627        1.2108276760
 O        -12.0179517386       -0.2891975308        1.2750803847
 C        -11.2653218686        0.7601829507        0.8290434266
 C        -11.8311738453        2.0224872822        0.8945259578
 C        -11.1272912055        3.1234863112        0.4357483309
 C         -9.8605632476        2.9564591429       -0.1007713755
 C         -9.2871644841        1.7008743251       -0.1691867909
 C         -9.9711675899        0.5824876523        0.3065373352
 C         -7.0073171249       -0.4160703088        0.4416202313
 C         -5.7430276097       -0.5926245158       -0.0580787154
 C         -1.8071183896       -1.3448205627       -1.5330859570
 C         -0.6484047288       -0.7099794167       -1.1517652502
 C         -0.7441698059        0.5915024180       -0.6682676294
 C          2.5498622446        2.0152273837       -0.7589844922
 C          3.9059395998        1.7433563877       -0.6891235097
 C          4.9021729841        2.6717012163       -1.3151894326
 H          4.8574379926       -2.1052431687       -1.3516290934
 H          4.8895532617       -0.6693796782       -2.3617905613
 H          6.1458744427       -1.9060788301       -2.5423072223
 H          8.1679691456       -1.6640514282       -1.3544283725
 H          9.8954005663        2.2046873360        0.1500027394
 H         12.0186100545        3.4552079217        0.2172033613
 H         14.1609710048        2.2971816638        0.4711813940
 H         14.2506229325       -0.1683245308        0.6402551585
 H         13.6556492755       -2.8489553704        0.7747656594
 H         12.5300599062       -5.0498076033        0.8450513905
 H         10.0896600333       -5.2095200473        0.7257490800
 H          8.6907164319       -3.1920724106        0.5082581631
 H          8.5087701410        1.1003719707        1.8799948367
 H          6.1061439967        1.6247461284        1.6676517663
 H          3.7379191003       -1.1613934172        1.0408970203
 H          1.3270065869       -0.6466251956        0.9344894588
 H          1.3097417519        3.8849916656        0.7493270671
 H         -0.1470453380        5.8215759267        1.1944611915
 H         -2.5593886851        5.7095146272        0.7882189121
 H         -3.6010733506        3.6308082387       -0.0589687492
 H         -4.0867500405        1.1445878852       -1.0526519266
 H         -6.5096125337       -2.2861611918       -2.8941788583
 H         -8.7974785167       -1.9532901253       -2.0002014330
 H         -8.6628962353       -3.2370395578        0.3747849766
 H        -10.0342696714       -5.1078043206        1.1795677175
 H        -12.3324132990       -4.7035174551        2.0024612677
 H        -13.2288839034       -2.3871281375        2.0359050598
 H        -12.8242332919        2.1180838242        1.3031997901
 H        -11.5727726602        4.1039696830        0.4906268006
 H         -9.3135664774        3.8084609503       -0.4732174069
 H         -8.3064877633        1.5713420840       -0.5979001110
 H         -7.1567128432        0.0690608116        1.3965900660
 H         -4.8948667207       -0.2737348820        0.5282044606
 H         -1.7740587772       -2.3540724669       -1.9133528836
 H          0.3063662662       -1.2069518356       -1.2361432662
 H          2.2050126330        2.8923274475       -1.2871635286
 H          5.4529777394        3.2099687834       -0.5441531452
 H          4.4055934933        3.3979696087       -1.9536687790
 H          5.6277631144        2.1158226073       -1.9067385963
  101
 Etot=        -158.8697696363
 C          5.5173120164       -1.3807987409       -1.8275779243
 C          6.3510370079       -0.6828584260       -0.7963768862
 C          7.7045930338       -0.9559245413       -0.6823305163
 C          8.4881164103       -0.3175055962        0.2734538565
 N          9.8542809114       -0.6157297506        0.3754000287
 C         10.8818491108        0.3051591858        0.3994551021
 C         10.8336715482        1.6866438673        0.2771349911
 C         12.0289741866        2.3789467439        0.3079994062
 C         13.2482686657        1.7197596353        0.4483965209
 C         13.3043554090        0.3436760651        0.5467297344
 C         12.1163752067       -0.3743226344        0.5180254713
 C         11.8065033592       -1.7756028475        0.5733309786
 C         12.5804149288       -2.9209591911        0.7034646475
 C         11.9461668125       -4.1466384130        0.7457933166
 C         10.5577916891       -4.2377489440        0.6746563078
 C          9.7663226695       -3.1126944725        0.5450389668
 C         10.3993758744       -1.8795569744        0.4787506361
 C          7.9081127174        0.6170569663        1.1244128798
 C          6.5624581559        0.9038399916        1.0049539935
 C          5.7753213587        0.2619747200        0.0574131045
 C          4.3331622566        0.5834475290       -0.0369470035
 C          3.3965770361       -0.2722592836        0.5298434696
 C          2.0464151162        0.0089610357        0.4682820890
 C          1.6141308560        1.1617147597       -0.1811547444
 N          0.2497629024        1.4603462466       -0.2590353523
 C         -0.3300505697        2.6743450236        0.0479959671
 C          0.2504989019        3.8305769540        0.5508881058
 C         -0.5750984508        4.9098822055        0.8059522784
 C         -1.9468812063        4.8452515747        0.5781205942
 C         -2.5343355022        3.6876671682        0.1007091963
 C         -1.7266231880        2.5928228899       -0.1638454805
 C         -1.9928845706        1.2565671003       -0.6280518151
 C         -3.1494322362        0.6113357193       -1.0239697059
 C         -3.0692973109       -0.7249960464       -1.4317784222
 C         -4.2455813648       -1.4786570448       -1.8816038034
 O         -4.0948031912       -2.3435820246       -2.7883571732
 C         -5.5363992086       -1.2330210669       -1.3016347786
 C         -6.6741041985       -1.7600467369       -1.9663126349
 C         -7.9336008621       -1.5817826394       -1.4675686529
 C         -8.1209128570       -0.8886542648       -0.2629000881
 N         -9.4242991432       -0.6878660812        0.2562067631
 C        -10.1700486825       -1.7594018101        0.7143482793
 C         -9.6668479672       -3.0605510420        0.7236503624
 C        -10.4413875467       -4.1088539422        1.1822173705
 C        -11.7278598398       -3.8837570959        1.6470819695
 C        -12.2375942361       -2.5962375809        1.6666137234
 C        -11.4687467362       -1.5386243346        1.2103121240
 O        -12.0174125428       -0.2892354815        1.2751089209
 C        -11.2650478169        0.7601100833        0.8299061626
 C        -11.8309634229        2.0225600531        0.8951249814
 C        -11.1269539007        3.1233539969        0.4364261709
 C         -9.8597884976        2.9562531073       -0.1001263158
 C         -9.2863286299        1.7010120641       -0.1685142846
 C         -9.9703859200        0.5822760106        0.3073493751
 C         -7.0068640517       -0.4145248326        0.4411451761
 C         -5.7429510573       -0.5921190212       -0.0582681645
 C         -1.8070649189       -1.3447533767       -1.5328148010
 C         -0.6483871268       -0.7104064013       -1.1513529234
 C         -0.7443915040        0.5912863695       -0.6675494777
 C          2.5497873448        2.0159973345       -0.7585637118
 C          3.9057074926        1.7439117742       -0.6888819192
 C          4.9020761795        2.6721537274       -1.3148812717
 H          4.8571277335       -2.1054136391       -1.3515452060
 H          4.8895276510       -0.6696654022       -2.3618426291
 H          6.1457980567       -1.9064490351       -2.5419884787
 H          8.1676565572       -1.6643447276       -1.3539414892
 H          9.8948673471        2.2046630442        0.1507023316
 H         12.0180845934        3.4552277810        0.2176412277
 H         14.1604993324        2.2971905379        0.4709877033
 H         14.2502555022       -0.1683178147        0.6397740379
 H         13.6552912059       -2.8490621443        0.7742354781
 H         12.5296745172       -5.0498873501        0.8444759887
 H         10.0892624852       -5.2095851437        0.7256567636
 H          8.6902838514       -3.1920843131        0.5086493593
 H          8.5083109069        1.1006148557        1.8800625042
 H          6.1058343613        1.6252583373        1.6672274909
 H          3.7373601083       -1.1618484117        1.0396331356
 H          1.3265108240       -0.6470177430        0.9331445287
 H          1.3103204611        3.8850454408        0.7487831827
 H         -0.1462214908        5.8218546868        1.1944478219
 H         -2.5585687149        5.7100057357        0.7882792878
 H         -3.6006061816        3.6314199469       -0.0589975468
 H         -4.0870871210        1.1443034797       -1.0519249818
 H         -6.5082084365       -2.2877230340       -2.8929729916
 H         -8.7973228353       -1.9560690790       -1.9989110494
 H         -8.6625396501       -3.2368255794        0.3735790410
 H        -10.0339398681       -5.1076522548        1.1785038740
 H        -12.3318013442       -4.7034546142        2.0022247596
 H        -13.2285775391       -2.3872437134        2.0362672219
 H        -12.8241850027        2.1182012222        1.3033792056
 H        -11.5723782046        4.1038624998        0.4909316137
 H         -9.3130540711        3.8083799419       -0.4726313943
 H         -8.3058393228        1.5711586684       -0.5974879240
 H         -7.1567209189        0.0715987802        1.3955531274
 H         -4.8947216567       -0.2722987013        0.5275759177
 H         -1.7749215295       -2.3537502262       -1.9139589535
 H          0.3065918412       -1.2069437250       -1.2360794631
 H          2.2050242476        2.8934321646       -1.2862342664
 H          5.4530841787        3.2102885421       -0.5438933494
 H          4.4055993535        3.3985408732       -1.9533033318
 H          5.6274736888        2.1161557893       -1.9065503923
