 
        ______________________________________
       |                                      |
       |          ===================         |
       |             xTB for sTDA             |
       |          ===================         |
       |               S. Grimme              |
       |        Universitaet Bonn, MCTC       |
       |         2015-19, Version 1.0         |
       |     Wed Apr  3 09:14:55 CEST 2019    |
       |______________________________________|
 
        This code comes without any warranty
        for non-commercial, academia use only.
        Preliminary test version.
        Cite this work as:
        S. Grimme  &  C. Bannwarth, JCP 145 (2016) 054103
        if GBSA is used additionally:
        P. Shushkov, F. März, C. Bannwarth, S. Grimme, unpublished.
 
        with help from
        P. Shushkov, G. Brandenburg, S. Dohm, J. Pisarek,
        F. März, M. Checinski, S. Ehrlich, S. Spicher, 
        P. Pracht, E. Caldeweyher, S. Ehlert, and C. Bannwarth.
 
        usage        :
        xtb4stda <coord_file> [options]
        where <coord_file> is a valid file of TM)
        (*coord, Bohr) or xmol (*xyz, Angstroem)
        format.

        options:
        -chrg <int>   : molecular charge
        -uhf  <int>   : # of unpaired electrons(=2*S)
        -nox          : skip second, extended part in sTDA-xTB
        -pop          : do population analysis
                      : (default for -nox)
        -mowr <real>  : cut MO write above (def.3 Eh)
        -molden       : write formatted molden file
        -parx <file>  : read parameters for sTDA-xTB
                        calc (def:~/.param_stda2.xtb)
        -parv <file>  : read parameters for vTB part in
                        sTDA-xTB (def: ~/.param_stda1.xtb)
        -xtemp <real> : el. temp for xTB (def. 0 K)
        -etemp <real> : el. temp for GFN (def. 300 K)
        -fod          : calculate the FOD and write
                        molden.input file with
                        appropriate occupations
                        for plotting. Def. T=12500 K
 
        -acc <real>   : xTB accuracy (def. 1.0)
        -gbsa [string1] [string2]
                        use GBSA implicit solvent
                        for solvent [string1] and
                        solvation state [string2]=
                        reference, bar1M (default=1M)
        additional GFN/opt/MD/siman options read from
        $XTB4STDAHOME/.xtb4stdarc or $set in input
 
       spin and charge state information can be on:
       <.CHRG> (charge) and <.UHF> (=nalpha-nbeta)
       -uhf and -chrg override the file info.
       useful machine settings:
       setenv MKL_NUM_THREADS <NCORE_ON_YOUR_MACHINE>
       setenv OMP_STACKSIZE 500m
       limit stacksize unlimited
 
       total energies in Eh, gaps/HL energies in eV
       please read REVISION and HOWTO files carefully
 =============================
  # OMP threads =          48
 =============================
 
 xtb4stdahome directory:/home/penavora/Exe_xtb_crest/
 
 argument            1 :--gbsa
 argument            2 :toluene
 
 name of molecule           :
 comment line               :
 number of atoms            :    75
 number of electrons        :   206
 charge                     :  0
 spin                       : 0.0
 first test random number   :  0.6965
 
 -----------------------------------------
      charge density (VTB) calculation
 -----------------------------------------
 
      method parameters     
 k(s)        :  1.8000
 k(p)        :  2.8350
 k(d)        :  2.0860
 k(f)        :  2.0000
 Tscal       :  0.3300
 Gscal       :  0.3910
 fpol        :  1.0000
 Zcnf        :  0.6500
 Zqf         :  0.0000
 kcn         :  0.3000
 kEN1        : -0.5900
 wllscal     :  2.6000
 
 Solvent             : toluene
 GBSA parameter file : /home/penavora/Exe_xtb_crest/.param_gbsa_toluene
 Gsolv ref. state (COSMO-RS): gsolv [1 M gas/solution]
 temperature (mdtemp)       :    298.150000000000     
 dielectric constant        :    7.00000000000000     
 rho                        :   0.867000000000000     
 mass                       :    92.1400000000000     
 surface tension            :    15.5689470637553     
 probe radius               :   0.641644990000000     
 vdW radii scaling          :    1.00000000000000     
 Gshift (Eh)                :   4.228772547061559E-003
 c1                         :    1.59772343000000     
 soset                      :   0.281999450000000     
 HB correction              :  F
 
 doing EN charges ...
 sum q :  0.1554312D-14
 point charge moment (au)
     X       Y       Z   
   0.0612   0.3866   0.0189  total (Debye):    0.996
 
            Z      q(EN)   CN      Cart. coordinates
     1  C   4.0  -0.244   4.101     5.43667     9.43425    -0.62174
     2  C   4.0  -0.023   4.076     5.50255     7.37291     1.40889
     3  C   4.0  -0.244   4.100     5.26663     8.65175     4.00419
     4  C   4.0  -0.244   4.101     8.04858     5.99211     1.21671
     5  C   4.0   0.005   3.248     3.38227     5.45654     1.11093
     6  C   4.0  -0.072   3.189     1.59865     5.58183    -0.81351
     7  C   4.0  -0.068   3.192    -0.28783     3.78810    -1.04426
     8  C   4.0   0.088   3.254    -0.44924     1.81593     0.67642
     9  N   5.0  -0.328   3.372    -2.34122    -0.04140     0.44275
    10  C   4.0   0.200   3.578    -1.99199    -2.60788     0.48935
    11  C   4.0   0.009   3.245     0.45654    -3.82298     0.84682
    12  C   4.0  -0.070   3.186     0.68146    -5.59589     2.78010
    13  C   4.0  -0.071   3.174     2.98097    -6.67815     3.35313
    14  C   4.0  -0.004   3.244     5.15681    -6.00191     2.01956
    15  C   4.0  -0.071   3.165     7.58159    -7.00163     2.63523
    16  C   4.0  -0.071   3.164     9.66816    -6.33114     1.31709
    17  C   4.0  -0.004   3.243     9.51594    -4.61909    -0.75933
    18  C   4.0  -0.072   3.177    11.64108    -3.91129    -2.15426
    19  C   4.0  -0.071   3.135    11.42708    -2.26444    -4.17268
    20  C   4.0  -0.072   3.176     9.09810    -1.29398    -4.85491
    21  C   4.0  -0.004   3.244     6.92345    -1.94298    -3.50922
    22  C   4.0  -0.071   3.168     4.48267    -1.03297    -4.19217
    23  C   4.0  -0.070   3.179     2.40483    -1.64985    -2.83554
    24  C   4.0  -0.002   3.280     2.56613    -3.22306    -0.65316
    25  C   4.0  -0.004   3.343     4.94568    -4.27851    -0.02000
    26  C   4.0  -0.005   3.345     7.12462    -3.61250    -1.42616
    27  N   5.0  -0.200   2.281    -4.14004    -3.81030     0.25701
    28  C   4.0   0.081   3.503    -5.98196    -2.01707     0.03253
    29  C   4.0   0.004   3.209    -8.62415    -2.75145    -0.18546
    30  C   4.0  -0.073   3.194    -9.22263    -5.09124    -1.24128
    31  C   4.0  -0.072   3.142   -11.71105    -5.85109    -1.45793
    32  C   4.0  -0.073   3.143   -13.64112    -4.29251    -0.61898
    33  C   4.0  -0.072   3.144   -13.06226    -1.97914     0.46245
    34  C   4.0  -0.073   3.188   -10.57531    -1.21175     0.68765
    35  C   4.0   0.102   3.455    -4.89577     0.36185     0.13363
    36  C   4.0   0.003   3.210    -6.00847     2.87697    -0.02258
    37  C   4.0  -0.073   3.193    -5.41545     4.73206     1.75126
    38  C   4.0  -0.072   3.144    -6.48072     7.11166     1.57660
    39  C   4.0  -0.074   3.144    -8.14737     7.67209    -0.36228
    40  C   4.0  -0.072   3.143    -8.75206     5.83589    -2.12975
    41  C   4.0  -0.074   3.192    -7.69039     3.45552    -1.96754
    42  C   4.0  -0.068   3.192     1.29974     1.67264     2.62901
    43  C   4.0  -0.072   3.197     3.18441     3.46460     2.82193
    44  H   1.0   0.083   0.999     5.64801     8.62866    -2.50054
    45  H   1.0   0.082   0.999     3.68349    10.50355    -0.53593
    46  H   1.0   0.082   1.000     6.99294    10.74265    -0.31510
    47  H   1.0   0.082   0.999     3.44214     9.58567     4.17368
    48  H   1.0   0.083   1.000     5.43904     7.29058     5.53131
    49  H   1.0   0.082   0.999     6.74477    10.06231     4.23086
    50  H   1.0   0.082   0.999     8.21641     5.05962    -0.60816
    51  H   1.0   0.082   0.999     9.59368     7.33449     1.40877
    52  H   1.0   0.083   1.000     8.24618     4.56807     2.68239
    53  H   1.0   0.077   1.007     1.65549     7.08160    -2.18851
    54  H   1.0   0.076   1.006    -1.63478     3.91507    -2.57296
    55  H   1.0   0.075   1.006    -0.98813    -6.08098     3.85037
    56  H   1.0   0.074   1.005     3.11981    -8.03432     4.87325
    57  H   1.0   0.074   1.005     7.70851    -8.31299     4.19610
    58  H   1.0   0.074   1.005    11.49996    -7.09168     1.80552
    59  H   1.0   0.074   1.005    13.46600    -4.67057    -1.64068
    60  H   1.0   0.074   1.004    13.09231    -1.73930    -5.23164
    61  H   1.0   0.074   1.005     8.94206    -0.02144    -6.44469
    62  H   1.0   0.074   1.005     4.32311     0.15541    -5.84584
    63  H   1.0   0.077   1.007     0.56537    -0.99864    -3.43320
    64  H   1.0   0.076   1.006    -7.69995    -6.29097    -1.87791
    65  H   1.0   0.074   1.004   -12.15009    -7.66582    -2.28590
    66  H   1.0   0.074   1.004   -15.58753    -4.88372    -0.79306
    67  H   1.0   0.074   1.004   -14.55818    -0.76761     1.14521
    68  H   1.0   0.076   1.006   -10.13937     0.57908     1.56465
    69  H   1.0   0.076   1.006    -4.13403     4.29812     3.28138
    70  H   1.0   0.074   1.004    -6.01054     8.53181     2.96591
    71  H   1.0   0.074   1.004    -8.97647     9.53233    -0.49470
    72  H   1.0   0.074   1.004   -10.05198     6.26160    -3.64522
    73  H   1.0   0.075   1.005    -8.15342     2.02044    -3.34484
    74  H   1.0   0.076   1.006     1.17718     0.15610     3.99019
    75  H   1.0   0.076   1.006     4.51885     3.29141     4.35378
 
  Z AO/shell   Hii/eV     exponent
  1     Sat Feb 20 21:38:01 CET 2016    EN: 2.327 GAM: 0.473  GM3: 0.0000
     1s    -13.751157    1.051071
  6     Sat Feb 20 21:38:01 CET 2016    EN: 2.731 GAM: 0.422  GM3: 0.0000
     2s    -19.378245    2.021003
     2p    -11.993376    1.497917
  7     Sat Feb 20 21:38:01 CET 2016    EN: 3.573 GAM: 0.504  GM3: 0.0000
     2s    -21.576984    2.275442
     2p    -16.125120    2.056788
 
 dipole moment of classical point charges (au)
     X       Y       Z   
   0.0612   0.3866   0.0189  total (Debye):    0.996

 
 Nbf   :          204
 T(el) :   300.0
 calculating S/T integrals ...
 cpu time for ints    2.07718000000000     
 Nao   :          204
 making H0...
 making H1...
 cpu time for H      0.274369000000000     
 solving ...
 cpu time for diag   0.715264000000000     
 
 gap (eV)           :   4.245
 Koopmans IP (eV)   :  12.931
 Eel (Eh)           :  -160.626675
 T,E(Fermi),NFOD :    300.000   -10.809  0.000000
 T,E(Fermi),NFOD :    300.000   -10.809  0.000000
 Nfod               :  0.0000
 Nfod/Nel           :  0.0000

          eigenvalues
 #    :          91         92         93         94         95         96         97         98
 occ. :        2.000      2.000      2.000      2.000      2.000      2.000      2.000      2.000
 eps  :       -16.924    -16.342    -16.244    -15.880    -15.616    -15.477    -15.435    -15.335
 #    :          99        100        101        102        103        104        105        106
 occ. :        2.000      2.000      2.000      2.000      2.000      0.000      0.000      0.000
 eps  :       -15.272    -14.661    -14.388    -13.606    -12.933     -8.687     -7.184     -6.804
 #    :         107        108        109        110        111        112        113        114
 occ. :        0.000      0.000      0.000      0.000      0.000      0.000      0.000      0.000
 eps  :        -6.641     -6.257     -6.155     -5.940     -5.416     -5.327     -5.253     -5.138
                            1  SCC done.
 making H1...
 cpu time for H      0.859707000000000     
 solving ...
 cpu time for diag   0.326596000000000     
 
 gap (eV)           :   4.292
 Koopmans IP (eV)   :  13.033
 Eel (Eh)           :  -161.302244
 T,E(Fermi),NFOD :    300.000   -10.887  0.000000
 T,E(Fermi),NFOD :    300.000   -10.887  0.000000
 Nfod               :  0.0000
 Nfod/Nel           :  0.0000

          eigenvalues
 #    :          91         92         93         94         95         96         97         98
 occ. :        2.000      2.000      2.000      2.000      2.000      2.000      2.000      2.000
 eps  :       -16.467    -16.291    -16.034    -15.742    -15.712    -15.587    -15.537    -15.455
 #    :          99        100        101        102        103        104        105        106
 occ. :        2.000      2.000      2.000      2.000      2.000      0.000      0.000      0.000
 eps  :       -15.277    -14.780    -14.560    -13.700    -13.034     -8.741     -7.401     -6.959
 #    :         107        108        109        110        111        112        113        114
 occ. :        0.000      0.000      0.000      0.000      0.000      0.000      0.000      0.000
 eps  :        -6.652     -6.364     -6.250     -6.042     -5.537     -5.503     -5.384     -5.249
                            2  SCC done.
 
 
 Mulliken/CM5 charges    n(s)   n(p)   n(d)   
    1 C  -0.0981 -0.2474   1.100  2.998  0.000
    2 C   0.0275 -0.0038   1.231  2.742  0.000
    3 C  -0.0997 -0.2481   1.103  2.996  0.000
    4 C  -0.0998 -0.2481   1.103  2.996  0.000
    5 C  -0.0069 -0.0191   1.189  2.817  0.000
    6 C  -0.0289 -0.0836   1.138  2.891  0.000
    7 C  -0.0348 -0.0837   1.139  2.896  0.000
    8 C   0.0585  0.1128   1.171  2.771  0.000
    9 N  -0.0647 -0.3092   1.266  3.799  0.000
   10 C   0.0745  0.2218   1.216  2.709  0.000
   11 C   0.0101  0.0136   1.161  2.828  0.000
   12 C  -0.0339 -0.0854   1.141  2.893  0.000
   13 C  -0.0386 -0.0920   1.141  2.898  0.000
   14 C   0.0008 -0.0065   1.166  2.833  0.000
   15 C  -0.0380 -0.0915   1.140  2.898  0.000
   16 C  -0.0292 -0.0828   1.142  2.888  0.000
   17 C  -0.0026 -0.0099   1.165  2.837  0.000
   18 C  -0.0326 -0.0862   1.141  2.891  0.000
   19 C  -0.0273 -0.0834   1.135  2.892  0.000
   20 C  -0.0330 -0.0866   1.141  2.892  0.000
   21 C  -0.0043 -0.0117   1.165  2.839  0.000
   22 C  -0.0278 -0.0814   1.141  2.886  0.000
   23 C  -0.0494 -0.1015   1.142  2.908  0.000
   24 C   0.0022 -0.0007   1.170  2.828  0.000
   25 C  -0.0031 -0.0038   1.173  2.830  0.000
   26 C  -0.0084 -0.0092   1.173  2.835  0.000
   27 N  -0.2657 -0.4455   1.534  3.731  0.000
   28 C  -0.0231  0.0535   1.182  2.841  0.000
   29 C   0.0176  0.0148   1.162  2.821  0.000
   30 C  -0.0441 -0.0955   1.138  2.906  0.000
   31 C  -0.0383 -0.0944   1.138  2.901  0.000
   32 C  -0.0396 -0.0959   1.136  2.904  0.000
   33 C  -0.0343 -0.0905   1.138  2.897  0.000
   34 C  -0.0484 -0.1015   1.141  2.907  0.000
   35 C   0.0071  0.0799   1.198  2.795  0.000
   36 C   0.0057  0.0009   1.164  2.831  0.000
   37 C  -0.0404 -0.0928   1.142  2.898  0.000
   38 C  -0.0272 -0.0836   1.137  2.891  0.000
   39 C  -0.0293 -0.0857   1.136  2.893  0.000
   40 C  -0.0288 -0.0852   1.137  2.892  0.000
   41 C  -0.0369 -0.0905   1.141  2.896  0.000
   42 C  -0.0384 -0.0866   1.138  2.901  0.000
   43 C  -0.0294 -0.0842   1.139  2.890  0.000
   44 H   0.0359  0.0896   0.964  0.000  0.000
   45 H   0.0361  0.0897   0.964  0.000  0.000
   46 H   0.0345  0.0880   0.965  0.000  0.000
   47 H   0.0332  0.0866   0.967  0.000  0.000
   48 H   0.0352  0.0892   0.965  0.000  0.000
   49 H   0.0330  0.0862   0.967  0.000  0.000
   50 H   0.0324  0.0860   0.968  0.000  0.000
   51 H   0.0329  0.0861   0.967  0.000  0.000
   52 H   0.0346  0.0886   0.965  0.000  0.000
   53 H   0.0494  0.1088   0.951  0.000  0.000
   54 H   0.0417  0.1035   0.958  0.000  0.000
   55 H   0.0416  0.1017   0.958  0.000  0.000
   56 H   0.0477  0.1051   0.952  0.000  0.000
   57 H   0.0451  0.1025   0.955  0.000  0.000
   58 H   0.0458  0.1031   0.954  0.000  0.000
   59 H   0.0421  0.0994   0.958  0.000  0.000
   60 H   0.0457  0.1021   0.954  0.000  0.000
   61 H   0.0422  0.0995   0.958  0.000  0.000
   62 H   0.0457  0.1031   0.954  0.000  0.000
   63 H   0.0418  0.1061   0.958  0.000  0.000
   64 H   0.0316  0.0933   0.968  0.000  0.000
   65 H   0.0400  0.0965   0.960  0.000  0.000
   66 H   0.0418  0.0981   0.958  0.000  0.000
   67 H   0.0432  0.0996   0.957  0.000  0.000
   68 H   0.0382  0.0985   0.962  0.000  0.000
   69 H   0.0380  0.0987   0.962  0.000  0.000
   70 H   0.0443  0.1008   0.956  0.000  0.000
   71 H   0.0433  0.0998   0.957  0.000  0.000
   72 H   0.0437  0.1002   0.956  0.000  0.000
   73 H   0.0351  0.0940   0.965  0.000  0.000
   74 H   0.0384  0.1006   0.962  0.000  0.000
   75 H   0.0467  0.1056   0.953  0.000  0.000
 Hirshfeld charges for QMDFF written to <charges>
 
 Loewdin charges    n(s)   n(p)   n(d)
    1 C  -0.1032   1.029  3.074  0.000
    2 C   0.0414   1.189  2.769  0.000
    3 C  -0.1051   1.033  3.073  0.000
    4 C  -0.1053   1.033  3.073  0.000
    5 C  -0.0035   1.148  2.855  0.000
    6 C  -0.0244   1.085  2.939  0.000
    7 C  -0.0315   1.086  2.946  0.000
    8 C   0.0558   1.133  2.811  0.000
    9 N  -0.0177   1.222  3.796  0.000
   10 C   0.0577   1.190  2.752  0.000
   11 C   0.0096   1.120  2.870  0.000
   12 C  -0.0274   1.087  2.941  0.000
   13 C  -0.0333   1.087  2.946  0.000
   14 C   0.0061   1.122  2.872  0.000
   15 C  -0.0321   1.087  2.945  0.000
   16 C  -0.0233   1.088  2.935  0.000
   17 C   0.0026   1.122  2.876  0.000
   18 C  -0.0276   1.088  2.940  0.000
   19 C  -0.0188   1.080  2.939  0.000
   20 C  -0.0280   1.088  2.940  0.000
   21 C   0.0007   1.121  2.878  0.000
   22 C  -0.0222   1.088  2.934  0.000
   23 C  -0.0439   1.088  2.956  0.000
   24 C   0.0049   1.127  2.868  0.000
   25 C  -0.0036   1.131  2.872  0.000
   26 C  -0.0089   1.132  2.877  0.000
   27 N  -0.2492   1.502  3.747  0.000
   28 C  -0.0339   1.150  2.884  0.000
   29 C   0.0227   1.118  2.860  0.000
   30 C  -0.0399   1.085  2.954  0.000
   31 C  -0.0296   1.082  2.947  0.000
   32 C  -0.0326   1.081  2.951  0.000
   33 C  -0.0257   1.082  2.943  0.000
   34 C  -0.0437   1.088  2.956  0.000
   35 C  -0.0064   1.166  2.840  0.000
   36 C   0.0119   1.119  2.869  0.000
   37 C  -0.0357   1.089  2.947  0.000
   38 C  -0.0192   1.082  2.937  0.000
   39 C  -0.0220   1.082  2.940  0.000
   40 C  -0.0207   1.082  2.939  0.000
   41 C  -0.0321   1.088  2.945  0.000
   42 C  -0.0353   1.085  2.950  0.000
   43 C  -0.0247   1.086  2.939  0.000
   44 H   0.0359   0.964  0.000  0.000
   45 H   0.0361   0.964  0.000  0.000
   46 H   0.0349   0.965  0.000  0.000
   47 H   0.0331   0.967  0.000  0.000
   48 H   0.0356   0.964  0.000  0.000
   49 H   0.0333   0.967  0.000  0.000
   50 H   0.0325   0.967  0.000  0.000
   51 H   0.0331   0.967  0.000  0.000
   52 H   0.0351   0.965  0.000  0.000
   53 H   0.0414   0.959  0.000  0.000
   54 H   0.0335   0.966  0.000  0.000
   55 H   0.0334   0.967  0.000  0.000
   56 H   0.0391   0.961  0.000  0.000
   57 H   0.0367   0.963  0.000  0.000
   58 H   0.0373   0.963  0.000  0.000
   59 H   0.0341   0.966  0.000  0.000
   60 H   0.0372   0.963  0.000  0.000
   61 H   0.0341   0.966  0.000  0.000
   62 H   0.0371   0.963  0.000  0.000
   63 H   0.0340   0.966  0.000  0.000
   64 H   0.0246   0.975  0.000  0.000
   65 H   0.0321   0.968  0.000  0.000
   66 H   0.0337   0.966  0.000  0.000
   67 H   0.0348   0.965  0.000  0.000
   68 H   0.0304   0.970  0.000  0.000
   69 H   0.0301   0.970  0.000  0.000
   70 H   0.0357   0.964  0.000  0.000
   71 H   0.0350   0.965  0.000  0.000
   72 H   0.0353   0.965  0.000  0.000
   73 H   0.0277   0.972  0.000  0.000
   74 H   0.0307   0.969  0.000  0.000
   75 H   0.0393   0.961  0.000  0.000
 
 Wiberg/Mayer (AO) data. WBOs > 0.1 written file <wbo>
 largest (>0.05) Wiberg bond orders for each atom
           total WBO             WBO to atom ...
     1  C   3.982    H   46 0.978    H   45 0.978    H   44 0.978    C    2 0.977
     2  C   3.921    C    1 0.977    C    3 0.966    C    4 0.966    C    5 0.939
     3  C   3.981    H   47 0.978    H   49 0.978    H   48 0.976    C    2 0.966
     4  C   3.981    H   50 0.978    H   51 0.978    H   52 0.976    C    2 0.966
     5  C   3.945    C    6 1.396    C   43 1.386    C    2 0.939    C    8 0.107
     6  C   3.972    C    7 1.434    C    5 1.396    H   53 0.942    C   42 0.106
     7  C   3.969    C    6 1.434    C    8 1.388    H   54 0.944    C   43 0.107
     8  C   3.925    C    7 1.388    C   42 1.382    N    9 0.954    C    5 0.107
     9  N   3.551    C   10 1.140    C   35 1.095    C    8 0.954    N   27 0.122
    10  C   3.900    N   27 1.548    N    9 1.140    C   11 1.010    C   35 0.061
    11  C   3.918    C   12 1.363    C   24 1.284    C   10 1.010    C   14 0.076
    12  C   3.961    C   13 1.456    C   11 1.363    H   55 0.944    C   25 0.058
    13  C   3.937    C   12 1.456    C   14 1.329    H   56 0.941    C   24 0.075    C   16 0.050
    14  C   3.954    C   13 1.329    C   25 1.222    C   15 1.175    C   11 0.076
    15  C   3.969    C   16 1.658    C   14 1.175    H   57 0.942    C   18 0.051
    16  C   3.962    C   15 1.658    C   17 1.172    H   58 0.942    C   13 0.050
    17  C   3.958    C   18 1.340    C   26 1.223    C   16 1.172    C   20 0.082
    18  C   3.935    C   19 1.435    C   17 1.340    H   59 0.945    C   21 0.081    C   15 0.051
    19  C   3.966    C   20 1.436    C   18 1.435    H   60 0.944    C   26 0.062
    20  C   3.935    C   19 1.436    C   21 1.339    H   61 0.945    C   17 0.082    C   23 0.051
    21  C   3.958    C   20 1.339    C   26 1.224    C   22 1.173    C   18 0.081
    22  C   3.964    C   23 1.656    C   21 1.173    H   62 0.941
    23  C   3.970    C   22 1.656    C   24 1.178    H   63 0.940    C   20 0.051
    24  C   3.953    C   11 1.284    C   25 1.228    C   23 1.178    C   13 0.075
    25  C   3.955    C   24 1.228    C   14 1.222    C   26 1.217    C   12 0.058
    26  C   3.956    C   21 1.224    C   17 1.223    C   25 1.217    C   19 0.062
    27  N   3.041    C   10 1.548    C   28 1.171    N    9 0.122
    28  C   3.929    C   35 1.505    N   27 1.171    C   29 1.032
    29  C   3.957    C   34 1.362    C   30 1.361    C   28 1.032    C   32 0.103
    30  C   3.969    C   31 1.447    C   29 1.361    H   64 0.948    C   33 0.106
    31  C   3.973    C   30 1.447    C   32 1.423    H   65 0.946    C   34 0.106
    32  C   3.968    C   31 1.423    C   33 1.422    H   66 0.947    C   29 0.103
    33  C   3.973    C   34 1.447    C   32 1.422    H   67 0.946    C   30 0.106
    34  C   3.972    C   33 1.447    C   29 1.362    H   68 0.945    C   31 0.106
    35  C   3.899    C   28 1.505    N    9 1.095    C   36 1.012    C   10 0.061
    36  C   3.956    C   37 1.368    C   41 1.363    C   35 1.012    C   39 0.106
    37  C   3.968    C   38 1.440    C   36 1.368    H   69 0.946    C   40 0.107
    38  C   3.972    C   37 1.440    C   39 1.427    H   70 0.945    C   41 0.107
    39  C   3.969    C   38 1.427    C   40 1.423    H   71 0.947    C   36 0.106
    40  C   3.973    C   41 1.444    C   39 1.423    H   72 0.945    C   37 0.107
    41  C   3.971    C   40 1.444    C   36 1.363    H   73 0.947    C   38 0.107
    42  C   3.969    C   43 1.445    C    8 1.382    H   74 0.944    C    6 0.106
    43  C   3.972    C   42 1.445    C    5 1.386    H   75 0.942    C    7 0.107
    44  H   0.999    C    1 0.978
    45  H   0.999    C    1 0.978
    46  H   0.998    C    1 0.978
    47  H   0.999    C    3 0.978
    48  H   0.999    C    3 0.976
    49  H   0.997    C    3 0.978
    50  H   0.999    C    4 0.978
    51  H   0.997    C    4 0.978
    52  H   0.999    C    4 0.976
    53  H   0.996    C    6 0.942
    54  H   0.997    C    7 0.944
    55  H   0.995    C   12 0.944
    56  H   0.992    C   13 0.941
    57  H   0.992    C   15 0.942
    58  H   0.992    C   16 0.942
    59  H   0.994    C   18 0.945
    60  H   0.994    C   19 0.944
    61  H   0.994    C   20 0.945
    62  H   0.992    C   22 0.941
    63  H   0.993    C   23 0.940
    64  H   0.999    C   30 0.948
    65  H   0.997    C   31 0.946
    66  H   0.996    C   32 0.947
    67  H   0.997    C   33 0.946
    68  H   0.999    C   34 0.945
    69  H   0.998    C   37 0.946
    70  H   0.996    C   38 0.945
    71  H   0.995    C   39 0.947
    72  H   0.996    C   40 0.945
    73  H   0.999    C   41 0.947
    74  H   0.997    C   42 0.944
    75  H   0.997    C   43 0.942
 
 --------------------------------------------
          xTB calculation for sTDA...
 --------------------------------------------
 
 reading parameter file /home/penavora/Exe_xtb_crest/.param_stda2.xtb
 
      method parameters     
 k(s)        :  1.6000
 k(p)        :  2.1800
 k(d)        :  1.9500
 k(f)        :  2.0000
 k(R-V)      :  2.2750
 k(R-R)      :  1.7650
 Tscal       :  0.2580
 Gscal       :  1.0000
 fpol        :  1.0000
 Zcnf        :  0.3430
 Zqf         :  0.0000
 kcn         :  2.7000
 Ryd Hsplit  :  0.7000
 lshift(virt):  3.1000
 lshift(OS)  :  0.2000
 wllscaling  :  2.6000
 
 mowrcut     : 3.000
 
  Z AO/shell   Hii/eV     exponent
  1     Sun Feb 14 09:53:25 CET 2016    EN: 2.327 GAM: 0.473  GM3: 0.0000
     1s    -14.339618    1.220000
     2sp    -3.348946    0.600000
  6     Sun Feb 14 09:53:25 CET 2016    EN: 2.731 GAM: 0.422  GM3: 0.0000
     2s    -22.009312    1.565095
     2p    -13.020408    1.596905
     3sp    -3.914040    0.824500
  7     Sun Feb 14 09:53:25 CET 2016    EN: 3.573 GAM: 0.504  GM3: 0.0000
     2s    -25.722000    2.064844
     2p    -18.684912    1.801692
     3sp    -4.344791    0.921400
 
 Nbf   :          504
 T(el) :     0.0
 calculating S/T integrals ...
 cpu time for ints    8.50924100000000     
 Nao   :          504
 making H0...
 making H1...
 cpu time for H      0.729059999999999     
 solving ...
 cpu time for diag    1.06679900000000     
 
 gap (eV)           :   6.256
 Koopmans IP (eV)   :  14.039
 Eel (Eh)           :  -176.105863

          eigenvalues
 #    :          91         92         93         94         95         96         97         98
 occ. :        2.000      2.000      2.000      2.000      2.000      2.000      2.000      2.000
 eps  :       -17.308    -17.062    -16.871    -16.468    -16.229    -16.202    -16.119    -16.079
 #    :          99        100        101        102        103        104        105        106
 occ. :        2.000      2.000      2.000      2.000      2.000      0.000      0.000      0.000
 eps  :       -15.980    -15.607    -15.305    -14.667    -14.041     -7.784     -6.490     -6.438
 #    :         107        108        109        110        111        112        113        114
 occ. :        0.000      0.000      0.000      0.000      0.000      0.000      0.000      0.000
 eps  :        -5.849     -5.837     -5.712     -5.680     -5.639     -5.619     -5.157     -5.111
                            1  SCC done.
 writing mo output ...
 molden style : F
 
speedup 24.63
cpu  time for all   16.08 s
wall time for all    0.65 s
