  76
 Etot=        -121.7301634473
 C         -0.0346585324       -6.6184967700       -1.8959866438
 C          1.1651697797       -5.9290769357       -1.8098418874
 C          1.1746268542       -4.5960550177       -1.4463018470
 C         -0.0214048469       -3.9375783805       -1.1645467255
 C         -0.0138779698       -2.5255188602       -0.7723486176
 N         -1.1883717947       -1.9300125653       -0.5902557794
 C         -1.1923138508       -0.6488973203       -0.2297878587
 C         -2.5096310602       -0.0273003881       -0.0288283846
 C         -2.7038194613        1.3386065280       -0.2064459816
 C         -3.9611003260        1.9033803450       -0.0179956773
 C         -4.1650477100        3.3458464611       -0.2251254416
 C         -5.2989716270        3.8304575160       -0.8759767241
 C         -5.4377118899        5.1975620152       -1.0473083874
 N         -4.5502660967        6.0830386870       -0.6229587919
 C         -3.4743495130        5.6261481291       -0.0025082154
 C         -3.2319040199        4.2812107396        0.2207358593
 C         -5.0236662652        1.0904134649        0.3631763864
 C         -4.8457775693       -0.2781788504        0.5412252615
 C         -5.9770829921       -1.1318230329        0.9362963644
 C         -6.1690211784       -2.3864106376        0.3588633333
 C         -7.2522140026       -3.1484163210        0.7628731630
 N         -8.1249014143       -2.7547378217        1.6768932874
 C         -7.9434715505       -1.5652501039        2.2278520350
 C         -6.8983112517       -0.7186714167        1.8978565463
 C         -3.5870181541       -0.8297878415        0.3346257585
 C          0.0014552315        0.0460758737       -0.0386594705
 C          1.1865034970       -0.6554372048       -0.2567951388
 C          2.5117991137       -0.0439719546       -0.0773823027
 C          2.7164518803        1.3189050789       -0.2650375343
 C          3.9768955508        1.8760012581       -0.0749370395
 C          4.1907162904        3.3180763850       -0.2763406644
 C          3.6118601631        3.9952534989       -1.3490296610
 C          3.8469758312        5.3529807707       -1.4874402666
 N          4.5935429342        6.0562544935       -0.6511857121
 C          5.1437909515        5.4162101864        0.3682629424
 C          4.9798764007        4.0611393094        0.6009135919
 C          5.0336025271        1.0566536895        0.3092048084
 C          4.8485489988       -0.3118433367        0.4816451645
 C          5.9755037202       -1.1735555373        0.8712089924
 C          6.1534769558       -2.4326918776        0.2993556269
 C          7.2318768831       -3.2022871924        0.7019850523
 N          8.1124815259       -2.8121847533        1.6098851552
 C          7.9442903713       -1.6184505712        2.1558473987
 C          6.9051978223       -0.7644755899        1.8264440848
 C          3.5848285436       -0.8544304473        0.2812387712
 N          1.1676199421       -1.9350517886       -0.6216970056
 C         -1.2243958791       -4.6356830604       -1.2581733082
 C         -1.2281845127       -5.9690023502       -1.6205098502
 H         -0.0397437348       -7.6609232248       -2.1788315332
 H          2.0948690273       -6.4339593590       -2.0278846884
 H          2.0992759250       -4.0445559215       -1.3789124298
 H         -1.8889007627        1.9648038842       -0.5368533187
 H         -6.0470499078        3.1532250843       -1.2582823325
 H         -6.3026463901        5.6107948554       -1.5505460618
 H         -2.7743936042        6.3817314954        0.3315946296
 H         -2.3447127825        3.9672890588        0.7489814005
 H         -5.9992816582        1.5266840833        0.5170955894
 H         -5.4974161380       -2.7494767704       -0.4034242796
 H         -7.4369114953       -4.1256331053        0.3349532306
 H         -8.6769454344       -1.2809844408        2.9718244426
 H         -6.7908490826        0.2344458226        2.3924977252
 H         -3.4184668318       -1.8854790885        0.4789430263
 H          0.0090057912        1.0660670203        0.3060411129
 H          1.8970573711        1.9557659536       -0.5624163939
 H          3.0071541951        3.4699775447       -2.0722923957
 H          3.4172279224        5.9117343133       -2.3093068274
 H          5.7454405519        6.0263840493        1.0299731678
 H          5.4396897663        3.5953288896        1.4587048759
 H          6.0190332804        1.4811455173        0.4303053264
 H          5.4746020678       -2.7942959089       -0.4571124915
 H          7.4055931978       -4.1833292616        0.2782266116
 H          8.6835182259       -1.3373336633        2.8953118706
 H          6.8085862685        0.1914182023        2.3176611291
 H          3.4086923927       -1.9086417789        0.4281320499
 H         -2.1446045068       -4.1154162961       -1.0437787951
 H         -2.1632858183       -6.5053505015       -1.6892630971
  76
 Etot=        -121.7301981211
 C         -0.0345963037       -6.6156367259       -1.8954680324
 C          1.1649634437       -5.9264987419       -1.8085514855
 C          1.1745763728       -4.5939934100       -1.4440416456
 C         -0.0214935953       -3.9359275294       -1.1629416092
 C         -0.0138933686       -2.5244038144       -0.7707125807
 N         -1.1881310153       -1.9289781081       -0.5888731193
 C         -1.1917891660       -0.6485842677       -0.2299141583
 C         -2.5088905868       -0.0272979690       -0.0290178076
 C         -2.7035394321        1.3382569805       -0.2062284191
 C         -3.9607271222        1.9027741982       -0.0181233241
 C         -4.1649846201        3.3447592116       -0.2248327779
 C         -5.2988088346        3.8294105024       -0.8750132557
 C         -5.4373815101        5.1964028526       -1.0461819234
 N         -4.5501043448        6.0809883640       -0.6221729387
 C         -3.4744354135        5.6246278836       -0.0026187091
 C         -3.2317134214        4.2798439491        0.2201086688
 C         -5.0228944757        1.0896373400        0.3626992898
 C         -4.8445636221       -0.2787314211        0.5404009545
 C         -5.9756252940       -1.1318663245        0.9355656811
 C         -6.1670600189       -2.3865063074        0.3590602604
 C         -7.2506844112       -3.1477845871        0.7628078768
 N         -8.1230536418       -2.7534888892        1.6757839500
 C         -7.9421280033       -1.5646341998        2.2263020844
 C         -6.8971023832       -0.7182048995        1.8961508087
 C         -3.5857814439       -0.8299886524        0.3340857065
 C          0.0015501200        0.0466489453       -0.0390786364
 C          1.1861161134       -0.6552384931       -0.2569439651
 C          2.5111981237       -0.0441030423       -0.0776453947
 C          2.7163771469        1.3183828216       -0.2650789425
 C          3.9765150174        1.8753621604       -0.0745410263
 C          4.1903318481        3.3168787221       -0.2758745513
 C          3.6108071270        3.9938438324       -1.3478047712
 C          3.8460574166        5.3513672358       -1.4864127493
 N          4.5928537551        6.0539382746       -0.6509829275
 C          5.1434784194        5.4147589431        0.3677388943
 C          4.9794928866        4.0599048261        0.6008055790
 C          5.0326954888        1.0560636666        0.3100136769
 C          4.8473031510       -0.3123066280        0.4815999946
 C          5.9741065663       -1.1735840350        0.8708248171
 C          6.1516169126       -2.4325541048        0.2994703137
 C          7.2304353340       -3.2015808600        0.7015631789
 N          8.1108001645       -2.8111129982        1.6084435752
 C          7.9432598291       -1.6181063731        2.1541799138
 C          6.9042072712       -0.7642315451        1.8250121277
 C          3.5836990447       -0.8546790901        0.2808706412
 N          1.1674319684       -1.9341660437       -0.6203047627
 C         -1.2244376888       -4.6334548687       -1.2571769918
 C         -1.2279384791       -5.9663160514       -1.6203169590
 H         -0.0396045776       -7.6579830977       -2.1788374948
 H          2.0943705252       -6.4320580585       -2.0264791355
 H          2.0994357215       -4.0427743046       -1.3752627350
 H         -1.8888671395        1.9650544793       -0.5369703118
 H         -6.0466267941        3.1516619455       -1.2572833490
 H         -6.3016984921        5.6094399154       -1.5499341931
 H         -2.7744966052        6.3797593132        0.3314295540
 H         -2.3444470257        3.9652873912        0.7482091441
 H         -5.9988764775        1.5259599406        0.5168195002
 H         -5.4944107329       -2.7497532235       -0.4024095585
 H         -7.4353388035       -4.1247910611        0.3352309095
 H         -8.6749813643       -1.2802752687        2.9704374869
 H         -6.7894212458        0.2354731883        2.3900833622
 H         -3.4173644113       -1.8860364588        0.4765388074
 H          0.0091269749        1.0667094002        0.3066694932
 H          1.8973252469        1.9557465727       -0.5632513734
 H          3.0064564702        3.4675623525       -2.0708371763
 H          3.4169061344        5.9095815777       -2.3085214848
 H          5.7450337282        6.0247840858        1.0291706830
 H          5.4394680476        3.5935161794        1.4584755450
 H          6.0185670193        1.4806052881        0.4307364920
 H          5.4717186040       -2.7940334518       -0.4562950114
 H          7.4039490130       -4.1823712725        0.2780147833
 H          8.6820831177       -1.3369865060        2.8936389053
 H          6.8075592856        0.1922279334        2.3156494827
 H          3.4077332825       -1.9093244896        0.4253821724
 H         -2.1448706477       -4.1132913343       -1.0427937262
 H         -2.1626880425       -6.5032288092       -1.6899190908
