 
        ______________________________________
       |                                      |
       |          ===================         |
       |             xTB for sTDA             |
       |          ===================         |
       |               S. Grimme              |
       |        Universitaet Bonn, MCTC       |
       |         2015-19, Version 1.0         |
       |     Wed Apr  3 09:14:55 CEST 2019    |
       |______________________________________|
 
        This code comes without any warranty
        for non-commercial, academia use only.
        Preliminary test version.
        Cite this work as:
        S. Grimme  &  C. Bannwarth, JCP 145 (2016) 054103
        if GBSA is used additionally:
        P. Shushkov, F. März, C. Bannwarth, S. Grimme, unpublished.
 
        with help from
        P. Shushkov, G. Brandenburg, S. Dohm, J. Pisarek,
        F. März, M. Checinski, S. Ehrlich, S. Spicher, 
        P. Pracht, E. Caldeweyher, S. Ehlert, and C. Bannwarth.
 
        usage        :
        xtb4stda <coord_file> [options]
        where <coord_file> is a valid file of TM)
        (*coord, Bohr) or xmol (*xyz, Angstroem)
        format.

        options:
        -chrg <int>   : molecular charge
        -uhf  <int>   : # of unpaired electrons(=2*S)
        -nox          : skip second, extended part in sTDA-xTB
        -pop          : do population analysis
                      : (default for -nox)
        -mowr <real>  : cut MO write above (def.3 Eh)
        -molden       : write formatted molden file
        -parx <file>  : read parameters for sTDA-xTB
                        calc (def:~/.param_stda2.xtb)
        -parv <file>  : read parameters for vTB part in
                        sTDA-xTB (def: ~/.param_stda1.xtb)
        -xtemp <real> : el. temp for xTB (def. 0 K)
        -etemp <real> : el. temp for GFN (def. 300 K)
        -fod          : calculate the FOD and write
                        molden.input file with
                        appropriate occupations
                        for plotting. Def. T=12500 K
 
        -acc <real>   : xTB accuracy (def. 1.0)
        -gbsa [string1] [string2]
                        use GBSA implicit solvent
                        for solvent [string1] and
                        solvation state [string2]=
                        reference, bar1M (default=1M)
        additional GFN/opt/MD/siman options read from
        $XTB4STDAHOME/.xtb4stdarc or $set in input
 
       spin and charge state information can be on:
       <.CHRG> (charge) and <.UHF> (=nalpha-nbeta)
       -uhf and -chrg override the file info.
       useful machine settings:
       setenv MKL_NUM_THREADS <NCORE_ON_YOUR_MACHINE>
       setenv OMP_STACKSIZE 500m
       limit stacksize unlimited
 
       total energies in Eh, gaps/HL energies in eV
       please read REVISION and HOWTO files carefully
 =============================
  # OMP threads =          48
 =============================
 
 xtb4stdahome directory:/home/penavora/Exe_xtb_crest/
 
 
 name of molecule           :
 comment line               :
 number of atoms            :    90
 number of electrons        :   264
 charge                     :  0
 spin                       : 0.0
 first test random number   :  0.9884
 
 -----------------------------------------
      charge density (VTB) calculation
 -----------------------------------------
 
      method parameters     
 k(s)        :  1.8000
 k(p)        :  2.8350
 k(d)        :  2.0860
 k(f)        :  2.0000
 Tscal       :  0.3300
 Gscal       :  0.3910
 fpol        :  1.0000
 Zcnf        :  0.6500
 Zqf         :  0.0000
 kcn         :  0.3000
 kEN1        : -0.5900
 wllscal     :  2.6000
 
     -------------------------
     ! NO SOLVENT MODEL USED !
     -------------------------
 
 doing EN charges ...
 sum q : -0.6328271D-14
 point charge moment (au)
     X       Y       Z   
  -0.0487  -0.4175   0.0201  total (Debye):    1.070
 
            Z      q(EN)   CN      Cart. coordinates
     1  O   6.0  -0.106   1.045    15.64067     5.76634    -0.23678
     2  C   4.0   0.110   3.190    15.06112     3.56326    -0.17875
     3  C   4.0  -0.007   3.347    16.78003     1.33908    -0.12597
     4  C   4.0  -0.068   3.153    19.38978     1.28657    -0.13548
     5  C   4.0  -0.073   3.146    20.58921    -1.04960    -0.07842
     6  C   4.0  -0.073   3.148    19.20169    -3.27215    -0.01389
     7  C   4.0  -0.068   3.153    16.57484    -3.23600    -0.00424
     8  C   4.0  -0.002   3.336    15.37595    -0.91888    -0.06034
     9  C   4.0   0.109   3.405    12.69920    -0.27244    -0.06870
    10  N   5.0  -0.207   2.174    10.75297    -1.78177    -0.02374
    11  C   4.0   0.085   3.330     8.46602    -0.61873    -0.04957
    12  C   4.0  -0.066   3.216     6.26363    -2.09301    -0.04182
    13  C   4.0  -0.003   3.258     3.91381    -0.98262    -0.08034
    14  C   4.0  -0.005   3.240     1.60638    -2.52239    -0.20045
    15  C   4.0  -0.073   3.202    -0.24801    -1.97847    -1.99387
    16  C   4.0  -0.068   3.197    -2.50084    -3.27330    -2.01269
    17  C   4.0   0.089   3.280    -2.98422    -5.14679    -0.21761
    18  N   5.0  -0.312   3.247    -5.35502    -6.29773    -0.14174
    19  C   4.0   0.089   3.268    -5.60440    -8.86177     0.43683
    20  C   4.0  -0.069   3.191    -7.67523    -9.72999     1.81706
    21  C   4.0  -0.072   3.145    -7.91494   -12.26963     2.36905
    22  C   4.0  -0.074   3.143    -6.09775   -13.97869     1.57553
    23  C   4.0  -0.072   3.145    -4.03329   -13.12465     0.21121
    24  C   4.0  -0.069   3.192    -3.78430   -10.59151    -0.36565
    25  C   4.0   0.086   3.281    -7.49699    -4.80177    -0.58988
    26  C   4.0  -0.069   3.189    -9.52763    -5.73763    -1.98096
    27  C   4.0  -0.072   3.146   -11.61408    -4.23212    -2.42892
    28  C   4.0  -0.074   3.145   -11.70950    -1.78481    -1.50489
    29  C   4.0  -0.073   3.150    -9.70024    -0.85185    -0.11068
    30  C   4.0  -0.069   3.196    -7.60755    -2.34074     0.34763
    31  C   4.0  -0.068   3.187    -1.08566    -5.78351     1.49674
    32  C   4.0  -0.072   3.186     1.18089    -4.49340     1.48897
    33  C   4.0  -0.003   3.259     3.69521     1.69921    -0.05457
    34  C   4.0  -0.005   3.242     1.16747     2.85994     0.08855
    35  C   4.0  -0.072   3.186     0.35060     4.56422    -1.73985
    36  C   4.0  -0.068   3.191    -2.08117     5.50338    -1.68855
    37  C   4.0   0.086   3.282    -3.74329     4.80020     0.23152
    38  N   5.0  -0.312   3.246    -6.23415     5.69333     0.22687
    39  C   4.0   0.087   3.277    -7.58058     5.68610    -2.05160
    40  C   4.0  -0.069   3.190    -9.26542     7.62636    -2.63131
    41  C   4.0  -0.072   3.146   -10.60438     7.57428    -4.87182
    42  C   4.0  -0.074   3.143   -10.27820     5.60683    -6.56772
    43  C   4.0  -0.072   3.146    -8.59037     3.68554    -6.00835
    44  C   4.0  -0.070   3.196    -7.24848     3.71559    -3.77079
    45  C   4.0   0.089   3.268    -7.36468     6.48514     2.47613
    46  C   4.0  -0.070   3.194    -5.91014     7.61806     4.36207
    47  C   4.0  -0.072   3.145    -7.01529     8.38893     6.59663
    48  C   4.0  -0.074   3.143    -9.58256     8.06305     6.99112
    49  C   4.0  -0.072   3.146   -11.03880     6.95081     5.12245
    50  C   4.0  -0.070   3.192    -9.94917     6.16060     2.88622
    51  C   4.0  -0.068   3.190    -2.89368     3.17852     2.12739
    52  C   4.0  -0.072   3.199    -0.47815     2.20980     2.03884
    53  C   4.0  -0.066   3.217     5.83038     3.17301    -0.10756
    54  C   4.0   0.086   3.331     8.24509     2.07050    -0.11755
    55  N   5.0  -0.209   2.172    10.30735     3.58650    -0.16511
    56  C   4.0   0.110   3.399    12.47568     2.42512    -0.14107
    57  H   1.0   0.075   1.004    20.45267     3.02667    -0.18636
    58  H   1.0   0.074   1.004    22.62803    -1.13620    -0.08462
    59  H   1.0   0.074   1.004    20.17981    -5.06330     0.02945
    60  H   1.0   0.075   1.004    15.48720    -4.95930     0.04533
    61  H   1.0   0.076   1.006     6.46316    -4.12303    -0.06046
    62  H   1.0   0.076   1.007     0.09871    -0.54121    -3.39915
    63  H   1.0   0.076   1.006    -3.92717    -2.83345    -3.40493
    64  H   1.0   0.076   1.006    -9.08451    -8.39941     2.45734
    65  H   1.0   0.074   1.004    -9.52633   -12.91621     3.44214
    66  H   1.0   0.074   1.004    -6.28933   -15.96083     2.01636
    67  H   1.0   0.074   1.004    -2.61207   -14.44435    -0.42500
    68  H   1.0   0.076   1.006    -2.18515    -9.93443    -1.45107
    69  H   1.0   0.076   1.006    -9.45029    -7.64180    -2.71286
    70  H   1.0   0.074   1.004   -13.17093    -4.97343    -3.52105
    71  H   1.0   0.074   1.004   -13.33792    -0.61158    -1.86815
    72  H   1.0   0.075   1.006    -9.76581     1.04191     0.64235
    73  H   1.0   0.076   1.006    -6.04161    -1.60852     1.43419
    74  H   1.0   0.076   1.006    -1.42171    -7.25811     2.86728
    75  H   1.0   0.075   1.005     2.61000    -4.95461     2.87210
    76  H   1.0   0.075   1.005     1.62057     5.11119    -3.24209
    77  H   1.0   0.076   1.006    -2.72130     6.78273    -3.14466
    78  H   1.0   0.076   1.006    -9.51100     9.16981    -1.31807
    79  H   1.0   0.074   1.004   -11.90296     9.08931    -5.30159
    80  H   1.0   0.074   1.004   -11.33061     5.57324    -8.31470
    81  H   1.0   0.074   1.005    -8.33023     2.13932    -7.31498
    82  H   1.0   0.076   1.007    -5.94853     2.20594    -3.32589
    83  H   1.0   0.076   1.006    -3.91149     7.89705     4.05543
    84  H   1.0   0.074   1.004    -5.86347     9.26706     8.03479
    85  H   1.0   0.074   1.004   -10.44123     8.67355     8.73744
    86  H   1.0   0.074   1.004   -13.04146     6.68129     5.41134
    87  H   1.0   0.076   1.006   -11.10210     5.29005     1.44358
    88  H   1.0   0.076   1.006    -4.15511     2.66233     3.64742
    89  H   1.0   0.076   1.006     0.14774     0.92198     3.49360
    90  H   1.0   0.076   1.006     5.70491     5.20880    -0.09573
 
  Z AO/shell   Hii/eV     exponent
  1     Sat Feb 20 21:38:01 CET 2016    EN: 2.327 GAM: 0.473  GM3: 0.0000
     1s    -13.751157    1.051071
  6     Sat Feb 20 21:38:01 CET 2016    EN: 2.731 GAM: 0.422  GM3: 0.0000
     2s    -19.378245    2.021003
     2p    -11.993376    1.497917
  7     Sat Feb 20 21:38:01 CET 2016    EN: 3.573 GAM: 0.504  GM3: 0.0000
     2s    -21.576984    2.275442
     2p    -16.125120    2.056788
  8     Sat Feb 20 21:38:01 CET 2016    EN: 3.700 GAM: 0.587  GM3: 0.0000
     2s    -21.648843    2.110798
     2p    -17.239740    2.329048
 
 dipole moment of classical point charges (au)
     X       Y       Z   
  -0.0487  -0.4175   0.0201  total (Debye):    1.070

 
 Nbf   :          258
 T(el) :   300.0
 calculating S/T integrals ...
 cpu time for ints    1.45921000000000     
 Nao   :          258
 making H0...
 making H1...
 cpu time for H      0.103462000000000     
 solving ...
 cpu time for diag   0.754383000000000     
 
 gap (eV)           :   2.390
 Koopmans IP (eV)   :  12.944
 Eel (Eh)           :  -208.020186
 T,E(Fermi),NFOD :    300.000   -11.750  0.000000
 T,E(Fermi),NFOD :    300.000   -11.750  0.000000
 Nfod               :  0.0000
 Nfod/Nel           :  0.0000

          eigenvalues
 #    :         120        121        122        123        124        125        126        127
 occ. :        2.000      2.000      2.000      2.000      2.000      2.000      2.000      2.000
 eps  :       -15.625    -15.590    -15.560    -15.546    -15.480    -15.398    -15.392    -15.204
 #    :         128        129        130        131        132        133        134        135
 occ. :        2.000      2.000      2.000      2.000      2.000      0.000      0.000      0.000
 eps  :       -14.907    -14.848    -14.285    -13.069    -12.946    -10.556     -9.597     -6.716
 #    :         136        137        138        139        140        141        142        143
 occ. :        0.000      0.000      0.000      0.000      0.000      0.000      0.000      0.000
 eps  :        -6.493     -6.084     -5.978     -5.730     -5.685     -5.645     -5.521     -5.465
                            1  SCC done.
 making H1...
 cpu time for H      0.900248000000000     
 solving ...
 cpu time for diag   0.387625000000000     
 
 gap (eV)           :   2.685
 Koopmans IP (eV)   :  12.727
 Eel (Eh)           :  -206.894257
 T,E(Fermi),NFOD :    300.000   -11.384  0.000000
 T,E(Fermi),NFOD :    300.000   -11.384  0.000000
 Nfod               :  0.0000
 Nfod/Nel           :  0.0000

          eigenvalues
 #    :         120        121        122        123        124        125        126        127
 occ. :        2.000      2.000      2.000      2.000      2.000      2.000      2.000      2.000
 eps  :       -15.499    -15.471    -15.448    -15.382    -15.330    -15.322    -15.159    -14.853
 #    :         128        129        130        131        132        133        134        135
 occ. :        2.000      2.000      2.000      2.000      2.000      0.000      0.000      0.000
 eps  :       -14.642    -14.269    -13.940    -12.832    -12.728    -10.043     -9.381     -6.692
 #    :         136        137        138        139        140        141        142        143
 occ. :        0.000      0.000      0.000      0.000      0.000      0.000      0.000      0.000
 eps  :        -6.396     -6.013     -5.915     -5.771     -5.617     -5.582     -5.435     -5.368
                            2  SCC done.
 
 
 Mulliken/CM5 charges    n(s)   n(p)   n(d)   
    1 O  -0.1827 -0.2245   1.628  4.555  0.000
    2 C   0.1680  0.2087   1.174  2.658  0.000
    3 C  -0.0271 -0.0287   1.186  2.841  0.000
    4 C  -0.0122 -0.0647   1.145  2.868  0.000
    5 C  -0.0217 -0.0778   1.138  2.883  0.000
    6 C  -0.0172 -0.0732   1.140  2.877  0.000
    7 C  -0.0153 -0.0674   1.142  2.873  0.000
    8 C   0.0035  0.0043   1.171  2.826  0.000
    9 C   0.0449  0.1317   1.203  2.752  0.000
   10 N  -0.1802 -0.3611   1.499  3.681  0.000
   11 C   0.0437  0.1165   1.183  2.773  0.000
   12 C  -0.0267 -0.0705   1.140  2.887  0.000
   13 C   0.0058  0.0001   1.175  2.819  0.000
   14 C  -0.0101 -0.0191   1.163  2.847  0.000
   15 C  -0.0363 -0.0894   1.142  2.895  0.000
   16 C  -0.0426 -0.0913   1.136  2.906  0.000
   17 C   0.0548  0.1104   1.176  2.769  0.000
   18 N  -0.1260 -0.3718   1.222  3.904  0.000
   19 C   0.0539  0.1095   1.176  2.770  0.000
   20 C  -0.0464 -0.0950   1.136  2.910  0.000
   21 C  -0.0345 -0.0906   1.136  2.899  0.000
   22 C  -0.0479 -0.1043   1.133  2.915  0.000
   23 C  -0.0345 -0.0907   1.136  2.899  0.000
   24 C  -0.0465 -0.0952   1.136  2.910  0.000
   25 C   0.0530  0.1073   1.177  2.770  0.000
   26 C  -0.0441 -0.0930   1.137  2.908  0.000
   27 C  -0.0347 -0.0908   1.136  2.899  0.000
   28 C  -0.0458 -0.1024   1.133  2.913  0.000
   29 C  -0.0346 -0.0913   1.137  2.898  0.000
   30 C  -0.0448 -0.0938   1.138  2.907  0.000
   31 C  -0.0428 -0.0916   1.136  2.907  0.000
   32 C  -0.0365 -0.0899   1.141  2.896  0.000
   33 C   0.0059  0.0001   1.174  2.820  0.000
   34 C  -0.0073 -0.0166   1.164  2.843  0.000
   35 C  -0.0353 -0.0890   1.141  2.895  0.000
   36 C  -0.0404 -0.0890   1.137  2.904  0.000
   37 C   0.0543  0.1088   1.176  2.770  0.000
   38 N  -0.1275 -0.3743   1.222  3.905  0.000
   39 C   0.0531  0.1076   1.177  2.770  0.000
   40 C  -0.0443 -0.0933   1.137  2.908  0.000
   41 C  -0.0345 -0.0906   1.136  2.899  0.000
   42 C  -0.0467 -0.1032   1.133  2.914  0.000
   43 C  -0.0340 -0.0902   1.136  2.898  0.000
   44 C  -0.0457 -0.0947   1.137  2.908  0.000
   45 C   0.0533  0.1089   1.176  2.770  0.000
   46 C  -0.0474 -0.0960   1.136  2.912  0.000
   47 C  -0.0345 -0.0906   1.136  2.898  0.000
   48 C  -0.0487 -0.1051   1.133  2.916  0.000
   49 C  -0.0353 -0.0915   1.136  2.899  0.000
   50 C  -0.0491 -0.0984   1.136  2.913  0.000
   51 C  -0.0400 -0.0893   1.137  2.903  0.000
   52 C  -0.0347 -0.0878   1.141  2.894  0.000
   53 C  -0.0264 -0.0702   1.142  2.884  0.000
   54 C   0.0459  0.1193   1.180  2.774  0.000
   55 N  -0.1643 -0.3444   1.501  3.663  0.000
   56 C   0.0313  0.1205   1.217  2.752  0.000
   57 H   0.0496  0.1079   0.950  0.000  0.000
   58 H   0.0454  0.1020   0.955  0.000  0.000
   59 H   0.0465  0.1031   0.953  0.000  0.000
   60 H   0.0483  0.1066   0.952  0.000  0.000
   61 H   0.0452  0.1070   0.955  0.000  0.000
   62 H   0.0449  0.1054   0.955  0.000  0.000
   63 H   0.0412  0.1032   0.959  0.000  0.000
   64 H   0.0380  0.0998   0.962  0.000  0.000
   65 H   0.0414  0.0980   0.959  0.000  0.000
   66 H   0.0381  0.0947   0.962  0.000  0.000
   67 H   0.0414  0.0980   0.959  0.000  0.000
   68 H   0.0376  0.0993   0.962  0.000  0.000
   69 H   0.0376  0.0990   0.962  0.000  0.000
   70 H   0.0412  0.0977   0.959  0.000  0.000
   71 H   0.0385  0.0951   0.961  0.000  0.000
   72 H   0.0457  0.1052   0.954  0.000  0.000
   73 H   0.0391  0.1017   0.961  0.000  0.000
   74 H   0.0410  0.1024   0.959  0.000  0.000
   75 H   0.0429  0.1010   0.957  0.000  0.000
   76 H   0.0429  0.1009   0.957  0.000  0.000
   77 H   0.0408  0.1022   0.959  0.000  0.000
   78 H   0.0383  0.0997   0.962  0.000  0.000
   79 H   0.0415  0.0981   0.958  0.000  0.000
   80 H   0.0383  0.0948   0.962  0.000  0.000
   81 H   0.0418  0.0984   0.958  0.000  0.000
   82 H   0.0390  0.1018   0.961  0.000  0.000
   83 H   0.0379  0.0998   0.962  0.000  0.000
   84 H   0.0416  0.0982   0.958  0.000  0.000
   85 H   0.0381  0.0946   0.962  0.000  0.000
   86 H   0.0413  0.0978   0.959  0.000  0.000
   87 H   0.0385  0.1005   0.961  0.000  0.000
   88 H   0.0414  0.1030   0.959  0.000  0.000
   89 H   0.0439  0.1034   0.956  0.000  0.000
   90 H   0.0469  0.1087   0.953  0.000  0.000
 Hirshfeld charges for QMDFF written to <charges>
 
 Loewdin charges    n(s)   n(p)   n(d)
    1 O  -0.1656   1.596  4.570  0.000
    2 C   0.1564   1.140  2.703  0.000
    3 C  -0.0287   1.146  2.883  0.000
    4 C  -0.0051   1.090  2.915  0.000
    5 C  -0.0134   1.084  2.930  0.000
    6 C  -0.0075   1.085  2.923  0.000
    7 C  -0.0100   1.088  2.922  0.000
    8 C   0.0062   1.129  2.865  0.000
    9 C   0.0391   1.169  2.792  0.000
   10 N  -0.1602   1.465  3.695  0.000
   11 C   0.0377   1.148  2.814  0.000
   12 C  -0.0264   1.089  2.938  0.000
   13 C   0.0116   1.132  2.856  0.000
   14 C  -0.0062   1.119  2.887  0.000
   15 C  -0.0303   1.088  2.942  0.000
   16 C  -0.0404   1.084  2.956  0.000
   17 C   0.0527   1.139  2.808  0.000
   18 N  -0.0883   1.182  3.907  0.000
   19 C   0.0519   1.139  2.809  0.000
   20 C  -0.0445   1.084  2.961  0.000
   21 C  -0.0255   1.081  2.945  0.000
   22 C  -0.0421   1.079  2.963  0.000
   23 C  -0.0255   1.081  2.945  0.000
   24 C  -0.0446   1.084  2.961  0.000
   25 C   0.0513   1.140  2.809  0.000
   26 C  -0.0420   1.084  2.958  0.000
   27 C  -0.0257   1.081  2.945  0.000
   28 C  -0.0398   1.079  2.961  0.000
   29 C  -0.0264   1.082  2.944  0.000
   30 C  -0.0428   1.086  2.957  0.000
   31 C  -0.0405   1.084  2.957  0.000
   32 C  -0.0303   1.087  2.943  0.000
   33 C   0.0107   1.131  2.859  0.000
   34 C  -0.0029   1.121  2.882  0.000
   35 C  -0.0292   1.087  2.942  0.000
   36 C  -0.0378   1.084  2.953  0.000
   37 C   0.0523   1.139  2.809  0.000
   38 N  -0.0900   1.182  3.908  0.000
   39 C   0.0513   1.140  2.809  0.000
   40 C  -0.0422   1.084  2.958  0.000
   41 C  -0.0255   1.081  2.945  0.000
   42 C  -0.0408   1.079  2.962  0.000
   43 C  -0.0250   1.081  2.944  0.000
   44 C  -0.0440   1.085  2.959  0.000
   45 C   0.0513   1.139  2.810  0.000
   46 C  -0.0456   1.084  2.962  0.000
   47 C  -0.0254   1.081  2.945  0.000
   48 C  -0.0430   1.079  2.964  0.000
   49 C  -0.0263   1.081  2.946  0.000
   50 C  -0.0477   1.085  2.963  0.000
   51 C  -0.0375   1.085  2.953  0.000
   52 C  -0.0288   1.087  2.942  0.000
   53 C  -0.0251   1.091  2.934  0.000
   54 C   0.0382   1.145  2.816  0.000
   55 N  -0.1411   1.466  3.675  0.000
   56 C   0.0173   1.186  2.796  0.000
   57 H   0.0396   0.960  0.000  0.000
   58 H   0.0367   0.963  0.000  0.000
   59 H   0.0376   0.962  0.000  0.000
   60 H   0.0385   0.962  0.000  0.000
   61 H   0.0360   0.964  0.000  0.000
   62 H   0.0365   0.963  0.000  0.000
   63 H   0.0332   0.967  0.000  0.000
   64 H   0.0302   0.970  0.000  0.000
   65 H   0.0336   0.966  0.000  0.000
   66 H   0.0310   0.969  0.000  0.000
   67 H   0.0336   0.966  0.000  0.000
   68 H   0.0299   0.970  0.000  0.000
   69 H   0.0299   0.970  0.000  0.000
   70 H   0.0334   0.967  0.000  0.000
   71 H   0.0313   0.969  0.000  0.000
   72 H   0.0379   0.962  0.000  0.000
   73 H   0.0313   0.969  0.000  0.000
   74 H   0.0330   0.967  0.000  0.000
   75 H   0.0348   0.965  0.000  0.000
   76 H   0.0347   0.965  0.000  0.000
   77 H   0.0326   0.967  0.000  0.000
   78 H   0.0305   0.970  0.000  0.000
   79 H   0.0337   0.966  0.000  0.000
   80 H   0.0311   0.969  0.000  0.000
   81 H   0.0339   0.966  0.000  0.000
   82 H   0.0314   0.969  0.000  0.000
   83 H   0.0301   0.970  0.000  0.000
   84 H   0.0338   0.966  0.000  0.000
   85 H   0.0310   0.969  0.000  0.000
   86 H   0.0335   0.967  0.000  0.000
   87 H   0.0315   0.969  0.000  0.000
   88 H   0.0335   0.966  0.000  0.000
   89 H   0.0355   0.965  0.000  0.000
   90 H   0.0374   0.963  0.000  0.000
 
 Wiberg/Mayer (AO) data. WBOs > 0.1 written file <wbo>
 largest (>0.05) Wiberg bond orders for each atom
           total WBO             WBO to atom ...
     1  O   2.198    C    2 1.863    C   56 0.065    C    3 0.062
     2  C   3.910    O    1 1.863    C    3 0.974    C   56 0.951
     3  C   3.944    C    4 1.407    C    8 1.271    C    2 0.974    C    6 0.097    O    1 0.062
     4  C   3.968    C    3 1.407    C    5 1.407    H   57 0.945    C    7 0.091
     5  C   3.961    C    6 1.436    C    4 1.407    H   58 0.945    C    8 0.096
     6  C   3.967    C    5 1.436    C    7 1.409    H   59 0.946    C    3 0.097
     7  C   3.966    C    6 1.409    C    8 1.399    H   60 0.945    C    4 0.091
     8  C   3.954    C    7 1.399    C    3 1.271    C    9 1.034    C    5 0.096
     9  C   3.931    N   10 1.512    C   56 1.144    C    8 1.034
    10  N   3.088    C    9 1.512    C   11 1.212    N   55 0.096
    11  C   3.936    C   12 1.297    N   10 1.212    C   54 1.193    C   33 0.062    C   56 0.054
    12  C   3.956    C   13 1.478    C   11 1.297    H   61 0.940    C   53 0.095
    13  C   3.941    C   12 1.478    C   33 1.218    C   14 0.999    C   54 0.061
    14  C   3.953    C   32 1.371    C   15 1.356    C   13 0.999    C   17 0.101
    15  C   3.966    C   16 1.466    C   14 1.356    H   62 0.942    C   31 0.100
    16  C   3.968    C   15 1.466    C   17 1.355    H   63 0.944    C   32 0.099
    17  C   3.929    C   31 1.368    C   16 1.355    N   18 1.004    C   14 0.101
    18  N   3.351    C   17 1.004    C   19 1.002    C   25 0.990
    19  C   3.935    C   20 1.370    C   24 1.370    N   18 1.002    C   22 0.105
    20  C   3.971    C   21 1.444    C   19 1.370    H   64 0.946    C   23 0.107
    21  C   3.974    C   20 1.444    C   22 1.424    H   65 0.945    C   24 0.107
    22  C   3.972    C   21 1.424    C   23 1.424    H   66 0.947    C   19 0.105
    23  C   3.974    C   24 1.444    C   22 1.424    H   67 0.945    C   20 0.107
    24  C   3.971    C   23 1.444    C   19 1.370    H   68 0.946    C   21 0.107
    25  C   3.934    C   26 1.375    C   30 1.371    N   18 0.990    C   28 0.107
    26  C   3.971    C   27 1.441    C   25 1.375    H   69 0.947    C   29 0.107
    27  C   3.974    C   26 1.441    C   28 1.426    H   70 0.945    C   30 0.107
    28  C   3.972    C   27 1.426    C   29 1.423    H   71 0.947    C   25 0.107
    29  C   3.973    C   30 1.444    C   28 1.423    H   72 0.942    C   26 0.107
    30  C   3.970    C   29 1.444    C   25 1.371    H   73 0.945    C   27 0.107
    31  C   3.968    C   32 1.451    C   17 1.368    H   74 0.944    C   15 0.100
    32  C   3.965    C   31 1.451    C   14 1.371    H   75 0.944    C   16 0.099
    33  C   3.941    C   53 1.491    C   13 1.218    C   34 0.987    C   11 0.062
    34  C   3.953    C   35 1.373    C   52 1.367    C   33 0.987    C   37 0.102
    35  C   3.966    C   36 1.450    C   34 1.373    H   76 0.944    C   51 0.101
    36  C   3.968    C   35 1.450    C   37 1.371    H   77 0.945    C   52 0.102
    37  C   3.930    C   36 1.371    C   51 1.364    N   38 0.993    C   34 0.102
    38  N   3.347    C   45 1.005    C   39 0.995    C   37 0.993
    39  C   3.934    C   40 1.373    C   44 1.371    N   38 0.995    C   42 0.106
    40  C   3.971    C   41 1.442    C   39 1.373    H   78 0.946    C   43 0.107
    41  C   3.974    C   40 1.442    C   42 1.425    H   79 0.945    C   44 0.107
    42  C   3.972    C   41 1.425    C   43 1.424    H   80 0.947    C   39 0.106
    43  C   3.974    C   44 1.444    C   42 1.424    H   81 0.945    C   40 0.107
    44  C   3.971    C   43 1.444    C   39 1.371    H   82 0.945    C   41 0.107
    45  C   3.935    C   50 1.368    C   46 1.368    N   38 1.005    C   48 0.105
    46  C   3.971    C   47 1.446    C   45 1.368    H   83 0.946    C   49 0.106
    47  C   3.974    C   46 1.446    C   48 1.423    H   84 0.945    C   50 0.106
    48  C   3.972    C   49 1.424    C   47 1.423    H   85 0.947    C   45 0.105
    49  C   3.974    C   50 1.444    C   48 1.424    H   86 0.945    C   46 0.106
    50  C   3.971    C   49 1.444    C   45 1.368    H   87 0.944    C   47 0.106
    51  C   3.968    C   52 1.457    C   37 1.364    H   88 0.944    C   35 0.101
    52  C   3.967    C   51 1.457    C   34 1.367    H   89 0.943    C   36 0.102
    53  C   3.957    C   33 1.491    C   54 1.285    H   90 0.940    C   12 0.095
    54  C   3.934    C   53 1.285    N   55 1.221    C   11 1.193    C   13 0.061
    55  N   3.092    C   56 1.532    C   54 1.221    N   10 0.096
    56  C   3.918    N   55 1.532    C    9 1.144    C    2 0.951    O    1 0.065    C   11 0.054
    57  H   0.996    C    4 0.945
    58  H   0.996    C    5 0.945
    59  H   0.994    C    6 0.946
    60  H   0.996    C    7 0.945
    61  H   0.996    C   12 0.940
    62  H   0.997    C   15 0.942
    63  H   0.996    C   16 0.944
    64  H   0.999    C   20 0.946
    65  H   0.997    C   21 0.945
    66  H   0.998    C   22 0.947
    67  H   0.997    C   23 0.945
    68  H   0.999    C   24 0.946
    69  H   0.999    C   26 0.947
    70  H   0.997    C   27 0.945
    71  H   0.998    C   28 0.947
    72  H   0.997    C   29 0.942
    73  H   0.998    C   30 0.945
    74  H   0.997    C   31 0.944
    75  H   0.997    C   32 0.944
    76  H   0.997    C   35 0.944
    77  H   0.997    C   36 0.945
    78  H   0.999    C   40 0.946
    79  H   0.997    C   41 0.945
    80  H   0.998    C   42 0.947
    81  H   0.997    C   43 0.945
    82  H   0.998    C   44 0.945
    83  H   0.999    C   46 0.946
    84  H   0.997    C   47 0.945
    85  H   0.998    C   48 0.947
    86  H   0.997    C   49 0.945
    87  H   0.999    C   50 0.944
    88  H   0.997    C   51 0.944
    89  H   0.997    C   52 0.943
    90  H   0.996    C   53 0.940
 
 --------------------------------------------
          xTB calculation for sTDA...
 --------------------------------------------
 
 reading parameter file /home/penavora/Exe_xtb_crest/.param_stda2.xtb
 
      method parameters     
 k(s)        :  1.6000
 k(p)        :  2.1800
 k(d)        :  1.9500
 k(f)        :  2.0000
 k(R-V)      :  2.2750
 k(R-R)      :  1.7650
 Tscal       :  0.2580
 Gscal       :  1.0000
 fpol        :  1.0000
 Zcnf        :  0.3430
 Zqf         :  0.0000
 kcn         :  2.7000
 Ryd Hsplit  :  0.7000
 lshift(virt):  3.1000
 lshift(OS)  :  0.2000
 wllscaling  :  2.6000
 
 mowrcut     : 3.000
 
  Z AO/shell   Hii/eV     exponent
  1     Sun Feb 14 09:53:25 CET 2016    EN: 2.327 GAM: 0.473  GM3: 0.0000
     1s    -14.339618    1.220000
     2sp    -3.348946    0.600000
  6     Sun Feb 14 09:53:25 CET 2016    EN: 2.731 GAM: 0.422  GM3: 0.0000
     2s    -22.009312    1.565095
     2p    -13.020408    1.596905
     3sp    -3.914040    0.824500
  7     Sun Feb 14 09:53:25 CET 2016    EN: 3.573 GAM: 0.504  GM3: 0.0000
     2s    -25.722000    2.064844
     2p    -18.684912    1.801692
     3sp    -4.344791    0.921400
  8     Sun Feb 14 09:53:25 CET 2016    EN: 3.700 GAM: 0.587  GM3: 0.0000
     2s    -33.859000    2.418661
     2p    -22.175911    1.973969
     3sp    -4.259392    1.013700
 
 Nbf   :          618
 T(el) :     0.0
 calculating S/T integrals ...
 cpu time for ints    6.68830700000000     
 Nao   :          618
 making H0...
 making H1...
 cpu time for H      1.051999999999964E-002
 solving ...
 cpu time for diag   0.587557000000000     
 
 gap (eV)           :   4.901
 Koopmans IP (eV)   :  13.665
 Eel (Eh)           :  -229.645530

          eigenvalues
 #    :         120        121        122        123        124        125        126        127
 occ. :        2.000      2.000      2.000      2.000      2.000      2.000      2.000      2.000
 eps  :       -16.330    -16.277    -16.254    -16.226    -16.166    -16.157    -16.141    -16.091
 #    :         128        129        130        131        132        133        134        135
 occ. :        2.000      2.000      2.000      2.000      2.000      0.000      0.000      0.000
 eps  :       -15.826    -15.727    -15.513    -13.742    -13.666     -8.764     -8.101     -6.737
 #    :         136        137        138        139        140        141        142        143
 occ. :        0.000      0.000      0.000      0.000      0.000      0.000      0.000      0.000
 eps  :        -6.308     -6.078     -6.009     -5.994     -5.958     -5.916     -5.761     -5.727
                            1  SCC done.
 writing mo output ...
 molden style : F
 
speedup 16.34
cpu  time for all   12.01 s
wall time for all    0.74 s
