  41
 Etot=         -69.9348714851
 C          5.3365576726       -2.8133656533        0.1010181056
 O          3.9573077047       -2.5207740862        0.0854197677
 C          3.5756502355       -1.2299758399        0.0526209581
 C          4.4101709660       -0.1575302599        0.0321397312
 C          3.9190206878        1.1958017637       -0.0034007894
 O          4.6069985662        2.1880743097       -0.0200641527
 O          2.5546560231        1.3668501672       -0.0206976100
 C          1.7084149364        0.3203461271       -0.0015716065
 C          2.1480110953       -1.0097799437        0.0389583610
 C          1.2173765160       -2.0641437145        0.0771579900
 C         -0.1350853263       -1.8345326345        0.0605399401
 C         -0.5754554517       -0.5116099815       -0.0035942057
 C          0.3342280875        0.5686336854       -0.0191085498
 C         -0.4471717454        1.7705412170       -0.0409225126
 C         -0.1220048483        3.1209402926       -0.0781506116
 C         -1.1517054101        4.0390388708       -0.1138017512
 C         -2.4836972793        3.6278364811       -0.1264495931
 C         -2.8285713152        2.2902648003       -0.0895216619
 C         -1.7995870603        1.3616438408       -0.0312840416
 N         -1.8569774866       -0.0205043794       -0.0090105187
 C         -3.0325486591       -0.7895293457        0.0026630407
 C         -4.0236788628       -0.5316526624        0.9442747890
 C         -5.1826731872       -1.2858103666        0.9483623069
 C         -5.3572259530       -2.3032439883        0.0249802898
 C         -4.3688195113       -2.5631671507       -0.9097339232
 C         -3.2104830848       -1.8081551686       -0.9280745054
 H          5.8206518160       -2.3953205234        0.9880872373
 H          5.8327584840       -2.4338332129       -0.7966202889
 H          5.4071731882       -3.8993511813        0.1248834254
 H          5.4831375433       -0.2470174570        0.0419155944
 H          1.6006779479       -3.0705341304        0.1240134340
 H         -0.8373918938       -2.6518520694        0.1075125228
 H          0.9113359526        3.4286364351       -0.0829858972
 H         -0.9269853493        5.0945494724       -0.1412839465
 H         -3.2653387399        4.3718358370       -0.1695941367
 H         -3.8624869361        1.9809235886       -0.1162682242
 H         -3.8735962185        0.2492010544        1.6745910788
 H         -5.9495073658       -1.0825179963        1.6808438052
 H         -6.2618854625       -2.8919617970        0.0334019454
 H         -4.5032777566       -3.3525078612       -1.6341781963
 H         -2.4464458607       -1.9923154951       -1.6684749738
  41
 Etot=         -69.9348714949
 C          5.3365610544       -2.8133666803        0.1010204846
 O          3.9573060902       -2.5207625351        0.0854238254
 C          3.5756392574       -1.2299912191        0.0526195608
 C          4.4101797095       -0.1575321371        0.0321375991
 C          3.9190235684        1.1957837633       -0.0034019502
 O          4.6070138383        2.1881053208       -0.0200942100
 O          2.5546485995        1.3668506646       -0.0206839503
 C          1.7084119584        0.3203498471       -0.0015766363
 C          2.1480143752       -1.0097852520        0.0389608942
 C          1.2173820695       -2.0641421199        0.0771583362
 C         -0.1350906440       -1.8345353036        0.0605406037
 C         -0.5754538482       -0.5116036363       -0.0035873599
 C          0.3342249151        0.5686317896       -0.0191041328
 C         -0.4471727590        1.7705439548       -0.0409143176
 C         -0.1220044979        3.1209384643       -0.0781474455
 C         -1.1517069459        4.0390388329       -0.1137978907
 C         -2.4836903418        3.6278487880       -0.1264478591
 C         -2.8285801216        2.2902560182       -0.0895242672
 C         -1.7995843961        1.3616491233       -0.0312782218
 N         -1.8569805046       -0.0205058728       -0.0090330317
 C         -3.0325493355       -0.7895397027        0.0026647157
 C         -4.0236809506       -0.5316613801        0.9442867801
 C         -5.1826755726       -1.2858219847        0.9483552168
 C         -5.3572224957       -2.3032266859        0.0249694740
 C         -4.3688253106       -2.5631613754       -0.9097433457
 C         -3.2104822667       -1.8081545651       -0.9280720369
 H          5.8206586406       -2.3953117396        0.9880866266
 H          5.8327557641       -2.4338407535       -0.7966239496
 H          5.4071740024       -3.8993517841        0.1248996965
 H          5.4831327372       -0.2470224250        0.0419088496
 H          1.6006770114       -3.0705313820        0.1240158267
 H         -0.8373908200       -2.6518517307        0.1075107887
 H          0.9113388401        3.4286326455       -0.0829800493
 H         -0.9269834731        5.0945518418       -0.1412811423
 H         -3.2653361329        4.3718384146       -0.1695917816
 H         -3.8624861277        1.9809296167       -0.1162665531
 H         -3.8735948324        0.2492052151        1.6745847947
 H         -5.9495133411       -1.0825204364        1.6808500506
 H         -6.2618872048       -2.8919695279        0.0334025961
 H         -4.5032782293       -3.3525173995       -1.6341754560
 H         -2.4464456216       -1.9923156278       -1.6684785057
