  52
 Etot=         -79.2910252447
 O         -2.2013310449       -1.0848387416        2.4759858010
 C         -2.7882161568        0.1634102108        2.1725464184
 C         -3.6027313432        0.1380529354        0.9017161551
 C         -4.9894532484        0.1360668782        0.9477323222
 C         -5.7385000993        0.0924180227       -0.2152125206
 C         -5.1031663196        0.0452094193       -1.4441277365
 C         -3.7215185230        0.0401914762       -1.5041354372
 C         -2.9633962865        0.0857716810       -0.3403206538
 C         -1.4825293152        0.0781913510       -0.4269728131
 C         -0.7766130134        1.2872886328       -0.3887144138
 C         -1.4438364613        2.5374536851       -0.2989524594
 C         -0.7448092811        3.7036864115       -0.2477327898
 C          0.6649492263        3.6926945549       -0.2834988133
 C          1.3416795152        2.5157785090       -0.3746668452
 C          0.6515741382        1.2764138286       -0.4328344487
 C          1.3368357708        0.0583170189       -0.5207783642
 C          2.8184724797        0.0457299215       -0.5359333203
 C          3.5034822956        0.1372027694       -1.7401971224
 C          4.8872792201        0.1262512812       -1.7643545398
 C          5.5947634075        0.0239030138       -0.5797550560
 C          4.9195626089       -0.0676107896        0.6254270091
 C          3.5345889296       -0.0577980384        0.6590139382
 C          2.7825960150       -0.1580555859        1.9612840829
 O          3.6746321697       -0.2238986536        3.0491019260
 C          0.6307383896       -1.1489479788       -0.5834193496
 C          1.2984154500       -2.3980482200       -0.6819722296
 C          0.6018956622       -3.5659679327       -0.7303579165
 C         -0.8075194694       -3.5579928998       -0.6845501615
 C         -1.4865365594       -2.3826041988       -0.5902148032
 C         -0.7979953989       -1.1398263323       -0.5368458526
 H         -1.6801494690       -1.3720911537        1.7157561104
 H         -2.0093274227        0.9389241742        2.0975113204
 H         -3.4284959028        0.3972421623        3.0262133477
 H         -5.4848073261        0.1690871787        1.9071569497
 H         -6.8169955743        0.0936643014       -0.1618733201
 H         -5.6820422975        0.0108014151       -2.3551528719
 H         -3.2153741053        0.0022973154       -2.4581418823
 H         -2.5240461459        2.5422903674       -0.2738857695
 H         -1.2641883272        4.6482333353       -0.1798128897
 H          1.2013993222        4.6290086925       -0.2395188824
 H          2.4212859502        2.5018557261       -0.4057616065
 H          2.9409826640        0.2170649176       -2.6595470434
 H          5.4093167610        0.1978038764       -2.7071546701
 H          6.6745542121        0.0151001363       -0.5921636609
 H          5.4584689719       -0.1471094310        1.5558169398
 H          2.1410940520       -1.0543338813        1.9329135065
 H          2.1197247129        0.7177600959        2.0572508203
 H          3.1645127536       -0.2989460273        3.8611917339
 H          2.3778623592       -2.3984779986       -0.7194957879
 H          1.1221165816       -4.5092655186       -0.8053498128
 H         -1.3433152255       -4.4945681571       -0.7256617296
 H         -2.5666596813       -2.3752289749       -0.5587709088
  52
 Etot=         -79.2910252542
 O         -2.2013295000       -1.0848278098        2.4759900685
 C         -2.7882168321        0.1634166513        2.1725443267
 C         -3.6027304362        0.1380547003        0.9017155330
 C         -4.9894488973        0.1360659790        0.9477337315
 C         -5.7385025298        0.0924143067       -0.2152089039
 C         -5.1031689849        0.0452050949       -1.4441306784
 C         -3.7215140779        0.0401902549       -1.5041344479
 C         -2.9633933607        0.0857725689       -0.3403194157
 C         -1.4825312064        0.0781892492       -0.4269738225
 C         -0.7766164203        1.2872874797       -0.3887163897
 C         -1.4438360703        2.5374526284       -0.2989551638
 C         -0.7448119685        3.7036869895       -0.2477339161
 C          0.6649484852        3.6926951680       -0.2834985975
 C          1.3416802146        2.5157802414       -0.3746667127
 C          0.6515733763        1.2764120623       -0.4328337752
 C          1.3368358293        0.0583184720       -0.5207790488
 C          2.8184734953        0.0457287734       -0.5359350667
 C          3.5034799445        0.1372043848       -1.7401958306
 C          4.8872825525        0.1262543416       -1.7643570232
 C          5.5947654915        0.0239050364       -0.5797521834
 C          4.9195582424       -0.0676090940        0.6254295730
 C          3.5345896256       -0.0578003485        0.6590161407
 C          2.7825974681       -0.1580608432        1.9612823031
 O          3.6746307318       -0.2239129491        3.0490982133
 C          0.6307386300       -1.1489478967       -0.5834214793
 C          1.2984165979       -2.3980464881       -0.6819743375
 C          0.6018973998       -3.5659681994       -0.7303588135
 C         -0.8075198889       -3.5579941510       -0.6845483731
 C         -1.4865351117       -2.3826027098       -0.5902127418
 C         -0.7979981043       -1.1398238736       -0.5368444751
 H         -1.6801438684       -1.3720829162        1.7157620371
 H         -2.0093270670        0.9389334499        2.0975064853
 H         -3.4284957561        0.3972536296        3.0262132394
 H         -5.4848070141        0.1690879504        1.9071582431
 H         -6.8169959070        0.0936598957       -0.1618722616
 H         -5.6820430945        0.0107966932       -2.3551523801
 H         -3.2153753922        0.0022936414       -2.4581430762
 H         -2.5240469733        2.5422897141       -0.2738888434
 H         -1.2641897594        4.6482330239       -0.1798136427
 H          1.2013982039        4.6290092110       -0.2395177669
 H          2.4212857084        2.5018566948       -0.4057613163
 H          2.9409847047        0.2170693091       -2.6595480992
 H          5.4093179069        0.1978086359       -2.7071530562
 H          6.6745544481        0.0151020444       -0.5921615961
 H          5.4584681603       -0.1471124151        1.5558181922
 H          2.1410903312       -1.0543406542        1.9329073917
 H          2.1197233103        0.7177557763        2.0572539694
 H          3.1645089903       -0.2989590303        3.8611922620
 H          2.3778629456       -2.3984772902       -0.7194996456
 H          1.1221181002       -4.5092646038       -0.8053517381
 H         -1.3433137148       -4.4945685336       -0.7256592465
 H         -2.5666593373       -2.3752294631       -0.5587679461
