  75
 Etot=        -113.1596587775
 C          5.4257013081       -4.5435850540       -0.2931394716
 C          6.0623781013       -3.7367656899        0.6414000713
 C          5.6591618894       -2.4298241925        0.8262179211
 C          4.6107292403       -1.9038382216        0.0665139598
 N          4.1828741156       -0.5915906744        0.2537014318
 C          5.1033206382        0.4137963322        0.5590951047
 C          4.7597063009        1.4386297552        1.4435420655
 C          5.6714561852        2.4306077725        1.7440114147
 C          6.9355550476        2.4201668123        1.1708020151
 C          7.2812815018        1.4062241267        0.2915031957
 C          6.3768938699        0.4083802522       -0.0164594774
 C          2.8315524832       -0.2808165608        0.1001727523
 C          1.8638662215       -1.2284682408        0.5778109132
 C          0.5009312542       -0.9477464064        0.4587495129
 C          0.1024144198        0.2255901031       -0.1130930848
 C          1.0704956144        1.1940726314       -0.6024390586
 C          2.4404159546        0.9074534527       -0.4710237603
 C          0.3827714129        2.2732708653       -1.1728482661
 C          0.8345230033        3.4619959723       -1.7963623120
 C         -0.0885805795        4.3641909415       -2.2607209393
 C         -1.4638283760        4.1365319752       -2.1364925448
 C         -1.9307404253        2.9644057605       -1.5233377254
 C         -1.0279362360        2.0562272066       -1.0543203322
 C         -1.3049549286        0.7299537725       -0.3568328853
 C         -2.0564203947       -0.2012247710       -1.2728121851
 C         -1.4871893550       -0.5416913193       -2.4912439546
 C         -2.1369724765       -1.3774703288       -3.3808207173
 C         -3.3837138712       -1.8852191049       -3.0495620966
 C         -3.9674168589       -1.5609167608       -1.8426990394
 C         -3.3148010850       -0.7167363606       -0.9372799707
 N         -3.9086367838       -0.4012170895        0.2716035249
 C         -5.1998022683       -0.9306985070        0.5668392069
 C         -5.3162256883       -2.1551175002        1.2131317349
 C         -6.5714055241       -2.6640780449        1.4976732386
 C         -7.7071520514       -1.9556671178        1.1393910193
 C         -7.5889265362       -0.7346991033        0.4949735409
 C         -6.3372155274       -0.2190307459        0.2068572996
 C         -3.2857680694        0.4071437835        1.2060568973
 C         -3.9100344182        0.6793937098        2.4284384083
 C         -3.2975017190        1.4811403086        3.3690982781
 C         -2.0496417707        2.0278873360        3.1138531690
 C         -1.4278743255        1.7639185093        1.9070324184
 C         -2.0264120024        0.9619934620        0.9466191981
 C          3.9753202934       -2.7197497033       -0.8774617295
 C          4.3820661601       -4.0291409436       -1.0458144440
 H          5.7436003913       -5.5657247280       -0.4322522538
 H          6.8711568086       -4.1340269214        1.2366070979
 H          6.1392219027       -1.8097766499        1.5691022876
 H          3.7786188672        1.4400895788        1.8951477727
 H          5.3972928627        3.2139808713        2.4349799265
 H          7.6442266906        3.1992910226        1.4072520709
 H          8.2600475560        1.3959873797       -0.1650003639
 H          6.6411522702       -0.3724508200       -0.7142597375
 H          2.2014720218       -2.1153133549        1.0880029359
 H         -0.2240792561       -1.6593529252        0.8301027461
 H          3.1773489539        1.6081345299       -0.8361652713
 H          1.8944830702        3.6468410006       -1.8988969388
 H          0.2475139020        5.2761627910       -2.7371849465
 H         -2.1671334071        4.8645818417       -2.5121628028
 H         -2.9951852605        2.7928166526       -1.4278998497
 H         -0.5177730439       -0.1343737082       -2.7396507383
 H         -1.6767711439       -1.6280660576       -4.3245505559
 H         -3.9050688283       -2.5377859965       -3.7341700687
 H         -4.9383863999       -1.9608437850       -1.5938953848
 H         -4.4232852659       -2.6974112134        1.4874835660
 H         -6.6618642448       -3.6155428480        2.0000475153
 H         -8.6849614953       -2.3550977573        1.3627931249
 H         -8.4727486397       -0.1811296609        0.2151205218
 H         -6.2320732846        0.7316857181       -0.2950430294
 H         -4.8818721674        0.2587853118        2.6364126705
 H         -3.7977106869        1.6794796256        4.3054805951
 H         -1.5668428438        2.6565856376        3.8465434581
 H         -0.4577219122        2.1886781438        1.6935733331
 H          3.1782724586       -2.3101088496       -1.4796670108
 H          3.8866848237       -4.6489229365       -1.7787237363
  75
 Etot=        -113.1596942421
 C          5.4244559753       -4.5423266435       -0.2926961870
 C          6.0617832460       -3.7350832203        0.6409127365
 C          5.6589948396       -2.4280802138        0.8250554702
 C          4.6098849767       -1.9026491468        0.0665967762
 N          4.1820749491       -0.5911180222        0.2531686349
 C          5.1021267635        0.4133893354        0.5584890061
 C          4.7581141377        1.4388294219        1.4413978905
 C          5.6699718266        2.4301677614        1.7425910360
 C          6.9342997633        2.4194016778        1.1701611131
 C          7.2801636871        1.4051923297        0.2918241833
 C          6.3760585789        0.4072483071       -0.0159413624
 C          2.8309266209       -0.2802083529        0.0997357200
 C          1.8634692927       -1.2283935112        0.5763318359
 C          0.5007191177       -0.9482085679        0.4573862742
 C          0.1024888972        0.2255801650       -0.1133502535
 C          1.0705978531        1.1938040565       -0.6016089991
 C          2.4399318080        0.9083507871       -0.4701409680
 C          0.3824030532        2.2731081081       -1.1719383135
 C          0.8344677275        3.4610513539       -1.7946046539
 C         -0.0887583998        4.3628859743       -2.2591575380
 C         -1.4635660926        4.1344820269       -2.1350466621
 C         -1.9308878635        2.9627516603       -1.5227949644
 C         -1.0275546366        2.0554227972       -1.0539660003
 C         -1.3046058246        0.7296783611       -0.3566646755
 C         -2.0559290652       -0.2008122573       -1.2722422349
 C         -1.4862651448       -0.5409554235       -2.4900376767
 C         -2.1361768338       -1.3767614606       -3.3792220659
 C         -3.3827486825       -1.8847226146       -3.0481305576
 C         -3.9669903513       -1.5601245889       -1.8417213809
 C         -3.3141894529       -0.7160373153       -0.9369093902
 N         -3.9079044449       -0.4006014969        0.2712727041
 C         -5.1979225660       -0.9297750382        0.5663971957
 C         -5.3146912530       -2.1546072486        1.2129464349
 C         -6.5695790884       -2.6635165827        1.4973746679
 C         -7.7056900382       -1.9550184118        1.1391109239
 C         -7.5873660683       -0.7337684833        0.4943939369
 C         -6.3359093620       -0.2181975177        0.2064825037
 C         -3.2851121757        0.4071331487        1.2053038906
 C         -3.9097457990        0.6790187132        2.4271691591
 C         -3.2969070671        1.4804080153        3.3677675192
 C         -2.0492249695        2.0271664592        3.1123008975
 C         -1.4271549067        1.7634879214        1.9057505241
 C         -2.0258716515        0.9616349557        0.9460563068
 C          3.9729016042       -2.7194085831       -0.8754881876
 C          4.3802116661       -4.0283938109       -1.0441363139
 H          5.7427919387       -5.5640609344       -0.4320538398
 H          6.8711488133       -4.1320382011        1.2352496352
 H          6.1404491580       -1.8072484932        1.5663426690
 H          3.7766330313        1.4405724073        1.8913052807
 H          5.3959627980        3.2135712076        2.4333061763
 H          7.6431727934        3.1979331377        1.4069880370
 H          8.2590502491        1.3947934218       -0.1640925308
 H          6.6408747065       -0.3749982684       -0.7119061286
 H          2.2018801624       -2.1157344246        1.0846966057
 H         -0.2243117764       -1.6600998582        0.8276182374
 H          3.1768769930        1.6097018456       -0.8326746090
 H          1.8940101825        3.6454038122       -1.8970509846
 H          0.2468179670        5.2742618498       -2.7356619736
 H         -2.1664309104        4.8621107838       -2.5106792653
 H         -2.9947370560        2.7904313074       -1.4273539375
 H         -0.5175466678       -0.1334908456       -2.7379387850
 H         -1.6767118947       -1.6276018610       -4.3229860057
 H         -3.9042155869       -2.5369218378       -3.7328147268
 H         -4.9379255034       -1.9600459867       -1.5926093145
 H         -4.4218521027       -2.6969837588        1.4870295646
 H         -6.6602256581       -3.6149479062        1.9996288070
 H         -8.6833308062       -2.3545487312        1.3623686134
 H         -8.4713162874       -0.1805571486        0.2146871734
 H         -6.2306835624        0.7322535051       -0.2954097381
 H         -4.8816301747        0.2582109299        2.6346854670
 H         -3.7970218563        1.6786072209        4.3040755396
 H         -1.5669342009        2.6552450075        3.8455254184
 H         -0.4579440075        2.1883562673        1.6916405971
 H          3.1747913254       -2.3103385320       -1.4759689518
 H          3.8849417299       -4.6484064478       -1.7766747547
