  92
 Etot=        -138.2093080516
 C          6.8350880368       -1.7008819974        0.3948262305
 C          5.5948986339       -0.9260632348       -0.0876602071
 C          6.0115707567        0.4177844018       -0.7147210385
 C          4.8792999426       -1.7405520271       -1.1461991103
 C          5.5664184497       -2.1035749508       -2.2972786872
 C          4.9594932265       -2.7937661445       -3.3288921213
 C          3.6171973333       -3.1138850047       -3.2271907679
 C          2.9128853460       -2.7686471108       -2.0942995458
 C          3.5314079398       -2.1028069142       -1.0304088891
 N          2.8106686502       -1.8130420609        0.1218130971
 C          1.3963190952       -1.8635598062        0.0879848944
 C          0.6910897176       -3.0607823820        0.0400683581
 C         -0.6900748548       -3.0609539594       -0.0517662572
 C         -1.3959689761       -1.8639164837       -0.0947057666
 N         -2.8103597953       -1.8139187539       -0.1272632044
 C         -3.3890719163       -1.1107694520       -1.1721636022
 C         -2.6459974121       -0.8933933881       -2.3394187016
 C         -3.1651996021       -0.1680750329       -3.3880343480
 C         -4.4493785260        0.3424956140       -3.3016420555
 C         -5.2062822961        0.0842646757       -2.1743686808
 C         -4.7067034776       -0.6458824460       -1.1040601673
 C         -5.5937417848       -0.9260154203        0.0899315933
 C         -6.8359151381       -1.6963262178       -0.3946431193
 C         -6.0072665341        0.4152271072        0.7246238649
 C         -4.8777356351       -1.7470092710        1.1431610388
 C         -5.5640004286       -2.1158305476        2.2929117547
 C         -4.9565812169       -2.8120537634        3.3201656288
 C         -3.6145744468       -3.1323977011        3.2154878554
 C         -2.9110880371       -2.7813828369        2.0838599144
 C         -3.5301699919       -2.1094530504        1.0241308229
 C         -0.7144928270       -0.6327010912       -0.0631807816
 N         -1.3563483927        0.5285832969       -0.1545190164
 C         -0.7022772703        1.6873500996       -0.0898922184
 C         -1.4030335617        2.9258609659       -0.2193533288
 C         -2.7851588597        2.9068644338       -0.4648268314
 C         -3.4863776763        4.0759023956       -0.6062217719
 C         -2.8176431784        5.2962614522       -0.5055734995
 C         -1.4637946051        5.3319158610       -0.2705678600
 C         -0.7130110755        4.1566566379       -0.1199958119
 C          0.7115399565        4.1566193252        0.1265227021
 C          1.4621913269        5.3318031803        0.2783473589
 C          2.8160628907        5.2960450574        0.5132018816
 C          3.4849424261        4.0756571756        0.6125654579
 C          2.7838521892        2.9066930029        0.4699171329
 C          1.4017359229        2.9258103088        0.2244085590
 C          0.7012442966        1.6873577167        0.0929530158
 N          1.3556946661        0.5286827211        0.1551753951
 C          0.7142838246       -0.6325835478        0.0604597378
 C          3.3883766131       -1.1149644934        1.1706623126
 C          2.6439360119       -0.9023670738        2.3379146204
 C          3.1624120892       -0.1825034426        3.3906475679
 C          4.4472147146        0.3271758296        3.3084464213
 C          5.2053330262        0.0736749109        2.1809193133
 C          4.7064599086       -0.6507930304        1.1064357196
 H          6.5308468071       -2.6516959941        0.8284864927
 H          7.5149517839       -1.9008848852       -0.4283675415
 H          7.3751824004       -1.1370523214        1.1501198428
 H          6.6683515352        0.2611203164       -1.5660920785
 H          5.1292040160        0.9557883191       -1.0566006136
 H          6.5331443366        1.0376217611        0.0095110646
 H          6.6063005748       -1.8333828706       -2.4010788151
 H          5.5242856693       -3.0637869819       -4.2080589536
 H          3.1148499325       -3.6307432543       -4.0311976014
 H          1.8636752730       -3.0090498062       -2.0361464257
 H          1.2337450975       -3.9927844011        0.0825815508
 H         -1.2322066437       -3.9930774999       -0.0981304101
 H         -1.6506320616       -1.3031261338       -2.4166617893
 H         -2.5685427191       -0.0017666556       -4.2722640868
 H         -4.8634295967        0.9248519661       -4.1105454713
 H         -6.2138710045        0.4695163020       -2.1303627069
 H         -6.5339109703       -2.6455232931       -0.8333761129
 H         -7.3760880268       -1.1278815616       -1.1464076115
 H         -7.5150331814       -1.8991791549        0.4284607570
 H         -6.6626015453        0.2551347976        1.5764762235
 H         -5.1234684874        0.9502382142        1.0675069283
 H         -6.5293441220        1.0394761100        0.0045520500
 H         -6.6035790686       -1.8454517973        2.3992064447
 H         -5.5207345111       -3.0865293447        4.1983609550
 H         -3.1117884220       -3.6539274834        4.0161961154
 H         -1.8620637521       -3.0220185855        2.0235499778
 H         -3.2712511135        1.9469118833       -0.5511470348
 H         -4.5489688131        4.0553921763       -0.7979752888
 H         -3.3671088804        6.2197529205       -0.6172230099
 H         -0.9778519566        6.2927153661       -0.2063284227
 H          0.9761316899        6.2926163153        0.2152133750
 H          3.3654442507        6.2194785089        0.6257420217
 H          4.5475542352        4.0550806078        0.8041986278
 H          3.2700244401        1.9466726944        0.5551594327
 H          1.6481017350       -1.3115381553        2.4119685403
 H          2.5647175099       -0.0198504409        4.2748591961
 H          4.8607836597        0.9051688478        4.1207222657
 H          6.2133762650        0.4580922206        2.1401370602
  92
 Etot=        -138.2093270125
 C          6.8352608254       -1.7008180336        0.3948221679
 C          5.5951350429       -0.9258945024       -0.0877928435
 C          6.0116363287        0.4179351117       -0.7149721306
 C          4.8796501600       -1.7403666397       -1.1461577561
 C          5.5666247321       -2.1035979237       -2.2972264443
 C          4.9593837685       -2.7939536409       -3.3286050069
 C          3.6169123686       -3.1140257109       -3.2267842655
 C          2.9126132237       -2.7683874386       -2.0941046956
 C          3.5314004498       -2.1022480118       -1.0302873736
 N          2.8106792240       -1.8121261953        0.1213334988
 C          1.3963390111       -1.8630018266        0.0884166858
 C          0.6909162323       -3.0610504333        0.0397337844
 C         -0.6899010424       -3.0612227838       -0.0514706356
 C         -1.3959881550       -1.8633552856       -0.0951178218
 N         -2.8103668850       -1.8129900396       -0.1267733768
 C         -3.3889361805       -1.1102720673       -1.1714405231
 C         -2.6456261956       -0.8932308859       -2.3388639681
 C         -3.1648061724       -0.1682069840       -3.3875366819
 C         -4.4491658513        0.3424181756       -3.3012627145
 C         -5.2063886065        0.0843768746       -2.1741019553
 C         -4.7069464743       -0.6456384305       -1.1037051455
 C         -5.5939815822       -0.9258503592        0.0900450063
 C         -6.8360818068       -1.6962873659       -0.3946474960
 C         -6.0073563120        0.4153728977        0.7248410449
 C         -4.8780900857       -1.7468107595        1.1431117980
 C         -5.5642136458       -2.1158332213        2.2928509532
 C         -4.9564777680       -2.8122044104        3.3198801060
 C         -3.6142914776       -3.1324929510        3.2150913411
 C         -2.9108147034       -2.7810836772        2.0836754410
 C         -3.5301647422       -2.1088748306        1.0240124187
 C         -0.7145788625       -0.6312997017       -0.0643710571
 N         -1.3572952128        0.5286015562       -0.1564185026
 C         -0.7026920732        1.6863212951       -0.0907864700
 C         -1.4032924439        2.9250525921       -0.2201662191
 C         -2.7853989274        2.9064928990       -0.4654922704
 C         -3.4865539301        4.0755842446       -0.6065991550
 C         -2.8175097044        5.2959728032       -0.5057660437
 C         -1.4636627729        5.3313804923       -0.2707243236
 C         -0.7128979015        4.1560403811       -0.1201991392
 C          0.7114289515        4.1560011575        0.1267500676
 C          1.4620572942        5.3312648163        0.2785575880
 C          2.8159274685        5.2957524901        0.5134464048
 C          3.4851228400        4.0753351432        0.6129532922
 C          2.7840984639        2.9063178523        0.4705742105
 C          1.4020010906        2.9249990976        0.2252120825
 C          0.7016706833        1.6863264494        0.0937952372
 N          1.3566454209        0.5286967936        0.1570542315
 C          0.7143757780       -0.6311855679        0.0616376605
 C          3.3882513700       -1.1144715735        1.1699380553
 C          2.6435833630       -0.9022192516        2.3373633613
 C          3.1620339523       -0.1826367614        3.3901433458
 C          4.4470018285        0.3271307515        3.3080410296
 C          5.2054370824        0.0738176814        2.1806270701
 C          4.7067073139       -0.6505423336        1.1060674686
 H          6.5310446563       -2.6516324687        0.8285133875
 H          7.5151464058       -1.9007923207       -0.4283476696
 H          7.3752694077       -1.1369169770        1.1500958822
 H          6.6684064380        0.2612625805       -1.5663525504
 H          5.1291256961        0.9557881598       -1.0566268042
 H          6.5331319452        1.0377418107        0.0093025597
 H          6.6064872239       -1.8334582146       -2.4012544352
 H          5.5240402959       -3.0640249240       -4.2078422876
 H          3.1145319291       -3.6308154554       -4.0307954741
 H          1.8633512416       -3.0084249643       -2.0357651509
 H          1.2335331941       -3.9931246883        0.0826280399
 H         -1.2320054968       -3.9934168912       -0.0980907698
 H         -1.6503195237       -1.3030161149       -2.4157973821
 H         -2.5681437971       -0.0018831439       -4.2717391155
 H         -4.8630884931        0.9247863122       -4.1102261196
 H         -6.2139504272        0.4697052180       -2.1303072347
 H         -6.5340884516       -2.6454833352       -0.8334041187
 H         -7.3761681486       -1.1277816549       -1.1463991872
 H         -7.5152281605       -1.8991100173        0.4284291749
 H         -6.6626851248        0.2552775476        1.5767015165
 H         -5.1234192117        0.9502416940        1.0674959906
 H         -6.5293521358        1.0395802451        0.0047136535
 H         -6.6037725098       -1.8455057282        2.3993705421
 H         -5.5204977852       -3.0867279571        4.1981458443
 H         -3.1114731126       -3.6539481143        4.0158094408
 H         -1.8617345786       -3.0213461019        2.0231857816
 H         -3.2711919696        1.9464183775       -0.5515461833
 H         -4.5492230490        4.0553461789       -0.7982638729
 H         -3.3668598881        6.2196117039       -0.6172434567
 H         -0.9776810144        6.2921913957       -0.2062699587
 H          0.9759574606        6.2920899204        0.2152153593
 H          3.3651898150        6.2193326136        0.6258377185
 H          4.5478051380        4.0550291617        0.8045421756
 H          3.2699702406        1.9461748874        0.5555552843
 H          1.6478021744       -1.3114285082        2.4111014463
 H          2.5643354843       -0.0199640110        4.2743279146
 H          4.8604474772        0.9051259821        4.1203795089
 H          6.2134577121        0.4582980844        2.1400590216
