 
        ______________________________________
       |                                      |
       |          ===================         |
       |             xTB for sTDA             |
       |          ===================         |
       |               S. Grimme              |
       |        Universitaet Bonn, MCTC       |
       |         2015-19, Version 1.0         |
       |     Wed Apr  3 09:14:55 CEST 2019    |
       |______________________________________|
 
        This code comes without any warranty
        for non-commercial, academia use only.
        Preliminary test version.
        Cite this work as:
        S. Grimme  &  C. Bannwarth, JCP 145 (2016) 054103
        if GBSA is used additionally:
        P. Shushkov, F. März, C. Bannwarth, S. Grimme, unpublished.
 
        with help from
        P. Shushkov, G. Brandenburg, S. Dohm, J. Pisarek,
        F. März, M. Checinski, S. Ehrlich, S. Spicher, 
        P. Pracht, E. Caldeweyher, S. Ehlert, and C. Bannwarth.
 
        usage        :
        xtb4stda <coord_file> [options]
        where <coord_file> is a valid file of TM)
        (*coord, Bohr) or xmol (*xyz, Angstroem)
        format.

        options:
        -chrg <int>   : molecular charge
        -uhf  <int>   : # of unpaired electrons(=2*S)
        -nox          : skip second, extended part in sTDA-xTB
        -pop          : do population analysis
                      : (default for -nox)
        -mowr <real>  : cut MO write above (def.3 Eh)
        -molden       : write formatted molden file
        -parx <file>  : read parameters for sTDA-xTB
                        calc (def:~/.param_stda2.xtb)
        -parv <file>  : read parameters for vTB part in
                        sTDA-xTB (def: ~/.param_stda1.xtb)
        -xtemp <real> : el. temp for xTB (def. 0 K)
        -etemp <real> : el. temp for GFN (def. 300 K)
        -fod          : calculate the FOD and write
                        molden.input file with
                        appropriate occupations
                        for plotting. Def. T=12500 K
 
        -acc <real>   : xTB accuracy (def. 1.0)
        -gbsa [string1] [string2]
                        use GBSA implicit solvent
                        for solvent [string1] and
                        solvation state [string2]=
                        reference, bar1M (default=1M)
        additional GFN/opt/MD/siman options read from
        $XTB4STDAHOME/.xtb4stdarc or $set in input
 
       spin and charge state information can be on:
       <.CHRG> (charge) and <.UHF> (=nalpha-nbeta)
       -uhf and -chrg override the file info.
       useful machine settings:
       setenv MKL_NUM_THREADS <NCORE_ON_YOUR_MACHINE>
       setenv OMP_STACKSIZE 500m
       limit stacksize unlimited
 
       total energies in Eh, gaps/HL energies in eV
       please read REVISION and HOWTO files carefully
 =============================
  # OMP threads =          48
 =============================
 
 xtb4stdahome directory:/home/penavora/Exe_xtb_crest/
 
 argument            1 :--gbsa
 argument            2 :toluene
 
 name of molecule           :
 comment line               :
 number of atoms            :    34
 number of electrons        :   120
 charge                     :  0
 spin                       : 0.0
 first test random number   :  0.5266
 
 -----------------------------------------
      charge density (VTB) calculation
 -----------------------------------------
 
      method parameters     
 k(s)        :  1.8000
 k(p)        :  2.8350
 k(d)        :  2.0860
 k(f)        :  2.0000
 Tscal       :  0.3300
 Gscal       :  0.3910
 fpol        :  1.0000
 Zcnf        :  0.6500
 Zqf         :  0.0000
 kcn         :  0.3000
 kEN1        : -0.5900
 wllscal     :  2.6000
 
 Solvent             : toluene
 GBSA parameter file : /home/penavora/Exe_xtb_crest/.param_gbsa_toluene
 Gsolv ref. state (COSMO-RS): gsolv [1 M gas/solution]
 temperature (mdtemp)       :    298.150000000000     
 dielectric constant        :    7.00000000000000     
 rho                        :   0.867000000000000     
 mass                       :    92.1400000000000     
 surface tension            :    15.5689470637553     
 probe radius               :   0.641644990000000     
 vdW radii scaling          :    1.00000000000000     
 Gshift (Eh)                :   4.228772547061559E-003
 c1                         :    1.59772343000000     
 soset                      :   0.281999450000000     
 HB correction              :  F
 
 doing EN charges ...
 sum q :  0.3330669D-15
 point charge moment (au)
     X       Y       Z   
  -0.1295  -0.7914   0.0840  total (Debye):    2.049
 
            Z      q(EN)   CN      Cart. coordinates
     1  O   6.0  -0.121   1.250    -1.42667    -4.18683     0.29740
     2  C   4.0   0.197   3.244    -2.67938    -2.25728     0.17800
     3  C   4.0   0.004   3.253    -5.42724    -2.27476    -0.05610
     4  C   4.0  -0.072   3.183    -6.69150    -4.55222    -0.29311
     5  C   4.0  -0.071   3.134    -9.31550    -4.59594    -0.57006
     6  C   4.0  -0.073   3.173   -10.67127    -2.38490    -0.60739
     7  C   4.0  -0.004   3.247    -9.45144    -0.02715    -0.35668
     8  C   4.0  -0.073   3.173   -10.77508     2.28725    -0.35606
     9  C   4.0  -0.071   3.134    -9.51633     4.53590    -0.06511
    10  C   4.0  -0.072   3.185    -6.89490     4.57336     0.24216
    11  C   4.0   0.003   3.250    -5.52758     2.34415     0.23045
    12  C   4.0  -0.005   3.334    -6.78639     0.01706    -0.07618
    13  C   4.0   0.191   3.202    -2.78254     2.44146     0.57335
    14  O   6.0  -0.107   1.076    -1.65567     4.33877     1.14336
    15  N   5.0  -0.301   3.254    -1.49005     0.10468     0.22839
    16  C   4.0   0.143   3.397     1.13081     0.14643     0.11972
    17  N   5.0  -0.231   2.303     2.41373     2.12463    -0.40822
    18  C   4.0   0.059   3.535     4.94710     1.66982    -0.37353
    19  C   4.0  -0.062   3.167     6.83259     3.44197    -0.85900
    20  C   4.0  -0.082   3.231     9.32432     2.69550    -0.75408
    21  C   4.0  -0.067   3.159     9.93853     0.19720    -0.17461
    22  CL  7.0   0.080   1.200    13.09161    -0.67055    -0.06062
    23  C   4.0  -0.087   3.280     8.11285    -1.60597     0.31160
    24  C   4.0  -0.081   3.270     5.60979    -0.84681     0.21664
    25  S   6.0   0.226   2.690     2.89075    -2.64142     0.67716
    26  H   1.0   0.075   1.005    -5.60928    -6.28170    -0.26980
    27  H   1.0   0.074   1.004   -10.26603    -6.39009    -0.75626
    28  H   1.0   0.075   1.005   -12.69991    -2.41998    -0.82254
    29  H   1.0   0.075   1.005   -12.80275     2.25731    -0.58024
    30  H   1.0   0.074   1.004   -10.54324     6.29734    -0.06326
    31  H   1.0   0.075   1.005    -5.89187     6.33317     0.48584
    32  H   1.0   0.076   1.005     6.31392     5.36091    -1.30184
    33  H   1.0   0.076   1.007    10.81768     4.03334    -1.11811
    34  H   1.0   0.077   1.007     8.61385    -3.53004     0.75476
 
  Z AO/shell   Hii/eV     exponent
  1     Sat Feb 20 21:38:01 CET 2016    EN: 2.327 GAM: 0.473  GM3: 0.0000
     1s    -13.751157    1.051071
  6     Sat Feb 20 21:38:01 CET 2016    EN: 2.731 GAM: 0.422  GM3: 0.0000
     2s    -19.378245    2.021003
     2p    -11.993376    1.497917
  7     Sat Feb 20 21:38:01 CET 2016    EN: 3.573 GAM: 0.504  GM3: 0.0000
     2s    -21.576984    2.275442
     2p    -16.125120    2.056788
  8     Sat Feb 20 21:38:01 CET 2016    EN: 3.700 GAM: 0.587  GM3: 0.0000
     2s    -21.648843    2.110798
     2p    -17.239740    2.329048
 16     Sat Feb 20 23:13:41 CET 2016    EN: 1.915 GAM: 0.389  GM3: 0.0000
     3s    -22.000000    2.671470
     3p    -15.834192    1.836978
     3d     -2.593599    1.836978
 17     Sat Feb 20 23:13:41 CET 2016    EN: 2.375 GAM: 0.431  GM3: 0.0000
     3s    -21.000000    2.596786
     3p    -17.375270    2.088291
     3d     -1.372943    2.088291
 
 dipole moment of classical point charges (au)
     X       Y       Z   
  -0.1295  -0.7914   0.0840  total (Debye):    2.049

 
 Nbf   :          121
 T(el) :   300.0
 calculating S/T integrals ...
 cpu time for ints    1.07016100000000     
 Nao   :          119
 making H0...
 making H1...
 cpu time for H      0.147728000000000     
 solving ...
 cpu time for diag   0.450363000000000     
 
 gap (eV)           :   4.297
 Koopmans IP (eV)   :  13.804
 Eel (Eh)           :   -94.546096
 T,E(Fermi),NFOD :    300.000   -11.656  0.000000
 T,E(Fermi),NFOD :    300.000   -11.656  0.000000
 Nfod               :  0.0000
 Nfod/Nel           :  0.0000

          eigenvalues
 #    :          48         49         50         51         52         53         54         55
 occ. :        2.000      2.000      2.000      2.000      2.000      2.000      2.000      2.000
 eps  :       -17.945    -17.452    -17.395    -17.069    -17.040    -16.664    -16.361    -16.243
 #    :          56         57         58         59         60         61         62         63
 occ. :        2.000      2.000      2.000      2.000      2.000      0.000      0.000      0.000
 eps  :       -15.982    -15.338    -14.816    -14.449    -13.806     -9.508     -8.000     -7.810
 #    :          64         65         66         67         68         69         70         71
 occ. :        0.000      0.000      0.000      0.000      0.000      0.000      0.000      0.000
 eps  :        -7.094     -6.524     -5.897     -5.885     -5.700     -5.145     -4.927     -4.764
                            1  SCC done.
 making H1...
 cpu time for H      0.498252000000000     
 solving ...
 cpu time for diag   0.159495000000000     
 
 gap (eV)           :   4.558
 Koopmans IP (eV)   :  14.166
 Eel (Eh)           :   -94.919004
 T,E(Fermi),NFOD :    300.000   -11.887  0.000000
 T,E(Fermi),NFOD :    300.000   -11.887  0.000000
 Nfod               :  0.0000
 Nfod/Nel           :  0.0000

          eigenvalues
 #    :          48         49         50         51         52         53         54         55
 occ. :        2.000      2.000      2.000      2.000      2.000      2.000      2.000      2.000
 eps  :       -17.849    -17.592    -17.321    -16.974    -16.630    -16.299    -15.998    -15.564
 #    :          56         57         58         59         60         61         62         63
 occ. :        2.000      2.000      2.000      2.000      2.000      0.000      0.000      0.000
 eps  :       -15.477    -15.338    -14.948    -14.406    -14.168     -9.609     -8.348     -8.061
 #    :          64         65         66         67         68         69         70         71
 occ. :        0.000      0.000      0.000      0.000      0.000      0.000      0.000      0.000
 eps  :        -7.282     -6.988     -6.181     -6.127     -5.831     -5.243     -5.182     -5.008
                            2  SCC done.
 
 
 Mulliken/CM5 charges    n(s)   n(p)   n(d)   
    1 O  -0.2898 -0.3335   1.621  4.668  0.000
    2 C   0.1985  0.2988   1.184  2.617  0.000
    3 C  -0.0176 -0.0144   1.165  2.853  0.000
    4 C   0.0097 -0.0421   1.149  2.842  0.000
    5 C   0.0023 -0.0538   1.132  2.866  0.000
    6 C   0.0183 -0.0354   1.148  2.834  0.000
    7 C   0.0156  0.0083   1.164  2.821  0.000
    8 C   0.0171 -0.0366   1.148  2.835  0.000
    9 C   0.0003 -0.0558   1.132  2.868  0.000
   10 C   0.0058 -0.0460   1.148  2.846  0.000
   11 C  -0.0202 -0.0170   1.167  2.853  0.000
   12 C  -0.0191 -0.0176   1.178  2.841  0.000
   13 C   0.2083  0.3069   1.181  2.611  0.000
   14 O  -0.2758 -0.3155   1.624  4.652  0.000
   15 N  -0.1068 -0.3227   1.289  3.818  0.000
   16 C   0.0997  0.2675   1.219  2.681  0.000
   17 N  -0.2365 -0.4192   1.493  3.743  0.000
   18 C  -0.0061  0.0629   1.176  2.830  0.000
   19 C  -0.0337 -0.0818   1.137  2.897  0.000
   20 C  -0.0407 -0.0932   1.136  2.905  0.000
   21 C   0.0615  0.0542   1.146  2.793  0.000
   22 CL -0.0480 -0.0501   1.900  5.147  0.001
   23 C  -0.0457 -0.0940   1.135  2.911  0.000
   24 C  -0.0401 -0.0237   1.188  2.852  0.000
   25 S   0.0550  0.0389   1.901  3.990  0.054
   26 H   0.0527  0.1140   0.947  0.000  0.000
   27 H   0.0586  0.1152   0.941  0.000  0.000
   28 H   0.0614  0.1188   0.939  0.000  0.000
   29 H   0.0614  0.1188   0.939  0.000  0.000
   30 H   0.0574  0.1141   0.943  0.000  0.000
   31 H   0.0496  0.1109   0.950  0.000  0.000
   32 H   0.0450  0.1044   0.955  0.000  0.000
   33 H   0.0520  0.1099   0.948  0.000  0.000
   34 H   0.0500  0.1086   0.950  0.000  0.000
 Hirshfeld charges for QMDFF written to <charges>
 
 Loewdin charges    n(s)   n(p)   n(d)
    1 O  -0.2713   1.590  4.681  0.000
    2 C   0.1796   1.156  2.664  0.000
    3 C  -0.0212   1.124  2.897  0.000
    4 C   0.0187   1.094  2.887  0.000
    5 C   0.0089   1.077  2.914  0.000
    6 C   0.0261   1.094  2.880  0.000
    7 C   0.0198   1.120  2.860  0.000
    8 C   0.0248   1.093  2.882  0.000
    9 C   0.0068   1.077  2.916  0.000
   10 C   0.0147   1.094  2.892  0.000
   11 C  -0.0239   1.127  2.897  0.000
   12 C  -0.0153   1.135  2.881  0.000
   13 C   0.1883   1.153  2.659  0.000
   14 O  -0.2600   1.592  4.668  0.000
   15 N  -0.0700   1.250  3.820  0.000
   16 C   0.1018   1.189  2.709  0.000
   17 N  -0.2209   1.460  3.760  0.000
   18 C  -0.0118   1.141  2.871  0.000
   19 C  -0.0287   1.084  2.945  0.000
   20 C  -0.0385   1.083  2.955  0.000
   21 C   0.0825   1.100  2.817  0.000
   22 CL -0.0574   1.890  5.145  0.023
   23 C  -0.0475   1.084  2.963  0.000
   24 C  -0.0156   1.142  2.874  0.000
   25 S   0.0137   1.889  3.989  0.108
   26 H   0.0421   0.958  0.000  0.000
   27 H   0.0481   0.952  0.000  0.000
   28 H   0.0502   0.950  0.000  0.000
   29 H   0.0502   0.950  0.000  0.000
   30 H   0.0472   0.953  0.000  0.000
   31 H   0.0396   0.960  0.000  0.000
   32 H   0.0362   0.964  0.000  0.000
   33 H   0.0427   0.957  0.000  0.000
   34 H   0.0402   0.960  0.000  0.000
 
 Wiberg/Mayer (AO) data. WBOs > 0.1 written file <wbo>
 largest (>0.05) Wiberg bond orders for each atom
           total WBO             WBO to atom ...
     1  O   2.142    C    2 1.728    N   15 0.136    S   25 0.061    C    3 0.051
     2  C   3.898    O    1 1.728    C    3 1.046    N   15 1.005
     3  C   3.953    C    4 1.418    C   12 1.218    C    2 1.046    C    6 0.097    O    1 0.051
     4  C   3.957    C    3 1.418    C    5 1.351    H   26 0.944    C    7 0.060
     5  C   3.971    C    6 1.519    C    4 1.351    H   27 0.942    C   12 0.058
     6  C   3.960    C    5 1.519    C    7 1.257    H   28 0.941    C    3 0.097
     7  C   3.957    C    8 1.258    C    6 1.257    C   12 1.220    C   10 0.061    C    4 0.060
     8  C   3.960    C    9 1.520    C    7 1.258    H   29 0.941    C   11 0.098
     9  C   3.971    C    8 1.520    C   10 1.350    H   30 0.942    C   12 0.058
    10  C   3.958    C   11 1.421    C    9 1.350    H   31 0.945    C    7 0.061
    11  C   3.953    C   10 1.421    C   12 1.222    C   13 1.034    C    8 0.098    O   14 0.056
    12  C   3.956    C   11 1.222    C    7 1.220    C    3 1.218    C    9 0.058    C    5 0.058
    13  C   3.897    O   14 1.798    C   11 1.034    N   15 0.945
    14  O   2.141    C   13 1.798    N   15 0.140    C   11 0.056
    15  N   3.494    C   16 1.059    C    2 1.005    C   13 0.945    O   14 0.140    O    1 0.136    N   17 0.055
    16  C   3.905    N   17 1.638    N   15 1.059    S   25 1.056
    17  N   3.110    C   16 1.638    C   18 1.126    S   25 0.158    N   15 0.055
    18  C   3.945    C   19 1.338    C   24 1.262    N   17 1.126    C   21 0.085
    19  C   3.969    C   20 1.478    C   18 1.338    H   32 0.944    C   23 0.102
    20  C   3.969    C   19 1.478    C   21 1.348    H   33 0.942    C   24 0.087
    21  C   3.935    C   23 1.412    C   20 1.348    CL  22 1.009    C   18 0.085
    22  CL  1.153    C   21 1.009
    23  C   3.968    C   21 1.412    C   24 1.380    H   34 0.943    C   19 0.102
    24  C   3.943    C   23 1.380    C   18 1.262    S   25 1.058    C   20 0.087
    25  S   2.517    C   24 1.058    C   16 1.056    N   17 0.158    O    1 0.061
    26  H   0.994    C    4 0.944
    27  H   0.992    C    5 0.942
    28  H   0.992    C    6 0.941
    29  H   0.992    C    8 0.941
    30  H   0.992    C    9 0.942
    31  H   0.994    C   10 0.945
    32  H   0.998    C   19 0.944
    33  H   0.994    C   20 0.942
    34  H   0.997    C   23 0.943
 
 --------------------------------------------
          xTB calculation for sTDA...
 --------------------------------------------
 
 reading parameter file /home/penavora/Exe_xtb_crest/.param_stda2.xtb
 
      method parameters     
 k(s)        :  1.6000
 k(p)        :  2.1800
 k(d)        :  1.9500
 k(f)        :  2.0000
 k(R-V)      :  2.2750
 k(R-R)      :  1.7650
 Tscal       :  0.2580
 Gscal       :  1.0000
 fpol        :  1.0000
 Zcnf        :  0.3430
 Zqf         :  0.0000
 kcn         :  2.7000
 Ryd Hsplit  :  0.7000
 lshift(virt):  3.1000
 lshift(OS)  :  0.2000
 wllscaling  :  2.6000
 
 mowrcut     : 3.000
 
  Z AO/shell   Hii/eV     exponent
  1     Sun Feb 14 09:53:25 CET 2016    EN: 2.327 GAM: 0.473  GM3: 0.0000
     1s    -14.339618    1.220000
     2sp    -3.348946    0.600000
  6     Sun Feb 14 09:53:25 CET 2016    EN: 2.731 GAM: 0.422  GM3: 0.0000
     2s    -22.009312    1.565095
     2p    -13.020408    1.596905
     3sp    -3.914040    0.824500
  7     Sun Feb 14 09:53:25 CET 2016    EN: 3.573 GAM: 0.504  GM3: 0.0000
     2s    -25.722000    2.064844
     2p    -18.684912    1.801692
     3sp    -4.344791    0.921400
  8     Sun Feb 14 09:53:25 CET 2016    EN: 3.700 GAM: 0.587  GM3: 0.0000
     2s    -33.859000    2.418661
     2p    -22.175911    1.973969
     3sp    -4.259392    1.013700
 16     Sun Feb 21 16:35:57 CET 2016    EN: 1.915 GAM: 0.200  GM3: 0.0000
     3s    -17.898811    2.619580
     3p    -15.317401    1.798798
     4sp    -4.455139    0.843200
 17     Sun Feb 21 16:32:04 CET 2016    EN: 2.375 GAM: 0.300  GM3: 0.0000
     3s    -29.486180    2.293696
     3p    -18.696427    2.332982
     4sp    -5.680125    0.918900
 
 Nbf   :          245
 T(el) :     0.0
 calculating S/T integrals ...
 cpu time for ints    8.30307200000000     
 Nao   :          245
 making H0...
 making H1...
 cpu time for H      0.183250000000001     
 solving ...
 cpu time for diag   0.487401000000000     
 
 gap (eV)           :   6.338
 Koopmans IP (eV)   :  15.104
 Eel (Eh)           :  -106.005381

          eigenvalues
 #    :          48         49         50         51         52         53         54         55
 occ. :        2.000      2.000      2.000      2.000      2.000      2.000      2.000      2.000
 eps  :       -18.871    -18.754    -18.460    -17.914    -17.862    -17.586    -17.510    -16.853
 #    :          56         57         58         59         60         61         62         63
 occ. :        2.000      2.000      2.000      2.000      2.000      0.000      0.000      0.000
 eps  :       -16.671    -16.443    -15.881    -15.449    -15.106     -8.767     -7.004     -6.543
 #    :          64         65         66         67         68         69         70         71
 occ. :        0.000      0.000      0.000      0.000      0.000      0.000      0.000      0.000
 eps  :        -6.010     -5.658     -5.576     -5.525     -5.268     -4.676     -4.407     -4.345
                            1  SCC done.
 writing mo output ...
 molden style : F
 
speedup 43.58
cpu  time for all   12.05 s
wall time for all    0.28 s
