  108
 Etot=        -157.6227363576
 C         -2.4246909213        4.5009865715        3.1183679676
 C         -1.0031700786        4.5536409670        2.5515538428
 C         -0.0346976532        5.2197313734        3.5308379125
 C         -1.0150533579        5.2581227466        1.2147220251
 C         -1.2621724255        6.6226848784        1.1421694571
 C         -1.2816272720        7.2757429964       -0.0748329117
 C         -1.0640654159        6.5705038171       -1.2423721123
 C         -0.8334364360        5.2014220307       -1.2154748138
 C         -0.5961207097        4.4418508147       -2.5000416915
 C          0.7552958716        4.8441806763       -3.0968994065
 C         -1.7358856546        4.6584917577       -3.4975628193
 C         -0.8072650032        4.5632107186        0.0238943329
 N         -0.5608066292        3.1498200887        0.0744859457
 C         -1.6765149876        2.3255775204        0.1177308781
 O         -2.8103810158        2.8177050022        0.1087307753
 C         -1.4140323114        0.9053895220        0.1776274390
 C         -2.4873524499        0.0119302584        0.2541450528
 C         -2.2708767102       -1.3618188879        0.3396769546
 N         -3.3258315329       -2.2508380051        0.4187570656
 C         -4.6770637236       -1.8643502709        0.3653589318
 C         -5.1907615767       -0.9042167846        1.2318414075
 C         -6.5321233277       -0.5771635779        1.1787674000
 C         -7.3628070993       -1.2207710914        0.2774479406
 C         -6.8603868467       -2.2117419253       -0.5505440168
 C         -5.5189894031       -2.5572295068       -0.5153469743
 C         -4.8880551296       -3.6409111316       -1.3715183157
 C         -5.9284775031       -4.5470764922       -2.0307706368
 C         -4.0544273899       -2.9778440356       -2.4883576532
 C         -3.9577371539       -4.4034652203       -0.4456955062
 C         -3.8368658552       -5.7835861286       -0.4136826454
 C         -2.9689084206       -6.4028384561        0.4717398709
 C         -2.2229499686       -5.6481209784        1.3611728768
 C         -2.3278205675       -4.2703911170        1.3491372265
 C         -3.1665030102       -3.6470878970        0.4292035734
 C         -0.9471175643       -1.8439837369        0.2440097979
 C          0.1444856181       -0.9719840806        0.1721250444
 C          1.4728902893       -1.4411580663        0.1118281085
 C          2.5322590309       -0.5394361921        0.0635969627
 N          3.8687649851       -1.0406282866        0.0109424565
 C          4.4730824042       -1.4431830334        1.1815523666
 C          3.7690145498       -1.3468020246        2.3916493365
 C          4.3425043697       -1.7511287155        3.5756220703
 C          5.6340552192       -2.2577446323        3.5793103607
 C          6.3371503915       -2.3420539953        2.3913738150
 C          5.7866389248       -1.9413074237        1.1814220402
 C          6.6078839972       -2.0379406249       -0.0860215051
 C          7.8729518092       -1.1727163489        0.0817401018
 C          6.9999661699       -3.5116142346       -0.3137275326
 C          5.8410843716       -1.5500579337       -1.2961897477
 C          6.4445857032       -1.5665899213       -2.5464829946
 C          5.7817398550       -1.1462543773       -3.6850557819
 C          4.4714446213       -0.7002750665       -3.5889004219
 C          3.8464419069       -0.6717172237       -2.3632371507
 C          4.5192973099       -1.0833192995       -1.2027188490
 C          2.3164382665        0.8244728956        0.0627878456
 C          0.9997075358        1.3252204964        0.1003779286
 C         -0.0845274889        0.4336311594        0.1609193167
 C          0.7696695627        2.7495389270        0.0690748272
 O          1.6708469681        3.5955485947        0.0339186193
 H         -3.0855307120        4.0143049757        2.4027463342
 H         -2.4396727393        3.9393082545        4.0503152519
 H         -2.7996227146        5.5038793265        3.3074383598
 H         -0.6633010880        3.5228685753        2.4000603682
 H          0.9582943775        5.2802589654        3.0891485476
 H         -0.3626419287        6.2235636664        3.7864196328
 H          0.0266965023        4.6349698142        4.4465252314
 H         -1.4397369060        7.1816518269        2.0482075344
 H         -1.4672288814        8.3394344527       -0.1136585729
 H         -1.0763915509        7.0908634926       -2.1879116692
 H         -0.5568959072        3.3709221668       -2.2707940033
 H          0.9629303616        4.2590164498       -3.9905538961
 H          0.7604308749        5.8992277356       -3.3594579137
 H          1.5448671177        4.6657108336       -2.3686103552
 H         -2.6869591082        4.3961425289       -3.0376883064
 H         -1.7815564639        5.6941778237       -3.8228260175
 H         -1.5868990836        4.0292005017       -4.3727589590
 H         -3.4754455596        0.4388364263        0.2206195006
 H         -4.5452326604       -0.4374316038        1.9599529325
 H         -6.9263388118        0.1718250952        1.8486590864
 H         -8.4102851251       -0.9642220537        0.2298935263
 H         -7.5332058248       -2.7138639225       -1.2256654391
 H         -5.4348818264       -5.2996101383       -2.6398249183
 H         -6.5648770358       -3.9646193039       -2.6914948416
 H         -6.5462337831       -5.0401023228       -1.2838755957
 H         -3.2986275391       -2.3082447655       -2.0862972168
 H         -3.5559355783       -3.7427358951       -3.0797559327
 H         -4.7064069477       -2.4004167421       -3.1400826800
 H         -4.4220475769       -6.3948123823       -1.0803140702
 H         -2.8900193295       -7.4793832337        0.4771523079
 H         -1.5708954563       -6.1294979239        2.0740602902
 H         -1.7860743266       -3.6722967732        2.0661480770
 H         -0.7548224154       -2.9024581051        0.1911287300
 H          1.6675615075       -2.5025075072        0.1062686233
 H          2.7687869235       -0.9438111770        2.3899390682
 H          3.7844821452       -1.6682887016        4.4958881884
 H          6.0915457578       -2.5783457400        4.5025898614
 H          7.3434334049       -2.7297040390        2.4142779378
 H          8.4954457473       -1.2244695727       -0.8063623168
 H          7.5933497633       -0.1336604868        0.2463610304
 H          8.4603360721       -1.5094285493        0.9305950325
 H          7.6177989128       -3.6120725326       -1.2008616284
 H          7.5560877549       -3.8971397357        0.5353550626
 H          6.1056853144       -4.1175917149       -0.4455356488
 H          7.4602562528       -1.9170253410       -2.6412357895
 H          6.2811714778       -1.1696296330       -4.6413824922
 H          3.9373447994       -0.3753524283       -4.4688876528
 H          2.8275457599       -0.3262157732       -2.2886105384
 H          3.1349556470        1.5265639000        0.0239121200
  108
 Etot=        -157.6230922253
 C         -2.4216733860        4.5009976672        3.1157885693
 C         -1.0012864025        4.5516964975        2.5487222012
 C         -0.0347812736        5.2194432362        3.5274421888
 C         -1.0149204498        5.2582155562        1.2141072013
 C         -1.2618230468        6.6223699388        1.1424578335
 C         -1.2813523520        7.2754695865       -0.0746931257
 C         -1.0644052548        6.5701730491       -1.2424996136
 C         -0.8338776748        5.2015518549       -1.2148240920
 C         -0.5970256763        4.4397417116       -2.4970702138
 C          0.7525874156        4.8434685436       -3.0943684206
 C         -1.7353996217        4.6585774803       -3.4943317947
 C         -0.8078021521        4.5630604585        0.0238844590
 N         -0.5623889834        3.1503635181        0.0744805199
 C         -1.6790833007        2.3260003119        0.1149785544
 O         -2.8121632245        2.8095168100        0.0987939545
 C         -1.4150381341        0.9028934938        0.1775519126
 C         -2.4886514604        0.0100848223        0.2544106689
 C         -2.2717025027       -1.3615022404        0.3389165934
 N         -3.3256612532       -2.2507097748        0.4161619714
 C         -4.6754450777       -1.8643510886        0.3623416918
 C         -5.1874106195       -0.9026687685        1.2271131180
 C         -6.5290006823       -0.5766378749        1.1766940242
 C         -7.3613054429       -1.2211407341        0.2779393991
 C         -6.8600790592       -2.2127721707       -0.5495737372
 C         -5.5187829797       -2.5572325758       -0.5157061586
 C         -4.8877324903       -3.6404071069       -1.3711291455
 C         -5.9274452343       -4.5461313035       -2.0306264344
 C         -4.0527767898       -2.9759079432       -2.4845435835
 C         -3.9575447066       -4.4029532011       -0.4463816157
 C         -3.8375980116       -5.7826826350       -0.4128177189
 C         -2.9687457684       -6.4011706459        0.4720079314
 C         -2.2223643128       -5.6454096079        1.3596579531
 C         -2.3270504487       -4.2677786444        1.3458812768
 C         -3.1664838016       -3.6450043299        0.4266806468
 C         -0.9459908352       -1.8467929602        0.2440837044
 C          0.1449046353       -0.9749322928        0.1741372930
 C          1.4734059395       -1.4443986457        0.1134002957
 C          2.5329015030       -0.5409329595        0.0637043191
 N          3.8691243616       -1.0402236982        0.0111777067
 C          4.4733276302       -1.4424552542        1.1801694654
 C          3.7690384048       -1.3461650035        2.3890804447
 C          4.3416764871       -1.7508694912        3.5734711901
 C          5.6324122472       -2.2575174918        3.5785371016
 C          6.3356902309       -2.3414302690        2.3908871303
 C          5.7856723798       -1.9404089406        1.1814018246
 C          6.6068272233       -2.0371121305       -0.0859863499
 C          7.8712862841       -1.1726114335        0.0813833529
 C          6.9991862417       -3.5099989546       -0.3133223596
 C          5.8398346039       -1.5494051911       -1.2959700944
 C          6.4428682088       -1.5663909444       -2.5459169133
 C          5.7799964369       -1.1458380830       -3.6841355289
 C          4.4706676841       -0.6995545997       -3.5863522237
 C          3.8465075659       -0.6705457897       -2.3601093389
 C          4.5193823832       -1.0828944293       -1.2010531406
 C          2.3156742270        0.8209417456        0.0620270385
 C          0.9976192347        1.3218756214        0.1010803782
 C         -0.0850455907        0.4302607807        0.1617738937
 C          0.7682351795        2.7498472432        0.0720793033
 O          1.6723280425        3.5873449948        0.0452476106
 H         -3.0799374695        4.0152485283        2.3992212802
 H         -2.4390823100        3.9407429307        4.0487902762
 H         -2.7963741155        5.5037718008        3.3045719143
 H         -0.6620295155        3.5236215574        2.3989224131
 H          0.9575699419        5.2803450180        3.0862781262
 H         -0.3626118857        6.2232907270        3.7823072716
 H          0.0274224301        4.6375630824        4.4451097908
 H         -1.4385832240        7.1814270617        2.0482456552
 H         -1.4667444219        8.3393492317       -0.1134045323
 H         -1.0769682039        7.0905484799       -2.1876907499
 H         -0.5579489376        3.3713770624       -2.2701223936
 H          0.9622414441        4.2604163830       -3.9892000310
 H          0.7574109583        5.8982425282       -3.3568811222
 H          1.5395373816        4.6653623968       -2.3652131872
 H         -2.6861211087        4.3971387065       -3.0350594405
 H         -1.7809712922        5.6941880465       -3.8191595911
 H         -1.5882742845        4.0314491905       -4.3716265467
 H         -3.4759755694        0.4359852248        0.2249571143
 H         -4.5397500716       -0.4336916678        1.9508462784
 H         -6.9224119012        0.1729774763        1.8456677765
 H         -8.4084785334       -0.9644215874        0.2305703452
 H         -7.5336634498       -2.7153775537       -1.2239024019
 H         -5.4348515191       -5.2992818752       -2.6400879079
 H         -6.5646040138       -3.9639213767       -2.6909666896
 H         -6.5453485887       -5.0398036017       -1.2841889737
 H         -3.2997578130       -2.3088378135       -2.0757740555
 H         -3.5532964769       -3.7397084700       -3.0768920762
 H         -4.7041115280       -2.3978537312       -3.1363168165
 H         -4.4231402062       -6.3949763142       -1.0786515483
 H         -2.8895608789       -7.4774687514        0.4780533032
 H         -1.5700254193       -6.1263992851        2.0723982538
 H         -1.7835049747       -3.6687206646        2.0605930165
 H         -0.7545995948       -2.9050865457        0.1895575294
 H          1.6691638421       -2.5058846415        0.1086137494
 H          2.7696523585       -0.9432171527        2.3851218011
 H          3.7836900585       -1.6679299738        4.4936106471
 H          6.0899687990       -2.5778187747        4.5016855914
 H          7.3423419204       -2.7290937645        2.4140360345
 H          8.4942951933       -1.2234767714       -0.8066251089
 H          7.5904420644       -0.1342022259        0.2458112302
 H          8.4592987273       -1.5082213435        0.9304705670
 H          7.6162565217       -3.6122392094       -1.2010880783
 H          7.5556779279       -3.8968325473        0.5352346482
 H          6.1047628618       -4.1160355653       -0.4441284255
 H          7.4588096571       -1.9170382821       -2.6408524755
 H          6.2792556585       -1.1692552260       -4.6403513244
 H          3.9367088834       -0.3746065658       -4.4661771200
 H          2.8290218813       -0.3242894439       -2.2829725392
 H          3.1338189788        1.5215353819        0.0218179723
  108
 Etot=        -157.6232085709
 C         -2.4194840615        4.5001729159        3.1122966357
 C         -0.9988697943        4.5505895509        2.5469021662
 C         -0.0325737685        5.2198316658        3.5239838156
 C         -1.0138711608        5.2582423798        1.2136971421
 C         -1.2606189209        6.6221017237        1.1427616817
 C         -1.2808551435        7.2750027289       -0.0745718126
 C         -1.0648852873        6.5697077861       -1.2426668859
 C         -0.8348441252        5.2013589322       -1.2144586633
 C         -0.5986795074        4.4382333057       -2.4952595204
 C          0.7509774089        4.8426386252       -3.0908532043
 C         -1.7372538998        4.6586634256       -3.4911506762
 C         -0.8080603916        4.5623388296        0.0238279169
 N         -0.5633504412        3.1501552260        0.0744297403
 C         -1.6812807933        2.3260024917        0.1089887448
 O         -2.8149273904        2.8010162120        0.0843795297
 C         -1.4147896280        0.9002073362        0.1768881001
 C         -2.4888151238        0.0085091114        0.2544331179
 C         -2.2723538465       -1.3613713436        0.3388045448
 N         -3.3255249241       -2.2510634030        0.4134609086
 C         -4.6741481072       -1.8646604356        0.3595786560
 C         -5.1844053131       -0.9005738650        1.2224894240
 C         -6.5258532329       -0.5744863382        1.1738059750
 C         -7.3601282245       -1.2209407019        0.2784447412
 C         -6.8605083136       -2.2143642293       -0.5479268551
 C         -5.5193204457       -2.5582371752       -0.5154780363
 C         -4.8879541235       -3.6407494741       -1.3707527648
 C         -5.9266198385       -4.5454610878       -2.0318072218
 C         -4.0505465585       -2.9731796391       -2.4799917273
 C         -3.9584315158       -4.4033656463       -0.4460775820
 C         -3.8387898758       -5.7826362786       -0.4110879383
 C         -2.9682212103       -6.4000762561        0.4729095507
 C         -2.2204457588       -5.6429361330        1.3580442668
 C         -2.3253598741       -4.2655309766        1.3425939931
 C         -3.1665055954       -3.6434866937        0.4244621867
 C         -0.9450620745       -1.8502535845        0.2434324064
 C          0.1452708064       -0.9788102686        0.1758102313
 C          1.4737754331       -1.4483372025        0.1156865221
 C          2.5330391586       -0.5426302695        0.0641946751
 N          3.8690119990       -1.0399522960        0.0114912930
 C          4.4730999521       -1.4422804882        1.1792014416
 C          3.7685271303       -1.3456687996        2.3875919555
 C          4.3404738190       -1.7505138310        3.5722611711
 C          5.6307493609       -2.2571815132        3.5783435584
 C          6.3344734584       -2.3409003040        2.3907366647
 C          5.7848731572       -1.9399996890        1.1815030883
 C          6.6061809550       -2.0366667705       -0.0859728251
 C          7.8691586968       -1.1711940811        0.0811116643
 C          6.9976309025       -3.5091140677       -0.3129675542
 C          5.8387274396       -1.5490202104       -1.2958822517
 C          6.4412381718       -1.5661765198       -2.5456543455
 C          5.7780504813       -1.1451072933       -3.6836735450
 C          4.4695981924       -0.6978075156       -3.5844858366
 C          3.8462515140       -0.6683773756       -2.3578343580
 C          4.5191745814       -1.0822025657       -1.1997227908
 C          2.3144355697        0.8176362443        0.0613833223
 C          0.9953855589        1.3182243517        0.1023497348
 C         -0.0849842866        0.4264280543        0.1628001057
 C          0.7675383106        2.7502254850        0.0783724097
 O          1.6756171383        3.5797076960        0.0608672667
 H         -3.0767104006        4.0149242518        2.3955034021
 H         -2.4387567276        3.9413327312        4.0462875290
 H         -2.7933966560        5.5032472465        3.3005683916
 H         -0.6596328604        3.5245516564        2.3974879227
 H          0.9595512600        5.2805959628        3.0830748821
 H         -0.3609299716        6.2238769636        3.7773190115
 H          0.0299267378        4.6404404992        4.4434339484
 H         -1.4366982880        7.1815256921        2.0482015846
 H         -1.4661015297        8.3389701599       -0.1131579873
 H         -1.0778109157        7.0903928284       -2.1874344617
 H         -0.5600640518        3.3717144131       -2.2690929225
 H          0.9620655068        4.2612203144       -3.9866094523
 H          0.7547817614        5.8973358700       -3.3533613800
 H          1.5368473667        4.6650178487       -2.3614709707
 H         -2.6878878553        4.3976832198       -3.0321917487
 H         -1.7819949858        5.6946470512       -3.8148707920
 H         -1.5913983868        4.0333387506       -4.3701993745
 H         -3.4752689834        0.4342563142        0.2237930804
 H         -4.5349771084       -0.4308612546        1.9434661491
 H         -6.9181254271        0.1764628030        1.8415610443
 H         -8.4073830915       -0.9650866402        0.2325932908
 H         -7.5351180199       -2.7182673073       -1.2203882377
 H         -5.4341548161       -5.2985342525       -2.6417264490
 H         -6.5639576246       -3.9629062871       -2.6918064381
 H         -6.5448933936       -5.0400795052       -1.2861279883
 H         -3.2998366731       -2.3082964262       -2.0655156774
 H         -3.5493050033       -3.7349121415       -3.0736664097
 H         -4.7000262107       -2.3935649702       -3.1321337451
 H         -4.4253209014       -6.3960384202       -1.0752888630
 H         -2.8891591790       -7.4761967860        0.4802721099
 H         -1.5669575855       -6.1231038361        2.0701630791
 H         -1.7806889855       -3.6652443237        2.0553552241
 H         -0.7557192208       -2.9082929368        0.1850784379
 H          1.6710015800       -2.5096767641        0.1125353660
 H          2.7698296274       -0.9423291226        2.3816908770
 H          3.7821338660       -1.6678353020        4.4921771249
 H          6.0881675106       -2.5779156876        4.5012322092
 H          7.3412983093       -2.7286157279        2.4140492323
 H          8.4926186451       -1.2215015990       -0.8067393782
 H          7.5873746583       -0.1330824039        0.2452802895
 H          8.4578471538       -1.5058214739        0.9302584962
 H          7.6136568415       -3.6126473834       -1.2014969659
 H          7.5551994952       -3.8962969618        0.5349421084
 H          6.1029964624       -4.1154406470       -0.4422729253
 H          7.4570860040       -1.9175514341       -2.6408234318
 H          6.2769457161       -1.1691045603       -4.6398881501
 H          3.9357044995       -0.3722421339       -4.4640452564
 H          2.8298164226       -0.3212740487       -2.2784550611
 H          3.1324255214        1.5173518085        0.0197978910
  108
 Etot=        -157.6232254846
 C         -2.4183440788        4.4997698034        3.1116674648
 C         -0.9974734527        4.5503832320        2.5467343588
 C         -0.0312935695        5.2201843432        3.5235131759
 C         -1.0128249224        5.2581894543        1.2136033254
 C         -1.2595677294        6.6220458163        1.1428273145
 C         -1.2805373281        7.2748482693       -0.0745261092
 C         -1.0653696574        6.5694516372       -1.2426832611
 C         -0.8356586622        5.2010657086       -1.2144178433
 C         -0.5997503125        4.4377791393       -2.4951712286
 C          0.7501802559        4.8422295561       -3.0902997434
 C         -1.7383839178        4.6587975652       -3.4908378352
 C         -0.8080023681        4.5618885862        0.0237753530
 N         -0.5632872490        3.1496341765        0.0743074801
 C         -1.6813491053        2.3255924064        0.1053991015
 O         -2.8155965324        2.7988417723        0.0755382616
 C         -1.4143101767        0.8994078929        0.1757590546
 C         -2.4885854230        0.0081104099        0.2531024096
 C         -2.2725793188       -1.3615950923        0.3382032925
 N         -3.3256240377       -2.2514915621        0.4124141170
 C         -4.6740674653       -1.8647933610        0.3589018351
 C         -5.1836822826       -0.8994767020        1.2210326187
 C         -6.5249872336       -0.5730491625        1.1726200519
 C         -7.3601204961       -1.2209178023        0.2790218911
 C         -6.8612440448       -2.2154890460       -0.5465487708
 C         -5.5199831587       -2.5590324286       -0.5149643420
 C         -4.8882274997       -3.6412057661       -1.3704767932
 C         -5.9260941547       -4.5453604050       -2.0332188671
 C         -4.0496308352       -2.9722128820       -2.4782208848
 C         -3.9591456545       -4.4040767033       -0.4454858079
 C         -3.8397317126       -5.7832559585       -0.4097037366
 C         -2.9681751975       -6.4002297224        0.4738215713
 C         -2.2192100867       -5.6425416959        1.3575622913
 C         -2.3244167141       -4.2652390073        1.3417007158
 C         -3.1665946898       -3.6435457853        0.4241061368
 C         -0.9451355042       -1.8513307883        0.2423815655
 C          0.1452397766       -0.9801492205        0.1759974417
 C          1.4737854433       -1.4494529587        0.1167936540
 C          2.5327595075       -0.5430796465        0.0648104088
 N          3.8686649254       -1.0399437271        0.0117500272
 C          4.4726900747       -1.4425298207        1.1793544771
 C          3.7680537040       -1.3457683718        2.3878847316
 C          4.3398884978       -1.7507193217        3.5725046187
 C          5.6301681565       -2.2574305592        3.5785948337
 C          6.3340884299       -2.3409914393        2.3909525609
 C          5.7845483958       -1.9401377777        1.1817216675
 C          6.6058377209       -2.0366369876       -0.0859502203
 C          7.8683641295       -1.1706081763        0.0809983121
 C          6.9973224832       -3.5089448074       -0.3128354984
 C          5.8382250851       -1.5489540924       -1.2959347588
 C          6.4404950624       -1.5662168186       -2.5458008310
 C          5.7772209275       -1.1446714587       -3.6837225362
 C          4.4690850060       -0.6964572475       -3.5842095431
 C          3.8459373799       -0.6669879441       -2.3575180846
 C          4.5188135316       -1.0816873055       -1.1994957701
 C          2.3139629695        0.8170645413        0.0619265771
 C          0.9948546830        1.3172594970        0.1034688252
 C         -0.0847958611        0.4253277464        0.1632074064
 C          0.7674959960        2.7501338322        0.0817651896
 O          1.6768213057        3.5782107052        0.0699450641
 H         -3.0752647069        4.0142855543        2.3946472637
 H         -2.4381756767        3.9410206595        4.0457077540
 H         -2.7924760859        5.5029309291        3.2993577224
 H         -0.6578282852        3.5243702911        2.3970806309
 H          0.9606815252        5.2802913097        3.0820787414
 H         -0.3594022902        6.2245966953        3.7758662948
 H          0.0314967435        4.6414907083        4.4433907513
 H         -1.4351031015        7.1817054629        2.0482161448
 H         -1.4656654350        8.3388233145       -0.1130569266
 H         -1.0786802375        7.0902620496       -2.1873650742
 H         -0.5614363153        3.3711604699       -2.2687561224
 H          0.9619269151        4.2609101612       -3.9859801966
 H          0.7540441564        5.8970851370       -3.3523987879
 H          1.5358034160        4.6645247479       -2.3605665614
 H         -2.6887186424        4.3975755384       -3.0313076633
 H         -1.7832489540        5.6950589791       -3.8137903537
 H         -1.5931371365        4.0337878980       -4.3702214898
 H         -3.4748778144        0.4343322338        0.2213250763
 H         -4.5335720159       -0.4292569155        1.9410893579
 H         -6.9165081162        0.1794364280        1.8391377521
 H         -8.4073961389       -0.9650758523        0.2336392219
 H         -7.5363828184       -2.7204551286       -1.2176440045
 H         -5.4330464181       -5.2979099778       -2.6433274556
 H         -6.5630305984       -3.9622730979       -2.6931508585
 H         -6.5448603547       -5.0406258729       -1.2883445356
 H         -3.2994141812       -2.3077730033       -2.0622793370
 H         -3.5475452508       -3.7330005223       -3.0724034009
 H         -4.6983169566       -2.3916182791       -3.1302928381
 H         -4.4270242637       -6.3969967300       -1.0728918113
 H         -2.8890096744       -7.4763245012        0.4816464713
 H         -1.5644676576       -6.1222137106        2.0688633171
 H         -1.7791603553       -3.6643913251        2.0535540028
 H         -0.7568607670       -2.9093320138        0.1823120886
 H          1.6716631174       -2.5106098704        0.1143662985
 H          2.7694665410       -0.9421010665        2.3817086533
 H          3.7814822540       -1.6678427157        4.4923937102
 H          6.0876766463       -2.5781466631        4.5014271002
 H          7.3409722899       -2.7284602676        2.4143223475
 H          8.4918877991       -1.2205604946       -0.8068519838
 H          7.5858531179       -0.1326239350        0.2449543581
 H          8.4572712299       -1.5045878548        0.9302730948
 H          7.6125109935       -3.6128806694       -1.2019055014
 H          7.5555644530       -3.8959247778        0.5347408097
 H          6.1024645065       -4.1151856395       -0.4411457389
 H          7.4561581349       -1.9179813627       -2.6411310701
 H          6.2759627407       -1.1689416608       -4.6399960324
 H          3.9352407320       -0.3702043758       -4.4635911286
 H          2.8296989952       -0.3193230994       -2.2776454237
 H          3.1319976589        1.5168140801        0.0197011850
