 
        ______________________________________
       |                                      |
       |          ===================         |
       |             xTB for sTDA             |
       |          ===================         |
       |               S. Grimme              |
       |        Universitaet Bonn, MCTC       |
       |         2015-19, Version 1.0         |
       |     Wed Apr  3 09:14:55 CEST 2019    |
       |______________________________________|
 
        This code comes without any warranty
        for non-commercial, academia use only.
        Preliminary test version.
        Cite this work as:
        S. Grimme  &  C. Bannwarth, JCP 145 (2016) 054103
        if GBSA is used additionally:
        P. Shushkov, F. März, C. Bannwarth, S. Grimme, unpublished.
 
        with help from
        P. Shushkov, G. Brandenburg, S. Dohm, J. Pisarek,
        F. März, M. Checinski, S. Ehrlich, S. Spicher, 
        P. Pracht, E. Caldeweyher, S. Ehlert, and C. Bannwarth.
 
        usage        :
        xtb4stda <coord_file> [options]
        where <coord_file> is a valid file of TM)
        (*coord, Bohr) or xmol (*xyz, Angstroem)
        format.

        options:
        -chrg <int>   : molecular charge
        -uhf  <int>   : # of unpaired electrons(=2*S)
        -nox          : skip second, extended part in sTDA-xTB
        -pop          : do population analysis
                      : (default for -nox)
        -mowr <real>  : cut MO write above (def.3 Eh)
        -molden       : write formatted molden file
        -parx <file>  : read parameters for sTDA-xTB
                        calc (def:~/.param_stda2.xtb)
        -parv <file>  : read parameters for vTB part in
                        sTDA-xTB (def: ~/.param_stda1.xtb)
        -xtemp <real> : el. temp for xTB (def. 0 K)
        -etemp <real> : el. temp for GFN (def. 300 K)
        -fod          : calculate the FOD and write
                        molden.input file with
                        appropriate occupations
                        for plotting. Def. T=12500 K
 
        -acc <real>   : xTB accuracy (def. 1.0)
        -gbsa [string1] [string2]
                        use GBSA implicit solvent
                        for solvent [string1] and
                        solvation state [string2]=
                        reference, bar1M (default=1M)
        additional GFN/opt/MD/siman options read from
        $XTB4STDAHOME/.xtb4stdarc or $set in input
 
       spin and charge state information can be on:
       <.CHRG> (charge) and <.UHF> (=nalpha-nbeta)
       -uhf and -chrg override the file info.
       useful machine settings:
       setenv MKL_NUM_THREADS <NCORE_ON_YOUR_MACHINE>
       setenv OMP_STACKSIZE 500m
       limit stacksize unlimited
 
       total energies in Eh, gaps/HL energies in eV
       please read REVISION and HOWTO files carefully
 =============================
  # OMP threads =          48
 =============================
 
 xtb4stdahome directory:/home/penavora/Exe_xtb_crest/
 
 argument            1 :--gbsa
 argument            2 :toluene
 
 name of molecule           :
 comment line               :
 number of atoms            :   146
 number of electrons        :   358
 charge                     :  0
 spin                       : 0.0
 first test random number   :  0.3838
 
 -----------------------------------------
      charge density (VTB) calculation
 -----------------------------------------
 
      method parameters     
 k(s)        :  1.8000
 k(p)        :  2.8350
 k(d)        :  2.0860
 k(f)        :  2.0000
 Tscal       :  0.3300
 Gscal       :  0.3910
 fpol        :  1.0000
 Zcnf        :  0.6500
 Zqf         :  0.0000
 kcn         :  0.3000
 kEN1        : -0.5900
 wllscal     :  2.6000
 
 Solvent             : toluene
 GBSA parameter file : /home/penavora/Exe_xtb_crest/.param_gbsa_toluene
 Gsolv ref. state (COSMO-RS): gsolv [1 M gas/solution]
 temperature (mdtemp)       :    298.150000000000     
 dielectric constant        :    7.00000000000000     
 rho                        :   0.867000000000000     
 mass                       :    92.1400000000000     
 surface tension            :    15.5689470637553     
 probe radius               :   0.641644990000000     
 vdW radii scaling          :    1.00000000000000     
 Gshift (Eh)                :   4.228772547061559E-003
 c1                         :    1.59772343000000     
 soset                      :   0.281999450000000     
 HB correction              :  F
 
 doing EN charges ...
 sum q : -0.2220446D-15
 point charge moment (au)
     X       Y       Z   
  -0.1857   0.0004  -0.0024  total (Debye):    0.472
 
            Z      q(EN)   CN      Cart. coordinates
     1  C   4.0  -0.244   4.101    -5.40561   -12.95610     2.11550
     2  C   4.0  -0.023   4.076    -2.88634   -13.56443     0.80792
     3  C   4.0  -0.244   4.100    -1.46726   -15.60951     2.30080
     4  C   4.0  -0.244   4.101    -3.46476   -14.60956    -1.82839
     5  C   4.0   0.005   3.247    -1.28305   -11.18039     0.72737
     6  C   4.0  -0.072   3.195    -0.61524    -9.99225     2.98189
     7  C   4.0  -0.067   3.182     0.82396    -7.81559     3.00810
     8  C   4.0   0.074   3.303     1.64929    -6.76204     0.75030
     9  N   5.0  -0.316   3.258     3.09628    -4.48565     0.72616
    10  C   4.0   0.098   3.302     5.68026    -4.63094     1.09557
    11  C   4.0  -0.067   3.193     6.76359    -6.97344     1.68421
    12  C   4.0  -0.072   3.193     9.29553    -7.17719     2.21640
    13  C   4.0   0.007   3.237    10.87438    -5.05968     2.23053
    14  C   4.0  -0.023   4.075    13.64253    -5.36853     2.94649
    15  C   4.0  -0.243   4.101    14.90748    -7.19190     1.07493
    16  C   4.0  -0.243   4.100    13.81522    -6.44820     5.63524
    17  C   4.0  -0.244   4.102    15.09774    -2.86806     2.88621
    18  C   4.0  -0.071   3.218     9.79913    -2.77688     1.56110
    19  C   4.0   0.058   3.199     7.24846    -2.48168     0.90740
    20  B   3.0  -0.184   3.207     6.02780     0.01922     0.02299
    21  C   4.0   0.058   3.199     7.23432     2.52891    -0.85565
    22  C   4.0  -0.071   3.218     9.78544     2.84196    -1.49900
    23  C   4.0   0.007   3.237    10.84781     5.13260    -2.16203
    24  C   4.0  -0.023   4.075    13.61606     5.46031    -2.86898
    25  C   4.0  -0.244   4.102    15.08714     2.96920    -2.80703
    26  C   4.0  -0.243   4.100    13.78945     6.54386    -5.55611
    27  C   4.0  -0.243   4.100    14.86358     7.28989    -0.99183
    28  C   4.0  -0.072   3.193     9.25498     7.23962    -2.15016
    29  C   4.0  -0.067   3.193     6.72237     7.01818    -1.62838
    30  C   4.0   0.098   3.302     5.65206     4.66739    -1.04892
    31  N   5.0  -0.316   3.258     3.06707     4.50311    -0.69413
    32  C   4.0   0.074   3.303     1.60479     6.76964    -0.72377
    33  C   4.0  -0.067   3.182     0.79352     7.82653    -2.98515
    34  C   4.0  -0.072   3.195    -0.65354     9.99806    -2.96449
    35  C   4.0   0.005   3.247    -1.34355    11.17770    -0.71215
    36  C   4.0  -0.023   4.076    -2.94700    13.56146    -0.79892
    37  C   4.0  -0.244   4.100    -1.51037    15.61337    -2.26562
    38  C   4.0  -0.244   4.101    -5.45182    12.96149    -2.13751
    39  C   4.0  -0.244   4.101    -3.55467    14.59365     1.83591
    40  C   4.0  -0.072   3.187    -0.51390    10.09342     1.53171
    41  C   4.0  -0.067   3.186     0.94301     7.92010     1.53395
    42  C   4.0   0.103   3.306     1.78608     2.26209    -0.36287
    43  C   4.0  -0.064   3.236    -0.84914     2.23674    -0.41527
    44  C   4.0   0.093   3.241    -2.13398    -0.01167    -0.00693
    45  N   5.0  -0.323   3.317    -4.78684    -0.02317    -0.02122
    46  C   4.0   0.088   3.471    -6.30529    -1.72974    -1.28319
    47  C   4.0  -0.062   3.154    -5.67600    -3.72543    -2.86269
    48  C   4.0  -0.073   3.200    -7.61226    -5.10826    -3.93012
    49  C   4.0   0.006   3.244   -10.17290    -4.57353    -3.50699
    50  C   4.0  -0.023   4.076   -12.17076    -6.20239    -4.78849
    51  C   4.0  -0.244   4.102   -14.86751    -5.39102    -4.11688
    52  C   4.0  -0.244   4.100   -11.86096    -5.99625    -7.66760
    53  C   4.0  -0.244   4.100   -11.83493    -8.96439    -3.96362
    54  C   4.0  -0.067   3.195   -10.77972    -2.55209    -1.95932
    55  C   4.0   0.001   3.376    -8.86896    -1.12955    -0.85554
    56  C   4.0   0.001   3.376    -8.88790     1.04972     0.76228
    57  C   4.0  -0.067   3.195   -10.82378     2.45747     1.84099
    58  C   4.0   0.006   3.244   -10.25266     4.48531     3.39383
    59  C   4.0  -0.023   4.076   -12.27911     6.10019     4.64780
    60  C   4.0  -0.244   4.102   -14.96074     5.26803     3.94194
    61  C   4.0  -0.244   4.100   -12.00451     5.89894     7.53079
    62  C   4.0  -0.244   4.100   -11.95295     8.86384     3.82445
    63  C   4.0  -0.073   3.200    -7.70192     5.04107     3.84847
    64  C   4.0  -0.062   3.154    -5.74132     3.67309     2.80671
    65  C   4.0   0.088   3.471    -6.33470     1.67116     1.22121
    66  C   4.0  -0.064   3.236    -0.83508    -2.24963     0.41406
    67  C   4.0   0.103   3.306     1.80063    -2.25468     0.38423
    68  C   4.0   0.067   3.275     3.15971     0.00889     0.01555
    69  C   4.0  -0.067   3.186     1.01299    -7.92307    -1.50934
    70  C   4.0  -0.072   3.187    -0.43617   -10.10159    -1.51267
    71  H   1.0   0.083   1.000    -5.12015   -12.37368     4.06364
    72  H   1.0   0.082   0.999    -6.37088   -11.43417     1.12485
    73  H   1.0   0.082   0.999    -6.62192   -14.61346     2.11264
    74  H   1.0   0.083   1.000    -1.10376   -15.01383     4.23184
    75  H   1.0   0.082   0.999     0.33637   -16.02371     1.40308
    76  H   1.0   0.082   0.999    -2.57850   -17.33815     2.35905
    77  H   1.0   0.082   1.000    -4.61757   -16.30328    -1.65373
    78  H   1.0   0.082   0.999    -1.73790   -15.11924    -2.81999
    79  H   1.0   0.083   1.000    -4.51165   -13.24348    -2.95083
    80  H   1.0   0.076   1.006    -1.23010   -10.76525     4.76625
    81  H   1.0   0.075   1.005     1.31423    -6.91690     4.77502
    82  H   1.0   0.076   1.008     5.60056    -8.64966     1.74557
    83  H   1.0   0.075   1.006    10.04135    -9.02366     2.66536
    84  H   1.0   0.082   0.999    16.90340    -7.40105     1.52507
    85  H   1.0   0.082   0.999    14.74217    -6.46745    -0.84327
    86  H   1.0   0.083   0.999    14.03722    -9.05113     1.13666
    87  H   1.0   0.082   0.999    15.78411    -6.67826     6.18408
    88  H   1.0   0.083   1.000    12.89305    -8.27843     5.76836
    89  H   1.0   0.082   0.999    12.90996    -5.17310     6.97167
    90  H   1.0   0.083   1.000    15.10715    -2.07332     0.99149
    91  H   1.0   0.082   0.999    14.28191    -1.50342     4.18947
    92  H   1.0   0.082   1.000    17.05002    -3.19538     3.44612
    93  H   1.0   0.079   1.009    10.93930    -1.09334     1.56837
    94  H   1.0   0.079   1.009    10.93681     1.16605    -1.50360
    95  H   1.0   0.082   1.000    17.03921     3.30976    -3.35973
    96  H   1.0   0.082   0.999    14.28449     1.60119    -4.11494
    97  H   1.0   0.083   1.000    15.09505     2.17191    -0.91338
    98  H   1.0   0.082   0.999    12.89727     5.26369    -6.89650
    99  H   1.0   0.083   1.000    12.85459     8.36758    -5.69027
   100  H   1.0   0.082   0.999    15.75832     6.78841    -6.09870
   101  H   1.0   0.082   0.999    14.69769     6.56211     0.92506
   102  H   1.0   0.082   0.999    16.85932     7.51282    -1.43611
   103  H   1.0   0.083   0.999    13.98114     9.14335    -1.05389
   104  H   1.0   0.075   1.006     9.99032     9.09183    -2.59274
   105  H   1.0   0.076   1.008     5.54881     8.68691    -1.69131
   106  H   1.0   0.075   1.005     1.30242     6.93553    -4.75070
   107  H   1.0   0.076   1.006    -1.25539    10.77481    -4.75167
   108  H   1.0   0.083   1.000    -1.12475    15.02662    -4.19512
   109  H   1.0   0.082   0.999    -2.62039    17.34263    -2.32836
   110  H   1.0   0.082   0.999     0.28293    16.02273    -1.34525
   111  H   1.0   0.082   0.999    -6.43048    11.43719    -1.16384
   112  H   1.0   0.083   1.000    -5.14524    12.38648    -4.08462
   113  H   1.0   0.082   0.999    -6.66576    14.62061    -2.14177
   114  H   1.0   0.082   0.999    -1.83918    15.10245     2.84747
   115  H   1.0   0.082   1.000    -4.70911    16.28582     1.65695
   116  H   1.0   0.083   1.000    -4.61016    13.22044     2.94154
   117  H   1.0   0.076   1.007    -0.99120    10.92642     3.32720
   118  H   1.0   0.075   1.005     1.57258     7.10262     3.29657
   119  H   1.0   0.079   1.009    -1.90900     3.93110    -0.80862
   120  H   1.0   0.075   1.005    -3.72997    -4.18222    -3.27047
   121  H   1.0   0.076   1.006    -7.10396    -6.65986    -5.15400
   122  H   1.0   0.082   0.999   -15.19772    -5.52764    -2.09248
   123  H   1.0   0.082   1.000   -16.21071    -6.62703    -5.06505
   124  H   1.0   0.082   0.999   -15.23564    -3.46465    -4.73236
   125  H   1.0   0.082   0.999   -12.05441    -4.03724    -8.26386
   126  H   1.0   0.083   1.000   -10.01896    -6.67234    -8.27301
   127  H   1.0   0.082   0.999   -13.30204    -7.11433    -8.61754
   128  H   1.0   0.083   1.000    -9.99661    -9.69037    -4.51742
   129  H   1.0   0.082   0.999   -12.00635    -9.12097    -1.92011
   130  H   1.0   0.082   0.999   -13.27859   -10.14384    -4.83183
   131  H   1.0   0.077   1.007   -12.71389    -2.03525    -1.58887
   132  H   1.0   0.077   1.007   -12.74892     1.92453     1.44697
   133  H   1.0   0.082   0.999   -15.32216     3.33936     4.55409
   134  H   1.0   0.082   0.999   -15.26540     5.40068     1.91326
   135  H   1.0   0.082   1.000   -16.32582     6.49429     4.87140
   136  H   1.0   0.083   1.000   -10.17354     6.58507     8.15800
   137  H   1.0   0.082   0.999   -13.46295     7.01070     8.46140
   138  H   1.0   0.082   0.999   -12.19530     3.93961     8.12682
   139  H   1.0   0.083   1.000   -10.12766     9.60409     4.40201
   140  H   1.0   0.082   0.999   -13.41686    10.03340     4.67189
   141  H   1.0   0.082   0.999   -12.09798     9.01693     1.77862
   142  H   1.0   0.076   1.006    -7.22175     6.59809     5.07678
   143  H   1.0   0.075   1.005    -3.80430     4.14619     3.23806
   144  H   1.0   0.079   1.009    -1.88547    -3.95198     0.79798
   145  H   1.0   0.075   1.005     1.65505    -7.10893    -3.26900
   146  H   1.0   0.076   1.007    -0.89482   -10.94219    -3.30947
 
  Z AO/shell   Hii/eV     exponent
  1     Sat Feb 20 21:38:01 CET 2016    EN: 2.327 GAM: 0.473  GM3: 0.0000
     1s    -13.751157    1.051071
  5     Sat Feb 20 21:38:01 CET 2016    EN: 3.405 GAM: 0.339  GM3: 0.0000
     2s    -17.927409    2.170332
     2p     -8.538581    1.400095
  6     Sat Feb 20 21:38:01 CET 2016    EN: 2.731 GAM: 0.422  GM3: 0.0000
     2s    -19.378245    2.021003
     2p    -11.993376    1.497917
  7     Sat Feb 20 21:38:01 CET 2016    EN: 3.573 GAM: 0.504  GM3: 0.0000
     2s    -21.576984    2.275442
     2p    -16.125120    2.056788
 
 dipole moment of classical point charges (au)
     X       Y       Z   
  -0.1857   0.0004  -0.0024  total (Debye):    0.472

 
 Nbf   :          356
 T(el) :   300.0
 calculating S/T integrals ...
 cpu time for ints    1.83471800000000     
 Nao   :          356
 making H0...
 making H1...
 cpu time for H      0.469793000000000     
 solving ...
 cpu time for diag    1.24610000000000     
 
 gap (eV)           :   3.921
 Koopmans IP (eV)   :  12.550
 Eel (Eh)           :  -273.559233
 T,E(Fermi),NFOD :    300.000   -10.589  0.000000
 T,E(Fermi),NFOD :    300.000   -10.589  0.000000
 Nfod               :  0.0000
 Nfod/Nel           :  0.0000

          eigenvalues
 #    :         167        168        169        170        171        172        173        174
 occ. :        2.000      2.000      2.000      2.000      2.000      2.000      2.000      2.000
 eps  :       -15.777    -15.337    -15.292    -15.270    -15.149    -14.919    -14.849    -14.733
 #    :         175        176        177        178        179        180        181        182
 occ. :        2.000      2.000      2.000      2.000      2.000      0.000      0.000      0.000
 eps  :       -14.699    -13.701    -13.537    -13.018    -12.551     -8.629     -8.242     -6.655
 #    :         183        184        185        186        187        188        189        190
 occ. :        0.000      0.000      0.000      0.000      0.000      0.000      0.000      0.000
 eps  :        -6.600     -6.486     -6.303     -6.222     -6.187     -6.090     -5.774     -5.473
                            1  SCC done.
 making H1...
 cpu time for H       1.70549400000000     
 solving ...
 cpu time for diag   0.474457000000000     
 
 gap (eV)           :   4.060
 Koopmans IP (eV)   :  12.650
 Eel (Eh)           :  -274.620126
 T,E(Fermi),NFOD :    300.000   -10.620  0.000000
 T,E(Fermi),NFOD :    300.000   -10.620  0.000000
 Nfod               :  0.0000
 Nfod/Nel           :  0.0000

          eigenvalues
 #    :         167        168        169        170        171        172        173        174
 occ. :        2.000      2.000      2.000      2.000      2.000      2.000      2.000      2.000
 eps  :       -15.629    -15.386    -15.368    -15.182    -15.150    -15.026    -14.928    -14.896
 #    :         175        176        177        178        179        180        181        182
 occ. :        2.000      2.000      2.000      2.000      2.000      0.000      0.000      0.000
 eps  :       -14.876    -13.771    -13.562    -13.133    -12.651     -8.591     -8.216     -6.734
 #    :         183        184        185        186        187        188        189        190
 occ. :        0.000      0.000      0.000      0.000      0.000      0.000      0.000      0.000
 eps  :        -6.613     -6.604     -6.408     -6.328     -6.271     -6.189     -5.872     -5.607
                            2  SCC done.
 
 
 Mulliken/CM5 charges    n(s)   n(p)   n(d)   
    1 C  -0.0997 -0.2481   1.103  2.996  0.000
    2 C   0.0292 -0.0021   1.230  2.740  0.000
    3 C  -0.0999 -0.2482   1.103  2.996  0.000
    4 C  -0.0983 -0.2477   1.100  2.998  0.000
    5 C  -0.0047 -0.0170   1.189  2.816  0.000
    6 C  -0.0348 -0.0898   1.140  2.895  0.000
    7 C  -0.0291 -0.0791   1.139  2.890  0.000
    8 C   0.0597  0.1085   1.176  2.765  0.000
    9 N  -0.0811 -0.3225   1.231  3.851  0.000
   10 C   0.0642  0.1329   1.185  2.750  0.000
   11 C  -0.0550 -0.1026   1.137  2.918  0.000
   12 C  -0.0396 -0.0943   1.144  2.896  0.000
   13 C  -0.0162 -0.0282   1.185  2.831  0.000
   14 C   0.0313  0.0000   1.231  2.738  0.000
   15 C  -0.1009 -0.2492   1.104  2.997  0.000
   16 C  -0.1011 -0.2493   1.104  2.997  0.000
   17 C  -0.0990 -0.2486   1.100  2.999  0.000
   18 C  -0.0497 -0.0971   1.149  2.901  0.000
   19 C  -0.0782 -0.0125   1.229  2.849  0.000
   20 B  -0.0072 -0.2445   1.186  1.821  0.000
   21 C  -0.0782 -0.0125   1.229  2.849  0.000
   22 C  -0.0497 -0.0971   1.149  2.901  0.000
   23 C  -0.0162 -0.0282   1.185  2.831  0.000
   24 C   0.0313  0.0000   1.231  2.738  0.000
   25 C  -0.0990 -0.2486   1.100  2.999  0.000
   26 C  -0.1011 -0.2493   1.104  2.997  0.000
   27 C  -0.1009 -0.2492   1.104  2.997  0.000
   28 C  -0.0396 -0.0943   1.144  2.896  0.000
   29 C  -0.0551 -0.1026   1.137  2.918  0.000
   30 C   0.0642  0.1329   1.185  2.750  0.000
   31 N  -0.0811 -0.3225   1.231  3.851  0.000
   32 C   0.0597  0.1086   1.176  2.765  0.000
   33 C  -0.0291 -0.0791   1.139  2.890  0.000
   34 C  -0.0348 -0.0897   1.140  2.895  0.000
   35 C  -0.0047 -0.0170   1.189  2.816  0.000
   36 C   0.0292 -0.0021   1.230  2.740  0.000
   37 C  -0.0999 -0.2482   1.103  2.996  0.000
   38 C  -0.0997 -0.2481   1.103  2.996  0.000
   39 C  -0.0983 -0.2477   1.100  2.998  0.000
   40 C  -0.0356 -0.0904   1.139  2.896  0.000
   41 C  -0.0301 -0.0792   1.139  2.891  0.000
   42 C   0.0701  0.1403   1.181  2.749  0.000
   43 C  -0.0731 -0.1127   1.129  2.944  0.000
   44 C   0.0703  0.1264   1.169  2.761  0.000
   45 N  -0.0830 -0.3280   1.233  3.850  0.000
   46 C   0.0388  0.1018   1.180  2.781  0.000
   47 C  -0.0457 -0.0953   1.136  2.910  0.000
   48 C  -0.0475 -0.1021   1.139  2.908  0.000
   49 C  -0.0192 -0.0312   1.185  2.834  0.000
   50 C   0.0307 -0.0006   1.231  2.738  0.000
   51 C  -0.0994 -0.2487   1.100  2.999  0.000
   52 C  -0.1012 -0.2495   1.104  2.997  0.000
   53 C  -0.1007 -0.2492   1.104  2.997  0.000
   54 C  -0.0490 -0.1003   1.141  2.908  0.000
   55 C  -0.0255 -0.0228   1.165  2.860  0.000
   56 C  -0.0255 -0.0228   1.165  2.860  0.000
   57 C  -0.0490 -0.1003   1.141  2.908  0.000
   58 C  -0.0193 -0.0312   1.185  2.834  0.000
   59 C   0.0307 -0.0006   1.231  2.738  0.000
   60 C  -0.0994 -0.2487   1.100  2.999  0.000
   61 C  -0.1012 -0.2495   1.104  2.997  0.000
   62 C  -0.1007 -0.2492   1.104  2.997  0.000
   63 C  -0.0475 -0.1021   1.139  2.908  0.000
   64 C  -0.0457 -0.0953   1.136  2.910  0.000
   65 C   0.0388  0.1018   1.180  2.781  0.000
   66 C  -0.0732 -0.1128   1.129  2.944  0.000
   67 C   0.0701  0.1403   1.181  2.749  0.000
   68 C  -0.0970 -0.0169   1.222  2.875  0.000
   69 C  -0.0301 -0.0792   1.139  2.891  0.000
   70 C  -0.0356 -0.0904   1.139  2.896  0.000
   71 H   0.0346  0.0885   0.965  0.000  0.000
   72 H   0.0320  0.0855   0.968  0.000  0.000
   73 H   0.0319  0.0851   0.968  0.000  0.000
   74 H   0.0349  0.0889   0.965  0.000  0.000
   75 H   0.0321  0.0855   0.968  0.000  0.000
   76 H   0.0319  0.0851   0.968  0.000  0.000
   77 H   0.0337  0.0871   0.966  0.000  0.000
   78 H   0.0351  0.0888   0.965  0.000  0.000
   79 H   0.0356  0.0893   0.964  0.000  0.000
   80 H   0.0440  0.1028   0.956  0.000  0.000
   81 H   0.0373  0.0974   0.963  0.000  0.000
   82 H   0.0402  0.1038   0.960  0.000  0.000
   83 H   0.0436  0.1022   0.956  0.000  0.000
   84 H   0.0315  0.0846   0.969  0.000  0.000
   85 H   0.0308  0.0842   0.969  0.000  0.000
   86 H   0.0345  0.0885   0.965  0.000  0.000
   87 H   0.0315  0.0846   0.969  0.000  0.000
   88 H   0.0347  0.0887   0.965  0.000  0.000
   89 H   0.0303  0.0837   0.970  0.000  0.000
   90 H   0.0351  0.0890   0.965  0.000  0.000
   91 H   0.0330  0.0867   0.967  0.000  0.000
   92 H   0.0329  0.0862   0.967  0.000  0.000
   93 H   0.0434  0.1064   0.957  0.000  0.000
   94 H   0.0434  0.1064   0.957  0.000  0.000
   95 H   0.0329  0.0862   0.967  0.000  0.000
   96 H   0.0330  0.0867   0.967  0.000  0.000
   97 H   0.0351  0.0891   0.965  0.000  0.000
   98 H   0.0303  0.0837   0.970  0.000  0.000
   99 H   0.0347  0.0886   0.965  0.000  0.000
  100 H   0.0315  0.0846   0.969  0.000  0.000
  101 H   0.0308  0.0842   0.969  0.000  0.000
  102 H   0.0315  0.0847   0.969  0.000  0.000
  103 H   0.0346  0.0885   0.965  0.000  0.000
  104 H   0.0436  0.1022   0.956  0.000  0.000
  105 H   0.0402  0.1038   0.960  0.000  0.000
  106 H   0.0373  0.0974   0.963  0.000  0.000
  107 H   0.0440  0.1028   0.956  0.000  0.000
  108 H   0.0349  0.0889   0.965  0.000  0.000
  109 H   0.0319  0.0851   0.968  0.000  0.000
  110 H   0.0321  0.0855   0.968  0.000  0.000
  111 H   0.0320  0.0855   0.968  0.000  0.000
  112 H   0.0346  0.0885   0.965  0.000  0.000
  113 H   0.0319  0.0852   0.968  0.000  0.000
  114 H   0.0351  0.0888   0.965  0.000  0.000
  115 H   0.0337  0.0871   0.966  0.000  0.000
  116 H   0.0356  0.0893   0.964  0.000  0.000
  117 H   0.0455  0.1048   0.954  0.000  0.000
  118 H   0.0371  0.0974   0.963  0.000  0.000
  119 H   0.0397  0.1080   0.960  0.000  0.000
  120 H   0.0409  0.1012   0.959  0.000  0.000
  121 H   0.0440  0.1029   0.956  0.000  0.000
  122 H   0.0341  0.0877   0.966  0.000  0.000
  123 H   0.0334  0.0868   0.967  0.000  0.000
  124 H   0.0339  0.0876   0.966  0.000  0.000
  125 H   0.0305  0.0839   0.970  0.000  0.000
  126 H   0.0347  0.0887   0.965  0.000  0.000
  127 H   0.0316  0.0848   0.968  0.000  0.000
  128 H   0.0357  0.0897   0.964  0.000  0.000
  129 H   0.0314  0.0848   0.969  0.000  0.000
  130 H   0.0317  0.0849   0.968  0.000  0.000
  131 H   0.0402  0.1002   0.960  0.000  0.000
  132 H   0.0402  0.1002   0.960  0.000  0.000
  133 H   0.0339  0.0876   0.966  0.000  0.000
  134 H   0.0340  0.0877   0.966  0.000  0.000
  135 H   0.0334  0.0868   0.967  0.000  0.000
  136 H   0.0348  0.0887   0.965  0.000  0.000
  137 H   0.0316  0.0848   0.968  0.000  0.000
  138 H   0.0305  0.0839   0.969  0.000  0.000
  139 H   0.0357  0.0897   0.964  0.000  0.000
  140 H   0.0317  0.0849   0.968  0.000  0.000
  141 H   0.0314  0.0848   0.969  0.000  0.000
  142 H   0.0440  0.1029   0.956  0.000  0.000
  143 H   0.0408  0.1012   0.959  0.000  0.000
  144 H   0.0398  0.1081   0.960  0.000  0.000
  145 H   0.0371  0.0974   0.963  0.000  0.000
  146 H   0.0456  0.1048   0.954  0.000  0.000
 Hirshfeld charges for QMDFF written to <charges>
 
 Loewdin charges    n(s)   n(p)   n(d)
    1 C  -0.1054   1.033  3.073  0.000
    2 C   0.0428   1.189  2.768  0.000
    3 C  -0.1055   1.033  3.073  0.000
    4 C  -0.1035   1.029  3.074  0.000
    5 C  -0.0013   1.147  2.854  0.000
    6 C  -0.0299   1.086  2.943  0.000
    7 C  -0.0256   1.086  2.939  0.000
    8 C   0.0582   1.138  2.803  0.000
    9 N  -0.0398   1.188  3.851  0.000
   10 C   0.0605   1.149  2.790  0.000
   11 C  -0.0534   1.085  2.968  0.000
   12 C  -0.0327   1.090  2.943  0.000
   13 C  -0.0146   1.144  2.870  0.000
   14 C   0.0450   1.189  2.766  0.000
   15 C  -0.1067   1.033  3.073  0.000
   16 C  -0.1068   1.033  3.073  0.000
   17 C  -0.1050   1.030  3.075  0.000
   18 C  -0.0456   1.097  2.949  0.000
   19 C  -0.0618   1.180  2.881  0.000
   20 B  -0.0780   1.163  1.915  0.000
   21 C  -0.0618   1.180  2.881  0.000
   22 C  -0.0456   1.097  2.949  0.000
   23 C  -0.0146   1.144  2.870  0.000
   24 C   0.0450   1.189  2.766  0.000
   25 C  -0.1050   1.030  3.075  0.000
   26 C  -0.1068   1.033  3.073  0.000
   27 C  -0.1067   1.033  3.073  0.000
   28 C  -0.0327   1.090  2.943  0.000
   29 C  -0.0534   1.085  2.968  0.000
   30 C   0.0605   1.149  2.790  0.000
   31 N  -0.0398   1.188  3.851  0.000
   32 C   0.0582   1.138  2.803  0.000
   33 C  -0.0256   1.086  2.939  0.000
   34 C  -0.0299   1.086  2.943  0.000
   35 C  -0.0013   1.147  2.854  0.000
   36 C   0.0428   1.189  2.768  0.000
   37 C  -0.1055   1.033  3.073  0.000
   38 C  -0.1054   1.033  3.073  0.000
   39 C  -0.1036   1.029  3.074  0.000
   40 C  -0.0309   1.086  2.945  0.000
   41 C  -0.0268   1.086  2.941  0.000
   42 C   0.0687   1.144  2.788  0.000
   43 C  -0.0803   1.081  2.999  0.000
   44 C   0.0714   1.130  2.798  0.000
   45 N  -0.0407   1.190  3.850  0.000
   46 C   0.0320   1.146  2.822  0.000
   47 C  -0.0433   1.083  2.960  0.000
   48 C  -0.0425   1.086  2.956  0.000
   49 C  -0.0170   1.144  2.873  0.000
   50 C   0.0445   1.189  2.766  0.000
   51 C  -0.1048   1.030  3.075  0.000
   52 C  -0.1070   1.034  3.073  0.000
   53 C  -0.1065   1.033  3.073  0.000
   54 C  -0.0470   1.089  2.958  0.000
   55 C  -0.0252   1.124  2.901  0.000
   56 C  -0.0252   1.124  2.901  0.000
   57 C  -0.0470   1.089  2.958  0.000
   58 C  -0.0170   1.144  2.873  0.000
   59 C   0.0445   1.189  2.766  0.000
   60 C  -0.1048   1.030  3.075  0.000
   61 C  -0.1070   1.034  3.073  0.000
   62 C  -0.1065   1.033  3.073  0.000
   63 C  -0.0425   1.086  2.956  0.000
   64 C  -0.0433   1.083  2.960  0.000
   65 C   0.0320   1.146  2.822  0.000
   66 C  -0.0803   1.081  2.999  0.000
   67 C   0.0687   1.144  2.788  0.000
   68 C  -0.0862   1.176  2.911  0.000
   69 C  -0.0268   1.086  2.941  0.000
   70 C  -0.0309   1.086  2.945  0.000
   71 H   0.0351   0.965  0.000  0.000
   72 H   0.0322   0.968  0.000  0.000
   73 H   0.0323   0.968  0.000  0.000
   74 H   0.0354   0.965  0.000  0.000
   75 H   0.0323   0.968  0.000  0.000
   76 H   0.0323   0.968  0.000  0.000
   77 H   0.0341   0.966  0.000  0.000
   78 H   0.0354   0.965  0.000  0.000
   79 H   0.0357   0.964  0.000  0.000
   80 H   0.0370   0.963  0.000  0.000
   81 H   0.0296   0.970  0.000  0.000
   82 H   0.0329   0.967  0.000  0.000
   83 H   0.0369   0.963  0.000  0.000
   84 H   0.0320   0.968  0.000  0.000
   85 H   0.0312   0.969  0.000  0.000
   86 H   0.0350   0.965  0.000  0.000
   87 H   0.0320   0.968  0.000  0.000
   88 H   0.0351   0.965  0.000  0.000
   89 H   0.0307   0.969  0.000  0.000
   90 H   0.0358   0.964  0.000  0.000
   91 H   0.0336   0.966  0.000  0.000
   92 H   0.0334   0.967  0.000  0.000
   93 H   0.0379   0.962  0.000  0.000
   94 H   0.0379   0.962  0.000  0.000
   95 H   0.0334   0.967  0.000  0.000
   96 H   0.0336   0.966  0.000  0.000
   97 H   0.0358   0.964  0.000  0.000
   98 H   0.0307   0.969  0.000  0.000
   99 H   0.0351   0.965  0.000  0.000
  100 H   0.0319   0.968  0.000  0.000
  101 H   0.0312   0.969  0.000  0.000
  102 H   0.0320   0.968  0.000  0.000
  103 H   0.0350   0.965  0.000  0.000
  104 H   0.0369   0.963  0.000  0.000
  105 H   0.0329   0.967  0.000  0.000
  106 H   0.0296   0.970  0.000  0.000
  107 H   0.0370   0.963  0.000  0.000
  108 H   0.0353   0.965  0.000  0.000
  109 H   0.0323   0.968  0.000  0.000
  110 H   0.0323   0.968  0.000  0.000
  111 H   0.0322   0.968  0.000  0.000
  112 H   0.0351   0.965  0.000  0.000
  113 H   0.0323   0.968  0.000  0.000
  114 H   0.0354   0.965  0.000  0.000
  115 H   0.0341   0.966  0.000  0.000
  116 H   0.0357   0.964  0.000  0.000
  117 H   0.0382   0.962  0.000  0.000
  118 H   0.0294   0.971  0.000  0.000
  119 H   0.0330   0.967  0.000  0.000
  120 H   0.0336   0.966  0.000  0.000
  121 H   0.0375   0.963  0.000  0.000
  122 H   0.0344   0.966  0.000  0.000
  123 H   0.0339   0.966  0.000  0.000
  124 H   0.0343   0.966  0.000  0.000
  125 H   0.0309   0.969  0.000  0.000
  126 H   0.0352   0.965  0.000  0.000
  127 H   0.0321   0.968  0.000  0.000
  128 H   0.0361   0.964  0.000  0.000
  129 H   0.0317   0.968  0.000  0.000
  130 H   0.0322   0.968  0.000  0.000
  131 H   0.0338   0.966  0.000  0.000
  132 H   0.0338   0.966  0.000  0.000
  133 H   0.0343   0.966  0.000  0.000
  134 H   0.0344   0.966  0.000  0.000
  135 H   0.0339   0.966  0.000  0.000
  136 H   0.0352   0.965  0.000  0.000
  137 H   0.0321   0.968  0.000  0.000
  138 H   0.0309   0.969  0.000  0.000
  139 H   0.0361   0.964  0.000  0.000
  140 H   0.0322   0.968  0.000  0.000
  141 H   0.0317   0.968  0.000  0.000
  142 H   0.0375   0.962  0.000  0.000
  143 H   0.0336   0.966  0.000  0.000
  144 H   0.0331   0.967  0.000  0.000
  145 H   0.0294   0.971  0.000  0.000
  146 H   0.0382   0.962  0.000  0.000
 
 Wiberg/Mayer (AO) data. WBOs > 0.1 written file <wbo>
 largest (>0.05) Wiberg bond orders for each atom
           total WBO             WBO to atom ...
     1  C   3.981    H   72 0.978    H   73 0.978    H   71 0.976    C    2 0.966
     2  C   3.921    C    4 0.977    C    3 0.966    C    1 0.966    C    5 0.939
     3  C   3.981    H   75 0.978    H   76 0.978    H   74 0.976    C    2 0.966
     4  C   3.982    H   77 0.978    H   79 0.978    H   78 0.978    C    2 0.977
     5  C   3.948    C   70 1.400    C    6 1.385    C    2 0.939    C    8 0.110
     6  C   3.972    C    7 1.444    C    5 1.385    H   80 0.942    C   69 0.108
     7  C   3.970    C    6 1.444    C    8 1.383    H   81 0.946    C   70 0.108
     8  C   3.929    C   69 1.399    C    7 1.383    N    9 0.936    C    5 0.110
     9  N   3.437    C   67 1.068    C   10 1.061    C    8 0.936
    10  C   3.923    C   11 1.329    C   19 1.308    N    9 1.061    C   13 0.088
    11  C   3.964    C   12 1.484    C   10 1.329    H   82 0.938    C   18 0.103
    12  C   3.965    C   11 1.484    C   13 1.340    H   83 0.941    C   19 0.092
    13  C   3.941    C   18 1.434    C   12 1.340    C   14 0.936    C   10 0.088
    14  C   3.918    C   17 0.977    C   16 0.966    C   15 0.966    C   13 0.936
    15  C   3.979    H   85 0.978    H   84 0.978    H   86 0.976    C   14 0.966
    16  C   3.979    H   89 0.978    H   87 0.978    H   88 0.976    C   14 0.966
    17  C   3.982    H   92 0.978    H   91 0.978    C   14 0.977    H   90 0.976
    18  C   3.963    C   13 1.434    C   19 1.358    H   93 0.937    C   11 0.103
    19  C   3.909    C   18 1.358    C   10 1.308    B   20 0.978    C   12 0.092
    20  B   3.400    C   68 1.051    C   21 0.978    C   19 0.978
    21  C   3.909    C   22 1.358    C   30 1.308    B   20 0.978    C   28 0.092
    22  C   3.963    C   23 1.434    C   21 1.358    H   94 0.937    C   29 0.103
    23  C   3.941    C   22 1.434    C   28 1.340    C   24 0.936    C   30 0.088
    24  C   3.918    C   25 0.977    C   26 0.966    C   27 0.966    C   23 0.936
    25  C   3.982    H   95 0.978    H   96 0.978    C   24 0.977    H   97 0.976
    26  C   3.979    H   98 0.978    H  100 0.978    H   99 0.976    C   24 0.966
    27  C   3.979    H  101 0.978    H  102 0.978    H  103 0.976    C   24 0.966
    28  C   3.965    C   29 1.484    C   23 1.340    H  104 0.941    C   21 0.092
    29  C   3.964    C   28 1.484    C   30 1.329    H  105 0.938    C   22 0.103
    30  C   3.923    C   29 1.329    C   21 1.308    N   31 1.061    C   23 0.088
    31  N   3.437    C   42 1.068    C   30 1.061    C   32 0.936
    32  C   3.929    C   41 1.399    C   33 1.383    N   31 0.936    C   35 0.110
    33  C   3.970    C   34 1.444    C   32 1.383    H  106 0.946    C   40 0.108
    34  C   3.972    C   33 1.444    C   35 1.385    H  107 0.942    C   41 0.108
    35  C   3.948    C   40 1.400    C   34 1.385    C   36 0.939    C   32 0.110
    36  C   3.921    C   39 0.977    C   38 0.966    C   37 0.966    C   35 0.939
    37  C   3.981    H  110 0.978    H  109 0.978    H  108 0.976    C   36 0.966
    38  C   3.981    H  111 0.978    H  113 0.978    H  112 0.976    C   36 0.966
    39  C   3.982    H  115 0.978    H  116 0.978    H  114 0.978    C   36 0.977
    40  C   3.972    C   41 1.430    C   35 1.400    H  117 0.943    C   33 0.108
    41  C   3.969    C   40 1.430    C   32 1.399    H  118 0.946    C   34 0.108
    42  C   3.924    C   43 1.363    C   68 1.280    N   31 1.068    C   66 0.085
    43  C   3.953    C   44 1.384    C   42 1.363    H  119 0.938    C   67 0.085
    44  C   3.926    C   66 1.384    C   43 1.384    N   45 0.979    C   68 0.073
    45  N   3.442    C   65 1.056    C   46 1.056    C   44 0.979
    46  C   3.926    C   47 1.363    C   55 1.266    N   45 1.056    C   49 0.089
    47  C   3.966    C   48 1.461    C   46 1.363    H  120 0.941    C   54 0.099
    48  C   3.952    C   47 1.461    C   49 1.352    H  121 0.942    C   55 0.088
    49  C   3.942    C   54 1.429    C   48 1.352    C   50 0.937    C   46 0.089
    50  C   3.920    C   51 0.977    C   53 0.967    C   52 0.966    C   49 0.937
    51  C   3.982    H  123 0.978    H  122 0.978    H  124 0.978    C   50 0.977
    52  C   3.980    H  125 0.978    H  127 0.978    H  126 0.976    C   50 0.966
    53  C   3.980    H  129 0.978    H  130 0.978    H  128 0.976    C   50 0.967
    54  C   3.960    C   49 1.429    C   55 1.353    H  131 0.943    C   47 0.099
    55  C   3.950    C   54 1.353    C   46 1.266    C   56 1.085    C   48 0.088
    56  C   3.950    C   57 1.353    C   65 1.266    C   55 1.085    C   63 0.088
    57  C   3.960    C   58 1.429    C   56 1.353    H  132 0.943    C   64 0.099
    58  C   3.942    C   57 1.429    C   63 1.352    C   59 0.937    C   65 0.089
    59  C   3.920    C   60 0.977    C   62 0.967    C   61 0.966    C   58 0.937
    60  C   3.982    H  135 0.978    H  134 0.978    H  133 0.978    C   59 0.977
    61  C   3.980    H  138 0.978    H  137 0.978    H  136 0.976    C   59 0.966
    62  C   3.980    H  141 0.978    H  140 0.978    H  139 0.976    C   59 0.967
    63  C   3.952    C   64 1.461    C   58 1.352    H  142 0.942    C   56 0.088
    64  C   3.966    C   63 1.461    C   65 1.363    H  143 0.941    C   57 0.099
    65  C   3.926    C   64 1.363    C   56 1.266    N   45 1.056    C   58 0.089
    66  C   3.953    C   44 1.384    C   67 1.363    H  144 0.938    C   42 0.085
    67  C   3.924    C   66 1.363    C   68 1.280    N    9 1.068    C   43 0.085
    68  C   3.904    C   67 1.280    C   42 1.280    B   20 1.051    C   44 0.073
    69  C   3.969    C   70 1.430    C    8 1.399    H  145 0.946    C    6 0.108
    70  C   3.972    C   69 1.430    C    5 1.400    H  146 0.943    C    7 0.108
    71  H   0.999    C    1 0.976
    72  H   0.999    C    1 0.978
    73  H   0.997    C    1 0.978
    74  H   0.999    C    3 0.976
    75  H   0.999    C    3 0.978
    76  H   0.997    C    3 0.978
    77  H   0.998    C    4 0.978
    78  H   0.999    C    4 0.978
    79  H   0.999    C    4 0.978
    80  H   0.997    C    6 0.942
    81  H   0.997    C    7 0.946
    82  H   0.995    C   11 0.938
    83  H   0.993    C   12 0.941
    84  H   0.997    C   15 0.978
    85  H   0.999    C   15 0.978
    86  H   0.999    C   15 0.976
    87  H   0.997    C   16 0.978
    88  H   0.999    C   16 0.976
    89  H   0.999    C   16 0.978
    90  H   0.999    C   17 0.976
    91  H   0.999    C   17 0.978
    92  H   0.998    C   17 0.978
    93  H   0.997    C   18 0.937
    94  H   0.997    C   22 0.937
    95  H   0.998    C   25 0.978
    96  H   0.999    C   25 0.978
    97  H   0.999    C   25 0.976
    98  H   0.999    C   26 0.978
    99  H   0.999    C   26 0.976
   100  H   0.997    C   26 0.978
   101  H   0.999    C   27 0.978
   102  H   0.997    C   27 0.978
   103  H   0.999    C   27 0.976
   104  H   0.993    C   28 0.941
   105  H   0.995    C   29 0.938
   106  H   0.997    C   33 0.946
   107  H   0.997    C   34 0.942
   108  H   0.999    C   37 0.976
   109  H   0.997    C   37 0.978
   110  H   0.999    C   37 0.978
   111  H   0.999    C   38 0.978
   112  H   0.999    C   38 0.976
   113  H   0.997    C   38 0.978
   114  H   0.999    C   39 0.978
   115  H   0.998    C   39 0.978
   116  H   0.999    C   39 0.978
   117  H   0.997    C   40 0.943
   118  H   0.997    C   41 0.946
   119  H   0.996    C   43 0.938
   120  H   0.995    C   47 0.941
   121  H   0.997    C   48 0.942
   122  H   0.999    C   51 0.978
   123  H   0.998    C   51 0.978
   124  H   0.999    C   51 0.978
   125  H   0.999    C   52 0.978
   126  H   0.999    C   52 0.976
   127  H   0.997    C   52 0.978
   128  H   0.999    C   53 0.976
   129  H   0.999    C   53 0.978
   130  H   0.997    C   53 0.978
   131  H   0.997    C   54 0.943
   132  H   0.997    C   57 0.943
   133  H   0.999    C   60 0.978
   134  H   0.999    C   60 0.978
   135  H   0.998    C   60 0.978
   136  H   0.999    C   61 0.976
   137  H   0.997    C   61 0.978
   138  H   0.999    C   61 0.978
   139  H   0.999    C   62 0.976
   140  H   0.997    C   62 0.978
   141  H   0.999    C   62 0.978
   142  H   0.997    C   63 0.942
   143  H   0.995    C   64 0.941
   144  H   0.996    C   66 0.938
   145  H   0.997    C   69 0.946
   146  H   0.997    C   70 0.943
 
 --------------------------------------------
          xTB calculation for sTDA...
 --------------------------------------------
 
 reading parameter file /home/penavora/Exe_xtb_crest/.param_stda2.xtb
 
      method parameters     
 k(s)        :  1.6000
 k(p)        :  2.1800
 k(d)        :  1.9500
 k(f)        :  2.0000
 k(R-V)      :  2.2750
 k(R-R)      :  1.7650
 Tscal       :  0.2580
 Gscal       :  1.0000
 fpol        :  1.0000
 Zcnf        :  0.3430
 Zqf         :  0.0000
 kcn         :  2.7000
 Ryd Hsplit  :  0.7000
 lshift(virt):  3.1000
 lshift(OS)  :  0.2000
 wllscaling  :  2.6000
 
 mowrcut     : 3.000
 
  Z AO/shell   Hii/eV     exponent
  1     Sun Feb 14 09:53:25 CET 2016    EN: 2.327 GAM: 0.473  GM3: 0.0000
     1s    -14.339618    1.220000
     2sp    -3.348946    0.600000
  5     Sun Feb 21 12:17:47 CET 2016    EN: 3.405 GAM: 0.339  GM3: 0.0000
     2s    -11.906683    1.287851
     2p    -10.782319    1.444987
     3sp    -5.346133    0.718700
  6     Sun Feb 14 09:53:25 CET 2016    EN: 2.731 GAM: 0.422  GM3: 0.0000
     2s    -22.009312    1.565095
     2p    -13.020408    1.596905
     3sp    -3.914040    0.824500
  7     Sun Feb 14 09:53:25 CET 2016    EN: 3.573 GAM: 0.504  GM3: 0.0000
     2s    -25.722000    2.064844
     2p    -18.684912    1.801692
     3sp    -4.344791    0.921400
 
 Nbf   :          940
 T(el) :     0.0
 calculating S/T integrals ...
 cpu time for ints    8.38725900000000     
 Nao   :          940
 making H0...
 making H1...
 cpu time for H       3.24178400000000     
 solving ...
 cpu time for diag    2.86636200000000     
 
 gap (eV)           :   6.435
 Koopmans IP (eV)   :  13.351
 Eel (Eh)           :  -302.069512

          eigenvalues
 #    :         167        168        169        170        171        172        173        174
 occ. :        2.000      2.000      2.000      2.000      2.000      2.000      2.000      2.000
 eps  :       -16.292    -16.164    -16.154    -15.843    -15.828    -15.785    -15.764    -15.664
 #    :         175        176        177        178        179        180        181        182
 occ. :        2.000      2.000      2.000      2.000      2.000      0.000      0.000      0.000
 eps  :       -15.660    -14.749    -14.360    -13.863    -13.352     -6.917     -6.321     -5.820
 #    :         183        184        185        186        187        188        189        190
 occ. :        0.000      0.000      0.000      0.000      0.000      0.000      0.000      0.000
 eps  :        -5.806     -5.797     -5.782     -5.662     -5.578     -5.495     -5.429     -5.094
                            1  SCC done.
 writing mo output ...
 molden style : F
 
speedup 14.62
cpu  time for all   22.54 s
wall time for all    1.54 s
