  56
 Etot=         -94.8088497739
 O          3.4233079434        3.5895048766        0.4356219416
 S          3.1660627136        2.3799716391       -0.3235490369
 O          3.3691078543        2.5004693201       -1.7627164694
 C          4.1918871572        1.0515336642        0.2514717430
 C          5.5097048831        1.3239685348        0.5568309187
 C          6.3692325404        0.3008964759        0.9243072536
 C          5.8773537444       -0.9960957711        0.9620357508
 C          4.5586707829       -1.2693610984        0.6651578847
 C          3.6650917582       -0.2402116745        0.3055760173
 N          2.3414403821       -0.5367703215        0.0436968646
 C          1.9994922061       -1.9245077907       -0.0714109192
 C          2.1885633949       -2.5679037312       -1.2864136712
 C          1.8716069905       -3.9108276404       -1.4080973617
 C          1.3643004375       -4.6068463060       -0.3235383960
 C          1.1720143980       -3.9609513325        0.8874916084
 C          1.4905467112       -2.6203605394        1.0186241929
 C          1.3042022624        0.3826084600       -0.0241175319
 C         -0.0090656342       -0.0391727586       -0.0566110571
 C         -1.0889800439        0.8781794071       -0.0414268665
 N         -2.3899879326        0.4403870574       -0.1338596410
 C         -2.7483703806       -0.8975960204       -0.3047041412
 C         -2.1620219060       -1.7043117391       -1.2971682535
 C         -2.5447287815       -3.0131713524       -1.4516145830
 C         -3.5236254421       -3.5748477544       -0.6234860076
 C         -4.1594140254       -2.7816513249        0.3159576347
 C         -3.7963102679       -1.4552823988        0.4664392527
 S         -4.6413936063       -0.4259792954        1.6219471047
 C         -4.6306700828        1.0258817769        0.6245582954
 C         -5.7175611031        1.8804856583        0.6168846755
 C         -5.7085593695        3.0118928715       -0.1821895858
 C         -4.6076520507        3.2648911169       -1.0095800342
 C         -3.5168035777        2.4330779338       -0.9984211291
 C         -3.4815782883        1.3059312994       -0.1545075281
 C         -0.8019009685        2.2649818897        0.1699194475
 C          0.4921764460        2.6900665596        0.1561273738
 C          1.5531156918        1.7850928164       -0.0084554327
 H          5.8346650105        2.3515009705        0.4953307618
 H          7.3984712231        0.5109353259        1.1663460910
 H          6.5319548522       -1.8102841997        1.2346975294
 H          4.2063917877       -2.2867825424        0.7140009363
 H          2.5873298216       -2.0133270581       -2.1229149908
 H          2.0228265431       -4.4113274885       -2.3525207383
 H          1.1182320915       -5.6532639147       -0.4210898907
 H          0.7768896294       -4.5015223776        1.7340696786
 H          1.3518403413       -2.1071522498        1.9584747221
 H         -0.2274561056       -1.0926835837       -0.0461606429
 H         -1.4323200961       -1.2612426516       -1.9571230254
 H         -2.0917024926       -3.6118737748       -2.2263747838
 H         -3.8043057890       -4.6091108682       -0.7367195935
 H         -4.9486815677       -3.1811762254        0.9336453677
 H         -6.5705065208        1.6505719474        1.2362460295
 H         -6.5554248944        3.6784023385       -0.1850790349
 H         -4.6195530589        4.1186281660       -1.6696029415
 H         -2.6796580455        2.6090862211       -1.6568088871
 H         -1.5995571452        2.9607824345        0.3665378345
 H          0.7514745457        3.7298636310        0.2821248163
  56
 Etot=         -94.8090420652
 O          3.4225324788        3.5921676027        0.4315577981
 S          3.1672111668        2.3849795144       -0.3266555615
 O          3.3654626114        2.5015335397       -1.7638860189
 C          4.1902461951        1.0520154652        0.2514496992
 C          5.5081028579        1.3223854708        0.5568980795
 C          6.3668340198        0.2992129933        0.9234110651
 C          5.8750135681       -0.9973012200        0.9618003679
 C          4.5561913427       -1.2695896041        0.6650754909
 C          3.6643171637       -0.2401281891        0.3056575524
 N          2.3401016912       -0.5361362073        0.0440725475
 C          1.9972604862       -1.9216360473       -0.0715655591
 C          2.1842426008       -2.5644242138       -1.2871826944
 C          1.8651862380       -3.9066020584       -1.4097048532
 C          1.3570592757       -4.6024384922       -0.3258637072
 C          1.1673414203       -3.9576761484        0.8859788237
 C          1.4879411463       -2.6178840643        1.0178932925
 C          1.3031531262        0.3826455910       -0.0215398423
 C         -0.0096719326       -0.0405154875       -0.0532979313
 C         -1.0884120838        0.8764518742       -0.0388618142
 N         -2.3878492982        0.4398894108       -0.1326136432
 C         -2.7458747659       -0.8981076253       -0.3042046615
 C         -2.1571242219       -1.7052506540       -1.2950825346
 C         -2.5368420569       -3.0146904109       -1.4479670363
 C         -3.5194780283       -3.5755466573       -0.6228695030
 C         -4.1581469727       -2.7813369748        0.3141658586
 C         -3.7945906361       -1.4560219130        0.4660848906
 S         -4.6394519154       -0.4266857494        1.6213329500
 C         -4.6289472353        1.0253116239        0.6241451695
 C         -5.7160530062        1.8787483681        0.6155404683
 C         -5.7066850949        3.0109212868       -0.1825625464
 C         -4.6055551652        3.2642035001       -1.0091925440
 C         -3.5150965813        2.4321056528       -0.9983042754
 C         -3.4798700034        1.3054083683       -0.1542489091
 C         -0.8016189372        2.2632302334        0.1703615319
 C          0.4926978479        2.6880616289        0.1555996385
 C          1.5529882890        1.7845693059       -0.0083146350
 H          5.8340535965        2.3488022191        0.4962948795
 H          7.3961952455        0.5081379454        1.1655470773
 H          6.5291717025       -1.8120366476        1.2342473522
 H          4.2032539899       -2.2873442838        0.7143506447
 H          2.5855606425       -2.0103612362       -2.1225881692
 H          2.0186441366       -4.4079626294       -2.3532978710
 H          1.1133536988       -5.6494446584       -0.4227406156
 H          0.7749290684       -4.4993530243        1.7331607335
 H          1.3518591756       -2.1057984509        1.9589411003
 H         -0.2291670789       -1.0939203277       -0.0437422313
 H         -1.4259675921       -1.2625845881       -1.9538804901
 H         -2.0800495552       -3.6143361854       -2.2198804996
 H         -3.7998980246       -4.6097063112       -0.7362714864
 H         -4.9488056348       -3.1803695242        0.9303774280
 H         -6.5689234132        1.6479012846        1.2346579529
 H         -6.5529165772        3.6779177684       -0.1846166800
 H         -4.6169511278        4.1187108046       -1.6679582280
 H         -2.6774192134        2.6082231462       -1.6558702881
 H         -1.6005046222        2.9580758253        0.3650540226
 H          0.7511309597        3.7275757692        0.2789679661
  56
 Etot=         -94.8092000792
 O          3.4221892295        3.5951956469        0.4245034564
 S          3.1695971812        2.3928629516       -0.3325764063
 O          3.3581694162        2.5004759875       -1.7664532447
 C          4.1890033074        1.0530579488        0.2507088098
 C          5.5072547941        1.3198085020        0.5567300819
 C          6.3642221504        0.2956779370        0.9229783362
 C          5.8716909760       -1.0001834427        0.9617678537
 C          4.5521310641       -1.2697479662        0.6653784942
 C          3.6636582867       -0.2392255279        0.3057319379
 N          2.3385164076       -0.5343190750        0.0446323858
 C          1.9938344704       -1.9165755407       -0.0717722361
 C          2.1765682107       -2.5581679474       -1.2887663330
 C          1.8530196776       -3.8989183175       -1.4132185175
 C          1.3438428406       -4.5947934430       -0.3302500242
 C          1.1587935019       -3.9520633072        0.8833624585
 C          1.4840469767       -2.6138123328        1.0169294903
 C          1.3021195017        0.3839695296       -0.0170187146
 C         -0.0100149618       -0.0411875321       -0.0458010260
 C         -1.0876188450        0.8748240130       -0.0333639311
 N         -2.3843971252        0.4389184575       -0.1301644122
 C         -2.7409484501       -0.8992864683       -0.3032766030
 C         -2.1455634781       -1.7077953605       -1.2895764351
 C         -2.5194361372       -3.0186005103       -1.4398228579
 C         -3.5087244490       -3.5787131622       -0.6206907677
 C         -4.1544347816       -2.7827688126        0.3105527714
 C         -3.7918929947       -1.4583000770        0.4644259845
 S         -4.6370385006       -0.4295973931        1.6193442092
 C         -4.6268948714        1.0230899964        0.6228920750
 C         -5.7140195483        1.8754258236        0.6132582784
 C         -5.7034130479        3.0093250462       -0.1829891287
 C         -4.6017428065        3.2628830184       -1.0085966321
 C         -3.5122739334        2.4297220300       -0.9987318992
 C         -3.4776426166        1.3035068048       -0.1543787602
 C         -0.8016630730        2.2624664898        0.1714356887
 C          0.4931740684        2.6870404579        0.1534497417
 C          1.5521743265        1.7849418424       -0.0080908062
 H          5.8360151403        2.3447683033        0.4969633966
 H          7.3941339850        0.5021318569        1.1647292638
 H          6.5243218721       -1.8163175580        1.2338108432
 H          4.1970401834       -2.2872610615        0.7154063515
 H          2.5782793987       -2.0035171226       -2.1234305646
 H          2.0020017227       -4.3992493101       -2.3580644056
 H          1.0945070290       -5.6402567042       -0.4289580397
 H          0.7652435688       -4.4940278027        1.7298360304
 H          1.3507155960       -2.1030384603        1.9593346276
 H         -0.2307047339       -1.0941693101       -0.0331981417
 H         -1.4118253527       -1.2655305303       -1.9460213656
 H         -2.0540273684       -3.6203719732       -2.2050779460
 H         -3.7878053422       -4.6129796444       -0.7344220791
 H         -4.9491783382       -3.1811389127        0.9219875263
 H         -6.5674091479        1.6426053630        1.2309005209
 H         -6.5488832524        3.6769213149       -0.1843070654
 H         -4.6121611042        4.1185737246       -1.6656186556
 H         -2.6739451198        2.6054323625       -1.6555555020
 H         -1.6022680965        2.9552764281        0.3651148939
 H          0.7498275602        3.7270093783        0.2718865447
  56
 Etot=         -94.8092335302
 O          3.4235000280        3.5948749376        0.4226396862
 S          3.1705121174        2.3936436233       -0.3343487110
 O          3.3557399245        2.4972230678       -1.7679700891
 C          4.1900098094        1.0533212533        0.2499967076
 C          5.5084864623        1.3191696376        0.5561474849
 C          6.3647350443        0.2944338529        0.9230151107
 C          5.8714509197       -1.0012212952        0.9620616923
 C          4.5515868656       -1.2696912280        0.6658293130
 C          3.6640228718       -0.2385878736        0.3058466694
 N          2.3386565548       -0.5332999614        0.0451213906
 C          1.9929089129       -1.9152548143       -0.0717656063
 C          2.1725983271       -2.5558029479       -1.2898014684
 C          1.8450975785       -3.8954581847       -1.4158355985
 C          1.3352131949       -4.5914476813       -0.3331947270
 C          1.1532519249       -3.9498821917        0.8815761260
 C          1.4824431942       -2.6127407002        1.0165849523
 C          1.3024595093        0.3853232167       -0.0152146783
 C         -0.0096552330       -0.0400292918       -0.0417060016
 C         -1.0875661670        0.8755832983       -0.0306057834
 N         -2.3837735440        0.4385370512       -0.1290184117
 C         -2.7389377838       -0.8999398361       -0.3026257864
 C         -2.1396757473       -1.7091079283       -1.2861960750
 C         -2.5112305132       -3.0206005598       -1.4358238660
 C         -3.5027027657       -3.5809986074       -0.6193101531
 C         -4.1521756703       -2.7847007597        0.3089541781
 C         -3.7913581642       -1.4597435077        0.4630424193
 S         -4.6380351679       -0.4319291083        1.6174106712
 C         -4.6273311944        1.0215311961        0.6218818069
 C         -5.7142528042        1.8741371443        0.6120823713
 C         -5.7027635887        3.0086646858       -0.1834506647
 C         -4.6008225412        3.2621419548       -1.0087535329
 C         -3.5116699544        2.4285337636       -0.9990609399
 C         -3.4776708756        1.3022539182       -0.1546648115
 C         -0.8019531433        2.2638954486        0.1721563747
 C          0.4930549317        2.6884954190        0.1523651360
 C          1.5517853650        1.7860738238       -0.0078351425
 H          5.8385583987        2.3439251911        0.4963322425
 H          7.3947600627        0.5001829319        1.1649702276
 H          6.5232856047       -1.8178323097        1.2343661008
 H          4.1954274499       -2.2867018870        0.7161492166
 H          2.5743609578       -2.0007291995       -2.1242260039
 H          1.9924109290       -4.3950725762       -2.3613281151
 H          1.0838840429       -5.6363574883       -0.4327207988
 H          0.7595446623       -4.4919920005        1.7278542340
 H          1.3511720053       -2.1026575480        1.9596560826
 H         -0.2302563691       -1.0928999547       -0.0264199424
 H         -1.4046924939       -1.2667719264       -1.9411874327
 H         -2.0422974504       -3.6229671937       -2.1984115562
 H         -3.7802472181       -4.6156949601       -0.7328558657
 H         -4.9483416563       -3.1834684799        0.9182973510
 H         -6.5679733324        1.6412273527        1.2292045360
 H         -6.5478609287        3.6767527375       -0.1844546196
 H         -4.6106980382        4.1182310454       -1.6653230526
 H         -2.6731650442        2.6038856641       -1.6557865490
 H         -1.6027786599        2.9564807329        0.3654425441
 H          0.7491333672        3.7290556619        0.2687709096
