 
        ______________________________________
       |                                      |
       |          ===================         |
       |             xTB for sTDA             |
       |          ===================         |
       |               S. Grimme              |
       |        Universitaet Bonn, MCTC       |
       |         2015-19, Version 1.0         |
       |     Wed Apr  3 09:14:55 CEST 2019    |
       |______________________________________|
 
        This code comes without any warranty
        for non-commercial, academia use only.
        Preliminary test version.
        Cite this work as:
        S. Grimme  &  C. Bannwarth, JCP 145 (2016) 054103
        if GBSA is used additionally:
        P. Shushkov, F. März, C. Bannwarth, S. Grimme, unpublished.
 
        with help from
        P. Shushkov, G. Brandenburg, S. Dohm, J. Pisarek,
        F. März, M. Checinski, S. Ehrlich, S. Spicher, 
        P. Pracht, E. Caldeweyher, S. Ehlert, and C. Bannwarth.
 
        usage        :
        xtb4stda <coord_file> [options]
        where <coord_file> is a valid file of TM)
        (*coord, Bohr) or xmol (*xyz, Angstroem)
        format.

        options:
        -chrg <int>   : molecular charge
        -uhf  <int>   : # of unpaired electrons(=2*S)
        -nox          : skip second, extended part in sTDA-xTB
        -pop          : do population analysis
                      : (default for -nox)
        -mowr <real>  : cut MO write above (def.3 Eh)
        -molden       : write formatted molden file
        -parx <file>  : read parameters for sTDA-xTB
                        calc (def:~/.param_stda2.xtb)
        -parv <file>  : read parameters for vTB part in
                        sTDA-xTB (def: ~/.param_stda1.xtb)
        -xtemp <real> : el. temp for xTB (def. 0 K)
        -etemp <real> : el. temp for GFN (def. 300 K)
        -fod          : calculate the FOD and write
                        molden.input file with
                        appropriate occupations
                        for plotting. Def. T=12500 K
 
        -acc <real>   : xTB accuracy (def. 1.0)
        -gbsa [string1] [string2]
                        use GBSA implicit solvent
                        for solvent [string1] and
                        solvation state [string2]=
                        reference, bar1M (default=1M)
        additional GFN/opt/MD/siman options read from
        $XTB4STDAHOME/.xtb4stdarc or $set in input
 
       spin and charge state information can be on:
       <.CHRG> (charge) and <.UHF> (=nalpha-nbeta)
       -uhf and -chrg override the file info.
       useful machine settings:
       setenv MKL_NUM_THREADS <NCORE_ON_YOUR_MACHINE>
       setenv OMP_STACKSIZE 500m
       limit stacksize unlimited
 
       total energies in Eh, gaps/HL energies in eV
       please read REVISION and HOWTO files carefully
 =============================
  # OMP threads =          48
 =============================
 
 xtb4stdahome directory:/home/penavora/Exe_xtb_crest/
 
 argument            1 :--gbsa
 argument            2 :toluene
 
 name of molecule           :
 comment line               :
 number of atoms            :    68
 number of electrons        :   186
 charge                     :  0
 spin                       : 0.0
 first test random number   :  0.5256
 
 -----------------------------------------
      charge density (VTB) calculation
 -----------------------------------------
 
      method parameters     
 k(s)        :  1.8000
 k(p)        :  2.8350
 k(d)        :  2.0860
 k(f)        :  2.0000
 Tscal       :  0.3300
 Gscal       :  0.3910
 fpol        :  1.0000
 Zcnf        :  0.6500
 Zqf         :  0.0000
 kcn         :  0.3000
 kEN1        : -0.5900
 wllscal     :  2.6000
 
 Solvent             : toluene
 GBSA parameter file : /home/penavora/Exe_xtb_crest/.param_gbsa_toluene
 Gsolv ref. state (COSMO-RS): gsolv [1 M gas/solution]
 temperature (mdtemp)       :    298.150000000000     
 dielectric constant        :    7.00000000000000     
 rho                        :   0.867000000000000     
 mass                       :    92.1400000000000     
 surface tension            :    15.5689470637553     
 probe radius               :   0.641644990000000     
 vdW radii scaling          :    1.00000000000000     
 Gshift (Eh)                :   4.228772547061559E-003
 c1                         :    1.59772343000000     
 soset                      :   0.281999450000000     
 HB correction              :  F
 
 doing EN charges ...
 sum q :  0.3330669D-15
 point charge moment (au)
     X       Y       Z   
  -0.0058   0.0022   0.0040  total (Debye):    0.019
 
            Z      q(EN)   CN      Cart. coordinates
     1  C   4.0  -0.074   3.144   -13.37782     0.79475     0.94392
     2  C   4.0  -0.072   3.144   -11.78395    -0.56211     2.51711
     3  C   4.0  -0.074   3.194    -9.19729    -0.46608     2.16989
     4  C   4.0  -0.005   3.243    -8.15919     0.99139     0.23681
     5  C   4.0  -0.003   3.261    -5.40282     1.14941    -0.11713
     6  C   4.0  -0.003   3.259    -3.89761    -0.91645    -0.09763
     7  C   4.0  -0.006   3.244    -4.92517    -3.50490    -0.11828
     8  C   4.0  -0.073   3.193    -3.94504    -5.33362     1.50430
     9  C   4.0  -0.072   3.143    -4.87680    -7.77409     1.47509
    10  C   4.0  -0.074   3.144    -6.78125    -8.43557    -0.19506
    11  C   4.0  -0.072   3.144    -7.74342    -6.64108    -1.84138
    12  C   4.0  -0.074   3.194    -6.82510    -4.19618    -1.80581
    13  C   4.0  -0.005   3.241    -1.12546    -0.74273    -0.05202
    14  C   4.0  -0.072   3.192     0.33993    -2.32803    -1.56514
    15  C   4.0  -0.068   3.188     2.94192    -2.19699    -1.52527
    16  C   4.0   0.088   3.274     4.16955    -0.49592     0.07273
    17  N   5.0  -0.311   3.243     6.80835    -0.35506     0.12750
    18  C   4.0   0.087   3.273     7.99085     1.99464     0.41979
    19  C   4.0  -0.069   3.190    10.17524     2.22603     1.87704
    20  C   4.0  -0.072   3.145    11.33394     4.54983     2.15105
    21  C   4.0  -0.074   3.142    10.33244     6.67711     0.99843
    22  C   4.0  -0.072   3.145     8.15720     6.45956    -0.44317
    23  C   4.0  -0.069   3.191     6.99459     4.14132    -0.74198
    24  C   4.0   0.087   3.271     8.26015    -2.55509    -0.09362
    25  C   4.0  -0.069   3.191     7.44911    -4.80857     1.00899
    26  C   4.0  -0.072   3.145     8.88628    -6.97667     0.78582
    27  C   4.0  -0.074   3.142    11.15677    -6.93567    -0.51805
    28  C   4.0  -0.072   3.145    11.97437    -4.70173    -1.61267
    29  C   4.0  -0.069   3.190    10.54113    -2.52817    -1.41551
    30  C   4.0  -0.068   3.190     2.71238     1.05924     1.62788
    31  C   4.0  -0.072   3.194     0.11255     0.93920     1.55723
    32  C   4.0  -0.005   3.243    -4.40801     3.72208    -0.49831
    33  C   4.0  -0.073   3.194    -2.70376     4.24349    -2.43817
    34  C   4.0  -0.072   3.144    -1.82591     6.67402    -2.81537
    35  C   4.0  -0.074   3.144    -2.62956     8.62364    -1.26290
    36  C   4.0  -0.072   3.143    -4.34080     8.13058     0.65575
    37  C   4.0  -0.073   3.193    -5.23620     5.70424     1.02608
    38  C   4.0  -0.073   3.193    -9.77766     2.37784    -1.31182
    39  C   4.0  -0.072   3.143   -12.36503     2.26792    -0.96860
    40  H   1.0   0.074   1.004   -15.39972     0.71267     1.21429
    41  H   1.0   0.074   1.004   -12.56129    -1.69618     4.02724
    42  H   1.0   0.076   1.006    -7.96033    -1.50890     3.41491
    43  H   1.0   0.075   1.005    -2.46084    -4.81946     2.81103
    44  H   1.0   0.074   1.004    -4.11238    -9.16772     2.75766
    45  H   1.0   0.074   1.004    -7.50627   -10.34395    -0.22027
    46  H   1.0   0.074   1.004    -9.21475    -7.15083    -3.16269
    47  H   1.0   0.076   1.006    -7.56582    -2.80767    -3.10619
    48  H   1.0   0.075   1.006    -0.58278    -3.64736    -2.82222
    49  H   1.0   0.076   1.006     4.04642    -3.41177    -2.73896
    50  H   1.0   0.076   1.006    10.94991     0.57468     2.79436
    51  H   1.0   0.074   1.004    13.02239     4.70258     3.28892
    52  H   1.0   0.074   1.004    11.24030     8.49060     1.22276
    53  H   1.0   0.074   1.004     7.36616     8.10568    -1.35583
    54  H   1.0   0.076   1.006     5.30766     3.97313    -1.87886
    55  H   1.0   0.076   1.006     5.69032    -4.84185     2.04512
    56  H   1.0   0.074   1.004     8.23605    -8.70705     1.65310
    57  H   1.0   0.074   1.004    12.27937    -8.63165    -0.68100
    58  H   1.0   0.074   1.004    13.73581    -4.65348    -2.64414
    59  H   1.0   0.076   1.006    11.17638    -0.79424    -2.28651
    60  H   1.0   0.076   1.006     3.64103     2.35531     2.90302
    61  H   1.0   0.076   1.006    -0.98243     2.13343     2.79776
    62  H   1.0   0.076   1.006    -2.08856     2.73146    -3.66452
    63  H   1.0   0.074   1.004    -0.51490     7.05316    -4.33506
    64  H   1.0   0.074   1.004    -1.93491    10.52102    -1.55527
    65  H   1.0   0.074   1.004    -4.98440     9.64502     1.86562
    66  H   1.0   0.075   1.005    -6.57147     5.32381     2.52528
    67  H   1.0   0.075   1.005    -8.99224     3.52696    -2.80774
    68  H   1.0   0.074   1.004   -13.59738     3.33854    -2.19608
 
  Z AO/shell   Hii/eV     exponent
  1     Sat Feb 20 21:38:01 CET 2016    EN: 2.327 GAM: 0.473  GM3: 0.0000
     1s    -13.751157    1.051071
  6     Sat Feb 20 21:38:01 CET 2016    EN: 2.731 GAM: 0.422  GM3: 0.0000
     2s    -19.378245    2.021003
     2p    -11.993376    1.497917
  7     Sat Feb 20 21:38:01 CET 2016    EN: 3.573 GAM: 0.504  GM3: 0.0000
     2s    -21.576984    2.275442
     2p    -16.125120    2.056788
 
 dipole moment of classical point charges (au)
     X       Y       Z   
  -0.0058   0.0022   0.0040  total (Debye):    0.019

 
 Nbf   :          185
 T(el) :   300.0
 calculating S/T integrals ...
 cpu time for ints    1.53508500000000     
 Nao   :          185
 making H0...
 making H1...
 cpu time for H      0.270889000000000     
 solving ...
 cpu time for diag    1.07162100000000     
 
 gap (eV)           :   4.956
 Koopmans IP (eV)   :  12.669
 Eel (Eh)           :  -145.069951
 T,E(Fermi),NFOD :    300.000   -10.191  0.000000
 T,E(Fermi),NFOD :    300.000   -10.191  0.000000
 Nfod               :  0.0000
 Nfod/Nel           :  0.0000

          eigenvalues
 #    :          81         82         83         84         85         86         87         88
 occ. :        2.000      2.000      2.000      2.000      2.000      2.000      2.000      2.000
 eps  :       -16.528    -15.703    -15.584    -15.546    -15.510    -15.436    -15.424    -15.390
 #    :          89         90         91         92         93         94         95         96
 occ. :        2.000      2.000      2.000      2.000      2.000      0.000      0.000      0.000
 eps  :       -15.300    -15.237    -15.172    -13.594    -12.670     -7.713     -6.214     -5.731
 #    :          97         98         99        100        101        102        103        104
 occ. :        0.000      0.000      0.000      0.000      0.000      0.000      0.000      0.000
 eps  :        -5.632     -5.533     -5.441     -5.365     -5.300     -5.260     -5.186     -5.158
                            1  SCC done.
 making H1...
 cpu time for H       1.17162900000000     
 solving ...
 cpu time for diag   0.220046000000000     
 
 gap (eV)           :   4.860
 Koopmans IP (eV)   :  12.595
 Eel (Eh)           :  -145.011046
 T,E(Fermi),NFOD :    300.000   -10.164  0.000000
 T,E(Fermi),NFOD :    300.000   -10.164  0.000000
 Nfod               :  0.0000
 Nfod/Nel           :  0.0000

          eigenvalues
 #    :          81         82         83         84         85         86         87         88
 occ. :        2.000      2.000      2.000      2.000      2.000      2.000      2.000      2.000
 eps  :       -16.511    -15.684    -15.536    -15.504    -15.460    -15.388    -15.376    -15.357
 #    :          89         90         91         92         93         94         95         96
 occ. :        2.000      2.000      2.000      2.000      2.000      0.000      0.000      0.000
 eps  :       -15.296    -15.241    -15.183    -13.580    -12.596     -7.735     -6.242     -5.761
 #    :          97         98         99        100        101        102        103        104
 occ. :        0.000      0.000      0.000      0.000      0.000      0.000      0.000      0.000
 eps  :        -5.626     -5.553     -5.398     -5.338     -5.285     -5.208     -5.127     -5.104
                            2  SCC done.
 
 
 Mulliken/CM5 charges    n(s)   n(p)   n(d)   
    1 C  -0.0379 -0.0943   1.136  2.902  0.000
    2 C  -0.0367 -0.0930   1.137  2.900  0.000
    3 C  -0.0396 -0.0930   1.142  2.898  0.000
    4 C   0.0047 -0.0046   1.169  2.826  0.000
    5 C  -0.0087 -0.0136   1.178  2.830  0.000
    6 C  -0.0070 -0.0119   1.179  2.828  0.000
    7 C   0.0050 -0.0044   1.169  2.826  0.000
    8 C  -0.0399 -0.0935   1.141  2.899  0.000
    9 C  -0.0356 -0.0919   1.137  2.899  0.000
   10 C  -0.0374 -0.0938   1.136  2.901  0.000
   11 C  -0.0364 -0.0927   1.137  2.900  0.000
   12 C  -0.0393 -0.0927   1.142  2.897  0.000
   13 C  -0.0058 -0.0149   1.165  2.841  0.000
   14 C  -0.0376 -0.0909   1.140  2.897  0.000
   15 C  -0.0426 -0.0913   1.136  2.907  0.000
   16 C   0.0576  0.1128   1.175  2.767  0.000
   17 N  -0.1226 -0.3675   1.222  3.901  0.000
   18 C   0.0567  0.1116   1.176  2.767  0.000
   19 C  -0.0451 -0.0939   1.136  2.909  0.000
   20 C  -0.0357 -0.0918   1.137  2.899  0.000
   21 C  -0.0470 -0.1034   1.133  2.914  0.000
   22 C  -0.0351 -0.0912   1.136  2.899  0.000
   23 C  -0.0445 -0.0932   1.136  2.908  0.000
   24 C   0.0565  0.1116   1.176  2.768  0.000
   25 C  -0.0453 -0.0941   1.136  2.909  0.000
   26 C  -0.0354 -0.0915   1.137  2.899  0.000
   27 C  -0.0473 -0.1037   1.133  2.914  0.000
   28 C  -0.0357 -0.0918   1.137  2.899  0.000
   29 C  -0.0454 -0.0941   1.136  2.909  0.000
   30 C  -0.0423 -0.0910   1.136  2.907  0.000
   31 C  -0.0365 -0.0897   1.141  2.895  0.000
   32 C   0.0045 -0.0049   1.169  2.826  0.000
   33 C  -0.0387 -0.0922   1.142  2.897  0.000
   34 C  -0.0355 -0.0918   1.137  2.899  0.000
   35 C  -0.0371 -0.0935   1.136  2.901  0.000
   36 C  -0.0364 -0.0927   1.137  2.900  0.000
   37 C  -0.0409 -0.0944   1.141  2.900  0.000
   38 C  -0.0408 -0.0943   1.141  2.900  0.000
   39 C  -0.0366 -0.0929   1.137  2.900  0.000
   40 H   0.0387  0.0951   0.961  0.000  0.000
   41 H   0.0385  0.0949   0.962  0.000  0.000
   42 H   0.0355  0.0951   0.965  0.000  0.000
   43 H   0.0354  0.0941   0.965  0.000  0.000
   44 H   0.0393  0.0958   0.961  0.000  0.000
   45 H   0.0387  0.0950   0.961  0.000  0.000
   46 H   0.0382  0.0947   0.962  0.000  0.000
   47 H   0.0349  0.0945   0.965  0.000  0.000
   48 H   0.0397  0.0987   0.960  0.000  0.000
   49 H   0.0376  0.0991   0.962  0.000  0.000
   50 H   0.0354  0.0969   0.965  0.000  0.000
   51 H   0.0420  0.0985   0.958  0.000  0.000
   52 H   0.0390  0.0955   0.961  0.000  0.000
   53 H   0.0423  0.0988   0.958  0.000  0.000
   54 H   0.0362  0.0979   0.964  0.000  0.000
   55 H   0.0361  0.0977   0.964  0.000  0.000
   56 H   0.0422  0.0987   0.958  0.000  0.000
   57 H   0.0391  0.0955   0.961  0.000  0.000
   58 H   0.0421  0.0986   0.958  0.000  0.000
   59 H   0.0355  0.0971   0.964  0.000  0.000
   60 H   0.0371  0.0988   0.963  0.000  0.000
   61 H   0.0406  0.1005   0.959  0.000  0.000
   62 H   0.0357  0.0953   0.964  0.000  0.000
   63 H   0.0391  0.0955   0.961  0.000  0.000
   64 H   0.0388  0.0952   0.961  0.000  0.000
   65 H   0.0385  0.0949   0.962  0.000  0.000
   66 H   0.0337  0.0924   0.966  0.000  0.000
   67 H   0.0344  0.0932   0.966  0.000  0.000
   68 H   0.0390  0.0954   0.961  0.000  0.000
 Hirshfeld charges for QMDFF written to <charges>
 
 Loewdin charges    n(s)   n(p)   n(d)
    1 C  -0.0307   1.082  2.949  0.000
    2 C  -0.0286   1.082  2.946  0.000
    3 C  -0.0355   1.089  2.946  0.000
    4 C   0.0105   1.125  2.864  0.000
    5 C  -0.0087   1.138  2.871  0.000
    6 C  -0.0058   1.138  2.868  0.000
    7 C   0.0107   1.125  2.864  0.000
    8 C  -0.0354   1.088  2.947  0.000
    9 C  -0.0274   1.082  2.945  0.000
   10 C  -0.0302   1.082  2.949  0.000
   11 C  -0.0284   1.082  2.946  0.000
   12 C  -0.0352   1.089  2.946  0.000
   13 C  -0.0019   1.122  2.880  0.000
   14 C  -0.0318   1.087  2.945  0.000
   15 C  -0.0404   1.083  2.957  0.000
   16 C   0.0550   1.138  2.807  0.000
   17 N  -0.0852   1.181  3.904  0.000
   18 C   0.0545   1.139  2.806  0.000
   19 C  -0.0433   1.084  2.959  0.000
   20 C  -0.0266   1.081  2.945  0.000
   21 C  -0.0411   1.079  2.962  0.000
   22 C  -0.0260   1.081  2.945  0.000
   23 C  -0.0426   1.084  2.959  0.000
   24 C   0.0543   1.139  2.807  0.000
   25 C  -0.0435   1.084  2.959  0.000
   26 C  -0.0263   1.081  2.945  0.000
   27 C  -0.0415   1.079  2.962  0.000
   28 C  -0.0266   1.081  2.945  0.000
   29 C  -0.0436   1.084  2.960  0.000
   30 C  -0.0402   1.083  2.957  0.000
   31 C  -0.0310   1.088  2.943  0.000
   32 C   0.0104   1.126  2.864  0.000
   33 C  -0.0346   1.089  2.945  0.000
   34 C  -0.0275   1.082  2.945  0.000
   35 C  -0.0299   1.081  2.949  0.000
   36 C  -0.0283   1.082  2.946  0.000
   37 C  -0.0366   1.088  2.948  0.000
   38 C  -0.0364   1.088  2.948  0.000
   39 C  -0.0284   1.082  2.946  0.000
   40 H   0.0311   0.969  0.000  0.000
   41 H   0.0309   0.969  0.000  0.000
   42 H   0.0280   0.972  0.000  0.000
   43 H   0.0279   0.972  0.000  0.000
   44 H   0.0316   0.968  0.000  0.000
   45 H   0.0311   0.969  0.000  0.000
   46 H   0.0307   0.969  0.000  0.000
   47 H   0.0276   0.972  0.000  0.000
   48 H   0.0320   0.968  0.000  0.000
   49 H   0.0301   0.970  0.000  0.000
   50 H   0.0281   0.972  0.000  0.000
   51 H   0.0341   0.966  0.000  0.000
   52 H   0.0317   0.968  0.000  0.000
   53 H   0.0343   0.966  0.000  0.000
   54 H   0.0287   0.971  0.000  0.000
   55 H   0.0286   0.971  0.000  0.000
   56 H   0.0343   0.966  0.000  0.000
   57 H   0.0318   0.968  0.000  0.000
   58 H   0.0341   0.966  0.000  0.000
   59 H   0.0282   0.972  0.000  0.000
   60 H   0.0298   0.970  0.000  0.000
   61 H   0.0328   0.967  0.000  0.000
   62 H   0.0283   0.972  0.000  0.000
   63 H   0.0314   0.969  0.000  0.000
   64 H   0.0312   0.969  0.000  0.000
   65 H   0.0308   0.969  0.000  0.000
   66 H   0.0264   0.974  0.000  0.000
   67 H   0.0271   0.973  0.000  0.000
   68 H   0.0313   0.969  0.000  0.000
 
 Wiberg/Mayer (AO) data. WBOs > 0.1 written file <wbo>
 largest (>0.05) Wiberg bond orders for each atom
           total WBO             WBO to atom ...
     1  C   3.969    C   39 1.425    C    2 1.423    H   40 0.947    C    4 0.106
     2  C   3.973    C    3 1.445    C    1 1.423    H   41 0.946    C   38 0.107
     3  C   3.968    C    2 1.445    C    4 1.367    H   42 0.946    C   39 0.107
     4  C   3.954    C   38 1.370    C    3 1.367    C    5 0.999    C    1 0.106
     5  C   3.943    C    6 1.680    C    4 0.999    C   32 0.997
     6  C   3.946    C    5 1.680    C   13 1.005    C    7 0.996
     7  C   3.954    C    8 1.370    C   12 1.368    C    6 0.996    C   10 0.106
     8  C   3.965    C    9 1.443    C    7 1.370    H   43 0.947    C   11 0.107
     9  C   3.973    C    8 1.443    C   10 1.425    H   44 0.946    C   12 0.107
    10  C   3.970    C    9 1.425    C   11 1.424    H   45 0.947    C    7 0.106
    11  C   3.973    C   12 1.444    C   10 1.424    H   46 0.946    C    8 0.107
    12  C   3.969    C   11 1.444    C    7 1.368    H   47 0.946    C    9 0.107
    13  C   3.952    C   14 1.360    C   31 1.355    C    6 1.005    C   16 0.099
    14  C   3.963    C   15 1.458    C   13 1.360    H   48 0.944    C   30 0.099
    15  C   3.968    C   14 1.458    C   16 1.363    H   49 0.945    C   31 0.099
    16  C   3.929    C   15 1.363    C   30 1.359    N   17 1.002    C   13 0.099
    17  N   3.351    C   16 1.002    C   24 0.999    C   18 0.997
    18  C   3.935    C   19 1.372    C   23 1.371    N   17 0.997    C   21 0.106
    19  C   3.971    C   20 1.443    C   18 1.372    H   50 0.947    C   22 0.107
    20  C   3.974    C   19 1.443    C   21 1.424    H   51 0.945    C   23 0.107
    21  C   3.972    C   20 1.424    C   22 1.424    H   52 0.947    C   18 0.106
    22  C   3.974    C   23 1.444    C   21 1.424    H   53 0.945    C   19 0.107
    23  C   3.971    C   22 1.444    C   18 1.371    H   54 0.946    C   20 0.107
    24  C   3.935    C   29 1.371    C   25 1.371    N   17 0.999    C   27 0.106
    25  C   3.971    C   26 1.444    C   24 1.371    H   55 0.946    C   28 0.107
    26  C   3.974    C   25 1.444    C   27 1.424    H   56 0.945    C   29 0.107
    27  C   3.972    C   28 1.424    C   26 1.424    H   57 0.947    C   24 0.106
    28  C   3.974    C   29 1.444    C   27 1.424    H   58 0.945    C   25 0.107
    29  C   3.971    C   28 1.444    C   24 1.371    H   59 0.947    C   26 0.107
    30  C   3.968    C   31 1.462    C   16 1.359    H   60 0.944    C   14 0.099
    31  C   3.967    C   30 1.462    C   13 1.355    H   61 0.943    C   15 0.099
    32  C   3.955    C   37 1.370    C   33 1.367    C    5 0.997    C   35 0.106
    33  C   3.969    C   34 1.445    C   32 1.367    H   62 0.946    C   36 0.107
    34  C   3.973    C   33 1.445    C   35 1.423    H   63 0.946    C   37 0.107
    35  C   3.969    C   36 1.426    C   34 1.423    H   64 0.947    C   32 0.106
    36  C   3.973    C   37 1.443    C   35 1.426    H   65 0.946    C   33 0.107
    37  C   3.965    C   36 1.443    C   32 1.370    H   66 0.947    C   34 0.107
    38  C   3.965    C   39 1.443    C    4 1.370    H   67 0.947    C    2 0.107
    39  C   3.973    C   38 1.443    C    1 1.425    H   68 0.946    C    3 0.107
    40  H   0.996    C    1 0.947
    41  H   0.997    C    2 0.946
    42  H   0.999    C    3 0.946
    43  H   0.999    C    8 0.947
    44  H   0.996    C    9 0.946
    45  H   0.996    C   10 0.947
    46  H   0.997    C   11 0.946
    47  H   0.999    C   12 0.946
    48  H   0.997    C   14 0.944
    49  H   0.997    C   15 0.945
    50  H   0.999    C   19 0.947
    51  H   0.997    C   20 0.945
    52  H   0.998    C   21 0.947
    53  H   0.997    C   22 0.945
    54  H   0.999    C   23 0.946
    55  H   0.999    C   25 0.946
    56  H   0.997    C   26 0.945
    57  H   0.998    C   27 0.947
    58  H   0.997    C   28 0.945
    59  H   0.999    C   29 0.947
    60  H   0.997    C   30 0.944
    61  H   0.997    C   31 0.943
    62  H   0.999    C   33 0.946
    63  H   0.997    C   34 0.946
    64  H   0.996    C   35 0.947
    65  H   0.997    C   36 0.946
    66  H   0.999    C   37 0.947
    67  H   0.999    C   38 0.947
    68  H   0.997    C   39 0.946
 
 --------------------------------------------
          xTB calculation for sTDA...
 --------------------------------------------
 
 reading parameter file /home/penavora/Exe_xtb_crest/.param_stda2.xtb
 
      method parameters     
 k(s)        :  1.6000
 k(p)        :  2.1800
 k(d)        :  1.9500
 k(f)        :  2.0000
 k(R-V)      :  2.2750
 k(R-R)      :  1.7650
 Tscal       :  0.2580
 Gscal       :  1.0000
 fpol        :  1.0000
 Zcnf        :  0.3430
 Zqf         :  0.0000
 kcn         :  2.7000
 Ryd Hsplit  :  0.7000
 lshift(virt):  3.1000
 lshift(OS)  :  0.2000
 wllscaling  :  2.6000
 
 mowrcut     : 3.000
 
  Z AO/shell   Hii/eV     exponent
  1     Sun Feb 14 09:53:25 CET 2016    EN: 2.327 GAM: 0.473  GM3: 0.0000
     1s    -14.339618    1.220000
     2sp    -3.348946    0.600000
  6     Sun Feb 14 09:53:25 CET 2016    EN: 2.731 GAM: 0.422  GM3: 0.0000
     2s    -22.009312    1.565095
     2p    -13.020408    1.596905
     3sp    -3.914040    0.824500
  7     Sun Feb 14 09:53:25 CET 2016    EN: 3.573 GAM: 0.504  GM3: 0.0000
     2s    -25.722000    2.064844
     2p    -18.684912    1.801692
     3sp    -4.344791    0.921400
 
 Nbf   :          457
 T(el) :     0.0
 calculating S/T integrals ...
 cpu time for ints    7.78394300000000     
 Nao   :          457
 making H0...
 making H1...
 cpu time for H      0.627777000000000     
 solving ...
 cpu time for diag   0.808437000000001     
 
 gap (eV)           :   6.329
 Koopmans IP (eV)   :  13.500
 Eel (Eh)           :  -158.609128

          eigenvalues
 #    :          81         82         83         84         85         86         87         88
 occ. :        2.000      2.000      2.000      2.000      2.000      2.000      2.000      2.000
 eps  :       -17.150    -16.379    -16.223    -16.213    -16.178    -16.118    -16.100    -16.071
 #    :          89         90         91         92         93         94         95         96
 occ. :        2.000      2.000      2.000      2.000      2.000      0.000      0.000      0.000
 eps  :       -16.031    -16.005    -15.942    -14.637    -13.501     -7.172     -5.953     -5.895
 #    :          97         98         99        100        101        102        103        104
 occ. :        0.000      0.000      0.000      0.000      0.000      0.000      0.000      0.000
 eps  :        -5.871     -5.796     -5.761     -5.698     -5.655     -5.619     -5.535     -5.391
                            1  SCC done.
 writing mo output ...
 molden style : F
 
speedup 25.42
cpu  time for all   14.26 s
wall time for all    0.56 s
