  54
 Etot=         -81.3428533507
 C          5.3875760870        1.1225165575       -0.1076777918
 C          4.6419986434        1.4485543755       -1.2289856520
 C          3.3519057504        0.9765424325       -1.3756541279
 C          2.7777313809        0.1723925793       -0.3904110773
 N          1.4667602031       -0.2953014045       -0.5296566286
 C          0.5213077038        0.4591803007       -1.2434457491
 C         -0.3508577754       -0.1678720273       -2.1304120206
 C         -1.2953977246        0.5710784329       -2.8171130466
 C         -1.3775611326        1.9411069992       -2.6369093889
 C         -0.5048822448        2.5704664721       -1.7634955381
 C          0.4379532435        1.8394767545       -1.0684610576
 C          1.1134908476       -1.5616981184       -0.0515140817
 C          1.9999411223       -2.6324981181       -0.1782489027
 C          1.6644948703       -3.8955415426        0.2665339410
 C          0.4253607077       -4.1238681001        0.8442187349
 C         -0.4643534651       -3.0750622520        0.9833004840
 C         -0.1357948798       -1.7954926705        0.5510731542
 N         -1.0731592666       -0.7599420933        0.7216989121
 C         -0.8707670183        0.4184421614        1.4071500943
 C          0.2278975287        0.8287549890        2.1471648517
 C          0.1695537135        2.0665116150        2.7581293324
 C         -0.9588816477        2.8768276404        2.6498255910
 C         -2.0659255952        2.4616572678        1.9361699407
 C         -2.0297381575        1.2223452542        1.3107739861
 C         -2.9747488974        0.4803195838        0.5248786364
 C         -4.2674017820        0.7365918090        0.0863724813
 C         -4.9083683882       -0.2169270627       -0.6794125043
 C         -4.2748207804       -1.4119953846       -1.0148433840
 C         -2.9893562191       -1.6894323307       -0.5912864293
 C         -2.3448144036       -0.7392225649        0.1871861521
 C          3.5371137551       -0.1576071756        0.7330747628
 C          4.8283464375        0.3142743152        0.8685616840
 H          6.3959888913        1.4917427184        0.0032098063
 H          5.0709364707        2.0690610582       -2.0024671411
 H          2.7815195646        1.2252988355       -2.2585337876
 H         -0.2841489422       -1.2366833954       -2.2764545884
 H         -1.9689213291        0.0722250164       -3.4982509344
 H         -2.1186690423        2.5151061883       -3.1722321378
 H         -0.5661059169        3.6381527859       -1.6118829802
 H          1.1077486327        2.3280944424       -0.3764362196
 H          2.9573867528       -2.4589557627       -0.6472574218
 H          2.3677323018       -4.7063056752        0.1501956028
 H          0.1560070607       -5.1097194256        1.1904274005
 H         -1.4272927247       -3.2304992850        1.4476042928
 H          1.1001718698        0.2022882416        2.2478078699
 H          1.0162073009        2.4116286791        3.3341076296
 H         -0.9664319357        3.8391839056        3.1407193923
 H         -2.9454524053        3.0843388796        1.8656350113
 H         -4.7567197272        1.6654132811        0.3394493794
 H         -5.9148164512       -0.0372351946       -1.0285311114
 H         -4.7998533106       -2.1362655713       -1.6208529263
 H         -2.5017610261       -2.6141748887       -0.8619934743
 H          3.1140084217       -0.7909649609        1.4993755303
 H          5.3996732957        0.0516703746        1.7471882938
  54
 Etot=         -81.3428996805
 C          5.3852167864        1.1219128096       -0.1075246133
 C          4.6390246501        1.4492226498       -1.2276920192
 C          3.3488138874        0.9781936240       -1.3737856952
 C          2.7759058435        0.1720966450       -0.3897049630
 N          1.4662534644       -0.2953483024       -0.5286147396
 C          0.5206208231        0.4587708060       -1.2416135299
 C         -0.3528674477       -0.1690232270       -2.1263541110
 C         -1.2991630511        0.5693146277       -2.8108908117
 C         -1.3810658691        1.9391619872       -2.6306930104
 C         -0.5069731010        2.5688700540       -1.7591295151
 C          0.4377215260        1.8387460516       -1.0661754225
 C          1.1137803912       -1.5606267180       -0.0505144795
 C          2.0007787020       -2.6307382205       -0.1759217804
 C          1.6645743263       -3.8939657855        0.2671614297
 C          0.4247291127       -4.1226687783        0.8427783996
 C         -0.4653494395       -3.0742011640        0.9807402294
 C         -0.1360161881       -1.7945575084        0.5504697379
 N         -1.0720487199       -0.7596566422        0.7206977938
 C         -0.8688012142        0.4188525311        1.4048478266
 C          0.2303181865        0.8291796453        2.1437949085
 C          0.1715582867        2.0669401184        2.7542469184
 C         -0.9567080762        2.8770928163        2.6458695036
 C         -2.0635641011        2.4621541677        1.9322898498
 C         -2.0274526389        1.2228506965        1.3078916315
 C         -2.9722878052        0.4809461137        0.5223250994
 C         -4.2640310198        0.7376585610        0.0828424766
 C         -4.9048657403       -0.2159411714       -0.6824798685
 C         -4.2716347886       -1.4110463592       -1.0171888718
 C         -2.9869507549       -1.6892512817       -0.5923199458
 C         -2.3430213187       -0.7390919475        0.1861427447
 C          3.5357906837       -0.1595707144        0.7326785689
 C          4.8268036155        0.3123085336        0.8676890021
 H          6.3934519962        1.4908909660        0.0029240833
 H          5.0681113589        2.0693673841       -2.0010213170
 H          2.7778058410        1.2277144588       -2.2556550689
 H         -0.2856386377       -1.2375859393       -2.2725465645
 H         -1.9735486040        0.0705236737       -3.4909957738
 H         -2.1210775531        2.5132259496       -3.1669880865
 H         -0.5676200503        3.6365352716       -1.6088453766
 H          1.1076726829        2.3273045894       -0.3746693653
 H          2.9584737373       -2.4568681687       -0.6438313716
 H          2.3675625537       -4.7048295995        0.1510792491
 H          0.1555824691       -5.1086372078        1.1885261582
 H         -1.4283997016       -3.2297627544        1.4442781301
 H          1.1021884026        0.2026232193        2.2453649575
 H          1.0169552361        2.4115084080        3.3319799169
 H         -0.9649082609        3.8384305129        3.1381111508
 H         -2.9435467041        3.0839683275        1.8630967415
 H         -4.7537120674        1.6658023117        0.3367910704
 H         -5.9113640274       -0.0369351350       -1.0308491785
 H         -4.7973080850       -2.1356964429       -1.6217827358
 H         -2.4996703670       -2.6145503751       -0.8616165275
 H          3.1131472663       -0.7933461821        1.4984403008
 H          5.3985638709        0.0497110559        1.7457597085
