  54
 Etot=         -77.9130966182
 N          2.3847379012       -4.3985367289        0.6410471802
 C          2.6303408798       -3.2717559138        0.6285071431
 C          2.8920273172       -1.9041895158        0.6080714225
 C          3.7933582441       -1.3442691318       -0.3349042726
 C          3.9698677925       -0.0084885292       -0.4153843767
 C          3.1771283057        0.9602622564        0.3897737223
 C          4.0342260481        2.1527640848        0.8452817370
 C          4.1244940132        3.1075967733       -0.3517919742
 C          2.9796214677        2.7284889781       -1.3036614951
 C          2.1067548573        1.6803711702       -0.5860126845
 C          1.0468417721        2.3299399351        0.2426078524
 C         -0.2101777166        1.8460555246        0.3463761866
 C         -0.6255265252        0.7088773532       -0.3877709869
 N         -1.8759248878        0.1406851402       -0.2042106740
 C         -2.0252644332       -1.2459659185       -0.3367057391
 C         -1.0067618064       -2.1042644921        0.0792380805
 C         -1.1415712123       -3.4706520559       -0.0659954755
 C         -2.2964603425       -4.0020270630       -0.6184379796
 C         -3.3141227145       -3.1550351041       -1.0279268822
 C         -3.1839910234       -1.7862955890       -0.8949362058
 C         -2.9811350956        0.9340697924        0.1169880682
 C         -3.9443215359        0.4770475688        1.0177727146
 C         -5.0335254925        1.2665083695        1.3289088202
 C         -5.1787056115        2.5205841480        0.7570489096
 C         -4.2241719469        2.9796200418       -0.1366838973
 C         -3.1342701861        2.1959567009       -0.4596980708
 C          0.2637846608        0.1881256416       -1.3597660371
 C          1.5128327399        0.6739281340       -1.5106565642
 C          2.4526455960        0.2907633382        1.5011523646
 C          2.2835818311       -1.0459049535        1.5630382062
 H          4.3500222391       -2.0159727489       -0.9734383813
 H          4.6802287854        0.4043098677       -1.1153926425
 H          5.0168902546        1.8171408353        1.1778112729
 H          3.5462873193        2.6404277530        1.6895332683
 H          4.0401560872        4.1427625514       -0.0219919306
 H          5.0862352829        3.0056229215       -0.8547019483
 H          3.3719955623        2.3014988337       -2.2270512433
 H          2.3725631238        3.5925148137       -1.5744004011
 H          1.3359429728        3.2059130902        0.8030736514
 H         -0.9196458639        2.3263600069        1.0055265187
 H         -0.1129784562       -1.6882388086        0.5192536501
 H         -0.3412699317       -4.1197434853        0.2563122866
 H         -2.4019510015       -5.0701791851       -0.7298595440
 H         -4.2143806563       -3.5625155323       -1.4641332492
 H         -3.9724012549       -1.1273227785       -1.2286833522
 H         -3.8262861881       -0.4956852792        1.4722099672
 H         -5.7711480478        0.9033265111        2.0292054202
 H         -6.0305166799        3.1352411364        1.0050514950
 H         -4.3342442339        3.9524205378       -0.5928879668
 H         -2.3979108331        2.5459796915       -1.1683508197
 H         -0.1008463805       -0.5817405905       -2.0253156620
 H          2.1434730751        0.3056716886       -2.3058584192
 H          2.0074513915        0.9288945485        2.2496560940
 H          1.7050748945       -1.4928456782        2.3601390750
  54
 Etot=         -77.9131101099
 N          2.3840675150       -4.3984543128        0.6408334451
 C          2.6302906335       -3.2715108928        0.6283410798
 C          2.8923742195       -1.9045170482        0.6081890568
 C          3.7932547702       -1.3446539920       -0.3344273697
 C          3.9703658995       -0.0086261595       -0.4144599719
 C          3.1780807784        0.9593409636        0.3903877901
 C          4.0340149012        2.1531324910        0.8453173739
 C          4.1244707087        3.1077365611       -0.3518215041
 C          2.9797439407        2.7280923754       -1.3035266504
 C          2.1056407195        1.6805684283       -0.5861236893
 C          1.0460183457        2.3301271606        0.2417441366
 C         -0.2110629447        1.8466341072        0.3453892284
 C         -0.6261782027        0.7088145965       -0.3878530696
 N         -1.8756368690        0.1408490774       -0.2041389839
 C         -2.0250969118       -1.2456304114       -0.3367356920
 C         -1.0062066310       -2.1039772538        0.0786989242
 C         -1.1412499281       -3.4703034979       -0.0662330340
 C         -2.2964028540       -4.0016184928       -0.6185015144
 C         -3.3142501682       -3.1546201810       -1.0278370479
 C         -3.1842476714       -1.7859327410       -0.8946329781
 C         -2.9808416572        0.9339485309        0.1170716249
 C         -3.9442328829        0.4767249213        1.0178203902
 C         -5.0332905384        1.2662648979        1.3290294370
 C         -5.1784575685        2.5203861226        0.7570563753
 C         -4.2238649821        2.9794910770       -0.1367554960
 C         -3.1338120318        2.1960747681       -0.4595078432
 C          0.2634821902        0.1876747210       -1.3589908733
 C          1.5121078625        0.6743846401       -1.5102561101
 C          2.4538075545        0.2904124758        1.5010425917
 C          2.2843868934       -1.0464959783        1.5627622167
 H          4.3494732805       -2.0162613171       -0.9734527106
 H          4.6801725549        0.4043074963       -1.1149211574
 H          5.0166579388        1.8177644365        1.1781237961
 H          3.5456425777        2.6405937596        1.6894434779
 H          4.0399096338        4.1429429818       -0.0221248112
 H          5.0863147247        3.0057727788       -0.8545728072
 H          3.3721332226        2.3007703366       -2.2267697219
 H          2.3726681197        3.5920377074       -1.5745375652
 H          1.3354636477        3.2054330982        0.8029853376
 H         -0.9202211117        2.3268551094        1.0049660799
 H         -0.1125395177       -1.6879856971        0.5189303452
 H         -0.3409444173       -4.1193876568        0.2560196160
 H         -2.4019474031       -5.0697612260       -0.7299109114
 H         -4.2145344351       -3.5621020900       -1.4639707044
 H         -3.9725462746       -1.1269597627       -1.2286648195
 H         -3.8259651160       -0.4958004560        1.4726247354
 H         -5.7708813758        0.9031668513        2.0293735348
 H         -6.0303005970        3.1350083499        1.0049946310
 H         -4.3341646598        3.9521105802       -0.5932428232
 H         -2.3977553123        2.5457303748       -1.1686396026
 H         -0.1008907431       -0.5821324600       -2.0247750224
 H          2.1429215716        0.3061719681       -2.3052871377
 H          2.0077190130        0.9287375253        2.2488466099
 H          1.7053939450       -1.4932289867        2.3596560201
