 
        ______________________________________
       |                                      |
       |          ===================         |
       |             xTB for sTDA             |
       |          ===================         |
       |               S. Grimme              |
       |        Universitaet Bonn, MCTC       |
       |         2015-19, Version 1.0         |
       |     Wed Apr  3 09:14:55 CEST 2019    |
       |______________________________________|
 
        This code comes without any warranty
        for non-commercial, academia use only.
        Preliminary test version.
        Cite this work as:
        S. Grimme  &  C. Bannwarth, JCP 145 (2016) 054103
        if GBSA is used additionally:
        P. Shushkov, F. März, C. Bannwarth, S. Grimme, unpublished.
 
        with help from
        P. Shushkov, G. Brandenburg, S. Dohm, J. Pisarek,
        F. März, M. Checinski, S. Ehrlich, S. Spicher, 
        P. Pracht, E. Caldeweyher, S. Ehlert, and C. Bannwarth.
 
        usage        :
        xtb4stda <coord_file> [options]
        where <coord_file> is a valid file of TM)
        (*coord, Bohr) or xmol (*xyz, Angstroem)
        format.

        options:
        -chrg <int>   : molecular charge
        -uhf  <int>   : # of unpaired electrons(=2*S)
        -nox          : skip second, extended part in sTDA-xTB
        -pop          : do population analysis
                      : (default for -nox)
        -mowr <real>  : cut MO write above (def.3 Eh)
        -molden       : write formatted molden file
        -parx <file>  : read parameters for sTDA-xTB
                        calc (def:~/.param_stda2.xtb)
        -parv <file>  : read parameters for vTB part in
                        sTDA-xTB (def: ~/.param_stda1.xtb)
        -xtemp <real> : el. temp for xTB (def. 0 K)
        -etemp <real> : el. temp for GFN (def. 300 K)
        -fod          : calculate the FOD and write
                        molden.input file with
                        appropriate occupations
                        for plotting. Def. T=12500 K
 
        -acc <real>   : xTB accuracy (def. 1.0)
        -gbsa [string1] [string2]
                        use GBSA implicit solvent
                        for solvent [string1] and
                        solvation state [string2]=
                        reference, bar1M (default=1M)
        additional GFN/opt/MD/siman options read from
        $XTB4STDAHOME/.xtb4stdarc or $set in input
 
       spin and charge state information can be on:
       <.CHRG> (charge) and <.UHF> (=nalpha-nbeta)
       -uhf and -chrg override the file info.
       useful machine settings:
       setenv MKL_NUM_THREADS <NCORE_ON_YOUR_MACHINE>
       setenv OMP_STACKSIZE 500m
       limit stacksize unlimited
 
       total energies in Eh, gaps/HL energies in eV
       please read REVISION and HOWTO files carefully
 =============================
  # OMP threads =          48
 =============================
 
 xtb4stdahome directory:/home/penavora/Exe_xtb_crest/
 
 
 name of molecule           :
 comment line               :
 number of atoms            :    49
 number of electrons        :   144
 charge                     :  0
 spin                       : 0.0
 first test random number   :  0.9944
 
 -----------------------------------------
      charge density (VTB) calculation
 -----------------------------------------
 
      method parameters     
 k(s)        :  1.8000
 k(p)        :  2.8350
 k(d)        :  2.0860
 k(f)        :  2.0000
 Tscal       :  0.3300
 Gscal       :  0.3910
 fpol        :  1.0000
 Zcnf        :  0.6500
 Zqf         :  0.0000
 kcn         :  0.3000
 kEN1        : -0.5900
 wllscal     :  2.6000
 
     -------------------------
     ! NO SOLVENT MODEL USED !
     -------------------------
 
 doing EN charges ...
 sum q : -0.2220446D-15
 point charge moment (au)
     X       Y       Z   
  -0.1736  -0.3596   0.1752  total (Debye):    1.108
 
            Z      q(EN)   CN      Cart. coordinates
     1  C   4.0  -0.074   3.144   -10.70001     6.26375    -1.21034
     2  C   4.0  -0.072   3.143    -8.16614     6.73678    -0.74714
     3  C   4.0  -0.074   3.197    -6.49894     4.75669    -0.42725
     4  C   4.0   0.004   3.208    -7.33926     2.25976    -0.55753
     5  C   4.0   0.089   3.466    -5.52465     0.23227    -0.20455
     6  N   5.0  -0.206   2.293    -3.05002     0.60173    -0.70147
     7  C   4.0   0.199   3.535    -1.83554    -1.53002    -0.27707
     8  C   4.0   0.009   3.236     0.83931    -1.95585    -0.73337
     9  C   4.0  -0.070   3.185     1.59894    -4.16803    -1.95370
    10  C   4.0  -0.071   3.174     4.10954    -4.65919    -2.43483
    11  C   4.0  -0.004   3.245     5.98168    -2.94483    -1.71613
    12  C   4.0  -0.071   3.166     8.59245    -3.40624    -2.18076
    13  C   4.0  -0.071   3.165    10.38079    -1.71184    -1.49618
    14  C   4.0  -0.004   3.244     9.71602     0.60039    -0.28428
    15  C   4.0  -0.072   3.177    11.53033     2.37457     0.43586
    16  C   4.0  -0.071   3.135    10.82830     4.60244     1.60720
    17  C   4.0  -0.072   3.177     8.31188     5.11327     2.08886
    18  C   4.0  -0.004   3.244     6.43316     3.39251     1.40396
    19  C   4.0  -0.071   3.167     3.82269     3.84754     1.87817
    20  C   4.0  -0.070   3.173     2.02844     2.15512     1.20144
    21  C   4.0  -0.002   3.277     2.66969    -0.15446    -0.02562
    22  C   4.0  -0.004   3.341     5.25417    -0.66618    -0.51213
    23  C   4.0  -0.005   3.345     7.13094     1.10590     0.20109
    24  N   5.0  -0.340   3.361    -3.47035    -3.35077     0.56562
    25  C   4.0   0.041   3.185    -3.06117    -5.73790     1.43778
    26  C   4.0  -0.068   3.137    -5.02298    -7.12977     2.31547
    27  C   4.0  -0.072   3.142    -7.49339    -6.09685     2.38592
    28  C   4.0  -0.063   3.145    -7.89942    -3.68253     1.58552
    29  C   4.0   0.090   3.450    -5.87307    -2.25162     0.63726
    30  C   4.0  -0.074   3.185    -9.88254     1.80274    -1.07006
    31  C   4.0  -0.072   3.144   -11.54472     3.79299    -1.38470
    32  H   1.0   0.074   1.004   -12.00732     7.81245    -1.45394
    33  H   1.0   0.074   1.004    -7.49258     8.66114    -0.63507
    34  H   1.0   0.076   1.006    -4.51978     5.10078    -0.07878
    35  H   1.0   0.075   1.006     0.18327    -5.49119    -2.60243
    36  H   1.0   0.074   1.005     4.64554    -6.37947    -3.39655
    37  H   1.0   0.074   1.005     9.10835    -5.15557    -3.10140
    38  H   1.0   0.074   1.005    12.35821    -2.07644    -1.85628
    39  H   1.0   0.074   1.005    13.50127     1.98799     0.06553
    40  H   1.0   0.074   1.004    12.25883     5.95480     2.14988
    41  H   1.0   0.074   1.005     7.77603     6.85851     3.00407
    42  H   1.0   0.074   1.005     3.30476     5.59339     2.80354
    43  H   1.0   0.077   1.008     0.05738     2.53557     1.54982
    44  H   1.0   0.077   1.005    -1.13399    -6.40202     1.43096
    45  H   1.0   0.075   1.005    -4.69383    -9.01944     3.00045
    46  H   1.0   0.075   1.004    -9.02454    -7.22406     3.11870
    47  H   1.0   0.076   1.005    -9.74169    -2.82391     1.70688
    48  H   1.0   0.075   1.005   -10.55269    -0.11221    -1.28240
    49  H   1.0   0.074   1.004   -13.51193     3.41426    -1.78248
 
  Z AO/shell   Hii/eV     exponent
  1     Sat Feb 20 21:38:01 CET 2016    EN: 2.327 GAM: 0.473  GM3: 0.0000
     1s    -13.751157    1.051071
  6     Sat Feb 20 21:38:01 CET 2016    EN: 2.731 GAM: 0.422  GM3: 0.0000
     2s    -19.378245    2.021003
     2p    -11.993376    1.497917
  7     Sat Feb 20 21:38:01 CET 2016    EN: 3.573 GAM: 0.504  GM3: 0.0000
     2s    -21.576984    2.275442
     2p    -16.125120    2.056788
 
 dipole moment of classical point charges (au)
     X       Y       Z   
  -0.1736  -0.3596   0.1752  total (Debye):    1.108

 
 Nbf   :          142
 T(el) :   300.0
 calculating S/T integrals ...
 cpu time for ints    1.25478700000000     
 Nao   :          142
 making H0...
 making H1...
 cpu time for H      8.360900000000004E-002
 solving ...
 cpu time for diag   0.480798000000000     
 
 gap (eV)           :   3.506
 Koopmans IP (eV)   :  12.286
 Eel (Eh)           :  -113.528853
 T,E(Fermi),NFOD :    300.000   -10.533  0.000000
 T,E(Fermi),NFOD :    300.000   -10.533  0.000000
 Nfod               :  0.0000
 Nfod/Nel           :  0.0000

          eigenvalues
 #    :          60         61         62         63         64         65         66         67
 occ. :        2.000      2.000      2.000      2.000      2.000      2.000      2.000      2.000
 eps  :       -17.825    -17.420    -17.082    -16.979    -16.770    -16.177    -15.694    -15.580
 #    :          68         69         70         71         72         73         74         75
 occ. :        2.000      2.000      2.000      2.000      2.000      0.000      0.000      0.000
 eps  :       -15.543    -15.513    -14.760    -13.616    -12.287     -8.781     -7.638     -6.852
 #    :          76         77         78         79         80         81         82         83
 occ. :        0.000      0.000      0.000      0.000      0.000      0.000      0.000      0.000
 eps  :        -6.472     -6.183     -5.597     -5.432     -5.337     -5.252     -3.998     -3.959
                            1  SCC done.
 making H1...
 cpu time for H      0.535482000000000     
 solving ...
 cpu time for diag   0.130229000000000     
 
 gap (eV)           :   3.580
 Koopmans IP (eV)   :  12.195
 Eel (Eh)           :  -112.886086
 T,E(Fermi),NFOD :    300.000   -10.406  0.000000
 T,E(Fermi),NFOD :    300.000   -10.406  0.000000
 Nfod               :  0.0000
 Nfod/Nel           :  0.0000

          eigenvalues
 #    :          60         61         62         63         64         65         66         67
 occ. :        2.000      2.000      2.000      2.000      2.000      2.000      2.000      2.000
 eps  :       -17.746    -17.332    -17.049    -16.863    -16.136    -15.505    -15.431    -15.331
 #    :          68         69         70         71         72         73         74         75
 occ. :        2.000      2.000      2.000      2.000      2.000      0.000      0.000      0.000
 eps  :       -15.311    -15.141    -14.667    -13.487    -12.197     -8.616     -7.563     -6.728
 #    :          76         77         78         79         80         81         82         83
 occ. :        0.000      0.000      0.000      0.000      0.000      0.000      0.000      0.000
 eps  :        -6.437     -6.033     -5.442     -5.353     -5.135     -5.084     -3.892     -3.850
                            2  SCC done.
 
 
 Mulliken/CM5 charges    n(s)   n(p)   n(d)   
    1 C  -0.0432 -0.0996   1.135  2.909  0.000
    2 C  -0.0359 -0.0921   1.136  2.900  0.000
    3 C  -0.0305 -0.0819   1.138  2.893  0.000
    4 C   0.0180  0.0155   1.160  2.822  0.000
    5 C  -0.0184  0.0604   1.177  2.842  0.000
    6 N  -0.2146 -0.4027   1.524  3.691  0.000
    7 C   0.0511  0.1967   1.207  2.742  0.000
    8 C   0.0133  0.0170   1.162  2.825  0.000
    9 C  -0.0409 -0.0931   1.141  2.900  0.000
   10 C  -0.0398 -0.0933   1.140  2.900  0.000
   11 C  -0.0036 -0.0109   1.165  2.839  0.000
   12 C  -0.0373 -0.0908   1.139  2.898  0.000
   13 C  -0.0359 -0.0894   1.141  2.895  0.000
   14 C  -0.0019 -0.0092   1.165  2.837  0.000
   15 C  -0.0420 -0.0956   1.140  2.902  0.000
   16 C  -0.0307 -0.0868   1.135  2.896  0.000
   17 C  -0.0401 -0.0937   1.140  2.900  0.000
   18 C  -0.0005 -0.0078   1.165  2.836  0.000
   19 C  -0.0365 -0.0900   1.141  2.896  0.000
   20 C  -0.0301 -0.0818   1.141  2.890  0.000
   21 C   0.0081  0.0054   1.168  2.824  0.000
   22 C  -0.0052 -0.0058   1.173  2.832  0.000
   23 C  -0.0081 -0.0089   1.173  2.835  0.000
   24 N  -0.0362 -0.2862   1.266  3.770  0.000
   25 C   0.0289  0.0461   1.151  2.820  0.000
   26 C  -0.0403 -0.0905   1.129  2.911  0.000
   27 C  -0.0484 -0.1024   1.136  2.913  0.000
   28 C  -0.0187 -0.0670   1.136  2.882  0.000
   29 C   0.0160  0.0843   1.197  2.787  0.000
   30 C  -0.0475 -0.1009   1.139  2.909  0.000
   31 C  -0.0389 -0.0952   1.136  2.903  0.000
   32 H   0.0363  0.0927   0.964  0.000  0.000
   33 H   0.0385  0.0950   0.962  0.000  0.000
   34 H   0.0407  0.1029   0.959  0.000  0.000
   35 H   0.0439  0.1046   0.956  0.000  0.000
   36 H   0.0419  0.0993   0.958  0.000  0.000
   37 H   0.0405  0.0979   0.959  0.000  0.000
   38 H   0.0411  0.0984   0.959  0.000  0.000
   39 H   0.0387  0.0960   0.961  0.000  0.000
   40 H   0.0416  0.0981   0.958  0.000  0.000
   41 H   0.0394  0.0967   0.961  0.000  0.000
   42 H   0.0417  0.0990   0.958  0.000  0.000
   43 H   0.0512  0.1188   0.949  0.000  0.000
   44 H   0.0618  0.1306   0.938  0.000  0.000
   45 H   0.0546  0.1118   0.945  0.000  0.000
   46 H   0.0468  0.1036   0.953  0.000  0.000
   47 H   0.0581  0.1167   0.942  0.000  0.000
   48 H   0.0356  0.0944   0.964  0.000  0.000
   49 H   0.0372  0.0936   0.963  0.000  0.000
 Hirshfeld charges for QMDFF written to <charges>
 
 Loewdin charges    n(s)   n(p)   n(d)
    1 C  -0.0367   1.080  2.956  0.000
    2 C  -0.0275   1.081  2.946  0.000
    3 C  -0.0267   1.085  2.942  0.000
    4 C   0.0233   1.116  2.861  0.000
    5 C  -0.0311   1.144  2.887  0.000
    6 N  -0.1978   1.491  3.707  0.000
    7 C   0.0313   1.181  2.787  0.000
    8 C   0.0134   1.120  2.867  0.000
    9 C  -0.0349   1.088  2.947  0.000
   10 C  -0.0348   1.086  2.949  0.000
   11 C   0.0013   1.121  2.878  0.000
   12 C  -0.0318   1.086  2.946  0.000
   13 C  -0.0304   1.087  2.943  0.000
   14 C   0.0031   1.121  2.876  0.000
   15 C  -0.0373   1.087  2.950  0.000
   16 C  -0.0224   1.079  2.943  0.000
   17 C  -0.0354   1.087  2.948  0.000
   18 C   0.0045   1.121  2.875  0.000
   19 C  -0.0307   1.087  2.944  0.000
   20 C  -0.0253   1.087  2.938  0.000
   21 C   0.0103   1.125  2.865  0.000
   22 C  -0.0053   1.132  2.874  0.000
   23 C  -0.0086   1.131  2.877  0.000
   24 N   0.0174   1.219  3.764  0.000
   25 C   0.0248   1.106  2.870  0.000
   26 C  -0.0359   1.075  2.961  0.000
   27 C  -0.0400   1.081  2.959  0.000
   28 C  -0.0144   1.083  2.932  0.000
   29 C   0.0067   1.163  2.831  0.000
   30 C  -0.0439   1.086  2.958  0.000
   31 C  -0.0306   1.081  2.949  0.000
   32 H   0.0292   0.971  0.000  0.000
   33 H   0.0310   0.969  0.000  0.000
   34 H   0.0322   0.968  0.000  0.000
   35 H   0.0361   0.964  0.000  0.000
   36 H   0.0342   0.966  0.000  0.000
   37 H   0.0329   0.967  0.000  0.000
   38 H   0.0334   0.967  0.000  0.000
   39 H   0.0313   0.969  0.000  0.000
   40 H   0.0338   0.966  0.000  0.000
   41 H   0.0318   0.968  0.000  0.000
   42 H   0.0339   0.966  0.000  0.000
   43 H   0.0416   0.958  0.000  0.000
   44 H   0.0508   0.949  0.000  0.000
   45 H   0.0465   0.954  0.000  0.000
   46 H   0.0385   0.962  0.000  0.000
   47 H   0.0495   0.950  0.000  0.000
   48 H   0.0290   0.971  0.000  0.000
   49 H   0.0298   0.970  0.000  0.000
 
 Wiberg/Mayer (AO) data. WBOs > 0.1 written file <wbo>
 largest (>0.05) Wiberg bond orders for each atom
           total WBO             WBO to atom ...
     1  C   3.959    C   31 1.423    C    2 1.418    H   32 0.948    C    4 0.100
     2  C   3.973    C    3 1.453    C    1 1.418    H   33 0.946    C   30 0.104
     3  C   3.961    C    2 1.453    C    4 1.350    H   34 0.947    C   31 0.105
     4  C   3.957    C   30 1.358    C    3 1.350    C    5 1.048    C    1 0.100
     5  C   3.929    C   29 1.360    N    6 1.247    C    4 1.048    C   27 0.077
     6  N   3.081    C    7 1.494    C    5 1.247    N   24 0.096
     7  C   3.902    N    6 1.494    N   24 1.126    C    8 1.040    C   29 0.052
     8  C   3.920    C    9 1.352    C   21 1.272    C    7 1.040    C   11 0.073
     9  C   3.960    C   10 1.464    C    8 1.352    H   35 0.943    C   22 0.058
    10  C   3.938    C    9 1.464    C   11 1.324    H   36 0.942    C   21 0.073
    11  C   3.950    C   10 1.324    C   22 1.221    C   12 1.178    C    8 0.073
    12  C   3.969    C   13 1.655    C   11 1.178    H   37 0.942    C   15 0.051
    13  C   3.958    C   12 1.655    C   14 1.173    H   38 0.942
    14  C   3.958    C   15 1.340    C   23 1.223    C   13 1.173    C   17 0.081
    15  C   3.933    C   16 1.434    C   14 1.340    H   39 0.945    C   18 0.081    C   12 0.051
    16  C   3.967    C   17 1.437    C   15 1.434    H   40 0.945    C   23 0.062
    17  C   3.933    C   16 1.437    C   18 1.337    H   41 0.945    C   14 0.081    C   20 0.051
    18  C   3.958    C   17 1.337    C   23 1.224    C   19 1.175    C   15 0.081
    19  C   3.962    C   20 1.653    C   18 1.175    H   42 0.942
    20  C   3.969    C   19 1.653    C   21 1.183    H   43 0.937    C   17 0.051
    21  C   3.949    C    8 1.272    C   22 1.229    C   20 1.183    C   10 0.073
    22  C   3.955    C   21 1.229    C   11 1.221    C   23 1.217    C    9 0.058
    23  C   3.956    C   18 1.224    C   14 1.223    C   22 1.217    C   16 0.062
    24  N   3.617    C    7 1.126    C   25 1.113    C   29 1.042    N    6 0.096
    25  C   3.930    C   26 1.672    N   24 1.113    H   44 0.943    C   28 0.107
    26  C   3.968    C   25 1.672    C   27 1.223    H   45 0.941
    27  C   3.951    C   28 1.594    C   26 1.223    H   46 0.945    C    5 0.077
    28  C   3.969    C   27 1.594    C   29 1.240    H   47 0.937    C   25 0.107
    29  C   3.895    C    5 1.360    C   28 1.240    N   24 1.042    C    7 0.052
    30  C   3.968    C   31 1.446    C    4 1.358    H   48 0.945    C    2 0.104
    31  C   3.974    C   30 1.446    C    1 1.423    H   49 0.947    C    3 0.105
    32  H   0.996    C    1 0.948
    33  H   0.997    C    2 0.946
    34  H   0.998    C    3 0.947
    35  H   0.994    C    9 0.943
    36  H   0.993    C   10 0.942
    37  H   0.993    C   12 0.942
    38  H   0.993    C   13 0.942
    39  H   0.995    C   15 0.945
    40  H   0.995    C   16 0.945
    41  H   0.995    C   17 0.945
    42  H   0.993    C   19 0.942
    43  H   0.992    C   20 0.937
    44  H   0.995    C   25 0.943
    45  H   0.996    C   26 0.941
    46  H   0.996    C   27 0.945
    47  H   0.996    C   28 0.937
    48  H   0.999    C   30 0.945
    49  H   0.997    C   31 0.947
 
 --------------------------------------------
          xTB calculation for sTDA...
 --------------------------------------------
 
 reading parameter file /home/penavora/Exe_xtb_crest/.param_stda2.xtb
 
      method parameters     
 k(s)        :  1.6000
 k(p)        :  2.1800
 k(d)        :  1.9500
 k(f)        :  2.0000
 k(R-V)      :  2.2750
 k(R-R)      :  1.7650
 Tscal       :  0.2580
 Gscal       :  1.0000
 fpol        :  1.0000
 Zcnf        :  0.3430
 Zqf         :  0.0000
 kcn         :  2.7000
 Ryd Hsplit  :  0.7000
 lshift(virt):  3.1000
 lshift(OS)  :  0.2000
 wllscaling  :  2.6000
 
 mowrcut     : 3.000
 
  Z AO/shell   Hii/eV     exponent
  1     Sun Feb 14 09:53:25 CET 2016    EN: 2.327 GAM: 0.473  GM3: 0.0000
     1s    -14.339618    1.220000
     2sp    -3.348946    0.600000
  6     Sun Feb 14 09:53:25 CET 2016    EN: 2.731 GAM: 0.422  GM3: 0.0000
     2s    -22.009312    1.565095
     2p    -13.020408    1.596905
     3sp    -3.914040    0.824500
  7     Sun Feb 14 09:53:25 CET 2016    EN: 3.573 GAM: 0.504  GM3: 0.0000
     2s    -25.722000    2.064844
     2p    -18.684912    1.801692
     3sp    -4.344791    0.921400
 
 Nbf   :          338
 T(el) :     0.0
 calculating S/T integrals ...
 cpu time for ints    8.11154800000000     
 Nao   :          338
 making H0...
 making H1...
 cpu time for H      3.030000000000754E-003
 solving ...
 cpu time for diag   0.330867000000001     
 
 gap (eV)           :   5.871
 Koopmans IP (eV)   :  13.702
 Eel (Eh)           :  -124.463730

          eigenvalues
 #    :          60         61         62         63         64         65         66         67
 occ. :        2.000      2.000      2.000      2.000      2.000      2.000      2.000      2.000
 eps  :       -18.345    -17.943    -17.934    -17.454    -17.124    -16.889    -16.530    -16.267
 #    :          68         69         70         71         72         73         74         75
 occ. :        2.000      2.000      2.000      2.000      2.000      0.000      0.000      0.000
 eps  :       -16.228    -16.057    -15.666    -14.707    -13.703     -7.832     -6.809     -6.517
 #    :          76         77         78         79         80         81         82         83
 occ. :        0.000      0.000      0.000      0.000      0.000      0.000      0.000      0.000
 eps  :        -6.014     -5.699     -5.620     -5.523     -5.160     -4.874     -4.814     -4.725
                            1  SCC done.
 writing mo output ...
 molden style : F
 
speedup 32.84
cpu  time for all   11.56 s
wall time for all    0.35 s
