  81
 Etot=        -130.0132477815
 N         -7.7289406763        1.9252809002        0.5261522361
 C         -6.7389283946        1.3806041028        0.2586309064
 C         -5.5440336460        0.7524116321       -0.0199413879
 C         -5.1615759650       -0.4947083297        0.5866473953
 C         -6.1213237872       -1.3030071529        1.3452901771
 C         -5.6805961114       -2.0125914740        2.4635191553
 C         -6.5623842925       -2.7864181946        3.1915790986
 C         -7.8924501608       -2.8720833680        2.8100225526
 C         -8.3330080998       -2.1861514442        1.6896275291
 C         -7.4566185044       -1.4043266965        0.9601934648
 N         -3.9454230855       -0.9431329137        0.4942771571
 C         -2.9959043710       -0.2948482380       -0.2160614077
 C         -1.6731855835       -0.8107902576       -0.2860519709
 C         -0.6869217159       -0.1656722957       -1.0605154945
 C          0.5949102066       -0.6497978901       -1.1093270240
 C          0.9438261870       -1.7955460690       -0.3838854230
 N          2.2504527234       -2.3031674417       -0.4675703123
 C          2.5433689327       -3.5567575648       -0.9890336506
 C          1.6847761958       -4.5841161094       -1.3421183788
 C          2.2451762054       -5.7425196898       -1.8594025140
 C          3.6188112291       -5.8680108050       -2.0331968602
 C          4.4775434313       -4.8314142044       -1.7053182755
 C          3.9375242267       -3.6661808416       -1.1808823806
 C          4.5040734170       -2.4118415225       -0.7662986044
 C          5.8106328518       -1.9420383173       -0.7792317778
 C          6.0743791424       -0.6546698762       -0.3511643012
 C          5.0205867896        0.1204613092        0.1327639900
 C          3.6845129869       -0.3431039036        0.2316180628
 C          2.9544139415        0.6780311614        0.9299755947
 C          1.6611572106        0.7907771209        1.4355238266
 C          1.2929982088        1.9558850919        2.0759087648
 C          2.1872192962        3.0178761747        2.2295053995
 C          3.4873892150        2.9195011172        1.7839666875
 C          3.8745570392        1.7360249175        1.1630553274
 N          5.1057475196        1.3860367708        0.6728144411
 C          6.2671596914        2.1780263858        0.7195017059
 C          6.9819353498        2.4313040978       -0.4476651878
 C          8.1202838699        3.2153710652       -0.4002627136
 C          8.5481118958        3.7531733847        0.8029813403
 C          7.8365900809        3.5002360695        1.9647406026
 C          6.7006315423        2.7117893074        1.9292857849
 C          3.4164672475       -1.6093755002       -0.3084466502
 C         -0.0266641814       -2.4551403396        0.3773741652
 C         -1.3105034329       -1.9721905746        0.4264387098
 N         -3.3190292013        0.8373240206       -0.8783049064
 C         -4.5093142942        1.3553930910       -0.8170205277
 C         -4.7466764234        2.5806330969       -1.5864696419
 C         -3.7064475509        3.5009223603       -1.7290495404
 C         -3.8983016731        4.6668226760       -2.4431630580
 C         -5.1247496934        4.9271308355       -3.0348955173
 C         -6.1555860889        4.0090916037       -2.9148963772
 C         -5.9719019206        2.8422005289       -2.1963069082
 H         -4.6434880304       -1.9346494187        2.7539171878
 H         -6.2126202637       -3.3235749276        4.0610259767
 H         -8.5830881705       -3.4744302778        3.3811470586
 H         -9.3651784785       -2.2582717876        1.3796476033
 H         -7.8060595411       -0.8844120660        0.0800922083
 H         -0.9694650068        0.7120923108       -1.6208391159
 H          1.3451776750       -0.1576255466       -1.7103683979
 H          0.6162386698       -4.4876475697       -1.2277304402
 H          1.5980817648       -6.5612623836       -2.1365099461
 H          4.0191640072       -6.7855288816       -2.4377148288
 H          5.5418484973       -4.9260257168       -1.8563550212
 H          6.6095881845       -2.5763661605       -1.1285128333
 H          7.0794450427       -0.2637164504       -0.3589693659
 H          0.9540842888       -0.0149290573        1.3417390288
 H          0.2892848663        2.0504751808        2.4634056386
 H          1.8560605931        3.9232843659        2.7156694956
 H          4.1848581644        3.7328094747        1.9114909571
 H          6.6324973268        2.0261859807       -1.3856464486
 H          8.6707654332        3.4126519080       -1.3079771987
 H          9.4347756560        4.3680372668        0.8354830770
 H          8.1708997863        3.9125219631        2.9050135864
 H          6.1538527861        2.4945407491        2.8346033366
 H          0.2511296177       -3.3299651841        0.9470242510
 H         -2.0660947014       -2.4672659627        1.0169401906
 H         -2.7571966977        3.2895201893       -1.2595311885
 H         -3.0893904219        5.3763426321       -2.5381834951
 H         -5.2765287999        5.8406625150       -3.5902467753
 H         -7.1099697808        4.1996933620       -3.3833416400
 H         -6.7775306628        2.1266274963       -2.1209218739
  81
 Etot=        -130.0133880842
 N         -7.7339090783        1.9223834582        0.5198025568
 C         -6.7442626826        1.3798278869        0.2556116480
 C         -5.5457552032        0.7525500692       -0.0205163791
 C         -5.1609747274       -0.4937866120        0.5858490236
 C         -6.1208109086       -1.3013844796        1.3449314494
 C         -5.6786501070       -2.0117055453        2.4617119664
 C         -6.5604212258       -2.7854814539        3.1893554361
 C         -7.8902980522       -2.8711974267        2.8081685449
 C         -8.3313188188       -2.1841931385        1.6890514778
 C         -7.4559666351       -1.4010687876        0.9604268157
 N         -3.9454381891       -0.9392034038        0.4932379997
 C         -2.9932043210       -0.2947353100       -0.2150802097
 C         -1.6714245256       -0.8098614861       -0.2844681806
 C         -0.6848313978       -0.1638486427       -1.0580196835
 C          0.5961998010       -0.6487210491       -1.1072044695
 C          0.9441068545       -1.7954471198       -0.3829530330
 N          2.2504831129       -2.3035800108       -0.4668427741
 C          2.5430404600       -3.5555458368       -0.9888588934
 C          1.6843790682       -4.5828460081       -1.3421716157
 C          2.2445368200       -5.7402973864       -1.8589889740
 C          3.6183641612       -5.8660237282       -2.0319994757
 C          4.4767443645       -4.8300825208       -1.7046201888
 C          3.9372161312       -3.6646657476       -1.1809062790
 C          4.5035143176       -2.4107265680       -0.7666808863
 C          5.8102156721       -1.9408556369       -0.7796709774
 C          6.0743313386       -0.6544323053       -0.3521288099
 C          5.0209435846        0.1198463291        0.1321189557
 C          3.6851776290       -0.3434581739        0.2312952876
 C          2.9542233950        0.6776008262        0.9289301486
 C          1.6600422969        0.7905997126        1.4323753444
 C          1.2918266694        1.9547871927        2.0733789879
 C          2.1855232578        3.0158658645        2.2277668571
 C          3.4862623430        2.9173049997        1.7834906758
 C          3.8733176196        1.7348843209        1.1631340524
 N          5.1057807336        1.3854371422        0.6724078444
 C          6.2662042750        2.1776922357        0.7192597300
 C          6.9811993498        2.4313849029       -0.4472254912
 C          8.1200672327        3.2142997460       -0.3995845882
 C          8.5477027668        3.7518924501        0.8033228858
 C          7.8357150163        3.4994719197        1.9644306359
 C          6.6995534212        2.7116758758        1.9285794142
 C          3.4174716762       -1.6095561464       -0.3086982048
 C         -0.0265302594       -2.4552756250        0.3777621692
 C         -1.3095964457       -1.9718619197        0.4276381003
 N         -3.3208031061        0.8364887115       -0.8746717556
 C         -4.5093173057        1.3549291391       -0.8155743077
 C         -4.7472222113        2.5799412250       -1.5850201559
 C         -3.7061735839        3.4987242582       -1.7282878359
 C         -3.8980633988        4.6636872919       -2.4433562147
 C         -5.1243833838        4.9241795336       -3.0345866461
 C         -6.1552773370        4.0068345387       -2.9137761836
 C         -5.9727921810        2.8413941601       -2.1932462677
 H         -4.6415591418       -1.9349928995        2.7521056889
 H         -6.2107608878       -3.3233057376        4.0583957253
 H         -8.5806474394       -3.4736382221        3.3796280062
 H         -9.3636813224       -2.2560149404        1.3804828079
 H         -7.8063873143       -0.8793365108        0.0831093278
 H         -0.9668670392        0.7139115637       -1.6185108733
 H          1.3478311406       -0.1574268547       -1.7075800838
 H          0.6158205439       -4.4860824370       -1.2283859833
 H          1.5978745587       -6.5590635536       -2.1364026072
 H          4.0186905961       -6.7834207671       -2.4365423347
 H          5.5411904938       -4.9247736309       -1.8553766057
 H          6.6092077387       -2.5756628995       -1.1286598088
 H          7.0796074890       -0.2631262002       -0.3601139012
 H          0.9540327283       -0.0161731338        1.3396044082
 H          0.2890154050        2.0490077612        2.4619455866
 H          1.8551301159        3.9208811632        2.7148824952
 H          4.1844438702        3.7304367403        1.9116394578
 H          6.6322451902        2.0249979996       -1.3850143002
 H          8.6708540147        3.4112537806       -1.3070959768
 H          9.4344080266        4.3663954560        0.8359164215
 H          8.1695634768        3.9121007505        2.9046333871
 H          6.1518130031        2.4949951722        2.8335821889
 H          0.2519793285       -3.3309206996        0.9460591344
 H         -2.0650290231       -2.4668679469        1.0183475947
 H         -2.7563076847        3.2878008803       -1.2599899965
 H         -3.0892397445        5.3732317207       -2.5389276410
 H         -5.2758129774        5.8377483003       -3.5900605258
 H         -7.1094500919        4.1986042267       -3.3816377550
 H         -6.7787737527        2.1280810080       -2.1156690536
  81
 Etot=        -130.0134473476
 N         -7.7433692017        1.9178947420        0.5108930723
 C         -6.7510792480        1.3785499332        0.2506850647
 C         -5.5484189636        0.7531952330       -0.0210294116
 C         -5.1604926207       -0.4919864558        0.5858260187
 C         -6.1201429260       -1.2996227300        1.3450313756
 C         -5.6758911190       -2.0114224431        2.4596576673
 C         -6.5575449316       -2.7853759534        3.1870534919
 C         -7.8876820276       -2.8702072467        2.8069795290
 C         -8.3298344262       -2.1809559142        1.6898927399
 C         -7.4554421386       -1.3966821288        0.9616275646
 N         -3.9453866471       -0.9338180303        0.4931514307
 C         -2.9892046443       -0.2938232380       -0.2128620035
 C         -1.6687320191       -0.8081010261       -0.2817724426
 C         -0.6819915953       -0.1612751730       -1.0546997683
 C          0.5981870117       -0.6474374557       -1.1047331909
 C          0.9448105571       -1.7953923118       -0.3819218261
 N          2.2506898631       -2.3042653793       -0.4661064587
 C          2.5429168215       -3.5543422064       -0.9888003481
 C          1.6839442716       -4.5816684241       -1.3425639713
 C          2.2436234137       -5.7384241272       -1.8590795492
 C          3.6178659270       -5.8646811930       -2.0313715546
 C          4.4760739236       -4.8293498802       -1.7044647686
 C          3.9371142650       -3.6634551201       -1.1814445824
 C          4.5030607650       -2.4098054799       -0.7674844820
 C          5.8101702745       -1.9397133573       -0.7806519610
 C          6.0744002589       -0.6540503249       -0.3533809168
 C          5.0210217942        0.1195407626        0.1314015209
 C          3.6856593703       -0.3437304627        0.2305850457
 C          2.9539362103        0.6766643269        0.9283684714
 C          1.6591527067        0.7890683294        1.4306202469
 C          1.2900511113        1.9529949154        2.0711578918
 C          2.1829381157        3.0137539197        2.2262468597
 C          3.4844281008        2.9153939755        1.7830914198
 C          3.8714459951        1.7339605626        1.1629486061
 N          5.1054165952        1.3851773431        0.6718781950
 C          6.2647157432        2.1775512239        0.7190756507
 C          6.9807858827        2.4307244192       -0.4467127117
 C          8.1201356479        3.2126292105       -0.3988018537
 C          8.5472991317        3.7503947519        0.8039913900
 C          7.8341773154        3.4992053196        1.9644723540
 C          6.6975831921        2.7123325937        1.9280739007
 C          3.4187440283       -1.6096641544       -0.3094945488
 C         -0.0258379337       -2.4553454973        0.3785280067
 C         -1.3081753130       -1.9710839886        0.4295573244
 N         -3.3228261555        0.8365238012       -0.8696780646
 C         -4.5096656654        1.3550848769       -0.8135816337
 C         -4.7477340953        2.5796914261       -1.5834875141
 C         -3.7053222029        3.4962625391       -1.7282968982
 C         -3.8972100642        4.6604372642       -2.4444163831
 C         -5.1237618137        4.9212997801       -3.0347366708
 C         -6.1554791079        4.0054201129       -2.9116262803
 C         -5.9740582482        2.8411001416       -2.1893604838
 H         -4.6385804313       -1.9364228150        2.7493075892
 H         -6.2075830190       -3.3247160760        4.0550242307
 H         -8.5771970972       -3.4740517059        3.3779155218
 H         -9.3624646308       -2.2527431510        1.3826654869
 H         -7.8068469446       -0.8736821353        0.0863795327
 H         -0.9630174739        0.7179166640       -1.6134005761
 H          1.3518417812       -0.1566111935       -1.7031711227
 H          0.6153800565       -4.4840817322       -1.2292235011
 H          1.5973725047       -6.5572263671       -2.1370134194
 H          4.0179728654       -6.7824176866       -2.4351510600
 H          5.5407160000       -4.9240493195       -1.8546522805
 H          6.6089081903       -2.5748217934       -1.1302515803
 H          7.0796618789       -0.2620875912       -0.3617481383
 H          0.9539081047       -0.0181908988        1.3369718000
 H          0.2869392620        2.0476092304        2.4581293374
 H          1.8528835406        3.9188990603        2.7131810135
 H          4.1830714300        3.7283110589        1.9121997909
 H          6.6317304619        2.0239368552       -1.3844647857
 H          8.6715322505        3.4088059195       -1.3060759778
 H          9.4347523683        4.3636310333        0.8369377617
 H          8.1677443227        3.9116811441        2.9048037014
 H          6.1490869158        2.4957424123        2.8327696979
 H          0.2535725142       -3.3320652086        0.9449379930
 H         -2.0638405535       -2.4663293022        1.0197549004
 H         -2.7547873771        3.2854696775       -1.2615209407
 H         -3.0879839998        5.3692900029       -2.5418064478
 H         -5.2742321577        5.8340016019       -3.5918457803
 H         -7.1093092696        4.1980144042       -3.3795559392
 H         -6.7803870935        2.1294979208       -2.1100670570
  81
 Etot=        -130.0134554755
 N         -7.7468149103        1.9159124231        0.5060829946
 C         -6.7533598786        1.3773058226        0.2484638295
 C         -5.5496798717        0.7536426648       -0.0210626508
 C         -5.1605839002       -0.4910838244        0.5864136781
 C         -6.1198408055       -1.2994529761        1.3454293529
 C         -5.6747525386       -2.0121599755        2.4591093187
 C         -6.5561190362       -2.7865953814        3.1864568301
 C         -7.8866075237       -2.8706183147        2.8072608070
 C         -8.3294999311       -2.1802472214        1.6911110391
 C         -7.4553417414       -1.3957944835        0.9626377844
 N         -3.9453080220       -0.9317719495        0.4941367137
 C         -2.9878505849       -0.2926187072       -0.2112079042
 C         -1.6677156607       -0.8068352000       -0.2802026292
 C         -0.6808833814       -0.1597038675       -1.0527631802
 C          0.5990350280       -0.6466942983       -1.1035711445
 C          0.9451366821       -1.7953354130       -0.3816386234
 N          2.2507909912       -2.3046430034       -0.4660253500
 C          2.5430371228       -3.5542878281       -0.9890420657
 C          1.6839141767       -4.5816332099       -1.3430713043
 C          2.2433787232       -5.7384298020       -1.8595551622
 C          3.6177876066       -5.8649880957       -2.0316189697
 C          4.4760644001       -4.8297243624       -1.7048321164
 C          3.9372420111       -3.6635541172       -1.1819587825
 C          4.5030820499       -2.4098083242       -0.7681257817
 C          5.8103294392       -1.9393506855       -0.7815718885
 C          6.0742868687       -0.6537320956       -0.3541460885
 C          5.0207067456        0.1197328691        0.1311221408
 C          3.6855792969       -0.3439444034        0.2304935527
 C          2.9535988065        0.6762267636        0.9283717855
 C          1.6587389817        0.7882769650        1.4304050248
 C          1.2889785765        1.9525084042        2.0702285658
 C          2.1816109882        3.0134256856        2.2256715200
 C          3.4834532198        2.9151850391        1.7831112003
 C          3.8707061518        1.7337685289        1.1630226088
 N          5.1049631898        1.3853006047        0.6717975248
 C          6.2640438798        2.1776428482        0.7191651121
 C          6.9807523642        2.4303016515       -0.4464788847
 C          8.1204112866        3.2117308059       -0.3983654758
 C          8.5473896135        3.7495893700        0.8045399390
 C          7.8335729893        3.4991644525        1.9648360416
 C          6.6967026926        2.7127184066        1.9282173187
 C          3.4190836139       -1.6098243813       -0.3097645494
 C         -0.0254977342       -2.4552601911        0.3788012600
 C         -1.3077129986       -1.9704940627        0.4303257947
 N         -3.3232796784        0.8376360859       -0.8675290264
 C         -4.5101046162        1.3557721043       -0.8127604504
 C         -4.7477747245        2.5801278493       -1.5832556815
 C         -3.7047473656        3.4957970659       -1.7291472947
 C         -3.8963390541        4.6596283609       -2.4460336545
 C         -5.1231330340        4.9207629274       -3.0358486104
 C         -6.1554889718        4.0057245464       -2.9113787560
 C         -5.9742964778        2.8415835627       -2.1886561120
 H         -4.6371862277       -1.9377590444        2.7479307028
 H         -6.2056967780       -3.3268723023        4.0536584186
 H         -8.5758321093       -3.4746919101        3.3782341066
 H         -9.3625579855       -2.2510211181        1.3849706702
 H         -7.8073665918       -0.8717823961        0.0881572611
 H         -0.9615358087        0.7202599755       -1.6104300217
 H          1.3531784291       -0.1560580129       -1.7015046834
 H          0.6153777335       -4.4836033801       -1.2296492446
 H          1.5971767797       -6.5572090133       -2.1377592951
 H          4.0176601692       -6.7829310493       -2.4351615457
 H          5.5407339662       -4.9243368103       -1.8549194240
 H          6.6089416549       -2.5744209242       -1.1314741119
 H          7.0793998637       -0.2614930823       -0.3624923493
 H          0.9540447375       -0.0194605996        1.3373545697
 H          0.2855973778        2.0468848211        2.4567933291
 H          1.8513771240        3.9186752252        2.7123189173
 H          4.1818027308        3.7282466022        1.9123119431
 H          6.6318244360        2.0233436056       -1.3842079557
 H          8.6723235895        3.4072453632       -1.3054815745
 H          9.4351319422        4.3624316346        0.8376672880
 H          8.1667058811        3.9120284327        2.9051619725
 H          6.1475180178        2.4968466607        2.8326706955
 H          0.2540711137       -3.3322843040        0.9446340661
 H         -2.0635090405       -2.4656008116        1.0204684507
 H         -2.7540728588        3.2846452426       -1.2628710831
 H         -3.0867164608        5.3678699333       -2.5445194898
 H         -5.2733324037        5.8331665126       -3.5934456346
 H         -7.1096458340        4.1989047895       -3.3784740315
 H         -6.7811489183        2.1305781371       -2.1082772365
