  67
 Etot=        -107.5663591929
 O          2.3170801324        0.8988103497       -1.8668595059
 P          2.6829634314        0.3666823688       -0.5469861568
 C          1.8250627806        1.1636590740        0.8419315704
 C          1.4739600763        2.4921396482        0.6553453879
 C          0.8218007548        3.1831288906        1.6598761589
 C          0.5129243690        2.5424588901        2.8476730377
 C          0.8704947934        1.2178138983        3.0373125833
 C          1.5360997258        0.5284212783        2.0414045189
 C          4.4551278026        0.5303027178       -0.1695137947
 C          4.9923305638        0.0965224497        1.0357861138
 C          6.3444982416        0.2510168303        1.2772537124
 C          7.1584936661        0.8405580253        0.3214735707
 C          6.6217006861        1.2783155870       -0.8780052042
 C          5.2683620273        1.1240891931       -1.1226356532
 C          2.3522166559       -1.4160114951       -0.3835360044
 C          3.3375818342       -2.4410680531       -0.5685057536
 C          2.9875066207       -3.7950892126       -0.5152100592
 C          1.7006525305       -4.2151689841       -0.3050370020
 C          0.6775162564       -3.2127938976       -0.1252380677
 C          1.0716053940       -1.8238958733       -0.1888264899
 O          0.0000870943       -1.0098453094        0.0001214180
 C         -1.0713498456       -1.8240478976        0.1889456404
 C         -2.3520253042       -1.4163254725        0.3835742489
 P         -2.6829357903        0.3663272528        0.5470965165
 O         -2.3170460612        0.8984534848        1.8669708844
 C         -4.4550971036        0.5299144534        0.1696206629
 C         -5.2683145071        1.1239084113        1.1226275311
 C         -6.6216127311        1.2783104335        0.8778727168
 C         -7.1583761530        0.8405199069       -0.3216124192
 C         -6.3443979242        0.2507594637       -1.2772688532
 C         -4.9922706030        0.0960952355       -1.0356808870
 C         -1.8252215190        1.1634450838       -0.8418593677
 C         -1.5359322533        0.5282112526       -2.0412523243
 C         -0.8706187447        1.2178065612       -3.0372172018
 C         -0.5136782380        2.5426404820       -2.8477168188
 C         -0.8228765920        3.1832961401       -1.6599942327
 C         -1.4747452198        2.4921114397       -0.6554095179
 C         -3.3372933035       -2.4415194151        0.5683609506
 C         -2.9870572910       -3.7954895676        0.5149400675
 C         -1.7001302918       -4.2153961909        0.3048211914
 C         -0.6770920626       -3.2128840122        0.1252085752
 H          1.7065281140        2.9601861677       -0.2907158154
 H          0.5467529247        4.2179721755        1.5142176716
 H         -0.0146947003        3.0720835547        3.6266702444
 H          0.6209043172        0.7192633489        3.9621149605
 H          1.8130900102       -0.5066443558        2.1891127486
 H          4.3496775874       -0.3594937052        1.7752575378
 H          6.7678493410       -0.0867908568        2.2120896487
 H          8.2145599124        0.9594610438        0.5152446519
 H          7.2577908395        1.7384713690       -1.6199917393
 H          4.8205350885        1.4541847323       -2.0489386622
 H          4.3571631777       -2.1452797387       -0.7598489571
 H          3.7674856092       -4.5294851253       -0.6557580678
 H          1.4351429154       -5.2586925068       -0.2754139808
 H         -4.8205075216        1.4540327385        2.0489271387
 H         -7.2576895137        1.7386497329        1.6197623331
 H         -8.2144045388        0.9595859374       -0.5154767904
 H         -6.7677294265       -0.0870705009       -2.2121002809
 H         -4.3496187235       -0.3600853501       -1.7750575518
 H         -1.8124752738       -0.5069854348       -2.1888774464
 H         -0.6207436656        0.7192608295       -3.9619448849
 H          0.0137552971        3.0724132281       -3.6267389313
 H         -0.5483183109        4.2182840465       -1.5144421994
 H         -1.7076063314        2.9601653643        0.2905768466
 H         -4.3569173357       -2.1458652018        0.7596743381
 H         -3.7669573453       -4.5299967453        0.6553269883
 H         -1.4344992472       -5.2588851744        0.2750993418
  67
 Etot=        -107.5663871192
 O          2.3168709514        0.8988400790       -1.8665866931
 P          2.6828162965        0.3653065236       -0.5472080716
 C          1.8263375883        1.1638330110        0.8420465768
 C          1.4750427789        2.4923395752        0.6552973322
 C          0.8216225052        3.1828932847        1.6593076542
 C          0.5126454486        2.5420340228        2.8470846158
 C          0.8702900603        1.2173344049        3.0367406031
 C          1.5370936511        0.5283251583        2.0413511809
 C          4.4547559688        0.5316749900       -0.1688887111
 C          4.9918856828        0.0971617689        1.0361174466
 C          6.3442284642        0.2508279833        1.2772094198
 C          7.1582025469        0.8404506363        0.3214663247
 C          6.6213985812        1.2784190431       -0.8779375332
 C          5.2678534415        1.1253245394       -1.1221978214
 C          2.3532196480       -1.4170566494       -0.3838692950
 C          3.3377406766       -2.4403903393       -0.5680992126
 C          2.9878310437       -3.7941666687       -0.5145111203
 C          1.7008821329       -4.2148719065       -0.3054963200
 C          0.6780429570       -3.2136670140       -0.1257300463
 C          1.0716674382       -1.8253550106       -0.1890969921
 O          0.0000828214       -1.0110484412        0.0001066392
 C         -1.0714149823       -1.8255070884        0.1891810562
 C         -2.3530286897       -1.4173720909        0.3838928934
 P         -2.6827919806        0.3649485643        0.5473113847
 O         -2.3168270502        0.8984840569        1.8666853855
 C         -4.4547303738        0.5312797286        0.1689970156
 C         -5.2678160145        1.1251166685        1.1221993122
 C         -6.6213203140        1.2783829886        0.8778191589
 C         -7.1580919539        0.8403944542       -0.3215931650
 C         -6.3441314973        0.2505671372       -1.2772209274
 C         -4.9918284643        0.0967363189       -1.0360128257
 C         -1.8265026537        1.1636236646       -0.8419788574
 C         -1.5369433901        0.5281282035       -2.0412104079
 C         -0.8703998034        1.2173325661       -3.0366413887
 C         -0.5133641067        2.5422135347       -2.8471121728
 C         -0.8226798233        3.1830605500       -1.6594153794
 C         -1.4758129948        2.4923094436       -0.6553548415
 C         -3.3374451577       -2.4408439409        0.5679763647
 C         -2.9873756779       -3.7945694273        0.5142497242
 C         -1.7003601078       -4.2151034659        0.3052727245
 C         -0.6776232789       -3.2137589573        0.1256734093
 H          1.7079433267        2.9605936767       -0.2905893779
 H          0.5463384445        4.2176662242        1.5135803049
 H         -0.0142314059        3.0718865668        3.6264424461
 H          0.6203389584        0.7186166661        3.9613317381
 H          1.8141057331       -0.5067026748        2.1890118224
 H          4.3493235334       -0.3591982912        1.7754326750
 H          6.7675941477       -0.0874092215        2.2118718544
 H          8.2142634242        0.9593628527        0.5152642894
 H          7.2575914843        1.7379279173       -1.6202347810
 H          4.8202170657        1.4550499103       -2.0487243077
 H          4.3570038705       -2.1445739112       -0.7604329275
 H          3.7679965155       -4.5283450757       -0.6553147769
 H          1.4355707917       -5.2583754662       -0.2767650085
 H         -4.8201732680        1.4550001375        2.0486655699
 H         -7.2574873987        1.7381365894        1.6199880364
 H         -8.2141133101        0.9594826982       -0.5154943697
 H         -6.7674864208       -0.0877436795       -2.2118601141
 H         -4.3492844990       -0.3598729101       -1.7751930373
 H         -1.8135560962       -0.5070145193       -2.1888095635
 H         -0.6202573657        0.7186526737       -3.9612005249
 H          0.0132860482        3.0722290118       -3.6265127814
 H         -0.5478281067        4.2179598885       -1.5137680227
 H         -1.7089683554        2.9605557348        0.2904735122
 H         -4.3567535822       -2.1451625853        0.7602731816
 H         -3.7674615997       -4.5288580957        0.6549116977
 H         -1.4349272062       -5.2585730229        0.2764489102
