 
        ______________________________________
       |                                      |
       |          ===================         |
       |             xTB for sTDA             |
       |          ===================         |
       |               S. Grimme              |
       |        Universitaet Bonn, MCTC       |
       |         2015-19, Version 1.0         |
       |     Wed Apr  3 09:14:55 CEST 2019    |
       |______________________________________|
 
        This code comes without any warranty
        for non-commercial, academia use only.
        Preliminary test version.
        Cite this work as:
        S. Grimme  &  C. Bannwarth, JCP 145 (2016) 054103
        if GBSA is used additionally:
        P. Shushkov, F. März, C. Bannwarth, S. Grimme, unpublished.
 
        with help from
        P. Shushkov, G. Brandenburg, S. Dohm, J. Pisarek,
        F. März, M. Checinski, S. Ehrlich, S. Spicher, 
        P. Pracht, E. Caldeweyher, S. Ehlert, and C. Bannwarth.
 
        usage        :
        xtb4stda <coord_file> [options]
        where <coord_file> is a valid file of TM)
        (*coord, Bohr) or xmol (*xyz, Angstroem)
        format.

        options:
        -chrg <int>   : molecular charge
        -uhf  <int>   : # of unpaired electrons(=2*S)
        -nox          : skip second, extended part in sTDA-xTB
        -pop          : do population analysis
                      : (default for -nox)
        -mowr <real>  : cut MO write above (def.3 Eh)
        -molden       : write formatted molden file
        -parx <file>  : read parameters for sTDA-xTB
                        calc (def:~/.param_stda2.xtb)
        -parv <file>  : read parameters for vTB part in
                        sTDA-xTB (def: ~/.param_stda1.xtb)
        -xtemp <real> : el. temp for xTB (def. 0 K)
        -etemp <real> : el. temp for GFN (def. 300 K)
        -fod          : calculate the FOD and write
                        molden.input file with
                        appropriate occupations
                        for plotting. Def. T=12500 K
 
        -acc <real>   : xTB accuracy (def. 1.0)
        -gbsa [string1] [string2]
                        use GBSA implicit solvent
                        for solvent [string1] and
                        solvation state [string2]=
                        reference, bar1M (default=1M)
        additional GFN/opt/MD/siman options read from
        $XTB4STDAHOME/.xtb4stdarc or $set in input
 
       spin and charge state information can be on:
       <.CHRG> (charge) and <.UHF> (=nalpha-nbeta)
       -uhf and -chrg override the file info.
       useful machine settings:
       setenv MKL_NUM_THREADS <NCORE_ON_YOUR_MACHINE>
       setenv OMP_STACKSIZE 500m
       limit stacksize unlimited
 
       total energies in Eh, gaps/HL energies in eV
       please read REVISION and HOWTO files carefully
 =============================
  # OMP threads =          48
 =============================
 
 xtb4stdahome directory:/home/penavora/Exe_xtb_crest/
 
 
 name of molecule           :
 comment line               :
 number of atoms            :   145
 number of electrons        :   370
 charge                     :  0
 spin                       : 0.0
 first test random number   :  0.8411
 
 -----------------------------------------
      charge density (VTB) calculation
 -----------------------------------------
 
      method parameters     
 k(s)        :  1.8000
 k(p)        :  2.8350
 k(d)        :  2.0860
 k(f)        :  2.0000
 Tscal       :  0.3300
 Gscal       :  0.3910
 fpol        :  1.0000
 Zcnf        :  0.6500
 Zqf         :  0.0000
 kcn         :  0.3000
 kEN1        : -0.5900
 wllscal     :  2.6000
 
     -------------------------
     ! NO SOLVENT MODEL USED !
     -------------------------
 
 doing EN charges ...
 sum q :  0.1443290D-14
 point charge moment (au)
     X       Y       Z   
   0.2790   0.2153   0.7990  total (Debye):    2.220
 
            Z      q(EN)   CN      Cart. coordinates
     1  C   4.0  -0.252   4.050    -0.59422   -15.80094    -1.48323
     2  C   4.0   0.008   3.150    -0.51108   -12.97027    -1.44211
     3  C   4.0  -0.073   3.182    -2.36558   -11.56113    -2.65874
     4  C   4.0  -0.068   3.191    -2.28975    -8.95548    -2.67408
     5  C   4.0   0.090   3.264    -0.34385    -7.67081    -1.44420
     6  N   5.0  -0.312   3.246    -0.28396    -5.03451    -1.45860
     7  C   4.0   0.088   3.279     1.98990    -3.69722    -1.32612
     8  C   4.0  -0.068   3.200     2.12895    -1.47740     0.08984
     9  C   4.0  -0.071   3.194     4.33909    -0.10392     0.19167
    10  C   4.0   0.006   3.276     6.48018    -0.89906    -1.10403
    11  C   4.0  -0.055   4.299     8.94222     0.54090    -0.84717
    12  C   4.0   0.012   3.264    10.51564     0.50896    -3.22375
    13  C   4.0  -0.071   3.199    13.13807     0.38591    -3.14772
    14  C   4.0  -0.067   3.138    14.48807     0.49656    -5.38735
    15  C   4.0   0.028   3.215    13.16288     0.75289    -7.63137
    16  N   5.0  -0.217   2.120    10.66984     0.89017    -7.72987
    17  C   4.0   0.030   3.264     9.39321     0.76997    -5.59162
    18  C   4.0   0.001   3.429    10.29484    -0.49915     1.45515
    19  C   4.0  -0.066   3.214    11.14839    -2.91912     1.85418
    20  C   4.0   0.005   3.252    12.30466    -3.55219     4.14096
    21  C   4.0  -0.023   4.077    13.22293    -6.24838     4.52174
    22  C   4.0  -0.244   4.102    15.20200    -6.86744     2.49186
    23  C   4.0  -0.244   4.102    10.96312    -8.05224     4.27584
    24  C   4.0  -0.244   4.101    14.43261    -6.66904     7.11592
    25  C   4.0  -0.073   3.188    12.55588    -1.68244     5.97241
    26  C   4.0  -0.068   3.159    11.68715     0.76042     5.59130
    27  C   4.0  -0.004   3.337    10.54152     1.36265     3.32182
    28  C   4.0  -0.004   3.337     9.45407     3.69828     2.37529
    29  C   4.0  -0.068   3.159     9.20287     6.06957     3.44362
    30  C   4.0  -0.073   3.189     8.04963     7.97416     2.06215
    31  C   4.0   0.005   3.252     7.15393     7.58118    -0.37958
    32  C   4.0  -0.023   4.077     5.96911     9.67333    -1.95441
    33  C   4.0  -0.243   4.103     7.85428    10.39909    -4.03787
    34  C   4.0  -0.245   4.102     3.50120     8.74147    -3.16269
    35  C   4.0  -0.244   4.101     5.36199    12.03299    -0.39161
    36  C   4.0  -0.066   3.213     7.42812     5.18055    -1.44157
    37  C   4.0   0.000   3.429     8.53363     3.27178    -0.07051
    38  C   4.0  -0.070   3.192     6.35602    -3.13703    -2.47476
    39  C   4.0  -0.068   3.189     4.14270    -4.51280    -2.60620
    40  C   4.0   0.085   3.287    -2.53175    -3.63396    -1.37711
    41  C   4.0  -0.068   3.197    -2.75258    -1.45327    -2.83988
    42  C   4.0  -0.071   3.196    -4.84035     0.08399    -2.60528
    43  C   4.0   0.006   3.278    -6.76481    -0.51086    -0.91411
    44  C   4.0  -0.055   4.300    -8.80152     1.41851    -0.36744
    45  C   4.0   0.011   3.269    -9.73052     2.75066    -2.71257
    46  C   4.0  -0.071   3.198   -10.39050     5.29233    -2.69601
    47  C   4.0  -0.067   3.138   -11.36149     6.37200    -4.87366
    48  C   4.0   0.028   3.216   -11.66009     4.85890    -6.99032
    49  N   5.0  -0.217   2.120   -11.04975     2.43609    -7.02782
    50  C   4.0   0.031   3.263   -10.11341     1.42077    -4.95229
    51  C   4.0   0.000   3.431    -7.72059     3.18964     1.61716
    52  C   4.0  -0.066   3.216    -5.54152     4.59898     1.49869
    53  C   4.0   0.005   3.252    -4.77553     6.03270     3.57801
    54  C   4.0  -0.023   4.077    -2.31961     7.51681     3.39868
    55  C   4.0  -0.244   4.103    -0.14369     5.66810     2.86849
    56  C   4.0  -0.244   4.102    -1.69770     8.95719     5.82962
    57  C   4.0  -0.244   4.102    -2.54002     9.44332     1.24008
    58  C   4.0  -0.073   3.187    -6.28765     6.01726     5.72889
    59  C   4.0  -0.068   3.159    -8.48865     4.60174     5.86641
    60  C   4.0  -0.003   3.336    -9.20448     3.15785     3.80932
    61  C   4.0  -0.004   3.338   -11.31147     1.44449     3.41414
    62  C   4.0  -0.068   3.159   -13.31122     0.75683     4.94797
    63  C   4.0  -0.073   3.188   -15.06055    -0.97996     4.05981
    64  C   4.0   0.005   3.252   -14.86744    -2.05183     1.66680
    65  C   4.0  -0.023   4.077   -16.75758    -3.96504     0.65538
    66  C   4.0  -0.244   4.101   -18.86373    -4.57134     2.54428
    67  C   4.0  -0.244   4.102   -17.98032    -2.89937    -1.75042
    68  C   4.0  -0.244   4.102   -15.36043    -6.43282     0.04008
    69  C   4.0  -0.066   3.213   -12.84353    -1.33506     0.13052
    70  C   4.0   0.001   3.424   -11.09383     0.37560     1.00058
    71  C   4.0  -0.070   3.189    -6.59838    -2.74826     0.44707
    72  C   4.0  -0.068   3.187    -4.51734    -4.30731     0.21161
    73  C   4.0  -0.068   3.189     1.50923    -9.07275    -0.20391
    74  C   4.0  -0.073   3.181     1.42140   -11.68101    -0.22142
    75  H   1.0   0.082   0.999     0.65309   -16.59320    -0.05559
    76  H   1.0   0.081   0.999    -2.50671   -16.47825    -1.14548
    77  H   1.0   0.080   0.999     0.00599   -16.50330    -3.32549
    78  H   1.0   0.074   1.005    -3.88679   -12.52430    -3.62274
    79  H   1.0   0.076   1.006    -3.73736    -7.89153    -3.64332
    80  H   1.0   0.076   1.007     0.48905    -0.83696     1.12251
    81  H   1.0   0.077   1.008     4.39944     1.60222     1.30872
    82  H   1.0   0.076   1.006    14.10745     0.20382    -1.35911
    83  H   1.0   0.074   1.004    16.52512     0.39447    -5.38565
    84  H   1.0   0.075   1.004    14.12607     0.85648    -9.43220
    85  H   1.0   0.077   1.006     7.35761     0.86832    -5.77795
    86  H   1.0   0.077   1.007    10.91458    -4.31491     0.38469
    87  H   1.0   0.083   1.000    14.41286    -6.71479     0.60237
    88  H   1.0   0.082   0.999    16.79314    -5.57211     2.63278
    89  H   1.0   0.082   0.999    15.89941    -8.78506     2.74401
    90  H   1.0   0.082   0.999     9.53318    -7.59258     5.68041
    91  H   1.0   0.083   1.000    10.09889    -7.92643     2.41752
    92  H   1.0   0.082   0.999    11.57144    -9.99364     4.57343
    93  H   1.0   0.082   0.999    16.08068    -5.46738     7.36919
    94  H   1.0   0.082   1.000    15.04523    -8.62567     7.27550
    95  H   1.0   0.083   0.999    13.08913    -6.30060     8.62692
    96  H   1.0   0.076   1.007    13.44194    -2.11035     7.75573
    97  H   1.0   0.074   1.005    11.90520     2.16486     7.05641
    98  H   1.0   0.074   1.005     9.88960     6.44360     5.32908
    99  H   1.0   0.076   1.007     7.86875     9.80550     2.93599
   100  H   1.0   0.082   0.999     9.60357    11.09325    -3.20892
   101  H   1.0   0.082   0.999     7.06361    11.87568    -5.23024
   102  H   1.0   0.083   1.000     8.30302     8.77770    -5.21759
   103  H   1.0   0.083   1.000     3.84610     7.27323    -4.55452
   104  H   1.0   0.083   1.000     2.23938     7.99099    -1.72661
   105  H   1.0   0.082   0.999     2.55497    10.29859    -4.11561
   106  H   1.0   0.082   1.000     4.40493    13.41539    -1.57563
   107  H   1.0   0.083   0.999     7.07170    12.91059     0.33513
   108  H   1.0   0.082   1.000     4.12379    11.57171     1.18400
   109  H   1.0   0.077   1.007     6.77585     4.80141    -3.33518
   110  H   1.0   0.076   1.006     7.99886    -3.80077    -3.49038
   111  H   1.0   0.076   1.006     4.06831    -6.22676    -3.71183
   112  H   1.0   0.076   1.006    -1.24462    -0.95299    -4.12140
   113  H   1.0   0.076   1.007    -4.97384     1.77312    -3.74500
   114  H   1.0   0.076   1.006   -10.14416     6.40714    -1.00222
   115  H   1.0   0.074   1.004   -11.88211     8.34350    -4.92024
   116  H   1.0   0.075   1.004   -12.41992     5.60609    -8.73550
   117  H   1.0   0.076   1.006    -9.62302    -0.56186    -5.08588
   118  H   1.0   0.077   1.007    -4.41931     4.56962    -0.20384
   119  H   1.0   0.082   1.000     1.65124     6.67223     2.80448
   120  H   1.0   0.083   1.000    -0.39952     4.68949     1.08052
   121  H   1.0   0.082   1.000    -0.03783     4.25523     4.35943
   122  H   1.0   0.083   0.999    -1.48712     7.67015     7.41787
   123  H   1.0   0.083   0.999    -3.15483    10.33901     6.26722
   124  H   1.0   0.082   1.000     0.07968     9.96439     5.59186
   125  H   1.0   0.082   0.999    -4.11851    10.71567     1.58554
   126  H   1.0   0.083   1.000    -0.82161    10.56377     1.10757
   127  H   1.0   0.083   1.000    -2.84570     8.51645    -0.56679
   128  H   1.0   0.076   1.007    -5.75621     7.11293     7.36161
   129  H   1.0   0.074   1.005    -9.61113     4.61722     7.57108
   130  H   1.0   0.074   1.005   -13.51742     1.55598     6.81485
   131  H   1.0   0.076   1.007   -16.60343    -1.48992     5.28759
   132  H   1.0   0.082   1.000   -20.14961    -5.94559     1.71555
   133  H   1.0   0.082   0.999   -18.09941    -5.38097     4.27201
   134  H   1.0   0.082   0.999   -19.94922    -2.88909     3.00866
   135  H   1.0   0.082   0.999   -18.94636    -1.13279    -1.33236
   136  H   1.0   0.082   0.999   -19.35510    -4.23404    -2.49595
   137  H   1.0   0.083   1.000   -16.58184    -2.53482    -3.20871
   138  H   1.0   0.083   1.000   -13.91603    -6.14191    -1.38955
   139  H   1.0   0.082   0.999   -14.45416    -7.17659     1.72983
   140  H   1.0   0.082   0.999   -16.68541    -7.83951    -0.66171
   141  H   1.0   0.077   1.007   -12.63148    -2.11802    -1.74105
   142  H   1.0   0.076   1.007    -8.08625    -3.25307     1.74962
   143  H   1.0   0.076   1.006    -4.38798    -6.02045     1.31383
   144  H   1.0   0.076   1.006     3.00963    -8.10700     0.78761
   145  H   1.0   0.074   1.005     2.87650   -12.73259     0.75280
 
  Z AO/shell   Hii/eV     exponent
  1     Sat Feb 20 21:38:01 CET 2016    EN: 2.327 GAM: 0.473  GM3: 0.0000
     1s    -13.751157    1.051071
  6     Sat Feb 20 21:38:01 CET 2016    EN: 2.731 GAM: 0.422  GM3: 0.0000
     2s    -19.378245    2.021003
     2p    -11.993376    1.497917
  7     Sat Feb 20 21:38:01 CET 2016    EN: 3.573 GAM: 0.504  GM3: 0.0000
     2s    -21.576984    2.275442
     2p    -16.125120    2.056788
 
 dipole moment of classical point charges (au)
     X       Y       Z   
   0.2790   0.2153   0.7990  total (Debye):    2.220

 
 Nbf   :          367
 T(el) :   300.0
 calculating S/T integrals ...
 cpu time for ints    3.38707900000000     
 Nao   :          367
 making H0...
 making H1...
 cpu time for H      0.225313000000000     
 solving ...
 cpu time for diag    1.54111400000000     
 
 gap (eV)           :   5.313
 Koopmans IP (eV)   :  12.935
 Eel (Eh)           :  -287.861615
 T,E(Fermi),NFOD :    300.000   -10.279  0.000000
 T,E(Fermi),NFOD :    300.000   -10.279  0.000000
 Nfod               :  0.0000
 Nfod/Nel           :  0.0000

          eigenvalues
 #    :         173        174        175        176        177        178        179        180
 occ. :        2.000      2.000      2.000      2.000      2.000      2.000      2.000      2.000
 eps  :       -15.654    -15.623    -15.546    -15.521    -15.367    -15.364    -15.213    -15.197
 #    :         181        182        183        184        185        186        187        188
 occ. :        2.000      2.000      2.000      2.000      2.000      0.000      0.000      0.000
 eps  :       -15.009    -14.999    -14.080    -14.070    -12.936     -7.623     -7.621     -7.522
 #    :         189        190        191        192        193        194        195        196
 occ. :        0.000      0.000      0.000      0.000      0.000      0.000      0.000      0.000
 eps  :        -7.410     -7.364     -7.301     -6.665     -6.517     -6.416     -6.097     -5.943
                            1  SCC done.
 making H1...
 cpu time for H       1.78283500000000     
 solving ...
 cpu time for diag   0.874836999999999     
 
 gap (eV)           :   5.191
 Koopmans IP (eV)   :  12.662
 Eel (Eh)           :  -286.632766
 T,E(Fermi),NFOD :    300.000   -10.067  0.000000
 T,E(Fermi),NFOD :    300.000   -10.067  0.000000
 Nfod               :  0.0000
 Nfod/Nel           :  0.0000

          eigenvalues
 #    :         173        174        175        176        177        178        179        180
 occ. :        2.000      2.000      2.000      2.000      2.000      2.000      2.000      2.000
 eps  :       -15.392    -15.380    -15.310    -15.278    -15.153    -15.140    -14.970    -14.932
 #    :         181        182        183        184        185        186        187        188
 occ. :        2.000      2.000      2.000      2.000      2.000      0.000      0.000      0.000
 eps  :       -14.789    -14.768    -13.941    -13.929    -12.663     -7.472     -7.345     -7.331
 #    :         189        190        191        192        193        194        195        196
 occ. :        0.000      0.000      0.000      0.000      0.000      0.000      0.000      0.000
 eps  :        -7.297     -7.165     -7.158     -6.641     -6.492     -6.359     -6.016     -5.874
                            2  SCC done.
 
 
 Mulliken/CM5 charges    n(s)   n(p)   n(d)   
    1 C  -0.0846 -0.2301   1.079  3.005  0.000
    2 C  -0.0085 -0.0266   1.176  2.833  0.000
    3 C  -0.0481 -0.1021   1.137  2.911  0.000
    4 C  -0.0467 -0.0951   1.136  2.911  0.000
    5 C   0.0475  0.1036   1.173  2.779  0.000
    6 N  -0.1256 -0.3711   1.222  3.903  0.000
    7 C   0.0523  0.1078   1.175  2.772  0.000
    8 C  -0.0451 -0.0937   1.138  2.908  0.000
    9 C  -0.0412 -0.0943   1.140  2.901  0.000
   10 C  -0.0128 -0.0217   1.185  2.828  0.000
   11 C   0.0126  0.0083   1.210  2.777  0.000
   12 C   0.0063  0.0029   1.194  2.800  0.000
   13 C  -0.0218 -0.0727   1.153  2.869  0.000
   14 C  -0.0255 -0.0759   1.141  2.884  0.000
   15 C   0.0192  0.0448   1.156  2.824  0.000
   16 N  -0.1798 -0.3808   1.481  3.699  0.000
   17 C   0.0156  0.0437   1.163  2.821  0.000
   18 C  -0.0169 -0.0227   1.196  2.821  0.000
   19 C  -0.0448 -0.0970   1.144  2.901  0.000
   20 C  -0.0108 -0.0230   1.191  2.820  0.000
   21 C   0.0275 -0.0039   1.231  2.742  0.000
   22 C  -0.1021 -0.2504   1.104  2.998  0.000
   23 C  -0.1016 -0.2500   1.104  2.997  0.000
   24 C  -0.0998 -0.2491   1.101  2.999  0.000
   25 C  -0.0443 -0.0990   1.139  2.905  0.000
   26 C  -0.0350 -0.0881   1.139  2.896  0.000
   27 C  -0.0155 -0.0203   1.171  2.845  0.000
   28 C  -0.0156 -0.0206   1.171  2.845  0.000
   29 C  -0.0354 -0.0886   1.139  2.896  0.000
   30 C  -0.0450 -0.0997   1.139  2.906  0.000
   31 C  -0.0103 -0.0227   1.191  2.819  0.000
   32 C   0.0274 -0.0040   1.231  2.741  0.000
   33 C  -0.1011 -0.2491   1.105  2.996  0.000
   34 C  -0.1041 -0.2535   1.104  3.000  0.000
   35 C  -0.1008 -0.2503   1.101  2.999  0.000
   36 C  -0.0438 -0.0961   1.144  2.900  0.000
   37 C  -0.0148 -0.0207   1.196  2.819  0.000
   38 C  -0.0415 -0.0953   1.140  2.901  0.000
   39 C  -0.0421 -0.0912   1.136  2.906  0.000
   40 C   0.0526  0.1068   1.176  2.772  0.000
   41 C  -0.0396 -0.0884   1.137  2.902  0.000
   42 C  -0.0411 -0.0953   1.141  2.901  0.000
   43 C  -0.0102 -0.0192   1.185  2.825  0.000
   44 C   0.0131  0.0087   1.211  2.776  0.000
   45 C   0.0062  0.0029   1.194  2.799  0.000
   46 C  -0.0214 -0.0722   1.153  2.869  0.000
   47 C  -0.0254 -0.0758   1.141  2.884  0.000
   48 C   0.0193  0.0448   1.156  2.824  0.000
   49 N  -0.1797 -0.3806   1.481  3.699  0.000
   50 C   0.0156  0.0439   1.163  2.821  0.000
   51 C  -0.0176 -0.0234   1.197  2.821  0.000
   52 C  -0.0457 -0.0979   1.144  2.901  0.000
   53 C  -0.0110 -0.0233   1.191  2.820  0.000
   54 C   0.0272 -0.0042   1.232  2.741  0.000
   55 C  -0.1026 -0.2516   1.106  2.997  0.000
   56 C  -0.0999 -0.2493   1.101  2.999  0.000
   57 C  -0.1029 -0.2517   1.105  2.998  0.000
   58 C  -0.0443 -0.0989   1.139  2.905  0.000
   59 C  -0.0351 -0.0883   1.139  2.896  0.000
   60 C  -0.0154 -0.0203   1.171  2.845  0.000
   61 C  -0.0156 -0.0204   1.171  2.845  0.000
   62 C  -0.0350 -0.0882   1.139  2.896  0.000
   63 C  -0.0443 -0.0989   1.139  2.905  0.000
   64 C  -0.0098 -0.0219   1.191  2.819  0.000
   65 C   0.0277 -0.0036   1.231  2.741  0.000
   66 C  -0.1000 -0.2494   1.101  2.999  0.000
   67 C  -0.1014 -0.2498   1.104  2.997  0.000
   68 C  -0.1019 -0.2503   1.104  2.998  0.000
   69 C  -0.0433 -0.0955   1.144  2.899  0.000
   70 C  -0.0149 -0.0207   1.195  2.820  0.000
   71 C  -0.0392 -0.0921   1.139  2.900  0.000
   72 C  -0.0396 -0.0884   1.138  2.902  0.000
   73 C  -0.0482 -0.0970   1.136  2.912  0.000
   74 C  -0.0492 -0.1033   1.138  2.912  0.000
   75 H   0.0390  0.0919   0.961  0.000  0.000
   76 H   0.0405  0.0931   0.960  0.000  0.000
   77 H   0.0417  0.0939   0.958  0.000  0.000
   78 H   0.0379  0.0953   0.962  0.000  0.000
   79 H   0.0395  0.1012   0.961  0.000  0.000
   80 H   0.0415  0.1040   0.958  0.000  0.000
   81 H   0.0445  0.1055   0.955  0.000  0.000
   82 H   0.0412  0.1010   0.959  0.000  0.000
   83 H   0.0407  0.0976   0.959  0.000  0.000
   84 H   0.0502  0.1172   0.950  0.000  0.000
   85 H   0.0510  0.1211   0.949  0.000  0.000
   86 H   0.0414  0.1022   0.959  0.000  0.000
   87 H   0.0357  0.0897   0.964  0.000  0.000
   88 H   0.0331  0.0865   0.967  0.000  0.000
   89 H   0.0319  0.0851   0.968  0.000  0.000
   90 H   0.0340  0.0875   0.966  0.000  0.000
   91 H   0.0362  0.0903   0.964  0.000  0.000
   92 H   0.0316  0.0848   0.968  0.000  0.000
   93 H   0.0352  0.0889   0.965  0.000  0.000
   94 H   0.0339  0.0873   0.966  0.000  0.000
   95 H   0.0357  0.0894   0.964  0.000  0.000
   96 H   0.0434  0.1027   0.957  0.000  0.000
   97 H   0.0417  0.0989   0.958  0.000  0.000
   98 H   0.0416  0.0988   0.958  0.000  0.000
   99 H   0.0431  0.1023   0.957  0.000  0.000
  100 H   0.0332  0.0867   0.967  0.000  0.000
  101 H   0.0311  0.0843   0.969  0.000  0.000
  102 H   0.0362  0.0902   0.964  0.000  0.000
  103 H   0.0375  0.0915   0.963  0.000  0.000
  104 H   0.0358  0.0903   0.964  0.000  0.000
  105 H   0.0323  0.0856   0.968  0.000  0.000
  106 H   0.0340  0.0874   0.966  0.000  0.000
  107 H   0.0360  0.0898   0.964  0.000  0.000
  108 H   0.0347  0.0884   0.965  0.000  0.000
  109 H   0.0429  0.1041   0.957  0.000  0.000
  110 H   0.0435  0.1034   0.957  0.000  0.000
  111 H   0.0415  0.1028   0.959  0.000  0.000
  112 H   0.0412  0.1029   0.959  0.000  0.000
  113 H   0.0441  0.1042   0.956  0.000  0.000
  114 H   0.0411  0.1008   0.959  0.000  0.000
  115 H   0.0407  0.0975   0.959  0.000  0.000
  116 H   0.0502  0.1172   0.950  0.000  0.000
  117 H   0.0505  0.1204   0.950  0.000  0.000
  118 H   0.0422  0.1034   0.958  0.000  0.000
  119 H   0.0334  0.0872   0.967  0.000  0.000
  120 H   0.0368  0.0912   0.963  0.000  0.000
  121 H   0.0339  0.0874   0.966  0.000  0.000
  122 H   0.0357  0.0894   0.964  0.000  0.000
  123 H   0.0351  0.0887   0.965  0.000  0.000
  124 H   0.0338  0.0872   0.966  0.000  0.000
  125 H   0.0329  0.0863   0.967  0.000  0.000
  126 H   0.0330  0.0866   0.967  0.000  0.000
  127 H   0.0358  0.0899   0.964  0.000  0.000
  128 H   0.0433  0.1025   0.957  0.000  0.000
  129 H   0.0417  0.0990   0.958  0.000  0.000
  130 H   0.0417  0.0989   0.958  0.000  0.000
  131 H   0.0435  0.1027   0.957  0.000  0.000
  132 H   0.0340  0.0874   0.966  0.000  0.000
  133 H   0.0352  0.0888   0.965  0.000  0.000
  134 H   0.0354  0.0891   0.965  0.000  0.000
  135 H   0.0335  0.0869   0.966  0.000  0.000
  136 H   0.0316  0.0849   0.968  0.000  0.000
  137 H   0.0372  0.0913   0.963  0.000  0.000
  138 H   0.0362  0.0903   0.964  0.000  0.000
  139 H   0.0331  0.0865   0.967  0.000  0.000
  140 H   0.0318  0.0850   0.968  0.000  0.000
  141 H   0.0425  0.1034   0.958  0.000  0.000
  142 H   0.0445  0.1047   0.956  0.000  0.000
  143 H   0.0413  0.1024   0.959  0.000  0.000
  144 H   0.0397  0.1015   0.960  0.000  0.000
  145 H   0.0377  0.0950   0.962  0.000  0.000
 Hirshfeld charges for QMDFF written to <charges>
 
 Loewdin charges    n(s)   n(p)   n(d)
    1 C  -0.0863   1.005  3.081  0.000
    2 C   0.0001   1.132  2.868  0.000
    3 C  -0.0428   1.083  2.959  0.000
    4 C  -0.0441   1.083  2.961  0.000
    5 C   0.0446   1.136  2.819  0.000
    6 N  -0.0878   1.181  3.906  0.000
    7 C   0.0500   1.138  2.812  0.000
    8 C  -0.0427   1.085  2.957  0.000
    9 C  -0.0359   1.086  2.950  0.000
   10 C  -0.0093   1.144  2.866  0.000
   11 C   0.0188   1.170  2.812  0.000
   12 C   0.0071   1.153  2.839  0.000
   13 C  -0.0123   1.098  2.914  0.000
   14 C  -0.0213   1.088  2.934  0.000
   15 C   0.0197   1.109  2.871  0.000
   16 N  -0.1558   1.444  3.712  0.000
   17 C   0.0131   1.118  2.869  0.000
   18 C  -0.0143   1.156  2.858  0.000
   19 C  -0.0434   1.092  2.951  0.000
   20 C  -0.0064   1.150  2.857  0.000
   21 C   0.0412   1.190  2.769  0.000
   22 C  -0.1075   1.034  3.074  0.000
   23 C  -0.1070   1.033  3.074  0.000
   24 C  -0.1048   1.030  3.075  0.000
   25 C  -0.0403   1.086  2.954  0.000
   26 C  -0.0296   1.085  2.944  0.000
   27 C  -0.0128   1.128  2.885  0.000
   28 C  -0.0128   1.128  2.885  0.000
   29 C  -0.0300   1.085  2.945  0.000
   30 C  -0.0409   1.086  2.955  0.000
   31 C  -0.0058   1.150  2.856  0.000
   32 C   0.0413   1.190  2.769  0.000
   33 C  -0.1062   1.034  3.072  0.000
   34 C  -0.1105   1.033  3.077  0.000
   35 C  -0.1062   1.031  3.076  0.000
   36 C  -0.0427   1.092  2.951  0.000
   37 C  -0.0120   1.155  2.857  0.000
   38 C  -0.0358   1.087  2.949  0.000
   39 C  -0.0396   1.084  2.956  0.000
   40 C   0.0504   1.139  2.811  0.000
   41 C  -0.0367   1.085  2.952  0.000
   42 C  -0.0357   1.087  2.948  0.000
   43 C  -0.0065   1.144  2.863  0.000
   44 C   0.0193   1.170  2.811  0.000
   45 C   0.0071   1.154  2.839  0.000
   46 C  -0.0119   1.098  2.914  0.000
   47 C  -0.0212   1.088  2.933  0.000
   48 C   0.0197   1.109  2.871  0.000
   49 N  -0.1556   1.444  3.712  0.000
   50 C   0.0131   1.117  2.869  0.000
   51 C  -0.0150   1.157  2.858  0.000
   52 C  -0.0446   1.093  2.952  0.000
   53 C  -0.0067   1.150  2.857  0.000
   54 C   0.0411   1.190  2.769  0.000
   55 C  -0.1084   1.035  3.073  0.000
   56 C  -0.1050   1.030  3.075  0.000
   57 C  -0.1087   1.034  3.074  0.000
   58 C  -0.0402   1.086  2.954  0.000
   59 C  -0.0298   1.085  2.944  0.000
   60 C  -0.0127   1.128  2.885  0.000
   61 C  -0.0129   1.128  2.885  0.000
   62 C  -0.0297   1.085  2.944  0.000
   63 C  -0.0402   1.086  2.954  0.000
   64 C  -0.0054   1.150  2.856  0.000
   65 C   0.0415   1.189  2.769  0.000
   66 C  -0.1051   1.030  3.075  0.000
   67 C  -0.1068   1.033  3.074  0.000
   68 C  -0.1073   1.033  3.074  0.000
   69 C  -0.0420   1.092  2.950  0.000
   70 C  -0.0123   1.155  2.858  0.000
   71 C  -0.0338   1.086  2.948  0.000
   72 C  -0.0368   1.085  2.952  0.000
   73 C  -0.0458   1.084  2.962  0.000
   74 C  -0.0442   1.084  2.960  0.000
   75 H   0.0384   0.962  0.000  0.000
   76 H   0.0396   0.960  0.000  0.000
   77 H   0.0407   0.959  0.000  0.000
   78 H   0.0305   0.969  0.000  0.000
   79 H   0.0316   0.968  0.000  0.000
   80 H   0.0336   0.966  0.000  0.000
   81 H   0.0363   0.964  0.000  0.000
   82 H   0.0318   0.968  0.000  0.000
   83 H   0.0331   0.967  0.000  0.000
   84 H   0.0395   0.961  0.000  0.000
   85 H   0.0403   0.960  0.000  0.000
   86 H   0.0348   0.965  0.000  0.000
   87 H   0.0360   0.964  0.000  0.000
   88 H   0.0330   0.967  0.000  0.000
   89 H   0.0323   0.968  0.000  0.000
   90 H   0.0338   0.966  0.000  0.000
   91 H   0.0365   0.963  0.000  0.000
   92 H   0.0321   0.968  0.000  0.000
   93 H   0.0354   0.965  0.000  0.000
   94 H   0.0344   0.966  0.000  0.000
   95 H   0.0358   0.964  0.000  0.000
   96 H   0.0365   0.963  0.000  0.000
   97 H   0.0338   0.966  0.000  0.000
   98 H   0.0337   0.966  0.000  0.000
   99 H   0.0363   0.964  0.000  0.000
  100 H   0.0332   0.967  0.000  0.000
  101 H   0.0315   0.968  0.000  0.000
  102 H   0.0361   0.964  0.000  0.000
  103 H   0.0380   0.962  0.000  0.000
  104 H   0.0362   0.964  0.000  0.000
  105 H   0.0329   0.967  0.000  0.000
  106 H   0.0345   0.966  0.000  0.000
  107 H   0.0364   0.964  0.000  0.000
  108 H   0.0350   0.965  0.000  0.000
  109 H   0.0360   0.964  0.000  0.000
  110 H   0.0357   0.964  0.000  0.000
  111 H   0.0334   0.967  0.000  0.000
  112 H   0.0331   0.967  0.000  0.000
  113 H   0.0364   0.964  0.000  0.000
  114 H   0.0317   0.968  0.000  0.000
  115 H   0.0331   0.967  0.000  0.000
  116 H   0.0395   0.961  0.000  0.000
  117 H   0.0398   0.960  0.000  0.000
  118 H   0.0356   0.964  0.000  0.000
  119 H   0.0341   0.966  0.000  0.000
  120 H   0.0374   0.963  0.000  0.000
  121 H   0.0337   0.966  0.000  0.000
  122 H   0.0358   0.964  0.000  0.000
  123 H   0.0353   0.965  0.000  0.000
  124 H   0.0343   0.966  0.000  0.000
  125 H   0.0329   0.967  0.000  0.000
  126 H   0.0337   0.966  0.000  0.000
  127 H   0.0362   0.964  0.000  0.000
  128 H   0.0364   0.964  0.000  0.000
  129 H   0.0338   0.966  0.000  0.000
  130 H   0.0338   0.966  0.000  0.000
  131 H   0.0366   0.963  0.000  0.000
  132 H   0.0344   0.966  0.000  0.000
  133 H   0.0354   0.965  0.000  0.000
  134 H   0.0356   0.964  0.000  0.000
  135 H   0.0334   0.967  0.000  0.000
  136 H   0.0321   0.968  0.000  0.000
  137 H   0.0373   0.963  0.000  0.000
  138 H   0.0365   0.963  0.000  0.000
  139 H   0.0331   0.967  0.000  0.000
  140 H   0.0322   0.968  0.000  0.000
  141 H   0.0357   0.964  0.000  0.000
  142 H   0.0361   0.964  0.000  0.000
  143 H   0.0331   0.967  0.000  0.000
  144 H   0.0320   0.968  0.000  0.000
  145 H   0.0306   0.969  0.000  0.000
 
 Wiberg/Mayer (AO) data. WBOs > 0.1 written file <wbo>
 largest (>0.05) Wiberg bond orders for each atom
           total WBO             WBO to atom ...
     1  C   3.987    C    2 0.992    H   75 0.979    H   76 0.976    H   77 0.970
     2  C   3.951    C   74 1.394    C    3 1.386    C    1 0.992    C    5 0.103
     3  C   3.973    C    4 1.451    C    2 1.386    H   78 0.945    C   73 0.105
     4  C   3.970    C    3 1.451    C    5 1.365    H   79 0.945    C   74 0.104
     5  C   3.936    C   73 1.371    C    4 1.365    N    6 1.003    C    2 0.103
     6  N   3.337    C    5 1.003    C    7 1.000    C   40 0.988
     7  C   3.933    C   39 1.369    C    8 1.364    N    6 1.000    C   10 0.103
     8  C   3.968    C    9 1.451    C    7 1.364    H   80 0.943    C   38 0.104
     9  C   3.970    C    8 1.451    C   10 1.386    H   81 0.941    C   39 0.103
    10  C   3.942    C   38 1.386    C    9 1.386    C   11 0.923    C    7 0.103
    11  C   3.926    C   12 0.927    C   10 0.923    C   37 0.922    C   18 0.922
    12  C   3.942    C   13 1.390    C   17 1.384    C   11 0.927    C   15 0.105
    13  C   3.968    C   14 1.420    C   12 1.390    H   82 0.943    N   16 0.119
    14  C   3.971    C   15 1.436    C   13 1.420    H   83 0.946    C   17 0.103
    15  C   3.960    C   14 1.436    N   16 1.415    H   84 0.948    C   12 0.105
    16  N   3.114    C   17 1.434    C   15 1.415    C   13 0.119
    17  C   3.956    N   16 1.434    C   12 1.384    H   85 0.947    C   14 0.103
    18  C   3.941    C   19 1.442    C   27 1.299    C   11 0.922    C   25 0.102
    19  C   3.969    C   18 1.442    C   20 1.366    H   86 0.942    C   26 0.097
    20  C   3.925    C   25 1.400    C   19 1.366    C   21 0.939    C   27 0.099
    21  C   3.920    C   24 0.976    C   23 0.966    C   22 0.966    C   20 0.939
    22  C   3.980    H   88 0.978    H   89 0.978    H   87 0.976    C   21 0.966
    23  C   3.980    H   90 0.978    H   92 0.978    H   91 0.976    C   21 0.966
    24  C   3.982    H   94 0.978    H   93 0.978    H   95 0.978    C   21 0.976
    25  C   3.969    C   26 1.429    C   20 1.400    H   96 0.943    C   18 0.102
    26  C   3.957    C   25 1.429    C   27 1.381    H   97 0.943    C   19 0.097
    27  C   3.952    C   26 1.381    C   18 1.299    C   28 1.038    C   20 0.099
    28  C   3.952    C   29 1.381    C   37 1.300    C   27 1.038    C   31 0.099
    29  C   3.957    C   30 1.430    C   28 1.381    H   98 0.943    C   36 0.097
    30  C   3.970    C   29 1.430    C   31 1.399    H   99 0.943    C   37 0.102
    31  C   3.925    C   30 1.399    C   36 1.367    C   32 0.939    C   28 0.099
    32  C   3.920    C   35 0.975    C   34 0.968    C   33 0.964    C   31 0.939
    33  C   3.979    H  100 0.978    H  101 0.978    H  102 0.977    C   32 0.964
    34  C   3.980    H  105 0.978    H  104 0.976    H  103 0.975    C   32 0.968
    35  C   3.981    H  106 0.978    H  108 0.978    H  107 0.977    C   32 0.975
    36  C   3.969    C   37 1.442    C   31 1.367    H  109 0.942    C   29 0.097
    37  C   3.941    C   36 1.442    C   28 1.300    C   11 0.922    C   30 0.102
    38  C   3.968    C   39 1.446    C   10 1.386    H  110 0.942    C    8 0.104
    39  C   3.967    C   38 1.446    C    7 1.369    H  111 0.944    C    9 0.103
    40  C   3.932    C   72 1.377    C   41 1.365    N    6 0.988    C   43 0.106
    41  C   3.968    C   42 1.454    C   40 1.365    H  112 0.944    C   71 0.103
    42  C   3.969    C   41 1.454    C   43 1.378    H  113 0.942    C   72 0.104
    43  C   3.942    C   71 1.394    C   42 1.378    C   44 0.925    C   40 0.106
    44  C   3.926    C   43 0.925    C   45 0.925    C   70 0.924    C   51 0.921
    45  C   3.942    C   46 1.390    C   50 1.384    C   44 0.925    C   48 0.105
    46  C   3.968    C   47 1.420    C   45 1.390    H  114 0.943    N   49 0.119
    47  C   3.971    C   48 1.435    C   46 1.420    H  115 0.946    C   50 0.103
    48  C   3.960    C   47 1.435    N   49 1.415    H  116 0.948    C   45 0.105
    49  N   3.114    C   50 1.434    C   48 1.415    C   46 0.119
    50  C   3.956    N   49 1.434    C   45 1.384    H  117 0.947    C   47 0.103
    51  C   3.940    C   52 1.441    C   60 1.300    C   44 0.921    C   58 0.102
    52  C   3.969    C   51 1.441    C   53 1.367    H  118 0.941    C   59 0.098
    53  C   3.925    C   58 1.400    C   52 1.367    C   54 0.938    C   60 0.098
    54  C   3.919    C   56 0.976    C   57 0.966    C   55 0.965    C   53 0.938
    55  C   3.979    H  121 0.978    H  119 0.976    H  120 0.975    C   54 0.965
    56  C   3.981    H  124 0.978    H  122 0.978    H  123 0.977    C   54 0.976
    57  C   3.980    H  125 0.978    H  126 0.977    H  127 0.976    C   54 0.966
    58  C   3.969    C   59 1.430    C   53 1.400    H  128 0.943    C   51 0.102
    59  C   3.957    C   58 1.430    C   60 1.380    H  129 0.943    C   52 0.098
    60  C   3.952    C   59 1.380    C   51 1.300    C   61 1.038    C   53 0.098
    61  C   3.952    C   62 1.382    C   70 1.299    C   60 1.038    C   64 0.099
    62  C   3.957    C   63 1.429    C   61 1.382    H  130 0.943    C   69 0.097
    63  C   3.970    C   62 1.429    C   64 1.401    H  131 0.943    C   70 0.101
    64  C   3.925    C   63 1.401    C   69 1.365    C   65 0.939    C   61 0.099
    65  C   3.920    C   66 0.976    C   67 0.966    C   68 0.966    C   64 0.939
    66  C   3.982    H  132 0.978    H  133 0.978    H  134 0.978    C   65 0.976
    67  C   3.980    H  135 0.978    H  136 0.978    H  137 0.976    C   65 0.966
    68  C   3.980    H  139 0.978    H  140 0.978    H  138 0.976    C   65 0.966
    69  C   3.969    C   70 1.443    C   64 1.365    H  141 0.942    C   62 0.097
    70  C   3.941    C   69 1.443    C   61 1.299    C   44 0.924    C   63 0.101
    71  C   3.969    C   72 1.440    C   43 1.394    H  142 0.942    C   41 0.103
    72  C   3.969    C   71 1.440    C   40 1.377    H  143 0.944    C   42 0.104
    73  C   3.970    C   74 1.442    C    5 1.371    H  144 0.944    C    3 0.105
    74  C   3.972    C   73 1.442    C    2 1.394    H  145 0.944    C    4 0.104
    75  H   0.997    C    1 0.979
    76  H   0.997    C    1 0.976
    77  H   0.997    C    1 0.970
    78  H   0.998    C    3 0.945
    79  H   0.997    C    4 0.945
    80  H   0.997    C    8 0.943
    81  H   0.997    C    9 0.941
    82  H   0.998    C   13 0.943
    83  H   0.997    C   14 0.946
    84  H   0.995    C   15 0.948
    85  H   0.997    C   17 0.947
    86  H   0.997    C   19 0.942
    87  H   0.999    C   22 0.976
    88  H   0.999    C   22 0.978
    89  H   0.997    C   22 0.978
    90  H   0.999    C   23 0.978
    91  H   0.999    C   23 0.976
    92  H   0.997    C   23 0.978
    93  H   0.999    C   24 0.978
    94  H   0.997    C   24 0.978
    95  H   0.999    C   24 0.978
    96  H   0.994    C   25 0.943
    97  H   0.994    C   26 0.943
    98  H   0.994    C   29 0.943
    99  H   0.994    C   30 0.943
   100  H   0.999    C   33 0.978
   101  H   0.997    C   33 0.978
   102  H   0.999    C   33 0.977
   103  H   0.999    C   34 0.975
   104  H   0.999    C   34 0.976
   105  H   0.997    C   34 0.978
   106  H   0.997    C   35 0.978
   107  H   0.999    C   35 0.977
   108  H   0.999    C   35 0.978
   109  H   0.997    C   36 0.942
   110  H   0.997    C   38 0.942
   111  H   0.997    C   39 0.944
   112  H   0.997    C   41 0.944
   113  H   0.997    C   42 0.942
   114  H   0.998    C   46 0.943
   115  H   0.997    C   47 0.946
   116  H   0.995    C   48 0.948
   117  H   0.997    C   50 0.947
   118  H   0.997    C   52 0.941
   119  H   0.997    C   55 0.976
   120  H   0.999    C   55 0.975
   121  H   0.999    C   55 0.978
   122  H   0.999    C   56 0.978
   123  H   0.999    C   56 0.977
   124  H   0.998    C   56 0.978
   125  H   0.999    C   57 0.978
   126  H   0.997    C   57 0.977
   127  H   0.999    C   57 0.976
   128  H   0.994    C   58 0.943
   129  H   0.994    C   59 0.943
   130  H   0.994    C   62 0.943
   131  H   0.994    C   63 0.943
   132  H   0.997    C   66 0.978
   133  H   0.999    C   66 0.978
   134  H   0.999    C   66 0.978
   135  H   0.999    C   67 0.978
   136  H   0.997    C   67 0.978
   137  H   0.999    C   67 0.976
   138  H   0.999    C   68 0.976
   139  H   0.999    C   68 0.978
   140  H   0.997    C   68 0.978
   141  H   0.997    C   69 0.942
   142  H   0.997    C   71 0.942
   143  H   0.997    C   72 0.944
   144  H   0.998    C   73 0.944
   145  H   0.998    C   74 0.944
 
 --------------------------------------------
          xTB calculation for sTDA...
 --------------------------------------------
 
 reading parameter file /home/penavora/Exe_xtb_crest/.param_stda2.xtb
 
      method parameters     
 k(s)        :  1.6000
 k(p)        :  2.1800
 k(d)        :  1.9500
 k(f)        :  2.0000
 k(R-V)      :  2.2750
 k(R-R)      :  1.7650
 Tscal       :  0.2580
 Gscal       :  1.0000
 fpol        :  1.0000
 Zcnf        :  0.3430
 Zqf         :  0.0000
 kcn         :  2.7000
 Ryd Hsplit  :  0.7000
 lshift(virt):  3.1000
 lshift(OS)  :  0.2000
 wllscaling  :  2.6000
 
 mowrcut     : 3.000
 
  Z AO/shell   Hii/eV     exponent
  1     Sun Feb 14 09:53:25 CET 2016    EN: 2.327 GAM: 0.473  GM3: 0.0000
     1s    -14.339618    1.220000
     2sp    -3.348946    0.600000
  6     Sun Feb 14 09:53:25 CET 2016    EN: 2.731 GAM: 0.422  GM3: 0.0000
     2s    -22.009312    1.565095
     2p    -13.020408    1.596905
     3sp    -3.914040    0.824500
  7     Sun Feb 14 09:53:25 CET 2016    EN: 3.573 GAM: 0.504  GM3: 0.0000
     2s    -25.722000    2.064844
     2p    -18.684912    1.801692
     3sp    -4.344791    0.921400
 
 Nbf   :          947
 T(el) :     0.0
 calculating S/T integrals ...
 cpu time for ints    5.61661500000000     
 Nao   :          947
 making H0...
 making H1...
 cpu time for H      3.234800000000071E-002
 solving ...
 cpu time for diag    1.54333400000000     
 
 gap (eV)           :   6.744
 Koopmans IP (eV)   :  13.562
 Eel (Eh)           :  -315.809535

          eigenvalues
 #    :         173        174        175        176        177        178        179        180
 occ. :        2.000      2.000      2.000      2.000      2.000      2.000      2.000      2.000
 eps  :       -16.381    -16.217    -16.127    -16.075    -16.040    -16.031    -15.960    -15.940
 #    :         181        182        183        184        185        186        187        188
 occ. :        2.000      2.000      2.000      2.000      2.000      0.000      0.000      0.000
 eps  :       -15.831    -15.812    -14.979    -14.962    -13.563     -6.819     -6.807     -6.184
 #    :         189        190        191        192        193        194        195        196
 occ. :        0.000      0.000      0.000      0.000      0.000      0.000      0.000      0.000
 eps  :        -6.177     -6.131     -6.124     -6.099     -5.989     -5.860     -5.768     -5.722
                            1  SCC done.
 writing mo output ...
 molden style : F
 
speedup 10.40
cpu  time for all   16.55 s
wall time for all    1.59 s
