 
        ______________________________________
       |                                      |
       |          ===================         |
       |             xTB for sTDA             |
       |          ===================         |
       |               S. Grimme              |
       |        Universitaet Bonn, MCTC       |
       |         2015-19, Version 1.0         |
       |     Wed Apr  3 09:14:55 CEST 2019    |
       |______________________________________|
 
        This code comes without any warranty
        for non-commercial, academia use only.
        Preliminary test version.
        Cite this work as:
        S. Grimme  &  C. Bannwarth, JCP 145 (2016) 054103
        if GBSA is used additionally:
        P. Shushkov, F. März, C. Bannwarth, S. Grimme, unpublished.
 
        with help from
        P. Shushkov, G. Brandenburg, S. Dohm, J. Pisarek,
        F. März, M. Checinski, S. Ehrlich, S. Spicher, 
        P. Pracht, E. Caldeweyher, S. Ehlert, and C. Bannwarth.
 
        usage        :
        xtb4stda <coord_file> [options]
        where <coord_file> is a valid file of TM)
        (*coord, Bohr) or xmol (*xyz, Angstroem)
        format.

        options:
        -chrg <int>   : molecular charge
        -uhf  <int>   : # of unpaired electrons(=2*S)
        -nox          : skip second, extended part in sTDA-xTB
        -pop          : do population analysis
                      : (default for -nox)
        -mowr <real>  : cut MO write above (def.3 Eh)
        -molden       : write formatted molden file
        -parx <file>  : read parameters for sTDA-xTB
                        calc (def:~/.param_stda2.xtb)
        -parv <file>  : read parameters for vTB part in
                        sTDA-xTB (def: ~/.param_stda1.xtb)
        -xtemp <real> : el. temp for xTB (def. 0 K)
        -etemp <real> : el. temp for GFN (def. 300 K)
        -fod          : calculate the FOD and write
                        molden.input file with
                        appropriate occupations
                        for plotting. Def. T=12500 K
 
        -acc <real>   : xTB accuracy (def. 1.0)
        -gbsa [string1] [string2]
                        use GBSA implicit solvent
                        for solvent [string1] and
                        solvation state [string2]=
                        reference, bar1M (default=1M)
        additional GFN/opt/MD/siman options read from
        $XTB4STDAHOME/.xtb4stdarc or $set in input
 
       spin and charge state information can be on:
       <.CHRG> (charge) and <.UHF> (=nalpha-nbeta)
       -uhf and -chrg override the file info.
       useful machine settings:
       setenv MKL_NUM_THREADS <NCORE_ON_YOUR_MACHINE>
       setenv OMP_STACKSIZE 500m
       limit stacksize unlimited
 
       total energies in Eh, gaps/HL energies in eV
       please read REVISION and HOWTO files carefully
 =============================
  # OMP threads =          48
 =============================
 
 xtb4stdahome directory:/home/penavora/Exe_xtb_crest/
 
 argument            1 :--gbsa
 argument            2 :toluene
 
 name of molecule           :
 comment line               :
 number of atoms            :    83
 number of electrons        :   210
 charge                     :  0
 spin                       : 0.0
 first test random number   :  0.2496
 
 -----------------------------------------
      charge density (VTB) calculation
 -----------------------------------------
 
      method parameters     
 k(s)        :  1.8000
 k(p)        :  2.8350
 k(d)        :  2.0860
 k(f)        :  2.0000
 Tscal       :  0.3300
 Gscal       :  0.3910
 fpol        :  1.0000
 Zcnf        :  0.6500
 Zqf         :  0.0000
 kcn         :  0.3000
 kEN1        : -0.5900
 wllscal     :  2.6000
 
 Solvent             : toluene
 GBSA parameter file : /home/penavora/Exe_xtb_crest/.param_gbsa_toluene
 Gsolv ref. state (COSMO-RS): gsolv [1 M gas/solution]
 temperature (mdtemp)       :    298.150000000000     
 dielectric constant        :    7.00000000000000     
 rho                        :   0.867000000000000     
 mass                       :    92.1400000000000     
 surface tension            :    15.5689470637553     
 probe radius               :   0.641644990000000     
 vdW radii scaling          :    1.00000000000000     
 Gshift (Eh)                :   4.228772547061559E-003
 c1                         :    1.59772343000000     
 soset                      :   0.281999450000000     
 HB correction              :  F
 
 doing EN charges ...
 sum q : -0.3330669D-15
 point charge moment (au)
     X       Y       Z   
  -0.5221   0.0293   0.2134  total (Debye):    1.436
 
            Z      q(EN)   CN      Cart. coordinates
     1  C   4.0  -0.241   4.020   -10.24880     6.90649    -4.28079
     2  C   4.0  -0.161   4.036   -10.52376     4.71219    -2.43453
     3  C   4.0  -0.163   4.132   -10.18441     2.17131    -3.76180
     4  C   4.0  -0.033   4.231   -10.46637    -0.10954    -1.97470
     5  C   4.0  -0.163   4.132   -10.08130    -2.56802    -3.48568
     6  C   4.0  -0.161   4.036   -10.32973    -4.94995    -1.87398
     7  C   4.0  -0.241   4.019    -9.95522    -7.33071    -3.45236
     8  C   4.0   0.001   3.411   -12.99172    -0.08520    -0.64262
     9  C   4.0  -0.067   3.161   -15.38393    -0.19443    -1.66871
    10  C   4.0  -0.073   3.148   -17.45737    -0.14109    -0.05969
    11  C   4.0  -0.073   3.147   -17.13750     0.01783     2.53648
    12  C   4.0  -0.068   3.158   -14.74019     0.12681     3.58499
    13  C   4.0  -0.004   3.342   -12.66798     0.07509     1.98508
    14  C   4.0  -0.004   3.342    -9.97839     0.16213     2.52527
    15  C   4.0  -0.067   3.155    -8.68786     0.32000     4.80125
    16  C   4.0  -0.075   3.193    -6.07748     0.37169     4.77116
    17  C   4.0  -0.025   3.170    -4.74848     0.26370     2.48761
    18  C   4.0   0.026   2.137    -2.08480     0.30846     2.50160
    19  C   4.0   0.026   2.137     0.20000     0.33836     2.52260
    20  C   4.0  -0.025   3.170     2.86312     0.36388     2.55376
    21  C   4.0  -0.075   3.193     4.14946     0.69693     4.84218
    22  C   4.0  -0.067   3.154     6.75756     0.71448     4.91893
    23  C   4.0  -0.004   3.342     8.09053     0.39306     2.68274
    24  C   4.0   0.002   3.408     6.81109     0.06239     0.37834
    25  C   4.0  -0.069   3.207     4.21500     0.04744     0.29802
    26  C   4.0  -0.033   4.230     8.66279    -0.25084    -1.77201
    27  C   4.0  -0.163   4.132     8.36678     1.86107    -3.75482
    28  C   4.0  -0.161   4.036     8.65539     4.51623    -2.65907
    29  C   4.0  -0.241   4.020     8.32381     6.52833    -4.69409
    30  C   4.0  -0.163   4.132     8.35743    -2.83745    -3.07482
    31  C   4.0  -0.161   4.036     8.59660    -5.07255    -1.26346
    32  C   4.0  -0.241   4.020     8.28789    -7.57942    -2.64915
    33  C   4.0   0.002   3.408    11.16158    -0.05964    -0.40668
    34  C   4.0  -0.068   3.206    13.56218    -0.20971    -1.38566
    35  C   4.0  -0.024   3.172    15.61818     0.01860     0.26911
    36  C   4.0   0.241   2.115    18.09745    -0.13351    -0.69292
    37  N   5.0  -0.216   1.024    20.11606    -0.26125    -1.48310
    38  C   4.0  -0.075   3.191    15.24390     0.39416     2.85853
    39  C   4.0  -0.068   3.156    12.82573     0.54392     3.83181
    40  C   4.0  -0.004   3.341    10.78533     0.31759     2.19851
    41  C   4.0  -0.069   3.207    -6.05796     0.10525     0.19034
    42  C   4.0   0.002   3.407    -8.65440     0.05634     0.22597
    43  H   1.0   0.081   0.999    -8.38669     6.88811    -5.15356
    44  H   1.0   0.081   0.999   -11.66297     6.78056    -5.76857
    45  H   1.0   0.081   0.998   -10.49033     8.70117    -3.30808
    46  H   1.0   0.081   1.004   -12.39012     4.78479    -1.55424
    47  H   1.0   0.081   1.004    -9.11857     4.89859    -0.93324
    48  H   1.0   0.082   1.004    -8.31264     2.10625    -4.62985
    49  H   1.0   0.082   1.004   -11.58373     2.00488    -5.27006
    50  H   1.0   0.082   1.004   -11.47415    -2.63323    -5.00757
    51  H   1.0   0.082   1.004    -8.20679    -2.52780    -4.34930
    52  H   1.0   0.081   1.004    -8.92938    -4.90479    -0.35727
    53  H   1.0   0.081   1.004   -12.19814    -4.99417    -0.99633
    54  H   1.0   0.081   0.999    -8.08904    -7.33921    -4.31644
    55  H   1.0   0.081   0.999   -11.36250    -7.43506    -4.94837
    56  H   1.0   0.081   0.998   -10.13253    -9.00881    -2.27837
    57  H   1.0   0.075   1.005   -15.65795    -0.31911    -3.68823
    58  H   1.0   0.074   1.004   -19.34291    -0.22487    -0.83976
    59  H   1.0   0.074   1.004   -18.77725     0.05711     3.75349
    60  H   1.0   0.074   1.004   -14.49764     0.25021     5.60816
    61  H   1.0   0.074   1.004    -9.69961     0.40215     6.57225
    62  H   1.0   0.075   1.005    -5.02982     0.49278     6.52025
    63  H   1.0   0.075   1.005     3.06714     0.94037     6.55643
    64  H   1.0   0.074   1.004     7.73558     0.97142     6.69149
    65  H   1.0   0.076   1.005     3.20058    -0.20689    -1.45481
    66  H   1.0   0.083   1.004     6.50312     1.68909    -4.62410
    67  H   1.0   0.082   1.004     9.77888     1.58295    -5.23429
    68  H   1.0   0.081   1.004    10.52402     4.71211    -1.80248
    69  H   1.0   0.081   1.004     7.25215     4.80625    -1.17277
    70  H   1.0   0.081   0.999     6.45773     6.39288    -5.54718
    71  H   1.0   0.081   0.998     8.53326     8.40802    -3.88934
    72  H   1.0   0.081   0.999     9.73206     6.29815    -6.17506
    73  H   1.0   0.083   1.004     6.50586    -2.90140    -3.98358
    74  H   1.0   0.082   1.004     9.78916    -3.00746    -4.55175
    75  H   1.0   0.081   1.004    10.44434    -5.02334    -0.34293
    76  H   1.0   0.081   1.004     7.15906    -4.92334     0.21081
    77  H   1.0   0.081   0.999     6.44328    -7.68399    -3.55179
    78  H   1.0   0.081   0.999     9.73215    -7.78755    -4.09838
    79  H   1.0   0.081   0.998     8.45705    -9.15223    -1.33675
    80  H   1.0   0.076   1.005    13.89760    -0.49783    -3.37860
    81  H   1.0   0.075   1.005    16.86853     0.56281     4.08394
    82  H   1.0   0.075   1.005    12.53950     0.83344     5.83049
    83  H   1.0   0.075   1.005    -5.01107     0.02486    -1.56074
 
  Z AO/shell   Hii/eV     exponent
  1     Sat Feb 20 21:38:01 CET 2016    EN: 2.327 GAM: 0.473  GM3: 0.0000
     1s    -13.751157    1.051071
  6     Sat Feb 20 21:38:01 CET 2016    EN: 2.731 GAM: 0.422  GM3: 0.0000
     2s    -19.378245    2.021003
     2p    -11.993376    1.497917
  7     Sat Feb 20 21:38:01 CET 2016    EN: 3.573 GAM: 0.504  GM3: 0.0000
     2s    -21.576984    2.275442
     2p    -16.125120    2.056788
 
 dipole moment of classical point charges (au)
     X       Y       Z   
  -0.5221   0.0293   0.2134  total (Debye):    1.436

 
 Nbf   :          209
 T(el) :   300.0
 calculating S/T integrals ...
 cpu time for ints    1.33316200000000     
 Nao   :          209
 making H0...
 making H1...
 cpu time for H      0.288380000000000     
 solving ...
 cpu time for diag   0.622232000000000     
 
 gap (eV)           :   4.911
 Koopmans IP (eV)   :  13.295
 Eel (Eh)           :  -162.444103
 T,E(Fermi),NFOD :    300.000   -10.840  0.000000
 T,E(Fermi),NFOD :    300.000   -10.840  0.000000
 Nfod               :  0.0000
 Nfod/Nel           :  0.0000

          eigenvalues
 #    :          93         94         95         96         97         98         99        100
 occ. :        2.000      2.000      2.000      2.000      2.000      2.000      2.000      2.000
 eps  :       -17.366    -17.265    -17.192    -17.124    -16.729    -16.549    -15.703    -15.381
 #    :         101        102        103        104        105        106        107        108
 occ. :        2.000      2.000      2.000      2.000      2.000      0.000      0.000      0.000
 eps  :       -15.309    -15.197    -15.180    -14.275    -13.296     -8.385     -7.290     -7.217
 #    :         109        110        111        112        113        114        115        116
 occ. :        0.000      0.000      0.000      0.000      0.000      0.000      0.000      0.000
 eps  :        -7.062     -5.738     -5.653     -5.450     -5.342     -5.103     -5.013     -4.541
                            1  SCC done.
 making H1...
 cpu time for H      0.757249000000000     
 solving ...
 cpu time for diag   0.381555000000000     
 
 gap (eV)           :   4.879
 Koopmans IP (eV)   :  13.308
 Eel (Eh)           :  -162.672195
 T,E(Fermi),NFOD :    300.000   -10.868  0.000000
 T,E(Fermi),NFOD :    300.000   -10.868  0.000000
 Nfod               :  0.0000
 Nfod/Nel           :  0.0000

          eigenvalues
 #    :          93         94         95         96         97         98         99        100
 occ. :        2.000      2.000      2.000      2.000      2.000      2.000      2.000      2.000
 eps  :       -17.374    -17.369    -17.263    -17.202    -16.676    -16.563    -15.684    -15.454
 #    :         101        102        103        104        105        106        107        108
 occ. :        2.000      2.000      2.000      2.000      2.000      0.000      0.000      0.000
 eps  :       -15.335    -15.249    -15.169    -14.327    -13.309     -8.430     -7.351     -7.314
 #    :         109        110        111        112        113        114        115        116
 occ. :        0.000      0.000      0.000      0.000      0.000      0.000      0.000      0.000
 eps  :        -7.186     -5.776     -5.717     -5.452     -5.389     -5.113     -5.055     -4.630
                            2  SCC done.
 
 
 Mulliken/CM5 charges    n(s)   n(p)   n(d)   
    1 C  -0.0881 -0.2407   1.091  2.997  0.000
    2 C  -0.0469 -0.1590   1.134  2.913  0.000
    3 C  -0.0529 -0.1587   1.151  2.902  0.000
    4 C   0.0157 -0.0020   1.233  2.751  0.000
    5 C  -0.0529 -0.1587   1.151  2.902  0.000
    6 C  -0.0469 -0.1590   1.134  2.913  0.000
    7 C  -0.0881 -0.2407   1.091  2.997  0.000
    8 C  -0.0169 -0.0250   1.194  2.823  0.000
    9 C  -0.0375 -0.0918   1.139  2.898  0.000
   10 C  -0.0368 -0.0931   1.137  2.900  0.000
   11 C  -0.0367 -0.0929   1.136  2.901  0.000
   12 C  -0.0382 -0.0914   1.139  2.899  0.000
   13 C  -0.0123 -0.0177   1.171  2.841  0.000
   14 C  -0.0096 -0.0150   1.172  2.838  0.000
   15 C  -0.0332 -0.0861   1.138  2.895  0.000
   16 C  -0.0315 -0.0842   1.140  2.891  0.000
   17 C   0.0280  0.0207   1.135  2.837  0.000
   18 C  -0.0750 -0.0773   1.148  2.927  0.000
   19 C  -0.0728 -0.0751   1.148  2.925  0.000
   20 C   0.0330  0.0257   1.136  2.831  0.000
   21 C  -0.0269 -0.0796   1.139  2.887  0.000
   22 C  -0.0209 -0.0739   1.138  2.883  0.000
   23 C  -0.0090 -0.0143   1.170  2.839  0.000
   24 C  -0.0171 -0.0249   1.195  2.822  0.000
   25 C  -0.0250 -0.0758   1.142  2.883  0.000
   26 C   0.0080 -0.0097   1.236  2.756  0.000
   27 C  -0.0500 -0.1558   1.151  2.899  0.000
   28 C  -0.0463 -0.1585   1.134  2.912  0.000
   29 C  -0.0880 -0.2406   1.091  2.997  0.000
   30 C  -0.0500 -0.1559   1.151  2.899  0.000
   31 C  -0.0464 -0.1585   1.134  2.912  0.000
   32 C  -0.0880 -0.2406   1.091  2.997  0.000
   33 C  -0.0161 -0.0239   1.195  2.821  0.000
   34 C  -0.0150 -0.0653   1.144  2.871  0.000
   35 C   0.0031 -0.0006   1.134  2.863  0.000
   36 C   0.1289  0.2468   1.179  2.692  0.000
   37 N  -0.2979 -0.4232   1.647  3.651  0.000
   38 C  -0.0118 -0.0641   1.142  2.870  0.000
   39 C  -0.0111 -0.0642   1.135  2.876  0.000
   40 C   0.0035 -0.0017   1.176  2.820  0.000
   41 C  -0.0324 -0.0831   1.143  2.889  0.000
   42 C  -0.0132 -0.0211   1.193  2.820  0.000
   43 H   0.0287  0.0808   0.971  0.000  0.000
   44 H   0.0288  0.0809   0.971  0.000  0.000
   45 H   0.0368  0.0884   0.963  0.000  0.000
   46 H   0.0266  0.0839   0.973  0.000  0.000
   47 H   0.0262  0.0834   0.974  0.000  0.000
   48 H   0.0312  0.0886   0.969  0.000  0.000
   49 H   0.0317  0.0892   0.968  0.000  0.000
   50 H   0.0317  0.0892   0.968  0.000  0.000
   51 H   0.0312  0.0887   0.969  0.000  0.000
   52 H   0.0262  0.0834   0.974  0.000  0.000
   53 H   0.0266  0.0839   0.973  0.000  0.000
   54 H   0.0287  0.0809   0.971  0.000  0.000
   55 H   0.0288  0.0809   0.971  0.000  0.000
   56 H   0.0368  0.0884   0.963  0.000  0.000
   57 H   0.0384  0.0959   0.962  0.000  0.000
   58 H   0.0412  0.0977   0.959  0.000  0.000
   59 H   0.0414  0.0978   0.959  0.000  0.000
   60 H   0.0387  0.0959   0.961  0.000  0.000
   61 H   0.0438  0.1010   0.956  0.000  0.000
   62 H   0.0430  0.1005   0.957  0.000  0.000
   63 H   0.0437  0.1012   0.956  0.000  0.000
   64 H   0.0477  0.1050   0.952  0.000  0.000
   65 H   0.0411  0.0998   0.959  0.000  0.000
   66 H   0.0337  0.0912   0.966  0.000  0.000
   67 H   0.0330  0.0905   0.967  0.000  0.000
   68 H   0.0275  0.0846   0.973  0.000  0.000
   69 H   0.0278  0.0850   0.972  0.000  0.000
   70 H   0.0286  0.0807   0.971  0.000  0.000
   71 H   0.0370  0.0886   0.963  0.000  0.000
   72 H   0.0283  0.0804   0.972  0.000  0.000
   73 H   0.0337  0.0912   0.966  0.000  0.000
   74 H   0.0330  0.0905   0.967  0.000  0.000
   75 H   0.0274  0.0846   0.973  0.000  0.000
   76 H   0.0278  0.0850   0.972  0.000  0.000
   77 H   0.0286  0.0807   0.971  0.000  0.000
   78 H   0.0283  0.0804   0.972  0.000  0.000
   79 H   0.0370  0.0886   0.963  0.000  0.000
   80 H   0.0483  0.1072   0.952  0.000  0.000
   81 H   0.0517  0.1096   0.948  0.000  0.000
   82 H   0.0507  0.1081   0.949  0.000  0.000
   83 H   0.0397  0.0983   0.960  0.000  0.000
 Hirshfeld charges for QMDFF written to <charges>
 
 Loewdin charges    n(s)   n(p)   n(d)
    1 C  -0.0892   1.018  3.071  0.000
    2 C  -0.0404   1.074  2.967  0.000
    3 C  -0.0506   1.093  2.957  0.000
    4 C   0.0232   1.194  2.783  0.000
    5 C  -0.0506   1.093  2.957  0.000
    6 C  -0.0404   1.074  2.967  0.000
    7 C  -0.0892   1.018  3.071  0.000
    8 C  -0.0152   1.154  2.861  0.000
    9 C  -0.0324   1.086  2.946  0.000
   10 C  -0.0291   1.083  2.946  0.000
   11 C  -0.0289   1.081  2.948  0.000
   12 C  -0.0332   1.086  2.948  0.000
   13 C  -0.0093   1.128  2.881  0.000
   14 C  -0.0069   1.130  2.877  0.000
   15 C  -0.0277   1.084  2.943  0.000
   16 C  -0.0264   1.087  2.939  0.000
   17 C   0.0371   1.088  2.875  0.000
   18 C  -0.0763   1.107  2.969  0.000
   19 C  -0.0744   1.107  2.967  0.000
   20 C   0.0424   1.088  2.869  0.000
   21 C  -0.0220   1.086  2.936  0.000
   22 C  -0.0156   1.084  2.932  0.000
   23 C  -0.0067   1.127  2.879  0.000
   24 C  -0.0144   1.155  2.860  0.000
   25 C  -0.0235   1.090  2.933  0.000
   26 C   0.0163   1.197  2.787  0.000
   27 C  -0.0477   1.093  2.955  0.000
   28 C  -0.0397   1.074  2.966  0.000
   29 C  -0.0891   1.018  3.071  0.000
   30 C  -0.0478   1.093  2.955  0.000
   31 C  -0.0398   1.074  2.966  0.000
   32 C  -0.0891   1.018  3.071  0.000
   33 C  -0.0144   1.155  2.860  0.000
   34 C  -0.0104   1.091  2.919  0.000
   35 C   0.0019   1.090  2.908  0.000
   36 C   0.1209   1.146  2.733  0.000
   37 N  -0.2812   1.607  3.674  0.000
   38 C  -0.0036   1.088  2.916  0.000
   39 C  -0.0076   1.082  2.926  0.000
   40 C   0.0084   1.133  2.859  0.000
   41 C  -0.0302   1.091  2.939  0.000
   42 C  -0.0114   1.153  2.858  0.000
   43 H   0.0287   0.971  0.000  0.000
   44 H   0.0288   0.971  0.000  0.000
   45 H   0.0364   0.964  0.000  0.000
   46 H   0.0239   0.976  0.000  0.000
   47 H   0.0234   0.977  0.000  0.000
   48 H   0.0284   0.972  0.000  0.000
   49 H   0.0289   0.971  0.000  0.000
   50 H   0.0289   0.971  0.000  0.000
   51 H   0.0284   0.972  0.000  0.000
   52 H   0.0235   0.977  0.000  0.000
   53 H   0.0239   0.976  0.000  0.000
   54 H   0.0288   0.971  0.000  0.000
   55 H   0.0288   0.971  0.000  0.000
   56 H   0.0364   0.964  0.000  0.000
   57 H   0.0310   0.969  0.000  0.000
   58 H   0.0335   0.967  0.000  0.000
   59 H   0.0336   0.966  0.000  0.000
   60 H   0.0310   0.969  0.000  0.000
   61 H   0.0355   0.964  0.000  0.000
   62 H   0.0346   0.965  0.000  0.000
   63 H   0.0352   0.965  0.000  0.000
   64 H   0.0388   0.961  0.000  0.000
   65 H   0.0330   0.967  0.000  0.000
   66 H   0.0306   0.969  0.000  0.000
   67 H   0.0300   0.970  0.000  0.000
   68 H   0.0245   0.975  0.000  0.000
   69 H   0.0248   0.975  0.000  0.000
   70 H   0.0287   0.971  0.000  0.000
   71 H   0.0366   0.963  0.000  0.000
   72 H   0.0284   0.972  0.000  0.000
   73 H   0.0305   0.969  0.000  0.000
   74 H   0.0300   0.970  0.000  0.000
   75 H   0.0245   0.976  0.000  0.000
   76 H   0.0248   0.975  0.000  0.000
   77 H   0.0287   0.971  0.000  0.000
   78 H   0.0284   0.972  0.000  0.000
   79 H   0.0366   0.963  0.000  0.000
   80 H   0.0388   0.961  0.000  0.000
   81 H   0.0418   0.958  0.000  0.000
   82 H   0.0413   0.959  0.000  0.000
   83 H   0.0318   0.968  0.000  0.000
 
 Wiberg/Mayer (AO) data. WBOs > 0.1 written file <wbo>
 largest (>0.05) Wiberg bond orders for each atom
           total WBO             WBO to atom ...
     1  C   3.984    C    2 1.007    H   44 0.985    H   43 0.985    H   45 0.978
     2  C   3.971    C    1 1.007    C    3 0.990    H   47 0.970    H   46 0.970
     3  C   3.962    C    2 0.990    H   48 0.965    H   49 0.965    C    4 0.933
     4  C   3.916    C    8 0.944    C   42 0.943    C    5 0.933    C    3 0.933
     5  C   3.962    C    6 0.990    H   51 0.965    H   50 0.965    C    4 0.933
     6  C   3.971    C    7 1.007    C    5 0.990    H   52 0.970    H   53 0.970
     7  C   3.984    C    6 1.007    H   54 0.985    H   55 0.985    H   56 0.978
     8  C   3.941    C    9 1.431    C   13 1.302    C    4 0.944    C   11 0.105
     9  C   3.972    C    8 1.431    C   10 1.409    H   57 0.946    C   12 0.099
    10  C   3.951    C   11 1.432    C    9 1.409    H   58 0.946    C   13 0.100
    11  C   3.972    C   10 1.432    C   12 1.431    H   59 0.945    C    8 0.105
    12  C   3.957    C   11 1.431    C   13 1.379    H   60 0.946    C    9 0.099
    13  C   3.956    C   12 1.379    C    8 1.302    C   14 1.042    C   10 0.100
    14  C   3.924    C   15 1.369    C   42 1.291    C   13 1.042    C   17 0.088
    15  C   3.958    C   16 1.454    C   14 1.369    H   61 0.943    C   41 0.089
    16  C   3.951    C   15 1.454    C   17 1.334    H   62 0.944    C   42 0.095    C   19 0.060
    17  C   3.941    C   16 1.334    C   41 1.312    C   18 1.101    C   14 0.088
    18  C   3.932    C   19 2.647    C   17 1.101    C   21 0.060    C   25 0.057
    19  C   3.932    C   18 2.647    C   20 1.102    C   16 0.060    C   41 0.057
    20  C   3.938    C   21 1.331    C   25 1.313    C   19 1.102    C   23 0.087
    21  C   3.951    C   22 1.458    C   20 1.331    H   63 0.944    C   24 0.094    C   18 0.060
    22  C   3.955    C   21 1.458    C   23 1.363    H   64 0.943    C   25 0.089
    23  C   3.923    C   22 1.363    C   24 1.288    C   40 1.052    C   20 0.087
    24  C   3.939    C   25 1.455    C   23 1.288    C   26 0.943    C   21 0.094
    25  C   3.952    C   24 1.455    C   20 1.313    H   65 0.944    C   22 0.089    C   18 0.057
    26  C   3.912    C   33 0.943    C   24 0.943    C   27 0.932    C   30 0.932
    27  C   3.961    C   28 0.990    H   67 0.965    H   66 0.965    C   26 0.932
    28  C   3.971    C   29 1.007    C   27 0.990    H   68 0.970    H   69 0.970
    29  C   3.984    C   28 1.007    H   72 0.985    H   70 0.985    H   71 0.978
    30  C   3.961    C   31 0.990    H   74 0.965    H   73 0.965    C   26 0.932
    31  C   3.971    C   32 1.007    C   30 0.990    H   75 0.970    H   76 0.970
    32  C   3.984    C   31 1.007    H   78 0.985    H   77 0.985    H   79 0.978
    33  C   3.941    C   34 1.458    C   40 1.286    C   26 0.943    C   38 0.094
    34  C   3.968    C   33 1.458    C   35 1.309    H   80 0.944    C   39 0.089    N   37 0.066
    35  C   3.942    C   38 1.333    C   34 1.309    C   36 1.075    C   40 0.087    N   37 0.077
    36  C   3.925    N   37 2.785    C   35 1.075
    37  N   3.010    C   36 2.785    C   35 0.077    C   38 0.069    C   34 0.066
    38  C   3.969    C   39 1.456    C   35 1.333    H   81 0.944    C   33 0.094    N   37 0.069
    39  C   3.956    C   38 1.456    C   40 1.364    H   82 0.943    C   34 0.089
    40  C   3.930    C   39 1.364    C   33 1.286    C   23 1.052    C   35 0.087
    41  C   3.952    C   42 1.456    C   17 1.312    H   83 0.945    C   15 0.089    C   19 0.057
    42  C   3.944    C   41 1.456    C   14 1.291    C    4 0.943    C   16 0.095
    43  H   0.999    C    1 0.985
    44  H   0.999    C    1 0.985
    45  H   0.997    C    1 0.978
    46  H   0.999    C    2 0.970
    47  H   0.999    C    2 0.970
    48  H   0.997    C    3 0.965
    49  H   0.997    C    3 0.965
    50  H   0.997    C    5 0.965
    51  H   0.997    C    5 0.965
    52  H   0.999    C    6 0.970
    53  H   0.999    C    6 0.970
    54  H   0.999    C    7 0.985
    55  H   0.999    C    7 0.985
    56  H   0.997    C    7 0.978
    57  H   0.997    C    9 0.946
    58  H   0.997    C   10 0.946
    59  H   0.995    C   11 0.945
    60  H   0.997    C   12 0.946
    61  H   0.994    C   15 0.943
    62  H   0.994    C   16 0.944
    63  H   0.994    C   21 0.944
    64  H   0.994    C   22 0.943
    65  H   0.997    C   25 0.944
    66  H   0.997    C   27 0.965
    67  H   0.997    C   27 0.965
    68  H   0.999    C   28 0.970
    69  H   0.999    C   28 0.970
    70  H   0.999    C   29 0.985
    71  H   0.997    C   29 0.978
    72  H   0.999    C   29 0.985
    73  H   0.997    C   30 0.965
    74  H   0.997    C   30 0.965
    75  H   0.999    C   31 0.970
    76  H   0.999    C   31 0.970
    77  H   0.999    C   32 0.985
    78  H   0.999    C   32 0.985
    79  H   0.997    C   32 0.978
    80  H   0.996    C   34 0.944
    81  H   0.993    C   38 0.944
    82  H   0.993    C   39 0.943
    83  H   0.997    C   41 0.945
 
 --------------------------------------------
          xTB calculation for sTDA...
 --------------------------------------------
 
 reading parameter file /home/penavora/Exe_xtb_crest/.param_stda2.xtb
 
      method parameters     
 k(s)        :  1.6000
 k(p)        :  2.1800
 k(d)        :  1.9500
 k(f)        :  2.0000
 k(R-V)      :  2.2750
 k(R-R)      :  1.7650
 Tscal       :  0.2580
 Gscal       :  1.0000
 fpol        :  1.0000
 Zcnf        :  0.3430
 Zqf         :  0.0000
 kcn         :  2.7000
 Ryd Hsplit  :  0.7000
 lshift(virt):  3.1000
 lshift(OS)  :  0.2000
 wllscaling  :  2.6000
 
 mowrcut     : 3.000
 
  Z AO/shell   Hii/eV     exponent
  1     Sun Feb 14 09:53:25 CET 2016    EN: 2.327 GAM: 0.473  GM3: 0.0000
     1s    -14.339618    1.220000
     2sp    -3.348946    0.600000
  6     Sun Feb 14 09:53:25 CET 2016    EN: 2.731 GAM: 0.422  GM3: 0.0000
     2s    -22.009312    1.565095
     2p    -13.020408    1.596905
     3sp    -3.914040    0.824500
  7     Sun Feb 14 09:53:25 CET 2016    EN: 3.573 GAM: 0.504  GM3: 0.0000
     2s    -25.722000    2.064844
     2p    -18.684912    1.801692
     3sp    -4.344791    0.921400
 
 Nbf   :          541
 T(el) :     0.0
 calculating S/T integrals ...
 cpu time for ints    7.20080800000000     
 Nao   :          541
 making H0...
 making H1...
 cpu time for H      0.756695000000001     
 solving ...
 cpu time for diag    1.52556300000000     
 
 gap (eV)           :   6.768
 Koopmans IP (eV)   :  14.553
 Eel (Eh)           :  -178.927316

          eigenvalues
 #    :          93         94         95         96         97         98         99        100
 occ. :        2.000      2.000      2.000      2.000      2.000      2.000      2.000      2.000
 eps  :       -18.136    -18.107    -18.020    -17.947    -17.337    -16.657    -16.567    -16.408
 #    :         101        102        103        104        105        106        107        108
 occ. :        2.000      2.000      2.000      2.000      2.000      0.000      0.000      0.000
 eps  :       -16.209    -16.162    -15.944    -15.450    -14.555     -7.786     -6.964     -6.158
 #    :         109        110        111        112        113        114        115        116
 occ. :        0.000      0.000      0.000      0.000      0.000      0.000      0.000      0.000
 eps  :        -5.913     -5.840     -5.780     -5.628     -5.256     -5.088     -4.825     -4.805
                            1  SCC done.
 writing mo output ...
 molden style : F
 
speedup 20.56
cpu  time for all   14.56 s
wall time for all    0.71 s
