  86
 Etot=        -122.9188491849
 C         -2.5311569610       -2.4298229554        2.2890801483
 C         -1.4078760317       -3.2915337840        2.8542570599
 C         -0.3372874220       -3.6351160325        1.8177361238
 C         -0.8281362266       -4.6254294756        0.7613682153
 C          0.2354836490       -4.9481622943       -0.3002339292
 C          0.1976430761       -6.4238024961       -0.7182643070
 C          0.7933879684       -7.3467970942        0.3382330086
 C          0.0558342440       -4.0725655279       -1.5585159838
 N          0.0615632024       -2.6702520167       -1.2658518377
 C         -1.0441393331       -1.8661062475       -1.1407954877
 C         -2.3769805950       -2.1502449031       -1.3628886912
 C         -3.3193579588       -1.1393431099       -1.1307286128
 C         -2.9126666643        0.1296933024       -0.7078233180
 N         -3.8741131070        1.1143302343       -0.4894861286
 C         -3.8184922566        2.4135130121       -0.9587128169
 C         -2.8699102847        3.0185738059       -1.7681711157
 C         -3.0767957102        4.3413163905       -2.1299059649
 C         -4.2051718968        5.0385080755       -1.7097577546
 C         -5.1713330499        4.4309081413       -0.9278599401
 C         -4.9841367144        3.1068662445       -0.5505195151
 C         -5.7693596968        2.1759507045        0.2081861161
 C         -6.9812030276        2.2727359886        0.8811235762
 C         -7.4512864561        1.1625623813        1.5596019782
 C         -6.7233218648       -0.0228118704        1.5904805363
 C         -5.5115788323       -0.1428316315        0.9268346523
 C         -5.0511104033        0.9553089755        0.2176864162
 C         -1.5636806248        0.4371192175       -0.5022876959
 C         -0.6126705000       -0.5690024833       -0.7202934110
 C          0.7956147806       -0.6241843629       -0.5957728316
 C          1.7749825830        0.3090833953       -0.2303453052
 C          3.1128336953       -0.0985434527       -0.2374566423
 N          4.1012844028        0.8186226402        0.1208874417
 C          4.0685626565        1.6451764864        1.2280198101
 C          3.1285669038        1.7217672457        2.2443466998
 C          3.3578334770        2.6240837922        3.2712084457
 C          4.4996310813        3.4191716044        3.2954535642
 C          5.4573236776        3.3242555436        2.3019739109
 C          5.2477230232        2.4285720585        1.2610078487
 C          6.0189733243        2.0546185711        0.1100191829
 C          7.2357287934        2.4836183489       -0.4050013338
 C          7.6901184619        1.9210324889       -1.5839661526
 C          6.9411279742        0.9604373035       -2.2569029997
 C          5.7241383579        0.5178777505       -1.7627504137
 C          5.2779048006        1.0538370160       -0.5645053585
 C          3.4829707886       -1.3980183201       -0.5944638703
 C          2.5116851698       -2.3450223549       -0.9488050132
 C          1.1895596805       -1.9513526507       -0.9480625952
 H         -3.2203072447       -2.1414752219        3.0800232446
 H         -3.0930131080       -2.9670128826        1.5291407834
 H         -2.1267554877       -1.5260266618        1.8381877233
 H         -0.9325239611       -2.7505240419        3.6756662312
 H         -1.8257106470       -4.2139007847        3.2653724201
 H         -0.0003972725       -2.7118453509        1.3452223798
 H          0.5226977629       -4.0736780433        2.3312916504
 H         -1.1243006668       -5.5447117977        1.2701719784
 H         -1.7170938238       -4.2274621651        0.2722142866
 H          1.2237456779       -4.7345236868        0.1199286586
 H         -0.8356622146       -6.7139267469       -0.9214560239
 H          0.7625348737       -6.5485876647       -1.6454825353
 H          1.8372849607       -7.0970164904        0.5145779535
 H          0.7395336242       -8.3815557162        0.0084790968
 H          0.2600478089       -7.2626127114        1.2815539557
 H         -0.8900783086       -4.3246230548       -2.0430796330
 H          0.8674719304       -4.2843127902       -2.2629676416
 H         -2.7098037603       -3.1110336672       -1.7250610257
 H         -4.3622263861       -1.3240561897       -1.3295970573
 H         -2.0045990940        2.4778496651       -2.1191469997
 H         -2.3492542847        4.8364364335       -2.7553694205
 H         -4.3317864432        6.0679526295       -2.0110493377
 H         -6.0558594562        4.9678689921       -0.6208897306
 H         -7.5369451860        3.1979727699        0.8776912754
 H         -8.3929304298        1.2174619189        2.0858180795
 H         -7.1057928861       -0.8660974592        2.1458335523
 H         -4.9415209256       -1.0570892074        0.9755925167
 H         -1.2710213639        1.4043641436       -0.1281203994
 H          1.5118951828        1.3289342810       -0.0026938703
 H          2.2524474863        1.0918610844        2.2465473782
 H          2.6372263468        2.7062873585        4.0710871522
 H          4.6429708117        4.1120703683        4.1114533803
 H          6.3523832684        3.9266443237        2.3339980556
 H          7.8077207011        3.2444961993        0.1038714922
 H          8.6355323752        2.2387926182       -1.9983762667
 H          7.3122192966        0.5539017231       -3.1858693591
 H          5.1392792427       -0.2104943229       -2.3027382926
 H          4.5198570988       -1.6877605262       -0.5474037200
 H          2.8116390322       -3.3493723813       -1.2028125777
  86
 Etot=        -122.9188691524
 C         -2.5311192159       -2.4297021889        2.2889578661
 C         -1.4078350022       -3.2913963265        2.8541499800
 C         -0.3372649307       -3.6350729603        1.8176374594
 C         -0.8280273262       -4.6255162611        0.7613513339
 C          0.2355570120       -4.9482895240       -0.3002962082
 C          0.1977390311       -6.4239611066       -0.7181721646
 C          0.7934615276       -7.3469314579        0.3383544200
 C          0.0559911898       -4.0725772010       -1.5585272479
 N          0.0616236751       -2.6701413785       -1.2660884198
 C         -1.0440638659       -1.8658174019       -1.1408615069
 C         -2.3771144970       -2.1495022760       -1.3630065621
 C         -3.3183922129       -1.1393447282       -1.1312613975
 C         -2.9120267283        0.1299361686       -0.7074626261
 N         -3.8736212231        1.1144749915       -0.4891440034
 C         -3.8180075954        2.4136134789       -0.9585477007
 C         -2.8694082586        3.0185693250       -1.7678809212
 C         -3.0762908837        4.3417935734       -2.1298203363
 C         -4.2048285828        5.0387355276       -1.7096633182
 C         -5.1712221774        4.4311688643       -0.9277304374
 C         -4.9840407686        3.1067722783       -0.5502829629
 C         -5.7691129540        2.1759880270        0.2080327375
 C         -6.9813731275        2.2725851458        0.8810120806
 C         -7.4512511975        1.1622032187        1.5596168108
 C         -6.7233764230       -0.0232370283        1.5906187684
 C         -5.5111456704       -0.1430939555        0.9267360550
 C         -5.0507562190        0.9551157139        0.2178271135
 C         -1.5633557496        0.4365608142       -0.5020677328
 C         -0.6132615184       -0.5687472181       -0.7201628063
 C          0.7960780991       -0.6238968150       -0.5957422135
 C          1.7745210710        0.3087916410       -0.2307367536
 C          3.1121222609       -0.0980737361       -0.2376559803
 N          4.1006596753        0.8188938386        0.1207027398
 C          4.0679584773        1.6453385517        1.2280038579
 C          3.1280080275        1.7218716491        2.2441786095
 C          3.3573659628        2.6244613335        3.2715864381
 C          4.4993346043        3.4192915362        3.2956407980
 C          5.4572332847        3.3244513660        2.3020900784
 C          5.2475655735        2.4285397484        1.2607812556
 C          6.0186304048        2.0544794683        0.1102014026
 C          7.2358308347        2.4833560227       -0.4050065616
 C          7.6899756434        1.9206550299       -1.5842248100
 C          6.9410680194        0.9601089981       -2.2573143696
 C          5.7235270993        0.5175572776       -1.7628111561
 C          5.2774595135        1.0536644299       -0.5647147835
 C          3.4820212289       -1.3981923192       -0.5944334632
 C          2.5118504457       -2.3444914816       -0.9484346750
 C          1.1894316847       -1.9511326094       -0.9479845120
 H         -3.2203079990       -2.1414017021        3.0798575355
 H         -3.0929466624       -2.9668934909        1.5289939812
 H         -2.1267661460       -1.5258182712        1.8381564629
 H         -0.9324966596       -2.7503612194        3.6755431688
 H         -1.8256963740       -4.2137263248        3.2652934567
 H         -0.0003842662       -2.7118409115        1.3450158359
 H          0.5227436640       -4.0735160311        2.3312325708
 H         -1.1240704805       -5.5447445435        1.2702996016
 H         -1.7170718250       -4.2277403717        0.2722142118
 H          1.2238018219       -4.7347056847        0.1199407722
 H         -0.8355640426       -6.7140754792       -0.9213762121
 H          0.7626312077       -6.5487590143       -1.6453858752
 H          1.8373899263       -7.0972240272        0.5146211900
 H          0.7395026786       -8.3817109955        0.0086934961
 H          0.2601819710       -7.2626219998        1.2816964140
 H         -0.8898434150       -4.3247214491       -2.0431499226
 H          0.8675098571       -4.2845064412       -2.2630901613
 H         -2.7101511664       -3.1105262351       -1.7242557035
 H         -4.3613355459       -1.3241315541       -1.3296693885
 H         -2.0042067615        2.4777931228       -2.1191130516
 H         -2.3487245550        4.8369514257       -2.7551958226
 H         -4.3314458018        6.0682002798       -2.0108962937
 H         -6.0557220059        4.9681505963       -0.6207689297
 H         -7.5373111915        3.1976940846        0.8774206599
 H         -8.3929846110        1.2170165958        2.0857042449
 H         -7.1058363588       -0.8665418813        2.1459217926
 H         -4.9409680269       -1.0572893512        0.9757156634
 H         -1.2703737722        1.4041149755       -0.1289326677
 H          1.5111678859        1.3284387654       -0.0024644357
 H          2.2519690761        1.0918195739        2.2465500907
 H          2.6367738800        2.7067407028        4.0714374959
 H          4.6427747199        4.1121512284        4.1116628483
 H          6.3523100071        3.9267770967        2.3341472937
 H          7.8079869473        3.2440823255        0.1038708642
 H          8.6354177238        2.2383473978       -1.9986467949
 H          7.3121022259        0.5535608949       -3.1862716354
 H          5.1385052722       -0.2105965724       -2.3029578072
 H          4.5189844629       -1.6877342953       -0.5476694815
 H          2.8119508065       -3.3487186642       -1.2026045797
