  62
 Etot=         -94.7600527219
 C         -5.0112383998       -4.7253332788       -0.1435727287
 O         -4.7122981800       -3.6142108695        0.6730149250
 C         -3.5487944030       -2.9338876157        0.4505270652
 C         -2.6127848330       -3.2502360030       -0.5274165492
 C         -1.4681998805       -2.4839432327       -0.6597088827
 C         -1.2319525519       -1.3831522221        0.1574991547
 C          0.0000111695       -0.5917142873        0.0000090276
 C          0.0000032903        0.7612225541       -0.0000040270
 C         -1.2421381395        1.5510413335       -0.0311121516
 C         -1.3917008191        2.6609339181        0.8023103733
 C         -2.5453288804        3.4122792902        0.7801204019
 C         -3.5860216079        3.0870120349       -0.0919096204
 O         -4.6862348495        3.8938670074       -0.0327512747
 C         -5.7797229376        3.6084595351       -0.8772479315
 C         -3.4371483674        1.9983562001       -0.9443458383
 C         -2.2776671090        1.2451044721       -0.9080257744
 C          1.2421379242        1.5510538270        0.0311067996
 C          1.3916929787        2.6609450039       -0.8023186078
 C          2.5453145525        3.4123004410       -0.7801287285
 C          3.5860088379        3.0870448391        0.0919037727
 O          4.6862150814        3.8939092775        0.0327453099
 C          5.7797069420        3.6085102750        0.8772400188
 C          3.4371451745        1.9983875195        0.9443399316
 C          2.2776697815        1.2451263796        0.9080207951
 C          1.2319804388       -1.3831437424       -0.1574679381
 C          2.1710286057       -1.0837796163       -1.1458952125
 C          3.3086820482       -1.8450612840       -1.2917185420
 C          3.5487918673       -2.9339168379       -0.4505343302
 O          4.7122905747       -3.6142466566       -0.6730290051
 C          5.0112219822       -4.7253794219        0.1435473904
 C          2.6127927539       -3.2502512638        0.5274237718
 C          1.4682252819       -2.4839362445        0.6597389887
 C         -2.1710031390       -1.0837841096        1.1459230712
 C         -3.3086694158       -1.8450504873        1.2917309112
 H         -5.0979972094       -4.4361250238       -1.1954626506
 H         -5.9717887036       -5.0968991172        0.2098998193
 H         -4.2570818283       -5.5116006773       -0.0402881879
 H         -2.7610548026       -4.0883417101       -1.1901622929
 H         -0.7492371172       -2.7384937433       -1.4256547313
 H         -0.5953581629        2.9238514342        1.4836711023
 H         -2.6692691196        4.2641316567        1.4312576520
 H         -6.5313048754        4.3613668695       -0.6448712366
 H         -6.1880519556        2.6127452786       -0.6787309084
 H         -5.5006813823        3.6872091240       -1.9325218197
 H         -4.2139823717        1.7280901453       -1.6421440699
 H         -2.1725185241        0.4089318659       -1.5831469577
 H          0.5953455581        2.9238593987       -1.4836751494
 H          2.6692443743        4.2641583007       -1.4312608212
 H          6.5312821496        4.3614236921        0.6448614588
 H          5.5006668214        3.6872571605        1.9325145062
 H          6.1880441887        2.6127995943        0.6787220095
 H          4.2139834778        1.7281266013        1.6421355619
 H          2.1725330583        0.4089480675        1.5831371557
 H          1.9972147145       -0.2508524720       -1.8102965991
 H          4.0349746385       -1.6192559407       -2.0575527122
 H          4.2570535346       -5.5116342946        0.0402596423
 H          5.9717638750       -5.0969557152       -0.2099366771
 H          5.0979915546       -4.4361836933        1.1954402529
 H          2.7610619869       -4.0883574855        1.1901692386
 H          0.7492489458       -2.7385034399        1.4256668061
 H         -1.9971975522       -0.2508472484        1.8103142797
 H         -4.0349648883       -1.6192410956        2.0575610823
  62
 Etot=         -94.7601115432
 C         -5.0089351909       -4.7226785454       -0.1419171136
 O         -4.7107152770       -3.6126818860        0.6733554198
 C         -3.5481929877       -2.9330196411        0.4504556857
 C         -2.6118947904       -3.2496590576       -0.5269660009
 C         -1.4670227215       -2.4838337896       -0.6589987692
 C         -1.2316957029       -1.3824617460        0.1570451345
 C          0.0000110942       -0.5917105161        0.0000082024
 C          0.0000040075        0.7606784761       -0.0000000829
 C         -1.2417141091        1.5500334162       -0.0312847835
 C         -1.3904987545        2.6604453525        0.8009728753
 C         -2.5439997703        3.4115651172        0.7790503549
 C         -3.5852556947        3.0860669382       -0.0919085774
 O         -4.6841696296        3.8927060669       -0.0328085139
 C         -5.7760706797        3.6073186509       -0.8764230333
 C         -3.4366319829        1.9968207336       -0.9435164484
 C         -2.2776539921        1.2429619063       -0.9067836617
 C          1.2417157207        1.5500447044        0.0312786654
 C          1.3904890393        2.6604583992       -0.8009786230
 C          2.5439837005        3.4115881171       -0.7790581282
 C          3.5852436426        3.0860992996        0.0918994950
 O          4.6841501055        3.8927484732        0.0327989045
 C          5.7760550574        3.6073699155        0.8764114285
 C          3.4366309127        1.9968512905        0.9435070645
 C          2.2776601069        1.2429815415        0.9067750771
 C          1.2317240210       -1.3824545010       -0.1570113266
 C          2.1714906206       -1.0815329069       -1.1438597907
 C          3.3083505180       -1.8434153120       -1.2903873876
 C          3.5482143983       -2.9330209139       -0.4504283051
 O          4.7107237738       -3.6126997527       -0.6733448940
 C          5.0089196266       -4.7227253511        0.1418967584
 C          2.6119090534       -3.2496678312        0.5269841415
 C          1.4670457711       -2.4838312849        0.6590275795
 C         -2.1714685386       -1.0815305512        1.1438843883
 C         -3.3083300694       -1.8434111838        1.2904114230
 H         -5.0961290860       -4.4351329002       -1.1943889552
 H         -5.9691903311       -5.0950902487        0.2108531489
 H         -4.2552334382       -5.5096720634       -0.0395121885
 H         -2.7599139216       -4.0881004693       -1.1894605002
 H         -0.7467965291       -2.7394101743       -1.4231394380
 H         -0.5934224428        2.9236869515        1.4808582361
 H         -2.6676263743        4.2633397790        1.4295653445
 H         -6.5283593551        4.3595725474       -0.6451254886
 H         -6.1852594325        2.6116585156       -0.6788402818
 H         -5.4982600817        3.6855718448       -1.9322072298
 H         -4.2135896221        1.7265379609       -1.6411716582
 H         -2.1730223086        0.4056270638       -1.5800808170
 H          0.5934105973        2.9236916412       -1.4808647958
 H          2.6676027614        4.2633627069       -1.4295746815
 H          6.5283371135        4.3596299111        0.6451122373
 H          5.4982458279        3.6856209091        1.9321961405
 H          6.1852516641        2.6117131072        0.6788281059
 H          4.2135910421        1.7265769072        1.6411627639
 H          2.1730348165        0.4056496183        1.5800768206
 H          1.9983284141       -0.2472238014       -1.8061472062
 H          4.0346899269       -1.6174863273       -2.0554302441
 H          4.2551835052       -5.5096872091        0.0395016551
 H          5.9691512212       -5.0951676544       -0.2109051225
 H          5.0961549510       -4.4351997628        1.1943706903
 H          2.7599111969       -4.0881294724        1.1894568525
 H          0.7467448186       -2.7394997464        1.4230673404
 H         -1.9983031993       -0.2472249049        1.8061751853
 H         -4.0346668563       -1.6174840907        2.0554572471
  62
 Etot=         -94.7601397951
 C         -5.0063651054       -4.7196756772       -0.1393319446
 O         -4.7093083484       -3.6105443126        0.6737704747
 C         -3.5478154543       -2.9315329041        0.4504098714
 C         -2.6104427615       -3.2497271045       -0.5255092527
 C         -1.4650244365       -2.4848431872       -0.6571324883
 C         -1.2312955437       -1.3820203851        0.1569331420
 C          0.0000057225       -0.5920225953       -0.0000081540
 C          0.0000041195        0.7600636646        0.0000072353
 C         -1.2411222699        1.5489732881       -0.0317243116
 C         -1.3883296864        2.6606498474        0.7987654736
 C         -2.5417519590        3.4114606990        0.7771970499
 C         -3.5840998754        3.0850556126       -0.0921562322
 O         -4.6817622761        3.8913611430       -0.0333384755
 C         -5.7718091380        3.6057662643       -0.8757294007
 C         -3.4363029935        1.9942908147       -0.9421190136
 C         -2.2779291897        1.2398634684       -0.9051618181
 C          1.2411236123        1.5489841481        0.0317264907
 C          1.3883176615        2.6606604014       -0.7987666296
 C          2.5417337568        3.4114810816       -0.7772054836
 C          3.5840877339        3.0850873617        0.0921447519
 O          4.6817418725        3.8914037654        0.0333227780
 C          5.7717933568        3.6058208468        0.8757117451
 C          3.4363038663        1.9943230566        0.9421106593
 C          2.2779372016        1.2398846883        0.9051595466
 C          1.2313069233       -1.3820268126       -0.1569304711
 C          2.1724442868       -1.0780651814       -1.1413806286
 C          3.3087973581       -1.8401056377       -1.2882931686
 C          3.5478373485       -2.9315301091       -0.4503791091
 O          4.7093408147       -3.6105300591       -0.6737213257
 C          5.0063556898       -4.7197162436        0.1393217141
 C          2.6104028892       -3.2497909560        0.5254594941
 C          1.4649617262       -2.4849333687        0.6570446257
 C         -2.1723898037       -1.0781016165        1.1414372832
 C         -3.3087455784       -1.8401375578        1.2883533919
 H         -5.0936031212       -4.4343710663       -1.1928152150
 H         -5.9664156688       -5.0935649523        0.2124597610
 H         -4.2525688471       -5.5071572206       -0.0375609320
 H         -2.7578860613       -4.0888471567       -1.1873640497
 H         -0.7433780024       -2.7415563984       -1.4193703937
 H         -0.5899228246        2.9244663572        1.4765469858
 H         -2.6647549560        4.2638186941        1.4265920494
 H         -6.5254211607        4.3572360500       -0.6461500908
 H         -6.1816291041        2.6098179399       -0.6790553618
 H         -5.4949761233        3.6829323149       -1.9322412614
 H         -4.2138739856        1.7230975970       -1.6387587509
 H         -2.1739100201        0.4010575814       -1.5763972968
 H          0.5899055111        2.9244696193       -1.4765449021
 H          2.6647262540        4.2638393330       -1.4266022607
 H          6.5253980122        4.3572970465        0.6461292873
 H          5.4949619645        3.6829866613        1.9322240498
 H          6.1816216943        2.6098757492        0.6790388823
 H          4.2138805204        1.7231374473        1.6387468534
 H          2.1739304412        0.4010752770        1.5763922946
 H          2.0000745704       -0.2416055426       -1.8007725682
 H          4.0359978429       -1.6131975574       -2.0518163463
 H          4.2524821436       -5.5071275158        0.0375835671
 H          5.9663527746       -5.0936768410       -0.2125402012
 H          5.0936758885       -4.4344492121        1.1928089495
 H          2.7578543287       -4.0888947972        1.1873331250
 H          0.7434066320       -2.7415279342        1.4194069048
 H         -2.0000196140       -0.2416360924        1.8008220065
 H         -4.0359744527       -1.6131875573        2.0518374136
