 
        ______________________________________
       |                                      |
       |          ===================         |
       |             xTB for sTDA             |
       |          ===================         |
       |               S. Grimme              |
       |        Universitaet Bonn, MCTC       |
       |         2015-19, Version 1.0         |
       |     Wed Apr  3 09:14:55 CEST 2019    |
       |______________________________________|
 
        This code comes without any warranty
        for non-commercial, academia use only.
        Preliminary test version.
        Cite this work as:
        S. Grimme  &  C. Bannwarth, JCP 145 (2016) 054103
        if GBSA is used additionally:
        P. Shushkov, F. März, C. Bannwarth, S. Grimme, unpublished.
 
        with help from
        P. Shushkov, G. Brandenburg, S. Dohm, J. Pisarek,
        F. März, M. Checinski, S. Ehrlich, S. Spicher, 
        P. Pracht, E. Caldeweyher, S. Ehlert, and C. Bannwarth.
 
        usage        :
        xtb4stda <coord_file> [options]
        where <coord_file> is a valid file of TM)
        (*coord, Bohr) or xmol (*xyz, Angstroem)
        format.

        options:
        -chrg <int>   : molecular charge
        -uhf  <int>   : # of unpaired electrons(=2*S)
        -nox          : skip second, extended part in sTDA-xTB
        -pop          : do population analysis
                      : (default for -nox)
        -mowr <real>  : cut MO write above (def.3 Eh)
        -molden       : write formatted molden file
        -parx <file>  : read parameters for sTDA-xTB
                        calc (def:~/.param_stda2.xtb)
        -parv <file>  : read parameters for vTB part in
                        sTDA-xTB (def: ~/.param_stda1.xtb)
        -xtemp <real> : el. temp for xTB (def. 0 K)
        -etemp <real> : el. temp for GFN (def. 300 K)
        -fod          : calculate the FOD and write
                        molden.input file with
                        appropriate occupations
                        for plotting. Def. T=12500 K
 
        -acc <real>   : xTB accuracy (def. 1.0)
        -gbsa [string1] [string2]
                        use GBSA implicit solvent
                        for solvent [string1] and
                        solvation state [string2]=
                        reference, bar1M (default=1M)
        additional GFN/opt/MD/siman options read from
        $XTB4STDAHOME/.xtb4stdarc or $set in input
 
       spin and charge state information can be on:
       <.CHRG> (charge) and <.UHF> (=nalpha-nbeta)
       -uhf and -chrg override the file info.
       useful machine settings:
       setenv MKL_NUM_THREADS <NCORE_ON_YOUR_MACHINE>
       setenv OMP_STACKSIZE 500m
       limit stacksize unlimited
 
       total energies in Eh, gaps/HL energies in eV
       please read REVISION and HOWTO files carefully
 =============================
  # OMP threads =          48
 =============================
 
 xtb4stdahome directory:/home/penavora/Exe_xtb_crest/
 
 argument            1 :--gbsa
 argument            2 :toluene
 
 name of molecule           :
 comment line               :
 number of atoms            :    67
 number of electrons        :   190
 charge                     :  0
 spin                       : 0.0
 first test random number   :  0.5674
 
 -----------------------------------------
      charge density (VTB) calculation
 -----------------------------------------
 
      method parameters     
 k(s)        :  1.8000
 k(p)        :  2.8350
 k(d)        :  2.0860
 k(f)        :  2.0000
 Tscal       :  0.3300
 Gscal       :  0.3910
 fpol        :  1.0000
 Zcnf        :  0.6500
 Zqf         :  0.0000
 kcn         :  0.3000
 kEN1        : -0.5900
 wllscal     :  2.6000
 
 Solvent             : toluene
 GBSA parameter file : /home/penavora/Exe_xtb_crest/.param_gbsa_toluene
 Gsolv ref. state (COSMO-RS): gsolv [1 M gas/solution]
 temperature (mdtemp)       :    298.150000000000     
 dielectric constant        :    7.00000000000000     
 rho                        :   0.867000000000000     
 mass                       :    92.1400000000000     
 surface tension            :    15.5689470637553     
 probe radius               :   0.641644990000000     
 vdW radii scaling          :    1.00000000000000     
 Gshift (Eh)                :   4.228772547061559E-003
 c1                         :    1.59772343000000     
 soset                      :   0.281999450000000     
 HB correction              :  F
 
 doing EN charges ...
 sum q : -0.4440892D-15
 point charge moment (au)
     X       Y       Z   
   0.5074   0.0195   0.0015  total (Debye):    1.291
 
            Z      q(EN)   CN      Cart. coordinates
     1  C   4.0  -0.242   4.091   -13.14787     4.74274     1.86795
     2  C   4.0  -0.033   4.178   -13.37781     2.85172    -0.31353
     3  C   4.0  -0.242   4.091   -13.17688     4.22021    -2.85864
     4  C   4.0   0.000   3.402   -15.80307     1.34957    -0.13315
     5  C   4.0  -0.067   3.159   -18.26487     2.20046    -0.20185
     6  C   4.0  -0.073   3.148   -20.21522     0.45587     0.00244
     7  C   4.0  -0.073   3.146   -19.70814    -2.10181     0.27051
     8  C   4.0  -0.069   3.157   -17.24117    -2.97517     0.34095
     9  C   4.0  -0.004   3.339   -15.29006    -1.23860     0.13853
    10  C   4.0  -0.004   3.339   -12.56772    -1.58929     0.15676
    11  C   4.0  -0.067   3.154   -11.11572    -3.76226     0.37677
    12  C   4.0  -0.072   3.192    -8.51467    -3.54639     0.34225
    13  C   4.0   0.003   3.242    -7.35214    -1.18812     0.09180
    14  C   4.0   0.184   3.362    -4.60298    -0.99989     0.06775
    15  N   5.0  -0.212   2.165    -3.57308     1.28703    -0.22146
    16  C   4.0   0.034   3.262    -1.09284     1.45253    -0.22691
    17  C   4.0   0.006   3.207     0.49436    -0.64362     0.03611
    18  C   4.0  -0.004   3.214     3.24935    -0.45063     0.02453
    19  C   4.0  -0.072   3.187     4.47223     1.25718    -1.56870
    20  C   4.0  -0.068   3.184     7.07370     1.43203    -1.59236
    21  C   4.0   0.091   3.241     8.51878    -0.08371     0.00369
    22  N   5.0  -0.323   3.313    11.15845     0.09804    -0.00790
    23  C   4.0   0.088   3.467    12.82643    -1.90047    -0.22040
    24  C   4.0  -0.063   3.154    12.33921    -4.45421    -0.56531
    25  C   4.0  -0.073   3.151    14.38151    -6.06844    -0.77891
    26  C   4.0  -0.073   3.145    16.85662    -5.17595    -0.67359
    27  C   4.0  -0.067   3.152    17.35298    -2.63118    -0.37787
    28  C   4.0  -0.000   3.372    15.33095    -0.97150    -0.15795
    29  C   4.0  -0.000   3.372    15.14817     1.72342     0.11986
    30  C   4.0  -0.067   3.152    16.92785     3.64157     0.33118
    31  C   4.0  -0.073   3.145    16.09267     6.09558     0.63086
    32  C   4.0  -0.073   3.151    13.52007     6.64452     0.74999
    33  C   4.0  -0.063   3.154    11.71419     4.76850     0.54601
    34  C   4.0   0.088   3.467    12.54117     2.30437     0.19660
    35  C   4.0  -0.068   3.184     7.31022    -1.78363     1.61094
    36  C   4.0  -0.072   3.187     4.70966    -1.97161     1.60706
    37  C   4.0   0.034   3.262    -0.78278    -2.94072     0.31215
    38  N   5.0  -0.212   2.165    -3.26154    -3.12115     0.33759
    39  C   4.0  -0.065   3.205    -8.82343     0.99882    -0.13398
    40  C   4.0   0.002   3.399   -11.41104     0.78729    -0.10096
    41  H   1.0   0.083   0.999   -14.64080     6.14952     1.75014
    42  H   1.0   0.082   0.999   -13.30048     3.76990     3.67335
    43  H   1.0   0.083   1.000   -11.33094     5.69840     1.78803
    44  H   1.0   0.083   0.999   -14.67526     5.61481    -3.03695
    45  H   1.0   0.082   0.999   -13.34150     2.87548    -4.40584
    46  H   1.0   0.083   0.999   -11.36330     5.17400    -3.00805
    47  H   1.0   0.074   1.004   -18.68549     4.18711    -0.41010
    48  H   1.0   0.074   1.004   -22.15284     1.09843    -0.04784
    49  H   1.0   0.074   1.004   -21.25528    -3.42551     0.42649
    50  H   1.0   0.074   1.004   -16.84878    -4.96700     0.55033
    51  H   1.0   0.074   1.004   -11.99821    -5.59165     0.57246
    52  H   1.0   0.076   1.006    -7.32909    -5.19703     0.50889
    53  H   1.0   0.076   1.005    -0.33295     3.34518    -0.41596
    54  H   1.0   0.075   1.005     3.37462     2.41580    -2.84053
    55  H   1.0   0.076   1.005     8.00442     2.72142    -2.87062
    56  H   1.0   0.075   1.005    10.42951    -5.16205    -0.68409
    57  H   1.0   0.074   1.004    14.05063    -8.06580    -1.04205
    58  H   1.0   0.074   1.004    18.40210    -6.49847    -0.84400
    59  H   1.0   0.074   1.004    19.27087    -1.93618    -0.32782
    60  H   1.0   0.074   1.004    18.92187     3.21257     0.27137
    61  H   1.0   0.074   1.004    17.44560     7.61537     0.79414
    62  H   1.0   0.074   1.004    12.92337     8.57876     1.01586
    63  H   1.0   0.075   1.005     9.72691     5.21077     0.67650
    64  H   1.0   0.076   1.005     8.42081    -2.93149     2.88044
    65  H   1.0   0.075   1.005     3.79273    -3.27035     2.88667
    66  H   1.0   0.076   1.005     0.23416    -4.71007     0.48680
    67  H   1.0   0.077   1.006    -7.88511     2.79823    -0.32710
 
  Z AO/shell   Hii/eV     exponent
  1     Sat Feb 20 21:38:01 CET 2016    EN: 2.327 GAM: 0.473  GM3: 0.0000
     1s    -13.751157    1.051071
  6     Sat Feb 20 21:38:01 CET 2016    EN: 2.731 GAM: 0.422  GM3: 0.0000
     2s    -19.378245    2.021003
     2p    -11.993376    1.497917
  7     Sat Feb 20 21:38:01 CET 2016    EN: 3.573 GAM: 0.504  GM3: 0.0000
     2s    -21.576984    2.275442
     2p    -16.125120    2.056788
 
 dipole moment of classical point charges (au)
     X       Y       Z   
   0.5074   0.0195   0.0015  total (Debye):    1.291

 
 Nbf   :          187
 T(el) :   300.0
 calculating S/T integrals ...
 cpu time for ints    1.28036900000000     
 Nao   :          187
 making H0...
 making H1...
 cpu time for H      0.240849000000000     
 solving ...
 cpu time for diag   0.626283000000000     
 
 gap (eV)           :   4.337
 Koopmans IP (eV)   :  13.181
 Eel (Eh)           :  -149.052989
 T,E(Fermi),NFOD :    300.000   -11.012  0.000000
 T,E(Fermi),NFOD :    300.000   -11.012  0.000000
 Nfod               :  0.0000
 Nfod/Nel           :  0.0000

          eigenvalues
 #    :          83         84         85         86         87         88         89         90
 occ. :        2.000      2.000      2.000      2.000      2.000      2.000      2.000      2.000
 eps  :       -17.284    -16.966    -16.434    -16.161    -15.621    -15.563    -15.448    -15.435
 #    :          91         92         93         94         95         96         97         98
 occ. :        2.000      2.000      2.000      2.000      2.000      0.000      0.000      0.000
 eps  :       -15.403    -14.766    -14.044    -13.965    -13.182     -8.845     -8.141     -6.781
 #    :          99        100        101        102        103        104        105        106
 occ. :        0.000      0.000      0.000      0.000      0.000      0.000      0.000      0.000
 eps  :        -6.480     -6.447     -5.852     -5.849     -5.497     -5.279     -5.247     -5.211
                            1  SCC done.
 making H1...
 cpu time for H      0.732277000000000     
 solving ...
 cpu time for diag   0.343220000000000     
 
 gap (eV)           :   4.461
 Koopmans IP (eV)   :  13.180
 Eel (Eh)           :  -148.655521
 T,E(Fermi),NFOD :    300.000   -10.949  0.000000
 T,E(Fermi),NFOD :    300.000   -10.949  0.000000
 Nfod               :  0.0000
 Nfod/Nel           :  0.0000

          eigenvalues
 #    :          83         84         85         86         87         88         89         90
 occ. :        2.000      2.000      2.000      2.000      2.000      2.000      2.000      2.000
 eps  :       -16.992    -16.499    -16.343    -16.046    -15.574    -15.457    -15.369    -15.322
 #    :          91         92         93         94         95         96         97         98
 occ. :        2.000      2.000      2.000      2.000      2.000      0.000      0.000      0.000
 eps  :       -14.947    -14.448    -13.931    -13.926    -13.181     -8.720     -7.953     -6.734
 #    :          99        100        101        102        103        104        105        106
 occ. :        0.000      0.000      0.000      0.000      0.000      0.000      0.000      0.000
 eps  :        -6.497     -6.477     -5.919     -5.803     -5.453     -5.271     -5.186     -5.181
                            2  SCC done.
 
 
 Mulliken/CM5 charges    n(s)   n(p)   n(d)   
    1 C  -0.0875 -0.2339   1.101  2.987  0.000
    2 C   0.0210 -0.0001   1.223  2.756  0.000
    3 C  -0.0875 -0.2339   1.101  2.987  0.000
    4 C  -0.0207 -0.0280   1.195  2.826  0.000
    5 C  -0.0340 -0.0879   1.139  2.895  0.000
    6 C  -0.0321 -0.0883   1.138  2.894  0.000
    7 C  -0.0325 -0.0886   1.136  2.896  0.000
    8 C  -0.0351 -0.0882   1.140  2.895  0.000
    9 C  -0.0129 -0.0178   1.170  2.843  0.000
   10 C  -0.0045 -0.0092   1.176  2.829  0.000
   11 C  -0.0281 -0.0810   1.137  2.891  0.000
   12 C  -0.0344 -0.0849   1.142  2.892  0.000
   13 C   0.0164  0.0200   1.155  2.829  0.000
   14 C   0.0942  0.2429   1.206  2.699  0.000
   15 N  -0.2111 -0.4033   1.488  3.723  0.000
   16 C   0.0346  0.0672   1.174  2.792  0.000
   17 C   0.0117  0.0145   1.171  2.817  0.000
   18 C  -0.0092 -0.0176   1.162  2.847  0.000
   19 C  -0.0270 -0.0802   1.139  2.888  0.000
   20 C  -0.0295 -0.0781   1.136  2.893  0.000
   21 C   0.0627  0.1187   1.171  2.766  0.000
   22 N  -0.0923 -0.3371   1.233  3.859  0.000
   23 C   0.0379  0.1009   1.183  2.779  0.000
   24 C  -0.0438 -0.0931   1.136  2.908  0.000
   25 C  -0.0410 -0.0970   1.136  2.905  0.000
   26 C  -0.0513 -0.1074   1.133  2.919  0.000
   27 C  -0.0421 -0.0949   1.139  2.903  0.000
   28 C  -0.0279 -0.0250   1.165  2.863  0.000
   29 C  -0.0279 -0.0251   1.165  2.863  0.000
   30 C  -0.0421 -0.0949   1.139  2.903  0.000
   31 C  -0.0513 -0.1074   1.133  2.919  0.000
   32 C  -0.0409 -0.0969   1.136  2.905  0.000
   33 C  -0.0437 -0.0930   1.136  2.908  0.000
   34 C   0.0379  0.1009   1.183  2.779  0.000
   35 C  -0.0296 -0.0783   1.136  2.893  0.000
   36 C  -0.0272 -0.0804   1.139  2.888  0.000
   37 C   0.0343  0.0670   1.174  2.792  0.000
   38 N  -0.2122 -0.4044   1.488  3.724  0.000
   39 C  -0.0347 -0.0829   1.145  2.890  0.000
   40 C  -0.0099 -0.0169   1.192  2.818  0.000
   41 H   0.0387  0.0922   0.961  0.000  0.000
   42 H   0.0342  0.0880   0.966  0.000  0.000
   43 H   0.0351  0.0888   0.965  0.000  0.000
   44 H   0.0386  0.0922   0.961  0.000  0.000
   45 H   0.0342  0.0879   0.966  0.000  0.000
   46 H   0.0351  0.0888   0.965  0.000  0.000
   47 H   0.0407  0.0981   0.959  0.000  0.000
   48 H   0.0437  0.1002   0.956  0.000  0.000
   49 H   0.0437  0.1001   0.956  0.000  0.000
   50 H   0.0407  0.0980   0.959  0.000  0.000
   51 H   0.0467  0.1040   0.953  0.000  0.000
   52 H   0.0446  0.1080   0.955  0.000  0.000
   53 H   0.0575  0.1260   0.942  0.000  0.000
   54 H   0.0467  0.1051   0.953  0.000  0.000
   55 H   0.0436  0.1045   0.956  0.000  0.000
   56 H   0.0424  0.1023   0.958  0.000  0.000
   57 H   0.0453  0.1018   0.955  0.000  0.000
   58 H   0.0410  0.0976   0.959  0.000  0.000
   59 H   0.0413  0.0984   0.959  0.000  0.000
   60 H   0.0413  0.0984   0.959  0.000  0.000
   61 H   0.0410  0.0975   0.959  0.000  0.000
   62 H   0.0453  0.1019   0.955  0.000  0.000
   63 H   0.0424  0.1023   0.958  0.000  0.000
   64 H   0.0435  0.1045   0.956  0.000  0.000
   65 H   0.0466  0.1049   0.953  0.000  0.000
   66 H   0.0574  0.1259   0.943  0.000  0.000
   67 H   0.0416  0.1060   0.958  0.000  0.000
 Hirshfeld charges for QMDFF written to <charges>
 
 Loewdin charges    n(s)   n(p)   n(d)
    1 C  -0.0910   1.029  3.062  0.000
    2 C   0.0313   1.182  2.787  0.000
    3 C  -0.0910   1.029  3.062  0.000
    4 C  -0.0188   1.155  2.864  0.000
    5 C  -0.0290   1.086  2.943  0.000
    6 C  -0.0239   1.083  2.941  0.000
    7 C  -0.0246   1.081  2.943  0.000
    8 C  -0.0298   1.086  2.944  0.000
    9 C  -0.0102   1.128  2.882  0.000
   10 C  -0.0003   1.133  2.867  0.000
   11 C  -0.0230   1.083  2.940  0.000
   12 C  -0.0273   1.088  2.939  0.000
   13 C   0.0169   1.112  2.871  0.000
   14 C   0.0824   1.177  2.740  0.000
   15 N  -0.1912   1.454  3.737  0.000
   16 C   0.0377   1.126  2.836  0.000
   17 C   0.0092   1.130  2.861  0.000
   18 C  -0.0036   1.118  2.886  0.000
   19 C  -0.0215   1.086  2.936  0.000
   20 C  -0.0268   1.084  2.943  0.000
   21 C   0.0597   1.134  2.806  0.000
   22 N  -0.0502   1.191  3.859  0.000
   23 C   0.0317   1.148  2.820  0.000
   24 C  -0.0415   1.083  2.958  0.000
   25 C  -0.0323   1.081  2.951  0.000
   26 C  -0.0450   1.078  2.967  0.000
   27 C  -0.0359   1.085  2.951  0.000
   28 C  -0.0279   1.124  2.904  0.000
   29 C  -0.0280   1.124  2.904  0.000
   30 C  -0.0359   1.085  2.951  0.000
   31 C  -0.0450   1.078  2.967  0.000
   32 C  -0.0323   1.081  2.951  0.000
   33 C  -0.0414   1.083  2.958  0.000
   34 C   0.0317   1.148  2.820  0.000
   35 C  -0.0269   1.084  2.943  0.000
   36 C  -0.0217   1.086  2.936  0.000
   37 C   0.0374   1.126  2.836  0.000
   38 N  -0.1922   1.454  3.739  0.000
   39 C  -0.0308   1.092  2.939  0.000
   40 C  -0.0090   1.152  2.857  0.000
   41 H   0.0379   0.962  0.000  0.000
   42 H   0.0337   0.966  0.000  0.000
   43 H   0.0350   0.965  0.000  0.000
   44 H   0.0378   0.962  0.000  0.000
   45 H   0.0337   0.966  0.000  0.000
   46 H   0.0349   0.965  0.000  0.000
   47 H   0.0328   0.967  0.000  0.000
   48 H   0.0355   0.964  0.000  0.000
   49 H   0.0355   0.964  0.000  0.000
   50 H   0.0327   0.967  0.000  0.000
   51 H   0.0379   0.962  0.000  0.000
   52 H   0.0358   0.964  0.000  0.000
   53 H   0.0448   0.955  0.000  0.000
   54 H   0.0382   0.962  0.000  0.000
   55 H   0.0352   0.965  0.000  0.000
   56 H   0.0344   0.966  0.000  0.000
   57 H   0.0372   0.963  0.000  0.000
   58 H   0.0337   0.966  0.000  0.000
   59 H   0.0334   0.967  0.000  0.000
   60 H   0.0334   0.967  0.000  0.000
   61 H   0.0337   0.966  0.000  0.000
   62 H   0.0373   0.963  0.000  0.000
   63 H   0.0344   0.966  0.000  0.000
   64 H   0.0352   0.965  0.000  0.000
   65 H   0.0381   0.962  0.000  0.000
   66 H   0.0448   0.955  0.000  0.000
   67 H   0.0332   0.967  0.000  0.000
 
 Wiberg/Mayer (AO) data. WBOs > 0.1 written file <wbo>
 largest (>0.05) Wiberg bond orders for each atom
           total WBO             WBO to atom ...
     1  C   3.981    H   42 0.979    H   43 0.979    H   41 0.978    C    2 0.958
     2  C   3.923    C    1 0.958    C    3 0.958    C    4 0.943    C   40 0.942
     3  C   3.981    H   45 0.979    H   46 0.979    H   44 0.978    C    2 0.958
     4  C   3.941    C    5 1.432    C    9 1.304    C    2 0.943    C    7 0.105
     5  C   3.972    C    4 1.432    C    6 1.410    H   47 0.946    C    8 0.099
     6  C   3.950    C    7 1.431    C    5 1.410    H   48 0.946    C    9 0.100
     7  C   3.972    C    8 1.432    C    6 1.431    H   49 0.945    C    4 0.105
     8  C   3.956    C    7 1.432    C    9 1.377    H   50 0.946    C    5 0.099
     9  C   3.956    C    8 1.377    C    4 1.304    C   10 1.043    C    6 0.100
    10  C   3.948    C   11 1.365    C   40 1.291    C    9 1.043    C   13 0.089
    11  C   3.959    C   12 1.457    C   10 1.365    H   51 0.943    C   39 0.088
    12  C   3.967    C   11 1.457    C   13 1.350    H   52 0.944    C   40 0.094
    13  C   3.939    C   12 1.350    C   39 1.328    C   14 1.061    C   10 0.089
    14  C   3.914    N   15 1.333    N   38 1.333    C   13 1.061    C   17 0.081
    15  N   3.084    C   16 1.442    C   14 1.333    C   37 0.098    N   38 0.066
    16  C   3.947    N   15 1.442    C   17 1.348    H   53 0.945    N   38 0.098
    17  C   3.943    C   16 1.348    C   37 1.348    C   18 1.016    C   14 0.081
    18  C   3.956    C   19 1.362    C   36 1.362    C   17 1.016    C   21 0.100
    19  C   3.969    C   20 1.453    C   18 1.362    H   54 0.944    C   35 0.102
    20  C   3.968    C   19 1.453    C   21 1.376    H   55 0.945    C   36 0.102
    21  C   3.925    C   20 1.376    C   35 1.376    N   22 0.978    C   18 0.100
    22  N   3.450    C   23 1.057    C   34 1.057    C   21 0.978
    23  C   3.928    C   24 1.369    C   28 1.265    N   22 1.057    C   26 0.091
    24  C   3.968    C   25 1.452    C   23 1.369    H   56 0.944    C   27 0.103
    25  C   3.953    C   24 1.452    C   26 1.394    H   57 0.945    C   28 0.090
    26  C   3.969    C   27 1.460    C   25 1.394    H   58 0.945    C   23 0.091
    27  C   3.961    C   26 1.460    C   28 1.354    H   59 0.945    C   24 0.103
    28  C   3.955    C   27 1.354    C   23 1.265    C   29 1.088    C   25 0.090
    29  C   3.955    C   30 1.354    C   34 1.265    C   28 1.088    C   32 0.090
    30  C   3.961    C   31 1.460    C   29 1.354    H   60 0.945    C   33 0.103
    31  C   3.969    C   30 1.460    C   32 1.394    H   61 0.945    C   34 0.091
    32  C   3.953    C   33 1.452    C   31 1.394    H   62 0.944    C   29 0.090
    33  C   3.968    C   32 1.452    C   34 1.369    H   63 0.944    C   30 0.103
    34  C   3.928    C   33 1.369    C   29 1.265    N   22 1.057    C   31 0.091
    35  C   3.968    C   36 1.453    C   21 1.376    H   64 0.945    C   19 0.102
    36  C   3.969    C   35 1.453    C   18 1.362    H   65 0.944    C   20 0.102
    37  C   3.947    N   38 1.442    C   17 1.348    H   66 0.945    N   15 0.098
    38  N   3.083    C   37 1.442    C   14 1.333    C   16 0.098    N   15 0.066
    39  C   3.967    C   40 1.460    C   13 1.328    H   67 0.944    C   11 0.088
    40  C   3.945    C   39 1.460    C   10 1.291    C    2 0.942    C   12 0.094
    41  H   0.997    C    1 0.978
    42  H   0.999    C    1 0.979
    43  H   0.997    C    1 0.979
    44  H   0.997    C    3 0.978
    45  H   0.999    C    3 0.979
    46  H   0.997    C    3 0.979
    47  H   0.997    C    5 0.946
    48  H   0.997    C    6 0.946
    49  H   0.994    C    7 0.945
    50  H   0.997    C    8 0.946
    51  H   0.995    C   11 0.943
    52  H   0.994    C   12 0.944
    53  H   0.996    C   16 0.945
    54  H   0.997    C   19 0.944
    55  H   0.996    C   20 0.945
    56  H   0.997    C   24 0.944
    57  H   0.997    C   25 0.945
    58  H   0.997    C   26 0.945
    59  H   0.997    C   27 0.945
    60  H   0.997    C   30 0.945
    61  H   0.997    C   31 0.945
    62  H   0.997    C   32 0.944
    63  H   0.997    C   33 0.944
    64  H   0.996    C   35 0.945
    65  H   0.997    C   36 0.944
    66  H   0.995    C   37 0.945
    67  H   0.997    C   39 0.944
 
 --------------------------------------------
          xTB calculation for sTDA...
 --------------------------------------------
 
 reading parameter file /home/penavora/Exe_xtb_crest/.param_stda2.xtb
 
      method parameters     
 k(s)        :  1.6000
 k(p)        :  2.1800
 k(d)        :  1.9500
 k(f)        :  2.0000
 k(R-V)      :  2.2750
 k(R-R)      :  1.7650
 Tscal       :  0.2580
 Gscal       :  1.0000
 fpol        :  1.0000
 Zcnf        :  0.3430
 Zqf         :  0.0000
 kcn         :  2.7000
 Ryd Hsplit  :  0.7000
 lshift(virt):  3.1000
 lshift(OS)  :  0.2000
 wllscaling  :  2.6000
 
 mowrcut     : 3.000
 
  Z AO/shell   Hii/eV     exponent
  1     Sun Feb 14 09:53:25 CET 2016    EN: 2.327 GAM: 0.473  GM3: 0.0000
     1s    -14.339618    1.220000
     2sp    -3.348946    0.600000
  6     Sun Feb 14 09:53:25 CET 2016    EN: 2.731 GAM: 0.422  GM3: 0.0000
     2s    -22.009312    1.565095
     2p    -13.020408    1.596905
     3sp    -3.914040    0.824500
  7     Sun Feb 14 09:53:25 CET 2016    EN: 3.573 GAM: 0.504  GM3: 0.0000
     2s    -25.722000    2.064844
     2p    -18.684912    1.801692
     3sp    -4.344791    0.921400
 
 Nbf   :          455
 T(el) :     0.0
 calculating S/T integrals ...
 cpu time for ints    7.42758000000000     
 Nao   :          455
 making H0...
 making H1...
 cpu time for H      0.545486000000000     
 solving ...
 cpu time for diag    1.01842500000000     
 
 gap (eV)           :   6.392
 Koopmans IP (eV)   :  14.162
 Eel (Eh)           :  -163.911226

          eigenvalues
 #    :          83         84         85         86         87         88         89         90
 occ. :        2.000      2.000      2.000      2.000      2.000      2.000      2.000      2.000
 eps  :       -17.896    -17.708    -16.992    -16.899    -16.446    -16.267    -16.192    -16.131
 #    :          91         92         93         94         95         96         97         98
 occ. :        2.000      2.000      2.000      2.000      2.000      0.000      0.000      0.000
 eps  :       -16.049    -15.817    -15.061    -15.057    -14.164     -7.771     -6.644     -6.461
 #    :          99        100        101        102        103        104        105        106
 occ. :        0.000      0.000      0.000      0.000      0.000      0.000      0.000      0.000
 eps  :        -6.453     -6.010     -5.879     -5.746     -5.735     -5.622     -5.150     -5.011
                            1  SCC done.
 writing mo output ...
 molden style : F
 
speedup 25.71
cpu  time for all   13.55 s
wall time for all    0.53 s
