  70
 Etot=        -135.9667773692
 N        -10.3477949668        2.1870380549        2.4983502808
 C         -9.4455617030        1.6375321055        2.0522911592
 C         -8.3328515563        0.9543584791        1.5089762324
 C         -8.0687171147       -0.3693566386        1.8748116230
 C         -6.9670719355       -1.0125286210        1.3590046259
 C         -6.0979924167       -0.3717772203        0.4679687904
 N         -4.9752525182       -1.0577743662        0.0196960953
 C         -4.9938603184       -2.2952530122       -0.6098681922
 C         -6.0774715966       -3.0688635719       -0.9939646482
 C         -5.8163539914       -4.2586753865       -1.6497778077
 C         -4.5132858311       -4.6638885936       -1.9268335963
 C         -3.4323118565       -3.8840697357       -1.5625644532
 C         -3.6696214692       -2.6872098781       -0.8998372615
 C         -2.8110370854       -1.6493442179       -0.3924974492
 C         -1.4345305417       -1.4956359813       -0.3434243148
 C         -0.8991499270       -0.3667309704        0.2655413153
 C          0.5581562521       -0.1671050739        0.3245319663
 C          1.4032072766       -1.2422842512        0.6282281289
 C          2.7744153517       -1.0971528147        0.7082563440
 C          3.3062158649        0.1618847654        0.4786915643
 C          2.4772177230        1.2538154164        0.1456938155
 C          1.1029829084        1.0873255274        0.0757201163
 C          3.3456889981        2.3823580355       -0.0626465824
 C          3.1177768834        3.7166697757       -0.3700092962
 C          4.2009634743        4.5705786033       -0.4528319586
 C          5.4935035325        4.1143515119       -0.2098106977
 C          5.7443857451        2.7894950298        0.0996312757
 C          4.6644574388        1.9230800938        0.1428606264
 N          4.6318276901        0.5712552738        0.4572267308
 C          5.7194851138       -0.2357222973        0.7702128639
 C          5.7396153926       -0.8851936300        2.0103464768
 C          6.8077147273       -1.6616950018        2.3967526073
 C          7.9031739567       -1.8093541543        1.5400049927
 C          9.0186460135       -2.5839661791        1.9344050377
 N          9.9201960146       -3.2126233543        2.2615048921
 C          7.8879092744       -1.2028400103        0.2872099964
 C          6.7994535403       -0.4356714867       -0.1058078726
 C          6.8335133643        0.0896744912       -1.5159782278
 F          7.3519153821       -0.8281411741       -2.3592548525
 F          5.6400364649        0.4106287421       -2.0278016731
 F          7.6176923252        1.1790580756       -1.6574498811
 C         -1.7544576969        0.5804453083        0.8428314004
 C         -3.1280580528        0.4417129211        0.8140165987
 C         -3.6532579603       -0.6645441117        0.1663137015
 C         -6.4033259710        0.9385557927        0.0631473367
 C         -5.6299367607        1.6829952645       -0.9920770961
 F         -6.4603683203        2.3761083588       -1.7992590817
 F         -4.7864149773        2.6047584024       -0.4813015093
 F         -4.9010125836        0.9118448319       -1.8067288643
 C         -7.5028293685        1.5981869000        0.5955612362
 H         -8.7206375810       -0.8727095906        2.5722318316
 H         -6.7392705596       -2.0243303572        1.6571367400
 H         -7.0918533058       -2.7555647203       -0.7980787519
 H         -6.6418518677       -4.8834142407       -1.9568250491
 H         -4.3498585210       -5.5990776005       -2.4413430771
 H         -2.4235089569       -4.1919687118       -1.7911989962
 H         -0.7888256408       -2.2371154675       -0.7879762200
 H          0.9662008759       -2.2097142941        0.8246451947
 H          3.4049956583       -1.9424764954        0.9388593045
 H          0.4667052325        1.9166602717       -0.1926610656
 H          2.1134163665        4.0758959849       -0.5345634443
 H          4.0460037510        5.6112326793       -0.6957506125
 H          6.3198697412        4.8075866831       -0.2591387658
 H          6.7501017507        2.4545356946        0.3046367711
 H          4.9016493798       -0.7439042733        2.6753506725
 H          6.8140385784       -2.1440168220        3.3622402999
 H          8.7170906415       -1.3445200853       -0.3902673981
 H         -1.3259635828        1.4328410741        1.3481986351
 H         -3.7614914564        1.1735644196        1.2923514898
 H         -7.7251009621        2.6083658707        0.2845406436
  70
 Etot=        -135.9668602579
 N        -10.3467219850        2.1851883642        2.4968912572
 C         -9.4445685457        1.6369843632        2.0514924270
 C         -8.3317788591        0.9542434901        1.5080331254
 C         -8.0679453821       -0.3689773100        1.8736312847
 C         -6.9661331571       -1.0120214459        1.3584306931
 C         -6.0969560784       -0.3709879727        0.4677345004
 N         -4.9746913731       -1.0568801441        0.0192116365
 C         -4.9933058927       -2.2944279307       -0.6099535012
 C         -6.0766251913       -3.0681018822       -0.9936464917
 C         -5.8154956372       -4.2577669240       -1.6491909454
 C         -4.5127054193       -4.6629676757       -1.9256561394
 C         -3.4319949494       -3.8831501831       -1.5616984311
 C         -3.6692197091       -2.6864365635       -0.8994470389
 C         -2.8107621766       -1.6487039118       -0.3924056650
 C         -1.4344270156       -1.4954232440       -0.3431601141
 C         -0.8990896806       -0.3665465619        0.2653771476
 C          0.5578770886       -0.1669540631        0.3248420885
 C          1.4025050772       -1.2419772389        0.6288631380
 C          2.7736896993       -1.0970861159        0.7082837851
 C          3.3057324682        0.1614477380        0.4782994126
 C          2.4769728553        1.2534823541        0.1454214131
 C          1.1029578842        1.0872439121        0.0761742469
 C          3.3455299308        2.3816858753       -0.0628358273
 C          3.1175765865        3.7158537420       -0.3693987159
 C          4.2006862367        4.5693344307       -0.4520144011
 C          5.4929970895        4.1128684458       -0.2100481363
 C          5.7439521520        2.7881646728        0.0985796445
 C          4.6640028271        1.9224653430        0.1418493320
 N          4.6311564134        0.5703175484        0.4561103723
 C          5.7186811972       -0.2359397875        0.7689031562
 C          5.7388414454       -0.8855077935        2.0090011127
 C          6.8070180829       -1.6616239902        2.3953135684
 C          7.9021144548       -1.8088926595        1.5389218979
 C          9.0176218922       -2.5830676372        1.9337384871
 N          9.9183611642       -3.2112306119        2.2607665624
 C          7.8864940470       -1.2017387537        0.2867193997
 C          6.7987115590       -0.4346398502       -0.1065886066
 C          6.8324847550        0.0912117301       -1.5169144520
 F          7.3508481337       -0.8283715548       -2.3561476207
 F          5.6379205289        0.4107406532       -2.0239776451
 F          7.6161779817        1.1795926880       -1.6532446038
 C         -1.7541927883        0.5809608716        0.8417750960
 C         -3.1276224787        0.4428246722        0.8125303327
 C         -3.6526019133       -0.6635071806        0.1655349168
 C         -6.4016545860        0.9389774150        0.0631365651
 C         -5.6276342979        1.6828823671       -0.9923621198
 F         -6.4602225290        2.3736921264       -1.7968939267
 F         -4.7859600092        2.6017199402       -0.4773976633
 F         -4.9004591956        0.9080974124       -1.8031897298
 C         -7.5014255644        1.5976260533        0.5950078110
 H         -8.7206545867       -0.8723740149        2.5709027050
 H         -6.7379498066       -2.0240852624        1.6573065002
 H         -7.0914387097       -2.7542254173       -0.7983095535
 H         -6.6409077783       -4.8821705595       -1.9564283337
 H         -4.3494604729       -5.5978014169       -2.4402518710
 H         -2.4231764853       -4.1905617021       -1.7905667814
 H         -0.7887430763       -2.2370101769       -0.7881306979
 H          0.9654977428       -2.2096628865        0.8251500942
 H          3.4046745052       -1.9430487978        0.9379644728
 H          0.4668744677        1.9161996194       -0.1937457662
 H          2.1131904584        4.0748233765       -0.5338489995
 H          4.0458513434        5.6096653261       -0.6951519011
 H          6.3191947252        4.8057321039       -0.2596309780
 H          6.7493656920        2.4529460630        0.3044545046
 H          4.9014875708       -0.7423971831        2.6752848818
 H          6.8137909670       -2.1440544727        3.3611706112
 H          8.7159246268       -1.3436442851       -0.3904566793
 H         -1.3253934411        1.4331496721        1.3471269543
 H         -3.7611555040        1.1743227489        1.2912841416
 H         -7.7243556442        2.6077000902        0.2839247769
  70
 Etot=        -135.9668799734
 N        -10.3459697554        2.1849874326        2.4963034050
 C         -9.4451008303        1.6353738039        2.0495835696
 C         -8.3310351066        0.9538404957        1.5071478416
 C         -8.0672324799       -0.3690521759        1.8728142182
 C         -6.9650554260       -1.0118796197        1.3583719843
 C         -6.0959258938       -0.3704589259        0.4679986102
 N         -4.9740142599       -1.0563316414        0.0193455132
 C         -4.9926610423       -2.2937941383       -0.6096298695
 C         -6.0758323121       -3.0672743214       -0.9934471428
 C         -5.8147218012       -4.2569762563       -1.6487852658
 C         -4.5120142279       -4.6622783369       -1.9248361232
 C         -3.4313979312       -3.8824538098       -1.5609960170
 C         -3.6686614307       -2.6858794315       -0.8988982932
 C         -2.8103676297       -1.6481735477       -0.3921756164
 C         -1.4341658198       -1.4951729181       -0.3430190334
 C         -0.8989989189       -0.3662439519        0.2652024029
 C          0.5575951354       -0.1669553064        0.3249550786
 C          1.4017745988       -1.2420167308        0.6292160325
 C          2.7729593280       -1.0973352297        0.7081381365
 C          3.3051128303        0.1609427110        0.4780869851
 C          2.4765315676        1.2531264578        0.1451503693
 C          1.1027700203        1.0870463148        0.0759458486
 C          3.3451401349        2.3810669778       -0.0630224147
 C          3.1171609933        3.7152302161       -0.3691329342
 C          4.2004180526        4.5683342586       -0.4517908660
 C          5.4926127610        4.1116233105       -0.2102774160
 C          5.7434936321        2.7869842942        0.0982775439
 C          4.6633371441        1.9219088401        0.1414990370
 N          4.6302725347        0.5694376419        0.4555326736
 C          5.7178317061       -0.2360717196        0.7682245248
 C          5.7380381153       -0.8854902917        2.0083956456
 C          6.8061994484       -1.6615159943        2.3944961135
 C          7.9010537985       -1.8085273720        1.5381876328
 C          9.0161292274       -2.5834057165        1.9328849108
 N          9.9181787752       -3.2096231161        2.2606680781
 C          7.8852056776       -1.2007505265        0.2864485608
 C          6.7978284424       -0.4338662759       -0.1071501927
 C          6.8314522016        0.0927162999       -1.5184564600
 F          7.3494448278       -0.8276736787       -2.3550470246
 F          5.6362277844        0.4110561942       -2.0220428716
 F          7.6145087442        1.1800863041       -1.6512163483
 C         -1.7538283044        0.5816184196        0.8411202873
 C         -3.1271622993        0.4436781488        0.8121005329
 C         -3.6518772337       -0.6629182096        0.1656919852
 C         -6.4001470560        0.9392983640        0.0632989373
 C         -5.6250840307        1.6833470944       -0.9929775776
 F         -6.4585364961        2.3723994680       -1.7958129106
 F         -4.7848565350        2.5998300037       -0.4752701555
 F         -4.8993570179        0.9060197169       -1.8010121310
 C         -7.5001991022        1.5971502634        0.5947313249
 H         -8.7207789959       -0.8726479874        2.5694892768
 H         -6.7367519921       -2.0241722164        1.6572651879
 H         -7.0908178100       -2.7529035711       -0.7983993226
 H         -6.6401438083       -4.8812392373       -1.9558780070
 H         -4.3488783858       -5.5971867140       -2.4390248614
 H         -2.4224639408       -4.1895920408       -1.7896160850
 H         -0.7885072730       -2.2371309247       -0.7877087172
 H          0.9646848437       -2.2096561033        0.8260873928
 H          3.4041781111       -1.9435369985        0.9376279457
 H          0.4666645286        1.9159806550       -0.1940264944
 H          2.1126359827        4.0741120644       -0.5326847663
 H          4.0456652967        5.6087102085       -0.6941860114
 H          6.3188077026        4.8042076924       -0.2600540390
 H          6.7486796700        2.4512719161        0.3042651005
 H          4.9002804811       -0.7425432977        2.6746315799
 H          6.8129546298       -2.1446532563        3.3602300161
 H          8.7151168365       -1.3424443415       -0.3903108098
 H         -1.3246327314        1.4340463471        1.3457100033
 H         -3.7607830926        1.1753306429        1.2904534091
 H         -7.7236508635        2.6072434209        0.2837587989
