 
        ______________________________________
       |                                      |
       |          ===================         |
       |             xTB for sTDA             |
       |          ===================         |
       |               S. Grimme              |
       |        Universitaet Bonn, MCTC       |
       |         2015-19, Version 1.0         |
       |     Wed Apr  3 09:14:55 CEST 2019    |
       |______________________________________|
 
        This code comes without any warranty
        for non-commercial, academia use only.
        Preliminary test version.
        Cite this work as:
        S. Grimme  &  C. Bannwarth, JCP 145 (2016) 054103
        if GBSA is used additionally:
        P. Shushkov, F. März, C. Bannwarth, S. Grimme, unpublished.
 
        with help from
        P. Shushkov, G. Brandenburg, S. Dohm, J. Pisarek,
        F. März, M. Checinski, S. Ehrlich, S. Spicher, 
        P. Pracht, E. Caldeweyher, S. Ehlert, and C. Bannwarth.
 
        usage        :
        xtb4stda <coord_file> [options]
        where <coord_file> is a valid file of TM)
        (*coord, Bohr) or xmol (*xyz, Angstroem)
        format.

        options:
        -chrg <int>   : molecular charge
        -uhf  <int>   : # of unpaired electrons(=2*S)
        -nox          : skip second, extended part in sTDA-xTB
        -pop          : do population analysis
                      : (default for -nox)
        -mowr <real>  : cut MO write above (def.3 Eh)
        -molden       : write formatted molden file
        -parx <file>  : read parameters for sTDA-xTB
                        calc (def:~/.param_stda2.xtb)
        -parv <file>  : read parameters for vTB part in
                        sTDA-xTB (def: ~/.param_stda1.xtb)
        -xtemp <real> : el. temp for xTB (def. 0 K)
        -etemp <real> : el. temp for GFN (def. 300 K)
        -fod          : calculate the FOD and write
                        molden.input file with
                        appropriate occupations
                        for plotting. Def. T=12500 K
 
        -acc <real>   : xTB accuracy (def. 1.0)
        -gbsa [string1] [string2]
                        use GBSA implicit solvent
                        for solvent [string1] and
                        solvation state [string2]=
                        reference, bar1M (default=1M)
        additional GFN/opt/MD/siman options read from
        $XTB4STDAHOME/.xtb4stdarc or $set in input
 
       spin and charge state information can be on:
       <.CHRG> (charge) and <.UHF> (=nalpha-nbeta)
       -uhf and -chrg override the file info.
       useful machine settings:
       setenv MKL_NUM_THREADS <NCORE_ON_YOUR_MACHINE>
       setenv OMP_STACKSIZE 500m
       limit stacksize unlimited
 
       total energies in Eh, gaps/HL energies in eV
       please read REVISION and HOWTO files carefully
 =============================
  # OMP threads =          48
 =============================
 
 xtb4stdahome directory:/home/penavora/Exe_xtb_crest/
 
 argument            1 :--gbsa
 argument            2 :toluene
 
 name of molecule           :
 comment line               :
 number of atoms            :    88
 number of electrons        :   256
 charge                     :  0
 spin                       : 0.0
 first test random number   :  0.3158
 
 -----------------------------------------
      charge density (VTB) calculation
 -----------------------------------------
 
      method parameters     
 k(s)        :  1.8000
 k(p)        :  2.8350
 k(d)        :  2.0860
 k(f)        :  2.0000
 Tscal       :  0.3300
 Gscal       :  0.3910
 fpol        :  1.0000
 Zcnf        :  0.6500
 Zqf         :  0.0000
 kcn         :  0.3000
 kEN1        : -0.5900
 wllscal     :  2.6000
 
 Solvent             : toluene
 GBSA parameter file : /home/penavora/Exe_xtb_crest/.param_gbsa_toluene
 Gsolv ref. state (COSMO-RS): gsolv [1 M gas/solution]
 temperature (mdtemp)       :    298.150000000000     
 dielectric constant        :    7.00000000000000     
 rho                        :   0.867000000000000     
 mass                       :    92.1400000000000     
 surface tension            :    15.5689470637553     
 probe radius               :   0.641644990000000     
 vdW radii scaling          :    1.00000000000000     
 Gshift (Eh)                :   4.228772547061559E-003
 c1                         :    1.59772343000000     
 soset                      :   0.281999450000000     
 HB correction              :  F
 
 doing EN charges ...
 sum q :  0.1887379D-14
 point charge moment (au)
     X       Y       Z   
   0.2233   0.3915  -0.2512  total (Debye):    1.312
 
            Z      q(EN)   CN      Cart. coordinates
     1  C   4.0  -0.074   3.143    22.83117    -6.24200    -1.62318
     2  C   4.0  -0.072   3.143    22.04388    -3.94412    -2.59887
     3  C   4.0  -0.074   3.188    19.53167    -3.24149    -2.44538
     4  C   4.0  -0.005   3.224    17.75940    -4.83172    -1.32130
     5  C   4.0  -0.004   3.221    15.08457    -4.08519    -1.16055
     6  C   4.0  -0.073   3.193    13.18427    -5.84414    -1.68344
     7  C   4.0  -0.061   3.144    10.64766    -5.22170    -1.55948
     8  C   4.0   0.089   3.449    10.00414    -2.78268    -0.88049
     9  C   4.0  -0.002   3.399    11.91627    -0.94903    -0.33200
    10  C   4.0  -0.066   3.193    14.43591    -1.62395    -0.48738
    11  C   4.0   0.016   3.303    10.65030     1.40405     0.31900
    12  C   4.0  -0.069   3.209    11.07853     3.89201     1.04133
    13  C   4.0  -0.004   3.234     8.99152     5.47958     1.47817
    14  C   4.0  -0.005   3.230     9.48674     8.11059     2.26106
    15  C   4.0  -0.073   3.188    11.33197     9.54971     1.05466
    16  C   4.0  -0.072   3.143    11.80154    12.01088     1.79736
    17  C   4.0  -0.074   3.143    10.44085    13.07608     3.76333
    18  C   4.0  -0.072   3.143     8.60078    11.66419     4.97653
    19  C   4.0  -0.073   3.188     8.12468     9.20532     4.23041
    20  C   4.0  -0.069   3.209     6.46274     4.70290     1.22292
    21  C   4.0   0.016   3.303     5.96359     2.22840     0.49799
    22  C   4.0  -0.002   3.400     3.92816     0.45855    -0.03460
    23  C   4.0  -0.066   3.193     1.32595     0.68582    -0.00001
    24  C   4.0  -0.004   3.221    -0.16969    -1.40184    -0.58341
    25  C   4.0  -0.005   3.224    -2.93893    -1.19217    -0.53894
    26  C   4.0  -0.072   3.185    -4.42462    -3.10988     0.49294
    27  C   4.0  -0.072   3.192    -7.02115    -2.90469     0.53931
    28  C   4.0  -0.001   3.229    -8.22427    -0.78905    -0.47398
    29  C   4.0   0.095   3.292   -10.99190    -0.64812    -0.42038
    30  C   4.0  -0.064   3.205   -12.38127     0.76296    -2.16125
    31  C   4.0   0.095   3.293   -15.00496     0.72975    -1.92840
    32  C   4.0  -0.001   3.230   -16.67824     2.14132    -3.63657
    33  C   4.0  -0.073   3.183   -15.99183     2.67454    -6.12211
    34  C   4.0  -0.073   3.143   -17.61473     4.00542    -7.67947
    35  C   4.0  -0.074   3.144   -19.93221     4.82605    -6.77877
    36  C   4.0  -0.072   3.142   -20.63425     4.29371    -4.31218
    37  C   4.0  -0.073   3.194   -19.02352     2.95447    -2.75354
    38  N   5.0  -0.214   2.223   -16.12109    -0.58372    -0.09280
    39  C   4.0   0.195   3.349   -14.65948    -1.88945     1.47670
    40  C   4.0   0.002   3.243   -15.91247    -3.33692     3.48148
    41  C   4.0  -0.072   3.189   -18.53027    -3.62594     3.47246
    42  C   4.0  -0.072   3.142   -19.70756    -4.98219     5.36850
    43  C   4.0  -0.074   3.144   -18.28918    -6.06074     7.28920
    44  C   4.0  -0.072   3.142   -15.68430    -5.78118     7.30789
    45  C   4.0  -0.072   3.189   -14.49665    -4.42947     5.41498
    46  N   5.0  -0.214   2.224   -12.15338    -1.98089     1.37426
    47  C   4.0  -0.072   3.181    -6.74479     1.13475    -1.49843
    48  C   4.0  -0.073   3.187    -4.14456     0.93618    -1.51920
    49  C   4.0  -0.073   3.193     0.97382    -3.70071    -1.21020
    50  C   4.0  -0.061   3.144     3.57154    -3.98033    -1.28205
    51  C   4.0   0.090   3.449     5.05660    -1.91251    -0.69212
    52  N   5.0  -0.329   3.370     7.65905    -1.64807    -0.59259
    53  C   4.0   0.069   3.931     8.11358     0.78344     0.10569
    54  C   4.0  -0.074   3.188    18.57220    -7.14049    -0.35087
    55  C   4.0  -0.072   3.143    21.08695    -7.83576    -0.49633
    56  H   1.0   0.074   1.004    24.79488    -6.78789    -1.73997
    57  H   1.0   0.074   1.004    23.39443    -2.69575    -3.48718
    58  H   1.0   0.075   1.005    18.92473    -1.45934    -3.23657
    59  H   1.0   0.075   1.006    13.71501    -7.73513    -2.23835
    60  H   1.0   0.075   1.004     9.21570    -6.60971    -1.98583
    61  H   1.0   0.076   1.005    15.89021    -0.26135    -0.04882
    62  H   1.0   0.076   1.005    12.96213     4.62534     1.31730
    63  H   1.0   0.075   1.005    12.38029     8.74186    -0.50071
    64  H   1.0   0.074   1.004    13.23376    13.10484     0.83629
    65  H   1.0   0.074   1.004    10.81191    14.99705     4.34663
    66  H   1.0   0.074   1.004     7.53581    12.48091     6.51621
    67  H   1.0   0.075   1.005     6.70921     8.10458     5.20815
    68  H   1.0   0.076   1.005     4.96783     6.04922     1.56178
    69  H   1.0   0.076   1.005     0.46049     2.45783     0.52345
    70  H   1.0   0.075   1.005    -3.52712    -4.75531     1.30129
    71  H   1.0   0.076   1.006    -8.17092    -4.38287     1.34782
    72  H   1.0   0.077   1.006   -11.46527     1.83524    -3.62790
    73  H   1.0   0.075   1.005   -14.20842     2.00886    -6.85937
    74  H   1.0   0.074   1.004   -17.06984     4.39977    -9.60704
    75  H   1.0   0.074   1.004   -21.19080     5.87077    -7.99953
    76  H   1.0   0.074   1.004   -22.44220     4.92346    -3.60394
    77  H   1.0   0.076   1.006   -19.54235     2.52441    -0.82833
    78  H   1.0   0.076   1.006   -19.60537    -2.77974     1.96020
    79  H   1.0   0.074   1.004   -21.73710    -5.20276     5.35005
    80  H   1.0   0.074   1.004   -19.21318    -7.11855     8.77077
    81  H   1.0   0.074   1.004   -14.57837    -6.62038     8.80481
    82  H   1.0   0.076   1.006   -12.47178    -4.18767     5.40590
    83  H   1.0   0.075   1.005    -7.62346     2.81816    -2.24743
    84  H   1.0   0.075   1.005    -3.02796     2.43645    -2.33771
    85  H   1.0   0.075   1.006    -0.20846    -5.29163    -1.69463
    86  H   1.0   0.075   1.004     4.40947    -5.76918    -1.78797
    87  H   1.0   0.075   1.005    17.22696    -8.37912     0.55803
    88  H   1.0   0.074   1.004    21.69064    -9.62752     0.27601
 
  Z AO/shell   Hii/eV     exponent
  1     Sat Feb 20 21:38:01 CET 2016    EN: 2.327 GAM: 0.473  GM3: 0.0000
     1s    -13.751157    1.051071
  6     Sat Feb 20 21:38:01 CET 2016    EN: 2.731 GAM: 0.422  GM3: 0.0000
     2s    -19.378245    2.021003
     2p    -11.993376    1.497917
  7     Sat Feb 20 21:38:01 CET 2016    EN: 3.573 GAM: 0.504  GM3: 0.0000
     2s    -21.576984    2.275442
     2p    -16.125120    2.056788
 
 dipole moment of classical point charges (au)
     X       Y       Z   
   0.2233   0.3915  -0.2512  total (Debye):    1.312

 
 Nbf   :          253
 T(el) :   300.0
 calculating S/T integrals ...
 cpu time for ints    1.52215400000000     
 Nao   :          253
 making H0...
 making H1...
 cpu time for H      0.300952000000000     
 solving ...
 cpu time for diag   0.828670000000000     
 
 gap (eV)           :   4.121
 Koopmans IP (eV)   :  13.191
 Eel (Eh)           :  -201.405427
 T,E(Fermi),NFOD :    300.000   -11.130  0.000000
 T,E(Fermi),NFOD :    300.000   -11.130  0.000000
 Nfod               :  0.0000
 Nfod/Nel           :  0.0000

          eigenvalues
 #    :         116        117        118        119        120        121        122        123
 occ. :        2.000      2.000      2.000      2.000      2.000      2.000      2.000      2.000
 eps  :       -15.713    -15.594    -15.540    -15.539    -15.515    -15.485    -15.432    -15.197
 #    :         124        125        126        127        128        129        130        131
 occ. :        2.000      2.000      2.000      2.000      2.000      0.000      0.000      0.000
 eps  :       -14.946    -14.585    -14.015    -13.758    -13.192     -9.071     -8.403     -7.498
 #    :         132        133        134        135        136        137        138        139
 occ. :        0.000      0.000      0.000      0.000      0.000      0.000      0.000      0.000
 eps  :        -6.922     -6.574     -6.552     -6.234     -5.630     -5.482     -5.445     -5.414
                            1  SCC done.
 making H1...
 cpu time for H       1.04422600000000     
 solving ...
 cpu time for diag   0.387464000000000     
 
 gap (eV)           :   4.391
 Koopmans IP (eV)   :  13.199
 Eel (Eh)           :  -200.808425
 T,E(Fermi),NFOD :    300.000   -11.004  0.000000
 T,E(Fermi),NFOD :    300.000   -11.004  0.000000
 Nfod               :  0.0000
 Nfod/Nel           :  0.0000

          eigenvalues
 #    :         116        117        118        119        120        121        122        123
 occ. :        2.000      2.000      2.000      2.000      2.000      2.000      2.000      2.000
 eps  :       -15.575    -15.558    -15.441    -15.440    -15.371    -15.173    -15.137    -14.785
 #    :         124        125        126        127        128        129        130        131
 occ. :        2.000      2.000      2.000      2.000      2.000      0.000      0.000      0.000
 eps  :       -14.552    -14.485    -13.985    -13.762    -13.200     -8.809     -8.168     -7.456
 #    :         132        133        134        135        136        137        138        139
 occ. :        0.000      0.000      0.000      0.000      0.000      0.000      0.000      0.000
 eps  :        -6.933     -6.542     -6.501     -6.206     -5.587     -5.480     -5.435     -5.392
                            2  SCC done.
 
 
 Mulliken/CM5 charges    n(s)   n(p)   n(d)   
    1 C  -0.0383 -0.0947   1.136  2.902  0.000
    2 C  -0.0362 -0.0925   1.137  2.899  0.000
    3 C  -0.0420 -0.0956   1.141  2.901  0.000
    4 C   0.0004 -0.0089   1.167  2.833  0.000
    5 C  -0.0100 -0.0189   1.163  2.847  0.000
    6 C  -0.0384 -0.0916   1.139  2.899  0.000
    7 C  -0.0329 -0.0819   1.134  2.899  0.000
    8 C   0.0489  0.1115   1.183  2.768  0.000
    9 C  -0.0153 -0.0122   1.172  2.843  0.000
   10 C  -0.0388 -0.0886   1.143  2.896  0.000
   11 C  -0.0158 -0.0131   1.170  2.846  0.000
   12 C  -0.0390 -0.0888   1.145  2.894  0.000
   13 C  -0.0084 -0.0170   1.167  2.842  0.000
   14 C   0.0010 -0.0085   1.168  2.831  0.000
   15 C  -0.0418 -0.0955   1.141  2.900  0.000
   16 C  -0.0358 -0.0921   1.137  2.899  0.000
   17 C  -0.0381 -0.0945   1.136  2.902  0.000
   18 C  -0.0360 -0.0923   1.137  2.899  0.000
   19 C  -0.0420 -0.0957   1.141  2.901  0.000
   20 C  -0.0383 -0.0880   1.145  2.893  0.000
   21 C  -0.0157 -0.0130   1.169  2.846  0.000
   22 C  -0.0156 -0.0125   1.172  2.843  0.000
   23 C  -0.0358 -0.0857   1.143  2.893  0.000
   24 C  -0.0084 -0.0173   1.162  2.847  0.000
   25 C   0.0076 -0.0016   1.169  2.823  0.000
   26 C  -0.0315 -0.0850   1.140  2.892  0.000
   27 C  -0.0310 -0.0820   1.142  2.889  0.000
   28 C   0.0067  0.0042   1.160  2.833  0.000
   29 C   0.0669  0.1401   1.197  2.737  0.000
   30 C  -0.0427 -0.0821   1.149  2.894  0.000
   31 C   0.0656  0.1390   1.197  2.737  0.000
   32 C   0.0072  0.0047   1.161  2.831  0.000
   33 C  -0.0379 -0.0913   1.143  2.895  0.000
   34 C  -0.0242 -0.0805   1.136  2.888  0.000
   35 C  -0.0272 -0.0836   1.139  2.888  0.000
   36 C  -0.0284 -0.0845   1.136  2.892  0.000
   37 C  -0.0339 -0.0850   1.142  2.892  0.000
   38 N  -0.2307 -0.4194   1.486  3.744  0.000
   39 C   0.0909  0.2428   1.209  2.700  0.000
   40 C   0.0217  0.0251   1.155  2.823  0.000
   41 C  -0.0362 -0.0869   1.143  2.893  0.000
   42 C  -0.0259 -0.0820   1.136  2.890  0.000
   43 C  -0.0276 -0.0839   1.140  2.888  0.000
   44 C  -0.0257 -0.0818   1.136  2.890  0.000
   45 C  -0.0360 -0.0867   1.143  2.893  0.000
   46 N  -0.2298 -0.4187   1.486  3.744  0.000
   47 C  -0.0359 -0.0892   1.143  2.893  0.000
   48 C  -0.0293 -0.0829   1.140  2.890  0.000
   49 C  -0.0358 -0.0890   1.139  2.896  0.000
   50 C  -0.0313 -0.0803   1.133  2.898  0.000
   51 C   0.0491  0.1120   1.184  2.767  0.000
   52 N  -0.0783 -0.3250   1.242  3.836  0.000
   53 C   0.0083  0.0790   1.196  2.796  0.000
   54 C  -0.0415 -0.0951   1.141  2.900  0.000
   55 C  -0.0358 -0.0921   1.137  2.899  0.000
   56 H   0.0393  0.0956   0.961  0.000  0.000
   57 H   0.0398  0.0962   0.960  0.000  0.000
   58 H   0.0365  0.0946   0.963  0.000  0.000
   59 H   0.0474  0.1058   0.953  0.000  0.000
   60 H   0.0468  0.1056   0.953  0.000  0.000
   61 H   0.0421  0.1010   0.958  0.000  0.000
   62 H   0.0461  0.1047   0.954  0.000  0.000
   63 H   0.0366  0.0947   0.963  0.000  0.000
   64 H   0.0401  0.0965   0.960  0.000  0.000
   65 H   0.0393  0.0957   0.961  0.000  0.000
   66 H   0.0399  0.0963   0.960  0.000  0.000
   67 H   0.0365  0.0946   0.964  0.000  0.000
   68 H   0.0468  0.1054   0.953  0.000  0.000
   69 H   0.0442  0.1031   0.956  0.000  0.000
   70 H   0.0417  0.0999   0.958  0.000  0.000
   71 H   0.0400  0.1029   0.960  0.000  0.000
   72 H   0.0513  0.1118   0.949  0.000  0.000
   73 H   0.0436  0.1018   0.956  0.000  0.000
   74 H   0.0455  0.1020   0.955  0.000  0.000
   75 H   0.0447  0.1011   0.955  0.000  0.000
   76 H   0.0418  0.0983   0.958  0.000  0.000
   77 H   0.0370  0.0996   0.963  0.000  0.000
   78 H   0.0397  0.1028   0.960  0.000  0.000
   79 H   0.0440  0.1004   0.956  0.000  0.000
   80 H   0.0466  0.1030   0.953  0.000  0.000
   81 H   0.0441  0.1005   0.956  0.000  0.000
   82 H   0.0401  0.1033   0.960  0.000  0.000
   83 H   0.0462  0.1045   0.954  0.000  0.000
   84 H   0.0446  0.1028   0.955  0.000  0.000
   85 H   0.0486  0.1070   0.951  0.000  0.000
   86 H   0.0471  0.1058   0.953  0.000  0.000
   87 H   0.0371  0.0952   0.963  0.000  0.000
   88 H   0.0400  0.0964   0.960  0.000  0.000
 Hirshfeld charges for QMDFF written to <charges>
 
 Loewdin charges    n(s)   n(p)   n(d)
    1 C  -0.0310   1.082  2.949  0.000
    2 C  -0.0280   1.082  2.946  0.000
    3 C  -0.0376   1.088  2.950  0.000
    4 C   0.0064   1.123  2.871  0.000
    5 C  -0.0058   1.120  2.886  0.000
    6 C  -0.0327   1.086  2.947  0.000
    7 C  -0.0302   1.081  2.949  0.000
    8 C   0.0424   1.149  2.809  0.000
    9 C  -0.0146   1.131  2.883  0.000
   10 C  -0.0362   1.091  2.945  0.000
   11 C  -0.0156   1.128  2.887  0.000
   12 C  -0.0357   1.093  2.942  0.000
   13 C  -0.0043   1.124  2.880  0.000
   14 C   0.0071   1.124  2.869  0.000
   15 C  -0.0375   1.088  2.949  0.000
   16 C  -0.0276   1.082  2.945  0.000
   17 C  -0.0309   1.082  2.949  0.000
   18 C  -0.0278   1.082  2.945  0.000
   19 C  -0.0377   1.088  2.949  0.000
   20 C  -0.0349   1.093  2.942  0.000
   21 C  -0.0155   1.128  2.887  0.000
   22 C  -0.0149   1.131  2.884  0.000
   23 C  -0.0332   1.091  2.942  0.000
   24 C  -0.0043   1.118  2.886  0.000
   25 C   0.0145   1.125  2.861  0.000
   26 C  -0.0272   1.086  2.941  0.000
   27 C  -0.0250   1.088  2.937  0.000
   28 C   0.0084   1.117  2.874  0.000
   29 C   0.0689   1.159  2.773  0.000
   30 C  -0.0478   1.100  2.948  0.000
   31 C   0.0674   1.159  2.773  0.000
   32 C   0.0096   1.119  2.872  0.000
   33 C  -0.0316   1.090  2.942  0.000
   34 C  -0.0165   1.081  2.935  0.000
   35 C  -0.0187   1.084  2.935  0.000
   36 C  -0.0205   1.081  2.939  0.000
   37 C  -0.0284   1.088  2.940  0.000
   38 N  -0.2147   1.454  3.761  0.000
   39 C   0.0802   1.180  2.740  0.000
   40 C   0.0221   1.113  2.865  0.000
   41 C  -0.0296   1.089  2.941  0.000
   42 C  -0.0181   1.081  2.937  0.000
   43 C  -0.0187   1.085  2.934  0.000
   44 C  -0.0179   1.081  2.937  0.000
   45 C  -0.0293   1.089  2.940  0.000
   46 N  -0.2138   1.453  3.760  0.000
   47 C  -0.0292   1.089  2.940  0.000
   48 C  -0.0251   1.087  2.938  0.000
   49 C  -0.0300   1.086  2.944  0.000
   50 C  -0.0287   1.081  2.948  0.000
   51 C   0.0428   1.149  2.808  0.000
   52 N  -0.0344   1.199  3.835  0.000
   53 C  -0.0004   1.162  2.838  0.000
   54 C  -0.0371   1.088  2.949  0.000
   55 C  -0.0276   1.082  2.945  0.000
   56 H   0.0316   0.968  0.000  0.000
   57 H   0.0319   0.968  0.000  0.000
   58 H   0.0291   0.971  0.000  0.000
   59 H   0.0393   0.961  0.000  0.000
   60 H   0.0381   0.962  0.000  0.000
   61 H   0.0342   0.966  0.000  0.000
   62 H   0.0378   0.962  0.000  0.000
   63 H   0.0293   0.971  0.000  0.000
   64 H   0.0322   0.968  0.000  0.000
   65 H   0.0316   0.968  0.000  0.000
   66 H   0.0320   0.968  0.000  0.000
   67 H   0.0291   0.971  0.000  0.000
   68 H   0.0384   0.962  0.000  0.000
   69 H   0.0359   0.964  0.000  0.000
   70 H   0.0337   0.966  0.000  0.000
   71 H   0.0317   0.968  0.000  0.000
   72 H   0.0437   0.956  0.000  0.000
   73 H   0.0353   0.965  0.000  0.000
   74 H   0.0367   0.963  0.000  0.000
   75 H   0.0360   0.964  0.000  0.000
   76 H   0.0335   0.966  0.000  0.000
   77 H   0.0290   0.971  0.000  0.000
   78 H   0.0312   0.969  0.000  0.000
   79 H   0.0354   0.965  0.000  0.000
   80 H   0.0376   0.962  0.000  0.000
   81 H   0.0355   0.965  0.000  0.000
   82 H   0.0316   0.968  0.000  0.000
   83 H   0.0378   0.962  0.000  0.000
   84 H   0.0362   0.964  0.000  0.000
   85 H   0.0403   0.960  0.000  0.000
   86 H   0.0383   0.962  0.000  0.000
   87 H   0.0296   0.970  0.000  0.000
   88 H   0.0321   0.968  0.000  0.000
 
 Wiberg/Mayer (AO) data. WBOs > 0.1 written file <wbo>
 largest (>0.05) Wiberg bond orders for each atom
           total WBO             WBO to atom ...
     1  C   3.970    C    2 1.426    C   55 1.426    H   56 0.947    C    4 0.106
     2  C   3.973    C    3 1.442    C    1 1.426    H   57 0.946    C   54 0.108
     3  C   3.971    C    2 1.442    C    4 1.374    H   58 0.947    C   55 0.108
     4  C   3.956    C    3 1.374    C   54 1.374    C    5 1.001    C    1 0.106
     5  C   3.948    C   10 1.376    C    6 1.360    C    4 1.001    C    8 0.090
     6  C   3.951    C    7 1.438    C    5 1.360    H   59 0.943    C    9 0.090
     7  C   3.965    C    6 1.438    C    8 1.394    H   60 0.942    C   10 0.093
     8  C   3.916    C    7 1.394    C    9 1.244    N   52 1.035    C    5 0.090
     9  C   3.941    C   10 1.394    C    8 1.244    C   11 1.058    C    6 0.090
    10  C   3.957    C    9 1.394    C    5 1.376    H   61 0.943    C    7 0.093
    11  C   3.945    C   12 1.375    C   53 1.277    C    9 1.058    C   20 0.086
    12  C   3.939    C   11 1.375    C   13 1.370    H   62 0.944    C   21 0.086
    13  C   3.946    C   20 1.371    C   12 1.370    C   14 0.997    C   53 0.078
    14  C   3.955    C   15 1.375    C   19 1.374    C   13 0.997    C   17 0.107
    15  C   3.970    C   16 1.442    C   14 1.375    H   63 0.947    C   18 0.108
    16  C   3.973    C   15 1.442    C   17 1.426    H   64 0.946    C   19 0.108
    17  C   3.970    C   16 1.426    C   18 1.426    H   65 0.947    C   14 0.107
    18  C   3.973    C   19 1.442    C   17 1.426    H   66 0.946    C   15 0.108
    19  C   3.970    C   18 1.442    C   14 1.374    H   67 0.947    C   16 0.108
    20  C   3.939    C   21 1.374    C   13 1.371    H   68 0.944    C   11 0.086
    21  C   3.945    C   20 1.374    C   53 1.277    C   22 1.058    C   12 0.086
    22  C   3.941    C   23 1.396    C   51 1.242    C   21 1.058    C   49 0.089
    23  C   3.955    C   22 1.396    C   24 1.373    H   69 0.942    C   50 0.092
    24  C   3.948    C   23 1.373    C   49 1.356    C   25 1.007    C   51 0.089
    25  C   3.946    C   48 1.362    C   26 1.360    C   24 1.007    C   28 0.096
    26  C   3.968    C   27 1.464    C   25 1.360    H   70 0.945    C   47 0.099
    27  C   3.969    C   26 1.464    C   28 1.352    H   71 0.945    C   48 0.099
    28  C   3.951    C   47 1.356    C   27 1.352    C   29 1.028    C   25 0.096
    29  C   3.928    C   30 1.365    N   46 1.334    C   28 1.028    N   38 0.087
    30  C   3.959    C   31 1.372    C   29 1.365    H   72 0.943    C   39 0.075
    31  C   3.929    C   30 1.372    N   38 1.336    C   32 1.020    N   46 0.087
    32  C   3.957    C   33 1.366    C   37 1.363    C   31 1.020    C   35 0.103
    33  C   3.971    C   34 1.445    C   32 1.366    H   73 0.946    C   36 0.106
    34  C   3.973    C   33 1.445    C   35 1.424    H   74 0.946    C   37 0.107
    35  C   3.967    C   34 1.424    C   36 1.422    H   75 0.947    C   32 0.103
    36  C   3.973    C   37 1.448    C   35 1.422    H   76 0.946    C   33 0.106
    37  C   3.972    C   36 1.448    C   32 1.363    H   77 0.947    C   34 0.107
    38  N   3.065    C   39 1.359    C   31 1.336    C   29 0.087    N   46 0.073
    39  C   3.921    N   46 1.362    N   38 1.359    C   40 1.037    C   30 0.075
    40  C   3.958    C   45 1.361    C   41 1.361    C   39 1.037    C   43 0.102
    41  C   3.973    C   42 1.449    C   40 1.361    H   78 0.947    C   44 0.105
    42  C   3.974    C   41 1.449    C   43 1.422    H   79 0.946    C   45 0.105
    43  C   3.969    C   44 1.422    C   42 1.422    H   80 0.947    C   40 0.102
    44  C   3.974    C   45 1.449    C   43 1.422    H   81 0.946    C   41 0.105
    45  C   3.973    C   44 1.449    C   40 1.361    H   82 0.947    C   42 0.105
    46  N   3.066    C   39 1.362    C   29 1.334    C   31 0.087    N   38 0.073
    47  C   3.969    C   48 1.461    C   28 1.356    H   83 0.944    C   26 0.099
    48  C   3.968    C   47 1.461    C   25 1.362    H   84 0.944    C   27 0.099
    49  C   3.948    C   50 1.440    C   24 1.356    H   85 0.942    C   22 0.089
    50  C   3.965    C   49 1.440    C   51 1.391    H   86 0.942    C   23 0.092
    51  C   3.914    C   50 1.391    C   22 1.242    N   52 1.038    C   24 0.089
    52  N   3.499    C   53 1.082    C   51 1.038    C    8 1.035
    53  C   3.916    C   21 1.277    C   11 1.277    N   52 1.082    C   13 0.078
    54  C   3.971    C   55 1.442    C    4 1.374    H   87 0.947    C    2 0.108
    55  C   3.973    C   54 1.442    C    1 1.426    H   88 0.946    C    3 0.108
    56  H   0.996    C    1 0.947
    57  H   0.997    C    2 0.946
    58  H   0.999    C    3 0.947
    59  H   0.997    C    6 0.943
    60  H   0.995    C    7 0.942
    61  H   0.997    C   10 0.943
    62  H   0.995    C   12 0.944
    63  H   0.999    C   15 0.947
    64  H   0.997    C   16 0.946
    65  H   0.996    C   17 0.947
    66  H   0.997    C   18 0.946
    67  H   0.999    C   19 0.947
    68  H   0.995    C   20 0.944
    69  H   0.997    C   23 0.942
    70  H   0.997    C   26 0.945
    71  H   0.997    C   27 0.945
    72  H   0.997    C   30 0.943
    73  H   0.998    C   33 0.946
    74  H   0.996    C   34 0.946
    75  H   0.996    C   35 0.947
    76  H   0.997    C   36 0.946
    77  H   0.999    C   37 0.947
    78  H   0.998    C   41 0.947
    79  H   0.997    C   42 0.946
    80  H   0.996    C   43 0.947
    81  H   0.997    C   44 0.946
    82  H   0.998    C   45 0.947
    83  H   0.996    C   47 0.944
    84  H   0.997    C   48 0.944
    85  H   0.997    C   49 0.942
    86  H   0.995    C   50 0.942
    87  H   0.999    C   54 0.947
    88  H   0.997    C   55 0.946
 
 --------------------------------------------
          xTB calculation for sTDA...
 --------------------------------------------
 
 reading parameter file /home/penavora/Exe_xtb_crest/.param_stda2.xtb
 
      method parameters     
 k(s)        :  1.6000
 k(p)        :  2.1800
 k(d)        :  1.9500
 k(f)        :  2.0000
 k(R-V)      :  2.2750
 k(R-R)      :  1.7650
 Tscal       :  0.2580
 Gscal       :  1.0000
 fpol        :  1.0000
 Zcnf        :  0.3430
 Zqf         :  0.0000
 kcn         :  2.7000
 Ryd Hsplit  :  0.7000
 lshift(virt):  3.1000
 lshift(OS)  :  0.2000
 wllscaling  :  2.6000
 
 mowrcut     : 3.000
 
  Z AO/shell   Hii/eV     exponent
  1     Sun Feb 14 09:53:25 CET 2016    EN: 2.327 GAM: 0.473  GM3: 0.0000
     1s    -14.339618    1.220000
     2sp    -3.348946    0.600000
  6     Sun Feb 14 09:53:25 CET 2016    EN: 2.731 GAM: 0.422  GM3: 0.0000
     2s    -22.009312    1.565095
     2p    -13.020408    1.596905
     3sp    -3.914040    0.824500
  7     Sun Feb 14 09:53:25 CET 2016    EN: 3.573 GAM: 0.504  GM3: 0.0000
     2s    -25.722000    2.064844
     2p    -18.684912    1.801692
     3sp    -4.344791    0.921400
 
 Nbf   :          605
 T(el) :     0.0
 calculating S/T integrals ...
 cpu time for ints    6.86183700000000     
 Nao   :          605
 making H0...
 making H1...
 cpu time for H      0.926723000000001     
 solving ...
 cpu time for diag    1.54688200000000     
 
 gap (eV)           :   6.813
 Koopmans IP (eV)   :  14.296
 Eel (Eh)           :  -220.911201

          eigenvalues
 #    :         116        117        118        119        120        121        122        123
 occ. :        2.000      2.000      2.000      2.000      2.000      2.000      2.000      2.000
 eps  :       -16.335    -16.316    -16.252    -16.197    -16.195    -16.172    -16.030    -15.898
 #    :         124        125        126        127        128        129        130        131
 occ. :        2.000      2.000      2.000      2.000      2.000      0.000      0.000      0.000
 eps  :       -15.788    -15.555    -15.193    -15.048    -14.298     -7.483     -7.285     -7.208
 #    :         132        133        134        135        136        137        138        139
 occ. :        0.000      0.000      0.000      0.000      0.000      0.000      0.000      0.000
 eps  :        -6.538     -6.512     -6.183     -5.989     -5.898     -5.889     -5.867     -5.786
                            1  SCC done.
 writing mo output ...
 molden style : F
 
speedup 20.33
cpu  time for all   14.96 s
wall time for all    0.74 s
