  133
 Etot=        -188.6093729869
 C         10.6656666045       -4.8870651358       -2.5521888027
 C         11.5867982115       -4.3233428602       -1.5119788398
 C         12.4114451358       -5.1669487059       -0.7732867261
 C         13.2688699381       -4.6466414882        0.1796097320
 C         13.3145754008       -3.2856702504        0.4176345570
 C         12.5001518595       -2.4260646579       -0.3170885572
 N         12.5311937822       -1.0436638736       -0.0876187210
 C         13.7442212439       -0.4095890646        0.2013433989
 C         14.9230408136       -0.8144166129       -0.4259506136
 C         16.1193621692       -0.1890232225       -0.1320972406
 C         16.1622339565        0.8526623703        0.7807689782
 C         14.9938789961        1.2624844428        1.4031390296
 C         13.7944630620        0.6370699059        1.1229209237
 C         11.3464020259       -0.3020086357       -0.1520731171
 C         11.3501461594        0.9881122184       -0.6883054950
 C         10.1873703994        1.7312000319       -0.7650527190
 C          9.0004427678        1.1745825255       -0.3136674899
 C          8.9903907390       -0.1233370697        0.2216767288
 C         10.1486672263       -0.8566963213        0.3128640260
 C          7.5917520319       -0.5210808331        0.6386744606
 C          7.1103830969       -1.7399526160       -0.1563298007
 C          7.5170655016       -0.8011375620        2.1432081728
 C          6.8045803443        0.7181637493        0.2704609622
 C          5.4570164490        0.9534559337        0.4106041023
 C          4.9245077385        2.1809307478        0.0042534948
 C          3.4849743892        2.4447042066        0.1385306217
 C          3.0294819226        3.6876154693        0.5803797000
 C          1.6787955998        3.9574624247        0.7071346147
 C          0.7654493353        2.9677290383        0.3797765958
 C          1.2112769830        1.7134922323       -0.0651010026
 C          2.5561107956        1.4499701832       -0.1816348687
 C          0.0397371856        0.8052595947       -0.3694750032
 C          0.0542685908       -0.4381903157        0.5263525474
 C          0.0252263232        0.3988462010       -1.8472206935
 C         -1.1319038263        1.7043881331       -0.0396074691
 C         -2.4768655803        1.4304390378       -0.1269721850
 C         -3.4061074033        2.4184346668        0.2122068313
 C         -4.8459485354        2.1439754278        0.1047105580
 C         -5.7096510627        3.1018459688       -0.4277843803
 C         -7.0652440186        2.8588180014       -0.5564770076
 C         -7.5682862868        1.6367332837       -0.1384067920
 C         -6.7102065150        0.6681162256        0.4060477595
 C         -5.3624331722        0.9141879724        0.5242962214
 C         -7.4821088065       -0.5755624680        0.7912145760
 C         -6.9886933125       -1.7981877998        0.0105045822
 C         -7.3996638097       -0.8358062103        2.2994062556
 C         -8.8886521752       -0.1938071671        0.3857837057
 C        -10.0382204187       -0.9399205338        0.4860472149
 C        -11.2496249885       -0.3882794053        0.0544725175
 N        -12.4319290595       -1.1302304313        0.1577190670
 C        -12.6488443433       -1.9495802213        1.2702845594
 C        -13.3109237628       -3.1703592328        1.1334333872
 C        -13.5298266219       -3.9728245213        2.2364968511
 C        -13.0850773966       -3.5821891503        3.4894116639
 C        -12.4208375497       -2.3741996839        3.6306202043
 C        -12.2065932458       -1.5599002242        2.5354851038
 C        -13.4022099182       -1.0433421153       -0.8500173795
 C        -14.7588789971       -1.0446846758       -0.5317277394
 C        -15.7013808839       -0.9634941175       -1.5396592172
 C        -15.3104595178       -0.8697048407       -2.8633100331
 C        -13.9595153507       -0.8610803938       -3.1985541018
 C        -13.5389065223       -0.7546757624       -4.6337929197
 C        -13.0175906242       -0.9541327876       -2.1875720787
 C        -11.2729742533        0.9032947367       -0.4775468108
 C        -10.1146719192        1.6489641340       -0.5881066016
 C         -8.9171588972        1.1027450086       -0.1522101090
 C         -2.9509750236        3.6649132857        0.6440556991
 C         -1.5999573696        3.9448383814        0.7426116273
 C         -0.6863068249        2.9620898494        0.3956177085
 C          5.7726646320        3.1474816956       -0.5375728414
 C          7.1282221388        2.9160961639       -0.6864764124
 C          7.6471863124        1.6964276420       -0.2810041628
 C         11.6454256249       -2.9589287763       -1.2818633090
 H          9.9838522542       -4.1258294651       -2.9229742793
 H         10.0846107343       -5.7106861408       -2.1403210380
 H         11.2411981009       -5.2747858502       -3.3929046454
 H         12.3781095401       -6.2327416160       -0.9466600967
 H         13.9023272685       -5.3079710833        0.7533343299
 H         13.9749200824       -2.8836091370        1.1719831065
 H         14.8918421128       -1.6200875863       -1.1451964475
 H         17.0239659527       -0.5120298075       -0.6269470981
 H         17.0985632058        1.3412675595        1.0051925374
 H         15.0174677264        2.0703186534        2.1204212793
 H         12.8869527292        0.9526563325        1.6171349523
 H         12.2796630426        1.4022053331       -1.0516301824
 H         10.2081716355        2.7264220980       -1.1842274379
 H         10.1509153898       -1.8512500682        0.7341875017
 H          6.0840722946       -1.9816796266        0.1095836039
 H          7.7388843204       -2.6013320528        0.0577657386
 H          7.1540127518       -1.5334894073       -1.2241369889
 H          8.1398181424       -1.6553219360        2.3986719962
 H          6.4921520976       -1.0159533756        2.4364167869
 H          7.8648714437        0.0636250043        2.7051272782
 H          4.8082485263        0.2095830472        0.8499764373
 H          3.7508602535        4.4469438876        0.8470947856
 H          1.3456224437        4.9242194960        1.0561119185
 H          2.9031548007        0.4925676380       -0.5424451394
 H          0.0652278281       -0.1472847061        1.5752111664
 H         -0.8292809779       -1.0450773668        0.3427830468
 H          0.9375728025       -1.0389527216        0.3226354483
 H          0.0139626426        1.2834597617       -2.4812813029
 H          0.9093212660       -0.1877146474       -2.0859553198
 H         -0.8583532475       -0.1961161006       -2.0663257518
 H         -2.8244306678        0.4701727050       -0.4796417202
 H         -5.3034005085        4.0438062423       -0.7680375051
 H         -7.7168856114        3.6094639997       -0.9796909627
 H         -4.7010628394        0.1774604969        0.9569165626
 H         -5.9575990720       -2.0218005084        0.2737653938
 H         -7.6028975541       -2.6656051853        0.2406487883
 H         -7.0416559224       -1.6078499452       -1.0598251729
 H         -8.0169244869       -1.6900376234        2.5683515928
 H         -7.7501973442        0.0343176560        2.8513570013
 H         -6.3722981094       -1.0407093098        2.5911165935
 H        -10.0235145895       -1.9419334873        0.8894343499
 H        -13.6503364180       -3.4831896826        0.1565916340
 H        -14.0438982397       -4.9154036007        2.1144883792
 H        -13.2546074531       -4.2138611700        4.3485699652
 H        -12.0747364443       -2.0576875189        4.6041285031
 H        -11.6987075808       -0.6134186206        2.6521866237
 H        -15.0664625654       -1.1065074007        0.5018774949
 H        -16.7519410167       -0.9643396162       -1.2865631208
 H        -16.0545015627       -0.8020438704       -3.6435632123
 H        -14.0376718626       -1.5136536859       -5.2347645879
 H        -13.8161892622        0.2205929259       -5.0338682000
 H        -12.4634720922       -0.8763757451       -4.7352602437
 H        -11.9645734413       -0.9592442419       -2.4317770583
 H        -12.2159907004        1.3196436850       -0.8012056939
 H        -10.1509187829        2.6475348947       -0.9980589325
 H         -3.6723775832        4.4191027759        0.9249870130
 H         -1.2667142482        4.9141674920        1.0843150329
 H          5.3542112760        4.0874792114       -0.8683407163
 H          7.7676984920        3.6739154228       -1.1155026280
 H         11.0197022099       -2.2896625501       -1.8554546108
