 
        ______________________________________
       |                                      |
       |          ===================         |
       |             xTB for sTDA             |
       |          ===================         |
       |               S. Grimme              |
       |        Universitaet Bonn, MCTC       |
       |         2015-19, Version 1.0         |
       |     Wed Apr  3 09:14:55 CEST 2019    |
       |______________________________________|
 
        This code comes without any warranty
        for non-commercial, academia use only.
        Preliminary test version.
        Cite this work as:
        S. Grimme  &  C. Bannwarth, JCP 145 (2016) 054103
        if GBSA is used additionally:
        P. Shushkov, F. März, C. Bannwarth, S. Grimme, unpublished.
 
        with help from
        P. Shushkov, G. Brandenburg, S. Dohm, J. Pisarek,
        F. März, M. Checinski, S. Ehrlich, S. Spicher, 
        P. Pracht, E. Caldeweyher, S. Ehlert, and C. Bannwarth.
 
        usage        :
        xtb4stda <coord_file> [options]
        where <coord_file> is a valid file of TM)
        (*coord, Bohr) or xmol (*xyz, Angstroem)
        format.

        options:
        -chrg <int>   : molecular charge
        -uhf  <int>   : # of unpaired electrons(=2*S)
        -nox          : skip second, extended part in sTDA-xTB
        -pop          : do population analysis
                      : (default for -nox)
        -mowr <real>  : cut MO write above (def.3 Eh)
        -molden       : write formatted molden file
        -parx <file>  : read parameters for sTDA-xTB
                        calc (def:~/.param_stda2.xtb)
        -parv <file>  : read parameters for vTB part in
                        sTDA-xTB (def: ~/.param_stda1.xtb)
        -xtemp <real> : el. temp for xTB (def. 0 K)
        -etemp <real> : el. temp for GFN (def. 300 K)
        -fod          : calculate the FOD and write
                        molden.input file with
                        appropriate occupations
                        for plotting. Def. T=12500 K
 
        -acc <real>   : xTB accuracy (def. 1.0)
        -gbsa [string1] [string2]
                        use GBSA implicit solvent
                        for solvent [string1] and
                        solvation state [string2]=
                        reference, bar1M (default=1M)
        additional GFN/opt/MD/siman options read from
        $XTB4STDAHOME/.xtb4stdarc or $set in input
 
       spin and charge state information can be on:
       <.CHRG> (charge) and <.UHF> (=nalpha-nbeta)
       -uhf and -chrg override the file info.
       useful machine settings:
       setenv MKL_NUM_THREADS <NCORE_ON_YOUR_MACHINE>
       setenv OMP_STACKSIZE 500m
       limit stacksize unlimited
 
       total energies in Eh, gaps/HL energies in eV
       please read REVISION and HOWTO files carefully
 =============================
  # OMP threads =          48
 =============================
 
 xtb4stdahome directory:/home/penavora/Exe_xtb_crest/
 
 argument            1 :--gbsa
 argument            2 :toluene
 
 name of molecule           :
 comment line               :
 number of atoms            :    45
 number of electrons        :   128
 charge                     :  0
 spin                       : 0.0
 first test random number   :  0.7999
 
 -----------------------------------------
      charge density (VTB) calculation
 -----------------------------------------
 
      method parameters     
 k(s)        :  1.8000
 k(p)        :  2.8350
 k(d)        :  2.0860
 k(f)        :  2.0000
 Tscal       :  0.3300
 Gscal       :  0.3910
 fpol        :  1.0000
 Zcnf        :  0.6500
 Zqf         :  0.0000
 kcn         :  0.3000
 kEN1        : -0.5900
 wllscal     :  2.6000
 
 Solvent             : toluene
 GBSA parameter file : /home/penavora/Exe_xtb_crest/.param_gbsa_toluene
 Gsolv ref. state (COSMO-RS): gsolv [1 M gas/solution]
 temperature (mdtemp)       :    298.150000000000     
 dielectric constant        :    7.00000000000000     
 rho                        :   0.867000000000000     
 mass                       :    92.1400000000000     
 surface tension            :    15.5689470637553     
 probe radius               :   0.641644990000000     
 vdW radii scaling          :    1.00000000000000     
 Gshift (Eh)                :   4.228772547061559E-003
 c1                         :    1.59772343000000     
 soset                      :   0.281999450000000     
 HB correction              :  F
 
 doing EN charges ...
 sum q :  0.1554312D-14
 point charge moment (au)
     X       Y       Z   
   0.0000   0.0043   0.0006  total (Debye):    0.011
 
            Z      q(EN)   CN      Cart. coordinates
     1  C   4.0  -0.072   3.144    -4.31137     4.87778    -4.89186
     2  C   4.0  -0.072   3.142    -1.69420     4.94230    -4.91831
     3  C   4.0  -0.070   3.196    -0.34702     3.35939    -3.33076
     4  C   4.0   0.008   3.327    -1.56528     1.70390    -1.70734
     5  C   4.0   0.101   3.250    -4.20464     1.64674    -1.68683
     6  C   4.0  -0.069   3.186    -5.56023     3.24272    -3.28808
     7  N   5.0  -0.397   3.188    -5.47150     0.02436    -0.09611
     8  C   4.0   0.101   3.250    -4.27148    -1.59898     1.54463
     9  C   4.0  -0.069   3.186    -5.69198    -3.17646     3.10745
    10  C   4.0  -0.072   3.144    -4.50986    -4.81324     4.75935
    11  C   4.0  -0.072   3.142    -1.89564    -4.89777     4.87331
    12  C   4.0  -0.070   3.196    -0.48418    -3.33320     3.32402
    13  C   4.0   0.008   3.328    -1.63494    -1.67623     1.65360
    14  C   4.0  -0.052   4.267     0.00018     0.00382    -0.00410
    15  C   4.0   0.008   3.327     1.58653     1.67175     1.71180
    16  C   4.0  -0.070   3.196     0.38851     3.33828     3.33893
    17  C   4.0  -0.072   3.142     1.75452     4.88994     4.94110
    18  C   4.0  -0.072   3.144     4.37032     4.78167     4.92612
    19  C   4.0  -0.069   3.186     5.59918     3.13501     3.31874
    20  C   4.0   0.101   3.250     4.22455     1.57023     1.70301
    21  N   5.0  -0.397   3.188     5.47103    -0.06534     0.10971
    22  C   4.0   0.101   3.250     4.25127    -1.65808    -1.54646
    23  C   4.0  -0.069   3.186     5.65229    -3.25183    -3.11037
    24  C   4.0  -0.072   3.144     4.45064    -4.85862    -4.77755
    25  C   4.0  -0.072   3.142     1.83604    -4.89477    -4.90751
    26  C   4.0  -0.070   3.196     0.44383    -3.31430    -3.35687
    27  C   4.0   0.008   3.327     1.61431    -1.68843    -1.66967
    28  H   1.0   0.074   1.004    -5.38287     6.10401    -6.12277
    29  H   1.0   0.074   1.004    -0.70727     6.21752    -6.16800
    30  H   1.0   0.076   1.006     1.69488     3.40300    -3.34544
    31  H   1.0   0.075   1.004    -7.60255     3.18300    -3.25751
    32  H   1.0   0.174   1.014    -7.37748     0.03529    -0.12461
    33  H   1.0   0.075   1.004    -7.73163    -3.10098     3.00903
    34  H   1.0   0.074   1.004    -5.63102    -6.02478     5.96019
    35  H   1.0   0.074   1.004    -0.96079    -6.17430     6.16112
    36  H   1.0   0.076   1.006     1.55562    -3.39229     3.40675
    37  H   1.0   0.076   1.006    -1.65242     3.41549     3.34492
    38  H   1.0   0.074   1.004     0.78319     6.17393     6.19403
    39  H   1.0   0.074   1.004     5.45631     5.98293     6.16889
    40  H   1.0   0.075   1.004     7.64034     3.04125     3.29726
    41  H   1.0   0.174   1.014     7.37675    -0.08769     0.14755
    42  H   1.0   0.075   1.004     7.69237    -3.21370    -2.99971
    43  H   1.0   0.074   1.004     5.55688    -6.08429    -5.97791
    44  H   1.0   0.074   1.004     0.88598    -6.14717    -6.20785
    45  H   1.0   0.076   1.006    -1.59623    -3.33664    -3.45128
 
  Z AO/shell   Hii/eV     exponent
  1     Sat Feb 20 21:38:01 CET 2016    EN: 2.327 GAM: 0.473  GM3: 0.0000
     1s    -13.751157    1.051071
  6     Sat Feb 20 21:38:01 CET 2016    EN: 2.731 GAM: 0.422  GM3: 0.0000
     2s    -19.378245    2.021003
     2p    -11.993376    1.497917
  7     Sat Feb 20 21:38:01 CET 2016    EN: 3.573 GAM: 0.504  GM3: 0.0000
     2s    -21.576984    2.275442
     2p    -16.125120    2.056788
 
 dipole moment of classical point charges (au)
     X       Y       Z   
   0.0000   0.0043   0.0006  total (Debye):    0.011

 
 Nbf   :          126
 T(el) :   300.0
 calculating S/T integrals ...
 cpu time for ints    1.05651300000000     
 Nao   :          126
 making H0...
 making H1...
 cpu time for H      0.253455000000000     
 solving ...
 cpu time for diag   0.541415000000000     
 
 gap (eV)           :   5.884
 Koopmans IP (eV)   :  13.081
 Eel (Eh)           :  -100.774223
 T,E(Fermi),NFOD :    300.000   -10.139  0.000000
 T,E(Fermi),NFOD :    300.000   -10.139  0.000000
 Nfod               :  0.0000
 Nfod/Nel           :  0.0000

          eigenvalues
 #    :          52         53         54         55         56         57         58         59
 occ. :        2.000      2.000      2.000      2.000      2.000      2.000      2.000      2.000
 eps  :       -18.176    -18.175    -17.529    -17.529    -17.364    -15.968    -15.589    -15.521
 #    :          60         61         62         63         64         65         66         67
 occ. :        2.000      2.000      2.000      2.000      2.000      0.000      0.000      0.000
 eps  :       -15.346    -15.345    -15.045    -13.083    -13.082     -7.198     -5.917     -5.811
 #    :          68         69         70         71         72         73         74         75
 occ. :        0.000      0.000      0.000      0.000      0.000      0.000      0.000      0.000
 eps  :        -5.809     -5.515     -5.417     -4.980     -4.966     -4.575     -4.575     -2.851
                            1  SCC done.
 making H1...
 cpu time for H      0.592453000000000     
 solving ...
 cpu time for diag   0.157361000000000     
 
 gap (eV)           :   5.631
 Koopmans IP (eV)   :  12.841
 Eel (Eh)           :  -100.382263
 T,E(Fermi),NFOD :    300.000   -10.026  0.000000
 T,E(Fermi),NFOD :    300.000   -10.026  0.000000
 Nfod               :  0.0000
 Nfod/Nel           :  0.0000

          eigenvalues
 #    :          52         53         54         55         56         57         58         59
 occ. :        2.000      2.000      2.000      2.000      2.000      2.000      2.000      2.000
 eps  :       -18.168    -18.168    -17.388    -17.329    -17.329    -15.856    -15.477    -15.430
 #    :          60         61         62         63         64         65         66         67
 occ. :        2.000      2.000      2.000      2.000      2.000      0.000      0.000      0.000
 eps  :       -15.230    -15.229    -14.962    -12.843    -12.842     -7.211     -5.851     -5.708
 #    :          68         69         70         71         72         73         74         75
 occ. :        0.000      0.000      0.000      0.000      0.000      0.000      0.000      0.000
 eps  :        -5.706     -5.391     -5.287     -4.917     -4.884     -4.460     -4.460     -2.816
                            2  SCC done.
 
 
 Mulliken/CM5 charges    n(s)   n(p)   n(d)   
    1 C  -0.0401 -0.0961   1.136  2.904  0.000
    2 C  -0.0595 -0.1157   1.133  2.926  0.000
    3 C  -0.0509 -0.1034   1.140  2.911  0.000
    4 C  -0.0123 -0.0124   1.185  2.827  0.000
    5 C   0.0469  0.1062   1.177  2.776  0.000
    6 C  -0.0599 -0.1084   1.135  2.925  0.000
    7 N  -0.1288 -0.4828   1.183  3.946  0.000
    8 C   0.0468  0.1062   1.177  2.776  0.000
    9 C  -0.0600 -0.1085   1.135  2.925  0.000
   10 C  -0.0402 -0.0962   1.136  2.904  0.000
   11 C  -0.0596 -0.1158   1.133  2.926  0.000
   12 C  -0.0509 -0.1034   1.140  2.911  0.000
   13 C  -0.0124 -0.0125   1.186  2.827  0.000
   14 C   0.0343  0.0335   1.205  2.760  0.000
   15 C  -0.0123 -0.0124   1.185  2.827  0.000
   16 C  -0.0509 -0.1034   1.140  2.911  0.000
   17 C  -0.0595 -0.1158   1.133  2.926  0.000
   18 C  -0.0401 -0.0961   1.136  2.904  0.000
   19 C  -0.0599 -0.1084   1.135  2.925  0.000
   20 C   0.0468  0.1062   1.177  2.776  0.000
   21 N  -0.1288 -0.4828   1.183  3.946  0.000
   22 C   0.0468  0.1062   1.177  2.776  0.000
   23 C  -0.0599 -0.1084   1.135  2.925  0.000
   24 C  -0.0401 -0.0961   1.136  2.904  0.000
   25 C  -0.0595 -0.1158   1.133  2.926  0.000
   26 C  -0.0509 -0.1034   1.140  2.911  0.000
   27 C  -0.0124 -0.0125   1.186  2.827  0.000
   28 H   0.0460  0.1025   0.954  0.000  0.000
   29 H   0.0400  0.0965   0.960  0.000  0.000
   30 H   0.0355  0.0958   0.964  0.000  0.000
   31 H   0.0389  0.0987   0.961  0.000  0.000
   32 H   0.1429  0.3388   0.857  0.000  0.000
   33 H   0.0389  0.0987   0.961  0.000  0.000
   34 H   0.0460  0.1025   0.954  0.000  0.000
   35 H   0.0399  0.0964   0.960  0.000  0.000
   36 H   0.0356  0.0961   0.964  0.000  0.000
   37 H   0.0355  0.0959   0.964  0.000  0.000
   38 H   0.0399  0.0965   0.960  0.000  0.000
   39 H   0.0460  0.1025   0.954  0.000  0.000
   40 H   0.0389  0.0987   0.961  0.000  0.000
   41 H   0.1429  0.3388   0.857  0.000  0.000
   42 H   0.0389  0.0987   0.961  0.000  0.000
   43 H   0.0460  0.1025   0.954  0.000  0.000
   44 H   0.0399  0.0964   0.960  0.000  0.000
   45 H   0.0356  0.0960   0.964  0.000  0.000
 Hirshfeld charges for QMDFF written to <charges>
 
 Loewdin charges    n(s)   n(p)   n(d)
    1 C  -0.0308   1.081  2.950  0.000
    2 C  -0.0533   1.079  2.974  0.000
    3 C  -0.0445   1.087  2.958  0.000
    4 C  -0.0150   1.147  2.868  0.000
    5 C   0.0435   1.140  2.816  0.000
    6 C  -0.0574   1.083  2.974  0.000
    7 N  -0.0868   1.131  3.956  0.000
    8 C   0.0434   1.140  2.816  0.000
    9 C  -0.0574   1.083  2.974  0.000
   10 C  -0.0309   1.081  2.950  0.000
   11 C  -0.0534   1.079  2.974  0.000
   12 C  -0.0446   1.087  2.958  0.000
   13 C  -0.0152   1.147  2.868  0.000
   14 C   0.0384   1.165  2.796  0.000
   15 C  -0.0151   1.147  2.868  0.000
   16 C  -0.0445   1.087  2.958  0.000
   17 C  -0.0533   1.079  2.974  0.000
   18 C  -0.0308   1.081  2.950  0.000
   19 C  -0.0574   1.083  2.974  0.000
   20 C   0.0435   1.140  2.816  0.000
   21 N  -0.0868   1.131  3.956  0.000
   22 C   0.0434   1.140  2.816  0.000
   23 C  -0.0574   1.083  2.974  0.000
   24 C  -0.0309   1.081  2.950  0.000
   25 C  -0.0534   1.079  2.974  0.000
   26 C  -0.0445   1.087  2.958  0.000
   27 C  -0.0152   1.147  2.868  0.000
   28 H   0.0377   0.962  0.000  0.000
   29 H   0.0327   0.967  0.000  0.000
   30 H   0.0284   0.972  0.000  0.000
   31 H   0.0315   0.969  0.000  0.000
   32 H   0.1228   0.877  0.000  0.000
   33 H   0.0315   0.969  0.000  0.000
   34 H   0.0376   0.962  0.000  0.000
   35 H   0.0326   0.967  0.000  0.000
   36 H   0.0285   0.972  0.000  0.000
   37 H   0.0284   0.972  0.000  0.000
   38 H   0.0327   0.967  0.000  0.000
   39 H   0.0377   0.962  0.000  0.000
   40 H   0.0315   0.969  0.000  0.000
   41 H   0.1227   0.877  0.000  0.000
   42 H   0.0315   0.969  0.000  0.000
   43 H   0.0377   0.962  0.000  0.000
   44 H   0.0327   0.967  0.000  0.000
   45 H   0.0284   0.972  0.000  0.000
 
 Wiberg/Mayer (AO) data. WBOs > 0.1 written file <wbo>
 largest (>0.05) Wiberg bond orders for each atom
           total WBO             WBO to atom ...
     1  C   3.972    C    6 1.449    C    2 1.417    H   28 0.944    C    4 0.104
     2  C   3.969    C    3 1.428    C    1 1.417    H   29 0.945    C    5 0.096
     3  C   3.972    C    2 1.428    C    4 1.410    H   30 0.945    C    6 0.103
     4  C   3.944    C    3 1.410    C    5 1.323    C   14 0.926    C    1 0.104
     5  C   3.934    C    6 1.355    C    4 1.323    N    7 1.062    C    2 0.096
     6  C   3.965    C    1 1.449    C    5 1.355    H   31 0.945    C    3 0.103
     7  N   3.376    C    8 1.062    C    5 1.062    H   32 0.949
     8  C   3.934    C    9 1.355    C   13 1.323    N    7 1.062    C   11 0.096
     9  C   3.965    C   10 1.449    C    8 1.355    H   33 0.945    C   12 0.103
    10  C   3.972    C    9 1.449    C   11 1.417    H   34 0.944    C   13 0.104
    11  C   3.969    C   12 1.428    C   10 1.417    H   35 0.945    C    8 0.096
    12  C   3.972    C   11 1.428    C   13 1.410    H   36 0.945    C    9 0.103
    13  C   3.944    C   12 1.410    C    8 1.323    C   14 0.925    C   10 0.104
    14  C   3.930    C    4 0.926    C   15 0.926    C   27 0.925    C   13 0.925
    15  C   3.944    C   16 1.410    C   20 1.323    C   14 0.926    C   18 0.104
    16  C   3.972    C   17 1.428    C   15 1.410    H   37 0.945    C   19 0.103
    17  C   3.969    C   16 1.428    C   18 1.417    H   38 0.945    C   20 0.096
    18  C   3.972    C   19 1.449    C   17 1.417    H   39 0.944    C   15 0.104
    19  C   3.965    C   18 1.449    C   20 1.355    H   40 0.945    C   16 0.103
    20  C   3.934    C   19 1.355    C   15 1.323    N   21 1.062    C   17 0.096
    21  N   3.376    C   22 1.062    C   20 1.062    H   41 0.949
    22  C   3.934    C   23 1.355    C   27 1.323    N   21 1.062    C   25 0.096
    23  C   3.965    C   24 1.449    C   22 1.355    H   42 0.945    C   26 0.103
    24  C   3.972    C   23 1.449    C   25 1.417    H   43 0.944    C   27 0.104
    25  C   3.969    C   26 1.428    C   24 1.417    H   44 0.945    C   22 0.096
    26  C   3.972    C   25 1.428    C   27 1.410    H   45 0.945    C   23 0.103
    27  C   3.944    C   26 1.410    C   22 1.323    C   14 0.925    C   24 0.104
    28  H   0.994    C    1 0.944
    29  H   0.996    C    2 0.945
    30  H   0.998    C    3 0.945
    31  H   0.996    C    6 0.945
    32  H   0.978    N    7 0.949
    33  H   0.996    C    9 0.945
    34  H   0.994    C   10 0.944
    35  H   0.996    C   11 0.945
    36  H   0.998    C   12 0.945
    37  H   0.998    C   16 0.945
    38  H   0.996    C   17 0.945
    39  H   0.994    C   18 0.944
    40  H   0.996    C   19 0.945
    41  H   0.978    N   21 0.949
    42  H   0.996    C   23 0.945
    43  H   0.994    C   24 0.944
    44  H   0.996    C   25 0.945
    45  H   0.998    C   26 0.945
 
 --------------------------------------------
          xTB calculation for sTDA...
 --------------------------------------------
 
 reading parameter file /home/penavora/Exe_xtb_crest/.param_stda2.xtb
 
      method parameters     
 k(s)        :  1.6000
 k(p)        :  2.1800
 k(d)        :  1.9500
 k(f)        :  2.0000
 k(R-V)      :  2.2750
 k(R-R)      :  1.7650
 Tscal       :  0.2580
 Gscal       :  1.0000
 fpol        :  1.0000
 Zcnf        :  0.3430
 Zqf         :  0.0000
 kcn         :  2.7000
 Ryd Hsplit  :  0.7000
 lshift(virt):  3.1000
 lshift(OS)  :  0.2000
 wllscaling  :  2.6000
 
 mowrcut     : 3.000
 
  Z AO/shell   Hii/eV     exponent
  1     Sun Feb 14 09:53:25 CET 2016    EN: 2.327 GAM: 0.473  GM3: 0.0000
     1s    -14.339618    1.220000
     2sp    -3.348946    0.600000
  6     Sun Feb 14 09:53:25 CET 2016    EN: 2.731 GAM: 0.422  GM3: 0.0000
     2s    -22.009312    1.565095
     2p    -13.020408    1.596905
     3sp    -3.914040    0.824500
  7     Sun Feb 14 09:53:25 CET 2016    EN: 3.573 GAM: 0.504  GM3: 0.0000
     2s    -25.722000    2.064844
     2p    -18.684912    1.801692
     3sp    -4.344791    0.921400
 
 Nbf   :          306
 T(el) :     0.0
 calculating S/T integrals ...
 cpu time for ints    7.31831900000000     
 Nao   :          306
 making H0...
 making H1...
 cpu time for H      0.307176000000000     
 solving ...
 cpu time for diag   0.472448000000000     
 
 gap (eV)           :   7.669
 Koopmans IP (eV)   :  13.697
 Eel (Eh)           :  -110.027130

          eigenvalues
 #    :          52         53         54         55         56         57         58         59
 occ. :        2.000      2.000      2.000      2.000      2.000      2.000      2.000      2.000
 eps  :       -18.728    -18.727    -18.097    -18.097    -17.845    -16.443    -16.153    -16.127
 #    :          60         61         62         63         64         65         66         67
 occ. :        2.000      2.000      2.000      2.000      2.000      0.000      0.000      0.000
 eps  :       -15.834    -15.834    -15.694    -13.699    -13.698     -6.029     -5.773     -5.735
 #    :          68         69         70         71         72         73         74         75
 occ. :        0.000      0.000      0.000      0.000      0.000      0.000      0.000      0.000
 eps  :        -5.734     -5.695     -5.434     -5.027     -4.771     -4.764     -4.764     -4.514
                            1  SCC done.
 writing mo output ...
 molden style : F
 
speedup 30.62
cpu  time for all   11.77 s
wall time for all    0.38 s
