 
        ______________________________________
       |                                      |
       |          ===================         |
       |             xTB for sTDA             |
       |          ===================         |
       |               S. Grimme              |
       |        Universitaet Bonn, MCTC       |
       |         2015-19, Version 1.0         |
       |     Wed Apr  3 09:14:55 CEST 2019    |
       |______________________________________|
 
        This code comes without any warranty
        for non-commercial, academia use only.
        Preliminary test version.
        Cite this work as:
        S. Grimme  &  C. Bannwarth, JCP 145 (2016) 054103
        if GBSA is used additionally:
        P. Shushkov, F. März, C. Bannwarth, S. Grimme, unpublished.
 
        with help from
        P. Shushkov, G. Brandenburg, S. Dohm, J. Pisarek,
        F. März, M. Checinski, S. Ehrlich, S. Spicher, 
        P. Pracht, E. Caldeweyher, S. Ehlert, and C. Bannwarth.
 
        usage        :
        xtb4stda <coord_file> [options]
        where <coord_file> is a valid file of TM)
        (*coord, Bohr) or xmol (*xyz, Angstroem)
        format.

        options:
        -chrg <int>   : molecular charge
        -uhf  <int>   : # of unpaired electrons(=2*S)
        -nox          : skip second, extended part in sTDA-xTB
        -pop          : do population analysis
                      : (default for -nox)
        -mowr <real>  : cut MO write above (def.3 Eh)
        -molden       : write formatted molden file
        -parx <file>  : read parameters for sTDA-xTB
                        calc (def:~/.param_stda2.xtb)
        -parv <file>  : read parameters for vTB part in
                        sTDA-xTB (def: ~/.param_stda1.xtb)
        -xtemp <real> : el. temp for xTB (def. 0 K)
        -etemp <real> : el. temp for GFN (def. 300 K)
        -fod          : calculate the FOD and write
                        molden.input file with
                        appropriate occupations
                        for plotting. Def. T=12500 K
 
        -acc <real>   : xTB accuracy (def. 1.0)
        -gbsa [string1] [string2]
                        use GBSA implicit solvent
                        for solvent [string1] and
                        solvation state [string2]=
                        reference, bar1M (default=1M)
        additional GFN/opt/MD/siman options read from
        $XTB4STDAHOME/.xtb4stdarc or $set in input
 
       spin and charge state information can be on:
       <.CHRG> (charge) and <.UHF> (=nalpha-nbeta)
       -uhf and -chrg override the file info.
       useful machine settings:
       setenv MKL_NUM_THREADS <NCORE_ON_YOUR_MACHINE>
       setenv OMP_STACKSIZE 500m
       limit stacksize unlimited
 
       total energies in Eh, gaps/HL energies in eV
       please read REVISION and HOWTO files carefully
 =============================
  # OMP threads =          48
 =============================
 
 xtb4stdahome directory:/home/penavora/Exe_xtb_crest/
 
 argument            1 :--gbsa
 argument            2 :toluene
 
 name of molecule           :
 comment line               :
 number of atoms            :    94
 number of electrons        :   262
 charge                     :  0
 spin                       : 0.0
 first test random number   :  0.9671
 
 -----------------------------------------
      charge density (VTB) calculation
 -----------------------------------------
 
      method parameters     
 k(s)        :  1.8000
 k(p)        :  2.8350
 k(d)        :  2.0860
 k(f)        :  2.0000
 Tscal       :  0.3300
 Gscal       :  0.3910
 fpol        :  1.0000
 Zcnf        :  0.6500
 Zqf         :  0.0000
 kcn         :  0.3000
 kEN1        : -0.5900
 wllscal     :  2.6000
 
 Solvent             : toluene
 GBSA parameter file : /home/penavora/Exe_xtb_crest/.param_gbsa_toluene
 Gsolv ref. state (COSMO-RS): gsolv [1 M gas/solution]
 temperature (mdtemp)       :    298.150000000000     
 dielectric constant        :    7.00000000000000     
 rho                        :   0.867000000000000     
 mass                       :    92.1400000000000     
 surface tension            :    15.5689470637553     
 probe radius               :   0.641644990000000     
 vdW radii scaling          :    1.00000000000000     
 Gshift (Eh)                :   4.228772547061559E-003
 c1                         :    1.59772343000000     
 soset                      :   0.281999450000000     
 HB correction              :  F
 
 doing EN charges ...
 sum q : -0.1998401D-14
 point charge moment (au)
     X       Y       Z   
  -0.3984  -0.2878  -0.5839  total (Debye):    1.940
 
            Z      q(EN)   CN      Cart. coordinates
     1  C   4.0  -0.243   4.119    -9.07768    -3.90015     1.72488
     2  C   4.0  -0.031   4.142    -8.53514    -4.80286    -0.99945
     3  C   4.0  -0.244   4.097   -11.06155    -5.34905    -2.29641
     4  C   4.0   0.009   3.308    -7.06541    -2.70265    -2.28535
     5  C   4.0  -0.072   3.188    -8.21296    -0.85924    -3.75156
     6  C   4.0  -0.073   3.145    -6.90214     1.24363    -4.59478
     7  C   4.0  -0.072   3.148    -4.41111     1.57968    -3.87867
     8  C   4.0  -0.069   3.202    -3.20988    -0.26064    -2.47436
     9  C   4.0   0.092   3.317    -4.47700    -2.46074    -1.76556
    10  N   5.0  -0.310   3.255    -3.21003    -4.39901    -0.51282
    11  C   4.0   0.080   3.292    -0.59975    -4.13513     0.00483
    12  C   4.0  -0.068   3.184     0.23123    -4.09646     2.49986
    13  C   4.0  -0.072   3.193     2.75206    -3.69214     3.02133
    14  C   4.0  -0.002   3.210     4.50175    -3.37130     1.07126
    15  C   4.0   0.097   3.176     7.12408    -2.69275     1.73211
    16  O   6.0  -0.103   1.072     7.71255    -2.04238     3.86867
    17  C   4.0  -0.003   3.248     9.06924    -2.80812    -0.30143
    18  C   4.0  -0.073   3.182     9.49600    -5.05167    -1.60350
    19  C   4.0  -0.073   3.143    11.47004    -5.23394    -3.31120
    20  C   4.0  -0.073   3.141    13.05121    -3.18597    -3.71967
    21  C   4.0  -0.072   3.181    12.65539    -0.95053    -2.42170
    22  C   4.0  -0.003   3.249    10.66155    -0.73520    -0.72403
    23  C   4.0   0.100   3.165    10.23384     1.70066     0.62049
    24  O   6.0  -0.103   1.062    11.95865     2.85495     1.61665
    25  C   4.0  -0.003   3.221     7.59524     2.63048     0.61829
    26  C   4.0  -0.073   3.195     5.96221     2.11151    -1.38345
    27  C   4.0  -0.068   3.189     3.49017     2.94019    -1.31985
    28  C   4.0   0.080   3.289     2.59407     4.28510     0.75866
    29  N   5.0  -0.312   3.251     0.03821     5.05372     0.89186
    30  C   4.0   0.094   3.297    -0.87723     6.87531    -0.76964
    31  C   4.0  -0.070   3.200     0.70441     7.87393    -2.63612
    32  C   4.0  -0.072   3.144    -0.16136     9.65964    -4.32667
    33  C   4.0  -0.072   3.140    -2.62705    10.51185    -4.16914
    34  C   4.0  -0.072   3.199    -4.17061     9.58995    -2.27389
    35  C   4.0   0.009   3.301    -3.35104     7.78710    -0.55114
    36  C   4.0  -0.032   4.141    -5.10243     6.98605     1.57180
    37  C   4.0  -0.245   4.105    -7.60967     6.01816     0.46056
    38  C   4.0  -0.244   4.106    -5.58771     9.30759     3.26383
    39  C   4.0   0.010   3.302    -3.94323     4.91532     3.17528
    40  C   4.0  -0.072   3.199    -5.35078     3.85279     5.11886
    41  C   4.0  -0.072   3.141    -4.40851     1.95001     6.63993
    42  C   4.0  -0.072   3.147    -2.00345     1.03392     6.18650
    43  C   4.0  -0.070   3.207    -0.56631     2.05330     4.26646
    44  C   4.0   0.093   3.306    -1.48314     4.03541     2.78023
    45  C   4.0  -0.068   3.187     4.24413     4.86509     2.73082
    46  C   4.0  -0.071   3.185     6.72311     4.06707     2.64869
    47  C   4.0  -0.073   3.187     3.67588    -3.53413    -1.43003
    48  C   4.0  -0.068   3.188     1.15028    -3.90082    -1.95328
    49  C   4.0   0.092   3.319    -4.27424    -6.80571    -0.41237
    50  C   4.0  -0.069   3.198    -2.73613    -8.90987    -0.01402
    51  C   4.0  -0.072   3.143    -3.74477   -11.31564    -0.00742
    52  C   4.0  -0.072   3.142    -6.29755   -11.65354    -0.44854
    53  C   4.0  -0.072   3.187    -7.82855    -9.56844    -0.84389
    54  C   4.0   0.010   3.304    -6.87265    -7.12905    -0.80802
    55  H   1.0   0.083   0.999   -10.20406    -2.18038     1.68927
    56  H   1.0   0.084   1.000    -7.32364    -3.50379     2.71915
    57  H   1.0   0.083   0.999   -10.10287    -5.35176     2.75921
    58  H   1.0   0.083   1.000   -12.23428    -3.66439    -2.31466
    59  H   1.0   0.083   1.000   -12.10352    -6.78307    -1.26128
    60  H   1.0   0.082   0.999   -10.77314    -5.99093    -4.22808
    61  H   1.0   0.076   1.007   -10.18206    -1.02438    -4.24235
    62  H   1.0   0.074   1.004    -7.84607     2.64463    -5.73912
    63  H   1.0   0.075   1.005    -3.40131     3.27260    -4.40912
    64  H   1.0   0.078   1.009    -1.27594     0.02000    -1.89873
    65  H   1.0   0.076   1.006    -1.11776    -4.33800     4.00915
    66  H   1.0   0.075   1.006     3.41875    -3.58706     4.94791
    67  H   1.0   0.075   1.005     8.30019    -6.66427    -1.23659
    68  H   1.0   0.074   1.004    11.78403    -6.98439    -4.31011
    69  H   1.0   0.074   1.004    14.59882    -3.33177    -5.04003
    70  H   1.0   0.075   1.005    13.87157     0.66258    -2.71276
    71  H   1.0   0.076   1.007     6.64531     1.08669    -3.00945
    72  H   1.0   0.076   1.006     2.23406     2.53411    -2.87537
    73  H   1.0   0.077   1.008     2.64714     7.26688    -2.75059
    74  H   1.0   0.074   1.004     1.10152    10.39144    -5.75369
    75  H   1.0   0.074   1.004    -3.33160    11.90666    -5.48083
    76  H   1.0   0.076   1.006    -6.06857    10.32188    -2.12824
    77  H   1.0   0.083   1.001    -7.26885     4.32561    -0.65537
    78  H   1.0   0.084   1.000    -8.47729     7.43318    -0.74605
    79  H   1.0   0.084   1.000    -8.94349     5.55846     1.95087
    80  H   1.0   0.083   1.000    -6.46416    10.82216     2.18890
    81  H   1.0   0.082   0.999    -3.81092    10.00333     4.03409
    82  H   1.0   0.083   1.000    -6.82508     8.81951     4.82862
    83  H   1.0   0.076   1.006    -7.23841     4.53608     5.47666
    84  H   1.0   0.074   1.004    -5.54771     1.18112     8.14787
    85  H   1.0   0.074   1.005    -1.23268    -0.47096     7.32933
    86  H   1.0   0.078   1.009     1.29620     1.30121     3.91516
    87  H   1.0   0.076   1.005     3.55834     5.93602     4.32707
    88  H   1.0   0.075   1.005     8.01357     4.50234     4.16836
    89  H   1.0   0.077   1.007     5.00529    -3.34413    -2.96258
    90  H   1.0   0.076   1.006     0.50312    -4.00050    -3.88651
    91  H   1.0   0.077   1.007    -0.73373    -8.65876     0.28328
    92  H   1.0   0.074   1.004    -2.52679   -12.92067     0.31925
    93  H   1.0   0.074   1.004    -7.10425   -13.52754    -0.47234
    94  H   1.0   0.076   1.006    -9.81449    -9.88161    -1.16661
 
  Z AO/shell   Hii/eV     exponent
  1     Sat Feb 20 21:38:01 CET 2016    EN: 2.327 GAM: 0.473  GM3: 0.0000
     1s    -13.751157    1.051071
  6     Sat Feb 20 21:38:01 CET 2016    EN: 2.731 GAM: 0.422  GM3: 0.0000
     2s    -19.378245    2.021003
     2p    -11.993376    1.497917
  7     Sat Feb 20 21:38:01 CET 2016    EN: 3.573 GAM: 0.504  GM3: 0.0000
     2s    -21.576984    2.275442
     2p    -16.125120    2.056788
  8     Sat Feb 20 21:38:01 CET 2016    EN: 3.700 GAM: 0.587  GM3: 0.0000
     2s    -21.648843    2.110798
     2p    -17.239740    2.329048
 
 dipole moment of classical point charges (au)
     X       Y       Z   
  -0.3984  -0.2878  -0.5839  total (Debye):    1.940

 
 Nbf   :          256
 T(el) :   300.0
 calculating S/T integrals ...
 cpu time for ints    2.52495800000000     
 Nao   :          256
 making H0...
 making H1...
 cpu time for H      0.354996000000000     
 solving ...
 cpu time for diag   0.874005000000000     
 
 gap (eV)           :   3.596
 Koopmans IP (eV)   :  12.601
 Eel (Eh)           :  -202.383821
 T,E(Fermi),NFOD :    300.000   -10.803  0.000000
 T,E(Fermi),NFOD :    300.000   -10.803  0.000000
 Nfod               :  0.0000
 Nfod/Nel           :  0.0000

          eigenvalues
 #    :         119        120        121        122        123        124        125        126
 occ. :        2.000      2.000      2.000      2.000      2.000      2.000      2.000      2.000
 eps  :       -15.451    -15.333    -15.288    -15.184    -15.128    -15.077    -15.061    -14.974
 #    :         127        128        129        130        131        132        133        134
 occ. :        2.000      2.000      2.000      2.000      2.000      0.000      0.000      0.000
 eps  :       -14.969    -14.923    -14.805    -12.699    -12.602     -9.005     -8.282     -6.637
 #    :         135        136        137        138        139        140        141        142
 occ. :        0.000      0.000      0.000      0.000      0.000      0.000      0.000      0.000
 eps  :        -6.596     -5.648     -5.610     -5.446     -5.436     -5.356     -5.227     -5.182
                            1  SCC done.
 making H1...
 cpu time for H       1.05153300000000     
 solving ...
 cpu time for diag   0.542977000000000     
 
 gap (eV)           :   3.537
 Koopmans IP (eV)   :  12.846
 Eel (Eh)           :  -204.118199
 T,E(Fermi),NFOD :    300.000   -11.078  0.000000
 T,E(Fermi),NFOD :    300.000   -11.078  0.000000
 Nfod               :  0.0000
 Nfod/Nel           :  0.0000

          eigenvalues
 #    :         119        120        121        122        123        124        125        126
 occ. :        2.000      2.000      2.000      2.000      2.000      2.000      2.000      2.000
 eps  :       -15.571    -15.478    -15.339    -15.260    -15.191    -15.176    -15.094    -15.070
 #    :         127        128        129        130        131        132        133        134
 occ. :        2.000      2.000      2.000      2.000      2.000      0.000      0.000      0.000
 eps  :       -14.977    -14.932    -14.750    -12.858    -12.847     -9.310     -8.657     -6.963
 #    :         135        136        137        138        139        140        141        142
 occ. :        0.000      0.000      0.000      0.000      0.000      0.000      0.000      0.000
 eps  :        -6.829     -6.044     -5.842     -5.774     -5.664     -5.602     -5.542     -5.434
                            2  SCC done.
 
 
 Mulliken/CM5 charges    n(s)   n(p)   n(d)   
    1 C  -0.1017 -0.2474   1.114  2.988  0.000
    2 C   0.0217  0.0023   1.224  2.754  0.000
    3 C  -0.0932 -0.2419   1.097  2.996  0.000
    4 C  -0.0229 -0.0253   1.188  2.835  0.000
    5 C  -0.0415 -0.0963   1.139  2.903  0.000
    6 C  -0.0465 -0.1040   1.133  2.914  0.000
    7 C  -0.0335 -0.0906   1.136  2.898  0.000
    8 C  -0.0562 -0.1050   1.136  2.920  0.000
    9 C   0.0432  0.1035   1.183  2.773  0.000
   10 N  -0.1261 -0.3695   1.241  3.886  0.000
   11 C   0.0632  0.1142   1.186  2.751  0.000
   12 C  -0.0090 -0.0584   1.136  2.873  0.000
   13 C  -0.0183 -0.0711   1.144  2.874  0.000
   14 C  -0.0228 -0.0290   1.175  2.848  0.000
   15 C   0.1568  0.1892   1.190  2.653  0.000
   16 O  -0.2869 -0.3341   1.629  4.658  0.000
   17 C  -0.0292 -0.0328   1.190  2.839  0.000
   18 C  -0.0236 -0.0773   1.145  2.879  0.000
   19 C  -0.0052 -0.0616   1.139  2.867  0.000
   20 C  -0.0103 -0.0666   1.138  2.872  0.000
   21 C  -0.0290 -0.0815   1.144  2.885  0.000
   22 C  -0.0252 -0.0279   1.186  2.840  0.000
   23 C   0.1646  0.1980   1.189  2.646  0.000
   24 O  -0.2940 -0.3401   1.630  4.664  0.000
   25 C  -0.0177 -0.0228   1.175  2.843  0.000
   26 C  -0.0301 -0.0832   1.148  2.882  0.000
   27 C  -0.0139 -0.0644   1.140  2.874  0.000
   28 C   0.0667  0.1178   1.182  2.751  0.000
   29 N  -0.1212 -0.3641   1.228  3.894  0.000
   30 C   0.0451  0.1057   1.182  2.773  0.000
   31 C  -0.0553 -0.1038   1.135  2.920  0.000
   32 C  -0.0340 -0.0902   1.136  2.898  0.000
   33 C  -0.0476 -0.1041   1.132  2.915  0.000
   34 C  -0.0405 -0.0954   1.140  2.901  0.000
   35 C  -0.0226 -0.0255   1.186  2.836  0.000
   36 C   0.0209  0.0008   1.225  2.754  0.000
   37 C  -0.1031 -0.2508   1.107  2.996  0.000
   38 C  -0.1009 -0.2477   1.110  2.991  0.000
   39 C  -0.0210 -0.0237   1.186  2.835  0.000
   40 C  -0.0385 -0.0933   1.139  2.899  0.000
   41 C  -0.0466 -0.1031   1.132  2.915  0.000
   42 C  -0.0355 -0.0921   1.136  2.900  0.000
   43 C  -0.0602 -0.1088   1.136  2.924  0.000
   44 C   0.0461  0.1069   1.181  2.773  0.000
   45 C  -0.0153 -0.0646   1.138  2.877  0.000
   46 C  -0.0275 -0.0796   1.143  2.885  0.000
   47 C  -0.0237 -0.0777   1.148  2.876  0.000
   48 C  -0.0087 -0.0591   1.139  2.869  0.000
   49 C   0.0425  0.1029   1.183  2.774  0.000
   50 C  -0.0521 -0.1000   1.135  2.917  0.000
   51 C  -0.0356 -0.0917   1.136  2.900  0.000
   52 C  -0.0484 -0.1049   1.133  2.916  0.000
   53 C  -0.0428 -0.0973   1.139  2.904  0.000
   54 C  -0.0219 -0.0242   1.188  2.834  0.000
   55 H   0.0299  0.0837   0.970  0.000  0.000
   56 H   0.0327  0.0897   0.967  0.000  0.000
   57 H   0.0296  0.0832   0.970  0.000  0.000
   58 H   0.0395  0.0938   0.960  0.000  0.000
   59 H   0.0393  0.0936   0.961  0.000  0.000
   60 H   0.0343  0.0880   0.966  0.000  0.000
   61 H   0.0432  0.1024   0.957  0.000  0.000
   62 H   0.0388  0.0954   0.961  0.000  0.000
   63 H   0.0438  0.1020   0.956  0.000  0.000
   64 H   0.0415  0.1075   0.959  0.000  0.000
   65 H   0.0468  0.1079   0.953  0.000  0.000
   66 H   0.0465  0.1081   0.954  0.000  0.000
   67 H   0.0516  0.1103   0.948  0.000  0.000
   68 H   0.0542  0.1108   0.946  0.000  0.000
   69 H   0.0513  0.1079   0.949  0.000  0.000
   70 H   0.0420  0.1014   0.958  0.000  0.000
   71 H   0.0576  0.1181   0.942  0.000  0.000
   72 H   0.0543  0.1157   0.946  0.000  0.000
   73 H   0.0395  0.1033   0.961  0.000  0.000
   74 H   0.0440  0.1005   0.956  0.000  0.000
   75 H   0.0399  0.0964   0.960  0.000  0.000
   76 H   0.0436  0.1027   0.956  0.000  0.000
   77 H   0.0359  0.0923   0.964  0.000  0.000
   78 H   0.0348  0.0892   0.965  0.000  0.000
   79 H   0.0343  0.0887   0.966  0.000  0.000
   80 H   0.0334  0.0876   0.967  0.000  0.000
   81 H   0.0297  0.0836   0.970  0.000  0.000
   82 H   0.0331  0.0872   0.967  0.000  0.000
   83 H   0.0434  0.1024   0.957  0.000  0.000
   84 H   0.0398  0.0963   0.960  0.000  0.000
   85 H   0.0429  0.0999   0.957  0.000  0.000
   86 H   0.0380  0.1036   0.962  0.000  0.000
   87 H   0.0438  0.1047   0.956  0.000  0.000
   88 H   0.0408  0.1014   0.959  0.000  0.000
   89 H   0.0581  0.1188   0.942  0.000  0.000
   90 H   0.0507  0.1116   0.949  0.000  0.000
   91 H   0.0394  0.1027   0.961  0.000  0.000
   92 H   0.0435  0.1000   0.956  0.000  0.000
   93 H   0.0394  0.0959   0.961  0.000  0.000
   94 H   0.0439  0.1030   0.956  0.000  0.000
 Hirshfeld charges for QMDFF written to <charges>
 
 Loewdin charges    n(s)   n(p)   n(d)
    1 C  -0.1073   1.044  3.063  0.000
    2 C   0.0327   1.183  2.784  0.000
    3 C  -0.0987   1.026  3.072  0.000
    4 C  -0.0244   1.149  2.876  0.000
    5 C  -0.0370   1.085  2.952  0.000
    6 C  -0.0406   1.079  2.962  0.000
    7 C  -0.0250   1.081  2.944  0.000
    8 C  -0.0561   1.085  2.971  0.000
    9 C   0.0390   1.147  2.814  0.000
   10 N  -0.0882   1.200  3.888  0.000
   11 C   0.0650   1.148  2.787  0.000
   12 C  -0.0072   1.083  2.924  0.000
   13 C  -0.0104   1.090  2.920  0.000
   14 C  -0.0233   1.133  2.890  0.000
   15 C   0.1505   1.155  2.695  0.000
   16 O  -0.2700   1.598  4.672  0.000
   17 C  -0.0282   1.149  2.879  0.000
   18 C  -0.0168   1.090  2.926  0.000
   19 C   0.0030   1.083  2.914  0.000
   20 C  -0.0024   1.083  2.920  0.000
   21 C  -0.0223   1.090  2.932  0.000
   22 C  -0.0261   1.145  2.881  0.000
   23 C   0.1576   1.153  2.689  0.000
   24 O  -0.2759   1.598  4.678  0.000
   25 C  -0.0189   1.133  2.885  0.000
   26 C  -0.0210   1.093  2.928  0.000
   27 C  -0.0117   1.087  2.924  0.000
   28 C   0.0673   1.145  2.788  0.000
   29 N  -0.0823   1.187  3.896  0.000
   30 C   0.0406   1.146  2.814  0.000
   31 C  -0.0546   1.083  2.971  0.000
   32 C  -0.0251   1.080  2.945  0.000
   33 C  -0.0419   1.078  2.964  0.000
   34 C  -0.0354   1.086  2.949  0.000
   35 C  -0.0241   1.147  2.877  0.000
   36 C   0.0317   1.184  2.784  0.000
   37 C  -0.1104   1.037  3.074  0.000
   38 C  -0.1071   1.040  3.067  0.000
   39 C  -0.0226   1.147  2.876  0.000
   40 C  -0.0335   1.086  2.948  0.000
   41 C  -0.0410   1.078  2.963  0.000
   42 C  -0.0269   1.080  2.946  0.000
   43 C  -0.0596   1.085  2.975  0.000
   44 C   0.0414   1.145  2.813  0.000
   45 C  -0.0133   1.086  2.928  0.000
   46 C  -0.0199   1.089  2.931  0.000
   47 C  -0.0151   1.093  2.922  0.000
   48 C  -0.0067   1.087  2.920  0.000
   49 C   0.0381   1.147  2.815  0.000
   50 C  -0.0509   1.084  2.967  0.000
   51 C  -0.0267   1.080  2.946  0.000
   52 C  -0.0424   1.079  2.964  0.000
   53 C  -0.0380   1.086  2.952  0.000
   54 C  -0.0232   1.148  2.875  0.000
   55 H   0.0303   0.970  0.000  0.000
   56 H   0.0325   0.967  0.000  0.000
   57 H   0.0299   0.970  0.000  0.000
   58 H   0.0401   0.960  0.000  0.000
   59 H   0.0400   0.960  0.000  0.000
   60 H   0.0339   0.966  0.000  0.000
   61 H   0.0366   0.963  0.000  0.000
   62 H   0.0320   0.968  0.000  0.000
   63 H   0.0362   0.964  0.000  0.000
   64 H   0.0347   0.965  0.000  0.000
   65 H   0.0375   0.962  0.000  0.000
   66 H   0.0374   0.963  0.000  0.000
   67 H   0.0416   0.958  0.000  0.000
   68 H   0.0441   0.956  0.000  0.000
   69 H   0.0417   0.958  0.000  0.000
   70 H   0.0332   0.967  0.000  0.000
   71 H   0.0472   0.953  0.000  0.000
   72 H   0.0448   0.955  0.000  0.000
   73 H   0.0323   0.968  0.000  0.000
   74 H   0.0361   0.964  0.000  0.000
   75 H   0.0328   0.967  0.000  0.000
   76 H   0.0371   0.963  0.000  0.000
   77 H   0.0357   0.964  0.000  0.000
   78 H   0.0356   0.964  0.000  0.000
   79 H   0.0352   0.965  0.000  0.000
   80 H   0.0338   0.966  0.000  0.000
   81 H   0.0299   0.970  0.000  0.000
   82 H   0.0335   0.966  0.000  0.000
   83 H   0.0369   0.963  0.000  0.000
   84 H   0.0327   0.967  0.000  0.000
   85 H   0.0355   0.965  0.000  0.000
   86 H   0.0313   0.969  0.000  0.000
   87 H   0.0349   0.965  0.000  0.000
   88 H   0.0326   0.967  0.000  0.000
   89 H   0.0479   0.952  0.000  0.000
   90 H   0.0410   0.959  0.000  0.000
   91 H   0.0318   0.968  0.000  0.000
   92 H   0.0356   0.964  0.000  0.000
   93 H   0.0323   0.968  0.000  0.000
   94 H   0.0371   0.963  0.000  0.000
 
 Wiberg/Mayer (AO) data. WBOs > 0.1 written file <wbo>
 largest (>0.05) Wiberg bond orders for each atom
           total WBO             WBO to atom ...
     1  C   3.978    H   55 0.977    H   56 0.977    H   57 0.977    C    2 0.944
     2  C   3.924    C    3 0.972    C    1 0.944    C    4 0.944    C   54 0.943
     3  C   3.980    H   60 0.979    H   58 0.976    H   59 0.976    C    2 0.972
     4  C   3.943    C    5 1.409    C    9 1.324    C    2 0.944    C    7 0.103
     5  C   3.971    C    6 1.424    C    4 1.409    H   61 0.942    C    8 0.104
     6  C   3.970    C    5 1.424    C    7 1.418    H   62 0.945    C    9 0.100
     7  C   3.972    C    8 1.442    C    6 1.418    H   63 0.942    C    4 0.103
     8  C   3.967    C    7 1.442    C    9 1.368    H   64 0.938    C    5 0.104
     9  C   3.930    C    8 1.368    C    4 1.324    N   10 1.019    C    6 0.100
    10  N   3.353    C    9 1.019    C   49 1.016    C   11 0.961
    11  C   3.929    C   12 1.379    C   48 1.366    N   10 0.961    C   14 0.097
    12  C   3.968    C   13 1.455    C   11 1.379    H   65 0.944    C   47 0.098
    13  C   3.968    C   12 1.455    C   14 1.344    H   66 0.944    C   48 0.100
    14  C   3.953    C   47 1.345    C   13 1.344    C   15 1.011    C   11 0.097    O   16 0.059
    15  C   3.895    O   16 1.793    C   14 1.011    C   17 0.949
    16  O   2.107    C   15 1.793    C   14 0.059    C   17 0.057
    17  C   3.949    C   18 1.387    C   22 1.319    C   15 0.949    C   20 0.103    O   16 0.057
    18  C   3.969    C   19 1.430    C   17 1.387    H   67 0.944    C   21 0.103
    19  C   3.971    C   18 1.430    C   20 1.422    H   68 0.944    C   22 0.102
    20  C   3.971    C   21 1.434    C   19 1.422    H   69 0.944    C   17 0.103
    21  C   3.968    C   20 1.434    C   22 1.380    H   70 0.945    C   18 0.103
    22  C   3.948    C   21 1.380    C   17 1.319    C   23 0.960    C   19 0.102    O   24 0.059
    23  C   3.891    O   24 1.802    C   25 0.988    C   22 0.960
    24  O   2.103    C   23 1.802    C   25 0.059    C   22 0.059
    25  C   3.953    C   26 1.356    C   46 1.350    C   23 0.988    C   28 0.099    O   24 0.059
    26  C   3.969    C   27 1.451    C   25 1.356    H   71 0.940    C   45 0.100
    27  C   3.968    C   26 1.451    C   28 1.376    H   72 0.942    C   46 0.100
    28  C   3.931    C   27 1.376    C   45 1.370    N   29 0.965    C   25 0.099
    29  N   3.374    C   30 1.022    C   44 1.022    C   28 0.965
    30  C   3.930    C   31 1.358    C   35 1.333    N   29 1.022    C   33 0.099
    31  C   3.967    C   32 1.450    C   30 1.358    H   73 0.940    C   34 0.105
    32  C   3.973    C   31 1.450    C   33 1.416    H   74 0.944    C   35 0.103
    33  C   3.970    C   34 1.432    C   32 1.416    H   75 0.945    C   30 0.099
    34  C   3.971    C   33 1.432    C   35 1.401    H   76 0.942    C   31 0.105
    35  C   3.944    C   34 1.401    C   30 1.333    C   36 0.947    C   32 0.103
    36  C   3.924    C   37 0.956    C   38 0.950    C   39 0.948    C   35 0.947
    37  C   3.978    H   79 0.976    H   78 0.975    H   77 0.972    C   36 0.956
    38  C   3.978    H   81 0.978    H   80 0.976    H   82 0.976    C   36 0.950
    39  C   3.944    C   40 1.400    C   44 1.335    C   36 0.948    C   42 0.103
    40  C   3.971    C   41 1.433    C   39 1.400    H   83 0.942    C   43 0.105
    41  C   3.970    C   40 1.433    C   42 1.416    H   84 0.945    C   44 0.099
    42  C   3.973    C   43 1.450    C   41 1.416    H   85 0.943    C   39 0.103
    43  C   3.967    C   42 1.450    C   44 1.357    H   86 0.939    C   40 0.105
    44  C   3.930    C   43 1.357    C   39 1.335    N   29 1.022    C   41 0.099
    45  C   3.969    C   46 1.458    C   28 1.370    H   87 0.944    C   26 0.100
    46  C   3.969    C   45 1.458    C   25 1.350    H   88 0.945    C   27 0.100
    47  C   3.969    C   48 1.460    C   14 1.345    H   89 0.939    C   12 0.098
    48  C   3.969    C   47 1.460    C   11 1.366    H   90 0.944    C   13 0.100
    49  C   3.930    C   50 1.368    C   54 1.328    N   10 1.016    C   52 0.101
    50  C   3.968    C   51 1.443    C   49 1.368    H   91 0.942    C   53 0.105
    51  C   3.973    C   50 1.443    C   52 1.422    H   92 0.944    C   54 0.103
    52  C   3.970    C   53 1.425    C   51 1.422    H   93 0.945    C   49 0.101
    53  C   3.971    C   52 1.425    C   54 1.408    H   94 0.942    C   50 0.105
    54  C   3.944    C   53 1.408    C   49 1.328    C    2 0.943    C   51 0.103
    55  H   0.997    C    1 0.977
    56  H   0.999    C    1 0.977
    57  H   0.997    C    1 0.977
    58  H   0.997    C    3 0.976
    59  H   0.997    C    3 0.976
    60  H   0.999    C    3 0.979
    61  H   0.997    C    5 0.942
    62  H   0.996    C    6 0.945
    63  H   0.994    C    7 0.942
    64  H   0.997    C    8 0.938
    65  H   0.996    C   12 0.944
    66  H   0.997    C   13 0.944
    67  H   0.995    C   18 0.944
    68  H   0.992    C   19 0.944
    69  H   0.993    C   20 0.944
    70  H   0.996    C   21 0.945
    71  H   0.996    C   26 0.940
    72  H   0.995    C   27 0.942
    73  H   0.997    C   31 0.940
    74  H   0.994    C   32 0.944
    75  H   0.997    C   33 0.945
    76  H   0.997    C   34 0.942
    77  H   0.999    C   37 0.972
    78  H   0.997    C   37 0.975
    79  H   0.997    C   37 0.976
    80  H   0.997    C   38 0.976
    81  H   0.999    C   38 0.978
    82  H   0.997    C   38 0.976
    83  H   0.997    C   40 0.942
    84  H   0.997    C   41 0.945
    85  H   0.994    C   42 0.943
    86  H   0.997    C   43 0.939
    87  H   0.996    C   45 0.944
    88  H   0.997    C   46 0.945
    89  H   0.996    C   47 0.939
    90  H   0.995    C   48 0.944
    91  H   0.997    C   50 0.942
    92  H   0.994    C   51 0.944
    93  H   0.996    C   52 0.945
    94  H   0.997    C   53 0.942
 
 --------------------------------------------
          xTB calculation for sTDA...
 --------------------------------------------
 
 reading parameter file /home/penavora/Exe_xtb_crest/.param_stda2.xtb
 
      method parameters     
 k(s)        :  1.6000
 k(p)        :  2.1800
 k(d)        :  1.9500
 k(f)        :  2.0000
 k(R-V)      :  2.2750
 k(R-R)      :  1.7650
 Tscal       :  0.2580
 Gscal       :  1.0000
 fpol        :  1.0000
 Zcnf        :  0.3430
 Zqf         :  0.0000
 kcn         :  2.7000
 Ryd Hsplit  :  0.7000
 lshift(virt):  3.1000
 lshift(OS)  :  0.2000
 wllscaling  :  2.6000
 
 mowrcut     : 3.000
 
  Z AO/shell   Hii/eV     exponent
  1     Sun Feb 14 09:53:25 CET 2016    EN: 2.327 GAM: 0.473  GM3: 0.0000
     1s    -14.339618    1.220000
     2sp    -3.348946    0.600000
  6     Sun Feb 14 09:53:25 CET 2016    EN: 2.731 GAM: 0.422  GM3: 0.0000
     2s    -22.009312    1.565095
     2p    -13.020408    1.596905
     3sp    -3.914040    0.824500
  7     Sun Feb 14 09:53:25 CET 2016    EN: 3.573 GAM: 0.504  GM3: 0.0000
     2s    -25.722000    2.064844
     2p    -18.684912    1.801692
     3sp    -4.344791    0.921400
  8     Sun Feb 14 09:53:25 CET 2016    EN: 3.700 GAM: 0.587  GM3: 0.0000
     2s    -33.859000    2.418661
     2p    -22.175911    1.973969
     3sp    -4.259392    1.013700
 
 Nbf   :          632
 T(el) :     0.0
 calculating S/T integrals ...
 cpu time for ints    7.12798500000000     
 Nao   :          632
 making H0...
 making H1...
 cpu time for H       1.16026100000000     
 solving ...
 cpu time for diag    2.97588800000000     
 
 gap (eV)           :   5.496
 Koopmans IP (eV)   :  13.320
 Eel (Eh)           :  -225.111694

          eigenvalues
 #    :         119        120        121        122        123        124        125        126
 occ. :        2.000      2.000      2.000      2.000      2.000      2.000      2.000      2.000
 eps  :       -16.420    -16.331    -16.252    -16.184    -16.150    -15.865    -15.855    -15.784
 #    :         127        128        129        130        131        132        133        134
 occ. :        2.000      2.000      2.000      2.000      2.000      0.000      0.000      0.000
 eps  :       -15.690    -15.583    -15.550    -13.395    -13.321     -7.824     -7.408     -6.155
 #    :         135        136        137        138        139        140        141        142
 occ. :        0.000      0.000      0.000      0.000      0.000      0.000      0.000      0.000
 eps  :        -6.114     -5.994     -5.933     -5.584     -5.559     -5.517     -5.505     -5.388
                            1  SCC done.
 writing mo output ...
 molden style : F
 
speedup 18.96
cpu  time for all   18.75 s
wall time for all    0.99 s
