 
        ______________________________________
       |                                      |
       |          ===================         |
       |             xTB for sTDA             |
       |          ===================         |
       |               S. Grimme              |
       |        Universitaet Bonn, MCTC       |
       |         2015-19, Version 1.0         |
       |     Wed Apr  3 09:14:55 CEST 2019    |
       |______________________________________|
 
        This code comes without any warranty
        for non-commercial, academia use only.
        Preliminary test version.
        Cite this work as:
        S. Grimme  &  C. Bannwarth, JCP 145 (2016) 054103
        if GBSA is used additionally:
        P. Shushkov, F. März, C. Bannwarth, S. Grimme, unpublished.
 
        with help from
        P. Shushkov, G. Brandenburg, S. Dohm, J. Pisarek,
        F. März, M. Checinski, S. Ehrlich, S. Spicher, 
        P. Pracht, E. Caldeweyher, S. Ehlert, and C. Bannwarth.
 
        usage        :
        xtb4stda <coord_file> [options]
        where <coord_file> is a valid file of TM)
        (*coord, Bohr) or xmol (*xyz, Angstroem)
        format.

        options:
        -chrg <int>   : molecular charge
        -uhf  <int>   : # of unpaired electrons(=2*S)
        -nox          : skip second, extended part in sTDA-xTB
        -pop          : do population analysis
                      : (default for -nox)
        -mowr <real>  : cut MO write above (def.3 Eh)
        -molden       : write formatted molden file
        -parx <file>  : read parameters for sTDA-xTB
                        calc (def:~/.param_stda2.xtb)
        -parv <file>  : read parameters for vTB part in
                        sTDA-xTB (def: ~/.param_stda1.xtb)
        -xtemp <real> : el. temp for xTB (def. 0 K)
        -etemp <real> : el. temp for GFN (def. 300 K)
        -fod          : calculate the FOD and write
                        molden.input file with
                        appropriate occupations
                        for plotting. Def. T=12500 K
 
        -acc <real>   : xTB accuracy (def. 1.0)
        -gbsa [string1] [string2]
                        use GBSA implicit solvent
                        for solvent [string1] and
                        solvation state [string2]=
                        reference, bar1M (default=1M)
        additional GFN/opt/MD/siman options read from
        $XTB4STDAHOME/.xtb4stdarc or $set in input
 
       spin and charge state information can be on:
       <.CHRG> (charge) and <.UHF> (=nalpha-nbeta)
       -uhf and -chrg override the file info.
       useful machine settings:
       setenv MKL_NUM_THREADS <NCORE_ON_YOUR_MACHINE>
       setenv OMP_STACKSIZE 500m
       limit stacksize unlimited
 
       total energies in Eh, gaps/HL energies in eV
       please read REVISION and HOWTO files carefully
 =============================
  # OMP threads =          48
 =============================
 
 xtb4stdahome directory:/home/penavora/Exe_xtb_crest/
 
 
 name of molecule           :
 comment line               :
 number of atoms            :    62
 number of electrons        :   178
 charge                     :  0
 spin                       : 0.0
 first test random number   :  0.9697
 
 -----------------------------------------
      charge density (VTB) calculation
 -----------------------------------------
 
      method parameters     
 k(s)        :  1.8000
 k(p)        :  2.8350
 k(d)        :  2.0860
 k(f)        :  2.0000
 Tscal       :  0.3300
 Gscal       :  0.3910
 fpol        :  1.0000
 Zcnf        :  0.6500
 Zqf         :  0.0000
 kcn         :  0.3000
 kEN1        : -0.5900
 wllscal     :  2.6000
 
     -------------------------
     ! NO SOLVENT MODEL USED !
     -------------------------
 
 doing EN charges ...
 sum q :  0.4440892D-15
 point charge moment (au)
     X       Y       Z   
  -0.0002   0.1522  -0.0017  total (Debye):    0.387
 
            Z      q(EN)   CN      Cart. coordinates
     1  C   4.0  -0.071   3.145     4.73588    -6.83691     2.77368
     2  C   4.0  -0.073   3.181     2.30939    -6.97072     1.80777
     3  C   4.0  -0.004   3.228     1.30074    -4.92658     0.49721
     4  C   4.0  -0.004   3.228    -1.30031    -4.92732    -0.48220
     5  C   4.0  -0.073   3.181    -2.30632    -6.97133    -1.79500
     6  C   4.0  -0.071   3.145    -4.73136    -6.83778    -2.76455
     7  C   4.0  -0.070   3.183    -6.18130    -4.68443    -2.45383
     8  C   4.0   0.093   3.240    -5.21213    -2.64752    -1.09879
     9  N   5.0  -0.323   3.314    -6.62794    -0.44310    -0.73350
    10  C   4.0   0.088   3.465    -9.10135    -0.31209     0.09361
    11  C   4.0  -0.063   3.155   -10.75732    -2.23962     0.73981
    12  C   4.0  -0.073   3.152   -13.14409    -1.57455     1.56440
    13  C   4.0  -0.073   3.145   -13.87806     0.94514     1.76641
    14  C   4.0  -0.067   3.153   -12.22124     2.87287     1.18072
    15  C   4.0  -0.000   3.375    -9.81182     2.25114     0.34846
    16  C   4.0  -0.000   3.374    -7.64593     3.72831    -0.35280
    17  C   4.0  -0.067   3.153    -7.19044     6.30967    -0.48248
    18  C   4.0  -0.073   3.146    -4.84053     7.12825    -1.26554
    19  C   4.0  -0.073   3.152    -2.97337     5.40860    -1.96255
    20  C   4.0  -0.063   3.157    -3.38882     2.83316    -1.85990
    21  C   4.0   0.087   3.469    -5.72204     1.99377    -1.00427
    22  C   4.0  -0.071   3.245    -2.78551    -2.79427    -0.10841
    23  C   4.0  -0.071   3.245     2.78459    -2.79275     0.12241
    24  C   4.0   0.092   3.240     5.21328    -2.64650     1.10762
    25  N   5.0  -0.323   3.314     6.62939    -0.44291     0.73772
    26  C   4.0   0.088   3.465     9.09811    -0.31417    -0.10345
    27  C   4.0  -0.063   3.155    10.74904    -2.24356    -0.75687
    28  C   4.0  -0.073   3.152    13.13140    -1.58095    -1.59602
    29  C   4.0  -0.073   3.145    13.86573     0.93809    -1.80496
    30  C   4.0  -0.067   3.153    12.21375     2.86757    -1.21138
    31  C   4.0  -0.000   3.375     9.80875     2.24838    -0.36454
    32  C   4.0  -0.000   3.374     7.64774     3.72748     0.34771
    33  C   4.0  -0.067   3.153     7.19431     6.30918     0.47813
    34  C   4.0  -0.073   3.146     4.84933     7.12949     1.27409
    35  C   4.0  -0.073   3.152     2.98497     5.41137     1.98240
    36  C   4.0  -0.063   3.157     3.39824     2.83561     1.87874
    37  C   4.0   0.087   3.469     5.72644     1.99461     1.01118
    38  C   4.0  -0.070   3.183     6.18525    -4.68353     2.46037
    39  H   1.0   0.074   1.004     5.49925    -8.41782     3.81485
    40  H   1.0   0.075   1.005     1.17424    -8.63904     2.10885
    41  H   1.0   0.075   1.005    -1.17012    -8.63907    -2.09532
    42  H   1.0   0.074   1.004    -5.49281    -8.41859    -3.80730
    43  H   1.0   0.076   1.005    -8.04205    -4.56188    -3.27933
    44  H   1.0   0.075   1.005   -10.19979    -4.19883     0.63277
    45  H   1.0   0.074   1.004   -14.46787    -3.04325     2.07116
    46  H   1.0   0.074   1.004   -15.76321     1.38667     2.41090
    47  H   1.0   0.074   1.004   -12.77475     4.82726     1.37110
    48  H   1.0   0.074   1.004    -8.65256     7.64112     0.01934
    49  H   1.0   0.074   1.004    -4.44223     9.12725    -1.36419
    50  H   1.0   0.074   1.005    -1.16077     6.09853    -2.59891
    51  H   1.0   0.076   1.005    -1.94183     1.52633    -2.45850
    52  H   1.0   0.077   1.007    -2.06987    -1.24509     1.00920
    53  H   1.0   0.077   1.007     2.06673    -1.24280    -0.99273
    54  H   1.0   0.075   1.005    10.19074    -4.20224    -0.64406
    55  H   1.0   0.074   1.004    14.45130    -3.05103    -2.10885
    56  H   1.0   0.074   1.004    15.74727     1.37770    -2.46123
    57  H   1.0   0.074   1.004    12.76748     4.82136    -1.40721
    58  H   1.0   0.074   1.004     8.65426     7.63958    -0.03271
    59  H   1.0   0.074   1.004     4.45282     9.12878     1.37399
    60  H   1.0   0.074   1.005     1.17640     6.10290     2.62839
    61  H   1.0   0.075   1.005     1.95375     1.52958     2.48519
    62  H   1.0   0.076   1.005     8.04790    -4.56110     3.28165
 
  Z AO/shell   Hii/eV     exponent
  1     Sat Feb 20 21:38:01 CET 2016    EN: 2.327 GAM: 0.473  GM3: 0.0000
     1s    -13.751157    1.051071
  6     Sat Feb 20 21:38:01 CET 2016    EN: 2.731 GAM: 0.422  GM3: 0.0000
     2s    -19.378245    2.021003
     2p    -11.993376    1.497917
  7     Sat Feb 20 21:38:01 CET 2016    EN: 3.573 GAM: 0.504  GM3: 0.0000
     2s    -21.576984    2.275442
     2p    -16.125120    2.056788
 
 dipole moment of classical point charges (au)
     X       Y       Z   
  -0.0002   0.1522  -0.0017  total (Debye):    0.387

 
 Nbf   :          176
 T(el) :   300.0
 calculating S/T integrals ...
 cpu time for ints    1.38855500000000     
 Nao   :          176
 making H0...
 making H1...
 cpu time for H      8.738600000000019E-002
 solving ...
 cpu time for diag   0.748989000000000     
 
 gap (eV)           :   6.486
 Koopmans IP (eV)   :  13.386
 Eel (Eh)           :  -140.009036
 T,E(Fermi),NFOD :    300.000   -10.143  0.000000
 T,E(Fermi),NFOD :    300.000   -10.143  0.000000
 Nfod               :  0.0000
 Nfod/Nel           :  0.0000

          eigenvalues
 #    :          77         78         79         80         81         82         83         84
 occ. :        2.000      2.000      2.000      2.000      2.000      2.000      2.000      2.000
 eps  :       -17.302    -16.557    -16.551    -16.123    -15.554    -15.548    -15.473    -15.461
 #    :          85         86         87         88         89         90         91         92
 occ. :        2.000      2.000      2.000      2.000      2.000      0.000      0.000      0.000
 eps  :       -14.697    -14.113    -14.101    -13.413    -13.387     -6.900     -6.899     -6.798
 #    :          93         94         95         96         97         98         99        100
 occ. :        0.000      0.000      0.000      0.000      0.000      0.000      0.000      0.000
 eps  :        -6.235     -5.811     -5.608     -5.555     -5.359     -5.328     -4.893     -4.888
                            1  SCC done.
 making H1...
 cpu time for H      0.820244000000000     
 solving ...
 cpu time for diag    1.51517200000000     
 
 gap (eV)           :   6.448
 Koopmans IP (eV)   :  13.280
 Eel (Eh)           :  -139.584544
 T,E(Fermi),NFOD :    300.000   -10.056  0.000000
 T,E(Fermi),NFOD :    300.000   -10.056  0.000000
 Nfod               :  0.0000
 Nfod/Nel           :  0.0000

          eigenvalues
 #    :          77         78         79         80         81         82         83         84
 occ. :        2.000      2.000      2.000      2.000      2.000      2.000      2.000      2.000
 eps  :       -17.227    -16.397    -16.394    -16.132    -15.479    -15.466    -15.417    -15.412
 #    :          85         86         87         88         89         90         91         92
 occ. :        2.000      2.000      2.000      2.000      2.000      0.000      0.000      0.000
 eps  :       -14.691    -13.989    -13.977    -13.304    -13.281     -6.833     -6.761     -6.732
 #    :          93         94         95         96         97         98         99        100
 occ. :        0.000      0.000      0.000      0.000      0.000      0.000      0.000      0.000
 eps  :        -6.240     -5.794     -5.596     -5.534     -5.244     -5.222     -4.784     -4.780
                            2  SCC done.
 
 
 Mulliken/CM5 charges    n(s)   n(p)   n(d)   
    1 C  -0.0281 -0.0841   1.135  2.893  0.000
    2 C  -0.0416 -0.0951   1.138  2.904  0.000
    3 C   0.0041 -0.0049   1.166  2.830  0.000
    4 C   0.0041 -0.0049   1.166  2.830  0.000
    5 C  -0.0416 -0.0951   1.138  2.904  0.000
    6 C  -0.0281 -0.0841   1.135  2.893  0.000
    7 C  -0.0370 -0.0859   1.137  2.900  0.000
    8 C   0.0628  0.1188   1.171  2.766  0.000
    9 N  -0.0931 -0.3380   1.235  3.858  0.000
   10 C   0.0357  0.0987   1.183  2.781  0.000
   11 C  -0.0447 -0.0941   1.135  2.910  0.000
   12 C  -0.0400 -0.0960   1.135  2.905  0.000
   13 C  -0.0486 -0.1048   1.132  2.917  0.000
   14 C  -0.0365 -0.0893   1.138  2.899  0.000
   15 C  -0.0283 -0.0254   1.166  2.863  0.000
   16 C  -0.0286 -0.0258   1.166  2.863  0.000
   17 C  -0.0369 -0.0897   1.138  2.899  0.000
   18 C  -0.0488 -0.1050   1.132  2.917  0.000
   19 C  -0.0398 -0.0961   1.135  2.905  0.000
   20 C  -0.0448 -0.0946   1.136  2.909  0.000
   21 C   0.0351  0.0977   1.183  2.782  0.000
   22 C  -0.0443 -0.0904   1.143  2.901  0.000
   23 C  -0.0443 -0.0904   1.143  2.901  0.000
   24 C   0.0628  0.1188   1.171  2.766  0.000
   25 N  -0.0932 -0.3380   1.235  3.858  0.000
   26 C   0.0357  0.0987   1.183  2.781  0.000
   27 C  -0.0447 -0.0941   1.135  2.910  0.000
   28 C  -0.0400 -0.0960   1.135  2.905  0.000
   29 C  -0.0486 -0.1048   1.132  2.917  0.000
   30 C  -0.0365 -0.0893   1.138  2.899  0.000
   31 C  -0.0283 -0.0254   1.166  2.863  0.000
   32 C  -0.0286 -0.0258   1.166  2.863  0.000
   33 C  -0.0369 -0.0897   1.138  2.899  0.000
   34 C  -0.0488 -0.1050   1.132  2.917  0.000
   35 C  -0.0398 -0.0961   1.135  2.905  0.000
   36 C  -0.0448 -0.0946   1.136  2.909  0.000
   37 C   0.0351  0.0977   1.183  2.782  0.000
   38 C  -0.0369 -0.0859   1.137  2.900  0.000
   39 H   0.0460  0.1026   0.954  0.000  0.000
   40 H   0.0404  0.0984   0.960  0.000  0.000
   41 H   0.0404  0.0984   0.960  0.000  0.000
   42 H   0.0460  0.1026   0.954  0.000  0.000
   43 H   0.0422  0.1030   0.958  0.000  0.000
   44 H   0.0407  0.1006   0.959  0.000  0.000
   45 H   0.0430  0.0996   0.957  0.000  0.000
   46 H   0.0400  0.0966   0.960  0.000  0.000
   47 H   0.0421  0.0993   0.958  0.000  0.000
   48 H   0.0419  0.0991   0.958  0.000  0.000
   49 H   0.0398  0.0964   0.960  0.000  0.000
   50 H   0.0444  0.1013   0.956  0.000  0.000
   51 H   0.0418  0.1021   0.958  0.000  0.000
   52 H   0.0411  0.1049   0.959  0.000  0.000
   53 H   0.0411  0.1048   0.959  0.000  0.000
   54 H   0.0407  0.1006   0.959  0.000  0.000
   55 H   0.0430  0.0996   0.957  0.000  0.000
   56 H   0.0400  0.0966   0.960  0.000  0.000
   57 H   0.0420  0.0993   0.958  0.000  0.000
   58 H   0.0419  0.0991   0.958  0.000  0.000
   59 H   0.0398  0.0964   0.960  0.000  0.000
   60 H   0.0444  0.1013   0.956  0.000  0.000
   61 H   0.0417  0.1021   0.958  0.000  0.000
   62 H   0.0422  0.1029   0.958  0.000  0.000
 Hirshfeld charges for QMDFF written to <charges>
 
 Loewdin charges    n(s)   n(p)   n(d)
    1 C  -0.0188   1.080  2.939  0.000
    2 C  -0.0381   1.085  2.953  0.000
    3 C   0.0109   1.121  2.868  0.000
    4 C   0.0108   1.121  2.868  0.000
    5 C  -0.0381   1.085  2.953  0.000
    6 C  -0.0189   1.080  2.939  0.000
    7 C  -0.0348   1.084  2.951  0.000
    8 C   0.0600   1.134  2.807  0.000
    9 N  -0.0512   1.192  3.859  0.000
   10 C   0.0296   1.148  2.822  0.000
   11 C  -0.0428   1.083  2.960  0.000
   12 C  -0.0316   1.080  2.952  0.000
   13 C  -0.0426   1.078  2.965  0.000
   14 C  -0.0308   1.084  2.947  0.000
   15 C  -0.0282   1.124  2.904  0.000
   16 C  -0.0285   1.124  2.904  0.000
   17 C  -0.0311   1.084  2.947  0.000
   18 C  -0.0427   1.078  2.965  0.000
   19 C  -0.0315   1.080  2.951  0.000
   20 C  -0.0430   1.084  2.959  0.000
   21 C   0.0292   1.148  2.822  0.000
   22 C  -0.0453   1.092  2.953  0.000
   23 C  -0.0453   1.092  2.953  0.000
   24 C   0.0600   1.134  2.807  0.000
   25 N  -0.0513   1.192  3.859  0.000
   26 C   0.0296   1.148  2.822  0.000
   27 C  -0.0428   1.083  2.960  0.000
   28 C  -0.0316   1.080  2.952  0.000
   29 C  -0.0426   1.078  2.965  0.000
   30 C  -0.0308   1.084  2.947  0.000
   31 C  -0.0282   1.124  2.904  0.000
   32 C  -0.0285   1.124  2.904  0.000
   33 C  -0.0311   1.084  2.947  0.000
   34 C  -0.0428   1.078  2.965  0.000
   35 C  -0.0315   1.080  2.951  0.000
   36 C  -0.0430   1.084  2.959  0.000
   37 C   0.0292   1.148  2.822  0.000
   38 C  -0.0347   1.084  2.950  0.000
   39 H   0.0378   0.962  0.000  0.000
   40 H   0.0328   0.967  0.000  0.000
   41 H   0.0328   0.967  0.000  0.000
   42 H   0.0378   0.962  0.000  0.000
   43 H   0.0343   0.966  0.000  0.000
   44 H   0.0331   0.967  0.000  0.000
   45 H   0.0354   0.965  0.000  0.000
   46 H   0.0328   0.967  0.000  0.000
   47 H   0.0340   0.966  0.000  0.000
   48 H   0.0339   0.966  0.000  0.000
   49 H   0.0327   0.967  0.000  0.000
   50 H   0.0366   0.963  0.000  0.000
   51 H   0.0343   0.966  0.000  0.000
   52 H   0.0335   0.966  0.000  0.000
   53 H   0.0335   0.967  0.000  0.000
   54 H   0.0331   0.967  0.000  0.000
   55 H   0.0354   0.965  0.000  0.000
   56 H   0.0328   0.967  0.000  0.000
   57 H   0.0340   0.966  0.000  0.000
   58 H   0.0339   0.966  0.000  0.000
   59 H   0.0327   0.967  0.000  0.000
   60 H   0.0366   0.963  0.000  0.000
   61 H   0.0343   0.966  0.000  0.000
   62 H   0.0343   0.966  0.000  0.000
 
 Wiberg/Mayer (AO) data. WBOs > 0.1 written file <wbo>
 largest (>0.05) Wiberg bond orders for each atom
           total WBO             WBO to atom ...
     1  C   3.971    C    2 1.436    C   38 1.432    H   39 0.943    C   23 0.104
     2  C   3.969    C    1 1.436    C    3 1.373    H   40 0.945    C   24 0.103
     3  C   3.955    C   23 1.379    C    2 1.373    C    4 0.994    C   38 0.103
     4  C   3.955    C   22 1.379    C    5 1.373    C    3 0.994    C    7 0.103
     5  C   3.969    C    6 1.436    C    4 1.373    H   41 0.945    C    8 0.103
     6  C   3.971    C    5 1.436    C    7 1.433    H   42 0.943    C   22 0.104
     7  C   3.965    C    6 1.433    C    8 1.377    H   43 0.945    C    4 0.103
     8  C   3.931    C   22 1.392    C    7 1.377    N    9 0.978    C    5 0.103
     9  N   3.452    C   10 1.056    C   21 1.055    C    8 0.978
    10  C   3.928    C   11 1.370    C   15 1.265    N    9 1.056    C   13 0.091
    11  C   3.968    C   12 1.451    C   10 1.370    H   44 0.943    C   14 0.103
    12  C   3.953    C   11 1.451    C   13 1.395    H   45 0.945    C   15 0.090
    13  C   3.969    C   14 1.460    C   12 1.395    H   46 0.945    C   10 0.091
    14  C   3.961    C   13 1.460    C   15 1.354    H   47 0.945    C   11 0.103
    15  C   3.955    C   14 1.354    C   10 1.265    C   16 1.088    C   12 0.090
    16  C   3.955    C   17 1.353    C   21 1.266    C   15 1.088    C   19 0.090
    17  C   3.961    C   18 1.461    C   16 1.353    H   48 0.945    C   20 0.103
    18  C   3.969    C   17 1.461    C   19 1.394    H   49 0.945    C   21 0.091
    19  C   3.953    C   20 1.452    C   18 1.394    H   50 0.944    C   16 0.090
    20  C   3.968    C   19 1.452    C   21 1.369    H   51 0.943    C   17 0.103
    21  C   3.928    C   20 1.369    C   16 1.266    N    9 1.055    C   18 0.091
    22  C   3.967    C    8 1.392    C    4 1.379    H   52 0.944    C    6 0.104
    23  C   3.967    C   24 1.392    C    3 1.379    H   53 0.944    C    1 0.104
    24  C   3.931    C   23 1.392    C   38 1.378    N   25 0.978    C    2 0.103
    25  N   3.452    C   26 1.056    C   37 1.055    C   24 0.978
    26  C   3.928    C   27 1.370    C   31 1.265    N   25 1.056    C   29 0.091
    27  C   3.968    C   28 1.451    C   26 1.370    H   54 0.943    C   30 0.103
    28  C   3.953    C   27 1.451    C   29 1.395    H   55 0.945    C   31 0.090
    29  C   3.969    C   30 1.460    C   28 1.395    H   56 0.945    C   26 0.091
    30  C   3.961    C   29 1.460    C   31 1.354    H   57 0.945    C   27 0.103
    31  C   3.955    C   30 1.354    C   26 1.265    C   32 1.088    C   28 0.090
    32  C   3.955    C   33 1.353    C   37 1.266    C   31 1.088    C   35 0.090
    33  C   3.961    C   34 1.461    C   32 1.353    H   58 0.945    C   36 0.103
    34  C   3.969    C   33 1.461    C   35 1.394    H   59 0.945    C   37 0.091
    35  C   3.953    C   36 1.452    C   34 1.394    H   60 0.944    C   32 0.090
    36  C   3.968    C   35 1.452    C   37 1.369    H   61 0.943    C   33 0.103
    37  C   3.928    C   36 1.369    C   32 1.266    N   25 1.055    C   34 0.091
    38  C   3.965    C    1 1.432    C   24 1.378    H   62 0.945    C    3 0.103
    39  H   0.995    C    1 0.943
    40  H   0.998    C    2 0.945
    41  H   0.998    C    5 0.945
    42  H   0.995    C    6 0.943
    43  H   0.996    C    7 0.945
    44  H   0.997    C   11 0.943
    45  H   0.997    C   12 0.945
    46  H   0.997    C   13 0.945
    47  H   0.997    C   14 0.945
    48  H   0.997    C   17 0.945
    49  H   0.997    C   18 0.945
    50  H   0.997    C   19 0.944
    51  H   0.997    C   20 0.943
    52  H   0.998    C   22 0.944
    53  H   0.998    C   23 0.944
    54  H   0.997    C   27 0.943
    55  H   0.997    C   28 0.945
    56  H   0.997    C   29 0.945
    57  H   0.997    C   30 0.945
    58  H   0.997    C   33 0.945
    59  H   0.997    C   34 0.945
    60  H   0.997    C   35 0.944
    61  H   0.997    C   36 0.943
    62  H   0.996    C   38 0.945
 
 --------------------------------------------
          xTB calculation for sTDA...
 --------------------------------------------
 
 reading parameter file /home/penavora/Exe_xtb_crest/.param_stda2.xtb
 
      method parameters     
 k(s)        :  1.6000
 k(p)        :  2.1800
 k(d)        :  1.9500
 k(f)        :  2.0000
 k(R-V)      :  2.2750
 k(R-R)      :  1.7650
 Tscal       :  0.2580
 Gscal       :  1.0000
 fpol        :  1.0000
 Zcnf        :  0.3430
 Zqf         :  0.0000
 kcn         :  2.7000
 Ryd Hsplit  :  0.7000
 lshift(virt):  3.1000
 lshift(OS)  :  0.2000
 wllscaling  :  2.6000
 
 mowrcut     : 3.000
 
  Z AO/shell   Hii/eV     exponent
  1     Sun Feb 14 09:53:25 CET 2016    EN: 2.327 GAM: 0.473  GM3: 0.0000
     1s    -14.339618    1.220000
     2sp    -3.348946    0.600000
  6     Sun Feb 14 09:53:25 CET 2016    EN: 2.731 GAM: 0.422  GM3: 0.0000
     2s    -22.009312    1.565095
     2p    -13.020408    1.596905
     3sp    -3.914040    0.824500
  7     Sun Feb 14 09:53:25 CET 2016    EN: 3.573 GAM: 0.504  GM3: 0.0000
     2s    -25.722000    2.064844
     2p    -18.684912    1.801692
     3sp    -4.344791    0.921400
 
 Nbf   :          424
 T(el) :     0.0
 calculating S/T integrals ...
 cpu time for ints    5.59460400000000     
 Nao   :          424
 making H0...
 making H1...
 cpu time for H      5.207000000000406E-003
 solving ...
 cpu time for diag   0.331918000000000     
 
 gap (eV)           :   7.445
 Koopmans IP (eV)   :  14.212
 Eel (Eh)           :  -153.764142

          eigenvalues
 #    :          77         78         79         80         81         82         83         84
 occ. :        2.000      2.000      2.000      2.000      2.000      2.000      2.000      2.000
 eps  :       -18.130    -17.009    -17.007    -16.902    -16.387    -16.375    -16.221    -16.217
 #    :          85         86         87         88         89         90         91         92
 occ. :        2.000      2.000      2.000      2.000      2.000      0.000      0.000      0.000
 eps  :       -15.731    -15.102    -15.089    -14.220    -14.214     -6.768     -6.621     -6.559
 #    :          93         94         95         96         97         98         99        100
 occ. :        0.000      0.000      0.000      0.000      0.000      0.000      0.000      0.000
 eps  :        -6.091     -6.053     -5.785     -5.774     -5.389     -5.200     -4.909     -4.877
                            1  SCC done.
 writing mo output ...
 molden style : F
 
speedup 21.51
cpu  time for all   12.46 s
wall time for all    0.58 s
