 
        ______________________________________
       |                                      |
       |          ===================         |
       |             xTB for sTDA             |
       |          ===================         |
       |               S. Grimme              |
       |        Universitaet Bonn, MCTC       |
       |         2015-19, Version 1.0         |
       |     Wed Apr  3 09:14:55 CEST 2019    |
       |______________________________________|
 
        This code comes without any warranty
        for non-commercial, academia use only.
        Preliminary test version.
        Cite this work as:
        S. Grimme  &  C. Bannwarth, JCP 145 (2016) 054103
        if GBSA is used additionally:
        P. Shushkov, F. März, C. Bannwarth, S. Grimme, unpublished.
 
        with help from
        P. Shushkov, G. Brandenburg, S. Dohm, J. Pisarek,
        F. März, M. Checinski, S. Ehrlich, S. Spicher, 
        P. Pracht, E. Caldeweyher, S. Ehlert, and C. Bannwarth.
 
        usage        :
        xtb4stda <coord_file> [options]
        where <coord_file> is a valid file of TM)
        (*coord, Bohr) or xmol (*xyz, Angstroem)
        format.

        options:
        -chrg <int>   : molecular charge
        -uhf  <int>   : # of unpaired electrons(=2*S)
        -nox          : skip second, extended part in sTDA-xTB
        -pop          : do population analysis
                      : (default for -nox)
        -mowr <real>  : cut MO write above (def.3 Eh)
        -molden       : write formatted molden file
        -parx <file>  : read parameters for sTDA-xTB
                        calc (def:~/.param_stda2.xtb)
        -parv <file>  : read parameters for vTB part in
                        sTDA-xTB (def: ~/.param_stda1.xtb)
        -xtemp <real> : el. temp for xTB (def. 0 K)
        -etemp <real> : el. temp for GFN (def. 300 K)
        -fod          : calculate the FOD and write
                        molden.input file with
                        appropriate occupations
                        for plotting. Def. T=12500 K
 
        -acc <real>   : xTB accuracy (def. 1.0)
        -gbsa [string1] [string2]
                        use GBSA implicit solvent
                        for solvent [string1] and
                        solvation state [string2]=
                        reference, bar1M (default=1M)
        additional GFN/opt/MD/siman options read from
        $XTB4STDAHOME/.xtb4stdarc or $set in input
 
       spin and charge state information can be on:
       <.CHRG> (charge) and <.UHF> (=nalpha-nbeta)
       -uhf and -chrg override the file info.
       useful machine settings:
       setenv MKL_NUM_THREADS <NCORE_ON_YOUR_MACHINE>
       setenv OMP_STACKSIZE 500m
       limit stacksize unlimited
 
       total energies in Eh, gaps/HL energies in eV
       please read REVISION and HOWTO files carefully
 =============================
  # OMP threads =          48
 =============================
 
 xtb4stdahome directory:/home/penavora/Exe_xtb_crest/
 
 
 name of molecule           :
 comment line               :
 number of atoms            :    62
 number of electrons        :   176
 charge                     :  0
 spin                       : 0.0
 first test random number   :  0.9181
 
 -----------------------------------------
      charge density (VTB) calculation
 -----------------------------------------
 
      method parameters     
 k(s)        :  1.8000
 k(p)        :  2.8350
 k(d)        :  2.0860
 k(f)        :  2.0000
 Tscal       :  0.3300
 Gscal       :  0.3910
 fpol        :  1.0000
 Zcnf        :  0.6500
 Zqf         :  0.0000
 kcn         :  0.3000
 kEN1        : -0.5900
 wllscal     :  2.6000
 
     -------------------------
     ! NO SOLVENT MODEL USED !
     -------------------------
 
 doing EN charges ...
 sum q :  0.4440892D-15
 point charge moment (au)
     X       Y       Z   
   0.0499   0.0313   0.0064  total (Debye):    0.150
 
            Z      q(EN)   CN      Cart. coordinates
     1  C   4.0  -0.068   3.113     4.08593    -8.42809     3.58343
     2  C   4.0  -0.009   3.096     1.94191    -8.62037     2.17577
     3  B   3.0  -0.188   3.198     0.81127    -6.24832     1.01453
     4  C   4.0   0.055   3.207     2.22943    -3.77163     1.54570
     5  C   4.0   0.002   3.291     1.31668    -1.53080     0.51009
     6  C   4.0   0.003   3.306    -1.20148    -1.41778    -0.48560
     7  C   4.0   0.093   3.316    -2.51675     0.85325    -0.18853
     8  C   4.0  -0.070   3.237    -5.19500     0.94875    -0.11117
     9  C   4.0  -0.002   3.217    -6.51437     3.08810     0.48850
    10  C   4.0  -0.005   3.222    -9.28075     3.11141     0.56705
    11  C   4.0  -0.074   3.190   -10.67374     1.72534    -1.18952
    12  C   4.0  -0.073   3.143   -13.28379     1.75238    -1.13419
    13  C   4.0  -0.074   3.144   -14.54902     3.15262     0.67992
    14  C   4.0  -0.073   3.143   -13.18517     4.52749     2.44031
    15  C   4.0  -0.074   3.188   -10.57417     4.51523     2.38290
    16  C   4.0  -0.068   3.173    -5.08974     5.28088     1.13049
    17  C   4.0   0.036   3.225    -2.53803     5.17888     1.09636
    18  N   5.0  -0.331   3.241    -1.23220     3.07881     0.37917
    19  C   4.0   0.090   3.327     1.39122     3.12026     0.16549
    20  C   4.0  -0.067   3.178     2.72556     5.36059    -0.23402
    21  C   4.0  -0.073   3.187     5.31690     5.33688    -0.45179
    22  C   4.0  -0.003   3.218     6.66120     3.06469    -0.36533
    23  C   4.0  -0.005   3.225     9.42120     3.02730    -0.65938
    24  C   4.0  -0.074   3.188    10.62188     4.62762    -2.37072
    25  C   4.0  -0.072   3.143    13.22053     4.58510    -2.63272
    26  C   4.0  -0.074   3.144    14.66372     2.95193    -1.18423
    27  C   4.0  -0.073   3.143    13.49004     1.35237     0.52254
    28  C   4.0  -0.074   3.190    10.89129     1.38394     0.78065
    29  C   4.0  -0.073   3.239     5.32632     0.83634    -0.03542
    30  C   4.0   0.002   3.283     2.70922     0.81448     0.30147
    31  C   4.0  -0.001   3.263    -2.35238    -3.66546    -1.54929
    32  C   4.0  -0.072   3.189    -4.19135    -3.46723    -3.44557
    33  C   4.0  -0.072   3.141    -5.27458    -5.59320    -4.48354
    34  C   4.0  -0.072   3.136    -4.52843    -7.97569    -3.66516
    35  C   4.0  -0.071   3.174    -2.62664    -8.18926    -1.89916
    36  C   4.0   0.052   3.204    -1.46455    -6.07548    -0.82060
    37  C   4.0  -0.068   3.153     4.39496    -3.84712     3.13362
    38  C   4.0  -0.071   3.125     5.26045    -6.07204     4.09278
    39  H   1.0   0.071   1.004     4.94516   -10.08790     4.42882
    40  H   1.0   0.072   1.003     1.12964   -10.49118     1.96856
    41  H   1.0   0.078   1.009    -6.18968    -0.80561    -0.38817
    42  H   1.0   0.075   1.005    -9.70090     0.65405    -2.62833
    43  H   1.0   0.074   1.004   -14.33755     0.67938    -2.51393
    44  H   1.0   0.074   1.004   -16.58883     3.17087     0.72285
    45  H   1.0   0.074   1.004   -14.16146     5.61241     3.86735
    46  H   1.0   0.075   1.005    -9.52967     5.56029     3.79118
    47  H   1.0   0.076   1.006    -6.02948     7.00221     1.67322
    48  H   1.0   0.078   1.007    -1.41647     6.77428     1.68359
    49  H   1.0   0.076   1.006     1.74028     7.13363    -0.44707
    50  H   1.0   0.075   1.005     6.31589     7.09534    -0.71751
    51  H   1.0   0.075   1.005     9.50700     5.88072    -3.53497
    52  H   1.0   0.074   1.004    14.12464     5.82863    -3.97615
    53  H   1.0   0.074   1.004    16.69421     2.92424    -1.38701
    54  H   1.0   0.074   1.004    14.60592     0.07589     1.65929
    55  H   1.0   0.075   1.005     9.99170     0.15025     2.13488
    56  H   1.0   0.078   1.008     6.30509    -0.94784    -0.14470
    57  H   1.0   0.075   1.006    -4.69300    -1.62789    -4.18589
    58  H   1.0   0.073   1.004    -6.67789    -5.40828    -5.95728
    59  H   1.0   0.073   1.004    -5.39796    -9.64344    -4.46263
    60  H   1.0   0.075   1.005    -1.98537   -10.04408    -1.33698
    61  H   1.0   0.073   1.006     5.29043    -2.10193     3.72714
    62  H   1.0   0.073   1.004     6.88117    -6.06300     5.34219
 
  Z AO/shell   Hii/eV     exponent
  1     Sat Feb 20 21:38:01 CET 2016    EN: 2.327 GAM: 0.473  GM3: 0.0000
     1s    -13.751157    1.051071
  5     Sat Feb 20 21:38:01 CET 2016    EN: 3.405 GAM: 0.339  GM3: 0.0000
     2s    -17.927409    2.170332
     2p     -8.538581    1.400095
  6     Sat Feb 20 21:38:01 CET 2016    EN: 2.731 GAM: 0.422  GM3: 0.0000
     2s    -19.378245    2.021003
     2p    -11.993376    1.497917
  7     Sat Feb 20 21:38:01 CET 2016    EN: 3.573 GAM: 0.504  GM3: 0.0000
     2s    -21.576984    2.275442
     2p    -16.125120    2.056788
 
 dipole moment of classical point charges (au)
     X       Y       Z   
   0.0499   0.0313   0.0064  total (Debye):    0.150

 
 Nbf   :          176
 T(el) :   300.0
 calculating S/T integrals ...
 cpu time for ints   0.831569000000000     
 Nao   :          176
 making H0...
 making H1...
 cpu time for H      5.848800000000010E-002
 solving ...
 cpu time for diag   0.553122000000000     
 
 gap (eV)           :   3.560
 Koopmans IP (eV)   :  12.792
 Eel (Eh)           :  -138.081354
 T,E(Fermi),NFOD :    300.000   -11.012  0.000000
 T,E(Fermi),NFOD :    300.000   -11.012  0.000000
 Nfod               :  0.0000
 Nfod/Nel           :  0.0000

          eigenvalues
 #    :          76         77         78         79         80         81         82         83
 occ. :        2.000      2.000      2.000      2.000      2.000      2.000      2.000      2.000
 eps  :       -17.079    -16.817    -16.345    -15.956    -15.806    -15.613    -15.579    -15.578
 #    :          84         85         86         87         88         89         90         91
 occ. :        2.000      2.000      2.000      2.000      2.000      0.000      0.000      0.000
 eps  :       -15.426    -15.114    -14.299    -13.852    -12.793     -9.233     -8.220     -7.826
 #    :          92         93         94         95         96         97         98         99
 occ. :        0.000      0.000      0.000      0.000      0.000      0.000      0.000      0.000
 eps  :        -6.808     -6.521     -5.833     -5.631     -5.447     -5.378     -5.306     -5.101
                            1  SCC done.
 making H1...
 cpu time for H      0.611953000000000     
 solving ...
 cpu time for diag   0.444831000000000     
 
 gap (eV)           :   2.908
 Koopmans IP (eV)   :  12.407
 Eel (Eh)           :  -138.000811
 T,E(Fermi),NFOD :    300.000   -10.953  0.000000
 T,E(Fermi),NFOD :    300.000   -10.953  0.000000
 Nfod               :  0.0000
 Nfod/Nel           :  0.0000

          eigenvalues
 #    :          76         77         78         79         80         81         82         83
 occ. :        2.000      2.000      2.000      2.000      2.000      2.000      2.000      2.000
 eps  :       -16.590    -16.365    -16.215    -16.108    -15.738    -15.583    -15.509    -15.363
 #    :          84         85         86         87         88         89         90         91
 occ. :        2.000      2.000      2.000      2.000      2.000      0.000      0.000      0.000
 eps  :       -15.237    -15.055    -14.426    -13.463    -12.409     -9.500     -8.147     -7.517
 #    :          92         93         94         95         96         97         98         99
 occ. :        0.000      0.000      0.000      0.000      0.000      0.000      0.000      0.000
 eps  :        -6.653     -6.318     -5.777     -5.574     -5.499     -5.424     -5.311     -5.297
                            2  SCC done.
 
 
 Mulliken/CM5 charges    n(s)   n(p)   n(d)   
    1 C  -0.0426 -0.0922   1.146  2.897  0.000
    2 C  -0.1268 -0.1102   1.194  2.933  0.000
    3 B  -0.0731 -0.3166   1.166  1.907  0.000
    4 C  -0.1128 -0.0503   1.227  2.886  0.000
    5 C   0.0279  0.0338   1.193  2.779  0.000
    6 C  -0.0162 -0.0107   1.168  2.849  0.000
    7 C   0.0906  0.1517   1.196  2.713  0.000
    8 C  -0.0217 -0.0679   1.142  2.880  0.000
    9 C   0.0225  0.0155   1.176  2.802  0.000
   10 C   0.0008 -0.0083   1.162  2.837  0.000
   11 C  -0.0334 -0.0873   1.141  2.892  0.000
   12 C  -0.0263 -0.0826   1.135  2.891  0.000
   13 C  -0.0261 -0.0826   1.137  2.890  0.000
   14 C  -0.0277 -0.0840   1.135  2.892  0.000
   15 C  -0.0360 -0.0898   1.141  2.896  0.000
   16 C  -0.0361 -0.0846   1.134  2.902  0.000
   17 C   0.0541  0.0705   1.153  2.793  0.000
   18 N  -0.0425 -0.2935   1.259  3.784  0.000
   19 C   0.0499  0.1105   1.178  2.772  0.000
   20 C  -0.0445 -0.0938   1.136  2.908  0.000
   21 C  -0.0294 -0.0830   1.140  2.889  0.000
   22 C   0.0033 -0.0058   1.166  2.831  0.000
   23 C  -0.0009 -0.0102   1.165  2.836  0.000
   24 C  -0.0411 -0.0948   1.140  2.901  0.000
   25 C  -0.0340 -0.0903   1.136  2.898  0.000
   26 C  -0.0336 -0.0901   1.136  2.898  0.000
   27 C  -0.0308 -0.0871   1.136  2.895  0.000
   28 C  -0.0349 -0.0888   1.141  2.894  0.000
   29 C  -0.0230 -0.0743   1.147  2.876  0.000
   30 C   0.0079  0.0087   1.172  2.820  0.000
   31 C  -0.0041 -0.0035   1.174  2.830  0.000
   32 C  -0.0558 -0.1100   1.145  2.911  0.000
   33 C  -0.0436 -0.0999   1.137  2.906  0.000
   34 C  -0.0392 -0.0952   1.136  2.903  0.000
   35 C  -0.0311 -0.0794   1.143  2.888  0.000
   36 C  -0.0724 -0.0123   1.238  2.834  0.000
   37 C  -0.0641 -0.1124   1.151  2.913  0.000
   38 C  -0.0585 -0.1124   1.129  2.930  0.000
   39 H   0.0345  0.0905   0.966  0.000  0.000
   40 H   0.0237  0.0834   0.976  0.000  0.000
   41 H   0.0669  0.1305   0.933  0.000  0.000
   42 H   0.0392  0.0977   0.961  0.000  0.000
   43 H   0.0414  0.0979   0.959  0.000  0.000
   44 H   0.0408  0.0973   0.959  0.000  0.000
   45 H   0.0409  0.0974   0.959  0.000  0.000
   46 H   0.0377  0.0959   0.962  0.000  0.000
   47 H   0.0614  0.1202   0.939  0.000  0.000
   48 H   0.0706  0.1399   0.929  0.000  0.000
   49 H   0.0440  0.1046   0.956  0.000  0.000
   50 H   0.0484  0.1067   0.952  0.000  0.000
   51 H   0.0355  0.0937   0.964  0.000  0.000
   52 H   0.0385  0.0950   0.961  0.000  0.000
   53 H   0.0384  0.0949   0.962  0.000  0.000
   54 H   0.0400  0.0965   0.960  0.000  0.000
   55 H   0.0395  0.0979   0.960  0.000  0.000
   56 H   0.0580  0.1199   0.942  0.000  0.000
   57 H   0.0328  0.0923   0.967  0.000  0.000
   58 H   0.0367  0.0930   0.963  0.000  0.000
   59 H   0.0371  0.0934   0.963  0.000  0.000
   60 H   0.0417  0.1009   0.958  0.000  0.000
   61 H   0.0314  0.0907   0.969  0.000  0.000
   62 H   0.0266  0.0829   0.973  0.000  0.000
 Hirshfeld charges for QMDFF written to <charges>
 
 Loewdin charges    n(s)   n(p)   n(d)
    1 C  -0.0295   1.090  2.939  0.000
    2 C  -0.1058   1.134  2.971  0.000
    3 B  -0.1480   1.143  2.005  0.000
    4 C  -0.0970   1.179  2.918  0.000
    5 C   0.0360   1.149  2.815  0.000
    6 C  -0.0215   1.129  2.893  0.000
    7 C   0.0876   1.160  2.752  0.000
    8 C  -0.0237   1.092  2.932  0.000
    9 C   0.0320   1.130  2.838  0.000
   10 C   0.0058   1.118  2.876  0.000
   11 C  -0.0289   1.088  2.941  0.000
   12 C  -0.0187   1.081  2.938  0.000
   13 C  -0.0186   1.082  2.937  0.000
   14 C  -0.0201   1.080  2.940  0.000
   15 C  -0.0313   1.087  2.944  0.000
   16 C  -0.0355   1.082  2.954  0.000
   17 C   0.0512   1.107  2.842  0.000
   18 N   0.0128   1.210  3.777  0.000
   19 C   0.0429   1.143  2.814  0.000
   20 C  -0.0418   1.084  2.958  0.000
   21 C  -0.0240   1.086  2.938  0.000
   22 C   0.0083   1.122  2.870  0.000
   23 C   0.0049   1.121  2.874  0.000
   24 C  -0.0368   1.087  2.949  0.000
   25 C  -0.0261   1.081  2.945  0.000
   26 C  -0.0264   1.081  2.945  0.000
   27 C  -0.0229   1.081  2.942  0.000
   28 C  -0.0308   1.087  2.943  0.000
   29 C  -0.0210   1.096  2.925  0.000
   30 C   0.0085   1.130  2.862  0.000
   31 C   0.0018   1.131  2.868  0.000
   32 C  -0.0514   1.092  2.959  0.000
   33 C  -0.0354   1.083  2.953  0.000
   34 C  -0.0321   1.082  2.950  0.000
   35 C  -0.0238   1.089  2.935  0.000
   36 C  -0.0539   1.189  2.865  0.000
   37 C  -0.0558   1.097  2.959  0.000
   38 C  -0.0555   1.076  2.979  0.000
   39 H   0.0280   0.972  0.000  0.000
   40 H   0.0198   0.980  0.000  0.000
   41 H   0.0571   0.943  0.000  0.000
   42 H   0.0316   0.968  0.000  0.000
   43 H   0.0333   0.967  0.000  0.000
   44 H   0.0329   0.967  0.000  0.000
   45 H   0.0329   0.967  0.000  0.000
   46 H   0.0303   0.970  0.000  0.000
   47 H   0.0525   0.948  0.000  0.000
   48 H   0.0589   0.941  0.000  0.000
   49 H   0.0369   0.963  0.000  0.000
   50 H   0.0400   0.960  0.000  0.000
   51 H   0.0284   0.972  0.000  0.000
   52 H   0.0309   0.969  0.000  0.000
   53 H   0.0309   0.969  0.000  0.000
   54 H   0.0321   0.968  0.000  0.000
   55 H   0.0319   0.968  0.000  0.000
   56 H   0.0485   0.952  0.000  0.000
   57 H   0.0269   0.973  0.000  0.000
   58 H   0.0296   0.970  0.000  0.000
   59 H   0.0300   0.970  0.000  0.000
   60 H   0.0339   0.966  0.000  0.000
   61 H   0.0259   0.974  0.000  0.000
   62 H   0.0215   0.979  0.000  0.000
 
 Wiberg/Mayer (AO) data. WBOs > 0.1 written file <wbo>
 largest (>0.05) Wiberg bond orders for each atom
           total WBO             WBO to atom ...
     1  C   3.952    C    2 1.652    C   38 1.243    H   39 0.936
     2  C   3.926    C    1 1.652    B    3 1.110    H   40 0.944    C   37 0.104
     3  B   3.501    C    2 1.110    C    4 1.049    C   36 0.969    C   38 0.058
     4  C   3.897    C    5 1.343    C   37 1.232    B    3 1.049
     5  C   3.934    C    4 1.343    C    6 1.194    C   30 1.069    C   38 0.051
     6  C   3.933    C    7 1.320    C    5 1.194    C   31 1.085    C    9 0.051
     7  C   3.895    C    6 1.320    C    8 1.252    N   18 1.077
     8  C   3.957    C    9 1.508    C    7 1.252    H   41 0.931    C   17 0.090
     9  C   3.918    C    8 1.508    C   16 1.181    C   10 1.020    C    6 0.051
    10  C   3.957    C   15 1.365    C   11 1.363    C    9 1.020    C   13 0.103
    11  C   3.964    C   12 1.447    C   10 1.363    H   42 0.947    C   14 0.107
    12  C   3.973    C   11 1.447    C   13 1.423    H   43 0.946    C   15 0.106
    13  C   3.964    C   14 1.424    C   12 1.423    H   44 0.947    C   10 0.103
    14  C   3.973    C   15 1.445    C   13 1.424    H   45 0.946    C   11 0.107
    15  C   3.963    C   14 1.445    C   10 1.365    H   46 0.947    C   12 0.106
    16  C   3.952    C   17 1.669    C    9 1.181    H   47 0.938
    17  C   3.924    C   16 1.669    N   18 1.136    H   48 0.939    C    8 0.090
    18  N   3.579    C   17 1.136    C    7 1.077    C   19 1.018
    19  C   3.905    C   20 1.357    C   30 1.287    N   18 1.018    C   22 0.086
    20  C   3.963    C   21 1.472    C   19 1.357    H   49 0.941    C   29 0.101
    21  C   3.957    C   20 1.472    C   22 1.331    H   50 0.942    C   30 0.085
    22  C   3.948    C   29 1.409    C   21 1.331    C   23 1.005    C   19 0.086
    23  C   3.956    C   24 1.372    C   28 1.371    C   22 1.005    C   26 0.106
    24  C   3.971    C   25 1.443    C   23 1.372    H   51 0.947    C   27 0.108
    25  C   3.974    C   24 1.443    C   26 1.426    H   52 0.947    C   28 0.108
    26  C   3.970    C   25 1.426    C   27 1.425    H   53 0.948    C   23 0.106
    27  C   3.974    C   28 1.444    C   26 1.425    H   54 0.946    C   24 0.108
    28  C   3.970    C   27 1.444    C   23 1.371    H   55 0.947    C   25 0.108
    29  C   3.958    C   22 1.409    C   30 1.339    H   56 0.937    C   20 0.101
    30  C   3.945    C   29 1.339    C   19 1.287    C    5 1.069    C   21 0.085
    31  C   3.949    C   32 1.323    C   36 1.295    C    6 1.085    C   34 0.087
    32  C   3.963    C   33 1.474    C   31 1.323    H   57 0.942    C   35 0.105
    33  C   3.962    C   32 1.474    C   34 1.382    H   58 0.945    C   36 0.092
    34  C   3.958    C   35 1.462    C   33 1.382    H   59 0.945    C   31 0.087
    35  C   3.963    C   34 1.462    C   36 1.367    H   60 0.945    C   32 0.105
    36  C   3.899    C   35 1.367    C   31 1.295    B    3 0.969    C   33 0.092
    37  C   3.959    C   38 1.584    C    4 1.232    H   61 0.933    C    2 0.104
    38  C   3.944    C   37 1.584    C    1 1.243    H   62 0.946    B    3 0.058    C    5 0.051
    39  H   0.994    C    1 0.936
    40  H   0.997    C    2 0.944
    41  H   0.995    C    8 0.931
    42  H   0.998    C   11 0.947
    43  H   0.997    C   12 0.946
    44  H   0.996    C   13 0.947
    45  H   0.997    C   14 0.946
    46  H   0.999    C   15 0.947
    47  H   0.995    C   16 0.938
    48  H   0.992    C   17 0.939
    49  H   0.994    C   20 0.941
    50  H   0.994    C   21 0.942
    51  H   0.999    C   24 0.947
    52  H   0.997    C   25 0.947
    53  H   0.996    C   26 0.948
    54  H   0.997    C   27 0.946
    55  H   0.998    C   28 0.947
    56  H   0.996    C   29 0.937
    57  H   0.997    C   32 0.942
    58  H   0.993    C   33 0.945
    59  H   0.994    C   34 0.945
    60  H   0.996    C   35 0.945
    61  H   0.998    C   37 0.933
    62  H   0.995    C   38 0.946
 
 --------------------------------------------
          xTB calculation for sTDA...
 --------------------------------------------
 
 reading parameter file /home/penavora/Exe_xtb_crest/.param_stda2.xtb
 
      method parameters     
 k(s)        :  1.6000
 k(p)        :  2.1800
 k(d)        :  1.9500
 k(f)        :  2.0000
 k(R-V)      :  2.2750
 k(R-R)      :  1.7650
 Tscal       :  0.2580
 Gscal       :  1.0000
 fpol        :  1.0000
 Zcnf        :  0.3430
 Zqf         :  0.0000
 kcn         :  2.7000
 Ryd Hsplit  :  0.7000
 lshift(virt):  3.1000
 lshift(OS)  :  0.2000
 wllscaling  :  2.6000
 
 mowrcut     : 3.000
 
  Z AO/shell   Hii/eV     exponent
  1     Sun Feb 14 09:53:25 CET 2016    EN: 2.327 GAM: 0.473  GM3: 0.0000
     1s    -14.339618    1.220000
     2sp    -3.348946    0.600000
  5     Sun Feb 21 12:17:47 CET 2016    EN: 3.405 GAM: 0.339  GM3: 0.0000
     2s    -11.906683    1.287851
     2p    -10.782319    1.444987
     3sp    -5.346133    0.718700
  6     Sun Feb 14 09:53:25 CET 2016    EN: 2.731 GAM: 0.422  GM3: 0.0000
     2s    -22.009312    1.565095
     2p    -13.020408    1.596905
     3sp    -3.914040    0.824500
  7     Sun Feb 14 09:53:25 CET 2016    EN: 3.573 GAM: 0.504  GM3: 0.0000
     2s    -25.722000    2.064844
     2p    -18.684912    1.801692
     3sp    -4.344791    0.921400
 
 Nbf   :          424
 T(el) :     0.0
 calculating S/T integrals ...
 cpu time for ints    5.62785900000000     
 Nao   :          424
 making H0...
 making H1...
 cpu time for H      5.745999999998475E-003
 solving ...
 cpu time for diag   0.467244000000001     
 
 gap (eV)           :   5.448
 Koopmans IP (eV)   :  13.580
 Eel (Eh)           :  -151.303409

          eigenvalues
 #    :          76         77         78         79         80         81         82         83
 occ. :        2.000      2.000      2.000      2.000      2.000      2.000      2.000      2.000
 eps  :       -17.223    -17.046    -17.034    -16.691    -16.597    -16.422    -16.323    -16.280
 #    :          84         85         86         87         88         89         90         91
 occ. :        2.000      2.000      2.000      2.000      2.000      0.000      0.000      0.000
 eps  :       -15.888    -15.736    -15.473    -14.401    -13.581     -8.132     -7.689     -6.743
 #    :          92         93         94         95         96         97         98         99
 occ. :        0.000      0.000      0.000      0.000      0.000      0.000      0.000      0.000
 eps  :        -6.492     -6.260     -6.020     -5.902     -5.873     -5.684     -5.643     -5.272
                            1  SCC done.
 writing mo output ...
 molden style : F
 
speedup 16.64
cpu  time for all    9.23 s
wall time for all    0.55 s
