  134
 Etot=        -203.6751997959
 C        -14.2382547172        3.5504805908       -2.1432506017
 C        -14.8009515879        2.2972482763       -2.3229104431
 C        -14.2782321603        1.1957651416       -1.6740763095
 C        -13.1811340723        1.3369868588       -0.8243398969
 N        -12.6505869884        0.2245934485       -0.1608730928
 C        -13.5068895161       -0.7717954706        0.3220071779
 C        -14.7443257162       -0.4347696570        0.8704427058
 C        -15.5877561590       -1.4219022417        1.3413048612
 C        -15.2119943488       -2.7540812934        1.2811022956
 C        -13.9826925692       -3.0937421006        0.7399480683
 C        -13.1351709109       -2.1148597498        0.2594773888
 C        -11.2723961040        0.1073045861        0.0158674290
 C        -10.7484051622       -0.4711542299        1.1754438188
 C         -9.3884887755       -0.5985012774        1.3409169510
 C         -8.4913862883       -0.1370196586        0.3696149045
 C         -7.0516962545       -0.2676519414        0.5462967757
 C         -6.4765629102       -1.5515958605        0.7971768695
 C         -7.2545118988       -2.7158513645        0.7919028624
 C         -6.6916868358       -3.9696678260        0.9835868684
 C         -5.3241567401       -4.0935041250        1.1294798052
 C         -4.5216513705       -2.9616031823        1.0871008360
 C         -5.0658135163       -1.6794145089        0.9551252746
 C         -4.2251618128       -0.5244001875        0.8548277625
 C         -2.7942335041       -0.6615914947        1.0487479924
 C         -2.3216994293       -1.2125135883        2.2497215554
 C         -0.9816767166       -1.2869049962        2.5318354244
 C         -0.0230034790       -0.8489110913        1.6041197874
 C          1.3670653895       -0.9091648011        1.8711922854
 C          2.2811248691       -0.4993853587        0.9534847762
 C          1.8731281818       -0.0035861457       -0.3148605834
 C          2.8038932411        0.4090913093       -1.2853714674
 C          4.2583310700        0.3399475780       -1.0168128290
 C          4.9100810739        1.4238675371       -0.4161593111
 C          4.1992598015        2.5884364457       -0.0243972335
 C          4.8409209154        3.6472327400        0.5392403523
 C          6.2365096509        3.6094281873        0.7325999605
 C          6.9525338313        2.5085747062        0.3753904940
 C          6.3208672483        1.3712683772       -0.1929881176
 C          7.0426218288        0.2255912197       -0.5603667337
 C          8.4996880042        0.1673554768       -0.3308324863
 C          9.3862707578        0.1323358924       -1.4041446821
 C         10.7488950714        0.0808138883       -1.1960888909
 C         11.2644898083        0.0478178155        0.0997533250
 N         12.6454281604       -0.0149860172        0.3141194978
 C         13.4491110455       -0.7800879277       -0.5380290098
 C         14.7259819431       -0.3426158703       -0.8897508885
 C         15.5161649027       -1.1041212078       -1.7283717762
 C         15.0478062845       -2.3046961841       -2.2366442319
 C         13.7785977510       -2.7416157078       -1.8944139589
 C         12.9841632399       -1.9916881163       -1.0495104470
 C         13.2194138018        0.6856708069        1.3802398179
 C         14.2873679655        0.1406633322        2.0929979526
 C         14.8527106620        0.8389343618        3.1419533109
 C         14.3611955212        2.0824414647        3.5041576522
 C         13.2975431581        2.6262553645        2.8028609509
 C         12.7310544524        1.9398322577        1.7467766918
 C         10.3791232177        0.0772596461        1.1773283436
 C          9.0181837682        0.1432482132        0.9612522819
 C          6.3851326670       -0.8666324773       -1.1465706860
 C          7.0714359583       -2.0602044047       -1.4928136330
 C          6.4190174318       -3.1108863788       -2.0607792240
 C          5.0343581413       -3.0391657376       -2.3134255640
 C          4.3347628742       -1.9213269200       -1.9794763821
 C          4.9772294234       -0.8042626763       -1.3841212939
 C          2.3601105536        0.8803931797       -2.5150587861
 C          1.0139963415        0.9458867660       -2.8097860359
 C          0.0570225018        0.5421179002       -1.8720885365
 C         -1.3351905204        0.5671527530       -2.1502123705
 C         -2.2473565674        0.1837882953       -1.2206946757
 C         -1.8506868648       -0.2473131627        0.0734107046
 C         -0.4654473803       -0.3395013152        0.3576380130
 C          0.4879463341        0.0694568676       -0.6082625695
 C         -4.8071526280        0.7650420529        0.6236680095
 C         -4.0324592581        1.9293065155        0.6624698893
 C         -4.5967351157        3.1855774057        0.4977935048
 C         -5.9634912179        3.3082052319        0.3373748795
 C         -6.7631344698        2.1751230219        0.3484590519
 C         -6.2175597923        0.8908411034        0.4690725813
 C         -9.0263252575        0.4542447263       -0.7818314656
 C        -10.3855329559        0.5654503134       -0.9626820848
 C        -12.6209498501        2.6016317077       -0.6433831753
 C        -13.1465403449        3.6954495681       -1.3026881184
 H        -14.6479157225        4.4082174681       -2.6544921341
 H        -15.6489371948        2.1743175440       -2.9803467099
 H        -14.7116972486        0.2177035783       -1.8236321180
 H        -15.0345672838        0.6041400697        0.9277656449
 H        -16.5421552864       -1.1478380150        1.7660809485
 H        -15.8728136295       -3.5222193574        1.6528450510
 H        -13.6845512136       -4.1302402147        0.6831065584
 H        -12.1827331071       -2.3824849111       -0.1741154787
 H        -11.4220385411       -0.8070503390        1.9504315677
 H         -9.0004011193       -1.0204682645        2.2564951682
 H         -8.3165096151       -2.6422469851        0.6153833592
 H         -7.3254690385       -4.8442108245        0.9936274336
 H         -4.8711515427       -5.0659079073        1.2535290386
 H         -3.4502338459       -3.0790988643        1.1406342101
 H         -3.0443196021       -1.5242474170        2.9909127875
 H         -0.6491041447       -1.6717195069        3.4854878742
 H          1.6874191284       -1.2948549065        2.8289519022
 H          3.3386518588       -0.5497833638        1.1686239340
 H          3.1314091988        2.6153391865       -0.1857552890
 H          4.2890468478        4.5274550940        0.8349889446
 H          6.7332948931        4.4661232108        1.1644362492
 H          8.0230104788        2.4873069646        0.5161181228
 H          8.9980862480        0.1638330364       -2.4120440712
 H         11.4259628502        0.0683263306       -2.0376997384
 H         15.0899707563        0.5982339711       -0.5034256530
 H         16.5023139990       -0.7524184697       -1.9940548451
 H         15.6671957963       -2.8952584602       -2.8944501178
 H         13.4067001575       -3.6790437842       -2.2813696899
 H         11.9992208327       -2.3405987702       -0.7754700908
 H         14.6660508414       -0.8334286243        1.8197201537
 H         15.6781298470        0.4041686530        3.6864182074
 H         14.8036904985        2.6235036503        4.3266918022
 H         12.9108232598        3.5976054322        3.0744256728
 H         11.9090978507        2.3715928781        1.1945741489
 H         10.7672236435        0.0435062934        2.1848729916
 H          8.3414575517        0.1570579190        1.8035245876
 H          8.1300093448       -2.1239945684       -1.2890485191
 H          6.9569022886       -4.0119250554       -2.3176773637
 H          4.5340700516       -3.8830987668       -2.7654335554
 H          3.2706891964       -1.8658923253       -2.1574826544
 H          3.0907680127        1.1939272543       -3.2475749205
 H          0.6867292720        1.3082317658       -3.7737330953
 H         -1.6558034649        0.8941056739       -3.1292875642
 H         -3.3008679591        0.1975131079       -1.4575675114
 H         -2.9696699046        1.8525194488        0.8322498991
 H         -3.9652211073        4.0613092780        0.5139713362
 H         -6.4170543490        4.2819196066        0.2245107956
 H         -7.8341474397        2.2904252832        0.2829378069
 H         -8.3561029941        0.7869270452       -1.5610128993
 H        -10.7773688819        0.9960924957       -1.8727099127
 H        -11.7778275222        2.7186153892        0.0216099258
 H        -12.7055710301        4.6697657408       -1.1520250302
  134
 Etot=        -203.6752966670
 C        -14.2379999549        3.5503676804       -2.1430526979
 C        -14.8008388427        2.2971407862       -2.3226041174
 C        -14.2782151664        1.1956916630       -1.6736757310
 C        -13.1808826223        1.3369228647       -0.8241005969
 N        -12.6502611610        0.2245872567       -0.1607715249
 C        -13.5065685004       -0.7717260783        0.3219885930
 C        -14.7441730829       -0.4346353295        0.8702119327
 C        -15.5875654434       -1.4217302194        1.3411528311
 C        -15.2117541228       -2.7539316781        1.2810201595
 C        -13.9823734284       -3.0936498546        0.7399828467
 C        -13.1347284265       -2.1148194690        0.2596784635
 C        -11.2721137544        0.1073310757        0.0159704675
 C        -10.7480096620       -0.4722129393        1.1752425856
 C         -9.3882764579       -0.5998377654        1.3405777324
 C         -8.4906214231       -0.1369872671        0.3698098002
 C         -7.0515610986       -0.2675306128        0.5464417576
 C         -6.4771361814       -1.5491853317        0.7990020683
 C         -7.2552517545       -2.7148630100        0.7932565518
 C         -6.6925431321       -3.9671297916        0.9846288661
 C         -5.3236599528       -4.0910813177        1.1308372364
 C         -4.5216351726       -2.9604902099        1.0892905013
 C         -5.0657634656       -1.6770746387        0.9582999106
 C         -4.2252671032       -0.5242220681        0.8558820208
 C         -2.7957909965       -0.6620349872        1.0489046456
 C         -2.3225992658       -1.2177994557        2.2483523108
 C         -0.9833093699       -1.2893525381        2.5314295959
 C         -0.0235419189       -0.8491272885        1.6037232857
 C          1.3653912048       -0.9091448463        1.8710392468
 C          2.2805512772       -0.4986362477        0.9528684019
 C          1.8729737412       -0.0031852083       -0.3148465063
 C          2.8043475721        0.4093511565       -1.2859829039
 C          4.2585611705        0.3400548970       -1.0171237451
 C          4.9102774426        1.4238968151       -0.4160754907
 C          4.1993926864        2.5883917955       -0.0245106347
 C          4.8409513300        3.6473368628        0.5392702510
 C          6.2363988632        3.6095592566        0.7327729215
 C          6.9525384404        2.5085999945        0.3755975913
 C          6.3209729953        1.3712797721       -0.1926947920
 C          7.0427494256        0.2255934386       -0.5603715873
 C          8.4997388913        0.1673670840       -0.3308309935
 C          9.3863730532        0.1322101268       -1.4041664017
 C         10.7489745504        0.0806389968       -1.1961246059
 C         11.2645049804        0.0478295471        0.0997782105
 N         12.6454669302       -0.0149632207        0.3141622831
 C         13.4491290662       -0.7800619986       -0.5379079856
 C         14.7260574562       -0.3425594231       -0.8895412750
 C         15.5161682373       -1.1039892788       -1.7282782605
 C         15.0477678699       -2.3045748967       -2.2365484446
 C         13.7785505391       -2.7415546570       -1.8943225181
 C         12.9840692165       -1.9916208827       -1.0494907694
 C         13.2194238346        0.6857152072        1.3802036754
 C         14.2874575606        0.1407014769        2.0929141013
 C         14.8526694356        0.8389343127        3.1419481710
 C         14.3610878713        2.0824502105        3.5041162273
 C         13.2974220762        2.6262903767        2.8028085016
 C         12.7308947716        1.9398407061        1.7467797564
 C         10.3791721980        0.0774650438        1.1774169756
 C          9.0182602732        0.1433990586        0.9613071212
 C          6.3853578704       -0.8666419021       -1.1468956753
 C          7.0715471020       -2.0602444913       -1.4929749077
 C          6.4190291692       -3.1110420741       -2.0609419860
 C          5.0344702924       -3.0393193816       -2.3134640375
 C          4.3349407605       -1.9212727048       -1.9795442560
 C          4.9775108397       -0.8042350265       -1.3844487511
 C          2.3607882174        0.8805732464       -2.5158837016
 C          1.0149031916        0.9463426220       -2.8107075050
 C          0.0572100807        0.5425205814       -1.8723748231
 C         -1.3340607809        0.5671621072       -2.1506600836
 C         -2.2470066074        0.1838232176       -1.2201864111
 C         -1.8509241049       -0.2448189872        0.0736589097
 C         -0.4658089208       -0.3382072977        0.3576416413
 C          0.4878314041        0.0702004190       -0.6083295953
 C         -4.8068691302        0.7630390505        0.6216571041
 C         -4.0323485836        1.9285635631        0.6613882265
 C         -4.5965273276        3.1833952976        0.4972936321
 C         -5.9646190816        3.3061194032        0.3364635600
 C         -6.7637303382        2.1744706559        0.3468668597
 C         -6.2181099013        0.8888026185        0.4674111121
 C         -9.0259885241        0.4557341083       -0.7812310844
 C        -10.3850508891        0.5665459931       -0.9622151428
 C        -12.6204853455        2.6015580585       -0.6433411428
 C        -13.1461777782        3.6953560001       -1.3025684957
 H        -14.6476947410        4.4080947835       -2.6542575207
 H        -15.6487721665        2.1742165078       -2.9800970074
 H        -14.7115423226        0.2176095054       -1.8234482063
 H        -15.0343035565        0.6042844732        0.9277925942
 H        -16.5419184882       -1.1476612667        1.7659992071
 H        -15.8726016826       -3.5220402731        1.6527311843
 H        -13.6843050681       -4.1301413053        0.6830955736
 H        -12.1824302643       -2.3824886717       -0.1741534185
 H        -11.4216496174       -0.8072590082        1.9505955296
 H         -9.0002681367       -1.0214787379        2.2562978843
 H         -8.3170770142       -2.6418575054        0.6153774739
 H         -7.3258983185       -4.8420785474        0.9929042409
 H         -4.8707465066       -5.0638146599        1.2530782599
 H         -3.4501968156       -3.0783725978        1.1414704954
 H         -3.0450790225       -1.5284428021        2.9901252652
 H         -0.6507867621       -1.6711828183        3.4863174839
 H          1.6856572688       -1.2955846862        2.8285586608
 H          3.3380575558       -0.5492236362        1.1682278603
 H          3.1315829326        2.6151947463       -0.1861259505
 H          4.2890026961        4.5275435627        0.8349271017
 H          6.7331415924        4.4662183290        1.1647545135
 H          8.0230374142        2.4874487217        0.5163209738
 H          8.9982060749        0.1637776775       -2.4120472949
 H         11.4260862927        0.0684533540       -2.0377155934
 H         15.0899406811        0.5984082651       -0.5034084740
 H         16.5022729862       -0.7522536230       -1.9940272384
 H         15.6671607510       -2.8951264715       -2.8943422583
 H         13.4067031657       -3.6790026295       -2.2812293448
 H         11.9992078829       -2.3406124368       -0.7753031896
 H         14.6659757742       -0.8335042810        1.8198249219
 H         15.6779978656        0.4041471190        3.6865034305
 H         14.8035648411        2.6235190283        4.3266398458
 H         12.9107643110        3.5976627971        3.0743049301
 H         11.9090848562        2.3716612062        1.1944271731
 H         10.7672726377        0.0433896825        2.1849584278
 H          8.3415254447        0.1571098416        1.8035448568
 H          8.1301040546       -2.1241792151       -1.2890586323
 H          6.9569172782       -4.0120939126       -2.3178346602
 H          4.5341094580       -3.8832365495       -2.7654215125
 H          3.2708456535       -1.8657392901       -2.1573652444
 H          3.0915720066        1.1939276444       -3.2483476873
 H          0.6876797300        1.3084446458       -3.7747481975
 H         -1.6547334422        0.8943939480       -3.1296344021
 H         -3.3005097744        0.1971575438       -1.4572030284
 H         -2.9696782912        1.8521647790        0.8320336786
 H         -3.9653470321        4.0594046109        0.5147011203
 H         -6.4180328298        4.2801063151        0.2248365660
 H         -7.8347573888        2.2902544619        0.2822626917
 H         -8.3558995337        0.7879639598       -1.5606579715
 H        -10.7769637407        0.9960816604       -1.8727489758
 H        -11.7775342137        2.7185820710        0.0218402547
 H        -12.7053305980        4.6696839998       -1.1518045446
  134
 Etot=        -203.6753530286
 C        -14.2375887350        3.5502755118       -2.1426356138
 C        -14.8005235513        2.2970511823       -2.3221426284
 C        -14.2779365867        1.1956082609       -1.6732394026
 C        -13.1804040825        1.3368380641       -0.8238227054
 N        -12.6497848193        0.2245514069       -0.1606149366
 C        -13.5060912649       -0.7716461749        0.3220572273
 C        -14.7437766584       -0.4344504128        0.8701729438
 C        -15.5871912338       -1.4214999276        1.3410755572
 C        -15.2113883012       -2.7537326405        1.2809633555
 C        -13.9819701110       -3.0935384235        0.7400115326
 C        -13.1342296386       -2.1147809659        0.2598108959
 C        -11.2718344857        0.1072441416        0.0160880904
 C        -10.7476107235       -0.4730885906        1.1751576166
 C         -9.3881289128       -0.6006858210        1.3404512592
 C         -8.4898746959       -0.1368330138        0.3702080156
 C         -7.0513168359       -0.2673367214        0.5468573542
 C         -6.4778754075       -1.5463682651        0.8024531558
 C         -7.2562934901       -2.7141268101        0.7959101579
 C         -6.6944470734       -3.9642465389        0.9867638384
 C         -5.3237642367       -4.0886029357        1.1335771446
 C         -4.5226850247       -2.9599695148        1.0930827071
 C         -5.0662258359       -1.6745486220        0.9634723537
 C         -4.2251763870       -0.5240940497        0.8571019093
 C         -2.7981359137       -0.6626558390        1.0485850348
 C         -2.3233746067       -1.2243679222        2.2461877417
 C         -0.9854372722       -1.2920208209        2.5306868863
 C         -0.0237901675       -0.8482174067        1.6032820702
 C          1.3629905940       -0.9088698243        1.8707966861
 C          2.2798188156       -0.4971599128        0.9520674799
 C          1.8728020990       -0.0020225777       -0.3142885106
 C          2.8050533577        0.4098395618       -1.2866815536
 C          4.2588869109        0.3401638260       -1.0174385636
 C          4.9106207427        1.4238760364       -0.4158886158
 C          4.1996246898        2.5882558274       -0.0246362555
 C          4.8410302759        3.6473553017        0.5393682628
 C          6.2362648328        3.6095589138        0.7331897453
 C          6.9525977997        2.5084991756        0.3760893196
 C          6.3212323561        1.3712476122       -0.1922707902
 C          7.0430446384        0.2255842027       -0.5603602420
 C          8.4998946687        0.1673512055       -0.3308144323
 C          9.3865877433        0.1319961501       -1.4041608672
 C         10.7491611270        0.0805050168       -1.1961279439
 C         11.2645815985        0.0478743971        0.0998381020
 N         12.6455676011       -0.0149070836        0.3142588288
 C         13.4491937412       -0.7800127455       -0.5377063785
 C         14.7261261377       -0.3424156958       -0.8893408604
 C         15.5161869991       -1.1037927607       -1.7281492032
 C         15.0477705726       -2.3044133903       -2.2363617620
 C         13.7785827401       -2.7414944587       -1.8940874837
 C         12.9840730310       -1.9915895650       -1.0492802626
 C         13.2194529838        0.6858291467        1.3801944876
 C         14.2874638095        0.1407746566        2.0929722337
 C         14.8525402887        0.8390181259        3.1420531178
 C         14.3609177221        2.0825721487        3.5040908047
 C         13.2973142880        2.6264523230        2.8026854697
 C         12.7308187143        1.9399760765        1.7466758479
 C         10.3793009737        0.0776268925        1.1775396035
 C          9.0184348764        0.1435867096        0.9613784220
 C          6.3857686476       -0.8666241009       -1.1473220841
 C          7.0718077379       -2.0602021864       -1.4932969240
 C          6.4191249434       -3.1111138392       -2.0612527281
 C          5.0347112937       -3.0393825014       -2.3136358769
 C          4.3352607378       -1.9210928597       -1.9797535775
 C          4.9779681248       -0.8041563828       -1.3849154931
 C          2.3616785526        0.8806001763       -2.5169382468
 C          1.0162146766        0.9469850704       -2.8120032263
 C          0.0572227934        0.5438422649       -1.8725528404
 C         -1.3323606628        0.5682017354       -2.1511598268
 C         -2.2465049590        0.1851430241       -1.2191760615
 C         -1.8511407762       -0.2407898241        0.0736073349
 C         -0.4662180938       -0.3352896021        0.3578559942
 C          0.4876424840        0.0723555839       -0.6080430398
 C         -4.8066580844        0.7608539109        0.6181082929
 C         -4.0325313875        1.9282980319        0.6588639592
 C         -4.5961741215        3.1810868888        0.4957132548
 C         -5.9661602694        3.3039150933        0.3345437306
 C         -6.7640381556        2.1742759292        0.3441556598
 C         -6.2184870303        0.8864987303        0.4647522296
 C         -9.0257224114        0.4566270890       -0.7806739859
 C        -10.3845410550        0.5671654110       -0.9618188551
 C        -12.6199033623        2.6014812369       -0.6431057832
 C        -13.1456925163        3.6952752768       -1.3022160332
 H        -14.6472672536        4.4079836800       -2.6538500017
 H        -15.6485888574        2.1742015583       -2.9794593859
 H        -14.7113846015        0.2175722047       -1.8228817429
 H        -15.0339080271        0.6044646030        0.9276404230
 H        -16.5416074178       -1.1474329885        1.7657412370
 H        -15.8722770992       -3.5217962722        1.6526384776
 H        -13.6838845799       -4.1300144074        0.6833216086
 H        -12.1818004366       -2.3824331576       -0.1737024755
 H        -11.4213523096       -0.8091092492        1.9499887609
 H         -9.0001092785       -1.0236645752        2.2555311975
 H         -8.3177315087       -2.6409915010        0.6157955940
 H         -7.3269051309       -4.8398910496        0.9930807084
 H         -4.8716403176       -5.0619786813        1.2536799059
 H         -3.4512361251       -3.0780469558        1.1436101887
 H         -3.0458129407       -1.5398844743        2.9859951911
 H         -0.6525430021       -1.6744495570        3.4851693415
 H          1.6835681853       -1.2967277916        2.8276459950
 H          3.3371070973       -0.5482783978        1.1682668264
 H          3.1318951014        2.6149969986       -0.1867562039
 H          4.2889457341        4.5275810256        0.8347168919
 H          6.7330110225        4.4662224136        1.1651850915
 H          8.0230951335        2.4875573260        0.5169861118
 H          8.9984060085        0.1633560666       -2.4120247485
 H         11.4263338300        0.0682964699       -2.0376707031
 H         15.0899618651        0.5985591336       -0.5031987671
 H         16.5022546447       -0.7520380715       -1.9939569578
 H         15.6671391533       -2.8949130704       -2.8942073375
 H         13.4067554077       -3.6789085956       -2.2810499198
 H         11.9991807748       -2.3404985629       -0.7751554003
 H         14.6659843490       -0.8334295043        1.8199091074
 H         15.6778151316        0.4042695673        3.6866919214
 H         14.8033064928        2.6236401636        4.3266472942
 H         12.9106052012        3.5977798732        3.0741986915
 H         11.9089453580        2.3716591948        1.1943388582
 H         10.7674381996        0.0436271661        2.1850691180
 H          8.3416679288        0.1575886248        1.8035622126
 H          8.1303556164       -2.1243919431       -1.2893097500
 H          6.9570250988       -4.0122297842       -2.3179497924
 H          4.5341478318       -3.8833725408       -2.7652348032
 H          3.2711173905       -1.8654807360       -2.1572348942
 H          3.0927726743        1.1933045463       -3.2494126654
 H          0.6889363555        1.3086309391       -3.7761408945
 H         -1.6534722557        0.8934445651       -3.1306286834
 H         -3.2998112894        0.1978334788       -1.4571933185
 H         -2.9701014453        1.8516976168        0.8309076657
 H         -3.9660051976        4.0577922664        0.5152051330
 H         -6.4188819311        4.2784490940        0.2246401581
 H         -7.8351287809        2.2898926497        0.2804156601
 H         -8.3555460200        0.7904861597       -1.5592980424
 H        -10.7764718620        0.9983255026       -1.8715783185
 H        -11.7768446534        2.7184259590        0.0219285180
 H        -12.7046580566        4.6695367651       -1.1517238939
  134
 Etot=        -203.6753598597
 C        -14.2374313540        3.5503737338       -2.1425097454
 C        -14.8004648167        2.2971896386       -2.3219421508
 C        -14.2778917730        1.1957229610       -1.6730748867
 C        -13.1803782970        1.3369217097       -0.8236680933
 N        -12.6497716332        0.2245978398       -0.1605131557
 C        -13.5060509024       -0.7716511505        0.3221137756
 C        -14.7437323118       -0.4344755246        0.8701931309
 C        -15.5871536161       -1.4215343721        1.3410562943
 C        -15.2113171298       -2.7537532344        1.2809939932
 C        -13.9818600919       -3.0935397489        0.7401383789
 C        -13.1341431132       -2.1147683138        0.2599189289
 C        -11.2718845738        0.1073713276        0.0162397093
 C        -10.7477110721       -0.4733771233        1.1750802092
 C         -9.3882303002       -0.6007708049        1.3404571076
 C         -8.4900736474       -0.1367493224        0.3703577942
 C         -7.0513617606       -0.2673024758        0.5470307656
 C         -6.4780064257       -1.5462620837        0.8032752978
 C         -7.2567571032       -2.7141910260        0.7969069672
 C         -6.6955155494       -3.9640478464        0.9879587529
 C         -5.3245259036       -4.0886785895        1.1349722849
 C         -4.5235729505       -2.9604326528        1.0943304565
 C         -5.0667222346       -1.6746438414        0.9645485624
 C         -4.2249525674       -0.5243004953        0.8571273295
 C         -2.7985189355       -0.6630862101        1.0480573799
 C         -2.3231446113       -1.2272942041        2.2446122402
 C         -0.9856188819       -1.2940558614        2.5295220812
 C         -0.0235267767       -0.8479799643        1.6029635423
 C          1.3626191420       -0.9085186578        1.8707458454
 C          2.2798050268       -0.4962699557        0.9520409851
 C          1.8728770204       -0.0011459628       -0.3138763548
 C          2.8052777212        0.4101556551       -1.2867407290
 C          4.2590032887        0.3402408593       -1.0174625144
 C          4.9107612928        1.4238678149       -0.4157761283
 C          4.1997440682        2.5882490624       -0.0246194909
 C          4.8411145285        3.6473367475        0.5394329042
 C          6.2363139124        3.6094805529        0.7334069255
 C          6.9526788249        2.5084194335        0.3763626301
 C          6.3213689216        1.3712156563       -0.1921118077
 C          7.0431862077        0.2255973964       -0.5603184911
 C          8.5000127030        0.1673620920       -0.3307806816
 C          9.3866969482        0.1318541060       -1.4041242357
 C         10.7492674459        0.0804152159       -1.1960847034
 C         11.2646659817        0.0478914047        0.0998844261
 N         12.6456453500       -0.0148758074        0.3143194085
 C         13.4492690471       -0.7799836994       -0.5376419844
 C         14.7261911320       -0.3423814989       -0.8892796096
 C         15.5162519297       -1.1037507269       -1.7280960609
 C         15.0478311600       -2.3043597971       -2.2363209500
 C         13.7786503814       -2.7414453723       -1.8940467473
 C         12.9841495840       -1.9915541937       -1.0492174761
 C         13.2194892095        0.6858955697        1.3802522042
 C         14.2874847164        0.1408739001        2.0930643308
 C         14.8525198901        0.8391430162        3.1421514707
 C         14.3608537576        2.0826827477        3.5041638228
 C         13.2972577900        2.6265279212        2.8027301338
 C         12.7308159233        1.9400305192        1.7467040866
 C         10.3794006535        0.0777589489        1.1775852890
 C          9.0185441049        0.1437685259        0.9614141915
 C          6.3859127825       -0.8665514275       -1.1473900861
 C          7.0719223244       -2.0601114804       -1.4934205641
 C          6.4191905433       -3.1110155976       -2.0613411575
 C          5.0347803049       -3.0392843382       -2.3136745613
 C          4.3353611050       -1.9209633979       -1.9798264874
 C          4.9781069466       -0.8040469786       -1.3850247301
 C          2.3618967188        0.8805033384       -2.5171354458
 C          1.0165589209        0.9472279770       -2.8122630786
 C          0.0572018437        0.5446141248       -1.8725341628
 C         -1.3319231222        0.5687871905       -2.1513314160
 C         -2.2463423231        0.1860679494       -1.2189341954
 C         -1.8510952114       -0.2395262212        0.0734681786
 C         -0.4661805643       -0.3341118114        0.3579535060
 C          0.4876519678        0.0735668599       -0.6077880746
 C         -4.8067635671        0.7607476178        0.6172536884
 C         -4.0326690275        1.9284704245        0.6578306549
 C         -4.5960483376        3.1809787454        0.4948451125
 C         -5.9664035671        3.3038204528        0.3336447762
 C         -6.7638823705        2.1744635962        0.3432943809
 C         -6.2183138109        0.8863702346        0.4642723600
 C         -9.0257866510        0.4570055007       -0.7803033330
 C        -10.3845864789        0.5677948585       -0.9613766836
 C        -12.6197929251        2.6015222400       -0.6429923235
 C        -13.1454732983        3.6953224163       -1.3021763969
 H        -14.6471020919        4.4080990540       -2.6536985454
 H        -15.6485198099        2.1743643339       -2.9792747529
 H        -14.7113129952        0.2176787155       -1.8227417343
 H        -15.0338165170        0.6044504076        0.9277014108
 H        -16.5415522039       -1.1474698045        1.7657626831
 H        -15.8722106928       -3.5218231431        1.6526463409
 H        -13.6837919947       -4.1300219140        0.6833887879
 H        -12.1817609397       -2.3824004677       -0.1737198468
 H        -11.4214722981       -0.8096234041        1.9497928497
 H         -9.0001213312       -1.0235299460        2.2556233840
 H         -8.3180958364       -2.6402284648        0.6164775592
 H         -7.3276537177       -4.8399051844        0.9941683254
 H         -4.8730215357       -5.0623316490        1.2549587535
 H         -3.4520865498       -3.0783351280        1.1447039846
 H         -3.0456831751       -1.5438573662        2.9839058429
 H         -0.6524278210       -1.6771585694        3.4836130563
 H          1.6835897196       -1.2970257766        2.8271880059
 H          3.3369546881       -0.5478654523        1.1686726402
 H          3.1320348440        2.6150111980       -0.1868687075
 H          4.2889807230        4.5275557127        0.8347071272
 H          6.7330731977        4.4660892815        1.1654943986
 H          8.0231540593        2.4875238058        0.5174083640
 H          8.9984949877        0.1631517115       -2.4119873058
 H         11.4264574708        0.0681527877       -2.0376081496
 H         15.0899971394        0.5986037930       -0.5031374628
 H         16.5023000303       -0.7519719207       -1.9939493620
 H         15.6671994133       -2.8948564992       -2.8941716488
 H         13.4068579526       -3.6788972101       -2.2809579277
 H         11.9992976944       -2.3405010179       -0.7749940246
 H         14.6659965144       -0.8333397955        1.8200260413
 H         15.6777485987        0.4043953379        3.6868638681
 H         14.8032122829        2.6237749386        4.3267226066
 H         12.9105836538        3.5978932992        3.0741682250
 H         11.9090322431        2.3717283221        1.1942438772
 H         10.7675503373        0.0437937183        2.1851073849
 H          8.3417449441        0.1577243834        1.8035785668
 H          8.1304764901       -2.1243831833       -1.2895056802
 H          6.9571212606       -4.0121119644       -2.3180482769
 H          4.5341623787       -3.8832526201       -2.7652555654
 H          3.2712172534       -1.8653158694       -2.1573063673
 H          3.0931464846        1.1925863331       -3.2497496323
 H          0.6891872023        1.3084782645       -3.7764918719
 H         -1.6534509437        0.8936210149       -3.1307781531
 H         -3.2995119141        0.1990708898       -1.4575353243
 H         -2.9702410301        1.8513256722        0.8297806060
 H         -3.9663599798        4.0580012565        0.5144591557
 H         -6.4186504619        4.2785801835        0.2238744973
 H         -7.8350531190        2.2894269905        0.2794637886
 H         -8.3555372560        0.7903949452       -1.5590945037
 H        -10.7765008721        0.9984906805       -1.8713585070
 H        -11.7767344789        2.7184154916        0.0220587852
 H        -12.7045045399        4.6695980590       -1.1515538580
