  72
 Etot=        -107.6527327968
 C         -7.3827179005        3.2372870829       -1.2998801358
 C         -7.8417777856        1.9477522919       -1.5156673618
 C         -7.1132639862        0.8613841499       -1.0708446722
 C         -5.9101996934        1.0517684105       -0.3905947811
 N         -5.1716983403       -0.0462123160        0.0665661295
 C         -5.8309795485       -1.1720929068        0.5749176533
 C         -6.9860735828       -1.0290849429        1.3439590427
 C         -7.6348947462       -2.1433026979        1.8404291719
 C         -7.1419836578       -3.4136275643        1.5884933407
 C         -5.9925054691       -3.5613574242        0.8289938522
 C         -5.3415342511       -2.4536177265        0.3211339046
 C         -3.7728748091       -0.0178209593        0.0206703129
 C         -3.1096009391        0.5799105152       -1.0512464301
 C         -1.7299839808        0.6096173431       -1.0903916199
 C         -0.9757526659        0.0370335561       -0.0709937999
 C          0.5050428062        0.0658428503       -0.1204845639
 C          1.2004179893        1.1402181420        0.4488604995
 C          0.5231512628        2.2156719603        1.0822924889
 C          1.2090133123        3.2547237721        1.6317657684
 C          2.6181372347        3.2836119045        1.5817346879
 C          3.3053859399        2.2724589459        0.9839623665
 C          2.6290199820        1.1698001180        0.3978244654
 C          3.3251552530        0.1234982565       -0.2206127449
 C          4.8055812123        0.1622762640       -0.2844571571
 C          5.4349978321        0.7928939307       -1.3786436279
 C          6.7967828932        0.8483503437       -1.4612134252
 C          7.6073354073        0.2782309594       -0.4562603911
 C          9.0163037446        0.3215695881       -0.5103108818
 C          9.7708119404       -0.2400141235        0.4817290833
 C          9.1511487367       -0.8714074250        1.5724687879
 C          7.7879986276       -0.9304770156        1.6535377003
 C          6.9805452649       -0.3596035296        0.6467087516
 C          5.5723799036       -0.4013264812        0.7035493444
 C          2.6304769594       -0.9517588060       -0.7887365806
 C          3.3079423226       -2.0269014507       -1.4227368732
 C          2.6217203838       -3.0657693942       -1.9722359169
 C          1.2125842740       -3.0946109502       -1.9219100150
 C          0.5256651201       -2.0835277894       -1.3237664147
 C          1.2018131099       -0.9809363294       -0.7375249767
 C         -1.6384866780       -0.5631360434        0.9950510564
 C         -3.0177984848       -0.5874912894        1.0461836700
 C         -5.4546296027        2.3524195651       -0.1733196539
 C         -6.1857855209        3.4322644988       -0.6296001030
 H         -7.9535501857        4.0836410390       -1.6515146706
 H         -8.7709185245        1.7852837610       -2.0426224961
 H         -7.4695047811       -0.1431150105       -1.2482535061
 H         -7.3678532652       -0.0395230336        1.5496569706
 H         -8.5276399663       -2.0175571255        2.4359007118
 H         -7.6498027462       -4.2818600487        1.9809686087
 H         -5.6032430989       -4.5479701856        0.6229505788
 H         -4.4501392099       -2.5728013466       -0.2776151189
 H         -3.6838815011        1.0191747445       -1.8539843933
 H         -1.2262278820        1.0743256217       -1.9259721987
 H         -0.5562448063        2.1901934406        1.1191936536
 H          0.6804100181        4.0664957164        2.1105374029
 H          3.1461002842        4.1162350119        2.0238886421
 H          4.3849622541        2.2919842619        0.9456909724
 H          4.8173740771        1.2315992096       -2.1496452826
 H          7.2745371046        1.3329898552       -2.3013270824
 H          9.4885533705        0.8084916225       -1.3522649327
 H         10.8497223285       -0.2027834562        0.4346156450
 H          9.7630529400       -1.3102248005        2.3475922896
 H          7.3062678763       -1.4153402019        2.4912134262
 H          5.0964318945       -0.8865668968        1.5447786514
 H          4.3874782473       -2.0029700784       -1.4598468204
 H          3.1505360684       -3.8773025580       -2.4511167655
 H          0.6849090555       -3.9274104234       -2.3641494596
 H         -0.5537909874       -2.1019001478       -1.2841859925
 H         -1.0633055414       -1.0064659518        1.7953955249
 H         -3.5207581140       -1.0480002985        1.8841183808
 H         -4.5264326165        2.5084369899        0.3571492776
 H         -5.8218561036        4.4340980698       -0.4525298209
