 
        ______________________________________
       |                                      |
       |          ===================         |
       |             xTB for sTDA             |
       |          ===================         |
       |               S. Grimme              |
       |        Universitaet Bonn, MCTC       |
       |         2015-19, Version 1.0         |
       |     Wed Apr  3 09:14:55 CEST 2019    |
       |______________________________________|
 
        This code comes without any warranty
        for non-commercial, academia use only.
        Preliminary test version.
        Cite this work as:
        S. Grimme  &  C. Bannwarth, JCP 145 (2016) 054103
        if GBSA is used additionally:
        P. Shushkov, F. März, C. Bannwarth, S. Grimme, unpublished.
 
        with help from
        P. Shushkov, G. Brandenburg, S. Dohm, J. Pisarek,
        F. März, M. Checinski, S. Ehrlich, S. Spicher, 
        P. Pracht, E. Caldeweyher, S. Ehlert, and C. Bannwarth.
 
        usage        :
        xtb4stda <coord_file> [options]
        where <coord_file> is a valid file of TM)
        (*coord, Bohr) or xmol (*xyz, Angstroem)
        format.

        options:
        -chrg <int>   : molecular charge
        -uhf  <int>   : # of unpaired electrons(=2*S)
        -nox          : skip second, extended part in sTDA-xTB
        -pop          : do population analysis
                      : (default for -nox)
        -mowr <real>  : cut MO write above (def.3 Eh)
        -molden       : write formatted molden file
        -parx <file>  : read parameters for sTDA-xTB
                        calc (def:~/.param_stda2.xtb)
        -parv <file>  : read parameters for vTB part in
                        sTDA-xTB (def: ~/.param_stda1.xtb)
        -xtemp <real> : el. temp for xTB (def. 0 K)
        -etemp <real> : el. temp for GFN (def. 300 K)
        -fod          : calculate the FOD and write
                        molden.input file with
                        appropriate occupations
                        for plotting. Def. T=12500 K
 
        -acc <real>   : xTB accuracy (def. 1.0)
        -gbsa [string1] [string2]
                        use GBSA implicit solvent
                        for solvent [string1] and
                        solvation state [string2]=
                        reference, bar1M (default=1M)
        additional GFN/opt/MD/siman options read from
        $XTB4STDAHOME/.xtb4stdarc or $set in input
 
       spin and charge state information can be on:
       <.CHRG> (charge) and <.UHF> (=nalpha-nbeta)
       -uhf and -chrg override the file info.
       useful machine settings:
       setenv MKL_NUM_THREADS <NCORE_ON_YOUR_MACHINE>
       setenv OMP_STACKSIZE 500m
       limit stacksize unlimited
 
       total energies in Eh, gaps/HL energies in eV
       please read REVISION and HOWTO files carefully
 =============================
  # OMP threads =          48
 =============================
 
 xtb4stdahome directory:/home/penavora/Exe_xtb_crest/
 
 
 name of molecule           :
 comment line               :
 number of atoms            :    57
 number of electrons        :   170
 charge                     :  0
 spin                       : 0.0
 first test random number   :  0.9991
 
 -----------------------------------------
      charge density (VTB) calculation
 -----------------------------------------
 
      method parameters     
 k(s)        :  1.8000
 k(p)        :  2.8350
 k(d)        :  2.0860
 k(f)        :  2.0000
 Tscal       :  0.3300
 Gscal       :  0.3910
 fpol        :  1.0000
 Zcnf        :  0.6500
 Zqf         :  0.0000
 kcn         :  0.3000
 kEN1        : -0.5900
 wllscal     :  2.6000
 
     -------------------------
     ! NO SOLVENT MODEL USED !
     -------------------------
 
 doing EN charges ...
 sum q :  0.0000000D+00
 point charge moment (au)
     X       Y       Z   
  -0.1482   0.0002   0.0001  total (Debye):    0.377
 
            Z      q(EN)   CN      Cart. coordinates
     1  C   4.0  -0.185   4.054   -12.69567    -7.03385    -0.03787
     2  O   6.0  -0.130   2.049   -10.10631    -7.61776    -0.07493
     3  C   4.0   0.066   3.216    -8.41116    -5.66848    -0.05821
     4  C   4.0  -0.070   3.179    -5.86287    -6.40449    -0.10951
     5  C   4.0  -0.062   3.153    -3.92899    -4.66383    -0.08269
     6  C   4.0   0.087   3.467    -4.56045    -2.11830     0.01992
     7  C   4.0   0.000   3.379    -7.11362    -1.35525     0.00808
     8  C   4.0  -0.064   3.174    -9.05177    -3.13181    -0.02033
     9  C   4.0   0.000   3.379    -7.11260     1.35731    -0.00339
    10  C   4.0  -0.064   3.174    -9.04938     3.13536     0.02539
    11  C   4.0   0.066   3.216    -8.40682     5.67154     0.06277
    12  O   6.0  -0.130   2.049   -10.10047     7.62213     0.07943
    13  C   4.0  -0.185   4.054   -12.69025     7.04030     0.03957
    14  C   4.0  -0.070   3.179    -5.85796     6.40560     0.11363
    15  C   4.0  -0.062   3.153    -3.92542     4.66346     0.08638
    16  C   4.0   0.087   3.467    -4.55885     2.11841    -0.01615
    17  N   5.0  -0.324   3.313    -3.02261    -0.00054     0.00156
    18  C   4.0   0.095   3.242    -0.39221    -0.00143     0.00021
    19  C   4.0  -0.069   3.187     0.94227    -1.55903     1.65620
    20  C   4.0  -0.072   3.193     3.54598    -1.57061     1.63987
    21  C   4.0  -0.003   3.235     4.88350    -0.00199    -0.00164
    22  C   4.0  -0.006   3.305     7.65010    -0.00146    -0.00140
    23  C   4.0  -0.019   3.230     9.03308     2.25980     0.02824
    24  C   4.0   0.244   2.129     7.81970     4.63057     0.16071
    25  N   5.0  -0.218   1.027     6.92471     6.59963     0.30820
    26  C   4.0   0.111   3.252    11.68960     2.16815     0.02771
    27  C   4.0  -0.249   4.067    13.22877     4.52852     0.06617
    28  N   5.0  -0.224   2.204    12.92807    -0.00029     0.00178
    29  C   4.0   0.111   3.252    11.69062    -2.16928    -0.02593
    30  C   4.0  -0.249   4.067    13.23089    -4.52897    -0.06167
    31  C   4.0  -0.019   3.230     9.03413    -2.26209    -0.02988
    32  C   4.0   0.244   2.129     7.82201    -4.63337    -0.16470
    33  N   5.0  -0.218   1.027     6.92903    -6.60319    -0.31503
    34  C   4.0  -0.072   3.193     3.54518     1.56650    -1.64263
    35  C   4.0  -0.069   3.187     0.94147     1.55550    -1.65707
    36  H   1.0   0.078   0.996   -13.25607    -5.94878    -1.70919
    37  H   1.0   0.081   0.997   -13.67686    -8.84267    -0.04454
    38  H   1.0   0.078   0.996   -13.21512    -5.98258     1.66790
    39  H   1.0   0.076   1.005    -5.45994    -8.40038    -0.18140
    40  H   1.0   0.075   1.005    -1.98763    -5.28038    -0.16936
    41  H   1.0   0.076   1.005   -10.98941    -2.50338    -0.02636
    42  H   1.0   0.076   1.005   -10.98751     2.50842     0.03201
    43  H   1.0   0.078   0.996   -13.20854     5.98911    -1.66661
    44  H   1.0   0.081   0.997   -13.66999     8.84990     0.04475
    45  H   1.0   0.078   0.996   -13.25352     5.95601     1.71042
    46  H   1.0   0.076   1.005    -5.45349     8.40119     0.18526
    47  H   1.0   0.075   1.005    -1.98355     5.27851     0.17245
    48  H   1.0   0.076   1.006    -0.07571    -2.72609     2.98209
    49  H   1.0   0.076   1.006     4.55416    -2.75507     2.96128
    50  H   1.0   0.083   1.000    15.22300     4.04406     0.06850
    51  H   1.0   0.081   1.000    12.78676     5.64350     1.73942
    52  H   1.0   0.081   1.000    12.80321     5.68909    -1.58010
    53  H   1.0   0.081   1.000    12.78520    -5.64940    -1.73026
    54  H   1.0   0.081   1.000    12.81011    -5.68460     1.58935
    55  H   1.0   0.083   1.000    15.22489    -4.04353    -0.06995
    56  H   1.0   0.076   1.006     4.55270     2.75056    -2.96489
    57  H   1.0   0.076   1.006    -0.07722     2.72268    -2.98230
 
  Z AO/shell   Hii/eV     exponent
  1     Sat Feb 20 21:38:01 CET 2016    EN: 2.327 GAM: 0.473  GM3: 0.0000
     1s    -13.751157    1.051071
  6     Sat Feb 20 21:38:01 CET 2016    EN: 2.731 GAM: 0.422  GM3: 0.0000
     2s    -19.378245    2.021003
     2p    -11.993376    1.497917
  7     Sat Feb 20 21:38:01 CET 2016    EN: 3.573 GAM: 0.504  GM3: 0.0000
     2s    -21.576984    2.275442
     2p    -16.125120    2.056788
  8     Sat Feb 20 21:38:01 CET 2016    EN: 3.700 GAM: 0.587  GM3: 0.0000
     2s    -21.648843    2.110798
     2p    -17.239740    2.329048
 
 dipole moment of classical point charges (au)
     X       Y       Z   
  -0.1482   0.0002   0.0001  total (Debye):    0.377

 
 Nbf   :          162
 T(el) :   300.0
 calculating S/T integrals ...
 cpu time for ints    1.29051700000000     
 Nao   :          162
 making H0...
 making H1...
 cpu time for H      8.687899999999993E-002
 solving ...
 cpu time for diag   0.696462000000000     
 
 gap (eV)           :   4.680
 Koopmans IP (eV)   :  12.998
 Eel (Eh)           :  -134.251315
 T,E(Fermi),NFOD :    300.000   -10.658  0.000000
 T,E(Fermi),NFOD :    300.000   -10.658  0.000000
 Nfod               :  0.0000
 Nfod/Nel           :  0.0000

          eigenvalues
 #    :          73         74         75         76         77         78         79         80
 occ. :        2.000      2.000      2.000      2.000      2.000      2.000      2.000      2.000
 eps  :       -16.933    -16.926    -16.766    -16.751    -16.580    -16.143    -15.835    -15.653
 #    :          81         82         83         84         85         86         87         88
 occ. :        2.000      2.000      2.000      2.000      2.000      0.000      0.000      0.000
 eps  :       -15.048    -14.939    -14.863    -13.721    -12.999     -8.319     -7.645     -6.917
 #    :          89         90         91         92         93         94         95         96
 occ. :        0.000      0.000      0.000      0.000      0.000      0.000      0.000      0.000
 eps  :        -6.516     -6.058     -5.678     -5.426     -5.286     -5.065     -4.543     -4.398
                            1  SCC done.
 making H1...
 cpu time for H      0.759099000000000     
 solving ...
 cpu time for diag   0.246668000000000     
 
 gap (eV)           :   4.392
 Koopmans IP (eV)   :  12.759
 Eel (Eh)           :  -133.443224
 T,E(Fermi),NFOD :    300.000   -10.563  0.000000
 T,E(Fermi),NFOD :    300.000   -10.563  0.000000
 Nfod               :  0.0000
 Nfod/Nel           :  0.0000

          eigenvalues
 #    :          73         74         75         76         77         78         79         80
 occ. :        2.000      2.000      2.000      2.000      2.000      2.000      2.000      2.000
 eps  :       -16.752    -16.384    -16.372    -16.252    -16.119    -15.683    -15.529    -15.281
 #    :          81         82         83         84         85         86         87         88
 occ. :        2.000      2.000      2.000      2.000      2.000      0.000      0.000      0.000
 eps  :       -15.128    -14.679    -14.574    -13.414    -12.760     -8.368     -7.746     -6.694
 #    :          89         90         91         92         93         94         95         96
 occ. :        0.000      0.000      0.000      0.000      0.000      0.000      0.000      0.000
 eps  :        -6.609     -5.902     -5.705     -5.444     -5.258     -4.903     -4.338     -4.189
                            2  SCC done.
 
 
 Mulliken/CM5 charges    n(s)   n(p)   n(d)   
    1 C   0.0067 -0.1143   1.086  2.907  0.000
    2 O  -0.1589 -0.2502   1.457  4.702  0.000
    3 C   0.0644  0.0800   1.151  2.784  0.000
    4 C  -0.0494 -0.1000   1.131  2.919  0.000
    5 C  -0.0425 -0.0917   1.134  2.909  0.000
    6 C   0.0232  0.0857   1.178  2.798  0.000
    7 C  -0.0261 -0.0232   1.163  2.863  0.000
    8 C  -0.0604 -0.1095   1.133  2.928  0.000
    9 C  -0.0261 -0.0232   1.163  2.863  0.000
   10 C  -0.0604 -0.1095   1.133  2.928  0.000
   11 C   0.0644  0.0800   1.151  2.784  0.000
   12 O  -0.1589 -0.2502   1.457  4.702  0.000
   13 C   0.0067 -0.1143   1.086  2.907  0.000
   14 C  -0.0494 -0.1000   1.131  2.919  0.000
   15 C  -0.0425 -0.0917   1.134  2.909  0.000
   16 C   0.0232  0.0857   1.178  2.798  0.000
   17 N  -0.0933 -0.3383   1.231  3.862  0.000
   18 C   0.0702  0.1276   1.171  2.759  0.000
   19 C  -0.0284 -0.0771   1.136  2.893  0.000
   20 C  -0.0273 -0.0795   1.141  2.886  0.000
   21 C  -0.0068 -0.0135   1.161  2.845  0.000
   22 C   0.0314  0.0322   1.195  2.774  0.000
   23 C  -0.0049  0.0023   1.147  2.858  0.000
   24 C   0.0949  0.2132   1.176  2.729  0.000
   25 N  -0.2153 -0.3444   1.643  3.573  0.000
   26 C   0.0797  0.1472   1.210  2.710  0.000
   27 C  -0.0591 -0.1973   1.075  2.984  0.000
   28 N  -0.2018 -0.3973   1.462  3.740  0.000
   29 C   0.0797  0.1472   1.210  2.710  0.000
   30 C  -0.0591 -0.1973   1.075  2.984  0.000
   31 C  -0.0049  0.0024   1.147  2.858  0.000
   32 C   0.0949  0.2132   1.176  2.729  0.000
   33 N  -0.2153 -0.3444   1.643  3.573  0.000
   34 C  -0.0273 -0.0795   1.141  2.886  0.000
   35 C  -0.0284 -0.0771   1.136  2.893  0.000
   36 H   0.0406  0.0999   0.959  0.000  0.000
   37 H   0.0433  0.1043   0.957  0.000  0.000
   38 H   0.0406  0.0999   0.959  0.000  0.000
   39 H   0.0434  0.1040   0.957  0.000  0.000
   40 H   0.0465  0.1065   0.954  0.000  0.000
   41 H   0.0411  0.1018   0.959  0.000  0.000
   42 H   0.0411  0.1018   0.959  0.000  0.000
   43 H   0.0406  0.0999   0.959  0.000  0.000
   44 H   0.0433  0.1043   0.957  0.000  0.000
   45 H   0.0406  0.0999   0.959  0.000  0.000
   46 H   0.0434  0.1040   0.957  0.000  0.000
   47 H   0.0465  0.1065   0.953  0.000  0.000
   48 H   0.0455  0.1068   0.955  0.000  0.000
   49 H   0.0475  0.1083   0.953  0.000  0.000
   50 H   0.0480  0.1054   0.952  0.000  0.000
   51 H   0.0539  0.1085   0.946  0.000  0.000
   52 H   0.0533  0.1077   0.947  0.000  0.000
   53 H   0.0539  0.1085   0.946  0.000  0.000
   54 H   0.0533  0.1077   0.947  0.000  0.000
   55 H   0.0480  0.1054   0.952  0.000  0.000
   56 H   0.0475  0.1083   0.953  0.000  0.000
   57 H   0.0455  0.1068   0.955  0.000  0.000
 Hirshfeld charges for QMDFF written to <charges>
 
 Loewdin charges    n(s)   n(p)   n(d)
    1 C  -0.0043   1.018  2.987  0.000
    2 O  -0.1207   1.418  4.702  0.000
    3 C   0.0552   1.116  2.829  0.000
    4 C  -0.0466   1.078  2.968  0.000
    5 C  -0.0386   1.081  2.958  0.000
    6 C   0.0157   1.144  2.840  0.000
    7 C  -0.0245   1.121  2.904  0.000
    8 C  -0.0619   1.082  2.980  0.000
    9 C  -0.0245   1.121  2.904  0.000
   10 C  -0.0619   1.082  2.980  0.000
   11 C   0.0552   1.116  2.829  0.000
   12 O  -0.1207   1.418  4.702  0.000
   13 C  -0.0043   1.018  2.987  0.000
   14 C  -0.0466   1.078  2.968  0.000
   15 C  -0.0386   1.081  2.958  0.000
   16 C   0.0157   1.144  2.840  0.000
   17 N  -0.0507   1.189  3.862  0.000
   18 C   0.0669   1.134  2.799  0.000
   19 C  -0.0262   1.083  2.943  0.000
   20 C  -0.0210   1.087  2.934  0.000
   21 C  -0.0043   1.118  2.886  0.000
   22 C   0.0423   1.150  2.808  0.000
   23 C  -0.0154   1.107  2.909  0.000
   24 C   0.0879   1.142  2.770  0.000
   25 N  -0.2033   1.604  3.599  0.000
   26 C   0.0822   1.174  2.744  0.000
   27 C  -0.0613   1.000  3.061  0.000
   28 N  -0.1844   1.428  3.756  0.000
   29 C   0.0822   1.174  2.744  0.000
   30 C  -0.0613   1.000  3.061  0.000
   31 C  -0.0154   1.107  2.909  0.000
   32 C   0.0878   1.142  2.770  0.000
   33 N  -0.2033   1.604  3.599  0.000
   34 C  -0.0210   1.087  2.934  0.000
   35 C  -0.0262   1.083  2.943  0.000
   36 H   0.0379   0.962  0.000  0.000
   37 H   0.0402   0.960  0.000  0.000
   38 H   0.0379   0.962  0.000  0.000
   39 H   0.0351   0.965  0.000  0.000
   40 H   0.0383   0.962  0.000  0.000
   41 H   0.0342   0.966  0.000  0.000
   42 H   0.0342   0.966  0.000  0.000
   43 H   0.0379   0.962  0.000  0.000
   44 H   0.0402   0.960  0.000  0.000
   45 H   0.0379   0.962  0.000  0.000
   46 H   0.0351   0.965  0.000  0.000
   47 H   0.0383   0.962  0.000  0.000
   48 H   0.0370   0.963  0.000  0.000
   49 H   0.0386   0.961  0.000  0.000
   50 H   0.0454   0.955  0.000  0.000
   51 H   0.0519   0.948  0.000  0.000
   52 H   0.0514   0.949  0.000  0.000
   53 H   0.0519   0.948  0.000  0.000
   54 H   0.0514   0.949  0.000  0.000
   55 H   0.0454   0.955  0.000  0.000
   56 H   0.0386   0.961  0.000  0.000
   57 H   0.0370   0.963  0.000  0.000
 
 Wiberg/Mayer (AO) data. WBOs > 0.1 written file <wbo>
 largest (>0.05) Wiberg bond orders for each atom
           total WBO             WBO to atom ...
     1  C   3.958    O    2 0.994    H   37 0.989    H   36 0.980    H   38 0.980
     2  O   2.209    C    3 1.037    C    1 0.994    C    8 0.056
     3  C   3.934    C    8 1.405    C    4 1.329    O    2 1.037    C    6 0.083
     4  C   3.952    C    5 1.474    C    3 1.329    H   39 0.945    C    7 0.088
     5  C   3.968    C    4 1.474    C    6 1.358    H   40 0.941    C    8 0.098
     6  C   3.927    C    5 1.358    C    7 1.274    N   17 1.045    C    3 0.083
     7  C   3.955    C    8 1.348    C    6 1.274    C    9 1.087    C    4 0.088
     8  C   3.958    C    3 1.405    C    7 1.348    H   41 0.943    C    5 0.098    O    2 0.056
     9  C   3.955    C   10 1.348    C   16 1.274    C    7 1.087    C   14 0.088
    10  C   3.958    C   11 1.405    C    9 1.348    H   42 0.943    C   15 0.098    O   12 0.056
    11  C   3.934    C   10 1.405    C   14 1.329    O   12 1.037    C   16 0.083
    12  O   2.209    C   11 1.037    C   13 0.994    C   10 0.056
    13  C   3.958    O   12 0.994    H   44 0.989    H   45 0.980    H   43 0.980
    14  C   3.952    C   15 1.474    C   11 1.329    H   46 0.945    C    9 0.088
    15  C   3.968    C   14 1.474    C   16 1.358    H   47 0.941    C   10 0.098
    16  C   3.927    C   15 1.358    C    9 1.274    N   17 1.045    C   11 0.083
    17  N   3.434    C    6 1.045    C   16 1.045    C   18 0.993
    18  C   3.928    C   19 1.369    C   35 1.369    N   17 0.993    C   21 0.100
    19  C   3.967    C   20 1.456    C   18 1.369    H   48 0.944    C   34 0.101
    20  C   3.969    C   19 1.456    C   21 1.360    H   49 0.942    C   35 0.101
    21  C   3.954    C   20 1.360    C   34 1.360    C   22 1.008    C   18 0.100
    22  C   3.941    C   31 1.297    C   23 1.297    C   21 1.008    N   28 0.087    N   25 0.065    N   33 0.065
    23  C   3.959    C   22 1.297    C   26 1.292    C   24 1.062    C   29 0.079    N   25 0.077
    24  C   3.938    N   25 2.812    C   23 1.062
    25  N   3.077    C   24 2.812    C   23 0.077    C   26 0.069    C   22 0.065
    26  C   3.922    N   28 1.393    C   23 1.292    C   27 1.001    C   31 0.079    N   25 0.069
    27  C   3.982    C   26 1.001    H   50 0.979    H   52 0.965    H   51 0.964
    28  N   3.111    C   29 1.393    C   26 1.393    C   22 0.087
    29  C   3.922    N   28 1.393    C   31 1.292    C   30 1.001    C   23 0.079    N   33 0.069
    30  C   3.982    C   29 1.001    H   55 0.979    H   54 0.965    H   53 0.965
    31  C   3.959    C   22 1.297    C   29 1.292    C   32 1.062    C   26 0.079    N   33 0.077
    32  C   3.938    N   33 2.812    C   31 1.062
    33  N   3.077    C   32 2.812    C   31 0.077    C   29 0.069    C   22 0.065
    34  C   3.969    C   35 1.456    C   21 1.360    H   56 0.942    C   19 0.101
    35  C   3.967    C   34 1.456    C   18 1.369    H   57 0.944    C   20 0.101
    36  H   0.998    C    1 0.980
    37  H   0.998    C    1 0.989
    38  H   0.998    C    1 0.980
    39  H   0.997    C    4 0.945
    40  H   0.996    C    5 0.941
    41  H   0.997    C    8 0.943
    42  H   0.997    C   10 0.943
    43  H   0.998    C   13 0.980
    44  H   0.998    C   13 0.989
    45  H   0.998    C   13 0.980
    46  H   0.997    C   14 0.945
    47  H   0.996    C   15 0.941
    48  H   0.996    C   19 0.944
    49  H   0.997    C   20 0.942
    50  H   0.996    C   27 0.979
    51  H   0.995    C   27 0.964
    52  H   0.996    C   27 0.965
    53  H   0.995    C   30 0.965
    54  H   0.996    C   30 0.965
    55  H   0.996    C   30 0.979
    56  H   0.997    C   34 0.942
    57  H   0.996    C   35 0.944
 
 --------------------------------------------
          xTB calculation for sTDA...
 --------------------------------------------
 
 reading parameter file /home/penavora/Exe_xtb_crest/.param_stda2.xtb
 
      method parameters     
 k(s)        :  1.6000
 k(p)        :  2.1800
 k(d)        :  1.9500
 k(f)        :  2.0000
 k(R-V)      :  2.2750
 k(R-R)      :  1.7650
 Tscal       :  0.2580
 Gscal       :  1.0000
 fpol        :  1.0000
 Zcnf        :  0.3430
 Zqf         :  0.0000
 kcn         :  2.7000
 Ryd Hsplit  :  0.7000
 lshift(virt):  3.1000
 lshift(OS)  :  0.2000
 wllscaling  :  2.6000
 
 mowrcut     : 3.000
 
  Z AO/shell   Hii/eV     exponent
  1     Sun Feb 14 09:53:25 CET 2016    EN: 2.327 GAM: 0.473  GM3: 0.0000
     1s    -14.339618    1.220000
     2sp    -3.348946    0.600000
  6     Sun Feb 14 09:53:25 CET 2016    EN: 2.731 GAM: 0.422  GM3: 0.0000
     2s    -22.009312    1.565095
     2p    -13.020408    1.596905
     3sp    -3.914040    0.824500
  7     Sun Feb 14 09:53:25 CET 2016    EN: 3.573 GAM: 0.504  GM3: 0.0000
     2s    -25.722000    2.064844
     2p    -18.684912    1.801692
     3sp    -4.344791    0.921400
  8     Sun Feb 14 09:53:25 CET 2016    EN: 3.700 GAM: 0.587  GM3: 0.0000
     2s    -33.859000    2.418661
     2p    -22.175911    1.973969
     3sp    -4.259392    1.013700
 
 Nbf   :          390
 T(el) :     0.0
 calculating S/T integrals ...
 cpu time for ints    7.28963500000000     
 Nao   :          390
 making H0...
 making H1...
 cpu time for H      3.959000000000046E-003
 solving ...
 cpu time for diag   0.474629000000000     
 
 gap (eV)           :   6.004
 Koopmans IP (eV)   :  13.703
 Eel (Eh)           :  -150.229978

          eigenvalues
 #    :          73         74         75         76         77         78         79         80
 occ. :        2.000      2.000      2.000      2.000      2.000      2.000      2.000      2.000
 eps  :       -18.611    -18.219    -18.028    -17.997    -17.535    -16.964    -16.689    -16.662
 #    :          81         82         83         84         85         86         87         88
 occ. :        2.000      2.000      2.000      2.000      2.000      0.000      0.000      0.000
 eps  :       -16.535    -15.983    -15.631    -14.669    -13.704     -7.700     -7.620     -6.511
 #    :          89         90         91         92         93         94         95         96
 occ. :        0.000      0.000      0.000      0.000      0.000      0.000      0.000      0.000
 eps  :        -6.078     -5.790     -5.409     -5.365     -5.045     -4.795     -4.725     -4.683
                            1  SCC done.
 writing mo output ...
 molden style : F
 
speedup 27.68
cpu  time for all   11.44 s
wall time for all    0.41 s
