 
        ______________________________________
       |                                      |
       |          ===================         |
       |             xTB for sTDA             |
       |          ===================         |
       |               S. Grimme              |
       |        Universitaet Bonn, MCTC       |
       |         2015-19, Version 1.0         |
       |     Wed Apr  3 09:14:55 CEST 2019    |
       |______________________________________|
 
        This code comes without any warranty
        for non-commercial, academia use only.
        Preliminary test version.
        Cite this work as:
        S. Grimme  &  C. Bannwarth, JCP 145 (2016) 054103
        if GBSA is used additionally:
        P. Shushkov, F. März, C. Bannwarth, S. Grimme, unpublished.
 
        with help from
        P. Shushkov, G. Brandenburg, S. Dohm, J. Pisarek,
        F. März, M. Checinski, S. Ehrlich, S. Spicher, 
        P. Pracht, E. Caldeweyher, S. Ehlert, and C. Bannwarth.
 
        usage        :
        xtb4stda <coord_file> [options]
        where <coord_file> is a valid file of TM)
        (*coord, Bohr) or xmol (*xyz, Angstroem)
        format.

        options:
        -chrg <int>   : molecular charge
        -uhf  <int>   : # of unpaired electrons(=2*S)
        -nox          : skip second, extended part in sTDA-xTB
        -pop          : do population analysis
                      : (default for -nox)
        -mowr <real>  : cut MO write above (def.3 Eh)
        -molden       : write formatted molden file
        -parx <file>  : read parameters for sTDA-xTB
                        calc (def:~/.param_stda2.xtb)
        -parv <file>  : read parameters for vTB part in
                        sTDA-xTB (def: ~/.param_stda1.xtb)
        -xtemp <real> : el. temp for xTB (def. 0 K)
        -etemp <real> : el. temp for GFN (def. 300 K)
        -fod          : calculate the FOD and write
                        molden.input file with
                        appropriate occupations
                        for plotting. Def. T=12500 K
 
        -acc <real>   : xTB accuracy (def. 1.0)
        -gbsa [string1] [string2]
                        use GBSA implicit solvent
                        for solvent [string1] and
                        solvation state [string2]=
                        reference, bar1M (default=1M)
        additional GFN/opt/MD/siman options read from
        $XTB4STDAHOME/.xtb4stdarc or $set in input
 
       spin and charge state information can be on:
       <.CHRG> (charge) and <.UHF> (=nalpha-nbeta)
       -uhf and -chrg override the file info.
       useful machine settings:
       setenv MKL_NUM_THREADS <NCORE_ON_YOUR_MACHINE>
       setenv OMP_STACKSIZE 500m
       limit stacksize unlimited
 
       total energies in Eh, gaps/HL energies in eV
       please read REVISION and HOWTO files carefully
 =============================
  # OMP threads =          48
 =============================
 
 xtb4stdahome directory:/home/penavora/Exe_xtb_crest/
 
 argument            1 :--gbsa
 argument            2 :toluene
 
 name of molecule           :
 comment line               :
 number of atoms            :    89
 number of electrons        :   262
 charge                     :  0
 spin                       : 0.0
 first test random number   :  0.8068
 
 -----------------------------------------
      charge density (VTB) calculation
 -----------------------------------------
 
      method parameters     
 k(s)        :  1.8000
 k(p)        :  2.8350
 k(d)        :  2.0860
 k(f)        :  2.0000
 Tscal       :  0.3300
 Gscal       :  0.3910
 fpol        :  1.0000
 Zcnf        :  0.6500
 Zqf         :  0.0000
 kcn         :  0.3000
 kEN1        : -0.5900
 wllscal     :  2.6000
 
 Solvent             : toluene
 GBSA parameter file : /home/penavora/Exe_xtb_crest/.param_gbsa_toluene
 Gsolv ref. state (COSMO-RS): gsolv [1 M gas/solution]
 temperature (mdtemp)       :    298.150000000000     
 dielectric constant        :    7.00000000000000     
 rho                        :   0.867000000000000     
 mass                       :    92.1400000000000     
 surface tension            :    15.5689470637553     
 probe radius               :   0.641644990000000     
 vdW radii scaling          :    1.00000000000000     
 Gshift (Eh)                :   4.228772547061559E-003
 c1                         :    1.59772343000000     
 soset                      :   0.281999450000000     
 HB correction              :  F
 
 doing EN charges ...
 sum q :  0.0000000D+00
 point charge moment (au)
     X       Y       Z   
  -0.3004   0.4504  -0.2298  total (Debye):    1.495
 
            Z      q(EN)   CN      Cart. coordinates
     1  C   4.0  -0.074   3.144    21.97051     0.22452     0.13896
     2  C   4.0  -0.072   3.145    20.05881     1.34888    -1.25117
     3  C   4.0  -0.072   3.188    17.59197     0.51743    -1.01765
     4  C   4.0   0.008   3.213    17.01564    -1.45259     0.63151
     5  C   4.0   0.206   3.548    14.45793    -2.40455     0.93398
     6  N   5.0  -0.116   2.326    13.88609    -4.77592     1.34831
     7  N   5.0  -0.117   2.331    11.37330    -4.97930     1.47954
     8  C   4.0   0.205   3.544    10.38333    -2.73295     1.15889
     9  C   4.0   0.008   3.213     7.68973    -2.21828     1.18844
    10  C   4.0  -0.072   3.195     6.04266    -4.14179     0.44934
    11  C   4.0  -0.072   3.186     3.46913    -3.74119     0.41688
    12  C   4.0  -0.005   3.222     2.45825    -1.40754     1.11260
    13  C   4.0  -0.005   3.222    -0.28026    -0.96190     1.02840
    14  C   4.0  -0.073   3.187    -1.97561    -2.80741     1.83850
    15  C   4.0  -0.072   3.185    -4.55123    -2.40408     1.74266
    16  C   4.0   0.008   3.215    -5.51169    -0.14027     0.79696
    17  C   4.0   0.193   3.594    -8.19737     0.40890     0.62178
    18  N   5.0  -0.197   2.262    -9.11967     2.69057     0.92496
    19  C   4.0   0.080   3.566   -11.65901     2.47510     0.61323
    20  C   4.0   0.005   3.268   -13.51202     4.41568     0.80023
    21  C   4.0  -0.071   3.182   -12.84102     6.90057     1.40723
    22  C   4.0  -0.072   3.138   -14.66038     8.73794     1.61576
    23  C   4.0  -0.072   3.142   -17.18651     8.10534     1.22132
    24  C   4.0  -0.073   3.182   -17.86710     5.67058     0.61638
    25  C   4.0  -0.003   3.264   -16.06190     3.74167     0.37309
    26  C   4.0  -0.003   3.266   -16.71569     1.16413    -0.31428
    27  C   4.0  -0.074   3.186   -19.21224     0.46678    -0.86805
    28  C   4.0  -0.072   3.139   -19.84498    -1.94989    -1.58317
    29  C   4.0  -0.072   3.139   -17.97980    -3.78999    -1.80487
    30  C   4.0  -0.072   3.182   -15.51254    -3.18773    -1.27125
    31  C   4.0   0.005   3.250   -14.83226    -0.74595    -0.49643
    32  C   4.0   0.102   3.479   -12.30374    -0.02156     0.07296
    33  N   5.0  -0.320   3.349   -10.05794    -1.33663     0.10949
    34  C   4.0   0.086   3.248    -9.64422    -3.93594    -0.34051
    35  C   4.0  -0.069   3.184   -10.49484    -5.72540     1.38964
    36  C   4.0  -0.073   3.146   -10.03142    -8.26143     0.95821
    37  C   4.0  -0.074   3.144    -8.71955    -9.01570    -1.17997
    38  C   4.0  -0.073   3.146    -7.86939    -7.23019    -2.89472
    39  C   4.0  -0.069   3.186    -8.32695    -4.68810    -2.48394
    40  C   4.0  -0.072   3.196    -3.81598     1.72996     0.02686
    41  C   4.0  -0.072   3.185    -1.24576     1.32633     0.14353
    42  C   4.0  -0.073   3.188     4.10772     0.49142     1.89366
    43  C   4.0  -0.071   3.187     6.68467     0.09386     1.94973
    44  N   5.0  -0.318   3.346    12.28147    -0.99444     0.78983
    45  C   4.0   0.089   3.268    12.07737     1.63842     0.44313
    46  C   4.0  -0.068   3.185    13.10720     3.22874     2.21738
    47  C   4.0  -0.071   3.137    12.90320     5.85325     1.93606
    48  C   4.0  -0.072   3.174    11.65730     6.85196    -0.09439
    49  C   4.0  -0.005   3.255    10.59005     5.27122    -1.95857
    50  C   4.0  -0.073   3.176     9.30372     6.26583    -4.07214
    51  C   4.0  -0.072   3.137     8.30617     4.70515    -5.87212
    52  C   4.0  -0.072   3.140     8.57145     2.07573    -5.65515
    53  C   4.0  -0.070   3.181     9.80224     1.04691    -3.62965
    54  C   4.0  -0.002   3.287    10.81618     2.60669    -1.72100
    55  C   4.0  -0.073   3.194    18.95433    -2.60408     1.99638
    56  C   4.0  -0.072   3.143    21.41396    -1.76322     1.75209
    57  H   1.0   0.074   1.004    23.89220     0.88568    -0.04590
    58  H   1.0   0.074   1.004    20.48697     2.87843    -2.53310
    59  H   1.0   0.076   1.006    16.12523     1.38122    -2.14438
    60  H   1.0   0.076   1.006     6.83076    -5.93976    -0.10418
    61  H   1.0   0.075   1.005     2.22379    -5.23594    -0.19875
    62  H   1.0   0.075   1.005    -1.26526    -4.56205     2.60113
    63  H   1.0   0.077   1.007    -5.81019    -3.84557     2.44551
    64  H   1.0   0.076   1.005   -10.86538     7.30775     1.71115
    65  H   1.0   0.074   1.004   -14.14815    10.65689     2.08710
    66  H   1.0   0.074   1.004   -18.62765     9.54184     1.39402
    67  H   1.0   0.076   1.006   -19.84527     5.27015     0.33515
    68  H   1.0   0.076   1.006   -20.70012     1.85300    -0.74958
    69  H   1.0   0.074   1.004   -21.79032    -2.41329    -1.99306
    70  H   1.0   0.074   1.004   -18.46494    -5.68121    -2.39961
    71  H   1.0   0.077   1.008   -14.06945    -4.61119    -1.47417
    72  H   1.0   0.075   1.005   -11.51391    -5.11340     3.05025
    73  H   1.0   0.074   1.004   -10.69263    -9.64895     2.29985
    74  H   1.0   0.074   1.004    -8.35891   -10.99661    -1.50648
    75  H   1.0   0.074   1.004    -6.84780    -7.81307    -4.56138
    76  H   1.0   0.075   1.005    -7.66937    -3.27776    -3.80496
    77  H   1.0   0.076   1.006    -4.56528     3.49404    -0.67004
    78  H   1.0   0.075   1.005     0.03524     2.77827    -0.50168
    79  H   1.0   0.075   1.006     3.35880     2.28742     2.50847
    80  H   1.0   0.076   1.007     7.90906     1.58280     2.61762
    81  H   1.0   0.075   1.005    14.06766     2.44345     3.83974
    82  H   1.0   0.074   1.004    13.72685     7.06647     3.35355
    83  H   1.0   0.075   1.005    11.47371     8.87331    -0.30556
    84  H   1.0   0.075   1.005     9.12600     8.29271    -4.23790
    85  H   1.0   0.074   1.004     7.32009     5.48191    -7.48102
    86  H   1.0   0.074   1.004     7.79977     0.86176    -7.10246
    87  H   1.0   0.076   1.007    10.01113    -0.97983    -3.48830
    88  H   1.0   0.076   1.005    18.48924    -4.15454     3.23742
    89  H   1.0   0.074   1.004    22.90208    -2.65918     2.82352
 
  Z AO/shell   Hii/eV     exponent
  1     Sat Feb 20 21:38:01 CET 2016    EN: 2.327 GAM: 0.473  GM3: 0.0000
     1s    -13.751157    1.051071
  6     Sat Feb 20 21:38:01 CET 2016    EN: 2.731 GAM: 0.422  GM3: 0.0000
     2s    -19.378245    2.021003
     2p    -11.993376    1.497917
  7     Sat Feb 20 21:38:01 CET 2016    EN: 3.573 GAM: 0.504  GM3: 0.0000
     2s    -21.576984    2.275442
     2p    -16.125120    2.056788
 
 dipole moment of classical point charges (au)
     X       Y       Z   
  -0.3004   0.4504  -0.2298  total (Debye):    1.495

 
 Nbf   :          257
 T(el) :   300.0
 calculating S/T integrals ...
 cpu time for ints    1.62570000000000     
 Nao   :          257
 making H0...
 making H1...
 cpu time for H      0.301248000000000     
 solving ...
 cpu time for diag    1.03225300000000     
 
 gap (eV)           :   4.612
 Koopmans IP (eV)   :  13.128
 Eel (Eh)           :  -206.090208
 T,E(Fermi),NFOD :    300.000   -10.822  0.000000
 T,E(Fermi),NFOD :    300.000   -10.822  0.000000
 Nfod               :  0.0000
 Nfod/Nel           :  0.0000

          eigenvalues
 #    :         119        120        121        122        123        124        125        126
 occ. :        2.000      2.000      2.000      2.000      2.000      2.000      2.000      2.000
 eps  :       -15.639    -15.579    -15.562    -15.531    -15.472    -15.418    -15.095    -15.034
 #    :         127        128        129        130        131        132        133        134
 occ. :        2.000      2.000      2.000      2.000      2.000      0.000      0.000      0.000
 eps  :       -14.889    -14.404    -14.359    -13.820    -13.129     -8.517     -8.028     -7.764
 #    :         135        136        137        138        139        140        141        142
 occ. :        0.000      0.000      0.000      0.000      0.000      0.000      0.000      0.000
 eps  :        -7.289     -7.195     -6.811     -6.779     -6.552     -5.844     -5.580     -5.391
                            1  SCC done.
 making H1...
 cpu time for H       1.23833700000000     
 solving ...
 cpu time for diag   0.941960000000000     
 
 gap (eV)           :   4.432
 Koopmans IP (eV)   :  13.163
 Eel (Eh)           :  -207.134076
 T,E(Fermi),NFOD :    300.000   -10.947  0.000000
 T,E(Fermi),NFOD :    300.000   -10.947  0.000000
 Nfod               :  0.0000
 Nfod/Nel           :  0.0000

          eigenvalues
 #    :         119        120        121        122        123        124        125        126
 occ. :        2.000      2.000      2.000      2.000      2.000      2.000      2.000      2.000
 eps  :       -15.845    -15.822    -15.805    -15.670    -15.502    -15.380    -15.334    -15.104
 #    :         127        128        129        130        131        132        133        134
 occ. :        2.000      2.000      2.000      2.000      2.000      0.000      0.000      0.000
 eps  :       -14.954    -14.363    -14.299    -14.072    -13.164     -8.732     -8.172     -7.769
 #    :         135        136        137        138        139        140        141        142
 occ. :        0.000      0.000      0.000      0.000      0.000      0.000      0.000      0.000
 eps  :        -7.549     -7.130     -7.045     -6.891     -6.786     -5.967     -5.822     -5.598
                            2  SCC done.
 
 
 Mulliken/CM5 charges    n(s)   n(p)   n(d)   
    1 C  -0.0158 -0.0722   1.139  2.877  0.000
    2 C  -0.0127 -0.0690   1.136  2.877  0.000
    3 C  -0.0400 -0.0919   1.145  2.895  0.000
    4 C   0.0100  0.0114   1.157  2.833  0.000
    5 C   0.0849  0.2420   1.228  2.687  0.000
    6 N  -0.2597 -0.3617   1.575  3.684  0.000
    7 N  -0.2568 -0.3596   1.574  3.682  0.000
    8 C   0.0871  0.2432   1.226  2.687  0.000
    9 C   0.0127  0.0139   1.156  2.832  0.000
   10 C  -0.0290 -0.0803   1.141  2.888  0.000
   11 C  -0.0197 -0.0732   1.139  2.880  0.000
   12 C   0.0103  0.0012   1.169  2.821  0.000
   13 C   0.0013 -0.0078   1.167  2.831  0.000
   14 C  -0.0240 -0.0776   1.140  2.884  0.000
   15 C  -0.0359 -0.0879   1.143  2.893  0.000
   16 C   0.0189  0.0204   1.157  2.824  0.000
   17 C   0.0732  0.2192   1.222  2.705  0.000
   18 N  -0.2569 -0.4370   1.535  3.722  0.000
   19 C  -0.0147  0.0644   1.181  2.834  0.000
   20 C   0.0112  0.0117   1.164  2.825  0.000
   21 C  -0.0447 -0.0963   1.138  2.907  0.000
   22 C  -0.0395 -0.0956   1.137  2.902  0.000
   23 C  -0.0406 -0.0970   1.136  2.905  0.000
   24 C  -0.0450 -0.0992   1.142  2.903  0.000
   25 C  -0.0116 -0.0159   1.171  2.841  0.000
   26 C  -0.0068 -0.0112   1.171  2.836  0.000
   27 C  -0.0437 -0.0978   1.141  2.903  0.000
   28 C  -0.0354 -0.0919   1.136  2.899  0.000
   29 C  -0.0311 -0.0875   1.137  2.894  0.000
   30 C  -0.0492 -0.1016   1.142  2.907  0.000
   31 C   0.0015  0.0013   1.169  2.830  0.000
   32 C   0.0181  0.0927   1.189  2.793  0.000
   33 N  -0.0781 -0.3173   1.263  3.815  0.000
   34 C   0.0532  0.1053   1.175  2.771  0.000
   35 C  -0.0287 -0.0788   1.139  2.889  0.000
   36 C  -0.0193 -0.0758   1.136  2.883  0.000
   37 C  -0.0234 -0.0799   1.135  2.888  0.000
   38 C  -0.0196 -0.0758   1.136  2.884  0.000
   39 C  -0.0321 -0.0807   1.139  2.894  0.000
   40 C  -0.0257 -0.0768   1.140  2.886  0.000
   41 C  -0.0240 -0.0774   1.140  2.884  0.000
   42 C  -0.0176 -0.0712   1.139  2.878  0.000
   43 C  -0.0378 -0.0896   1.145  2.893  0.000
   44 N  -0.0582 -0.2931   1.272  3.786  0.000
   45 C   0.0315  0.0875   1.183  2.785  0.000
   46 C  -0.0303 -0.0784   1.140  2.890  0.000
   47 C  -0.0167 -0.0729   1.135  2.882  0.000
   48 C  -0.0170 -0.0708   1.140  2.877  0.000
   49 C   0.0008 -0.0068   1.166  2.833  0.000
   50 C  -0.0220 -0.0758   1.141  2.882  0.000
   51 C  -0.0248 -0.0811   1.136  2.889  0.000
   52 C  -0.0204 -0.0767   1.136  2.885  0.000
   53 C  -0.0551 -0.1065   1.140  2.915  0.000
   54 C  -0.0128 -0.0133   1.170  2.842  0.000
   55 C  -0.0347 -0.0861   1.141  2.894  0.000
   56 C  -0.0188 -0.0750   1.136  2.883  0.000
   57 H   0.0509  0.1073   0.949  0.000  0.000
   58 H   0.0521  0.1086   0.948  0.000  0.000
   59 H   0.0455  0.1075   0.955  0.000  0.000
   60 H   0.0398  0.1015   0.960  0.000  0.000
   61 H   0.0502  0.1085   0.950  0.000  0.000
   62 H   0.0474  0.1056   0.953  0.000  0.000
   63 H   0.0480  0.1104   0.952  0.000  0.000
   64 H   0.0351  0.0959   0.965  0.000  0.000
   65 H   0.0429  0.0993   0.957  0.000  0.000
   66 H   0.0448  0.1013   0.955  0.000  0.000
   67 H   0.0468  0.1055   0.953  0.000  0.000
   68 H   0.0464  0.1053   0.954  0.000  0.000
   69 H   0.0452  0.1017   0.955  0.000  0.000
   70 H   0.0463  0.1028   0.954  0.000  0.000
   71 H   0.0449  0.1084   0.955  0.000  0.000
   72 H   0.0404  0.1008   0.960  0.000  0.000
   73 H   0.0503  0.1068   0.950  0.000  0.000
   74 H   0.0469  0.1035   0.953  0.000  0.000
   75 H   0.0497  0.1063   0.950  0.000  0.000
   76 H   0.0395  0.1002   0.961  0.000  0.000
   77 H   0.0410  0.1026   0.959  0.000  0.000
   78 H   0.0473  0.1056   0.953  0.000  0.000
   79 H   0.0514  0.1097   0.949  0.000  0.000
   80 H   0.0493  0.1119   0.951  0.000  0.000
   81 H   0.0443  0.1055   0.956  0.000  0.000
   82 H   0.0588  0.1154   0.941  0.000  0.000
   83 H   0.0521  0.1096   0.948  0.000  0.000
   84 H   0.0477  0.1051   0.952  0.000  0.000
   85 H   0.0469  0.1034   0.953  0.000  0.000
   86 H   0.0452  0.1018   0.955  0.000  0.000
   87 H   0.0339  0.0979   0.966  0.000  0.000
   88 H   0.0358  0.0969   0.964  0.000  0.000
   89 H   0.0481  0.1046   0.952  0.000  0.000
 Hirshfeld charges for QMDFF written to <charges>
 
 Loewdin charges    n(s)   n(p)   n(d)
    1 C  -0.0073   1.084  2.923  0.000
    2 C  -0.0052   1.081  2.924  0.000
    3 C  -0.0335   1.091  2.943  0.000
    4 C   0.0128   1.113  2.874  0.000
    5 C   0.0688   1.201  2.730  0.000
    6 N  -0.2519   1.551  3.701  0.000
    7 N  -0.2492   1.550  3.699  0.000
    8 C   0.0710   1.200  2.729  0.000
    9 C   0.0150   1.113  2.872  0.000
   10 C  -0.0227   1.087  2.936  0.000
   11 C  -0.0154   1.086  2.929  0.000
   12 C   0.0169   1.125  2.858  0.000
   13 C   0.0075   1.123  2.869  0.000
   14 C  -0.0194   1.086  2.933  0.000
   15 C  -0.0301   1.089  2.941  0.000
   16 C   0.0211   1.114  2.865  0.000
   17 C   0.0578   1.195  2.747  0.000
   18 N  -0.2413   1.503  3.738  0.000
   19 C  -0.0244   1.148  2.877  0.000
   20 C   0.0126   1.122  2.866  0.000
   21 C  -0.0396   1.084  2.955  0.000
   22 C  -0.0310   1.082  2.949  0.000
   23 C  -0.0330   1.081  2.952  0.000
   24 C  -0.0399   1.089  2.951  0.000
   25 C  -0.0091   1.128  2.881  0.000
   26 C  -0.0045   1.129  2.876  0.000
   27 C  -0.0388   1.088  2.951  0.000
   28 C  -0.0278   1.081  2.947  0.000
   29 C  -0.0229   1.081  2.941  0.000
   30 C  -0.0451   1.089  2.956  0.000
   31 C   0.0040   1.126  2.870  0.000
   32 C   0.0050   1.157  2.838  0.000
   33 N  -0.0323   1.220  3.813  0.000
   34 C   0.0522   1.138  2.810  0.000
   35 C  -0.0251   1.086  2.939  0.000
   36 C  -0.0107   1.081  2.930  0.000
   37 C  -0.0163   1.081  2.936  0.000
   38 C  -0.0110   1.081  2.930  0.000
   39 C  -0.0289   1.086  2.943  0.000
   40 C  -0.0200   1.086  2.934  0.000
   41 C  -0.0193   1.086  2.933  0.000
   42 C  -0.0133   1.086  2.927  0.000
   43 C  -0.0311   1.091  2.941  0.000
   44 N  -0.0130   1.230  3.783  0.000
   45 C   0.0282   1.147  2.825  0.000
   46 C  -0.0268   1.087  2.940  0.000
   47 C  -0.0078   1.079  2.929  0.000
   48 C  -0.0125   1.087  2.925  0.000
   49 C   0.0068   1.122  2.871  0.000
   50 C  -0.0171   1.087  2.930  0.000
   51 C  -0.0170   1.081  2.936  0.000
   52 C  -0.0130   1.081  2.932  0.000
   53 C  -0.0502   1.087  2.963  0.000
   54 C  -0.0111   1.128  2.883  0.000
   55 C  -0.0287   1.088  2.941  0.000
   56 C  -0.0111   1.081  2.930  0.000
   57 H   0.0413   0.959  0.000  0.000
   58 H   0.0423   0.958  0.000  0.000
   59 H   0.0363   0.964  0.000  0.000
   60 H   0.0315   0.968  0.000  0.000
   61 H   0.0409   0.959  0.000  0.000
   62 H   0.0385   0.961  0.000  0.000
   63 H   0.0389   0.961  0.000  0.000
   64 H   0.0276   0.972  0.000  0.000
   65 H   0.0348   0.965  0.000  0.000
   66 H   0.0365   0.964  0.000  0.000
   67 H   0.0394   0.961  0.000  0.000
   68 H   0.0391   0.961  0.000  0.000
   69 H   0.0368   0.963  0.000  0.000
   70 H   0.0377   0.962  0.000  0.000
   71 H   0.0366   0.963  0.000  0.000
   72 H   0.0321   0.968  0.000  0.000
   73 H   0.0410   0.959  0.000  0.000
   74 H   0.0383   0.962  0.000  0.000
   75 H   0.0405   0.959  0.000  0.000
   76 H   0.0310   0.969  0.000  0.000
   77 H   0.0325   0.968  0.000  0.000
   78 H   0.0385   0.961  0.000  0.000
   79 H   0.0419   0.958  0.000  0.000
   80 H   0.0398   0.960  0.000  0.000
   81 H   0.0355   0.964  0.000  0.000
   82 H   0.0485   0.951  0.000  0.000
   83 H   0.0428   0.957  0.000  0.000
   84 H   0.0388   0.961  0.000  0.000
   85 H   0.0381   0.962  0.000  0.000
   86 H   0.0367   0.963  0.000  0.000
   87 H   0.0269   0.973  0.000  0.000
   88 H   0.0279   0.972  0.000  0.000
   89 H   0.0390   0.961  0.000  0.000
 
 Wiberg/Mayer (AO) data. WBOs > 0.1 written file <wbo>
 largest (>0.05) Wiberg bond orders for each atom
           total WBO             WBO to atom ...
     1  C   3.969    C    2 1.425    C   56 1.421    H   57 0.946    C    4 0.102
     2  C   3.973    C    3 1.443    C    1 1.425    H   58 0.944    C   55 0.106
     3  C   3.971    C    2 1.443    C    4 1.363    H   59 0.944    C   56 0.106
     4  C   3.955    C    3 1.363    C   55 1.356    C    5 1.028    C    1 0.102
     5  C   3.897    N    6 1.583    N   44 1.122    C    4 1.028
     6  N   3.008    C    5 1.583    N    7 1.135    N   44 0.108
     7  N   3.006    C    8 1.578    N    6 1.135    N   44 0.107
     8  C   3.897    N    7 1.578    N   44 1.116    C    9 1.038
     9  C   3.948    C   43 1.353    C   10 1.343    C    8 1.038    C   12 0.094
    10  C   3.968    C   11 1.465    C    9 1.343    H   60 0.946    C   42 0.099
    11  C   3.968    C   10 1.465    C   12 1.357    H   61 0.943    C   43 0.098
    12  C   3.951    C   42 1.363    C   11 1.357    C   13 1.009    C    9 0.094
    13  C   3.947    C   14 1.363    C   41 1.358    C   12 1.009    C   16 0.095
    14  C   3.968    C   15 1.458    C   13 1.363    H   62 0.944    C   40 0.099
    15  C   3.965    C   14 1.458    C   16 1.355    H   63 0.941    C   41 0.099
    16  C   3.949    C   15 1.355    C   40 1.345    C   17 1.036    C   13 0.095
    17  C   3.894    N   18 1.535    N   33 1.128    C   16 1.036
    18  N   3.049    C   17 1.535    C   19 1.174    N   33 0.126
    19  C   3.938    C   32 1.384    N   18 1.174    C   20 1.133
    20  C   3.953    C   21 1.309    C   25 1.265    C   19 1.133    C   23 0.078
    21  C   3.965    C   22 1.499    C   20 1.309    H   64 0.946    C   24 0.109
    22  C   3.964    C   21 1.499    C   23 1.358    H   65 0.945    C   25 0.082
    23  C   3.963    C   24 1.496    C   22 1.358    H   66 0.945    C   20 0.078
    24  C   3.969    C   23 1.496    C   25 1.319    H   67 0.942    C   21 0.109
    25  C   3.953    C   24 1.319    C   20 1.265    C   26 1.108    C   22 0.082
    26  C   3.949    C   27 1.325    C   31 1.250    C   25 1.108    C   29 0.081
    27  C   3.970    C   28 1.491    C   26 1.325    H   68 0.941    C   30 0.108
    28  C   3.958    C   27 1.491    C   29 1.360    H   69 0.945    C   31 0.077
    29  C   3.966    C   30 1.498    C   28 1.360    H   70 0.944    C   26 0.081
    30  C   3.963    C   29 1.498    C   31 1.305    H   71 0.938    C   27 0.108
    31  C   3.952    C   30 1.305    C   26 1.250    C   32 1.152    C   28 0.077
    32  C   3.910    C   19 1.384    C   31 1.152    N   33 1.087
    33  N   3.529    C   17 1.128    C   32 1.087    C   34 0.944    N   18 0.126
    34  C   3.924    C   39 1.394    C   35 1.383    N   33 0.944    C   37 0.110
    35  C   3.970    C   36 1.434    C   34 1.383    H   72 0.947    C   38 0.111
    36  C   3.973    C   35 1.434    C   37 1.427    H   73 0.944    C   39 0.110
    37  C   3.972    C   38 1.432    C   36 1.427    H   74 0.945    C   34 0.110
    38  C   3.973    C   37 1.432    C   39 1.431    H   75 0.944    C   35 0.111
    39  C   3.971    C   38 1.431    C   34 1.394    H   76 0.947    C   36 0.110
    40  C   3.965    C   41 1.465    C   16 1.345    H   77 0.945    C   14 0.099
    41  C   3.968    C   40 1.465    C   13 1.358    H   78 0.944    C   15 0.099
    42  C   3.968    C   43 1.459    C   12 1.363    H   79 0.943    C   10 0.099
    43  C   3.969    C   42 1.459    C    9 1.353    H   80 0.941    C   11 0.098
    44  N   3.575    C    5 1.122    C    8 1.116    C   45 0.943    N    6 0.108    N    7 0.107
    45  C   3.917    C   46 1.508    C   54 1.213    N   44 0.943    C   48 0.113
    46  C   3.969    C   45 1.508    C   47 1.309    H   81 0.945    C   49 0.062
    47  C   3.970    C   48 1.553    C   46 1.309    H   82 0.941    C   54 0.062
    48  C   3.969    C   47 1.553    C   49 1.255    H   83 0.941    C   45 0.113
    49  C   3.958    C   48 1.255    C   50 1.254    C   54 1.222    C   52 0.064    C   46 0.062
    50  C   3.971    C   51 1.557    C   49 1.254    H   84 0.943    C   53 0.117
    51  C   3.974    C   50 1.557    C   52 1.307    H   85 0.945    C   54 0.065
    52  C   3.973    C   53 1.553    C   51 1.307    H   86 0.945    C   49 0.064
    53  C   3.973    C   52 1.553    C   54 1.262    H   87 0.944    C   50 0.117
    54  C   3.956    C   53 1.262    C   49 1.222    C   45 1.213    C   51 0.065    C   47 0.062
    55  C   3.971    C   56 1.448    C    4 1.356    H   88 0.948    C    2 0.106
    56  C   3.973    C   55 1.448    C    1 1.421    H   89 0.945    C    3 0.106
    57  H   0.995    C    1 0.946
    58  H   0.995    C    2 0.944
    59  H   0.998    C    3 0.944
    60  H   0.997    C   10 0.946
    61  H   0.996    C   11 0.943
    62  H   0.996    C   14 0.944
    63  H   0.996    C   15 0.941
    64  H   0.997    C   21 0.946
    65  H   0.994    C   22 0.945
    66  H   0.996    C   23 0.945
    67  H   0.996    C   24 0.942
    68  H   0.996    C   27 0.941
    69  H   0.995    C   28 0.945
    70  H   0.994    C   29 0.944
    71  H   0.997    C   30 0.938
    72  H   0.998    C   35 0.947
    73  H   0.996    C   36 0.944
    74  H   0.997    C   37 0.945
    75  H   0.997    C   38 0.944
    76  H   0.998    C   39 0.947
    77  H   0.997    C   40 0.945
    78  H   0.996    C   41 0.944
    79  H   0.996    C   42 0.943
    80  H   0.996    C   43 0.941
    81  H   0.996    C   46 0.945
    82  H   0.992    C   47 0.941
    83  H   0.996    C   48 0.941
    84  H   0.996    C   50 0.943
    85  H   0.994    C   51 0.945
    86  H   0.996    C   52 0.945
    87  H   0.997    C   53 0.944
    88  H   0.999    C   55 0.948
    89  H   0.996    C   56 0.945
 
 --------------------------------------------
          xTB calculation for sTDA...
 --------------------------------------------
 
 reading parameter file /home/penavora/Exe_xtb_crest/.param_stda2.xtb
 
      method parameters     
 k(s)        :  1.6000
 k(p)        :  2.1800
 k(d)        :  1.9500
 k(f)        :  2.0000
 k(R-V)      :  2.2750
 k(R-R)      :  1.7650
 Tscal       :  0.2580
 Gscal       :  1.0000
 fpol        :  1.0000
 Zcnf        :  0.3430
 Zqf         :  0.0000
 kcn         :  2.7000
 Ryd Hsplit  :  0.7000
 lshift(virt):  3.1000
 lshift(OS)  :  0.2000
 wllscaling  :  2.6000
 
 mowrcut     : 3.000
 
  Z AO/shell   Hii/eV     exponent
  1     Sun Feb 14 09:53:25 CET 2016    EN: 2.327 GAM: 0.473  GM3: 0.0000
     1s    -14.339618    1.220000
     2sp    -3.348946    0.600000
  6     Sun Feb 14 09:53:25 CET 2016    EN: 2.731 GAM: 0.422  GM3: 0.0000
     2s    -22.009312    1.565095
     2p    -13.020408    1.596905
     3sp    -3.914040    0.824500
  7     Sun Feb 14 09:53:25 CET 2016    EN: 3.573 GAM: 0.504  GM3: 0.0000
     2s    -25.722000    2.064844
     2p    -18.684912    1.801692
     3sp    -4.344791    0.921400
 
 Nbf   :          613
 T(el) :     0.0
 calculating S/T integrals ...
 cpu time for ints    5.80572100000000     
 Nao   :          613
 making H0...
 making H1...
 cpu time for H      0.882876999999999     
 solving ...
 cpu time for diag    2.38266100000000     
 
 gap (eV)           :   6.927
 Koopmans IP (eV)   :  14.255
 Eel (Eh)           :  -226.562767

          eigenvalues
 #    :         119        120        121        122        123        124        125        126
 occ. :        2.000      2.000      2.000      2.000      2.000      2.000      2.000      2.000
 eps  :       -16.426    -16.412    -16.386    -16.363    -16.341    -16.209    -16.151    -15.852
 #    :         127        128        129        130        131        132        133        134
 occ. :        2.000      2.000      2.000      2.000      2.000      0.000      0.000      0.000
 eps  :       -15.829    -15.194    -15.117    -15.047    -14.256     -7.329     -7.199     -6.750
 #    :         135        136        137        138        139        140        141        142
 occ. :        0.000      0.000      0.000      0.000      0.000      0.000      0.000      0.000
 eps  :        -6.659     -6.473     -6.145     -6.074     -6.015     -5.950     -5.941     -5.919
                            1  SCC done.
 writing mo output ...
 molden style : F
 
speedup 18.86
cpu  time for all   16.15 s
wall time for all    0.86 s
