  44
 Etot=         -64.7668850460
 C         -5.6822825714        0.0000096896       -0.0003012615
 C         -4.9844741513        0.6437487432       -1.0106074724
 C         -3.6030583687        0.6509836227       -1.0085089834
 C         -2.8862834470       -0.0000542390       -0.0000520310
 C         -1.4235787640       -0.0000387768        0.0000743914
 C         -0.7136398053       -1.2390989421       -0.0245902346
 C         -1.3770868430       -2.4653384689       -0.1220805391
 C         -0.6843658887       -3.6756571134       -0.0746235763
 C          0.6845984273       -3.6756144516        0.0749997809
 C          1.3772508150       -2.4652431744        0.1223439815
 C          0.7137118200       -1.2390599255        0.0248027291
 C          1.4235747855        0.0000334034        0.0001175548
 C          2.8862835393        0.0000441708       -0.0000450322
 C          3.6032451820        0.6507089134        1.0085169852
 C          4.9846646262        0.6434302160        1.0103334169
 C          5.6822431470        0.0000127224       -0.0003371771
 C          4.9844357270       -0.6433868809       -1.0108630402
 C          3.6030174823       -0.6506388937       -1.0087507988
 C          0.7136553992        1.2390974943       -0.0244967632
 C          1.3771253436        2.4653269351       -0.1219426804
 C          0.6844029293        3.6756546693       -0.0745391920
 C         -0.6845689281        3.6756149021        0.0750151134
 C         -1.3772211401        2.4652524432        0.1223629810
 C         -0.7136989447        1.2390566629        0.0248434163
 C         -3.6032640671       -0.6510718642        1.0082698013
 C         -4.9846816106       -0.6437738988        1.0101187674
 H         -6.7624113336        0.0000399399       -0.0003936890
 H         -5.5212787609        1.1410885861       -1.8059556293
 H         -3.0621965942        1.1385174858       -1.8072522554
 H         -2.4498367231       -2.4801260006       -0.2400144877
 H         -1.2309872449       -4.6046337949       -0.1440692947
 H          1.2312820363       -4.6045545539        0.1444618187
 H          2.4500075632       -2.4799475350        0.2402294403
 H          3.0625088010        1.1379686259        1.8075212029
 H          5.5216622225        1.1404945274        1.8057231153
 H          6.7623711014       -0.0000009350       -0.0004519600
 H          5.5212535162       -1.1404602288       -1.8063686723
 H          3.0620978957       -1.1378987640       -1.8076311121
 H          2.4498838007        2.4801071694       -0.2397950612
 H          1.2310403148        4.6046285169       -0.1439147949
 H         -1.2312476258        4.6045564849        0.1444844195
 H         -2.4499797689        2.4799692681        0.2402299477
 H         -3.0625727645       -1.1386339451        1.8071110511
 H         -5.5216523629       -1.1410905263        1.8053693642
