  110
 Etot=        -152.6354465103
 C         -3.8164448332       -5.5370634172       -2.9566690280
 C         -3.4829538376       -4.2983981404       -3.8020517306
 C         -4.7239816728       -3.8608199583       -4.5944193327
 C         -2.3920720723       -4.6891672047       -4.8038973867
 C         -3.0592232675       -3.1666212514       -2.8751562224
 C         -1.8095451212       -2.5485410584       -2.9661876506
 C         -1.4155677127       -1.5288485026       -2.1170821159
 C         -2.2971362766       -1.1156981479       -1.1331562661
 C         -3.5779327898       -1.7003942808       -1.0411748412
 C         -3.9472043073       -2.7189335770       -1.9048989632
 C         -4.2644163658       -1.0212051221        0.0257611300
 C         -5.5227381233       -1.1696132114        0.5861117394
 C         -5.9108627226       -0.3678401099        1.6524817432
 C         -7.3015507564       -0.5468115557        2.2471422097
 C         -7.5849666402        0.4187994488        3.4020217726
 C         -7.4360946851       -1.9809333310        2.7811795219
 C         -8.3511286991       -0.2996273118        1.1530129160
 C         -4.9964436374        0.5651704281        2.1477333924
 C         -3.7328119833        0.7327132915        1.6081216531
 C         -3.3707288434       -0.0502422971        0.5254381535
 N         -2.1787875519       -0.1142995088       -0.1805211331
 C         -1.0616591926        0.6914190985        0.0328275657
 C         -1.2143439286        2.0681185161        0.1809607986
 C         -0.0983736194        2.8676277714        0.4169264993
 C         -0.2124572094        4.3256505525        0.6289517135
 O          0.6591691558        4.9818144147        1.1714582047
 C         -1.4546519639        4.9852587498        0.1468098853
 C         -1.9956645681        4.7814261277       -1.1243281792
 N         -3.0852813561        5.4080776855       -1.5304722814
 C         -3.6365445833        6.2654340972       -0.6901696521
 N         -3.1962134753        6.5645072454        0.5196223935
 C         -2.1168778534        5.9289015835        0.9361399159
 C          1.1683598547        2.2933467260        0.4997812075
 C          1.3297301572        0.9234590689        0.3178330223
 N          2.5981553421        0.3507473436        0.3788742355
 C          2.9495603244       -0.7891568622        1.0858368501
 C          2.1952264070       -1.5948665860        1.9241326082
 C          2.8214325044       -2.6638505218        2.5343218984
 C          4.1781452646       -2.9603353257        2.3495238771
 C          4.7713585234       -4.1708636717        3.0573266420
 C          6.2579244624       -4.3661426124        2.7432353445
 C          4.6248772883       -3.9896771898        4.5755512149
 C          4.0210601047       -5.4341617057        2.6091371241
 C          4.9287931377       -2.1278603088        1.5346621310
 C          4.3243392456       -1.0453732795        0.9091110662
 C          4.8275747992       -0.0101283642        0.0459189006
 C          6.0782309473        0.2497941408       -0.4912466997
 C          6.2623949009        1.3384997208       -1.3344137019
 C          7.6499272630        1.6105816771       -1.9006372775
 C          8.1012307950        0.3979666831       -2.7286767465
 C          7.6936144845        2.8463054547       -2.8047781071
 C          8.6276835485        1.8384259808       -0.7378391440
 C          5.1574669083        2.1388267846       -1.6366411111
 C          3.8977269425        1.9015473634       -1.1149962349
 C          3.7353635776        0.8323332677       -0.2512127123
 C          0.2101689027        0.1258212266        0.0897475109
 H         -4.1046601977       -6.3647400145       -3.6015816880
 H         -2.9481962427       -5.8392806406       -2.3740161171
 H         -4.6350685229       -5.3406462179       -2.2698275187
 H         -4.5025098742       -2.9701469683       -5.1795345829
 H         -5.5567956306       -3.6351858570       -3.9340706210
 H         -5.0330891791       -4.6523374569       -5.2741085967
 H         -2.1416543812       -3.8564928079       -5.4574389145
 H         -2.7502724716       -5.5068161082       -5.4265178349
 H         -1.4930733319       -5.0263645573       -4.2926357689
 H         -1.1090442934       -2.8602913877       -3.7230126260
 H         -0.4471345356       -1.0678520534       -2.2406152699
 H         -4.9318445301       -3.1499253202       -1.8117722026
 H         -6.1870216674       -1.9190166485        0.1848337274
 H         -6.8922650483        0.2602281726        4.2255704423
 H         -8.5930646067        0.2491011286        3.7753849627
 H         -7.5191594420        1.4536654066        3.0731535547
 H         -7.3101759358       -2.7128863737        1.9881098109
 H         -8.4191905585       -2.1248229663        3.2247490610
 H         -6.6822053577       -2.1710451540        3.5428820955
 H         -8.2500242893        0.7084474104        0.7551249823
 H         -9.3528615960       -0.4097636093        1.5633842199
 H         -8.2417501942       -1.0020707435        0.3314287961
 H         -5.2622098953        1.1867097937        2.9867587342
 H         -3.0520867097        1.4509375910        2.0412067350
 H         -2.2005648624        2.4995176414        0.1180241966
 H         -1.5339554948        4.1118259780       -1.8389392192
 H         -4.5293237926        6.7763023490       -1.0267183244
 H         -1.7647876486        6.1635412934        1.9326893385
 H          2.0147877179        2.9253981265        0.7190628100
 H          1.1517246539       -1.3943431730        2.1156091120
 H          2.2266971286       -3.2880003577        3.1837174380
 H          6.6250501793       -5.2481962479        3.2644301058
 H          6.4162669878       -4.5158828637        1.6775000956
 H          6.8441497114       -3.5125458166        3.0761235365
 H          3.5809074019       -3.9218322663        4.8690530614
 H          5.1288371519       -3.0796986726        4.8960275310
 H          5.0708015312       -4.8336664226        5.0978979182
 H          4.4458178950       -6.3125125041        3.0909481554
 H          2.9665719652       -5.3826622064        2.8658284742
 H          4.1037500013       -5.5577778913        1.5309097977
 H          5.9808028200       -2.2938964621        1.3745429760
 H          6.8977259769       -0.4077846950       -0.2463446994
 H          8.1615677872       -0.4987187421       -2.1181476148
 H          9.0829837594        0.5831867233       -3.1597168513
 H          7.3976620119        0.2124053702       -3.5380956856
 H          8.7094446610        2.9929234461       -3.1669925247
 H          7.0445498849        2.7241997613       -3.6691074062
 H          7.4000131872        3.7411098475       -2.2602428761
 H          8.3053512466        2.6863566124       -0.1362592146
 H          8.6866731654        0.9666408482       -0.0921112408
 H          9.6245265240        2.0464666185       -1.1213604330
 H          5.2669001273        2.9785207061       -2.3028229525
 H          3.0692023523        2.5373876037       -1.3899625845
 H          0.3282098673       -0.9386888977       -0.0364823225
  110
 Etot=        -152.6355130162
 C         -3.8161363335       -5.5356041303       -2.9562439660
 C         -3.4822840034       -4.2970165476       -3.8007038650
 C         -4.7229219461       -3.8595237706       -4.5927101461
 C         -2.3921603539       -4.6876337326       -4.8027304788
 C         -3.0583006395       -3.1659976522       -2.8737593724
 C         -1.8084852671       -2.5485321849       -2.9643040739
 C         -1.4145541803       -1.5291660882       -2.1150409142
 C         -2.2965693412       -1.1156929471       -1.1317562984
 C         -3.5775898302       -1.7003644077       -1.0405989283
 C         -3.9465766026       -2.7187923265       -1.9039990248
 C         -4.2639935636       -1.0211254122        0.0255772813
 C         -5.5220178044       -1.1695981166        0.5859128894
 C         -5.9094684584       -0.3674818447        1.6518213641
 C         -7.2996507092       -0.5464713129        2.2463778299
 C         -7.5833582653        0.4186438914        3.4009324766
 C         -7.4346277135       -1.9800992084        2.7800837484
 C         -8.3489551806       -0.2995908151        1.1526991625
 C         -4.9953036036        0.5657026478        2.1467093935
 C         -3.7321812398        0.7337862445        1.6065509154
 C         -3.3699695109       -0.0501403848        0.5247504743
 N         -2.1785704724       -0.1149650343       -0.1801343716
 C         -1.0613772234        0.6905114372        0.0332749501
 C         -1.2141878045        2.0668937817        0.1814882895
 C         -0.0980512874        2.8658151996        0.4154287053
 C         -0.2107870855        4.3248814238        0.6292324068
 O          0.6610239459        4.9775589476        1.1698029963
 C         -1.4536703546        4.9832366449        0.1478112775
 C         -1.9960023744        4.7771496643       -1.1219556873
 N         -3.0852156325        5.4029330584       -1.5286506435
 C         -3.6356716029        6.2620164813       -0.6897692604
 N         -3.1947549044        6.5622517807        0.5190946408
 C         -2.1156632369        5.9278462027        0.9359955473
 C          1.1682674084        2.2918134446        0.4961652010
 C          1.3290998363        0.9220309598        0.3165117033
 N          2.5974593088        0.3496538547        0.3777601480
 C          2.9485168549       -0.7893536715        1.0840115157
 C          2.1940158788       -1.5954761340        1.9216404029
 C          2.8204191823       -2.6638843465        2.5323481616
 C          4.1771239635       -2.9596931469        2.3479786409
 C          4.7703682176       -4.1691835008        3.0564516849
 C          6.2565724389       -4.3641805892        2.7425975790
 C          4.6238375355       -3.9882723414        4.5741801375
 C          4.0208782215       -5.4325209618        2.6088299415
 C          4.9279054867       -2.1278333067        1.5332439443
 C          4.3234831486       -1.0457270249        0.9078166471
 C          4.8266670235       -0.0104506920        0.0456299317
 C          6.0773939236        0.2500332844       -0.4904260131
 C          6.2609414893        1.3388260496       -1.3329935496
 C          7.6478658958        1.6104181702       -1.8995547313
 C          8.0992215203        0.3982503676       -2.7273146063
 C          7.6917126118        2.8455125113       -2.8036742778
 C          8.6258379393        1.8378840768       -0.7376578214
 C          5.1563427629        2.1394010570       -1.6347723863
 C          3.8966826212        1.9020165150       -1.1134045027
 C          3.7340302548        0.8316583811       -0.2511941344
 C          0.2097656192        0.1242416677        0.0899333772
 H         -4.1046837592       -6.3628503839       -3.6012793537
 H         -2.9481184476       -5.8382988205       -2.3739714611
 H         -4.6345352066       -5.3390947666       -2.2693286737
 H         -4.5010141179       -2.9691266432       -5.1774985465
 H         -5.5556295397       -3.6336733601       -3.9324749154
 H         -5.0321370675       -4.6508474511       -5.2723474168
 H         -2.1420455837       -3.8547726728       -5.4558671654
 H         -2.7503821184       -5.5049747930       -5.4254919079
 H         -1.4929896788       -5.0247500106       -4.2920272221
 H         -1.1082247260       -2.8600196925       -3.7213740462
 H         -0.4462857961       -1.0675370118       -2.2383126462
 H         -4.9311901399       -3.1495946549       -1.8113717823
 H         -6.1863645159       -1.9188589110        0.1847731261
 H         -6.8912190148        0.2599139495        4.2246744935
 H         -8.5914373133        0.2489494663        3.7738827658
 H         -7.5174095333        1.4532913153        3.0721518294
 H         -7.3086697009       -2.7119100680        1.9870358591
 H         -8.4175725225       -2.1240825510        3.2236177446
 H         -6.6808979578       -2.1701433848        3.5415542098
 H         -8.2474931167        0.7082002693        0.7551075340
 H         -9.3506240189       -0.4095880719        1.5628825753
 H         -8.2393798618       -1.0018625534        0.3311391571
 H         -5.2611091397        1.1868117868        2.9858271289
 H         -3.0507579784        1.4512521914        2.0395866659
 H         -2.2001662846        2.4979242877        0.1199469937
 H         -1.5332245146        4.1076025363       -1.8362191049
 H         -4.5278483217        6.7728031814       -1.0269714469
 H         -1.7625378137        6.1645937233        1.9313900958
 H          2.0147555411        2.9234536621        0.7133895643
 H          1.1505848262       -1.3944803875        2.1131214711
 H          2.2261950913       -3.2879057836        3.1821351820
 H          6.6239540983       -5.2460278864        3.2636776410
 H          6.4149467378       -4.5137863640        1.6770044958
 H          6.8424240107       -3.5104899703        3.0753748501
 H          3.5799027400       -3.9195414769        4.8670730603
 H          5.1281229247       -3.0787871295        4.8944608681
 H          5.0689531239       -4.8323878901        5.0967758260
 H          4.4455396550       -6.3105758597        3.0908926904
 H          2.9664237819       -5.3811660054        2.8652369451
 H          4.1037799632       -5.5563340671        1.5308838231
 H          5.9799492848       -2.2933821363        1.3738933025
 H          6.8968505436       -0.4074300853       -0.2458505779
 H          8.1590872157       -0.4985336150       -2.1170366037
 H          9.0810395581        0.5830334775       -3.1580933671
 H          7.3961173953        0.2131420912       -3.5369017175
 H          8.7073072690        2.9917965699       -3.1662104508
 H          7.0424623533        2.7231241063       -3.6675830112
 H          7.3983700195        3.7401516500       -2.2592752018
 H          8.3035182040        2.6855191715       -0.1362921429
 H          8.6847563178        0.9660646162       -0.0921844956
 H          9.6224971299        2.0458286556       -1.1212937982
 H          5.2662671848        2.9789097979       -2.3007326445
 H          3.0682183376        2.5378011180       -1.3877209510
 H          0.3273885177       -0.9398689202       -0.0354892584
  110
 Etot=        -152.6355457020
 C         -3.8153571177       -5.5339348359       -2.9552301850
 C         -3.4811584181       -4.2954685982       -3.7991008316
 C         -4.7214416310       -3.8567999128       -4.5903313376
 C         -2.3915691696       -4.6853377494       -4.8014309763
 C         -3.0566333640       -3.1655070270       -2.8719306656
 C         -1.8065599702       -2.5487409159       -2.9619209708
 C         -1.4128046507       -1.5297075156       -2.1124530073
 C         -2.2954901800       -1.1158416133       -1.1298984899
 C         -3.5767553312       -1.7005152586       -1.0395625980
 C         -3.9454584948       -2.7187296299       -1.9028113975
 C         -4.2632504906       -1.0209247844        0.0255820851
 C         -5.5210572071       -1.1693527298        0.5857840255
 C         -5.9077785281       -0.3667200345        1.6512168901
 C         -7.2974341222       -0.5459167542        2.2455557773
 C         -7.5810481832        0.4189537707        3.3998119443
 C         -7.4320116245       -1.9793569244        2.7787725176
 C         -8.3458783984       -0.2988394016        1.1516258171
 C         -4.9939257434        0.5667207014        2.1459230019
 C         -3.7311157562        0.7349022107        1.6056180479
 C         -3.3688754763       -0.0500838596        0.5245918624
 N         -2.1782987720       -0.1158229323       -0.1793812005
 C         -1.0610671749        0.6894005067        0.0339319827
 C         -1.2140407716        2.0655275013        0.1824961760
 C         -0.0973264044        2.8636385384        0.4134911351
 C         -0.2070222797        4.3245220409        0.6290980273
 O          0.6658892383        4.9729913246        1.1689810486
 C         -1.4512084988        4.9809969997        0.1488007073
 C         -1.9956411290        4.7708914842       -1.1191504929
 N         -3.0857619822        5.3939403400       -1.5261494303
 C         -3.6353367316        6.2556647016       -0.6892805181
 N         -3.1928524922        6.5590190508        0.5179643979
 C         -2.1131019987        5.9270806318        0.9353640569
 C          1.1685271638        2.2897550818        0.4912910536
 C          1.3283010550        0.9199004803        0.3141963103
 N          2.5964116882        0.3478310252        0.3756122880
 C          2.9466399108       -0.7903455715        1.0810197205
 C          2.1918384670       -1.5968314213        1.9180727102
 C          2.8184447130       -2.6644372364        2.5296058132
 C          4.1753509682       -2.9592387764        2.3460355466
 C          4.7688413083       -4.1674794454        3.0552835208
 C          6.2549270429       -4.3613076447        2.7416206589
 C          4.6217547674       -3.9855134014        4.5724321804
 C          4.0201861003       -5.4309327523        2.6079510768
 C          4.9264814605       -2.1278906910        1.5315772715
 C          4.3219435412       -1.0464789427        0.9058407321
 C          4.8251205581       -0.0110340104        0.0448046181
 C          6.0760132589        0.2501000132       -0.4898933579
 C          6.2589672684        1.3393447120       -1.3315305690
 C          7.6453486240        1.6104516583       -1.8981736051
 C          8.0957058588        0.3981782294       -2.7256509135
 C          7.6887665369        2.8450466029       -2.8023473554
 C          8.6231585190        1.8375476391       -0.7366065733
 C          5.1548013863        2.1405574546       -1.6326697047
 C          3.8951556574        1.9028154070       -1.1119868006
 C          3.7321630353        0.8308284596       -0.2518101413
 C          0.2090891330        0.1218658952        0.0899658418
 H         -4.1047765307       -6.3605442032       -3.6004994599
 H         -2.9475325941       -5.8375410640       -2.3734044563
 H         -4.6333697595       -5.3371392620       -2.2679982172
 H         -4.4990678269       -2.9664795648       -5.1747256404
 H         -5.5538833272       -3.6306285616       -3.9299449855
 H         -5.0313027297       -4.6477072157       -5.2699850197
 H         -2.1418181253       -3.8519367600       -5.4539072243
 H         -2.7498820727       -5.5021821212       -5.4245894822
 H         -1.4921505521       -5.0225722729       -4.2913852921
 H         -1.1061412016       -2.8605821528       -3.7186096478
 H         -0.4444489504       -1.0678379203       -2.2347105293
 H         -4.9301148491       -3.1492463042       -1.8108267843
 H         -6.1852616662       -1.9187429029        0.1849645377
 H         -6.8893434375        0.2599151214        4.2237379322
 H         -8.5892091217        0.2494640863        3.7723425120
 H         -7.5146593267        1.4534689522        3.0711331967
 H         -7.3059746161       -2.7109228783        1.9855695022
 H         -8.4148715962       -2.1236385526        3.2221433025
 H         -6.6783435761       -2.1695329069        3.5400573585
 H         -8.2440131990        0.7087650012        0.7541714917
 H         -9.3476402278       -0.4088556629        1.5612607507
 H         -8.2359076072       -1.0010294739        0.3301156679
 H         -5.2601828621        1.1879547752        2.9846335538
 H         -3.0491639980        1.4522435159        2.0378657555
 H         -2.1999361221        2.4960820268        0.1226280391
 H         -1.5334938125        4.0982498328       -1.8312731868
 H         -4.5272419005        6.7657651320       -1.0274043717
 H         -1.7590686776        6.1663018882        1.9297115069
 H          2.0155980112        2.9208410771        0.7056723810
 H          1.1482818500       -1.3957033593        2.1087957365
 H          2.2245760363       -3.2887615844        3.1792352231
 H          6.6229662154       -5.2427530809        3.2626835215
 H          6.4134309747       -4.5107535400        1.6760952931
 H          6.8400442745       -3.5071513496        3.0742718380
 H          3.5777629213       -3.9152338446        4.8645314904
 H          5.1269175506       -3.0766592018        4.8925344180
 H          5.0653571753       -4.8299421723        5.0955901503
 H          4.4447682483       -6.3085753477        3.0905678600
 H          2.9656399519       -5.3797576111        2.8638680717
 H          4.1034948131       -5.5550933521        1.5302069691
 H          5.9785477574       -2.2929114226        1.3728151541
 H          6.8954959314       -0.4069814302       -0.2451073889
 H          8.1545119058       -0.4987764896       -2.1155707387
 H          9.0778902965        0.5820960016       -3.1557679559
 H          7.3930837321        0.2137627098       -3.5356487310
 H          8.7040149765        2.9909453043       -3.1656299310
 H          7.0388952751        2.7223283173       -3.6656286932
 H          7.3958942797        3.7396838590       -2.2580252268
 H          8.3010178486        2.6848858494       -0.1351062475
 H          8.6819706897        0.9655349751       -0.0914844111
 H          9.6197331581        2.0452420960       -1.1202790272
 H          5.2656225123        2.9808144518       -2.2972303800
 H          3.0667046175        2.5386303522       -1.3855338732
 H          0.3258546932       -0.9421034908       -0.0339597318
