 
        ______________________________________
       |                                      |
       |          ===================         |
       |             xTB for sTDA             |
       |          ===================         |
       |               S. Grimme              |
       |        Universitaet Bonn, MCTC       |
       |         2015-19, Version 1.0         |
       |     Wed Apr  3 09:14:55 CEST 2019    |
       |______________________________________|
 
        This code comes without any warranty
        for non-commercial, academia use only.
        Preliminary test version.
        Cite this work as:
        S. Grimme  &  C. Bannwarth, JCP 145 (2016) 054103
        if GBSA is used additionally:
        P. Shushkov, F. März, C. Bannwarth, S. Grimme, unpublished.
 
        with help from
        P. Shushkov, G. Brandenburg, S. Dohm, J. Pisarek,
        F. März, M. Checinski, S. Ehrlich, S. Spicher, 
        P. Pracht, E. Caldeweyher, S. Ehlert, and C. Bannwarth.
 
        usage        :
        xtb4stda <coord_file> [options]
        where <coord_file> is a valid file of TM)
        (*coord, Bohr) or xmol (*xyz, Angstroem)
        format.

        options:
        -chrg <int>   : molecular charge
        -uhf  <int>   : # of unpaired electrons(=2*S)
        -nox          : skip second, extended part in sTDA-xTB
        -pop          : do population analysis
                      : (default for -nox)
        -mowr <real>  : cut MO write above (def.3 Eh)
        -molden       : write formatted molden file
        -parx <file>  : read parameters for sTDA-xTB
                        calc (def:~/.param_stda2.xtb)
        -parv <file>  : read parameters for vTB part in
                        sTDA-xTB (def: ~/.param_stda1.xtb)
        -xtemp <real> : el. temp for xTB (def. 0 K)
        -etemp <real> : el. temp for GFN (def. 300 K)
        -fod          : calculate the FOD and write
                        molden.input file with
                        appropriate occupations
                        for plotting. Def. T=12500 K
 
        -acc <real>   : xTB accuracy (def. 1.0)
        -gbsa [string1] [string2]
                        use GBSA implicit solvent
                        for solvent [string1] and
                        solvation state [string2]=
                        reference, bar1M (default=1M)
        additional GFN/opt/MD/siman options read from
        $XTB4STDAHOME/.xtb4stdarc or $set in input
 
       spin and charge state information can be on:
       <.CHRG> (charge) and <.UHF> (=nalpha-nbeta)
       -uhf and -chrg override the file info.
       useful machine settings:
       setenv MKL_NUM_THREADS <NCORE_ON_YOUR_MACHINE>
       setenv OMP_STACKSIZE 500m
       limit stacksize unlimited
 
       total energies in Eh, gaps/HL energies in eV
       please read REVISION and HOWTO files carefully
 =============================
  # OMP threads =          48
 =============================
 
 xtb4stdahome directory:/home/penavora/Exe_xtb_crest/
 
 argument            1 :--gbsa
 argument            2 :toluene
 
 name of molecule           :
 comment line               :
 number of atoms            :    72
 number of electrons        :   206
 charge                     :  0
 spin                       : 0.0
 first test random number   :  0.1446
 
 -----------------------------------------
      charge density (VTB) calculation
 -----------------------------------------
 
      method parameters     
 k(s)        :  1.8000
 k(p)        :  2.8350
 k(d)        :  2.0860
 k(f)        :  2.0000
 Tscal       :  0.3300
 Gscal       :  0.3910
 fpol        :  1.0000
 Zcnf        :  0.6500
 Zqf         :  0.0000
 kcn         :  0.3000
 kEN1        : -0.5900
 wllscal     :  2.6000
 
 Solvent             : toluene
 GBSA parameter file : /home/penavora/Exe_xtb_crest/.param_gbsa_toluene
 Gsolv ref. state (COSMO-RS): gsolv [1 M gas/solution]
 temperature (mdtemp)       :    298.150000000000     
 dielectric constant        :    7.00000000000000     
 rho                        :   0.867000000000000     
 mass                       :    92.1400000000000     
 surface tension            :    15.5689470637553     
 probe radius               :   0.641644990000000     
 vdW radii scaling          :    1.00000000000000     
 Gshift (Eh)                :   4.228772547061559E-003
 c1                         :    1.59772343000000     
 soset                      :   0.281999450000000     
 HB correction              :  F
 
 doing EN charges ...
 sum q :  0.1110223D-15
 point charge moment (au)
     X       Y       Z   
  -0.1101  -0.0598  -0.0209  total (Debye):    0.323
 
            Z      q(EN)   CN      Cart. coordinates
     1  C   4.0  -0.072   3.146     3.29957     2.11100     5.94041
     2  C   4.0  -0.073   3.187     4.50772     3.47450     4.06365
     3  C   4.0  -0.003   3.231     4.95947     2.38801     1.70808
     4  C   4.0  -0.004   3.259     6.23701     3.82085    -0.31118
     5  C   4.0  -0.073   3.189     8.43202     5.16373     0.23610
     6  C   4.0  -0.072   3.141     9.72386     6.45096    -1.63533
     7  C   4.0  -0.072   3.142     8.83647     6.40812    -4.09729
     8  C   4.0  -0.072   3.187     6.65308     5.08815    -4.66693
     9  C   4.0  -0.005   3.263     5.32897     3.80142    -2.79862
    10  C   4.0  -0.004   3.239     2.96862     2.46241    -3.46239
    11  C   4.0  -0.073   3.187     3.01572     0.45209    -5.15766
    12  C   4.0  -0.071   3.144     0.82332    -0.87010    -5.68749
    13  C   4.0  -0.070   3.189    -1.43840    -0.17905    -4.57681
    14  C   4.0   0.091   3.241    -1.52668     1.89886    -2.96288
    15  N   5.0  -0.323   3.313    -3.84354     2.65831    -1.92141
    16  C   4.0   0.088   3.470    -6.08203     2.91228    -3.24370
    17  C   4.0  -0.063   3.155    -6.53415     2.72939    -5.82173
    18  C   4.0  -0.073   3.151    -8.96801     3.14727    -6.67057
    19  C   4.0  -0.073   3.145   -10.92092     3.74916    -5.00948
    20  C   4.0  -0.067   3.152   -10.47476     3.98478    -2.44970
    21  C   4.0  -0.000   3.373    -8.04088     3.57974    -1.55319
    22  C   4.0  -0.000   3.374    -6.91176     3.73584     0.90931
    23  C   4.0  -0.067   3.153    -7.86019     4.28893     3.29361
    24  C   4.0  -0.073   3.145    -6.22361     4.27728     5.32579
    25  C   4.0  -0.073   3.154    -3.67365     3.71027     4.99966
    26  C   4.0  -0.064   3.160    -2.68814     3.14615     2.64720
    27  C   4.0   0.088   3.467    -4.31712     3.17631     0.59279
    28  C   4.0  -0.069   3.233     0.68413     3.20249    -2.40065
    29  C   4.0  -0.071   3.245     4.19652    -0.09169     1.29079
    30  C   4.0   0.090   3.244     2.94693    -1.44525     3.15944
    31  N   5.0  -0.324   3.317     2.12065    -3.91521     2.64340
    32  C   4.0   0.089   3.471     3.58248    -5.84133     1.66963
    33  C   4.0  -0.063   3.154     6.16068    -5.89933     1.19007
    34  C   4.0  -0.073   3.151     7.17818    -8.11632     0.25832
    35  C   4.0  -0.073   3.145     5.68158   -10.23961    -0.17670
    36  C   4.0  -0.067   3.152     3.12169   -10.20387     0.32807
    37  C   4.0  -0.000   3.373     2.05290    -7.99576     1.26311
    38  C   4.0  -0.000   3.373    -0.46510    -7.30132     2.00218
    39  C   4.0  -0.067   3.152    -2.76778    -8.56290     1.99502
    40  C   4.0  -0.073   3.145    -4.89809    -7.28700     2.79773
    41  C   4.0  -0.073   3.152    -4.75633    -4.77917     3.59006
    42  C   4.0  -0.063   3.157    -2.48706    -3.48889     3.62764
    43  C   4.0   0.089   3.471    -0.33639    -4.76753     2.84386
    44  C   4.0  -0.070   3.183     2.50099    -0.34106     5.50403
    45  H   1.0   0.074   1.005     2.96864     2.97066     7.76197
    46  H   1.0   0.075   1.005     5.07316     5.40456     4.40976
    47  H   1.0   0.075   1.005     9.14945     5.15674     2.14785
    48  H   1.0   0.074   1.004    11.42807     7.47631    -1.17573
    49  H   1.0   0.074   1.004     9.84121     7.40186    -5.57019
    50  H   1.0   0.075   1.005     5.93762     5.06477    -6.57979
    51  H   1.0   0.075   1.005     4.78568    -0.10480    -6.00969
    52  H   1.0   0.074   1.004     0.87905    -2.46837    -6.95602
    53  H   1.0   0.076   1.006    -3.13786    -1.24754    -4.93919
    54  H   1.0   0.075   1.005    -5.03115     2.30123    -7.13296
    55  H   1.0   0.074   1.004    -9.36383     3.01231    -8.66905
    56  H   1.0   0.074   1.004   -12.80005     4.05533    -5.74576
    57  H   1.0   0.074   1.004   -11.97899     4.48827    -1.16573
    58  H   1.0   0.074   1.004    -9.84019     4.71490     3.54427
    59  H   1.0   0.074   1.004    -6.92195     4.70633     7.19546
    60  H   1.0   0.074   1.005    -2.43540     3.70052     6.62241
    61  H   1.0   0.077   1.007    -0.71499     2.68462     2.42893
    62  H   1.0   0.077   1.007     0.62463     4.82374    -1.16309
    63  H   1.0   0.079   1.008     4.55503    -0.98624    -0.50510
    64  H   1.0   0.075   1.005     7.33892    -4.27166     1.54643
    65  H   1.0   0.074   1.004     9.17950    -8.20876    -0.13559
    66  H   1.0   0.074   1.004     6.54746   -11.93778    -0.90749
    67  H   1.0   0.074   1.004     1.96852   -11.85776     0.01170
    68  H   1.0   0.074   1.004    -2.88423   -10.49983     1.36229
    69  H   1.0   0.074   1.004    -6.70636    -8.23467     2.80236
    70  H   1.0   0.074   1.005    -6.45627    -3.81542     4.18286
    71  H   1.0   0.076   1.006    -2.40691    -1.53961     4.21989
    72  H   1.0   0.076   1.005     1.55085    -1.40561     6.96198
 
  Z AO/shell   Hii/eV     exponent
  1     Sat Feb 20 21:38:01 CET 2016    EN: 2.327 GAM: 0.473  GM3: 0.0000
     1s    -13.751157    1.051071
  6     Sat Feb 20 21:38:01 CET 2016    EN: 2.731 GAM: 0.422  GM3: 0.0000
     2s    -19.378245    2.021003
     2p    -11.993376    1.497917
  7     Sat Feb 20 21:38:01 CET 2016    EN: 3.573 GAM: 0.504  GM3: 0.0000
     2s    -21.576984    2.275442
     2p    -16.125120    2.056788
 
 dipole moment of classical point charges (au)
     X       Y       Z   
  -0.1101  -0.0598  -0.0209  total (Debye):    0.323

 
 Nbf   :          204
 T(el) :   300.0
 calculating S/T integrals ...
 cpu time for ints    1.97197900000000     
 Nao   :          204
 making H0...
 making H1...
 cpu time for H      0.254425000000000     
 solving ...
 cpu time for diag   0.841793000000000     
 
 gap (eV)           :   6.394
 Koopmans IP (eV)   :  13.158
 Eel (Eh)           :  -160.617524
 T,E(Fermi),NFOD :    300.000    -9.961  0.000000
 T,E(Fermi),NFOD :    300.000    -9.961  0.000000
 Nfod               :  0.0000
 Nfod/Nel           :  0.0000

          eigenvalues
 #    :          91         92         93         94         95         96         97         98
 occ. :        2.000      2.000      2.000      2.000      2.000      2.000      2.000      2.000
 eps  :       -16.380    -15.919    -15.667    -15.420    -15.390    -15.266    -15.183    -14.898
 #    :          99        100        101        102        103        104        105        106
 occ. :        2.000      2.000      2.000      2.000      2.000      0.000      0.000      0.000
 eps  :       -14.255    -13.927    -13.910    -13.204    -13.159     -6.765     -6.733     -6.570
 #    :         107        108        109        110        111        112        113        114
 occ. :        0.000      0.000      0.000      0.000      0.000      0.000      0.000      0.000
 eps  :        -6.283     -5.812     -5.680     -5.446     -5.372     -5.199     -5.191     -4.771
                            1  SCC done.
 making H1...
 cpu time for H      0.979615000000000     
 solving ...
 cpu time for diag   0.359373000000000     
 
 gap (eV)           :   6.465
 Koopmans IP (eV)   :  13.225
 Eel (Eh)           :  -160.959047
 T,E(Fermi),NFOD :    300.000    -9.993  0.000000
 T,E(Fermi),NFOD :    300.000    -9.993  0.000000
 Nfod               :  0.0000
 Nfod/Nel           :  0.0000

          eigenvalues
 #    :          91         92         93         94         95         96         97         98
 occ. :        2.000      2.000      2.000      2.000      2.000      2.000      2.000      2.000
 eps  :       -16.347    -15.965    -15.702    -15.410    -15.390    -15.349    -15.282    -14.928
 #    :          99        100        101        102        103        104        105        106
 occ. :        2.000      2.000      2.000      2.000      2.000      0.000      0.000      0.000
 eps  :       -14.314    -13.954    -13.941    -13.269    -13.226     -6.761     -6.725     -6.620
 #    :         107        108        109        110        111        112        113        114
 occ. :        0.000      0.000      0.000      0.000      0.000      0.000      0.000      0.000
 eps  :        -6.382     -5.961     -5.745     -5.537     -5.471     -5.222     -5.219     -4.804
                            2  SCC done.
 
 
 Mulliken/CM5 charges    n(s)   n(p)   n(d)   
    1 C  -0.0256 -0.0825   1.136  2.889  0.000
    2 C  -0.0384 -0.0926   1.139  2.899  0.000
    3 C   0.0025 -0.0063   1.168  2.829  0.000
    4 C  -0.0022 -0.0084   1.172  2.830  0.000
    5 C  -0.0361 -0.0895   1.142  2.894  0.000
    6 C  -0.0323 -0.0885   1.136  2.896  0.000
    7 C  -0.0327 -0.0890   1.137  2.896  0.000
    8 C  -0.0364 -0.0896   1.142  2.895  0.000
    9 C  -0.0026 -0.0091   1.172  2.830  0.000
   10 C   0.0053 -0.0041   1.169  2.826  0.000
   11 C  -0.0392 -0.0933   1.139  2.900  0.000
   12 C  -0.0278 -0.0839   1.136  2.892  0.000
   13 C  -0.0376 -0.0864   1.136  2.902  0.000
   14 C   0.0616  0.1172   1.172  2.767  0.000
   15 N  -0.0905 -0.3351   1.235  3.856  0.000
   16 C   0.0388  0.1016   1.183  2.779  0.000
   17 C  -0.0458 -0.0952   1.136  2.910  0.000
   18 C  -0.0424 -0.0984   1.136  2.907  0.000
   19 C  -0.0518 -0.1079   1.132  2.919  0.000
   20 C  -0.0427 -0.0955   1.139  2.904  0.000
   21 C  -0.0278 -0.0250   1.165  2.862  0.000
   22 C  -0.0283 -0.0255   1.165  2.863  0.000
   23 C  -0.0424 -0.0952   1.139  2.904  0.000
   24 C  -0.0506 -0.1067   1.132  2.918  0.000
   25 C  -0.0404 -0.0971   1.136  2.904  0.000
   26 C  -0.0462 -0.0969   1.137  2.909  0.000
   27 C   0.0393  0.1022   1.182  2.778  0.000
   28 C  -0.0395 -0.0852   1.141  2.899  0.000
   29 C  -0.0417 -0.0873   1.144  2.898  0.000
   30 C   0.0597  0.1144   1.172  2.768  0.000
   31 N  -0.0930 -0.3385   1.235  3.858  0.000
   32 C   0.0389  0.1023   1.182  2.779  0.000
   33 C  -0.0448 -0.0940   1.135  2.910  0.000
   34 C  -0.0414 -0.0973   1.136  2.906  0.000
   35 C  -0.0518 -0.1079   1.132  2.920  0.000
   36 C  -0.0426 -0.0954   1.139  2.904  0.000
   37 C  -0.0285 -0.0256   1.165  2.863  0.000
   38 C  -0.0274 -0.0245   1.165  2.862  0.000
   39 C  -0.0428 -0.0956   1.139  2.904  0.000
   40 C  -0.0527 -0.1087   1.132  2.920  0.000
   41 C  -0.0423 -0.0983   1.135  2.907  0.000
   42 C  -0.0464 -0.0958   1.136  2.910  0.000
   43 C   0.0403  0.1036   1.182  2.777  0.000
   44 C  -0.0347 -0.0842   1.137  2.898  0.000
   45 H   0.0490  0.1056   0.951  0.000  0.000
   46 H   0.0412  0.0993   0.959  0.000  0.000
   47 H   0.0403  0.0985   0.960  0.000  0.000
   48 H   0.0421  0.0986   0.958  0.000  0.000
   49 H   0.0417  0.0982   0.958  0.000  0.000
   50 H   0.0382  0.0961   0.962  0.000  0.000
   51 H   0.0393  0.0972   0.961  0.000  0.000
   52 H   0.0461  0.1027   0.954  0.000  0.000
   53 H   0.0384  0.0996   0.962  0.000  0.000
   54 H   0.0406  0.1007   0.959  0.000  0.000
   55 H   0.0445  0.1010   0.956  0.000  0.000
   56 H   0.0408  0.0973   0.959  0.000  0.000
   57 H   0.0412  0.0983   0.959  0.000  0.000
   58 H   0.0405  0.0977   0.960  0.000  0.000
   59 H   0.0410  0.0975   0.959  0.000  0.000
   60 H   0.0460  0.1031   0.954  0.000  0.000
   61 H   0.0454  0.1089   0.955  0.000  0.000
   62 H   0.0367  0.0997   0.963  0.000  0.000
   63 H   0.0397  0.1055   0.960  0.000  0.000
   64 H   0.0401  0.0999   0.960  0.000  0.000
   65 H   0.0445  0.1011   0.955  0.000  0.000
   66 H   0.0407  0.0972   0.959  0.000  0.000
   67 H   0.0406  0.0977   0.959  0.000  0.000
   68 H   0.0403  0.0974   0.960  0.000  0.000
   69 H   0.0393  0.0958   0.961  0.000  0.000
   70 H   0.0425  0.0991   0.958  0.000  0.000
   71 H   0.0427  0.1048   0.957  0.000  0.000
   72 H   0.0395  0.1001   0.960  0.000  0.000
 Hirshfeld charges for QMDFF written to <charges>
 
 Loewdin charges    n(s)   n(p)   n(d)
    1 C  -0.0163   1.081  2.936  0.000
    2 C  -0.0349   1.086  2.948  0.000
    3 C   0.0093   1.124  2.867  0.000
    4 C   0.0008   1.130  2.869  0.000
    5 C  -0.0312   1.089  2.943  0.000
    6 C  -0.0245   1.082  2.943  0.000
    7 C  -0.0249   1.082  2.943  0.000
    8 C  -0.0314   1.088  2.943  0.000
    9 C   0.0005   1.130  2.870  0.000
   10 C   0.0124   1.125  2.863  0.000
   11 C  -0.0358   1.086  2.950  0.000
   12 C  -0.0186   1.081  2.938  0.000
   13 C  -0.0358   1.084  2.952  0.000
   14 C   0.0589   1.135  2.806  0.000
   15 N  -0.0487   1.192  3.856  0.000
   16 C   0.0324   1.148  2.820  0.000
   17 C  -0.0435   1.083  2.960  0.000
   18 C  -0.0338   1.081  2.953  0.000
   19 C  -0.0456   1.078  2.967  0.000
   20 C  -0.0365   1.085  2.952  0.000
   21 C  -0.0278   1.124  2.904  0.000
   22 C  -0.0284   1.124  2.905  0.000
   23 C  -0.0363   1.085  2.951  0.000
   24 C  -0.0443   1.078  2.966  0.000
   25 C  -0.0318   1.081  2.951  0.000
   26 C  -0.0446   1.085  2.960  0.000
   27 C   0.0330   1.148  2.820  0.000
   28 C  -0.0407   1.090  2.951  0.000
   29 C  -0.0428   1.093  2.950  0.000
   30 C   0.0573   1.135  2.808  0.000
   31 N  -0.0513   1.192  3.859  0.000
   32 C   0.0325   1.148  2.820  0.000
   33 C  -0.0425   1.083  2.960  0.000
   34 C  -0.0328   1.081  2.952  0.000
   35 C  -0.0456   1.078  2.967  0.000
   36 C  -0.0364   1.085  2.951  0.000
   37 C  -0.0285   1.124  2.905  0.000
   38 C  -0.0275   1.124  2.904  0.000
   39 C  -0.0367   1.085  2.952  0.000
   40 C  -0.0466   1.078  2.968  0.000
   41 C  -0.0338   1.080  2.953  0.000
   42 C  -0.0451   1.084  2.961  0.000
   43 C   0.0338   1.148  2.819  0.000
   44 C  -0.0322   1.084  2.948  0.000
   45 H   0.0403   0.960  0.000  0.000
   46 H   0.0336   0.966  0.000  0.000
   47 H   0.0325   0.968  0.000  0.000
   48 H   0.0342   0.966  0.000  0.000
   49 H   0.0338   0.966  0.000  0.000
   50 H   0.0304   0.970  0.000  0.000
   51 H   0.0318   0.968  0.000  0.000
   52 H   0.0378   0.962  0.000  0.000
   53 H   0.0311   0.969  0.000  0.000
   54 H   0.0330   0.967  0.000  0.000
   55 H   0.0366   0.963  0.000  0.000
   56 H   0.0335   0.967  0.000  0.000
   57 H   0.0333   0.967  0.000  0.000
   58 H   0.0327   0.967  0.000  0.000
   59 H   0.0336   0.966  0.000  0.000
   60 H   0.0380   0.962  0.000  0.000
   61 H   0.0378   0.962  0.000  0.000
   62 H   0.0293   0.971  0.000  0.000
   63 H   0.0318   0.968  0.000  0.000
   64 H   0.0324   0.968  0.000  0.000
   65 H   0.0366   0.963  0.000  0.000
   66 H   0.0334   0.967  0.000  0.000
   67 H   0.0328   0.967  0.000  0.000
   68 H   0.0326   0.967  0.000  0.000
   69 H   0.0322   0.968  0.000  0.000
   70 H   0.0349   0.965  0.000  0.000
   71 H   0.0351   0.965  0.000  0.000
   72 H   0.0319   0.968  0.000  0.000
 
 Wiberg/Mayer (AO) data. WBOs > 0.1 written file <wbo>
 largest (>0.05) Wiberg bond orders for each atom
           total WBO             WBO to atom ...
     1  C   3.971    C    2 1.436    C   44 1.429    H   45 0.942    C   29 0.105
     2  C   3.970    C    1 1.436    C    3 1.373    H   46 0.945    C   30 0.104
     3  C   3.955    C   29 1.379    C    2 1.373    C    4 0.994    C   44 0.104
     4  C   3.952    C    5 1.382    C    9 1.331    C    3 0.994    C    7 0.104
     5  C   3.970    C    6 1.438    C    4 1.382    H   47 0.945    C    8 0.105
     6  C   3.970    C    5 1.438    C    7 1.423    H   48 0.945    C    9 0.105
     7  C   3.969    C    8 1.433    C    6 1.423    H   49 0.945    C    4 0.104
     8  C   3.970    C    7 1.433    C    9 1.393    H   50 0.945    C    5 0.105
     9  C   3.953    C    8 1.393    C    4 1.331    C   10 0.975    C    6 0.105
    10  C   3.955    C   28 1.387    C   11 1.378    C    9 0.975    C   13 0.106
    11  C   3.968    C   12 1.433    C   10 1.378    H   51 0.945    C   14 0.104
    12  C   3.971    C   13 1.435    C   11 1.433    H   52 0.943    C   28 0.105
    13  C   3.967    C   12 1.435    C   14 1.378    H   53 0.946    C   10 0.106
    14  C   3.929    C   28 1.392    C   13 1.378    N   15 0.975    C   11 0.104
    15  N   3.454    C   16 1.058    C   27 1.058    C   14 0.975
    16  C   3.929    C   17 1.368    C   21 1.264    N   15 1.058    C   19 0.091
    17  C   3.968    C   18 1.453    C   16 1.368    H   54 0.943    C   20 0.102
    18  C   3.953    C   17 1.453    C   19 1.393    H   55 0.945    C   21 0.090
    19  C   3.968    C   20 1.461    C   18 1.393    H   56 0.945    C   16 0.091
    20  C   3.961    C   19 1.461    C   21 1.353    H   57 0.945    C   17 0.102
    21  C   3.955    C   20 1.353    C   16 1.264    C   22 1.089    C   18 0.090
    22  C   3.955    C   23 1.354    C   27 1.264    C   21 1.089    C   25 0.090
    23  C   3.961    C   24 1.460    C   22 1.354    H   58 0.945    C   26 0.102
    24  C   3.969    C   23 1.460    C   25 1.395    H   59 0.945    C   27 0.091
    25  C   3.953    C   26 1.449    C   24 1.395    H   60 0.944    C   22 0.090
    26  C   3.967    C   25 1.449    C   27 1.368    H   61 0.940    C   23 0.102
    27  C   3.928    C   26 1.368    C   22 1.264    N   15 1.058    C   24 0.091
    28  C   3.967    C   14 1.392    C   10 1.387    H   62 0.945    C   12 0.105
    29  C   3.967    C   30 1.396    C    3 1.379    H   63 0.942    C    1 0.105
    30  C   3.929    C   29 1.396    C   44 1.381    N   31 0.966    C    2 0.104
    31  N   3.450    C   32 1.062    C   43 1.060    C   30 0.966
    32  C   3.929    C   33 1.367    C   37 1.263    N   31 1.062    C   35 0.090
    33  C   3.968    C   34 1.454    C   32 1.367    H   64 0.944    C   36 0.102
    34  C   3.953    C   33 1.454    C   35 1.393    H   65 0.945    C   37 0.089
    35  C   3.969    C   36 1.461    C   34 1.393    H   66 0.945    C   32 0.090
    36  C   3.961    C   35 1.461    C   37 1.353    H   67 0.945    C   33 0.102
    37  C   3.955    C   36 1.353    C   32 1.263    C   38 1.089    C   34 0.089
    38  C   3.955    C   39 1.353    C   43 1.263    C   37 1.089    C   41 0.090
    39  C   3.961    C   40 1.461    C   38 1.353    H   68 0.945    C   42 0.102
    40  C   3.969    C   39 1.461    C   41 1.393    H   69 0.945    C   43 0.090
    41  C   3.954    C   42 1.453    C   40 1.393    H   70 0.945    C   38 0.090
    42  C   3.968    C   41 1.453    C   43 1.368    H   71 0.940    C   39 0.102
    43  C   3.929    C   42 1.368    C   38 1.263    N   31 1.060    C   40 0.090
    44  C   3.966    C    1 1.429    C   30 1.381    H   72 0.946    C    3 0.104
    45  H   0.995    C    1 0.942
    46  H   0.998    C    2 0.945
    47  H   0.997    C    5 0.945
    48  H   0.994    C    6 0.945
    49  H   0.994    C    7 0.945
    50  H   0.997    C    8 0.945
    51  H   0.998    C   11 0.945
    52  H   0.995    C   12 0.943
    53  H   0.996    C   13 0.946
    54  H   0.997    C   17 0.943
    55  H   0.997    C   18 0.945
    56  H   0.997    C   19 0.945
    57  H   0.997    C   20 0.945
    58  H   0.997    C   23 0.945
    59  H   0.997    C   24 0.945
    60  H   0.997    C   25 0.944
    61  H   0.997    C   26 0.940
    62  H   0.999    C   28 0.945
    63  H   0.998    C   29 0.942
    64  H   0.997    C   33 0.944
    65  H   0.997    C   34 0.945
    66  H   0.997    C   35 0.945
    67  H   0.997    C   36 0.945
    68  H   0.997    C   39 0.945
    69  H   0.997    C   40 0.945
    70  H   0.997    C   41 0.945
    71  H   0.997    C   42 0.940
    72  H   0.996    C   44 0.946
 
 --------------------------------------------
          xTB calculation for sTDA...
 --------------------------------------------
 
 reading parameter file /home/penavora/Exe_xtb_crest/.param_stda2.xtb
 
      method parameters     
 k(s)        :  1.6000
 k(p)        :  2.1800
 k(d)        :  1.9500
 k(f)        :  2.0000
 k(R-V)      :  2.2750
 k(R-R)      :  1.7650
 Tscal       :  0.2580
 Gscal       :  1.0000
 fpol        :  1.0000
 Zcnf        :  0.3430
 Zqf         :  0.0000
 kcn         :  2.7000
 Ryd Hsplit  :  0.7000
 lshift(virt):  3.1000
 lshift(OS)  :  0.2000
 wllscaling  :  2.6000
 
 mowrcut     : 3.000
 
  Z AO/shell   Hii/eV     exponent
  1     Sun Feb 14 09:53:25 CET 2016    EN: 2.327 GAM: 0.473  GM3: 0.0000
     1s    -14.339618    1.220000
     2sp    -3.348946    0.600000
  6     Sun Feb 14 09:53:25 CET 2016    EN: 2.731 GAM: 0.422  GM3: 0.0000
     2s    -22.009312    1.565095
     2p    -13.020408    1.596905
     3sp    -3.914040    0.824500
  7     Sun Feb 14 09:53:25 CET 2016    EN: 3.573 GAM: 0.504  GM3: 0.0000
     2s    -25.722000    2.064844
     2p    -18.684912    1.801692
     3sp    -4.344791    0.921400
 
 Nbf   :          492
 T(el) :     0.0
 calculating S/T integrals ...
 cpu time for ints    7.40493600000000     
 Nao   :          492
 making H0...
 making H1...
 cpu time for H      0.803635999999999     
 solving ...
 cpu time for diag   0.891031000000000     
 
 gap (eV)           :   7.447
 Koopmans IP (eV)   :  14.022
 Eel (Eh)           :  -176.537781

          eigenvalues
 #    :          91         92         93         94         95         96         97         98
 occ. :        2.000      2.000      2.000      2.000      2.000      2.000      2.000      2.000
 eps  :       -16.856    -16.678    -16.416    -16.148    -16.100    -16.092    -16.057    -15.801
 #    :          99        100        101        102        103        104        105        106
 occ. :        2.000      2.000      2.000      2.000      2.000      0.000      0.000      0.000
 eps  :       -15.311    -14.957    -14.933    -14.050    -14.024     -6.576     -6.486     -6.431
 #    :         107        108        109        110        111        112        113        114
 occ. :        0.000      0.000      0.000      0.000      0.000      0.000      0.000      0.000
 eps  :        -6.149     -5.869     -5.797     -5.657     -5.616     -5.415     -5.076     -5.069
                            1  SCC done.
 writing mo output ...
 molden style : F
 
speedup 21.97
cpu  time for all   14.85 s
wall time for all    0.68 s
