 
        ______________________________________
       |                                      |
       |          ===================         |
       |             xTB for sTDA             |
       |          ===================         |
       |               S. Grimme              |
       |        Universitaet Bonn, MCTC       |
       |         2015-19, Version 1.0         |
       |     Wed Apr  3 09:14:55 CEST 2019    |
       |______________________________________|
 
        This code comes without any warranty
        for non-commercial, academia use only.
        Preliminary test version.
        Cite this work as:
        S. Grimme  &  C. Bannwarth, JCP 145 (2016) 054103
        if GBSA is used additionally:
        P. Shushkov, F. März, C. Bannwarth, S. Grimme, unpublished.
 
        with help from
        P. Shushkov, G. Brandenburg, S. Dohm, J. Pisarek,
        F. März, M. Checinski, S. Ehrlich, S. Spicher, 
        P. Pracht, E. Caldeweyher, S. Ehlert, and C. Bannwarth.
 
        usage        :
        xtb4stda <coord_file> [options]
        where <coord_file> is a valid file of TM)
        (*coord, Bohr) or xmol (*xyz, Angstroem)
        format.

        options:
        -chrg <int>   : molecular charge
        -uhf  <int>   : # of unpaired electrons(=2*S)
        -nox          : skip second, extended part in sTDA-xTB
        -pop          : do population analysis
                      : (default for -nox)
        -mowr <real>  : cut MO write above (def.3 Eh)
        -molden       : write formatted molden file
        -parx <file>  : read parameters for sTDA-xTB
                        calc (def:~/.param_stda2.xtb)
        -parv <file>  : read parameters for vTB part in
                        sTDA-xTB (def: ~/.param_stda1.xtb)
        -xtemp <real> : el. temp for xTB (def. 0 K)
        -etemp <real> : el. temp for GFN (def. 300 K)
        -fod          : calculate the FOD and write
                        molden.input file with
                        appropriate occupations
                        for plotting. Def. T=12500 K
 
        -acc <real>   : xTB accuracy (def. 1.0)
        -gbsa [string1] [string2]
                        use GBSA implicit solvent
                        for solvent [string1] and
                        solvation state [string2]=
                        reference, bar1M (default=1M)
        additional GFN/opt/MD/siman options read from
        $XTB4STDAHOME/.xtb4stdarc or $set in input
 
       spin and charge state information can be on:
       <.CHRG> (charge) and <.UHF> (=nalpha-nbeta)
       -uhf and -chrg override the file info.
       useful machine settings:
       setenv MKL_NUM_THREADS <NCORE_ON_YOUR_MACHINE>
       setenv OMP_STACKSIZE 500m
       limit stacksize unlimited
 
       total energies in Eh, gaps/HL energies in eV
       please read REVISION and HOWTO files carefully
 =============================
  # OMP threads =          48
 =============================
 
 xtb4stdahome directory:/home/penavora/Exe_xtb_crest/
 
 
 name of molecule           :
 comment line               :
 number of atoms            :    49
 number of electrons        :   146
 charge                     :  0
 spin                       : 0.0
 first test random number   :  0.3167
 
 -----------------------------------------
      charge density (VTB) calculation
 -----------------------------------------
 
      method parameters     
 k(s)        :  1.8000
 k(p)        :  2.8350
 k(d)        :  2.0860
 k(f)        :  2.0000
 Tscal       :  0.3300
 Gscal       :  0.3910
 fpol        :  1.0000
 Zcnf        :  0.6500
 Zqf         :  0.0000
 kcn         :  0.3000
 kEN1        : -0.5900
 wllscal     :  2.6000
 
     -------------------------
     ! NO SOLVENT MODEL USED !
     -------------------------
 
 doing EN charges ...
 sum q :  0.1554312D-14
 point charge moment (au)
     X       Y       Z   
  -0.5247   0.0119  -0.0237  total (Debye):    1.335
 
            Z      q(EN)   CN      Cart. coordinates
     1  C   4.0  -0.240   4.095     9.38185    -1.75265     4.15625
     2  C   4.0   0.042   4.132     9.24056    -1.62012     1.26917
     3  C   4.0  -0.245   4.141    11.31931     0.11328     0.26994
     4  C   4.0  -0.240   4.095     9.50790    -4.25031     0.09320
     5  N   5.0  -0.327   3.237     6.76373    -0.56668     0.54485
     6  C   4.0   0.202   3.344     4.53839    -1.68808     1.17603
     7  O   6.0  -0.100   1.066     4.28612    -3.62275     2.37585
     8  C   4.0  -0.013   3.449     2.38268    -0.18972     0.16554
     9  C   4.0  -0.063   3.213    -0.13624    -0.79088     0.51427
    10  C   4.0   0.096   3.243    -1.97257     0.78569    -0.54374
    11  N   5.0  -0.323   3.314    -4.52154     0.22979    -0.23940
    12  C   4.0   0.086   3.462    -6.39814     1.93140     0.43561
    13  C   4.0  -0.063   3.155    -6.20704     4.46138     1.09096
    14  C   4.0  -0.073   3.152    -8.39734     5.71590     1.76730
    15  C   4.0  -0.073   3.145   -10.72488     4.49057     1.81482
    16  C   4.0  -0.068   3.153   -10.91631     1.95638     1.22298
    17  C   4.0  -0.000   3.373    -8.74121     0.65879     0.53936
    18  C   4.0  -0.000   3.373    -8.25153    -1.93095    -0.11993
    19  C   4.0  -0.068   3.153    -9.79338    -4.03731    -0.38311
    20  C   4.0  -0.073   3.145    -8.70719    -6.29566    -1.10973
    21  C   4.0  -0.073   3.152    -6.12800    -6.45645    -1.60362
    22  C   4.0  -0.063   3.155    -4.55682    -4.38337    -1.35451
    23  C   4.0   0.086   3.462    -5.62906    -2.12460    -0.57118
    24  C   4.0  -0.069   3.196    -1.24024     2.92515    -1.91632
    25  C   4.0  -0.074   3.186     1.28937     3.52343    -2.23428
    26  C   4.0  -0.046   3.249     3.07041     1.94113    -1.18451
    27  S   6.0   0.678   4.601     6.42199     2.12156    -1.21630
    28  O   6.0  -0.234   1.026     7.41510     1.72807    -3.69767
    29  O   6.0  -0.234   1.026     7.31048     4.25935     0.17511
    30  H   1.0   0.084   1.000     7.92388    -2.99909     4.88738
    31  H   1.0   0.083   1.000     9.12428     0.12223     4.95856
    32  H   1.0   0.083   1.000    11.21841    -2.47366     4.72450
    33  H   1.0   0.083   1.000    13.14984    -0.65363     0.80266
    34  H   1.0   0.084   1.003    11.13394     1.99969     1.05863
    35  H   1.0   0.084   1.004    11.22787     0.25304    -1.77628
    36  H   1.0   0.083   1.000    11.34759    -5.03275     0.56118
    37  H   1.0   0.083   1.000     9.33690    -4.12481    -1.95147
    38  H   1.0   0.084   1.000     8.05061    -5.50517     0.81172
    39  H   1.0   0.077   1.006    -0.64640    -2.42442     1.62204
    40  H   1.0   0.075   1.005    -4.40939     5.42496     1.11032
    41  H   1.0   0.074   1.004    -8.29576     7.68855     2.27864
    42  H   1.0   0.074   1.004   -12.39313     5.53750     2.34635
    43  H   1.0   0.075   1.004   -12.71188     0.99246     1.30019
    44  H   1.0   0.075   1.004   -11.79819    -3.89898    -0.03522
    45  H   1.0   0.074   1.004    -9.86935    -7.95908    -1.31988
    46  H   1.0   0.074   1.005    -5.33418    -8.23827    -2.20128
    47  H   1.0   0.075   1.005    -2.56842    -4.53016    -1.78205
    48  H   1.0   0.076   1.006    -2.67602     4.09563    -2.76860
    49  H   1.0   0.076   1.005     1.86037     5.16776    -3.29292
 
  Z AO/shell   Hii/eV     exponent
  1     Sat Feb 20 21:38:01 CET 2016    EN: 2.327 GAM: 0.473  GM3: 0.0000
     1s    -13.751157    1.051071
  6     Sat Feb 20 21:38:01 CET 2016    EN: 2.731 GAM: 0.422  GM3: 0.0000
     2s    -19.378245    2.021003
     2p    -11.993376    1.497917
  7     Sat Feb 20 21:38:01 CET 2016    EN: 3.573 GAM: 0.504  GM3: 0.0000
     2s    -21.576984    2.275442
     2p    -16.125120    2.056788
  8     Sat Feb 20 21:38:01 CET 2016    EN: 3.700 GAM: 0.587  GM3: 0.0000
     2s    -21.648843    2.110798
     2p    -17.239740    2.329048
 16     Sat Feb 20 23:13:41 CET 2016    EN: 1.915 GAM: 0.389  GM3: 0.0000
     3s    -22.000000    2.671470
     3p    -15.834192    1.836978
     3d     -2.593599    1.836978
 
 dipole moment of classical point charges (au)
     X       Y       Z   
  -0.5247   0.0119  -0.0237  total (Debye):    1.335

 
 Nbf   :          142
 T(el) :   300.0
 calculating S/T integrals ...
 cpu time for ints   0.989233000000000     
 Nao   :          141
 making H0...
 making H1...
 cpu time for H      5.182200000000003E-002
 solving ...
 cpu time for diag   0.627962000000000     
 
 gap (eV)           :   1.410
 Koopmans IP (eV)   :  13.425
 Eel (Eh)           :  -113.999151
 T,E(Fermi),NFOD :    300.000   -12.719  0.000000
 T,E(Fermi),NFOD :    300.000   -12.719  0.000000
 Nfod               :  0.0000
 Nfod/Nel           :  0.0000

          eigenvalues
 #    :          61         62         63         64         65         66         67         68
 occ. :        2.000      2.000      2.000      2.000      2.000      2.000      2.000      2.000
 eps  :       -17.455    -17.311    -17.015    -16.864    -16.558    -16.486    -15.982    -15.773
 #    :          69         70         71         72         73         74         75         76
 occ. :        2.000      2.000      2.000      2.000      2.000      0.000      0.000      0.000
 eps  :       -15.564    -15.547    -15.209    -14.131    -13.426    -12.015     -8.153     -7.577
 #    :          77         78         79         80         81         82         83         84
 occ. :        0.000      0.000      0.000      0.000      0.000      0.000      0.000      0.000
 eps  :        -6.909     -6.455     -6.337     -5.869     -5.425     -5.106     -4.963     -4.796
                            1  SCC done.
 making H1...
 cpu time for H      0.671641000000000     
 solving ...
 cpu time for diag   0.322028000000000     
 
 gap (eV)           :   1.700
 Koopmans IP (eV)   :  13.490
 Eel (Eh)           :  -113.317110
 T,E(Fermi),NFOD :    300.000   -12.640  0.000000
 T,E(Fermi),NFOD :    300.000   -12.640  0.000000
 Nfod               :  0.0000
 Nfod/Nel           :  0.0000

          eigenvalues
 #    :          61         62         63         64         65         66         67         68
 occ. :        2.000      2.000      2.000      2.000      2.000      2.000      2.000      2.000
 eps  :       -17.256    -16.498    -16.372    -16.053    -15.911    -15.794    -15.757    -15.569
 #    :          69         70         71         72         73         74         75         76
 occ. :        2.000      2.000      2.000      2.000      2.000      0.000      0.000      0.000
 eps  :       -15.516    -14.593    -14.472    -14.097    -13.492    -11.791     -8.135     -7.556
 #    :          77         78         79         80         81         82         83         84
 occ. :        0.000      0.000      0.000      0.000      0.000      0.000      0.000      0.000
 eps  :        -6.882     -6.545     -6.487     -5.717     -5.414     -5.137     -4.956     -4.802
                            2  SCC done.
 
 
 Mulliken/CM5 charges    n(s)   n(p)   n(d)   
    1 C  -0.0893 -0.2317   1.101  2.988  0.000
    2 C   0.0880  0.1130   1.262  2.650  0.000
    3 C  -0.0930 -0.2347   1.100  2.993  0.000
    4 C  -0.0898 -0.2322   1.101  2.989  0.000
    5 N  -0.1835 -0.4151   1.357  3.827  0.000
    6 C   0.1887  0.2952   1.171  2.640  0.000
    7 O  -0.2586 -0.3090   1.628  4.630  0.000
    8 C   0.0099  0.0164   1.179  2.811  0.000
    9 C  -0.0135 -0.0579   1.146  2.867  0.000
   10 C   0.0847  0.1428   1.170  2.745  0.000
   11 N  -0.0945 -0.3390   1.233  3.861  0.000
   12 C   0.0346  0.0967   1.183  2.782  0.000
   13 C  -0.0452 -0.0948   1.135  2.910  0.000
   14 C  -0.0376 -0.0937   1.135  2.903  0.000
   15 C  -0.0449 -0.1011   1.132  2.913  0.000
   16 C  -0.0339 -0.0868   1.138  2.896  0.000
   17 C  -0.0250 -0.0221   1.165  2.860  0.000
   18 C  -0.0259 -0.0231   1.165  2.861  0.000
   19 C  -0.0344 -0.0872   1.138  2.897  0.000
   20 C  -0.0447 -0.1009   1.132  2.913  0.000
   21 C  -0.0358 -0.0919   1.135  2.901  0.000
   22 C  -0.0423 -0.0918   1.135  2.907  0.000
   23 C   0.0357  0.0977   1.183  2.781  0.000
   24 C  -0.0198 -0.0682   1.141  2.878  0.000
   25 C   0.0106 -0.0409   1.134  2.855  0.000
   26 C   0.0082  0.0226   1.213  2.779  0.000
   27 S   0.4700  0.5903   1.535  3.131  0.863
   28 O  -0.2941 -0.3449   1.683  4.611  0.000
   29 O  -0.2938 -0.3446   1.683  4.611  0.000
   30 H   0.0420  0.1034   0.958  0.000  0.000
   31 H   0.0359  0.0924   0.964  0.000  0.000
   32 H   0.0394  0.0933   0.961  0.000  0.000
   33 H   0.0385  0.0925   0.961  0.000  0.000
   34 H   0.0407  0.1035   0.959  0.000  0.000
   35 H   0.0409  0.1040   0.959  0.000  0.000
   36 H   0.0392  0.0931   0.961  0.000  0.000
   37 H   0.0360  0.0925   0.964  0.000  0.000
   38 H   0.0416  0.1028   0.958  0.000  0.000
   39 H   0.0601  0.1239   0.940  0.000  0.000
   40 H   0.0399  0.0999   0.960  0.000  0.000
   41 H   0.0440  0.1007   0.956  0.000  0.000
   42 H   0.0411  0.0978   0.959  0.000  0.000
   43 H   0.0433  0.1005   0.957  0.000  0.000
   44 H   0.0428  0.1001   0.957  0.000  0.000
   45 H   0.0410  0.0976   0.959  0.000  0.000
   46 H   0.0446  0.1013   0.955  0.000  0.000
   47 H   0.0418  0.1019   0.958  0.000  0.000
   48 H   0.0581  0.1195   0.942  0.000  0.000
   49 H   0.0583  0.1165   0.942  0.000  0.000
 Hirshfeld charges for QMDFF written to <charges>
 
 Loewdin charges    n(s)   n(p)   n(d)
    1 C  -0.0943   1.029  3.065  0.000
    2 C   0.0958   1.226  2.679  0.000
    3 C  -0.0982   1.029  3.069  0.000
    4 C  -0.0949   1.030  3.065  0.000
    5 N  -0.1432   1.321  3.822  0.000
    6 C   0.1689   1.144  2.688  0.000
    7 O  -0.2449   1.598  4.647  0.000
    8 C   0.0070   1.139  2.854  0.000
    9 C  -0.0113   1.094  2.917  0.000
   10 C   0.0806   1.134  2.785  0.000
   11 N  -0.0523   1.191  3.862  0.000
   12 C   0.0289   1.148  2.823  0.000
   13 C  -0.0432   1.083  2.960  0.000
   14 C  -0.0293   1.080  2.949  0.000
   15 C  -0.0388   1.078  2.961  0.000
   16 C  -0.0282   1.084  2.944  0.000
   17 C  -0.0249   1.124  2.901  0.000
   18 C  -0.0258   1.124  2.902  0.000
   19 C  -0.0287   1.084  2.945  0.000
   20 C  -0.0386   1.078  2.961  0.000
   21 C  -0.0276   1.080  2.948  0.000
   22 C  -0.0404   1.083  2.957  0.000
   23 C   0.0300   1.148  2.822  0.000
   24 C  -0.0150   1.088  2.927  0.000
   25 C   0.0153   1.080  2.904  0.000
   26 C   0.0265   1.169  2.805  0.000
   27 S   0.3576   1.512  3.133  0.998
   28 O  -0.2511   1.653  4.598  0.000
   29 O  -0.2508   1.653  4.598  0.000
   30 H   0.0405   0.960  0.000  0.000
   31 H   0.0355   0.965  0.000  0.000
   32 H   0.0397   0.960  0.000  0.000
   33 H   0.0390   0.961  0.000  0.000
   34 H   0.0396   0.960  0.000  0.000
   35 H   0.0398   0.960  0.000  0.000
   36 H   0.0395   0.961  0.000  0.000
   37 H   0.0355   0.965  0.000  0.000
   38 H   0.0402   0.960  0.000  0.000
   39 H   0.0492   0.951  0.000  0.000
   40 H   0.0325   0.968  0.000  0.000
   41 H   0.0362   0.964  0.000  0.000
   42 H   0.0338   0.966  0.000  0.000
   43 H   0.0351   0.965  0.000  0.000
   44 H   0.0347   0.965  0.000  0.000
   45 H   0.0337   0.966  0.000  0.000
   46 H   0.0367   0.963  0.000  0.000
   47 H   0.0341   0.966  0.000  0.000
   48 H   0.0483   0.952  0.000  0.000
   49 H   0.0475   0.953  0.000  0.000
 
 Wiberg/Mayer (AO) data. WBOs > 0.1 written file <wbo>
 largest (>0.05) Wiberg bond orders for each atom
           total WBO             WBO to atom ...
     1  C   3.982    H   31 0.978    H   32 0.975    H   30 0.974    C    2 0.968
     2  C   3.869    C    3 0.977    C    1 0.968    C    4 0.968    N    5 0.894
     3  C   3.981    C    2 0.977    H   33 0.975    H   34 0.975    H   35 0.975
     4  C   3.982    H   37 0.978    H   36 0.975    H   38 0.975    C    2 0.968
     5  N   3.337    C    6 1.128    C    2 0.894    S   27 0.742    O    7 0.192    O   28 0.105    O   29 0.105
     6  C   3.919    O    7 1.750    N    5 1.128    C    8 0.958
     7  O   2.178    C    6 1.750    N    5 0.192    C    8 0.059
     8  C   3.949    C    9 1.376    C   26 1.345    C    6 0.958    C   24 0.099    O    7 0.059
     9  C   3.963    C   10 1.379    C    8 1.376    H   39 0.939    C   25 0.100
    10  C   3.933    C    9 1.379    C   24 1.372    N   11 0.995    C   26 0.098
    11  N   3.442    C   12 1.044    C   23 1.043    C   10 0.995
    12  C   3.926    C   13 1.374    C   17 1.269    N   11 1.044    C   15 0.092
    13  C   3.968    C   14 1.447    C   12 1.374    H   40 0.943    C   16 0.103
    14  C   3.953    C   13 1.447    C   15 1.398    H   41 0.945    C   17 0.091
    15  C   3.969    C   16 1.458    C   14 1.398    H   42 0.945    C   12 0.092
    16  C   3.961    C   15 1.458    C   17 1.355    H   43 0.945    C   13 0.103
    17  C   3.955    C   16 1.355    C   12 1.269    C   18 1.084    C   14 0.091
    18  C   3.955    C   19 1.355    C   23 1.270    C   17 1.084    C   21 0.091
    19  C   3.961    C   20 1.459    C   18 1.355    H   44 0.945    C   22 0.103
    20  C   3.969    C   19 1.459    C   21 1.398    H   45 0.945    C   23 0.092
    21  C   3.953    C   22 1.448    C   20 1.398    H   46 0.945    C   18 0.091
    22  C   3.968    C   21 1.448    C   23 1.374    H   47 0.943    C   19 0.103
    23  C   3.926    C   22 1.374    C   18 1.270    N   11 1.043    C   20 0.092
    24  C   3.965    C   25 1.415    C   10 1.372    H   48 0.937    C    8 0.099
    25  C   3.968    C   26 1.423    C   24 1.415    H   49 0.941    C    9 0.100
    26  C   3.899    C   25 1.423    C    8 1.345    S   27 0.749    C   10 0.098    O   28 0.062    O   29 0.062
    27  S   5.169    O   29 1.776    O   28 1.775    C   26 0.749    N    5 0.742
    28  O   2.133    S   27 1.775    O   29 0.134    N    5 0.105    C   26 0.062
    29  O   2.133    S   27 1.776    O   28 0.134    N    5 0.105    C   26 0.062
    30  H   0.998    C    1 0.974
    31  H   0.999    C    1 0.978
    32  H   0.997    C    1 0.975
    33  H   0.997    C    3 0.975
    34  H   0.998    C    3 0.975
    35  H   0.998    C    3 0.975
    36  H   0.997    C    4 0.975
    37  H   0.999    C    4 0.978
    38  H   0.998    C    4 0.975
    39  H   0.993    C    9 0.939
    40  H   0.997    C   13 0.943
    41  H   0.997    C   14 0.945
    42  H   0.997    C   15 0.945
    43  H   0.997    C   16 0.945
    44  H   0.997    C   19 0.945
    45  H   0.997    C   20 0.945
    46  H   0.997    C   21 0.945
    47  H   0.997    C   22 0.943
    48  H   0.990    C   24 0.937
    49  H   0.993    C   25 0.941
 
 --------------------------------------------
          xTB calculation for sTDA...
 --------------------------------------------
 
 reading parameter file /home/penavora/Exe_xtb_crest/.param_stda2.xtb
 
      method parameters     
 k(s)        :  1.6000
 k(p)        :  2.1800
 k(d)        :  1.9500
 k(f)        :  2.0000
 k(R-V)      :  2.2750
 k(R-R)      :  1.7650
 Tscal       :  0.2580
 Gscal       :  1.0000
 fpol        :  1.0000
 Zcnf        :  0.3430
 Zqf         :  0.0000
 kcn         :  2.7000
 Ryd Hsplit  :  0.7000
 lshift(virt):  3.1000
 lshift(OS)  :  0.2000
 wllscaling  :  2.6000
 
 mowrcut     : 3.000
 
  Z AO/shell   Hii/eV     exponent
  1     Sun Feb 14 09:53:25 CET 2016    EN: 2.327 GAM: 0.473  GM3: 0.0000
     1s    -14.339618    1.220000
     2sp    -3.348946    0.600000
  6     Sun Feb 14 09:53:25 CET 2016    EN: 2.731 GAM: 0.422  GM3: 0.0000
     2s    -22.009312    1.565095
     2p    -13.020408    1.596905
     3sp    -3.914040    0.824500
  7     Sun Feb 14 09:53:25 CET 2016    EN: 3.573 GAM: 0.504  GM3: 0.0000
     2s    -25.722000    2.064844
     2p    -18.684912    1.801692
     3sp    -4.344791    0.921400
  8     Sun Feb 14 09:53:25 CET 2016    EN: 3.700 GAM: 0.587  GM3: 0.0000
     2s    -33.859000    2.418661
     2p    -22.175911    1.973969
     3sp    -4.259392    1.013700
 16     Sun Feb 21 16:35:57 CET 2016    EN: 1.915 GAM: 0.200  GM3: 0.0000
     3s    -17.898811    2.619580
     3p    -15.317401    1.798798
     4sp    -4.455139    0.843200
 
 Nbf   :          332
 T(el) :     0.0
 calculating S/T integrals ...
 cpu time for ints    5.90573600000000     
 Nao   :          332
 making H0...
 making H1...
 cpu time for H      3.768999999998357E-003
 solving ...
 cpu time for diag   0.326623000000000     
 
 gap (eV)           :   7.258
 Koopmans IP (eV)   :  14.425
 Eel (Eh)           :  -127.115500

          eigenvalues
 #    :          61         62         63         64         65         66         67         68
 occ. :        2.000      2.000      2.000      2.000      2.000      2.000      2.000      2.000
 eps  :       -18.549    -18.266    -17.840    -17.668    -17.156    -17.041    -16.998    -16.750
 #    :          69         70         71         72         73         74         75         76
 occ. :        2.000      2.000      2.000      2.000      2.000      0.000      0.000      0.000
 eps  :       -16.378    -16.250    -15.808    -15.260    -14.426     -7.167     -6.785     -6.439
 #    :          77         78         79         80         81         82         83         84
 occ. :        0.000      0.000      0.000      0.000      0.000      0.000      0.000      0.000
 eps  :        -5.929     -5.338     -5.238     -4.954     -4.770     -4.736     -4.672     -4.426
                            1  SCC done.
 writing mo output ...
 molden style : F
 
speedup 24.23
cpu  time for all    9.53 s
wall time for all    0.39 s
