 
        ______________________________________
       |                                      |
       |          ===================         |
       |             xTB for sTDA             |
       |          ===================         |
       |               S. Grimme              |
       |        Universitaet Bonn, MCTC       |
       |         2015-19, Version 1.0         |
       |     Wed Apr  3 09:14:55 CEST 2019    |
       |______________________________________|
 
        This code comes without any warranty
        for non-commercial, academia use only.
        Preliminary test version.
        Cite this work as:
        S. Grimme  &  C. Bannwarth, JCP 145 (2016) 054103
        if GBSA is used additionally:
        P. Shushkov, F. März, C. Bannwarth, S. Grimme, unpublished.
 
        with help from
        P. Shushkov, G. Brandenburg, S. Dohm, J. Pisarek,
        F. März, M. Checinski, S. Ehrlich, S. Spicher, 
        P. Pracht, E. Caldeweyher, S. Ehlert, and C. Bannwarth.
 
        usage        :
        xtb4stda <coord_file> [options]
        where <coord_file> is a valid file of TM)
        (*coord, Bohr) or xmol (*xyz, Angstroem)
        format.

        options:
        -chrg <int>   : molecular charge
        -uhf  <int>   : # of unpaired electrons(=2*S)
        -nox          : skip second, extended part in sTDA-xTB
        -pop          : do population analysis
                      : (default for -nox)
        -mowr <real>  : cut MO write above (def.3 Eh)
        -molden       : write formatted molden file
        -parx <file>  : read parameters for sTDA-xTB
                        calc (def:~/.param_stda2.xtb)
        -parv <file>  : read parameters for vTB part in
                        sTDA-xTB (def: ~/.param_stda1.xtb)
        -xtemp <real> : el. temp for xTB (def. 0 K)
        -etemp <real> : el. temp for GFN (def. 300 K)
        -fod          : calculate the FOD and write
                        molden.input file with
                        appropriate occupations
                        for plotting. Def. T=12500 K
 
        -acc <real>   : xTB accuracy (def. 1.0)
        -gbsa [string1] [string2]
                        use GBSA implicit solvent
                        for solvent [string1] and
                        solvation state [string2]=
                        reference, bar1M (default=1M)
        additional GFN/opt/MD/siman options read from
        $XTB4STDAHOME/.xtb4stdarc or $set in input
 
       spin and charge state information can be on:
       <.CHRG> (charge) and <.UHF> (=nalpha-nbeta)
       -uhf and -chrg override the file info.
       useful machine settings:
       setenv MKL_NUM_THREADS <NCORE_ON_YOUR_MACHINE>
       setenv OMP_STACKSIZE 500m
       limit stacksize unlimited
 
       total energies in Eh, gaps/HL energies in eV
       please read REVISION and HOWTO files carefully
 =============================
  # OMP threads =          48
 =============================
 
 xtb4stdahome directory:/home/penavora/Exe_xtb_crest/
 
 argument            1 :--gbsa
 argument            2 :toluene
 
 name of molecule           :
 comment line               :
 number of atoms            :    73
 number of electrons        :   194
 charge                     :  0
 spin                       : 0.0
 first test random number   :  0.9537
 
 -----------------------------------------
      charge density (VTB) calculation
 -----------------------------------------
 
      method parameters     
 k(s)        :  1.8000
 k(p)        :  2.8350
 k(d)        :  2.0860
 k(f)        :  2.0000
 Tscal       :  0.3300
 Gscal       :  0.3910
 fpol        :  1.0000
 Zcnf        :  0.6500
 Zqf         :  0.0000
 kcn         :  0.3000
 kEN1        : -0.5900
 wllscal     :  2.6000
 
 Solvent             : toluene
 GBSA parameter file : /home/penavora/Exe_xtb_crest/.param_gbsa_toluene
 Gsolv ref. state (COSMO-RS): gsolv [1 M gas/solution]
 temperature (mdtemp)       :    298.150000000000     
 dielectric constant        :    7.00000000000000     
 rho                        :   0.867000000000000     
 mass                       :    92.1400000000000     
 surface tension            :    15.5689470637553     
 probe radius               :   0.641644990000000     
 vdW radii scaling          :    1.00000000000000     
 Gshift (Eh)                :   4.228772547061559E-003
 c1                         :    1.59772343000000     
 soset                      :   0.281999450000000     
 HB correction              :  F
 
 doing EN charges ...
 sum q : -0.8881784D-15
 point charge moment (au)
     X       Y       Z   
  -0.0898   0.5829   0.0720  total (Debye):    1.510
 
            Z      q(EN)   CN      Cart. coordinates
     1  C   4.0  -0.252   4.052     5.30125     7.71851     2.95708
     2  C   4.0   0.010   3.149     3.27846     5.80730     2.43569
     3  C   4.0  -0.074   3.222     1.49116     6.20580     0.55774
     4  C   4.0   0.011   3.189    -0.39111     4.46002     0.05592
     5  C   4.0  -0.253   4.070    -2.30758     5.06167    -1.94683
     6  C   4.0   0.047   3.228    -0.51013     2.17871     1.42050
     7  B   3.0  -0.168   3.180    -2.45224     0.08803     0.62632
     8  C   4.0   0.049   3.187    -1.49747    -2.70354     0.15130
     9  C   4.0  -0.071   3.190    -3.18096    -4.68175     0.68769
    10  C   4.0  -0.074   3.178    -2.50918    -7.19375     0.53754
    11  C   4.0  -0.023   3.166    -0.06078    -7.82949    -0.21439
    12  C   4.0   0.242   2.112     0.67758   -10.38671    -0.39188
    13  N   5.0  -0.218   1.024     1.27489   -12.46789    -0.52942
    14  C   4.0  -0.070   3.238     1.65863    -5.92206    -0.79352
    15  C   4.0   0.091   3.262     0.96445    -3.39696    -0.59764
    16  N   5.0  -0.325   3.328     2.85354    -1.59555    -1.11051
    17  C   4.0   0.087   3.485     5.09720    -1.41627     0.21162
    18  C   4.0  -0.063   3.160     5.98480    -2.87213     2.20350
    19  C   4.0  -0.073   3.152     8.31424    -2.26706     3.21821
    20  C   4.0  -0.073   3.146     9.73872    -0.25909     2.28489
    21  C   4.0  -0.067   3.155     8.86968     1.18945     0.29623
    22  C   4.0  -0.000   3.379     6.53711     0.61286    -0.75820
    23  C   4.0  -0.000   3.381     5.11560     1.64371    -2.82487
    24  C   4.0  -0.067   3.155     5.58743     3.54895    -4.56570
    25  C   4.0  -0.073   3.147     3.85289     3.96301    -6.47024
    26  C   4.0  -0.073   3.154     1.68859     2.47931    -6.67082
    27  C   4.0  -0.063   3.162     1.16977     0.58733    -4.94680
    28  C   4.0   0.090   3.477     2.86968     0.20738    -2.99138
    29  C   4.0   0.046   3.215    -5.36841     0.62672     0.45135
    30  C   4.0   0.011   3.183    -6.63285     1.72490     2.52661
    31  C   4.0  -0.253   4.067    -5.24439     2.35738     4.91787
    32  C   4.0  -0.074   3.220    -9.20823     2.17129     2.43776
    33  C   4.0   0.010   3.144   -10.64100     1.59389     0.31554
    34  C   4.0  -0.252   4.051   -13.42558     2.10321     0.27237
    35  C   4.0  -0.075   3.222    -9.41220     0.51117    -1.72193
    36  C   4.0   0.011   3.179    -6.83437     0.01388    -1.67659
    37  C   4.0  -0.253   4.066    -5.69914    -1.08129    -4.03551
    38  C   4.0   0.012   3.189     1.22183     1.83946     3.40209
    39  C   4.0  -0.252   4.069     1.02483    -0.34099     5.20899
    40  C   4.0  -0.074   3.227     3.07783     3.63017     3.87320
    41  H   1.0   0.081   1.000     6.98347     6.80968     3.71209
    42  H   1.0   0.080   0.999     4.63716     9.08866     4.34794
    43  H   1.0   0.081   0.999     5.79981     8.74143     1.24513
    44  H   1.0   0.075   1.006     1.57476     7.92388    -0.54659
    45  H   1.0   0.082   1.000    -1.76309     6.75156    -2.98248
    46  H   1.0   0.082   1.000    -4.14741     5.39033    -1.08319
    47  H   1.0   0.084   1.002    -2.49785     3.51189    -3.27644
    48  H   1.0   0.076   1.007    -5.07846    -4.20069     1.26512
    49  H   1.0   0.075   1.005    -3.84829    -8.66665     0.98620
    50  H   1.0   0.076   1.006     3.55086    -6.40542    -1.39226
    51  H   1.0   0.075   1.005     4.90151    -4.43745     2.94020
    52  H   1.0   0.074   1.004     9.04718    -3.37805     4.76718
    53  H   1.0   0.074   1.004    11.55063     0.15570     3.12944
    54  H   1.0   0.075   1.004     9.97839     2.73916    -0.43359
    55  H   1.0   0.075   1.004     7.29284     4.66263    -4.44121
    56  H   1.0   0.074   1.004     4.18784     5.43193    -7.84791
    57  H   1.0   0.074   1.005     0.39400     2.80883    -8.21500
    58  H   1.0   0.076   1.006    -0.48790    -0.58094    -5.13860
    59  H   1.0   0.082   1.000    -6.52730     3.16620     6.30574
    60  H   1.0   0.082   1.000    -4.39476     0.66761     5.72374
    61  H   1.0   0.083   1.001    -3.73855     3.70646     4.54942
    62  H   1.0   0.075   1.005   -10.13509     2.99918     4.06101
    63  H   1.0   0.080   0.999   -14.40724     0.77786     1.50834
    64  H   1.0   0.081   0.999   -13.82326     4.00509     0.95040
    65  H   1.0   0.081   0.999   -14.18383     1.90131    -1.62686
    66  H   1.0   0.075   1.006   -10.47982     0.03775    -3.39980
    67  H   1.0   0.080   0.999    -5.22318     0.43343    -5.35121
    68  H   1.0   0.085   1.003    -3.99799    -2.15096    -3.62722
    69  H   1.0   0.081   1.000    -7.04866    -2.31884    -4.97342
    70  H   1.0   0.080   1.000     0.15716     0.30868     6.96315
    71  H   1.0   0.085   1.003    -0.12376    -1.86461     4.45455
    72  H   1.0   0.082   1.001     2.89344    -1.06175     5.67349
    73  H   1.0   0.075   1.006     4.39983     3.30766     5.39847
 
  Z AO/shell   Hii/eV     exponent
  1     Sat Feb 20 21:38:01 CET 2016    EN: 2.327 GAM: 0.473  GM3: 0.0000
     1s    -13.751157    1.051071
  5     Sat Feb 20 21:38:01 CET 2016    EN: 3.405 GAM: 0.339  GM3: 0.0000
     2s    -17.927409    2.170332
     2p     -8.538581    1.400095
  6     Sat Feb 20 21:38:01 CET 2016    EN: 2.731 GAM: 0.422  GM3: 0.0000
     2s    -19.378245    2.021003
     2p    -11.993376    1.497917
  7     Sat Feb 20 21:38:01 CET 2016    EN: 3.573 GAM: 0.504  GM3: 0.0000
     2s    -21.576984    2.275442
     2p    -16.125120    2.056788
 
 dipole moment of classical point charges (au)
     X       Y       Z   
  -0.0898   0.5829   0.0720  total (Debye):    1.510

 
 Nbf   :          193
 T(el) :   300.0
 calculating S/T integrals ...
 cpu time for ints    2.27649500000000     
 Nao   :          193
 making H0...
 making H1...
 cpu time for H      0.253758000000000     
 solving ...
 cpu time for diag   0.695234000000000     
 
 gap (eV)           :   4.346
 Koopmans IP (eV)   :  13.077
 Eel (Eh)           :  -149.644844
 T,E(Fermi),NFOD :    300.000   -10.905  0.000000
 T,E(Fermi),NFOD :    300.000   -10.905  0.000000
 Nfod               :  0.0000
 Nfod/Nel           :  0.0000

          eigenvalues
 #    :          85         86         87         88         89         90         91         92
 occ. :        2.000      2.000      2.000      2.000      2.000      2.000      2.000      2.000
 eps  :       -17.225    -17.004    -16.803    -16.193    -15.327    -15.222    -15.149    -14.792
 #    :          93         94         95         96         97         98         99        100
 occ. :        2.000      2.000      2.000      2.000      2.000      0.000      0.000      0.000
 eps  :       -14.681    -14.617    -14.415    -13.704    -13.079     -8.733     -8.612     -6.654
 #    :         101        102        103        104        105        106        107        108
 occ. :        0.000      0.000      0.000      0.000      0.000      0.000      0.000      0.000
 eps  :        -6.564     -5.962     -5.526     -5.377     -5.217     -5.081     -4.993     -4.813
                            1  SCC done.
 making H1...
 cpu time for H      0.830987000000000     
 solving ...
 cpu time for diag   0.281190000000000     
 
 gap (eV)           :   4.298
 Koopmans IP (eV)   :  13.183
 Eel (Eh)           :  -149.485919
 T,E(Fermi),NFOD :    300.000   -11.033  0.000000
 T,E(Fermi),NFOD :    300.000   -11.033  0.000000
 Nfod               :  0.0000
 Nfod/Nel           :  0.0000

          eigenvalues
 #    :          85         86         87         88         89         90         91         92
 occ. :        2.000      2.000      2.000      2.000      2.000      2.000      2.000      2.000
 eps  :       -17.241    -16.916    -16.826    -16.158    -15.481    -15.365    -15.219    -14.542
 #    :          93         94         95         96         97         98         99        100
 occ. :        2.000      2.000      2.000      2.000      2.000      0.000      0.000      0.000
 eps  :       -14.495    -14.422    -14.229    -13.731    -13.184     -8.885     -8.613     -6.675
 #    :         101        102        103        104        105        106        107        108
 occ. :        0.000      0.000      0.000      0.000      0.000      0.000      0.000      0.000
 eps  :        -6.553     -6.029     -5.631     -5.411     -5.223     -5.093     -4.772     -4.664
                            2  SCC done.
 
 
 Mulliken/CM5 charges    n(s)   n(p)   n(d)   
    1 C  -0.0814 -0.2269   1.080  3.001  0.000
    2 C   0.0085 -0.0095   1.181  2.810  0.000
    3 C  -0.0657 -0.1178   1.138  2.928  0.000
    4 C   0.0123  0.0026   1.187  2.801  0.000
    5 C  -0.0898 -0.2335   1.082  3.007  0.000
    6 C  -0.0898 -0.0318   1.228  2.862  0.000
    7 B   0.1312 -0.1058   1.241  1.628  0.000
    8 C  -0.0600 -0.0039   1.247  2.813  0.000
    9 C  -0.0051 -0.0536   1.144  2.861  0.000
   10 C  -0.0045 -0.0570   1.141  2.863  0.000
   11 C   0.0211  0.0177   1.136  2.843  0.000
   12 C   0.1345  0.2528   1.177  2.689  0.000
   13 N  -0.2791 -0.4047   1.646  3.633  0.000
   14 C  -0.0134 -0.0573   1.146  2.867  0.000
   15 C   0.0722  0.1337   1.184  2.744  0.000
   16 N  -0.0967 -0.3430   1.233  3.864  0.000
   17 C   0.0384  0.1012   1.183  2.778  0.000
   18 C  -0.0446 -0.0949   1.136  2.909  0.000
   19 C  -0.0414 -0.0977   1.135  2.906  0.000
   20 C  -0.0511 -0.1073   1.132  2.919  0.000
   21 C  -0.0402 -0.0931   1.138  2.902  0.000
   22 C  -0.0207 -0.0180   1.164  2.857  0.000
   23 C  -0.0206 -0.0177   1.163  2.857  0.000
   24 C  -0.0409 -0.0938   1.138  2.903  0.000
   25 C  -0.0515 -0.1077   1.132  2.920  0.000
   26 C  -0.0394 -0.0961   1.135  2.905  0.000
   27 C  -0.0411 -0.0911   1.134  2.907  0.000
   28 C   0.0440  0.1083   1.181  2.775  0.000
   29 C  -0.0927 -0.0374   1.230  2.862  0.000
   30 C   0.0073 -0.0028   1.189  2.804  0.000
   31 C  -0.0889 -0.2326   1.082  3.007  0.000
   32 C  -0.0681 -0.1203   1.139  2.929  0.000
   33 C   0.0068 -0.0112   1.182  2.811  0.000
   34 C  -0.0807 -0.2261   1.080  3.001  0.000
   35 C  -0.0676 -0.1198   1.140  2.928  0.000
   36 C   0.0047 -0.0064   1.191  2.805  0.000
   37 C  -0.0904 -0.2353   1.084  3.007  0.000
   38 C   0.0077 -0.0020   1.190  2.803  0.000
   39 C  -0.0911 -0.2352   1.084  3.007  0.000
   40 C  -0.0636 -0.1157   1.137  2.927  0.000
   41 H   0.0399  0.0929   0.960  0.000  0.000
   42 H   0.0413  0.0934   0.959  0.000  0.000
   43 H   0.0392  0.0921   0.961  0.000  0.000
   44 H   0.0272  0.0857   0.973  0.000  0.000
   45 H   0.0335  0.0870   0.966  0.000  0.000
   46 H   0.0404  0.0956   0.960  0.000  0.000
   47 H   0.0456  0.1040   0.954  0.000  0.000
   48 H   0.0539  0.1154   0.946  0.000  0.000
   49 H   0.0535  0.1112   0.947  0.000  0.000
   50 H   0.0485  0.1112   0.951  0.000  0.000
   51 H   0.0405  0.1008   0.959  0.000  0.000
   52 H   0.0434  0.0999   0.957  0.000  0.000
   53 H   0.0388  0.0953   0.961  0.000  0.000
   54 H   0.0389  0.0962   0.961  0.000  0.000
   55 H   0.0378  0.0951   0.962  0.000  0.000
   56 H   0.0377  0.0942   0.962  0.000  0.000
   57 H   0.0429  0.0996   0.957  0.000  0.000
   58 H   0.0427  0.1039   0.957  0.000  0.000
   59 H   0.0356  0.0888   0.964  0.000  0.000
   60 H   0.0431  0.0982   0.957  0.000  0.000
   61 H   0.0432  0.1001   0.957  0.000  0.000
   62 H   0.0298  0.0881   0.970  0.000  0.000
   63 H   0.0426  0.0948   0.957  0.000  0.000
   64 H   0.0411  0.0936   0.959  0.000  0.000
   65 H   0.0399  0.0928   0.960  0.000  0.000
   66 H   0.0316  0.0899   0.968  0.000  0.000
   67 H   0.0423  0.0953   0.958  0.000  0.000
   68 H   0.0452  0.1045   0.955  0.000  0.000
   69 H   0.0391  0.0922   0.961  0.000  0.000
   70 H   0.0410  0.0939   0.959  0.000  0.000
   71 H   0.0423  0.1023   0.958  0.000  0.000
   72 H   0.0400  0.0950   0.960  0.000  0.000
   73 H   0.0289  0.0877   0.971  0.000  0.000
 Hirshfeld charges for QMDFF written to <charges>
 
 Loewdin charges    n(s)   n(p)   n(d)
    1 C  -0.0837   1.006  3.078  0.000
    2 C   0.0205   1.136  2.844  0.000
    3 C  -0.0678   1.088  2.980  0.000
    4 C   0.0229   1.143  2.834  0.000
    5 C  -0.0944   1.009  3.085  0.000
    6 C  -0.0767   1.181  2.895  0.000
    7 B   0.0707   1.217  1.712  0.000
    8 C  -0.0425   1.199  2.843  0.000
    9 C   0.0028   1.090  2.907  0.000
   10 C   0.0018   1.087  2.911  0.000
   11 C   0.0220   1.091  2.887  0.000
   12 C   0.1255   1.144  2.731  0.000
   13 N  -0.2624   1.606  3.656  0.000
   14 C  -0.0110   1.094  2.917  0.000
   15 C   0.0689   1.147  2.784  0.000
   16 N  -0.0556   1.191  3.864  0.000
   17 C   0.0324   1.148  2.819  0.000
   18 C  -0.0425   1.083  2.959  0.000
   19 C  -0.0330   1.080  2.953  0.000
   20 C  -0.0451   1.078  2.967  0.000
   21 C  -0.0344   1.084  2.950  0.000
   22 C  -0.0213   1.123  2.899  0.000
   23 C  -0.0213   1.122  2.899  0.000
   24 C  -0.0352   1.084  2.951  0.000
   25 C  -0.0455   1.078  2.968  0.000
   26 C  -0.0310   1.080  2.951  0.000
   27 C  -0.0401   1.082  2.958  0.000
   28 C   0.0374   1.146  2.816  0.000
   29 C  -0.0795   1.184  2.895  0.000
   30 C   0.0185   1.145  2.837  0.000
   31 C  -0.0930   1.009  3.084  0.000
   32 C  -0.0696   1.089  2.981  0.000
   33 C   0.0191   1.137  2.844  0.000
   34 C  -0.0829   1.006  3.077  0.000
   35 C  -0.0691   1.089  2.980  0.000
   36 C   0.0163   1.147  2.837  0.000
   37 C  -0.0949   1.011  3.084  0.000
   38 C   0.0188   1.146  2.836  0.000
   39 C  -0.0955   1.011  3.084  0.000
   40 C  -0.0655   1.087  2.979  0.000
   41 H   0.0392   0.961  0.000  0.000
   42 H   0.0406   0.959  0.000  0.000
   43 H   0.0386   0.961  0.000  0.000
   44 H   0.0224   0.978  0.000  0.000
   45 H   0.0340   0.966  0.000  0.000
   46 H   0.0401   0.960  0.000  0.000
   47 H   0.0451   0.955  0.000  0.000
   48 H   0.0443   0.956  0.000  0.000
   49 H   0.0435   0.957  0.000  0.000
   50 H   0.0387   0.961  0.000  0.000
   51 H   0.0332   0.967  0.000  0.000
   52 H   0.0357   0.964  0.000  0.000
   53 H   0.0318   0.968  0.000  0.000
   54 H   0.0315   0.968  0.000  0.000
   55 H   0.0306   0.969  0.000  0.000
   56 H   0.0309   0.969  0.000  0.000
   57 H   0.0354   0.965  0.000  0.000
   58 H   0.0358   0.964  0.000  0.000
   59 H   0.0358   0.964  0.000  0.000
   60 H   0.0425   0.957  0.000  0.000
   61 H   0.0425   0.958  0.000  0.000
   62 H   0.0245   0.976  0.000  0.000
   63 H   0.0416   0.958  0.000  0.000
   64 H   0.0404   0.960  0.000  0.000
   65 H   0.0391   0.961  0.000  0.000
   66 H   0.0259   0.974  0.000  0.000
   67 H   0.0421   0.958  0.000  0.000
   68 H   0.0452   0.955  0.000  0.000
   69 H   0.0388   0.961  0.000  0.000
   70 H   0.0408   0.959  0.000  0.000
   71 H   0.0418   0.958  0.000  0.000
   72 H   0.0399   0.960  0.000  0.000
   73 H   0.0236   0.976  0.000  0.000
 
 Wiberg/Mayer (AO) data. WBOs > 0.1 written file <wbo>
 largest (>0.05) Wiberg bond orders for each atom
           total WBO             WBO to atom ...
     1  C   3.982    C    2 0.989    H   43 0.977    H   41 0.977    H   42 0.968
     2  C   3.947    C   40 1.400    C    3 1.381    C    1 0.989    C    6 0.103
     3  C   3.969    C    4 1.416    C    2 1.381    H   44 0.941    C   38 0.099
     4  C   3.946    C    3 1.416    C    6 1.339    C    5 0.991    C   40 0.101
     5  C   3.985    C    4 0.991    H   45 0.978    H   46 0.968    H   47 0.967
     6  C   3.918    C   38 1.356    C    4 1.339    B    7 0.923    C    2 0.103
     7  B   3.084    C    6 0.923    C   29 0.920    C    8 0.910
     8  C   3.874    C    9 1.365    C   15 1.329    B    7 0.910    C   11 0.093
     9  C   3.967    C   10 1.459    C    8 1.365    H   48 0.939    C   14 0.097
    10  C   3.966    C    9 1.459    C   11 1.326    H   49 0.942    C   15 0.096    N   13 0.067
    11  C   3.960    C   14 1.339    C   10 1.326    C   12 1.063    C    8 0.093    N   13 0.074
    12  C   3.927    N   13 2.801    C   11 1.063
    13  N   3.024    C   12 2.801    C   11 0.074    C   14 0.069    C   10 0.067
    14  C   3.964    C   15 1.409    C   11 1.339    H   50 0.942    C    9 0.097    N   13 0.069
    15  C   3.925    C   14 1.409    C    8 1.329    N   16 0.967    C   10 0.096
    16  N   3.439    C   28 1.057    C   17 1.055    C   15 0.967
    17  C   3.928    C   18 1.368    C   22 1.264    N   16 1.055    C   20 0.091
    18  C   3.968    C   19 1.450    C   17 1.368    H   51 0.943    C   21 0.102
    19  C   3.953    C   18 1.450    C   20 1.395    H   52 0.945    C   22 0.090
    20  C   3.969    C   21 1.459    C   19 1.395    H   53 0.945    C   17 0.091
    21  C   3.961    C   20 1.459    C   22 1.354    H   54 0.945    C   18 0.102
    22  C   3.956    C   21 1.354    C   17 1.264    C   23 1.089    C   19 0.090
    23  C   3.955    C   24 1.355    C   28 1.262    C   22 1.089    C   26 0.090
    24  C   3.961    C   25 1.459    C   23 1.355    H   55 0.945    C   27 0.102
    25  C   3.969    C   24 1.459    C   26 1.396    H   56 0.945    C   28 0.091
    26  C   3.954    C   27 1.448    C   25 1.396    H   57 0.945    C   23 0.090
    27  C   3.968    C   26 1.448    C   28 1.370    H   58 0.941    C   24 0.102
    28  C   3.928    C   27 1.370    C   23 1.262    N   16 1.057    C   25 0.091
    29  C   3.916    C   36 1.361    C   30 1.334    B    7 0.920    C   33 0.103
    30  C   3.946    C   32 1.421    C   29 1.334    C   31 0.991    C   35 0.100
    31  C   3.985    C   30 0.991    H   59 0.978    H   60 0.970    H   61 0.966
    32  C   3.969    C   30 1.421    C   33 1.376    H   62 0.941    C   36 0.100
    33  C   3.947    C   35 1.405    C   32 1.376    C   34 0.990    C   29 0.103
    34  C   3.982    C   33 0.990    H   65 0.978    H   64 0.974    H   63 0.969
    35  C   3.968    C   33 1.405    C   36 1.391    H   66 0.941    C   30 0.100
    36  C   3.944    C   35 1.391    C   29 1.361    C   37 0.991    C   32 0.100
    37  C   3.983    C   36 0.991    H   69 0.975    H   67 0.966    H   68 0.966
    38  C   3.944    C   40 1.397    C    6 1.356    C   39 0.990    C    3 0.099
    39  C   3.984    C   38 0.990    H   72 0.971    H   71 0.970    H   70 0.968
    40  C   3.969    C    2 1.400    C   38 1.397    H   73 0.942    C    4 0.101
    41  H   0.997    C    1 0.977
    42  H   0.997    C    1 0.968
    43  H   0.997    C    1 0.977
    44  H   0.994    C    3 0.941
    45  H   0.997    C    5 0.978
    46  H   0.998    C    5 0.968
    47  H   0.997    C    5 0.967
    48  H   0.993    C    9 0.939
    49  H   0.994    C   10 0.942
    50  H   0.995    C   14 0.942
    51  H   0.997    C   18 0.943
    52  H   0.997    C   19 0.945
    53  H   0.997    C   20 0.945
    54  H   0.997    C   21 0.945
    55  H   0.997    C   24 0.945
    56  H   0.997    C   25 0.945
    57  H   0.997    C   26 0.945
    58  H   0.997    C   27 0.941
    59  H   0.997    C   31 0.978
    60  H   0.997    C   31 0.970
    61  H   0.997    C   31 0.966
    62  H   0.994    C   32 0.941
    63  H   0.997    C   34 0.969
    64  H   0.997    C   34 0.974
    65  H   0.997    C   34 0.978
    66  H   0.994    C   35 0.941
    67  H   0.997    C   37 0.966
    68  H   0.997    C   37 0.966
    69  H   0.997    C   37 0.975
    70  H   0.997    C   39 0.968
    71  H   0.997    C   39 0.970
    72  H   0.997    C   39 0.971
    73  H   0.995    C   40 0.942
 
 --------------------------------------------
          xTB calculation for sTDA...
 --------------------------------------------
 
 reading parameter file /home/penavora/Exe_xtb_crest/.param_stda2.xtb
 
      method parameters     
 k(s)        :  1.6000
 k(p)        :  2.1800
 k(d)        :  1.9500
 k(f)        :  2.0000
 k(R-V)      :  2.2750
 k(R-R)      :  1.7650
 Tscal       :  0.2580
 Gscal       :  1.0000
 fpol        :  1.0000
 Zcnf        :  0.3430
 Zqf         :  0.0000
 kcn         :  2.7000
 Ryd Hsplit  :  0.7000
 lshift(virt):  3.1000
 lshift(OS)  :  0.2000
 wllscaling  :  2.6000
 
 mowrcut     : 3.000
 
  Z AO/shell   Hii/eV     exponent
  1     Sun Feb 14 09:53:25 CET 2016    EN: 2.327 GAM: 0.473  GM3: 0.0000
     1s    -14.339618    1.220000
     2sp    -3.348946    0.600000
  5     Sun Feb 21 12:17:47 CET 2016    EN: 3.405 GAM: 0.339  GM3: 0.0000
     2s    -11.906683    1.287851
     2p    -10.782319    1.444987
     3sp    -5.346133    0.718700
  6     Sun Feb 14 09:53:25 CET 2016    EN: 2.731 GAM: 0.422  GM3: 0.0000
     2s    -22.009312    1.565095
     2p    -13.020408    1.596905
     3sp    -3.914040    0.824500
  7     Sun Feb 14 09:53:25 CET 2016    EN: 3.573 GAM: 0.504  GM3: 0.0000
     2s    -25.722000    2.064844
     2p    -18.684912    1.801692
     3sp    -4.344791    0.921400
 
 Nbf   :          485
 T(el) :     0.0
 calculating S/T integrals ...
 cpu time for ints    8.59153400000000     
 Nao   :          485
 making H0...
 making H1...
 cpu time for H      0.684393999999999     
 solving ...
 cpu time for diag   0.863745999999999     
 
 gap (eV)           :   5.970
 Koopmans IP (eV)   :  14.013
 Eel (Eh)           :  -164.216456

          eigenvalues
 #    :          85         86         87         88         89         90         91         92
 occ. :        2.000      2.000      2.000      2.000      2.000      2.000      2.000      2.000
 eps  :       -17.940    -17.608    -17.487    -16.763    -16.604    -16.483    -15.981    -15.549
 #    :          93         94         95         96         97         98         99        100
 occ. :        2.000      2.000      2.000      2.000      2.000      0.000      0.000      0.000
 eps  :       -15.491    -15.312    -15.167    -14.784    -14.014     -8.044     -6.437     -6.390
 #    :         101        102        103        104        105        106        107        108
 occ. :        0.000      0.000      0.000      0.000      0.000      0.000      0.000      0.000
 eps  :        -6.210     -5.624     -5.538     -5.527     -5.274     -5.224     -4.757     -4.733
                            1  SCC done.
 writing mo output ...
 molden style : F
 
speedup 25.09
cpu  time for all   15.97 s
wall time for all    0.64 s
