  53
 Etot=         -85.8848493293
 C          8.8189934920       -0.8346914113       -0.4194411068
 C          8.2384342159       -0.0425054455        0.5589249655
 C          6.8656889637        0.0327545717        0.6718503208
 C          6.0326608982       -0.6882203661       -0.1940506362
 C          4.5905476566       -0.6041274867       -0.0954679142
 C          3.7528363599       -1.7076717704       -0.4499227715
 C          2.3943920592       -1.6260819443       -0.4494528317
 C          1.6777486052       -0.4491981774       -0.0922777423
 C          0.2566305589       -0.3873054198       -0.0693758378
 C         -0.5511406691       -1.3779082265       -0.6838449729
 C         -1.9175223584       -1.2961229030       -0.6797120408
 C         -2.5697288379       -0.2216073508       -0.0588519569
 N         -3.9582183328       -0.1408289636       -0.0545985068
 C         -4.8285133587       -1.1718858906        0.2458364241
 C         -4.5544565786       -2.4677852753        0.6613683883
 C         -5.6255950151       -3.3003375584        0.9281095154
 C         -6.9395639782       -2.8580891180        0.8000579258
 C         -7.2186827978       -1.5583449386        0.4191420270
 C         -6.1602289429       -0.7058005046        0.1450610604
 C         -6.0801864822        0.6784305932       -0.2382827625
 C         -7.0340275394        1.6483802759       -0.5065604408
 C         -6.6073998633        2.9074712539       -0.8871672942
 C         -5.2514554838        3.1944101912       -1.0205422608
 C         -4.2826553445        2.2428077945       -0.7605911808
 C         -4.7040357628        0.9866378136       -0.3462492369
 C         -1.7925090903        0.7664883515        0.5620026405
 C         -0.4269807271        0.6810172515        0.5637140610
 C          2.5020709576        0.6680234306        0.2752178573
 N          2.1008109509        1.9035420515        0.5523471892
 N          3.0079581488        2.7413952255        0.8664983163
 S          4.5484500112        2.1064024641        0.7476177363
 C          3.9204669384        0.5473410743        0.2992613554
 C          6.6364821900       -1.4934916289       -1.1707465793
 C          8.0087402041       -1.5596358890       -1.2818573780
 H          9.8935320218       -0.8903816277       -0.5079502965
 H          8.8618569673        0.5149634100        1.2424330136
 H          6.4298561403        0.6215902840        1.4650349113
 H          4.2281948427       -2.6437814084       -0.6980143907
 H          1.8345641967       -2.5153152409       -0.6927244077
 H         -0.0892841505       -2.1924843434       -1.2182909255
 H         -2.5056546093       -2.0378976927       -1.2001696082
 H         -3.5403453566       -2.8133257358        0.7897562419
 H         -5.4380382165       -4.3141623702        1.2487770408
 H         -7.7493505350       -3.5389503583        1.0150640845
 H         -8.2371485862       -1.2095152833        0.3417160677
 H         -8.0857190146        1.4198384986       -0.4245243088
 H         -7.3336629734        3.6783090272       -1.0966983187
 H         -4.9486364615        4.1805564304       -1.3389162666
 H         -3.2360385501        2.4699348121       -0.8907276460
 H         -2.2853926862        1.5734108594        1.0835052490
 H          0.1537584710        1.4357910749        1.0707598348
 H          6.0183260334       -2.0374731015       -1.8691015247
 H          8.4546464241       -2.1750798656       -2.0497889167
  53
 Etot=         -85.8848755780
 C          8.8189461778       -0.8349136843       -0.4193416131
 C          8.2382949347       -0.0426143590        0.5591894297
 C          6.8657870513        0.0327815677        0.6721464408
 C          6.0322090689       -0.6885793756       -0.1937505679
 C          4.5908165132       -0.6042015210       -0.0957787885
 C          3.7528112438       -1.7067043314       -0.4515732937
 C          2.3940601154       -1.6251553942       -0.4505863385
 C          1.6771225896       -0.4486514085       -0.0927056482
 C          0.2573270423       -0.3873890368       -0.0691927555
 C         -0.5513989999       -1.3792680600       -0.6830923770
 C         -1.9172793164       -1.2975987815       -0.6785894075
 C         -2.5698425552       -0.2217323436       -0.0588042292
 N         -3.9579156496       -0.1409343149       -0.0545317594
 C         -4.8282835457       -1.1719276719        0.2458018833
 C         -4.5541826399       -2.4678854847        0.6614117545
 C         -5.6253271450       -3.3004701200        0.9281793766
 C         -6.9393489153       -2.8581772279        0.8000555277
 C         -7.2185701125       -1.5583324764        0.4190954624
 C         -6.1601802425       -0.7058242615        0.1450810300
 C         -6.0800793112        0.6784585289       -0.2380682066
 C         -7.0337967075        1.6483939515       -0.5063804920
 C         -6.6069735842        2.9074928923       -0.8872431411
 C         -5.2509606867        3.1943550834       -1.0207454899
 C         -4.2822028927        2.2427149534       -0.7605828513
 C         -4.7037214994        0.9865455463       -0.3460388013
 C         -1.7921268764        0.7677193466        0.5610717375
 C         -0.4271992947        0.6820835573        0.5635172963
 C          2.5019718056        0.6687754484        0.2752574759
 N          2.0997202559        1.9038225398        0.5560688705
 N          3.0066487295        2.7421728353        0.8650513373
 S          4.5467400867        2.1064050327        0.7471230630
 C          3.9201054550        0.5475593301        0.2994052234
 C          6.6364583064       -1.4944899924       -1.1703631812
 C          8.0085507729       -1.5602019053       -1.2816568283
 H          9.8934877456       -0.8903687169       -0.5080360851
 H          8.8617757135        0.5145549298        1.2429097423
 H          6.4301925693        0.6210605085        1.4658169999
 H          4.2279478491       -2.6430610820       -0.6992984616
 H          1.8343514799       -2.5144814696       -0.6940143295
 H         -0.0896964010       -2.1929872695       -1.2189260507
 H         -2.5054255028       -2.0387030027       -1.2000334007
 H         -3.5400743292       -2.8132658355        0.7900592382
 H         -5.4378050816       -4.3141977210        1.2490841150
 H         -7.7491372168       -3.5390000933        1.0151270233
 H         -8.2370417626       -1.2095206686        0.3417354619
 H         -8.0855075636        1.4199597969       -0.4243431889
 H         -7.3332015988        3.6782973545       -1.0969724479
 H         -4.9481267582        4.1803339690       -1.3395351723
 H         -3.2355910677        2.4696367295       -0.8909276475
 H         -2.2851391782        1.5739057869        1.0836121466
 H          0.1533976223        1.4361139216        1.0716992054
 H          6.0183856425       -2.0380242987       -1.8691391161
 H          8.4545026690       -2.1749922585       -2.0500920052
