  105
 Etot=        -164.7086189648
 O         -9.0111079100       -1.3235265369       -0.5618658424
 P         -8.6587754416        0.0433580930       -0.1312628187
 C         -8.1357242791        1.1249493733       -1.4973240764
 C         -8.5709203883        0.7897961583       -2.7716444528
 C         -8.2097328851        1.5701204709       -3.8556543757
 C         -7.4115314601        2.6865230476       -3.6648268312
 C         -6.9740569621        3.0209001881       -2.3925460307
 C         -7.3362527935        2.2443606616       -1.3067982504
 C        -10.0305431684        0.9017120253        0.6987683076
 C        -11.2211682356        0.2061365721        0.8547505260
 C        -12.3041228954        0.8134641333        1.4664269920
 C        -12.1957788116        2.1180138562        1.9202111321
 C        -11.0074189001        2.8155075289        1.7616776511
 C         -9.9237148959        2.2116424435        1.1508358170
 C         -7.2663579695        0.0644697290        1.0435694790
 C         -7.3586422372        0.2658582152        2.4130834912
 C         -6.2356894441        0.1674738486        3.2303626193
 C         -4.9891575906       -0.1395185414        2.7152415902
 C         -4.8718909200       -0.3527781035        1.3471072234
 C         -6.0167248762       -0.2518473830        0.5346904394
 O         -5.7420543570       -0.4839511258       -0.7728852463
 C         -4.4014273941       -0.7450727080       -0.8343720840
 C         -3.6678303871       -1.0403970055       -1.9690438423
 C         -2.3154221692       -1.2757381637       -1.8071620902
 C         -1.6925942002       -1.2134768759       -0.5534772061
 C         -0.2487666494       -1.4750051004       -0.4348508627
 C          0.3450351639       -2.5335156800       -1.1167983844
 C          1.6984190504       -2.7857153103       -0.9937697767
 C          2.5021534470       -1.9759522251       -0.2014685936
 C          3.9737359548       -2.2833749281       -0.0044760960
 C          4.8245640411       -1.0323197364        0.0800395091
 C          4.5636033220        0.0471807770       -0.7579047731
 C          5.3653441408        1.1713661916       -0.7361404396
 C          6.4600930755        1.2321155938        0.1206913559
 N          7.2769343891        2.3742631950        0.1458907356
 C          7.8682621739        2.9682209108       -0.9502303455
 C          7.8569124582        2.5748390522       -2.2813647872
 C          8.5598011235        3.3450725504       -3.1879264449
 C          9.2662712264        4.4777719053       -2.7869990774
 C          9.3001328872        4.8611034059       -1.4609461979
 C          8.6017198768        4.1024177815       -0.5299279118
 C          8.4348262006        4.1903516503        0.8939639252
 C          8.8897804505        5.0810502482        1.8582646742
 C          8.5164249776        4.8820257795        3.1726554903
 C          7.6890247261        3.8186029267        3.5294272155
 C          7.2239077535        2.9193953992        2.5890358881
 C          7.6127419667        3.1019624975        1.2691250372
 C          6.7356105758        0.1507303780        0.9505248136
 C          5.9239962299       -0.9679649033        0.9269779138
 C          4.5603012024       -3.1671392100       -1.0907823412
 C          4.7438151475       -2.8828786407       -2.4273825547
 C          5.3204700502       -3.8489254323       -3.2416541376
 C          5.7095568519       -5.0751426372       -2.7235586256
 C          5.5342781397       -5.3639869019       -1.3795757398
 C          4.9599008456       -4.4032445586       -0.5629798139
 C          4.6588547246       -4.4192130278        0.8598071268
 C          4.8468648229       -5.4042672225        1.8158888000
 C          4.4609109786       -5.1454842520        3.1214672020
 C          3.8945865856       -3.9270189064        3.4649208721
 C          3.7034424381       -2.9367646209        2.5101802741
 C          4.0931051192       -3.1852491763        1.2110785160
 C          1.9110506885       -0.9194409163        0.4834176905
 C          0.5569928457       -0.6735033610        0.3704313934
 C         -2.4403663666       -0.9087354974        0.5776735610
 C         -3.8007165000       -0.6774826372        0.4390457605
 H         -9.1805575040       -0.0950358655       -2.8946669775
 H         -8.5466945046        1.3057487466       -4.8474164116
 H         -7.1243801948        3.2950872081       -4.5097217769
 H         -6.3452449960        3.8872746623       -2.2470732796
 H         -6.9842767667        2.4945503652       -0.3155807647
 H        -11.2774491963       -0.8104529078        0.4907969810
 H        -13.2296388258        0.2700228490        1.5884911355
 H        -13.0394433892        2.5941321080        2.3978052699
 H        -10.9268438111        3.8328464409        2.1155918790
 H         -8.9959659397        2.7495315079        1.0241563862
 H         -8.3201523975        0.5053199686        2.8441202934
 H         -6.3470457349        0.3335637087        4.2913279408
 H         -4.1261451838       -0.2145638309        3.3582701228
 H         -4.1418712880       -1.0835909326       -2.9368209054
 H         -1.7143940824       -1.4970509901       -2.6761586376
 H         -0.2633585093       -3.1816270931       -1.7306194802
 H          2.1331187325       -3.6224348587       -1.5209041371
 H          3.7123668607        0.0170509268       -1.4218958948
 H          5.1412303387        2.0123747261       -1.3755022867
 H          7.3250541250        1.6902585506       -2.5982379162
 H          8.5647365229        3.0616592656       -4.2305546502
 H          9.8010864081        5.0556569820       -3.5266741008
 H          9.8602830578        5.7301937923       -1.1490965127
 H          9.5194131994        5.9134664512        1.5807816701
 H          8.8611493466        5.5624934322        3.9376125231
 H          7.4031160697        3.6964472066        4.5642411800
 H          6.5723476380        2.1063799968        2.8721710796
 H          7.5949404706        0.1844330482        1.6037410628
 H          6.1545638135       -1.8022763292        1.5726350277
 H          4.4421250339       -1.9312012971       -2.8389009708
 H          5.4675074575       -3.6421983802       -4.2918941837
 H          6.1556343187       -5.8122863768       -3.3757156837
 H          5.8404004845       -6.3187131334       -0.9781264831
 H          5.2844178406       -6.3553239730        1.5506674716
 H          4.6004827394       -5.9018470484        3.8804850814
 H          3.5974899864       -3.7457088818        4.4877549297
 H          3.2610834776       -1.9910032270        2.7855358521
 H          2.5185738866       -0.2758337495        1.1030884904
 H          0.1203578253        0.1623662728        0.8974627370
 H         -1.9762819297       -0.8738398416        1.5510654808
  105
 Etot=        -164.7087564093
 O         -9.0154980721       -1.3280580126       -0.5621368445
 P         -8.6605360565        0.0353957413       -0.1340965003
 C         -8.1368526053        1.1232087613       -1.4959349804
 C         -8.5711740091        0.7888714706       -2.7700771967
 C         -8.2097944429        1.5694225155       -3.8535211857
 C         -7.4121157927        2.6857594328       -3.6625378329
 C         -6.9748123406        3.0194466186       -2.3903772009
 C         -7.3369600690        2.2421559625       -1.3052422408
 C        -10.0275701743        0.9009346816        0.6986822671
 C        -11.2181827510        0.2065842068        0.8548233369
 C        -12.3008209738        0.8138069053        1.4665576697
 C        -12.1927285657        2.1180280359        1.9201572149
 C        -11.0043327378        2.8148677873        1.7617748145
 C         -9.9210426166        2.2106377405        1.1506935570
 C         -7.2661521358        0.0649942095        1.0398356171
 C         -7.3585729853        0.2671207706        2.4087953422
 C         -6.2364927496        0.1687845698        3.2274661195
 C         -4.9895725858       -0.1373119305        2.7136404009
 C         -4.8715904985       -0.3503058991        1.3458179901
 C         -6.0155089637       -0.2493076533        0.5318509312
 O         -5.7383601516       -0.4792874841       -0.7739709140
 C         -4.4008311745       -0.7423899508       -0.8344037657
 C         -3.6668173234       -1.0396119193       -1.9682154398
 C         -2.3150743561       -1.2766346418       -1.8059252495
 C         -1.6923936346       -1.2139684543       -0.5524220172
 C         -0.2486376810       -1.4749084505       -0.4341977175
 C          0.3456429483       -2.5327466410       -1.1163801903
 C          1.6990390317       -2.7846474847       -0.9940512796
 C          2.5024331325       -1.9753000303       -0.2014457213
 C          3.9735034450       -2.2826271461       -0.0045065932
 C          4.8238878281       -1.0320077773        0.0802275258
 C          4.5636352327        0.0468634204       -0.7583689082
 C          5.3658937590        1.1705779000       -0.7371703552
 C          6.4596417197        1.2321342797        0.1207898136
 N          7.2758751629        2.3733267894        0.1459617921
 C          7.8660558957        2.9678826266       -0.9501934014
 C          7.8538667026        2.5751131085       -2.2811115210
 C          8.5577184594        3.3448462656       -3.1871127812
 C          9.2651700931        4.4764238764       -2.7859177099
 C          9.2991229793        4.8595234999       -1.4601225639
 C          8.6005126645        4.1010200400       -0.5297362261
 C          8.4338198665        4.1888218766        0.8938105166
 C          8.8888851667        5.0794272109        1.8574823298
 C          8.5158181301        4.8804463215        3.1716221453
 C          7.6894239558        3.8168198999        3.5287454820
 C          7.2246552689        2.9171477670        2.5888959466
 C          7.6127042567        3.1001342306        1.2691900388
 C          6.7335943104        0.1514387122        0.9519560839
 C          5.9224080874       -0.9674348042        0.9279853871
 C          4.5597044147       -3.1661919903       -1.0905255027
 C          4.7423940464       -2.8820925371       -2.4269088529
 C          5.3191623015       -3.8479624997       -3.2409116442
 C          5.7087087822       -5.0737058231       -2.7228389438
 C          5.5339338483       -5.3624602607       -1.3791015266
 C          4.9595754296       -4.4019684429       -0.5628550461
 C          4.6590737830       -4.4178173973        0.8595653343
 C          4.8468150036       -5.4028289463        1.8151868364
 C          4.4606605158       -5.1440990019        3.1203772429
 C          3.8951422117       -3.9255997143        3.4638831863
 C          3.7043255141       -2.9352618732        2.5094828653
 C          4.0933009043       -3.1841061329        1.2106621971
 C          1.9113528855       -0.9191610490        0.4835490816
 C          0.5572779993       -0.6736008036        0.3707639907
 C         -2.4401859542       -0.9080167592        0.5781649715
 C         -3.8001734384       -0.6756470985        0.4391973852
 H         -9.1789262901       -0.0961793937       -2.8933754425
 H         -8.5461823373        1.3060333776       -4.8456586064
 H         -7.1247512672        3.2948444023       -4.5070964476
 H         -6.3459964328        3.8860769107       -2.2451710412
 H         -6.9833017244        2.4916459082       -0.3142109554
 H        -11.2743496876       -0.8091001108        0.4907412318
 H        -13.2268292194        0.2713366048        1.5884281351
 H        -13.0363473724        2.5947800375        2.3972719080
 H        -10.9243003456        3.8325342211        2.1152871856
 H         -8.9938308613        2.7495208890        1.0231277190
 H         -8.3205574263        0.5047158220        2.8399434368
 H         -6.3485300388        0.3334950695        4.2887380627
 H         -4.1269535515       -0.2129427667        3.3575984443
 H         -4.1399986055       -1.0829565171       -2.9359984066
 H         -1.7133103142       -1.4985025369       -2.6744983836
 H         -0.2631856956       -3.1810426735       -1.7293763405
 H          2.1340300166       -3.6214144399       -1.5206231929
 H          3.7120607666        0.0164313456       -1.4219827656
 H          5.1427165798        2.0113647440       -1.3769929499
 H          7.3219886037        1.6904538920       -2.5976823430
 H          8.5629479009        3.0614276775       -4.2294200255
 H          9.8000877487        5.0538665831       -3.5252904982
 H          9.8595267361        5.7279374041       -1.1478125810
 H          9.5181879705        5.9115524508        1.5794991472
 H          8.8604431484        5.5606820361        3.9362949143
 H          7.4033487091        3.6951396864        4.5632329195
 H          6.5729080784        2.1042434975        2.8719328368
 H          7.5923567106        0.1859149422        1.6055772368
 H          6.1525533580       -1.8021750823        1.5731185330
 H          4.4413367691       -1.9300238225       -2.8380383121
 H          5.4661281931       -3.6413383707       -4.2908663367
 H          6.1547573148       -5.8105018228       -3.3748314629
 H          5.8403333396       -6.3168135752       -0.9774123189
 H          5.2838216422       -6.3538571432        1.5495352322
 H          4.5995415833       -5.9003090232        3.8791829618
 H          3.5982116768       -3.7443791880        4.4864732685
 H          3.2613474720       -1.9896542790        2.7844624900
 H          2.5191805569       -0.2752352955        1.1026761867
 H          0.1204254585        0.1621719212        0.8978787242
 H         -1.9761691169       -0.8746472449        1.5519347905
  105
 Etot=        -164.7088100087
 O         -9.0208692302       -1.3323862068       -0.5622648573
 P         -8.6620012498        0.0269629810       -0.1372022491
 C         -8.1368814290        1.1194436075       -1.4953965523
 C         -8.5705933094        0.7865138576       -2.7698897479
 C         -8.2100141527        1.5686615809       -3.8522433259
 C         -7.4132296052        2.6851589594       -3.6597088272
 C         -6.9761289238        3.0171848148       -2.3870400575
 C         -7.3374326632        2.2380169907       -1.3031790976
 C        -10.0239737797        0.9000714880        0.6981149278
 C        -11.2150558920        0.2069878138        0.8549831447
 C        -12.2971357937        0.8145464778        1.4669228276
 C        -12.1881268008        2.1185876898        1.9202287095
 C        -10.9991820323        2.8143414186        1.7611682481
 C         -9.9167075008        2.2094538734        1.1495735826
 C         -7.2658540716        0.0637664254        1.0358987726
 C         -7.3591336711        0.2659864367        2.4042396992
 C         -6.2375832437        0.1711984675        3.2241779038
 C         -4.9899427811       -0.1335615635        2.7118098662
 C         -4.8707354784       -0.3461755626        1.3440911090
 C         -6.0138318555       -0.2463247969        0.5284132505
 O         -5.7342355092       -0.4758820333       -0.7755098181
 C         -4.3995599150       -0.7387429276       -0.8350651895
 C         -3.6647087309       -1.0381597335       -1.9679592460
 C         -2.3137017249       -1.2768655092       -1.8048330630
 C         -1.6915745779       -1.2137423178       -0.5511270556
 C         -0.2482854056       -1.4747691863       -0.4328781536
 C          0.3461009941       -2.5322125532       -1.1154109251
 C          1.6994257198       -2.7837977420       -0.9939290237
 C          2.5025273800       -1.9744263529       -0.2012748380
 C          3.9730485580       -2.2817046117       -0.0045472187
 C          4.8229586231       -1.0315767280        0.0803382292
 C          4.5634789468        0.0463611334       -0.7594817657
 C          5.3661307699        1.1695288913       -0.7388322595
 C          6.4584494211        1.2320669443        0.1209940694
 N          7.2740791269        2.3721040241        0.1460959586
 C          7.8629240094        2.9672764592       -0.9502550424
 C          7.8497440513        2.5750144230       -2.2811121280
 C          8.5544093625        3.3443984609       -3.1867335052
 C          9.2631089796        4.4748860259       -2.7852501956
 C          9.2974574422        4.8577271911       -1.4594742127
 C          8.5983800057        4.0994586130       -0.5296335898
 C          8.4328720640        4.1864946420        0.8938857262
 C          8.8883379112        5.0770264867        1.8570433041
 C          8.5156446448        4.8779217084        3.1711714182
 C          7.6899410363        3.8141002164        3.5286373695
 C          7.2250917547        2.9141502493        2.5891433453
 C          7.6123106474        3.0977083699        1.2694784139
 C          6.7306666608        0.1523753429        0.9541352724
 C          5.9201684424       -0.9666697589        0.9295862709
 C          4.5590055314       -3.1647532587       -1.0904808268
 C          4.7409785292       -2.8805130326       -2.4267405322
 C          5.3176100796       -3.8463297191       -3.2407400214
 C          5.7077847876       -5.0717466466       -2.7226799649
 C          5.5337788811       -5.3604934339       -1.3789492085
 C          4.9591464248       -4.4003049724       -0.5628913553
 C          4.6590221082       -4.4161367000        0.8593266138
 C          4.8464275572       -5.4012143122        1.8146393129
 C          4.4603370863       -5.1422780052        3.1196931180
 C          3.8955286835       -3.9235955167        3.4632950072
 C          3.7045927517       -2.9333050228        2.5090008503
 C          4.0929902571       -3.1826895314        1.2103379701
 C          1.9117610832       -0.9183980097        0.4839206837
 C          0.5576917406       -0.6733569230        0.3717128346
 C         -2.4394267461       -0.9062969194        0.5787714673
 C         -3.7989185357       -0.6724188186        0.4390702017
 H         -9.1777827696       -0.0983480570       -2.8938702613
 H         -8.5454240707        1.3067788249       -4.8450853331
 H         -7.1255317713        3.2954581585       -4.5032995366
 H         -6.3474597605        3.8839195282       -2.2412222320
 H         -6.9832384397        2.4869117406       -0.3120104477
 H        -11.2715162620       -0.8083462027        0.4911395372
 H        -13.2237245720        0.2732713995        1.5893826859
 H        -13.0309854447        2.5963407624        2.3976645257
 H        -10.9185933426        3.8319160691        2.1149986556
 H         -8.9893699983        2.7485209317        1.0225947966
 H         -8.3217250696        0.5019108499        2.8350676826
 H         -6.3505856287        0.3361722439        4.2853459629
 H         -4.1279088370       -0.2095845615        3.3567321411
 H         -4.1369842714       -1.0824826607       -2.9359468702
 H         -1.7112961211       -1.5014469842       -2.6723931538
 H         -0.2631677562       -3.1801158411       -1.7283350576
 H          2.1349688237       -3.6198571425       -1.5209805969
 H          3.7123346164        0.0149312198       -1.4236456079
 H          5.1446426400        2.0097252645       -1.3799395013
 H          7.3165542030        1.6911109643       -2.5975613501
 H          8.5591464831        3.0613505207       -4.2289601476
 H          9.7989306066        5.0513793903       -3.5243618298
 H          9.8591244494        5.7248357253       -1.1463892967
 H          9.5166331788        5.9094091825        1.5782305673
 H          8.8597793315        5.5582902932        3.9356260001
 H          7.4044330005        3.6922608216        4.5630637409
 H          6.5739672685        2.1007614664        2.8722360026
 H          7.5881246598        0.1883680369        1.6092425662
 H          6.1485383939       -1.8009540056        1.5758288461
 H          4.4391922810       -1.9285195107       -2.8375664938
 H          5.4637857440       -3.6399599462       -4.2906702385
 H          6.1538617557       -5.8082059653       -3.3746855782
 H          5.8407571967       -6.3144038498       -0.9769010277
 H          5.2831472870       -6.3521436175        1.5484903648
 H          4.5985319144       -5.8983625674        3.8784491825
 H          3.5992610804       -3.7421761468        4.4858594393
 H          3.2622310584       -1.9872957289        2.7836963415
 H          2.5199085255       -0.2745379205        1.1028512409
 H          0.1205681334        0.1621540359        0.8991625498
 H         -1.9755450171       -0.8736956174        1.5528506209
  105
 Etot=        -164.7088208160
 O         -9.0237132507       -1.3343684987       -0.5623831600
 P         -8.6623205304        0.0238550197       -0.1384525549
 C         -8.1363963629        1.1160342895       -1.4963881704
 C         -8.5699872866        0.7844372253       -2.7714314844
 C         -8.2098027653        1.5682048665       -3.8527700451
 C         -7.4136094074        2.6849039229       -3.6583758756
 C         -6.9768924869        3.0154910737       -2.3850985103
 C         -7.3378021376        2.2347102498       -1.3023267512
 C        -10.0224134550        0.8993851066        0.6974440122
 C        -11.2141406509        0.2072532130        0.8551767214
 C        -12.2953265505        0.8156249764        1.4678154881
 C        -12.1846161764        2.1196813984        1.9209436718
 C        -10.9949471363        2.8142013375        1.7612014100
 C         -9.9133168326        2.2083949246        1.1490476683
 C         -7.2659045402        0.0613855903        1.0344483495
 C         -7.3598567336        0.2641579257        2.4025134195
 C         -6.2381886818        0.1727063321        3.2227014467
 C         -4.9900258512       -0.1306163449        2.7107146802
 C         -4.8701578384       -0.3436374960        1.3429930363
 C         -6.0132607252       -0.2458787645        0.5269132511
 O         -5.7329182812       -0.4758262833       -0.7767067228
 C         -4.3985557544       -0.7373986255       -0.8359094336
 C         -3.6631322005       -1.0377364314       -1.9683689073
 C         -2.3123966266       -1.2767749027       -1.8045731152
 C         -1.6907793659       -1.2128023900       -0.5505764936
 C         -0.2478968072       -1.4744047848       -0.4319746820
 C          0.3461085736       -2.5318673570       -1.1148567389
 C          1.6993416282       -2.7834412225       -0.9937058671
 C          2.5023290654       -1.9740016953       -0.2009775122
 C          3.9726623875       -2.2813762895       -0.0044983440
 C          4.8222335090       -1.0312802523        0.0805213341
 C          4.5635461996        0.0456933299       -0.7607999254
 C          5.3660187266        1.1688250136       -0.7401175912
 C          6.4572171570        1.2320307758        0.1212009203
 N          7.2727708266        2.3716877305        0.1462370509
 C          7.8608242079        2.9672185466       -0.9503399607
 C          7.8466820842        2.5753263272       -2.2813625873
 C          8.5515595012        3.3445122887       -3.1870231917
 C          9.2616310220        4.4741208883       -2.7853806893
 C          9.2968162013        4.8566201483       -1.4594429832
 C          8.5971966263        4.0987633912       -0.5296096278
 C          8.4325353027        4.1852963767        0.8941397167
 C          8.8881330604        5.0758424523        1.8572971936
 C          8.5160286937        4.8762551116        3.1716028743
 C          7.6908429444        3.8120384525        3.5292212274
 C          7.2255237863        2.9123399546        2.5896684591
 C          7.6121405913        3.0964227999        1.2698399120
 C          6.7283811854        0.1532956237        0.9560220329
 C          5.9179987334       -0.9656456508        0.9315801503
 C          4.5585153631       -3.1641444474       -1.0905845689
 C          4.7398229106       -2.8797559781       -2.4269597717
 C          5.3164772094       -3.8454037297       -3.2411745800
 C          5.7074715787       -5.0706174707       -2.7231238573
 C          5.5340206132       -5.3595085132       -1.3792811240
 C          4.9590749122       -4.3995948975       -0.5630096502
 C          4.6587783690       -4.4156067201        0.8592710479
 C          4.8461149669       -5.4006449817        1.8147300756
 C          4.4601744471       -5.1414209981        3.1198400497
 C          3.8957384707       -3.9225222902        3.4635059874
 C          3.7046570004       -2.9323584182        2.5090939104
 C          4.0926634655       -3.1822001285        1.2103430394
 C          1.9119733864       -0.9180045227        0.4846366907
 C          0.5579622965       -0.6729611127        0.3727214653
 C         -2.4386252876       -0.9038824080        0.5788388888
 C         -3.7979389727       -0.6697760286        0.4384987385
 H         -9.1768524163       -0.1007340899       -2.8964376787
 H         -8.5451502180        1.3078434573       -4.8460360575
 H         -7.1266677601        3.2970606013       -4.5008258670
 H         -6.3490192883        3.8825469580       -2.2380067437
 H         -6.9834942090        2.4823850706       -0.3109270077
 H        -11.2715007877       -0.8082757243        0.4915418017
 H        -13.2223007554        0.2751954837        1.5910986249
 H        -13.0265801757        2.5984793392        2.3988291858
 H        -10.9132444003        3.8317798317        2.1146828822
 H         -8.9859340276        2.7471725334        1.0212486655
 H         -8.3232418359        0.4972151428        2.8331409978
 H         -6.3517754757        0.3386274472        4.2835989491
 H         -4.1279165810       -0.2046410111        3.3556603531
 H         -4.1349635229       -1.0823676571       -2.9366478019
 H         -1.7095356918       -1.5022075227       -2.6715339383
 H         -0.2635223834       -3.1797904097       -1.7274462222
 H          2.1350272065       -3.6194177827       -1.5207630761
 H          3.7129810020        0.0134677521       -1.4256435429
 H          5.1453525273        2.0086958860       -1.3819471614
 H          7.3129487443        1.6917563972       -2.5977871273
 H          8.5556823967        3.0616862271       -4.2293624743
 H          9.7977251155        5.0503046137       -3.5246019563
 H          9.8590669657        5.7232984858       -1.1461654801
 H          9.5163818423        5.9082057460        1.5782606875
 H          8.8603310457        5.5564784715        3.9361756065
 H          7.4057482229        3.6898523931        4.5637703413
 H          6.5743677742        2.0990064654        2.8727973209
 H          7.5852217029        0.1900968576        1.6119299442
 H          6.1457047422       -1.7997086389        1.5783124871
 H          4.4376746464       -1.9277734036       -2.8375299683
 H          5.4622106891       -3.6389791584       -4.2912044420
 H          6.1535948159       -5.8069100353       -3.3753566733
 H          5.8413841152       -6.3133088190       -0.9772459590
 H          5.2828732670       -6.3515486428        1.5485349112
 H          4.5983899200       -5.8973677935        3.8787850094
 H          3.5998503913       -3.7408541698        4.4861819472
 H          3.2624874127       -1.9861901144        2.7835503072
 H          2.5204669276       -0.2740773167        1.1031257778
 H          0.1208489924        0.1626801545        0.8999754920
 H         -1.9749943003       -0.8709452923        1.5530029573
