 
        ______________________________________
       |                                      |
       |          ===================         |
       |             xTB for sTDA             |
       |          ===================         |
       |               S. Grimme              |
       |        Universitaet Bonn, MCTC       |
       |         2015-19, Version 1.0         |
       |     Wed Apr  3 09:14:55 CEST 2019    |
       |______________________________________|
 
        This code comes without any warranty
        for non-commercial, academia use only.
        Preliminary test version.
        Cite this work as:
        S. Grimme  &  C. Bannwarth, JCP 145 (2016) 054103
        if GBSA is used additionally:
        P. Shushkov, F. März, C. Bannwarth, S. Grimme, unpublished.
 
        with help from
        P. Shushkov, G. Brandenburg, S. Dohm, J. Pisarek,
        F. März, M. Checinski, S. Ehrlich, S. Spicher, 
        P. Pracht, E. Caldeweyher, S. Ehlert, and C. Bannwarth.
 
        usage        :
        xtb4stda <coord_file> [options]
        where <coord_file> is a valid file of TM)
        (*coord, Bohr) or xmol (*xyz, Angstroem)
        format.

        options:
        -chrg <int>   : molecular charge
        -uhf  <int>   : # of unpaired electrons(=2*S)
        -nox          : skip second, extended part in sTDA-xTB
        -pop          : do population analysis
                      : (default for -nox)
        -mowr <real>  : cut MO write above (def.3 Eh)
        -molden       : write formatted molden file
        -parx <file>  : read parameters for sTDA-xTB
                        calc (def:~/.param_stda2.xtb)
        -parv <file>  : read parameters for vTB part in
                        sTDA-xTB (def: ~/.param_stda1.xtb)
        -xtemp <real> : el. temp for xTB (def. 0 K)
        -etemp <real> : el. temp for GFN (def. 300 K)
        -fod          : calculate the FOD and write
                        molden.input file with
                        appropriate occupations
                        for plotting. Def. T=12500 K
 
        -acc <real>   : xTB accuracy (def. 1.0)
        -gbsa [string1] [string2]
                        use GBSA implicit solvent
                        for solvent [string1] and
                        solvation state [string2]=
                        reference, bar1M (default=1M)
        additional GFN/opt/MD/siman options read from
        $XTB4STDAHOME/.xtb4stdarc or $set in input
 
       spin and charge state information can be on:
       <.CHRG> (charge) and <.UHF> (=nalpha-nbeta)
       -uhf and -chrg override the file info.
       useful machine settings:
       setenv MKL_NUM_THREADS <NCORE_ON_YOUR_MACHINE>
       setenv OMP_STACKSIZE 500m
       limit stacksize unlimited
 
       total energies in Eh, gaps/HL energies in eV
       please read REVISION and HOWTO files carefully
 =============================
  # OMP threads =          48
 =============================
 
 xtb4stdahome directory:/home/penavora/Exe_xtb_crest/
 
 argument            1 :--gbsa
 argument            2 :toluene
 
 name of molecule           :
 comment line               :
 number of atoms            :    68
 number of electrons        :   214
 charge                     :  0
 spin                       : 0.0
 first test random number   :  0.4589
 
 -----------------------------------------
      charge density (VTB) calculation
 -----------------------------------------
 
      method parameters     
 k(s)        :  1.8000
 k(p)        :  2.8350
 k(d)        :  2.0860
 k(f)        :  2.0000
 Tscal       :  0.3300
 Gscal       :  0.3910
 fpol        :  1.0000
 Zcnf        :  0.6500
 Zqf         :  0.0000
 kcn         :  0.3000
 kEN1        : -0.5900
 wllscal     :  2.6000
 
 Solvent             : toluene
 GBSA parameter file : /home/penavora/Exe_xtb_crest/.param_gbsa_toluene
 Gsolv ref. state (COSMO-RS): gsolv [1 M gas/solution]
 temperature (mdtemp)       :    298.150000000000     
 dielectric constant        :    7.00000000000000     
 rho                        :   0.867000000000000     
 mass                       :    92.1400000000000     
 surface tension            :    15.5689470637553     
 probe radius               :   0.641644990000000     
 vdW radii scaling          :    1.00000000000000     
 Gshift (Eh)                :   4.228772547061559E-003
 c1                         :    1.59772343000000     
 soset                      :   0.281999450000000     
 HB correction              :  F
 
 doing EN charges ...
 sum q : -0.2442491D-14
 point charge moment (au)
     X       Y       Z   
  -0.0005   0.5777  -0.0080  total (Debye):    1.469
 
            Z      q(EN)   CN      Cart. coordinates
     1  C   4.0  -0.074   3.153   -18.41727     5.03215     1.72431
     2  C   4.0  -0.073   3.146   -16.78069     6.60893     3.05189
     3  C   4.0  -0.068   3.150   -14.21245     6.14548     3.12500
     4  C   4.0   0.000   3.341   -13.28621     4.05530     1.83376
     5  C   4.0   0.053   3.499   -14.96750     2.47939     0.49892
     6  C   4.0  -0.062   3.137   -17.53902     2.93840     0.42486
     7  O   6.0  -0.149   2.112   -13.72518     0.53197    -0.65527
     8  C   4.0   0.062   3.507   -11.23957     0.83712    -0.08078
     9  C   4.0   0.002   3.334   -10.82180     2.96729     1.45395
    10  C   4.0  -0.068   3.157    -8.38953     3.59762     2.25438
    11  C   4.0  -0.063   3.159    -6.36357     2.12786     1.52712
    12  C   4.0   0.087   3.458    -6.79055     0.03077    -0.00676
    13  C   4.0   0.011   3.372    -9.22909    -0.66888    -0.83146
    14  C   4.0   0.001   3.369    -8.96469    -2.90320    -2.34320
    15  C   4.0  -0.067   3.153   -10.68433    -4.36148    -3.68424
    16  C   4.0  -0.073   3.145    -9.78411    -6.38674    -5.06246
    17  C   4.0  -0.073   3.151    -7.20923    -6.92022    -5.14408
    18  C   4.0  -0.063   3.155    -5.46865    -5.48997    -3.81555
    19  C   4.0   0.085   3.455    -6.36337    -3.50007    -2.36168
    20  N   5.0  -0.319   3.314    -5.06394    -1.73624    -0.90714
    21  C   4.0   0.199   3.296    -2.50637    -1.76478    -0.37972
    22  C   4.0   0.042   3.240    -1.14806    -4.01222    -0.03917
    23  N   5.0  -0.214   2.182     1.30930    -4.00905     0.34108
    24  C   4.0   0.200   3.297     2.50708    -1.78910     0.45132
    25  N   5.0  -0.319   3.315     5.09594    -1.82054     0.79045
    26  C   4.0   0.085   3.462     6.41686    -3.58334     2.23089
    27  C   4.0  -0.063   3.156     5.54805    -5.69440     3.51355
    28  C   4.0  -0.073   3.152     7.28858    -7.09390     4.87300
    29  C   4.0  -0.073   3.146     9.83108    -6.41926     4.96810
    30  C   4.0  -0.067   3.153    10.70569    -4.30863     3.70658
    31  C   4.0   0.001   3.368     8.98655    -2.88127     2.33062
    32  C   4.0   0.011   3.372     9.23016    -0.63790     0.82813
    33  C   4.0   0.062   3.506    11.22387     0.90913     0.11805
    34  O   6.0  -0.149   2.112    13.68794     0.70211     0.81021
    35  C   4.0   0.053   3.499    14.92463     2.64136    -0.36362
    36  C   4.0  -0.062   3.137    17.47656     3.17932    -0.19821
    37  C   4.0  -0.074   3.153    18.35197     5.24623    -1.54173
    38  C   4.0  -0.073   3.146    16.73236     6.72042    -3.00146
    39  C   4.0  -0.068   3.150    14.18373     6.17882    -3.16517
    40  C   4.0   0.000   3.341    13.26111     4.11301    -1.83272
    41  C   4.0   0.001   3.334    10.81541     2.96481    -1.51839
    42  C   4.0  -0.068   3.156     8.41559     3.45328    -2.49252
    43  C   4.0  -0.063   3.157     6.40417     1.94587    -1.79952
    44  C   4.0   0.087   3.452     6.80338    -0.04157    -0.11371
    45  C   4.0   0.042   3.240     1.10811     0.45711     0.35706
    46  N   5.0  -0.214   2.182    -1.34017     0.45403    -0.07632
    47  H   1.0   0.074   1.004   -20.41401     5.44980     1.70620
    48  H   1.0   0.074   1.004   -17.54128     8.22377     4.04083
    49  H   1.0   0.075   1.004   -12.94824     7.37037     4.15435
    50  H   1.0   0.075   1.004   -18.79301     1.70856    -0.60901
    51  H   1.0   0.075   1.005    -8.10065     5.23406     3.43443
    52  H   1.0   0.077   1.007    -4.47065     2.59709     2.11021
    53  H   1.0   0.075   1.004   -12.66823    -3.89140    -3.64820
    54  H   1.0   0.074   1.004   -11.08120    -7.55433    -6.11873
    55  H   1.0   0.074   1.005    -6.54562    -8.47932    -6.28071
    56  H   1.0   0.075   1.005    -3.47773    -5.90496    -3.96060
    57  H   1.0   0.077   1.005    -2.05944    -5.83881     0.00579
    58  H   1.0   0.077   1.006     3.58585    -6.23373     3.43420
    59  H   1.0   0.074   1.004     6.65812    -8.75259     5.88067
    60  H   1.0   0.074   1.004    11.12994    -7.56569     6.04605
    61  H   1.0   0.075   1.004    12.66910    -3.76120     3.77310
    62  H   1.0   0.075   1.004    18.71769     2.02799     0.93647
    63  H   1.0   0.074   1.004    20.33367     5.72278    -1.45560
    64  H   1.0   0.074   1.004    17.49005     8.31686    -4.02177
    65  H   1.0   0.075   1.004    12.93262     7.32424    -4.29695
    66  H   1.0   0.075   1.005     8.14020     4.99601    -3.79530
    67  H   1.0   0.076   1.006     4.56155     2.28527    -2.60084
    68  H   1.0   0.077   1.005     1.95346     2.28163     0.71257
 
  Z AO/shell   Hii/eV     exponent
  1     Sat Feb 20 21:38:01 CET 2016    EN: 2.327 GAM: 0.473  GM3: 0.0000
     1s    -13.751157    1.051071
  6     Sat Feb 20 21:38:01 CET 2016    EN: 2.731 GAM: 0.422  GM3: 0.0000
     2s    -19.378245    2.021003
     2p    -11.993376    1.497917
  7     Sat Feb 20 21:38:01 CET 2016    EN: 3.573 GAM: 0.504  GM3: 0.0000
     2s    -21.576984    2.275442
     2p    -16.125120    2.056788
  8     Sat Feb 20 21:38:01 CET 2016    EN: 3.700 GAM: 0.587  GM3: 0.0000
     2s    -21.648843    2.110798
     2p    -17.239740    2.329048
 
 dipole moment of classical point charges (au)
     X       Y       Z   
  -0.0005   0.5777  -0.0080  total (Debye):    1.469

 
 Nbf   :          206
 T(el) :   300.0
 calculating S/T integrals ...
 cpu time for ints    1.19812300000000     
 Nao   :          206
 making H0...
 making H1...
 cpu time for H      0.255416000000000     
 solving ...
 cpu time for diag   0.970975000000000     
 
 gap (eV)           :   3.618
 Koopmans IP (eV)   :  12.903
 Eel (Eh)           :  -168.881514
 T,E(Fermi),NFOD :    300.000   -11.094  0.000000
 T,E(Fermi),NFOD :    300.000   -11.094  0.000000
 Nfod               :  0.0000
 Nfod/Nel           :  0.0000

          eigenvalues
 #    :          95         96         97         98         99        100        101        102
 occ. :        2.000      2.000      2.000      2.000      2.000      2.000      2.000      2.000
 eps  :       -16.529    -16.060    -16.024    -15.480    -15.237    -14.952    -14.937    -14.722
 #    :         103        104        105        106        107        108        109        110
 occ. :        2.000      2.000      2.000      2.000      2.000      0.000      0.000      0.000
 eps  :       -14.444    -13.754    -13.743    -13.438    -12.904     -9.286     -7.098     -7.040
 #    :         111        112        113        114        115        116        117        118
 occ. :        0.000      0.000      0.000      0.000      0.000      0.000      0.000      0.000
 eps  :        -6.660     -6.436     -6.424     -6.376     -5.940     -5.584     -5.417     -5.154
                            1  SCC done.
 making H1...
 cpu time for H       1.08388100000000     
 solving ...
 cpu time for diag   0.420893000000000     
 
 gap (eV)           :   4.087
 Koopmans IP (eV)   :  13.013
 Eel (Eh)           :  -168.671000
 T,E(Fermi),NFOD :    300.000   -10.970  0.000000
 T,E(Fermi),NFOD :    300.000   -10.970  0.000000
 Nfod               :  0.0000
 Nfod/Nel           :  0.0000

          eigenvalues
 #    :          95         96         97         98         99        100        101        102
 occ. :        2.000      2.000      2.000      2.000      2.000      2.000      2.000      2.000
 eps  :       -16.503    -16.010    -15.969    -15.608    -14.988    -14.893    -14.820    -14.480
 #    :         103        104        105        106        107        108        109        110
 occ. :        2.000      2.000      2.000      2.000      2.000      0.000      0.000      0.000
 eps  :       -14.391    -13.726    -13.719    -13.432    -13.015     -8.927     -7.115     -7.032
 #    :         111        112        113        114        115        116        117        118
 occ. :        0.000      0.000      0.000      0.000      0.000      0.000      0.000      0.000
 eps  :        -6.748     -6.453     -6.410     -6.387     -6.112     -5.666     -5.500     -5.116
                            2  SCC done.
 
 
 Mulliken/CM5 charges    n(s)   n(p)   n(d)   
    1 C  -0.0396 -0.0956   1.135  2.904  0.000
    2 C  -0.0423 -0.0984   1.134  2.909  0.000
    3 C  -0.0375 -0.0905   1.138  2.900  0.000
    4 C  -0.0220 -0.0239   1.167  2.855  0.000
    5 C   0.0615  0.0824   1.167  2.772  0.000
    6 C  -0.0406 -0.0920   1.135  2.906  0.000
    7 O  -0.1122 -0.1748   1.485  4.627  0.000
    8 C   0.0653  0.0903   1.168  2.767  0.000
    9 C  -0.0321 -0.0337   1.164  2.868  0.000
   10 C  -0.0357 -0.0882   1.135  2.900  0.000
   11 C  -0.0453 -0.0926   1.132  2.914  0.000
   12 C   0.0411  0.1049   1.181  2.778  0.000
   13 C  -0.0285 -0.0202   1.163  2.866  0.000
   14 C  -0.0226 -0.0191   1.165  2.858  0.000
   15 C  -0.0362 -0.0887   1.138  2.898  0.000
   16 C  -0.0426 -0.0988   1.133  2.909  0.000
   17 C  -0.0347 -0.0908   1.135  2.899  0.000
   18 C  -0.0431 -0.0928   1.137  2.906  0.000
   19 C   0.0355  0.0973   1.182  2.783  0.000
   20 N  -0.0781 -0.3132   1.235  3.843  0.000
   21 C   0.1125  0.2567   1.188  2.699  0.000
   22 C   0.0241  0.0644   1.160  2.816  0.000
   23 N  -0.1787 -0.3712   1.478  3.700  0.000
   24 C   0.1123  0.2566   1.188  2.699  0.000
   25 N  -0.0781 -0.3134   1.235  3.843  0.000
   26 C   0.0433  0.1067   1.181  2.776  0.000
   27 C  -0.0408 -0.0884   1.137  2.904  0.000
   28 C  -0.0387 -0.0946   1.136  2.903  0.000
   29 C  -0.0452 -0.1013   1.133  2.912  0.000
   30 C  -0.0378 -0.0902   1.138  2.900  0.000
   31 C  -0.0232 -0.0196   1.165  2.858  0.000
   32 C  -0.0274 -0.0191   1.162  2.865  0.000
   33 C   0.0661  0.0912   1.167  2.767  0.000
   34 O  -0.1112 -0.1739   1.485  4.626  0.000
   35 C   0.0616  0.0824   1.167  2.772  0.000
   36 C  -0.0407 -0.0921   1.135  2.906  0.000
   37 C  -0.0395 -0.0955   1.135  2.904  0.000
   38 C  -0.0420 -0.0982   1.134  2.908  0.000
   39 C  -0.0361 -0.0891   1.138  2.898  0.000
   40 C  -0.0219 -0.0237   1.167  2.855  0.000
   41 C  -0.0319 -0.0335   1.164  2.867  0.000
   42 C  -0.0313 -0.0841   1.135  2.896  0.000
   43 C  -0.0473 -0.0968   1.132  2.915  0.000
   44 C   0.0334  0.0957   1.182  2.785  0.000
   45 C   0.0243  0.0645   1.161  2.815  0.000
   46 N  -0.1782 -0.3713   1.478  3.700  0.000
   47 H   0.0467  0.1033   0.953  0.000  0.000
   48 H   0.0453  0.1019   0.955  0.000  0.000
   49 H   0.0458  0.1029   0.954  0.000  0.000
   50 H   0.0406  0.0990   0.959  0.000  0.000
   51 H   0.0566  0.1140   0.943  0.000  0.000
   52 H   0.0494  0.1164   0.951  0.000  0.000
   53 H   0.0427  0.1015   0.957  0.000  0.000
   54 H   0.0448  0.1014   0.955  0.000  0.000
   55 H   0.0496  0.1062   0.950  0.000  0.000
   56 H   0.0450  0.1054   0.955  0.000  0.000
   57 H   0.0644  0.1361   0.936  0.000  0.000
   58 H   0.0428  0.1089   0.957  0.000  0.000
   59 H   0.0471  0.1038   0.953  0.000  0.000
   60 H   0.0440  0.1006   0.956  0.000  0.000
   61 H   0.0426  0.1013   0.957  0.000  0.000
   62 H   0.0402  0.0986   0.960  0.000  0.000
   63 H   0.0464  0.1030   0.954  0.000  0.000
   64 H   0.0453  0.1019   0.955  0.000  0.000
   65 H   0.0465  0.1036   0.953  0.000  0.000
   66 H   0.0595  0.1169   0.940  0.000  0.000
   67 H   0.0517  0.1125   0.948  0.000  0.000
   68 H   0.0651  0.1368   0.935  0.000  0.000
 Hirshfeld charges for QMDFF written to <charges>
 
 Loewdin charges    n(s)   n(p)   n(d)
    1 C  -0.0310   1.080  2.951  0.000
    2 C  -0.0352   1.079  2.956  0.000
    3 C  -0.0315   1.084  2.948  0.000
    4 C  -0.0214   1.125  2.896  0.000
    5 C   0.0496   1.133  2.817  0.000
    6 C  -0.0379   1.082  2.956  0.000
    7 O  -0.0704   1.445  4.626  0.000
    8 C   0.0511   1.135  2.814  0.000
    9 C  -0.0334   1.123  2.910  0.000
   10 C  -0.0282   1.081  2.947  0.000
   11 C  -0.0436   1.079  2.964  0.000
   12 C   0.0353   1.146  2.819  0.000
   13 C  -0.0340   1.123  2.911  0.000
   14 C  -0.0223   1.123  2.899  0.000
   15 C  -0.0306   1.084  2.947  0.000
   16 C  -0.0359   1.079  2.957  0.000
   17 C  -0.0263   1.081  2.946  0.000
   18 C  -0.0407   1.085  2.956  0.000
   19 C   0.0297   1.147  2.823  0.000
   20 N  -0.0346   1.192  3.843  0.000
   21 C   0.0936   1.161  2.745  0.000
   22 C   0.0177   1.116  2.867  0.000
   23 N  -0.1549   1.442  3.713  0.000
   24 C   0.0934   1.161  2.745  0.000
   25 N  -0.0347   1.192  3.843  0.000
   26 C   0.0367   1.146  2.817  0.000
   27 C  -0.0383   1.084  2.954  0.000
   28 C  -0.0301   1.081  2.949  0.000
   29 C  -0.0384   1.079  2.960  0.000
   30 C  -0.0320   1.084  2.948  0.000
   31 C  -0.0228   1.124  2.899  0.000
   32 C  -0.0330   1.123  2.910  0.000
   33 C   0.0519   1.135  2.813  0.000
   34 O  -0.0694   1.444  4.625  0.000
   35 C   0.0497   1.133  2.817  0.000
   36 C  -0.0380   1.082  2.956  0.000
   37 C  -0.0310   1.080  2.951  0.000
   38 C  -0.0350   1.079  2.956  0.000
   39 C  -0.0302   1.084  2.946  0.000
   40 C  -0.0213   1.125  2.896  0.000
   41 C  -0.0330   1.123  2.910  0.000
   42 C  -0.0240   1.081  2.943  0.000
   43 C  -0.0457   1.080  2.966  0.000
   44 C   0.0285   1.147  2.825  0.000
   45 C   0.0180   1.116  2.866  0.000
   46 N  -0.1544   1.442  3.712  0.000
   47 H   0.0382   0.962  0.000  0.000
   48 H   0.0372   0.963  0.000  0.000
   49 H   0.0371   0.963  0.000  0.000
   50 H   0.0322   0.968  0.000  0.000
   51 H   0.0472   0.953  0.000  0.000
   52 H   0.0405   0.959  0.000  0.000
   53 H   0.0344   0.966  0.000  0.000
   54 H   0.0368   0.963  0.000  0.000
   55 H   0.0409   0.959  0.000  0.000
   56 H   0.0370   0.963  0.000  0.000
   57 H   0.0526   0.947  0.000  0.000
   58 H   0.0342   0.966  0.000  0.000
   59 H   0.0388   0.961  0.000  0.000
   60 H   0.0361   0.964  0.000  0.000
   61 H   0.0343   0.966  0.000  0.000
   62 H   0.0319   0.968  0.000  0.000
   63 H   0.0380   0.962  0.000  0.000
   64 H   0.0371   0.963  0.000  0.000
   65 H   0.0377   0.962  0.000  0.000
   66 H   0.0496   0.950  0.000  0.000
   67 H   0.0434   0.957  0.000  0.000
   68 H   0.0531   0.947  0.000  0.000
 
 Wiberg/Mayer (AO) data. WBOs > 0.1 written file <wbo>
 largest (>0.05) Wiberg bond orders for each atom
           total WBO             WBO to atom ...
     1  C   3.954    C    6 1.439    C    2 1.405    H   47 0.945    C    4 0.094
     2  C   3.972    C    3 1.455    C    1 1.405    H   48 0.944    C    5 0.096
     3  C   3.959    C    2 1.455    C    4 1.357    H   49 0.945    C    6 0.102
     4  C   3.954    C    3 1.357    C    5 1.274    C    9 1.078    C    1 0.094
     5  C   3.920    C    6 1.393    C    4 1.274    O    7 1.033    C    2 0.096
     6  C   3.969    C    1 1.439    C    5 1.393    H   50 0.946    C    3 0.102
     7  O   2.349    C    8 1.046    C    5 1.033
     8  C   3.912    C   13 1.318    C    9 1.287    O    7 1.046    C   11 0.085
     9  C   3.949    C   10 1.333    C    8 1.287    C    4 1.078    C   12 0.077
    10  C   3.941    C   11 1.469    C    9 1.333    H   51 0.940    C   13 0.082
    11  C   3.963    C   10 1.469    C   12 1.353    H   52 0.938    C    8 0.085
    12  C   3.907    C   11 1.353    C   13 1.277    N   20 1.038    C    9 0.077
    13  C   3.948    C    8 1.318    C   12 1.277    C   14 1.085    C   10 0.082
    14  C   3.951    C   15 1.355    C   19 1.269    C   13 1.085    C   17 0.091
    15  C   3.961    C   16 1.456    C   14 1.355    H   53 0.944    C   18 0.103
    16  C   3.967    C   15 1.456    C   17 1.400    H   54 0.944    C   19 0.093
    17  C   3.952    C   18 1.444    C   16 1.400    H   55 0.944    C   14 0.091
    18  C   3.967    C   17 1.444    C   19 1.379    H   56 0.942    C   15 0.103
    19  C   3.924    C   18 1.379    C   14 1.269    N   20 1.035    C   16 0.093
    20  N   3.463    C   12 1.038    C   19 1.035    C   21 1.029
    21  C   3.916    C   22 1.345    N   46 1.337    N   20 1.029    C   24 0.089
    22  C   3.953    N   23 1.450    C   21 1.345    H   57 0.943    C   45 0.107
    23  N   3.109    C   22 1.450    C   24 1.337    N   46 0.110
    24  C   3.916    C   45 1.344    N   23 1.337    N   25 1.029    C   21 0.089
    25  N   3.462    C   44 1.043    C   26 1.031    C   24 1.029
    26  C   3.924    C   27 1.380    C   31 1.271    N   25 1.031    C   29 0.093
    27  C   3.967    C   28 1.444    C   26 1.380    H   58 0.942    C   30 0.103
    28  C   3.952    C   27 1.444    C   29 1.400    H   59 0.944    C   31 0.091
    29  C   3.969    C   30 1.457    C   28 1.400    H   60 0.944    C   26 0.093
    30  C   3.961    C   29 1.457    C   31 1.354    H   61 0.944    C   27 0.103
    31  C   3.950    C   30 1.354    C   26 1.271    C   32 1.085    C   28 0.091
    32  C   3.949    C   33 1.318    C   44 1.277    C   31 1.085    C   42 0.082
    33  C   3.912    C   32 1.318    C   41 1.286    O   34 1.048    C   43 0.085
    34  O   2.350    C   33 1.048    C   35 1.033
    35  C   3.920    C   36 1.393    C   40 1.274    O   34 1.033    C   38 0.096
    36  C   3.969    C   37 1.439    C   35 1.393    H   62 0.946    C   39 0.102
    37  C   3.954    C   36 1.439    C   38 1.405    H   63 0.945    C   40 0.094
    38  C   3.972    C   39 1.455    C   37 1.405    H   64 0.944    C   35 0.096
    39  C   3.959    C   38 1.455    C   40 1.357    H   65 0.945    C   36 0.102
    40  C   3.954    C   39 1.357    C   35 1.274    C   41 1.078    C   37 0.094
    41  C   3.947    C   42 1.334    C   33 1.286    C   40 1.078    C   44 0.077
    42  C   3.941    C   43 1.469    C   41 1.334    H   66 0.940    C   32 0.082
    43  C   3.963    C   42 1.469    C   44 1.352    H   67 0.939    C   33 0.085
    44  C   3.907    C   43 1.352    C   32 1.277    N   25 1.043    C   41 0.077
    45  C   3.952    N   46 1.450    C   24 1.344    H   68 0.943    C   22 0.107
    46  N   3.110    C   45 1.450    C   21 1.337    N   23 0.110
    47  H   0.997    C    1 0.945
    48  H   0.996    C    2 0.944
    49  H   0.998    C    3 0.945
    50  H   0.997    C    6 0.946
    51  H   0.994    C   10 0.940
    52  H   0.995    C   11 0.938
    53  H   0.997    C   15 0.944
    54  H   0.996    C   16 0.944
    55  H   0.997    C   17 0.944
    56  H   0.996    C   18 0.942
    57  H   0.995    C   22 0.943
    58  H   0.997    C   27 0.942
    59  H   0.997    C   28 0.944
    60  H   0.996    C   29 0.944
    61  H   0.997    C   30 0.944
    62  H   0.997    C   36 0.946
    63  H   0.997    C   37 0.945
    64  H   0.996    C   38 0.944
    65  H   0.998    C   39 0.945
    66  H   0.994    C   42 0.940
    67  H   0.994    C   43 0.939
    68  H   0.995    C   45 0.943
 
 --------------------------------------------
          xTB calculation for sTDA...
 --------------------------------------------
 
 reading parameter file /home/penavora/Exe_xtb_crest/.param_stda2.xtb
 
      method parameters     
 k(s)        :  1.6000
 k(p)        :  2.1800
 k(d)        :  1.9500
 k(f)        :  2.0000
 k(R-V)      :  2.2750
 k(R-R)      :  1.7650
 Tscal       :  0.2580
 Gscal       :  1.0000
 fpol        :  1.0000
 Zcnf        :  0.3430
 Zqf         :  0.0000
 kcn         :  2.7000
 Ryd Hsplit  :  0.7000
 lshift(virt):  3.1000
 lshift(OS)  :  0.2000
 wllscaling  :  2.6000
 
 mowrcut     : 3.000
 
  Z AO/shell   Hii/eV     exponent
  1     Sun Feb 14 09:53:25 CET 2016    EN: 2.327 GAM: 0.473  GM3: 0.0000
     1s    -14.339618    1.220000
     2sp    -3.348946    0.600000
  6     Sun Feb 14 09:53:25 CET 2016    EN: 2.731 GAM: 0.422  GM3: 0.0000
     2s    -22.009312    1.565095
     2p    -13.020408    1.596905
     3sp    -3.914040    0.824500
  7     Sun Feb 14 09:53:25 CET 2016    EN: 3.573 GAM: 0.504  GM3: 0.0000
     2s    -25.722000    2.064844
     2p    -18.684912    1.801692
     3sp    -4.344791    0.921400
  8     Sun Feb 14 09:53:25 CET 2016    EN: 3.700 GAM: 0.587  GM3: 0.0000
     2s    -33.859000    2.418661
     2p    -22.175911    1.973969
     3sp    -4.259392    1.013700
 
 Nbf   :          478
 T(el) :     0.0
 calculating S/T integrals ...
 cpu time for ints    6.60255700000000     
 Nao   :          478
 making H0...
 making H1...
 cpu time for H      0.550429000000001     
 solving ...
 cpu time for diag    1.23786400000000     
 
 gap (eV)           :   6.844
 Koopmans IP (eV)   :  14.023
 Eel (Eh)           :  -189.130724

          eigenvalues
 #    :          95         96         97         98         99        100        101        102
 occ. :        2.000      2.000      2.000      2.000      2.000      2.000      2.000      2.000
 eps  :       -17.259    -16.834    -16.775    -16.541    -16.326    -15.951    -15.945    -15.737
 #    :         103        104        105        106        107        108        109        110
 occ. :        2.000      2.000      2.000      2.000      2.000      0.000      0.000      0.000
 eps  :       -15.612    -14.914    -14.902    -14.576    -14.024     -7.179     -6.758     -6.699
 #    :         111        112        113        114        115        116        117        118
 occ. :        0.000      0.000      0.000      0.000      0.000      0.000      0.000      0.000
 eps  :        -6.406     -6.394     -6.343     -5.583     -5.544     -5.519     -5.445     -5.063
                            1  SCC done.
 writing mo output ...
 molden style : F
 
speedup 23.79
cpu  time for all   13.40 s
wall time for all    0.56 s
