  110
 Etot=        -152.5728815478
 C          6.6707210253        4.9907789007        1.1955747520
 C          6.9756278609        4.1214381453       -0.0326826972
 C          6.8573854143        4.9650856015       -1.3100979430
 C          8.4212808179        3.6295117169        0.0802185422
 C          5.9722105372        2.9802866551       -0.0938932961
 C          4.6083056134        3.2835411056       -0.1971908207
 C          3.6250454997        2.3164146382       -0.2501441945
 C          4.0178623836        0.9876715508       -0.1855435777
 C          5.3863661550        0.6542565080       -0.1082892200
 C          6.3538538825        1.6465153120       -0.0598075765
 C          5.4571097685       -0.7836528687       -0.1093634225
 C          6.5145098462       -1.6771365867       -0.0342629439
 C          6.2635422916       -3.0420390875       -0.0309008490
 C          7.3740204649       -4.0789553874        0.0402728529
 C          8.7679133744       -3.4467741604        0.0830988649
 C          7.1943714480       -4.9233667345        1.3099413163
 C          7.2986701327       -4.9810274060       -1.1999968393
 C          4.9331212743       -3.4772284476       -0.0826659540
 C          3.8621139631       -2.6094434536       -0.1574546537
 C          4.1274534637       -1.2487079705       -0.1936180220
 N          3.2649355289       -0.1709158226       -0.2438250691
 C          1.8764830670       -0.2319334046       -0.3420610872
 C          1.2682577942       -1.0961656421       -1.2592682804
 C         -0.1076889354       -1.1197779685       -1.3634429204
 C         -0.9087720172       -0.3066199233       -0.5692647524
 N         -2.2900279501       -0.3072377026       -0.7701919363
 C         -3.1150927595       -1.4111959557       -0.6695277007
 C         -2.7993391516       -2.7482567226       -0.4967599605
 C         -3.8376503385       -3.6525714273       -0.3590716462
 C         -5.1785771677       -3.2657249692       -0.3785943319
 C         -6.3178598845       -4.2557286615       -0.1952385723
 C         -7.1085443897       -3.8646743987        1.0618271658
 C         -7.2343435996       -4.2045764644       -1.4261871333
 C         -5.8335605585       -5.6978659194       -0.0234623904
 C         -5.4810354939       -1.9161426288       -0.5464409319
 C         -4.4640125848       -0.9933223957       -0.6923468552
 C         -4.4435283128        0.4420869237       -0.8162678273
 C         -5.4392407077        1.4050317183       -0.8326132485
 C         -5.0934213295        2.7471507385       -0.9192067167
 C         -6.1250741731        3.8615228543       -0.8587592078
 C         -5.8275054397        4.7253590152        0.3757188797
 C         -7.5567440662        3.3330577572       -0.7360078356
 C         -6.0390871762        4.7153875319       -2.1316654693
 C         -3.7396522614        3.0857027245       -1.0446824471
 C         -2.7286647953        2.1471518423       -1.0355900629
 C         -3.0862536631        0.8171473680       -0.8730372550
 C         -0.3039168425        0.5237389916        0.4053986004
 C         -1.0797833179        1.4204806228        1.2933229237
 O         -0.6369258216        2.5765974715        1.4997763224
 C         -2.3071563290        0.9365688295        1.8415467448
 C         -2.6588080096       -0.4258785014        2.0315014714
 N         -3.8213930518       -0.8025972027        2.4918032656
 C         -4.7105026600        0.1303536853        2.8126847174
 N         -4.4377111801        1.4332361288        2.7830950563
 C         -3.2839617057        1.8374944924        2.3466133416
 C          1.0851537698        0.5655494419        0.4726574102
 H          7.3887836091        5.8051675061        1.2651145378
 H          6.7358206064        4.3943762416        2.1032652585
 H          5.6743444723        5.4198262808        1.1418341171
 H          7.5850146020        5.7737105155       -1.2927214254
 H          7.0467865680        4.3487059952       -2.1866207693
 H          5.8674596201        5.4012947073       -1.4081849702
 H          8.7010925311        3.0327372395       -0.7849636434
 H          9.0918162126        4.4851711275        0.1277702099
 H          8.5650028843        3.0407896542        0.9833090620
 H          4.2975351181        4.3157348211       -0.2402712933
 H          2.5876035744        2.5964376796       -0.3439153461
 H          7.3895085952        1.3567518523        0.0003408014
 H          7.5168909872       -1.2877878329        0.0256260646
 H          8.8880451128       -2.8225028161        0.9654440622
 H          9.5201693703       -4.2319412164        0.1237683693
 H          8.9544594286       -2.8495632153       -0.8065044914
 H          6.2471138541       -5.4551514483        1.3036006822
 H          7.2214712939       -4.2863424104        2.1915760317
 H          7.9949460823       -5.6558586839        1.3882712152
 H          8.0990252527       -5.7175307841       -1.1760239167
 H          6.3515740934       -5.5107917490       -1.2499682693
 H          7.4045065836       -4.3855295249       -2.1045163863
 H          4.7213900976       -4.5351240113       -0.0580168655
 H          2.8510461663       -2.9869489536       -0.1707746221
 H          1.8756515187       -1.6931755867       -1.9208751070
 H         -0.5793640725       -1.7304358861       -2.1192924111
 H         -1.7737940483       -3.0827272021       -0.4495707705
 H         -3.5786328283       -4.6889240812       -0.2208454557
 H         -7.9047237275       -4.5837999440        1.2428008016
 H         -6.4500917052       -3.8485180174        1.9274984873
 H         -7.5559007758       -2.8802822936        0.9584953093
 H         -7.6572986325       -3.2139459808       -1.5666973693
 H         -6.6754512836       -4.4665157399       -2.3223400336
 H         -8.0537705299       -4.9110120709       -1.3117736847
 H         -6.6924857065       -6.3552828918        0.0957634511
 H         -5.2755142707       -6.0314483915       -0.8954547593
 H         -5.2101540571       -5.7981834489        0.8617285320
 H         -6.5034211547       -1.5723446984       -0.5488816293
 H         -6.4665519260        1.0899998981       -0.7616658917
 H         -4.8467935589        5.1875960950        0.3081432010
 H         -6.5712667968        5.5138590566        0.4698405386
 H         -5.8537010065        4.1125625464        1.2744233470
 H         -7.8236340023        2.7195654221       -1.5937879285
 H         -8.2492519729        4.1714039141       -0.6950885969
 H         -7.6803397627        2.7516889132        0.1745539793
 H         -5.0623435979        5.1786318984       -2.2365682382
 H         -6.2212009242        4.0999923883       -3.0104916383
 H         -6.7871024963        5.5048146695       -2.1020050299
 H         -3.4595046101        4.1226913706       -1.1418470146
 H         -1.6971564088        2.4472058087       -1.1311347609
 H         -1.9423520583       -1.2150302397        1.8337880282
 H         -5.6850333916       -0.1830217012        3.1478069490
 H         -3.0659769603        2.8971833909        2.3558521603
 H          1.5400865838        1.1998078996        1.2177955668
  110
 Etot=        -152.5728993160
 C          6.6706469800        4.9907097037        1.1955445976
 C          6.9756116407        4.1214124601       -0.0327364731
 C          6.8573707587        4.9650618508       -1.3101659041
 C          8.4212470717        3.6293716736        0.0801522539
 C          5.9720684392        2.9804305408       -0.0939317840
 C          4.6081054350        3.2836838447       -0.1973140225
 C          3.6248221862        2.3165626941       -0.2502915763
 C          4.0177309631        0.9877075889       -0.1856368152
 C          5.3863598765        0.6543533703       -0.1083114709
 C          6.3537959805        1.6465042783       -0.0597916524
 C          5.4570868664       -0.7836075039       -0.1094221258
 C          6.5143833248       -1.6770440272       -0.0342628323
 C          6.2633088557       -3.0420803898       -0.0309405289
 C          7.3738189515       -4.0789012751        0.0403075551
 C          8.7677115346       -3.4466909376        0.0831344371
 C          7.1940977323       -4.9232667062        1.3100076225
 C          7.2984257737       -4.9809875368       -1.1999572720
 C          4.9328235285       -3.4772024523       -0.0827559617
 C          3.8618505840       -2.6093476352       -0.1575040593
 C          4.1272703588       -1.2485119282       -0.1936872162
 N          3.2648787254       -0.1707553015       -0.2438775342
 C          1.8763753318       -0.2316377599       -0.3421661828
 C          1.2682433510       -1.0973335274       -1.2591987723
 C         -0.1078768063       -1.1207775230       -1.3636750767
 C         -0.9087267407       -0.3073080799       -0.5696504619
 N         -2.2900281836       -0.3076098414       -0.7701294593
 C         -3.1150256162       -1.4113258826       -0.6694063011
 C         -2.7991861845       -2.7485474755       -0.4966529044
 C         -3.8375174974       -3.6528854000       -0.3589748378
 C         -5.1784416508       -3.2660156777       -0.3785478046
 C         -6.3177313057       -4.2559037993       -0.1952840908
 C         -7.1084204574       -3.8647083838        1.0617632126
 C         -7.2342050834       -4.2045407110       -1.4262694447
 C         -5.8334901709       -5.6980508732       -0.0235709737
 C         -5.4810043100       -1.9161650467       -0.5464405961
 C         -4.4640619068       -0.9935192499       -0.6923782108
 C         -4.4434134335        0.4419670614       -0.8162816489
 C         -5.4389860304        1.4048393868       -0.8326742755
 C         -5.0929532586        2.7471556914       -0.9190318657
 C         -6.1247345388        3.8613473678       -0.8586317676
 C         -5.8271588422        4.7251465520        0.3758741818
 C         -7.5564438924        3.3328860214       -0.7359584716
 C         -6.0387215357        4.7152508434       -2.1315434997
 C         -3.7390455172        3.0856030510       -1.0442342235
 C         -2.7280732121        2.1469891103       -1.0349219856
 C         -3.0859159665        0.8168226131       -0.8726043023
 C         -0.3042092195        0.5246693470        0.4049351019
 C         -1.0793839139        1.4222456363        1.2925144103
 O         -0.6367091331        2.5758646899        1.5017871997
 C         -2.3077168867        0.9375595165        1.8403809653
 C         -2.6588992189       -0.4250512706        2.0308154919
 N         -3.8212888224       -0.8020465868        2.4913913935
 C         -4.7108485350        0.1305648998        2.8125396235
 N         -4.4389094782        1.4337493521        2.7833361602
 C         -3.2849884790        1.8377185598        2.3464762543
 C          1.0851058282        0.5666719686        0.4715240425
 H          7.3887884765        5.8050170197        1.2650374256
 H          6.7357372420        4.3943289839        2.1032454134
 H          5.6743149516        5.4198431439        1.1418220711
 H          7.5850380654        5.7736336169       -1.2926593612
 H          7.0468474486        4.3487489000       -2.1867222737
 H          5.8674887890        5.4013464375       -1.4082820953
 H          8.7010957390        3.0325698817       -0.7850055107
 H          9.0917807854        4.4850195851        0.1276353529
 H          8.5650331013        3.0407562097        0.9833037726
 H          4.2973600077        4.3158578627       -0.2403977256
 H          2.5873544141        2.5965047521       -0.3437515149
 H          7.3894613303        1.3567608404        0.0004070383
 H          7.5167805229       -1.2877568005        0.0258091598
 H          8.8879237943       -2.8224956359        0.9655223691
 H          9.5199320248       -4.2318778864        0.1237531428
 H          8.9543085921       -2.8494734521       -0.8064560889
 H          6.2468659913       -5.4550897000        1.3036869429
 H          7.2212315337       -4.2862552095        2.1916460958
 H          7.9946930104       -5.6557232117        1.3883039071
 H          8.0987922891       -5.7174564556       -1.1758733286
 H          6.3513580404       -5.5107932643       -1.2499533013
 H          7.4043418904       -4.3855521744       -2.1045071191
 H          4.7210680849       -4.5350769404       -0.0580733112
 H          2.8507741936       -2.9867428726       -0.1707846734
 H          1.8757793056       -1.6936013721       -1.9213418777
 H         -0.5793184259       -1.7309078203       -2.1201650561
 H         -1.7736388177       -3.0828949499       -0.4492268879
 H         -3.5785341396       -4.6892163520       -0.2206102684
 H         -7.9045987991       -4.5838458136        1.2426584909
 H         -6.4500205194       -3.8485847805        1.9274651383
 H         -7.5557831985       -2.8803196439        0.9584651106
 H         -7.6571741308       -3.2139100540       -1.5667396906
 H         -6.6753637767       -4.4665031835       -2.3224505198
 H         -8.0536398250       -4.9109497338       -1.3118280445
 H         -6.6924599580       -6.3554181313        0.0955380704
 H         -5.2753821536       -6.0316156587       -0.8955351971
 H         -5.2101972008       -5.7984398581        0.8616877429
 H         -6.5033733961       -1.5723318034       -0.5485771243
 H         -6.4663407215        1.0899133414       -0.7617393944
 H         -4.8464725392        5.1874146032        0.3083765995
 H         -6.5710071150        5.5135789283        0.4699139404
 H         -5.8533438052        4.1123230515        1.2745368109
 H         -7.8235169607        2.7196113626       -1.5938537127
 H         -8.2488836320        4.1712706195       -0.6948146008
 H         -7.6800459208        2.7514160032        0.1745270703
 H         -5.0620411825        5.1786218443       -2.2364040047
 H         -6.2208545983        4.0999461544       -3.0104380352
 H         -6.7868179671        5.5045873516       -2.1017684722
 H         -3.4588363536        4.1225721381       -1.1411200892
 H         -1.6965378767        2.4469906769       -1.1297680861
 H         -1.9418677807       -1.2140190130        1.8337136215
 H         -5.6851083666       -0.1833967884        3.1478947361
 H         -3.0667299948        2.8972920416        2.3564228863
 H          1.5395275361        1.2008828481        1.2170393623
