 
        ______________________________________
       |                                      |
       |          ===================         |
       |             xTB for sTDA             |
       |          ===================         |
       |               S. Grimme              |
       |        Universitaet Bonn, MCTC       |
       |         2015-19, Version 1.0         |
       |     Wed Apr  3 09:14:55 CEST 2019    |
       |______________________________________|
 
        This code comes without any warranty
        for non-commercial, academia use only.
        Preliminary test version.
        Cite this work as:
        S. Grimme  &  C. Bannwarth, JCP 145 (2016) 054103
        if GBSA is used additionally:
        P. Shushkov, F. März, C. Bannwarth, S. Grimme, unpublished.
 
        with help from
        P. Shushkov, G. Brandenburg, S. Dohm, J. Pisarek,
        F. März, M. Checinski, S. Ehrlich, S. Spicher, 
        P. Pracht, E. Caldeweyher, S. Ehlert, and C. Bannwarth.
 
        usage        :
        xtb4stda <coord_file> [options]
        where <coord_file> is a valid file of TM)
        (*coord, Bohr) or xmol (*xyz, Angstroem)
        format.

        options:
        -chrg <int>   : molecular charge
        -uhf  <int>   : # of unpaired electrons(=2*S)
        -nox          : skip second, extended part in sTDA-xTB
        -pop          : do population analysis
                      : (default for -nox)
        -mowr <real>  : cut MO write above (def.3 Eh)
        -molden       : write formatted molden file
        -parx <file>  : read parameters for sTDA-xTB
                        calc (def:~/.param_stda2.xtb)
        -parv <file>  : read parameters for vTB part in
                        sTDA-xTB (def: ~/.param_stda1.xtb)
        -xtemp <real> : el. temp for xTB (def. 0 K)
        -etemp <real> : el. temp for GFN (def. 300 K)
        -fod          : calculate the FOD and write
                        molden.input file with
                        appropriate occupations
                        for plotting. Def. T=12500 K
 
        -acc <real>   : xTB accuracy (def. 1.0)
        -gbsa [string1] [string2]
                        use GBSA implicit solvent
                        for solvent [string1] and
                        solvation state [string2]=
                        reference, bar1M (default=1M)
        additional GFN/opt/MD/siman options read from
        $XTB4STDAHOME/.xtb4stdarc or $set in input
 
       spin and charge state information can be on:
       <.CHRG> (charge) and <.UHF> (=nalpha-nbeta)
       -uhf and -chrg override the file info.
       useful machine settings:
       setenv MKL_NUM_THREADS <NCORE_ON_YOUR_MACHINE>
       setenv OMP_STACKSIZE 500m
       limit stacksize unlimited
 
       total energies in Eh, gaps/HL energies in eV
       please read REVISION and HOWTO files carefully
 =============================
  # OMP threads =          48
 =============================
 
 xtb4stdahome directory:/home/penavora/Exe_xtb_crest/
 
 
 name of molecule           :
 comment line               :
 number of atoms            :    70
 number of electrons        :   204
 charge                     :  0
 spin                       : 0.0
 first test random number   :  0.5414
 
 -----------------------------------------
      charge density (VTB) calculation
 -----------------------------------------
 
      method parameters     
 k(s)        :  1.8000
 k(p)        :  2.8350
 k(d)        :  2.0860
 k(f)        :  2.0000
 Tscal       :  0.3300
 Gscal       :  0.3910
 fpol        :  1.0000
 Zcnf        :  0.6500
 Zqf         :  0.0000
 kcn         :  0.3000
 kEN1        : -0.5900
 wllscal     :  2.6000
 
     -------------------------
     ! NO SOLVENT MODEL USED !
     -------------------------
 
 doing EN charges ...
 sum q :  0.3330669D-15
 point charge moment (au)
     X       Y       Z   
  -0.1710  -0.3599   0.8723  total (Debye):    2.438
 
            Z      q(EN)   CN      Cart. coordinates
     1  O   6.0  -0.110   1.034    -5.89166     7.83111    -1.55506
     2  C   4.0   0.045   3.082    -4.91747     6.37202    -0.10082
     3  C   4.0  -0.002   3.149    -2.98133     4.50628    -0.75195
     4  C   4.0  -0.058   3.166    -2.19055     4.24556    -3.15336
     5  C   4.0  -0.179   4.257    -0.31252     2.34392    -3.98769
     6  C   4.0  -0.053   4.158     0.92892     0.77229    -1.86300
     7  C   4.0   0.003   3.401     1.05994    -1.95214    -2.70116
     8  C   4.0  -0.073   3.252     2.93350    -2.67342    -4.39994
     9  C   4.0  -0.071   3.145     3.10231    -5.12418    -5.28350
    10  C   4.0  -0.072   3.143     1.35655    -6.91489    -4.51043
    11  C   4.0  -0.068   3.191    -0.55987    -6.21983    -2.88054
    12  C   4.0   0.079   3.334    -0.72111    -3.75728    -1.96982
    13  N   5.0  -0.312   3.271    -2.74994    -3.09716    -0.32728
    14  C   4.0   0.083   3.328    -2.65623    -3.90320     2.17700
    15  C   4.0  -0.070   3.208    -0.75276    -5.54731     2.97444
    16  C   4.0  -0.072   3.145    -0.60380    -6.36906     5.45296
    17  C   4.0  -0.072   3.142    -2.36560    -5.58446     7.21280
    18  C   4.0  -0.086   3.266    -4.24662    -3.92772     6.46761
    19  C   4.0  -0.077   3.202    -4.37943    -3.07036     3.99805
    20  S   6.0   0.205   2.444    -6.73138    -0.77789     3.35313
    21  C   4.0  -0.078   3.207    -6.70368    -0.70953     0.01104
    22  C   4.0  -0.085   3.267    -8.65933     0.58585    -1.14852
    23  C   4.0  -0.072   3.144    -8.79981     0.73790    -3.75393
    24  C   4.0  -0.072   3.147    -7.00349    -0.49433    -5.19319
    25  C   4.0  -0.070   3.214    -5.05971    -1.80743    -4.03808
    26  C   4.0   0.083   3.343    -4.82408    -1.89080    -1.41370
    27  P   5.0   0.245   5.166     4.28676     2.01849    -1.51218
    28  O   6.0  -0.175   1.024     5.24774     3.17907    -3.84395
    29  C   4.0  -0.017   3.181     4.02575     4.31497     1.03935
    30  C   4.0  -0.084   3.325     3.28253     6.72907     0.32703
    31  C   4.0  -0.070   3.146     2.95578     8.58609     2.13479
    32  C   4.0  -0.074   3.147     3.39077     8.03553     4.65721
    33  C   4.0  -0.071   3.148     4.16404     5.63641     5.36556
    34  C   4.0  -0.080   3.253     4.47767     3.76859     3.56338
    35  C   4.0  -0.017   3.175     6.28412    -0.53502    -0.34677
    36  C   4.0  -0.080   3.250     5.54217    -2.36295     1.38446
    37  C   4.0  -0.072   3.149     7.23524    -4.20878     2.13007
    38  C   4.0  -0.074   3.146     9.66920    -4.23756     1.16496
    39  C   4.0  -0.070   3.145    10.41559    -2.41419    -0.55783
    40  C   4.0  -0.085   3.329     8.72482    -0.56927    -1.31123
    41  C   4.0  -0.072   3.372    -0.25311     1.11815     0.67749
    42  C   4.0  -0.068   3.169    -1.96607     2.88244     1.20601
    43  H   1.0   0.063   0.998    -5.46454     6.34345     1.92126
    44  H   1.0   0.075   1.005    -3.00043     5.43379    -4.60561
    45  H   1.0   0.083   1.006    -1.25542     1.09036    -5.34273
    46  H   1.0   0.083   1.018     1.18565     3.29792    -5.06175
    47  H   1.0   0.078   1.022     4.26887    -1.27219    -5.04897
    48  H   1.0   0.074   1.005     4.58907    -5.63323    -6.58316
    49  H   1.0   0.074   1.004     1.46832    -8.83320    -5.19414
    50  H   1.0   0.075   1.005    -1.97154    -7.57500    -2.29677
    51  H   1.0   0.077   1.008     0.64727    -6.18611     1.63655
    52  H   1.0   0.074   1.005     0.90302    -7.63444     5.99230
    53  H   1.0   0.074   1.004    -2.27393    -6.22807     9.14430
    54  H   1.0   0.076   1.008    -5.62552    -3.24541     7.80671
    55  H   1.0   0.076   1.008   -10.05923     1.49330     0.02493
    56  H   1.0   0.075   1.004   -10.30583     1.78880    -4.63563
    57  H   1.0   0.074   1.005    -7.10232    -0.44713    -7.23010
    58  H   1.0   0.077   1.008    -3.69519    -2.79225    -5.19202
    59  H   1.0   0.078   1.011     2.98326     7.12932    -1.65271
    60  H   1.0   0.074   1.004     2.36442    10.45878     1.58030
    61  H   1.0   0.074   1.004     3.13905     9.48214     6.07475
    62  H   1.0   0.074   1.004     4.52183     5.21827     7.33145
    63  H   1.0   0.077   1.008     5.08599     1.89909     4.11594
    64  H   1.0   0.078   1.009     3.64888    -2.37547     2.14262
    65  H   1.0   0.074   1.004     6.64975    -5.63200     3.47149
    66  H   1.0   0.074   1.004    10.98086    -5.68547     1.75489
    67  H   1.0   0.074   1.004    12.31089    -2.43323    -1.31423
    68  H   1.0   0.077   1.011     9.25951     0.86120    -2.66704
    69  H   1.0   0.080   1.010     0.47832    -0.06185     2.17544
    70  H   1.0   0.075   1.007    -2.66654     3.12308     3.10772
 
  Z AO/shell   Hii/eV     exponent
  1     Sat Feb 20 21:38:01 CET 2016    EN: 2.327 GAM: 0.473  GM3: 0.0000
     1s    -13.751157    1.051071
  6     Sat Feb 20 21:38:01 CET 2016    EN: 2.731 GAM: 0.422  GM3: 0.0000
     2s    -19.378245    2.021003
     2p    -11.993376    1.497917
  7     Sat Feb 20 21:38:01 CET 2016    EN: 3.573 GAM: 0.504  GM3: 0.0000
     2s    -21.576984    2.275442
     2p    -16.125120    2.056788
  8     Sat Feb 20 21:38:01 CET 2016    EN: 3.700 GAM: 0.587  GM3: 0.0000
     2s    -21.648843    2.110798
     2p    -17.239740    2.329048
 15     Sat Feb 20 23:13:41 CET 2016    EN: 2.235 GAM: 0.347  GM3: 0.0000
     3s    -16.887204    2.722003
     3p    -14.235194    1.529152
     3d      0.824249    1.529152
 16     Sat Feb 20 23:13:41 CET 2016    EN: 1.915 GAM: 0.389  GM3: 0.0000
     3s    -22.000000    2.671470
     3p    -15.834192    1.836978
     3d     -2.593599    1.836978
 
 dipole moment of classical point charges (au)
     X       Y       Z   
  -0.1710  -0.3599   0.8723  total (Debye):    2.438

 
 Nbf   :          208
 T(el) :   300.0
 calculating S/T integrals ...
 cpu time for ints    1.52633000000000     
 Nao   :          206
 making H0...
 making H1...
 cpu time for H      9.416500000000028E-002
 solving ...
 cpu time for diag   0.606681000000000     
 
 gap (eV)           :   0.854
 Koopmans IP (eV)   :  12.460
 Eel (Eh)           :  -158.791751
 T,E(Fermi),NFOD :    300.000   -12.033  0.000000
 T,E(Fermi),NFOD :    300.000   -12.033  0.000000
 Nfod               :  0.0000
 Nfod/Nel           :  0.0000

          eigenvalues
 #    :          90         91         92         93         94         95         96         97
 occ. :        2.000      2.000      2.000      2.000      2.000      2.000      2.000      2.000
 eps  :       -16.090    -15.555    -15.514    -15.479    -15.460    -15.432    -15.355    -15.262
 #    :          98         99        100        101        102        103        104        105
 occ. :        2.000      2.000      2.000      2.000      2.000      0.000      0.000      0.000
 eps  :       -15.208    -15.028    -14.428    -14.163    -12.461    -11.608     -8.445     -7.310
 #    :         106        107        108        109        110        111        112        113
 occ. :        0.000      0.000      0.000      0.000      0.000      0.000      0.000      0.000
 eps  :        -7.122     -6.787     -6.297     -6.041     -6.030     -5.675     -5.515     -5.444
                            1  SCC done.
 making H1...
 cpu time for H      0.681424000000000     
 solving ...
 cpu time for diag   0.302082000000000     
 
 gap (eV)           :   0.970
 Koopmans IP (eV)   :  12.393
 Eel (Eh)           :  -158.321274
 T,E(Fermi),NFOD :    300.000   -11.908  0.000000
 T,E(Fermi),NFOD :    300.000   -11.908  0.000000
 Nfod               :  0.0000
 Nfod/Nel           :  0.0000

          eigenvalues
 #    :          90         91         92         93         94         95         96         97
 occ. :        2.000      2.000      2.000      2.000      2.000      2.000      2.000      2.000
 eps  :       -15.615    -15.546    -15.452    -15.442    -15.403    -15.292    -15.217    -14.559
 #    :          98         99        100        101        102        103        104        105
 occ. :        2.000      2.000      2.000      2.000      2.000      0.000      0.000      0.000
 eps  :       -14.325    -14.036    -13.866    -13.636    -12.394    -11.424     -8.526     -7.183
 #    :         106        107        108        109        110        111        112        113
 occ. :        0.000      0.000      0.000      0.000      0.000      0.000      0.000      0.000
 eps  :        -7.008     -6.676     -6.275     -6.071     -6.032     -5.680     -5.555     -5.549
                            2  SCC done.
 
 
 Mulliken/CM5 charges    n(s)   n(p)   n(d)   
    1 O  -0.2173 -0.2729   1.616  4.601  0.000
    2 C   0.1365  0.1257   1.155  2.708  0.000
    3 C  -0.0149 -0.0241   1.168  2.847  0.000
    4 C  -0.0003 -0.0566   1.188  2.813  0.000
    5 C  -0.0373 -0.1313   1.140  2.898  0.000
    6 C  -0.0434 -0.0264   1.285  2.758  0.000
    7 C  -0.0061 -0.0063   1.196  2.811  0.000
    8 C  -0.0279 -0.0795   1.146  2.882  0.000
    9 C  -0.0254 -0.0818   1.136  2.890  0.000
   10 C  -0.0271 -0.0835   1.137  2.890  0.000
   11 C  -0.0287 -0.0787   1.142  2.887  0.000
   12 C   0.0474  0.0994   1.189  2.764  0.000
   13 N  -0.1362 -0.3805   1.230  3.906  0.000
   14 C   0.0463  0.1074   1.174  2.779  0.000
   15 C  -0.0614 -0.1105   1.138  2.923  0.000
   16 C  -0.0409 -0.0973   1.134  2.907  0.000
   17 C  -0.0470 -0.1033   1.134  2.913  0.000
   18 C  -0.0423 -0.0937   1.134  2.908  0.000
   19 C  -0.0085  0.0042   1.166  2.843  0.000
   20 S  -0.0042 -0.0380   1.886  4.084  0.034
   21 C  -0.0079  0.0050   1.166  2.842  0.000
   22 C  -0.0406 -0.0920   1.134  2.907  0.000
   23 C  -0.0430 -0.0994   1.134  2.909  0.000
   24 C  -0.0403 -0.0968   1.134  2.907  0.000
   25 C  -0.0602 -0.1090   1.138  2.922  0.000
   26 C   0.0437  0.1057   1.173  2.783  0.000
   27 P   0.3203  0.1930   1.463  2.978  0.239
   28 O  -0.4002 -0.4300   1.618  4.782  0.000
   29 C  -0.0501 -0.0250   1.218  2.832  0.000
   30 C  -0.0339 -0.0832   1.144  2.890  0.000
   31 C  -0.0293 -0.0855   1.140  2.889  0.000
   32 C  -0.0352 -0.0915   1.137  2.898  0.000
   33 C  -0.0323 -0.0886   1.139  2.894  0.000
   34 C  -0.0425 -0.0934   1.142  2.900  0.000
   35 C  -0.0456 -0.0218   1.218  2.828  0.000
   36 C  -0.0477 -0.0999   1.143  2.904  0.000
   37 C  -0.0341 -0.0905   1.139  2.895  0.000
   38 C  -0.0357 -0.0921   1.137  2.899  0.000
   39 C  -0.0284 -0.0845   1.140  2.888  0.000
   40 C  -0.0297 -0.0790   1.144  2.885  0.000
   41 C  -0.0324 -0.0799   1.164  2.868  0.000
   42 C  -0.0362 -0.0895   1.152  2.884  0.000
   43 H   0.0230  0.0859   0.977  0.000  0.000
   44 H   0.0613  0.1220   0.939  0.000  0.000
   45 H   0.0625  0.1223   0.937  0.000  0.000
   46 H   0.0734  0.1402   0.927  0.000  0.000
   47 H   0.0567  0.1244   0.943  0.000  0.000
   48 H   0.0460  0.1027   0.954  0.000  0.000
   49 H   0.0462  0.1028   0.954  0.000  0.000
   50 H   0.0432  0.1040   0.957  0.000  0.000
   51 H   0.0423  0.1065   0.958  0.000  0.000
   52 H   0.0435  0.1001   0.957  0.000  0.000
   53 H   0.0431  0.0998   0.957  0.000  0.000
   54 H   0.0445  0.1032   0.955  0.000  0.000
   55 H   0.0452  0.1040   0.955  0.000  0.000
   56 H   0.0447  0.1014   0.955  0.000  0.000
   57 H   0.0440  0.1007   0.956  0.000  0.000
   58 H   0.0417  0.1058   0.958  0.000  0.000
   59 H   0.0460  0.1084   0.954  0.000  0.000
   60 H   0.0403  0.0968   0.960  0.000  0.000
   61 H   0.0397  0.0962   0.960  0.000  0.000
   62 H   0.0390  0.0955   0.961  0.000  0.000
   63 H   0.0402  0.1003   0.960  0.000  0.000
   64 H   0.0418  0.1031   0.958  0.000  0.000
   65 H   0.0386  0.0952   0.961  0.000  0.000
   66 H   0.0394  0.0959   0.961  0.000  0.000
   67 H   0.0398  0.0963   0.960  0.000  0.000
   68 H   0.0485  0.1113   0.952  0.000  0.000
   69 H   0.0517  0.1173   0.948  0.000  0.000
   70 H   0.0536  0.1133   0.946  0.000  0.000
 Hirshfeld charges for QMDFF written to <charges>
 
 Loewdin charges    n(s)   n(p)   n(d)
    1 O  -0.1991   1.582  4.617  0.000
    2 C   0.1322   1.109  2.759  0.000
    3 C  -0.0177   1.126  2.891  0.000
    4 C   0.0156   1.133  2.852  0.000
    5 C  -0.0339   1.081  2.953  0.000
    6 C  -0.0081   1.238  2.770  0.000
    7 C  -0.0044   1.156  2.849  0.000
    8 C  -0.0224   1.093  2.929  0.000
    9 C  -0.0181   1.081  2.937  0.000
   10 C  -0.0184   1.081  2.937  0.000
   11 C  -0.0249   1.089  2.936  0.000
   12 C   0.0442   1.153  2.803  0.000
   13 N  -0.0992   1.190  3.909  0.000
   14 C   0.0403   1.139  2.820  0.000
   15 C  -0.0601   1.087  2.973  0.000
   16 C  -0.0329   1.079  2.954  0.000
   17 C  -0.0405   1.080  2.961  0.000
   18 C  -0.0378   1.081  2.957  0.000
   19 C   0.0146   1.119  2.866  0.000
   20 S  -0.0431   1.873  4.084  0.086
   21 C   0.0155   1.120  2.865  0.000
   22 C  -0.0362   1.081  2.955  0.000
   23 C  -0.0365   1.079  2.957  0.000
   24 C  -0.0324   1.079  2.954  0.000
   25 C  -0.0583   1.087  2.972  0.000
   26 C   0.0375   1.138  2.824  0.000
   27 P   0.1423   1.452  2.994  0.412
   28 O  -0.3203   1.569  4.751  0.000
   29 C  -0.0136   1.166  2.848  0.000
   30 C  -0.0273   1.091  2.937  0.000
   31 C  -0.0214   1.086  2.936  0.000
   32 C  -0.0275   1.082  2.945  0.000
   33 C  -0.0244   1.084  2.940  0.000
   34 C  -0.0367   1.089  2.948  0.000
   35 C  -0.0092   1.166  2.843  0.000
   36 C  -0.0427   1.090  2.952  0.000
   37 C  -0.0262   1.084  2.942  0.000
   38 C  -0.0281   1.082  2.946  0.000
   39 C  -0.0205   1.086  2.935  0.000
   40 C  -0.0231   1.091  2.932  0.000
   41 C  -0.0278   1.114  2.914  0.000
   42 C  -0.0267   1.097  2.930  0.000
   43 H   0.0114   0.989  0.000  0.000
   44 H   0.0494   0.951  0.000  0.000
   45 H   0.0586   0.941  0.000  0.000
   46 H   0.0677   0.932  0.000  0.000
   47 H   0.0481   0.952  0.000  0.000
   48 H   0.0378   0.962  0.000  0.000
   49 H   0.0379   0.962  0.000  0.000
   50 H   0.0348   0.965  0.000  0.000
   51 H   0.0349   0.965  0.000  0.000
   52 H   0.0358   0.964  0.000  0.000
   53 H   0.0355   0.965  0.000  0.000
   54 H   0.0363   0.964  0.000  0.000
   55 H   0.0369   0.963  0.000  0.000
   56 H   0.0368   0.963  0.000  0.000
   57 H   0.0362   0.964  0.000  0.000
   58 H   0.0344   0.966  0.000  0.000
   59 H   0.0376   0.962  0.000  0.000
   60 H   0.0324   0.968  0.000  0.000
   61 H   0.0321   0.968  0.000  0.000
   62 H   0.0314   0.969  0.000  0.000
   63 H   0.0328   0.967  0.000  0.000
   64 H   0.0357   0.964  0.000  0.000
   65 H   0.0311   0.969  0.000  0.000
   66 H   0.0319   0.968  0.000  0.000
   67 H   0.0320   0.968  0.000  0.000
   68 H   0.0395   0.961  0.000  0.000
   69 H   0.0440   0.956  0.000  0.000
   70 H   0.0446   0.955  0.000  0.000
 
 Wiberg/Mayer (AO) data. WBOs > 0.1 written file <wbo>
 largest (>0.05) Wiberg bond orders for each atom
           total WBO             WBO to atom ...
     1  O   2.143    C    2 1.892    C    4 0.092    C    3 0.069
     2  C   3.921    O    1 1.892    C    3 1.029    H   43 0.917
     3  C   3.953    C    4 1.668    C   42 1.081    C    2 1.029    O    1 0.069
     4  C   3.938    C    3 1.668    C    5 1.021    H   44 0.938    O    1 0.092    C   41 0.087
     5  C   3.966    C    4 1.021    C    6 0.944    H   46 0.925    H   45 0.921
     6  C   3.882    C   41 1.029    C    7 0.954    C    5 0.944    P   27 0.663    O   28 0.101
     7  C   3.938    C    8 1.379    C   12 1.350    C    6 0.954    C   10 0.106
     8  C   3.966    C    9 1.441    C    7 1.379    H   47 0.938    C   11 0.108
     9  C   3.972    C    8 1.441    C   10 1.420    H   48 0.943    C   12 0.107
    10  C   3.968    C   11 1.435    C    9 1.420    H   49 0.943    C    7 0.106
    11  C   3.965    C   10 1.435    C   12 1.386    H   50 0.944    C    8 0.108
    12  C   3.925    C   11 1.386    C    7 1.350    N   13 0.947    C    9 0.107
    13  N   3.342    C   14 1.013    C   26 1.010    C   12 0.947
    14  C   3.935    C   15 1.373    C   19 1.325    N   13 1.013    C   17 0.099
    15  C   3.967    C   16 1.428    C   14 1.373    H   51 0.939    C   18 0.100
    16  C   3.972    C   15 1.428    C   17 1.428    H   52 0.944    C   19 0.098
    17  C   3.970    C   16 1.428    C   18 1.421    H   53 0.944    C   14 0.099
    18  C   3.968    C   17 1.421    C   19 1.403    H   54 0.944    C   15 0.100
    19  C   3.949    C   18 1.403    C   14 1.325    S   20 1.009    C   16 0.098
    20  S   2.308    C   19 1.009    C   21 1.009
    21  C   3.949    C   22 1.401    C   26 1.329    S   20 1.009    C   24 0.098
    22  C   3.968    C   23 1.423    C   21 1.401    H   55 0.944    C   25 0.100
    23  C   3.970    C   24 1.428    C   22 1.423    H   56 0.944    C   26 0.100
    24  C   3.972    C   23 1.428    C   25 1.427    H   57 0.944    C   21 0.098
    25  C   3.967    C   24 1.427    C   26 1.375    H   58 0.940    C   22 0.100
    26  C   3.935    C   25 1.375    C   21 1.329    N   13 1.010    C   23 0.100
    27  P   4.183    O   28 1.674    C   29 0.798    C   35 0.795    C    6 0.663
    28  O   2.087    P   27 1.674    C    6 0.101    C   29 0.079    C   35 0.078
    29  C   3.928    C   34 1.412    C   30 1.410    P   27 0.798    C   32 0.110    O   28 0.079
    30  C   3.971    C   31 1.427    C   29 1.410    H   59 0.946    C   33 0.112
    31  C   3.969    C   32 1.430    C   30 1.427    H   60 0.944    C   34 0.111
    32  C   3.970    C   33 1.430    C   31 1.430    H   61 0.945    C   29 0.110
    33  C   3.971    C   32 1.430    C   34 1.424    H   62 0.944    C   30 0.112
    34  C   3.972    C   33 1.424    C   29 1.412    H   63 0.944    C   31 0.111
    35  C   3.920    C   40 1.412    C   36 1.409    P   27 0.795    C   38 0.110    O   28 0.078
    36  C   3.971    C   37 1.425    C   35 1.409    H   64 0.941    C   39 0.110
    37  C   3.971    C   38 1.428    C   36 1.425    H   65 0.944    C   40 0.112
    38  C   3.970    C   39 1.432    C   37 1.428    H   66 0.945    C   35 0.110
    39  C   3.966    C   38 1.432    C   40 1.424    H   67 0.944    C   36 0.110
    40  C   3.968    C   39 1.424    C   35 1.412    H   68 0.945    C   37 0.112
    41  C   3.960    C   42 1.776    C    6 1.029    H   69 0.933    C    4 0.087
    42  C   3.965    C   41 1.776    C    3 1.081    H   70 0.936
    43  H   0.998    C    2 0.917
    44  H   0.994    C    4 0.938
    45  H   0.993    C    5 0.921
    46  H   0.993    C    5 0.925
    47  H   0.996    C    8 0.938
    48  H   0.996    C    9 0.943
    49  H   0.994    C   10 0.943
    50  H   0.995    C   11 0.944
    51  H   0.998    C   15 0.939
    52  H   0.995    C   16 0.944
    53  H   0.997    C   17 0.944
    54  H   0.997    C   18 0.944
    55  H   0.997    C   22 0.944
    56  H   0.997    C   23 0.944
    57  H   0.995    C   24 0.944
    58  H   0.998    C   25 0.940
    59  H   0.998    C   30 0.946
    60  H   0.996    C   31 0.944
    61  H   0.993    C   32 0.945
    62  H   0.995    C   33 0.944
    63  H   0.998    C   34 0.944
    64  H   0.998    C   36 0.941
    65  H   0.994    C   37 0.944
    66  H   0.992    C   38 0.945
    67  H   0.995    C   39 0.944
    68  H   0.998    C   40 0.945
    69  H   0.995    C   41 0.933
    70  H   0.994    C   42 0.936
 
 --------------------------------------------
          xTB calculation for sTDA...
 --------------------------------------------
 
 reading parameter file /home/penavora/Exe_xtb_crest/.param_stda2.xtb
 
      method parameters     
 k(s)        :  1.6000
 k(p)        :  2.1800
 k(d)        :  1.9500
 k(f)        :  2.0000
 k(R-V)      :  2.2750
 k(R-R)      :  1.7650
 Tscal       :  0.2580
 Gscal       :  1.0000
 fpol        :  1.0000
 Zcnf        :  0.3430
 Zqf         :  0.0000
 kcn         :  2.7000
 Ryd Hsplit  :  0.7000
 lshift(virt):  3.1000
 lshift(OS)  :  0.2000
 wllscaling  :  2.6000
 
 mowrcut     : 3.000
 
  Z AO/shell   Hii/eV     exponent
  1     Sun Feb 14 09:53:25 CET 2016    EN: 2.327 GAM: 0.473  GM3: 0.0000
     1s    -14.339618    1.220000
     2sp    -3.348946    0.600000
  6     Sun Feb 14 09:53:25 CET 2016    EN: 2.731 GAM: 0.422  GM3: 0.0000
     2s    -22.009312    1.565095
     2p    -13.020408    1.596905
     3sp    -3.914040    0.824500
  7     Sun Feb 14 09:53:25 CET 2016    EN: 3.573 GAM: 0.504  GM3: 0.0000
     2s    -25.722000    2.064844
     2p    -18.684912    1.801692
     3sp    -4.344791    0.921400
  8     Sun Feb 14 09:53:25 CET 2016    EN: 3.700 GAM: 0.587  GM3: 0.0000
     2s    -33.859000    2.418661
     2p    -22.175911    1.973969
     3sp    -4.259392    1.013700
 15     Sun Feb 21 16:40:31 CET 2016    EN: 2.235 GAM: 0.200  GM3: 0.0000
     3s    -20.712789    1.471896
     3p    -13.727605    1.794648
     4sp    -5.155360    0.764700
 16     Sun Feb 21 16:35:57 CET 2016    EN: 1.915 GAM: 0.200  GM3: 0.0000
     3s    -17.898811    2.619580
     3p    -15.317401    1.798798
     4sp    -4.455139    0.843200
 
 Nbf   :          476
 T(el) :     0.0
 calculating S/T integrals ...
 cpu time for ints    6.02833800000000     
 Nao   :          476
 making H0...
 making H1...
 cpu time for H      7.229999999999848E-003
 solving ...
 cpu time for diag   0.542179000000001     
 
 gap (eV)           :   5.417
 Koopmans IP (eV)   :  13.087
 Eel (Eh)           :  -174.759587

          eigenvalues
 #    :          90         91         92         93         94         95         96         97
 occ. :        2.000      2.000      2.000      2.000      2.000      2.000      2.000      2.000
 eps  :       -16.541    -16.403    -16.299    -16.250    -16.235    -16.200    -16.088    -16.059
 #    :          98         99        100        101        102        103        104        105
 occ. :        2.000      2.000      2.000      2.000      2.000      0.000      0.000      0.000
 eps  :       -15.956    -15.835    -15.112    -14.853    -13.088     -7.671     -6.209     -6.139
 #    :         106        107        108        109        110        111        112        113
 occ. :        0.000      0.000      0.000      0.000      0.000      0.000      0.000      0.000
 eps  :        -5.979     -5.870     -5.827     -5.809     -5.707     -5.691     -5.549     -5.497
                            1  SCC done.
 writing mo output ...
 molden style : F
 
speedup 19.03
cpu  time for all   10.61 s
wall time for all    0.56 s
