 
        ______________________________________
       |                                      |
       |          ===================         |
       |             xTB for sTDA             |
       |          ===================         |
       |               S. Grimme              |
       |        Universitaet Bonn, MCTC       |
       |         2015-19, Version 1.0         |
       |     Wed Apr  3 09:14:55 CEST 2019    |
       |______________________________________|
 
        This code comes without any warranty
        for non-commercial, academia use only.
        Preliminary test version.
        Cite this work as:
        S. Grimme  &  C. Bannwarth, JCP 145 (2016) 054103
        if GBSA is used additionally:
        P. Shushkov, F. März, C. Bannwarth, S. Grimme, unpublished.
 
        with help from
        P. Shushkov, G. Brandenburg, S. Dohm, J. Pisarek,
        F. März, M. Checinski, S. Ehrlich, S. Spicher, 
        P. Pracht, E. Caldeweyher, S. Ehlert, and C. Bannwarth.
 
        usage        :
        xtb4stda <coord_file> [options]
        where <coord_file> is a valid file of TM)
        (*coord, Bohr) or xmol (*xyz, Angstroem)
        format.

        options:
        -chrg <int>   : molecular charge
        -uhf  <int>   : # of unpaired electrons(=2*S)
        -nox          : skip second, extended part in sTDA-xTB
        -pop          : do population analysis
                      : (default for -nox)
        -mowr <real>  : cut MO write above (def.3 Eh)
        -molden       : write formatted molden file
        -parx <file>  : read parameters for sTDA-xTB
                        calc (def:~/.param_stda2.xtb)
        -parv <file>  : read parameters for vTB part in
                        sTDA-xTB (def: ~/.param_stda1.xtb)
        -xtemp <real> : el. temp for xTB (def. 0 K)
        -etemp <real> : el. temp for GFN (def. 300 K)
        -fod          : calculate the FOD and write
                        molden.input file with
                        appropriate occupations
                        for plotting. Def. T=12500 K
 
        -acc <real>   : xTB accuracy (def. 1.0)
        -gbsa [string1] [string2]
                        use GBSA implicit solvent
                        for solvent [string1] and
                        solvation state [string2]=
                        reference, bar1M (default=1M)
        additional GFN/opt/MD/siman options read from
        $XTB4STDAHOME/.xtb4stdarc or $set in input
 
       spin and charge state information can be on:
       <.CHRG> (charge) and <.UHF> (=nalpha-nbeta)
       -uhf and -chrg override the file info.
       useful machine settings:
       setenv MKL_NUM_THREADS <NCORE_ON_YOUR_MACHINE>
       setenv OMP_STACKSIZE 500m
       limit stacksize unlimited
 
       total energies in Eh, gaps/HL energies in eV
       please read REVISION and HOWTO files carefully
 =============================
  # OMP threads =          48
 =============================
 
 xtb4stdahome directory:/home/penavora/Exe_xtb_crest/
 
 argument            1 :--gbsa
 argument            2 :toluene
 
 name of molecule           :
 comment line               :
 number of atoms            :    68
 number of electrons        :   180
 charge                     :  0
 spin                       : 0.0
 first test random number   :  0.4982
 
 -----------------------------------------
      charge density (VTB) calculation
 -----------------------------------------
 
      method parameters     
 k(s)        :  1.8000
 k(p)        :  2.8350
 k(d)        :  2.0860
 k(f)        :  2.0000
 Tscal       :  0.3300
 Gscal       :  0.3910
 fpol        :  1.0000
 Zcnf        :  0.6500
 Zqf         :  0.0000
 kcn         :  0.3000
 kEN1        : -0.5900
 wllscal     :  2.6000
 
 Solvent             : toluene
 GBSA parameter file : /home/penavora/Exe_xtb_crest/.param_gbsa_toluene
 Gsolv ref. state (COSMO-RS): gsolv [1 M gas/solution]
 temperature (mdtemp)       :    298.150000000000     
 dielectric constant        :    7.00000000000000     
 rho                        :   0.867000000000000     
 mass                       :    92.1400000000000     
 surface tension            :    15.5689470637553     
 probe radius               :   0.641644990000000     
 vdW radii scaling          :    1.00000000000000     
 Gshift (Eh)                :   4.228772547061559E-003
 c1                         :    1.59772343000000     
 soset                      :   0.281999450000000     
 HB correction              :  F
 
 doing EN charges ...
 sum q : -0.1665335D-14
 point charge moment (au)
     X       Y       Z   
  -0.0004   0.0221   0.0015  total (Debye):    0.056
 
            Z      q(EN)   CN      Cart. coordinates
     1  C   4.0  -0.242   4.092    -4.10271    -5.73624     1.31756
     2  C   4.0  -0.033   4.179    -5.81378    -3.51043     2.02744
     3  C   4.0  -0.242   4.091    -5.92081    -3.19987     4.90460
     4  C   4.0   0.000   3.403    -8.43184    -3.82528     0.92075
     5  C   4.0  -0.067   3.159   -10.18443    -5.69751     1.37448
     6  C   4.0  -0.073   3.148   -12.49595    -5.60002     0.13329
     7  C   4.0  -0.073   3.147   -13.03916    -3.65559    -1.53665
     8  C   4.0  -0.068   3.157   -11.28858    -1.76509    -2.00485
     9  C   4.0  -0.004   3.339    -8.98125    -1.85664    -0.76957
    10  C   4.0  -0.004   3.338    -6.82058    -0.16714    -0.86828
    11  C   4.0  -0.067   3.157    -6.41300     2.04084    -2.21774
    12  C   4.0  -0.069   3.194    -4.14418     3.30213    -1.93188
    13  C   4.0   0.088   3.276    -2.27873     2.39347    -0.29932
    14  N   5.0  -0.311   3.246    -0.00670     3.71671    -0.01333
    15  C   4.0   0.087   3.274    -0.01155     6.36242    -0.01737
    16  C   4.0  -0.069   3.191     1.94340     7.70242    -1.17241
    17  C   4.0  -0.072   3.145     1.93463    10.31306    -1.16381
    18  C   4.0  -0.074   3.142    -0.02084    11.63039    -0.02444
    19  C   4.0  -0.072   3.145    -1.97186    10.30931     1.11819
    20  C   4.0  -0.069   3.191    -1.97130     7.69870     1.13380
    21  C   4.0   0.088   3.276     2.26875     2.40181     0.28276
    22  C   4.0  -0.069   3.194     4.13035     3.32512     1.91148
    23  C   4.0  -0.067   3.157     6.40134     2.07038     2.20857
    24  C   4.0  -0.004   3.338     6.81507    -0.14580     0.87454
    25  C   4.0   0.002   3.402     4.94348    -1.09304    -0.74912
    26  C   4.0  -0.062   3.207     2.68885     0.16042    -1.05591
    27  C   4.0  -0.033   4.179     5.81863    -3.51074    -1.99957
    28  C   4.0  -0.242   4.091     5.92942    -3.22143    -4.87875
    29  C   4.0  -0.242   4.092     4.11036    -5.73426    -1.27570
    30  C   4.0   0.000   3.403     8.43551    -3.81333    -0.88664
    31  C   4.0  -0.067   3.159    10.19202    -5.68561    -1.32476
    32  C   4.0  -0.073   3.148    12.50112    -5.57598    -0.08012
    33  C   4.0  -0.073   3.147    13.03792    -3.61972     1.57805
    34  C   4.0  -0.068   3.157    11.28347    -1.72893     2.03031
    35  C   4.0  -0.004   3.339     8.97865    -1.83238     0.79127
    36  C   4.0  -0.062   3.207    -2.69215     0.15976     1.05408
    37  C   4.0   0.002   3.402    -4.94471    -1.10011     0.75868
    38  H   1.0   0.083   1.000    -2.19402    -5.41113     2.00491
    39  H   1.0   0.082   1.000    -4.04267    -5.96329    -0.72555
    40  H   1.0   0.082   0.999    -4.81544    -7.47543     2.14804
    41  H   1.0   0.082   0.999    -6.66718    -4.90411     5.77719
    42  H   1.0   0.082   0.999    -4.03992    -2.84616     5.65338
    43  H   1.0   0.082   0.999    -7.13713    -1.61887     5.40566
    44  H   1.0   0.074   1.004    -9.78330    -7.22276     2.67164
    45  H   1.0   0.074   1.004   -13.88703    -7.05624     0.47287
    46  H   1.0   0.074   1.004   -14.84947    -3.61447    -2.48181
    47  H   1.0   0.074   1.004   -11.71773    -0.25155    -3.30602
    48  H   1.0   0.074   1.005    -7.83491     2.76879    -3.48799
    49  H   1.0   0.076   1.006    -3.79232     5.01819    -2.98099
    50  H   1.0   0.076   1.006     3.46234     6.68050    -2.07644
    51  H   1.0   0.074   1.004     3.45910    11.32623    -2.06853
    52  H   1.0   0.074   1.004    -0.02421    13.67075    -0.02687
    53  H   1.0   0.074   1.004    -3.49977    11.31949     2.02046
    54  H   1.0   0.076   1.006    -3.48676     6.67399     2.04051
    55  H   1.0   0.076   1.006     3.77352     5.04701     2.94928
    56  H   1.0   0.074   1.005     7.82001     2.80961     3.47594
    57  H   1.0   0.076   1.006     1.24637    -0.54248    -2.31771
    58  H   1.0   0.082   0.999     4.04909    -2.87681    -5.63315
    59  H   1.0   0.082   0.999     7.14372    -1.64210    -5.38984
    60  H   1.0   0.082   0.999     6.68021    -4.93089    -5.73724
    61  H   1.0   0.083   1.000     2.20201    -5.41740    -1.96785
    62  H   1.0   0.082   1.000     4.04807    -5.94648     0.76894
    63  H   1.0   0.082   0.999     4.82709    -7.47826    -2.09255
    64  H   1.0   0.074   1.004     9.79570    -7.21997    -2.61260
    65  H   1.0   0.074   1.004    13.89521    -7.03212    -0.40742
    66  H   1.0   0.074   1.004    14.84629    -3.56948     2.52649
    67  H   1.0   0.074   1.004    11.70773    -0.20623     3.32236
    68  H   1.0   0.076   1.006    -1.24659    -0.53183     2.31860
 
  Z AO/shell   Hii/eV     exponent
  1     Sat Feb 20 21:38:01 CET 2016    EN: 2.327 GAM: 0.473  GM3: 0.0000
     1s    -13.751157    1.051071
  6     Sat Feb 20 21:38:01 CET 2016    EN: 2.731 GAM: 0.422  GM3: 0.0000
     2s    -19.378245    2.021003
     2p    -11.993376    1.497917
  7     Sat Feb 20 21:38:01 CET 2016    EN: 3.573 GAM: 0.504  GM3: 0.0000
     2s    -21.576984    2.275442
     2p    -16.125120    2.056788
 
 dipole moment of classical point charges (au)
     X       Y       Z   
  -0.0004   0.0221   0.0015  total (Debye):    0.056

 
 Nbf   :          179
 T(el) :   300.0
 calculating S/T integrals ...
 cpu time for ints    1.50384700000000     
 Nao   :          179
 making H0...
 making H1...
 cpu time for H      0.230329000000000     
 solving ...
 cpu time for diag   0.731066000000000     
 
 gap (eV)           :   5.378
 Koopmans IP (eV)   :  12.579
 Eel (Eh)           :  -139.426749
 T,E(Fermi),NFOD :    300.000    -9.890  0.000000
 T,E(Fermi),NFOD :    300.000    -9.890  0.000000
 Nfod               :  0.0000
 Nfod/Nel           :  0.0000

          eigenvalues
 #    :          78         79         80         81         82         83         84         85
 occ. :        2.000      2.000      2.000      2.000      2.000      2.000      2.000      2.000
 eps  :       -17.433    -17.320    -16.956    -16.318    -15.786    -15.458    -15.389    -15.359
 #    :          86         87         88         89         90         91         92         93
 occ. :        2.000      2.000      2.000      2.000      2.000      0.000      0.000      0.000
 eps  :       -15.242    -15.171    -14.558    -13.966    -12.580     -7.202     -6.916     -6.808
 #    :          94         95         96         97         98         99        100        101
 occ. :        0.000      0.000      0.000      0.000      0.000      0.000      0.000      0.000
 eps  :        -6.204     -5.699     -5.611     -5.453     -5.227     -5.106     -5.086     -5.039
                            1  SCC done.
 making H1...
 cpu time for H      0.823868000000000     
 solving ...
 cpu time for diag   0.267167000000000     
 
 gap (eV)           :   5.316
 Koopmans IP (eV)   :  12.501
 Eel (Eh)           :  -139.400984
 T,E(Fermi),NFOD :    300.000    -9.843  0.000000
 T,E(Fermi),NFOD :    300.000    -9.843  0.000000
 Nfod               :  0.0000
 Nfod/Nel           :  0.0000

          eigenvalues
 #    :          78         79         80         81         82         83         84         85
 occ. :        2.000      2.000      2.000      2.000      2.000      2.000      2.000      2.000
 eps  :       -17.466    -17.375    -16.929    -16.289    -15.758    -15.414    -15.307    -15.273
 #    :          86         87         88         89         90         91         92         93
 occ. :        2.000      2.000      2.000      2.000      2.000      0.000      0.000      0.000
 eps  :       -15.193    -15.137    -14.522    -13.947    -12.503     -7.186     -6.896     -6.874
 #    :          94         95         96         97         98         99        100        101
 occ. :        0.000      0.000      0.000      0.000      0.000      0.000      0.000      0.000
 eps  :        -6.277     -5.641     -5.544     -5.487     -5.182     -5.122     -5.031     -4.987
                            2  SCC done.
 
 
 Mulliken/CM5 charges    n(s)   n(p)   n(d)   
    1 C  -0.0884 -0.2348   1.101  2.987  0.000
    2 C   0.0244  0.0032   1.222  2.753  0.000
    3 C  -0.0887 -0.2351   1.101  2.988  0.000
    4 C  -0.0194 -0.0266   1.193  2.826  0.000
    5 C  -0.0403 -0.0941   1.140  2.900  0.000
    6 C  -0.0406 -0.0968   1.136  2.904  0.000
    7 C  -0.0391 -0.0952   1.136  2.903  0.000
    8 C  -0.0418 -0.0949   1.139  2.903  0.000
    9 C  -0.0117 -0.0165   1.171  2.840  0.000
   10 C  -0.0221 -0.0269   1.168  2.854  0.000
   11 C  -0.0366 -0.0894   1.138  2.899  0.000
   12 C  -0.0434 -0.0918   1.134  2.909  0.000
   13 C   0.0572  0.1124   1.176  2.767  0.000
   14 N  -0.1184 -0.3637   1.222  3.896  0.000
   15 C   0.0573  0.1122   1.176  2.767  0.000
   16 C  -0.0443 -0.0930   1.136  2.908  0.000
   17 C  -0.0351 -0.0912   1.136  2.899  0.000
   18 C  -0.0466 -0.1030   1.133  2.913  0.000
   19 C  -0.0351 -0.0912   1.136  2.899  0.000
   20 C  -0.0443 -0.0930   1.136  2.908  0.000
   21 C   0.0572  0.1124   1.176  2.767  0.000
   22 C  -0.0434 -0.0918   1.134  2.909  0.000
   23 C  -0.0366 -0.0894   1.138  2.899  0.000
   24 C  -0.0221 -0.0269   1.168  2.855  0.000
   25 C  -0.0181 -0.0250   1.193  2.825  0.000
   26 C  -0.0433 -0.0894   1.138  2.905  0.000
   27 C   0.0244  0.0032   1.223  2.753  0.000
   28 C  -0.0887 -0.2351   1.101  2.988  0.000
   29 C  -0.0884 -0.2349   1.101  2.987  0.000
   30 C  -0.0194 -0.0266   1.193  2.826  0.000
   31 C  -0.0403 -0.0941   1.140  2.900  0.000
   32 C  -0.0406 -0.0968   1.136  2.904  0.000
   33 C  -0.0391 -0.0952   1.136  2.903  0.000
   34 C  -0.0418 -0.0949   1.139  2.903  0.000
   35 C  -0.0117 -0.0165   1.171  2.840  0.000
   36 C  -0.0433 -0.0894   1.138  2.905  0.000
   37 C  -0.0181 -0.0250   1.193  2.825  0.000
   38 H   0.0362  0.0899   0.964  0.000  0.000
   39 H   0.0340  0.0878   0.966  0.000  0.000
   40 H   0.0353  0.0888   0.965  0.000  0.000
   41 H   0.0354  0.0889   0.965  0.000  0.000
   42 H   0.0355  0.0891   0.964  0.000  0.000
   43 H   0.0331  0.0868   0.967  0.000  0.000
   44 H   0.0380  0.0954   0.962  0.000  0.000
   45 H   0.0403  0.0967   0.960  0.000  0.000
   46 H   0.0408  0.0972   0.959  0.000  0.000
   47 H   0.0377  0.0949   0.962  0.000  0.000
   48 H   0.0439  0.1012   0.956  0.000  0.000
   49 H   0.0398  0.1016   0.960  0.000  0.000
   50 H   0.0358  0.0974   0.964  0.000  0.000
   51 H   0.0421  0.0986   0.958  0.000  0.000
   52 H   0.0390  0.0955   0.961  0.000  0.000
   53 H   0.0421  0.0986   0.958  0.000  0.000
   54 H   0.0358  0.0974   0.964  0.000  0.000
   55 H   0.0398  0.1016   0.960  0.000  0.000
   56 H   0.0439  0.1012   0.956  0.000  0.000
   57 H   0.0376  0.1003   0.962  0.000  0.000
   58 H   0.0355  0.0891   0.964  0.000  0.000
   59 H   0.0331  0.0868   0.967  0.000  0.000
   60 H   0.0354  0.0889   0.965  0.000  0.000
   61 H   0.0362  0.0899   0.964  0.000  0.000
   62 H   0.0340  0.0878   0.966  0.000  0.000
   63 H   0.0353  0.0888   0.965  0.000  0.000
   64 H   0.0380  0.0954   0.962  0.000  0.000
   65 H   0.0403  0.0967   0.960  0.000  0.000
   66 H   0.0408  0.0972   0.959  0.000  0.000
   67 H   0.0377  0.0949   0.962  0.000  0.000
   68 H   0.0376  0.1003   0.962  0.000  0.000
 Hirshfeld charges for QMDFF written to <charges>
 
 Loewdin charges    n(s)   n(p)   n(d)
    1 C  -0.0922   1.029  3.063  0.000
    2 C   0.0347   1.182  2.784  0.000
    3 C  -0.0926   1.029  3.063  0.000
    4 C  -0.0183   1.153  2.865  0.000
    5 C  -0.0350   1.086  2.949  0.000
    6 C  -0.0331   1.082  2.951  0.000
    7 C  -0.0309   1.082  2.949  0.000
    8 C  -0.0370   1.085  2.952  0.000
    9 C  -0.0082   1.129  2.879  0.000
   10 C  -0.0211   1.126  2.895  0.000
   11 C  -0.0300   1.084  2.946  0.000
   12 C  -0.0414   1.082  2.959  0.000
   13 C   0.0549   1.139  2.806  0.000
   14 N  -0.0805   1.181  3.899  0.000
   15 C   0.0551   1.139  2.806  0.000
   16 C  -0.0424   1.084  2.958  0.000
   17 C  -0.0260   1.081  2.945  0.000
   18 C  -0.0407   1.079  2.962  0.000
   19 C  -0.0260   1.081  2.945  0.000
   20 C  -0.0425   1.084  2.958  0.000
   21 C   0.0550   1.139  2.806  0.000
   22 C  -0.0415   1.082  2.959  0.000
   23 C  -0.0300   1.084  2.946  0.000
   24 C  -0.0211   1.126  2.895  0.000
   25 C  -0.0155   1.152  2.863  0.000
   26 C  -0.0439   1.087  2.957  0.000
   27 C   0.0347   1.182  2.784  0.000
   28 C  -0.0926   1.029  3.063  0.000
   29 C  -0.0922   1.029  3.063  0.000
   30 C  -0.0183   1.153  2.865  0.000
   31 C  -0.0350   1.086  2.949  0.000
   32 C  -0.0331   1.082  2.951  0.000
   33 C  -0.0309   1.082  2.949  0.000
   34 C  -0.0370   1.085  2.952  0.000
   35 C  -0.0082   1.129  2.879  0.000
   36 C  -0.0439   1.087  2.957  0.000
   37 C  -0.0155   1.152  2.863  0.000
   38 H   0.0359   0.964  0.000  0.000
   39 H   0.0336   0.966  0.000  0.000
   40 H   0.0351   0.965  0.000  0.000
   41 H   0.0351   0.965  0.000  0.000
   42 H   0.0353   0.965  0.000  0.000
   43 H   0.0328   0.967  0.000  0.000
   44 H   0.0306   0.969  0.000  0.000
   45 H   0.0327   0.967  0.000  0.000
   46 H   0.0331   0.967  0.000  0.000
   47 H   0.0302   0.970  0.000  0.000
   48 H   0.0359   0.964  0.000  0.000
   49 H   0.0323   0.968  0.000  0.000
   50 H   0.0284   0.972  0.000  0.000
   51 H   0.0342   0.966  0.000  0.000
   52 H   0.0318   0.968  0.000  0.000
   53 H   0.0342   0.966  0.000  0.000
   54 H   0.0284   0.972  0.000  0.000
   55 H   0.0323   0.968  0.000  0.000
   56 H   0.0359   0.964  0.000  0.000
   57 H   0.0303   0.970  0.000  0.000
   58 H   0.0353   0.965  0.000  0.000
   59 H   0.0328   0.967  0.000  0.000
   60 H   0.0351   0.965  0.000  0.000
   61 H   0.0359   0.964  0.000  0.000
   62 H   0.0336   0.966  0.000  0.000
   63 H   0.0350   0.965  0.000  0.000
   64 H   0.0306   0.969  0.000  0.000
   65 H   0.0327   0.967  0.000  0.000
   66 H   0.0331   0.967  0.000  0.000
   67 H   0.0302   0.970  0.000  0.000
   68 H   0.0303   0.970  0.000  0.000
 
 Wiberg/Mayer (AO) data. WBOs > 0.1 written file <wbo>
 largest (>0.05) Wiberg bond orders for each atom
           total WBO             WBO to atom ...
     1  C   3.981    H   39 0.979    H   40 0.979    H   38 0.978    C    2 0.959
     2  C   3.924    C    3 0.959    C    1 0.959    C    4 0.943    C   37 0.941
     3  C   3.981    H   43 0.979    H   42 0.979    H   41 0.979    C    2 0.959
     4  C   3.944    C    5 1.435    C    9 1.304    C    2 0.943    C    7 0.105
     5  C   3.972    C    4 1.435    C    6 1.407    H   44 0.946    C    8 0.099
     6  C   3.952    C    7 1.434    C    5 1.407    H   45 0.946    C    9 0.101
     7  C   3.972    C    6 1.434    C    8 1.430    H   46 0.946    C    4 0.105
     8  C   3.958    C    7 1.430    C    9 1.380    H   47 0.946    C    5 0.099
     9  C   3.956    C    8 1.380    C    4 1.304    C   10 1.040    C    6 0.101
    10  C   3.955    C   11 1.373    C   37 1.298    C    9 1.040    C   13 0.095
    11  C   3.959    C   12 1.445    C   10 1.373    H   48 0.943    C   36 0.092
    12  C   3.967    C   11 1.445    C   13 1.370    H   49 0.944    C   37 0.098
    13  C   3.913    C   12 1.370    C   36 1.348    N   14 1.001    C   10 0.095
    14  N   3.344    C   21 1.001    C   13 1.001    C   15 0.996
    15  C   3.933    C   16 1.371    C   20 1.371    N   14 0.996    C   18 0.106
    16  C   3.970    C   17 1.444    C   15 1.371    H   50 0.946    C   19 0.107
    17  C   3.974    C   16 1.444    C   18 1.424    H   51 0.945    C   20 0.107
    18  C   3.971    C   19 1.424    C   17 1.424    H   52 0.947    C   15 0.106
    19  C   3.974    C   20 1.444    C   18 1.424    H   53 0.945    C   16 0.107
    20  C   3.970    C   19 1.444    C   15 1.371    H   54 0.946    C   17 0.107
    21  C   3.913    C   22 1.370    C   26 1.348    N   14 1.001    C   24 0.095
    22  C   3.967    C   23 1.445    C   21 1.370    H   55 0.944    C   25 0.098
    23  C   3.959    C   22 1.445    C   24 1.373    H   56 0.943    C   26 0.092
    24  C   3.955    C   23 1.373    C   25 1.298    C   35 1.040    C   21 0.095
    25  C   3.945    C   26 1.449    C   24 1.298    C   27 0.941    C   22 0.098
    26  C   3.967    C   25 1.449    C   21 1.348    H   57 0.944    C   23 0.092
    27  C   3.924    C   28 0.959    C   29 0.959    C   30 0.943    C   25 0.941
    28  C   3.981    H   59 0.979    H   58 0.979    H   60 0.979    C   27 0.959
    29  C   3.981    H   62 0.979    H   63 0.979    H   61 0.978    C   27 0.959
    30  C   3.944    C   31 1.435    C   35 1.304    C   27 0.943    C   33 0.105
    31  C   3.972    C   30 1.435    C   32 1.407    H   64 0.946    C   34 0.099
    32  C   3.952    C   33 1.434    C   31 1.407    H   65 0.946    C   35 0.101
    33  C   3.972    C   32 1.434    C   34 1.430    H   66 0.946    C   30 0.105
    34  C   3.958    C   33 1.430    C   35 1.380    H   67 0.946    C   31 0.099
    35  C   3.956    C   34 1.380    C   30 1.304    C   24 1.040    C   32 0.101
    36  C   3.967    C   37 1.449    C   13 1.348    H   68 0.944    C   11 0.092
    37  C   3.945    C   36 1.449    C   10 1.298    C    2 0.941    C   12 0.098
    38  H   0.997    C    1 0.978
    39  H   0.999    C    1 0.979
    40  H   0.997    C    1 0.979
    41  H   0.997    C    3 0.979
    42  H   0.997    C    3 0.979
    43  H   0.999    C    3 0.979
    44  H   0.997    C    5 0.946
    45  H   0.997    C    6 0.946
    46  H   0.995    C    7 0.946
    47  H   0.997    C    8 0.946
    48  H   0.995    C   11 0.943
    49  H   0.995    C   12 0.944
    50  H   0.999    C   16 0.946
    51  H   0.997    C   17 0.945
    52  H   0.998    C   18 0.947
    53  H   0.997    C   19 0.945
    54  H   0.999    C   20 0.946
    55  H   0.995    C   22 0.944
    56  H   0.995    C   23 0.943
    57  H   0.997    C   26 0.944
    58  H   0.997    C   28 0.979
    59  H   0.999    C   28 0.979
    60  H   0.997    C   28 0.979
    61  H   0.997    C   29 0.978
    62  H   0.999    C   29 0.979
    63  H   0.997    C   29 0.979
    64  H   0.997    C   31 0.946
    65  H   0.997    C   32 0.946
    66  H   0.995    C   33 0.946
    67  H   0.997    C   34 0.946
    68  H   0.997    C   36 0.944
 
 --------------------------------------------
          xTB calculation for sTDA...
 --------------------------------------------
 
 reading parameter file /home/penavora/Exe_xtb_crest/.param_stda2.xtb
 
      method parameters     
 k(s)        :  1.6000
 k(p)        :  2.1800
 k(d)        :  1.9500
 k(f)        :  2.0000
 k(R-V)      :  2.2750
 k(R-R)      :  1.7650
 Tscal       :  0.2580
 Gscal       :  1.0000
 fpol        :  1.0000
 Zcnf        :  0.3430
 Zqf         :  0.0000
 kcn         :  2.7000
 Ryd Hsplit  :  0.7000
 lshift(virt):  3.1000
 lshift(OS)  :  0.2000
 wllscaling  :  2.6000
 
 mowrcut     : 3.000
 
  Z AO/shell   Hii/eV     exponent
  1     Sun Feb 14 09:53:25 CET 2016    EN: 2.327 GAM: 0.473  GM3: 0.0000
     1s    -14.339618    1.220000
     2sp    -3.348946    0.600000
  6     Sun Feb 14 09:53:25 CET 2016    EN: 2.731 GAM: 0.422  GM3: 0.0000
     2s    -22.009312    1.565095
     2p    -13.020408    1.596905
     3sp    -3.914040    0.824500
  7     Sun Feb 14 09:53:25 CET 2016    EN: 3.573 GAM: 0.504  GM3: 0.0000
     2s    -25.722000    2.064844
     2p    -18.684912    1.801692
     3sp    -4.344791    0.921400
 
 Nbf   :          451
 T(el) :     0.0
 calculating S/T integrals ...
 cpu time for ints    7.98412700000000     
 Nao   :          451
 making H0...
 making H1...
 cpu time for H      0.594295000000001     
 solving ...
 cpu time for diag    1.28558500000000     
 
 gap (eV)           :   6.651
 Koopmans IP (eV)   :  13.422
 Eel (Eh)           :  -153.070836

          eigenvalues
 #    :          78         79         80         81         82         83         84         85
 occ. :        2.000      2.000      2.000      2.000      2.000      2.000      2.000      2.000
 eps  :       -18.095    -17.985    -17.697    -16.917    -16.522    -16.142    -16.052    -16.018
 #    :          86         87         88         89         90         91         92         93
 occ. :        2.000      2.000      2.000      2.000      2.000      0.000      0.000      0.000
 eps  :       -15.881    -15.840    -15.479    -15.003    -13.423     -6.771     -6.496     -5.800
 #    :          94         95         96         97         98         99        100        101
 occ. :        0.000      0.000      0.000      0.000      0.000      0.000      0.000      0.000
 eps  :        -5.685     -5.669     -5.557     -5.536     -5.414     -5.086     -4.829     -4.828
                            1  SCC done.
 writing mo output ...
 molden style : F
 
speedup 25.85
cpu  time for all   14.61 s
wall time for all    0.57 s
