  87
 Etot=        -133.9248434173
 C         10.2023735511       -1.2807769869        0.6160059147
 C          9.2803025508       -0.2035502307        0.0111441420
 C         10.1214638483        0.9241688438       -0.6188785586
 C          8.4352794909       -0.8367127604       -1.0734562140
 C          9.0544526820       -1.4119584035       -2.1754728350
 C          8.3323165713       -1.9711523018       -3.2135206521
 C          6.9468265852       -1.9404212969       -3.1731265438
 C          6.3051446694       -1.3781389004       -2.0925279957
 C          7.0330344071       -0.8438515027       -1.0191760852
 N          6.3602207502       -0.2983633536        0.0592069427
 C          4.9433688545       -0.3517923781        0.0845817793
 C          4.1881079256        0.8112465533       -0.0744843612
 C          2.8148759898        0.7535946455       -0.0635619236
 C          2.1298760754       -0.4631731351        0.1234052141
 C          0.6874884156       -0.5173684421        0.1326702291
 C         -0.0166932703       -1.6993244773       -0.1970276191
 C         -1.3792894734       -1.7368106413       -0.2195617077
 C         -2.1589379069       -0.5848807199        0.0685667611
 C         -3.5647994845       -0.7073675821        0.0095017491
 N         -4.1742624158       -1.8981308749        0.0985016004
 C         -5.4814181260       -1.6520165064        0.1595506627
 C         -6.5326713324       -2.5958819640        0.3480028178
 C         -6.2534729210       -3.9520614966        0.5410167790
 C         -7.2728969180       -4.8477899146        0.7717418905
 C         -8.5838575786       -4.3866773286        0.8204927776
 C         -8.8705799855       -3.0509452476        0.6244929193
 C         -7.8613729814       -2.1132039716        0.3696223507
 C         -8.1329836916       -0.7082445515        0.1040996609
 C         -9.4400524460       -0.2290931540       -0.0112289880
 C         -9.7182745025        1.0851543171       -0.3244984611
 C         -8.6757709998        1.9773278064       -0.5647574191
 C         -7.3768812288        1.5539421286       -0.4498506093
 C         -7.0644300981        0.2260379466       -0.0879248996
 C         -5.7464643315       -0.2604661575        0.0416813025
 N         -4.5066161209        0.3347295538       -0.0469064175
 C         -4.1966594129        1.6808119628       -0.2349857006
 C         -3.3721900315        2.0634143808       -1.3051899355
 C         -3.0414600831        3.3819767297       -1.4890292950
 C         -3.5149703742        4.3622171081       -0.5979402321
 C         -3.1713121184        5.7068600584       -0.7778570768
 N         -2.8872313903        6.8154902537       -0.9256117143
 C         -4.3354447748        3.9768748394        0.4787191597
 C         -4.6726790714        2.6581206824        0.6534784355
 C         -1.4564690346        0.5824991822        0.4596592432
 C         -0.0910722435        0.6068560207        0.4868254443
 C          2.9133385262       -1.6212352742        0.2940700870
 C          4.2865214661       -1.5699371205        0.2665443623
 C          7.0307963916        0.2966189336        1.1123150583
 C          6.3052304077        0.7891373838        2.2069425858
 C          6.9439397011        1.3979853352        3.2638130547
 C          8.3253210922        1.5165798516        3.2592833863
 C          9.0478817414        0.9993849683        2.2000062181
 C          8.4316406694        0.3805906192        1.1202201957
 H         10.8413666165       -0.8554279391        1.3841135533
 H          9.6050434376       -2.0724193987        1.0648183685
 H         10.8354725593       -1.7196362071       -0.1494264545
 H          9.4670517475        1.6809137815       -1.0478210271
 H         10.7516483272        1.3980711920        0.1277752423
 H         10.7604388068        0.5362539495       -1.4065078231
 H         10.1316420217       -1.4241782041       -2.2319743804
 H          8.8454572108       -2.4134505494       -4.0537007203
 H          6.3659582710       -2.3485366191       -3.9863700242
 H          5.2276800254       -1.3403207089       -2.0764997282
 H          4.6939385190        1.7532934768       -0.2296171695
 H          2.2546939621        1.6586992535       -0.2386916921
 H          0.5333969868       -2.5845870042       -0.4774639805
 H         -1.9063493717       -2.6393125277       -0.4873020389
 H         -5.2205704024       -4.2634191025        0.5115538916
 H         -7.0586690865       -5.8955411282        0.9206913228
 H         -9.3899665464       -5.0796584582        1.0138085676
 H         -9.9019811832       -2.7412003703        0.6769801903
 H        -10.2709686727       -0.9007299093        0.1318905941
 H        -10.7431031905        1.4158184470       -0.4027677389
 H         -8.8874020160        2.9981517334       -0.8474455582
 H         -6.5770903934        2.2432795929       -0.6644373582
 H         -3.0099815784        1.3072180689       -1.9860128280
 H         -2.4198567174        3.6792815876       -2.3208154588
 H         -4.6883271316        4.7281141504        1.1702011260
 H         -5.2934101857        2.3579122371        1.4853465039
 H         -2.0023854464        1.4494602655        0.7969600343
 H          0.4004142149        1.5043026860        0.8323144422
 H          2.4317209957       -2.5671287081        0.4845827053
 H          4.8697032004       -2.4686381892        0.4060853880
 H          5.2324226656        0.6827065947        2.2256654974
 H          6.3646378177        1.7731659595        4.0938999759
 H          8.8360006278        1.9950827053        4.0809322421
 H         10.1233514679        1.0800898865        2.2218650645
  87
 Etot=        -133.9249427997
 C         10.2010890438       -1.2797808667        0.6158200852
 C          9.2786363897       -0.2035587779        0.0112309538
 C         10.1201096963        0.9233193871       -0.6185353625
 C          8.4334437656       -0.8371923530       -1.0733657946
 C          9.0529404516       -1.4123382952       -2.1749278099
 C          8.3316275457       -1.9713957843       -3.2130691693
 C          6.9470736077       -1.9406858711       -3.1721982558
 C          6.3054083731       -1.3784925281       -2.0914053018
 C          7.0322822508       -0.8439266481       -1.0188102469
 N          6.3589661183       -0.2985060092        0.0592781996
 C          4.9420157829       -0.3518883548        0.0845249709
 C          4.1865071785        0.8107607674       -0.0754137793
 C          2.8136141889        0.7538549605       -0.0630831257
 C          2.1275204480       -0.4630331048        0.1227103891
 C          0.6863592268       -0.5168527611        0.1312529765
 C         -0.0183855874       -1.7001434148       -0.1962211779
 C         -1.3802188528       -1.7381731008       -0.2174828768
 C         -2.1599250381       -0.5845536967        0.0684584633
 C         -3.5641778673       -0.7074821820        0.0096916594
 N         -4.1741696292       -1.8987203394        0.0967056522
 C         -5.4793143054       -1.6529790136        0.1595839211
 C         -6.5308351162       -2.5961043919        0.3476244675
 C         -6.2514036473       -3.9518659399        0.5400887120
 C         -7.2712135426       -4.8471475004        0.7710268785
 C         -8.5815489533       -4.3857359604        0.8206745954
 C         -8.8682507055       -3.0498695501        0.6242758538
 C         -7.8591350047       -2.1129085579        0.3696323518
 C         -8.1306457177       -0.7079536957        0.1039406774
 C         -9.4371283550       -0.2292896631       -0.0118532914
 C         -9.7152699510        1.0852945801       -0.3245315747
 C         -8.6730332379        1.9777869333       -0.5640203735
 C         -7.3742024581        1.5554589318       -0.4477940079
 C         -7.0622616435        0.2268992002       -0.0874268793
 C         -5.7449484928       -0.2592059270        0.0419916010
 N         -4.5065570432        0.3350477216       -0.0472187306
 C         -4.1967193049        1.6803384958       -0.2348320269
 C         -3.3717686229        2.0623227678       -1.3036663380
 C         -3.0413347153        3.3813465585       -1.4870425800
 C         -3.5155864655        4.3600480098       -0.5969949492
 C         -3.1714322394        5.7061219123       -0.7768447391
 N         -2.8876837091        6.8125493548       -0.9242515169
 C         -4.3358274889        3.9754939789        0.4782069918
 C         -4.6735032992        2.6565265162        0.6529493792
 C         -1.4571869484        0.5853775405        0.4557253967
 C         -0.0925828271        0.6090970644        0.4828409711
 C          2.9117305880       -1.6213723317        0.2924661034
 C          4.2846193173       -1.5695889398        0.2671471043
 C          7.0299863292        0.2963828428        1.1121956229
 C          6.3053348526        0.7893363068        2.2059597109
 C          6.9440985598        1.3978254380        3.2631339155
 C          8.3244972873        1.5167202317        3.2590100941
 C          9.0462882679        0.9994885080        2.1997424424
 C          8.4297298457        0.3806982807        1.1204463865
 H         10.8402162326       -0.8551049528        1.3844799581
 H          9.6033209492       -2.0709687975        1.0644366364
 H         10.8346172680       -1.7197146224       -0.1489527010
 H          9.4652684010        1.6794466552       -1.0474870840
 H         10.7504745705        1.3984782050        0.1274958400
 H         10.7592159386        0.5361269230       -1.4067091988
 H         10.1305598817       -1.4242647947       -2.2312341676
 H          8.8450429848       -2.4135493502       -4.0527673905
 H          6.3664129816       -2.3491050008       -3.9851008500
 H          5.2279133230       -1.3404199360       -2.0745072060
 H          4.6933836269        1.7525229045       -0.2293681217
 H          2.2539243395        1.6593630202       -0.2373804169
 H          0.5325660558       -2.5850328678       -0.4763643269
 H         -1.9070937277       -2.6404560596       -0.4847989378
 H         -5.2187365528       -4.2629651097        0.5103600328
 H         -7.0578545349       -5.8948007575        0.9201439976
 H         -9.3877670387       -5.0783628917        1.0141749624
 H         -9.8997821196       -2.7400874146        0.6770036716
 H        -10.2682956882       -0.9008845076        0.1307563971
 H        -10.7400190987        1.4156919096       -0.4029554141
 H         -8.8854443301        2.9982295567       -0.8462653674
 H         -6.5747243154        2.2448555467       -0.6618297937
 H         -3.0088213862        1.3063941916       -1.9838608859
 H         -2.4195287540        3.6795678785       -2.3180232235
 H         -4.6888612756        4.7270458774        1.1687650919
 H         -5.2947673343        2.3559841304        1.4841090716
 H         -2.0023016514        1.4516531641        0.7945283497
 H          0.3999737573        1.5052027844        0.8299797655
 H          2.4304249631       -2.5676461313        0.4822896247
 H          4.8686240422       -2.4680592304        0.4058001071
 H          5.2324899195        0.6827145208        2.2239315632
 H          6.3649323848        1.7735540768        4.0927080286
 H          8.8353628282        1.9951922662        4.0801510778
 H         10.1222105883        1.0799720578        2.2213624990
  87
 Etot=        -133.9249777313
 C         10.1989287366       -1.2795385829        0.6162874597
 C          9.2772802661       -0.2035857922        0.0113766938
 C         10.1175724483        0.9232443090       -0.6187552588
 C          8.4317043151       -0.8376393661       -1.0731215644
 C          9.0515342786       -1.4127494489       -2.1742391348
 C          8.3308195064       -1.9721565367       -3.2125283073
 C          6.9468061727       -1.9416683598       -3.1713355648
 C          6.3051117245       -1.3793705754       -2.0904542850
 C          7.0312345989       -0.8442478742       -1.0184222686
 N          6.3573393083       -0.2987142474        0.0593494510
 C          4.9405444913       -0.3519902959        0.0843532905
 C          4.1849018721        0.8105848894       -0.0754572884
 C          2.8123942978        0.7543015154       -0.0626005130
 C          2.1252987322       -0.4628487884        0.1214373469
 C          0.6857438690       -0.5164084780        0.1295873657
 C         -0.0196693634       -1.7011779673       -0.1947635874
 C         -1.3806850219       -1.7396711499       -0.2148315295
 C         -2.1605084374       -0.5842209836        0.0679392916
 C         -3.5626092902       -0.7076564537        0.0087443926
 N         -4.1736998971       -1.8992093383        0.0945066461
 C         -5.4768650329       -1.6540049501        0.1588485032
 C         -6.5288182126       -2.5963478953        0.3465064923
 C         -6.2488215966       -3.9517211635        0.5386810129
 C         -7.2688764872       -4.8467318834        0.7701800577
 C         -8.5787228122       -4.3850837063        0.8207976933
 C         -8.8656505361       -3.0490695661        0.6242200048
 C         -7.8568213415       -2.1126707950        0.3691791521
 C         -8.1283346705       -0.7076002625        0.1037485674
 C         -9.4342869616       -0.2291897368       -0.0127065501
 C         -9.7122591297        1.0857777015       -0.3246372971
 C         -8.6701763050        1.9785901259       -0.5628051887
 C         -7.3714223030        1.5568551826       -0.4459069825
 C         -7.0599235032        0.2276395076       -0.0867521149
 C         -5.7432117764       -0.2579969793        0.0426233099
 N         -4.5061643397        0.3351489616       -0.0474394464
 C         -4.1961597621        1.6798127228       -0.2341450375
 C         -3.3709569154        2.0612169375       -1.3021945210
 C         -3.0406429471        3.3807894729       -1.4848522773
 C         -3.5161027453        4.3576249970       -0.5953242049
 C         -3.1714729864        5.7053419465       -0.7750621683
 N         -2.8877087881        6.8115879488       -0.9221939418
 C         -4.3363851463        3.9741678528        0.4786552460
 C         -4.6738248688        2.6547490140        0.6535438022
 C         -1.4574086056        0.5878237703        0.4523051355
 C         -0.0936620678        0.6110246575        0.4789655246
 C          2.9100728006       -1.6215608838        0.2900920079
 C          4.2825817600       -1.5694998210        0.2664318746
 C          7.0288039968        0.2962695987        1.1120869324
 C          6.3047430383        0.7898043775        2.2051937233
 C          6.9435294761        1.3983357468        3.2625068769
 C          8.3233722771        1.5172035672        3.2587740320
 C          9.0446768662        0.9995979888        2.1994209116
 C          8.4278427803        0.3807955205        1.1205563845
 H         10.8381466053       -0.8551008079        1.3851767004
 H          9.6010043835       -2.0705860603        1.0649172453
 H         10.8329126018       -1.7200632577       -0.1479550772
 H          9.4624417043        1.6789750298       -1.0479561710
 H         10.7481080130        1.3992657592        0.1267662102
 H         10.7569626848        0.5363671102       -1.4070340851
 H         10.1294357709       -1.4244924531       -2.2300685674
 H          8.8447013183       -2.4140969391       -4.0518196640
 H          6.3661188882       -2.3503738416       -3.9839296229
 H          5.2275556139       -1.3412897886       -2.0728139687
 H          4.6928340159        1.7518679319       -0.2294428411
 H          2.2531423536        1.6601932633       -0.2361954490
 H          0.5323116951       -2.5861290083       -0.4727201175
 H         -1.9079654752       -2.6423207250       -0.4790237352
 H         -5.2162691083       -4.2625061669        0.5080581694
 H         -7.0562287155       -5.8944194864        0.9191662271
 H         -9.3849785513       -5.0773124776        1.0150535075
 H         -9.8972628398       -2.7395507704        0.6778770429
 H        -10.2658485960       -0.9006135879        0.1285257728
 H        -10.7369035035        1.4159154943       -0.4036583290
 H         -8.8832600026        2.9989800810       -0.8440984164
 H         -6.5722976246        2.2464439159       -0.6592214266
 H         -3.0070311586        1.3055394812       -1.9817554048
 H         -2.4180036600        3.6798314717       -2.3147430808
 H         -4.6902677349        4.7259654397        1.1682447566
 H         -5.2959075544        2.3537025613        1.4837543502
 H         -2.0020564945        1.4545803747        0.7894519543
 H          0.4003849626        1.5078249697        0.8219756208
 H          2.4289464454       -2.5681682100        0.4790246355
 H          4.8673116195       -2.4675001458        0.4059772845
 H          5.2318211503        0.6831599191        2.2225206223
 H          6.3642526154        1.7742820666        4.0917519590
 H          8.8345928329        1.9955700340        4.0795104133
 H         10.1208755574        1.0800263658        2.2205315426
