  103
 Etot=        -157.9242322391
 C         -0.1126684977        6.5307108982        6.3354108311
 C         -0.1997075100        5.8133384740        7.5192946836
 N         -0.2517640537        4.4928556068        7.5579439571
 C         -0.2260888699        3.8295495986        6.4191684495
 C         -0.1503349650        4.4386132971        5.1646792772
 C         -0.1278027682        3.6435542685        3.9323720299
 C          0.7161460111        3.9887806934        2.8785187802
 C          0.7402526620        3.2317010869        1.7245555561
 C         -0.0726107027        2.1110825155        1.5773540014
 Si        -0.0003454157        1.0862397114       -0.0163549261
 C          0.0909577675        2.2307259218       -1.4925066972
 C         -0.6978538506        3.4051588609       -1.5455034192
 C         -0.6951935209        4.2279597859       -2.6281557481
 C          0.1430962769        3.9781430654       -3.7638685855
 C          0.2285386094        4.8727344199       -4.8432531736
 C          1.2470318280        4.8297280980       -5.8611141568
 C          1.2186938866        5.6717375822       -6.9315691121
 C          0.2097669009        6.6507825606       -7.0125319844
 N         -0.7713958128        6.6483621754       -6.1168379673
 C         -0.8009365405        5.8429412340       -5.1110175085
 C          0.9374896295        2.7847704691       -3.6993904976
 C          0.9162832473        1.9709795897       -2.6092325854
 C         -1.5242054617       -0.0458645196       -0.0776326144
 C         -2.6220890517        0.2583689754       -0.8756377903
 C         -3.7237637583       -0.5727814439       -0.9307217110
 C         -3.7529256390       -1.7378085425       -0.1693533784
 N         -4.8656746479       -2.5885992766       -0.2181518048
 C         -6.1827060057       -2.2063780451       -0.0638286060
 C         -6.7128458221       -0.9542538349        0.2148754602
 C         -8.0844482602       -0.8499351916        0.3465060382
 C         -8.9146505533       -1.9607251842        0.2150615813
 C         -8.3907577978       -3.2138165979       -0.0373343616
 C         -7.0158287558       -3.3439229095       -0.1741288503
 C         -6.1473405146       -4.4636238525       -0.4122643915
 C         -6.3695654718       -5.8179522566       -0.6184472332
 C         -5.2826346113       -6.6395411342       -0.8464081242
 C         -3.9896741208       -6.1229095043       -0.8860620198
 C         -3.7432468125       -4.7782929027       -0.6841703938
 C         -4.8289432865       -3.9519709464       -0.4290312689
 C         -2.6642720712       -2.0550305535        0.6385567253
 C         -1.5666961934       -1.2184680162        0.6721100169
 C          1.5117020712       -0.0549311808        0.0316419916
 C          2.5861004747        0.1818373621        0.8820738854
 C          3.6850568105       -0.6546085751        0.9022697626
 C          3.7355785849       -1.7546316412        0.0509152762
 N          4.8467953471       -2.6089687452        0.0629645259
 C          4.8052005975       -3.9839301162        0.1715874695
 C          3.7135095486       -4.8245787390        0.3390660557
 C          3.9550065123       -6.1807140845        0.4486563011
 C          5.2486482622       -6.6952191132        0.4029562099
 C          6.3407909759       -5.8612801586        0.2608745526
 C          6.1236991108       -4.4951371953        0.1483823144
 C          6.9973488853       -3.3623833327        0.0128362592
 C          8.3749415653       -3.2243122552       -0.0835599859
 C          8.9038334551       -1.9567401041       -0.2317797745
 C          8.0765374758       -0.8380226373       -0.2990951769
 C          6.7024164721       -0.9498480773       -0.2056874189
 C          6.1667863043       -2.2185199938       -0.0324153159
 C          2.6709483190       -2.0027817958       -0.8111964097
 C          1.5761517333       -1.1620278127       -0.8098204521
 C         -0.9197059144        1.7790007999        2.6294222809
 C         -0.9476994146        2.5261640851        3.7906090994
 C         -0.0892512520        5.8313206244        5.1419774007
 H         -0.0713004053        7.6091100264        6.3475912989
 H         -0.2292844780        6.3117435198        8.4791174753
 H         -0.2502765051        2.7507908612        6.5070540519
 H          1.3703527850        4.8437405312        2.9760958475
 H          1.3990402054        3.5146146142        0.9154516048
 H         -1.3294783444        3.6372811638       -0.6983786153
 H         -1.3228690437        5.1066182208       -2.6235678635
 H          2.0793244176        4.1547622061       -5.7384849255
 H          1.9991938510        5.6588377220       -7.6771251636
 H          0.2062473809        7.4300702193       -7.7556328642
 H         -1.7078048610        5.8464903114       -4.5239906000
 H          1.5718800605        2.5325640178       -4.5352220809
 H          1.5426923024        1.0894320288       -2.5916681443
 H         -2.6042555815        1.1571976230       -1.4746953670
 H         -4.5577806887       -0.3372984210       -1.5754558637
 H         -6.0761822345       -0.0910131757        0.3363019740
 H         -8.5220501225        0.1140901199        0.5597270712
 H         -9.9819698195       -1.8373252102        0.3220986349
 H         -9.0330823004       -4.0771791189       -0.1229445585
 H         -7.3729065650       -6.2159112595       -0.6043967399
 H         -5.4335716804       -7.6966764680       -1.0062854288
 H         -3.1613334332       -6.7873986531       -1.0827761848
 H         -2.7395598633       -4.3841714993       -0.7354216872
 H         -2.6939256798       -2.9480098119        1.2458328393
 H         -0.7236823323       -1.4761325991        1.2979381986
 H          2.5538244431        1.0298820344        1.5506702411
 H          4.5007566904       -0.4736371582        1.5869139920
 H          2.7089371673       -4.4330702479        0.3935688910
 H          3.1222368597       -6.8563961457        0.5764769514
 H          5.3957326781       -7.7613963847        0.4896698140
 H          7.3441305911       -6.2590545793        0.2417875540
 H          9.0155652841       -4.0924244543       -0.0474869375
 H          9.9732153176       -1.8272980467       -0.3063065176
 H          8.5186040740        0.1384489507       -0.4310530290
 H          6.0678775303       -0.0794300598       -0.2768118753
 H          2.7175220139       -2.8447973771       -1.4863967805
 H          0.7514422552       -1.3648830527       -1.4782560337
 H         -1.5711636934        0.9218654642        2.5340111305
 H         -1.6249173752        2.2579486538        4.5889630423
 H         -0.0443719643        6.3559231202        4.1979086895
  103
 Etot=        -157.9242816203
 C         -0.1123446479        6.5310687948        6.3353807068
 C         -0.1998353787        5.8138855806        7.5194126949
 N         -0.2524451853        4.4931605436        7.5570350059
 C         -0.2271659705        3.8293982466        6.4189173949
 C         -0.1506764314        4.4384449329        5.1643290214
 C         -0.1278663247        3.6432857060        3.9326548226
 C          0.7157797044        3.9887687463        2.8782194436
 C          0.7402184079        3.2313642247        1.7246944936
 C         -0.0717958859        2.1098041277        1.5779792666
 Si        -0.0001501851        1.0871848333       -0.0170880821
 C          0.0898472412        2.2288730889       -1.4937960641
 C         -0.6971132088        3.4038335631       -1.5460180063
 C         -0.6933724118        4.2273968755       -2.6287749269
 C          0.1440230407        3.9772883510       -3.7638149065
 C          0.2269635818        4.8708565014       -4.8459418781
 C          1.2463099227        4.8304577828       -5.8599096478
 C          1.2199277096        5.6749373866       -6.9295667166
 C          0.2100136260        6.6515915081       -7.0116224589
 N         -0.7708556459        6.6504056052       -6.1175630810
 C         -0.8016998752        5.8411384571       -5.1135314007
 C          0.9386542915        2.7853462325       -3.6989562407
 C          0.9165812276        1.9705037934       -2.6091011178
 C         -1.5248741455       -0.0447176897       -0.0754400082
 C         -2.6222504858        0.2587937146       -0.8745662865
 C         -3.7236320502       -0.5725975137       -0.9303955598
 C         -3.7527416732       -1.7379656715       -0.1693077841
 N         -4.8656722216       -2.5887296007       -0.2181583915
 C         -6.1825784652       -2.2064496537       -0.0636281262
 C         -6.7126175408       -0.9541915314        0.2151742040
 C         -8.0842429963       -0.8497716163        0.3467824230
 C         -8.9145081352       -1.9605291164        0.2153066965
 C         -8.3907092771       -3.2137884112       -0.0372264431
 C         -7.0158877996       -3.3439406218       -0.1740645068
 C         -6.1474164330       -4.4637067996       -0.4123546212
 C         -6.3696442896       -5.8179231759       -0.6185855461
 C         -5.2825729993       -6.6395213086       -0.8466974518
 C         -3.9895973166       -6.1229003099       -0.8864123431
 C         -3.7431866309       -4.7782571850       -0.6845223885
 C         -4.8289811301       -3.9519554728       -0.4292649370
 C         -2.6638979154       -2.0555938253        0.6382983226
 C         -1.5667070632       -1.2185737880        0.6726369387
 C          1.5113355379       -0.0548877799        0.0317866667
 C          2.5858867377        0.1818129867        0.8821469861
 C          3.6849941977       -0.6543661713        0.9021659441
 C          3.7354854177       -1.7545610410        0.0507893157
 N          4.8468220040       -2.6089689587        0.0628644122
 C          4.8052146435       -3.9838172159        0.1716146057
 C          3.7134089604       -4.8244635605        0.3391225675
 C          3.9548649143       -6.1806393528        0.4486618809
 C          5.2485121161       -6.6951573992        0.4029419390
 C          6.3408160555       -5.8612035766        0.2608211178
 C          6.1237480432       -4.4951578215        0.1483453787
 C          6.9974259414       -3.3623422365        0.0128082372
 C          8.3749242595       -3.2242542986       -0.0834941374
 C          8.9037674180       -1.9565070461       -0.2317077003
 C          8.0764387866       -0.8377974324       -0.2990700166
 C          6.7022861736       -0.9496912535       -0.2058161931
 C          6.1667115752       -2.2184964021       -0.0325718544
 C          2.6707360467       -2.0028207524       -0.8112135389
 C          1.5759322184       -1.1620747235       -0.8097368754
 C         -0.9197241810        1.7783569365        2.6298803721
 C         -0.9476147253        2.5253689734        3.7909450888
 C         -0.0888138519        5.8317652303        5.1420541846
 H         -0.0709877510        7.6094315354        6.3477948490
 H         -0.2295485071        6.3120699754        8.4793266134
 H         -0.2514794706        2.7506605737        6.5069730619
 H          1.3698735234        4.8438574190        2.9755746798
 H          1.3988286185        3.5143034274        0.9154575145
 H         -1.3290349529        3.6360089294       -0.6990540514
 H         -1.3208818828        5.1062156567       -2.6242622957
 H          2.0767417958        4.1526611551       -5.7389327574
 H          1.9994012825        5.6600062792       -7.6763658281
 H          0.2040184544        7.4276879622       -7.7581512195
 H         -1.7055686037        5.8500599973       -4.5217777015
 H          1.5723834596        2.5327443412       -4.5351978924
 H          1.5426993693        1.0886834976       -2.5918494933
 H         -2.6041811523        1.1575670653       -1.4736350138
 H         -4.5574375768       -0.3372191359       -1.5754804312
 H         -6.0758823201       -0.0910425215        0.3366088097
 H         -8.5217836645        0.1142329709        0.5600674408
 H         -9.9818006815       -1.8370979530        0.3224262723
 H         -9.0330965481       -4.0770874513       -0.1228986028
 H         -7.3729663310       -6.2158974298       -0.6044896700
 H         -5.4335301090       -7.6966202595       -1.0066909797
 H         -3.1612988170       -6.7873581324       -1.0832769596
 H         -2.7395602418       -4.3840569330       -0.7358519368
 H         -2.6938050431       -2.9484552252        1.2457985179
 H         -0.7240977800       -1.4758884814        1.2991497717
 H          2.5535849204        1.0298289692        1.5507248528
 H          4.5006066634       -0.4735306320        1.5869902032
 H          2.7088925745       -4.4328832993        0.3936526501
 H          3.1221171772       -6.8563036359        0.5765271111
 H          5.3955926817       -7.7613182900        0.4896955493
 H          7.3441312237       -6.2590107534        0.2417181807
 H          9.0155847840       -4.0923290070       -0.0474054883
 H          9.9731328904       -1.8270500865       -0.3062239265
 H          8.5184730887        0.1386527037       -0.4310320066
 H          6.0676933573       -0.0793590558       -0.2770282147
 H          2.7175551995       -2.8445637224       -1.4867872582
 H          0.7514486714       -1.3646572899       -1.4784909797
 H         -1.5714277255        0.9213833011        2.5344665957
 H         -1.6247164874        2.2570157683        4.5893832539
 H         -0.0436210752        6.3564245340        4.1980952558
  103
 Etot=        -157.9243074766
 C         -0.1115874904        6.5315921025        6.3353599410
 C         -0.2004468330        5.8149235547        7.5197759202
 N         -0.2543231324        4.4938997696        7.5557277282
 C         -0.2294505319        3.8294132999        6.4187121508
 C         -0.1512676060        4.4382572693        5.1637856698
 C         -0.1279574053        3.6430891428        3.9331661190
 C          0.7151625700        3.9889454887        2.8778152871
 C          0.7401696519        3.2310736426        1.7249722409
 C         -0.0707502881        2.1082550281        1.5786975785
 Si        -0.0000710231        1.0879347197       -0.0175761049
 C          0.0882652901        2.2260637880       -1.4956926933
 C         -0.6966491448        3.4017642142       -1.5470678695
 C         -0.6907199520        4.2267714291       -2.6295098370
 C          0.1454728540        3.9762225720       -3.7634862006
 C          0.2252318720        4.8690089445       -4.8495154850
 C          1.2443332598        4.8300283562       -5.8596840024
 C          1.2204811394        5.6775174255       -6.9284043341
 C          0.2092894510        6.6510713105       -7.0111827013
 N         -0.7703910138        6.6529602062       -6.1176182793
 C         -0.8014141018        5.8400677822       -5.1146874179
 C          0.9391220760        2.7852651789       -3.6992691810
 C          0.9162098713        1.9690111443       -2.6098390514
 C         -1.5255414112       -0.0438750978       -0.0732043308
 C         -2.6226771634        0.2592277774       -0.8729942945
 C         -3.7237682119       -0.5722895999       -0.9295709472
 C         -3.7526371411       -1.7381483492       -0.1689689547
 N         -4.8656826417       -2.5889447893       -0.2180995826
 C         -6.1823472984       -2.2065504060       -0.0632977295
 C         -6.7121593678       -0.9541349392        0.2157304448
 C         -8.0837954392       -0.8495328628        0.3474129239
 C         -8.9141867005       -1.9601607632        0.2158572302
 C         -8.3905959527       -3.2136607650       -0.0369396988
 C         -7.0159486862       -3.3439378563       -0.1738935280
 C         -6.1475067857       -4.4638114732       -0.4125628846
 C         -6.3697337375       -5.8178487615       -0.6189360096
 C         -5.2824761205       -6.6394244545       -0.8473539641
 C         -3.9895274449       -6.1228041134       -0.8872130176
 C         -3.7431207489       -4.7781475628       -0.6851862487
 C         -4.8290120368       -3.9519160415       -0.4296157764
 C         -2.6637735418       -2.0560062030        0.6386305685
 C         -1.5671327140       -1.2183784522        0.6740138475
 C          1.5111580001       -0.0545729663        0.0313752525
 C          2.5856280730        0.1817629132        0.8820576352
 C          3.6847566671       -0.6542275373        0.9021202309
 C          3.7352829074       -1.7545026265        0.0505765579
 N          4.8468028239       -2.6089523027        0.0626694797
 C          4.8051656831       -3.9836242766        0.1715896201
 C          3.7132359234       -4.8242347636        0.3391599500
 C          3.9546395004       -6.1804551088        0.4486990252
 C          5.2482533336       -6.6950061653        0.4029340319
 C          6.3407658747       -5.8610588903        0.2607584744
 C          6.1237472400       -4.4951376148        0.1482888121
 C          6.9974665839       -3.3622127769        0.0126933801
 C          8.3748419981       -3.2240586282       -0.0834553640
 C          8.9035796595       -1.9560819248       -0.2316336146
 C          8.0761840448       -0.8374462541       -0.2991092024
 C          6.7019912739       -0.9494552451       -0.2060607889
 C          6.1665271607       -2.2184088261       -0.0328415658
 C          2.6705658698       -2.0027556647       -0.8115155733
 C          1.5759256984       -1.1618440541       -0.8102034579
 C         -0.9191790897        1.7771950148        2.6306986317
 C         -0.9469268746        2.5239567940        3.7915655331
 C         -0.0877669891        5.8324053129        5.1422843889
 H         -0.0695994867        7.6099198784        6.3480434985
 H         -0.2300419739        6.3126455884        8.4798047187
 H         -0.2548975421        2.7507581451        6.5070496034
 H          1.3684187078        4.8447435779        2.9745915335
 H          1.3986465480        3.5139565160        0.9156019697
 H         -1.3286235203        3.6345431310       -0.7002729943
 H         -1.3166778583        5.1067344571       -2.6239998334
 H          2.0745371930        4.1515369588       -5.7394040105
 H          2.0022066574        5.6643091162       -7.6729456270
 H          0.2010757474        7.4241630178       -7.7612739411
 H         -1.7040798378        5.8512084019       -4.5210818267
 H          1.5741909681        2.5332797766       -4.5347728583
 H          1.5435589785        1.0879867046       -2.5925392249
 H         -2.6045763770        1.1583404255       -1.4715029295
 H         -4.5572451604       -0.3371672894       -1.5752031174
 H         -6.0752410715       -0.0911822510        0.3372826771
 H         -8.5212076028        0.1144674794        0.5608163797
 H         -9.9814451013       -1.8366465456        0.3230619903
 H         -9.0331710489       -4.0767912778       -0.1227337807
 H         -7.3729963102       -6.2159291559       -0.6047091685
 H         -5.4334748805       -7.6964852734       -1.0074549108
 H         -3.1612877263       -6.7872289852       -1.0842945694
 H         -2.7396001069       -4.3837870769       -0.7367074813
 H         -2.6933830288       -2.9494787458        1.2453013629
 H         -0.7244089771       -1.4758587963        1.3003052047
 H          2.5531645290        1.0296975568        1.5506933746
 H          4.5003592338       -0.4734402076        1.5869943397
 H          2.7088149135       -4.4325061230        0.3937555574
 H          3.1219120120       -6.8560952732        0.5766002868
 H          5.3953340704       -7.7611510664        0.4896703438
 H          7.3440166809       -6.2589819172        0.2415946666
 H          9.0156291058       -4.0920169948       -0.0472453870
 H          9.9729322509       -1.8265820708       -0.3059942858
 H          8.5181663252        0.1389999896       -0.4309924258
 H          6.0672793096       -0.0792719272       -0.2774224759
 H          2.7174969442       -2.8444537941       -1.4871817605
 H          0.7513517351       -1.3645085149       -1.4787839456
 H         -1.5709768298        0.9202554199        2.5353107128
 H         -1.6239620714        2.2554381798        4.5900410818
 H         -0.0414367932        6.3570420767        4.1984576601
