 
        ______________________________________
       |                                      |
       |          ===================         |
       |             xTB for sTDA             |
       |          ===================         |
       |               S. Grimme              |
       |        Universitaet Bonn, MCTC       |
       |         2015-19, Version 1.0         |
       |     Wed Apr  3 09:14:55 CEST 2019    |
       |______________________________________|
 
        This code comes without any warranty
        for non-commercial, academia use only.
        Preliminary test version.
        Cite this work as:
        S. Grimme  &  C. Bannwarth, JCP 145 (2016) 054103
        if GBSA is used additionally:
        P. Shushkov, F. März, C. Bannwarth, S. Grimme, unpublished.
 
        with help from
        P. Shushkov, G. Brandenburg, S. Dohm, J. Pisarek,
        F. März, M. Checinski, S. Ehrlich, S. Spicher, 
        P. Pracht, E. Caldeweyher, S. Ehlert, and C. Bannwarth.
 
        usage        :
        xtb4stda <coord_file> [options]
        where <coord_file> is a valid file of TM)
        (*coord, Bohr) or xmol (*xyz, Angstroem)
        format.

        options:
        -chrg <int>   : molecular charge
        -uhf  <int>   : # of unpaired electrons(=2*S)
        -nox          : skip second, extended part in sTDA-xTB
        -pop          : do population analysis
                      : (default for -nox)
        -mowr <real>  : cut MO write above (def.3 Eh)
        -molden       : write formatted molden file
        -parx <file>  : read parameters for sTDA-xTB
                        calc (def:~/.param_stda2.xtb)
        -parv <file>  : read parameters for vTB part in
                        sTDA-xTB (def: ~/.param_stda1.xtb)
        -xtemp <real> : el. temp for xTB (def. 0 K)
        -etemp <real> : el. temp for GFN (def. 300 K)
        -fod          : calculate the FOD and write
                        molden.input file with
                        appropriate occupations
                        for plotting. Def. T=12500 K
 
        -acc <real>   : xTB accuracy (def. 1.0)
        -gbsa [string1] [string2]
                        use GBSA implicit solvent
                        for solvent [string1] and
                        solvation state [string2]=
                        reference, bar1M (default=1M)
        additional GFN/opt/MD/siman options read from
        $XTB4STDAHOME/.xtb4stdarc or $set in input
 
       spin and charge state information can be on:
       <.CHRG> (charge) and <.UHF> (=nalpha-nbeta)
       -uhf and -chrg override the file info.
       useful machine settings:
       setenv MKL_NUM_THREADS <NCORE_ON_YOUR_MACHINE>
       setenv OMP_STACKSIZE 500m
       limit stacksize unlimited
 
       total energies in Eh, gaps/HL energies in eV
       please read REVISION and HOWTO files carefully
 =============================
  # OMP threads =          48
 =============================
 
 xtb4stdahome directory:/home/penavora/Exe_xtb_crest/
 
 argument            1 :--gbsa
 argument            2 :toluene
 
 name of molecule           :
 comment line               :
 number of atoms            :   115
 number of electrons        :   334
 charge                     :  0
 spin                       : 0.0
 first test random number   :  0.5263
 
 -----------------------------------------
      charge density (VTB) calculation
 -----------------------------------------
 
      method parameters     
 k(s)        :  1.8000
 k(p)        :  2.8350
 k(d)        :  2.0860
 k(f)        :  2.0000
 Tscal       :  0.3300
 Gscal       :  0.3910
 fpol        :  1.0000
 Zcnf        :  0.6500
 Zqf         :  0.0000
 kcn         :  0.3000
 kEN1        : -0.5900
 wllscal     :  2.6000
 
 Solvent             : toluene
 GBSA parameter file : /home/penavora/Exe_xtb_crest/.param_gbsa_toluene
 Gsolv ref. state (COSMO-RS): gsolv [1 M gas/solution]
 temperature (mdtemp)       :    298.150000000000     
 dielectric constant        :    7.00000000000000     
 rho                        :   0.867000000000000     
 mass                       :    92.1400000000000     
 surface tension            :    15.5689470637553     
 probe radius               :   0.641644990000000     
 vdW radii scaling          :    1.00000000000000     
 Gshift (Eh)                :   4.228772547061559E-003
 c1                         :    1.59772343000000     
 soset                      :   0.281999450000000     
 HB correction              :  F
 
 doing EN charges ...
 sum q :  0.9992007D-15
 point charge moment (au)
     X       Y       Z   
   0.7361   0.0901   0.0403  total (Debye):    1.888
 
            Z      q(EN)   CN      Cart. coordinates
     1  O   6.0  -0.177   1.021   -21.22274    -3.58291     2.20255
     2  P   5.0   0.257   4.852   -18.77718    -3.67094     0.86321
     3  C   4.0  -0.021   3.171   -17.77788    -6.85820     0.06374
     4  C   4.0  -0.083   3.301   -19.31512    -8.84153     0.82739
     5  C   4.0  -0.070   3.144   -18.62397   -11.30887     0.30143
     6  C   4.0  -0.074   3.146   -16.39247   -11.78998    -0.98086
     7  C   4.0  -0.071   3.146   -14.85293    -9.80874    -1.73984
     8  C   4.0  -0.081   3.264   -15.53664    -7.34081    -1.21977
     9  C   4.0  -0.020   3.174   -18.76914    -1.81196    -2.03750
    10  C   4.0  -0.082   3.308   -18.80632     0.79974    -1.78041
    11  C   4.0  -0.070   3.145   -18.87882     2.32166    -3.90289
    12  C   4.0  -0.074   3.146   -18.92987     1.23249    -6.28529
    13  C   4.0  -0.071   3.147   -18.92689    -1.37249    -6.54097
    14  C   4.0  -0.080   3.259   -18.84994    -2.90120    -4.41825
    15  C   4.0  -0.009   3.164   -16.22313    -2.34591     2.74566
    16  C   4.0  -0.082   3.294   -16.51387    -2.15252     5.34628
    17  C   4.0  -0.070   3.145   -14.63227    -1.12943     6.86849
    18  C   4.0  -0.068   3.152   -12.39733    -0.24665     5.84009
    19  C   4.0   0.002   3.338   -12.06346    -0.40819     3.24096
    20  C   4.0   0.048   3.612   -13.97424    -1.47290     1.72437
    21  O   6.0  -0.153   2.129   -13.33405    -1.47985    -0.76065
    22  C   4.0   0.053   3.500   -10.99749    -0.38967    -0.90383
    23  C   4.0  -0.061   3.136    -9.60064     0.02443    -3.07312
    24  C   4.0  -0.074   3.198    -7.26392     1.15714    -2.79319
    25  C   4.0  -0.004   3.223    -6.32011     1.87559    -0.42517
    26  C   4.0  -0.005   3.224    -3.82562     3.09154    -0.23696
    27  C   4.0  -0.072   3.188    -1.78453     2.22463    -1.65518
    28  C   4.0  -0.071   3.191     0.55373     3.36847    -1.47007
    29  C   4.0   0.006   3.270     0.92818     5.41359     0.13804
    30  C   4.0  -0.055   4.295     3.46428     6.74210     0.22059
    31  C   4.0   0.006   3.270     5.67192     4.92472     0.05029
    32  C   4.0  -0.071   3.187     7.86625     5.57167    -1.23725
    33  C   4.0  -0.073   3.189     9.91268     3.95042    -1.28478
    34  C   4.0  -0.005   3.222     9.83872     1.64327    -0.02098
    35  C   4.0  -0.005   3.221    12.01902    -0.07626    -0.06665
    36  C   4.0  -0.073   3.188    12.76946    -1.36047     2.10733
    37  C   4.0  -0.068   3.183    14.83019    -2.95992     2.07667
    38  C   4.0   0.089   3.242    16.17537    -3.33892    -0.15208
    39  N   5.0  -0.323   3.313    18.26207    -4.97573    -0.19495
    40  C   4.0   0.089   3.469    18.28970    -7.43639     0.67056
    41  C   4.0  -0.063   3.154    16.34059    -8.87705     1.67406
    42  C   4.0  -0.073   3.151    16.87027   -11.34137     2.35611
    43  C   4.0  -0.073   3.145    19.27382   -12.37033     2.03796
    44  C   4.0  -0.067   3.152    21.20941   -10.96076     1.00112
    45  C   4.0  -0.000   3.373    20.72366    -8.47762     0.30085
    46  C   4.0  -0.000   3.373    22.23095    -6.52727    -0.83539
    47  C   4.0  -0.067   3.152    24.73914    -6.39492    -1.59951
    48  C   4.0  -0.073   3.145    25.62366    -4.15715    -2.60859
    49  C   4.0  -0.073   3.151    24.04851    -2.05827    -2.83508
    50  C   4.0  -0.063   3.154    21.54754    -2.14331    -2.08912
    51  C   4.0   0.089   3.469    20.63507    -4.40086    -1.11310
    52  C   4.0  -0.068   3.183    15.43082    -2.07929    -2.33835
    53  C   4.0  -0.073   3.188    13.38725    -0.45861    -2.28490
    54  C   4.0  -0.072   3.188     7.64537     1.01215     1.29152
    55  C   4.0  -0.071   3.192     5.59668     2.62758     1.32596
    56  C   4.0  -0.000   3.422     3.46135     8.74257    -1.83536
    57  C   4.0  -0.067   3.162     3.13969     8.43774    -4.40298
    58  C   4.0  -0.073   3.149     3.17094    10.56570    -5.93854
    59  C   4.0  -0.073   3.147     3.50924    12.95498    -4.91604
    60  C   4.0  -0.069   3.158     3.81833    13.27495    -2.33533
    61  C   4.0  -0.004   3.339     3.78820    11.15788    -0.79508
    62  C   4.0  -0.004   3.339     4.04797    10.91038     1.92968
    63  C   4.0  -0.069   3.158     4.42687    12.71640     3.78716
    64  C   4.0  -0.073   3.147     4.60220    11.93538     6.28067
    65  C   4.0  -0.073   3.149     4.41235     9.39727     6.90610
    66  C   4.0  -0.067   3.162     4.03444     7.57984     5.05107
    67  C   4.0  -0.000   3.423     3.84303     8.34671     2.56829
    68  C   4.0  -0.071   3.188    -1.11098     6.30025     1.53336
    69  C   4.0  -0.072   3.189    -3.44811     5.14825     1.36022
    70  C   4.0  -0.069   3.196    -7.74911     1.45102     1.73759
    71  C   4.0   0.002   3.336   -10.09669     0.31078     1.49973
    72  H   1.0   0.077   1.009   -21.04586    -8.40955     1.82406
    73  H   1.0   0.074   1.004   -19.82330   -12.85158     0.89147
    74  H   1.0   0.074   1.004   -15.84977   -13.71398    -1.39269
    75  H   1.0   0.074   1.004   -13.11542   -10.19127    -2.74101
    76  H   1.0   0.077   1.009   -14.35907    -5.78442    -1.81482
    77  H   1.0   0.076   1.009   -18.77542     1.61408     0.09747
    78  H   1.0   0.074   1.004   -18.89300     4.35326    -3.70209
    79  H   1.0   0.074   1.004   -18.98058     2.41951    -7.94500
    80  H   1.0   0.074   1.004   -18.98310    -2.21905    -8.39779
    81  H   1.0   0.076   1.008   -18.84683    -4.93612    -4.60349
    82  H   1.0   0.077   1.009   -18.27243    -2.80230     6.15726
    83  H   1.0   0.074   1.004   -14.93516    -1.01525     8.88280
    84  H   1.0   0.075   1.004   -10.94443     0.56068     7.02076
    85  H   1.0   0.075   1.004   -10.32470    -0.50852    -4.90219
    86  H   1.0   0.076   1.006    -6.14334     1.53773    -4.45453
    87  H   1.0   0.075   1.005    -2.02186     0.61357    -2.88636
    88  H   1.0   0.076   1.006     2.11430     2.64890    -2.57272
    89  H   1.0   0.076   1.007     7.97974     7.36086    -2.21386
    90  H   1.0   0.075   1.005    11.60782     4.50281    -2.27945
    91  H   1.0   0.075   1.005    11.76013    -1.05770     3.85520
    92  H   1.0   0.075   1.005    15.42755    -3.90422     3.78465
    93  H   1.0   0.075   1.005    14.46467    -8.10744     1.89937
    94  H   1.0   0.074   1.004    15.38610   -12.49918     3.14717
    95  H   1.0   0.074   1.004    19.61389   -14.30320     2.59997
    96  H   1.0   0.074   1.004    23.06425   -11.76734     0.72863
    97  H   1.0   0.074   1.004    25.96818    -8.01154    -1.39672
    98  H   1.0   0.074   1.004    27.56749    -4.01612    -3.21622
    99  H   1.0   0.074   1.004    24.80201    -0.32396    -3.60543
   100  H   1.0   0.075   1.005    20.35151    -0.49763    -2.24330
   101  H   1.0   0.075   1.005    16.44662    -2.40010    -4.07932
   102  H   1.0   0.075   1.005    12.80943     0.48554    -3.99971
   103  H   1.0   0.075   1.005     7.53040    -0.77978     2.26322
   104  H   1.0   0.076   1.006     3.90788     2.08672     2.33809
   105  H   1.0   0.075   1.005     2.87469     6.58398    -5.21371
   106  H   1.0   0.074   1.004     2.92829    10.35608    -7.95495
   107  H   1.0   0.074   1.004     3.52812    14.58470    -6.14642
   108  H   1.0   0.074   1.004     4.07470    15.13826    -1.54289
   109  H   1.0   0.074   1.004     4.58150    14.69345     3.30443
   110  H   1.0   0.074   1.004     4.89498    13.31739     7.75532
   111  H   1.0   0.074   1.004     4.55829     8.82614     8.86098
   112  H   1.0   0.075   1.005     3.88719     5.60755     5.55347
   113  H   1.0   0.076   1.007    -0.87233     7.90905     2.76736
   114  H   1.0   0.075   1.005    -5.01288     5.88288     2.44617
   115  H   1.0   0.076   1.005    -7.03384     1.96780     3.57550
 
  Z AO/shell   Hii/eV     exponent
  1     Sat Feb 20 21:38:01 CET 2016    EN: 2.327 GAM: 0.473  GM3: 0.0000
     1s    -13.751157    1.051071
  6     Sat Feb 20 21:38:01 CET 2016    EN: 2.731 GAM: 0.422  GM3: 0.0000
     2s    -19.378245    2.021003
     2p    -11.993376    1.497917
  7     Sat Feb 20 21:38:01 CET 2016    EN: 3.573 GAM: 0.504  GM3: 0.0000
     2s    -21.576984    2.275442
     2p    -16.125120    2.056788
  8     Sat Feb 20 21:38:01 CET 2016    EN: 3.700 GAM: 0.587  GM3: 0.0000
     2s    -21.648843    2.110798
     2p    -17.239740    2.329048
 15     Sat Feb 20 23:13:41 CET 2016    EN: 2.235 GAM: 0.347  GM3: 0.0000
     3s    -16.887204    2.722003
     3p    -14.235194    1.529152
     3d      0.824249    1.529152
 
 dipole moment of classical point charges (au)
     X       Y       Z   
   0.7361   0.0901   0.0403  total (Debye):    1.888

 
 Nbf   :          334
 T(el) :   300.0
 calculating S/T integrals ...
 cpu time for ints    3.13647800000000     
 Nao   :          333
 making H0...
 making H1...
 cpu time for H      0.583396000000000     
 solving ...
 cpu time for diag    1.20536000000000     
 
 gap (eV)           :   1.370
 Koopmans IP (eV)   :  13.211
 Eel (Eh)           :  -261.037209
 T,E(Fermi),NFOD :    300.000   -12.526  0.000000
 T,E(Fermi),NFOD :    300.000   -12.526  0.000000
 Nfod               :  0.0000
 Nfod/Nel           :  0.0000

          eigenvalues
 #    :         155        156        157        158        159        160        161        162
 occ. :        2.000      2.000      2.000      2.000      2.000      2.000      2.000      2.000
 eps  :       -15.466    -15.435    -15.423    -15.359    -15.351    -15.160    -14.926    -14.355
 #    :         163        164        165        166        167        168        169        170
 occ. :        2.000      2.000      2.000      2.000      2.000      0.000      0.000      0.000
 eps  :       -14.176    -14.008    -13.990    -13.791    -13.212    -11.842     -7.176     -7.080
 #    :         171        172        173        174        175        176        177        178
 occ. :        0.000      0.000      0.000      0.000      0.000      0.000      0.000      0.000
 eps  :        -6.837     -6.692     -6.626     -6.545     -6.450     -6.215     -5.855     -5.798
                            1  SCC done.
 making H1...
 cpu time for H       1.56556200000000     
 solving ...
 cpu time for diag    1.94105400000000     
 
 gap (eV)           :   1.280
 Koopmans IP (eV)   :  13.199
 Eel (Eh)           :  -261.046327
 T,E(Fermi),NFOD :    300.000   -12.560  0.000000
 T,E(Fermi),NFOD :    300.000   -12.560  0.000000
 Nfod               :  0.0000
 Nfod/Nel           :  0.0000

          eigenvalues
 #    :         155        156        157        158        159        160        161        162
 occ. :        2.000      2.000      2.000      2.000      2.000      2.000      2.000      2.000
 eps  :       -15.385    -15.353    -15.322    -15.214    -15.186    -15.166    -14.972    -14.390
 #    :         163        164        165        166        167        168        169        170
 occ. :        2.000      2.000      2.000      2.000      2.000      0.000      0.000      0.000
 eps  :       -14.245    -14.025    -13.950    -13.820    -13.201    -11.921     -7.253     -7.102
 #    :         171        172        173        174        175        176        177        178
 occ. :        0.000      0.000      0.000      0.000      0.000      0.000      0.000      0.000
 eps  :        -6.865     -6.784     -6.758     -6.566     -6.473     -6.360     -6.000     -5.893
                            2  SCC done.
 
 
 Mulliken/CM5 charges    n(s)   n(p)   n(d)   
    1 O  -0.5123 -0.5310   1.629  4.884  0.000
    2 P   0.3660  0.2477   1.378  3.003  0.253
    3 C  -0.0486 -0.0235   1.209  2.840  0.000
    4 C  -0.0422 -0.0914   1.142  2.900  0.000
    5 C  -0.0225 -0.0785   1.140  2.882  0.000
    6 C  -0.0170 -0.0733   1.137  2.879  0.000
    7 C  -0.0123 -0.0684   1.139  2.873  0.000
    8 C  -0.0327 -0.0833   1.143  2.890  0.000
    9 C  -0.0466 -0.0208   1.208  2.838  0.000
   10 C  -0.0412 -0.0901   1.144  2.898  0.000
   11 C  -0.0201 -0.0761   1.140  2.880  0.000
   12 C  -0.0182 -0.0745   1.138  2.881  0.000
   13 C  -0.0153 -0.0714   1.139  2.876  0.000
   14 C  -0.0347 -0.0849   1.142  2.892  0.000
   15 C  -0.0534 -0.0231   1.209  2.844  0.000
   16 C  -0.0484 -0.0977   1.141  2.907  0.000
   17 C  -0.0302 -0.0860   1.136  2.894  0.000
   18 C  -0.0183 -0.0713   1.138  2.880  0.000
   19 C  -0.0087 -0.0104   1.171  2.837  0.000
   20 C   0.0632  0.0900   1.172  2.765  0.000
   21 O  -0.1071 -0.1747   1.485  4.622  0.000
   22 C   0.0638  0.0846   1.167  2.769  0.000
   23 C  -0.0277 -0.0790   1.133  2.894  0.000
   24 C  -0.0341 -0.0874   1.139  2.895  0.000
   25 C  -0.0053 -0.0143   1.164  2.841  0.000
   26 C   0.0001 -0.0091   1.165  2.835  0.000
   27 C  -0.0357 -0.0894   1.141  2.895  0.000
   28 C  -0.0406 -0.0947   1.141  2.900  0.000
   29 C  -0.0006 -0.0097   1.188  2.813  0.000
   30 C   0.0224  0.0179   1.207  2.770  0.000
   31 C   0.0009 -0.0082   1.188  2.812  0.000
   32 C  -0.0419 -0.0950   1.140  2.902  0.000
   33 C  -0.0378 -0.0913   1.141  2.897  0.000
   34 C  -0.0007 -0.0099   1.165  2.836  0.000
   35 C  -0.0026 -0.0117   1.165  2.838  0.000
   36 C  -0.0324 -0.0858   1.140  2.893  0.000
   37 C  -0.0334 -0.0820   1.137  2.897  0.000
   38 C   0.0588  0.1142   1.171  2.770  0.000
   39 N  -0.0915 -0.3364   1.234  3.858  0.000
   40 C   0.0385  0.1017   1.183  2.779  0.000
   41 C  -0.0447 -0.0940   1.135  2.909  0.000
   42 C  -0.0413 -0.0973   1.136  2.906  0.000
   43 C  -0.0518 -0.1078   1.133  2.919  0.000
   44 C  -0.0428 -0.0955   1.139  2.904  0.000
   45 C  -0.0286 -0.0257   1.165  2.863  0.000
   46 C  -0.0285 -0.0256   1.165  2.863  0.000
   47 C  -0.0427 -0.0954   1.139  2.904  0.000
   48 C  -0.0519 -0.1080   1.133  2.919  0.000
   49 C  -0.0417 -0.0976   1.136  2.906  0.000
   50 C  -0.0450 -0.0942   1.135  2.910  0.000
   51 C   0.0385  0.1018   1.183  2.779  0.000
   52 C  -0.0334 -0.0820   1.137  2.897  0.000
   53 C  -0.0325 -0.0859   1.140  2.893  0.000
   54 C  -0.0366 -0.0903   1.141  2.895  0.000
   55 C  -0.0408 -0.0950   1.141  2.900  0.000
   56 C  -0.0119 -0.0177   1.196  2.816  0.000
   57 C  -0.0375 -0.0911   1.140  2.898  0.000
   58 C  -0.0359 -0.0921   1.137  2.899  0.000
   59 C  -0.0354 -0.0916   1.136  2.899  0.000
   60 C  -0.0390 -0.0922   1.139  2.900  0.000
   61 C  -0.0142 -0.0191   1.172  2.842  0.000
   62 C  -0.0140 -0.0189   1.172  2.842  0.000
   63 C  -0.0390 -0.0921   1.139  2.900  0.000
   64 C  -0.0355 -0.0917   1.136  2.900  0.000
   65 C  -0.0362 -0.0924   1.137  2.899  0.000
   66 C  -0.0377 -0.0913   1.140  2.898  0.000
   67 C  -0.0119 -0.0177   1.196  2.816  0.000
   68 C  -0.0419 -0.0951   1.140  2.902  0.000
   69 C  -0.0377 -0.0913   1.141  2.897  0.000
   70 C  -0.0319 -0.0821   1.141  2.891  0.000
   71 C  -0.0220 -0.0238   1.166  2.856  0.000
   72 H   0.0343  0.0963   0.966  0.000  0.000
   73 H   0.0469  0.1034   0.953  0.000  0.000
   74 H   0.0507  0.1072   0.949  0.000  0.000
   75 H   0.0523  0.1088   0.948  0.000  0.000
   76 H   0.0466  0.1111   0.953  0.000  0.000
   77 H   0.0375  0.0981   0.963  0.000  0.000
   78 H   0.0477  0.1042   0.952  0.000  0.000
   79 H   0.0505  0.1070   0.949  0.000  0.000
   80 H   0.0510  0.1074   0.949  0.000  0.000
   81 H   0.0439  0.1039   0.956  0.000  0.000
   82 H   0.0411  0.1025   0.959  0.000  0.000
   83 H   0.0525  0.1091   0.948  0.000  0.000
   84 H   0.0578  0.1150   0.942  0.000  0.000
   85 H   0.0467  0.1052   0.953  0.000  0.000
   86 H   0.0478  0.1063   0.952  0.000  0.000
   87 H   0.0415  0.0997   0.958  0.000  0.000
   88 H   0.0400  0.0998   0.960  0.000  0.000
   89 H   0.0371  0.0973   0.963  0.000  0.000
   90 H   0.0393  0.0975   0.961  0.000  0.000
   91 H   0.0442  0.1025   0.956  0.000  0.000
   92 H   0.0406  0.1014   0.959  0.000  0.000
   93 H   0.0415  0.1014   0.959  0.000  0.000
   94 H   0.0453  0.1018   0.955  0.000  0.000
   95 H   0.0412  0.0977   0.959  0.000  0.000
   96 H   0.0413  0.0984   0.959  0.000  0.000
   97 H   0.0414  0.0985   0.959  0.000  0.000
   98 H   0.0412  0.0977   0.959  0.000  0.000
   99 H   0.0451  0.1017   0.955  0.000  0.000
  100 H   0.0412  0.1011   0.959  0.000  0.000
  101 H   0.0405  0.1014   0.959  0.000  0.000
  102 H   0.0442  0.1024   0.956  0.000  0.000
  103 H   0.0407  0.0989   0.959  0.000  0.000
  104 H   0.0397  0.0996   0.960  0.000  0.000
  105 H   0.0393  0.0976   0.961  0.000  0.000
  106 H   0.0427  0.0992   0.957  0.000  0.000
  107 H   0.0426  0.0991   0.957  0.000  0.000
  108 H   0.0398  0.0970   0.960  0.000  0.000
  109 H   0.0398  0.0970   0.960  0.000  0.000
  110 H   0.0425  0.0990   0.957  0.000  0.000
  111 H   0.0426  0.0991   0.957  0.000  0.000
  112 H   0.0393  0.0976   0.961  0.000  0.000
  113 H   0.0374  0.0976   0.963  0.000  0.000
  114 H   0.0397  0.0979   0.960  0.000  0.000
  115 H   0.0466  0.1054   0.953  0.000  0.000
 Hirshfeld charges for QMDFF written to <charges>
 
 Loewdin charges    n(s)   n(p)   n(d)
    1 O  -0.4268   1.576  4.850  0.000
    2 P   0.1805   1.365  3.019  0.435
    3 C  -0.0084   1.155  2.853  0.000
    4 C  -0.0360   1.089  2.947  0.000
    5 C  -0.0144   1.085  2.929  0.000
    6 C  -0.0092   1.083  2.927  0.000
    7 C  -0.0042   1.084  2.920  0.000
    8 C  -0.0264   1.089  2.937  0.000
    9 C  -0.0074   1.155  2.852  0.000
   10 C  -0.0346   1.091  2.944  0.000
   11 C  -0.0122   1.085  2.927  0.000
   12 C  -0.0103   1.083  2.928  0.000
   13 C  -0.0072   1.084  2.923  0.000
   14 C  -0.0285   1.089  2.939  0.000
   15 C  -0.0205   1.158  2.862  0.000
   16 C  -0.0412   1.088  2.953  0.000
   17 C  -0.0230   1.082  2.941  0.000
   18 C  -0.0123   1.084  2.928  0.000
   19 C  -0.0081   1.130  2.878  0.000
   20 C   0.0501   1.140  2.810  0.000
   21 O  -0.0657   1.444  4.621  0.000
   22 C   0.0523   1.133  2.814  0.000
   23 C  -0.0252   1.081  2.945  0.000
   24 C  -0.0286   1.086  2.943  0.000
   25 C  -0.0004   1.120  2.880  0.000
   26 C   0.0055   1.121  2.873  0.000
   27 C  -0.0308   1.088  2.943  0.000
   28 C  -0.0361   1.088  2.948  0.000
   29 C   0.0042   1.146  2.850  0.000
   30 C   0.0270   1.167  2.806  0.000
   31 C   0.0055   1.146  2.849  0.000
   32 C  -0.0376   1.087  2.951  0.000
   33 C  -0.0328   1.088  2.945  0.000
   34 C   0.0045   1.121  2.874  0.000
   35 C   0.0021   1.121  2.877  0.000
   36 C  -0.0269   1.086  2.941  0.000
   37 C  -0.0305   1.084  2.946  0.000
   38 C   0.0557   1.134  2.811  0.000
   39 N  -0.0495   1.191  3.858  0.000
   40 C   0.0321   1.148  2.820  0.000
   41 C  -0.0424   1.083  2.959  0.000
   42 C  -0.0326   1.081  2.952  0.000
   43 C  -0.0455   1.078  2.967  0.000
   44 C  -0.0365   1.085  2.951  0.000
   45 C  -0.0287   1.124  2.905  0.000
   46 C  -0.0285   1.124  2.904  0.000
   47 C  -0.0365   1.085  2.951  0.000
   48 C  -0.0456   1.078  2.967  0.000
   49 C  -0.0330   1.081  2.952  0.000
   50 C  -0.0427   1.083  2.960  0.000
   51 C   0.0321   1.148  2.820  0.000
   52 C  -0.0305   1.084  2.946  0.000
   53 C  -0.0269   1.086  2.941  0.000
   54 C  -0.0316   1.088  2.944  0.000
   55 C  -0.0363   1.088  2.949  0.000
   56 C  -0.0098   1.156  2.854  0.000
   57 C  -0.0327   1.086  2.946  0.000
   58 C  -0.0280   1.083  2.945  0.000
   59 C  -0.0276   1.081  2.946  0.000
   60 C  -0.0339   1.086  2.948  0.000
   61 C  -0.0114   1.130  2.882  0.000
   62 C  -0.0112   1.130  2.882  0.000
   63 C  -0.0338   1.086  2.948  0.000
   64 C  -0.0277   1.081  2.946  0.000
   65 C  -0.0283   1.083  2.946  0.000
   66 C  -0.0329   1.086  2.946  0.000
   67 C  -0.0098   1.156  2.854  0.000
   68 C  -0.0377   1.087  2.951  0.000
   69 C  -0.0329   1.088  2.945  0.000
   70 C  -0.0294   1.089  2.941  0.000
   71 C  -0.0216   1.124  2.897  0.000
   72 H   0.0275   0.972  0.000  0.000
   73 H   0.0380   0.962  0.000  0.000
   74 H   0.0415   0.958  0.000  0.000
   75 H   0.0427   0.957  0.000  0.000
   76 H   0.0376   0.962  0.000  0.000
   77 H   0.0303   0.970  0.000  0.000
   78 H   0.0387   0.961  0.000  0.000
   79 H   0.0414   0.959  0.000  0.000
   80 H   0.0415   0.958  0.000  0.000
   81 H   0.0356   0.964  0.000  0.000
   82 H   0.0339   0.966  0.000  0.000
   83 H   0.0435   0.957  0.000  0.000
   84 H   0.0478   0.952  0.000  0.000
   85 H   0.0376   0.962  0.000  0.000
   86 H   0.0394   0.961  0.000  0.000
   87 H   0.0336   0.966  0.000  0.000
   88 H   0.0326   0.967  0.000  0.000
   89 H   0.0297   0.970  0.000  0.000
   90 H   0.0318   0.968  0.000  0.000
   91 H   0.0361   0.964  0.000  0.000
   92 H   0.0327   0.967  0.000  0.000
   93 H   0.0336   0.966  0.000  0.000
   94 H   0.0372   0.963  0.000  0.000
   95 H   0.0338   0.966  0.000  0.000
   96 H   0.0334   0.967  0.000  0.000
   97 H   0.0334   0.967  0.000  0.000
   98 H   0.0338   0.966  0.000  0.000
   99 H   0.0371   0.963  0.000  0.000
  100 H   0.0333   0.967  0.000  0.000
  101 H   0.0327   0.967  0.000  0.000
  102 H   0.0361   0.964  0.000  0.000
  103 H   0.0330   0.967  0.000  0.000
  104 H   0.0324   0.968  0.000  0.000
  105 H   0.0316   0.968  0.000  0.000
  106 H   0.0347   0.965  0.000  0.000
  107 H   0.0347   0.965  0.000  0.000
  108 H   0.0319   0.968  0.000  0.000
  109 H   0.0320   0.968  0.000  0.000
  110 H   0.0346   0.965  0.000  0.000
  111 H   0.0346   0.965  0.000  0.000
  112 H   0.0316   0.968  0.000  0.000
  113 H   0.0300   0.970  0.000  0.000
  114 H   0.0321   0.968  0.000  0.000
  115 H   0.0379   0.962  0.000  0.000
 
 Wiberg/Mayer (AO) data. WBOs > 0.1 written file <wbo>
 largest (>0.05) Wiberg bond orders for each atom
           total WBO             WBO to atom ...
     1  O   1.935    P    2 1.624    C   15 0.077    C    3 0.075    C    9 0.074
     2  P   4.282    O    1 1.624    C    3 0.819    C   15 0.818    C    9 0.813
     3  C   3.927    C    4 1.415    C    8 1.406    P    2 0.819    C    6 0.110    O    1 0.075
     4  C   3.970    C    5 1.420    C    3 1.415    H   72 0.947    C    7 0.111
     5  C   3.969    C    6 1.433    C    4 1.420    H   73 0.943    C    8 0.111
     6  C   3.967    C    5 1.433    C    7 1.426    H   74 0.942    C    3 0.110
     7  C   3.970    C    8 1.427    C    6 1.426    H   75 0.942    C    4 0.111
     8  C   3.971    C    7 1.427    C    3 1.406    H   76 0.944    C    5 0.111
     9  C   3.930    C   14 1.418    C   10 1.410    P    2 0.813    C   12 0.110    O    1 0.074
    10  C   3.971    C   11 1.426    C    9 1.410    H   77 0.946    C   13 0.112
    11  C   3.966    C   12 1.427    C   10 1.426    H   78 0.943    C   14 0.111
    12  C   3.970    C   13 1.434    C   11 1.427    H   79 0.942    C    9 0.110
    13  C   3.970    C   12 1.434    C   14 1.417    H   80 0.942    C   10 0.112
    14  C   3.971    C    9 1.418    C   13 1.417    H   81 0.944    C   11 0.111
    15  C   3.923    C   16 1.417    C   20 1.370    P    2 0.818    C   18 0.099    O    1 0.077
    16  C   3.949    C   15 1.417    C   17 1.402    H   82 0.945    C   19 0.094
    17  C   3.966    C   18 1.449    C   16 1.402    H   83 0.939    C   20 0.093
    18  C   3.954    C   17 1.449    C   19 1.362    H   84 0.939    C   15 0.099
    19  C   3.948    C   18 1.362    C   20 1.258    C   71 1.070    C   16 0.094
    20  C   3.923    C   15 1.370    C   19 1.258    O   21 1.049    C   17 0.093
    21  O   2.354    C   20 1.049    C   22 1.033
    22  C   3.917    C   23 1.384    C   71 1.272    O   21 1.033    C   25 0.090
    23  C   3.967    C   24 1.454    C   22 1.384    H   85 0.944    C   70 0.098
    24  C   3.951    C   23 1.454    C   25 1.348    H   86 0.944    C   71 0.089
    25  C   3.953    C   70 1.395    C   24 1.348    C   26 1.001    C   22 0.090
    26  C   3.954    C   69 1.373    C   27 1.369    C   25 1.001    C   29 0.104
    27  C   3.968    C   28 1.448    C   26 1.369    H   87 0.944    C   68 0.104
    28  C   3.968    C   27 1.448    C   29 1.384    H   88 0.944    C   69 0.105
    29  C   3.940    C   68 1.392    C   28 1.384    C   30 0.924    C   26 0.104
    30  C   3.929    C   56 0.926    C   67 0.926    C   29 0.924    C   31 0.924
    31  C   3.940    C   32 1.392    C   55 1.384    C   30 0.924    C   34 0.104
    32  C   3.970    C   33 1.444    C   31 1.392    H   89 0.944    C   54 0.104
    33  C   3.970    C   32 1.444    C   34 1.372    H   90 0.945    C   55 0.105
    34  C   3.955    C   33 1.372    C   54 1.368    C   35 1.004    C   31 0.104
    35  C   3.954    C   36 1.369    C   53 1.369    C   34 1.004    C   38 0.102
    36  C   3.970    C   37 1.449    C   35 1.369    H   91 0.944    C   52 0.104
    37  C   3.968    C   36 1.449    C   38 1.379    H   92 0.945    C   53 0.104
    38  C   3.926    C   37 1.379    C   52 1.379    N   39 0.972    C   35 0.102
    39  N   3.452    C   51 1.060    C   40 1.060    C   38 0.972
    40  C   3.928    C   41 1.368    C   45 1.263    N   39 1.060    C   43 0.091
    41  C   3.968    C   42 1.453    C   40 1.368    H   93 0.944    C   44 0.102
    42  C   3.953    C   41 1.453    C   43 1.393    H   94 0.944    C   45 0.090
    43  C   3.969    C   44 1.461    C   42 1.393    H   95 0.945    C   40 0.091
    44  C   3.961    C   43 1.461    C   45 1.353    H   96 0.945    C   41 0.102
    45  C   3.955    C   44 1.353    C   40 1.263    C   46 1.089    C   42 0.090
    46  C   3.955    C   47 1.353    C   51 1.263    C   45 1.089    C   49 0.090
    47  C   3.961    C   48 1.461    C   46 1.353    H   97 0.945    C   50 0.102
    48  C   3.969    C   47 1.461    C   49 1.393    H   98 0.945    C   51 0.091
    49  C   3.953    C   50 1.454    C   48 1.393    H   99 0.945    C   46 0.090
    50  C   3.968    C   49 1.454    C   51 1.368    H  100 0.944    C   47 0.102
    51  C   3.928    C   50 1.368    C   46 1.263    N   39 1.060    C   48 0.091
    52  C   3.968    C   53 1.449    C   38 1.379    H  101 0.945    C   36 0.104
    53  C   3.970    C   52 1.449    C   35 1.369    H  102 0.944    C   37 0.104
    54  C   3.969    C   55 1.449    C   34 1.368    H  103 0.945    C   32 0.104
    55  C   3.969    C   54 1.449    C   31 1.384    H  104 0.944    C   33 0.105
    56  C   3.943    C   57 1.429    C   61 1.308    C   30 0.926    C   59 0.106
    57  C   3.971    C   56 1.429    C   58 1.411    H  105 0.945    C   60 0.101
    58  C   3.954    C   59 1.431    C   57 1.411    H  106 0.945    C   61 0.101
    59  C   3.971    C   60 1.432    C   58 1.431    H  107 0.945    C   56 0.106
    60  C   3.960    C   59 1.432    C   61 1.379    H  108 0.945    C   57 0.101
    61  C   3.956    C   60 1.379    C   56 1.308    C   62 1.037    C   58 0.101
    62  C   3.956    C   63 1.379    C   67 1.308    C   61 1.037    C   65 0.101
    63  C   3.960    C   64 1.432    C   62 1.379    H  109 0.945    C   66 0.101
    64  C   3.971    C   63 1.432    C   65 1.431    H  110 0.945    C   67 0.106
    65  C   3.954    C   64 1.431    C   66 1.411    H  111 0.945    C   62 0.101
    66  C   3.971    C   67 1.429    C   65 1.411    H  112 0.945    C   63 0.101
    67  C   3.942    C   66 1.429    C   62 1.308    C   30 0.926    C   64 0.106
    68  C   3.970    C   69 1.443    C   29 1.392    H  113 0.944    C   27 0.104
    69  C   3.969    C   68 1.443    C   26 1.373    H  114 0.945    C   28 0.105
    70  C   3.956    C   25 1.395    C   71 1.368    H  115 0.943    C   23 0.098
    71  C   3.952    C   70 1.368    C   22 1.272    C   19 1.070    C   24 0.089
    72  H   0.999    C    4 0.947
    73  H   0.995    C    5 0.943
    74  H   0.991    C    6 0.942
    75  H   0.994    C    7 0.942
    76  H   0.998    C    8 0.944
    77  H   0.999    C   10 0.946
    78  H   0.994    C   11 0.943
    79  H   0.990    C   12 0.942
    80  H   0.994    C   13 0.942
    81  H   0.998    C   14 0.944
    82  H   0.998    C   16 0.945
    83  H   0.993    C   17 0.939
    84  H   0.989    C   18 0.939
    85  H   0.995    C   23 0.944
    86  H   0.997    C   24 0.944
    87  H   0.997    C   27 0.944
    88  H   0.997    C   28 0.944
    89  H   0.997    C   32 0.944
    90  H   0.997    C   33 0.945
    91  H   0.997    C   36 0.944
    92  H   0.997    C   37 0.945
    93  H   0.997    C   41 0.944
    94  H   0.997    C   42 0.944
    95  H   0.997    C   43 0.945
    96  H   0.997    C   44 0.945
    97  H   0.997    C   47 0.945
    98  H   0.997    C   48 0.945
    99  H   0.997    C   49 0.945
   100  H   0.997    C   50 0.944
   101  H   0.997    C   52 0.945
   102  H   0.997    C   53 0.944
   103  H   0.997    C   54 0.945
   104  H   0.997    C   55 0.944
   105  H   0.997    C   57 0.945
   106  H   0.997    C   58 0.945
   107  H   0.994    C   59 0.945
   108  H   0.997    C   60 0.945
   109  H   0.997    C   63 0.945
   110  H   0.994    C   64 0.945
   111  H   0.997    C   65 0.945
   112  H   0.997    C   66 0.945
   113  H   0.997    C   68 0.944
   114  H   0.997    C   69 0.945
   115  H   0.998    C   70 0.943
 
 --------------------------------------------
          xTB calculation for sTDA...
 --------------------------------------------
 
 reading parameter file /home/penavora/Exe_xtb_crest/.param_stda2.xtb
 
      method parameters     
 k(s)        :  1.6000
 k(p)        :  2.1800
 k(d)        :  1.9500
 k(f)        :  2.0000
 k(R-V)      :  2.2750
 k(R-R)      :  1.7650
 Tscal       :  0.2580
 Gscal       :  1.0000
 fpol        :  1.0000
 Zcnf        :  0.3430
 Zqf         :  0.0000
 kcn         :  2.7000
 Ryd Hsplit  :  0.7000
 lshift(virt):  3.1000
 lshift(OS)  :  0.2000
 wllscaling  :  2.6000
 
 mowrcut     : 3.000
 
  Z AO/shell   Hii/eV     exponent
  1     Sun Feb 14 09:53:25 CET 2016    EN: 2.327 GAM: 0.473  GM3: 0.0000
     1s    -14.339618    1.220000
     2sp    -3.348946    0.600000
  6     Sun Feb 14 09:53:25 CET 2016    EN: 2.731 GAM: 0.422  GM3: 0.0000
     2s    -22.009312    1.565095
     2p    -13.020408    1.596905
     3sp    -3.914040    0.824500
  7     Sun Feb 14 09:53:25 CET 2016    EN: 3.573 GAM: 0.504  GM3: 0.0000
     2s    -25.722000    2.064844
     2p    -18.684912    1.801692
     3sp    -4.344791    0.921400
  8     Sun Feb 14 09:53:25 CET 2016    EN: 3.700 GAM: 0.587  GM3: 0.0000
     2s    -33.859000    2.418661
     2p    -22.175911    1.973969
     3sp    -4.259392    1.013700
 15     Sun Feb 21 16:40:31 CET 2016    EN: 2.235 GAM: 0.200  GM3: 0.0000
     3s    -20.712789    1.471896
     3p    -13.727605    1.794648
     4sp    -5.155360    0.764700
 
 Nbf   :          788
 T(el) :     0.0
 calculating S/T integrals ...
 cpu time for ints    6.29189000000000     
 Nao   :          788
 making H0...
 making H1...
 cpu time for H       1.93412900000000     
 solving ...
 cpu time for diag    2.07042300000000     
 
 gap (eV)           :   7.259
 Koopmans IP (eV)   :  14.115
 Eel (Eh)           :  -287.737235

          eigenvalues
 #    :         155        156        157        158        159        160        161        162
 occ. :        2.000      2.000      2.000      2.000      2.000      2.000      2.000      2.000
 eps  :       -16.173    -16.142    -16.098    -16.031    -15.937    -15.894    -15.776    -15.400
 #    :         163        164        165        166        167        168        169        170
 occ. :        2.000      2.000      2.000      2.000      2.000      0.000      0.000      0.000
 eps  :       -15.375    -15.086    -15.042    -14.961    -14.117     -6.857     -6.794     -6.671
 #    :         171        172        173        174        175        176        177        178
 occ. :        0.000      0.000      0.000      0.000      0.000      0.000      0.000      0.000
 eps  :        -6.504     -6.443     -6.028     -5.996     -5.918     -5.908     -5.873     -5.833
                            1  SCC done.
 writing mo output ...
 molden style : F
 
speedup 20.34
cpu  time for all   22.68 s
wall time for all    1.12 s
