 
        ______________________________________
       |                                      |
       |          ===================         |
       |             xTB for sTDA             |
       |          ===================         |
       |               S. Grimme              |
       |        Universitaet Bonn, MCTC       |
       |         2015-19, Version 1.0         |
       |     Wed Apr  3 09:14:55 CEST 2019    |
       |______________________________________|
 
        This code comes without any warranty
        for non-commercial, academia use only.
        Preliminary test version.
        Cite this work as:
        S. Grimme  &  C. Bannwarth, JCP 145 (2016) 054103
        if GBSA is used additionally:
        P. Shushkov, F. März, C. Bannwarth, S. Grimme, unpublished.
 
        with help from
        P. Shushkov, G. Brandenburg, S. Dohm, J. Pisarek,
        F. März, M. Checinski, S. Ehrlich, S. Spicher, 
        P. Pracht, E. Caldeweyher, S. Ehlert, and C. Bannwarth.
 
        usage        :
        xtb4stda <coord_file> [options]
        where <coord_file> is a valid file of TM)
        (*coord, Bohr) or xmol (*xyz, Angstroem)
        format.

        options:
        -chrg <int>   : molecular charge
        -uhf  <int>   : # of unpaired electrons(=2*S)
        -nox          : skip second, extended part in sTDA-xTB
        -pop          : do population analysis
                      : (default for -nox)
        -mowr <real>  : cut MO write above (def.3 Eh)
        -molden       : write formatted molden file
        -parx <file>  : read parameters for sTDA-xTB
                        calc (def:~/.param_stda2.xtb)
        -parv <file>  : read parameters for vTB part in
                        sTDA-xTB (def: ~/.param_stda1.xtb)
        -xtemp <real> : el. temp for xTB (def. 0 K)
        -etemp <real> : el. temp for GFN (def. 300 K)
        -fod          : calculate the FOD and write
                        molden.input file with
                        appropriate occupations
                        for plotting. Def. T=12500 K
 
        -acc <real>   : xTB accuracy (def. 1.0)
        -gbsa [string1] [string2]
                        use GBSA implicit solvent
                        for solvent [string1] and
                        solvation state [string2]=
                        reference, bar1M (default=1M)
        additional GFN/opt/MD/siman options read from
        $XTB4STDAHOME/.xtb4stdarc or $set in input
 
       spin and charge state information can be on:
       <.CHRG> (charge) and <.UHF> (=nalpha-nbeta)
       -uhf and -chrg override the file info.
       useful machine settings:
       setenv MKL_NUM_THREADS <NCORE_ON_YOUR_MACHINE>
       setenv OMP_STACKSIZE 500m
       limit stacksize unlimited
 
       total energies in Eh, gaps/HL energies in eV
       please read REVISION and HOWTO files carefully
 =============================
  # OMP threads =          48
 =============================
 
 xtb4stdahome directory:/home/penavora/Exe_xtb_crest/
 
 argument            1 :--gbsa
 argument            2 :toluene
 
 name of molecule           :
 comment line               :
 number of atoms            :   114
 number of electrons        :   290
 charge                     :  0
 spin                       : 0.0
 first test random number   :  0.9787
 
 -----------------------------------------
      charge density (VTB) calculation
 -----------------------------------------
 
      method parameters     
 k(s)        :  1.8000
 k(p)        :  2.8350
 k(d)        :  2.0860
 k(f)        :  2.0000
 Tscal       :  0.3300
 Gscal       :  0.3910
 fpol        :  1.0000
 Zcnf        :  0.6500
 Zqf         :  0.0000
 kcn         :  0.3000
 kEN1        : -0.5900
 wllscal     :  2.6000
 
 Solvent             : toluene
 GBSA parameter file : /home/penavora/Exe_xtb_crest/.param_gbsa_toluene
 Gsolv ref. state (COSMO-RS): gsolv [1 M gas/solution]
 temperature (mdtemp)       :    298.150000000000     
 dielectric constant        :    7.00000000000000     
 rho                        :   0.867000000000000     
 mass                       :    92.1400000000000     
 surface tension            :    15.5689470637553     
 probe radius               :   0.641644990000000     
 vdW radii scaling          :    1.00000000000000     
 Gshift (Eh)                :   4.228772547061559E-003
 c1                         :    1.59772343000000     
 soset                      :   0.281999450000000     
 HB correction              :  F
 
 doing EN charges ...
 sum q : -0.3330669D-15
 point charge moment (au)
     X       Y       Z   
   0.0004   0.0094   0.0227  total (Debye):    0.062
 
            Z      q(EN)   CN      Cart. coordinates
     1  C   4.0  -0.244   4.101    19.27423     6.80891     0.41486
     2  C   4.0  -0.023   4.076    16.56433     7.82638     0.46229
     3  C   4.0  -0.243   4.100    16.22844     9.59045    -1.81860
     4  C   4.0  -0.243   4.099    16.20998     9.32537     2.92271
     5  C   4.0   0.006   3.244    14.59334     5.73331     0.33133
     6  C   4.0  -0.073   3.200    12.02691     6.38991     0.35094
     7  C   4.0  -0.061   3.153    10.10933     4.62736     0.21565
     8  C   4.0   0.088   3.470    10.77090     2.09810     0.03616
     9  C   4.0   0.001   3.375    13.33853     1.38109     0.06637
    10  C   4.0  -0.067   3.194    15.22957     3.19718     0.20546
    11  C   4.0   0.001   3.375    13.38113    -1.33239    -0.04259
    12  C   4.0  -0.067   3.194    15.32940    -3.09158    -0.09010
    13  C   4.0   0.006   3.244    14.77478    -5.64591    -0.23337
    14  C   4.0  -0.023   4.076    16.81070    -7.67987    -0.25864
    15  C   4.0  -0.244   4.102    19.48421    -6.58161    -0.09366
    16  C   4.0  -0.243   4.099    16.61564    -9.20497    -2.72071
    17  C   4.0  -0.243   4.100    16.42126    -9.43746     2.01890
    18  C   4.0  -0.073   3.200    12.23242    -6.37854    -0.36776
    19  C   4.0  -0.061   3.153    10.25931    -4.67360    -0.32424
    20  C   4.0   0.088   3.470    10.83693    -2.12545    -0.12318
    21  N   5.0  -0.323   3.314     9.27057    -0.03661    -0.07840
    22  C   4.0   0.093   3.231     6.62220    -0.07062    -0.10904
    23  C   4.0  -0.068   3.220     5.31218    -1.64003     1.54299
    24  C   4.0  -0.002   3.243     2.68011    -1.69496     1.54343
    25  C   4.0  -0.071   3.165     1.27892    -3.28622     3.21170
    26  C   4.0  -0.071   3.165    -1.27785    -3.28616     3.21178
    27  C   4.0  -0.002   3.243    -2.67908    -1.69536     1.54309
    28  C   4.0  -0.068   3.220    -5.31110    -1.64007     1.54321
    29  C   4.0   0.093   3.231    -6.62174    -0.07462    -0.11230
    30  N   5.0  -0.323   3.314    -9.26983    -0.04061    -0.08120
    31  C   4.0   0.088   3.470   -10.83638    -2.13001    -0.10230
    32  C   4.0  -0.061   3.153   -10.25997    -4.67994    -0.28373
    33  C   4.0  -0.073   3.200   -12.23327    -6.38514    -0.30315
    34  C   4.0   0.006   3.244   -14.77499    -5.65133    -0.16382
    35  C   4.0  -0.023   4.076   -16.81105    -7.68524    -0.15998
    36  C   4.0  -0.243   4.099   -16.63141    -9.22893    -2.61159
    37  C   4.0  -0.244   4.100   -16.40741    -9.42536     2.12848
    38  C   4.0  -0.244   4.102   -19.48329    -6.58526     0.01389
    39  C   4.0  -0.067   3.194   -15.32891    -3.09567    -0.04389
    40  C   4.0   0.001   3.375   -13.38035    -1.33634    -0.02139
    41  C   4.0   0.001   3.375   -13.33782     1.37808     0.06020
    42  C   4.0  -0.067   3.194   -15.22929     3.19485     0.18332
    43  C   4.0   0.006   3.244   -14.59374     5.73237     0.28069
    44  C   4.0  -0.023   4.076   -16.56500     7.82652     0.38654
    45  C   4.0  -0.243   4.099   -16.20592     9.36110     2.82413
    46  C   4.0  -0.243   4.100   -16.23391     9.55700    -1.92067
    47  C   4.0  -0.244   4.101   -19.27468     6.80781     0.35968
    48  C   4.0  -0.073   3.200   -12.02747     6.38961     0.29151
    49  C   4.0  -0.061   3.153   -10.10959     4.62622     0.17227
    50  C   4.0   0.088   3.470   -10.77038     2.09512     0.01739
    51  C   4.0  -0.068   3.220    -5.31147     1.46661    -1.79059
    52  C   4.0  -0.002   3.243    -2.67909     1.49319    -1.81801
    53  C   4.0  -0.071   3.165    -1.27815     3.07301    -3.49725
    54  C   4.0  -0.071   3.165     1.27863     3.07550    -3.49504
    55  C   4.0  -0.002   3.243     2.67979     1.49714    -1.81461
    56  C   4.0  -0.068   3.220     5.31218     1.47399    -1.78423
    57  C   4.0  -0.005   3.344     1.33602    -0.10261    -0.13902
    58  C   4.0  -0.005   3.344    -1.33502    -0.10368    -0.13995
    59  H   1.0   0.082   0.999    19.64148     5.76273    -1.31613
    60  H   1.0   0.082   0.999    19.63554     5.59006     2.03020
    61  H   1.0   0.082   0.999    20.59702     8.38173     0.49853
    62  H   1.0   0.082   0.999    16.44160     8.53388    -3.57055
    63  H   1.0   0.083   0.999    14.37310    10.47029    -1.82026
    64  H   1.0   0.082   0.999    17.64594    11.07982    -1.77761
    65  H   1.0   0.082   0.999    17.62764    10.80898     3.05871
    66  H   1.0   0.083   0.999    14.35473    10.20127     3.00809
    67  H   1.0   0.082   0.999    16.40935     8.08162     4.54895
    68  H   1.0   0.076   1.006    11.49927     8.35629     0.48289
    69  H   1.0   0.075   1.005     8.15581     5.21557     0.27180
    70  H   1.0   0.077   1.007    17.17026     2.58236     0.21975
    71  H   1.0   0.077   1.007    17.24964    -2.41911    -0.01866
    72  H   1.0   0.082   0.999    20.85529    -8.11478    -0.10395
    73  H   1.0   0.082   0.999    19.88463    -5.36243    -1.69951
    74  H   1.0   0.082   0.999    19.73902    -5.51452     1.64471
    75  H   1.0   0.082   0.999    18.08720   -10.64025    -2.78281
    76  H   1.0   0.083   0.999    14.79646   -10.14375    -2.88084
    77  H   1.0   0.082   0.999    16.84471    -7.96488    -4.34577
    78  H   1.0   0.082   0.999    16.52088    -8.36239     3.76976
    79  H   1.0   0.082   0.999    17.88260   -10.88391     2.05660
    80  H   1.0   0.083   0.999    14.59456   -10.37205     1.94179
    81  H   1.0   0.076   1.006    11.76980    -8.36002    -0.51641
    82  H   1.0   0.075   1.005     8.32828    -5.31934    -0.46402
    83  H   1.0   0.076   1.006     6.34733    -2.80522     2.86094
    84  H   1.0   0.074   1.005     2.32147    -4.49601     4.48510
    85  H   1.0   0.074   1.005    -2.32034    -4.49582     4.48536
    86  H   1.0   0.076   1.006    -6.34562    -2.80204     2.86441
    87  H   1.0   0.075   1.005    -8.32980    -5.32751    -0.42638
    88  H   1.0   0.076   1.006   -11.77129    -8.36787    -0.43632
    89  H   1.0   0.083   0.999   -14.81471   -10.17220    -2.77379
    90  H   1.0   0.082   0.999   -16.86626    -8.00033    -4.24455
    91  H   1.0   0.082   0.999   -18.10591   -10.66184    -2.65564
    92  H   1.0   0.083   0.999   -14.58286   -10.36360     2.04542
    93  H   1.0   0.082   0.999   -16.49243    -8.33631     3.87145
    94  H   1.0   0.082   0.999   -17.87066   -10.86913     2.18844
    95  H   1.0   0.082   0.999   -20.85451    -8.11827     0.02772
    96  H   1.0   0.082   0.999   -19.89529    -5.38109    -1.60030
    97  H   1.0   0.082   0.999   -19.72535    -5.50198     1.74406
    98  H   1.0   0.077   1.007   -17.24878    -2.42222     0.02838
    99  H   1.0   0.077   1.007   -17.16974     2.57951     0.20683
   100  H   1.0   0.082   0.999   -16.39499     8.13949     4.46825
   101  H   1.0   0.083   0.999   -14.35327    10.24407     2.89010
   102  H   1.0   0.082   0.999   -17.62769    10.84208     2.94482
   103  H   1.0   0.082   0.999   -17.65078    11.04738    -1.89830
   104  H   1.0   0.082   0.999   -16.45132     8.47495    -3.65648
   105  H   1.0   0.083   0.999   -14.37814    10.43577    -1.93940
   106  H   1.0   0.082   0.999   -19.64587     5.73758    -1.35567
   107  H   1.0   0.082   0.999   -20.59772     8.38130     0.42449
   108  H   1.0   0.082   0.999   -19.63168     5.61145     1.99268
   109  H   1.0   0.076   1.006   -11.50004     8.35736     0.40253
   110  H   1.0   0.075   1.005    -8.15642     5.21606     0.22119
   111  H   1.0   0.076   1.006    -6.34720     2.64059    -3.10018
   112  H   1.0   0.074   1.005    -2.32077     4.27745    -4.77566
   113  H   1.0   0.074   1.005     2.32116     4.28197    -4.77160
   114  H   1.0   0.076   1.006     6.34836     2.65260    -3.08942
 
  Z AO/shell   Hii/eV     exponent
  1     Sat Feb 20 21:38:01 CET 2016    EN: 2.327 GAM: 0.473  GM3: 0.0000
     1s    -13.751157    1.051071
  6     Sat Feb 20 21:38:01 CET 2016    EN: 2.731 GAM: 0.422  GM3: 0.0000
     2s    -19.378245    2.021003
     2p    -11.993376    1.497917
  7     Sat Feb 20 21:38:01 CET 2016    EN: 3.573 GAM: 0.504  GM3: 0.0000
     2s    -21.576984    2.275442
     2p    -16.125120    2.056788
 
 dipole moment of classical point charges (au)
     X       Y       Z   
   0.0004   0.0094   0.0227  total (Debye):    0.062

 
 Nbf   :          288
 T(el) :   300.0
 calculating S/T integrals ...
 cpu time for ints    2.09604800000000     
 Nao   :          288
 making H0...
 making H1...
 cpu time for H      0.460351000000000     
 solving ...
 cpu time for diag    1.27510100000000     
 
 gap (eV)           :   4.711
 Koopmans IP (eV)   :  12.977
 Eel (Eh)           :  -223.594119
 T,E(Fermi),NFOD :    300.000   -10.622  0.000000
 T,E(Fermi),NFOD :    300.000   -10.622  0.000000
 Nfod               :  0.0000
 Nfod/Nel           :  0.0000

          eigenvalues
 #    :         133        134        135        136        137        138        139        140
 occ. :        2.000      2.000      2.000      2.000      2.000      2.000      2.000      2.000
 eps  :       -16.304    -16.295    -16.166    -16.032    -15.386    -15.242    -15.240    -14.574
 #    :         141        142        143        144        145        146        147        148
 occ. :        2.000      2.000      2.000      2.000      2.000      0.000      0.000      0.000
 eps  :       -13.825    -13.824    -13.309    -13.240    -12.978     -8.267     -6.948     -6.805
 #    :         149        150        151        152        153        154        155        156
 occ. :        0.000      0.000      0.000      0.000      0.000      0.000      0.000      0.000
 eps  :        -6.718     -6.710     -6.688     -6.300     -6.211     -6.160     -5.607     -5.439
                            1  SCC done.
 making H1...
 cpu time for H       1.53046200000000     
 solving ...
 cpu time for diag   0.498858999999999     
 
 gap (eV)           :   4.765
 Koopmans IP (eV)   :  13.001
 Eel (Eh)           :  -223.835918
 T,E(Fermi),NFOD :    300.000   -10.619  0.000000
 T,E(Fermi),NFOD :    300.000   -10.619  0.000000
 Nfod               :  0.0000
 Nfod/Nel           :  0.0000

          eigenvalues
 #    :         133        134        135        136        137        138        139        140
 occ. :        2.000      2.000      2.000      2.000      2.000      2.000      2.000      2.000
 eps  :       -16.240    -16.205    -16.171    -16.040    -15.391    -15.171    -15.170    -14.649
 #    :         141        142        143        144        145        146        147        148
 occ. :        2.000      2.000      2.000      2.000      2.000      0.000      0.000      0.000
 eps  :       -13.801    -13.801    -13.279    -13.243    -13.002     -8.237     -7.014     -6.837
 #    :         149        150        151        152        153        154        155        156
 occ. :        0.000      0.000      0.000      0.000      0.000      0.000      0.000      0.000
 eps  :        -6.751     -6.681     -6.619     -6.355     -6.275     -6.214     -5.675     -5.413
                            2  SCC done.
 
 
 Mulliken/CM5 charges    n(s)   n(p)   n(d)   
    1 C  -0.0994 -0.2486   1.100  2.999  0.000
    2 C   0.0306 -0.0007   1.231  2.739  0.000
    3 C  -0.1012 -0.2495   1.104  2.997  0.000
    4 C  -0.1011 -0.2494   1.104  2.997  0.000
    5 C  -0.0203 -0.0323   1.185  2.835  0.000
    6 C  -0.0489 -0.1035   1.139  2.909  0.000
    7 C  -0.0452 -0.0946   1.136  2.909  0.000
    8 C   0.0379  0.1008   1.181  2.781  0.000
    9 C  -0.0257 -0.0229   1.165  2.860  0.000
   10 C  -0.0502 -0.1014   1.141  2.909  0.000
   11 C  -0.0257 -0.0230   1.165  2.860  0.000
   12 C  -0.0502 -0.1014   1.141  2.909  0.000
   13 C  -0.0203 -0.0323   1.185  2.835  0.000
   14 C   0.0306 -0.0007   1.231  2.739  0.000
   15 C  -0.0994 -0.2486   1.100  2.999  0.000
   16 C  -0.1011 -0.2494   1.104  2.997  0.000
   17 C  -0.1012 -0.2495   1.104  2.997  0.000
   18 C  -0.0489 -0.1035   1.139  2.909  0.000
   19 C  -0.0451 -0.0946   1.136  2.909  0.000
   20 C   0.0379  0.1009   1.181  2.781  0.000
   21 N  -0.0893 -0.3339   1.233  3.856  0.000
   22 C   0.0653  0.1213   1.168  2.767  0.000
   23 C  -0.0421 -0.0878   1.140  2.902  0.000
   24 C   0.0042 -0.0028   1.163  2.833  0.000
   25 C  -0.0327 -0.0862   1.140  2.893  0.000
   26 C  -0.0327 -0.0862   1.140  2.893  0.000
   27 C   0.0042 -0.0028   1.163  2.833  0.000
   28 C  -0.0422 -0.0879   1.140  2.902  0.000
   29 C   0.0653  0.1213   1.168  2.767  0.000
   30 N  -0.0891 -0.3337   1.233  3.856  0.000
   31 C   0.0379  0.1009   1.181  2.781  0.000
   32 C  -0.0451 -0.0946   1.136  2.909  0.000
   33 C  -0.0489 -0.1035   1.139  2.909  0.000
   34 C  -0.0203 -0.0323   1.185  2.835  0.000
   35 C   0.0306 -0.0007   1.231  2.739  0.000
   36 C  -0.1011 -0.2494   1.104  2.997  0.000
   37 C  -0.1012 -0.2495   1.104  2.997  0.000
   38 C  -0.0994 -0.2486   1.100  2.999  0.000
   39 C  -0.0501 -0.1014   1.141  2.909  0.000
   40 C  -0.0257 -0.0230   1.165  2.860  0.000
   41 C  -0.0256 -0.0229   1.165  2.860  0.000
   42 C  -0.0502 -0.1014   1.141  2.909  0.000
   43 C  -0.0203 -0.0322   1.185  2.835  0.000
   44 C   0.0306 -0.0007   1.231  2.739  0.000
   45 C  -0.1011 -0.2494   1.104  2.997  0.000
   46 C  -0.1012 -0.2495   1.104  2.997  0.000
   47 C  -0.0994 -0.2486   1.100  2.999  0.000
   48 C  -0.0489 -0.1035   1.139  2.909  0.000
   49 C  -0.0452 -0.0947   1.136  2.909  0.000
   50 C   0.0379  0.1008   1.181  2.781  0.000
   51 C  -0.0421 -0.0879   1.140  2.902  0.000
   52 C   0.0042 -0.0028   1.163  2.833  0.000
   53 C  -0.0326 -0.0861   1.140  2.893  0.000
   54 C  -0.0326 -0.0862   1.140  2.893  0.000
   55 C   0.0042 -0.0028   1.163  2.833  0.000
   56 C  -0.0420 -0.0877   1.140  2.902  0.000
   57 C  -0.0081 -0.0088   1.170  2.838  0.000
   58 C  -0.0082 -0.0089   1.170  2.838  0.000
   59 H   0.0343  0.0880   0.966  0.000  0.000
   60 H   0.0343  0.0880   0.966  0.000  0.000
   61 H   0.0335  0.0869   0.966  0.000  0.000
   62 H   0.0312  0.0845   0.969  0.000  0.000
   63 H   0.0351  0.0890   0.965  0.000  0.000
   64 H   0.0317  0.0849   0.968  0.000  0.000
   65 H   0.0318  0.0850   0.968  0.000  0.000
   66 H   0.0350  0.0889   0.965  0.000  0.000
   67 H   0.0310  0.0843   0.969  0.000  0.000
   68 H   0.0442  0.1031   0.956  0.000  0.000
   69 H   0.0420  0.1018   0.958  0.000  0.000
   70 H   0.0409  0.1009   0.959  0.000  0.000
   71 H   0.0409  0.1009   0.959  0.000  0.000
   72 H   0.0335  0.0869   0.966  0.000  0.000
   73 H   0.0343  0.0879   0.966  0.000  0.000
   74 H   0.0343  0.0880   0.966  0.000  0.000
   75 H   0.0318  0.0850   0.968  0.000  0.000
   76 H   0.0350  0.0889   0.965  0.000  0.000
   77 H   0.0310  0.0843   0.969  0.000  0.000
   78 H   0.0312  0.0845   0.969  0.000  0.000
   79 H   0.0317  0.0849   0.968  0.000  0.000
   80 H   0.0351  0.0890   0.965  0.000  0.000
   81 H   0.0442  0.1031   0.956  0.000  0.000
   82 H   0.0419  0.1017   0.958  0.000  0.000
   83 H   0.0407  0.1027   0.959  0.000  0.000
   84 H   0.0442  0.1016   0.956  0.000  0.000
   85 H   0.0442  0.1016   0.956  0.000  0.000
   86 H   0.0408  0.1027   0.959  0.000  0.000
   87 H   0.0420  0.1017   0.958  0.000  0.000
   88 H   0.0442  0.1031   0.956  0.000  0.000
   89 H   0.0350  0.0889   0.965  0.000  0.000
   90 H   0.0310  0.0843   0.969  0.000  0.000
   91 H   0.0318  0.0850   0.968  0.000  0.000
   92 H   0.0351  0.0890   0.965  0.000  0.000
   93 H   0.0312  0.0845   0.969  0.000  0.000
   94 H   0.0317  0.0849   0.968  0.000  0.000
   95 H   0.0335  0.0869   0.966  0.000  0.000
   96 H   0.0343  0.0879   0.966  0.000  0.000
   97 H   0.0343  0.0880   0.966  0.000  0.000
   98 H   0.0409  0.1009   0.959  0.000  0.000
   99 H   0.0409  0.1009   0.959  0.000  0.000
  100 H   0.0310  0.0843   0.969  0.000  0.000
  101 H   0.0350  0.0889   0.965  0.000  0.000
  102 H   0.0318  0.0850   0.968  0.000  0.000
  103 H   0.0317  0.0849   0.968  0.000  0.000
  104 H   0.0312  0.0845   0.969  0.000  0.000
  105 H   0.0350  0.0890   0.965  0.000  0.000
  106 H   0.0343  0.0880   0.966  0.000  0.000
  107 H   0.0335  0.0869   0.966  0.000  0.000
  108 H   0.0343  0.0879   0.966  0.000  0.000
  109 H   0.0442  0.1031   0.956  0.000  0.000
  110 H   0.0421  0.1019   0.958  0.000  0.000
  111 H   0.0409  0.1028   0.959  0.000  0.000
  112 H   0.0443  0.1016   0.956  0.000  0.000
  113 H   0.0443  0.1016   0.956  0.000  0.000
  114 H   0.0408  0.1027   0.959  0.000  0.000
 Hirshfeld charges for QMDFF written to <charges>
 
 Loewdin charges    n(s)   n(p)   n(d)
    1 C  -0.1047   1.030  3.075  0.000
    2 C   0.0444   1.189  2.766  0.000
    3 C  -0.1069   1.034  3.073  0.000
    4 C  -0.1069   1.033  3.073  0.000
    5 C  -0.0180   1.144  2.874  0.000
    6 C  -0.0438   1.086  2.957  0.000
    7 C  -0.0425   1.083  2.959  0.000
    8 C   0.0312   1.146  2.823  0.000
    9 C  -0.0253   1.124  2.901  0.000
   10 C  -0.0480   1.089  2.959  0.000
   11 C  -0.0253   1.124  2.901  0.000
   12 C  -0.0480   1.089  2.959  0.000
   13 C  -0.0180   1.144  2.874  0.000
   14 C   0.0444   1.189  2.766  0.000
   15 C  -0.1047   1.030  3.075  0.000
   16 C  -0.1068   1.033  3.073  0.000
   17 C  -0.1069   1.034  3.073  0.000
   18 C  -0.0438   1.086  2.957  0.000
   19 C  -0.0425   1.083  2.959  0.000
   20 C   0.0313   1.146  2.823  0.000
   21 N  -0.0472   1.190  3.857  0.000
   22 C   0.0626   1.131  2.807  0.000
   23 C  -0.0425   1.090  2.953  0.000
   24 C   0.0099   1.119  2.871  0.000
   25 C  -0.0271   1.086  2.941  0.000
   26 C  -0.0271   1.086  2.941  0.000
   27 C   0.0099   1.119  2.871  0.000
   28 C  -0.0427   1.090  2.953  0.000
   29 C   0.0626   1.131  2.807  0.000
   30 N  -0.0470   1.191  3.857  0.000
   31 C   0.0313   1.146  2.823  0.000
   32 C  -0.0424   1.083  2.959  0.000
   33 C  -0.0438   1.086  2.957  0.000
   34 C  -0.0180   1.144  2.874  0.000
   35 C   0.0444   1.189  2.766  0.000
   36 C  -0.1068   1.033  3.073  0.000
   37 C  -0.1069   1.034  3.073  0.000
   38 C  -0.1047   1.030  3.075  0.000
   39 C  -0.0479   1.089  2.959  0.000
   40 C  -0.0253   1.124  2.901  0.000
   41 C  -0.0253   1.124  2.901  0.000
   42 C  -0.0480   1.089  2.959  0.000
   43 C  -0.0179   1.144  2.874  0.000
   44 C   0.0444   1.189  2.766  0.000
   45 C  -0.1069   1.033  3.073  0.000
   46 C  -0.1069   1.034  3.073  0.000
   47 C  -0.1047   1.030  3.075  0.000
   48 C  -0.0438   1.086  2.957  0.000
   49 C  -0.0425   1.083  2.959  0.000
   50 C   0.0312   1.146  2.823  0.000
   51 C  -0.0426   1.090  2.953  0.000
   52 C   0.0099   1.119  2.871  0.000
   53 C  -0.0270   1.086  2.941  0.000
   54 C  -0.0270   1.086  2.941  0.000
   55 C   0.0099   1.119  2.871  0.000
   56 C  -0.0424   1.090  2.953  0.000
   57 C  -0.0092   1.129  2.880  0.000
   58 C  -0.0092   1.129  2.880  0.000
   59 H   0.0346   0.965  0.000  0.000
   60 H   0.0346   0.965  0.000  0.000
   61 H   0.0340   0.966  0.000  0.000
   62 H   0.0314   0.969  0.000  0.000
   63 H   0.0355   0.964  0.000  0.000
   64 H   0.0322   0.968  0.000  0.000
   65 H   0.0322   0.968  0.000  0.000
   66 H   0.0354   0.965  0.000  0.000
   67 H   0.0313   0.969  0.000  0.000
   68 H   0.0377   0.962  0.000  0.000
   69 H   0.0344   0.966  0.000  0.000
   70 H   0.0343   0.966  0.000  0.000
   71 H   0.0343   0.966  0.000  0.000
   72 H   0.0340   0.966  0.000  0.000
   73 H   0.0346   0.965  0.000  0.000
   74 H   0.0346   0.965  0.000  0.000
   75 H   0.0323   0.968  0.000  0.000
   76 H   0.0355   0.965  0.000  0.000
   77 H   0.0313   0.969  0.000  0.000
   78 H   0.0314   0.969  0.000  0.000
   79 H   0.0322   0.968  0.000  0.000
   80 H   0.0355   0.965  0.000  0.000
   81 H   0.0377   0.962  0.000  0.000
   82 H   0.0343   0.966  0.000  0.000
   83 H   0.0331   0.967  0.000  0.000
   84 H   0.0360   0.964  0.000  0.000
   85 H   0.0360   0.964  0.000  0.000
   86 H   0.0332   0.967  0.000  0.000
   87 H   0.0343   0.966  0.000  0.000
   88 H   0.0377   0.962  0.000  0.000
   89 H   0.0354   0.965  0.000  0.000
   90 H   0.0313   0.969  0.000  0.000
   91 H   0.0323   0.968  0.000  0.000
   92 H   0.0355   0.964  0.000  0.000
   93 H   0.0314   0.969  0.000  0.000
   94 H   0.0322   0.968  0.000  0.000
   95 H   0.0340   0.966  0.000  0.000
   96 H   0.0346   0.965  0.000  0.000
   97 H   0.0346   0.965  0.000  0.000
   98 H   0.0343   0.966  0.000  0.000
   99 H   0.0343   0.966  0.000  0.000
  100 H   0.0313   0.969  0.000  0.000
  101 H   0.0355   0.965  0.000  0.000
  102 H   0.0323   0.968  0.000  0.000
  103 H   0.0322   0.968  0.000  0.000
  104 H   0.0314   0.969  0.000  0.000
  105 H   0.0355   0.965  0.000  0.000
  106 H   0.0346   0.965  0.000  0.000
  107 H   0.0340   0.966  0.000  0.000
  108 H   0.0346   0.965  0.000  0.000
  109 H   0.0377   0.962  0.000  0.000
  110 H   0.0345   0.966  0.000  0.000
  111 H   0.0333   0.967  0.000  0.000
  112 H   0.0361   0.964  0.000  0.000
  113 H   0.0361   0.964  0.000  0.000
  114 H   0.0332   0.967  0.000  0.000
 
 Wiberg/Mayer (AO) data. WBOs > 0.1 written file <wbo>
 largest (>0.05) Wiberg bond orders for each atom
           total WBO             WBO to atom ...
     1  C   3.982    H   61 0.978    H   59 0.978    H   60 0.978    C    2 0.977
     2  C   3.920    C    1 0.977    C    3 0.966    C    4 0.966    C    5 0.937
     3  C   3.980    H   62 0.978    H   64 0.978    H   63 0.976    C    2 0.966
     4  C   3.980    H   67 0.978    H   65 0.978    H   66 0.976    C    2 0.966
     5  C   3.943    C   10 1.428    C    6 1.353    C    2 0.937    C    8 0.089
     6  C   3.952    C    7 1.460    C    5 1.353    H   68 0.942    C    9 0.088
     7  C   3.966    C    6 1.460    C    8 1.364    H   69 0.942    C   10 0.099
     8  C   3.926    C    7 1.364    C    9 1.266    N   21 1.055    C    5 0.089
     9  C   3.951    C   10 1.353    C    8 1.266    C   11 1.084    C    6 0.088
    10  C   3.960    C    5 1.428    C    9 1.353    H   70 0.943    C    7 0.099
    11  C   3.951    C   12 1.353    C   20 1.266    C    9 1.084    C   18 0.088
    12  C   3.960    C   13 1.428    C   11 1.353    H   71 0.943    C   19 0.099
    13  C   3.943    C   12 1.428    C   18 1.353    C   14 0.937    C   20 0.089
    14  C   3.920    C   15 0.977    C   17 0.966    C   16 0.966    C   13 0.937
    15  C   3.982    H   72 0.978    H   74 0.978    H   73 0.978    C   14 0.977
    16  C   3.980    H   77 0.978    H   75 0.978    H   76 0.976    C   14 0.966
    17  C   3.980    H   78 0.978    H   79 0.978    H   80 0.976    C   14 0.966
    18  C   3.952    C   19 1.461    C   13 1.353    H   81 0.942    C   11 0.088
    19  C   3.966    C   18 1.461    C   20 1.364    H   82 0.942    C   12 0.099
    20  C   3.926    C   19 1.364    C   11 1.266    N   21 1.056    C   13 0.089
    21  N   3.438    C   20 1.056    C    8 1.055    C   22 0.976
    22  C   3.923    C   56 1.387    C   23 1.387    N   21 0.976    C   57 0.059
    23  C   3.933    C   22 1.387    C   24 1.349    H   83 0.943    C   55 0.078    C   26 0.052
    24  C   3.955    C   23 1.349    C   57 1.220    C   25 1.166    C   56 0.078
    25  C   3.967    C   26 1.666    C   24 1.166    H   84 0.941    C   28 0.052
    26  C   3.967    C   25 1.666    C   27 1.166    H   85 0.941    C   23 0.052
    27  C   3.955    C   28 1.349    C   58 1.220    C   26 1.166    C   51 0.078
    28  C   3.933    C   29 1.387    C   27 1.349    H   86 0.943    C   52 0.078    C   25 0.052
    29  C   3.923    C   51 1.387    C   28 1.387    N   30 0.976    C   58 0.059
    30  N   3.438    C   31 1.056    C   50 1.055    C   29 0.976
    31  C   3.926    C   32 1.364    C   40 1.266    N   30 1.056    C   34 0.089
    32  C   3.966    C   33 1.460    C   31 1.364    H   87 0.942    C   39 0.099
    33  C   3.952    C   32 1.460    C   34 1.353    H   88 0.942    C   40 0.088
    34  C   3.942    C   39 1.428    C   33 1.353    C   35 0.937    C   31 0.089
    35  C   3.920    C   38 0.977    C   37 0.966    C   36 0.966    C   34 0.937
    36  C   3.980    H   90 0.978    H   91 0.978    H   89 0.976    C   35 0.966
    37  C   3.980    H   93 0.978    H   94 0.978    H   92 0.976    C   35 0.966
    38  C   3.982    H   95 0.978    H   97 0.978    H   96 0.978    C   35 0.977
    39  C   3.960    C   34 1.428    C   40 1.353    H   98 0.943    C   32 0.099
    40  C   3.951    C   39 1.353    C   31 1.266    C   41 1.084    C   33 0.088
    41  C   3.951    C   42 1.353    C   50 1.266    C   40 1.084    C   48 0.088
    42  C   3.960    C   43 1.428    C   41 1.353    H   99 0.943    C   49 0.099
    43  C   3.943    C   42 1.428    C   48 1.353    C   44 0.937    C   50 0.089
    44  C   3.920    C   47 0.977    C   46 0.966    C   45 0.966    C   43 0.937
    45  C   3.980    H  100 0.978    H  102 0.978    H  101 0.976    C   44 0.966
    46  C   3.980    H  104 0.978    H  103 0.978    H  105 0.976    C   44 0.966
    47  C   3.982    H  107 0.978    H  106 0.978    H  108 0.978    C   44 0.977
    48  C   3.952    C   49 1.460    C   43 1.353    H  109 0.942    C   41 0.088
    49  C   3.966    C   48 1.460    C   50 1.364    H  110 0.942    C   42 0.099
    50  C   3.926    C   49 1.364    C   41 1.266    N   30 1.055    C   43 0.089
    51  C   3.933    C   29 1.387    C   52 1.348    H  111 0.943    C   27 0.078    C   54 0.052
    52  C   3.955    C   51 1.348    C   58 1.220    C   53 1.166    C   28 0.078
    53  C   3.967    C   54 1.666    C   52 1.166    H  112 0.941    C   56 0.052
    54  C   3.967    C   53 1.666    C   55 1.166    H  113 0.941    C   51 0.052
    55  C   3.955    C   56 1.348    C   57 1.220    C   54 1.166    C   23 0.078
    56  C   3.933    C   22 1.387    C   55 1.348    H  114 0.943    C   24 0.078    C   53 0.052
    57  C   3.954    C   58 1.222    C   55 1.220    C   24 1.220    C   22 0.059
    58  C   3.954    C   57 1.222    C   52 1.220    C   27 1.220    C   29 0.059
    59  H   0.999    C    1 0.978
    60  H   0.999    C    1 0.978
    61  H   0.998    C    1 0.978
    62  H   0.999    C    3 0.978
    63  H   0.999    C    3 0.976
    64  H   0.997    C    3 0.978
    65  H   0.997    C    4 0.978
    66  H   0.999    C    4 0.976
    67  H   0.999    C    4 0.978
    68  H   0.997    C    6 0.942
    69  H   0.995    C    7 0.942
    70  H   0.997    C   10 0.943
    71  H   0.997    C   12 0.943
    72  H   0.998    C   15 0.978
    73  H   0.999    C   15 0.978
    74  H   0.999    C   15 0.978
    75  H   0.997    C   16 0.978
    76  H   0.999    C   16 0.976
    77  H   0.999    C   16 0.978
    78  H   0.999    C   17 0.978
    79  H   0.997    C   17 0.978
    80  H   0.999    C   17 0.976
    81  H   0.997    C   18 0.942
    82  H   0.995    C   19 0.942
    83  H   0.995    C   23 0.943
    84  H   0.992    C   25 0.941
    85  H   0.992    C   26 0.941
    86  H   0.995    C   28 0.943
    87  H   0.995    C   32 0.942
    88  H   0.997    C   33 0.942
    89  H   0.999    C   36 0.976
    90  H   0.999    C   36 0.978
    91  H   0.997    C   36 0.978
    92  H   0.999    C   37 0.976
    93  H   0.999    C   37 0.978
    94  H   0.997    C   37 0.978
    95  H   0.998    C   38 0.978
    96  H   0.999    C   38 0.978
    97  H   0.999    C   38 0.978
    98  H   0.997    C   39 0.943
    99  H   0.997    C   42 0.943
   100  H   0.999    C   45 0.978
   101  H   0.999    C   45 0.976
   102  H   0.997    C   45 0.978
   103  H   0.997    C   46 0.978
   104  H   0.999    C   46 0.978
   105  H   0.999    C   46 0.976
   106  H   0.999    C   47 0.978
   107  H   0.998    C   47 0.978
   108  H   0.999    C   47 0.978
   109  H   0.997    C   48 0.942
   110  H   0.995    C   49 0.942
   111  H   0.995    C   51 0.943
   112  H   0.992    C   53 0.941
   113  H   0.992    C   54 0.941
   114  H   0.995    C   56 0.943
 
 --------------------------------------------
          xTB calculation for sTDA...
 --------------------------------------------
 
 reading parameter file /home/penavora/Exe_xtb_crest/.param_stda2.xtb
 
      method parameters     
 k(s)        :  1.6000
 k(p)        :  2.1800
 k(d)        :  1.9500
 k(f)        :  2.0000
 k(R-V)      :  2.2750
 k(R-R)      :  1.7650
 Tscal       :  0.2580
 Gscal       :  1.0000
 fpol        :  1.0000
 Zcnf        :  0.3430
 Zqf         :  0.0000
 kcn         :  2.7000
 Ryd Hsplit  :  0.7000
 lshift(virt):  3.1000
 lshift(OS)  :  0.2000
 wllscaling  :  2.6000
 
 mowrcut     : 3.000
 
  Z AO/shell   Hii/eV     exponent
  1     Sun Feb 14 09:53:25 CET 2016    EN: 2.327 GAM: 0.473  GM3: 0.0000
     1s    -14.339618    1.220000
     2sp    -3.348946    0.600000
  6     Sun Feb 14 09:53:25 CET 2016    EN: 2.731 GAM: 0.422  GM3: 0.0000
     2s    -22.009312    1.565095
     2p    -13.020408    1.596905
     3sp    -3.914040    0.824500
  7     Sun Feb 14 09:53:25 CET 2016    EN: 3.573 GAM: 0.504  GM3: 0.0000
     2s    -25.722000    2.064844
     2p    -18.684912    1.801692
     3sp    -4.344791    0.921400
 
 Nbf   :          744
 T(el) :     0.0
 calculating S/T integrals ...
 cpu time for ints    7.46050100000000     
 Nao   :          744
 making H0...
 making H1...
 cpu time for H       1.52726800000000     
 solving ...
 cpu time for diag    2.40935200000000     
 
 gap (eV)           :   6.092
 Koopmans IP (eV)   :  13.873
 Eel (Eh)           :  -246.754601

          eigenvalues
 #    :         133        134        135        136        137        138        139        140
 occ. :        2.000      2.000      2.000      2.000      2.000      2.000      2.000      2.000
 eps  :       -17.007    -16.869    -16.757    -16.756    -16.314    -15.910    -15.909    -15.703
 #    :         141        142        143        144        145        146        147        148
 occ. :        2.000      2.000      2.000      2.000      2.000      0.000      0.000      0.000
 eps  :       -14.849    -14.848    -14.593    -14.084    -13.874     -7.782     -6.645     -6.400
 #    :         149        150        151        152        153        154        155        156
 occ. :        0.000      0.000      0.000      0.000      0.000      0.000      0.000      0.000
 eps  :        -6.288     -5.733     -5.589     -5.588     -5.151     -5.051     -4.942     -4.915
                            1  SCC done.
 writing mo output ...
 molden style : F
 
speedup 19.15
cpu  time for all   19.02 s
wall time for all    0.99 s
