  83
 Etot=        -137.6839020316
 F         -3.8542446641       -2.9929640712        3.0882111161
 C         -4.4951853990       -3.5114506893        2.0289135448
 F         -4.4934719579       -4.8415810235        2.1950271188
 F         -5.7796196877       -3.1194454821        2.1386971726
 C         -3.8908826032       -3.0815576670        0.7217542612
 C         -3.8422900044       -3.9626412478       -0.3508327747
 C         -3.3075212089       -3.5346338179       -1.5541101295
 C         -2.8364082010       -2.2420726764       -1.6916850451
 C         -2.8936218027       -1.3607965768       -0.6150783786
 N         -2.3820935222       -0.0641971602       -0.7483697262
 C         -1.0827851844        0.2268551636       -1.1175948687
 C         -0.0606001824       -0.7663009047       -1.4067969717
 C          0.8246024801       -0.5295704658       -2.4598358975
 C          1.8517383032       -1.4066410259       -2.7207861820
 C          2.0390098730       -2.5397430443       -1.9248269288
 O          3.0832070128       -3.3433418027       -2.2589603001
 C          3.7705870861       -4.0697410162       -1.2555481101
 C          5.2334946611       -3.6158211107       -1.2125198868
 C          5.3849407274       -2.1216709627       -0.9283160200
 C          4.9498641727       -1.7164406567        0.4861511555
 N          5.2089542503       -0.3247449126        0.7295643966
 C          6.4203576996        0.2053807455        1.1062570084
 C          7.6070281929       -0.4374706839        1.4303254495
 C          8.6869478316        0.3425538444        1.7971834862
 C          8.5986622816        1.7319491873        1.8416075646
 C          7.4226454998        2.3789419723        1.5181805631
 C          6.3231411059        1.6172802699        1.1463276332
 C          4.9823751740        1.9415870966        0.7495457808
 C          4.2930003693        3.1368955177        0.5908749399
 C          2.9772636675        3.0922172315        0.1751496069
 C          2.3438585929        1.8775987351       -0.0804701780
 C          3.0099732343        0.6768437679        0.0755662096
 C          4.3334310954        0.7112452908        0.4904351065
 C          1.1470401382       -2.7871224184       -0.8840362157
 C          0.1123030898       -1.9067546037       -0.6286408625
 N         -0.8534238551        1.5117649468       -1.1297427223
 C         -2.0163267138        2.1092702043       -0.7534129956
 C         -2.2547496132        3.4977811650       -0.5603863505
 C         -1.2391211117        4.4407198602       -0.7502224086
 C         -1.4790032828        5.7711174898       -0.5145529013
 C         -2.7412917680        6.1727193282       -0.0814066443
 C         -3.7484819342        5.2542703918        0.1014570880
 C         -3.5462345119        3.8862169556       -0.1377606673
 C         -4.5969376797        2.8938848745        0.0090657536
 C         -5.9104809464        3.2592945106        0.3365788029
 C         -6.9238321597        2.3352631987        0.4304272596
 C         -6.6696037506        0.9918068907        0.1737854780
 C         -5.3954395246        0.5909073153       -0.1431185477
 C         -4.3391156535        1.5112625029       -0.2055319069
 C         -2.9981149448        1.1510362032       -0.5188859250
 C         -3.4181664340       -1.7839625419        0.6029883265
 H         -4.2144387257       -4.9687618744       -0.2394822798
 H         -3.2640586252       -4.2126556415       -2.3917607635
 H         -2.4225993336       -1.9047640356       -2.6297485704
 H          0.7007618945        0.3614966087       -3.0543280469
 H          2.5407640544       -1.2301738460       -3.5316185534
 H          3.3104353278       -3.9294171872       -0.2748021148
 H          3.7209804983       -5.1340818818       -1.5140079912
 H          5.6869296783       -3.8330074682       -2.1806549929
 H          5.7532977370       -4.2004376129       -0.4510347532
 H          4.8003762125       -1.5533263536       -1.6542719389
 H          6.4331127877       -1.8428252816       -1.0562452553
 H          5.4931579662       -2.3113277002        1.2278341123
 H          3.8799310429       -1.8896556800        0.6253694487
 H          7.6940500102       -1.5136064263        1.3988262210
 H          9.6212050727       -0.1356010261        2.0535901552
 H          9.4657315587        2.3062239001        2.1327891789
 H          7.3549614909        3.4560292798        1.5518966843
 H          4.7823083406        4.0790222038        0.7891459358
 H          2.4249745348        4.0114001391        0.0460630109
 H          1.3152443282        1.8694371175       -0.4102641640
 H          2.5037984103       -0.2545094637       -0.1264923943
 H          1.2466484415       -3.6668621912       -0.2656292459
 H         -0.5448045740       -2.1029998152        0.2058374321
 H         -0.2737758562        4.0859672579       -1.0761795658
 H         -0.6985730888        6.5039298249       -0.6562666146
 H         -2.9319393403        7.2181590509        0.1136390831
 H         -4.7070794738        5.6123612357        0.4416052901
 H         -6.1495046873        4.2954135127        0.5129834433
 H         -7.9226788366        2.6549489361        0.6875797070
 H         -7.4686139496        0.2672222768        0.2193254338
 H         -5.2120490876       -0.4479694342       -0.3681884103
 H         -3.4543208345       -1.1061371146        1.4430513449
