  75
 Etot=        -113.1738269825
 N        -10.2560740122        1.0930787485        0.1465943802
 C         -9.1171179706        0.9599107174        0.1269940252
 C         -7.7142983004        0.7975828029        0.0995644027
 C         -7.0921177972       -0.0727077030        0.9965245865
 C         -5.7239277462       -0.2342817328        0.9579920499
 C         -4.9500238329        0.4634759556        0.0305993612
 C         -3.4887069551        0.2995149420       -0.0058784078
 C         -2.6804984234        1.4299176764        0.0059862044
 C         -1.2949626563        1.3442165165        0.0266817416
 C         -0.4974254451        2.5805946668        0.0980913958
 C          0.4968231112        2.7313951471        1.0612135190
 C          1.2351430441        3.8974389605        1.1282951487
 C          0.9926221226        4.9289966981        0.2362514297
 C         -0.0007132013        4.7921881532       -0.7182050715
 C         -0.7441937906        3.6280681809       -0.7842143170
 C         -0.6931810571        0.0783429156        0.0202881437
 C          0.7694786300       -0.0777137995       -0.0099863133
 C          1.4097440024       -0.9199465916        0.8952345133
 C          2.7817076367       -1.0596149059        0.8845925756
 C          3.5541791902       -0.3644069569       -0.0457736149
 N          4.9463939533       -0.4932110756       -0.0486483096
 C          5.6375355310       -0.5725685788        1.1655650320
 C          5.2154362628        0.1727719731        2.2665179097
 C          5.8958967268        0.0897720531        3.4654874529
 C          7.0085560879       -0.7265822616        3.5861890301
 C          7.4342996654       -1.4657899446        2.4946904369
 C          6.7554793312       -1.3963636281        1.2937249689
 C          5.6435119823       -0.5288987171       -1.2610734250
 C          5.0962689908       -1.1739793115       -2.3701263857
 C          5.7855844593       -1.2070657555       -3.5664754493
 C          7.0298824004       -0.6083876458       -3.6768225266
 C          7.5791216004        0.0311820437       -2.5776111945
 C          6.8939854688        0.0773037522       -1.3791932391
 C          2.9137002691        0.4617898390       -0.9699275055
 C          1.5429329748        0.6022297580       -0.9482252913
 C         -1.5017791531       -1.0510264672        0.0084573990
 C         -2.8878685574       -0.9665632351       -0.0104281591
 C         -3.6847188710       -2.2030668501       -0.0845451823
 C         -4.6781202060       -2.3537045838       -1.0486321730
 C         -5.4170138967       -3.5195500662       -1.1169890255
 C         -5.1757099652       -4.5509003497       -0.2244636568
 C         -4.1828523155       -4.4145711152        0.7308823267
 C         -3.4386095022       -3.2511123277        0.7977290276
 C         -5.5790717814        1.3435291044       -0.8492120959
 C         -6.9478615572        1.5098321226       -0.8237575438
 H         -7.6889913070       -0.6137249508        1.7159335448
 H         -5.2430221385       -0.9005538263        1.6582432658
 H         -3.1441441335        2.4057536083        0.0469528023
 H          0.6804962324        1.9332443165        1.7654580217
 H          2.0029940366        4.0037286519        1.8807387653
 H          1.5740876804        5.8376285396        0.2868964456
 H         -0.1961359583        5.5947671662       -1.4145884751
 H         -1.5106022222        3.5180426962       -1.5385720311
 H          0.8242081358       -1.4578814400        1.6271546144
 H          3.2672929743       -1.7092811235        1.5981454850
 H          4.3545890422        0.8185340753        2.1707133550
 H          5.5601062631        0.6743239730        4.3095399019
 H          7.5400803551       -0.7859892002        4.5237505299
 H          8.2976935620       -2.1090491452        2.5810060986
 H          7.0837711892       -1.9813940965        0.4470589459
 H          4.1306878161       -1.6506659041       -2.2840669002
 H          5.3512047857       -1.7124811618       -4.4165644044
 H          7.5673783872       -0.6398635435       -4.6123191631
 H          8.5460960133        0.5061253904       -2.6557133574
 H          7.3205423007        0.5858037986       -0.5269363375
 H          3.5019489909        0.9992678385       -1.6989692242
 H          1.0620029011        1.2466884094       -1.6690009950
 H         -1.0370420231       -2.0262875812       -0.0285071253
 H         -4.8605117424       -1.5564837088       -1.7547681014
 H         -6.1841758335       -3.6246147283       -1.8701004424
 H         -5.7576230674       -5.4590923906       -0.2756949877
 H         -3.9884974573       -5.2172938938        1.4273329372
 H         -2.6719748863       -3.1411940830        1.5517479936
 H         -4.9861687423        1.8847385846       -1.5723399923
 H         -7.4337451378        2.1843732370       -1.5136542119
