  63
 Etot=         -98.0521126281
 C         -6.4644573446        1.1564228180       -1.3133288460
 C         -5.8287650016        0.3670060881       -0.1532871926
 C         -6.9159221683       -0.1067720946        0.8295915227
 C         -5.1255360459       -0.8476639517       -0.7273159594
 C         -5.8558611390       -1.7775017378       -1.4561970171
 C         -5.2658086550       -2.8844752681       -2.0374240728
 C         -3.9001780889       -3.0653957667       -1.9116404712
 C         -3.1515839335       -2.1577922180       -1.1914483869
 C         -3.7522043250       -1.0586353280       -0.5694879493
 N         -2.9703670532       -0.1715872437        0.1623631856
 C         -1.6035084980       -0.4768095034        0.3601905643
 C         -1.2610349957       -1.5729358033        1.1851813421
 C          0.0451716265       -1.8885265238        1.4277035971
 C          1.0724633263       -1.1173919613        0.8469050297
 N          2.3622786829       -1.3655221053        1.1494354889
 C          3.2853313958       -0.6382348310        0.5697940346
 C          4.6747890971       -0.7994228602        1.0108652196
 C          5.1957367543       -2.0612234616        1.2911346545
 C          6.5130732532       -2.1541486886        1.7040652471
 C          7.2556580734       -0.9901300415        1.8361074001
 C          6.6348186030        0.2183310169        1.5557145559
 N          5.3815759417        0.3202731519        1.1528129344
 C          2.9450080663        0.3247395175       -0.4310407066
 C          3.9868965587        0.9445037176       -1.2573330947
 C          3.9126681568        2.2896648266       -1.6132965661
 C          4.9208018844        2.8206570424       -2.3985232872
 C          5.9539807551        1.9918299225       -2.8099676944
 C          5.9217654105        0.6611198846       -2.4189765884
 N          4.9699538445        0.1438388699       -1.6641416361
 N          1.6971686712        0.6399328480       -0.6717787634
 C          0.7310575125       -0.0383511643       -0.0159273273
 C         -0.6206745310        0.2774426742       -0.2356979719
 C         -3.5087548768        0.9788211246        0.7307750611
 C         -2.6972397930        1.8309242752        1.4858160888
 C         -3.2054221576        2.9784193204        2.0582061501
 C         -4.5421806405        3.2948162768        1.8964986646
 C         -5.3536979843        2.4389634968        1.1757641012
 C         -4.8684678715        1.2767263287        0.5896626285
 H         -7.1801143993        0.5432616197       -1.8534840189
 H         -6.9815847105        2.0377543572       -0.9449913708
 H         -5.6917478260        1.4769784597       -2.0101482219
 H         -7.6322430430       -0.7536426621        0.3310206431
 H         -7.4541314232        0.7381959782        1.2494293272
 H         -6.4597030344       -0.6637484506        1.6462335715
 H         -6.9187154331       -1.6367615503       -1.5795516092
 H         -5.8644636334       -3.5900176503       -2.5934306364
 H         -3.4118701698       -3.9084059075       -2.3779381984
 H         -2.0839645608       -2.2975330650       -1.1162373687
 H         -2.0580619228       -2.1486234399        1.6319017847
 H          0.3207033025       -2.7086350755        2.0719861957
 H          4.5710130982       -2.9323844677        1.1747109961
 H          6.9536128893       -3.1163534803        1.9206400977
 H          8.2858514405       -1.0161643320        2.1541026202
 H          7.1612562047        1.1589780041        1.6582330804
 H          3.0834652554        2.8862092852       -1.2677746393
 H          4.9007114508        3.8614693398       -2.6867600236
 H          6.7605750466        2.3635645589       -3.4218618523
 H          6.6937318294       -0.0342102720       -2.7239328355
 H         -0.8636111547        1.1085974156       -0.8798574555
 H         -1.6558771646        1.5890059677        1.6323140841
 H         -2.5538024126        3.6199210801        2.6331072628
 H         -4.9520470757        4.1916740818        2.3357108033
 H         -6.3988647978        2.6871965157        1.0723436512
  63
 Etot=         -98.0521880386
 C         -6.4640808517        1.1557654565       -1.3119955648
 C         -5.8273140152        0.3667619357       -0.1533971923
 C         -6.9148202112       -0.1062300732        0.8282933396
 C         -5.1244679177       -0.8469690374       -0.7277199634
 C         -5.8552829151       -1.7763325500       -1.4556294255
 C         -5.2653309445       -2.8833812149       -2.0362517837
 C         -3.8997458948       -3.0638224636       -1.9104544795
 C         -3.1508248688       -2.1567962472       -1.1905965964
 C         -3.7510696677       -1.0567661369       -0.5700835275
 N         -2.9705778633       -0.1712832855        0.1618450793
 C         -1.6028100470       -0.4757982811        0.3607462696
 C         -1.2610296675       -1.5705175312        1.1865645337
 C          0.0451028749       -1.8873590546        1.4274258594
 C          1.0722934258       -1.1170502158        0.8464105899
 N          2.3609040452       -1.3651897418        1.1498319249
 C          3.2836216450       -0.6386189052        0.5703776413
 C          4.6741666911       -0.7995566680        1.0094370725
 C          5.1940434131       -2.0610168086        1.2910958364
 C          6.5112569570       -2.1534403905        1.7027942292
 C          7.2540770100       -0.9898676926        1.8329091095
 C          6.6345686930        0.2180071796        1.5477603945
 N          5.3827637826        0.3189166428        1.1449480308
 C          2.9430797937        0.3245587413       -0.4319543899
 C          3.9868085678        0.9446769824       -1.2562842459
 C          3.9116273968        2.2891712050       -1.6130072767
 C          4.9204114019        2.8197398657       -2.3966861409
 C          5.9543962897        1.9915874248       -2.8059251707
 C          5.9240815594        0.6620128237       -2.4115401533
 N          4.9730263015        0.1461678019       -1.6573451433
 N          1.6956844491        0.6392449836       -0.6727384257
 C          0.7310034261       -0.0384320857       -0.0167453745
 C         -0.6209088691        0.2774170814       -0.2358294576
 C         -3.5087817734        0.9767858940        0.7309255305
 C         -2.6969776670        1.8287204957        1.4855255704
 C         -3.2052588157        2.9760350112        2.0574168369
 C         -4.5417333884        3.2931337345        1.8956316141
 C         -5.3533349091        2.4379250914        1.1746453858
 C         -4.8679413483        1.2759131101        0.5895382339
 H         -7.1791167119        0.5422406347       -1.8523982079
 H         -6.9813110581        2.0368072533       -0.9433467181
 H         -5.6912724748        1.4764826057       -2.0079239448
 H         -7.6306768664       -0.7536444395        0.3298813974
 H         -7.4529965734        0.7388337538        1.2478347806
 H         -6.4585560727       -0.6624208217        1.6450039157
 H         -6.9182108118       -1.6356194549       -1.5785401520
 H         -5.8640708833       -3.5887766324       -2.5920507408
 H         -3.4122980677       -3.9073098152       -2.3761297271
 H         -2.0839663556       -2.2973534136       -1.1145242226
 H         -2.0591001500       -2.1463266831        1.6317028611
 H          0.3204499321       -2.7083525019        2.0705332912
 H          4.5691117518       -2.9319428369        1.1763520374
 H          6.9517976650       -3.1155158277        1.9217763886
 H          8.2842152956       -1.0161962257        2.1524748262
 H          7.1617365599        1.1580577940        1.6505711157
 H          3.0816573844        2.8853188725       -1.2694919304
 H          4.8999752634        3.8603577801       -2.6870253159
 H          6.7601626580        2.3634903022       -3.4194572541
 H          6.6960349470       -0.0326988586       -2.7174257064
 H         -0.8649494584        1.1080761010       -0.8796880440
 H         -1.6562502820        1.5866741102        1.6316927831
 H         -2.5542590213        3.6179400797        2.6319777690
 H         -4.9515326049        4.1899999897        2.3345612552
 H         -6.3985498866        2.6860041158        1.0712405990
  63
 Etot=         -98.0522194645
 C         -6.4630687504        1.1557551328       -1.3114928872
 C         -5.8261943783        0.3667090472       -0.1535880229
 C         -6.9133855674       -0.1064553209        0.8277259540
 C         -5.1237045109       -0.8464452952       -0.7282649392
 C         -5.8548249931       -1.7754059160       -1.4555775397
 C         -5.2648327558       -2.8826470238       -2.0357005354
 C         -3.8993078115       -3.0628068483       -1.9094160903
 C         -3.1501130015       -2.1561922257       -1.1898565210
 C         -3.7501566831       -1.0552423362       -0.5705356905
 N         -2.9712521468       -0.1710154692        0.1613745647
 C         -1.6025405268       -0.4752954458        0.3610292249
 C         -1.2618719179       -1.5687385731        1.1879297808
 C          0.0442600219       -1.8865673282        1.4272900476
 C          1.0713048916       -1.1169360824        0.8457220653
 N          2.3591464312       -1.3653271714        1.1495180956
 C          3.2816306704       -0.6393539719        0.5703326040
 C          4.6731005040       -0.7997215500        1.0072510125
 C          5.1915148464       -2.0609292017        1.2915458329
 C          6.5089847350       -2.1527834664        1.7020211584
 C          7.2527531872       -0.9897445311        1.8284649265
 C          6.6345450487        0.2178953941        1.5382819983
 N          5.3836497594        0.3177154478        1.1362383380
 C          2.9410258570        0.3245039860       -0.4330502827
 C          3.9866867542        0.9448357937       -1.2549361282
 C          3.9098996566        2.2886000314       -1.6132510753
 C          4.9199592197        2.8189644451       -2.3950894908
 C          5.9557368322        1.9918602432       -2.8009726921
 C          5.9273773647        0.6630346110       -2.4031454582
 N          4.9762525110        0.1483790477       -1.6502913295
 N          1.6940342863        0.6387029519       -0.6739043701
 C          0.7304069147       -0.0386908036       -0.0180817869
 C         -0.6217222093        0.2768762546       -0.2370065266
 C         -3.5088764004        0.9749044883        0.7315161543
 C         -2.6968293814        1.8266182714        1.4863382497
 C         -3.2051204658        2.9739299112        2.0575606492
 C         -4.5412564905        3.2919571671        1.8953816019
 C         -5.3531013153        2.4372388763        1.1741842850
 C         -4.8676237670        1.2754069346        0.5897410464
 H         -7.1774569034        0.5418661678       -1.8521474773
 H         -6.9810733492        2.0360052330       -0.9423223097
 H         -5.6905992806        1.4774906707       -2.0069850875
 H         -7.6287198817       -0.7543803465        0.3293935826
 H         -7.4520008329        0.7387174387        1.2463187050
 H         -6.4575182357       -0.6617753253        1.6450763717
 H         -6.9178183293       -1.6348656020       -1.5777876066
 H         -5.8636305779       -3.5882252618       -2.5909397588
 H         -3.4126863181       -3.9070021242       -2.3743154382
 H         -2.0837299409       -2.2972300442       -1.1131913445
 H         -2.0610170677       -2.1427056241        1.6337542514
 H          0.3196075836       -2.7076145267        2.0702609515
 H          4.5657047572       -2.9315286639        1.1804293148
 H          6.9495480556       -3.1146378366        1.9233254899
 H          8.2831018694       -1.0166509965        2.1481513480
 H          7.1649635999        1.1568038441        1.6345548462
 H          3.0780060644        2.8838995463       -1.2733759448
 H          4.8994511903        3.8594009225       -2.6871558175
 H          6.7617414008        2.3646344401       -3.4140516739
 H          6.7036109714       -0.0291471495       -2.7038308217
 H         -0.8669652160        1.1065329714       -0.8814290270
 H         -1.6567309477        1.5840809082        1.6328987226
 H         -2.5547395350        3.6161962122        2.6320708146
 H         -4.9507975754        4.1890872449        2.3336998142
 H         -6.3980876534        2.6856973849        1.0698516982
