 
        ______________________________________
       |                                      |
       |          ===================         |
       |             xTB for sTDA             |
       |          ===================         |
       |               S. Grimme              |
       |        Universitaet Bonn, MCTC       |
       |         2015-19, Version 1.0         |
       |     Wed Apr  3 09:14:55 CEST 2019    |
       |______________________________________|
 
        This code comes without any warranty
        for non-commercial, academia use only.
        Preliminary test version.
        Cite this work as:
        S. Grimme  &  C. Bannwarth, JCP 145 (2016) 054103
        if GBSA is used additionally:
        P. Shushkov, F. März, C. Bannwarth, S. Grimme, unpublished.
 
        with help from
        P. Shushkov, G. Brandenburg, S. Dohm, J. Pisarek,
        F. März, M. Checinski, S. Ehrlich, S. Spicher, 
        P. Pracht, E. Caldeweyher, S. Ehlert, and C. Bannwarth.
 
        usage        :
        xtb4stda <coord_file> [options]
        where <coord_file> is a valid file of TM)
        (*coord, Bohr) or xmol (*xyz, Angstroem)
        format.

        options:
        -chrg <int>   : molecular charge
        -uhf  <int>   : # of unpaired electrons(=2*S)
        -nox          : skip second, extended part in sTDA-xTB
        -pop          : do population analysis
                      : (default for -nox)
        -mowr <real>  : cut MO write above (def.3 Eh)
        -molden       : write formatted molden file
        -parx <file>  : read parameters for sTDA-xTB
                        calc (def:~/.param_stda2.xtb)
        -parv <file>  : read parameters for vTB part in
                        sTDA-xTB (def: ~/.param_stda1.xtb)
        -xtemp <real> : el. temp for xTB (def. 0 K)
        -etemp <real> : el. temp for GFN (def. 300 K)
        -fod          : calculate the FOD and write
                        molden.input file with
                        appropriate occupations
                        for plotting. Def. T=12500 K
 
        -acc <real>   : xTB accuracy (def. 1.0)
        -gbsa [string1] [string2]
                        use GBSA implicit solvent
                        for solvent [string1] and
                        solvation state [string2]=
                        reference, bar1M (default=1M)
        additional GFN/opt/MD/siman options read from
        $XTB4STDAHOME/.xtb4stdarc or $set in input
 
       spin and charge state information can be on:
       <.CHRG> (charge) and <.UHF> (=nalpha-nbeta)
       -uhf and -chrg override the file info.
       useful machine settings:
       setenv MKL_NUM_THREADS <NCORE_ON_YOUR_MACHINE>
       setenv OMP_STACKSIZE 500m
       limit stacksize unlimited
 
       total energies in Eh, gaps/HL energies in eV
       please read REVISION and HOWTO files carefully
 =============================
  # OMP threads =          48
 =============================
 
 xtb4stdahome directory:/home/penavora/Exe_xtb_crest/
 
 
 name of molecule           :
 comment line               :
 number of atoms            :    59
 number of electrons        :   180
 charge                     :  0
 spin                       : 0.0
 first test random number   :  0.3574
 
 -----------------------------------------
      charge density (VTB) calculation
 -----------------------------------------
 
      method parameters     
 k(s)        :  1.8000
 k(p)        :  2.8350
 k(d)        :  2.0860
 k(f)        :  2.0000
 Tscal       :  0.3300
 Gscal       :  0.3910
 fpol        :  1.0000
 Zcnf        :  0.6500
 Zqf         :  0.0000
 kcn         :  0.3000
 kEN1        : -0.5900
 wllscal     :  2.6000
 
     -------------------------
     ! NO SOLVENT MODEL USED !
     -------------------------
 
 doing EN charges ...
 sum q :  0.1665335D-14
 point charge moment (au)
     X       Y       Z   
   0.2606   0.0473   0.3343  total (Debye):    1.084
 
            Z      q(EN)   CN      Cart. coordinates
     1  C   4.0  -0.073   3.154     0.49155     6.43357    -1.30246
     2  C   4.0  -0.074   3.159    -0.47433     4.48234    -2.75620
     3  C   4.0  -0.067   3.199     0.64539     2.12249    -2.70931
     4  C   4.0   0.071   3.394     2.74808     1.69533    -1.19945
     5  C   4.0  -0.076   3.214     3.74941     3.68108     0.19831
     6  C   4.0  -0.083   3.239     2.61714     6.04253     0.16312
     7  S   6.0   0.203   2.420     6.52234     3.19547     2.01766
     8  C   4.0  -0.077   3.210     8.01658     0.98418    -0.00460
     9  C   4.0  -0.083   3.235    10.62833     0.97036    -0.21827
    10  C   4.0  -0.072   3.146    11.79791    -0.74662    -1.80275
    11  C   4.0  -0.073   3.144    10.35772    -2.41007    -3.22286
    12  C   4.0  -0.068   3.188     7.75133    -2.39059    -3.02664
    13  C   4.0   0.075   3.364     6.55838    -0.73802    -1.36727
    14  N   5.0  -0.314   3.287     3.91371    -0.71284    -1.10613
    15  C   4.0   0.211   3.323     2.50394    -2.76831    -0.40937
    16  C   4.0  -0.064   3.170     3.59712    -5.18404     0.04523
    17  C   4.0  -0.070   3.178     2.06901    -7.10792     0.81495
    18  C   4.0  -0.000   3.246    -0.54070    -6.68084     1.22297
    19  C   4.0  -0.071   3.166    -2.25739    -8.51641     2.08388
    20  C   4.0  -0.072   3.141    -4.72484    -7.88438     2.54825
    21  C   4.0  -0.066   3.174    -5.57957    -5.39854     2.19831
    22  C   4.0   0.079   3.351    -3.96179    -3.57026     1.33738
    23  N   5.0  -0.304   3.255    -4.76101    -1.02316     0.98194
    24  C   4.0   0.082   3.346    -5.62933    -0.41123    -1.43031
    25  C   4.0  -0.069   3.209    -5.77591    -2.26397    -3.30307
    26  C   4.0  -0.072   3.145    -6.68053    -1.72470    -5.69542
    27  C   4.0  -0.072   3.142    -7.44261     0.69755    -6.30794
    28  C   4.0  -0.085   3.260    -7.29109     2.56781    -4.48777
    29  C   4.0  -0.078   3.207    -6.41849     2.02248    -2.08137
    30  S   6.0   0.205   2.443    -6.39523     4.52916     0.13105
    31  C   4.0  -0.078   3.212    -4.13952     3.36397     2.30580
    32  C   4.0  -0.085   3.267    -2.94938     5.12743     3.82722
    33  C   4.0  -0.072   3.145    -1.31365     4.36602     5.71673
    34  C   4.0  -0.072   3.148    -0.93783     1.81059     6.10272
    35  C   4.0  -0.069   3.214    -2.10600     0.05044     4.56539
    36  C   4.0   0.082   3.349    -3.67382     0.78018     2.57428
    37  C   4.0   0.095   3.369    -1.41033    -4.18653     0.79145
    38  N   5.0  -0.223   2.270     0.08779    -2.33138    -0.05084
    39  H   1.0   0.075   1.005    -0.40268     8.26580    -1.32227
    40  H   1.0   0.075   1.006    -2.11067     4.79286    -3.93233
    41  H   1.0   0.077   1.007    -0.11911     0.59166    -3.81527
    42  H   1.0   0.076   1.007     3.41009     7.54407     1.29191
    43  H   1.0   0.076   1.007    11.71859     2.30110     0.87572
    44  H   1.0   0.074   1.004    13.83148    -0.76747    -1.94921
    45  H   1.0   0.074   1.004    11.26317    -3.72130    -4.49592
    46  H   1.0   0.076   1.005     6.61668    -3.65853    -4.15349
    47  H   1.0   0.076   1.006     5.60421    -5.46195    -0.16747
    48  H   1.0   0.074   1.004     2.83988    -8.96640     1.17267
    49  H   1.0   0.074   1.005    -1.59429   -10.42379     2.38905
    50  H   1.0   0.074   1.004    -6.03679    -9.29645     3.21635
    51  H   1.0   0.075   1.005    -7.51946    -4.91709     2.60904
    52  H   1.0   0.077   1.008    -5.17773    -4.16565    -2.87671
    53  H   1.0   0.074   1.004    -6.77883    -3.21772    -7.08287
    54  H   1.0   0.074   1.004    -8.14817     1.13338    -8.17027
    55  H   1.0   0.076   1.008    -7.87824     4.47775    -4.90100
    56  H   1.0   0.076   1.008    -3.35278     7.10430     3.52770
    57  H   1.0   0.075   1.004    -0.38499     5.74934     6.89103
    58  H   1.0   0.074   1.005     0.27566     1.16469     7.61050
    59  H   1.0   0.078   1.009    -1.79913    -1.93075     4.93168
 
  Z AO/shell   Hii/eV     exponent
  1     Sat Feb 20 21:38:01 CET 2016    EN: 2.327 GAM: 0.473  GM3: 0.0000
     1s    -13.751157    1.051071
  6     Sat Feb 20 21:38:01 CET 2016    EN: 2.731 GAM: 0.422  GM3: 0.0000
     2s    -19.378245    2.021003
     2p    -11.993376    1.497917
  7     Sat Feb 20 21:38:01 CET 2016    EN: 3.573 GAM: 0.504  GM3: 0.0000
     2s    -21.576984    2.275442
     2p    -16.125120    2.056788
 16     Sat Feb 20 23:13:41 CET 2016    EN: 1.915 GAM: 0.389  GM3: 0.0000
     3s    -22.000000    2.671470
     3p    -15.834192    1.836978
     3d     -2.593599    1.836978
 
 dipole moment of classical point charges (au)
     X       Y       Z   
   0.2606   0.0473   0.3343  total (Debye):    1.084

 
 Nbf   :          185
 T(el) :   300.0
 calculating S/T integrals ...
 cpu time for ints    2.03750700000000     
 Nao   :          183
 making H0...
 making H1...
 cpu time for H      0.110546000000000     
 solving ...
 cpu time for diag   0.665202000000000     
 
 gap (eV)           :   4.343
 Koopmans IP (eV)   :  12.608
 Eel (Eh)           :  -140.848791
 T,E(Fermi),NFOD :    300.000   -10.437  0.000000
 T,E(Fermi),NFOD :    300.000   -10.437  0.000000
 Nfod               :  0.0000
 Nfod/Nel           :  0.0000

          eigenvalues
 #    :          78         79         80         81         82         83         84         85
 occ. :        2.000      2.000      2.000      2.000      2.000      2.000      2.000      2.000
 eps  :       -17.014    -16.541    -15.920    -15.413    -15.358    -15.293    -15.231    -15.075
 #    :          86         87         88         89         90         91         92         93
 occ. :        2.000      2.000      2.000      2.000      2.000      0.000      0.000      0.000
 eps  :       -14.682    -14.424    -14.257    -13.173    -12.610     -8.266     -7.400     -7.363
 #    :          94         95         96         97         98         99        100        101
 occ. :        0.000      0.000      0.000      0.000      0.000      0.000      0.000      0.000
 eps  :        -7.007     -6.860     -6.097     -5.781     -5.714     -5.585     -5.513     -5.431
                            1  SCC done.
 making H1...
 cpu time for H      0.736219000000000     
 solving ...
 cpu time for diag   0.756059000000000     
 
 gap (eV)           :   4.182
 Koopmans IP (eV)   :  12.247
 Eel (Eh)           :  -140.158669
 T,E(Fermi),NFOD :    300.000   -10.156  0.000000
 T,E(Fermi),NFOD :    300.000   -10.156  0.000000
 Nfod               :  0.0000
 Nfod/Nel           :  0.0000

          eigenvalues
 #    :          78         79         80         81         82         83         84         85
 occ. :        2.000      2.000      2.000      2.000      2.000      2.000      2.000      2.000
 eps  :       -16.796    -16.382    -15.535    -15.368    -15.352    -15.269    -15.147    -14.589
 #    :          86         87         88         89         90         91         92         93
 occ. :        2.000      2.000      2.000      2.000      2.000      0.000      0.000      0.000
 eps  :       -14.490    -14.063    -13.966    -12.943    -12.248     -8.066     -7.008     -6.859
 #    :          94         95         96         97         98         99        100        101
 occ. :        0.000      0.000      0.000      0.000      0.000      0.000      0.000      0.000
 eps  :        -6.809     -6.616     -5.963     -5.722     -5.519     -5.485     -5.396     -5.325
                            2  SCC done.
 
 
 Mulliken/CM5 charges    n(s)   n(p)   n(d)   
    1 C  -0.0355 -0.0918   1.136  2.900  0.000
    2 C  -0.0318 -0.0876   1.135  2.897  0.000
    3 C  -0.0254 -0.0711   1.139  2.886  0.000
    4 C   0.0557  0.1178   1.175  2.769  0.000
    5 C  -0.0022  0.0114   1.171  2.832  0.000
    6 C  -0.0337 -0.0854   1.137  2.897  0.000
    7 S  -0.0110 -0.0414   1.889  4.089  0.034
    8 C  -0.0022  0.0113   1.172  2.830  0.000
    9 C  -0.0326 -0.0842   1.137  2.895  0.000
   10 C  -0.0366 -0.0928   1.136  2.901  0.000
   11 C  -0.0342 -0.0904   1.134  2.900  0.000
   12 C  -0.0378 -0.0870   1.141  2.897  0.000
   13 C   0.0472  0.1069   1.176  2.777  0.000
   14 N  -0.1104 -0.3435   1.233  3.878  0.000
   15 C   0.1147  0.2599   1.195  2.690  0.000
   16 C  -0.0365 -0.0797   1.139  2.898  0.000
   17 C  -0.0188 -0.0698   1.151  2.868  0.000
   18 C  -0.0127 -0.0149   1.166  2.846  0.000
   19 C  -0.0447 -0.0981   1.141  2.904  0.000
   20 C  -0.0317 -0.0877   1.132  2.899  0.000
   21 C  -0.0313 -0.0799   1.140  2.892  0.000
   22 C   0.0625  0.1211   1.180  2.757  0.000
   23 N  -0.1173 -0.3515   1.263  3.854  0.000
   24 C   0.0517  0.1143   1.174  2.774  0.000
   25 C  -0.0553 -0.1031   1.138  2.918  0.000
   26 C  -0.0430 -0.0991   1.134  2.909  0.000
   27 C  -0.0511 -0.1074   1.135  2.917  0.000
   28 C  -0.0448 -0.0965   1.135  2.909  0.000
   29 C  -0.0067  0.0059   1.166  2.841  0.000
   30 S  -0.0175 -0.0507   1.887  4.094  0.037
   31 C  -0.0069  0.0063   1.164  2.843  0.000
   32 C  -0.0443 -0.0958   1.135  2.910  0.000
   33 C  -0.0503 -0.1066   1.134  2.916  0.000
   34 C  -0.0409 -0.0969   1.134  2.907  0.000
   35 C  -0.0508 -0.0974   1.137  2.914  0.000
   36 C   0.0546  0.1180   1.174  2.771  0.000
   37 C   0.0388  0.1164   1.185  2.776  0.000
   38 N  -0.2341 -0.4267   1.464  3.770  0.000
   39 H   0.0425  0.0996   0.957  0.000  0.000
   40 H   0.0463  0.1053   0.954  0.000  0.000
   41 H   0.0453  0.1113   0.955  0.000  0.000
   42 H   0.0436  0.1019   0.956  0.000  0.000
   43 H   0.0460  0.1042   0.954  0.000  0.000
   44 H   0.0438  0.1005   0.956  0.000  0.000
   45 H   0.0450  0.1016   0.955  0.000  0.000
   46 H   0.0425  0.1033   0.958  0.000  0.000
   47 H   0.0447  0.1071   0.955  0.000  0.000
   48 H   0.0448  0.1020   0.955  0.000  0.000
   49 H   0.0406  0.0978   0.959  0.000  0.000
   50 H   0.0463  0.1030   0.954  0.000  0.000
   51 H   0.0455  0.1055   0.954  0.000  0.000
   52 H   0.0407  0.1053   0.959  0.000  0.000
   53 H   0.0414  0.0980   0.959  0.000  0.000
   54 H   0.0408  0.0973   0.959  0.000  0.000
   55 H   0.0425  0.1011   0.957  0.000  0.000
   56 H   0.0420  0.1009   0.958  0.000  0.000
   57 H   0.0401  0.0968   0.960  0.000  0.000
   58 H   0.0413  0.0980   0.959  0.000  0.000
   59 H   0.0409  0.1072   0.959  0.000  0.000
 Hirshfeld charges for QMDFF written to <charges>
 
 Loewdin charges    n(s)   n(p)   n(d)
    1 C  -0.0281   1.081  2.947  0.000
    2 C  -0.0245   1.080  2.945  0.000
    3 C  -0.0225   1.087  2.936  0.000
    4 C   0.0488   1.140  2.811  0.000
    5 C   0.0209   1.124  2.855  0.000
    6 C  -0.0295   1.084  2.946  0.000
    7 S  -0.0495   1.876  4.089  0.084
    8 C   0.0209   1.126  2.853  0.000
    9 C  -0.0283   1.084  2.944  0.000
   10 C  -0.0291   1.081  2.948  0.000
   11 C  -0.0264   1.079  2.948  0.000
   12 C  -0.0342   1.088  2.946  0.000
   13 C   0.0409   1.141  2.818  0.000
   14 N  -0.0711   1.192  3.879  0.000
   15 C   0.1025   1.166  2.732  0.000
   16 C  -0.0379   1.088  2.950  0.000
   17 C  -0.0077   1.095  2.912  0.000
   18 C  -0.0112   1.124  2.888  0.000
   19 C  -0.0388   1.087  2.951  0.000
   20 C  -0.0239   1.078  2.946  0.000
   21 C  -0.0263   1.086  2.940  0.000
   22 C   0.0562   1.145  2.799  0.000
   23 N  -0.0815   1.223  3.858  0.000
   24 C   0.0448   1.140  2.816  0.000
   25 C  -0.0537   1.086  2.968  0.000
   26 C  -0.0349   1.079  2.956  0.000
   27 C  -0.0445   1.080  2.964  0.000
   28 C  -0.0402   1.083  2.958  0.000
   29 C   0.0165   1.119  2.864  0.000
   30 S  -0.0562   1.874  4.093  0.088
   31 C   0.0162   1.118  2.865  0.000
   32 C  -0.0399   1.082  2.958  0.000
   33 C  -0.0438   1.080  2.964  0.000
   34 C  -0.0329   1.079  2.954  0.000
   35 C  -0.0496   1.085  2.964  0.000
   36 C   0.0475   1.140  2.813  0.000
   37 C   0.0312   1.151  2.818  0.000
   38 N  -0.2201   1.432  3.788  0.000
   39 H   0.0350   0.965  0.000  0.000
   40 H   0.0386   0.961  0.000  0.000
   41 H   0.0361   0.964  0.000  0.000
   42 H   0.0354   0.965  0.000  0.000
   43 H   0.0373   0.963  0.000  0.000
   44 H   0.0359   0.964  0.000  0.000
   45 H   0.0370   0.963  0.000  0.000
   46 H   0.0344   0.966  0.000  0.000
   47 H   0.0370   0.963  0.000  0.000
   48 H   0.0357   0.964  0.000  0.000
   49 H   0.0329   0.967  0.000  0.000
   50 H   0.0383   0.962  0.000  0.000
   51 H   0.0366   0.963  0.000  0.000
   52 H   0.0329   0.967  0.000  0.000
   53 H   0.0340   0.966  0.000  0.000
   54 H   0.0335   0.967  0.000  0.000
   55 H   0.0347   0.965  0.000  0.000
   56 H   0.0343   0.966  0.000  0.000
   57 H   0.0330   0.967  0.000  0.000
   58 H   0.0340   0.966  0.000  0.000
   59 H   0.0331   0.967  0.000  0.000
 
 Wiberg/Mayer (AO) data. WBOs > 0.1 written file <wbo>
 largest (>0.05) Wiberg bond orders for each atom
           total WBO             WBO to atom ...
     1  C   3.972    C    6 1.438    C    2 1.420    H   39 0.943    C    4 0.105
     2  C   3.972    C    3 1.434    C    1 1.420    H   40 0.942    C    5 0.100
     3  C   3.969    C    2 1.434    C    4 1.390    H   41 0.944    C    6 0.107
     4  C   3.928    C    3 1.390    C    5 1.353    N   14 0.956    C    1 0.105
     5  C   3.948    C    6 1.386    C    4 1.353    S    7 1.003    C    2 0.100
     6  C   3.969    C    1 1.438    C    5 1.386    H   42 0.943    C    3 0.107
     7  S   2.284    C    8 1.009    C    5 1.003
     8  C   3.948    C    9 1.388    C   13 1.345    S    7 1.009    C   11 0.100
     9  C   3.968    C   10 1.437    C    8 1.388    H   43 0.943    C   12 0.106
    10  C   3.971    C    9 1.437    C   11 1.421    H   44 0.944    C   13 0.104
    11  C   3.972    C   12 1.432    C   10 1.421    H   45 0.944    C    8 0.100
    12  C   3.969    C   11 1.432    C   13 1.387    H   46 0.944    C    9 0.106
    13  C   3.931    C   12 1.387    C    8 1.345    N   14 0.972    C   10 0.104
    14  N   3.387    C   15 1.097    C   13 0.972    C    4 0.956    N   38 0.078
    15  C   3.920    N   38 1.438    C   16 1.212    N   14 1.097
    16  C   3.968    C   17 1.595    C   15 1.212    H   47 0.941    C   37 0.058
    17  C   3.968    C   16 1.595    C   18 1.221    H   48 0.939    N   38 0.099
    18  C   3.955    C   19 1.270    C   17 1.221    C   37 1.219    C   21 0.065
    19  C   3.969    C   20 1.539    C   18 1.270    H   49 0.942    C   22 0.111
    20  C   3.963    C   19 1.539    C   21 1.317    H   50 0.943    C   37 0.068
    21  C   3.969    C   22 1.509    C   20 1.317    H   51 0.945    C   18 0.065
    22  C   3.930    C   21 1.509    C   37 1.221    N   23 0.948    C   19 0.111
    23  N   3.326    C   24 1.013    C   36 1.011    C   22 0.948
    24  C   3.936    C   25 1.373    C   29 1.328    N   23 1.013    C   27 0.100
    25  C   3.968    C   26 1.433    C   24 1.373    H   52 0.941    C   28 0.101
    26  C   3.972    C   25 1.433    C   27 1.425    H   53 0.944    C   29 0.098
    27  C   3.970    C   26 1.425    C   28 1.423    H   54 0.944    C   24 0.100
    28  C   3.968    C   27 1.423    C   29 1.401    H   55 0.944    C   25 0.101
    29  C   3.949    C   28 1.401    C   24 1.328    S   30 1.007    C   26 0.098
    30  S   2.297    C   31 1.007    C   29 1.007
    31  C   3.949    C   32 1.402    C   36 1.329    S   30 1.007    C   34 0.097
    32  C   3.969    C   33 1.423    C   31 1.402    H   56 0.944    C   35 0.101
    33  C   3.971    C   34 1.425    C   32 1.423    H   57 0.944    C   36 0.101
    34  C   3.972    C   35 1.433    C   33 1.425    H   58 0.944    C   31 0.097
    35  C   3.969    C   34 1.433    C   36 1.373    H   59 0.941    C   32 0.101
    36  C   3.935    C   35 1.373    C   31 1.329    N   23 1.011    C   33 0.101
    37  C   3.943    N   38 1.247    C   22 1.221    C   18 1.219    C   20 0.068    C   16 0.058
    38  N   3.070    C   15 1.438    C   37 1.247    C   17 0.099    N   14 0.078
    39  H   0.997    C    1 0.943
    40  H   0.994    C    2 0.942
    41  H   0.998    C    3 0.944
    42  H   0.997    C    6 0.943
    43  H   0.997    C    9 0.943
    44  H   0.997    C   10 0.944
    45  H   0.995    C   11 0.944
    46  H   0.998    C   12 0.944
    47  H   0.996    C   16 0.941
    48  H   0.994    C   17 0.939
    49  H   0.995    C   19 0.942
    50  H   0.995    C   20 0.943
    51  H   0.996    C   21 0.945
    52  H   0.998    C   25 0.941
    53  H   0.995    C   26 0.944
    54  H   0.997    C   27 0.944
    55  H   0.997    C   28 0.944
    56  H   0.997    C   32 0.944
    57  H   0.997    C   33 0.944
    58  H   0.995    C   34 0.944
    59  H   0.998    C   35 0.941
 
 --------------------------------------------
          xTB calculation for sTDA...
 --------------------------------------------
 
 reading parameter file /home/penavora/Exe_xtb_crest/.param_stda2.xtb
 
      method parameters     
 k(s)        :  1.6000
 k(p)        :  2.1800
 k(d)        :  1.9500
 k(f)        :  2.0000
 k(R-V)      :  2.2750
 k(R-R)      :  1.7650
 Tscal       :  0.2580
 Gscal       :  1.0000
 fpol        :  1.0000
 Zcnf        :  0.3430
 Zqf         :  0.0000
 kcn         :  2.7000
 Ryd Hsplit  :  0.7000
 lshift(virt):  3.1000
 lshift(OS)  :  0.2000
 wllscaling  :  2.6000
 
 mowrcut     : 3.000
 
  Z AO/shell   Hii/eV     exponent
  1     Sun Feb 14 09:53:25 CET 2016    EN: 2.327 GAM: 0.473  GM3: 0.0000
     1s    -14.339618    1.220000
     2sp    -3.348946    0.600000
  6     Sun Feb 14 09:53:25 CET 2016    EN: 2.731 GAM: 0.422  GM3: 0.0000
     2s    -22.009312    1.565095
     2p    -13.020408    1.596905
     3sp    -3.914040    0.824500
  7     Sun Feb 14 09:53:25 CET 2016    EN: 3.573 GAM: 0.504  GM3: 0.0000
     2s    -25.722000    2.064844
     2p    -18.684912    1.801692
     3sp    -4.344791    0.921400
 16     Sun Feb 21 16:35:57 CET 2016    EN: 1.915 GAM: 0.200  GM3: 0.0000
     3s    -17.898811    2.619580
     3p    -15.317401    1.798798
     4sp    -4.455139    0.843200
 
 Nbf   :          409
 T(el) :     0.0
 calculating S/T integrals ...
 cpu time for ints    5.97990400000000     
 Nao   :          409
 making H0...
 making H1...
 cpu time for H      5.489999999999995E-003
 solving ...
 cpu time for diag   0.460032000000000     
 
 gap (eV)           :   5.836
 Koopmans IP (eV)   :  13.057
 Eel (Eh)           :  -153.087378

          eigenvalues
 #    :          78         79         80         81         82         83         84         85
 occ. :        2.000      2.000      2.000      2.000      2.000      2.000      2.000      2.000
 eps  :       -17.046    -17.032    -16.454    -16.254    -16.169    -15.976    -15.908    -15.876
 #    :          86         87         88         89         90         91         92         93
 occ. :        2.000      2.000      2.000      2.000      2.000      0.000      0.000      0.000
 eps  :       -15.612    -14.907    -14.876    -13.754    -13.058     -7.222     -6.209     -5.932
 #    :          94         95         96         97         98         99        100        101
 occ. :        0.000      0.000      0.000      0.000      0.000      0.000      0.000      0.000
 eps  :        -5.841     -5.690     -5.589     -5.562     -5.362     -5.270     -5.215     -4.969
                            1  SCC done.
 writing mo output ...
 molden style : F
 
speedup 21.50
cpu  time for all   11.99 s
wall time for all    0.56 s
