  97
 Etot=        -161.5192619160
 F         -4.0817891203       -5.8437519737       -0.4118965343
 C         -4.4135857652       -5.2109034621        0.7325290089
 F         -5.4972167235       -5.8788313127        1.2028555508
 F         -3.4240940777       -5.4758065063        1.6022178673
 C         -4.6745063249       -3.7530019513        0.5416456220
 C         -4.2318041788       -2.8235894127        1.4820039365
 C         -4.5053415617       -1.4856805093        1.3016254766
 C         -5.2345644208       -1.0603514728        0.1851212282
 N         -5.5008307636        0.2987620881        0.0043971706
 C         -4.5364040676        1.3216775065       -0.0464220989
 C         -3.1345780272        1.1793744494       -0.0865169274
 C         -2.4332840526       -0.0127751545       -0.4088487488
 C         -1.0716022864       -0.0418673358       -0.4445241660
 C         -0.2785790954        1.0939002602       -0.1303620720
 C          1.1479928638        1.0336338616       -0.1124040881
 C          1.9291258131        1.9778048346        0.6043686916
 C          3.2894542444        1.8930626347        0.6530449275
 C          3.9880722356        0.8584487989       -0.0119371291
 C          5.4097592243        0.8355487787        0.0890513015
 N          6.1180801450        1.8965980128        0.4515037776
 C          7.4206081939        1.5623558988        0.3705766395
 C          8.4597454853        2.5106990673        0.7362503432
 C          8.1960614687        3.8771505259        0.6237629835
 C          9.1567393202        4.8068373094        0.9702001349
 C         10.3922287375        4.3889062753        1.4405423331
 C         10.6553842172        3.0346610163        1.5743652824
 C          9.6984521771        2.0991539499        1.2290400889
 C          7.5371381728        0.2321524110       -0.0552167343
 C          8.7148320898       -0.5750914658       -0.3261901616
 C          8.8471531655       -1.8647636869        0.1904988253
 C          9.9746886794       -2.6142528167       -0.0875520098
 C         10.9809417890       -2.0942204255       -0.8856780679
 C         10.8590391642       -0.8124533832       -1.4005078992
 C          9.7377649949       -0.0553529728       -1.1232433352
 N          6.2523442300       -0.2213786104       -0.2127521507
 C          5.9032795508       -1.5434426270       -0.5569457074
 C          6.3740748359       -2.1006684372       -1.7407128430
 C          6.0472111321       -3.4067013183       -2.0588411587
 C          5.2554174879       -4.1563166830       -1.2042019567
 C          4.7893430028       -3.5992905773       -0.0235035768
 C          5.1138536611       -2.2967369853        0.3073984652
 C          3.2268780418       -0.0502638604       -0.7771113832
 C          1.8639247075        0.0315350993       -0.8157260165
 C         -0.9871305785        2.2939859133        0.1545621972
 C         -2.3456076136        2.3417829575        0.1502670848
 N         -5.1258475062        2.5201941714       -0.1455302943
 C         -6.4386897733        2.2996617185       -0.2048411424
 C         -7.4716865783        3.2647343466       -0.3909077428
 C         -7.1666768442        4.6176558869       -0.5669601829
 C         -8.1685097083        5.5338205783       -0.7902686353
 C         -9.4883659483        5.0974233280       -0.8473412295
 C         -9.8001076741        3.7658290420       -0.6693557639
 C         -8.8083320382        2.8060824148       -0.4242888029
 C         -9.1062528204        1.4028167918       -0.1819602015
 C        -10.4235236634        0.9420544132       -0.0975621152
 C        -10.7265596395       -0.3715955539        0.1896289070
 C         -9.7027286335       -1.2840472579        0.4331068510
 C         -8.3953705398       -0.8788141061        0.3485233263
 C         -8.0578786089        0.4489487319        0.0148491602
 C         -6.7289321000        0.9173558862       -0.0895548116
 C         -5.6766969319       -2.0003605306       -0.7542754319
 C         -5.3981620290       -3.3370369756       -0.5776055533
 H         -3.6780203379       -3.1539466596        2.3467982094
 H         -4.1626767996       -0.7568947302        2.0196355243
 H         -2.9798617503       -0.9034155393       -0.6737678392
 H         -0.5855996347       -0.9745220949       -0.6867722776
 H          1.4353072381        2.7564421187        1.1641475382
 H          3.8697252208        2.6037802133        1.2210762661
 H          7.2288570067        4.1867210462        0.2582459381
 H          8.9435171404        5.8615989625        0.8737584244
 H         11.1448885518        5.1156336443        1.7092235974
 H         11.6107863943        2.7047134031        1.9560210485
 H          9.9044980421        1.0471185779        1.3570609313
 H          8.0742792884       -2.2704407645        0.8268574462
 H         10.0682644809       -3.6088903874        0.3229616730
 H         11.8585532755       -2.6842637651       -1.1037188109
 H         11.6405086560       -0.4019960231       -2.0229249119
 H          9.6370854834        0.9418562941       -1.5265069053
 H          6.9855694458       -1.5079248119       -2.4046815018
 H          6.4112008882       -3.8371688909       -2.9794384809
 H          5.0017691351       -5.1745393636       -1.4570989615
 H          4.1747098447       -4.1815294343        0.6463276068
 H          4.7572809689       -1.8535541549        1.2257835916
 H          3.7236989989       -0.7996149478       -1.3735758554
 H          1.3251333246       -0.6606315705       -1.4440568660
 H         -0.4338683939        3.2016441208        0.3392381542
 H         -2.8698962681        3.2642922264        0.3446333102
 H         -6.1285864732        4.9101177766       -0.5297693866
 H         -7.9351709762        6.5792086636       -0.9264558015
 H        -10.2806771388        5.8080298562       -1.0334624635
 H        -10.8370072392        3.4763283183       -0.7271728938
 H        -11.2411154412        1.6283407615       -0.2464942907
 H        -11.7575745267       -0.6874954639        0.2443958079
 H         -9.9351571589       -2.3059581804        0.6938985611
 H         -7.6111573881       -1.5847545163        0.5650152246
 H         -6.2310081493       -1.6676458643       -1.6185334880
 H         -5.7268943852       -4.0642657625       -1.3040188880
  97
 Etot=        -161.5193288681
 F         -4.0817647177       -5.8389636570       -0.4136891625
 C         -4.4130912569       -5.2102182436        0.7318222907
 F         -5.4970064503       -5.8745451357        1.2024185197
 F         -3.4229696661       -5.4707223508        1.6006922307
 C         -4.6745814119       -3.7520405675        0.5410815105
 C         -4.2315228936       -2.8224412082        1.4803952506
 C         -4.5047069550       -1.4846093855        1.3002500247
 C         -5.2349311260       -1.0592226269        0.1848646932
 N         -5.5005078908        0.2988336942        0.0042184668
 C         -4.5360691962        1.3213237568       -0.0461463124
 C         -3.1344050053        1.1783314283       -0.0853834940
 C         -2.4336300652       -0.0141696508       -0.4065721532
 C         -1.0720221284       -0.0428000173       -0.4426668270
 C         -0.2788995768        1.0927924467       -0.1290725102
 C          1.1475113574        1.0323359237       -0.1111207783
 C          1.9290368233        1.9771084732        0.6040020796
 C          3.2892484036        1.8927758724        0.6521213441
 C          3.9873215027        0.8574679220       -0.0115130405
 C          5.4088367102        0.8359145510        0.0888326841
 N          6.1172539723        1.8964714867        0.4502265039
 C          7.4191497244        1.5626812684        0.3697429380
 C          8.4585461656        2.5099991566        0.7355365046
 C          8.1944526033        3.8759264407        0.6235663132
 C          9.1553085834        4.8052296698        0.9694699477
 C         10.3905511169        4.3873728716        1.4396024186
 C         10.6538386385        3.0333992857        1.5728791279
 C          9.6973519092        2.0979578261        1.2270226678
 C          7.5362116987        0.2329566613       -0.0563065863
 C          8.7131634145       -0.5744940412       -0.3270279003
 C          8.8441168132       -1.8649521885        0.1876827567
 C          9.9719592696       -2.6139200041       -0.0892037292
 C         10.9791215417       -2.0934619293       -0.8854095559
 C         10.8582689171       -0.8112881187       -1.3986828530
 C          9.7372386869       -0.0542589587       -1.1219306371
 N          6.2516395290       -0.2208196196       -0.2132105097
 C          5.9037023734       -1.5416802147       -0.5567698551
 C          6.3763706326       -2.0999358842       -1.7392502606
 C          6.0492143295       -3.4055892175       -2.0571861582
 C          5.2569223759       -4.1547369275       -1.2029675360
 C          4.7896465016       -3.5970633748       -0.0233256868
 C          5.1132071999       -2.2944335245        0.3068536205
 C          3.2260841976       -0.0531716915       -0.7741341236
 C          1.8632613415        0.0291487302       -0.8126601222
 C         -0.9875256256        2.2927390863        0.1551952435
 C         -2.3458907055        2.3407187142        0.1506020677
 N         -5.1250658220        2.5193867052       -0.1451569365
 C         -6.4371615379        2.2994945637       -0.2048894524
 C         -7.4702337887        3.2641430100       -0.3907359926
 C         -7.1651202098        4.6165764243       -0.5664055220
 C         -8.1670561789        5.5323546846       -0.7896631527
 C         -9.4865573612        5.0960489986       -0.8474084258
 C         -9.7983166381        3.7647950271       -0.6688725213
 C         -8.8065786056        2.8054395922       -0.4241751279
 C         -9.1044710206        1.4025040668       -0.1818872273
 C        -10.4214330623        0.9421119745       -0.0969092904
 C        -10.7244349097       -0.3713908665        0.1897753050
 C         -9.7007700811       -1.2838812501        0.4323044795
 C         -8.3934988925       -0.8794316964        0.3464622913
 C         -8.0563774315        0.4484644569        0.0140181147
 C         -6.7278089508        0.9168920173       -0.0901473594
 C         -5.6781433107       -1.9992814891       -0.7534606192
 C         -5.3993369853       -3.3357677397       -0.5767528801
 H         -3.6779151136       -3.1532498933        2.3450544031
 H         -4.1609962364       -0.7553960865        2.0172284369
 H         -2.9799817785       -0.9045757093       -0.6725064117
 H         -0.5855852145       -0.9749463749       -0.6861978946
 H          1.4350164560        2.7561448902        1.1630898260
 H          3.8700858404        2.6041346538        1.2181503167
 H          7.2269784364        4.1848955408        0.2591064610
 H          8.9426116328        5.8599251400        0.8733106194
 H         11.1430421250        5.1139281075        1.7087088041
 H         11.6092817229        2.7038383653        1.9545573616
 H          9.9032892449        1.0458709984        1.3558276998
 H          8.0708801929       -2.2709991203        0.8236199667
 H         10.0656406056       -3.6083700746        0.3214548615
 H         11.8566769516       -2.6834513406       -1.1030608057
 H         11.6402338557       -0.4010773781       -2.0203565197
 H          9.6377738966        0.9435088180       -1.5237725074
 H          6.9887519723       -1.5077152325       -2.4028855697
 H          6.4127225885       -3.8363628595       -2.9777790428
 H          5.0030527733       -5.1728364395       -1.4558107783
 H          4.1747360787       -4.1794369474        0.6460508823
 H          4.7554532076       -1.8505304777        1.2242681139
 H          3.7226006512       -0.8021714158       -1.3716037672
 H          1.3241626128       -0.6624050129       -1.4414879758
 H         -0.4337858361        3.2002771088        0.3390733884
 H         -2.8704991449        3.2630130149        0.3434713236
 H         -6.1272474449        4.9086994201       -0.5287425441
 H         -7.9343979533        6.5776727764       -0.9260778832
 H        -10.2788563770        5.8064932475       -1.0337539627
 H        -10.8353931204        3.4753128615       -0.7269686527
 H        -11.2392613243        1.6283813787       -0.2456433126
 H        -11.7553216223       -0.6871965083        0.2450041880
 H         -9.9336269721       -2.3054873906        0.6931179465
 H         -7.6094662838       -1.5854325193        0.5633777556
 H         -6.2330332839       -1.6660256215       -1.6171840387
 H         -5.7285595551       -4.0632004751       -1.3025660443
  97
 Etot=        -161.5193608304
 F         -4.0813118262       -5.8338978423       -0.4160711017
 C         -4.4119751795       -5.2094881933        0.7304653920
 F         -5.4953889429       -5.8704689666        1.2014616682
 F         -3.4208958574       -5.4657899377        1.5979361364
 C         -4.6744152432       -3.7503071733        0.5400945620
 C         -4.2303610437       -2.8206166758        1.4783073927
 C         -4.5031017936       -1.4829059452        1.2984194965
 C         -5.2347133735       -1.0576665681        0.1841331701
 N         -5.4997366956        0.2992231916        0.0038225883
 C         -4.5351754465        1.3212351857       -0.0455521640
 C         -3.1337964762        1.1770212596       -0.0840287214
 C         -2.4340037568       -0.0160849150       -0.4044746915
 C         -1.0725173686       -0.0446582789       -0.4402375976
 C         -0.2793519718        1.0907826636       -0.1269076953
 C          1.1466850976        1.0300524174       -0.1088757357
 C          1.9284218512        1.9764592328        0.6035618438
 C          3.2885319158        1.8929168500        0.6505443395
 C          3.9859393136        0.8563429176       -0.0113136673
 C          5.4071455407        0.8366251574        0.0884756105
 N          6.1155314070        1.8968029772        0.4490984740
 C          7.4168047936        1.5636643974        0.3683522254
 C          8.4565969432        2.5096545788        0.7345661463
 C          8.1919907746        3.8752385651        0.6234254671
 C          9.1532040484        4.8040707624        0.9688790870
 C         10.3884480578        4.3857810234        1.4381899548
 C         10.6517376515        3.0318379065        1.5708972521
 C          9.6952924263        2.0966194142        1.2249948470
 C          7.5346155292        0.2342517217       -0.0580189303
 C          8.7107717281       -0.5734386076       -0.3281825608
 C          8.8397326870       -1.8650763338        0.1839914270
 C          9.9677405257       -2.6138498462       -0.0917540006
 C         10.9766043857       -2.0926715542       -0.8851525935
 C         10.8575500763       -0.8095097455       -1.3961302148
 C          9.7367867261       -0.0523175083       -1.1198941607
 N          6.2502792880       -0.2200149986       -0.2139915150
 C          5.9037788970       -1.5395684068       -0.5568038337
 C          6.3794176440       -2.0993901296       -1.7374615361
 C          6.0524612437       -3.4049081325       -2.0548732371
 C          5.2587915853       -4.1532901904       -1.2013550718
 C          4.7892710419       -3.5945210043       -0.0232003931
 C          5.1114425395       -2.2915747621        0.3058469496
 C          3.2247922275       -0.0566012030       -0.7711764435
 C          1.8621202777        0.0257197378       -0.8088302016
 C         -0.9875624846        2.2911184703        0.1559961574
 C         -2.3457461883        2.3395007819        0.1510185804
 N         -5.1237289706        2.5189197170       -0.1445325835
 C         -6.4351349687        2.2997054949       -0.2049124907
 C         -7.4683388628        3.2638385905       -0.3903649085
 C         -7.1627702626        4.6159019152       -0.5655596350
 C         -8.1647593271        5.5313867002       -0.7891020083
 C         -9.4840103866        5.0950699315       -0.8475992681
 C         -9.7959599985        3.7639683379       -0.6687711250
 C         -8.8044060708        2.8048718949       -0.4240372466
 C         -9.1023393809        1.4021199411       -0.1819775316
 C        -10.4190442382        0.9419654487       -0.0961347222
 C        -10.7219592685       -0.3715430328        0.1900857524
 C         -9.6983128442       -1.2841352296        0.4313790582
 C         -8.3911170333       -0.8801586951        0.3447082710
 C         -8.0544180252        0.4479481449        0.0130997457
 C         -6.7262382227        0.9165848566       -0.0911282850
 C         -5.6797188845       -1.9977577213       -0.7530391970
 C         -5.4008911688       -3.3340154799       -0.5761578683
 H         -3.6756159266       -3.1517499223        2.3421115013
 H         -4.1581336692       -0.7530707932        2.0141034019
 H         -2.9801457621       -0.9065731997       -0.6701554858
 H         -0.5857321139       -0.9768061146       -0.6832626238
 H          1.4341577808        2.7565318328        1.1610768905
 H          3.8702621100        2.6054974513        1.2136863993
 H          7.2240135791        4.1833999071        0.2601862140
 H          8.9411955635        5.8588340614        0.8732340904
 H         11.1410721736        5.1119754601        1.7074352553
 H         11.6074965102        2.7024442724        1.9518251975
 H          9.9015959014        1.0443912844        1.3526075649
 H          8.0648360019       -2.2723564444        0.8172874052
 H         10.0601466955       -3.6090884580        0.3171269337
 H         11.8542371872       -2.6826413563       -1.1019701091
 H         11.6412271222       -0.3987994552       -2.0151570735
 H          9.6392091835        0.9465655795       -1.5192592043
 H          6.9938269679       -1.5080301322       -2.4000450939
 H          6.4175138880       -3.8368303156       -2.9742958310
 H          5.0056218312       -5.1716314975       -1.4535519364
 H          4.1735338135       -4.1767822568        0.6454663158
 H          4.7513708561       -1.8461072720        1.2215243936
 H          3.7206227370       -0.8074537174       -1.3669937911
 H          1.3223235316       -0.6680638157       -1.4347040312
 H         -0.4330852015        3.1983956631        0.3390719814
 H         -2.8707969000        3.2615150652        0.3427840678
 H         -6.1249469834        4.9074522533       -0.5271679381
 H         -7.9328101003        6.5767591868       -0.9254403100
 H        -10.2762498689        5.8053269161       -1.0344496346
 H        -10.8331605907        3.4746450906       -0.7271854967
 H        -11.2371748516        1.6282883566       -0.2434754815
 H        -11.7527032171       -0.6872771764        0.2462472681
 H         -9.9315075458       -2.3057509028        0.6914298432
 H         -7.6074039825       -1.5865902634        0.5608949200
 H         -6.2365071740       -1.6639138485       -1.6153643581
 H         -5.7318637493       -4.0618438948       -1.3007501640
