  56
 Etot=         -95.5111155060
 N          6.9980273878       -1.7236682120       -0.8011696295
 C          6.0276200866       -1.1216369704       -0.7041121557
 C          4.8319066919       -0.3761610778       -0.5844950619
 C          3.7583339283       -0.6381398514       -1.4358774556
 C          2.5893921287        0.0824902721       -1.3066156492
 C          2.4722601868        1.0693675562       -0.3297256212
 C          1.2084637238        1.8088743484       -0.1562677246
 C          1.2025354602        3.1951354241       -0.1373701102
 C          0.0016927157        3.8894773552        0.0007911035
 C          0.0020566727        5.3035638713        0.0011821473
 N          0.0024969408        6.4496142854        0.0013217509
 C         -1.1995994675        3.1958397521        0.1386082952
 C         -1.2064025722        1.8095897008        0.1568684182
 C         -2.4706833154        1.0707808292        0.3297921914
 C         -3.5558075501        1.3454086963       -0.4994001791
 C         -4.7282939432        0.6289689652       -0.3810989032
 C         -4.8310788733       -0.3737191413        0.5831877990
 C         -6.0271723875       -1.1187110837        0.7020564557
 N         -6.9979056915       -1.7203572610        0.7983350250
 C         -3.7580646401       -0.6362894493        1.4350822881
 C         -2.5887360601        0.0838353393        1.3064967302
 C          0.0008069327        1.1127565449        0.0001613995
 N          0.0003151881       -0.2949600320       -0.0001162285
 C          0.6491583464       -1.0052223061        1.0138817023
 C          1.2519358116       -0.3708675720        2.0918746343
 C          1.9074532053       -1.1042153716        3.0692121050
 C          1.9532069576       -2.4811628065        2.9925188036
 C          1.3096649168       -3.1311575383        1.9499208471
 C          0.6526408568       -2.4047832331        0.9741468743
 O         -0.0029200480       -3.1145610710        0.0005326246
 C         -0.6568668977       -2.4037527602       -0.9734034977
 C         -1.3155983953       -3.1290370810       -1.9488377368
 C         -1.9576337881       -2.4780084735       -2.9917204257
 C         -1.9086811074       -1.1012041831       -3.0690423571
 C         -1.2514855770       -0.3689465230       -2.0920191096
 C         -0.6501873820       -1.0042293135       -1.0137420531
 C          3.5579041647        1.3433362941        0.4990089920
 C          4.7300161253        0.6263948209        0.3800260028
 H          3.8480235407       -1.4051012918       -2.1906731612
 H          1.7664450341       -0.1125119629       -1.9788113731
 H          2.1270548971        3.7397021980       -0.2606049249
 H         -2.1237727567        3.7409350239        0.2620973966
 H         -3.4697985162        2.1131468583       -1.2543742730
 H         -5.5658771436        0.8343802159       -1.0307573640
 H         -3.8484668776       -1.4033164580        2.1897256216
 H         -1.7661772115       -0.1116513748        1.9790350731
 H          1.2007195980        0.7034981397        2.1779059158
 H          2.3760969392       -0.5862073593        3.8914361792
 H          2.4689662494       -3.0561026515        3.7447705766
 H          1.3000750027       -4.2067731800        1.8789185984
 H         -1.3085472461       -4.2046390405       -1.8773415241
 H         -2.4748062483       -3.0520799766       -3.7436627714
 H         -2.3761840994       -0.5824829862       -3.8914658342
 H         -1.1978195587        0.7052749874       -2.1784561195
 H          3.4726259710        2.1109883172        1.2541564678
 H          5.5680039497        0.8313342331        1.0293116262
