 
        ______________________________________
       |                                      |
       |          ===================         |
       |             xTB for sTDA             |
       |          ===================         |
       |               S. Grimme              |
       |        Universitaet Bonn, MCTC       |
       |         2015-19, Version 1.0         |
       |     Wed Apr  3 09:14:55 CEST 2019    |
       |______________________________________|
 
        This code comes without any warranty
        for non-commercial, academia use only.
        Preliminary test version.
        Cite this work as:
        S. Grimme  &  C. Bannwarth, JCP 145 (2016) 054103
        if GBSA is used additionally:
        P. Shushkov, F. März, C. Bannwarth, S. Grimme, unpublished.
 
        with help from
        P. Shushkov, G. Brandenburg, S. Dohm, J. Pisarek,
        F. März, M. Checinski, S. Ehrlich, S. Spicher, 
        P. Pracht, E. Caldeweyher, S. Ehlert, and C. Bannwarth.
 
        usage        :
        xtb4stda <coord_file> [options]
        where <coord_file> is a valid file of TM)
        (*coord, Bohr) or xmol (*xyz, Angstroem)
        format.

        options:
        -chrg <int>   : molecular charge
        -uhf  <int>   : # of unpaired electrons(=2*S)
        -nox          : skip second, extended part in sTDA-xTB
        -pop          : do population analysis
                      : (default for -nox)
        -mowr <real>  : cut MO write above (def.3 Eh)
        -molden       : write formatted molden file
        -parx <file>  : read parameters for sTDA-xTB
                        calc (def:~/.param_stda2.xtb)
        -parv <file>  : read parameters for vTB part in
                        sTDA-xTB (def: ~/.param_stda1.xtb)
        -xtemp <real> : el. temp for xTB (def. 0 K)
        -etemp <real> : el. temp for GFN (def. 300 K)
        -fod          : calculate the FOD and write
                        molden.input file with
                        appropriate occupations
                        for plotting. Def. T=12500 K
 
        -acc <real>   : xTB accuracy (def. 1.0)
        -gbsa [string1] [string2]
                        use GBSA implicit solvent
                        for solvent [string1] and
                        solvation state [string2]=
                        reference, bar1M (default=1M)
        additional GFN/opt/MD/siman options read from
        $XTB4STDAHOME/.xtb4stdarc or $set in input
 
       spin and charge state information can be on:
       <.CHRG> (charge) and <.UHF> (=nalpha-nbeta)
       -uhf and -chrg override the file info.
       useful machine settings:
       setenv MKL_NUM_THREADS <NCORE_ON_YOUR_MACHINE>
       setenv OMP_STACKSIZE 500m
       limit stacksize unlimited
 
       total energies in Eh, gaps/HL energies in eV
       please read REVISION and HOWTO files carefully
 =============================
  # OMP threads =          48
 =============================
 
 xtb4stdahome directory:/home/penavora/Exe_xtb_crest/
 
 argument            1 :--gbsa
 argument            2 :toluene
 
 name of molecule           :
 comment line               :
 number of atoms            :    84
 number of electrons        :   234
 charge                     :  0
 spin                       : 0.0
 first test random number   :  0.6890
 
 -----------------------------------------
      charge density (VTB) calculation
 -----------------------------------------
 
      method parameters     
 k(s)        :  1.8000
 k(p)        :  2.8350
 k(d)        :  2.0860
 k(f)        :  2.0000
 Tscal       :  0.3300
 Gscal       :  0.3910
 fpol        :  1.0000
 Zcnf        :  0.6500
 Zqf         :  0.0000
 kcn         :  0.3000
 kEN1        : -0.5900
 wllscal     :  2.6000
 
 Solvent             : toluene
 GBSA parameter file : /home/penavora/Exe_xtb_crest/.param_gbsa_toluene
 Gsolv ref. state (COSMO-RS): gsolv [1 M gas/solution]
 temperature (mdtemp)       :    298.150000000000     
 dielectric constant        :    7.00000000000000     
 rho                        :   0.867000000000000     
 mass                       :    92.1400000000000     
 surface tension            :    15.5689470637553     
 probe radius               :   0.641644990000000     
 vdW radii scaling          :    1.00000000000000     
 Gshift (Eh)                :   4.228772547061559E-003
 c1                         :    1.59772343000000     
 soset                      :   0.281999450000000     
 HB correction              :  F
 
 doing EN charges ...
 sum q : -0.7771561D-15
 point charge moment (au)
     X       Y       Z   
   0.0301   0.5967   0.1046  total (Debye):    1.542
 
            Z      q(EN)   CN      Cart. coordinates
     1  C   4.0  -0.244   4.104    11.81148     6.06890     1.64059
     2  C   4.0  -0.032   4.139    11.69760     4.14654    -0.54244
     3  C   4.0  -0.244   4.104    13.86001     4.63310    -2.42899
     4  C   4.0   0.010   3.300    12.00349     1.50702     0.53402
     5  C   4.0  -0.072   3.197    14.19275     0.90081     1.84910
     6  C   4.0  -0.072   3.140    14.61589    -1.48770     2.81932
     7  C   4.0  -0.072   3.144    12.82509    -3.35418     2.44068
     8  C   4.0  -0.069   3.200    10.63423    -2.80424     1.13992
     9  C   4.0   0.094   3.299    10.17595    -0.37454     0.20879
    10  N   5.0  -0.312   3.253     7.95059     0.12272    -1.09768
    11  C   4.0   0.080   3.292     6.15968    -1.83095    -1.43058
    12  C   4.0  -0.068   3.181     5.81016    -2.90876    -3.81040
    13  C   4.0  -0.072   3.184     4.03775    -4.78799    -4.14140
    14  C   4.0  -0.003   3.207     2.54617    -5.59156    -2.11416
    15  C   4.0   0.100   3.144     0.56259    -7.49039    -2.55683
    16  O   6.0  -0.104   1.056     0.36354    -8.72087    -4.48890
    17  C   4.0   0.100   3.143    -1.33531    -7.77930    -0.39429
    18  O   6.0  -0.104   1.056    -1.26623    -9.59664     1.01593
    19  C   4.0  -0.003   3.207    -3.14150    -5.68579    -0.16012
    20  C   4.0  -0.072   3.185    -3.34390    -3.82424    -2.02580
    21  C   4.0  -0.068   3.186    -4.95425    -1.80650    -1.69473
    22  C   4.0   0.082   3.289    -6.39437    -1.59301     0.50736
    23  N   5.0  -0.311   3.249    -7.96769     0.52107     0.87702
    24  C   4.0   0.093   3.298    -6.88123     2.91222     1.09139
    25  C   4.0  -0.070   3.201    -4.25324     3.18403     1.00886
    26  C   4.0  -0.072   3.144    -3.13116     5.53018     1.18471
    27  C   4.0  -0.072   3.140    -4.61487     7.66119     1.48566
    28  C   4.0  -0.072   3.198    -7.20614     7.39006     1.66423
    29  C   4.0   0.010   3.300    -8.38427     5.04960     1.49068
    30  C   4.0  -0.032   4.140   -11.22650     4.89262     1.82014
    31  C   4.0  -0.244   4.104   -12.50649     6.54488    -0.20606
    32  C   4.0  -0.244   4.104   -11.89587     5.85810     4.48358
    33  C   4.0   0.010   3.300   -12.18547     2.20736     1.54005
    34  C   4.0  -0.072   3.198   -14.76281     1.73919     1.72116
    35  C   4.0  -0.072   3.140   -15.76996    -0.64603     1.37960
    36  C   4.0  -0.072   3.144   -14.17359    -2.62928     0.78454
    37  C   4.0  -0.069   3.201   -11.60605    -2.21835     0.60760
    38  C   4.0   0.093   3.300   -10.57217     0.17433     1.04454
    39  C   4.0  -0.068   3.182    -6.24268    -3.48060     2.34570
    40  C   4.0  -0.072   3.184    -4.63876    -5.50225     2.01120
    41  C   4.0  -0.072   3.185     2.91845    -4.52208     0.27222
    42  C   4.0  -0.068   3.183     4.72377    -2.67486     0.61296
    43  C   4.0   0.094   3.302     7.43907     2.49671    -2.10356
    44  C   4.0  -0.069   3.201     5.10549     2.95429    -3.25607
    45  C   4.0  -0.072   3.144     4.54790     5.28310    -4.28574
    46  C   4.0  -0.072   3.140     6.30738     7.21281    -4.16412
    47  C   4.0  -0.072   3.197     8.58823     6.78498    -2.96406
    48  C   4.0   0.010   3.299     9.19527     4.46118    -1.90454
    49  H   1.0   0.082   0.999    10.27051     5.72375     2.95949
    50  H   1.0   0.083   1.000    13.58537     5.91271     2.66165
    51  H   1.0   0.083   1.000    11.64376     7.98997     0.93696
    52  H   1.0   0.083   1.000    15.68737     4.47018    -1.50778
    53  H   1.0   0.083   1.000    13.71311     6.51376    -3.23934
    54  H   1.0   0.082   0.999    13.77949     3.25872    -3.95808
    55  H   1.0   0.076   1.006    15.62288     2.32862     2.12490
    56  H   1.0   0.074   1.004    16.33707    -1.89161     3.83744
    57  H   1.0   0.074   1.004    13.13017    -5.24481     3.14684
    58  H   1.0   0.077   1.008     9.26758    -4.28482     0.82592
    59  H   1.0   0.075   1.005     6.93999    -2.25801    -5.37979
    60  H   1.0   0.075   1.005     3.75270    -5.65514    -5.96685
    61  H   1.0   0.076   1.007    -2.26029    -3.98297    -3.74711
    62  H   1.0   0.076   1.005    -5.11583    -0.36960    -3.13429
    63  H   1.0   0.077   1.008    -3.06378     1.53908     0.82345
    64  H   1.0   0.074   1.004    -1.09768     5.68263     1.09881
    65  H   1.0   0.074   1.004    -3.76365     9.51054     1.61494
    66  H   1.0   0.076   1.006    -8.33957     9.05941     1.95964
    67  H   1.0   0.083   1.000   -14.54809     6.51385     0.00254
    68  H   1.0   0.083   1.000   -11.87973     8.49443    -0.06671
    69  H   1.0   0.082   0.999   -12.03561     5.84308    -2.08195
    70  H   1.0   0.082   0.999   -10.96535     4.69683     5.90443
    71  H   1.0   0.083   1.000   -13.92211     5.77395     4.80299
    72  H   1.0   0.083   1.000   -11.28331     7.80147     4.73387
    73  H   1.0   0.076   1.006   -16.03254     3.28036     2.13578
    74  H   1.0   0.074   1.004   -17.78137    -0.94468     1.54326
    75  H   1.0   0.074   1.004   -14.92025    -4.49836     0.44619
    76  H   1.0   0.077   1.008   -10.38818    -3.77325     0.10145
    77  H   1.0   0.076   1.005    -7.37256    -3.32508     4.03754
    78  H   1.0   0.075   1.005    -4.46920    -6.95515     3.43454
    79  H   1.0   0.076   1.007     1.79722    -5.15069     1.85675
    80  H   1.0   0.076   1.005     5.02164    -1.84616     2.45354
    81  H   1.0   0.077   1.008     3.70721     1.47205    -3.33400
    82  H   1.0   0.074   1.004     2.73333     5.58637    -5.16977
    83  H   1.0   0.074   1.004     5.90140     9.04108    -4.97324
    84  H   1.0   0.076   1.006     9.92939     8.31737    -2.85045
 
  Z AO/shell   Hii/eV     exponent
  1     Sat Feb 20 21:38:01 CET 2016    EN: 2.327 GAM: 0.473  GM3: 0.0000
     1s    -13.751157    1.051071
  6     Sat Feb 20 21:38:01 CET 2016    EN: 2.731 GAM: 0.422  GM3: 0.0000
     2s    -19.378245    2.021003
     2p    -11.993376    1.497917
  7     Sat Feb 20 21:38:01 CET 2016    EN: 3.573 GAM: 0.504  GM3: 0.0000
     2s    -21.576984    2.275442
     2p    -16.125120    2.056788
  8     Sat Feb 20 21:38:01 CET 2016    EN: 3.700 GAM: 0.587  GM3: 0.0000
     2s    -21.648843    2.110798
     2p    -17.239740    2.329048
 
 dipole moment of classical point charges (au)
     X       Y       Z   
   0.0301   0.5967   0.1046  total (Debye):    1.542

 
 Nbf   :          228
 T(el) :   300.0
 calculating S/T integrals ...
 cpu time for ints    1.81270100000000     
 Nao   :          228
 making H0...
 making H1...
 cpu time for H      0.278617000000000     
 solving ...
 cpu time for diag   0.975029000000000     
 
 gap (eV)           :   3.725
 Koopmans IP (eV)   :  12.763
 Eel (Eh)           :  -181.407852
 T,E(Fermi),NFOD :    300.000   -10.901  0.000000
 T,E(Fermi),NFOD :    300.000   -10.901  0.000000
 Nfod               :  0.0000
 Nfod/Nel           :  0.0000

          eigenvalues
 #    :         105        106        107        108        109        110        111        112
 occ. :        2.000      2.000      2.000      2.000      2.000      2.000      2.000      2.000
 eps  :       -15.493    -15.460    -15.269    -15.262    -15.237    -15.170    -15.140    -15.123
 #    :         113        114        115        116        117        118        119        120
 occ. :        2.000      2.000      2.000      2.000      2.000      0.000      0.000      0.000
 eps  :       -15.095    -15.071    -14.675    -12.774    -12.765     -9.039     -8.213     -6.782
 #    :         121        122        123        124        125        126        127        128
 occ. :        0.000      0.000      0.000      0.000      0.000      0.000      0.000      0.000
 eps  :        -6.724     -5.571     -5.550     -5.463     -5.272     -5.245     -5.236     -5.228
                            1  SCC done.
 making H1...
 cpu time for H       1.15112900000000     
 solving ...
 cpu time for diag   0.370478000000000     
 
 gap (eV)           :   3.464
 Koopmans IP (eV)   :  12.784
 Eel (Eh)           :  -181.865306
 T,E(Fermi),NFOD :    300.000   -11.052  0.000000
 T,E(Fermi),NFOD :    300.000   -11.052  0.000000
 Nfod               :  0.0000
 Nfod/Nel           :  0.0000

          eigenvalues
 #    :         105        106        107        108        109        110        111        112
 occ. :        2.000      2.000      2.000      2.000      2.000      2.000      2.000      2.000
 eps  :       -15.750    -15.717    -15.462    -15.372    -15.216    -15.213    -15.137    -15.133
 #    :         113        114        115        116        117        118        119        120
 occ. :        2.000      2.000      2.000      2.000      2.000      0.000      0.000      0.000
 eps  :       -15.037    -15.033    -14.060    -12.797    -12.785     -9.321     -8.569     -6.918
 #    :         121        122        123        124        125        126        127        128
 occ. :        0.000      0.000      0.000      0.000      0.000      0.000      0.000      0.000
 eps  :        -6.843     -5.791     -5.507     -5.496     -5.482     -5.440     -5.268     -5.254
                            2  SCC done.
 
 
 Mulliken/CM5 charges    n(s)   n(p)   n(d)   
    1 C  -0.1004 -0.2475   1.108  2.992  0.000
    2 C   0.0218  0.0019   1.225  2.753  0.000
    3 C  -0.1004 -0.2475   1.108  2.992  0.000
    4 C  -0.0212 -0.0238   1.186  2.835  0.000
    5 C  -0.0422 -0.0970   1.140  2.902  0.000
    6 C  -0.0510 -0.1075   1.132  2.919  0.000
    7 C  -0.0371 -0.0933   1.136  2.901  0.000
    8 C  -0.0556 -0.1036   1.135  2.921  0.000
    9 C   0.0484  0.1097   1.181  2.771  0.000
   10 N  -0.1213 -0.3632   1.226  3.895  0.000
   11 C   0.0705  0.1217   1.185  2.744  0.000
   12 C  -0.0060 -0.0552   1.137  2.869  0.000
   13 C  -0.0137 -0.0660   1.145  2.868  0.000
   14 C  -0.0254 -0.0313   1.175  2.851  0.000
   15 C   0.1482  0.1826   1.206  2.645  0.000
   16 O  -0.2672 -0.3130   1.628  4.640  0.000
   17 C   0.1471  0.1814   1.205  2.648  0.000
   18 O  -0.2709 -0.3166   1.628  4.643  0.000
   19 C  -0.0269 -0.0327   1.174  2.853  0.000
   20 C  -0.0216 -0.0744   1.146  2.876  0.000
   21 C  -0.0065 -0.0563   1.137  2.869  0.000
   22 C   0.0713  0.1236   1.185  2.744  0.000
   23 N  -0.1182 -0.3595   1.227  3.891  0.000
   24 C   0.0459  0.1066   1.182  2.772  0.000
   25 C  -0.0536 -0.1020   1.136  2.918  0.000
   26 C  -0.0334 -0.0896   1.136  2.898  0.000
   27 C  -0.0485 -0.1050   1.132  2.916  0.000
   28 C  -0.0419 -0.0967   1.140  2.902  0.000
   29 C  -0.0224 -0.0250   1.186  2.836  0.000
   30 C   0.0214  0.0014   1.225  2.754  0.000
   31 C  -0.1004 -0.2477   1.108  2.993  0.000
   32 C  -0.1001 -0.2471   1.108  2.992  0.000
   33 C  -0.0208 -0.0234   1.186  2.835  0.000
   34 C  -0.0418 -0.0966   1.140  2.902  0.000
   35 C  -0.0500 -0.1065   1.132  2.918  0.000
   36 C  -0.0370 -0.0932   1.136  2.901  0.000
   37 C  -0.0548 -0.1031   1.135  2.920  0.000
   38 C   0.0481  0.1090   1.181  2.771  0.000
   39 C  -0.0077 -0.0571   1.137  2.871  0.000
   40 C  -0.0142 -0.0664   1.145  2.869  0.000
   41 C  -0.0210 -0.0738   1.146  2.875  0.000
   42 C  -0.0047 -0.0542   1.137  2.868  0.000
   43 C   0.0463  0.1076   1.181  2.772  0.000
   44 C  -0.0538 -0.1018   1.135  2.919  0.000
   45 C  -0.0339 -0.0901   1.136  2.898  0.000
   46 C  -0.0495 -0.1059   1.132  2.917  0.000
   47 C  -0.0420 -0.0968   1.140  2.902  0.000
   48 C  -0.0224 -0.0250   1.186  2.837  0.000
   49 H   0.0317  0.0856   0.968  0.000  0.000
   50 H   0.0342  0.0884   0.966  0.000  0.000
   51 H   0.0347  0.0889   0.965  0.000  0.000
   52 H   0.0339  0.0881   0.966  0.000  0.000
   53 H   0.0345  0.0887   0.965  0.000  0.000
   54 H   0.0310  0.0849   0.969  0.000  0.000
   55 H   0.0436  0.1026   0.956  0.000  0.000
   56 H   0.0394  0.0959   0.961  0.000  0.000
   57 H   0.0430  0.0995   0.957  0.000  0.000
   58 H   0.0390  0.1026   0.961  0.000  0.000
   59 H   0.0474  0.1079   0.953  0.000  0.000
   60 H   0.0494  0.1103   0.951  0.000  0.000
   61 H   0.0534  0.1149   0.947  0.000  0.000
   62 H   0.0505  0.1114   0.949  0.000  0.000
   63 H   0.0418  0.1058   0.958  0.000  0.000
   64 H   0.0449  0.1015   0.955  0.000  0.000
   65 H   0.0395  0.0960   0.960  0.000  0.000
   66 H   0.0432  0.1023   0.957  0.000  0.000
   67 H   0.0345  0.0887   0.965  0.000  0.000
   68 H   0.0352  0.0894   0.965  0.000  0.000
   69 H   0.0314  0.0853   0.969  0.000  0.000
   70 H   0.0314  0.0853   0.969  0.000  0.000
   71 H   0.0341  0.0882   0.966  0.000  0.000
   72 H   0.0344  0.0886   0.966  0.000  0.000
   73 H   0.0440  0.1030   0.956  0.000  0.000
   74 H   0.0398  0.0963   0.960  0.000  0.000
   75 H   0.0432  0.0997   0.957  0.000  0.000
   76 H   0.0395  0.1032   0.961  0.000  0.000
   77 H   0.0475  0.1083   0.953  0.000  0.000
   78 H   0.0493  0.1101   0.951  0.000  0.000
   79 H   0.0530  0.1144   0.947  0.000  0.000
   80 H   0.0500  0.1106   0.950  0.000  0.000
   81 H   0.0408  0.1045   0.959  0.000  0.000
   82 H   0.0446  0.1012   0.955  0.000  0.000
   83 H   0.0395  0.0960   0.961  0.000  0.000
   84 H   0.0430  0.1020   0.957  0.000  0.000
 Hirshfeld charges for QMDFF written to <charges>
 
 Loewdin charges    n(s)   n(p)   n(d)
    1 C  -0.1066   1.038  3.069  0.000
    2 C   0.0326   1.184  2.783  0.000
    3 C  -0.1066   1.038  3.069  0.000
    4 C  -0.0229   1.146  2.876  0.000
    5 C  -0.0369   1.087  2.950  0.000
    6 C  -0.0453   1.078  2.967  0.000
    7 C  -0.0281   1.081  2.948  0.000
    8 C  -0.0546   1.083  2.972  0.000
    9 C   0.0435   1.145  2.812  0.000
   10 N  -0.0826   1.185  3.898  0.000
   11 C   0.0721   1.147  2.781  0.000
   12 C  -0.0042   1.085  2.920  0.000
   13 C  -0.0058   1.091  2.915  0.000
   14 C  -0.0255   1.133  2.892  0.000
   15 C   0.1369   1.173  2.690  0.000
   16 O  -0.2490   1.596  4.653  0.000
   17 C   0.1359   1.172  2.693  0.000
   18 O  -0.2528   1.596  4.656  0.000
   19 C  -0.0272   1.132  2.895  0.000
   20 C  -0.0126   1.091  2.922  0.000
   21 C  -0.0048   1.085  2.920  0.000
   22 C   0.0727   1.147  2.780  0.000
   23 N  -0.0792   1.186  3.894  0.000
   24 C   0.0414   1.146  2.813  0.000
   25 C  -0.0527   1.084  2.969  0.000
   26 C  -0.0245   1.080  2.944  0.000
   27 C  -0.0427   1.078  2.965  0.000
   28 C  -0.0367   1.086  2.950  0.000
   29 C  -0.0239   1.147  2.877  0.000
   30 C   0.0322   1.184  2.784  0.000
   31 C  -0.1067   1.038  3.069  0.000
   32 C  -0.1062   1.038  3.068  0.000
   33 C  -0.0225   1.147  2.876  0.000
   34 C  -0.0365   1.087  2.950  0.000
   35 C  -0.0442   1.078  2.966  0.000
   36 C  -0.0280   1.081  2.947  0.000
   37 C  -0.0539   1.083  2.970  0.000
   38 C   0.0433   1.145  2.812  0.000
   39 C  -0.0060   1.084  2.922  0.000
   40 C  -0.0062   1.091  2.915  0.000
   41 C  -0.0122   1.091  2.921  0.000
   42 C  -0.0029   1.085  2.918  0.000
   43 C   0.0417   1.145  2.813  0.000
   44 C  -0.0527   1.083  2.969  0.000
   45 C  -0.0250   1.080  2.945  0.000
   46 C  -0.0437   1.078  2.966  0.000
   47 C  -0.0368   1.087  2.950  0.000
   48 C  -0.0241   1.146  2.878  0.000
   49 H   0.0316   0.968  0.000  0.000
   50 H   0.0348   0.965  0.000  0.000
   51 H   0.0352   0.965  0.000  0.000
   52 H   0.0345   0.966  0.000  0.000
   53 H   0.0350   0.965  0.000  0.000
   54 H   0.0311   0.969  0.000  0.000
   55 H   0.0370   0.963  0.000  0.000
   56 H   0.0323   0.968  0.000  0.000
   57 H   0.0352   0.965  0.000  0.000
   58 H   0.0317   0.968  0.000  0.000
   59 H   0.0378   0.962  0.000  0.000
   60 H   0.0397   0.960  0.000  0.000
   61 H   0.0434   0.957  0.000  0.000
   62 H   0.0407   0.959  0.000  0.000
   63 H   0.0342   0.966  0.000  0.000
   64 H   0.0369   0.963  0.000  0.000
   65 H   0.0324   0.968  0.000  0.000
   66 H   0.0368   0.963  0.000  0.000
   67 H   0.0351   0.965  0.000  0.000
   68 H   0.0357   0.964  0.000  0.000
   69 H   0.0314   0.969  0.000  0.000
   70 H   0.0314   0.969  0.000  0.000
   71 H   0.0346   0.965  0.000  0.000
   72 H   0.0349   0.965  0.000  0.000
   73 H   0.0374   0.963  0.000  0.000
   74 H   0.0326   0.967  0.000  0.000
   75 H   0.0354   0.965  0.000  0.000
   76 H   0.0322   0.968  0.000  0.000
   77 H   0.0381   0.962  0.000  0.000
   78 H   0.0396   0.960  0.000  0.000
   79 H   0.0431   0.957  0.000  0.000
   80 H   0.0401   0.960  0.000  0.000
   81 H   0.0331   0.967  0.000  0.000
   82 H   0.0366   0.963  0.000  0.000
   83 H   0.0324   0.968  0.000  0.000
   84 H   0.0365   0.963  0.000  0.000
 
 Wiberg/Mayer (AO) data. WBOs > 0.1 written file <wbo>
 largest (>0.05) Wiberg bond orders for each atom
           total WBO             WBO to atom ...
     1  C   3.978    H   49 0.978    H   51 0.976    H   50 0.976    C    2 0.954
     2  C   3.924    C    1 0.954    C    3 0.953    C   48 0.947    C    4 0.947
     3  C   3.978    H   54 0.978    H   52 0.976    H   53 0.976    C    2 0.953
     4  C   3.944    C    5 1.401    C    9 1.334    C    2 0.947    C    7 0.103
     5  C   3.971    C    6 1.433    C    4 1.401    H   55 0.942    C    8 0.105
     6  C   3.969    C    5 1.433    C    7 1.415    H   56 0.945    C    9 0.099
     7  C   3.973    C    8 1.451    C    6 1.415    H   57 0.944    C    4 0.103
     8  C   3.967    C    7 1.451    C    9 1.357    H   58 0.941    C    5 0.105
     9  C   3.930    C    8 1.357    C    4 1.334    N   10 1.025    C    6 0.099
    10  N   3.373    C    9 1.025    C   43 1.023    C   11 0.962
    11  C   3.930    C   12 1.371    C   42 1.370    N   10 0.962    C   14 0.096
    12  C   3.967    C   13 1.461    C   11 1.371    H   59 0.944    C   41 0.098
    13  C   3.969    C   12 1.461    C   14 1.336    H   60 0.944    C   42 0.098
    14  C   3.953    C   41 1.343    C   13 1.336    C   15 1.015    C   11 0.096    O   16 0.062
    15  C   3.881    O   16 1.831    C   14 1.015    C   17 0.858    O   18 0.060
    16  O   2.128    C   15 1.831    C   14 0.062    C   17 0.060
    17  C   3.881    O   18 1.824    C   19 1.022    C   15 0.858    O   16 0.060
    18  O   2.123    C   17 1.824    C   19 0.062    C   15 0.060
    19  C   3.952    C   20 1.338    C   40 1.332    C   17 1.022    C   22 0.095    O   18 0.062
    20  C   3.970    C   21 1.466    C   19 1.338    H   61 0.940    C   39 0.096
    21  C   3.970    C   20 1.466    C   22 1.364    H   62 0.944    C   40 0.096
    22  C   3.930    C   39 1.366    C   21 1.364    N   23 0.973    C   19 0.095
    23  N   3.378    C   38 1.022    C   24 1.019    C   22 0.973
    24  C   3.929    C   25 1.357    C   29 1.337    N   23 1.019    C   27 0.099
    25  C   3.967    C   26 1.451    C   24 1.357    H   63 0.940    C   28 0.106
    26  C   3.973    C   25 1.451    C   27 1.415    H   64 0.943    C   29 0.103
    27  C   3.970    C   28 1.434    C   26 1.415    H   65 0.945    C   24 0.099
    28  C   3.971    C   27 1.434    C   29 1.398    H   66 0.942    C   25 0.106
    29  C   3.944    C   28 1.398    C   24 1.337    C   30 0.947    C   26 0.103
    30  C   3.924    C   31 0.954    C   32 0.953    C   33 0.947    C   29 0.947
    31  C   3.978    H   69 0.978    H   67 0.976    H   68 0.976    C   30 0.954
    32  C   3.978    H   70 0.978    H   72 0.976    H   71 0.976    C   30 0.953
    33  C   3.944    C   34 1.399    C   38 1.337    C   30 0.947    C   36 0.103
    34  C   3.971    C   35 1.434    C   33 1.399    H   73 0.942    C   37 0.106
    35  C   3.970    C   34 1.434    C   36 1.414    H   74 0.945    C   38 0.099
    36  C   3.973    C   37 1.452    C   35 1.414    H   75 0.944    C   33 0.103
    37  C   3.967    C   36 1.452    C   38 1.356    H   76 0.941    C   34 0.106
    38  C   3.930    C   37 1.356    C   33 1.337    N   23 1.022    C   35 0.099
    39  C   3.967    C   40 1.465    C   22 1.366    H   77 0.944    C   20 0.096
    40  C   3.969    C   39 1.465    C   19 1.332    H   78 0.944    C   21 0.096
    41  C   3.970    C   42 1.462    C   14 1.343    H   79 0.940    C   12 0.098
    42  C   3.969    C   41 1.462    C   11 1.370    H   80 0.944    C   13 0.098
    43  C   3.930    C   44 1.357    C   48 1.335    N   10 1.023    C   46 0.099
    44  C   3.967    C   45 1.451    C   43 1.357    H   81 0.941    C   47 0.106
    45  C   3.973    C   44 1.451    C   46 1.415    H   82 0.944    C   48 0.103
    46  C   3.970    C   47 1.433    C   45 1.415    H   83 0.945    C   43 0.099
    47  C   3.971    C   46 1.433    C   48 1.400    H   84 0.942    C   44 0.106
    48  C   3.944    C   47 1.400    C   43 1.335    C    2 0.947    C   45 0.103
    49  H   0.999    C    1 0.978
    50  H   0.997    C    1 0.976
    51  H   0.997    C    1 0.976
    52  H   0.997    C    3 0.976
    53  H   0.997    C    3 0.976
    54  H   0.999    C    3 0.978
    55  H   0.997    C    5 0.942
    56  H   0.997    C    6 0.945
    57  H   0.994    C    7 0.944
    58  H   0.997    C    8 0.941
    59  H   0.995    C   12 0.944
    60  H   0.997    C   13 0.944
    61  H   0.996    C   20 0.940
    62  H   0.995    C   21 0.944
    63  H   0.997    C   25 0.940
    64  H   0.994    C   26 0.943
    65  H   0.997    C   27 0.945
    66  H   0.997    C   28 0.942
    67  H   0.997    C   31 0.976
    68  H   0.997    C   31 0.976
    69  H   0.999    C   31 0.978
    70  H   0.999    C   32 0.978
    71  H   0.997    C   32 0.976
    72  H   0.997    C   32 0.976
    73  H   0.997    C   34 0.942
    74  H   0.997    C   35 0.945
    75  H   0.994    C   36 0.944
    76  H   0.997    C   37 0.941
    77  H   0.995    C   39 0.944
    78  H   0.997    C   40 0.944
    79  H   0.996    C   41 0.940
    80  H   0.995    C   42 0.944
    81  H   0.997    C   44 0.941
    82  H   0.994    C   45 0.944
    83  H   0.997    C   46 0.945
    84  H   0.997    C   47 0.942
 
 --------------------------------------------
          xTB calculation for sTDA...
 --------------------------------------------
 
 reading parameter file /home/penavora/Exe_xtb_crest/.param_stda2.xtb
 
      method parameters     
 k(s)        :  1.6000
 k(p)        :  2.1800
 k(d)        :  1.9500
 k(f)        :  2.0000
 k(R-V)      :  2.2750
 k(R-R)      :  1.7650
 Tscal       :  0.2580
 Gscal       :  1.0000
 fpol        :  1.0000
 Zcnf        :  0.3430
 Zqf         :  0.0000
 kcn         :  2.7000
 Ryd Hsplit  :  0.7000
 lshift(virt):  3.1000
 lshift(OS)  :  0.2000
 wllscaling  :  2.6000
 
 mowrcut     : 3.000
 
  Z AO/shell   Hii/eV     exponent
  1     Sun Feb 14 09:53:25 CET 2016    EN: 2.327 GAM: 0.473  GM3: 0.0000
     1s    -14.339618    1.220000
     2sp    -3.348946    0.600000
  6     Sun Feb 14 09:53:25 CET 2016    EN: 2.731 GAM: 0.422  GM3: 0.0000
     2s    -22.009312    1.565095
     2p    -13.020408    1.596905
     3sp    -3.914040    0.824500
  7     Sun Feb 14 09:53:25 CET 2016    EN: 3.573 GAM: 0.504  GM3: 0.0000
     2s    -25.722000    2.064844
     2p    -18.684912    1.801692
     3sp    -4.344791    0.921400
  8     Sun Feb 14 09:53:25 CET 2016    EN: 3.700 GAM: 0.587  GM3: 0.0000
     2s    -33.859000    2.418661
     2p    -22.175911    1.973969
     3sp    -4.259392    1.013700
 
 Nbf   :          564
 T(el) :     0.0
 calculating S/T integrals ...
 cpu time for ints    7.99495600000000     
 Nao   :          564
 making H0...
 making H1...
 cpu time for H      0.916891000000001     
 solving ...
 cpu time for diag    2.59820900000000     
 
 gap (eV)           :   5.464
 Koopmans IP (eV)   :  13.520
 Eel (Eh)           :  -202.468690

          eigenvalues
 #    :         105        106        107        108        109        110        111        112
 occ. :        2.000      2.000      2.000      2.000      2.000      2.000      2.000      2.000
 eps  :       -16.686    -16.654    -16.543    -16.448    -16.039    -16.028    -15.937    -15.934
 #    :         113        114        115        116        117        118        119        120
 occ. :        2.000      2.000      2.000      2.000      2.000      0.000      0.000      0.000
 eps  :       -15.752    -15.751    -15.585    -13.552    -13.521     -8.057     -7.628     -6.202
 #    :         121        122        123        124        125        126        127        128
 occ. :        0.000      0.000      0.000      0.000      0.000      0.000      0.000      0.000
 eps  :        -6.179     -5.752     -5.738     -5.639     -5.623     -5.582     -5.571     -5.316
                            1  SCC done.
 writing mo output ...
 molden style : F
 
speedup 22.66
cpu  time for all   17.78 s
wall time for all    0.78 s
