  140
 Etot=        -177.4451604674
 C          5.9107539961       -0.8362663487        5.4312438542
 C          5.8636572285       -1.8721575901        4.2972911679
 C          7.3048007209       -2.2271617466        3.9179117174
 C          5.1703162745       -3.1499834665        4.7927632876
 C          5.0759916392       -1.2933487946        3.1322960310
 C          3.7540784676       -0.8905506614        3.3220753503
 C          3.0069761365       -0.3397055634        2.3039383330
 C          3.5567511861       -0.1720720515        1.0313961597
 N          2.7882454024        0.3802350116        0.0092631408
 C          3.3691220615        1.1215525104       -1.0179856595
 C          2.8015416064        1.1079908432       -2.2912885705
 C          3.3520976443        1.8479730077       -3.3189925873
 C          4.4884471600        2.6271227733       -3.1280409181
 C          5.1292783560        3.4522080853       -4.2327761594
 C          6.5821495743        2.9919105384       -4.4258758176
 C          5.1038221519        4.9343536129       -3.8292609420
 C          4.4016425165        3.3096716667       -5.5730612583
 C          5.0440694115        2.6387041132       -1.8485106875
 C          4.5029647325        1.9104854481       -0.8114364527
 C          1.3978810542        0.1875956539        0.0094876253
 C          0.5363350332        1.3247082063       -0.0110296185
 C          1.0121357439        2.6383607423        0.0361106186
 C          0.1559278972        3.7280998722       -0.0223441122
 C         -1.2156932640        3.5604715308       -0.1551046400
 C         -2.1258255765        4.7740523097       -0.2540832261
 C         -1.6854431594        5.6459433383       -1.4396698758
 C         -2.0148276713        5.5775173420        1.0507081368
 C         -3.5965095927        4.3990622168       -0.4615116109
 C         -1.7045882490        2.2547449601       -0.1560962251
 C         -0.8748454325        1.1355324135       -0.0406556699
 C         -1.4010637214       -0.1923250126        0.0133499478
 N         -2.7918300254       -0.3812337095        0.0255603827
 C         -3.3780492727       -1.1820469095       -0.9521972754
 C         -4.5165455536       -1.9470615433       -0.6986566265
 C         -5.0627466228       -2.7458384806       -1.6842451541
 C         -4.5001799017       -2.8270114987       -2.9542035968
 C         -5.0655011340       -3.7037880884       -4.0603265743
 C         -6.3185958023       -4.4696856288       -3.6249143632
 C         -5.4381128890       -2.8210980386       -5.2612323937
 C         -3.9997151769       -4.7277924866       -4.4792315000
 C         -3.3588666803       -2.0621798379       -3.1939991162
 C         -2.8069340833       -1.2545948210       -2.2241207499
 C         -3.5555852301        0.2313733160        1.0172875987
 C         -4.8655406174        0.6563076573        0.7836569578
 C         -5.5928481874        1.2600734770        1.7863308049
 C         -5.0591461542        1.4803769037        3.0563467517
 C         -5.9151680820        2.1360503795        4.1286612550
 C         -7.1607278791        1.2692768526        4.3697621512
 C         -5.1756007858        2.2891169056        5.4612432655
 C         -6.3416566933        3.5338498761        3.6556375579
 C         -3.7470689946        1.0710763180        3.2716004496
 C         -3.0077097651        0.4581619803        2.2791453941
 C         -0.5393136864       -1.3291119812        0.0550450590
 C         -1.0151153924       -2.6390973845        0.1638194234
 C         -0.1586667146       -3.7300824644        0.1633895205
 C          1.2140365316       -3.5688869744        0.0339044511
 C          2.1226286597       -4.7868721776       -0.0073068713
 C          1.9772707037       -5.5575109515        1.3137088381
 C          1.7076542267       -5.6864910102       -1.1814335479
 C          3.5993602187       -4.4215347351       -0.1868253976
 C          1.7030697417       -2.2646745370       -0.0275533681
 C          0.8722454371       -1.1414115574        0.0238804150
 C          4.8706051018       -0.5925087700        0.8238496801
 C          5.6099418672       -1.1336428388        1.8574170904
 H          6.5003265231       -1.2181416848        6.2621670858
 H          4.9149389775       -0.6049890558        5.7991229764
 H          6.3674211846        0.0867702062        5.0789878711
 H          7.3304239670       -2.9842472091        3.1373432005
 H          7.8485998044       -1.3475505590        3.5805910426
 H          7.8196848403       -2.6271673626        4.7892389119
 H          5.7061567070       -3.5587131536        5.6470384170
 H          5.1559223869       -3.9006606527        4.0051688772
 H          4.1452269606       -2.9531359086        5.0950836474
 H          3.2905677912       -0.9971985503        4.2914225127
 H          1.9897570069       -0.0225750085        2.4835294403
 H          1.9233972462        0.5036837973       -2.4685814139
 H          2.8764178734        1.7981081627       -4.2848299366
 H          6.6103254983        1.9363234450       -4.6897548164
 H          7.0513511377        3.5605959715       -5.2260940856
 H          7.1667641290        3.1328409872       -3.5209364069
 H          5.6641374328        5.1054984492       -2.9141492471
 H          4.0785976535        5.2623353904       -3.6679227027
 H          5.5420865965        5.5442508225       -4.6165727724
 H          4.9042062292        3.9158728693       -6.3242858426
 H          4.4092183701        2.2769364372       -5.9145653230
 H          3.3724112989        3.6533495832       -5.4979853988
 H          5.9177982218        3.2392898304       -1.6444781648
 H          4.9440223388        1.9649604398        0.1737153425
 H          2.0720624833        2.8232369583        0.1168103503
 H          0.5883987488        4.7165000605        0.0239933580
 H         -0.6672119793        6.0033374577       -1.3126311800
 H         -2.3403965407        6.5099727763       -1.5340186130
 H         -1.7326142544        5.0733103415       -2.3641741776
 H         -0.9981734944        5.9266295834        1.2117056911
 H         -2.2993901801        4.9549598204        1.8971066525
 H         -2.6739350693        6.4429414672        1.0183363675
 H         -3.7283209835        3.8292264175       -1.3790150644
 H         -4.1941928432        5.3055847881       -0.5381531153
 H         -3.9748204264        3.8163706813        0.3752218844
 H         -2.7641553320        2.0912365857       -0.2384897491
 H         -4.9618020397       -1.9318963142        0.2860057880
 H         -5.9396857674       -3.3208061042       -1.4350050265
 H         -6.1012031879       -5.1353086221       -2.7925792748
 H         -7.1151078761       -3.7867858752       -3.3378980639
 H         -6.6783810255       -5.0760223444       -4.4539347693
 H         -4.5692883666       -2.3020139358       -5.6565033397
 H         -5.8616574381       -3.4308542886       -6.0566437034
 H         -6.1754918958       -2.0767315939       -4.9666521795
 H         -3.7163113183       -5.3450705275       -3.6287225548
 H         -4.3893673470       -5.3752904492       -5.2621075442
 H         -3.1056298959       -4.2381086677       -4.8553521277
 H         -2.8854423630       -2.0869929089       -4.1639309001
 H         -1.9268448009       -0.6660284463       -2.4399933338
 H         -5.3031259325        0.5261729130       -0.1958537136
 H         -6.6007817543        1.5754950373        1.5620515659
 H         -7.7658490976        1.1860732544        3.4711214770
 H         -7.7745868658        1.7064794276        5.1545641713
 H         -6.8678130651        0.2674688480        4.6784072096
 H         -4.8760411830        1.3208350904        5.8561214271
 H         -5.8340768146        2.7598143785        6.1887429022
 H         -4.2944709604        2.9173802229        5.3506266062
 H         -5.4664085877        4.1581300142        3.4877160003
 H         -6.9087406103        3.4846182115        2.7301130975
 H         -6.9634935004        4.0097899744        4.4111197765
 H         -3.2770870492        1.2163767114        4.2306250657
 H         -1.9947964799        0.1383085634        2.4773810569
 H         -2.0755033892       -2.8203592673        0.2460085115
 H         -0.5917443184       -4.7153209918        0.2517592657
 H          0.9570175502       -5.9032260192        1.4576338101
 H          2.6361734384       -6.4236991649        1.3195106194
 H          2.2408211213       -4.9147313325        2.1515703488
 H          1.7838274513       -5.1386691893       -2.1189700505
 H          0.6831841920       -6.0319546222       -1.0721895444
 H          2.3577436347       -6.5576346074       -1.2355767871
 H          4.1966069845       -5.3311714784       -0.2154445399
 H          3.7586357478       -3.8846434790       -1.1196461592
 H          3.9551540368       -3.8099483855        0.6392635532
 H          2.7633786820       -2.1047215155       -0.1087415997
 H          5.3087684633       -0.5095107202       -0.1605184022
 H          6.6198375457       -1.4431496827        1.6430526582
  140
 Etot=        -177.4452719879
 C          5.9092893265       -0.8371708070        5.4287499719
 C          5.8615450435       -1.8719311292        4.2945089545
 C          7.3023248195       -2.2271220142        3.9161894461
 C          5.1678142247       -3.1491884754        4.7890434828
 C          5.0742658703       -1.2939813507        3.1295462242
 C          3.7524928194       -0.8921040246        3.3195740914
 C          3.0051877050       -0.3417407458        2.3015962861
 C          3.5551617809       -0.1721928704        1.0293912432
 N          2.7874112995        0.3803109234        0.0091087027
 C          3.3680596588        1.1209115180       -1.0165680796
 C          2.7995953013        1.1090344112       -2.2894242856
 C          3.3508165219        1.8480780013       -3.3172301823
 C          4.4874944375        2.6261365002       -3.1263146700
 C          5.1282642801        3.4509315813       -4.2306870967
 C          6.5806826047        2.9914826232       -4.4248764220
 C          5.1032635700        4.9326604970       -3.8279303584
 C          4.4009824735        3.3087985083       -5.5706340734
 C          5.0436847399        2.6372621183       -1.8473894889
 C          4.5027983883        1.9087540070       -0.8105341724
 C          1.3978248992        0.1878981041        0.0090122124
 C          0.5360168808        1.3246058937       -0.0120814715
 C          1.0126678531        2.6376599830        0.0338564465
 C          0.1557783068        3.7272770436       -0.0227481541
 C         -1.2156357805        3.5585266621       -0.1539313435
 C         -2.1260566908        4.7711304398       -0.2522195144
 C         -1.6869049972        5.6436085202       -1.4372396280
 C         -2.0156949653        5.5754235472        1.0512794295
 C         -3.5964016433        4.3947994326       -0.4567707731
 C         -1.7056322522        2.2533908640       -0.1552316936
 C         -0.8750681140        1.1353022520       -0.0405443198
 C         -1.4011343586       -0.1925172040        0.0129741096
 N         -2.7910510565       -0.3812604787        0.0252930949
 C         -3.3767985529       -1.1814451288       -0.9509214050
 C         -4.5161656166       -1.9453724860       -0.6978371374
 C         -5.0621371232       -2.7445192588       -1.6830933809
 C         -4.4991543441       -2.8260855686       -2.9524582442
 C         -5.0645475274       -3.7022805434       -4.0583799131
 C         -6.3173621270       -4.4681463234       -3.6238565306
 C         -5.4369387360       -2.8205670700       -5.2593281639
 C         -3.9997404596       -4.7261017306       -4.4779183801
 C         -3.3573553896       -2.0625423474       -3.1923090186
 C         -2.8045747381       -1.2560263274       -2.2222028468
 C         -3.5540233980        0.2310916761        1.0153527571
 C         -4.8642736225        0.6557342925        0.7820971201
 C         -5.5909826961        1.2607786423        1.7843373602
 C         -5.0568876363        1.4806224514        3.0538798986
 C         -5.9128502607        2.1356168747        4.1258950953
 C         -7.1584971175        1.2700833436        4.3676851402
 C         -5.1744151393        2.2888223588        5.4585145729
 C         -6.3383397698        3.5328969409        3.6522897493
 C         -3.7449770190        1.0720919140        3.2691192389
 C         -3.0056592142        0.4595565828        2.2767039041
 C         -0.5392014167       -1.3289207592        0.0539495813
 C         -1.0158261349       -2.6383504717        0.1618410607
 C         -0.1587109368       -3.7291632843        0.1629586486
 C          1.2137416236       -3.5667911109        0.0347947195
 C          2.1226730203       -4.7837508377       -0.0056179021
 C          1.9783429536       -5.5548526142        1.3144668953
 C          1.7089069758       -5.6843494839       -1.1788424182
 C          3.5988672159       -4.4167750233       -0.1828548460
 C          1.7038908733       -2.2631942026       -0.0269114563
 C          0.8722646702       -1.1410411916        0.0237202747
 C          4.8693166864       -0.5922188502        0.8219517331
 C          5.6081940931       -1.1348776325        1.8549525621
 H          6.4982224568       -1.2190715431        6.2599897161
 H          4.9135474392       -0.6054978393        5.7959446535
 H          6.3665209722        0.0854101224        5.0769018777
 H          7.3277297733       -2.9838783528        3.1355962924
 H          7.8458823867       -1.3475987085        3.5789300998
 H          7.8171626005       -2.6271565593        4.7873984120
 H          5.7041807308       -3.5602822953        5.6417926568
 H          5.1499387910       -3.8976518357        3.9994097393
 H          4.1438963804       -2.9505788550        5.0931481724
 H          3.2901924894       -0.9985817786        4.2892634060
 H          1.9879024329       -0.0268211612        2.4803764096
 H          1.9211492490        0.5061284196       -2.4659498819
 H          2.8755231886        1.7991510387       -4.2830876573
 H          6.6086778154        1.9362100625       -4.6888343272
 H          7.0498810940        3.5601010928       -5.2249795648
 H          7.1652516941        3.1320834426       -3.5200610692
 H          5.6633779269        5.1034702275       -2.9128416659
 H          4.0781868333        5.2601000403       -3.6666370817
 H          5.5414829210        5.5427409452       -4.6149874593
 H          4.9035197775        3.9147750324       -6.3218823139
 H          4.4084161146        2.2761855265       -5.9119155582
 H          3.3720070618        3.6525545938       -5.4954028693
 H          5.9176836135        3.2375540975       -1.6441381721
 H          4.9453882738        1.9611814440        0.1736672357
 H          2.0720424384        2.8220779628        0.1125052770
 H          0.5875029616        4.7157561330        0.0233988324
 H         -0.6686326938        6.0001839264       -1.3105535814
 H         -2.3411654459        6.5080932533       -1.5310559299
 H         -1.7348036142        5.0716881985       -2.3617913730
 H         -0.9988371591        5.9229666737        1.2123375473
 H         -2.3023213025        4.9537986993        1.8973914130
 H         -2.6733592819        6.4417811367        1.0179217337
 H         -3.7278732441        3.8245170578       -1.3736762131
 H         -4.1940485962        5.3011160431       -0.5351544780
 H         -3.9736360135        3.8136989367        0.3815686417
 H         -2.7643813365        2.0906946230       -0.2387002312
 H         -4.9627839537       -1.9282053926        0.2858274369
 H         -5.9394061376       -3.3190851406       -1.4345158361
 H         -6.1000112582       -5.1337388043       -2.7917491197
 H         -7.1136083029       -3.7852784473       -3.3367473293
 H         -6.6772206146       -5.0741799760       -4.4529060948
 H         -4.5680487988       -2.3013716418       -5.6538288229
 H         -5.8599907843       -3.4301819032       -6.0549699145
 H         -6.1744548038       -2.0766043878       -4.9650085902
 H         -3.7165787452       -5.3431128216       -3.6275606006
 H         -4.3893290494       -5.3735847825       -5.2606799563
 H         -3.1060355687       -4.2360045204       -4.8538180948
 H         -2.8846591269       -2.0881190386       -4.1623965310
 H         -1.9236835660       -0.6694246079       -2.4369164139
 H         -5.3028333330        0.5232071933       -0.1962679315
 H         -6.5995062746        1.5749512179        1.5613647088
 H         -7.7630333958        1.1864639284        3.4689194590
 H         -7.7727202607        1.7074910292        5.1519488727
 H         -6.8657764889        0.2686462067        4.6767197034
 H         -4.8754887860        1.3206353219        5.8534525151
 H         -5.8328915426        2.7597199328        6.1856894883
 H         -4.2932135467        2.9165187012        5.3478021885
 H         -5.4623143672        4.1552727010        3.4815515810
 H         -6.9062559891        3.4824321332        2.7275887922
 H         -6.9589240013        4.0105708570        4.4076136715
 H         -3.2759573668        1.2174527703        4.2283404911
 H         -1.9925632757        0.1418965398        2.4737712539
 H         -2.0756033417       -2.8193304401        0.2422288186
 H         -0.5910198308       -4.7145060007        0.2512418815
 H          0.9579579417       -5.8991258162        1.4586291283
 H          2.6358496237       -6.4219742478        1.3191314278
 H          2.2441586369       -4.9129380975        2.1520862310
 H          1.7858670391       -5.1374645412       -2.1164895282
 H          0.6844007484       -6.0289411983       -1.0699595596
 H          2.3583152133       -6.5559013553       -1.2323929186
 H          4.1964243107       -5.3261142075       -0.2123438081
 H          3.7577158398       -3.8799661685       -1.1154312790
 H          3.9532369142       -3.8058600711        0.6443227736
 H          2.7634029907       -2.1041454510       -0.1088589882
 H          5.3082844875       -0.5066246117       -0.1614471851
 H          6.6186706670       -1.4428033246        1.6416075181
  140
 Etot=        -177.4453584910
 C          5.9053810559       -0.8385727386        5.4238655088
 C          5.8577862583       -1.8725317934        4.2896390220
 C          7.2980351770       -2.2278738950        3.9115744971
 C          5.1618502759       -3.1490212816        4.7814932766
 C          5.0715541952       -1.2944533699        3.1250993587
 C          3.7493542756       -0.8951050153        3.3154222679
 C          3.0015889612       -0.3460061014        2.2976160267
 C          3.5523780743       -0.1730014523        1.0260763512
 N          2.7858400608        0.3803409283        0.0084379737
 C          3.3664379031        1.1199331820       -1.0150540529
 C          2.7959785245        1.1113218541       -2.2871432095
 C          3.3480090206        1.8492640234       -3.3148603960
 C          4.4860957435        2.6247783740       -3.1239195891
 C          5.1267080873        3.4491807985       -4.2277451929
 C          6.5784703432        2.9896408477       -4.4224905045
 C          5.1016137910        4.9301407043       -3.8243225950
 C          4.3988110792        3.3070345509       -5.5668345209
 C          5.0438818559        2.6342276292       -1.8459473582
 C          4.5032261742        1.9052461508       -0.8096065841
 C          1.3973010429        0.1885129963        0.0078226166
 C          0.5355199935        1.3249393221       -0.0140242508
 C          1.0132719777        2.6373366835        0.0300727284
 C          0.1551617153        3.7265581449       -0.0232996700
 C         -1.2159412860        3.5559196290       -0.1515283578
 C         -2.1278399417        4.7666623863       -0.2476205989
 C         -1.6914848620        5.6388964950       -1.4331662589
 C         -2.0167227043        5.5716137517        1.0546488722
 C         -3.5977059716        4.3873333103       -0.4484600165
 C         -1.7070607724        2.2513828380       -0.1541901561
 C         -0.8750888318        1.1349642934       -0.0409270224
 C         -1.4007020616       -0.1929516139        0.0119204169
 N         -2.7894450385       -0.3812851926        0.0244195468
 C         -3.3746546575       -1.1807998263       -0.9495481325
 C         -4.5161047026       -1.9421152888       -0.6971248763
 C         -5.0618699028       -2.7417880628       -1.6817433989
 C         -4.4974879398       -2.8248813319       -2.9500719302
 C         -5.0630756128       -3.7001896576       -4.0556578729
 C         -6.3157435207       -4.4652965593       -3.6210367301
 C         -5.4346819661       -2.8181817446       -5.2559382940
 C         -3.9986750409       -4.7236872014       -4.4750109337
 C         -3.3540287234       -2.0642008994       -3.1899024397
 C         -2.8000681778       -1.2591725773       -2.2196831667
 C         -3.5511142903        0.2312572659        1.0121061544
 C         -4.8622630666        0.6541458881        0.7795282466
 C         -5.5883396547        1.2602747383        1.7812311322
 C         -5.0531412640        1.4805697742        3.0499075815
 C         -5.9087269056        2.1358044013        4.1209496685
 C         -7.1545128470        1.2713737665        4.3625818965
 C         -5.1708227207        2.2888953965        5.4533534550
 C         -6.3316653415        3.5323971478        3.6446246549
 C         -3.7408071159        1.0744535717        3.2650071476
 C         -3.0014216947        0.4630442570        2.2724643724
 C         -0.5389179125       -1.3290886061        0.0520509420
 C         -1.0166649469       -2.6378970732        0.1586012967
 C         -0.1584043858       -3.7282318688        0.1624637611
 C          1.2136524652       -3.5638647006        0.0367376558
 C          2.1241723478       -4.7787927056       -0.0013445847
 C          1.9799316475       -5.5498171029        1.3180844589
 C          1.7129152117       -5.6800219913       -1.1742837154
 C          3.5995776826       -4.4083354820       -0.1759126306
 C          1.7049901546       -2.2609485253       -0.0262312150
 C          0.8720607076       -1.1404620149        0.0230634033
 C          4.8673905300       -0.5912503844        0.8188268444
 C          5.6060509723       -1.1349666944        1.8511302844
 H          6.4927710029       -1.2213603704        6.2556301599
 H          4.9096588310       -0.6055593973        5.7898830818
 H          6.3643640950        0.0832744599        5.0729402413
 H          7.3233030070       -2.9842933663        3.1308636204
 H          7.8415242346       -1.3483560243        3.5746198564
 H          7.8126637977       -2.6280070703        4.7826720376
 H          5.6999045538       -3.5660628902        5.6301097689
 H          5.1370340023       -3.8932049070        3.9879294440
 H          4.1401598960       -2.9474126134        5.0905042779
 H          3.2882822708       -1.0027659792        4.2852670915
 H          1.9838118456       -0.0341707659        2.4750037978
 H          1.9160981332        0.5111573802       -2.4621269391
 H          2.8727176876        1.8024048346       -4.2805685454
 H          6.6062753529        1.9347116891       -4.6870190500
 H          7.0474433441        3.5585709256       -5.2222929293
 H          7.1633168213        3.1296663837       -3.5178776731
 H          5.6615258776        5.1003439056       -2.9091224193
 H          4.0766578541        5.2572188850       -3.6630827483
 H          5.5399962809        5.5405566024       -4.6108347718
 H          4.9012726736        3.9125308343       -6.3183021801
 H          4.4057515001        2.2744125345       -5.9077204392
 H          3.3701520998        3.6511829114       -5.4912139707
 H          5.9185837623        3.2336004266       -1.6436839435
 H          4.9469085465        1.9558221740        0.1738676475
 H          2.0721273246        2.8214872622        0.1049024540
 H          0.5856158264        4.7152919282        0.0224542323
 H         -0.6728414111        5.9941877240       -1.3077387790
 H         -2.3448004924        6.5041459447       -1.5252959675
 H         -1.7412949919        5.0678360008       -2.3579241636
 H         -0.9991958996        5.9158887628        1.2167244689
 H         -2.3075059714        4.9520869167        1.9006655258
 H         -2.6713907672        6.4400373807        1.0189586936
 H         -3.7298457297        3.8146445239       -1.3634587209
 H         -4.1966066622        5.2925999427       -0.5286825658
 H         -3.9717260919        3.8087319622        0.3928870872
 H         -2.7649662191        2.0897331844       -0.2376743278
 H         -4.9641033722       -1.9224494488        0.2855546888
 H         -5.9398541457       -3.3153813379       -1.4340014740
 H         -6.0984936690       -5.1309761891       -2.7891472882
 H         -7.1116330610       -3.7822692244       -3.3337736427
 H         -6.6758380563       -5.0709078048       -4.4500943644
 H         -4.5656379835       -2.2984622719       -5.6490942255
 H         -5.8564444294       -3.4276182406       -6.0522175439
 H         -6.1728427910       -2.0748844035       -4.9621951697
 H         -3.7156351554       -5.3405815882       -3.6248551846
 H         -4.3882556405       -5.3709857192       -5.2577151686
 H         -3.1053068905       -4.2333145423       -4.8508654995
 H         -2.8816218511       -2.0918888546       -4.1598470010
 H         -1.9173219302       -0.6757223363       -2.4323767274
 H         -5.3014790776        0.5197873289       -0.1979302689
 H         -6.5968565138        1.5746853886        1.5592760069
 H         -7.7582906937        1.1866419527        3.4635389427
 H         -7.7692276175        1.7098966723        5.1456382628
 H         -6.8623285824        0.2704614335        4.6731402662
 H         -4.8730360815        1.3206270704        5.8485400261
 H         -5.8293592712        2.7602473268        6.1799401776
 H         -4.2892688924        2.9157623677        5.3428151534
 H         -5.4540845258        4.1511140293        3.4685467797
 H         -6.9020271926        3.4800552678        2.7216698071
 H         -6.9487631324        4.0144034318        4.3998249433
 H         -3.2727217734        1.2210969340        4.2242071096
 H         -1.9879634047        0.1476668647        2.4678144513
 H         -2.0758190876       -2.8188651730        0.2358906640
 H         -0.5894302945       -4.7138535640        0.2505439843
 H          0.9589499947       -5.8908086834        1.4638418855
 H          2.6345554012       -6.4190205196        1.3204119097
 H          2.2503193743       -4.9095873072        2.1553773020
 H          1.7917650111       -5.1345985294       -2.1123995220
 H          0.6880870273       -6.0232641140       -1.0664334456
 H          2.3613480818       -6.5522862667       -1.2257759384
 H          4.1989225675       -5.3164153168       -0.2057408458
 H          3.7586233134       -3.8704098472       -1.1075011801
 H          3.9503918626       -3.7981714386        0.6531596779
 H          2.7636320582       -2.1030014652       -0.1082024062
 H          5.3066433934       -0.5038898105       -0.1639208271
 H          6.6160499151       -1.4441480152        1.6380899334
  140
 Etot=        -177.4454046697
 C          5.9014600252       -0.8411242297        5.4196865451
 C          5.8541176831       -1.8748423513        4.2853147348
 C          7.2942248638       -2.2305239525        3.9073023722
 C          5.1559714068       -3.1511442043        4.7745210067
 C          5.0686605449       -1.2962384797        3.1210366997
 C          3.7459258114       -0.8987212312        3.3117896829
 C          2.9981503373       -0.3497028674        2.2944446400
 C          3.5501634564       -0.1739613512        1.0237113988
 N          2.7843347154        0.3806113703        0.0074343531
 C          3.3650483131        1.1198386398       -1.0150848214
 C          2.7924656405        1.1138568214       -2.2863405155
 C          3.3446599225        1.8515319684       -3.3136869767
 C          4.4849512665        2.6238877914       -3.1228204946
 C          5.1255195863        3.4482979247       -4.2261769975
 C          6.5770020157        2.9881198754       -4.4210752767
 C          5.1002794080        4.9287953752       -3.8211326897
 C          4.3969500285        3.3065523941       -5.5648978498
 C          5.0445120623        2.6314049662       -1.8455846673
 C          4.5035783961        1.9026661740       -0.8095899772
 C          1.3963256269        0.1892564480        0.0064446999
 C          0.5351435030        1.3258368401       -0.0158179650
 C          1.0129806519        2.6382340229        0.0271810289
 C          0.1538002363        3.7267649434       -0.0236340243
 C         -1.2171925071        3.5546145865       -0.1491891887
 C         -2.1312904175        4.7637810324       -0.2425722655
 C         -1.6985358091        5.6357778277       -1.4294982271
 C         -2.0183658534        5.5688906994        1.0593739213
 C         -3.6011511096        4.3816719461       -0.4392332039
 C         -1.7078885678        2.2500529114       -0.1533179945
 C         -0.8748009015        1.1346452789       -0.0416273574
 C         -1.3996151861       -0.1935491509        0.0106602085
 N         -2.7878226233       -0.3815843823        0.0232785967
 C         -3.3729343565       -1.1809796517       -0.9496470022
 C         -4.5162470936       -1.9395680087       -0.6973067943
 C         -5.0622778600       -2.7392279425       -1.6814153874
 C         -4.4960281160       -2.8245936552       -2.9487294088
 C         -5.0620165691       -3.6992111741       -4.0541563326
 C         -6.3150530258       -4.4634419865       -3.6192555839
 C         -5.4327314633       -2.8159592857       -5.2537526454
 C         -3.9977123995       -4.7229684402       -4.4731268909
 C         -3.3503120249       -2.0671583504       -3.1884180080
 C         -2.7960204758       -1.2624278196       -2.2186702305
 C         -3.5487074680        0.2315888248        1.0099367515
 C         -4.8602314713        0.6532008109        0.7772218817
 C         -5.5859415037        1.2597217555        1.7784862378
 C         -5.0495612146        1.4813434950        3.0464288168
 C         -5.9049917522        2.1375850360        4.1164005939
 C         -7.1514161677        1.2740892309        4.3576575845
 C         -5.1674650495        2.2907069151        5.4489457267
 C         -6.3250383352        3.5340197350        3.6370348898
 C         -3.7365066679        1.0775753122        3.2615247834
 C         -2.9974845611        0.4659918125        2.2692629795
 C         -0.5384631115       -1.3298355055        0.0505679366
 C         -1.0163591750       -2.6386399594        0.1564152184
 C         -0.1571097289       -3.7282144688        0.1625083899
 C          1.2147502748       -3.5622017800        0.0388626978
 C          2.1275176123       -4.7753510048        0.0035301822
 C          1.9824187761       -5.5456015962        1.3232373887
 C          1.7193227490       -5.6772824948       -1.1698056828
 C          3.6026041984       -4.4017786273       -0.1681307328
 C          1.7057216103       -2.2593579124       -0.0257301793
 C          0.8718194033       -1.1399329331        0.0223198219
 C          4.8653539011       -0.5914143948        0.8159070061
 C          5.6038509407       -1.1359666159        1.8475055851
 H          6.4867399250       -1.2247539307        6.2525758615
 H          4.9054497248       -0.6062020197        5.7838071729
 H          6.3624703297        0.0800132963        5.0693188041
 H          7.3191537439       -2.9867331497        3.1263421828
 H          7.8375640409       -1.3508980353        3.5702159967
 H          7.8090930312       -2.6307488977        4.7782006164
 H          5.6965864466       -3.5753799211        5.6178782693
 H          5.1236366007       -3.8906952172        3.9767940002
 H          4.1366849024       -2.9468345190        5.0899281280
 H          3.2848377550       -1.0088957367        4.2812604741
 H          1.9793953095       -0.0401820790        2.4705544128
 H          1.9106309128        0.5160611693       -2.4598750339
 H          2.8680536261        1.8074016184       -4.2787890345
 H          6.6040768418        1.9331982343       -4.6859137939
 H          7.0464065178        3.5571198143       -5.2205878142
 H          7.1619307312        3.1272369701       -3.5163363232
 H          5.6598057780        5.0977848553       -2.9054124855
 H          4.0751815203        5.2553891199       -3.6594956693
 H          5.5387481579        5.5403972924       -4.6066813701
 H          4.8992465700        3.9114106833       -6.3169633984
 H          4.4028657044        2.2736616757       -5.9051363309
 H          3.3685292053        3.6513306867       -5.4885248208
 H          5.9207501082        3.2286863809       -1.6440478021
 H          4.9482410118        1.9511287576        0.1735839952
 H          2.0718571100        2.8229408165        0.0992625886
 H          0.5832474246        4.7158996091        0.0219965895
 H         -0.6791920978        5.9903164765       -1.3070998655
 H         -2.3517208708        6.5012855281       -1.5199590815
 H         -1.7512691401        5.0642350215       -2.3538422050
 H         -0.9996450880        5.9090386003        1.2226753215
 H         -2.3125024710        4.9509293468        1.9054226425
 H         -2.6696174639        6.4398943216        1.0224224083
 H         -3.7345781647        3.8063385896       -1.3523587715
 H         -4.2020656053        5.2855236546       -0.5200590277
 H         -3.9716743245        3.8042210045        0.4044276593
 H         -2.7656355902        2.0885032706       -0.2360414096
 H         -4.9650262067       -1.9177754679        0.2849843853
 H         -5.9417419421       -3.3107061907       -1.4343221594
 H         -6.0978211592       -5.1288497199       -2.7870896833
 H         -7.1103092884       -3.7797193508       -3.3317553985
 H         -6.6758970387       -5.0690442835       -4.4479859892
 H         -4.5634337930       -2.2951299611       -5.6449964464
 H         -5.8532932246       -3.4244357523       -6.0514155811
 H         -6.1714296056       -2.0732507280       -4.9597151321
 H         -3.7146480988       -5.3393094772       -3.6225253799
 H         -4.3870249844       -5.3706302737       -5.2556592275
 H         -3.1042209099       -4.2327503639       -4.8489193638
 H         -2.8767748049       -2.0977620056       -4.1576557997
 H         -1.9111605799       -0.6815086343       -2.4297109618
 H         -5.2995010398        0.5177697914       -0.2000784556
 H         -6.5948182486        1.5731395604        1.5572172446
 H         -7.7539792158        1.1879164708        3.4579073489
 H         -7.7671504546        1.7137731588        5.1392637086
 H         -6.8596615035        0.2734922568        4.6698735746
 H         -4.8701803120        1.3221408919        5.8439627926
 H         -5.8258183041        2.7624262779        6.1754498933
 H         -4.2854738350        2.9169793575        5.3384345279
 H         -5.4456990537        4.1487327182        3.4554017633
 H         -6.8985823831        3.4801264069        2.7160680939
 H         -6.9377045031        4.0213282381        4.3923584951
 H         -3.2680568182        1.2269795821        4.2200590436
 H         -1.9829011475        0.1529938040        2.4628357820
 H         -2.0754708028       -2.8202876837        0.2316320572
 H         -0.5871443465       -4.7142210840        0.2506524200
 H          0.9602927819       -5.8822715697        1.4710610064
 H          2.6336601572       -6.4174086339        1.3244777428
 H          2.2567383295       -4.9062826471        2.1599824891
 H          1.8007393648       -5.1322021672       -2.1079589721
 H          0.6939108855       -6.0196989864       -1.0643193836
 H          2.3674862361       -6.5498633762       -1.2191155463
 H          4.2042982309       -5.3082853717       -0.1973259278
 H          3.7622471675       -3.8625943603       -1.0988701791
 H          3.9499732590       -3.7912297335        0.6620935729
 H          2.7641468513       -2.1014826698       -0.1074435241
 H          5.3044687610       -0.5028475392       -0.1668109596
 H          6.6145696788       -1.4430122287        1.6350950195
