  44
 Etot=         -74.4030912144
 O          3.7376471755       -2.4626383417        1.2569913702
 C          3.3903356458       -1.4258758475        0.7062396340
 C          4.3751861984       -0.4685737423        0.1597402522
 C          5.7326348913       -0.7487634897        0.2968423000
 C          6.6884426235        0.1206685704       -0.1982915898
 C          6.2975657287        1.2868507138       -0.8400160077
 C          4.9527329990        1.5760440272       -0.9860696898
 C          3.9799880219        0.7096668709       -0.4908689777
 C          2.5579343587        1.0606677421       -0.6682729635
 O          2.2090795413        2.0844404610       -1.2368219554
 C          1.5738645413        0.1095927589       -0.1067720419
 C          0.2232014394        0.3989762709       -0.2427353148
 C         -0.7504052148       -0.4534866137        0.2773522120
 N         -2.0988366145       -0.1496421671        0.1371166405
 C         -3.0965644310       -1.0362509696       -0.2436732732
 C         -3.0024649427       -2.3650250508       -0.6312679970
 C         -4.1655400659       -3.0144219470       -1.0037887523
 C         -5.3952013130       -2.3612812896       -1.0053414755
 C         -5.4897834954       -1.0285332107       -0.6541575374
 C         -4.3347114992       -0.3571421166       -0.2763347973
 C         -4.0696347427        1.0025904540        0.1106683147
 C         -4.8814527095        2.1158654317        0.2818930991
 C         -4.3023324332        3.2985053279        0.6994643328
 C         -2.9372219510        3.3705697602        0.9642134310
 C         -2.1101803238        2.2737449974        0.8019456749
 C         -2.6803941768        1.0924469310        0.3502832636
 C         -0.3470414174       -1.6178906871        0.9399443796
 C          0.9928116509       -1.9141202535        1.0648037050
 C          1.9732986396       -1.0651812052        0.5488238864
 H          6.0152314276       -1.6622458485        0.7997498720
 H          7.7366099343       -0.1102047766       -0.0831232245
 H          7.0398282689        1.9685473735       -1.2267229317
 H          4.6258774735        2.4774548470       -1.4838712080
 H         -0.0571455997        1.2901108623       -0.7845575307
 H         -2.0545958083       -2.8798346350       -0.6604257087
 H         -4.1161800952       -4.0507701627       -1.3038985807
 H         -6.2818171655       -2.9037264982       -1.2983543627
 H         -6.4384769794       -0.5142184906       -0.6776260104
 H         -5.9430098334        2.0526070405        0.0968917249
 H         -4.9142442405        4.1779906265        0.8347066616
 H         -2.5128582454        4.3022492076        1.3082727294
 H         -1.0581345667        2.3428749955        1.0322168021
 H         -1.0896684281       -2.2691230456        1.3741869847
 H          1.3146734836       -2.8077345533        1.5792928614
  44
 Etot=         -74.4031478150
 O          3.7359458751       -2.4600598383        1.2573217064
 C          3.3897281225       -1.4260954790        0.7076418532
 C          4.3740682960       -0.4678078292        0.1602640655
 C          5.7310848152       -0.7484183984        0.2971517768
 C          6.6866233199        0.1204918260       -0.1981256769
 C          6.2958414150        1.2859614338       -0.8408304494
 C          4.9514253692        1.5755150081       -0.9862747753
 C          3.9789540317        0.7096304160       -0.4907307207
 C          2.5563760911        1.0618592423       -0.6682027882
 O          2.2077027761        2.0830280617       -1.2356995458
 C          1.5727709367        0.1098696246       -0.1061023297
 C          0.2225033749        0.3997330924       -0.2417390457
 C         -0.7502231214       -0.4533264789        0.2768001825
 N         -2.0984728932       -0.1498157272        0.1362594238
 C         -3.0957705485       -1.0360061876       -0.2440173739
 C         -3.0017140465       -2.3646046849       -0.6311106994
 C         -4.1646717611       -3.0137492629       -1.0034952289
 C         -5.3940401017       -2.3606399661       -1.0051493526
 C         -5.4887025555       -1.0283154527       -0.6537903000
 C         -4.3338432742       -0.3570784802       -0.2763660999
 C         -4.0686247535        1.0021728940        0.1104542109
 C         -4.8801448054        2.1151223966        0.2821724463
 C         -4.3007066662        3.2971661989        0.6997382218
 C         -2.9356497982        3.3690189496        0.9636058917
 C         -2.1086012842        2.2727460533        0.8000393482
 C         -2.6794600822        1.0918670660        0.3492327686
 C         -0.3472476796       -1.6172139378        0.9396062235
 C          0.9923805601       -1.9133937096        1.0647007592
 C          1.9721111793       -1.0642757005        0.5492578421
 H          6.0132919435       -1.6615294906        0.8004809383
 H          7.7349929193       -0.1102967880       -0.0831282484
 H          7.0383885288        1.9674871795       -1.2276976819
 H          4.6245156889        2.4765793897       -1.4842115635
 H         -0.0580925335        1.2917026499       -0.7810142412
 H         -2.0533521868       -2.8789767442       -0.6607963922
 H         -4.1152427473       -4.0496628403       -1.3041126908
 H         -6.2802888536       -2.9029595135       -1.2982843325
 H         -6.4370953559       -0.5136881570       -0.6771575290
 H         -5.9416194010        2.0516055250        0.0974034503
 H         -4.9123289013        4.1763578781        0.8356715334
 H         -2.5113095011        4.3003278476        1.3077369198
 H         -1.0565296011        2.3410323789        1.0299439365
 H         -1.0904975501       -2.2684107142        1.3730681427
 H          1.3145725099       -2.8071694031        1.5781336258
  44
 Etot=         -74.4031595380
 O          3.7349232972       -2.4590156969        1.2591329578
 C          3.3893264127       -1.4266929409        0.7094208214
 C          4.3729992389       -0.4669271019        0.1609604383
 C          5.7298177806       -0.7478480889        0.2978121704
 C          6.6852491079        0.1204379765       -0.1981652569
 C          6.2944971755        1.2854152783       -0.8417387061
 C          4.9502777417        1.5752158099       -0.9867756120
 C          3.9780111321        0.7098097742       -0.4904377168
 C          2.5549048401        1.0636242771       -0.6681307149
 O          2.2061773501        2.0835509433       -1.2351105083
 C          1.5719370918        0.1103055699       -0.1050928820
 C          0.2219005674        0.4005314976       -0.2406927187
 C         -0.7501635924       -0.4532820379        0.2766369955
 N         -2.0983067162       -0.1500959287        0.1354764508
 C         -3.0951251193       -1.0359412767       -0.2446224288
 C         -3.0009768776       -2.3644189186       -0.6317777107
 C         -4.1638836367       -3.0134891745       -1.0039986499
 C         -5.3932133874       -2.3604352209       -1.0053427037
 C         -5.4880004145       -1.0283017243       -0.6537729108
 C         -4.3332293903       -0.3570822022       -0.2765281933
 C         -4.0678175452        1.0018871086        0.1102407036
 C         -4.8790255549        2.1148116999        0.2826604887
 C         -4.2990638959        3.2964369831        0.7002795059
 C         -2.9338833333        3.3680347290        0.9632640738
 C         -2.1070425919        2.2719038847        0.7989259744
 C         -2.6786529021        1.0913128513        0.3485829506
 C         -0.3477417556       -1.6171675763        0.9392871511
 C          0.9918023692       -1.9132385286        1.0646901809
 C          1.9709495627       -1.0636057666        0.5497273278
 H          6.0116399744       -1.6606737953        0.8017052519
 H          7.7337452923       -0.1102516588       -0.0834203484
 H          7.0372452179        1.9662908681       -1.2295433538
 H          4.6232166198        2.4758468293       -1.4852549787
 H         -0.0589631689        1.2923903818       -0.7794988687
 H         -2.0522518962       -2.8783781777       -0.6615420877
 H         -4.1144392478       -4.0493031708       -1.3045212455
 H         -6.2792608542       -2.9028221386       -1.2984004956
 H         -6.4362052086       -0.5134039472       -0.6767674890
 H         -5.9405230413        2.0510564027        0.0983847422
 H         -4.9103592335        4.1755310913        0.8371013848
 H         -2.5093008359        4.2991679909        1.3071720699
 H         -1.0548279503        2.3394629328        1.0280753713
 H         -1.0916346192       -2.2681109528        1.3721302351
 H          1.3143197470       -2.8067585273        1.5781165352
