  78
 Etot=        -129.2835181201
 N         -1.9527871889        0.8865899926        2.3868653306
 C         -1.2087125196        0.3013071320        1.7382405808
 C         -0.2774765795       -0.4237210518        0.9637049153
 C          1.0378157082       -0.0039346480        0.9164121182
 C          1.9975613921       -0.7273877784        0.1858424400
 C          3.3451731282       -0.2901847316        0.1359137027
 N          3.7018688424        0.8735636748        0.7365448135
 C          4.9449710935        1.2645144468        0.6694219399
 C          5.3317142845        2.5295839763        1.2799479445
 C          4.3754025816        3.3338883851        1.9011314951
 C          4.7463878105        4.5344376243        2.4715902904
 C          6.0702223312        4.9468540284        2.4302713974
 C          7.0248219945        4.1519718638        1.8146093551
 C          6.6614688639        2.9496628381        1.2413700609
 N          5.8964454015        0.5368625944        0.0504445360
 C          5.5141675762       -0.6212308671       -0.5270098880
 C          6.5305696456       -1.4295844985       -1.1865198174
 C          6.1883160719       -2.6430975672       -1.7848054706
 C          7.1571655277       -3.4090762303       -2.4000700485
 C          8.4752763271       -2.9772613168       -2.4268231832
 C          8.8214989351       -1.7724394986       -1.8346826718
 C          7.8577906960       -1.0003608964       -1.2172890344
 N          4.2758567364       -1.0337679593       -0.5120902009
 C          1.5825918996       -1.8981398867       -0.4944165348
 C          0.2752834112       -2.3094651264       -0.4544688669
 C         -0.6807133031       -1.5860999630        0.2632312671
 N         -2.0124932148       -2.0170531320        0.3277573848
 C         -2.4176344359       -3.2342714973        0.8428114910
 C         -1.6493677382       -4.3143840712        1.2498961165
 C         -2.3126071269       -5.4241659851        1.7413677524
 C         -3.7008768170       -5.4534582388        1.8356374242
 C         -4.4673679536       -4.3663102487        1.4534466454
 C         -3.8254061223       -3.2432315803        0.9547159307
 C         -4.2927586061       -1.9588775411        0.4969952456
 C         -5.5916043420       -1.4541131786        0.4567972270
 C         -5.7469137637       -0.1539721087       -0.0159291292
 C         -6.7609732105        0.8471704327       -0.2745069108
 C         -8.1341197927        0.8696164914       -0.0841633697
 C         -8.8404460561        2.0049325675       -0.4397133624
 C         -8.1958186312        3.1117226901       -0.9798893144
 C         -6.8247836860        3.1209382222       -1.1833489726
 C         -6.1088439284        1.9930122860       -0.8326601818
 N         -4.7530752259        1.7194441876       -0.9218153442
 C         -3.5137031740        2.1746694831       -1.3350597624
 C         -3.1559253672        3.3737987694       -1.9203148767
 C         -1.8304282764        3.5562965176       -2.2776924363
 C         -0.8889884399        2.5543906320       -2.0761092152
 C         -1.2347034351        1.3500013883       -1.4907213396
 C         -2.5466405350        1.1467342221       -1.0832154666
 C         -3.2456523825        0.0385991407       -0.4623343541
 C         -3.1157206837       -1.2428720741        0.0954214112
 C         -4.5681865570        0.4661309539       -0.4306782472
 H          1.3439598407        0.8826350508        1.4497865560
 H          3.3491897706        3.0011089749        1.9240065480
 H          4.0031774180        5.1546167355        2.9509213605
 H          6.3570430019        5.8873176584        2.8773297826
 H          8.0555074977        4.4739191546        1.7827648268
 H          7.3928666584        2.3201827790        0.7582915464
 H          5.1592846385       -2.9662298486       -1.7539134563
 H          6.8888421863       -4.3483471872       -2.8613828672
 H          9.2313661442       -3.5798751655       -2.9082499054
 H          9.8481197477       -1.4369025356       -1.8556057763
 H          8.1121608485       -0.0608395552       -0.7513854865
 H          2.3190778266       -2.4500756482       -1.0559703450
 H         -0.0402421757       -3.1878155647       -0.9987529765
 H         -0.5719408244       -4.2884126552        1.1939251127
 H         -1.7414665611       -6.2824227774        2.0617191275
 H         -4.1846014078       -6.3376738502        2.2227260557
 H         -5.5424742230       -4.3900450258        1.5442425936
 H         -6.4212432221       -2.0585184023        0.7874802479
 H         -8.6388004909        0.0131586181        0.3367325308
 H         -9.9099886119        2.0351546116       -0.2952094403
 H         -8.7739887326        3.9837771324       -1.2464771296
 H         -6.3341884848        3.9858464928       -1.6018346371
 H         -3.8890574437        4.1448880599       -2.0988447419
 H         -1.5275794360        4.4876165902       -2.7321770532
 H          0.1326304243        2.7169364447       -2.3850716539
 H         -0.4904413765        0.5794965644       -1.3688395772
  78
 Etot=        -129.2835832496
 N         -1.9539195776        0.8864939792        2.3868672332
 C         -1.2083028905        0.3030583472        1.7376739879
 C         -0.2775970694       -0.4219042775        0.9631633339
 C          1.0376231341       -0.0032106791        0.9163440332
 C          1.9976073026       -0.7271157649        0.1859835880
 C          3.3449127282       -0.2899224422        0.1361397296
 N          3.7011278986        0.8725452409        0.7368778187
 C          4.9461585331        1.2623233514        0.6680695594
 C          5.3323703127        2.5280717586        1.2791402166
 C          4.3758779973        3.3320360319        1.9004435913
 C          4.7464898406        4.5326662780        2.4712829994
 C          6.0701688363        4.9454878079        2.4302656923
 C          7.0249085191        4.1508328741        1.8145250235
 C          6.6618427492        2.9485038003        1.2409237285
 N          5.8988962369        0.5376902742        0.0502983144
 C          5.5138962461       -0.6184744652       -0.5255708107
 C          6.5301581998       -1.4278699282       -1.1856626987
 C          6.1874584471       -2.6411874356       -1.7840223843
 C          7.1559785462       -3.4075163469       -2.3996877026
 C          8.4742004491       -2.9761876151       -2.4267856077
 C          8.8207651945       -1.7714880494       -1.8345988485
 C          7.8573492852       -0.9991802401       -1.2168228203
 N          4.2745161275       -1.0328185794       -0.5120970116
 C          1.5825072730       -1.8992953554       -0.4942804818
 C          0.2759053886       -2.3108185536       -0.4536456148
 C         -0.6809273780       -1.5862099967        0.2633636179
 N         -2.0124887654       -2.0168483908        0.3281781422
 C         -2.4177313661       -3.2342425964        0.8427377610
 C         -1.6492107958       -4.3142564916        1.2499369340
 C         -2.3123254331       -5.4241688491        1.7415659994
 C         -3.7006011782       -5.4535937836        1.8358850304
 C         -4.4674625517       -4.3664501439        1.4535334832
 C         -3.8256353962       -3.2435470433        0.9547168018
 C         -4.2929612871       -1.9589827395        0.4973024875
 C         -5.5913326519       -1.4542347796        0.4575135921
 C         -5.7466818806       -0.1534924532       -0.0156088572
 C         -6.7607056809        0.8470885130       -0.2744415423
 C         -8.1341150622        0.8693636123       -0.0842341118
 C         -8.8404058390        2.0045877000       -0.4399226665
 C         -8.1957745084        3.1114958475       -0.9802394860
 C         -6.8246451567        3.1208915796       -1.1837182304
 C         -6.1086037145        1.9931702733       -0.8328033941
 N         -4.7528703882        1.7197318086       -0.9218397238
 C         -3.5135209379        2.1749082119       -1.3354633654
 C         -3.1557940245        3.3738580436       -1.9208568090
 C         -1.8301522685        3.5561753994       -2.2783433357
 C         -0.8886519715        2.5541185951       -2.0767760566
 C         -1.2343166075        1.3498048318       -1.4913368559
 C         -2.5464098319        1.1467416460       -1.0836597214
 C         -3.2451808183        0.0392511918       -0.4621455348
 C         -3.1152937845       -1.2431821901        0.0953313346
 C         -4.5677904497        0.4667084745       -0.4303070807
 H          1.3445072015        0.8826677004        1.4504461682
 H          3.3496901962        2.9990643853        1.9233077112
 H          4.0030999748        5.1526315328        2.9507788822
 H          6.3567308945        5.8859611529        2.8776358288
 H          8.0555590339        4.4730365170        1.7829402765
 H          7.3928954860        2.3189358341        0.7577124764
 H          5.1583367865       -2.9641540344       -1.7530169945
 H          6.8873325550       -4.3467338196       -2.8610917753
 H          9.2300313622       -3.5790188825       -2.9085015160
 H          9.8475127812       -1.4362423740       -1.8558098040
 H          8.1114340709       -0.0597924808       -0.7507854999
 H          2.3190332971       -2.4505932647       -1.0563152683
 H         -0.0399138808       -3.1886115796       -0.9987207190
 H         -0.5718333942       -4.2879153770        1.1941335483
 H         -1.7411056171       -6.2822037085        2.0622282115
 H         -4.1842179386       -6.3376950634        2.2233092661
 H         -5.5425310621       -4.3901743139        1.5446800674
 H         -6.4210599581       -2.0586969007        0.7878727161
 H         -8.6387821477        0.0129673116        0.3367568147
 H         -9.9099241622        2.0347901531       -0.2954464535
 H         -8.7740029527        3.9834641480       -1.2468868231
 H         -6.3341579616        3.9857910698       -1.6022809559
 H         -3.8888641513        4.1450227859       -2.0992578066
 H         -1.5272466881        4.4875272552       -2.7326502827
 H          0.1329876918        2.7167169452       -2.3854326546
 H         -0.4899672189        0.5795782418       -1.3685266365
  78
 Etot=        -129.2836082859
 N         -1.9529846660        0.8898061196        2.3854603120
 C         -1.2090579811        0.3029888180        1.7373297988
 C         -0.2779714774       -0.4202927096        0.9626534461
 C          1.0371945995       -0.0027031017        0.9162292352
 C          1.9976844336       -0.7267836213        0.1864184337
 C          3.3448413333       -0.2894627898        0.1365822808
 N          3.7008070652        0.8716416810        0.7378867186
 C          4.9475576293        1.2597922622        0.6668297343
 C          5.3328615891        2.5263398083        1.2787436234
 C          4.3761261373        3.3297121500        1.9001465264
 C          4.7463912698        4.5302443361        2.4714352368
 C          6.0699515388        4.9434522580        2.4307344083
 C          7.0249129438        4.1492441025        1.8147791903
 C          6.6621413692        2.9470643727        1.2407275974
 N          5.9017640724        0.5387505166        0.0501250759
 C          5.5135696608       -0.6150839908       -0.5241331887
 C          6.5293744618       -1.4259755326       -1.1851300911
 C          6.1859126231       -2.6389013610       -1.7834407936
 C          7.1539460613       -3.4054996664       -2.3996118491
 C          8.4723111983       -2.9746949171       -2.4271495198
 C          8.8195306239       -1.7702601390       -1.8348408008
 C          7.8565707077       -0.9977814551       -1.2165894891
 N          4.2735176229       -1.0314408080       -0.5124964840
 C          1.5824372273       -1.9003007744       -0.4938985041
 C          0.2765711044       -2.3119239705       -0.4527292229
 C         -0.6813619599       -1.5862939524        0.2632055075
 N         -2.0124639868       -2.0164350329        0.3286938844
 C         -2.4177342641       -3.2342685839        0.8425540014
 C         -1.6489256164       -4.3139754403        1.2500364073
 C         -2.3118448045       -5.4240266192        1.7419890902
 C         -3.6999948451       -5.4536192471        1.8364127978
 C         -4.4672731385       -4.3664932052        1.4538698311
 C         -3.8256801350       -3.2438284263        0.9547720813
 C         -4.2931177858       -1.9589589765        0.4975419909
 C         -5.5908582627       -1.4542939421        0.4580725143
 C         -5.7462421005       -0.1527809819       -0.0150949415
 C         -6.7601491631        0.8470270473       -0.2741403316
 C         -8.1338622615        0.8690974570       -0.0842078657
 C         -8.8401727029        2.0040325786       -0.4403213337
 C         -8.1956478980        3.1110242496       -0.9809028201
 C         -6.8244356566        3.1207016329       -1.1843101591
 C         -6.1081856674        1.9933422146       -0.8329543968
 N         -4.7524581626        1.7200465173       -0.9216922763
 C         -3.5131734689        2.1750890924       -1.3360167235
 C         -3.1554683979        3.3737888268       -1.9217113110
 C         -1.8297536055        3.5558654121       -2.2793947129
 C         -0.8882053065        2.5537285368       -2.0776388664
 C         -1.2337202562        1.3496846417       -1.4918088146
 C         -2.5459780812        1.1467438332       -1.0838777881
 C         -3.2445384892        0.0399467058       -0.4619767537
 C         -3.1146502582       -1.2433187389        0.0954860375
 C         -4.5671465425        0.4673771810       -0.4295899909
 H          1.3448213251        0.8830799247        1.4501464506
 H          3.3499856266        2.9965472272        1.9228311870
 H          4.0027692533        5.1498451492        2.9510966520
 H          6.3562279824        5.8838340980        2.8785124536
 H          8.0555323931        4.4716766812        1.7834544451
 H          7.3928529789        2.3174305336        0.7572427587
 H          5.1566839013       -2.9615644184       -1.7521893064
 H          6.8847587228       -4.3445281117       -2.8611358518
 H          9.2277320290       -3.5777124429       -2.9093101303
 H          9.8464096198       -1.4353451446       -1.8563899641
 H          8.1104478901       -0.0585533883       -0.7502787200
 H          2.3195853608       -2.4512531412       -1.0553537624
 H         -0.0393649406       -3.1903077959       -0.9968419269
 H         -0.5716026474       -4.2871394005        1.1943829797
 H         -1.7404993795       -6.2818457273        2.0628851486
 H         -4.1835147998       -6.3376306860        2.2241159211
 H         -5.5422983031       -4.3904196492        1.5452753764
 H         -6.4207860985       -2.0584750131        0.7883777877
 H         -8.6384606366        0.0127078368        0.3368200125
 H         -9.9097048791        2.0341466472       -0.2960715410
 H         -8.7740417424        3.9827773530       -1.2478097002
 H         -6.3341706503        3.9855852815       -1.6031148202
 H         -3.8884012348        4.1450785847       -2.1000717787
 H         -1.5268211787        4.4870943257       -2.7338792838
 H          0.1333311071        2.7161918890       -2.3865900257
 H         -0.4895358524        0.5793745347       -1.3688890354
