 
        ______________________________________
       |                                      |
       |          ===================         |
       |             xTB for sTDA             |
       |          ===================         |
       |               S. Grimme              |
       |        Universitaet Bonn, MCTC       |
       |         2015-19, Version 1.0         |
       |     Wed Apr  3 09:14:55 CEST 2019    |
       |______________________________________|
 
        This code comes without any warranty
        for non-commercial, academia use only.
        Preliminary test version.
        Cite this work as:
        S. Grimme  &  C. Bannwarth, JCP 145 (2016) 054103
        if GBSA is used additionally:
        P. Shushkov, F. März, C. Bannwarth, S. Grimme, unpublished.
 
        with help from
        P. Shushkov, G. Brandenburg, S. Dohm, J. Pisarek,
        F. März, M. Checinski, S. Ehrlich, S. Spicher, 
        P. Pracht, E. Caldeweyher, S. Ehlert, and C. Bannwarth.
 
        usage        :
        xtb4stda <coord_file> [options]
        where <coord_file> is a valid file of TM)
        (*coord, Bohr) or xmol (*xyz, Angstroem)
        format.

        options:
        -chrg <int>   : molecular charge
        -uhf  <int>   : # of unpaired electrons(=2*S)
        -nox          : skip second, extended part in sTDA-xTB
        -pop          : do population analysis
                      : (default for -nox)
        -mowr <real>  : cut MO write above (def.3 Eh)
        -molden       : write formatted molden file
        -parx <file>  : read parameters for sTDA-xTB
                        calc (def:~/.param_stda2.xtb)
        -parv <file>  : read parameters for vTB part in
                        sTDA-xTB (def: ~/.param_stda1.xtb)
        -xtemp <real> : el. temp for xTB (def. 0 K)
        -etemp <real> : el. temp for GFN (def. 300 K)
        -fod          : calculate the FOD and write
                        molden.input file with
                        appropriate occupations
                        for plotting. Def. T=12500 K
 
        -acc <real>   : xTB accuracy (def. 1.0)
        -gbsa [string1] [string2]
                        use GBSA implicit solvent
                        for solvent [string1] and
                        solvation state [string2]=
                        reference, bar1M (default=1M)
        additional GFN/opt/MD/siman options read from
        $XTB4STDAHOME/.xtb4stdarc or $set in input
 
       spin and charge state information can be on:
       <.CHRG> (charge) and <.UHF> (=nalpha-nbeta)
       -uhf and -chrg override the file info.
       useful machine settings:
       setenv MKL_NUM_THREADS <NCORE_ON_YOUR_MACHINE>
       setenv OMP_STACKSIZE 500m
       limit stacksize unlimited
 
       total energies in Eh, gaps/HL energies in eV
       please read REVISION and HOWTO files carefully
 =============================
  # OMP threads =          48
 =============================
 
 xtb4stdahome directory:/home/penavora/Exe_xtb_crest/
 
 
 name of molecule           :
 comment line               :
 number of atoms            :    63
 number of electrons        :   182
 charge                     :  0
 spin                       : 0.0
 first test random number   :  0.2922
 
 -----------------------------------------
      charge density (VTB) calculation
 -----------------------------------------
 
      method parameters     
 k(s)        :  1.8000
 k(p)        :  2.8350
 k(d)        :  2.0860
 k(f)        :  2.0000
 Tscal       :  0.3300
 Gscal       :  0.3910
 fpol        :  1.0000
 Zcnf        :  0.6500
 Zqf         :  0.0000
 kcn         :  0.3000
 kEN1        : -0.5900
 wllscal     :  2.6000
 
     -------------------------
     ! NO SOLVENT MODEL USED !
     -------------------------
 
 doing EN charges ...
 sum q :  0.0000000D+00
 point charge moment (au)
     X       Y       Z   
   0.1773   0.0365  -0.0266  total (Debye):    0.465
 
            Z      q(EN)   CN      Cart. coordinates
     1  C   4.0  -0.244   4.105   -12.13569     2.29736    -2.47650
     2  C   4.0  -0.032   4.140   -11.00071     0.71285    -0.31622
     3  C   4.0  -0.244   4.105   -13.10512    -0.22714     1.45951
     4  C   4.0   0.010   3.301    -9.67102    -1.55510    -1.45533
     5  C   4.0  -0.072   3.198   -11.04155    -3.25607    -2.90847
     6  C   4.0  -0.072   3.141    -9.92404    -5.32223    -4.05077
     7  C   4.0  -0.072   3.144    -7.35141    -5.69307    -3.77832
     8  C   4.0  -0.069   3.202    -5.94562    -4.03308    -2.34402
     9  C   4.0   0.095   3.304    -7.08299    -1.97953    -1.13083
    10  N   5.0  -0.313   3.255    -5.62097    -0.35892     0.32428
    11  C   4.0   0.081   3.287    -3.03161    -0.93491     0.68421
    12  C   4.0  -0.068   3.182    -2.37688    -3.02822     2.20697
    13  C   4.0  -0.066   3.171     0.09488    -3.62916     2.63883
    14  C   4.0   0.090   3.316     2.02654    -2.14896     1.55743
    15  N   5.0  -0.215   2.209     4.46439    -2.62557     2.10802
    16  C   4.0   0.114   3.322     6.20207    -1.22647     1.03732
    17  C   4.0   0.097   3.314     8.83528    -1.56639     1.83721
    18  C   4.0  -0.067   3.181     9.79023    -3.97332     2.31512
    19  C   4.0  -0.072   3.154    12.28878    -4.19686     3.04872
    20  C   4.0  -0.068   3.138    13.73070    -2.02407     3.30113
    21  C   4.0   0.033   3.215    12.58325     0.28484     2.82295
    22  N   5.0  -0.220   2.183    10.20850     0.52194     2.11207
    23  C   4.0   0.115   3.322     5.54695     0.63897    -0.81109
    24  C   4.0   0.098   3.314     7.51068     1.87935    -2.32699
    25  C   4.0  -0.067   3.181     7.32285     4.43546    -2.92999
    26  C   4.0  -0.072   3.154     9.23158     5.52200    -4.34707
    27  C   4.0  -0.068   3.138    11.23475     4.02477    -5.12735
    28  C   4.0   0.033   3.215    11.21591     1.48800    -4.46302
    29  N   5.0  -0.220   2.183     9.41503     0.43346    -3.10450
    30  N   5.0  -0.215   2.210     3.18582     1.23261    -1.24572
    31  C   4.0   0.091   3.316     1.37107    -0.08086    -0.03203
    32  C   4.0  -0.063   3.216    -1.18756     0.51509    -0.42599
    33  C   4.0   0.095   3.299    -6.64370     1.76652     1.47647
    34  C   4.0  -0.069   3.200    -5.12250     3.30274     2.99471
    35  C   4.0  -0.072   3.145    -6.08705     5.43024     4.14876
    36  C   4.0  -0.072   3.141    -8.60226     6.06126     3.82414
    37  C   4.0  -0.072   3.198   -10.12429     4.51550     2.37025
    38  C   4.0   0.010   3.301    -9.20362     2.35971     1.19102
    39  H   1.0   0.083   1.000   -13.46220     1.18766    -3.58288
    40  H   1.0   0.083   1.000   -13.12707     3.93793    -1.74109
    41  H   1.0   0.082   1.000   -10.63686     2.95002    -3.72470
    42  H   1.0   0.083   1.000   -14.44778    -1.40479     0.44671
    43  H   1.0   0.083   1.000   -14.12865     1.34933     2.28533
    44  H   1.0   0.082   0.999   -12.28767    -1.33920     2.98468
    45  H   1.0   0.076   1.006   -13.04428    -2.96662    -3.16717
    46  H   1.0   0.074   1.004   -11.04766    -6.61238    -5.16107
    47  H   1.0   0.074   1.004    -6.42912    -7.26934    -4.68846
    48  H   1.0   0.077   1.008    -3.93402    -4.32073    -2.17322
    49  H   1.0   0.075   1.005    -3.88090    -4.13056     3.03738
    50  H   1.0   0.075   1.005     0.62637    -5.20027     3.82375
    51  H   1.0   0.076   1.005     8.58124    -5.59767     2.09266
    52  H   1.0   0.074   1.004    13.10161    -6.03324     3.42054
    53  H   1.0   0.074   1.004    15.68826    -2.11389     3.86484
    54  H   1.0   0.075   1.004    13.61480     2.04060     3.02363
    55  H   1.0   0.076   1.005     5.71906     5.50814    -2.27678
    56  H   1.0   0.074   1.004     9.16059     7.50295    -4.83894
    57  H   1.0   0.074   1.004    12.76507     4.79754    -6.23136
    58  H   1.0   0.075   1.004    12.71745     0.22885    -5.05193
    59  H   1.0   0.077   1.006    -1.66089     2.10561    -1.61086
    60  H   1.0   0.077   1.008    -3.16355     2.81741     3.28342
    61  H   1.0   0.074   1.004    -4.86868     6.58791     5.30588
    62  H   1.0   0.074   1.004    -9.37866     7.72688     4.70886
    63  H   1.0   0.076   1.006   -12.09221     5.00942     2.15845
 
  Z AO/shell   Hii/eV     exponent
  1     Sat Feb 20 21:38:01 CET 2016    EN: 2.327 GAM: 0.473  GM3: 0.0000
     1s    -13.751157    1.051071
  6     Sat Feb 20 21:38:01 CET 2016    EN: 2.731 GAM: 0.422  GM3: 0.0000
     2s    -19.378245    2.021003
     2p    -11.993376    1.497917
  7     Sat Feb 20 21:38:01 CET 2016    EN: 3.573 GAM: 0.504  GM3: 0.0000
     2s    -21.576984    2.275442
     2p    -16.125120    2.056788
 
 dipole moment of classical point charges (au)
     X       Y       Z   
   0.1773   0.0365  -0.0266  total (Debye):    0.465

 
 Nbf   :          177
 T(el) :   300.0
 calculating S/T integrals ...
 cpu time for ints    1.66980500000000     
 Nao   :          177
 making H0...
 making H1...
 cpu time for H      0.102166000000000     
 solving ...
 cpu time for diag   0.697447000000000     
 
 gap (eV)           :   2.681
 Koopmans IP (eV)   :  13.040
 Eel (Eh)           :  -143.252394
 T,E(Fermi),NFOD :    300.000   -11.699  0.000000
 T,E(Fermi),NFOD :    300.000   -11.699  0.000000
 Nfod               :  0.0000
 Nfod/Nel           :  0.0000

          eigenvalues
 #    :          79         80         81         82         83         84         85         86
 occ. :        2.000      2.000      2.000      2.000      2.000      2.000      2.000      2.000
 eps  :       -16.784    -16.677    -15.969    -15.949    -15.923    -15.766    -15.458    -15.365
 #    :          87         88         89         90         91         92         93         94
 occ. :        2.000      2.000      2.000      2.000      2.000      0.000      0.000      0.000
 eps  :       -15.312    -14.954    -14.930    -14.496    -13.041    -10.360     -8.361     -7.348
 #    :          95         96         97         98         99        100        101        102
 occ. :        0.000      0.000      0.000      0.000      0.000      0.000      0.000      0.000
 eps  :        -7.030     -6.518     -5.735     -5.705     -5.457     -5.347     -5.252     -5.159
                            1  SCC done.
 making H1...
 cpu time for H      0.778279000000000     
 solving ...
 cpu time for diag   0.299513000000000     
 
 gap (eV)           :   3.081
 Koopmans IP (eV)   :  12.823
 Eel (Eh)           :  -141.974614
 T,E(Fermi),NFOD :    300.000   -11.283  0.000000
 T,E(Fermi),NFOD :    300.000   -11.283  0.000000
 Nfod               :  0.0000
 Nfod/Nel           :  0.0000

          eigenvalues
 #    :          79         80         81         82         83         84         85         86
 occ. :        2.000      2.000      2.000      2.000      2.000      2.000      2.000      2.000
 eps  :       -16.366    -16.227    -15.905    -15.707    -15.304    -15.213    -15.144    -14.890
 #    :          87         88         89         90         91         92         93         94
 occ. :        2.000      2.000      2.000      2.000      2.000      0.000      0.000      0.000
 eps  :       -14.842    -14.719    -14.416    -14.030    -12.824     -9.743     -8.019     -7.039
 #    :          95         96         97         98         99        100        101        102
 occ. :        0.000      0.000      0.000      0.000      0.000      0.000      0.000      0.000
 eps  :        -6.932     -6.439     -5.589     -5.574     -5.328     -5.252     -5.171     -5.119
                            2  SCC done.
 
 
 Mulliken/CM5 charges    n(s)   n(p)   n(d)   
    1 C  -0.1025 -0.2496   1.109  2.994  0.000
    2 C   0.0208  0.0008   1.225  2.754  0.000
    3 C  -0.1026 -0.2497   1.109  2.994  0.000
    4 C  -0.0218 -0.0244   1.185  2.836  0.000
    5 C  -0.0446 -0.0994   1.140  2.904  0.000
    6 C  -0.0511 -0.1077   1.132  2.919  0.000
    7 C  -0.0368 -0.0930   1.136  2.901  0.000
    8 C  -0.0568 -0.1049   1.135  2.922  0.000
    9 C   0.0505  0.1121   1.180  2.770  0.000
   10 N  -0.1157 -0.3579   1.225  3.891  0.000
   11 C   0.0657  0.1170   1.177  2.757  0.000
   12 C  -0.0224 -0.0713   1.141  2.881  0.000
   13 C  -0.0194 -0.0664   1.136  2.884  0.000
   14 C   0.0440  0.1192   1.180  2.776  0.000
   15 N  -0.1867 -0.3722   1.486  3.700  0.000
   16 C   0.0807  0.1732   1.198  2.721  0.000
   17 C   0.0694  0.1496   1.178  2.752  0.000
   18 C  -0.0184 -0.0640   1.143  2.875  0.000
   19 C  -0.0103 -0.0639   1.147  2.863  0.000
   20 C  -0.0273 -0.0778   1.140  2.887  0.000
   21 C   0.0265  0.0535   1.157  2.817  0.000
   22 N  -0.1905 -0.3853   1.480  3.710  0.000
   23 C   0.0803  0.1730   1.198  2.721  0.000
   24 C   0.0698  0.1501   1.178  2.752  0.000
   25 C  -0.0180 -0.0637   1.143  2.875  0.000
   26 C  -0.0100 -0.0636   1.147  2.863  0.000
   27 C  -0.0273 -0.0777   1.140  2.887  0.000
   28 C   0.0265  0.0535   1.157  2.817  0.000
   29 N  -0.1907 -0.3855   1.480  3.710  0.000
   30 N  -0.1832 -0.3686   1.486  3.698  0.000
   31 C   0.0490  0.1239   1.179  2.772  0.000
   32 C  -0.0203 -0.0603   1.139  2.881  0.000
   33 C   0.0509  0.1125   1.180  2.769  0.000
   34 C  -0.0559 -0.1040   1.135  2.921  0.000
   35 C  -0.0364 -0.0926   1.136  2.901  0.000
   36 C  -0.0511 -0.1076   1.132  2.919  0.000
   37 C  -0.0449 -0.0997   1.140  2.905  0.000
   38 C  -0.0220 -0.0246   1.185  2.837  0.000
   39 H   0.0335  0.0876   0.967  0.000  0.000
   40 H   0.0336  0.0877   0.966  0.000  0.000
   41 H   0.0346  0.0885   0.965  0.000  0.000
   42 H   0.0336  0.0877   0.966  0.000  0.000
   43 H   0.0337  0.0879   0.966  0.000  0.000
   44 H   0.0340  0.0880   0.966  0.000  0.000
   45 H   0.0432  0.1021   0.957  0.000  0.000
   46 H   0.0391  0.0956   0.961  0.000  0.000
   47 H   0.0427  0.0993   0.957  0.000  0.000
   48 H   0.0402  0.1041   0.960  0.000  0.000
   49 H   0.0487  0.1095   0.951  0.000  0.000
   50 H   0.0508  0.1110   0.949  0.000  0.000
   51 H   0.0448  0.1058   0.955  0.000  0.000
   52 H   0.0416  0.0980   0.958  0.000  0.000
   53 H   0.0407  0.0975   0.959  0.000  0.000
   54 H   0.0500  0.1174   0.950  0.000  0.000
   55 H   0.0452  0.1062   0.955  0.000  0.000
   56 H   0.0417  0.0981   0.958  0.000  0.000
   57 H   0.0407  0.0975   0.959  0.000  0.000
   58 H   0.0500  0.1173   0.950  0.000  0.000
   59 H   0.0453  0.1092   0.955  0.000  0.000
   60 H   0.0404  0.1042   0.960  0.000  0.000
   61 H   0.0428  0.0994   0.957  0.000  0.000
   62 H   0.0390  0.0956   0.961  0.000  0.000
   63 H   0.0431  0.1020   0.957  0.000  0.000
 Hirshfeld charges for QMDFF written to <charges>
 
 Loewdin charges    n(s)   n(p)   n(d)
    1 C  -0.1085   1.038  3.070  0.000
    2 C   0.0317   1.184  2.785  0.000
    3 C  -0.1086   1.038  3.070  0.000
    4 C  -0.0235   1.146  2.877  0.000
    5 C  -0.0391   1.087  2.952  0.000
    6 C  -0.0455   1.078  2.968  0.000
    7 C  -0.0278   1.080  2.948  0.000
    8 C  -0.0556   1.084  2.972  0.000
    9 C   0.0453   1.144  2.811  0.000
   10 N  -0.0769   1.184  3.893  0.000
   11 C   0.0658   1.140  2.795  0.000
   12 C  -0.0170   1.088  2.929  0.000
   13 C  -0.0145   1.082  2.932  0.000
   14 C   0.0362   1.145  2.819  0.000
   15 N  -0.1637   1.451  3.712  0.000
   16 C   0.0706   1.165  2.765  0.000
   17 C   0.0636   1.143  2.794  0.000
   18 C  -0.0165   1.091  2.926  0.000
   19 C   0.0028   1.090  2.907  0.000
   20 C  -0.0234   1.087  2.936  0.000
   21 C   0.0274   1.109  2.863  0.000
   22 N  -0.1695   1.445  3.724  0.000
   23 C   0.0705   1.165  2.764  0.000
   24 C   0.0641   1.143  2.793  0.000
   25 C  -0.0161   1.091  2.925  0.000
   26 C   0.0031   1.090  2.907  0.000
   27 C  -0.0233   1.087  2.936  0.000
   28 C   0.0274   1.109  2.863  0.000
   29 N  -0.1697   1.445  3.725  0.000
   30 N  -0.1608   1.451  3.710  0.000
   31 C   0.0425   1.143  2.814  0.000
   32 C  -0.0214   1.088  2.933  0.000
   33 C   0.0457   1.144  2.810  0.000
   34 C  -0.0549   1.083  2.972  0.000
   35 C  -0.0274   1.080  2.947  0.000
   36 C  -0.0454   1.078  2.968  0.000
   37 C  -0.0394   1.087  2.953  0.000
   38 C  -0.0237   1.146  2.878  0.000
   39 H   0.0341   0.966  0.000  0.000
   40 H   0.0342   0.966  0.000  0.000
   41 H   0.0340   0.966  0.000  0.000
   42 H   0.0343   0.966  0.000  0.000
   43 H   0.0343   0.966  0.000  0.000
   44 H   0.0335   0.966  0.000  0.000
   45 H   0.0367   0.963  0.000  0.000
   46 H   0.0320   0.968  0.000  0.000
   47 H   0.0349   0.965  0.000  0.000
   48 H   0.0328   0.967  0.000  0.000
   49 H   0.0394   0.961  0.000  0.000
   50 H   0.0412   0.959  0.000  0.000
   51 H   0.0359   0.964  0.000  0.000
   52 H   0.0325   0.968  0.000  0.000
   53 H   0.0331   0.967  0.000  0.000
   54 H   0.0392   0.961  0.000  0.000
   55 H   0.0362   0.964  0.000  0.000
   56 H   0.0326   0.967  0.000  0.000
   57 H   0.0331   0.967  0.000  0.000
   58 H   0.0392   0.961  0.000  0.000
   59 H   0.0357   0.964  0.000  0.000
   60 H   0.0329   0.967  0.000  0.000
   61 H   0.0351   0.965  0.000  0.000
   62 H   0.0320   0.968  0.000  0.000
   63 H   0.0366   0.963  0.000  0.000
 
 Wiberg/Mayer (AO) data. WBOs > 0.1 written file <wbo>
 largest (>0.05) Wiberg bond orders for each atom
           total WBO             WBO to atom ...
     1  C   3.978    H   41 0.978    H   39 0.976    H   40 0.976    C    2 0.953
     2  C   3.924    C    3 0.953    C    1 0.953    C    4 0.947    C   38 0.947
     3  C   3.978    H   44 0.978    H   43 0.976    H   42 0.976    C    2 0.953
     4  C   3.944    C    5 1.401    C    9 1.333    C    2 0.947    C    7 0.102
     5  C   3.971    C    6 1.432    C    4 1.401    H   45 0.942    C    8 0.105
     6  C   3.969    C    5 1.432    C    7 1.415    H   46 0.945    C    9 0.098
     7  C   3.973    C    8 1.452    C    6 1.415    H   47 0.944    C    4 0.102
     8  C   3.966    C    7 1.452    C    9 1.355    H   48 0.941    C    5 0.105
     9  C   3.931    C    8 1.355    C    4 1.333    N   10 1.029    C    6 0.098
    10  N   3.379    C    9 1.029    C   33 1.027    C   11 0.958
    11  C   3.925    C   32 1.498    C   12 1.267    N   10 0.958    C   14 0.064
    12  C   3.963    C   13 1.553    C   11 1.267    H   49 0.944    C   31 0.063
    13  C   3.966    C   12 1.553    C   14 1.268    H   50 0.940    C   32 0.106
    14  C   3.941    C   13 1.268    N   15 1.242    C   31 1.197    C   11 0.064    C   23 0.054
    15  N   3.104    C   16 1.505    C   14 1.242    N   30 0.110
    16  C   3.927    N   15 1.505    C   23 1.159    C   17 1.015    C   31 0.053
    17  C   3.944    C   18 1.370    N   22 1.358    C   16 1.015    C   20 0.098
    18  C   3.968    C   19 1.433    C   17 1.370    H   51 0.947    C   21 0.100
    19  C   3.969    C   18 1.433    C   20 1.416    H   52 0.945    N   22 0.115
    20  C   3.967    C   21 1.424    C   19 1.416    H   53 0.947    C   17 0.098
    21  C   3.960    N   22 1.436    C   20 1.424    H   54 0.948    C   18 0.100
    22  N   3.088    C   21 1.436    C   17 1.358    C   19 0.115
    23  C   3.929    N   30 1.508    C   16 1.159    C   24 1.014    C   14 0.054
    24  C   3.944    C   25 1.371    N   29 1.358    C   23 1.014    C   27 0.098
    25  C   3.968    C   26 1.433    C   24 1.371    H   55 0.946    C   28 0.100
    26  C   3.969    C   25 1.433    C   27 1.417    H   56 0.945    N   29 0.115
    27  C   3.967    C   28 1.424    C   26 1.417    H   57 0.947    C   24 0.098
    28  C   3.960    N   29 1.437    C   27 1.424    H   58 0.948    C   25 0.100
    29  N   3.088    C   28 1.437    C   24 1.358    C   26 0.115
    30  N   3.104    C   23 1.508    C   31 1.235    N   15 0.110
    31  C   3.940    C   32 1.277    N   30 1.235    C   14 1.197    C   12 0.063    C   16 0.053
    32  C   3.963    C   11 1.498    C   31 1.277    H   59 0.943    C   13 0.106
    33  C   3.930    C   34 1.356    C   38 1.334    N   10 1.027    C   36 0.099
    34  C   3.967    C   35 1.452    C   33 1.356    H   60 0.941    C   37 0.105
    35  C   3.973    C   34 1.452    C   36 1.415    H   61 0.944    C   38 0.103
    36  C   3.970    C   37 1.433    C   35 1.415    H   62 0.945    C   33 0.099
    37  C   3.971    C   36 1.433    C   38 1.401    H   63 0.942    C   34 0.105
    38  C   3.944    C   37 1.401    C   33 1.334    C    2 0.947    C   35 0.103
    39  H   0.997    C    1 0.976
    40  H   0.997    C    1 0.976
    41  H   0.999    C    1 0.978
    42  H   0.997    C    3 0.976
    43  H   0.997    C    3 0.976
    44  H   0.999    C    3 0.978
    45  H   0.997    C    5 0.942
    46  H   0.997    C    6 0.945
    47  H   0.994    C    7 0.944
    48  H   0.997    C    8 0.941
    49  H   0.996    C   12 0.944
    50  H   0.996    C   13 0.940
    51  H   0.998    C   18 0.947
    52  H   0.996    C   19 0.945
    53  H   0.998    C   20 0.947
    54  H   0.996    C   21 0.948
    55  H   0.998    C   25 0.946
    56  H   0.996    C   26 0.945
    57  H   0.998    C   27 0.947
    58  H   0.996    C   28 0.948
    59  H   0.998    C   32 0.943
    60  H   0.997    C   34 0.941
    61  H   0.994    C   35 0.944
    62  H   0.997    C   36 0.945
    63  H   0.997    C   37 0.942
 
 --------------------------------------------
          xTB calculation for sTDA...
 --------------------------------------------
 
 reading parameter file /home/penavora/Exe_xtb_crest/.param_stda2.xtb
 
      method parameters     
 k(s)        :  1.6000
 k(p)        :  2.1800
 k(d)        :  1.9500
 k(f)        :  2.0000
 k(R-V)      :  2.2750
 k(R-R)      :  1.7650
 Tscal       :  0.2580
 Gscal       :  1.0000
 fpol        :  1.0000
 Zcnf        :  0.3430
 Zqf         :  0.0000
 kcn         :  2.7000
 Ryd Hsplit  :  0.7000
 lshift(virt):  3.1000
 lshift(OS)  :  0.2000
 wllscaling  :  2.6000
 
 mowrcut     : 3.000
 
  Z AO/shell   Hii/eV     exponent
  1     Sun Feb 14 09:53:25 CET 2016    EN: 2.327 GAM: 0.473  GM3: 0.0000
     1s    -14.339618    1.220000
     2sp    -3.348946    0.600000
  6     Sun Feb 14 09:53:25 CET 2016    EN: 2.731 GAM: 0.422  GM3: 0.0000
     2s    -22.009312    1.565095
     2p    -13.020408    1.596905
     3sp    -3.914040    0.824500
  7     Sun Feb 14 09:53:25 CET 2016    EN: 3.573 GAM: 0.504  GM3: 0.0000
     2s    -25.722000    2.064844
     2p    -18.684912    1.801692
     3sp    -4.344791    0.921400
 
 Nbf   :          429
 T(el) :     0.0
 calculating S/T integrals ...
 cpu time for ints    7.68097900000000     
 Nao   :          429
 making H0...
 making H1...
 cpu time for H      4.765000000000796E-003
 solving ...
 cpu time for diag   0.458064000000000     
 
 gap (eV)           :   5.559
 Koopmans IP (eV)   :  13.590
 Eel (Eh)           :  -157.462550

          eigenvalues
 #    :          79         80         81         82         83         84         85         86
 occ. :        2.000      2.000      2.000      2.000      2.000      2.000      2.000      2.000
 eps  :       -17.571    -17.338    -16.933    -16.720    -16.690    -16.471    -16.098    -15.998
 #    :          87         88         89         90         91         92         93         94
 occ. :        2.000      2.000      2.000      2.000      2.000      0.000      0.000      0.000
 eps  :       -15.942    -15.792    -15.667    -15.653    -13.591     -8.032     -7.313     -6.177
 #    :          95         96         97         98         99        100        101        102
 occ. :        0.000      0.000      0.000      0.000      0.000      0.000      0.000      0.000
 eps  :        -6.108     -5.964     -5.805     -5.755     -5.646     -5.617     -5.121     -5.107
                            1  SCC done.
 writing mo output ...
 molden style : F
 
speedup 25.03
cpu  time for all   12.65 s
wall time for all    0.51 s
