  92
 Etot=        -146.8283550894
 C         -1.7131722701       -3.9078336129       -3.6310201617
 C         -0.2135689736       -4.0718070377       -3.3501958268
 C          0.4991207870       -2.7196680567       -3.4188361456
 C         -0.0372158185       -4.8688354995       -2.0728494094
 C          0.0111210947       -6.2538709244       -2.2101082638
 C          0.1071140486       -7.0879262232       -1.1149629831
 C          0.1505416494       -6.5502381452        0.1560549638
 C          0.1047257768       -5.1761731915        0.3455504083
 C          0.1586597251       -4.6146124294        1.7485166622
 C         -0.9992058149       -5.1512264833        2.5940586863
 C          1.5134906595       -4.9267936111        2.3901354593
 C          0.0148138187       -4.3519025221       -0.7788212950
 N          0.0019928537       -2.9271254170       -0.5584458570
 C         -1.2334656827       -2.3274616862       -0.3914865141
 O         -2.2575357978       -2.9824689170       -0.4591250208
 C         -1.2217728584       -0.8786666160       -0.1360008891
 C         -2.4133009581       -0.1969896274       -0.0115403289
 C         -2.4197909831        1.1895432734        0.2237844760
 N         -3.6474733050        1.8646258765        0.3391806395
 C         -3.9939495879        2.8866972154       -0.5545190587
 C         -3.1765891733        3.2624624768       -1.6137771657
 C         -3.5558840898        4.2742761194       -2.4826786707
 C         -4.7625101344        4.9237468731       -2.3143185277
 C         -5.6048186804        4.5394369537       -1.2821189566
 C         -5.2322944993        3.5271196304       -0.4157155365
 O         -6.1397306341        3.1807478876        0.5562373548
 C         -5.7893107149        2.1715245743        1.4199938669
 C         -6.7070888224        1.8425395870        2.4011958189
 C         -6.4136206023        0.8573888698        3.3321649198
 C         -5.1891607339        0.2213357038        3.2852236521
 C         -4.2661437070        0.5483884880        2.3035150926
 C         -4.5586971759        1.5066798526        1.3403504954
 C         -1.2264464004        1.8758290336        0.3262814804
 C          0.0062516211        1.2079751997        0.1942212837
 C          1.2401775434        1.8775461988        0.3060528652
 C          2.4325496413        1.1925046635        0.1852142232
 N          3.6619842414        1.8677442195        0.2753859546
 C          4.5998749383        1.4960031252        1.2465720762
 C          4.3197190721        0.5496448634        2.2252344771
 C          5.2693006926        0.2066610495        3.1756317586
 C          6.5083884427        0.8156554820        3.1761094100
 C          6.7905481084        1.7900855151        2.2305540321
 C          5.8465359583        2.1341503201        1.2798167520
 O          6.1882738579        3.1306913921        0.3982673778
 C          5.2551035511        3.4916437837       -0.5435539864
 C          5.6199004685        4.4910575276       -1.4281636259
 C          4.7507805975        4.8896228777       -2.4322894282
 C          3.5239446161        4.2681039669       -2.5534159691
 C          3.1529135177        3.2687135300       -1.6667432338
 C          3.9986200115        2.8783271027       -0.6354249965
 C          2.4232388781       -0.1952778208       -0.0430235068
 C          1.2310282582       -0.8782347726       -0.1483087538
 C          0.0050820339       -0.1925920560       -0.0318407329
 C          1.2410027492       -2.3279721255       -0.3932234065
 O          2.2630147926       -2.9856404433       -0.4545257485
 H         -2.1853133356       -4.8806240384       -3.7476665297
 H         -1.8631282394       -3.3344951813       -4.5431910869
 H         -2.2055839440       -3.3940081244       -2.8086735634
 H          0.2075863074       -4.6899267535       -4.1520335285
 H          1.5076922395       -2.7922847532       -3.0169820427
 H          0.5709764880       -2.4071202040       -4.4589871759
 H         -0.0453680489       -1.9470154526       -2.8803145978
 H         -0.0261071656       -6.6802471445       -3.2020862694
 H          0.1477458604       -8.1582302197       -1.2521829075
 H          0.2247528898       -7.2047450031        1.0101696211
 H          0.0546175864       -3.5245994501        1.7091471688
 H         -0.9201324284       -6.2260120520        2.7302715283
 H         -1.9483390860       -4.9329619155        2.1078427434
 H         -0.9931732419       -4.6786211907        3.5740281159
 H          1.5761093974       -4.4685760074        3.3749710525
 H          1.6535148205       -5.9990683269        2.4968028892
 H          2.3169775365       -4.5341448783        1.7692584428
 H         -3.3415745429       -0.7392152406       -0.1150551543
 H         -2.2389433514        2.7536898035       -1.7716842284
 H         -2.8975680960        4.5463382588       -3.2931431401
 H         -5.0605397557        5.7162218295       -2.9822726523
 H         -6.5642190053        5.0092763199       -1.1332301421
 H         -7.6450894044        2.3746439003        2.4210524862
 H         -7.1367125930        0.6049270031        4.0914375622
 H         -4.9364303611       -0.5326309548        4.0146724635
 H         -3.3077302875        0.0534597804        2.2929533398
 H         -1.2311039202        2.9391139397        0.5138704121
 H          1.2458350136        2.9409444799        0.4927224501
 H          3.3505624710        0.0766607590        2.2510774168
 H          5.0263919811       -0.5386695336        3.9171119567
 H          7.2520654998        0.5503468742        3.9107048024
 H          7.7401968035        2.3012648554        2.2145575777
 H          6.5947316658        4.9388487256       -1.3160396595
 H          5.0428462413        5.6711699068       -3.1156167148
 H          2.8437466532        4.5516325654       -3.3415574175
 H          2.1994130373        2.7805370009       -1.7902710949
 H          3.3498549413       -0.7382394294       -0.1561706210
  92
 Etot=        -146.8285151705
 C         -1.7109674135       -3.9076100756       -3.6266823580
 C         -0.2121879195       -4.0723098507       -3.3483826965
 C          0.4971622156       -2.7192820040       -3.4140760107
 C         -0.0371128336       -4.8687107245       -2.0717801137
 C          0.0104949179       -6.2532479925       -2.2095520464
 C          0.1065954188       -7.0871654579       -1.1144245158
 C          0.1508527037       -6.5491723476        0.1563355806
 C          0.1048813628       -5.1754047274        0.3449536076
 C          0.1580882464       -4.6124296136        1.7466158938
 C         -0.9984332567       -5.1507401063        2.5914441912
 C          1.5114454348       -4.9268876163        2.3880667196
 C          0.0149328946       -4.3509900568       -0.7787026784
 N          0.0020227952       -2.9274639425       -0.5586090206
 C         -1.2343353031       -2.3276990855       -0.3923930960
 O         -2.2604087074       -2.9772934048       -0.4577076028
 C         -1.2210790584       -0.8769891972       -0.1364308451
 C         -2.4116572468       -0.1958042799       -0.0098656574
 C         -2.4187666853        1.1905904054        0.2232382293
 N         -3.6461649987        1.8646583639        0.3385165159
 C         -3.9924374466        2.8865675370       -0.5532616289
 C         -3.1746145034        3.2625605945       -1.6115835769
 C         -3.5541164841        4.2740613228       -2.4807365621
 C         -4.7610192397        4.9226602263       -2.3131015437
 C         -5.6035238382        4.5383926271       -1.2813147027
 C         -5.2312086960        3.5263215988       -0.4150283726
 O         -6.1374381193        3.1800196782        0.5559334301
 C         -5.7875983700        2.1710803446        1.4184664732
 C         -6.7049452442        1.8418904010        2.3996115982
 C         -6.4110686196        0.8567202648        3.3300304439
 C         -5.1870749258        0.2203075736        3.2821348255
 C         -4.2646061569        0.5466832690        2.2996825607
 C         -4.5572708246        1.5060687647        1.3382856925
 C         -1.2262175371        1.8773609481        0.3235932549
 C          0.0064016192        1.2098230373        0.1922560975
 C          1.2402638873        1.8790181612        0.3035500305
 C          2.4317783882        1.1933915523        0.1848220413
 N          3.6609709291        1.8675274345        0.2746613223
 C          4.5987186961        1.4951481462        1.2444059745
 C          4.3183341571        0.5478187791        2.2214064701
 C          5.2672117691        0.2058180626        3.1728126009
 C          6.5058673360        0.8152284953        3.1742918561
 C          6.7884736505        1.7895432123        2.2291261816
 C          5.8449206596        2.1337700615        1.2783933571
 O          6.1858972835        3.1302326413        0.3982348105
 C          5.2538482024        3.4911632439       -0.5424978124
 C          5.6183257044        4.4903264462       -1.4269847117
 C          4.7491297684        4.8887183588       -2.4307896549
 C          3.5225482940        4.2672559404       -2.5519104906
 C          3.1513444622        3.2682661378       -1.6648779157
 C          3.9973362230        2.8779833036       -0.6342553917
 C          2.4218883999       -0.1942659045       -0.0410191292
 C          1.2306056735       -0.8766888656       -0.1483794499
 C          0.0052435276       -0.1904800612       -0.0329147973
 C          1.2420912563       -2.3282458436       -0.3944922513
 O          2.2659505359       -2.9802839298       -0.4568446621
 H         -2.1824800534       -4.8804210423       -3.7436026253
 H         -1.8628695430       -3.3339225625       -4.5385211707
 H         -2.1980557579       -3.3955475718       -2.8016243918
 H          0.2083002927       -4.6891317728       -4.1502742547
 H          1.5042732432       -2.7934735196       -3.0121049349
 H          0.5694089859       -2.4052991656       -4.4541556801
 H         -0.0493283956       -1.9504312552       -2.8747111707
 H         -0.0269973643       -6.6801919040       -3.2013137555
 H          0.1473210756       -8.1574382027       -1.2517809338
 H          0.2253108067       -7.2035328507        1.0103474558
 H          0.0546046417       -3.5243608443        1.7095174248
 H         -0.9192434943       -6.2255187543        2.7265786963
 H         -1.9469878504       -4.9325912741        2.1054961806
 H         -0.9934951750       -4.6807719610        3.5727860424
 H          1.5758217128       -4.4707649107        3.3738537099
 H          1.6507005171       -5.9991780465        2.4937348318
 H          2.3138027026       -4.5347158467        1.7670647915
 H         -3.3397639279       -0.7377538842       -0.1078753054
 H         -2.2368721878        2.7536351857       -1.7684591870
 H         -2.8959156867        4.5455118258       -3.2915945487
 H         -5.0585879979        5.7145248299       -2.9817393444
 H         -6.5627678168        5.0079509161       -1.1329695513
 H         -7.6425632222        2.3739798644        2.4201582574
 H         -7.1334124936        0.6042210071        4.0897996322
 H         -4.9342395180       -0.5337341128        4.0113533869
 H         -3.3065372649        0.0519221785        2.2874201173
 H         -1.2316362842        2.9410080364        0.5087237843
 H          1.2467458492        2.9427780406        0.4878321569
 H          3.3495792315        0.0747022628        2.2452782589
 H          5.0238175762       -0.5390612877        3.9145230680
 H          7.2487710626        0.5500470298        3.9095190104
 H          7.7376884470        2.3008325921        2.2139492498
 H          6.5928217071        4.9380974746       -1.3151805173
 H          5.0406359209        5.6701538845       -3.1142161025
 H          2.8421770660        4.5504135369       -3.3401427739
 H          2.1977773671        2.7798568985       -1.7872016839
 H          3.3484500565       -0.7368104776       -0.1489748974
  92
 Etot=        -146.8285697311
 C         -1.7100747421       -3.9081972098       -3.6206252586
 C         -0.2108778519       -4.0720303544       -3.3461275372
 C          0.4958934614       -2.7177643901       -3.4081587177
 C         -0.0360519737       -4.8686789619       -2.0705777089
 C          0.0104079390       -6.2529306152       -2.2088056934
 C          0.1062892250       -7.0868931299       -1.1136402683
 C          0.1511364329       -6.5487010593        0.1569897177
 C          0.1049223010       -5.1751862826        0.3449080378
 C          0.1575499528       -4.6114439309        1.7457170670
 C         -0.9993473335       -5.1505869912        2.5886497476
 C          1.5106535089       -4.9273589451        2.3859256790
 C          0.0154319813       -4.3501008770       -0.7780596700
 N          0.0022105356       -2.9277870396       -0.5571842508
 C         -1.2346730052       -2.3283445953       -0.3907399863
 O         -2.2630398130       -2.9724908505       -0.4552797862
 C         -1.2200842574       -0.8753306251       -0.1360774032
 C         -2.4100480818       -0.1949111859       -0.0075326313
 C         -2.4175524862        1.1918606973        0.2224467514
 N         -3.6446597710        1.8647344312        0.3373781408
 C         -3.9903304674        2.8869915395       -0.5525273897
 C         -3.1719944405        3.2634018715       -1.6101394922
 C         -3.5515681604        4.2746665635       -2.4794987658
 C         -4.7588749269        4.9222533366       -2.3125288997
 C         -5.6017282798        4.5378767247       -1.2810649723
 C         -5.2296997638        3.5260921714       -0.4145873135
 O         -6.1347431551        3.1794528108        0.5555744495
 C         -5.7856844832        2.1703397450        1.4167737647
 C         -6.7023998182        1.8405610009        2.3981094439
 C         -6.4079885597        0.8547755317        3.3276702768
 C         -5.1845982184        0.2176661050        3.2784271916
 C         -4.2626636657        0.5440758380        2.2955139127
 C         -4.5556179486        1.5049044697        1.3358849625
 C         -1.2257567978        1.8796944183        0.3194675810
 C          0.0066522420        1.2123146910        0.1889412253
 C          1.2403239317        1.8812931586        0.2996033671
 C          2.4310375219        1.1944838128        0.1842435692
 N          3.6599866428        1.8672853458        0.2735313581
 C          4.5975003590        1.4938078352        1.2420746126
 C          4.3167202436        0.5451581161        2.2174403218
 C          5.2648454399        0.2035824185        3.1696773517
 C          6.5029157525        0.8138212894        3.1725607686
 C          6.7861122335        1.7885732772        2.2280502292
 C          5.8432263330        2.1332932805        1.2770393888
 O          6.1832181041        3.1301625937        0.3983930208
 C          5.2523153300        3.4913135517       -0.5415557293
 C          5.6161456494        4.4905006318       -1.4259982951
 C          4.7466770262        4.8887726841       -2.4296068780
 C          3.5202794310        4.2674074972       -2.5507806865
 C          3.1493080905        3.2683984818       -1.6637171389
 C          3.9956436154        2.8781309813       -0.6335273344
 C          2.4208376061       -0.1935818211       -0.0381569161
 C          1.2301591057       -0.8751486938       -0.1477468582
 C          0.0055297766       -0.1879865078       -0.0343975160
 C          1.2430697185       -2.3286143685       -0.3946956897
 O          2.2690238634       -2.9750895930       -0.4594536510
 H         -2.1814820674       -4.8809017250       -3.7381758067
 H         -1.8649615536       -3.3333936324       -4.5312887940
 H         -2.1930076688       -3.3981274171       -2.7929920712
 H          0.2100707124       -4.6868956130       -4.1483529543
 H          1.5021658714       -2.7914404388       -3.0058602267
 H          0.5682772813       -2.4012753807       -4.4476777704
 H         -0.0538191610       -1.9529474614       -2.8682019366
 H         -0.0279204443       -6.6803784992       -3.2002922795
 H          0.1463588941       -8.1571425182       -1.2511140583
 H          0.2259917641       -7.2030060771        1.0108286980
 H          0.0545599802       -3.5246952353        1.7095660785
 H         -0.9199084724       -6.2255420594        2.7220635365
 H         -1.9475773282       -4.9319728490        2.1029023468
 H         -0.9951091792       -4.6831445212        3.5713254529
 H          1.5763546248       -4.4733288286        3.3726823343
 H          1.6485015986       -5.9998916974        2.4903136960
 H          2.3127652542       -4.5355506024        1.7651713504
 H         -3.3383955761       -0.7362685297       -0.1018065277
 H         -2.2340922239        2.7545866272       -1.7658747313
 H         -2.8927697195        4.5463885478       -3.2898139643
 H         -5.0558926098        5.7136591606       -2.9817743200
 H         -6.5610906743        5.0069774833       -1.1334309112
 H         -7.6397082995        2.3727695322        2.4196402491
 H         -7.1293532835        0.6021649876        4.0881712890
 H         -4.9316471676       -0.5370439748        4.0068487482
 H         -3.3048188569        0.0495628037        2.2814612740
 H         -1.2318900778        2.9438207833        0.5017388527
 H          1.2475967557        2.9455121631        0.4811516326
 H          3.3482609202        0.0719714937        2.2392652099
 H          5.0210532606       -0.5416532166        3.9108627895
 H          7.2447888282        0.5488161067        3.9087264461
 H          7.7350082698        2.3000664980        2.2139396104
 H          6.5903894350        4.9384207661       -1.3144612696
 H          5.0376025726        5.6700838146       -3.1132300163
 H          2.8395378536        4.5502107881       -3.3388626247
 H          2.1960794154        2.7792909539       -1.7853037175
 H          3.3477429315       -0.7353949435       -0.1425814236
  92
 Etot=        -146.8285815116
 C         -1.7105679873       -3.9083928598       -3.6164458510
 C         -0.2106614913       -4.0709825853       -3.3443548340
 C          0.4942071388       -2.7154054575       -3.4047888344
 C         -0.0347858381       -4.8687314762       -2.0696092215
 C          0.0110026753       -6.2529352431       -2.2082072092
 C          0.1063934257       -7.0872462856       -1.1131870262
 C          0.1512938681       -6.5492572515        0.1575481176
 C          0.1051028405       -5.1758006893        0.3455590768
 C          0.1573419441       -4.6121647074        1.7464646716
 C         -1.0002636824       -5.1513277389        2.5883985175
 C          1.5104108276       -4.9288378033        2.3864681728
 C          0.0161217623       -4.3500656395       -0.7770206672
 N          0.0025889199       -2.9280163188       -0.5552255389
 C         -1.2340788841       -2.3287930670       -0.3888374785
 O         -2.2632269130       -2.9716451209       -0.4523686808
 C         -1.2194006677       -0.8749711182       -0.1352815036
 C         -2.4094031631       -0.1949182043       -0.0065758059
 C         -2.4168674270        1.1924190716        0.2210925423
 N         -3.6438576209        1.8647340794        0.3360212092
 C         -3.9889307444        2.8878816195       -0.5529773567
 C         -3.1702884293        3.2649076916       -1.6102259790
 C         -3.5496485720        4.2764972986       -2.4792519573
 C         -4.7573281063        4.9233870558       -2.3125353204
 C         -5.6004994044        4.5384452475       -1.2814403608
 C         -5.2286103531        3.5266756111       -0.4148305900
 O         -6.1332594183        3.1794590869        0.5553192341
 C         -5.7845968962        2.1696791732        1.4158053037
 C         -6.7008802879        1.8392086997        2.3973737880
 C         -6.4062761665        0.8524547500        3.3259762119
 C         -5.1832278338        0.2148296830        3.2757385697
 C         -4.2615012025        0.5420618546        2.2929710372
 C         -4.5546941403        1.5038380056        1.3342466204
 C         -1.2253268576        1.8810365023        0.3158195204
 C          0.0069330484        1.2135313659        0.1859794984
 C          1.2404461102        1.8826309790        0.2960683364
 C          2.4309176586        1.1949924222        0.1831667268
 N          3.6597597775        1.8671610638        0.2723707471
 C          4.5970317135        1.4928836644        1.2407996051
 C          4.3160108368        0.5432715846        2.2152848475
 C          5.2638105415        0.2011623935        3.1675769712
 C          6.5014814852        0.8121404506        3.1715439214
 C          6.7848829467        1.7878167745        2.2279195613
 C          5.8424634941        2.1330930642        1.2765829242
 O          6.1818965349        3.1308197717        0.3987787891
 C          5.2513891817        3.4923543751       -0.5412427133
 C          5.6146920473        4.4919054690       -1.4255542728
 C          4.7450352768        4.8902597401       -2.4290909442
 C          3.5188032185        4.2687129935       -2.5506175000
 C          3.1483257241        3.2691350732       -1.6640462750
 C          3.9947260010        2.8789000929       -0.6337975996
 C          2.4208575703       -0.1935666660       -0.0372163487
 C          1.2301661609       -0.8747240145       -0.1472319368
 C          0.0058546069       -0.1870732852       -0.0352359431
 C          1.2433604030       -2.3287261289       -0.3941762849
 O          2.2700873382       -2.9736492513       -0.4601690979
 H         -2.1810195474       -4.8815356646       -3.7344735970
 H         -1.8681002386       -3.3322945897       -4.5258276046
 H         -2.1925991604       -3.4002822541       -2.7870334208
 H          0.2105036457       -4.6842665549       -4.1476680874
 H          1.5003592427       -2.7879688259       -3.0018664705
 H          0.5670388190       -2.3974485980       -4.4438164182
 H         -0.0572030106       -1.9520816190       -2.8643917074
 H         -0.0274854356       -6.6802050714       -3.1997213420
 H          0.1458621903       -8.1574740411       -1.2508697017
 H          0.2259003882       -7.2037571644        1.0112343588
 H          0.0546780869       -3.5252510814        1.7103095450
 H         -0.9218514166       -6.2265892615        2.7202637483
 H         -1.9478567520       -4.9312586939        2.1019330429
 H         -0.9966388073       -4.6849335651        3.5715892798
 H          1.5767597131       -4.4754632986        3.3734907669
 H          1.6480759736       -6.0015532538        2.4896704064
 H          2.3123475201       -4.5366398561        1.7655906695
 H         -3.3381142494       -0.7360082610       -0.0992753920
 H         -2.2324510958        2.7560866750       -1.7658845842
 H         -2.8904352490        4.5485916053       -3.2890873799
 H         -5.0543104095        5.7146485780       -2.9819668053
 H         -6.5601000265        5.0072554386       -1.1341938530
 H         -7.6380516927        2.3716650433        2.4198771254
 H         -7.1272285037        0.5994251086        4.0867205749
 H         -4.9302202169       -0.5408054841        4.0032017363
 H         -3.3036402969        0.0476836922        2.2781779883
 H         -1.2316672155        2.9454409663        0.4964021824
 H          1.2479443991        2.9471398567        0.4758231757
 H          3.3475906654        0.0700525008        2.2362775712
 H          5.0198830806       -0.5449279379        3.9078731903
 H          7.2428730755        0.5469750264        3.9081217012
 H          7.7336247780        2.2996759482        2.2148605765
 H          6.5888257094        4.9401502970       -1.3140406933
 H          5.0356498145        5.6718435402       -3.1125366763
 H          2.8377409569        4.5515199159       -3.3384035964
 H          2.1955393151        2.7793705100       -1.7858986596
 H          3.3481901727       -0.7350392595       -0.1400293497
