  85
 Etot=        -121.0353750455
 C          2.7154734070       -1.1818592212        1.7358720646
 C          4.0119393249       -0.8582240372        1.0023533553
 C          3.9003306648       -1.1904536172       -0.4831907731
 C          5.1987036188       -0.9923624670       -1.2663904900
 C          5.7295271362        0.4432823467       -1.3164996903
 C          4.7799788775        1.4420575736       -2.0067004152
 N          3.9643244701        2.1877461217       -1.0708324510
 C          2.6107815543        1.9085045502       -0.8787432542
 C          1.8278031596        1.2676387204       -1.8376877069
 C          0.4014943202        0.9173483701       -1.6289068157
 C         -0.0832565287        1.0965676902       -0.2190058906
 C         -1.2893286195        0.5263466787        0.1928441629
 C         -2.1152015009       -0.4229811890       -0.5987147925
 C         -3.5805189771       -0.3729141179       -0.2414355840
 C         -4.4518910893        0.6838892436       -0.3653171472
 C         -5.7828670257        0.5243648120        0.0324248022
 C         -6.7301446671        1.6428334526       -0.0829422176
 C         -8.0319160911        1.4326909653       -0.5348108033
 C         -8.9207956733        2.4865078609       -0.6400212545
 C         -8.5271452910        3.7683533132       -0.2918901377
 C         -7.2362696399        3.9893869665        0.1597499049
 C         -6.3444388429        2.9377169482        0.2604101291
 C         -6.2011778683       -0.7046064790        0.5458789424
 C         -5.3272446970       -1.7681908207        0.6787266964
 C         -4.0074194200       -1.6024729993        0.2861146266
 C         -2.8767230638       -2.5094543638        0.3176098471
 C         -2.7622576995       -3.8182836875        0.7632303416
 C         -1.5324174377       -4.4460276119        0.6897817418
 C         -0.4102756852       -3.7899561885        0.1785838404
 C          0.8913772734       -4.4696754998        0.1093773888
 C          1.3439367054       -5.2568879157        1.1668628942
 C          2.5756446855       -5.8821777168        1.1039780548
 C          3.3744291780       -5.7390064798       -0.0189097675
 C          2.9323747030       -4.9647810156       -1.0792367085
 C          1.7042560990       -4.3325200707       -1.0147441256
 C         -0.5302152095       -2.4716627253       -0.2671956365
 C         -1.7539396595       -1.8464351991       -0.2049783634
 C          0.6854737315        1.8444333760        0.6486636992
 C          1.9976891094        2.2905667246        0.3154180507
 O          2.6299037980        3.0440525075        1.2701903305
 C          3.9001214490        3.4690345650        0.9861165031
 C          4.4875346386        4.3312667795        1.8960809911
 C          5.7817569464        4.7910185949        1.6913652017
 C          6.4741645096        4.3792499795        0.5730527487
 C          5.8869458081        3.5133945870       -0.3431720129
 C          4.5911027128        3.0420517986       -0.1616945957
 H          2.8052627956       -0.9512560041        2.7955732968
 H          1.8923471813       -0.5974803735        1.3285494481
 H          2.4708890964       -2.2372263016        1.6316330417
 H          4.8326658068       -1.4305888470        1.4427745874
 H          4.2385698528        0.2017016642        1.1362987110
 H          3.1039942260       -0.5854241266       -0.9215716247
 H          3.6031989171       -2.2384341206       -0.5760079948
 H          5.9735238768       -1.6229410671       -0.8225292980
 H          5.0406211937       -1.3415280665       -2.2904318081
 H          5.9475374890        0.7907704715       -0.3060050489
 H          6.6744797655        0.4276679428       -1.8637005319
 H          4.1292108641        0.8971247565       -2.6850820732
 H          5.3527131932        2.1536810630       -2.6090266167
 H          2.2183035024        1.0485504224       -2.8169598375
 H          0.2345448844       -0.1168862497       -1.9585325449
 H         -0.2284477528        1.5332077174       -2.2948740677
 H         -1.5870492247        0.6602760681        1.2228912793
 H         -1.9735209424       -0.2726340185       -1.6731108874
 H         -4.1195203876        1.6243805562       -0.7807864295
 H         -8.3408537407        0.4383315608       -0.8240675340
 H         -9.9252635465        2.3083610241       -0.9971870629
 H         -9.2230888802        4.5908704561       -0.3714677171
 H         -6.9240717733        4.9863607305        0.4370491207
 H         -5.3440711233        3.1146424354        0.6290265121
 H         -7.2263941683       -0.8160520876        0.8687844778
 H         -5.6687478220       -2.7082168942        1.0869346648
 H         -3.6192897498       -4.3406741560        1.1626673494
 H         -1.4369623909       -5.4703322262        1.0205377205
 H          0.7335724230       -5.3586088833        2.0528865838
 H          2.9158612801       -6.4821605447        1.9361386274
 H          4.3361101634       -6.2288466626       -0.0673714806
 H          3.5487289194       -4.8535120262       -1.9602047786
 H          1.3600764912       -3.7407813435       -1.8507278379
 H          0.3451236840       -1.9507561312       -0.6251377101
 H          0.3440201368        2.0498986999        1.6513109515
 H          3.9173856459        4.6212708003        2.7651099337
 H          6.2333508988        5.4592450975        2.4080125284
 H          7.4828517984        4.7218606630        0.3984898712
 H          6.4615590423        3.2099351620       -1.2014868098
  85
 Etot=        -121.0354675609
 C          2.7136019125       -1.1826486330        1.7300797654
 C          4.0106606565       -0.8572660624        0.9990161026
 C          3.8976135151       -1.1908220625       -0.4856163861
 C          5.1966938532       -0.9910151439       -1.2663706863
 C          5.7273707401        0.4444381369       -1.3150328828
 C          4.7773810342        1.4416899030       -2.0055730476
 N          3.9634199443        2.1859025416       -1.0697428497
 C          2.6110283050        1.9058604599       -0.8776145073
 C          1.8286633602        1.2637607401       -1.8356576388
 C          0.4015027581        0.9142791025       -1.6266123849
 C         -0.0824751643        1.0950821403       -0.2167875079
 C         -1.2894558690        0.5267463306        0.1940905047
 C         -2.1144315593       -0.4215543323       -0.5981769043
 C         -3.5794674152       -0.3717606378       -0.2408873274
 C         -4.4506654447        0.6848808227       -0.3643091456
 C         -5.7816780073        0.5244641207        0.0318584871
 C         -6.7288543137        1.6423722417       -0.0835489710
 C         -8.0305436863        1.4317651417       -0.5343571833
 C         -8.9191565901        2.4853829703       -0.6399353301
 C         -8.5256328653        3.7669021096       -0.2918874548
 C         -7.2349002794        3.9881814635        0.1589961145
 C         -6.3429888739        2.9368914136        0.2592925943
 C         -6.2001006970       -0.7046212197        0.5441179906
 C         -5.3260788528       -1.7678530101        0.6771170526
 C         -4.0063538900       -1.6015447689        0.2854396199
 C         -2.8754581379       -2.5077930100        0.3175354442
 C         -2.7607470325       -3.8162705234        0.7632325257
 C         -1.5306498422       -4.4432366228        0.6907694944
 C         -0.4092252475       -3.7864545347        0.1796396787
 C          0.8922160693       -4.4651583846        0.1112987943
 C          1.3440070916       -5.2531345176        1.1680745408
 C          2.5751767896       -5.8787928696        1.1049287442
 C          3.3742026623       -5.7351041174       -0.0173397593
 C          2.9334175483       -4.9590557131       -1.0764699978
 C          1.7057058306       -4.3265623328       -1.0117977719
 C         -0.5289225899       -2.4686712350       -0.2667546465
 C         -1.7528477116       -1.8445551260       -0.2047014540
 C          0.6866655585        1.8411205225        0.6508181779
 C          1.9992227238        2.2874250440        0.3174578088
 O          2.6297674867        3.0416222023        1.2694256408
 C          3.8988761434        3.4660286684        0.9864846172
 C          4.4865280416        4.3287641983        1.8957885425
 C          5.7805425518        4.7882082256        1.6908435948
 C          6.4731115602        4.3760227883        0.5730861140
 C          5.8862604942        3.5093390263       -0.3424764662
 C          4.5903286240        3.0388943739       -0.1610391327
 H          2.8039870527       -0.9531849567        2.7896527918
 H          1.8920698976       -0.5974732412        1.3230824903
 H          2.4700085477       -2.2380559656        1.6254978742
 H          4.8314050002       -1.4295147354        1.4388700152
 H          4.2350821829        0.2018906417        1.1315557683
 H          3.1033166634       -0.5855045882       -0.9247540002
 H          3.6037405492       -2.2391134240       -0.5793547528
 H          5.9720414877       -1.6204321704       -0.8225152436
 H          5.0412445671       -1.3397936073       -2.2909465297
 H          5.9408679318        0.7914999998       -0.3046677313
 H          6.6734445517        0.4297669326       -1.8607233901
 H          4.1265814919        0.8953270413       -2.6819306395
 H          5.3511589549        2.1521396222       -2.6083139519
 H          2.2184742792        1.0450769926       -2.8154186316
 H          0.2331582699       -0.1204151231       -1.9528528962
 H         -0.2290445396        1.5301091848       -2.2921430681
 H         -1.5879390844        0.6607272778        1.2230283111
 H         -1.9713949452       -0.2705386394       -1.6717008995
 H         -4.1183414874        1.6257000393       -0.7784570318
 H         -8.3391741372        0.4373716300       -0.8231933056
 H         -9.9232968040        2.3071090591       -0.9968405216
 H         -9.2213905291        4.5890851598       -0.3714956658
 H         -6.9228917845        4.9848475839        0.4362675508
 H         -5.3428534274        3.1133914816        0.6282295988
 H         -7.2252307871       -0.8160073042        0.8665165985
 H         -5.6670995413       -2.7079553874        1.0849947420
 H         -3.6175735728       -4.3387380047        1.1623791476
 H         -1.4345426377       -5.4676296210        1.0203658369
 H          0.7325515762       -5.3565402350        2.0526503858
 H          2.9143179047       -6.4807768587        1.9355262957
 H          4.3343801430       -6.2269164441       -0.0671303584
 H          3.5488216115       -4.8494619707       -1.9582057804
 H          1.3607828086       -3.7359743048       -1.8480551621
 H          0.3458209830       -1.9484305669       -0.6257985128
 H          0.3442993043        2.0467199554        1.6522354266
 H          3.9168227651        4.6202601203        2.7638572248
 H          6.2321046841        5.4571675019        2.4062106956
 H          7.4811928900        4.7193516976        0.3977987885
 H          6.4606108143        3.2059336611       -1.2008592874
  85
 Etot=        -121.0355289750
 C          2.7085021268       -1.1844584432        1.7209752658
 C          4.0062299158       -0.8570710301        0.9920657823
 C          3.8956974090       -1.1922062224       -0.4920720004
 C          5.1964107397       -0.9906787866       -1.2692271726
 C          5.7247671691        0.4456282195       -1.3133549085
 C          4.7736525290        1.4412554135       -2.0046929394
 N          3.9614632002        2.1830824426       -1.0683179926
 C          2.6101582176        1.9017965724       -0.8758836396
 C          1.8284245754        1.2576436476       -1.8321512523
 C          0.4008263279        0.9088387623       -1.6220608533
 C         -0.0818450555        1.0926499400       -0.2121911946
 C         -1.2906819967        0.5276319613        0.1972361594
 C         -2.1138873399       -0.4189037536       -0.5974197180
 C         -3.5784671089       -0.3701330623       -0.2408028948
 C         -4.4492590648        0.6864851738       -0.3631568409
 C         -5.7802923094        0.5245244845        0.0312366891
 C         -6.7272495066        1.6417607994       -0.0840443402
 C         -8.0288456923        1.4304318157       -0.5339060251
 C         -8.9172453435        2.4838856485       -0.6398383897
 C         -8.5235405249        3.7652890983       -0.2923378330
 C         -7.2328317220        3.9870165074        0.1577909823
 C         -6.3408837947        2.9360079957        0.2580182828
 C         -6.1989626703       -0.7051130565        0.5414206192
 C         -5.3246709322       -1.7678409480        0.6746975805
 C         -4.0049977144       -1.6002846676        0.2843150344
 C         -2.8736266798       -2.5052795992        0.3173182556
 C         -2.7582951881       -3.8132155228        0.7635949389
 C         -1.5275223647       -4.4386855681        0.6926207748
 C         -0.4070965277       -3.7805119796        0.1816559836
 C          0.8943244922       -4.4575669390        0.1145705050
 C          1.3446587294       -5.2473061107        1.1703206632
 C          2.5751332018       -5.8737070316        1.1067245086
 C          3.3747867854       -5.7287881073       -0.0147493126
 C          2.9357315198       -4.9501072310       -1.0724855864
 C          1.7086344594       -4.3169337331       -1.0074070425
 C         -0.5268454985       -2.4634618468       -0.2660328505
 C         -1.7514413263       -1.8413441946       -0.2045640800
 C          0.6881926611        1.8357776260        0.6556043815
 C          2.0008868326        2.2825978186        0.3212838744
 O          2.6294701658        3.0382401573        1.2690372070
 C          3.8971909325        3.4618488573        0.9875212031
 C          4.4855109069        4.3251383404        1.8959288818
 C          5.7793863605        4.7840497241        1.6902201096
 C          6.4721152439        4.3706653195        0.5732130603
 C          5.8852698752        3.5030174349       -0.3415213264
 C          4.5889090801        3.0344534638       -0.1601303882
 H          2.7978202097       -0.9573708557        2.7810556963
 H          1.8888538004       -0.5985718900        1.3136299008
 H          2.4665364725       -2.2397675880        1.6141997503
 H          4.8272619595       -1.4277498391        1.4325811646
 H          4.2271026205        0.2015992890        1.1231542676
 H          3.1028955996       -0.5878764544       -0.9327401190
 H          3.6052553389       -2.2407167452       -0.5860080079
 H          5.9714992098       -1.6191876322       -0.8241742999
 H          5.0450279870       -1.3380813680       -2.2949776773
 H          5.9319469403        0.7908785506       -0.3021496310
 H          6.6729453140        0.4334628786       -1.8554448492
 H          4.1234152998        0.8926041262       -2.6787448219
 H          5.3470469633        2.1507516953       -2.6089814402
 H          2.2163679157        1.0391575721       -2.8127397182
 H          0.2317299308       -0.1265398384       -1.9440329211
 H         -0.2300768154        1.5237926807       -2.2878391616
 H         -1.5908683082        0.6621128215        1.2248936231
 H         -1.9691220051       -0.2662567751       -1.6698902118
 H         -4.1168487027        1.6280542300       -0.7750368963
 H         -8.3370221005        0.4357921230       -0.8218903697
 H         -9.9212272132        2.3052854808       -0.9961011133
 H         -9.2191888404        4.5871535897       -0.3719059489
 H         -6.9207697468        4.9835302621        0.4344718887
 H         -5.3403795477        3.1121304522        0.6257498671
 H         -7.2243505640       -0.8168792915        0.8620959077
 H         -5.6650049836       -2.7084945109        1.0813990978
 H         -3.6148930195       -4.3360254749        1.1622517948
 H         -1.4297376497       -5.4626854408        1.0221636173
 H          0.7320528253       -5.3519014286        2.0535618415
 H          2.9132653237       -6.4777127346        1.9358175541
 H          4.3340740551       -6.2215057231       -0.0653993907
 H          3.5519109963       -4.8388702801       -1.9533811454
 H          1.3647995995       -3.7236183854       -1.8419944057
 H          0.3475562452       -1.9433779207       -0.6247678356
 H          0.3454504218        2.0403275570        1.6563988686
 H          3.9166491937        4.6182642266        2.7634158307
 H          6.2313579318        5.4536985730        2.4041407849
 H          7.4800952936        4.7133976989        0.3975345663
 H          6.4595717731        3.1982452439       -1.1992735229
  85
 Etot=        -121.0355683333
 C          2.7005448409       -1.1884285459        1.7078933173
 C          3.9998480001       -0.8582937574        0.9825089578
 C          3.8947758433       -1.1959942481       -0.5016602673
 C          5.1980953416       -0.9916188926       -1.2739395497
 C          5.7235957694        0.4459405606       -1.3127460041
 C          4.7702578669        1.4400156331       -2.0043863220
 N          3.9592809252        2.1801967735       -1.0667322933
 C          2.6082649070        1.8978580356       -0.8735545591
 C          1.8269382312        1.2520458257       -1.8278773427
 C          0.3995532372        0.9032692293       -1.6161941230
 C         -0.0819712210        1.0900807868       -0.2062968563
 C         -1.2933235789        0.5289619516        0.2015601801
 C         -2.1145234734       -0.4158301231       -0.5965266657
 C         -3.5787166107       -0.3688469024       -0.2412243083
 C         -4.4491484695        0.6878508402       -0.3624429364
 C         -5.7802173278        0.5243224520        0.0307082840
 C         -6.7267974255        1.6413772592       -0.0843003229
 C         -8.0285248833        1.4296343996       -0.5334036939
 C         -8.9166672479        2.4832053201       -0.6396224816
 C         -8.5222471940        3.7647370597       -0.2932301450
 C         -7.2311822587        3.9868229510        0.1558080255
 C         -6.3394028592        2.9357371356        0.2562492818
 C         -6.1990552237       -0.7063396825        0.5384309731
 C         -5.3244013978       -1.7687116284        0.6717416880
 C         -4.0045303084       -1.5996013826        0.2828338023
 C         -2.8721964140       -2.5030326819        0.3169482584
 C         -2.7555059888       -3.8103493172        0.7645265183
 C         -1.5235962438       -4.4337126475        0.6953248297
 C         -0.4039525271       -3.7737561063        0.1848980831
 C          0.8980796904       -4.4488938373        0.1188408412
 C          1.3468627784       -5.2411830333        1.1733465986
 C          2.5771416323       -5.8677452365        1.1094739748
 C          3.3780240472       -5.7201605512       -0.0108436991
 C          2.9411372450       -4.9375670680       -1.0666854357
 C          1.7142315666       -4.3041730324       -1.0013373393
 C         -0.5246692921       -2.4572636652       -0.2639039630
 C         -1.7504886672       -1.8376993425       -0.2041568025
 C          0.6894385662        1.8302165458        0.6619938439
 C          2.0017337898        2.2779590009        0.3259829261
 O          2.6293697971        3.0357208165        1.2700776822
 C          3.8964565116        3.4585201257        0.9892573509
 C          4.4858867973        4.3218277254        1.8969802068
 C          5.7800401306        4.7795181595        1.6903855212
 C          6.4726716893        4.3641656173        0.5740856615
 C          5.8849937157        3.4962883391       -0.3401339189
 C          4.5878355005        3.0304047668       -0.1588450864
 H          2.7875788161       -0.9637602810        2.7687223941
 H          1.8817233126       -0.6019964607        1.3002085339
 H          2.4597980680       -2.2436336145        1.5982800968
 H          4.8212368238       -1.4258964708        1.4261366628
 H          4.2165775454        0.2010705461        1.1128652043
 H          3.1022749324       -0.5939738953       -0.9456169532
 H          3.6072267567       -2.2450772643       -0.5950939897
 H          5.9723760652       -1.6198029886       -0.8271548195
 H          5.0510203274       -1.3371007339       -2.3009720443
 H          5.9247835872        0.7885115650       -0.2996378825
 H          6.6741639244        0.4383491147       -1.8505050074
 H          4.1201320417        0.8893173012       -2.6766424471
 H          5.3415362808        2.1494144444       -2.6108852907
 H          2.2131353163        1.0327513149       -2.8089646761
 H          0.2310924354       -0.1330012109       -1.9346116565
 H         -0.2318034004        1.5160361513       -2.2831291561
 H         -1.5960080149        0.6644246330        1.2282552739
 H         -1.9682471345       -0.2608843862       -1.6682530478
 H         -4.1166100558        1.6301150681       -0.7725105275
 H         -8.3363595431        0.4347318709       -0.8207394515
 H         -9.9207217290        2.3044753742       -0.9954827248
 H         -9.2177305559        4.5866585004       -0.3730331220
 H         -6.9187211090        4.9834313750        0.4316195618
 H         -5.3386771899        3.1113265847        0.6236030213
 H         -7.2248069528       -0.8187498341        0.8574599911
 H         -5.6640319249       -2.7100884714        1.0772544044
 H         -3.6117738078       -4.3338451352        1.1628867439
 H         -1.4236517579       -5.4570772548        1.0258290192
 H          0.7332455143       -5.3467226554        2.0557266285
 H          2.9143132933       -6.4739676071        1.9372990869
 H          4.3367569352       -6.2137396168       -0.0622571792
 H          3.5583042934       -4.8241845945       -1.9466146831
 H          1.3710579656       -3.7087275186       -1.8346451603
 H          0.3496595782       -1.9365301837       -0.6212733612
 H          0.3473280448        2.0330808327        1.6633192056
 H          3.9178470219        4.6161456097        2.7645927152
 H          6.2326707723        5.4498444969        2.4031639657
 H          7.4810573626        4.7053326516        0.3981597721
 H          6.4591511732        3.1894353794       -1.1971070953
